62.03157424926758 451.7843017578125 0.6559759378433228
64.27644348144531 453.2914733886719 0.5265536904335022
66.69705200195312 454.4963073730469 0.39713144302368164
69.25291442871094 455.378662109375 0.2677091956138611
71.90128326416016 455.9237976074219 0.13828693330287933
74.59785461425781 456.12255859375 0.008864670991897583
77.29753112792969 455.9716491699219 -0.12055759131908417
79.95514678955078 455.47357177734375 -0.24997985363006592
82.52625274658203 454.63665771484375 -0.3794021010398865
84.96784210205078 453.47491455078125 -0.508824348449707
87.23907470703125 452.0077819824219 -0.6382465958595276
89.30196380615234 450.259765625 -0.7676688432693481
91.12200164794922 448.2601318359375 -0.8970910906791687
92.66873931884766 446.0423278808594 -1.0265133380889893
93.91631317138672 443.6434631347656 -1.1559356451034546
94.8438491821289 441.1036376953125 -1.28535795211792
95.43583679199219 438.4653625488281 -1.4147802591323853
95.682373046875 435.7727355957031 -1.5442025661468506
95.57933044433594 433.07080078125 -1.673624873161316
95.1284408569336 430.40478515625 -1.8030471801757812
94.33724212646484 427.8192443847656 -1.9324694871902466
92.92188262939453 424.0780334472656 -1.9324694871902466
91.50652313232422 420.3368225097656 -1.9324694871902466
90.0911636352539 416.5956115722656 -1.9324694871902466
88.6758041381836 412.8544006347656 -1.9324694871902466
87.26044464111328 409.1131896972656 -1.9324694871902466
85.84508514404297 405.3719787597656 -1.9324694871902466
84.42972564697266 401.6307678222656 -1.9324694871902466
83.01436614990234 397.8895568847656 -1.9324694871902466
81.59900665283203 394.1483459472656 -1.9324694871902466
80.18364715576172 390.4071350097656 -1.9324694871902466
78.7682876586914 386.6659240722656 -1.9324694871902466
77.3529281616211 382.9247131347656 -1.9324694871902466
75.93756866455078 379.1835021972656 -1.9324694871902466
74.52220916748047 375.4422912597656 -1.9324694871902466
73.10684967041016 371.7010803222656 -1.9324694871902466
71.69149017333984 367.9598693847656 -1.9324694871902466
70.27613067626953 364.2186584472656 -1.9324694871902466
68.86077117919922 360.4774475097656 -1.9324694871902466
67.4454116821289 356.7362365722656 -1.9324694871902466
66.0300521850586 352.9950256347656 -1.9324694871902466
64.61469268798828 349.2538146972656 -1.9324694871902466
63.19933319091797 345.5126037597656 -1.9324694871902466
61.783973693847656 341.7713928222656 -1.9324694871902466
60.66569519042969 339.3096008300781 -2.061891794204712
58.779327392578125 335.7823486328125 -2.061891794204712
56.89295959472656 332.2550964355469 -2.061891794204712
55.006591796875 328.72784423828125 -2.061891794204712
53.12022399902344 325.2005920410156 -2.061891794204712
51.233856201171875 321.67333984375 -2.061891794204712
49.34748840332031 318.1460876464844 -2.061891794204712
47.46112060546875 314.61883544921875 -2.061891794204712
45.57475280761719 311.0915832519531 -2.061891794204712
43.688385009765625 307.5643310546875 -2.061891794204712
41.80201721191406 304.0370788574219 -2.061891794204712
39.9156494140625 300.50982666015625 -2.061891794204712
38.02928161621094 296.9825744628906 -2.061891794204712
36.142913818359375 293.455322265625 -2.061891794204712
34.25654602050781 289.9280700683594 -2.061891794204712
32.37017822265625 286.40081787109375 -2.061891794204712
30.483810424804688 282.8735656738281 -2.061891794204712
28.597442626953125 279.3463134765625 -2.061891794204712
26.711074829101562 275.8190612792969 -2.061891794204712
24.82470703125 272.29180908203125 -2.061891794204712
22.938339233398438 268.7645568847656 -2.061891794204712
21.051971435546875 265.2373046875 -2.061891794204712
19.165603637695312 261.7100524902344 -2.061891794204712
19.165603637695312 261.7100524902344 -2.061891794204712
19.165603637695312 261.7100524902344 -2.061891794204712
19.165603637695312 261.7100524902344 -2.061891794204712
19.165603637695312 261.7100524902344 -2.061891794204712
19.165603637695312 261.7100524902344 -2.061891794204712
19.165603637695312 261.7100524902344 -2.061891794204712
19.165603637695312 261.7100524902344 -2.061891794204712
19.165603637695312 261.7100524902344 -2.061891794204712
19.165603637695312 261.7100524902344 -2.061891794204712
19.165603637695312 261.7100524902344 -2.061891794204712
