62.01845169067383 451.7692565917969 0.6540012359619141
64.25131225585938 453.2587890625 0.5226043462753296
66.66007995605469 454.44293212890625 0.39120742678642273
69.20323181152344 455.30126953125 0.25981050729751587
71.83692169189453 455.81903076171875 0.128413587808609
74.5157470703125 455.98724365234375 -0.0029833316802978516
77.19351959228516 455.80303955078125 -0.1343802511692047
79.8240737915039 455.26959228515625 -0.2657771706581116
82.362060546875 454.3960876464844 -0.39717409014701843
84.76371765136719 453.19757080078125 -0.5285710096359253
86.9876480102539 451.6947326660156 -0.6599678993225098
88.9955062866211 449.9134826660156 -0.7913647890090942
90.75267791748047 447.884521484375 -0.9227616786956787
92.22886657714844 445.642822265625 -1.0541585683822632
93.39862823486328 443.2270202636719 -1.1855554580688477
94.24179077148438 440.6788024902344 -1.3169523477554321
94.74382019042969 438.0420837402344 -1.4483492374420166
94.89605712890625 435.3623046875 -1.579746127128601
94.69587707519531 432.6856689453125 -1.7111430168151855
94.14673614501953 430.058349609375 -1.84253990650177
93.25810241699219 427.525634765625 -1.9739367961883545
92.0452880859375 425.13116455078125 -2.1053338050842285
90.52921295166016 422.9162292480469 -2.2367308139801025
88.73600769042969 420.9190368652344 -2.3681278228759766
86.69658660888672 419.17401123046875 -2.4995248317718506
83.49314880371094 416.7785949707031 -2.4995248317718506
80.28971099853516 414.3831787109375 -2.4995248317718506
77.08627319335938 411.9877624511719 -2.4995248317718506
73.8828353881836 409.59234619140625 -2.4995248317718506
70.67939758300781 407.1969299316406 -2.4995248317718506
67.47595977783203 404.801513671875 -2.4995248317718506
67.47595977783203 404.801513671875 -2.8995249271392822
64.83349609375 404.33056640625 -3.0309219360351562
62.1521110534668 404.20989990234375 3.120866298675537
59.478031158447266 404.44158935546875 2.989469289779663
59.478031158447266 404.44158935546875 2.5894691944122314
57.29010772705078 405.9963684082031 2.4580721855163574
55.32475280761719 407.8244323730469 2.3266751766204834
53.61585235595703 409.89422607421875 2.1952781677246094
52.19286346435547 412.1700744628906 2.0638811588287354
51.080322265625 414.61273193359375 1.9324842691421509
50.29740524291992 417.18011474609375 1.8010873794555664
49.85761260986328 419.82794189453125 1.669690489768982
49.76852798461914 422.51055908203125 1.5382936000823975
50.03168487548828 425.1817321777344 1.406896710395813
50.642547607421875 427.7953796386719 1.2754998207092285
51.59058380126953 430.3064880371094 1.144102931022644
52.85945129394531 432.6717224121094 1.0127060413360596
54.42727279663086 434.850341796875 0.8813091516494751
56.26701736450195 436.80474853515625 0.7499122619628906
58.34696960449219 438.50128173828125 0.6185153722763062
60.63126754760742 439.9106750488281 0.4871184527873993
63.08053207397461 441.0086364746094 0.35572153329849243
65.65253448486328 441.7762145996094 0.22432461380958557
68.30293273925781 442.2001953125 0.09292769432067871
70.98603820800781 442.2732849121094 -0.03846922516822815
73.65558624267578 441.99420166015625 -0.169866144657135
76.26555633544922 441.3677673339844 -0.30126306414604187
78.77095031738281 440.4047546386719 -0.43265998363494873
81.12857818603516 439.1217956542969 -0.5640568733215332
83.29779052734375 437.541015625 -0.6954537630081177
85.2411880493164 435.68963623046875 -0.8268506526947021
86.9252700805664 433.599609375 -0.9582475423812866
88.32099914550781 431.30694580078125 -1.089644432067871
89.40431213378906 428.8511657714844 -1.2210413217544556
90.15653228759766 426.2746276855469 -1.35243821144104
90.564697265625 423.6217346191406 -1.4838351011276245
90.62176513671875 420.938232421875 -1.615231990814209
90.32675170898438 418.2703857421875 -1.7466288805007935
89.68474578857422 415.6641845703125 -1.878025770187378
88.7068099975586 413.1645812988281 -2.009422779083252
87.4098129272461 410.81463623046875 -2.140819787979126
85.81610870361328 408.6549072265625 -2.272216796875
83.23489379882812 405.5992126464844 -2.272216796875
80.65367889404297 402.54351806640625 -2.272216796875
78.07246398925781 399.4878234863281 -2.272216796875
75.49124908447266 396.43212890625 -2.272216796875
72.9100341796875 393.3764343261719 -2.272216796875
70.32881927490234 390.32073974609375 -2.272216796875
67.74760437011719 387.2650451660156 -2.272216796875
65.16638946533203 384.2093505859375 -2.272216796875
62.585174560546875 381.1536560058594 -2.272216796875
60.00395965576172 378.09796142578125 -2.272216796875
57.42274475097656 375.0422668457031 -2.272216796875
54.841529846191406 371.986572265625 -2.272216796875
52.26031494140625 368.9308776855469 -2.272216796875
49.679100036621094 365.87518310546875 -2.272216796875
47.09788513183594 362.8194885253906 -2.272216796875
47.09788513183594 362.8194885253906 -2.6722168922424316
47.09788513183594 362.8194885253906 -3.0722169876098633
44.41380310058594 362.80963134765625 3.07957124710083
41.75156784057617 363.1515197753906 2.948174238204956
41.75156784057617 363.1515197753906 2.5481741428375244
41.75156784057617 363.1515197753906 2.1481740474700928
40.437320709228516 365.4918518066406 2.0167770385742188
39.4410285949707 367.98419189453125 1.8853801488876343
38.77987289428711 370.5856018066406 1.7539832592010498
38.465248107910156 373.2511901855469 1.6225863695144653
38.50257873535156 375.9350280761719 1.4911894798278809
38.89122009277344 378.5908508300781 1.3597925901412964
39.624473571777344 381.1728515625 1.228395700454712
40.689697265625 383.63653564453125 1.0969988107681274
42.06852722167969 385.93939208984375 0.965601921081543
43.7371940612793 388.041748046875 0.8342050313949585
45.666927337646484 389.9073791503906 0.702808141708374
47.82445526123047 391.50408935546875 0.5714112520217896
50.172584533691406 392.8043518066406 0.4400143325328827
52.67082977294922 393.7857666015625 0.30861741304397583
55.276123046875 394.431396484375 0.17722049355506897
57.943546295166016 394.7301025390625 0.04582357406616211
60.627113342285156 394.6767578125 -0.08557334542274475
64.61248016357422 394.3348693847656 -0.08557334542274475
68.59784698486328 393.99298095703125 -0.08557334542274475
72.58321380615234 393.6510925292969 -0.08557334542274475
75.23666381835938 393.2466125488281 -0.2169702649116516
75.23666381835938 393.2466125488281 -0.6169703006744385
78.49920654296875 390.9323425292969 -0.6169703006744385
81.76174926757812 388.6180725097656 -0.6169703006744385
85.0242919921875 386.3038024902344 -0.6169703006744385
88.28683471679688 383.9895324707031 -0.6169703006744385
91.54937744140625 381.6752624511719 -0.6169703006744385
91.54937744140625 381.6752624511719 -1.0169702768325806
93.65316009521484 378.273193359375 -1.0169702768325806
95.75694274902344 374.8711242675781 -1.0169702768325806
97.86072540283203 371.46905517578125 -1.0169702768325806
97.86072540283203 371.46905517578125 -1.4169702529907227
97.86072540283203 371.46905517578125 -1.8169702291488647
97.86072540283203 371.46905517578125 -2.216970205307007
96.10733032226562 369.43682861328125 -2.348367214202881
94.10279083251953 367.6518249511719 -2.479764223098755
91.88166046142578 366.1448669433594 -2.611161231994629
89.48223114013672 364.94189453125 -2.742558240890503
86.94587707519531 364.06365966796875 -2.873955249786377
84.31632232666016 363.5252990722656 -3.005352258682251
81.63890075683594 363.33612060546875 -3.136749267578125
78.95977020263672 363.4993591308594 3.0150389671325684
76.32511901855469 364.01220703125 2.8836419582366943
73.7803726196289 364.8658142089844 2.7522449493408203
71.3694076538086 366.04547119140625 2.6208479404449463
69.13378143310547 367.5308532714844 2.4894509315490723
67.11204528808594 369.2963562011719 2.3580539226531982
65.33905029296875 371.3115234375 2.226656913757324
63.845359802246094 373.5415954589844 2.09525990486145
62.65673065185547 375.9481506347656 1.9638630151748657
61.79365158081055 378.4897155761719 1.8324661254882812
61.27100372314453 381.1224365234375 1.7010692358016968
61.097801208496094 383.8009338378906 1.5696723461151123
61.27702713012695 386.4790344238281 1.4382754564285278
61.80559158325195 389.1105651855469 1.3068785667419434
62.674381256103516 391.6501770019531 1.1754816770553589
63.8684196472168 394.0540771484375 1.0440847873687744
65.36711883544922 396.2807922363281 0.9126878976821899
67.14463806152344 398.2919616699219 0.7812910079956055
69.17034149169922 400.05291748046875 0.649894118309021
71.4093017578125 401.53326416015625 0.5184972286224365
73.82291412353516 402.70751953125 0.38710030913352966
76.36956787109375 403.555419921875 0.2557033896446228
79.00536346435547 404.0623474121094 0.12430647015571594
81.68485260009766 404.2195739746094 -0.007090449333190918
84.36184692382812 404.0243835449219 -0.13848736882209778
86.99018859863281 403.4801330566406 -0.26988428831100464
89.52456665039062 402.5962219238281 -0.4012812077999115
91.9212875366211 401.38787841796875 -0.5326781272888184
95.3670883178711 399.35650634765625 -0.5326781272888184
98.8128890991211 397.32513427734375 -0.5326781272888184
101.03063201904297 395.81317138671875 -0.6640750169754028
104.18058013916016 393.34783935546875 -0.6640750169754028
106.18110656738281 391.558349609375 -0.7954719066619873
108.98089599609375 388.7015686035156 -0.7954719066619873
111.78068542480469 385.84478759765625 -0.7954719066619873
113.52951049804688 383.8086242675781 -0.9268687963485718
115.93087768554688 380.6096496582031 -0.9268687963485718
117.3978500366211 378.3619079589844 -1.0582656860351562
119.35939025878906 374.8758850097656 -1.0582656860351562
121.32093048095703 371.3898620605469 -1.0582656860351562
122.48075866699219 368.96929931640625 -1.1896625757217407
123.31344604492188 366.4176330566406 -1.3210594654083252
124.30204010009766 362.5417175292969 -1.3210594654083252
125.29063415527344 358.6658020019531 -1.3210594654083252
125.78182983398438 356.02703857421875 -1.4524563550949097
126.25408935546875 352.0550231933594 -1.4524563550949097
126.39531707763672 349.3746337890625 -1.5838532447814941
126.34309387207031 345.3749694824219 -1.5838532447814941
126.2908706665039 341.37530517578125 -1.5838532447814941
126.2386474609375 337.3756408691406 -1.5838532447814941
126.02748107910156 334.6998596191406 -1.7152501344680786
125.45167541503906 330.74151611328125 -1.7152501344680786
124.87586975097656 326.7831726074219 -1.7152501344680786
124.30006408691406 322.8248291015625 -1.7152501344680786
123.72425842285156 318.8664855957031 -1.7152501344680786
123.1643295288086 316.2414245605469 -1.846647024154663
122.07486724853516 312.39263916015625 -1.846647024154663
120.98540496826172 308.5438537597656 -1.846647024154663
119.89594268798828 304.695068359375 -1.846647024154663
118.80648040771484 300.8462829589844 -1.846647024154663
117.7170181274414 296.99749755859375 -1.846647024154663
116.62755584716797 293.1487121582031 -1.846647024154663
115.72852325439453 290.6196594238281 -1.9780439138412476
114.1441879272461 286.9468078613281 -1.9780439138412476
112.55985260009766 283.2739562988281 -1.9780439138412476
110.97551727294922 279.6011047363281 -1.9780439138412476
109.39118194580078 275.9282531738281 -1.9780439138412476
107.80684661865234 272.2554016113281 -1.9780439138412476
106.2225112915039 268.5825500488281 -1.9780439138412476
104.63817596435547 264.9096984863281 -1.9780439138412476
103.05384063720703 261.2368469238281 -1.9780439138412476
101.4695053100586 257.5639953613281 -1.9780439138412476
100.24687194824219 255.17453002929688 -2.109440803527832
98.19497680664062 251.74090576171875 -2.109440803527832
96.14308166503906 248.30728149414062 -2.109440803527832
94.0911865234375 244.8736572265625 -2.109440803527832
92.03929138183594 241.44003295898438 -2.109440803527832
89.98739624023438 238.00640869140625 -2.109440803527832
87.93550109863281 234.57278442382812 -2.109440803527832
85.88360595703125 231.13916015625 -2.109440803527832
84.35844421386719 228.93048095703125 -2.240837812423706
81.8743667602539 225.79530334472656 -2.240837812423706
79.39028930664062 222.66012573242188 -2.240837812423706
76.90621185302734 219.5249481201172 -2.240837812423706
74.42213439941406 216.3897705078125 -2.240837812423706
71.93805694580078 213.2545928955078 -2.240837812423706
69.4539794921875 210.11941528320312 -2.240837812423706
66.96990203857422 206.98423767089844 -2.240837812423706
64.48582458496094 203.84906005859375 -2.240837812423706
62.00175094604492 200.71388244628906 -2.240837812423706
59.517677307128906 197.57870483398438 -2.240837812423706
57.03360366821289 194.4435272216797 -2.240837812423706
54.549530029296875 191.308349609375 -2.240837812423706
52.06545639038086 188.1731719970703 -2.240837812423706
49.581382751464844 185.03799438476562 -2.240837812423706
47.09730911254883 181.90281677246094 -2.240837812423706
44.61323547363281 178.76763916015625 -2.240837812423706
42.80916976928711 176.77394104003906 -2.3717682361602783
39.93703842163086 173.98989868164062 -2.3717682361602783
37.06490707397461 171.2058563232422 -2.3717682361602783
34.19277572631836 168.42181396484375 -2.3717682361602783
31.32064437866211 165.6377716064453 -2.3717682361602783
28.44851303100586 162.85372924804688 -2.3717682361602783
25.57638168334961 160.06968688964844 -2.3717682361602783
22.70425033569336 157.28564453125 -2.3717682361602783
19.83211898803711 154.50160217285156 -2.3717682361602783
16.95998764038086 151.71755981445312 -2.3717682361602783
16.95998764038086 151.71755981445312 -2.3717682361602783
16.95998764038086 151.71755981445312 -2.3717682361602783
16.95998764038086 151.71755981445312 -2.3717682361602783
16.95998764038086 151.71755981445312 -2.3717682361602783
16.95998764038086 151.71755981445312 -2.3717682361602783
16.95998764038086 151.71755981445312 -2.3717682361602783
16.95998764038086 151.71755981445312 -2.3717682361602783
16.95998764038086 151.71755981445312 -2.3717682361602783
16.95998764038086 151.71755981445312 -2.3717682361602783
16.95998764038086 151.71755981445312 -2.3717682361602783
