60.0 450.0
190.10777282714844 580.1077880859375
190.10777282714844 580.1077880859375
190.10777282714844 580.1077880859375
16.818580627441406 282.9935302734375
60.0 450.0
17.573604583740234 407.57354736328125
60.0 450.0
17.573604583740234 407.57354736328125
17.573604583740234 407.57354736328125
60.0 450.0
60.0 450.0
17.573604583740234 407.57354736328125
190.10777282714844 580.1077880859375
190.10777282714844 580.1077880859375
60.0 450.0
190.10777282714844 580.1077880859375
190.10777282714844 580.1077880859375
17.573604583740234 407.57354736328125
190.10777282714844 580.1077880859375
61.90056228637695 449.3058776855469
60.0 450.0
190.10777282714844 580.1077880859375
17.573604583740234 407.57354736328125
190.10777282714844 580.1077880859375
60.0 450.0
17.573604583740234 407.57354736328125
17.573604583740234 407.57354736328125
190.10777282714844 580.1077880859375
60.0 450.0
18.7618408203125 465.34320068359375
17.573604583740234 407.57354736328125
305.6578674316406 397.62689208984375
190.10777282714844 580.1077880859375
190.10777282714844 580.1077880859375
17.573604583740234 407.57354736328125
190.10777282714844 580.1077880859375
17.573604583740234 407.57354736328125
60.0 450.0
17.573604583740234 407.57354736328125
60.0 450.0
60.0 450.0
60.0 450.0
190.10777282714844 580.1077880859375
60.0 450.0
104.08775329589844 493.9999694824219
60.0 450.0
190.10777282714844 580.1077880859375
60.0 450.0
18.913328170776367 453.0628356933594
60.0 450.0
60.0 450.0
60.0 450.0
60.0 450.0
17.573604583740234 407.57354736328125
17.062053680419922 359.68780517578125
17.573604583740234 407.57354736328125
60.0 450.0
190.10777282714844 580.1077880859375
190.10777282714844 580.1077880859375
17.573604583740234 407.57354736328125
17.573604583740234 407.57354736328125
60.0 450.0
190.10777282714844 580.1077880859375
60.0 450.0
190.10777282714844 580.1077880859375
18.15802764892578 412.7808837890625
17.573604583740234 407.57354736328125
60.0 450.0
19.660667419433594 573.4501342773438
60.0 450.0
190.10777282714844 580.1077880859375
61.927425384521484 318.01409912109375
60.0 450.0
60.0 450.0
17.573604583740234 407.57354736328125
60.0 450.0
60.0 450.0
17.573604583740234 407.57354736328125
143.81439208984375 577.8722534179688
17.573604583740234 407.57354736328125
190.10777282714844 580.1077880859375
17.573604583740234 407.57354736328125
60.0 450.0
60.0 450.0
60.0 450.0
190.10777282714844 580.1077880859375
60.0 450.0
190.10777282714844 580.1077880859375
210.78904724121094 575.0501708984375
17.573604583740234 407.57354736328125
190.10777282714844 580.1077880859375
60.0 450.0
17.573604583740234 407.57354736328125
60.0 450.0
60.0 450.0
60.0 450.0
17.573604583740234 407.57354736328125
190.10777282714844 580.1077880859375
190.10777282714844 580.1077880859375
64.01903533935547 445.2567138671875
104.08775329589844 493.9999694824219
60.0 450.0
17.573604583740234 407.57354736328125
60.0 450.0
60.0 450.0
17.573604583740234 407.57354736328125
17.573604583740234 407.57354736328125
17.573604583740234 407.57354736328125
17.573604583740234 407.57354736328125
17.573604583740234 407.57354736328125
60.0 450.0
60.0 450.0
17.573604583740234 407.57354736328125
17.573604583740234 407.57354736328125
17.573604583740234 407.57354736328125
60.0 450.0
51.26262283325195 577.6639404296875
17.573604583740234 407.57354736328125
143.81439208984375 577.8722534179688
73.74016571044922 478.89990234375
60.0 450.0
17.573604583740234 407.57354736328125
190.10777282714844 580.1077880859375
60.0 450.0
106.76943969726562 357.6376953125
17.573604583740234 407.57354736328125
190.10777282714844 580.1077880859375
190.10777282714844 580.1077880859375
190.10777282714844 580.1077880859375
96.53536987304688 494.1437683105469
60.0 450.0
17.573604583740234 407.57354736328125
190.10777282714844 580.1077880859375
17.573604583740234 407.57354736328125
190.10777282714844 580.1077880859375
60.0 450.0
17.573604583740234 407.57354736328125
17.573604583740234 407.57354736328125
20.038375854492188 448.248291015625
17.627119064331055 446.82958984375
17.573604583740234 407.57354736328125
17.573604583740234 407.57354736328125
60.0 450.0
17.573604583740234 407.57354736328125
190.10777282714844 580.1077880859375
60.0 450.0
190.10777282714844 580.1077880859375
60.0 450.0
190.10777282714844 580.1077880859375
60.0 450.0
17.573604583740234 407.57354736328125
60.0 450.0
98.16015625 499.72222900390625
190.10777282714844 580.1077880859375
60.0 450.0
60.0 450.0
190.10777282714844 580.1077880859375
305.6578674316406 397.62689208984375
297.84954833984375 392.24737548828125
60.0 450.0
60.0 450.0
17.603981018066406 445.66192626953125
17.573604583740234 407.57354736328125
60.0 450.0
190.10777282714844 580.1077880859375
305.6578674316406 397.62689208984375
16.818580627441406 282.9935302734375
60.0 450.0
190.10777282714844 580.1077880859375
190.10777282714844 580.1077880859375
190.10777282714844 580.1077880859375
17.573604583740234 407.57354736328125
60.0 450.0
60.0 450.0
58.715049743652344 537.9906005859375
60.0 450.0
17.573604583740234 407.57354736328125
190.10777282714844 580.1077880859375
17.573604583740234 407.57354736328125
190.10777282714844 580.1077880859375
60.0 450.0
190.10777282714844 580.1077880859375
17.573604583740234 407.57354736328125
60.0 450.0
190.10777282714844 580.1077880859375
190.10777282714844 580.1077880859375
66.77676391601562 453.94329833984375
60.0 450.0
16.818580627441406 282.9935302734375
17.573604583740234 407.57354736328125
190.10777282714844 580.1077880859375
92.9078140258789 471.5929870605469
17.573604583740234 407.57354736328125
190.10777282714844 580.1077880859375
60.0 450.0
60.0 450.0
190.10777282714844 580.1077880859375
17.573604583740234 407.57354736328125
141.3235321044922 580.0193481445312
17.573604583740234 407.57354736328125
17.573604583740234 407.57354736328125
60.0 450.0
60.0 450.0
60.0 450.0
17.573604583740234 407.57354736328125
60.0 450.0
190.10777282714844 580.1077880859375
60.0 450.0
98.36820220947266 493.96630859375
17.573604583740234 407.57354736328125
190.10777282714844 580.1077880859375
60.0 450.0
60.0 450.0
17.573604583740234 407.57354736328125
60.0 450.0
67.14766693115234 577.4932861328125
81.99107360839844 403.900146484375
17.573604583740234 407.57354736328125
17.062053680419922 359.68780517578125
190.10777282714844 580.1077880859375
60.0 450.0
60.0 450.0
60.0 450.0
60.0 450.0
190.10777282714844 580.1077880859375
60.0 450.0
60.0 450.0
17.573604583740234 407.57354736328125
18.7618408203125 465.34320068359375
17.573604583740234 407.57354736328125
17.573604583740234 407.57354736328125
47.97737503051758 424.71258544921875
17.573604583740234 407.57354736328125
60.0 450.0
60.0 450.0
60.0 450.0
17.573604583740234 407.57354736328125
60.0 450.0
81.98484802246094 357.2709655761719
17.573604583740234 407.57354736328125
190.10777282714844 580.1077880859375
17.573604583740234 407.57354736328125
17.573604583740234 407.57354736328125
60.0 450.0
190.10777282714844 580.1077880859375
60.0 450.0
60.0 450.0
17.573604583740234 407.57354736328125
60.0 450.0
17.573604583740234 407.57354736328125
60.0 450.0
60.0 450.0
60.0 450.0
17.573604583740234 407.57354736328125
61.927425384521484 318.01409912109375
60.0 450.0
60.0 450.0
190.10777282714844 580.1077880859375
60.0 450.0
60.0 450.0
190.10777282714844 580.1077880859375
17.573604583740234 407.57354736328125
17.573604583740234 407.57354736328125
60.0 450.0
60.0 450.0
60.0 450.0
88.45690155029297 479.9266357421875
60.0 450.0
60.0 450.0
190.10777282714844 580.1077880859375
60.0 450.0
60.0 450.0
17.573604583740234 407.57354736328125
17.573604583740234 407.57354736328125
190.10777282714844 580.1077880859375
60.0 450.0
17.573604583740234 407.57354736328125
60.0 450.0
17.573604583740234 407.57354736328125
60.0 450.0
190.10777282714844 580.1077880859375
60.0 450.0
60.0 450.0
17.573604583740234 407.57354736328125
60.0 450.0
17.573604583740234 407.57354736328125
190.10777282714844 580.1077880859375
19.660667419433594 573.4501342773438
60.74298858642578 448.767333984375
60.0 450.0
210.78904724121094 575.0501708984375
60.0 450.0
190.10777282714844 580.1077880859375
60.0 450.0
190.10777282714844 580.1077880859375
16.605636596679688 433.9658203125
61.927425384521484 318.01409912109375
190.10777282714844 580.1077880859375
60.0 450.0
190.10777282714844 580.1077880859375
98.16015625 499.72222900390625
60.0 450.0
190.10777282714844 580.1077880859375
17.573604583740234 407.57354736328125
60.0 450.0
60.0 450.0
60.0 450.0
17.573604583740234 407.57354736328125
190.10777282714844 580.1077880859375
17.573604583740234 407.57354736328125
16.71001434326172 435.6907958984375
17.573604583740234 407.57354736328125
190.10777282714844 580.1077880859375
17.573604583740234 407.57354736328125
17.573604583740234 407.57354736328125
99.66732788085938 493.9366455078125
190.10777282714844 580.1077880859375
60.0 450.0
190.10777282714844 580.1077880859375
53.8691520690918 310.13458251953125
305.6578674316406 397.62689208984375
17.573604583740234 407.57354736328125
17.573604583740234 407.57354736328125
60.0 450.0
60.0 450.0
305.6578674316406 397.62689208984375
110.27688598632812 578.0740356445312
190.10777282714844 580.1077880859375
17.573604583740234 407.57354736328125
100.99905395507812 493.5127258300781
60.0 450.0
17.573604583740234 407.57354736328125
54.02257537841797 444.6829833984375
143.81439208984375 577.8722534179688
190.10777282714844 580.1077880859375
20.038375854492188 448.248291015625
95.41445922851562 579.5701293945312
25.082290649414062 482.935546875
17.573604583740234 407.57354736328125
60.0 450.0
100.41273498535156 495.1021423339844
60.0 450.0
60.0 450.0
297.84954833984375 392.24737548828125
190.10777282714844 580.1077880859375
190.10777282714844 580.1077880859375
60.0 450.0
17.573604583740234 407.57354736328125
88.45690155029297 479.9266357421875
17.573604583740234 407.57354736328125
143.81439208984375 577.8722534179688
18.7618408203125 465.34320068359375
17.627119064331055 446.82958984375
18.7618408203125 465.34320068359375
190.10777282714844 580.1077880859375
60.0 450.0
190.10777282714844 580.1077880859375
20.038375854492188 448.248291015625
17.573604583740234 407.57354736328125
60.0 450.0
64.71363067626953 498.7192077636719
320.05718994140625 408.9775085449219
16.818580627441406 282.9935302734375
297.84954833984375 392.24737548828125
109.8705062866211 358.3881530761719
17.573604583740234 407.57354736328125
60.0 450.0
60.0 450.0
58.715049743652344 537.9906005859375
20.038375854492188 448.248291015625
18.913328170776367 453.0628356933594
17.573604583740234 407.57354736328125
60.0 450.0
60.0 450.0
144.2103729248047 578.8482055664062
190.10777282714844 580.1077880859375
17.573604583740234 407.57354736328125
17.263690948486328 566.1456298828125
305.6578674316406 397.62689208984375
60.0 450.0
60.0 450.0
60.0 450.0
60.0 450.0
60.0 450.0
60.0 450.0
17.573604583740234 407.57354736328125
60.0 450.0
305.6578674316406 397.62689208984375
312.71673583984375 402.447021484375
18.22542953491211 564.4994506835938
60.0 450.0
60.0 450.0
106.76891326904297 357.6380615234375
60.0 450.0
17.573604583740234 407.57354736328125
72.56407928466797 336.3816833496094
60.0 450.0
17.573604583740234 407.57354736328125
141.3235321044922 580.0193481445312
17.573604583740234 407.57354736328125
210.78904724121094 575.0501708984375
60.0 450.0
190.10777282714844 580.1077880859375
17.573604583740234 407.57354736328125
60.0 450.0
18.15802764892578 412.7808837890625
18.913328170776367 453.0628356933594
60.0 450.0
18.15802764892578 412.7808837890625
60.0 450.0
60.0 450.0
60.0 450.0
18.7618408203125 465.34320068359375
190.10777282714844 580.1077880859375
17.573604583740234 407.57354736328125
19.390472412109375 418.0467529296875
60.0 450.0
190.10777282714844 580.1077880859375
17.573604583740234 407.57354736328125
190.10777282714844 580.1077880859375
60.0 450.0
17.573604583740234 407.57354736328125
17.573604583740234 407.57354736328125
60.0 450.0
190.10777282714844 580.1077880859375
60.0 450.0
60.0 450.0
190.10777282714844 580.1077880859375
190.10777282714844 580.1077880859375
81.99107360839844 403.900146484375
17.573604583740234 407.57354736328125
190.10777282714844 580.1077880859375
190.10777282714844 580.1077880859375
60.0 450.0
60.0 450.0
190.10777282714844 580.1077880859375
60.0 450.0
65.60530853271484 577.876953125
17.573604583740234 407.57354736328125
190.10777282714844 580.1077880859375
60.0 450.0
60.0 450.0
60.0 450.0
17.573604583740234 407.57354736328125
17.573604583740234 407.57354736328125
60.0 450.0
78.60945892333984 470.92095947265625
17.573604583740234 407.57354736328125
190.10777282714844 580.1077880859375
17.573604583740234 407.57354736328125
17.573604583740234 407.57354736328125
305.6578674316406 397.62689208984375
17.573604583740234 407.57354736328125
17.573604583740234 407.57354736328125
190.10777282714844 580.1077880859375
17.573604583740234 407.57354736328125
305.6578674316406 397.62689208984375
62.895835876464844 450.08868408203125
106.76974487304688 357.63763427734375
60.0 450.0
17.573604583740234 407.57354736328125
16.818580627441406 282.9935302734375
17.573604583740234 407.57354736328125
18.7618408203125 465.34320068359375
60.0 450.0
16.78317642211914 435.4118347167969
17.573604583740234 407.57354736328125
17.573604583740234 407.57354736328125
190.10777282714844 580.1077880859375
58.715049743652344 537.9906005859375
190.10777282714844 580.1077880859375
101.60322570800781 358.6952819824219
60.0 450.0
190.10777282714844 580.1077880859375
20.038375854492188 448.248291015625
60.0 450.0
99.54965209960938 495.43951416015625
60.0 450.0
81.99107360839844 403.900146484375
81.15196990966797 429.63885498046875
16.650054931640625 429.3896484375
190.10777282714844 580.1077880859375
305.6578674316406 397.62689208984375
18.581798553466797 575.68603515625
60.0 450.0
190.10777282714844 580.1077880859375
100.19297790527344 492.95196533203125
60.0 450.0
60.0 450.0
190.10777282714844 580.1077880859375
60.0 450.0
190.10777282714844 580.1077880859375
92.9078140258789 471.5929870605469
19.660667419433594 573.4501342773438
60.0 450.0
17.573604583740234 407.57354736328125
60.0 450.0
60.0 450.0
17.062053680419922 359.68780517578125
101.60322570800781 358.6952819824219
53.8691520690918 310.13458251953125
18.913328170776367 453.0628356933594
190.10777282714844 580.1077880859375
20.038375854492188 448.248291015625
95.41445922851562 579.5701293945312
190.10777282714844 580.1077880859375
60.0 450.0
141.3235321044922 580.0193481445312
18.16220474243164 579.1154174804688
18.913328170776367 453.0628356933594
60.0 450.0
18.913328170776367 453.0628356933594
108.62510681152344 577.3811645507812
17.573604583740234 407.57354736328125
16.818580627441406 282.9935302734375
18.913328170776367 453.0628356933594
294.1019592285156 391.9485168457031
16.818580627441406 282.9935302734375
305.6578674316406 397.62689208984375
16.818580627441406 282.9935302734375
60.0 450.0
18.7618408203125 465.34320068359375
17.36113166809082 573.9573974609375
18.7618408203125 465.34320068359375
17.627119064331055 446.82958984375
99.69059753417969 494.1758728027344
61.927425384521484 318.01409912109375
17.627119064331055 446.82958984375
98.16015625 499.72222900390625
144.2103729248047 578.8482055664062
143.81439208984375 577.8722534179688
16.818580627441406 282.9935302734375
190.10777282714844 580.1077880859375
297.84954833984375 392.24737548828125
97.14730072021484 503.27642822265625
100.02172088623047 497.15301513671875
78.60945892333984 470.92095947265625
60.0 450.0
312.71673583984375 402.447021484375
60.0 450.0
17.572105407714844 444.35693359375
16.818580627441406 282.9935302734375
60.0 450.0
60.0 450.0
18.7618408203125 465.34320068359375
98.16015625 499.72222900390625
18.15802764892578 412.7808837890625
18.913328170776367 453.0628356933594
305.6578674316406 397.62689208984375
190.10777282714844 580.1077880859375
18.22542953491211 564.4994506835938
60.0 450.0
60.0 450.0
16.818580627441406 282.9935302734375
102.32827758789062 359.04229736328125
51.26262283325195 577.6639404296875
18.7618408203125 465.34320068359375
17.573604583740234 407.57354736328125
20.038375854492188 448.248291015625
38.695098876953125 455.6733703613281
305.6578674316406 397.62689208984375
297.84954833984375 392.24737548828125
60.0 450.0
60.0 450.0
60.0 450.0
17.573604583740234 407.57354736328125
19.660667419433594 573.4501342773438
16.818580627441406 282.9935302734375
144.2103729248047 578.8482055664062
205.6183319091797 577.9954223632812
101.60322570800781 358.6952819824219
17.573604583740234 407.57354736328125
190.10777282714844 580.1077880859375
62.895835876464844 450.08868408203125
17.10537338256836 574.2029418945312
143.81439208984375 577.8722534179688
253.19671630859375 365.11126708984375
190.10777282714844 580.1077880859375
110.27688598632812 578.0740356445312
190.10777282714844 580.1077880859375
20.389263153076172 562.1895751953125
17.573604583740234 407.57354736328125
59.941593170166016 453.99957275390625
98.17881774902344 494.7444152832031
141.3235321044922 580.0193481445312
17.573604583740234 407.57354736328125
305.6578674316406 397.62689208984375
17.627119064331055 446.82958984375
18.7618408203125 465.34320068359375
190.10777282714844 580.1077880859375
74.42203521728516 387.28265380859375
51.26262283325195 577.6639404296875
135.60826110839844 578.362060546875
92.9078140258789 471.5929870605469
20.038375854492188 448.248291015625
19.765825271606445 549.0681762695312
60.0 450.0
60.0 450.0
20.149497985839844 450.6506042480469
305.6578674316406 397.62689208984375
141.3235321044922 580.0193481445312
305.6578674316406 397.62689208984375
60.0 450.0
144.2103729248047 578.8482055664062
307.69903564453125 397.51824951171875
17.573604583740234 407.57354736328125
60.0 450.0
60.0 450.0
58.715049743652344 537.9906005859375
141.3235321044922 580.0193481445312
65.60530853271484 577.876953125
60.0 450.0
17.573604583740234 407.57354736328125
72.56407928466797 336.3816833496094
190.10777282714844 580.1077880859375
60.0 450.0
17.627119064331055 446.82958984375
190.10777282714844 580.1077880859375
60.0 450.0
60.0 450.0
16.818580627441406 282.9935302734375
159.0609588623047 578.1624755859375
20.038375854492188 448.248291015625
305.6578674316406 397.62689208984375
98.92572021484375 500.1828918457031
20.038375854492188 448.248291015625
18.15802764892578 412.7808837890625
305.6578674316406 397.62689208984375
65.37159729003906 481.0575256347656
97.6472396850586 496.699951171875
60.0 450.0
18.177093505859375 416.2057189941406
141.3235321044922 580.0193481445312
190.10777282714844 580.1077880859375
17.132360458374023 579.2978515625
60.0 450.0
58.715049743652344 537.9906005859375
81.99107360839844 403.900146484375
18.7618408203125 465.34320068359375
143.81439208984375 577.8722534179688
305.6123962402344 394.5118103027344
305.6578674316406 397.62689208984375
79.5634536743164 469.6497802734375
60.0 450.0
190.10777282714844 580.1077880859375
92.53076934814453 479.1398620605469
190.10777282714844 580.1077880859375
100.99905395507812 493.5127258300781
98.16015625 499.72222900390625
83.0879898071289 452.1106262207031
16.818580627441406 282.9935302734375
19.919170379638672 457.0191650390625
190.10777282714844 580.1077880859375
18.15802764892578 412.7808837890625
296.3035888671875 476.26385498046875
190.10777282714844 580.1077880859375
92.9078140258789 471.5929870605469
65.60530853271484 577.876953125
18.913328170776367 453.0628356933594
19.725242614746094 467.71685791015625
20.038375854492188 448.248291015625
150.50975036621094 540.509765625
157.1278076171875 450.8808898925781
110.27688598632812 578.0740356445312
144.2103729248047 578.8482055664062
60.0 450.0
20.038375854492188 448.248291015625
18.7618408203125 465.34320068359375
18.7618408203125 465.34320068359375
94.20618438720703 477.112548828125
18.22542953491211 564.4994506835938
60.0 450.0
194.69252014160156 580.2868041992188
60.0 450.0
88.45690155029297 479.9266357421875
58.715049743652344 537.9906005859375
190.10777282714844 580.1077880859375
190.10777282714844 580.1077880859375
75.02413940429688 471.008544921875
210.78904724121094 575.0501708984375
297.84954833984375 392.24737548828125
18.7618408203125 465.34320068359375
18.15802764892578 412.7808837890625
16.818580627441406 282.9935302734375
60.0 450.0
18.16220474243164 579.1154174804688
20.038375854492188 448.248291015625
18.7618408203125 465.34320068359375
18.913328170776367 453.0628356933594
106.76974487304688 357.63763427734375
60.0 450.0
143.81439208984375 577.8722534179688
18.7618408203125 465.34320068359375
95.79623413085938 490.005615234375
16.650054931640625 429.3896484375
305.6578674316406 397.62689208984375
143.81439208984375 577.8722534179688
17.573604583740234 407.57354736328125
305.6578674316406 397.62689208984375
307.6784973144531 397.51092529296875
60.0 450.0
81.99107360839844 403.900146484375
338.1549377441406 418.3068542480469
141.3235321044922 580.0193481445312
190.10777282714844 580.1077880859375
135.60826110839844 578.362060546875
60.0 450.0
141.3235321044922 580.0193481445312
16.818580627441406 282.9935302734375
305.6578674316406 397.62689208984375
190.10777282714844 580.1077880859375
305.6578674316406 397.62689208984375
297.84954833984375 392.24737548828125
297.84954833984375 392.24737548828125
305.6578674316406 397.62689208984375
95.41445922851562 579.5701293945312
305.6578674316406 397.62689208984375
102.28549194335938 359.034912109375
51.26262283325195 577.6639404296875
320.05718994140625 408.9775085449219
305.6578674316406 397.62689208984375
297.84954833984375 392.24737548828125
190.10777282714844 580.1077880859375
144.2103729248047 578.8482055664062
141.3235321044922 580.0193481445312
141.3235321044922 580.0193481445312
305.6578674316406 397.62689208984375
114.6570053100586 500.0055236816406
305.6578674316406 397.62689208984375
297.84954833984375 392.24737548828125
190.10777282714844 580.1077880859375
190.10777282714844 580.1077880859375
60.0 450.0
307.68780517578125 397.5137939453125
190.10777282714844 580.1077880859375
91.07027435302734 490.92926025390625
143.81439208984375 577.8722534179688
144.2103729248047 578.8482055664062
17.573604583740234 407.57354736328125
143.81439208984375 577.8722534179688
305.6578674316406 397.62689208984375
144.2103729248047 578.8482055664062
16.818580627441406 282.9935302734375
58.715049743652344 537.9906005859375
297.84954833984375 392.24737548828125
16.818580627441406 282.9935302734375
302.5364685058594 396.360595703125
16.818580627441406 282.9935302734375
143.81439208984375 577.8722534179688
60.0 450.0
106.76856994628906 357.6380615234375
190.10777282714844 580.1077880859375
60.0 450.0
144.2103729248047 578.8482055664062
21.224796295166016 579.725341796875
190.10777282714844 580.1077880859375
143.81439208984375 577.8722534179688
305.6578674316406 397.62689208984375
143.81439208984375 577.8722534179688
20.375335693359375 578.0867919921875
60.0 450.0
143.81439208984375 577.8722534179688
60.0 450.0
305.6578674316406 397.62689208984375
294.1103515625 391.95819091796875
60.0 450.0
288.9922790527344 386.391357421875
305.6578674316406 397.62689208984375
81.99107360839844 403.900146484375
312.71673583984375 402.447021484375
143.81439208984375 577.8722534179688
305.6578674316406 397.62689208984375
305.6123962402344 394.5118103027344
17.75514793395996 152.91336059570312
17.519248962402344 298.9781494140625
81.99107360839844 403.900146484375
305.6578674316406 397.62689208984375
305.6578674316406 397.62689208984375
42.89406967163086 554.6040649414062
143.81439208984375 577.8722534179688
109.8705062866211 358.3881530761719
190.10777282714844 580.1077880859375
60.0 450.0
101.15530395507812 359.20965576171875
58.715049743652344 537.9906005859375
297.84954833984375 392.24737548828125
154.5401153564453 408.78369140625
305.6578674316406 397.62689208984375
16.818580627441406 282.9935302734375
305.6578674316406 397.62689208984375
38.732025146484375 426.09033203125
305.6578674316406 397.62689208984375
19.660667419433594 573.4501342773438
58.715049743652344 537.9906005859375
18.15802764892578 412.7808837890625
70.81806945800781 460.9269714355469
305.6578674316406 397.62689208984375
60.0 450.0
101.60322570800781 358.6952819824219
143.81439208984375 577.8722534179688
83.49501037597656 467.1890563964844
190.10777282714844 580.1077880859375
141.3235321044922 580.0193481445312
60.0 450.0
19.660667419433594 573.4501342773438
110.27688598632812 578.0740356445312
305.6578674316406 397.62689208984375
60.0 450.0
16.818580627441406 282.9935302734375
143.81439208984375 577.8722534179688
183.06777954101562 579.3286743164062
143.81439208984375 577.8722534179688
144.2103729248047 578.8482055664062
18.620014190673828 544.66259765625
305.6123962402344 394.5118103027344
19.262672424316406 488.4248046875
193.9878387451172 369.66986083984375
72.62248992919922 332.3821105957031
81.98484802246094 357.2709655761719
305.6578674316406 397.62689208984375
305.6578674316406 397.62689208984375
60.0 450.0
190.10777282714844 580.1077880859375
190.10777282714844 580.1077880859375
51.26262283325195 577.6639404296875
60.0 450.0
60.0 450.0
141.3235321044922 580.0193481445312
17.573604583740234 407.57354736328125
60.0 450.0
16.818580627441406 282.9935302734375
190.10777282714844 580.1077880859375
60.0 450.0
141.3235321044922 580.0193481445312
60.0 450.0
16.818580627441406 282.9935302734375
144.2103729248047 578.8482055664062
144.2103729248047 578.8482055664062
190.10777282714844 580.1077880859375
143.81439208984375 577.8722534179688
16.818580627441406 282.9935302734375
305.6578674316406 397.62689208984375
16.818580627441406 282.9935302734375
293.1929626464844 393.6272277832031
305.6578674316406 397.62689208984375
144.2103729248047 578.8482055664062
118.70932006835938 489.5321960449219
16.818580627441406 282.9935302734375
128.5682830810547 577.5829467773438
16.818580627441406 282.9935302734375
305.6578674316406 397.62689208984375
19.660667419433594 573.4501342773438
307.69903564453125 397.51824951171875
67.14766693115234 577.4932861328125
60.0 450.0
190.10777282714844 580.1077880859375
305.6578674316406 397.62689208984375
305.6578674316406 397.62689208984375
141.3235321044922 580.0193481445312
16.818580627441406 282.9935302734375
17.062053680419922 359.68780517578125
190.10777282714844 580.1077880859375
60.0 450.0
305.6123962402344 394.5118103027344
305.6578674316406 397.62689208984375
106.76943969726562 357.6376953125
305.6578674316406 397.62689208984375
16.818580627441406 282.9935302734375
17.251174926757812 325.1419677734375
81.99107360839844 403.900146484375
19.366615295410156 574.9585571289062
17.573604583740234 407.57354736328125
302.5364685058594 396.360595703125
16.818580627441406 282.9935302734375
19.660667419433594 573.4501342773438
63.748924255371094 448.60516357421875
124.11943817138672 579.0470581054688
81.98484802246094 357.2709655761719
60.0 450.0
305.6578674316406 397.62689208984375
138.49510192871094 577.19091796875
284.3942565917969 383.35406494140625
109.8705062866211 358.3881530761719
297.84954833984375 392.24737548828125
60.0 450.0
141.3235321044922 580.0193481445312
16.818580627441406 282.9935302734375
16.818580627441406 282.9935302734375
18.690706253051758 577.4039916992188
143.81439208984375 577.8722534179688
190.10777282714844 580.1077880859375
16.818580627441406 282.9935302734375
141.3235321044922 580.0193481445312
144.2103729248047 578.8482055664062
143.81439208984375 577.8722534179688
58.715049743652344 537.9906005859375
118.38603210449219 350.48828125
88.07791137695312 354.5058288574219
19.660667419433594 573.4501342773438
305.6578674316406 397.62689208984375
108.2092056274414 579.3019409179688
305.6578674316406 397.62689208984375
16.818580627441406 282.9935302734375
305.6578674316406 397.62689208984375
305.6578674316406 397.62689208984375
305.6578674316406 397.62689208984375
190.10777282714844 580.1077880859375
305.6578674316406 397.62689208984375
305.6578674316406 397.62689208984375
183.06777954101562 579.3286743164062
305.6578674316406 397.62689208984375
324.634765625 408.66473388671875
133.52969360351562 456.690673828125
305.6578674316406 397.62689208984375
190.10777282714844 580.1077880859375
312.14739990234375 398.8440246582031
305.6123962402344 394.5118103027344
307.4715576171875 397.44195556640625
16.818580627441406 282.9935302734375
16.818580627441406 282.9935302734375
300.00103759765625 391.969970703125
16.818580627441406 282.9935302734375
305.6578674316406 397.62689208984375
312.71673583984375 402.447021484375
190.10777282714844 580.1077880859375
305.6578674316406 397.62689208984375
187.2793426513672 577.2793579101562
16.818580627441406 282.9935302734375
190.10777282714844 580.1077880859375
16.818580627441406 282.9935302734375
338.1549377441406 418.3068542480469
302.5364685058594 396.360595703125
305.6578674316406 397.62689208984375
305.6578674316406 397.62689208984375
16.818580627441406 282.9935302734375
305.6578674316406 397.62689208984375
300.2498779296875 395.115478515625
16.818580627441406 282.9935302734375
190.10777282714844 580.1077880859375
17.206356048583984 400.62518310546875
305.6578674316406 397.62689208984375
16.818580627441406 282.9935302734375
305.6578674316406 397.62689208984375
190.10777282714844 580.1077880859375
16.818580627441406 282.9935302734375
305.6578674316406 397.62689208984375
16.818580627441406 282.9935302734375
16.818580627441406 282.9935302734375
305.6578674316406 397.62689208984375
190.10777282714844 580.1077880859375
305.6578674316406 397.62689208984375
305.6578674316406 397.62689208984375
305.6578674316406 397.62689208984375
16.818580627441406 282.9935302734375
17.573604583740234 407.57354736328125
16.818580627441406 282.9935302734375
16.818580627441406 282.9935302734375
301.91839599609375 395.734130859375
312.71673583984375 402.447021484375
17.694416046142578 302.97430419921875
17.573604583740234 407.57354736328125
16.818580627441406 282.9935302734375
305.6578674316406 397.62689208984375
305.6578674316406 397.62689208984375
305.6578674316406 397.62689208984375
17.573604583740234 407.57354736328125
190.10777282714844 580.1077880859375
305.6578674316406 397.62689208984375
302.5364685058594 396.360595703125
16.818580627441406 282.9935302734375
305.6578674316406 397.62689208984375
305.6578674316406 397.62689208984375
190.10777282714844 580.1077880859375
305.6578674316406 397.62689208984375
307.69903564453125 397.51824951171875
305.6578674316406 397.62689208984375
312.71673583984375 402.447021484375
305.6578674316406 397.62689208984375
305.0343933105469 394.7662658691406
305.6123962402344 394.5118103027344
305.6578674316406 397.62689208984375
48.4804573059082 388.52362060546875
190.10777282714844 580.1077880859375
16.818580627441406 282.9935302734375
16.818580627441406 282.9935302734375
254.4037322998047 523.8238525390625
47.1402473449707 357.7694091796875
305.6578674316406 397.62689208984375
305.6578674316406 397.62689208984375
305.6578674316406 397.62689208984375
305.6123962402344 394.5118103027344
16.818580627441406 282.9935302734375
305.6578674316406 397.62689208984375
46.73666763305664 379.05523681640625
16.818580627441406 282.9935302734375
60.0 450.0
16.818580627441406 282.9935302734375
305.6578674316406 397.62689208984375
305.6578674316406 397.62689208984375
16.818580627441406 282.9935302734375
305.6578674316406 397.62689208984375
307.34576416015625 397.3997802734375
305.6578674316406 397.62689208984375
305.6578674316406 397.62689208984375
305.6123962402344 394.5118103027344
305.6578674316406 397.62689208984375
16.818580627441406 282.9935302734375
305.6578674316406 397.62689208984375
190.10777282714844 580.1077880859375
16.818580627441406 282.9935302734375
305.6578674316406 397.62689208984375
190.10777282714844 580.1077880859375
16.818580627441406 282.9935302734375
16.818580627441406 282.9935302734375
305.6578674316406 397.62689208984375
16.55032730102539 550.640625
305.6578674316406 397.62689208984375
16.818580627441406 282.9935302734375
302.5364685058594 396.360595703125
305.6578674316406 397.62689208984375
190.10777282714844 580.1077880859375
302.5364685058594 396.360595703125
305.6578674316406 397.62689208984375
190.10777282714844 580.1077880859375
305.6578674316406 397.62689208984375
60.0 450.0
190.10777282714844 580.1077880859375
16.818580627441406 282.9935302734375
17.519248962402344 298.9781494140625
305.6123962402344 394.5118103027344
305.6578674316406 397.62689208984375
302.5364685058594 396.360595703125
305.6578674316406 397.62689208984375
18.15802764892578 412.7808837890625
305.6578674316406 397.62689208984375
338.1549377441406 418.3068542480469
305.6578674316406 397.62689208984375
16.818580627441406 282.9935302734375
302.5364685058594 396.360595703125
305.6578674316406 397.62689208984375
190.10777282714844 580.1077880859375
293.1929626464844 393.6272277832031
305.6578674316406 397.62689208984375
307.6775817871094 397.510986328125
305.6578674316406 397.62689208984375
305.6578674316406 397.62689208984375
305.6578674316406 397.62689208984375
311.3147277832031 403.2838134765625
156.34169006347656 448.5086975097656
16.818580627441406 282.9935302734375
305.6578674316406 397.62689208984375
16.818580627441406 282.9935302734375
305.6578674316406 397.62689208984375
302.5364685058594 396.360595703125
16.818580627441406 282.9935302734375
16.818580627441406 282.9935302734375
16.818580627441406 282.9935302734375
305.6578674316406 397.62689208984375
312.14739990234375 398.8440246582031
305.6578674316406 397.62689208984375
312.18572998046875 401.46722412109375
305.6578674316406 397.62689208984375
190.10777282714844 580.1077880859375
305.6578674316406 397.62689208984375
156.73788452148438 444.0404968261719
16.818580627441406 282.9935302734375
305.6578674316406 397.62689208984375
338.1549377441406 418.3068542480469
305.6578674316406 397.62689208984375
305.6578674316406 397.62689208984375
16.643413543701172 278.99737548828125
302.5364685058594 396.360595703125
16.818580627441406 282.9935302734375
18.245393753051758 368.8592529296875
305.6578674316406 397.62689208984375
16.818580627441406 282.9935302734375
293.1570739746094 390.72216796875
18.15802764892578 412.7808837890625
16.818580627441406 282.9935302734375
60.0 450.0
16.818580627441406 282.9935302734375
312.71673583984375 402.447021484375
305.6578674316406 397.62689208984375
316.2978515625 406.6610412597656
301.91839599609375 395.734130859375
305.6578674316406 397.62689208984375
305.6578674316406 397.62689208984375
305.6578674316406 397.62689208984375
305.6578674316406 397.62689208984375
125.68155670166016 578.7540893554688
305.6578674316406 397.62689208984375
302.5364685058594 396.360595703125
305.6578674316406 397.62689208984375
301.91839599609375 395.734130859375
17.519248962402344 298.9781494140625
60.0 450.0
16.818580627441406 282.9935302734375
16.643413543701172 278.99737548828125
305.6578674316406 397.62689208984375
190.10777282714844 580.1077880859375
16.818580627441406 282.9935302734375
16.818580627441406 282.9935302734375
16.818580627441406 282.9935302734375
16.643413543701172 278.99737548828125
16.818580627441406 282.9935302734375
16.53868865966797 272.2560729980469
17.519248962402344 298.9781494140625
