## Generation 0 
-390.0
-536.1344456175963
-536.1344456175963
-536.1344456175963
-227.135971441864
-390.0
-350.1533519112904
-390.0
-350.1533519112904
-350.1533519112904
-390.0
-390.0
-350.1533519112904
-536.1344456175963
-536.1344456175963
-390.0
-536.1344456175963
-536.1344456175963
-350.1533519112904
-536.1344456175963
-389.31051685963786
-390.0
-536.1344456175963
-350.1533519112904
-536.1344456175963
-390.0
-350.1533519112904
-350.1533519112904
-536.1344456175963
-390.0
-407.43551160024015
-350.1533519112904
-417.54006525519026
-536.1344456175963
-536.1344456175963
-350.1533519112904
-536.1344456175963
-350.1533519112904
-390.0
-350.1533519112904
-390.0
-390.0
-390.0
-536.1344456175963
-390.0
-436.23354238460746
-390.0
-536.1344456175963
-390.0
-395.204386875079
-390.0
-390.0
-390.0
-390.0
-350.1533519112904
-302.748159045138
-350.1533519112904
-390.0
-536.1344456175963
-536.1344456175963
-350.1533519112904
-350.1533519112904
-390.0
-536.1344456175963
-390.0
-536.1344456175963
-355.2535750942136
-350.1533519112904
-390.0
-515.032331162295
-390.0
-536.1344456175963
-258.021298178818
-390.0
-390.0
-350.1533519112904
-390.0
-390.0
-350.1533519112904
-524.6108302175955
-350.1533519112904
-536.1344456175963
-350.1533519112904
-390.0
-390.0
-390.0
-536.1344456175963
-390.0
-536.1344456175963
-536.669372435601
-350.1533519112904
-536.1344456175963
-390.0
-350.1533519112904
-390.0
-390.0
-390.0
-350.1533519112904
-536.1344456175963
-536.1344456175963
## Generation 1 
-385.2776767797519
-436.23354238460746
-390.0
-350.1533519112904
-390.0
-390.0
-350.1533519112904
-350.1533519112904
-350.1533519112904
-350.1533519112904
-350.1533519112904
-390.0
-390.0
-350.1533519112904
-350.1533519112904
-350.1533519112904
-390.0
-517.7376719738917
-350.1533519112904
-524.6108302175955
-419.1251845658453
-390.0
-350.1533519112904
-536.1344456175963
-390.0
-301.2898573807833
-350.1533519112904
-536.1344456175963
-536.1344456175963
-536.1344456175963
-435.678373131651
-390.0
-350.1533519112904
-536.1344456175963
-350.1533519112904
-536.1344456175963
-390.0
-350.1533519112904
-350.1533519112904
-390.29945795619585
-389.14340880640935
-350.1533519112904
-350.1533519112904
-390.0
-350.1533519112904
-536.1344456175963
-390.0
-536.1344456175963
-390.0
-536.1344456175963
-390.0
-350.1533519112904
-390.0
-441.3749383519506
-536.1344456175963
-390.0
-390.0
-536.1344456175963
-417.54006525519026
-408.6082796081335
-390.0
-390.0
-387.98523657407617
-350.1533519112904
-390.0
-536.1344456175963
-417.54006525519026
-227.135971441864
-390.0
-536.1344456175963
-536.1344456175963
-536.1344456175963
-350.1533519112904
-390.0
-390.0
-477.9923277058603
-390.0
-350.1533519112904
-536.1344456175963
-350.1533519112904
-536.1344456175963
-390.0
-536.1344456175963
-350.1533519112904
-390.0
-536.1344456175963
-536.1344456175963
-394.00158227607227
-390.0
-227.135971441864
-350.1533519112904
-536.1344456175963
-412.9064194480213
-350.1533519112904
-536.1344456175963
-390.0
-390.0
-536.1344456175963
-350.1533519112904
-526.3398515394912
-350.1533519112904
-350.1533519112904
-390.0
-390.0
-390.0
-350.1533519112904
-390.0
-536.1344456175963
-390.0
-435.65912814409484
-350.1533519112904
-536.1344456175963
-390.0
-390.0
-350.1533519112904
-390.0
-517.5426459095866
-344.6025508762589
-350.1533519112904
-302.748159045138
-536.1344456175963
-390.0
-390.0
-390.0
-390.0
-536.1344456175963
-390.0
-390.0
-350.1533519112904
-407.43551160024015
-350.1533519112904
-350.1533519112904
-364.910692493671
-350.1533519112904
-390.0
-390.0
-390.0
-350.1533519112904
-390.0
-298.0828081543118
-350.1533519112904
-536.1344456175963
-350.1533519112904
-350.1533519112904
-390.0
-536.1344456175963
-390.0
-390.0
-350.1533519112904
-390.0
-350.1533519112904
-390.0
-390.0
-390.0
-350.1533519112904
-258.021298178818
-390.0
-390.0
-536.1344456175963
-390.0
-390.0
-536.1344456175963
-350.1533519112904
-350.1533519112904
-390.0
-390.0
-390.0
-420.88974168016364
-390.0
-390.0
-536.1344456175963
-390.0
-390.0
-350.1533519112904
-350.1533519112904
-536.1344456175963
-390.0
-350.1533519112904
-390.0
-350.1533519112904
-390.0
-536.1344456175963
-390.0
-390.0
-350.1533519112904
-390.0
-350.1533519112904
-536.1344456175963
-515.032331162295
-388.7680439611236
-390.0
-536.669372435601
-390.0
-536.1344456175963
-390.0
-536.1344456175963
-376.47510613210596
-258.021298178818
-536.1344456175963
-390.0
## Generation 2 
-536.1344456175963
-441.3749383519506
-390.0
-536.1344456175963
-350.1533519112904
-390.0
-390.0
-390.0
-350.1533519112904
-536.1344456175963
-350.1533519112904
-378.17667429517917
-350.1533519112904
-536.1344456175963
-350.1533519112904
-350.1533519112904
-435.745922775854
-536.1344456175963
-390.0
-536.1344456175963
-250.2097053844477
-417.54006525519026
-350.1533519112904
-350.1533519112904
-390.0
-390.0
-417.54006525519026
-520.5078978012662
-536.1344456175963
-350.1533519112904
-435.44713328007555
-390.0
-350.1533519112904
-384.72942091998794
-524.6108302175955
-536.1344456175963
-390.29945795619585
-520.7756746253593
-424.3745082315234
-350.1533519112904
-390.0
-436.97490020894685
-390.0
-390.0
-408.6082796081335
-536.1344456175963
-536.1344456175963
-390.0
-350.1533519112904
-420.88974168016364
-350.1533519112904
-524.6108302175955
-407.43551160024015
-389.14340880640935
-407.43551160024015
-536.1344456175963
-390.0
-536.1344456175963
-390.29945795619585
-350.1533519112904
-390.0
-438.7445288262136
-435.2183859976985
-227.135971441864
-408.6082796081335
-302.5269530033529
-350.1533519112904
-390.0
-390.0
-477.9923277058603
-390.29945795619585
-395.204386875079
-350.1533519112904
-390.0
-390.0
-525.637562706105
-536.1344456175963
-350.1533519112904
-507.94664164734417
-417.54006525519026
-390.0
-390.0
-390.0
-390.0
-390.0
-390.0
-350.1533519112904
-390.0
-417.54006525519026
-425.60041247285625
-506.226046818603
-390.0
-390.0
-301.29013743532465
-390.0
-350.1533519112904
-276.6671122114719
-390.0
-350.1533519112904
-526.3398515394912
-350.1533519112904
-536.669372435601
-390.0
-536.1344456175963
-350.1533519112904
-390.0
-355.2535750942136
-395.204386875079
-390.0
-355.2535750942136
-390.0
-390.0
-390.0
-407.43551160024015
-536.1344456175963
-350.1533519112904
-360.3423525127241
-390.0
-536.1344456175963
-350.1533519112904
-536.1344456175963
-390.0
-350.1533519112904
-350.1533519112904
-390.0
-536.1344456175963
-390.0
-390.0
-536.1344456175963
-536.1344456175963
-344.6025508762589
-350.1533519112904
-536.1344456175963
-536.1344456175963
-390.0
-390.0
-536.1344456175963
-390.0
-517.9072871294441
-350.1533519112904
-536.1344456175963
-390.0
-390.0
-390.0
-350.1533519112904
-350.1533519112904
-390.0
-411.3421287630868
-350.1533519112904
-536.1344456175963
-350.1533519112904
-350.1533519112904
-417.54006525519026
-350.1533519112904
-350.1533519112904
-536.1344456175963
-350.1533519112904
-417.54006525519026
-390.0994325992723
-301.2898444582952
-390.0
-350.1533519112904
-227.135971441864
-350.1533519112904
-407.43551160024015
-390.0
-377.89117413032193
-350.1533519112904
-350.1533519112904
-536.1344456175963
-477.9923277058603
-536.1344456175963
-301.5786793987101
-390.0
-536.1344456175963
-390.29945795619585
-390.0
-437.2319126884874
-390.0
-344.6025508762589
-370.2435535459483
-371.92462960956163
-536.1344456175963
-417.54006525519026
-517.3466480670758
-390.0
-536.1344456175963
-434.81361496365565
-390.0
-390.0
-536.1344456175963
-390.0
-536.1344456175963
-412.9064194480213
-515.032331162295
-390.0
-350.1533519112904
-390.0
-390.0
-302.748159045138
## Generation 3 
-301.5786793987101
-250.2097053844477
-395.204386875079
-536.1344456175963
-390.29945795619585
-520.7756746253593
-536.1344456175963
-390.0
-526.3398515394912
-520.7986345776413
-395.204386875079
-390.0
-395.204386875079
-519.6611111525998
-350.1533519112904
-227.135971441864
-395.204386875079
-406.19397478383604
-227.135971441864
-417.54006525519026
-227.135971441864
-390.0
-407.43551160024015
-515.7230647328525
-407.43551160024015
-389.14340880640935
-435.9862750782832
-258.021298178818
-389.14340880640935
-441.3749383519506
-525.637562706105
-524.6108302175955
-227.135971441864
-536.1344456175963
-408.6082796081335
-444.83020779690065
-438.981203226083
-411.3421287630868
-390.0
-425.60041247285625
-390.0
-386.69158077352085
-227.135971441864
-390.0
-390.0
-407.43551160024015
-441.3749383519506
-355.2535750942136
-395.204386875079
-417.54006525519026
-536.1344456175963
-506.226046818603
-390.0
-390.0
-227.135971441864
-302.0231426494775
-517.7376719738917
-407.43551160024015
-350.1533519112904
-390.29945795619585
-396.2465328869838
-417.54006525519026
-408.6082796081335
-390.0
-390.0
-390.0
-350.1533519112904
-515.032331162295
-227.135971441864
-525.637562706105
-538.0743035839253
-301.5786793987101
-350.1533519112904
-536.1344456175963
-390.0994325992723
-515.98896736814
-524.6108302175955
-361.13412535731544
-536.1344456175963
-520.5078978012662
-536.1344456175963
-503.7493224892761
-350.1533519112904
-393.99957708304515
-436.4176081972946
-526.3398515394912
-350.1533519112904
-417.54006525519026
-389.14340880640935
-407.43551160024015
-536.1344456175963
-327.60026035368844
-517.7376719738917
-523.8471484719926
-412.9064194480213
-390.29945795619585
-490.72035810192364
-390.0
-390.0
-392.67793051067275
-417.54006525519026
-526.3398515394912
-417.54006525519026
-390.0
-525.637562706105
-418.6566385627793
-350.1533519112904
-390.0
-390.0
-477.9923277058603
-526.3398515394912
-517.9072871294441
-390.0
-350.1533519112904
-276.6671122114719
-536.1344456175963
-390.0
-389.14340880640935
-536.1344456175963
-390.0
-390.0
-227.135971441864
-527.546609008215
-390.29945795619585
-417.54006525519026
-441.90065622025304
-390.29945795619585
-355.2535750942136
-417.54006525519026
-421.0917880357175
-438.31970296739144
-390.0
-358.65257527550295
-526.3398515394912
-536.1344456175963
-521.064192933365
-390.0
-477.9923277058603
-344.6025508762589
-407.43551160024015
-524.6108302175955
-414.9983137542639
-417.54006525519026
-410.1166555966031
-390.0
-536.1344456175963
-420.40037455087554
-536.1344456175963
-435.44713328007555
-441.3749383519506
-392.78976370130374
-227.135971441864
-399.0372041694493
-536.1344456175963
-355.2535750942136
-478.65956908298983
-536.1344456175963
-412.9064194480213
-517.9072871294441
-395.204386875079
-409.7012232183004
-390.29945795619585
-488.9597629379602
-402.7675273600581
-520.5078978012662
-525.637562706105
-390.0
-390.29945795619585
-407.43551160024015
-407.43551160024015
-418.5127733298311
-506.226046818603
-390.0
-537.438771960055
-390.0
-420.88974168016364
-477.9923277058603
-536.1344456175963
-536.1344456175963
-411.2830518798905
-536.669372435601
-408.6082796081335
-407.43551160024015
-355.2535750942136
-227.135971441864
-390.0
-520.7986345776413
-390.29945795619585
-407.43551160024015
-395.204386875079
-301.2898444582952
-390.0
-524.6108302175955
-407.43551160024015
-431.49298894772863
-371.92462960956163
-417.54006525519026
-524.6108302175955
-350.1533519112904
-417.54006525519026
## Generation 4 
-418.63858245993225
-390.0
-344.6025508762589
-453.6011146288971
-526.3398515394912
-536.1344456175963
-523.8471484719926
-390.0
-526.3398515394912
-227.135971441864
-417.54006525519026
-536.1344456175963
-417.54006525519026
-408.6082796081335
-408.6082796081335
-417.54006525519026
-520.7756746253593
-417.54006525519026
-302.0098367423709
-517.7376719738917
-435.2183859976985
-417.54006525519026
-408.6082796081335
-536.1344456175963
-525.637562706105
-526.3398515394912
-526.3398515394912
-417.54006525519026
-443.38724508021045
-417.54006525519026
-408.6082796081335
-536.1344456175963
-536.1344456175963
-390.0
-418.6464020341685
-536.1344456175963
-432.0479016166509
-524.6108302175955
-525.637562706105
-350.1533519112904
-524.6108302175955
-417.54006525519026
-525.637562706105
-227.135971441864
-477.9923277058603
-408.6082796081335
-227.135971441864
-414.6834803763647
-227.135971441864
-524.6108302175955
-390.0
-301.29008414192873
-536.1344456175963
-390.0
-525.637562706105
-521.1697874284636
-536.1344456175963
-524.6108302175955
-417.54006525519026
-524.6108302175955
-519.5998826579641
-390.0
-524.6108302175955
-390.0
-417.54006525519026
-406.2067173573671
-390.0
-398.7088938880841
-417.54006525519026
-344.6025508762589
-425.60041247285625
-524.6108302175955
-417.54006525519026
-414.9983137542639
-102.06625349873858
-242.72447364468283
-344.6025508762589
-417.54006525519026
-417.54006525519026
-494.8997816820713
-524.6108302175955
-302.5269530033529
-536.1344456175963
-390.0
-302.02678216456417
-477.9923277058603
-408.6082796081335
-361.3694740879205
-417.54006525519026
-227.135971441864
-417.54006525519026
-366.70759190548625
-417.54006525519026
-515.032331162295
-477.9923277058603
-355.2535750942136
-401.0728949346716
-417.54006525519026
-390.0
-301.5786793987101
-524.6108302175955
-407.8663300171106
-536.1344456175963
-526.3398515394912
-390.0
-515.032331162295
-520.5078978012662
-417.54006525519026
-390.0
-227.135971441864
-524.6108302175955
-533.7114860375332
-524.6108302175955
-525.637562706105
-486.42588006034805
-414.9983137542639
-430.35722734669054
-337.41393516592603
-272.67442385486504
-298.0828081543118
-417.54006525519026
-417.54006525519026
-390.0
-536.1344456175963
-536.1344456175963
-517.7376719738917
-390.0
-390.0
-526.3398515394912
-350.1533519112904
-390.0
-227.135971441864
-536.1344456175963
-390.0
-526.3398515394912
-390.0
-227.135971441864
-525.637562706105
-525.637562706105
-536.1344456175963
-524.6108302175955
-227.135971441864
-417.54006525519026
-227.135971441864
-407.0455563522957
-417.54006525519026
-525.637562706105
-433.5258835433731
-227.135971441864
-522.1050816065692
-227.135971441864
-417.54006525519026
-515.032331162295
-418.6566385627793
-517.5426459095866
-390.0
-536.1344456175963
-417.54006525519026
-417.54006525519026
-526.3398515394912
-227.135971441864
-302.748159045138
-536.1344456175963
-390.0
-414.9983137542639
-417.54006525519026
-301.2898573807833
-417.54006525519026
-227.135971441864
-268.5660535509155
-344.6025508762589
-516.559181036245
-350.1533519112904
-414.6834803763647
-227.135971441864
-515.032331162295
-388.62324633199415
-522.9924960067364
-298.0828081543118
-390.0
-417.54006525519026
-523.1136842562589
-393.5868820292622
-302.5269530033529
-408.6082796081335
-390.0
-526.3398515394912
-227.135971441864
-227.135971441864
-519.0504295115811
-524.6108302175955
-536.1344456175963
-227.135971441864
-526.3398515394912
-525.637562706105
-524.6108302175955
-477.9923277058603
-296.2977730062882
-295.8412620617501
-515.032331162295
## Generation 5 
-417.54006525519026
-521.5348821971531
-417.54006525519026
-227.135971441864
-417.54006525519026
-417.54006525519026
-417.54006525519026
-536.1344456175963
-417.54006525519026
-417.54006525519026
-533.7114860375332
-417.54006525519026
-437.7198371489406
-403.44777424548863
-417.54006525519026
-536.1344456175963
-422.36664679408744
-414.9983137542639
-418.46056589116904
-227.135971441864
-227.135971441864
-409.63954825747146
-227.135971441864
-417.54006525519026
-425.60041247285625
-536.1344456175963
-417.54006525519026
-532.7081425937731
-227.135971441864
-536.1344456175963
-227.135971441864
-453.6011146288971
-414.6834803763647
-417.54006525519026
-417.54006525519026
-227.135971441864
-417.54006525519026
-412.3377108463232
-227.135971441864
-536.1344456175963
-343.30279831116246
-417.54006525519026
-227.135971441864
-417.54006525519026
-536.1344456175963
-227.135971441864
-417.54006525519026
-227.135971441864
-227.135971441864
-417.54006525519026
-536.1344456175963
-417.54006525519026
-417.54006525519026
-417.54006525519026
-227.135971441864
-350.1533519112904
-227.135971441864
-227.135971441864
-413.8138675119803
-425.60041247285625
-246.6298338295093
-350.1533519112904
-227.135971441864
-417.54006525519026
-417.54006525519026
-417.54006525519026
-350.1533519112904
-536.1344456175963
-417.54006525519026
-414.6834803763647
-227.135971441864
-417.54006525519026
-417.54006525519026
-536.1344456175963
-417.54006525519026
-418.6566385627793
-417.54006525519026
-425.60041247285625
-417.54006525519026
-414.8617922501853
-414.9983137542639
-417.54006525519026
-328.72552252541476
-536.1344456175963
-227.135971441864
-227.135971441864
-502.91686919039824
-298.0469665699832
-417.54006525519026
-417.54006525519026
-417.54006525519026
-414.9983137542639
-227.135971441864
-417.54006525519026
-319.33080046473606
-227.135971441864
-390.0
-227.135971441864
-417.54006525519026
-417.54006525519026
-227.135971441864
-417.54006525519026
-418.35217075633244
-417.54006525519026
-417.54006525519026
-414.9983137542639
-417.54006525519026
-227.135971441864
-417.54006525519026
-536.1344456175963
-227.135971441864
-417.54006525519026
-536.1344456175963
-227.135971441864
-227.135971441864
-417.54006525519026
-492.5607545857045
-417.54006525519026
-227.135971441864
-414.6834803763647
-417.54006525519026
-536.1344456175963
-414.6834803763647
-417.54006525519026
-536.1344456175963
-417.54006525519026
-390.0
-536.1344456175963
-227.135971441864
-242.72447364468283
-414.9983137542639
-417.54006525519026
-414.6834803763647
-417.54006525519026
-355.2535750942136
-417.54006525519026
-453.6011146288971
-417.54006525519026
-227.135971441864
-414.6834803763647
-417.54006525519026
-536.1344456175963
-407.0455563522957
-417.54006525519026
-418.6380900158203
-417.54006525519026
-417.54006525519026
-417.54006525519026
-425.4443195011033
-400.275816512841
-227.135971441864
-417.54006525519026
-227.135971441864
-417.54006525519026
-414.6834803763647
-227.135971441864
-227.135971441864
-227.135971441864
-417.54006525519026
-422.36664679408744
-417.54006525519026
-424.49676978128724
-417.54006525519026
-536.1344456175963
-417.54006525519026
-396.03702037080444
-227.135971441864
-417.54006525519026
-453.6011146288971
-417.54006525519026
-417.54006525519026
-223.24794301381093
-414.6834803763647
-227.135971441864
-311.66887118081326
-417.54006525519026
-227.135971441864
-404.6472210831943
-355.2535750942136
-227.135971441864
-390.0
-227.135971441864
-425.60041247285625
-417.54006525519026
-431.117694189021
-413.8138675119803
-417.54006525519026
-417.54006525519026
-417.54006525519026
-417.54006525519026
-522.8956608289794
-417.54006525519026
-414.6834803763647
-417.54006525519026
-413.8138675119803
-242.72447364468283
-390.0
-227.135971441864
-223.24794301381093
-417.54006525519026
## Generation 6 
-536.1344456175963
-227.135971441864
-227.135971441864
-227.135971441864
-223.24794301381093
-227.135971441864
-216.6599319393724
-242.72447364468283
