62.74955749511719 452.71185302734375 0.7715905904769897
65.53630065917969 455.385498046875 0.7577829957008362
68.35968780517578 458.0203857421875 0.7439754009246826
71.21918487548828 460.6160583496094 0.730167806148529
74.11425018310547 463.1719970703125 0.7163602113723755
77.03331756591797 465.6738586425781 0.7008149027824402
73.9760513305664 463.094482421875 0.7008149027824402
76.9442367553711 465.5635681152344 0.6869073510169983
73.85139465332031 463.0269775390625 0.6869073510169983
76.85428619384766 465.455322265625 0.6730997562408447
73.72671508789062 462.961669921875 0.6730997562408447
76.76284790039062 465.34832763671875 0.6592921614646912
73.60114288330078 462.8981018066406 0.6592921614646912
76.6699447631836 465.24261474609375 0.6454845666885376
73.4747085571289 462.8362731933594 0.6454845666885376
76.5755844116211 465.13818359375 0.631676971912384
73.34742736816406 462.77618408203125 0.631676971912384
76.47978973388672 465.0350646972656 0.6178693771362305
73.21932983398438 462.7178649902344 0.6178693771362305
76.38258361816406 464.93328857421875 0.6040617823600769
73.09043884277344 462.66131591796875 0.6040617823600769
76.28398132324219 464.83282470703125 0.5902541875839233
79.41084289550781 466.8670654296875 0.5632994771003723
76.02885437011719 464.73114013671875 0.5632994771003723
79.3072509765625 466.7698059082031 0.5493605136871338
75.89581298828125 464.6812438964844 0.5493605136871338
79.20330810546875 466.6749267578125 0.5355529189109802
75.76335906982422 464.6336669921875 0.5355529189109802
79.09806060791016 466.58148193359375 0.5217453241348267
75.63025665283203 464.587890625 0.5217453241348267
78.99153900146484 466.4894714355469 0.5079377293586731
75.49654388427734 464.5439758300781 0.5079377293586731
78.88375854492188 466.3989562988281 0.49413013458251953
75.36222839355469 464.50189208984375 0.49413013458251953
78.77473449707031 466.3099365234375 0.48032253980636597
75.22734832763672 464.461669921875 0.48032253980636597
78.66448974609375 466.2224426269531 0.4665149450302124
75.09192657470703 464.42333984375 0.4665149450302124
78.55305480957031 466.136474609375 0.45270735025405884
82.03750610351562 467.8016662597656 0.4388997554779053
78.4166259765625 466.1018981933594 0.4388997554779053
81.92373657226562 467.71881103515625 0.4250921607017517
78.27973175048828 466.0691833496094 0.4250921607017517
81.80883026123047 467.63751220703125 0.41128456592559814
78.14239501953125 466.0383605957031 0.41128456592559814
81.69281005859375 467.5578308105469 0.3974769711494446
78.00464630126953 466.00946044921875 0.3974769711494446
81.5757064819336 467.4797668457031 0.383669376373291
77.86651611328125 465.9824523925781 0.383669376373291
81.45753479003906 467.4032897949219 0.36986178159713745
85.06782531738281 468.7744140625 0.3560541868209839
81.31871032714844 467.3800964355469 0.3560541868209839
84.94759368896484 468.7012634277344 0.3422465920448303
81.17958068847656 467.3588562011719 0.3422465920448303
84.82635498046875 468.6297912597656 0.32843899726867676
81.04016876220703 467.33953857421875 0.32843899726867676
84.70414733886719 468.55999755859375 0.3146314024925232
80.90050506591797 467.3221435546875 0.3146314024925232
84.58098602294922 468.49188232421875 0.30082380771636963
80.76061248779297 467.306640625 0.30082380771636963
84.45689392089844 468.4254455566406 0.28701621294021606
88.16826629638672 469.4931335449219 0.2732086181640625
84.3166275024414 468.4138488769531 0.2732086181640625
88.04238891601562 469.43017578125 0.25940102338790894
84.17621612548828 468.4041748046875 0.25940102338790894
87.91565704345703 469.36895751953125 0.24559344351291656
91.59111785888672 470.2471923828125 0.2234940528869629
87.69060516357422 469.3606262207031 0.2234940528869629
91.46063995361328 470.1898498535156 0.20951266586780548
87.54811096191406 469.35791015625 0.20951266586780548
91.33100891113281 470.135009765625 0.1957050859928131
87.40736389160156 469.357177734375 0.1957050859928131
91.20063018798828 470.08197021484375 0.18189750611782074
87.2666244506836 469.3583984375 0.18189750611782074
91.06953430175781 470.03076171875 0.16808992624282837
94.8813705444336 470.6505432128906 0.154282346367836
90.92887878417969 470.0358581542969 0.154282346367836
94.74890899658203 470.60296630859375 0.14047476649284363
90.7883071899414 470.04290771484375 0.14047476649284363
94.61579895019531 470.5572204589844 0.12666718661785126
90.64784240722656 470.0519104003906 0.12666718661785126
94.48207092285156 470.5133056640625 0.11285960674285889
90.50751495361328 470.0628356933594 0.11285960674285889
94.34774780273438 470.47125244140625 0.09905202686786652
98.1932601928711 470.8266296386719 0.08524444699287415
94.2077865600586 470.4860534667969 0.08524444699287415
98.0578384399414 470.7882995605469 0.07143686711788177
94.06803894042969 470.5028076171875 0.07143686711788177
97.92189025878906 470.7518615722656 0.057629283517599106
93.92852783203125 470.521484375 0.057629283517599106
97.78545379638672 470.71728515625 0.04382169991731644
101.64471435546875 470.8598327636719 0.030014116317033768
97.64651489257812 470.73980712890625 0.030014116317033768
101.50737762451172 470.82904052734375 0.0162065327167511
97.50790405273438 470.76422119140625 0.0162065327167511
101.36962890625 470.8001403808594 0.002398950047791004
105.23148345947266 470.7827453613281 -0.01140863262116909
101.23174285888672 470.828369140625 -0.01140863262116909
105.09298706054688 470.7576599121094 -0.02521621435880661
101.0942611694336 470.8585205078125 -0.02521621435880661
104.95416259765625 470.7344970703125 -0.03902379795908928
100.95720672607422 470.89056396484375 -0.03902379795908928
104.81502532958984 470.7132568359375 -0.05283138155937195
108.67002868652344 470.4826965332031 -0.06663896143436432
104.67890930175781 470.7490539550781 -0.06663896143436432
108.53036499023438 470.4653015136719 -0.08044654130935669
104.54330444335938 470.7867431640625 -0.08044654130935669
108.39047241210938 470.4498291015625 -0.09425412118434906
112.23262023925781 470.0598449707031 -0.10806170105934143
108.25595092773438 470.4912414550781 -0.10806170105934143
112.09235382080078 470.0482482910156 -0.1218692809343338
108.12202453613281 470.5345153808594 -0.1218692809343338
111.95194244384766 470.03857421875 -0.13567686080932617
107.98870086669922 470.5796203613281 -0.13567686080932617
111.81140899658203 470.0308532714844 -0.14948444068431854
107.85601806640625 470.6265563964844 -0.14948444068431854
111.67078399658203 470.0250549316406 -0.1632920205593109
107.72399139404297 470.6753234863281 -0.1632920205593109
111.53009033203125 470.0212097167969 -0.17709960043430328
115.32678985595703 469.3146057128906 -0.19090718030929565
112.27870178222656 470.041748046875 -0.27744755148887634
109.30487060546875 471.02960205078125 -0.36398792266845703
106.42755126953125 472.27081298828125 -0.4505282938480377
103.66828155517578 473.7560729980469 -0.5370686650276184
101.0477066040039 475.4742736816406 -0.6236090064048767
104.17068481445312 473.19573974609375 -0.6370229721069336
101.73464965820312 475.1668395996094 -0.7235633134841919
104.6112289428711 472.5901184082031 -0.7373709082603455
107.45195770263672 469.97393798828125 -0.751178503036499
110.25629425048828 467.3187561035156 -0.7649860978126526
108.09171295166016 469.5846252441406 -0.8515264391899109
110.61595153808594 466.661865234375 -0.8653340339660645
113.09959411621094 463.70452880859375 -0.879141628742218
115.54216766357422 460.71319580078125 -0.8929492235183716
117.94320678710938 457.68841552734375 -0.9067568182945251
120.30225372314453 454.6307678222656 -0.9205644130706787
122.61885833740234 451.5408630371094 -0.9343720078468323
124.892578125 448.41925048828125 -0.9481796026229858
127.12297821044922 445.26654052734375 -0.9619871973991394
129.30963134765625 442.0833435058594 -0.975794792175293
131.45213317871094 438.8702697753906 -0.9896023869514465
133.55006408691406 435.6278991699219 -1.0034099817276
135.60302734375 432.35687255859375 -1.0172175168991089
137.61062622070312 429.0578308105469 -1.0310250520706177
139.572509765625 425.7313537597656 -1.0448302030563354
138.11798095703125 428.5069580078125 -1.1313705444335938
139.7367401123047 425.0007019042969 -1.1451780796051025
141.3069305419922 421.4724426269531 -1.1589856147766113
142.82826232910156 417.9228210449219 -1.1727931499481201
144.30043029785156 414.3525390625 -1.186600685119629
145.72317504882812 410.76226806640625 -1.2004082202911377
144.71629333496094 413.729736328125 -1.2869478464126587
145.77220153808594 410.0149841308594 -1.3007553815841675
146.77671813964844 406.2860107421875 -1.3145629167556763
147.7296600341797 402.5435485839844 -1.328370451927185
148.63082885742188 398.78826904296875 -1.3421779870986938
149.48007202148438 395.0209045410156 -1.3559855222702026
150.2772216796875 391.2421875 -1.3697930574417114
151.02210998535156 387.45281982421875 -1.3836005926132202
151.71461486816406 383.6535339355469 -1.397408127784729
152.35459899902344 379.84503173828125 -1.4112156629562378
152.94192504882812 376.028076171875 -1.4250231981277466
153.47650146484375 372.203369140625 -1.4388307332992554
153.95822143554688 368.37164306640625 -1.4526382684707642
154.38699340820312 364.53363037109375 -1.466445803642273
154.76272583007812 360.6900634765625 -1.4802533388137817
155.08535766601562 356.8416748046875 -1.4940608739852905
155.35482788085938 352.98919677734375 -1.5078684091567993
155.57107543945312 349.13336181640625 -1.521675944328308
155.73406982421875 345.27490234375 -1.535483479499817
155.84376525878906 341.4145812988281 -1.5492910146713257
155.900146484375 337.5531005859375 -1.5630985498428345
155.90321350097656 333.69122314453125 -1.5769060850143433
155.8529510498047 329.82965087890625 -1.590713620185852
155.7493896484375 325.9691467285156 -1.6045211553573608
155.592529296875 322.1104431152344 -1.6183286905288696
155.3824005126953 318.2542724609375 -1.6321362257003784
155.11904907226562 314.4013671875 -1.6459437608718872
154.8025360107422 310.5524597167969 -1.659751296043396
154.4329071044922 306.7082824707031 -1.6735588312149048
154.01023864746094 302.8695983886719 -1.6873663663864136
153.53460693359375 299.037109375 -1.7011739015579224
153.006103515625 295.2115478515625 -1.7149814367294312
152.42483520507812 291.3936462402344 -1.72878897190094
151.79090881347656 287.5841369628906 -1.7425965070724487
151.1044464111328 283.78375244140625 -1.7564040422439575
150.36557006835938 279.9931945800781 -1.7702115774154663
149.57443237304688 276.21319580078125 -1.784019112586975
148.73117065429688 272.4444885253906 -1.7978266477584839
147.83595275878906 268.6877746582031 -1.8116341829299927
146.8889617919922 264.94378662109375 -1.8254417181015015
145.89036560058594 261.2132263183594 -1.8392492532730103
144.84034729003906 257.496826171875 -1.853056788444519
143.73912048339844 253.79527282714844 -1.8668643236160278
142.58689880371094 250.10926818847656 -1.8806718587875366
141.38389587402344 246.4395294189453 -1.8944793939590454
140.1303253173828 242.7867431640625 -1.9082869291305542
138.82644653320312 239.15162658691406 -1.922094464302063
137.47250366210938 235.53485107421875 -1.9359019994735718
136.06875610351562 231.93711853027344 -1.9497095346450806
134.61546325683594 228.35910034179688 -1.9635170698165894
133.11289978027344 224.80149841308594 -1.9773246049880981
131.56137084960938 221.26498413085938 -1.991132140159607
129.96115112304688 217.75022888183594 -2.0049397945404053
128.31256103515625 214.25790405273438 -2.018747329711914
126.61590576171875 210.78866577148438 -2.032554864883423
124.87151336669922 207.3431854248047 -2.0463624000549316
126.702880859375 210.89932250976562 -2.0463624000549316
124.91108703613281 207.47825622558594 -2.0601699352264404
123.06996154785156 204.0750732421875 -2.073237895965576
124.69639587402344 206.75355529785156 -2.159778356552124
122.52893829345703 203.5572509765625 -2.173585891723633
120.31755828857422 200.39117431640625 -2.1873934268951416
118.06267547607422 197.2559356689453 -2.2012009620666504
120.01762390136719 199.70497131347656 -2.2877414226531982
117.45999145507812 196.8114013671875 -2.301548957824707
114.86265563964844 193.9534149169922 -2.315356492996216
112.22606658935547 191.13150024414062 -2.3291566371917725
114.9629135131836 194.0130157470703 -2.33174729347229
112.28046417236328 191.23475646972656 -2.345554828643799
115.0786361694336 194.09310913085938 -2.345554828643799
112.35808563232422 191.35215759277344 -2.3593623638153076
115.1954574584961 194.17161560058594 -2.3593623638153076
112.43732452392578 191.46849060058594 -2.3731698989868164
109.64212799072266 188.80369567871094 -2.386977434158325
106.81040954589844 186.17774963378906 -2.400784969329834
103.94270324707031 183.59115600585938 -2.4145925045013428
106.38117218017578 185.58090209960938 -2.4997718334198
103.27188110351562 183.29037475585938 -2.5135793685913086
100.13126373291016 181.04299926757812 -2.5273869037628174
96.95991516113281 178.8391876220703 -2.541194438934326
93.75843811035156 176.67938232421875 -2.555001974105835
90.5274429321289 174.56398010253906 -2.5688095092773438
87.26754760742188 172.49339294433594 -2.5826170444488525
83.97937774658203 170.468017578125 -2.5964245796203613
80.66355895996094 168.4882354736328 -2.61023211479187
77.3207015991211 166.5543975830078 -2.624037265777588
73.95148468017578 164.6669158935547 -2.6378448009490967
70.55652618408203 162.8261260986328 -2.6516523361206055
67.136474609375 161.0323944091797 -2.665459394454956
69.98107147216797 162.34686279296875 -2.751999855041504
66.39852905273438 160.90476989746094 -2.7658073902130127
62.79642105102539 159.5122833251953 -2.7796149253845215
59.17543029785156 158.16966247558594 -2.7934224605560303
55.53624725341797 156.87716674804688 -2.807229995727539
51.87956237792969 155.63504028320312 -2.821037530899048
51.87956237792969 155.63504028320312 -2.8348450660705566
51.87956237792969 155.63504028320312 -2.8486526012420654
48.17457962036133 154.54539489746094 -2.862460136413574
48.17457962036133 154.54539489746094 -2.876267671585083
48.17457962036133 154.54539489746094 -2.890075206756592
48.17457962036133 154.54539489746094 -2.9038827419281006
48.17457962036133 154.54539489746094 -2.9176902770996094
48.17457962036133 154.54539489746094 -2.931497812271118
48.17457962036133 154.54539489746094 -2.945305347442627
48.17457962036133 154.54539489746094 -2.9591128826141357
48.17457962036133 154.54539489746094 -2.9729204177856445
48.17457962036133 154.54539489746094 -2.9867279529571533
48.17457962036133 154.54539489746094 -3.000535488128662
