62.314720153808594 452.12432861328125 0.6996714472770691
64.8028335571289 454.04266357421875 0.6139447093009949
67.44606018066406 455.7409362792969 0.5282179713249207
70.22498321533203 457.2066345214844 0.44249123334884644
73.11920166015625 458.42901611328125 0.3567644953727722
76.10745239257812 459.39910888671875 0.271037757396698
79.16779327392578 460.1097717285156 0.18531103432178497
82.27774047851562 460.5557861328125 0.09958431124687195
85.41445922851562 460.73388671875 0.013857588171958923
88.5549087524414 460.64276123046875 -0.0718691349029541
91.67581939697266 460.2830810546875 -0.15761616826057434
94.75445556640625 459.6574401855469 -0.24336320161819458
97.76820373535156 458.77044677734375 -0.3291102349758148
100.69491577148438 457.62860107421875 -0.41485726833343506
103.5130844116211 456.24029541015625 -0.5006043314933777
106.2020034790039 454.6157531738281 -0.5863513946533203
108.74191284179688 452.7668762207031 -0.6720984578132629
111.11414337158203 450.707275390625 -0.7578455209732056
111.11414337158203 450.707275390625 -1.1578454971313477
112.71939849853516 447.04351806640625 -1.1578454971313477
114.32465362548828 443.3797607421875 -1.1578454971313477
115.9299087524414 439.71600341796875 -1.1578454971313477
117.53516387939453 436.05224609375 -1.1578454971313477
119.14041900634766 432.38848876953125 -1.1578454971313477
120.74567413330078 428.7247314453125 -1.1578454971313477
122.3509292602539 425.06097412109375 -1.1578454971313477
123.95618438720703 421.397216796875 -1.1578454971313477
125.56143951416016 417.73345947265625 -1.1578454971313477
127.16669464111328 414.0697021484375 -1.1578454971313477
128.77195739746094 410.40594482421875 -1.1578454971313477
130.37721252441406 406.7421875 -1.1578454971313477
131.9824676513672 403.07843017578125 -1.1578454971313477
133.5877227783203 399.4146728515625 -1.1578454971313477
135.19297790527344 395.75091552734375 -1.1578454971313477
136.79823303222656 392.087158203125 -1.1578454971313477
138.4034881591797 388.42340087890625 -1.1578454971313477
140.0087432861328 384.7596435546875 -1.1578454971313477
141.61399841308594 381.09588623046875 -1.1578454971313477
143.21925354003906 377.43212890625 -1.1578454971313477
144.8245086669922 373.76837158203125 -1.1578454971313477
146.4297637939453 370.1046142578125 -1.1578454971313477
148.03501892089844 366.44085693359375 -1.1578454971313477
148.03501892089844 366.44085693359375 -1.5578454732894897
148.08682250976562 362.4411926269531 -1.5578454732894897
148.1386260986328 358.4415283203125 -1.5578454732894897
148.1904296875 354.4418640136719 -1.5578454732894897
148.2422332763672 350.44219970703125 -1.5578454732894897
148.29403686523438 346.4425354003906 -1.5578454732894897
148.34584045410156 342.44287109375 -1.5578454732894897
148.39764404296875 338.4432067871094 -1.5578454732894897
148.44944763183594 334.44354248046875 -1.5578454732894897
148.50125122070312 330.4438781738281 -1.5578454732894897
148.5530548095703 326.4442138671875 -1.5578454732894897
148.6048583984375 322.4445495605469 -1.5578454732894897
148.6566619873047 318.44488525390625 -1.5578454732894897
148.70846557617188 314.4452209472656 -1.5578454732894897
148.76026916503906 310.445556640625 -1.5578454732894897
148.81207275390625 306.4458923339844 -1.5578454732894897
148.86387634277344 302.44622802734375 -1.5578454732894897
148.91567993164062 298.4465637207031 -1.5578454732894897
148.9674835205078 294.4468994140625 -1.5578454732894897
149.019287109375 290.4472351074219 -1.5578454732894897
149.0710906982422 286.44757080078125 -1.5578454732894897
149.12289428710938 282.4479064941406 -1.5578454732894897
149.17469787597656 278.4482421875 -1.5578454732894897
149.22650146484375 274.4485778808594 -1.5578454732894897
149.27830505371094 270.44891357421875 -1.5578454732894897
149.33010864257812 266.4492492675781 -1.5578454732894897
149.3819122314453 262.4495849609375 -1.5578454732894897
149.4337158203125 258.4499206542969 -1.5578454732894897
149.4855194091797 254.45025634765625 -1.5578454732894897
149.53732299804688 250.45059204101562 -1.5578454732894897
149.58912658691406 246.450927734375 -1.5578454732894897
149.64093017578125 242.45126342773438 -1.5578454732894897
149.69273376464844 238.45159912109375 -1.5578454732894897
149.74453735351562 234.45193481445312 -1.5578454732894897
149.7963409423828 230.4522705078125 -1.5578454732894897
149.84814453125 226.45260620117188 -1.5578454732894897
149.8999481201172 222.45294189453125 -1.5578454732894897
149.95175170898438 218.45327758789062 -1.5578454732894897
150.00355529785156 214.45361328125 -1.5578454732894897
150.05535888671875 210.45394897460938 -1.5578454732894897
150.10716247558594 206.45428466796875 -1.5578454732894897
150.15896606445312 202.45462036132812 -1.5578454732894897
150.2107696533203 198.4549560546875 -1.5578454732894897
150.2625732421875 194.45529174804688 -1.5578454732894897
150.3143768310547 190.45562744140625 -1.5578454732894897
150.3143768310547 190.45562744140625 -1.9578454494476318
150.3143768310547 190.45562744140625 -2.3578455448150635
150.3143768310547 190.45562744140625 -2.757845640182495
146.6053009033203 188.95803833007812 -2.757845640182495
142.89622497558594 187.46044921875 -2.757845640182495
139.18714904785156 185.96286010742188 -2.757845640182495
135.4780731201172 184.46527099609375 -2.757845640182495
131.7689971923828 182.96768188476562 -2.757845640182495
128.05992126464844 181.4700927734375 -2.757845640182495
124.35084533691406 179.97250366210938 -2.757845640182495
120.64176940917969 178.47491455078125 -2.757845640182495
116.93269348144531 176.97732543945312 -2.757845640182495
113.22361755371094 175.479736328125 -2.757845640182495
109.51454162597656 173.98214721679688 -2.757845640182495
105.80546569824219 172.48455810546875 -2.757845640182495
102.09638977050781 170.98696899414062 -2.757845640182495
98.38731384277344 169.4893798828125 -2.757845640182495
94.67823791503906 167.99179077148438 -2.757845640182495
90.96916198730469 166.49420166015625 -2.757845640182495
87.26008605957031 164.99661254882812 -2.757845640182495
83.55101013183594 163.4990234375 -2.757845640182495
79.84193420410156 162.00143432617188 -2.757845640182495
76.13285827636719 160.50384521484375 -2.757845640182495
72.42378234863281 159.00625610351562 -2.757845640182495
68.71470642089844 157.5086669921875 -2.757845640182495
65.00563049316406 156.01107788085938 -2.757845640182495
61.29655838012695 154.51348876953125 -2.757845640182495
61.29655838012695 154.51348876953125 -2.757845640182495
61.29655838012695 154.51348876953125 -2.757845640182495
61.29655838012695 154.51348876953125 -2.757845640182495
61.29655838012695 154.51348876953125 -2.757845640182495
61.29655838012695 154.51348876953125 -2.757845640182495
61.29655838012695 154.51348876953125 -2.757845640182495
61.29655838012695 154.51348876953125 -2.757845640182495
61.29655838012695 154.51348876953125 -2.757845640182495
61.29655838012695 154.51348876953125 -2.757845640182495
61.29655838012695 154.51348876953125 -2.757845640182495
