-392.68271972123864
-395.3341762366385
-397.9541085515481
-400.542242677771
-403.0982579028301
-400.44690530618334
-402.94941686122445
-400.35467218741843
-402.80271336274876
-400.26554456030004
-402.65824234752125
-400.17952613879424
-402.51600805246926
-400.096650863855
-402.3761056948373
-400.0169833066289
-402.23856975257667
-404.4256543887468
-402.1632239657494
-404.291884931264
-402.09183931181
-404.160658116001
-402.0237878264523
-404.03200685929176
-401.9590413750403
-403.9059049467644
-401.89760276526675
-403.7824179236779
-405.6334234445281
-403.7261721485585
-405.5140817370709
-403.67329605444814
-405.3974705698202
-403.6237936179274
-405.2836249500526
-406.9093307271499
-405.2393693293241
-406.79982682705344
-405.1985512261474
-406.6932062972232
-405.1612049564287
-406.58950478858014
-405.1273342409007
-406.4887579005402
-405.0969426887043
-406.39100077442697
-407.650675268255
-406.3658774850671
-407.55749563761253
-406.34426997033887
-407.46739689546274
-408.5507471848488
-407.45019882609023
-408.4655296388746
-407.4376158925556
-408.3834550366815
-407.42856176476033
-408.3045909390494
-409.14603254333525
-408.3008424061955
-409.071991861785
-409.808318538069
-409.0735196781099
-409.7391330018207
-409.07857388567106
-409.6732529765984
-409.087181551238
-409.61071636078765
-410.099553903729
-409.6245725377167
-410.04196546333407
-409.64193905703837
-409.987761067124
-410.2988720960211
-410.01038019201474
-410.24972564225794
-410.45433277639796
-410.277539747207
-410.4102696447261
-410.30883751023345
-410.3696406522461
-410.39569332069306
-410.4060987903817
-410.3601882532572
-410.48311015453766
-410.72666238440013
-411.09050170446375
-411.5741314319367
-412.1768737914427
-412.8979012946486
-413.73621128926914
-414.69062992493167
-415.7599078637612
-416.9718356746551
-415.7814760467449
-414.53263856572727
-415.7499908567224
-414.4441390640494
-415.8072967206372
-414.3550077677682
-415.88457530066296
-414.32269239159484
-412.72598902305305
-414.3740998421033
-412.6361447891576
-410.8636614215889
-412.6837208372814
-410.77367314235255
-408.8293885242534
-410.8171902651538
-408.7394500523043
-406.6251183870679
-408.7738624316121
-406.5355243387138
-404.2638499398693
-406.57079979846344
-404.17486039398494
-401.74612079925714
-399.2847674990291
-396.79116176839926
-394.26549177795437
-391.7079572073044
-389.118837429536
-386.4983697090027
-383.8468111393551
-381.164436749465
-378.4515128638367
-375.70826530810814
-372.93500013346346
-370.13198601300786
-367.299479554639
-364.43779527143784
-361.54720184338277
-364.4539825293379
-361.46330811138364
-358.44464373912695
-355.3983075362509
-352.32464769288976
-349.22397380697487
-346.09501491351
-349.3939187027494
-346.2267206388496
-343.0335576044968
-339.8147706053547
-336.57075733553154
-333.3018836013634
-330.00854690337474
-326.69114364313003
-323.35004434957096
-319.98568285561487
-316.5984603373155
-313.18881728181356
-309.75716736671427
-306.30398576227634
-302.82969750346234
-299.33476620236956
-295.81966590671567
-292.2848967626012
-288.73095147739826
-285.15833150980865
-281.56754800403183
-277.9591617300422
-274.33370654794146
-270.6917735479396
-267.03393465959084
-263.36078314361237
-259.6729406851509
-255.97106633216868
-252.25579386503713
-248.52784280567008
-244.78789545635274
-241.03670113480297
-237.27503912551688
-233.50369288708367
-229.72351528482918
-225.93537509182883
-222.14015479895735
-218.33881658393264
-214.53237225429152
-210.72184527144245
-206.90835196884203
-203.0930445816766
-199.27715691731143
-195.46199325899707
-191.64891879774987
-187.8393897402765
-184.03494773801583
-180.23725494022221
-183.9824429143368
-180.20334388267773
-176.43653115131445
-172.6841170361639
-168.9296507647738
-172.60690960508975
-168.9047960860367
-172.77668833690646
-169.09195160570664
-165.43265941052098
-161.80154301650728
-158.20236656695417
-154.63833927080302
-151.11319475940087
-147.44828919557946
-150.88600550906338
-154.53071541636623
-151.06814572880097
-147.65413648360035
-150.99318267912014
-147.65263895469084
-144.3713482391366
-141.15460802781158
-138.00804734877067
-134.93768680142875
-131.94991591397584
-129.0515160871547
-126.249660224005
-123.5518890566654
-120.9661207597249
-118.500592456084
-116.16381114499384
-113.96452183339994
-111.91159756615234
-110.01393631340272
-108.28035704980276
-106.7194747283871
-105.33949879961459
-104.14809563361814
-103.15220031499756
-102.35787375286958
-101.77011119511538
-101.39268621288399
-101.2280982649649
-101.2774354543351
-101.19254608374939
-101.30515135825975
-101.15394867597341
-101.32977915680809
-101.11229553541779
-101.35131823372849
-101.79154050076374
-101.32940935963582
-100.94537745032942
-101.34316604684027
-100.87176223718919
-100.45382493513804
-100.95545900919407
-100.38165951886091
-101.04046940285761
-100.31234018280216
-99.63641765641857
-99.01417230933131
-98.4472646967037
-97.93659720058204
-97.48332111655408
-97.08846285365117
-96.75296117839143
-96.47759756057529
-96.83537150831211
-96.42742429730903
-96.84785905096014
-97.4851840863586
-96.77763781439957
-97.5712039123047
-96.70983237068779
-95.90403327069214
-96.78334192748586
-95.83757108375195
-96.87059922708593
-95.77341095502261
-95.77341095502261
-95.77341095502261
-95.77341095502261
-95.77341095502261
-95.77341095502261
-95.77341095502261
-95.77341095502261
-95.77341095502261
-95.77341095502261
-95.77341095502261
