-392.730094854505
-395.4442802640763
-398.14245388351657
-400.82450825527167
-403.490330798927
-400.7554818419521
-403.3845227827766
-400.68789709645375
-403.2796901803252
-400.6217854683232
-403.17589530298864
-400.55714810346734
-403.0731087056329
-400.49395583193717
-402.9713624687618
-400.43227098266726
-402.8706881526789
-400.3720946516449
-402.7710870813532
-400.3134279215271
-402.67259107941396
-400.2563027573544
-402.5752319719577
-404.87828901510704
-402.52017745335945
-404.7825031294289
-402.46672713334516
-404.6878785650256
-402.4148478207442
-404.59441675647696
-402.3645098601373
-404.50214962901015
-402.3157753370161
-404.4110783092131
-402.26861505522703
-404.32123502412753
-402.22306103492053
-404.2326519909291
-406.22702545705476
-404.1892649121236
-406.1401440740692
-404.1474823528787
-406.0545175030514
-404.10733619486
-405.9701773961447
-404.0687970131472
-405.88712563337964
-404.03189664346513
-405.8054246979188
-407.56387223868273
-405.77058571115816
-407.48388154767
-405.7374944883723
-407.4052698308949
-405.7060752453052
-407.32803661549656
-405.67632730924555
-407.2521835076519
-405.64822193583444
-407.17771292017153
-405.6218211263776
-407.1046564982267
-405.5970652508056
-407.0330158159474
-408.45475220803127
-407.01046671391924
-408.38497376452415
-406.98959383301775
-408.3166385635727
-406.97039823477826
-408.24974826865343
-406.9529122257505
-408.1843354559615
-406.9371063374923
-408.1204017612599
-406.92301242438737
-408.05794926654295
-409.17916534990263
-408.04603209740344
-409.11862902530004
-408.0357985286639
-409.0596325074281
-408.0272805181748
-409.00214810317004
-409.9634396486998
-408.99579901049924
-409.907897706849
-408.99116856189113
-409.8539267827536
-408.98822843712435
-409.8014999964436
-408.98701066039763
-409.75064895440795
-409.75064895440795
-410.1726028877313
-408.3778700345718
-406.5680589586169
-407.30690489828345
-404.6180305846063
-401.912714158589
-399.19107141065274
-396.4532137492143
-393.6992492663865
-390.92928019331845
-388.1434368885285
-385.34184380518997
-382.52459233516646
-379.69180045905654
-376.84361148143563
-373.980134871294
-371.10147660343824
-368.207769294403
-365.2991421808345
-362.37569132409567
-359.43756802202637
-356.48489518271225
-353.5177849530684
-350.536351242133
-347.5407367949769
-344.530782527673
-347.6560116827944
-344.61491079672066
-347.77233225965125
-344.7003837928072
-345.9870149158087
-342.41186775641603
-338.82422741464023
-335.2243055248976
-331.6122840324523
-327.9883449147453
-324.3527291952317
-320.7055975843576
-317.04719582921456
-313.3777196207431
-309.6973952451168
-306.0064502591637
-302.30511796657
-298.5936042723033
-294.87215530477545
-291.14098624785817
-287.4003734567911
-283.65055166542743
-279.8917795331678
-276.12430454697994
-272.34842780160545
-268.56440667567523
-264.77250438742726
-260.97302428068366
-257.16627666241817
-253.3525554460271
-249.53219194065002
-245.70550277675753
-241.8728486734358
-238.03456770569588
-234.1910439850531
-230.34262765335242
-226.48973615979293
-222.63277943489135
-218.772185149938
-214.90841076740298
-211.0419299698173
-207.1732255191999
-203.30285026604417
-199.43133200270032
-195.55926886962195
-191.68727910350688
-187.8160215436738
-183.94618266564774
-180.07851753178846
-176.21381826997845
-172.35294841881634
-168.49681391792052
-164.64638859076544
-160.8027612426739
-162.0187924099487
-158.47062824972554
-154.95877672449706
-151.48635300544802
-148.05672544680908
-144.67351105958073
-141.34063194771224
-138.0622858467454
-134.8430044896762
-131.68765149148697
-128.601490850404
-125.59013034203542
-122.65959573596773
-119.8163102760289
-117.06711585849634
-114.41926898256605
-111.88039882576776
-109.45852501985308
-107.16198707989581
-104.99940169579548
-102.97956846045707
-101.11138551254992
-99.4037111785699
-97.86115745294018
-98.17802507082612
-97.80077900252559
-97.62534302623425
-97.62534302623425
-97.62534302623425
-97.62534302623425
-97.80118050325922
-97.80118050325922
-97.80118050325922
-97.80118050325922
-97.80118050325922
-97.80118050325922
-97.80118050325922
-97.80118050325922
-97.80118050325922
-97.80118050325922
-97.80118050325922
