-389.1661667874774
-388.6475032237267
-388.48078537191753
-388.67791072228147
-389.22481424727255
-390.0827632608204
-391.19120709908105
-392.47254998760303
-388.583728646228
-389.9487275301473
-385.95002212249193
-381.9513435140292
-377.95269255535254
-373.95407013343055
-369.95547717357226
-365.9569146415208
-361.95838354568633
-357.95988493952774
-353.9614199240966
-349.9629896507549
-345.96459532408085
-341.9662382049794
-337.96791961401203
-333.9696409349672
-329.97140361868856
-325.97320918718617
-321.97505923805267
-317.97695544921334
-313.97889958403806
-309.9808934968491
-305.98293913886
-301.9850385645863
-297.9871939387715
-293.9894075438779
-295.3436669230293
-291.5187235691305
-287.6985415621678
-283.88331312074513
-280.0732406810994
-276.26853756554397
-272.4694287023502
-268.6761514015623
-264.88895619167425
-261.10810772257446
-257.3338857406886
-253.56658614283026
-249.80652211590936
-246.0540253703496
-242.30944747584306
-238.57316130892303
-234.84556262277525
-231.12707175073984
-227.4181354560907
-223.71922894192036
-224.90809919088565
-221.74470974512082
-218.60873622223835
-215.50137549413967
-212.4238832181868
-209.37757644401
-209.37757644401
-209.37757644401
-209.37757644401
-209.37757644401
-209.37757644401
-209.37757644401
-209.37757644401
-209.37757644401
-209.37757644401
-209.37757644401
