-392.83861260070745
-395.6972973447963
-398.57562242630917
-401.47316538979356
-404.3895131339564
-407.324261745324
-410.2770163548833
-413.2473909909103
-416.23500842860443
-419.2395000371072
-422.2605056244355
-425.29767328082255
-428.3506592209188
-431.41912762526795
-434.50275048143925
-437.6012074251642
-440.7141855817944
-443.8413794083695
-446.9824905365546
-450.1372276166848
-453.3053061631269
-456.4864484011485
-459.6803831154639
-462.61727561531666
-462.61727561531666
-464.558120422841
-466.5251865707583
-468.5181448921463
-470.53666638817305
-471.22469456024095
-472.4427788445102
-473.69150913074066
-474.9706437076925
-476.27993760701946
-476.27993760701946
-476.0466373796583
-475.84684807673887
-475.68061192275616
-475.5479641049913
-475.3938528801467
-474.0608168243714
-472.7578670517759
-471.4852529928098
-470.24322093916254
-469.0320138412484
-467.98400101932594
-466.48506423200695
-465.0157040061552
-463.57620158120505
-462.16683594984755
-460.7878836413192
-460.1312246186748
-457.88131225762675
-455.6554052817071
-453.453857202795
-451.2770245245535
-449.12526662097474
-446.9989456061104
-444.8984261947584
-442.8240755538895
-440.77626314460986
-438.75536055446827
-436.76174131993537
-434.79578073889866
-434.79578073889866
-431.6452522927371
-431.6452522927371
-427.7879533933605
-423.9332993444153
-420.0813629531137
-416.2322196694917
-412.3859477047936
-408.54262815612253
-404.7023451377386
-400.86518591940745
-397.0312410722351
-393.2006046224495
-389.3733742136238
-385.5496512778711
-381.7295412165734
-381.7295412165734
-377.7486941210255
-373.76825617216394
-369.78824058227775
-365.8086611372242
-361.8295322278108
-357.85086888325424
-353.8726868068791
-349.89500241423127
-345.91783287379985
-341.9411961505562
-337.9651110525406
-333.9895972807459
-330.01467548257517
-326.04036730917204
-322.06669547695566
-318.09368383372254
-314.12135742971407
-310.1497425940895
-306.1788670172872
-306.1788670172872
-306.1788670172872
-306.1788670172872
-306.1788670172872
-306.1788670172872
-306.1788670172872
-306.1788670172872
-306.1788670172872
-306.1788670172872
-306.1788670172872
