62.299015045166016 452.10467529296875 0.6971898674964905
64.77449798583984 453.9986267089844 0.6089815497398376
67.4072036743164 455.6671447753906 0.5207732319831848
70.1766586303711 457.0972595214844 0.4325648844242096
73.06133270263672 458.27783203125 0.3443565368652344
76.0387954711914 459.19970703125 0.25614818930625916
79.08589172363281 459.8556823730469 0.16793984174728394
82.1789321899414 460.2406921386719 0.07973150163888931
85.29386138916016 460.3517150878906 -0.00847683846950531
88.40645599365234 460.1878967285156 -0.09668517857789993
91.49252319335938 459.7505187988281 -0.18489351868629456
94.52806091308594 459.04296875 -0.2731018662452698
97.48946380615234 458.0707702636719 -0.361310213804245
100.35371398925781 456.8414611816406 -0.4495185613632202
103.0985336303711 455.3646240234375 -0.537726879119873
105.70257568359375 453.6517028808594 -0.6259351968765259
108.14559936523438 451.716064453125 -0.7141435146331787
110.40860748291016 449.5727233886719 -0.8023518323898315
112.4739990234375 447.2383728027344 -0.8905601501464844
114.98990631103516 444.128662109375 -0.8905601501464844
117.50581359863281 441.0189514160156 -0.8905601501464844
119.35752868652344 438.51171875 -0.9787684679031372
121.58970642089844 435.1924743652344 -0.9787684679031372
123.82188415527344 431.87322998046875 -0.9787684679031372
126.05406188964844 428.5539855957031 -0.9787684679031372
127.6777114868164 425.89337158203125 -1.06697678565979
129.6088104248047 422.390380859375 -1.06697678565979
131.53990173339844 418.88739013671875 -1.06697678565979
133.4709930419922 415.3843994140625 -1.06697678565979
133.4709930419922 415.3843994140625 -1.4669767618179321
133.88552856445312 411.40594482421875 -1.4669767618179321
134.30006408691406 407.427490234375 -1.4669767618179321
134.714599609375 403.44903564453125 -1.4669767618179321
135.12913513183594 399.4705810546875 -1.4669767618179321
135.54367065429688 395.49212646484375 -1.4669767618179321
135.9582061767578 391.513671875 -1.4669767618179321
136.37274169921875 387.53521728515625 -1.4669767618179321
136.7872772216797 383.5567626953125 -1.4669767618179321
137.20181274414062 379.57830810546875 -1.4669767618179321
137.61634826660156 375.599853515625 -1.4669767618179321
138.0308837890625 371.62139892578125 -1.4669767618179321
138.44541931152344 367.6429443359375 -1.4669767618179321
138.85995483398438 363.66448974609375 -1.4669767618179321
139.2744903564453 359.68603515625 -1.4669767618179321
139.68902587890625 355.70758056640625 -1.4669767618179321
140.1035614013672 351.7291259765625 -1.4669767618179321
140.51809692382812 347.75067138671875 -1.4669767618179321
140.93263244628906 343.772216796875 -1.4669767618179321
141.34716796875 339.79376220703125 -1.4669767618179321
141.76170349121094 335.8153076171875 -1.4669767618179321
142.17623901367188 331.83685302734375 -1.4669767618179321
142.5907745361328 327.8583984375 -1.4669767618179321
143.00531005859375 323.87994384765625 -1.4669767618179321
143.4198455810547 319.9014892578125 -1.4669767618179321
143.83438110351562 315.92303466796875 -1.4669767618179321
144.24891662597656 311.944580078125 -1.4669767618179321
144.6634521484375 307.96612548828125 -1.4669767618179321
145.07798767089844 303.9876708984375 -1.4669767618179321
145.49252319335938 300.00921630859375 -1.4669767618179321
145.9070587158203 296.03076171875 -1.4669767618179321
146.32159423828125 292.05230712890625 -1.4669767618179321
146.7361297607422 288.0738525390625 -1.4669767618179321
147.15066528320312 284.09539794921875 -1.4669767618179321
147.56520080566406 280.116943359375 -1.4669767618179321
147.979736328125 276.13848876953125 -1.4669767618179321
148.39427185058594 272.1600341796875 -1.4669767618179321
148.80880737304688 268.18157958984375 -1.4669767618179321
149.2233428955078 264.203125 -1.4669767618179321
149.63787841796875 260.22467041015625 -1.4669767618179321
150.0524139404297 256.2462158203125 -1.4669767618179321
150.46694946289062 252.2677459716797 -1.4669767618179321
150.88148498535156 248.28927612304688 -1.4669767618179321
150.88148498535156 248.28927612304688 -1.8669767379760742
149.71400451660156 244.46343994140625 -1.8669767379760742
148.54652404785156 240.63760375976562 -1.8669767379760742
147.37904357910156 236.811767578125 -1.8669767379760742
146.21156311035156 232.98593139648438 -1.8669767379760742
145.04408264160156 229.16009521484375 -1.8669767379760742
144.00379943847656 226.22190856933594 -1.955185055732727
142.70872497558594 223.3867950439453 -2.04339337348938
141.16893005371094 220.67678833007812 -2.1316018104553223
139.39637756347656 218.1129608154297 -2.2198102474212646
137.4048614501953 215.7152557373047 -2.308018684387207
134.71592712402344 212.75390625 -2.308018684387207
132.52090454101562 210.54092407226562 -2.3962221145629883
129.58155822753906 207.82794189453125 -2.3962221145629883
126.6422119140625 205.11495971679688 -2.3962221145629883
123.70286560058594 202.4019775390625 -2.3962221145629883
120.76351928710938 199.68899536132812 -2.3962221145629883
118.38212585449219 197.67800903320312 -2.4844305515289307
115.2152099609375 195.23451232910156 -2.4844305515289307
112.04829406738281 192.791015625 -2.4844305515289307
109.4990005493164 190.9976348876953 -2.572638988494873
106.12914276123047 188.84263610839844 -2.572638988494873
102.75928497314453 186.68763732910156 -2.572638988494873
100.06177520751953 185.12570190429688 -2.660829782485962
96.51520538330078 183.27587890625 -2.660829782485962
92.96863555908203 181.42605590820312 -2.660829782485962
89.42206573486328 179.57623291015625 -2.660829782485962
85.87549591064453 177.72640991210938 -2.660829782485962
82.32892608642578 175.8765869140625 -2.660829782485962
78.78235626220703 174.02676391601562 -2.660829782485962
75.23578643798828 172.17694091796875 -2.660829782485962
71.68921661376953 170.32711791992188 -2.660829782485962
68.14264678955078 168.477294921875 -2.660829782485962
64.59607696533203 166.62747192382812 -2.660829782485962
61.04950714111328 164.77764892578125 -2.660829782485962
57.50293731689453 162.92782592773438 -2.660829782485962
53.95636749267578 161.0780029296875 -2.660829782485962
50.40979766845703 159.22817993164062 -2.660829782485962
46.86322784423828 157.37835693359375 -2.660829782485962
46.86322784423828 157.37835693359375 -3.0608298778533936
46.86322784423828 157.37835693359375 2.822355270385742
46.86322784423828 157.37835693359375 2.4223551750183105
46.86322784423828 157.37835693359375 2.022355079650879
45.628082275390625 160.24008178710938 1.934146761894226
44.64981460571289 163.1995391845703 1.8459433317184448
43.936065673828125 166.23362731933594 1.757735013961792
43.492374420166016 169.31878662109375 1.6695266962051392
43.32219314575195 172.43104553222656 1.5813183784484863
43.42684555053711 175.5461883544922 1.4931100606918335
43.42684555053711 175.5461883544922 1.0931100845336914
45.2657470703125 179.0984344482422 1.0931100845336914
47.10464859008789 182.6506805419922 1.0931100845336914
48.94355010986328 186.2029266357422 1.0931100845336914
50.78245162963867 189.7551727294922 1.0931100845336914
52.62135314941406 193.3074188232422 1.0931100845336914
54.46025466918945 196.8596649169922 1.0931100845336914
56.299156188964844 200.4119110107422 1.0931100845336914
58.138057708740234 203.9641571044922 1.0931100845336914
59.976959228515625 207.5164031982422 1.0931100845336914
61.815860748291016 211.0686492919922 1.0931100845336914
63.654762268066406 214.6208953857422 1.0931100845336914
65.49366760253906 218.1731414794922 1.0931100845336914
67.33257293701172 221.7253875732422 1.0931100845336914
69.17147827148438 225.2776336669922 1.0931100845336914
71.01038360595703 228.8298797607422 1.0931100845336914
72.84928894042969 232.3821258544922 1.0931100845336914
74.68819427490234 235.9343719482422 1.0931100845336914
76.527099609375 239.4866180419922 1.0931100845336914
78.36600494384766 243.0388641357422 1.0931100845336914
80.20491027832031 246.5911102294922 1.0931100845336914
82.04381561279297 250.1433563232422 1.0931100845336914
83.88272094726562 253.6956024169922 1.0931100845336914
85.72162628173828 257.2478332519531 1.0931100845336914
87.56053161621094 260.8000793457031 1.0931100845336914
89.3994369506836 264.3523254394531 1.0931100845336914
91.23834228515625 267.9045715332031 1.0931100845336914
93.0772476196289 271.4568176269531 1.0931100845336914
94.91615295410156 275.0090637207031 1.0931100845336914
96.75505828857422 278.5613098144531 1.0931100845336914
98.59396362304688 282.1135559082031 1.0931100845336914
100.43286895751953 285.6658020019531 1.0931100845336914
102.27177429199219 289.2180480957031 1.0931100845336914
104.11067962646484 292.7702941894531 1.0931100845336914
105.9495849609375 296.3225402832031 1.0931100845336914
107.78849029541016 299.8747863769531 1.0931100845336914
109.62739562988281 303.4270324707031 1.0931100845336914
111.46630096435547 306.9792785644531 1.0931100845336914
113.30520629882812 310.5315246582031 1.0931100845336914
115.14411163330078 314.0837707519531 1.0931100845336914
115.14411163330078 314.0837707519531 0.6931101083755493
115.14411163330078 314.0837707519531 0.29311010241508484
118.9735107421875 315.239501953125 0.29311010241508484
122.80290985107422 316.3952331542969 0.29311010241508484
126.63230895996094 317.55096435546875 0.29311010241508484
130.4617156982422 318.7066955566406 0.29311010241508484
134.29112243652344 319.8624267578125 0.29311010241508484
138.1205291748047 321.0181579589844 0.29311010241508484
141.94993591308594 322.17388916015625 0.29311010241508484
145.7793426513672 323.3296203613281 0.29311010241508484
149.60874938964844 324.4853515625 0.29311010241508484
153.4381561279297 325.6410827636719 0.29311010241508484
153.4381561279297 325.6410827636719 -0.10688990354537964
156.51959228515625 325.1722412109375 -0.19509825110435486
156.51959228515625 325.1722412109375 -0.2833065986633301
156.51959228515625 325.1722412109375 -0.6833065748214722
156.51959228515625 325.1722412109375 -1.0833065509796143
156.51959228515625 325.1722412109375 -1.4833065271377563
156.51959228515625 325.1722412109375 -1.8833065032958984
155.289794921875 321.365966796875 -1.8833065032958984
154.05999755859375 317.5596923828125 -1.8833065032958984
152.8302001953125 313.75341796875 -1.8833065032958984
151.60040283203125 309.9471435546875 -1.8833065032958984
150.37060546875 306.140869140625 -1.8833065032958984
149.14080810546875 302.3345947265625 -1.8833065032958984
147.9110107421875 298.5283203125 -1.8833065032958984
146.68121337890625 294.7220458984375 -1.8833065032958984
145.451416015625 290.915771484375 -1.8833065032958984
144.22161865234375 287.1094970703125 -1.8833065032958984
142.9918212890625 283.30322265625 -1.8833065032958984
141.76202392578125 279.4969482421875 -1.8833065032958984
140.5322265625 275.690673828125 -1.8833065032958984
139.30242919921875 271.8843994140625 -1.8833065032958984
138.0726318359375 268.078125 -1.8833065032958984
136.84283447265625 264.2718505859375 -1.8833065032958984
135.613037109375 260.465576171875 -1.8833065032958984
134.38323974609375 256.6593017578125 -1.8833065032958984
133.1534423828125 252.85304260253906 -1.8833065032958984
131.92364501953125 249.04678344726562 -1.8833065032958984
130.69384765625 245.2405242919922 -1.8833065032958984
129.46405029296875 241.43426513671875 -1.8833065032958984
128.2342529296875 237.6280059814453 -1.8833065032958984
127.14613342285156 234.7071990966797 -1.9715148210525513
125.80493927001953 231.89361572265625 -2.059723138809204
124.2210922241211 229.20912170410156 -2.1479315757751465
122.03858947753906 225.8570098876953 -2.1479315757751465
120.22370910644531 223.32106018066406 -2.2359845638275146
117.7548828125 220.17385864257812 -2.2359845638275146
115.28605651855469 217.0266571044922 -2.2359845638275146
112.81723022460938 213.87945556640625 -2.2359845638275146
110.78720092773438 211.5142822265625 -2.324193000793457
108.05072021484375 208.5968017578125 -2.324193000793457
105.31423950195312 205.6793212890625 -2.324193000793457
103.083740234375 203.50216674804688 -2.4124014377593994
100.10088348388672 200.83709716796875 -2.4124014377593994
97.11802673339844 198.17202758789062 -2.4124014377593994
94.13516998291016 195.5069580078125 -2.4124014377593994
91.15231323242188 192.84188842773438 -2.4124014377593994
88.73869323730469 190.86968994140625 -2.500609874725342
85.53266143798828 188.47775268554688 -2.500609874725342
82.32662963867188 186.0858154296875 -2.500609874725342
79.12059783935547 183.69387817382812 -2.500609874725342
75.91456604003906 181.30194091796875 -2.500609874725342
72.70853424072266 178.91000366210938 -2.500609874725342
69.9369125366211 176.97247314453125 -2.5623862743377686
66.58932495117188 174.7830352783203 -2.5623862743377686
63.241737365722656 172.59359741210938 -2.5623862743377686
59.89414978027344 170.40415954589844 -2.5623862743377686
56.54656219482422 168.2147216796875 -2.5623862743377686
53.198974609375 166.02528381347656 -2.5623862743377686
49.85138702392578 163.83584594726562 -2.5623862743377686
46.50379943847656 161.6464080810547 -2.5623862743377686
43.156211853027344 159.45697021484375 -2.5623862743377686
39.808624267578125 157.2675323486328 -2.5623862743377686
36.461036682128906 155.07809448242188 -2.5623862743377686
36.461036682128906 155.07809448242188 -2.5623862743377686
36.461036682128906 155.07809448242188 -2.9623863697052
36.461036682128906 155.07809448242188 -2.9623863697052
35.8356819152832 155.0714569091797 2.983635187149048
32.782188415527344 155.69699096679688 2.8954267501831055
32.782188415527344 155.69699096679688 2.495426654815674
32.782188415527344 155.69699096679688 2.095426559448242
32.782188415527344 155.69699096679688 1.6954265832901
32.782188415527344 155.69699096679688 1.295426607131958
33.86980056762695 159.54629516601562 1.295426607131958
34.95741271972656 163.39559936523438 1.295426607131958
36.04502487182617 167.24490356445312 1.295426607131958
37.13263702392578 171.09420776367188 1.295426607131958
38.22024917602539 174.94351196289062 1.295426607131958
39.307861328125 178.79281616210938 1.295426607131958
40.39547348022461 182.64212036132812 1.295426607131958
41.48308563232422 186.49142456054688 1.295426607131958
42.57069778442383 190.34072875976562 1.295426607131958
43.65830993652344 194.19003295898438 1.295426607131958
44.74592208862305 198.03933715820312 1.295426607131958
45.833534240722656 201.88864135742188 1.295426607131958
46.921146392822266 205.73794555664062 1.295426607131958
48.008758544921875 209.58724975585938 1.295426607131958
49.096370697021484 213.43655395507812 1.295426607131958
49.096370697021484 213.43655395507812 0.8954266309738159
51.59711456298828 216.55845642089844 0.8954266309738159
54.09785842895508 219.68035888671875 0.8954266309738159
56.598602294921875 222.80226135253906 0.8954266309738159
59.09934616088867 225.92416381835938 0.8954266309738159
61.60009002685547 229.0460662841797 0.8954266309738159
64.100830078125 232.16796875 0.8954266309738159
66.60157012939453 235.2898712158203 0.8954266309738159
69.10231018066406 238.41177368164062 0.8954266309738159
71.6030502319336 241.53367614746094 0.8954266309738159
74.10379028320312 244.65557861328125 0.8954266309738159
76.60453033447266 247.77748107910156 0.8954266309738159
79.10527038574219 250.89938354492188 0.8954266309738159
81.60601043701172 254.0212860107422 0.8954266309738159
84.10675048828125 257.1431884765625 0.8954266309738159
86.60749053955078 260.2651062011719 0.8954266309738159
89.10823059082031 263.38702392578125 0.8954266309738159
91.60897064208984 266.5089416503906 0.8954266309738159
94.10971069335938 269.630859375 0.8954266309738159
96.6104507446289 272.7527770996094 0.8954266309738159
99.11119079589844 275.87469482421875 0.8954266309738159
101.61193084716797 278.9966125488281 0.8954266309738159
104.1126708984375 282.1185302734375 0.8954266309738159
104.1126708984375 282.1185302734375 0.49542662501335144
107.6317367553711 284.0201721191406 0.49542662501335144
111.15080261230469 285.92181396484375 0.49542662501335144
114.66986846923828 287.8234558105469 0.49542662501335144
114.66986846923828 287.8234558105469 0.09542661905288696
117.70176696777344 287.9668273925781 -0.0009273290634155273
120.81551361083984 287.8265075683594 -0.08913566917181015
123.90479278564453 287.4124450683594 -0.17734400928020477
126.94558715820312 286.72784423828125 -0.2655523419380188
126.94558715820312 286.72784423828125 -0.6655523777008057
126.94558715820312 286.72784423828125 -1.0655523538589478
128.8816680908203 283.2276306152344 -1.0655523538589478
130.2801971435547 280.419921875 -1.1517823934555054
131.9076385498047 276.7659606933594 -1.1517823934555054
133.5350799560547 273.11199951171875 -1.1517823934555054
135.1625213623047 269.4580383300781 -1.1517823934555054
135.1625213623047 269.4580383300781 -1.5517823696136475
135.2385711669922 265.4587707519531 -1.5517823696136475
135.3146209716797 261.4595031738281 -1.5517823696136475
135.3906707763672 257.4602355957031 -1.5517823696136475
135.4667205810547 253.46095275878906 -1.5517823696136475
135.5427703857422 249.461669921875 -1.5517823696136475
135.6188201904297 245.46238708496094 -1.5517823696136475
135.6948699951172 241.46310424804688 -1.5517823696136475
135.7709197998047 237.4638214111328 -1.5517823696136475
135.8469696044922 233.46453857421875 -1.5517823696136475
135.9230194091797 229.4652557373047 -1.5517823696136475
135.84481811523438 226.34933471679688 -1.6399906873703003
135.492431640625 223.25241088867188 -1.7281990051269531
134.86859130859375 220.19857788085938 -1.816407322883606
133.9781494140625 217.21156311035156 -1.9046156406402588
132.82803344726562 214.31460571289062 -1.9928239583969116
131.42718505859375 211.5302276611328 -2.0810322761535645
129.7864990234375 208.8800811767578 -2.169240713119507
127.91873168945312 206.38478088378906 -2.257449150085449
125.8384017944336 204.063720703125 -2.3456575870513916
123.56169128417969 201.93495178222656 -2.433866024017334
120.52232360839844 199.3345184326172 -2.433866024017334
117.48295593261719 196.7340850830078 -2.433866024017334
115.0275650024414 194.81414794921875 -2.5220744609832764
111.77093505859375 192.4915771484375 -2.5220744609832764
108.5143051147461 190.16900634765625 -2.5220744609832764
105.89932250976562 188.47283935546875 -2.6102828979492188
102.45074462890625 186.44618225097656 -2.6102828979492188
99.00216674804688 184.41952514648438 -2.6102828979492188
95.5535888671875 182.3928680419922 -2.6102828979492188
92.10501098632812 180.3662109375 -2.6102828979492188
89.35077667236328 178.90701293945312 -2.698491334915161
85.73706817626953 177.19204711914062 -2.698491334915161
82.12335968017578 175.47708129882812 -2.698491334915161
78.50965118408203 173.76211547851562 -2.698491334915161
74.89594268798828 172.04714965820312 -2.698491334915161
71.28223419189453 170.33218383789062 -2.698491334915161
67.66852569580078 168.61721801757812 -2.698491334915161
64.05481719970703 166.90225219726562 -2.698491334915161
60.44111251831055 165.18728637695312 -2.698491334915161
56.82740783691406 163.47232055664062 -2.698491334915161
53.21370315551758 161.75735473632812 -2.698491334915161
49.599998474121094 160.04238891601562 -2.698491334915161
45.98629379272461 158.32742309570312 -2.698491334915161
42.372589111328125 156.61245727539062 -2.698491334915161
38.75888442993164 154.89749145507812 -2.698491334915161
38.75888442993164 154.89749145507812 -2.698491334915161
38.75888442993164 154.89749145507812 -2.698491334915161
38.75888442993164 154.89749145507812 -2.698491334915161
38.75888442993164 154.89749145507812 -2.698491334915161
38.75888442993164 154.89749145507812 -2.698491334915161
38.75888442993164 154.89749145507812 -2.698491334915161
38.75888442993164 154.89749145507812 -2.698491334915161
38.75888442993164 154.89749145507812 -2.698491334915161
38.75888442993164 154.89749145507812 -2.698491334915161
38.75888442993164 154.89749145507812 -2.698491334915161
