-392.11095518129554
-394.0265089036273
-395.73471674129064
-397.22501763509905
-398.48833118707245
-399.517013983935
-400.30485888187144
-400.84719736947443
-401.140803931265
-401.18393810361573
-400.97633784970463
-400.5192301876954
-399.8153264661653
-398.8688330158746
-397.6854128969588
-396.2721950777501
-394.63776284351707
-392.79218736056544
-390.7469760865834
-388.5150023557829
-386.1105911681092
-382.9288920357814
-379.76266800432654
-376.6123093769325
-373.4782176367681
-370.36080574825496
-367.26049846165733
-364.1777340745588
-361.11296048508865
-358.6510152416187
-355.39955656644634
-352.1635117338249
-348.9433095806011
-348.9433095806011
-345.05775331030173
-341.17484250752545
-337.2946685355528
-333.4173269447375
-329.54291771092795
-325.67154549005477
-321.8033198901498
-317.93835576217487
-314.07677351115984
-310.21869942928555
-306.36426605269475
-302.51361254397654
-298.6668851024497
-294.82423740456716
-290.98583107698073
-287.1518362050461
-283.3224318798108
-279.4978067868196
-275.6781598403953
-271.8637008674065
-268.05465134492766
-264.2512451966323
-260.45372965323907
-256.66236618286354
-252.87743149771595
-249.09921864423745
-245.32803818448704
-241.56421947738983
-237.80811206934024
-234.0600872046303
-230.32053946725267
-226.58988856682322
-222.86858128268406
-219.1570935817028
-215.45593292688426
-211.76564079567007
-208.08680952491054
-204.42004293314295
-200.76600206507968
-197.12539459815702
-194.24333595973766
-191.27312271650922
-188.2342554286857
-185.14762025183
-182.03542207106375
-178.92120616601548
-175.82974404786344
-172.78697268580785
-169.81982446603445
-166.9560433279136
-164.2238879422775
-161.6518434766284
-159.2681162705377
-156.36598686291987
-153.51322695343038
-150.71264003555666
-147.96718858622134
-145.27999843242281
-142.65436202840215
-140.093740337416
-137.60176297023054
-135.18222619151882
-132.83908836809167
-130.57646240279155
-128.39860467925996
-126.30990004083361
-124.31484234740897
-122.41801020351615
-120.62403758352542
-118.93757868404856
-117.82587973032385
-117.05240488762752
-116.6284045714208
-116.5609955474256
-116.85133133435262
-117.49450839257352
-118.47982679870256
-119.79128455650894
-121.40828950003832
-123.30652441177322
-123.30652441177322
-123.30652441177322
-123.30652441177322
-123.30652441177322
-126.29351830430028
-129.33524830941298
-132.42794278870258
-135.56811350154192
-138.7525375112632
-141.97823718299418
-145.2424624608626
-148.542673565976
-151.8765246471278
-155.24184844293637
-158.63664197592598
-162.05905327116133
-165.5073690722579
-168.98000351409794
-172.475487702911
-175.99246014934263
-179.529657997801
-183.0859089949997
-186.66012414163808
-190.25129088876108
-193.85846718057664
-193.85846718057664
-196.54379251008567
-199.27322785397544
-202.04498556729175
-204.85734776883584
-207.70866511854115
-210.59735535903746
-213.52190166717102
-216.48085085604984
-219.47281146329595
-222.49645175664602
-225.55049768387008
-228.6337307901775
-231.7449861228483
-234.88315013975108
-234.88315013975108
-236.8520915101005
-238.8717904518723
-240.94097053530626
-243.05836805003327
-245.22273610439717
-245.22273610439717
-245.65993781676383
-245.86269431647867
-245.86269431647867
-245.86269431647867
-245.86269431647867
-242.18046416474846
-238.50846905743524
-234.84718909061655
-231.1971333256098
-227.5588418734142
-223.93288814761667
-220.31988130005473
-216.72046885465423
-213.1353395560338
-209.5652122839385
-206.01088198745916
-202.47318059580553
-198.95299517625955
-195.45127214812413
-192.67127689916694
-189.7857925638012
-186.81293216320452
-183.77217597791366
-180.68438039246286
-177.57175517897113
-174.45785626966025
-171.36753203120185
-168.32678250756638
-165.36266791774085
-162.5030837471735
-159.41859384290947
-155.9553974414376
-152.51847073957927
-149.9352127776739
-146.75481857822092
-143.6154084337358
-140.5197292968962
-138.23202567645058
-135.47033342888776
-132.77171980709076
-130.14010890655763
-127.57964703026973
-125.09470312929002
-122.68986588191243
-120.36993666907689
-118.13991764764765
-116.00499409227095
-113.97051018303873
-112.04193747385804
-110.22483539969184
-108.52480338319839
-106.94742439308224
-105.49820019197332
-104.18247898594458
-103.00537673368004
-101.97169395924236
-101.08583049204711
-100.35170163397832
-100.35170163397832
-100.35170163397832
-100.35170163397832
-100.35170163397832
-100.35170163397832
-100.35170163397832
-100.35170163397832
-100.35170163397832
-100.35170163397832
-100.35170163397832
