62.41606140136719 452.5387268066406 0.8348989486694336
64.70354461669922 455.1938781738281 0.8843997120857239
66.85684967041016 457.958984375 0.9339004755020142
68.87069702148438 460.8272399902344 0.9834012389183044
70.74015808105469 463.7916259765625 1.0329020023345947
72.46064758300781 466.8448791503906 1.0824027061462402
74.0279541015625 469.9795227050781 1.1319034099578857
75.43824005126953 473.1878662109375 1.1814041137695312
76.68804168701172 476.4620666503906 1.2309048175811768
77.77430725097656 479.7940979003906 1.2804055213928223
78.69436645507812 483.1758117675781 1.3299062252044678
79.44597625732422 486.5989074707031 1.3794069290161133
80.02728271484375 490.05499267578125 1.4289076328277588
80.43687438964844 493.5356140136719 1.4784083366394043
80.67373657226562 497.0322265625 1.5279090404510498
80.73729705810547 500.5362854003906 1.5774097442626953
80.76778411865234 504.23907470703125 1.5477142333984375
80.908203125 507.9393310546875 1.5180187225341797
81.1584243774414 511.6337890625 1.4883232116699219
81.51822662353516 515.3191528320312 1.458627700805664
81.98728942871094 518.9922485351562 1.4289321899414062
82.5652084350586 522.6497802734375 1.3992366790771484
83.25146484375 526.2885131835938 1.3695411682128906
84.04546356201172 529.9052734375 1.3398456573486328
84.94649505615234 533.4968872070312 1.310150146484375
85.95376586914062 537.0601806640625 1.2804546356201172
87.06639099121094 540.5919799804688 1.2507591247558594
88.28339385986328 544.0891723632812 1.2210636138916016
89.60369110107422 547.5487060546875 1.1913681030273438
91.026123046875 550.967529296875 1.161672592163086
92.5494384765625 554.3425903320312 1.1319770812988281
94.17229461669922 557.6709594726562 1.1022815704345703
95.89325714111328 560.9496459960938 1.0725860595703125
97.71080780029297 564.17578125 1.0428905487060547
99.62334442138672 567.3465576171875 1.0131950378417969
101.62918090820312 570.4591674804688 0.9834995865821838
101.62918090820312 570.4591674804688 0.583499550819397
101.62918090820312 570.4591674804688 0.1834995448589325
105.27955627441406 571.0806884765625 0.15380409359931946
108.94677734375 571.5935668945312 0.12410864233970642
112.84351348876953 572.0648803710938 0.1166229397058487
116.52725982666016 572.4411010742188 0.08692748844623566
120.22854614257812 572.7098388671875 0.058043207973241806
120.22854614257812 572.7098388671875 -0.3419567942619324
123.69823455810547 571.41650390625 -0.3716522455215454
127.12799835205078 570.0206909179688 -0.40134769678115845
130.51480102539062 568.523681640625 -0.4310431480407715
133.8556671142578 566.9267578125 -0.4607385993003845
137.14764404296875 565.2313232421875 -0.49043405055999756
140.44741821289062 563.419189453125 -0.5139654874801636
143.64453125 561.551025390625 -0.5436609387397766
146.78477478027344 559.5887451171875 -0.5733563899993896
149.86537170410156 557.5341186523438 -0.6030518412590027
152.88360595703125 555.388916015625 -0.6327472925186157
155.83680725097656 553.1550903320312 -0.6624427437782288
158.65267944335938 551.068603515625 -0.6129419803619385
161.56834411621094 549.1240234375 -0.5634412169456482
164.66915893554688 547.1000366210938 -0.5931366682052612
167.70851135253906 544.98486328125 -0.6228321194648743
170.60479736328125 543.0115356445312 -0.573331356048584
173.68544006347656 540.9569702148438 -0.603026807308197
176.70372009277344 538.8118896484375 -0.6327222585678101
179.656982421875 536.578125 -0.6624177098274231
182.54261779785156 534.2576293945312 -0.6921131610870361
185.35809326171875 531.8524780273438 -0.7218086123466492
188.1009063720703 529.3648071289062 -0.7515040636062622
190.76864624023438 526.7968139648438 -0.7811995148658752
193.3589630126953 524.1507568359375 -0.8108949661254883
195.8695831298828 521.428955078125 -0.8405904173851013
198.29827880859375 518.6337890625 -0.8702858686447144
200.64291381835938 515.7677612304688 -0.8999813199043274
202.8887481689453 513.0772705078125 -0.8504805564880371
205.3497772216797 510.2097473144531 -0.8725923299789429
207.6877899169922 507.3382873535156 -0.9022877812385559
209.9274139404297 504.64263916015625 -0.8527870178222656
212.3219757080078 501.81793212890625 -0.8824643492698669
214.6530303955078 498.9049377441406 -0.9093666672706604
216.87351989746094 496.1935119628906 -0.8598659038543701
219.2254638671875 493.5952453613281 -0.8103684186935425
221.73751831054688 490.8747253417969 -0.8400638699531555
224.16793823242188 488.08062744140625 -0.8697280883789062
226.54087829589844 485.1933898925781 -0.8959935307502747
228.7977294921875 482.5113830566406 -0.8465504050254822
231.209716796875 479.7017822265625 -0.8762458562850952
233.5372314453125 476.8218078613281 -0.905940055847168
235.76699829101562 474.11798095703125 -0.8564392924308777
238.12782287597656 471.5278015136719 -0.8069385290145874
240.61392211914062 469.0576171875 -0.7574377655982971
243.26638793945312 466.47381591796875 -0.7871332168579102
245.80091857910156 464.0533447265625 -0.7376324534416199
248.4521026611328 461.7612609863281 -0.6881316900253296
251.2134552001953 459.6031494140625 -0.6386309266090393
254.15347290039062 457.3519592285156 -0.6683263778686523
256.95703125 455.24896240234375 -0.6188256144523621
259.8612060546875 453.2872619628906 -0.5693248510360718
262.85888671875 451.4716796875 -0.5198240876197815
265.9427185058594 449.806640625 -0.4703233540058136
269.10516357421875 448.2962341308594 -0.4208226203918457
272.3384704589844 446.94415283203125 -0.3713218867778778
275.6347351074219 445.75372314453125 -0.3218211531639099
278.9858703613281 444.72784423828125 -0.272320419549942
282.3836364746094 443.8690490722656 -0.22281968593597412
285.81976318359375 443.1794128417969 -0.17331895232200623
289.2857971191406 442.66064453125 -0.12381821125745773
292.77325439453125 442.31402587890625 -0.07431747019290924
296.2735900878906 442.140380859375 -0.02481672912836075
299.7782287597656 442.14013671875 0.024684011936187744
303.2785949707031 442.3133239746094 0.07418475300073624
306.7660827636719 442.65948486328125 0.12368549406528473
310.232177734375 443.17779541015625 0.17318624258041382
313.66839599609375 443.8669738769531 0.2226869761943817
317.0662841796875 444.725341796875 0.2721877098083496
320.41754150390625 445.7507629394531 0.3216884434223175
323.7139587402344 446.9407653808594 0.3711891770362854
326.94744873046875 448.29241943359375 0.4206899106502533
330.110107421875 449.8023986816406 0.4701906442642212
333.1941833496094 451.467041015625 0.5196914076805115
336.1921081542969 453.2822265625 0.5691921710968018
339.0965270996094 455.2435302734375 0.618692934513092
341.9003601074219 457.3461608886719 0.6681936979293823
344.5967102050781 459.5849304199219 0.7176944613456726
347.1789855957031 461.9543762207031 0.7671952247619629
349.640869140625 464.4486999511719 0.8166959881782532
351.976318359375 467.061767578125 0.8661967515945435
354.1795959472656 469.7872009277344 0.9156975150108337
356.2453308105469 472.6183166503906 0.965198278427124
358.1684265136719 475.5481872558594 1.0146989822387695
359.9442138671875 478.5696105957031 1.064199686050415
361.5683288574219 481.6752014160156 1.1137003898620605
363.0367736816406 484.85736083984375 1.163201093673706
364.3459777832031 488.1082763671875 1.2127017974853516
365.4927062988281 491.41998291015625 1.262202501296997
366.47418212890625 494.7843933105469 1.3117032051086426
367.2879638671875 498.1932373046875 1.361203908920288
367.9320983886719 501.63818359375 1.4107046127319336
368.57659912109375 505.2845764160156 1.3810091018676758
369.3290710449219 508.91021728515625 1.351313591003418
370.1888427734375 512.5119018554688 1.3216180801391602
371.1551818847656 516.0864868164062 1.2919225692749023
372.22723388671875 519.6307983398438 1.2622270584106445
373.404052734375 523.1417236328125 1.2325315475463867
374.6846008300781 526.6161499023438 1.202836036682129
376.0677490234375 530.051025390625 1.173140525817871
377.55224609375 533.443359375 1.1434450149536133
379.1368103027344 536.7901000976562 1.1137495040893555
380.820068359375 540.0883178710938 1.0840539932250977
382.6004943847656 543.3350830078125 1.0543584823608398
384.4765319824219 546.527587890625 1.024662971496582
386.446533203125 549.6629638671875 0.994967520236969
388.5087585449219 552.7384643554688 0.965272068977356
390.6614074707031 555.7514038085938 0.9355766177177429
392.9025573730469 558.6990966796875 0.9058811664581299
395.230224609375 561.5789184570312 0.8761857151985168
397.64239501953125 564.3883666992188 0.8464902639389038
400.13690185546875 567.1249389648438 0.8167948126792908
400.13690185546875 567.1249389648438 0.4167948067188263
403.54473876953125 568.5736083984375 0.38710495829582214
407.1308898925781 570.0068359375 0.37330156564712524
407.1308898925781 570.0068359375 -0.026698440313339233
410.8305969238281 569.85302734375 -0.05639389157295227
414.52410888671875 569.5894775390625 -0.08608934283256531
418.2081604003906 569.2163696289062 -0.11578479409217834
421.8795166015625 568.7340087890625 -0.14548024535179138
425.5349426269531 568.1428833007812 -0.17517569661140442
429.17120361328125 567.4434814453125 -0.20487114787101746
432.78509521484375 566.6364135742188 -0.2345665991306305
436.3734130859375 565.722412109375 -0.26426205039024353
439.9330139160156 564.7022705078125 -0.29395750164985657
443.46075439453125 563.576904296875 -0.3236529529094696
446.95355224609375 562.3472900390625 -0.35334840416908264
450.4082946777344 561.0144653320312 -0.3830438554286957
453.8219299316406 559.5796508789062 -0.4127393066883087
457.19146728515625 558.0441284179688 -0.44243475794792175
460.3948059082031 556.6224975585938 -0.39293402433395386
463.6645812988281 555.361083984375 -0.34343329071998596
466.9927673339844 554.2630004882812 -0.29393255710601807
470.5205383300781 553.1376953125 -0.3236280083656311
473.86981201171875 552.1057739257812 -0.2741272747516632
477.419189453125 551.050537109375 -0.30382272601127625
480.7882385253906 550.0851440429688 -0.25432199239730835
484.4448547363281 549.09326171875 -0.2754405736923218
487.8399353027344 548.223876953125 -0.22593984007835388
491.5439758300781 547.3351440429688 -0.24501895904541016
495.1728820800781 546.3799438476562 -0.26975610852241516
498.5728454589844 545.5298461914062 -0.22025537490844727
502.17388916015625 544.6672973632812 -0.2499508261680603
505.74774169921875 543.6981811523438 -0.27964627742767334
509.2912292480469 542.6234130859375 -0.3093417286872864
512.80126953125 541.4439086914062 -0.3390371799468994
516.2747192382812 540.1607055664062 -0.36873263120651245
519.7085571289062 538.77490234375 -0.3984280824661255
523.0997314453125 537.2877807617188 -0.4281235337257385
526.4452514648438 535.7006225585938 -0.45781898498535156
529.7421875 534.0148315429688 -0.4875144362449646
532.9876098632812 532.2318725585938 -0.5172098875045776
536.1786499023438 530.3533325195312 -0.5469053387641907
539.3125 528.3809204101562 -0.5766007900238037
542.3864135742188 526.3162841796875 -0.6062962412834167
545.3976440429688 524.1613159179688 -0.6359916925430298
548.3435668945312 521.9179077148438 -0.6656871438026428
551.2216186523438 519.5880126953125 -0.6953825950622559
554.0292358398438 517.1737060546875 -0.7250780463218689
556.763916015625 514.6770629882812 -0.7547734975814819
559.4232788085938 512.100341796875 -0.784468948841095
562.0049438476562 509.44580078125 -0.814164400100708
564.5066528320312 506.7157897949219 -0.843859851360321
566.9262084960938 503.9126892089844 -0.8735553026199341
569.261474609375 501.03900146484375 -0.9032507538795471
571.5103759765625 498.09722900390625 -0.9329462051391602
573.739501953125 495.0247802734375 -0.9533470869064331
573.739501953125 495.0247802734375 -1.3533470630645752
573.739501953125 495.0247802734375 -1.7533470392227173
573.0133056640625 491.3937683105469 -1.7830424308776855
572.1796264648438 487.7859191894531 -1.8127379417419434
571.2391967773438 484.2044372558594 -1.8424334526062012
570.1928100585938 480.6524353027344 -1.872128963470459
569.0414428710938 477.1330871582031 -1.9018244743347168
567.7860717773438 473.64947509765625 -1.9315199851989746
566.4278564453125 470.20465087890625 -1.9612154960632324
564.9679565429688 466.80169677734375 -1.9909110069274902
563.4076538085938 463.4435729980469 -2.020606517791748
561.748291015625 460.1332702636719 -2.050302028656006
559.9913940429688 456.8736877441406 -2.0799975395202637
558.1384887695312 453.6676940917969 -2.1096930503845215
556.1912231445312 450.51812744140625 -2.1393885612487793
554.1513061523438 447.42779541015625 -2.169084072113037
552.0205078125 444.3993835449219 -2.198779582977295
549.8007202148438 441.4355773925781 -2.2284750938415527
549.8007202148438 441.4355773925781 -2.6284751892089844
546.5480346679688 439.6659240722656 -2.658170700073242
543.2442626953125 437.9936218261719 -2.6878662109375
539.8922729492188 436.420166015625 -2.717561721801758
536.4950561523438 434.9469299316406 -2.7472572326660156
533.293701171875 433.52081298828125 -2.69775652885437
530.1668701171875 431.9380187988281 -2.6482558250427246
527.1221313476562 430.20245361328125 -2.598755121231079
524.1670532226562 428.318359375 -2.5492544174194336
521.0646362304688 426.2968444824219 -2.5789499282836914
517.903564453125 424.36834716796875 -2.608645439147949
514.6866455078125 422.5345458984375 -2.638340950012207
511.6593017578125 420.7688903808594 -2.5888402462005615
508.7230224609375 418.8555908203125 -2.539339542388916
505.6407775878906 416.8034362792969 -2.569035053253174
502.49896240234375 414.84368896484375 -2.5987305641174316
499.30035400390625 412.97808837890625 -2.6284260749816895
496.2906494140625 411.1824951171875 -2.578925371170044
493.1296081542969 409.25390625 -2.6086208820343018
489.9127197265625 407.4200439453125 -2.6383163928985596
486.8854064941406 405.654296875 -2.588815689086914
483.7054443359375 403.757080078125 -2.618511199951172
480.4705505371094 401.9551086425781 -2.6482067108154297
477.4259338378906 400.2193908691406 -2.598706007003784
474.2273864746094 398.3537292480469 -2.628401517868042
470.974853515625 396.5838317871094 -2.6580970287323
467.9132080078125 394.8783264160156 -2.6085963249206543
464.69635009765625 393.04437255859375 -2.638291835784912
461.42645263671875 391.3067321777344 -2.66798734664917
458.34808349609375 389.631591796875 -2.6184866428375244
455.1132507324219 387.8295593261719 -2.6481821537017822
452.06866455078125 386.0937805175781 -2.5986814498901367
449.1131896972656 384.2092590332031 -2.5492351055145264
446.01080322265625 382.18768310546875 -2.578930616378784
442.8497619628906 380.2591247558594 -2.608626127243042
439.6328430175781 378.4252624511719 -2.6383216381073
436.3628845214844 376.6877136230469 -2.668015956878662
433.28448486328125 375.0126647949219 -2.6185152530670166
430.0495910644531 373.2107238769531 -2.6482107639312744
427.00494384765625 371.47503662109375 -2.598710060119629
423.8063659667969 369.609375 -2.6284055709838867
420.5538024902344 367.8395080566406 -2.6581010818481445
417.4921569824219 366.1340026855469 -2.608600378036499
414.2752990722656 364.3000793457031 -2.638295888900757
411.0054016113281 362.5624694824219 -2.6679913997650146
407.9270324707031 360.8873291015625 -2.618490695953369
404.69219970703125 359.0852966308594 -2.648186206817627
401.4052734375 357.3800964355469 -2.6778817176818848
398.31048583984375 355.7354736328125 -2.6283810138702393
395.0579833984375 353.96551513671875 -2.658076524734497
391.9963684082031 352.25994873046875 -2.6085758209228516
388.779541015625 350.4259338378906 -2.6382713317871094
385.5096740722656 348.688232421875 -2.667966842651367
382.43133544921875 347.0130310058594 -2.6184661388397217
379.196533203125 345.2109069824219 -2.6481616497039795
376.1519775390625 343.4750671386719 -2.598660945892334
372.9534912109375 341.6092529296875 -2.628356456756592
369.7010192871094 339.8392333984375 -2.6580519676208496
366.5046081542969 338.2471923828125 -2.7009289264678955
363.37274169921875 336.6743469238281 -2.65142822265625
360.3221130371094 334.94830322265625 -2.601970672607422
357.11749267578125 333.09307861328125 -2.6316661834716797
353.85919189453125 331.3338317871094 -2.6613616943359375
350.7919921875 329.6383361816406 -2.611860990524292
347.56915283203125 327.8149108886719 -2.64155650138855
344.5361328125 326.0589904785156 -2.5920557975769043
344.5361328125 326.0589904785156 -2.992055892944336
341.0845947265625 325.4512634277344 -2.9425551891326904
337.6673583984375 324.6734924316406 -2.893054485321045
334.29278564453125 323.72760009765625 -2.8435537815093994
330.9691467285156 322.6158752441406 -2.794053077697754
327.70458984375 321.341064453125 -2.7445523738861084
324.5071105957031 319.9062805175781 -2.695051670074463
321.3845520019531 318.3150329589844 -2.6455509662628174
318.34454345703125 316.57122802734375 -2.596050262451172
315.39453125 314.67913818359375 -2.5465495586395264
312.2975769042969 312.6492614746094 -2.576245069503784
309.14154052734375 310.7120666503906 -2.6059179306030273
306.1730041503906 308.84918212890625 -2.556417226791382
303.30029296875 306.8417053222656 -2.5069165229797363
300.2860412597656 304.6905517578125 -2.5365893840789795
297.20947265625 302.6299133300781 -2.5662848949432373
294.07305908203125 300.6615295410156 -2.595980405807495
290.8796081542969 298.7871398925781 -2.625675916671753
287.63189697265625 297.0083923339844 -2.6553714275360107
284.5749206542969 295.2945251464844 -2.6058707237243652
281.6064758300781 293.4315185546875 -2.5563700199127197
281.6064758300781 293.4315185546875 -2.9563701152801514
278.1788024902344 292.7010498046875 -2.906869411468506
274.7914733886719 291.8018493652344 -2.8573687076568604
271.4527893066406 290.73614501953125 -2.807868003845215
268.1709289550781 289.5065612792969 -2.7583673000335693
264.9539489746094 288.1160888671875 -2.708866596221924
261.8096923828125 286.5681457519531 -2.6593658924102783
258.7458801269531 284.86651611328125 -2.609865188598633
255.77001953125 283.015380859375 -2.5603644847869873
252.889404296875 281.0192565917969 -2.510863780975342
250.111083984375 278.883056640625 -2.4613630771636963
247.44186401367188 276.61199951171875 -2.411862373352051
244.88829040527344 274.2116394042969 -2.3623616695404053
242.4566192626953 271.6878662109375 -2.3128609657287598
240.15280151367188 269.046875 -2.2633602619171143
237.98248291015625 266.29510498046875 -2.2138595581054688
235.95098876953125 263.4393310546875 -2.1643588542938232
234.0632781982422 260.4865417480469 -2.1148581504821777
232.32398986816406 257.4439392089844 -2.0653574466705322
230.7373809814453 254.3190155029297 -2.0158567428588867
229.30734252929688 251.11941528320312 -1.9663560390472412
228.03736877441406 247.8529815673828 -1.9168553352355957
226.93057250976562 244.5277099609375 -1.8673546314239502
225.9896697998047 241.1517333984375 -1.8178539276123047
225.2169647216797 237.73333740234375 -1.7683532238006592
224.61434936523438 234.28089904785156 -1.7188525199890137
224.1833038330078 230.80287170410156 -1.6693518161773682
223.9248809814453 227.3077850341797 -1.6198511123657227
223.83970642089844 223.80418395996094 -1.5703504085540771
223.92799377441406 220.3006591796875 -1.5208497047424316
224.1895294189453 216.80580139160156 -1.4713490009307861
224.62367248535156 213.32815551757812 -1.4218482971191406
225.2293701171875 209.87625122070312 -1.3723475933074951
226.005126953125 206.45855712890625 -1.3228468894958496
226.94903564453125 203.08343505859375 -1.273346185684204
228.0587921142578 199.75914001464844 -1.2238454818725586
229.33168029785156 196.49383544921875 -1.174344778060913
230.7645721435547 193.29551696777344 -1.1248440742492676
232.35397338867188 190.17201232910156 -1.075343370437622
234.09597778320312 187.1309814453125 -1.0258426666259766
235.98631286621094 184.17987060546875 -0.9763419032096863
238.02035522460938 181.32591247558594 -0.926841139793396
240.19313049316406 178.5760955810547 -0.8773403763771057
242.49929809570312 175.93714904785156 -0.8278396129608154
244.9332275390625 173.41554260253906 -0.7783388495445251
247.4889373779297 171.0174560546875 -0.7288380861282349
250.16017150878906 168.74876403808594 -0.6793373227119446
252.94039916992188 166.6150360107422 -0.6298365592956543
255.8227996826172 164.62149047851562 -0.580335795879364
258.8003234863281 162.77301025390625 -0.5308350324630737
261.86566162109375 161.07411193847656 -0.48133429884910583
265.01129150390625 159.5289764404297 -0.43183356523513794
268.2295227050781 158.14137268066406 -0.38233283162117004
271.5124816894531 156.9147186279297 -0.33283209800720215
274.85211181640625 155.8520050048828 -0.28333136439323425
278.240234375 154.95584106445312 -0.23383063077926636
281.6685485839844 154.22842407226562 -0.18432989716529846
285.128662109375 153.67152404785156 -0.13482916355133057
288.6120910644531 153.28651428222656 -0.08532842248678207
292.11029052734375 153.0743408203125 -0.03582768142223358
295.6147155761719 153.0355224609375 0.013673059642314911
299.11676025390625 153.17015075683594 0.0631738007068634
302.60784912109375 153.47789001464844 0.1126745417714119
306.0794372558594 153.95799255371094 0.1621752828359604
309.52301025390625 154.60928344726562 0.21167603135108948
312.9301452636719 155.43017578125 0.2611767649650574
316.29248046875 156.41864013671875 0.31067749857902527
319.601806640625 157.572265625 0.36017823219299316
322.8499755859375 158.8882293701172 0.40967896580696106
326.029052734375 160.36331176757812 0.45917969942092896
329.1312561035156 161.99388122558594 0.5086804628372192
332.14898681640625 163.7759552001953 0.5581812262535095
335.0748291015625 165.70516967773438 0.6076819896697998
337.9016418457031 167.77679443359375 0.6571827530860901
340.62249755859375 169.98574829101562 0.7066835165023804
343.230712890625 172.32662963867188 0.7561842799186707
345.71990966796875 174.793701171875 0.8056850433349609
348.083984375 177.3809051513672 0.8551858067512512
350.317138671875 180.08192443847656 0.9046865701675415
352.4139099121094 182.89013671875 0.9541873335838318
354.3691711425781 185.79864501953125 1.003688097000122
356.1781005859375 188.8003387451172 1.0531888008117676
357.8363037109375 191.8878631591797 1.102689504623413
359.3396911621094 195.0536651611328 1.1521902084350586
360.6846008300781 198.28997802734375 1.201690912246704
361.86773681640625 201.5888671875 1.2511916160583496
362.8861999511719 204.9422607421875 1.3006923198699951
363.73748779296875 208.34193420410156 1.3501930236816406
364.41949462890625 211.77957153320312 1.3996937274932861
364.9305725097656 215.24673461914062 1.4491944313049316
365.43426513671875 218.91522216796875 1.4194989204406738
366.0466613769531 222.567138671875 1.389803409576416
366.7672119140625 226.1992645263672 1.3601078987121582
367.59527587890625 229.8083953857422 1.3304123878479004
368.5301513671875 233.39134216308594 1.3007168769836426
369.57098388671875 236.94496154785156 1.2710213661193848
370.7168884277344 240.4661102294922 1.241325855255127
371.9668273925781 243.95167541503906 1.2116303443908691
373.3197021484375 247.39859008789062 1.1819348335266113
374.7743225097656 250.80381774902344 1.1522393226623535
376.32940673828125 254.16436767578125 1.1225438117980957
377.98358154296875 257.4772644042969 1.092848300933838
379.7353820800781 260.73956298828125 1.06315279006958
381.5832824707031 263.94842529296875 1.0334572792053223
383.525634765625 267.10101318359375 1.0037617683410645
385.56072998046875 270.19451904296875 0.9740663170814514
387.6867980957031 273.22625732421875 0.9443708658218384
389.9019470214844 276.19354248046875 0.9146754145622253
392.2042236328125 279.0937194824219 0.8849799633026123
394.5915832519531 281.9242858886719 0.8552845120429993
397.0619201660156 284.6827087402344 0.8255890607833862
399.6130676269531 287.3665771484375 0.7958936095237732
402.2427978515625 289.9735107421875 0.7661981582641602
404.9487609863281 292.501220703125 0.7365027070045471
407.72857666015625 294.9474792480469 0.7068072557449341
410.5798034667969 297.31011962890625 0.677111804485321
413.49993896484375 299.5870666503906 0.647416353225708
416.48638916015625 301.77630615234375 0.617720901966095
419.5364990234375 303.8758850097656 0.5880254507064819
422.6476135253906 305.8840026855469 0.5583299994468689
425.8169860839844 307.7988586425781 0.5286345481872559
429.04180908203125 309.6187744140625 0.4989390969276428
432.3192443847656 311.3421325683594 0.4692436456680298
435.6463928222656 312.9674072265625 0.43954819440841675
439.0203552246094 314.4931945800781 0.4098527431488037
442.4381103515625 315.9181213378906 0.3801572918891907
445.89666748046875 317.2409362792969 0.35046184062957764
449.3929748535156 318.4604797363281 0.3207663893699646
452.9239501953125 319.57568359375 0.29107093811035156
456.4864807128906 320.5855407714844 0.2613754868507385
460.0774230957031 321.48919677734375 0.2316800355911255
463.6936340332031 322.28582763671875 0.20198458433151245
467.3319091796875 322.9747314453125 0.17228913307189941
470.989013671875 323.5553283691406 0.14259368181228638
474.6617431640625 324.0270690917969 0.11289823055267334
478.13323974609375 324.5079650878906 0.16239896416664124
481.7958984375 325.0523681640625 0.1327035129070282
485.2571716308594 325.6018981933594 0.1822042465209961
488.9083557128906 326.2187194824219 0.15250879526138306
492.3580627441406 326.8367004394531 0.20200952887535095
496.0925598144531 327.5635986328125 0.18247313797473907
499.7435607910156 328.181396484375 0.15277768671512604
503.41131591796875 328.6905212402344 0.123082235455513
507.0925598144531 329.09051513671875 0.09338678419589996
510.7840576171875 329.38104248046875 0.06369133293628693
514.4825439453125 329.56182861328125 0.03399588167667389
518.1847534179688 329.6327209472656 0.004300430417060852
521.887451171875 329.5936584472656 -0.025395020842552185
525.5873413085938 329.4446716308594 -0.05509047210216522
529.2811889648438 329.1859130859375 -0.08478592336177826
532.9657592773438 328.8175964355469 -0.1144813746213913
536.6377563476562 328.34002685546875 -0.14417682588100433
540.2939453125 327.753662109375 -0.17387227714061737
543.9310913085938 327.0589904785156 -0.2035677284002304
547.5460205078125 326.2566223144531 -0.23326317965984344
551.1355590820312 325.3472900390625 -0.2629586458206177
554.6964721679688 324.331787109375 -0.2926540970802307
558.2257080078125 323.21099853515625 -0.32234954833984375
561.7200927734375 321.98590087890625 -0.3520449995994568
565.1765747070312 320.6575927734375 -0.3817404508590698
568.5921020507812 319.2272644042969 -0.41143590211868286
571.963623046875 317.6961364746094 -0.4411313533782959
575.2882080078125 316.0655822753906 -0.47082680463790894
578.5629272460938 314.3370361328125 -0.500522255897522
578.5629272460938 314.3370361328125 -0.530217707157135
578.5629272460938 314.3370361328125 -0.559913158416748
578.5629272460938 314.3370361328125 -0.9599131345748901
578.5629272460938 314.3370361328125 -1.3599131107330322
578.5629272460938 314.3370361328125 -1.7599130868911743
578.5629272460938 314.3370361328125 -2.1599130630493164
576.4600219726562 311.2892150878906 -2.189608573913574
574.2675170898438 308.30517578125 -2.219304084777832
572.2205200195312 305.46051025390625 -2.1698033809661865
570.3167724609375 302.5180358886719 -2.120302677154541
568.560791015625 299.4847412109375 -2.070828676223755
566.7373657226562 296.26190185546875 -2.1005241870880127
565.0418701171875 293.1947021484375 -2.051023483276367
563.500244140625 290.04736328125 -2.0015227794647217
561.9043579101562 286.70599365234375 -2.0312182903289795
560.4253540039062 283.52874755859375 -1.981717586517334
558.993408203125 280.5208740234375 -2.0485215187072754
557.4596557617188 277.36968994140625 -1.9990208148956299
556.0836791992188 274.1464538574219 -1.9495201110839844
554.868896484375 270.8591003417969 -1.9000200033187866
553.6198120117188 267.373046875 -1.929699182510376
552.4703979492188 264.062255859375 -1.8801984786987305
551.4862060546875 260.6986389160156 -1.830697774887085
550.4815673828125 257.1346130371094 -1.8603932857513428
549.564208984375 253.75218200683594 -1.8108925819396973
548.6278686523438 250.1333465576172 -1.8370805978775024
547.7896118164062 246.73043823242188 -1.787579894065857
546.9395751953125 243.1264190673828 -1.8172752857208252
546.1688232421875 239.70758056640625 -1.7677745819091797
545.3903198242188 236.08743286132812 -1.7974700927734375
544.6874389648438 232.6540069580078 -1.747969388961792
543.9807739257812 229.01914978027344 -1.7776648998260498
543.3460083007812 225.57247924804688 -1.7281641960144043
542.7114868164062 221.92434692382812 -1.757859706878662
542.1451416015625 218.4657745361328 -1.7083590030670166
541.5829467773438 214.8057861328125 -1.7380545139312744
541.085205078125 211.336669921875 -1.6885544061660767
540.5956420898438 207.6658935546875 -1.7182129621505737
540.1668090820312 204.18759155273438 -1.6687122583389282
539.7501220703125 200.5081787109375 -1.6984052658081055
539.3902587890625 197.02206420898438 -1.64890456199646
539.0465698242188 193.33514404296875 -1.6786000728607178
538.7572021484375 189.847900390625 -1.6285593509674072
538.4885864257812 186.15475463867188 -1.658254861831665
538.1104125976562 182.47120666503906 -1.6879503726959229
537.7870483398438 178.9815216064453 -1.6384496688842773
537.4818725585938 175.2912139892578 -1.6681451797485352
537.2276611328125 171.79580688476562 -1.6186450719833374
536.9956665039062 168.10012817382812 -1.6483367681503296
536.654052734375 164.4130096435547 -1.6780321598052979
536.3652954101562 160.9202880859375 -1.6285314559936523
536.0967407226562 157.2271270751953 -1.6582269668579102
535.877197265625 153.7293701171875 -1.6087262630462646
535.6874389648438 149.98977661132812 -1.6342761516571045
535.3978271484375 146.29672241210938 -1.6638230085372925
535.1587524414062 142.8002471923828 -1.614322304725647
535.0929565429688 139.29612731933594 -1.5648313760757446
535.06005859375 135.59336853027344 -1.594526767730713
534.8668823242188 132.29486083984375 -1.6640441417694092
534.6270141601562 128.79844665527344 -1.6145434379577637
534.5604248046875 125.29444122314453 -1.5650427341461182
534.5267333984375 121.59168243408203 -1.594738245010376
534.529541015625 118.08702850341797 -1.5452394485473633
534.5692138671875 114.38433074951172 -1.574934959411621
534.4989013671875 110.68209075927734 -1.604630470275879
534.3345947265625 106.87071990966797 -1.6231341361999512
534.2379150390625 103.36741638183594 -1.5736334323883057
534.1724243164062 99.66508483886719 -1.6033289432525635
533.9970703125 95.9663314819336 -1.6330244541168213
533.7119750976562 92.2744140625 -1.662719964981079
533.3173828125 88.59259033203125 -1.692415475845337
532.8135986328125 84.92411041259766 -1.7221109867095947
532.201171875 81.27220153808594 -1.7518064975738525
531.4805297851562 77.64009094238281 -1.7815020084381104
530.6524047851562 74.03097534179688 -1.8111975193023682
529.7174682617188 70.44803619384766 -1.840893030166626
528.6765747070312 66.89443969726562 -1.8705885410308838
527.5306396484375 63.373313903808594 -1.9002840518951416
526.2806396484375 59.88776397705078 -1.9299795627593994
524.927734375 56.44086456298828 -1.9596750736236572
523.4730834960938 53.0356559753418 -1.989370584487915
521.91796875 49.675140380859375 -2.019066095352173
520.2637329101562 46.362281799316406 -2.0487616062164307
518.5118408203125 43.099998474121094 -2.0784571170806885
516.6638793945312 39.89116668701172 -2.1081526279449463
514.721435546875 36.73862075805664 -2.137848138809204
512.686279296875 33.64513397216797 -2.167543649673462
510.5601501464844 30.613439559936523 -2.1972391605377197
510.5601501464844 30.613439559936523 -2.5972392559051514
507.36431884765625 28.743074417114258 -2.626934766769409
507.36431884765625 28.743074417114258 -3.026934862136841
503.6798400878906 28.374099731445312 -3.0566303730010986
499.98602294921875 28.11468505859375 -3.0863258838653564
496.2861328125 27.965057373046875 -3.1160213947296143
492.58343505859375 27.925350189208984 3.1374683380126953
488.8811950683594 27.99559783935547 3.1077728271484375
485.18267822265625 28.175739288330078 3.0780773162841797
481.4911193847656 28.465614318847656 3.048381805419922
477.809814453125 28.864967346191406 3.018686294555664
474.1419982910156 29.37344741821289 2.9889907836914062
470.4908752441406 29.990604400634766 2.9592952728271484
466.85968017578125 30.71589469909668 2.9295997619628906
463.25164794921875 31.54867935180664 2.899904251098633
459.669921875 32.488224029541016 2.870208740234375
456.11767578125 33.53369903564453 2.840513229370117
452.5980224609375 34.68418502807617 2.8108177185058594
449.11407470703125 35.93866729736328 2.7811222076416016
445.6689147949219 37.29603576660156 2.7514266967773438
442.2655944824219 38.755096435546875 2.721731185913086
439.0309753417969 40.104068756103516 2.7712318897247314
435.7334899902344 41.291378021240234 2.8207247257232666
432.2373046875 42.51128387451172 2.791029214859009
428.9170227050781 43.633052825927734 2.840528726577759
425.3973083496094 44.78348922729492 2.810837745666504
422.05548095703125 45.839263916015625 2.8603384494781494
418.5132141113281 46.91980743408203 2.8306918144226074
415.1510925292969 47.90903091430664 2.880192518234253
411.744140625 48.730682373046875 2.9296932220458984
408.3006896972656 49.38275146484375 2.979193925857544
404.8291931152344 49.8636360168457 3.0286946296691895
401.3381652832031 50.17216110229492 3.078195333480835
397.8361511230469 50.30757141113281 3.1276960372924805
394.33172607421875 50.269535064697266 -3.1059885025024414
390.8334655761719 50.058143615722656 -3.056487798690796
387.3499450683594 49.67391586303711 -3.0069870948791504
383.88970947265625 49.117794036865234 -2.957486391067505
380.46124267578125 48.391136169433594 -2.9079856872558594
376.8465881347656 47.5875358581543 -2.937681198120117
373.20965576171875 46.8916130065918 -2.967376708984375
369.7740478515625 46.19889831542969 -2.9178857803344727
366.151611328125 45.431121826171875 -2.9475812911987305
362.5079650878906 44.771240234375 -2.9772768020629883
358.8463439941406 44.21983337402344 -3.006972312927246
355.1699523925781 43.77738571166992 -3.036667823791504
351.4820556640625 43.44429016113281 -3.0663633346557617
347.785888671875 43.22084045410156 -3.0960588455200195
344.084716796875 43.10723114013672 -3.1257543563842773
340.5829772949219 42.965023040771484 -3.076253652572632
336.8847961425781 42.77813720703125 -3.1059491634368896
333.18267822265625 42.70113754272461 -3.1356446743011475
329.47991943359375 42.734092712402344 3.117845058441162
325.97528076171875 42.7305793762207 -3.1158394813537598
322.2725830078125 42.69020080566406 3.13765025138855
318.5703125 42.75977325439453 3.107954740524292
314.87176513671875 42.939239501953125 3.078259229660034
311.18017578125 43.22844314575195 3.0485637187957764
307.6836853027344 43.46755599975586 3.0980618000030518
303.9870910644531 43.6836051940918 3.068366289138794
300.29852294921875 44.009315490722656 3.038670778274536
296.8045959472656 44.28300094604492 3.0881714820861816
293.1103210449219 44.53559875488281 3.058475971221924
289.4251708984375 44.89777374267578 3.028780460357666
285.75238037109375 45.369205474853516 2.999084949493408
282.2720031738281 45.78095245361328 3.0485849380493164
278.5906066894531 46.17955780029297 3.0188894271850586
274.92266845703125 46.68729019165039 2.989193916320801
271.446533203125 47.13343811035156 3.0386946201324463
267.7692565917969 47.56843185424805 3.0089991092681885
264.1065368652344 48.11241912841797 2.9793035984039307
260.635009765625 48.59292221069336 3.028804302215576
256.96221923828125 49.064266204833984 2.9991087913513184
253.30503845214844 49.64445114135742 2.9694132804870605
249.8384246826172 50.15926742553711 3.018913984298706
246.17047119140625 50.66691207885742 2.9892184734344482
242.5192108154297 51.28323745727539 2.9595229625701904
239.057861328125 51.832313537597656 3.009023666381836
235.39511108398438 52.3762092590332 2.979328155517578
231.7501220703125 53.02861785888672 2.9496326446533203
228.29437255859375 53.611900329589844 2.999133348464966
224.63717651367188 54.191993713378906 2.969437837600708
221.17054748535156 54.70672607421875 3.018937826156616
217.50259399414062 55.21428298950195 2.9892423152923584
214.0264434814453 55.6602668762207 3.0387418270111084
210.34913635253906 56.095088958740234 3.009047508239746
206.86434936523438 56.47228240966797 3.058497905731201
203.17918395996094 56.834373474121094 3.0288023948669434
199.5063934326172 57.30572509765625 2.9991068840026855
196.02601623535156 57.71739196777344 3.048607587814331
192.34461975097656 58.11591339111328 3.0189120769500732
188.85678100585938 58.45857620239258 3.0684127807617188
185.168212890625 58.784114837646484 3.038717269897461
181.6742706298828 59.05763626098633 3.0882179737091064
177.97998046875 59.310062408447266 3.0585224628448486
174.48129272460938 59.514339447021484 3.108022451400757
170.78273010253906 59.69355773925781 3.078326940536499
167.28070068359375 59.82850646972656 3.1278276443481445
163.5792999267578 59.934444427490234 3.0981321334838867
160.0752716064453 60.0000114440918 -3.135552406311035
156.3725128173828 60.032623291015625 3.1179373264312744
152.67234802246094 60.17516326904297 3.0882418155670166
149.1691436767578 60.27538299560547 3.137742519378662
145.46688842773438 60.3446159362793 3.1080470085144043
141.96238708496094 60.37543869018555 -3.1256375312805176
138.2594757080078 60.371337890625 3.127852201461792
134.7550506591797 60.3327522277832 -3.10583233833313
131.05294799804688 60.25532150268555 -3.1355278491973877
127.54998016357422 60.147342681884766 -3.086027145385742
123.85014343261719 59.996612548828125 -3.11572265625
120.1474609375 59.9557991027832 3.1377670764923096
116.64359283447266 59.882469177246094 -3.0959174633026123
112.94244384765625 59.76833724975586 -3.12561297416687
109.23954010009766 59.76414489746094 3.1278767585754395
105.73512268066406 59.7254753112793 -3.1058077812194824
102.03302764892578 59.647953033447266 -3.1355032920837402
98.33026123046875 59.68038558959961 3.1179864406585693
94.63008880615234 59.8227424621582 3.0882909297943115
90.93577575683594 60.07489776611328 3.0585954189300537
87.25057983398438 60.43663024902344 3.028899908065796
83.75949096679688 60.74443817138672 3.0784006118774414
80.0678482055664 61.033119201660156 3.0487051010131836
76.38640594482422 61.43128204345703 3.019009590148926
72.71841430664062 61.938575744628906 2.989314079284668
69.06710052490234 62.5545539855957 2.95961856842041
65.43568420410156 63.27867126464844 2.9299230575561523
61.827369689941406 64.11029052734375 2.9002275466918945
58.24533462524414 65.04867553710938 2.8705320358276367
54.69274139404297 66.09300231933594 2.840836524963379
51.17272186279297 67.24234771728516 2.811141014099121
47.68838119506836 68.4957046508789 2.7814455032348633
44.24279022216797 69.85195922851562 2.7517499923706055
40.838985443115234 71.30992126464844 2.7220544815063477
37.4799690246582 72.86830139160156 2.69235897064209
34.168704986572266 74.52572631835938 2.662663459777832
30.908111572265625 76.2807388305664 2.632967948913574
27.701065063476562 78.13179016113281 2.6032724380493164
24.550392150878906 80.0772476196289 2.5735769271850586
21.45886993408203 82.11539459228516 2.543881416320801
18.42922592163086 84.24443054199219 2.514185905456543
18.42922592163086 84.24443054199219 2.484490394592285
18.42922592163086 84.24443054199219 2.4547948837280273
18.42922592163086 84.24443054199219 2.4250993728637695
18.42922592163086 84.24443054199219 2.3954038619995117
18.42922592163086 84.24443054199219 2.365708351135254
18.42922592163086 84.24443054199219 2.336012840270996
18.42922592163086 84.24443054199219 2.3063173294067383
18.42922592163086 84.24443054199219 2.2766218185424805
18.42922592163086 84.24443054199219 2.2469263076782227
18.42922592163086 84.24443054199219 2.217230796813965
