62.41606140136719 452.5387268066406 0.8348989486694336
64.70354461669922 455.1938781738281 0.8843997120857239
66.85684967041016 457.958984375 0.9339004755020142
68.87069702148438 460.8272399902344 0.9834012389183044
70.74015808105469 463.7916259765625 1.0329020023345947
72.46064758300781 466.8448791503906 1.0824027061462402
74.0279541015625 469.9795227050781 1.1319034099578857
75.43824005126953 473.1878662109375 1.1814041137695312
76.68804168701172 476.4620666503906 1.2309048175811768
77.77430725097656 479.7940979003906 1.2804055213928223
78.69436645507812 483.1758117675781 1.3299062252044678
79.44597625732422 486.5989074707031 1.3794069290161133
80.02728271484375 490.05499267578125 1.4289076328277588
80.43687438964844 493.5356140136719 1.4784083366394043
80.67373657226562 497.0322265625 1.5279090404510498
80.73729705810547 500.5362854003906 1.5774097442626953
80.76774597167969 504.23931884765625 1.5477380752563477
80.90804290771484 507.9398193359375 1.51806640625
81.1580581665039 511.634521484375 1.4883947372436523
81.517578125 515.3201904296875 1.4587230682373047
81.98628234863281 518.9935302734375 1.429051399230957
82.56375885009766 522.6513671875 1.3993797302246094
83.24949645996094 526.2904663085938 1.3697080612182617
84.04290008544922 529.9075927734375 1.340036392211914
84.9432601928711 533.4996337890625 1.3103647232055664
85.94979095458984 537.0633544921875 1.2806930541992188
87.06160736083984 540.5956420898438 1.251021385192871
88.27772521972656 544.0933837890625 1.2213497161865234
89.59707641601562 547.5535278320312 1.1916780471801758
91.01850128173828 550.9730224609375 1.1620063781738281
92.5407485961914 554.3488159179688 1.1323347091674805
94.1624755859375 557.677978515625 1.1026630401611328
95.88225555419922 560.9575805664062 1.0729913711547852
97.69857788085938 564.1846923828125 1.0433197021484375
99.6098403930664 567.3565063476562 1.0136480331420898
101.6143569946289 570.47021484375 0.9839763045310974
101.6143569946289 570.47021484375 0.5839762687683105
101.6143569946289 570.47021484375 0.18397626280784607
105.26465606689453 571.0935668945312 0.15430454909801483
108.93184661865234 571.6083374023438 0.1246328353881836
112.82814025878906 572.0816040039062 0.1171272024512291
116.51193237304688 572.459716796875 0.08745548129081726
120.21418762207031 572.730712890625 0.058684010058641434
120.21418762207031 572.730712890625 -0.34131598472595215
123.68494415283203 571.4395141601562 -0.3709877133369446
127.1158676147461 570.0459594726562 -0.400659441947937
130.50393676757812 568.5512084960938 -0.43033117055892944
133.84617614746094 566.9566040039062 -0.4600028991699219
137.13963317871094 565.2635498046875 -0.4896746277809143
140.44012451171875 563.4541625976562 -0.5132736563682556
143.63876342773438 561.588134765625 -0.542945384979248
146.78062438964844 559.6280517578125 -0.5726171135902405
149.8629608154297 557.5756225585938 -0.6022888422012329
152.88304138183594 555.4326171875 -0.6319605708122253
155.83822631835938 553.2009887695312 -0.6616322994232178
158.65579223632812 551.1168212890625 -0.6121315360069275
161.57302856445312 549.1746215820312 -0.5626307725906372
164.6757049560547 547.153076171875 -0.5923025012016296
167.717041015625 545.0403442382812 -0.6219742298126221
170.61502075195312 543.0695190429688 -0.5724734663963318
173.69764709472656 541.0175170898438 -0.6021451950073242
176.71804809570312 538.8749389648438 -0.6318169236183167
179.67355346679688 536.6437377929688 -0.6614886522293091
182.56155395507812 534.3258056640625 -0.6911603808403015
185.3795166015625 531.9232177734375 -0.720832109451294
188.12496948242188 529.4381103515625 -0.7505038380622864
190.7954864501953 526.8726196289062 -0.7801755666732788
193.3887176513672 524.2290649414062 -0.8098472952842712
195.90237426757812 521.5097045898438 -0.8395190238952637
198.33424377441406 518.7169799804688 -0.8691907525062561
200.68218994140625 515.8533325195312 -0.8988624811172485
202.9310302734375 513.1653442382812 -0.8493617177009583
205.423095703125 510.2784423828125 -0.8679823875427246
207.77450561523438 507.4176330566406 -0.897654116153717
210.02659606933594 504.7323913574219 -0.8481540083885193
212.43434143066406 501.9187316894531 -0.8778169751167297
214.76710510253906 499.0267028808594 -0.906245231628418
216.9960479736328 496.32220458984375 -0.8567444682121277
219.3561248779297 493.7312316894531 -0.8072515726089478
221.8768310546875 491.0184326171875 -0.8369233012199402
224.3160400390625 488.2319641113281 -0.8665844202041626
226.68060302734375 485.36676025390625 -0.8950818181037903
228.9403839111328 482.6859436035156 -0.8457362651824951
231.35484313964844 479.878173828125 -0.8754079937934875
233.68495178222656 477.0 -0.90507972240448
235.9170379638672 474.298095703125 -0.8555789589881897
238.28009033203125 471.7099609375 -0.8060781955718994
240.80398559570312 469.0001220703125 -0.8357499241828918
243.21788024902344 466.4593505859375 -0.7862491607666016
245.75454711914062 464.0411376953125 -0.7367483973503113
248.4077606201172 461.75140380859375 -0.687247633934021
251.1710205078125 459.5957336425781 -0.6377468705177307
254.1132354736328 457.3470458984375 -0.6674185991287231
256.918701171875 455.2466125488281 -0.6179178357124329
259.82464599609375 453.2875671386719 -0.5684170722961426
262.823974609375 451.4747009277344 -0.5189163088798523
265.9093322753906 449.8124694824219 -0.4694155752658844
269.0731506347656 448.304931640625 -0.4199148416519165
272.3077087402344 446.9557800292969 -0.3704141080379486
275.60504150390625 445.7683410644531 -0.3209133744239807
278.95709228515625 444.7455139160156 -0.2714126408100128
282.35565185546875 443.8898010253906 -0.22191190719604492
285.7923889160156 443.2032775878906 -0.17241117358207703
289.2588806152344 442.6876525878906 -0.12291043251752853
292.74664306640625 442.34417724609375 -0.07340969145298004
296.24713134765625 442.1737060546875 -0.02390895038843155
299.75177001953125 442.1766662597656 0.025591790676116943
303.251953125 442.35302734375 0.07509253174066544
306.7391357421875 442.7023620605469 0.12459327280521393
310.20477294921875 443.22381591796875 0.17409402132034302
313.6403503417969 443.9161071777344 0.2235947549343109
317.0374755859375 444.7775573730469 0.2730954885482788
320.3878173828125 445.8060302734375 0.3225962221622467
323.68316650390625 446.9990234375 0.3720969557762146
326.9154357910156 448.3536071777344 0.4215976893901825
330.07672119140625 449.866455078125 0.4710984230041504
333.1592712402344 451.53387451171875 0.5205991864204407
336.1555480957031 453.3517761230469 0.570099949836731
339.0581970214844 455.31573486328125 0.6196007132530212
341.860107421875 457.4208984375 0.6691014766693115
344.554443359375 459.662109375 0.7186022400856018
347.13458251953125 462.0339050292969 0.7681030035018921
349.59417724609375 464.53045654296875 0.8176037669181824
351.92724609375 467.1456604003906 0.8671045303344727
354.1280517578125 469.87310791015625 0.9166052937507629
356.1911926269531 472.70611572265625 0.9661060571670532
358.11163330078125 475.6377258300781 1.0156067609786987
359.8846740722656 478.6607666015625 1.0651074647903442
361.5059509277344 481.7678527832031 1.1146081686019897
362.97149658203125 484.95135498046875 1.1641088724136353
364.2777404785156 488.2034606933594 1.2136095762252808
365.4214782714844 491.5162048339844 1.2631102800369263
366.39990234375 494.8815002441406 1.3126109838485718
367.2106018066406 498.29107666015625 1.3621116876602173
367.8515930175781 501.7366027832031 1.4116123914718628
368.4927673339844 505.3838195800781 1.3819407224655151
369.2418518066406 509.0104064941406 1.3522690534591675
370.09820556640625 512.6131591796875 1.3225973844528198
371.0610656738281 516.18896484375 1.2929257154464722
372.12957763671875 519.734619140625 1.2632540464401245
373.3028259277344 523.2470092773438 1.2335823774337769
374.5797424316406 526.7230224609375 1.2039107084274292
375.959228515625 530.1596069335938 1.1742390394210815
377.4400634765625 533.5537719726562 1.1445673704147339
379.02093505859375 536.9025268554688 1.1148957014083862
380.7004699707031 540.202880859375 1.0852240324020386
382.4771728515625 543.4519653320312 1.055552363395691
384.3494873046875 546.6469116210938 1.0258806943893433
386.3157653808594 549.784912109375 0.9962089657783508
388.374267578125 552.8632202148438 0.9665372371673584
390.523193359375 555.8790893554688 0.936865508556366
392.7606506347656 558.8298950195312 0.9071937799453735
395.08465576171875 561.7130126953125 0.8775220513343811
397.4931945800781 564.52587890625 0.8478503227233887
399.9841003417969 567.2660522460938 0.8181785941123962
399.9841003417969 567.2660522460938 0.41817858815193176
403.3904113769531 568.7197265625 0.3885468542575836
403.3904113769531 568.7197265625 -0.01145315170288086
407.09228515625 568.6223754882812 -0.041124869138002396
410.7896423339844 568.415283203125 -0.07079658657312393
414.4792175292969 568.0985717773438 -0.10046830773353577
418.15777587890625 567.6725463867188 -0.130140021443367
421.82208251953125 567.1375732421875 -0.15981173515319824
425.4689025878906 566.494140625 -0.18948344886302948
429.09503173828125 565.7427978515625 -0.21915516257286072
432.697265625 564.8841552734375 -0.24882687628269196
436.2724304199219 563.9190673828125 -0.2784985899925232
439.8173828125 562.8483276367188 -0.3081703186035156
443.3290100097656 561.6728515625 -0.33784204721450806
446.8042297363281 560.3937377929688 -0.3675137758255005
450.2399597167969 559.0120849609375 -0.3971855044364929
453.50433349609375 557.73681640625 -0.34768542647361755
456.966796875 556.423583984375 -0.37735715508461
460.25579833984375 555.2132568359375 -0.3278564214706421
463.7436218261719 553.9689331054688 -0.3575281500816345
467.0559997558594 552.8240966796875 -0.3080274164676666
470.56781005859375 551.649169921875 -0.33769914507865906
473.9022216796875 550.5701904296875 -0.28819841146469116
477.28594970703125 549.6575317382812 -0.23869767785072327
480.8707275390625 548.7286987304688 -0.2683694064617157
484.2718811035156 547.88330078125 -0.2188686728477478
487.8743591308594 547.0256958007812 -0.24854038655757904
491.2915954589844 546.2479248046875 -0.19903963804244995
494.9103698730469 545.4619140625 -0.2287113517522812
494.9103698730469 545.4619140625 0.1712886542081833
498.56829833984375 546.0389404296875 0.14161694049835205
502.2417297363281 546.5072021484375 0.11194522678852081
505.92742919921875 546.8662719726562 0.08227351307868958
509.6221618652344 547.1158447265625 0.05260179564356804
513.3226928710938 547.2556762695312 0.022930078208446503
517.0256958007812 547.28564453125 -0.006741639226675034
520.7279663085938 547.2057495117188 -0.03641335666179657
524.42626953125 547.0160522460938 -0.06608507037162781
528.1173095703125 546.7167358398438 -0.09575678408145905
531.7978515625 546.3080444335938 -0.12542849779129028
535.464599609375 545.7903442382812 -0.15510021150112152
539.1143798828125 545.1640625 -0.18477192521095276
542.7440185546875 544.4298095703125 -0.214443638920784
546.3502807617188 543.5881958007812 -0.24411535263061523
549.929931640625 542.6399536132812 -0.27378708124160767
553.4799194335938 541.5859375 -0.3034588098526001
556.9970703125 540.4270629882812 -0.33313053846359253
560.478271484375 539.1643676757812 -0.36280226707458496
563.9204711914062 537.7989501953125 -0.3924739956855774
567.3206787109375 536.3319702148438 -0.4221457242965698
570.6758422851562 534.7647705078125 -0.45181745290756226
573.9830322265625 533.0987548828125 -0.4814891815185547
577.2393798828125 531.3353271484375 -0.5111609101295471
580.4419555664062 529.47607421875 -0.5408326387405396
580.4419555664062 529.47607421875 -0.5703963041305542
580.4419555664062 529.47607421875 -0.9703962802886963
580.4419555664062 529.47607421875 -1.3703962564468384
580.4419555664062 529.47607421875 -1.7703962326049805
580.4419555664062 529.47607421875 -2.170396327972412
578.30712890625 526.4502563476562 -2.2000679969787598
576.0834350585938 523.4890747070312 -2.2297396659851074
574.0068359375 520.6658935546875 -2.180238962173462
572.0724487304688 517.7434692382812 -2.1307382583618164
570.0592651367188 514.6353759765625 -2.160409927368164
567.9539184570312 511.5865478515625 -2.1898868083953857
565.760498046875 508.6029052734375 -2.2195584774017334
563.4795532226562 505.6856384277344 -2.249230146408081
561.113037109375 502.8373107910156 -2.2789018154144287
558.6630859375 500.0604553222656 -2.3085734844207764
556.1318359375 497.3575134277344 -2.338245153427124
553.521484375 494.7308654785156 -2.3679168224334717
550.8343505859375 492.18280029296875 -2.3975884914398193
548.0728149414062 489.715576171875 -2.427260160446167
545.2393188476562 487.33135986328125 -2.4569318294525146
542.3363037109375 485.0322570800781 -2.4866034984588623
539.3663940429688 482.8203125 -2.51627516746521
536.2847290039062 480.64892578125 -2.53928279876709
533.2024536132812 478.5964050292969 -2.5689544677734375
530.3048095703125 476.6250915527344 -2.519453763961792
527.2529296875 474.5008239746094 -2.547600746154785
524.1536865234375 472.4740295410156 -2.577272415161133
520.9955444335938 470.53997802734375 -2.606931686401367
518.025146484375 468.68011474609375 -2.557431697845459
514.9061279296875 466.6838684082031 -2.5871033668518066
511.6632995605469 464.722412109375 -2.6081085205078125
508.6907043457031 462.86602783203125 -2.5586085319519043
505.5693359375 460.87347412109375 -2.588280200958252
502.3902282714844 458.9743957519531 -2.6179518699645996
499.1561584472656 457.17047119140625 -2.6476235389709473
496.112548828125 455.4329833984375 -2.5981228351593018
493.15863037109375 453.5470275878906 -2.5486221313476562
490.3016357421875 451.5172119140625 -2.4991214275360107
487.548583984375 449.3485107421875 -2.4496207237243652
484.9062194824219 447.0462646484375 -2.4001200199127197
482.3810119628906 444.6160888671875 -2.350619316101074
479.9791259765625 442.0639343261719 -2.3011186122894287
477.70648193359375 439.39605712890625 -2.251617908477783
475.5686340332031 436.6189880371094 -2.2021172046661377
473.57080078125 433.73956298828125 -2.152616500854492
471.7178955078125 430.7648010253906 -2.1031157970428467
469.7912902832031 427.602294921875 -2.1327874660491943
467.771728515625 424.4983215332031 -2.162459135055542
465.66094970703125 421.45562744140625 -2.1921308040618896
463.4608459472656 418.4768981933594 -2.2218024730682373
461.17333984375 415.56475830078125 -2.251474142074585
458.8004455566406 412.7217712402344 -2.2811458110809326
456.34423828125 409.9504089355469 -2.3108174800872803
453.806884765625 407.2531433105469 -2.340489149093628
451.18988037109375 404.6312255859375 -2.3700273036956787
448.7389221191406 402.12615966796875 -2.320526599884033
446.1755065917969 399.45367431640625 -2.350198268890381
443.533935546875 396.8583984375 -2.3798699378967285
440.81634521484375 394.3423767089844 -2.4095098972320557
438.2684326171875 391.9360046386719 -2.36000919342041
435.6015319824219 389.36676025390625 -2.389680862426758
432.8595886230469 386.8777770996094 -2.4193525314331055
430.0450134277344 384.47125244140625 -2.449024200439453
427.1507873535156 382.13824462890625 -2.4772658348083496
424.2016296386719 379.8986511230469 -2.5069375038146973
421.4317321777344 377.7515563964844 -2.4574368000030518
418.5275573730469 375.45391845703125 -2.4871084690093994
415.5564880371094 373.24346923828125 -2.516780138015747
412.76556396484375 371.12371826171875 -2.4672794342041016
409.83892822265625 368.85479736328125 -2.496951103210449
406.84625244140625 366.6736755371094 -2.526622772216797
403.7901916503906 364.5823059082031 -2.5562939643859863
400.917724609375 362.574462890625 -2.506793260574341
397.90374755859375 360.42291259765625 -2.5364649295806885
394.8272399902344 358.3617248535156 -2.566136598587036
391.6909484863281 356.3927307128906 -2.595808267593384
388.74139404296875 354.49993896484375 -2.5463075637817383
385.644775390625 352.4691467285156 -2.575979232788086
382.73333740234375 350.51824951171875 -2.5264785289764404
379.6775817871094 348.42645263671875 -2.556150197982788
376.5611267089844 346.4262390136719 -2.5858218669891357
373.6306457519531 344.50408935546875 -2.5363211631774902
370.554443359375 342.4424743652344 -2.565992832183838
367.4184265136719 340.4730224609375 -2.5956645011901855
364.2253723144531 338.59747314453125 -2.625336170196533
361.2212219238281 336.7926025390625 -2.5758354663848877
358.06597900390625 334.8540954589844 -2.6055071353912354
354.8546142578125 333.01007080078125 -2.635178804397583
351.8328552246094 331.2348327636719 -2.5856781005859375
348.65869140625 329.3274841308594 -2.615349769592285
345.4293518066406 327.51513671875 -2.645021438598633
342.3902587890625 325.7697448730469 -2.5955207347869873
339.1974792480469 323.89373779296875 -2.625192403793335
335.950439453125 322.11328125 -2.6548640727996826
332.8943176269531 320.39788818359375 -2.605363368988037
329.6832275390625 318.55340576171875 -2.6350350379943848
326.4188232421875 316.80499267578125 -2.6647067070007324
323.3459777832031 315.1197509765625 -2.615206003189087
320.11688232421875 313.30694580078125 -2.6448776721954346
317.0780334472656 311.56109619140625 -2.595376968383789
313.8855285644531 309.68463134765625 -2.6250486373901367
310.6387634277344 307.9036865234375 -2.6547203063964844
307.340576171875 306.2198486328125 -2.684391975402832
304.2351379394531 304.5954284667969 -2.6348912715911865
301.2138977050781 302.8193359375 -2.585390567779541
298.040283203125 300.91107177734375 -2.6150622367858887
298.040283203125 300.91107177734375 -3.0150623321533203
294.57568359375 300.3829040527344 -2.965561628341675
291.1414489746094 299.6839599609375 -2.9160609245300293
287.7460021972656 298.8159484863281 -2.866560220718384
284.3976745605469 297.7809753417969 -2.8170595169067383
281.1046447753906 296.58160400390625 -2.7675588130950928
277.875 295.22076416015625 -2.7180581092834473
274.7166442871094 293.7017822265625 -2.6685574054718018
271.6373291015625 292.02838134765625 -2.6190567016601562
268.64459228515625 290.2046813964844 -2.5695559978485107
265.7457580566406 288.235107421875 -2.5200552940368652
262.7034912109375 286.12371826171875 -2.549726963043213
259.3838806152344 283.89208984375 -2.549726963043213
256.524658203125 281.8654479980469 -2.5002262592315674
253.76922607421875 279.6997985839844 -2.450725555419922
251.1243133544922 277.40045166015625 -2.4012248516082764
248.59642028808594 274.9730529785156 -2.351724147796631
246.1917266845703 272.4235534667969 -2.3022234439849854
243.9161376953125 269.7582092285156 -2.25272274017334
241.77520751953125 266.9835205078125 -2.2032220363616943
239.77420043945312 264.1062927246094 -2.153721332550049
237.9180145263672 261.1335754394531 -2.1042206287384033
236.21119689941406 258.0726623535156 -2.054719924926758
234.6579132080078 254.93104553222656 -2.0052192211151123
233.26199340820312 251.71641540527344 -1.9557185173034668
232.02684020996094 248.4366455078125 -1.9062178134918213
230.95547485351562 245.0997772216797 -1.8567171096801758
230.050537109375 241.7139892578125 -1.8072164058685303
229.31423950195312 238.28756713867188 -1.7577157020568848
228.74838256835938 234.82891845703125 -1.7082149982452393
228.35435485839844 231.3465118408203 -1.6587142944335938
228.13311767578125 227.84886169433594 -1.6092135906219482
228.08522033691406 224.3445587158203 -1.5597128868103027
228.21078491210938 220.84217834472656 -1.5102121829986572
228.50949096679688 217.3502960205078 -1.4607114791870117
228.98060607910156 213.87747192382812 -1.4112107753753662
229.62298583984375 210.4322052001953 -1.3617100715637207
230.43504333496094 207.02294921875 -1.3122093677520752
231.41481018066406 203.65805053710938 -1.2627086639404297
232.55987548828125 200.3457489013672 -1.2132079601287842
233.867431640625 197.0941619873047 -1.1637072563171387
235.3342742919922 193.9112548828125 -1.1142065525054932
236.95680236816406 190.80484008789062 -1.0647058486938477
238.73104858398438 187.78250122070312 -1.0152051448822021
240.65267944335938 184.85165405273438 -0.9657043814659119
242.7169647216797 182.0194854736328 -0.9162036180496216
244.9188690185547 179.2929229736328 -0.8667028546333313
247.2529754638672 176.6786651611328 -0.817202091217041
249.71359252929688 174.18309020996094 -0.7677013278007507
252.294677734375 171.8123321533203 -0.7182005643844604
254.98989868164062 169.5721893310547 -0.6686998009681702
257.79266357421875 167.46815490722656 -0.6191990375518799
260.69610595703125 165.50537109375 -0.5696982741355896
263.693115234375 163.68865966796875 -0.5201975107192993
266.7763366699219 162.0224609375 -0.4706967771053314
269.938232421875 160.5108642578125 -0.4211960434913635
273.1710510253906 159.15757751464844 -0.37169530987739563
276.46685791015625 157.96591186523438 -0.32219457626342773
279.8175964355469 156.93878173828125 -0.27269384264945984
283.2150573730469 156.07870483398438 -0.22319310903549194
286.6509094238281 155.38778686523438 -0.17369237542152405
290.1167297363281 154.8677215576172 -0.12419163435697556
293.60406494140625 154.51979064941406 -0.07469089329242706
297.1043395996094 154.34483337402344 -0.02519015222787857
300.6089782714844 154.34329223632812 0.024310588836669922
304.1094055175781 154.51516723632812 0.07381132990121841
307.5970458984375 154.8600311279297 0.1233120709657669
311.0633239746094 155.37704467773438 0.172812819480896
314.4997863769531 156.06494140625 0.2223135530948639
317.89801025390625 156.92202758789062 0.2718142867088318
321.2496643066406 157.9462127685547 0.3213150203227997
324.5465393066406 159.13497924804688 0.3708157539367676
327.7805480957031 160.4854278564453 0.4203164875507355
330.9437561035156 161.99423217773438 0.46981722116470337
334.0284423828125 163.65771484375 0.5193179845809937
337.02703857421875 165.47178649902344 0.5688187479972839
339.93218994140625 167.4320068359375 0.6183195114135742
342.73681640625 169.53358459472656 0.6678202748298645
345.43402099609375 171.7713623046875 0.7173210382461548
348.0171813964844 174.1398468017578 0.7668218016624451
350.47998046875 176.6332550048828 0.8163225650787354
352.81640625 179.24546813964844 0.8658233284950256
355.02069091796875 181.9700927734375 0.9153240919113159
357.08746337890625 184.80044555664062 0.9648248553276062
359.01165771484375 187.72959899902344 1.0143256187438965
360.78857421875 190.7503662109375 1.063826322555542
362.4138488769531 193.85536193847656 1.1133270263671875
363.88348388671875 197.03697204589844 1.162827730178833
365.1938781738281 200.2873992919922 1.2123284339904785
366.34185791015625 203.59869384765625 1.261829137802124
367.3245849609375 206.9627227783203 1.3113298416137695
368.1396484375 210.3712615966797 1.360830545425415
368.7850646972656 213.81594848632812 1.4103312492370605
369.2592468261719 217.28836059570312 1.459831953048706
369.723876953125 220.96224975585938 1.4301602840423584
370.29730224609375 224.6207275390625 1.4004886150360107
370.97900390625 228.26058959960938 1.370816946029663
371.7684020996094 231.8786163330078 1.3411452770233154
372.664794921875 235.4716339111328 1.3114736080169678
373.6673889160156 239.03648376464844 1.2818019390106201
374.7752990722656 242.5700225830078 1.2521302700042725
375.987548828125 246.0691375732422 1.2224586009979248
377.3030700683594 249.53074645996094 1.1927869319915771
378.720703125 252.95179748535156 1.1631152629852295
380.23919677734375 256.32928466796875 1.1334435939788818
381.85723876953125 259.6602478027344 1.1037719249725342
383.5733947753906 262.9417419433594 1.0741002559661865
385.3861389160156 266.1708679199219 1.0444285869598389
387.29388427734375 269.34478759765625 1.0147569179534912
389.2949523925781 272.4607238769531 0.9850851893424988
391.3875732421875 275.51593017578125 0.9554134607315063
393.5699157714844 278.5076904296875 0.9257417321205139
395.8400573730469 281.43341064453125 0.8960700035095215
398.19598388671875 284.29046630859375 0.866398274898529
400.6356506347656 287.0763854980469 0.8367265462875366
403.1568908691406 289.7886962890625 0.8070548176765442
405.7574768066406 292.4250183105469 0.7773830890655518
408.4351501464844 294.9830322265625 0.7477113604545593
411.1875305175781 297.4604797363281 0.7180396318435669
414.01220703125 299.85516357421875 0.6883679032325745
416.90667724609375 302.1650085449219 0.658696174621582
419.868408203125 304.3879699707031 0.6290244460105896
422.894775390625 306.5220642089844 0.5993527173995972
425.9831237792969 308.5654602050781 0.5696809887886047
429.1307373046875 310.5163269042969 0.5400092601776123
432.3348388671875 312.3729553222656 0.5103375315666199
435.5926208496094 314.1336975097656 0.48066580295562744
438.90118408203125 315.7970275878906 0.450994074344635
442.2576599121094 317.3614501953125 0.4213223457336426
445.6590576171875 318.82562255859375 0.39165061712265015
449.1023864746094 320.188232421875 0.3619788885116577
452.5846252441406 321.4480895996094 0.3323071599006653
456.10272216796875 322.6040954589844 0.30263543128967285
459.653564453125 323.65521240234375 0.2729637026786804
463.2340393066406 324.60052490234375 0.24329198896884918
466.8409729003906 325.4391784667969 0.21362027525901794
470.47119140625 326.17047119140625 0.1839485615491867
474.12152099609375 326.7937316894531 0.15427684783935547
477.7887268066406 327.3084411621094 0.12460513412952423
481.4695739746094 327.714111328125 0.094933420419693
484.9491271972656 328.132568359375 0.1444341540336609
488.4037170410156 328.7226867675781 0.19393488764762878
492.0476379394531 329.38238525390625 0.16426317393779755
495.70953369140625 329.9336853027344 0.1345914602279663
499.38616943359375 330.3760986328125 0.10491974651813507
503.0743103027344 330.709228515625 0.07524803280830383
506.77069091796875 330.93280029296875 0.0455763153731823
510.4720764160156 331.046630859375 0.01590459793806076
514.1752319335938 331.05059814453125 -0.013767119497060776
517.8768920898438 330.9447021484375 -0.04343883693218231
521.57373046875 330.7290344238281 -0.07311055064201355
525.2625732421875 330.4037780761719 -0.10278226435184479
528.9401245117188 329.96923828125 -0.13245397806167603
532.6031494140625 329.42578125 -0.16212569177150726
536.2484741210938 328.7738952636719 -0.1917974054813385
539.8728637695312 328.0141296386719 -0.22146911919116974
543.4730834960938 327.1471862792969 -0.251140832901001
547.0460205078125 326.1737976074219 -0.2808125615119934
550.5885009765625 325.0948486328125 -0.31048429012298584
554.097412109375 323.9112854003906 -0.34015601873397827
557.5696411132812 322.6241455078125 -0.3698277473449707
561.002197265625 321.23455810546875 -0.39949947595596313
564.3920288085938 319.7437438964844 -0.42917120456695557
567.736083984375 318.15301513671875 -0.458842933177948
571.031494140625 316.4637756347656 -0.48851466178894043
574.2753295898438 314.6775207519531 -0.5181863903999329
577.4647827148438 312.7958068847656 -0.5478581190109253
577.4647827148438 312.7958068847656 -0.9478580951690674
577.4647827148438 312.7958068847656 -1.3478580713272095
577.4647827148438 312.7958068847656 -1.7478580474853516
576.7584838867188 309.16064453125 -1.7775297164916992
575.9447021484375 305.54803466796875 -1.8072013854980469
575.0240478515625 301.9611511230469 -1.8368730545043945
573.9974365234375 298.4031677246094 -1.8665447235107422
572.86572265625 294.877197265625 -1.8962163925170898
571.6298828125 291.3863525390625 -1.9258880615234375
570.291015625 287.9337158203125 -1.9555597305297852
568.8502807617188 284.5223083496094 -1.9852313995361328
567.3090209960938 281.1551513671875 -2.0149030685424805
565.6685180664062 277.835205078125 -2.044574737548828
563.9302368164062 274.5653991699219 -2.074246406555176
562.31591796875 271.4547119140625 -2.0247457027435303
560.8574829101562 268.2679443359375 -1.9752449989318848
559.3406372070312 264.8468322753906 -2.0010037422180176
557.958251953125 261.6263427734375 -1.951503038406372
557.377197265625 259.6387634277344 -1.7588998079299927
556.630859375 256.0115966796875 -1.7885714769363403
555.7772216796875 252.40818786621094 -1.818243145942688
554.8170776367188 248.83168029785156 -1.8479148149490356
553.751220703125 245.2852325439453 -1.8775864839553833
552.5806274414062 241.77197265625 -1.907258152961731
551.5057983398438 238.4362335205078 -1.8577574491500854
550.4050903320312 234.90045166015625 -1.887429118156433
549.3966064453125 231.54405212402344 -1.8379284143447876
548.555419921875 228.141845703125 -1.7884290218353271
547.7022705078125 224.53831481933594 -1.8181006908416748
546.9287109375 221.12010192871094 -1.7686012983322144
546.147216796875 217.5003662109375 -1.798272967338562
545.4415893554688 214.06748962402344 -1.7487735748291016
544.7319946289062 210.43296813964844 -1.7784452438354492
544.0945434570312 206.98675537109375 -1.7289477586746216
543.4571533203125 203.33888244628906 -1.7586194276809692
542.8881225585938 199.880615234375 -1.7091318368911743
542.3231201171875 196.2208251953125 -1.738803505897522
541.82275390625 192.75209045410156 -1.6893028020858765
541.3304443359375 189.08181762695312 -1.7189744710922241
540.8989868164062 185.60385131835938 -1.6694737672805786
540.4795532226562 181.92453002929688 -1.6991454362869263
539.95703125 178.13072204589844 -1.7161787748336792
539.5352783203125 174.65155029296875 -1.6666780710220337
539.1270141601562 170.95887756347656 -1.6951473951339722
538.7785034179688 167.4716033935547 -1.6456472873687744
538.4468383789062 163.78334045410156 -1.675318956375122
538.1675415039062 160.28981018066406 -1.6258221864700317
537.9090576171875 156.595703125 -1.6554938554763794
537.5410766601562 152.910888671875 -1.685165524482727
537.2274169921875 149.42031860351562 -1.6356648206710815
536.9325561523438 145.7289276123047 -1.6653364896774292
536.6881713867188 142.23281860351562 -1.6158357858657837
536.468017578125 138.52467346191406 -1.6443562507629395
536.1411743164062 134.83547973632812 -1.6739779710769653
535.8665771484375 131.34161376953125 -1.6244772672653198
535.613037109375 127.64714050292969 -1.654147744178772
535.4077758789062 124.14852142333984 -1.6046470403671265
535.47216796875 121.2762680053711 -1.4920965433120728
535.70849609375 117.58067321777344 -1.5217682123184204
535.8350830078125 113.87969207763672 -1.551439881324768
535.851806640625 110.17658233642578 -1.5811115503311157
535.7586669921875 106.474609375 -1.6107832193374634
535.767822265625 103.33358001708984 -1.5249837636947632
535.8825073242188 99.63220977783203 -1.5546554327011108
535.8873291015625 95.92906951904297 -1.5843271017074585
535.7822875976562 92.22740936279297 -1.6139987707138062
535.5675048828125 88.5304946899414 -1.6436704397201538
535.2431030273438 84.84158325195312 -1.6733421087265015
534.8094482421875 81.1639175415039 -1.7030137777328491
534.266845703125 77.50074005126953 -1.7326854467391968
533.6157836914062 73.85527038574219 -1.7623571157455444
532.8568725585938 70.23072052001953 -1.792028784751892
531.9907836914062 66.63027954101562 -1.8217004537582397
531.0182495117188 63.0571174621582 -1.8513721227645874
529.9401245117188 59.514381408691406 -1.881043791770935
528.7573852539062 56.005191802978516 -1.9107154607772827
527.4710693359375 52.53263473510742 -1.9403871297836304
526.082275390625 49.09976577758789 -1.970058798789978
524.59228515625 45.70960998535156 -1.9997304677963257
523.0023193359375 42.365150451660156 -2.029402256011963
521.3138427734375 39.069332122802734 -2.0590739250183105
519.5283203125 35.82505798339844 -2.088745594024658
517.6473388671875 32.63518142700195 -2.118417263031006
515.6725463867188 29.502513885498047 -2.1480889320373535
515.6725463867188 29.502513885498047 -2.548089027404785
515.6725463867188 29.502513885498047 -2.948089122772217
512.0283203125 28.844396591186523 -2.9777607917785645
508.3662109375 28.294681549072266 -3.007432460784912
504.68939208984375 27.85385513305664 -3.0371041297912598
501.0011291503906 27.522302627563477 -3.0667757987976074
497.30462646484375 27.300317764282227 -3.096447467803955
493.6031799316406 27.188095092773438 -3.1261191368103027
489.9000244140625 27.185733795166016 3.127394437789917
486.19842529296875 27.293235778808594 3.0977227687835693
482.50164794921875 27.510507583618164 3.0680510997772217
478.8129577636719 27.837356567382812 3.038379430770874
475.1355895996094 28.273494720458984 3.0087077617645264
471.4727783203125 28.818538665771484 2.9790360927581787
467.8277587890625 29.472009658813477 2.949364423751831
464.2037048339844 30.23333168029785 2.9196927547454834
460.6038513183594 31.10183334350586 2.8900210857391357
457.0313415527344 32.076751708984375 2.860349416732788
453.48931884765625 33.1572265625 2.8306777477264404
449.9809265136719 34.342308044433594 2.8010060787200928
446.50921630859375 35.63095474243164 2.771334409713745
443.0772705078125 37.022029876708984 2.7416627407073975
439.6881103515625 38.51430892944336 2.71199107170105
436.466796875 39.89472198486328 2.7614917755126953
433.1811218261719 41.11405563354492 2.8109917640686035
429.6966857910156 42.367977142333984 2.7813243865966797
426.387451171875 43.52191162109375 2.830824375152588
422.87799072265625 44.70660400390625 2.8012399673461914
419.54644775390625 45.794403076171875 2.850740671157837
416.1651611328125 46.716026306152344 2.9002413749694824
412.742431640625 47.46921157836914 2.949742078781128
409.28662109375 48.05211639404297 2.9992427825927734
405.8061828613281 48.46331024169922 3.048743486404419
402.3096618652344 48.701786041259766 3.0982441902160645
398.8056335449219 48.76696014404297 -3.1354403495788574
395.30267333984375 48.65867614746094 -3.085939645767212
391.8093566894531 48.377193450927734 -3.0364389419555664
388.3342590332031 47.9232063293457 -2.986938238143921
384.8858642578125 47.29782485961914 -2.9374375343322754
381.72308349609375 46.77280044555664 -3.0167460441589355
378.2575988769531 46.25047302246094 -2.96724534034729
374.82220458984375 45.557308197021484 -2.9177446365356445
371.19964599609375 44.7889289855957 -2.947416305541992
367.5558776855469 44.128360748291016 -2.97708797454834
363.8941345214844 43.5761833190918 -3.0067596435546875
360.2176208496094 43.13288116455078 -3.036431312561035
356.5295715332031 42.79884719848633 -3.066102981567383
352.8332214355469 42.57437515258789 -3.0957746505737305
349.3373107910156 42.32726287841797 -3.046273946762085
345.6461486816406 42.029544830322266 -3.0759456157684326
341.9477844238281 41.84146499633789 -3.1056172847747803
338.2454528808594 41.763187408447266 -3.135288953781128
334.5424499511719 41.79478073120117 3.118224620819092
331.0378112792969 41.78993606567383 -3.1154606342315674
327.33489990234375 41.748104095458984 3.1380529403686523
323.63238525390625 41.81614685058594 3.1083812713623047
319.9335021972656 41.99400329589844 3.078709602355957
316.4314270019531 42.12761306762695 3.1282103061676025
312.7297668457031 42.232093811035156 3.098538637161255
309.0328369140625 42.44635009765625 3.0688669681549072
305.3438720703125 42.77019119262695 3.0391952991485596
301.84979248046875 43.04204177856445 3.088696002960205
298.1551513671875 43.29267501831055 3.0590243339538574
294.46954345703125 43.65280532836914 3.0293526649475098
290.9783020019531 43.95903396606445 3.078852653503418
287.2862854003906 44.24602127075195 3.0491809844970703
283.6044006347656 44.64241409301758 3.0195093154907227
279.9359130859375 45.147865295410156 2.989837646484375
276.4595031738281 45.591773986816406 3.0393383502960205
272.7817077636719 46.02438735961914 3.009666681289673
269.1183776855469 46.56591796875 2.979995012283325
265.47271728515625 47.21589279174805 2.9503233432769775
262.0165710449219 47.79678726196289 2.999824047088623
258.3587341308594 48.37434768676758 2.9701523780822754
254.7196502685547 49.06017303466797 2.9404807090759277
251.26937866210938 49.67505645751953 2.9899814128875732
247.61741638183594 50.28859329223633 2.9603097438812256
243.8787841796875 51.01105880737305 2.9410953521728516
240.42813110351562 51.62382125854492 2.990596055984497
236.77578735351562 52.235111236572266 2.9609243869781494
233.1431884765625 52.95448684692383 2.9312527179718018
229.69873046875 53.6011848449707 2.9807534217834473
226.05258178710938 54.24839401245117 2.9510817527770996
222.59597778320312 54.82666778564453 3.000582456588745
218.93771362304688 55.40145492553711 2.9709107875823975
215.4703369140625 55.91107940673828 3.020411491394043
211.8013916015625 56.4132194519043 2.9907398223876953
208.3245849609375 56.8539924621582 3.040240526199341
204.6464080810547 57.283287048339844 3.010568857192993
201.1615447998047 57.65503692626953 3.0600695610046387
197.47557067871094 58.01131820678711 3.030397891998291
193.98402404785156 58.31389617919922 3.0798985958099365
190.29171752929688 58.597023010253906 3.050226926803589
186.60934448242188 58.989559173583984 3.0205633640289307
183.12094116210938 59.32646179199219 3.070064067840576
179.4315948486328 59.6458854675293 3.0403923988342285
175.93719482421875 59.91355514526367 3.089893102645874
172.433837890625 60.007991790771484 3.1393938064575195
168.73123168945312 60.07107162475586 3.109722137451172
165.03211975097656 60.24396896362305 3.080050468444824
161.5298614501953 60.37288284301758 3.1295511722564697
157.82791137695312 60.47237777709961 3.099893808364868
154.3237762451172 60.53177261352539 -3.1337907314300537
150.6207275390625 60.55781936645508 3.119722843170166
146.92007446289062 60.6937141418457 3.0900511741638184
143.4167022705078 60.78759765625 3.139551877975464
139.71408081054688 60.85009002685547 3.109880208969116
136.20953369140625 60.874488830566406 -3.1238043308258057
132.50640869140625 60.863555908203125 3.129709243774414
129.00205993652344 60.81846237182617 -3.103975296020508
125.29987335205078 60.734107971191406 -3.1336469650268555
121.79711151123047 60.61954116821289 -3.08414626121521
118.09732818603516 60.461795806884766 -3.1138179302215576
114.39449310302734 60.413883209228516 3.139695644378662
110.8907699584961 60.333797454833984 -3.0939888954162598
107.18961334228516 60.21247482299805 -3.1236605644226074
103.48648071289062 60.20100784301758 3.1298530101776123
99.9820556640625 60.155426025390625 -3.1038401126861572
96.2798843383789 60.0705680847168 -3.133511781692505
92.57682037353516 60.0955810546875 3.120001792907715
88.87612915039062 60.230445861816406 3.090330123901367
85.18106842041016 60.475040435791016 3.0606584548950195
81.49488830566406 60.82915115356445 3.030986785888672
77.82083892822266 61.29246139526367 3.001315116882324
74.33956909179688 61.696441650390625 3.0508158206939697
70.65705871582031 62.086814880371094 3.021144151687622
66.98774719238281 62.586265563964844 2.9914724826812744
63.334869384765625 63.19435501098633 2.9618008136749268
59.701637268066406 63.91054916381836 2.932129144668579
56.09125518798828 64.73421478271484 2.9024574756622314
52.50689697265625 65.66462707519531 2.872785806655884
48.95172119140625 66.70097351074219 2.843114137649536
45.42885208129883 67.84233093261719 2.8134424686431885
41.9413948059082 69.08769989013672 2.783770799636841
38.4924201965332 70.43598937988281 2.754099130630493
35.084964752197266 71.88600158691406 2.7244274616241455
31.722026824951172 73.43647003173828 2.694755792617798
28.406566619873047 75.08602142333984 2.66508412361145
25.141504287719727 76.83320617675781 2.6354124546051025
21.92971420288086 78.6764907836914 2.605740785598755
18.774023056030273 80.61425018310547 2.5760691165924072
18.774023056030273 80.61425018310547 2.5463974475860596
18.774023056030273 80.61425018310547 2.516725778579712
18.774023056030273 80.61425018310547 2.4870541095733643
18.774023056030273 80.61425018310547 2.4573824405670166
18.774023056030273 80.61425018310547 2.427710771560669
18.774023056030273 80.61425018310547 2.3980391025543213
18.774023056030273 80.61425018310547 2.3683674335479736
18.774023056030273 80.61425018310547 2.338695764541626
18.774023056030273 80.61425018310547 2.3090240955352783
18.774023056030273 80.61425018310547 2.2793524265289307
