62.52286911010742 452.6166687011719 0.821897029876709
64.94857025146484 455.32366943359375 0.8583958745002747
67.27388000488281 458.11737060546875 0.8948947191238403
69.49569702148438 460.99407958984375 0.931393563747406
71.6110610961914 463.9499206542969 0.9678924083709717
73.61715698242188 466.9809875488281 1.0043911933898926
75.51130676269531 470.083251953125 1.0408899784088135
77.2909927368164 473.2525634765625 1.0773887634277344
78.95384216308594 476.4847106933594 1.1138875484466553
80.49764251708984 479.775390625 1.1503863334655762
81.92033386230469 483.1202087402344 1.186885118484497
83.22002410888672 486.51470947265625 1.223383903503418
84.39498138427734 489.9543762207031 1.2598826885223389
85.44364166259766 493.43463134765625 1.2963814735412598
86.3646011352539 496.9508361816406 1.3328802585601807
87.1566390991211 500.498291015625 1.3693790435791016
87.8187026977539 504.0722961425781 1.4058778285980225
87.8187026977539 504.0722961425781 1.0058778524398804
89.70823669433594 507.1773681640625 1.0423767566680908
89.70823669433594 507.1773681640625 0.6423767805099487
92.57830810546875 509.40771484375 0.6788756251335144
95.36508178710938 511.7413330078125 0.7153744697570801
95.36508178710938 511.7413330078125 0.3153744637966156
98.79947662353516 512.931640625 0.3518733084201813
102.18814849853516 514.2464599609375 0.38837215304374695
105.52658081054688 515.68408203125 0.4248709976673126
108.80852508544922 517.2420654296875 0.4615541696548462
108.80852508544922 517.2420654296875 0.061554163694381714
112.4317626953125 517.5317993164062 0.09805300831794739
116.0420150756836 517.95361328125 0.13455185294151306
119.63447570800781 518.5068359375 0.17105069756507874
123.20435333251953 519.1907958984375 0.2075495421886444
126.74689483642578 520.0045776367188 0.24404838681221008
130.25738525390625 520.9470825195312 0.28054723143577576
130.25738525390625 520.9470825195312 -0.11945277452468872
133.87359619140625 520.579833984375 -0.08295392990112305
137.50079345703125 520.3447875976562 -0.04645508527755737
141.1341552734375 520.2422485351562 -0.0099562406539917
144.7688446044922 520.2723999023438 0.026542603969573975
148.40000915527344 520.4351806640625 0.06304144859313965
152.02281188964844 520.7303466796875 0.09954029321670532
155.63243103027344 521.157470703125 0.136039137840271
159.22406005859375 521.716064453125 0.17253798246383667
159.22406005859375 521.716064453125 -0.2274620234966278
162.7796173095703 520.961181640625 -0.19096317887306213
166.3603515625 520.3364868164062 -0.15446433424949646
166.3603515625 520.3364868164062 -0.5544643402099609
169.48501586914062 518.4794921875 -0.5179654955863953
172.67535400390625 516.73779296875 -0.4814666509628296
175.9271240234375 515.1136474609375 -0.4449678063392639
179.23500061035156 513.6099243164062 -0.40835073590278625
182.59654235839844 512.227783203125 -0.37182965874671936
182.59654235839844 512.227783203125 -0.7718296647071838
185.24720764160156 509.74066162109375 -0.7353308200836182
187.9868621826172 507.3518981933594 -0.6988319754600525
190.81185913085938 505.064697265625 -0.6623331308364868
193.7184295654297 502.8821105957031 -0.6258342862129211
196.7027130126953 500.8070373535156 -0.5893354415893555
199.7608184814453 498.8421630859375 -0.5528486967086792
199.7608184814453 498.8421630859375 -0.9528486728668213
201.92041015625 495.91845703125 -0.9163498282432556
204.18524169921875 493.07550048828125 -0.8798509836196899
206.55230712890625 490.31707763671875 -0.8433521389961243
209.01846313476562 487.6468811035156 -0.8068532943725586
211.58041381835938 485.0684509277344 -0.7703544497489929
214.2347412109375 482.5852355957031 -0.7338556051254272
216.97792053222656 480.2005310058594 -0.6973567605018616
219.80628967285156 477.9175109863281 -0.6608579158782959
222.71607971191406 475.7392272949219 -0.6243590712547302
222.71607971191406 475.7392272949219 -1.024359107017517
224.6612548828125 472.668701171875 -0.9878602623939514
226.71717834472656 469.67120361328125 -0.9513614177703857
228.88111877441406 466.750732421875 -0.9148625731468201
231.15017700195312 463.9111633300781 -0.8783637285232544
233.52134704589844 461.1562805175781 -0.8418648838996887
235.99147033691406 458.48974609375 -0.805366039276123
238.5572509765625 455.9151306152344 -0.7688671946525574
241.21527099609375 453.43585205078125 -0.7323683500289917
243.9619903564453 451.05523681640625 -0.695869505405426
246.7937469482422 448.77642822265625 -0.6593706607818604
249.70677185058594 446.60247802734375 -0.6228718161582947
252.6971893310547 444.5362548828125 -0.586372971534729
255.76101684570312 442.5805358886719 -0.5498741269111633
258.8941650390625 440.7379150390625 -0.5133752822875977
262.09246826171875 439.0108642578125 -0.476876437664032
265.3516540527344 437.40167236328125 -0.4403775930404663
268.6673889160156 435.9124755859375 -0.40387874841690063
272.0352783203125 434.5452575683594 -0.36737990379333496
275.4508056640625 433.3018493652344 -0.3308810591697693
278.909423828125 432.18389892578125 -0.2943822145462036
282.4065246582031 431.1929016113281 -0.25788336992263794
285.9374694824219 430.3302001953125 -0.22138452529907227
289.49755859375 429.596923828125 -0.1848856806755066
293.08203125 428.9940185546875 -0.14838683605194092
296.68609619140625 428.5223388671875 -0.11188799142837524
300.30499267578125 428.1824645996094 -0.07538914680480957
303.9338684082031 427.9748840332031 -0.038890302181243896
307.5679016113281 427.8998718261719 -0.0023914575576782227
311.2022399902344 427.95751953125 0.03410738706588745
314.8320617675781 428.1477355957031 0.07060623168945312
318.4525451660156 428.47027587890625 0.1071050763130188
322.058837890625 428.9247131347656 0.14360392093658447
325.6461486816406 429.5104675292969 0.18010276556015015
329.2096862792969 430.2267150878906 0.21660161018371582
332.7447204589844 431.0725402832031 0.2531004548072815
336.24652099609375 432.0467834472656 0.28959929943084717
339.71044921875 433.1481628417969 0.32609814405441284
343.1318664550781 434.3752136230469 0.3625969886779785
346.5062561035156 435.7262878417969 0.3990958333015442
349.8290710449219 437.1996154785156 0.43559467792510986
353.0959167480469 438.793212890625 0.47209352254867554
356.30242919921875 440.50494384765625 0.5085923671722412
359.4443664550781 442.3325500488281 0.5450912117958069
362.51751708984375 444.2735900878906 0.5815900564193726
365.5177917480469 446.3254699707031 0.6180889010429382
368.4411926269531 448.4854736328125 0.6545877456665039
371.2838134765625 450.7507019042969 0.6910865902900696
374.0419006347656 453.1181640625 0.7275854349136353
376.7117614746094 455.5846862792969 0.7640842795372009
379.2898254394531 458.1470031738281 0.8005831241607666
381.7726745605469 460.80169677734375 0.8370819687843323
384.156982421875 463.5451965332031 0.873580813407898
386.4396057128906 466.3739013671875 0.9100796580314636
388.61749267578125 469.28399658203125 0.9465785026550293
390.6877136230469 472.2716369628906 0.983077347278595
392.6475524902344 475.33282470703125 1.0195761919021606
394.494384765625 478.4635009765625 1.056075096130371
396.2257385253906 481.65948486328125 1.092573881149292
397.8393249511719 484.91650390625 1.129072666168213
399.3329772949219 488.230224609375 1.1655714511871338
400.7047119140625 491.59625244140625 1.2020702362060547
401.95269775390625 495.0101013183594 1.2385690212249756
403.0752868652344 498.46722412109375 1.2750678062438965
404.07098388671875 501.9630126953125 1.3115665912628174
404.07098388671875 501.9630126953125 0.9115666151046753
406.2445373535156 504.8763427734375 0.948065459728241
408.3103332519531 507.8670654296875 0.9845643043518066
410.265625 510.93115234375 1.0210630893707275
410.265625 510.93115234375 0.6210631132125854
413.1817626953125 513.0994262695312 0.6576502919197083
413.1817626953125 513.0994262695312 0.2576502859592438
416.6791076660156 514.089599609375 0.29414913058280945
420.13800048828125 515.2067260742188 0.3306479752063751
423.5538024902344 516.4493408203125 0.3671468198299408
426.9218444824219 517.8157348632812 0.4036615490913391
426.9218444824219 517.8157348632812 0.003661543130874634
430.5557861328125 517.8953857421875 0.04016038775444031
434.18438720703125 518.1075439453125 0.07665923237800598
437.8028259277344 518.4520263671875 0.11315807700157166
441.40631103515625 518.9282836914062 0.14965692162513733
444.989990234375 519.5357055664062 0.186155766248703
448.54913330078125 520.2734985351562 0.22265461087226868
452.0789794921875 521.1406860351562 0.25915345549583435
452.0789794921875 521.1406860351562 -0.14084655046463013
455.6864929199219 520.6961669921875 -0.10434770584106445
459.3078308105469 520.3836059570312 -0.06784886121749878
462.93817138671875 520.203369140625 -0.031350016593933105
466.5726623535156 520.15576171875 0.005148828029632568
470.20648193359375 520.2407836914062 0.04164767265319824
473.83477783203125 520.4583740234375 0.07814651727676392
477.45269775390625 520.8082275390625 0.11464536190032959
481.0554504394531 521.2898559570312 0.15114420652389526
484.63824462890625 521.9026489257812 0.18764305114746094
488.1962890625 522.645751953125 0.2241418957710266
491.77825927734375 523.5214233398438 0.25538313388824463
491.77825927734375 523.5214233398438 -0.14461687207221985
495.38409423828125 523.0632934570312 -0.10811802744865417
499.0042419433594 522.737060546875 -0.0716191828250885
502.6331787109375 522.5433349609375 -0.035049159079790115
502.6331787109375 522.5433349609375 -0.4350491762161255
505.9568176269531 521.0718383789062 -0.3985503315925598
505.9568176269531 521.0718383789062 -0.7985503673553467
508.5400695800781 518.5147705078125 -0.762051522731781
511.2149353027344 516.0536499023438 -0.7255526781082153
511.2149353027344 516.0536499023438 -1.1255526542663574
512.8399658203125 512.8023071289062 -1.0890538692474365
514.5825805664062 509.6124572753906 -1.0525543689727783
514.5825805664062 509.6124572753906 -1.4525543451309204
515.0771484375 506.0114440917969 -1.41605544090271
515.7028198242188 502.4308776855469 -1.379556655883789
516.4586791992188 498.87713623046875 -1.3429001569747925
516.4586791992188 498.87713623046875 -1.7429001331329346
515.9016723632812 495.2852478027344 -1.7064013481140137
515.47607421875 491.6754455566406 -1.6699025630950928
515.1824951171875 488.0525207519531 -1.6334037780761719
515.1824951171875 488.0525207519531 -2.0334038734436035
513.6199951171875 484.77069091796875 -1.9969050884246826
512.1782836914062 481.4340515136719 -1.9604063034057617
510.8592834472656 478.0469970703125 -1.9239075183868408
509.66473388671875 474.61407470703125 -1.88740873336792
509.66473388671875 474.61407470703125 -2.2874088287353516
509.66473388671875 474.61407470703125 -2.687408924102783
506.4280700683594 472.9600524902344 -2.6509101390838623
503.25390625 471.1889953613281 -2.6144113540649414
500.146484375 469.3033142089844 -2.5779125690460205
497.1099548339844 467.30548095703125 -2.5414137840270996
494.1483459472656 465.19818115234375 -2.5049149990081787
491.2655944824219 462.9842224121094 -2.468416213989258
488.465576171875 460.6665344238281 -2.431917428970337
485.7519836425781 458.24822998046875 -2.395418643951416
483.12579345703125 455.7307434082031 -2.3592329025268555
480.5950012207031 453.1217346191406 -2.3227341175079346
478.16107177734375 450.422119140625 -2.2862353324890137
475.8272705078125 447.635498046875 -2.2497365474700928
473.5967102050781 444.76556396484375 -2.213237762451172
471.4723815917969 441.816162109375 -2.176738977432251
469.45709228515625 438.79119873046875 -2.14024019241333
467.55352783203125 435.6947021484375 -2.103741407394409
465.76422119140625 432.53082275390625 -2.0672426223754883
465.76422119140625 432.53082275390625 -2.46724271774292
462.9669189453125 430.2098388671875 -2.430743932723999
460.25616455078125 427.788330078125 -2.394245147705078
457.6355895996094 425.26953125 -2.3577463626861572
455.1086730957031 422.6567687988281 -2.3212475776672363
452.67877197265625 419.95355224609375 -2.2847487926483154
450.34912109375 417.1634521484375 -2.2482500076293945
448.1228332519531 414.29022216796875 -2.2117512226104736
446.0028991699219 411.337646484375 -2.1752524375915527
446.0028991699219 411.337646484375 -2.5752525329589844
442.9716796875 409.3317565917969 -2.5387537479400635
440.01568603515625 407.2165832519531 -2.5022549629211426
437.13885498046875 404.9949645996094 -2.4657561779022217
434.3450012207031 402.6698303222656 -2.429257392883301
431.6378479003906 400.2442932128906 -2.39275860786438
429.02099609375 397.7215881347656 -2.356259822845459
426.4979553222656 395.1050720214844 -2.319761037826538
424.07208251953125 392.39825439453125 -2.283262252807617
424.07208251953125 392.39825439453125 -2.683262348175049
420.8423156738281 390.7308044433594 -2.646763563156128
417.675537109375 388.9466247558594 -2.610264778137207
414.5759582519531 387.0480651855469 -2.573765993118286
411.5477294921875 385.03765869140625 -2.5372672080993652
408.5948791503906 382.9180908203125 -2.5007684230804443
405.7213439941406 380.69219970703125 -2.4642696380615234
402.9309387207031 378.3629150390625 -2.4277708530426025
400.2273864746094 375.9333801269531 -2.3912720680236816
397.6142883300781 373.40679931640625 -2.3547732830047607
397.6142883300781 373.40679931640625 -2.7547733783721924
394.27362060546875 371.9743957519531 -2.7182745933532715
390.9874572753906 370.4210205078125 -2.6817758083343506
387.7601623535156 368.748779296875 -2.6452770233154297
384.5960388183594 366.95989990234375 -2.608778238296509
381.4992980957031 365.0567321777344 -2.572279453277588
378.47406005859375 363.0418395996094 -2.535780668258667
375.5243835449219 360.9178771972656 -2.499281883239746
372.6541748046875 358.6877136230469 -2.462783098220825
369.86724853515625 356.3542785644531 -2.4262843132019043
367.1673278808594 353.92071533203125 -2.3897855281829834
364.5580139160156 351.3902587890625 -2.3532867431640625
364.5580139160156 351.3902587890625 -2.753286838531494
361.219482421875 349.952880859375 -2.7167880535125732
357.9356384277344 348.3946228027344 -2.6802892684936523
354.7108154296875 346.71759033203125 -2.6437904834747314
351.5493469238281 344.9239807128906 -2.6072916984558105
348.4554443359375 343.0162048339844 -2.5707929134368896
345.4331970214844 340.996826171875 -2.5342941284179688
342.4866638183594 338.8684997558594 -2.497795343399048
339.6197509765625 336.6340637207031 -2.461296558380127
336.8363037109375 334.2965087890625 -2.424797773361206
336.8363037109375 334.2965087890625 -2.8247978687286377
333.4035949707031 333.1013488769531 -2.788299083709717
330.01678466796875 331.7817077636719 -2.751800298690796
326.6803894042969 330.33935546875 -2.715301513671875
323.39886474609375 328.7762451171875 -2.678802728652954
320.1765441894531 327.09442138671875 -2.642303943634033
317.01776123046875 325.296142578125 -2.6058051586151123
313.92669677734375 323.3837890625 -2.5693063735961914
310.907470703125 321.3598937988281 -2.5328075885772705
307.964111328125 319.2271728515625 -2.4963088035583496
305.10052490234375 316.98846435546875 -2.4598100185394287
302.320556640625 314.6467590332031 -2.423311233520508
302.320556640625 314.6467590332031 -2.8233113288879395
298.8896484375 313.4465026855469 -2.7868125438690186
295.50482177734375 312.121826171875 -2.7503137588500977
292.17059326171875 310.6745300292969 -2.7138149738311768
288.8913879394531 309.1065368652344 -2.677316188812256
285.67156982421875 307.419921875 -2.640817403793335
282.51544189453125 305.616943359375 -2.604318618774414
279.4272155761719 303.6999816894531 -2.567819833755493
276.4110107421875 301.6716003417969 -2.5313210487365723
273.4708251953125 299.5345153808594 -2.4948222637176514
270.6105651855469 297.29156494140625 -2.4583234786987305
270.6105651855469 297.29156494140625 -2.858323574066162
267.1397399902344 296.2121276855469 -2.821824789047241
263.7106018066406 295.00677490234375 -2.7853260040283203
260.3277282714844 293.6770935058594 -2.7488272190093994
256.9956359863281 292.224853515625 -2.7123284339904785
253.71876525878906 290.6519775390625 -2.6758296489715576
250.50146484375 288.9605712890625 -2.6393308639526367
247.34803771972656 287.15289306640625 -2.602832078933716
244.26266479492188 285.2313537597656 -2.566333293914795
241.2494659423828 283.1985168457031 -2.529834508895874
238.3124542236328 281.05706787109375 -2.493335723876953
235.45553588867188 278.80987548828125 -2.4568369388580322
232.68252563476562 276.4599304199219 -2.4203381538391113
229.9971160888672 274.0103454589844 -2.3838393688201904
227.4028778076172 271.46441650390625 -2.3473405838012695
224.9032745361328 268.82550048828125 -2.3108417987823486
222.5016326904297 266.0971374511719 -2.2743430137634277
220.20115661621094 263.282958984375 -2.237844228744507
218.00489807128906 260.38671875 -2.201345443725586
215.91578674316406 257.4122619628906 -2.164846658706665
213.93661499023438 254.36354064941406 -2.128347873687744
212.07000732421875 251.24462890625 -2.0918490886688232
210.31845092773438 248.05967712402344 -2.0553503036499023
208.6842803955078 244.81292724609375 -2.0188515186309814
207.169677734375 241.5087127685547 -1.9823527336120605
205.7766571044922 238.15142822265625 -1.9458539485931396
204.50706481933594 234.74554443359375 -1.9093551635742188
203.36260986328125 231.2956085205078 -1.8728563785552979
202.3448028564453 227.80621337890625 -1.836357593536377
201.4550018310547 224.28199768066406 -1.799858808517456
200.69439697265625 220.7276611328125 -1.7633600234985352
200.06399536132812 217.14793395996094 -1.7268612384796143
199.5646514892578 213.54759216308594 -1.6903624534606934
199.197021484375 209.93142700195312 -1.6538636684417725
198.96157836914062 206.3042449951172 -1.6173648834228516
198.85865783691406 202.6708984375 -1.5808660984039307
198.8883819580078 199.0362091064453 -1.5443673133850098
199.05072021484375 195.405029296875 -1.5078685283660889
199.345458984375 191.78219604492188 -1.471369743347168
199.77220153808594 188.1725311279297 -1.434870958328247
200.33038330078125 184.58084106445312 -1.3983721733093262
201.01925659179688 181.01190185546875 -1.3618733882904053
201.83790588378906 177.47047424316406 -1.3253746032714844
202.7852325439453 173.96128845214844 -1.2888758182525635
203.8599853515625 170.48899841308594 -1.2523770332336426
203.8599853515625 170.48899841308594 -1.6523770093917847
203.62994384765625 166.86148071289062 -1.6158781051635742
203.5324249267578 163.2279815673828 -1.5793793201446533
203.56756591796875 159.5933380126953 -1.5428805351257324
203.7353057861328 155.96240234375 -1.5063817501068115
203.7353057861328 155.96240234375 -1.4698829650878906
203.7353057861328 155.96240234375 -1.4333841800689697
203.7353057861328 155.96240234375 -1.3968853950500488
203.7353057861328 155.96240234375 -1.360386610031128
203.7353057861328 155.96240234375 -1.323887825012207
203.7353057861328 155.96240234375 -1.2873749732971191
203.7353057861328 155.96240234375 -1.6873749494552612
203.7353057861328 155.96240234375 -2.0873749256134033
203.7353057861328 155.96240234375 -2.487375020980835
203.7353057861328 155.96240234375 -2.8873751163482666
