61.933197021484375 451.6728820800781 0.6412715315818787
64.08662414550781 453.0507507324219 0.497144877910614
66.4156265258789 454.10504150390625 0.35301822423934937
68.87191009521484 454.81390380859375 0.20889155566692352
71.40453338623047 455.1626281738281 0.06476488709449768
73.96098327636719 455.14398193359375 -0.07936178147792816
76.48825073242188 454.7583312988281 -0.223488450050354
78.93392181396484 454.0137023925781 -0.36761510372161865
81.24728393554688 452.925537109375 -0.5117417573928833
83.38037109375 451.5163879394531 -0.655868411064148
85.28894805908203 449.8154602050781 -0.7999950647354126
85.28894805908203 449.8154602050781 -0.3999950587749481
87.56587219238281 448.6529541015625 -0.5441217422485352
89.6522216796875 447.17547607421875 -0.6882483959197998
89.6522216796875 447.17547607421875 -0.2882483899593353
92.0445785522461 446.2741394042969 -0.43237507343292236
94.28267669677734 445.0385437011719 -0.576501727104187
96.32009887695312 443.4942932128906 -0.7206283807754517
96.32009887695312 443.4942932128906 -0.3206283748149872
98.68202209472656 442.5159606933594 -0.4647550582885742
100.87894439697266 441.20855712890625 -0.6088817119598389
100.87894439697266 441.20855712890625 -0.2088817059993744
103.33523559570312 440.4997253417969 -0.3530083894729614
105.66424560546875 439.4454650878906 -0.4971350431442261
105.66424560546875 439.4454650878906 -0.0971350371837616
108.18425750732422 439.01495361328125 -0.24126170575618744
110.6163101196289 438.2269592285156 -0.3853883743286133
112.90997314453125 437.09783935546875 -0.5295150279998779
116.3621826171875 435.077392578125 -0.5295150279998779
119.81439208984375 433.05694580078125 -0.5295150279998779
123.2666015625 431.0364990234375 -0.5295150279998779
126.71881103515625 429.01605224609375 -0.5295150279998779
130.1710205078125 426.99560546875 -0.5295150279998779
133.62322998046875 424.97515869140625 -0.5295150279998779
133.62322998046875 424.97515869140625 -0.92951500415802
136.01611328125 421.76983642578125 -0.92951500415802
138.40899658203125 418.56451416015625 -0.92951500415802
138.40899658203125 418.56451416015625 -1.329514980316162
139.3647918701172 414.6803894042969 -1.329514980316162
140.32058715820312 410.7962646484375 -1.329514980316162
141.27638244628906 406.9121398925781 -1.329514980316162
142.232177734375 403.02801513671875 -1.329514980316162
143.18797302246094 399.1438903808594 -1.329514980316162
144.14376831054688 395.259765625 -1.329514980316162
145.0995635986328 391.3756408691406 -1.329514980316162
146.05535888671875 387.49151611328125 -1.329514980316162
147.0111541748047 383.6073913574219 -1.329514980316162
147.96694946289062 379.7232666015625 -1.329514980316162
148.92274475097656 375.8391418457031 -1.329514980316162
149.8785400390625 371.95501708984375 -1.329514980316162
150.83433532714844 368.0708923339844 -1.329514980316162
151.79013061523438 364.186767578125 -1.329514980316162
152.7459259033203 360.3026428222656 -1.329514980316162
153.70172119140625 356.41851806640625 -1.329514980316162
154.6575164794922 352.5343933105469 -1.329514980316162
154.6575164794922 352.5343933105469 -1.7295149564743042
154.02529907226562 348.58465576171875 -1.7295149564743042
153.39308166503906 344.6349182128906 -1.7295149564743042
152.7608642578125 340.6851806640625 -1.7295149564743042
152.12864685058594 336.7354431152344 -1.7295149564743042
151.49642944335938 332.78570556640625 -1.7295149564743042
150.8642120361328 328.8359680175781 -1.7295149564743042
150.23199462890625 324.88623046875 -1.7295149564743042
149.5997772216797 320.9364929199219 -1.7295149564743042
148.96755981445312 316.98675537109375 -1.7295149564743042
148.33534240722656 313.0370178222656 -1.7295149564743042
147.703125 309.0872802734375 -1.7295149564743042
147.07090759277344 305.1375427246094 -1.7295149564743042
146.43869018554688 301.18780517578125 -1.7295149564743042
145.8064727783203 297.2380676269531 -1.7295149564743042
145.17425537109375 293.288330078125 -1.7295149564743042
144.5420379638672 289.3385925292969 -1.7295149564743042
143.90982055664062 285.38885498046875 -1.7295149564743042
143.27760314941406 281.4391174316406 -1.7295149564743042
142.6453857421875 277.4893798828125 -1.7295149564743042
142.01316833496094 273.5396423339844 -1.7295149564743042
141.38095092773438 269.58990478515625 -1.7295149564743042
140.7487335205078 265.6401672363281 -1.7295149564743042
140.11651611328125 261.6904296875 -1.7295149564743042
139.4842987060547 257.7406921386719 -1.7295149564743042
138.85208129882812 253.7909698486328 -1.7295149564743042
138.21986389160156 249.84124755859375 -1.7295149564743042
137.587646484375 245.8915252685547 -1.7295149564743042
136.95542907714844 241.94180297851562 -1.7295149564743042
136.32321166992188 237.99208068847656 -1.7295149564743042
135.6909942626953 234.0423583984375 -1.7295149564743042
135.05877685546875 230.09263610839844 -1.7295149564743042
134.4265594482422 226.14291381835938 -1.7295149564743042
133.79434204101562 222.1931915283203 -1.7295149564743042
133.16212463378906 218.24346923828125 -1.7295149564743042
132.5299072265625 214.2937469482422 -1.7295149564743042
131.89768981933594 210.34402465820312 -1.7295149564743042
131.26547241210938 206.39430236816406 -1.7295149564743042
130.6332550048828 202.444580078125 -1.7295149564743042
130.00103759765625 198.49485778808594 -1.7295149564743042
129.3688201904297 194.54513549804688 -1.7295149564743042
128.73660278320312 190.5954132080078 -1.7295149564743042
128.10438537597656 186.64569091796875 -1.7295149564743042
127.47217559814453 182.6959686279297 -1.7295149564743042
127.47217559814453 182.6959686279297 -2.1295149326324463
127.47217559814453 182.6959686279297 -2.529515027999878
124.19834899902344 180.39768981933594 -2.529515027999878
120.92452239990234 178.0994110107422 -2.529515027999878
117.65069580078125 175.80113220214844 -2.529515027999878
117.65069580078125 175.80113220214844 -2.9295151233673096
113.74031066894531 174.95916748046875 -2.9295151233673096
109.82992553710938 174.11720275878906 -2.9295151233673096
105.91954040527344 173.27523803710938 -2.9295151233673096
102.0091552734375 172.4332733154297 -2.9295151233673096
98.09877014160156 171.59130859375 -2.9295151233673096
94.18838500976562 170.7493438720703 -2.9295151233673096
90.27799987792969 169.90737915039062 -2.9295151233673096
86.36761474609375 169.06541442871094 -2.9295151233673096
82.45722961425781 168.22344970703125 -2.9295151233673096
78.54684448242188 167.38148498535156 -2.9295151233673096
74.63645935058594 166.53952026367188 -2.9295151233673096
70.72607421875 165.6975555419922 -2.9295151233673096
66.81568908691406 164.8555908203125 -2.9295151233673096
62.90530776977539 164.0136260986328 -2.9295151233673096
58.99492645263672 163.17166137695312 -2.9295151233673096
55.08454513549805 162.32969665527344 -2.9295151233673096
51.174163818359375 161.48773193359375 -2.9295151233673096
47.2637825012207 160.64576721191406 -2.9295151233673096
43.35340118408203 159.80380249023438 -2.9295151233673096
39.44301986694336 158.9618377685547 -2.9295151233673096
35.53263854980469 158.119873046875 -2.9295151233673096
31.622255325317383 157.2779083251953 -2.9295151233673096
27.711872100830078 156.43594360351562 -2.9295151233673096
27.711872100830078 156.43594360351562 -2.529515027999878
27.711872100830078 156.43594360351562 -2.1295149326324463
27.711872100830078 156.43594360351562 -2.529515027999878
27.711872100830078 156.43594360351562 -2.1295149326324463
27.711872100830078 156.43594360351562 -2.529515027999878
27.711872100830078 156.43594360351562 -2.1295149326324463
27.711872100830078 156.43594360351562 -2.529515027999878
27.711872100830078 156.43594360351562 -2.1295149326324463
27.711872100830078 156.43594360351562 -2.529515027999878
27.711872100830078 156.43594360351562 -2.1295149326324463
