62.415130615234375 452.53802490234375 0.8350129127502441
64.701416015625 455.1927185058594 0.884627640247345
66.85323333740234 457.95751953125 0.9342423677444458
68.86528015136719 460.8256530761719 0.9838570952415466
70.73261260986328 463.7900390625 1.0334718227386475
72.45063018798828 466.8433837890625 1.0830864906311035
74.01510620117188 469.9781799316406 1.1327011585235596
75.42218780517578 473.18670654296875 1.1823158264160156
76.66841125488281 476.4610595703125 1.2319304943084717
77.75071716308594 479.7931823730469 1.2815451622009277
78.66643524169922 483.1748962402344 1.3311598300933838
79.41331481933594 486.59783935546875 1.3807744979858398
79.98950958251953 490.0536193847656 1.430389165878296
80.39360809326172 493.5337219238281 1.480003833770752
80.62461853027344 497.02960205078125 1.529618501663208
80.68196868896484 500.5326232910156 1.579233169555664
80.70711517333984 504.2275390625 1.5487486124038696
80.8448715209961 507.91998291015625 1.5182640552520752
81.09510803222656 511.60650634765625 1.4877794981002808
81.45759582519531 515.28369140625 1.4572949409484863
81.93199157714844 518.9481201171875 1.426810383796692
82.51786041259766 522.5963745117188 1.3963258266448975
83.21465301513672 526.22509765625 1.365841269493103
84.021728515625 529.8308715820312 1.3353567123413086
84.9383316040039 533.410400390625 1.3048721551895142
85.96360778808594 536.9603271484375 1.2743875980377197
87.09661102294922 540.4773559570312 1.2439030408859253
88.33628845214844 543.9581909179688 1.2134184837341309
89.68148040771484 547.399658203125 1.1829339265823364
91.13094329833984 550.7985229492188 1.152449369430542
92.68333435058594 554.151611328125 1.1219648122787476
94.33720397949219 557.455810546875 1.0914802551269531
96.09101867675781 560.7080688476562 1.0609956979751587
97.94314575195312 563.9053955078125 1.0305111408233643
99.89186096191406 567.0447387695312 1.0000265836715698
99.89186096191406 567.0447387695312 0.6000266075134277
99.89186096191406 567.0447387695312 0.20002660155296326
103.52397155761719 567.7236328125 0.16954204440116882
107.17508697509766 568.29150390625 0.1390574872493744
110.84181213378906 568.7478637695312 0.10857293009757996
114.52074432373047 569.0922241210938 0.07808837294578552
118.20845794677734 569.3242797851562 0.04760381579399109
121.90153503417969 569.44384765625 0.017119258642196655
125.59654235839844 569.4508056640625 -0.013365298509597778
129.2900390625 569.3450927734375 -0.04384985566139221
132.97860717773438 569.1268920898438 -0.07433441281318665
136.65879821777344 568.7963256835938 -0.10481896996498108
140.32720947265625 568.353759765625 -0.1353035271167755
143.9804229736328 567.799560546875 -0.16578808426856995
147.61505126953125 567.13427734375 -0.19627264142036438
151.22772216796875 566.3585205078125 -0.2267571985721588
154.8150634765625 565.4730224609375 -0.25724175572395325
158.37374877929688 564.4785766601562 -0.2877263128757477
161.9004669189453 563.3761596679688 -0.3182108700275421
165.39195251464844 562.166748046875 -0.34869542717933655
168.84495544433594 560.8515014648438 -0.379179984331131
172.25625610351562 559.4315795898438 -0.4096645414829254
175.62269592285156 557.9083862304688 -0.44014909863471985
178.94114685058594 556.2832641601562 -0.4706336557865143
182.20852661132812 554.5577392578125 -0.5011181831359863
185.42178344726562 552.7334594726562 -0.5316027402877808
188.57794189453125 550.8120727539062 -0.5620872974395752
191.674072265625 548.7953491210938 -0.5925718545913696
194.70730590820312 546.6852416992188 -0.6230564117431641
197.6748046875 544.483642578125 -0.6535409688949585
200.57382202148438 542.192626953125 -0.6840255260467529
203.40167236328125 539.8143310546875 -0.7145100831985474
206.1557159423828 537.3509521484375 -0.7449946403503418
208.83338928222656 534.8047485351562 -0.7754791975021362
211.4322052001953 532.1781005859375 -0.8059637546539307
213.94976806640625 529.4734497070312 -0.8364483118057251
216.3837127685547 526.693359375 -0.8669328689575195
218.73179626464844 523.84033203125 -0.897417426109314
220.9918212890625 520.9171142578125 -0.9279019832611084
223.1616973876953 517.9263305664062 -0.9583865404129028
225.23941040039062 514.8707885742188 -0.9888710975646973
227.2230224609375 511.75335693359375 -1.0193556547164917
229.11070251464844 508.576904296875 -1.0498402118682861
230.9006805419922 505.3443908691406 -1.0803247690200806
232.59130859375 502.058837890625 -1.110809326171875
234.18099975585938 498.7232666015625 -1.1412938833236694
235.71847534179688 495.5751647949219 -1.0916792154312134
237.4103546142578 492.5067138671875 -1.042112946510315
239.2252655029297 489.28814697265625 -1.0725975036621094
240.9752197265625 486.25299072265625 -1.0229828357696533
242.87353515625 483.308349609375 -0.9733681082725525
244.90524291992188 480.2220458984375 -1.0038526058197021
246.8595428466797 477.31427001953125 -0.9542378783226013
248.9556427001953 474.5069885253906 -0.9046231508255005
251.1884002685547 471.80712890625 -0.8550084233283997
253.55230712890625 469.2213134765625 -0.8053936958312988
256.0415344238281 466.75592041015625 -0.755778968334198
258.69158935546875 464.1809997558594 -0.7862635254859924
261.2275390625 461.763671875 -0.7366487979888916
263.8802490234375 459.47509765625 -0.6870340704917908
266.6431884765625 457.3208923339844 -0.6374193429946899
269.50958251953125 455.3063659667969 -0.5878046154975891
272.47235107421875 453.43646240234375 -0.5381898880004883
275.5242004394531 451.7157897949219 -0.48857516050338745
278.6576232910156 450.1485900878906 -0.4389604330062866
281.86492919921875 448.7387390136719 -0.3893457055091858
285.1382141113281 447.48968505859375 -0.33973097801208496
288.46942138671875 446.4045104980469 -0.29011625051498413
291.850341796875 445.4858703613281 -0.2405015379190445
295.27264404296875 444.73602294921875 -0.19088682532310486
298.7279357910156 444.1568298339844 -0.14127211272716522
302.20770263671875 443.7497253417969 -0.09165740013122559
305.703369140625 443.51568603515625 -0.04204268380999565
309.2063293457031 443.4552917480469 0.0075720325112342834
312.7079772949219 443.5687255859375 0.05718674883246422
316.19970703125 443.8556823730469 0.10680146515369415
319.67291259765625 444.3154296875 0.1564161777496338
323.1190185546875 444.9468688964844 0.20603089034557343
326.5295715332031 445.7484436035156 0.25564560294151306
329.89617919921875 446.7181701660156 0.3052603304386139
333.2105407714844 447.8536682128906 0.3548750579357147
336.46453857421875 449.15216064453125 0.40448978543281555
339.6501159667969 450.61041259765625 0.4541045129299164
342.75946044921875 452.2248840332031 0.5037192106246948
345.784912109375 453.9915466308594 0.5533339381217957
348.7190246582031 455.9060974121094 0.6029486656188965
351.5545654296875 457.96380615234375 0.6525633931159973
354.2845764160156 460.15960693359375 0.7021781206130981
356.9023132324219 462.48809814453125 0.751792848110199
359.4013671875 464.94354248046875 0.8014075756072998
361.77557373046875 467.5198974609375 0.8510223031044006
364.0190734863281 470.2108459472656 0.9006370306015015
366.1263427734375 473.0097351074219 0.9502517580986023
368.09222412109375 475.9096984863281 0.9998664855957031
369.911865234375 478.9035949707031 1.0494811534881592
371.5807800292969 481.9840393066406 1.0990958213806152
373.0948791503906 485.1434631347656 1.1487104892730713
374.4504089355469 488.37408447265625 1.1983251571655273
375.64404296875 491.66796875 1.2479398250579834
376.6728515625 495.0169982910156 1.2975544929504395
377.5343017578125 498.4129333496094 1.3471691608428955
378.2262878417969 501.847412109375 1.3967838287353516
378.9214172363281 505.4764404296875 1.3662992715835571
379.7268371582031 509.0826110839844 1.3358147144317627
380.64178466796875 512.6625366210938 1.3053301572799683
381.6654357910156 516.2129516601562 1.2748456001281738
382.79681396484375 519.73046875 1.2443610429763794
384.0348815917969 523.2119140625 1.213876485824585
385.3785095214844 526.6539916992188 1.1833919286727905
386.826416015625 530.0535278320312 1.152907371520996
388.37725830078125 533.4073486328125 1.1224228143692017
390.02960205078125 536.7123413085938 1.0919382572174072
391.78192138671875 539.9653930664062 1.0614537000656128
393.632568359375 543.1635131835938 1.0309691429138184
395.579833984375 546.3037719726562 1.000484585762024
397.6219177246094 549.3832397460938 0.9700000286102295
399.7569274902344 552.3989868164062 0.9395154714584351
401.98284912109375 555.3482666015625 0.9090309143066406
404.2976379394531 558.2283325195312 0.8785463571548462
406.6991271972656 561.0364990234375 0.8480618000030518
409.1850891113281 563.7702026367188 0.8175772428512573
411.75323486328125 566.4268188476562 0.7870926856994629
411.75323486328125 566.4268188476562 0.3870926797389984
415.1957092285156 567.7693481445312 0.356608122587204
418.6775207519531 569.00634765625 0.32612356543540955
418.6775207519531 569.00634765625 -0.07387644052505493
422.3578796386719 568.677490234375 -0.10436099767684937
426.0264892578125 568.2366333007812 -0.1348455548286438
429.6799621582031 567.6841430664062 -0.16533011198043823
433.3149108886719 567.0205688476562 -0.19581466913223267
436.92791748046875 566.2464599609375 -0.2262992262840271
440.5156555175781 565.3626098632812 -0.25678378343582153
444.0747985839844 564.3698120117188 -0.28726834058761597
447.6020202636719 563.2689819335938 -0.3177528977394104
451.09405517578125 562.0611572265625 -0.34823745489120483
454.54766845703125 560.7474975585938 -0.37872201204299927
457.9596252441406 559.3291625976562 -0.4092065691947937
461.20745849609375 558.0153198242188 -0.35959184169769287
464.6459045410156 556.6625366210938 -0.3900763988494873
467.91827392578125 555.4110717773438 -0.3404616713523865
471.2489929199219 554.3233032226562 -0.2908816635608673
474.772216796875 553.2097778320312 -0.32136622071266174
478.1227722167969 552.1859741210938 -0.2717514932155609
481.6666564941406 551.1400146484375 -0.30223605036735535
485.03619384765625 550.1804809570312 -0.2526213228702545
488.5994567871094 549.2025146484375 -0.2831052541732788
491.9867248535156 548.3076171875 -0.23349054157733917
495.56805419921875 547.3980102539062 -0.26397132873535156
498.9720764160156 546.5679321289062 -0.21438215672969818
502.5700988769531 545.7269287109375 -0.24486671388149261
506.14080810546875 544.776611328125 -0.27535128593444824
509.680908203125 543.7178955078125 -0.3058358430862427
513.1870727539062 542.5517578125 -0.3363204002380371
516.6560668945312 541.279296875 -0.36680495738983154
520.0846557617188 539.9017333984375 -0.397289514541626
523.4696655273438 538.4202880859375 -0.4277740716934204
526.8079833984375 536.8363647460938 -0.45825862884521484
530.096435546875 535.1514282226562 -0.4887431859970093
533.33203125 533.3670654296875 -0.5192277431488037
536.51171875 531.48486328125 -0.5497123003005981
539.632568359375 529.5066528320312 -0.5801968574523926
542.691650390625 527.4342041015625 -0.610681414604187
545.6861572265625 525.2694702148438 -0.6411659717559814
548.61328125 523.0145263671875 -0.6716505289077759
551.4703369140625 520.67138671875 -0.7021350860595703
554.254638671875 518.2422485351562 -0.7326196432113647
556.963623046875 515.7293701171875 -0.7631042003631592
559.5947265625 513.1350708007812 -0.7935887575149536
562.1455688476562 510.4617919921875 -0.824073314666748
564.6137084960938 507.7120056152344 -0.8545578718185425
566.9968872070312 504.8882751464844 -0.8850424289703369
569.2929077148438 501.99322509765625 -0.9155269861221313
571.4996337890625 499.029541015625 -0.9460115432739258
573.6485595703125 495.9670104980469 -0.9718766808509827
573.6485595703125 495.9670104980469 -1.3718767166137695
573.6485595703125 495.9670104980469 -1.7718766927719116
572.85546875 492.3581237792969 -1.802361249923706
571.9527587890625 488.77508544921875 -1.8328458070755005
570.9412231445312 485.2212219238281 -1.863330364227295
569.8218383789062 481.6998291015625 -1.8938149213790894
568.5956420898438 478.2142028808594 -1.9242994785308838
567.2637939453125 474.767578125 -1.9547840356826782
565.8275146484375 471.3631286621094 -1.9852685928344727
564.2881469726562 468.0040588378906 -2.0157532691955566
562.6470947265625 464.6934509277344 -2.0462379455566406
560.9058837890625 461.4344177246094 -2.0767226219177246
559.066162109375 458.2299499511719 -2.1072072982788086
557.129638671875 455.08306884765625 -2.1376919746398926
555.0980834960938 451.9966735839844 -2.1681766510009766
552.973388671875 448.9736328125 -2.1986613273620605
550.757568359375 446.0167541503906 -2.2291460037231445
548.45263671875 443.1287841796875 -2.2596306800842285
546.0607299804688 440.3124084472656 -2.2901153564453125
543.5841064453125 437.57025146484375 -2.3206000328063965
541.0250244140625 434.90484619140625 -2.3510847091674805
541.0250244140625 434.90484619140625 -2.751084804534912
537.587158203125 433.5505676269531 -2.781569480895996
534.0030517578125 432.2388000488281 -2.7999024391174316
530.7322387695312 430.98333740234375 -2.7502877712249756
527.5277099609375 429.56719970703125 -2.7006731033325195
524.3973388671875 427.9938659667969 -2.6510584354400635
521.348876953125 426.2672424316406 -2.6014437675476074
518.3897705078125 424.39154052734375 -2.5518290996551514
515.2879638671875 422.383544921875 -2.5823135375976562
512.1264038085938 420.4710388183594 -2.6127982139587402
509.1462097167969 418.6290588378906 -2.563183546066284
506.0218200683594 416.6564025878906 -2.593667984008789
503.077392578125 414.75775146484375 -2.5440540313720703
499.9913024902344 412.7257080078125 -2.5745387077331543
496.8447265625 410.7886657714844 -2.6050233840942383
493.64056396484375 408.94842529296875 -2.6355080604553223
490.34600830078125 407.1780090332031 -2.6614856719970703
487.2796936035156 405.4832458496094 -2.6118710041046143
484.0630187988281 403.6650085449219 -2.642355442047119
481.0296936035156 401.9118957519531 -2.592740774154663
477.848388671875 400.0324401855469 -2.623225212097168
474.61126708984375 398.2508239746094 -2.653709888458252
471.5582275390625 396.53228759765625 -2.604095220565796
468.35577392578125 394.6890869140625 -2.634579658508301
465.0986328125 392.9443359375 -2.6650643348693848
462.0262756347656 391.26055908203125 -2.6154496669769287
458.8031005859375 389.4538269042969 -2.6459341049194336
455.5263671875 387.7461853027344 -2.6764187812805176
452.4350891113281 386.097412109375 -2.6268041133880615
449.1916198730469 384.327392578125 -2.6572885513305664
446.1324462890625 382.6197814941406 -2.6076738834381104
442.9162292480469 380.781982421875 -2.6372337341308594
439.6544494628906 379.0458984375 -2.6677184104919434
436.57763671875 377.37030029296875 -2.6181037425994873
433.3310852050781 375.5567321777344 -2.6462178230285645
430.291015625 373.81536865234375 -2.5966031551361084
427.1024475097656 371.9482116699219 -2.6270875930786133
423.85845947265625 370.1791076660156 -2.6575722694396973
420.7987976074219 368.4723815917969 -2.607957601547241
417.5892639160156 366.6415710449219 -2.638442039489746
414.3254089355469 364.909423828125 -2.66892671585083
411.24658203125 363.237548828125 -2.619312047958374
408.0164489746094 361.44329833984375 -2.649796485900879
404.97015380859375 359.71282958984375 -2.600181818008423
401.7749328613281 357.85711669921875 -2.6306662559509277
398.5246276855469 356.0996398925781 -2.6611509323120117
395.4588928222656 354.40386962890625 -2.6115362644195557
392.2428283691406 352.58453369140625 -2.6420207023620605
388.9727783203125 350.86407470703125 -2.6725053787231445
385.8879699707031 349.2032165527344 -2.6228907108306885
382.65142822265625 347.4205322265625 -2.6533751487731934
379.5989685058594 345.7009582519531 -2.6037604808807373
376.3971252441406 343.856689453125 -2.634244918823242
373.0494689941406 342.0371398925781 -2.653219699859619
369.99725341796875 340.3171081542969 -2.603605031967163
366.79571533203125 338.4723205566406 -2.634089469909668
363.5394287109375 336.7259826660156 -2.664574146270752
361.19525146484375 335.32000732421875 -2.5381054878234863
361.19525146484375 335.32000732421875 -2.938105583190918
357.78265380859375 334.527099609375 -2.888490915298462
354.41357421875 333.56591796875 -2.838876247406006
351.0963134765625 332.4388427734375 -2.78926157951355
347.83905029296875 331.1486511230469 -2.7396469116210938
344.6497802734375 329.698486328125 -2.6900322437286377
341.5363464355469 328.0919494628906 -2.6404175758361816
338.50640869140625 326.3329772949219 -2.5908029079437256
335.3287353515625 324.4473571777344 -2.6212873458862305
332.3330078125 322.6307373046875 -2.5716726779937744
329.4310607910156 320.66778564453125 -2.5220580101013184
329.4310607910156 320.66778564453125 -2.92205810546875
326.0316467285156 319.8202209472656 -2.872443437576294
322.6784362792969 318.80511474609375 -2.822828769683838
319.37969970703125 317.6249694824219 -2.773214101791382
316.1435546875 316.28265380859375 -2.723599433898926
312.97796630859375 314.781494140625 -2.6739847660064697
309.8907165527344 313.12518310546875 -2.6243700981140137
306.889404296875 311.31781005859375 -2.5747554302215576
303.9814147949219 309.36383056640625 -2.5251407623291016
300.934326171875 307.2737731933594 -2.5556254386901855
298.0642395019531 305.2645263671875 -2.5060107707977295
295.05767822265625 303.1165771484375 -2.5364952087402344
291.9870300292969 301.0612487792969 -2.5669798851013184
288.85516357421875 299.1004943847656 -2.5974645614624023
285.903564453125 297.2130432128906 -2.5478498935699463
282.8097839355469 295.1927185058594 -2.578334331512451
279.6558837890625 293.26763916015625 -2.608819007873535
276.68304443359375 291.413818359375 -2.559204339981079
273.5665283203125 289.42877197265625 -2.589688777923584
270.2943115234375 287.45391845703125 -2.60748553276062
267.08563232421875 285.62158203125 -2.637969970703125
264.0600280761719 283.8551940917969 -2.588355302810669
260.8869934082031 281.9618225097656 -2.618839740753174
257.8957214355469 280.13787841796875 -2.5692250728607178
254.9985809326172 278.1678466796875 -2.5196104049682617
252.2027130126953 276.0565490722656 -2.4699957370758057
249.51499938964844 273.8091735839844 -2.4203810691833496
246.94204711914062 271.4312744140625 -2.3707664012908936
244.4901885986328 268.9287109375 -2.3211517333984375
242.16546630859375 266.3076171875 -2.2715370655059814
239.9735870361328 263.574462890625 -2.2219223976135254
237.91995239257812 260.7359619140625 -2.1723077297210693
236.00962829589844 257.7991027832031 -2.1226930618286133
234.24729919433594 254.7711181640625 -2.0730783939361572
232.63731384277344 251.65945434570312 -2.023463726043701
231.18362426757812 248.47178649902344 -1.9738490581512451
229.8898162841797 245.2159423828125 -1.924234390258789
228.7590789794922 241.89993286132812 -1.874619722366333
227.794189453125 238.5319366455078 -1.825005054473877
226.9975128173828 235.12022399902344 -1.775390386581421
226.3710174560547 231.67320251464844 -1.7257757186889648
225.91624450683594 228.19935607910156 -1.6761610507965088
225.6343231201172 224.7072296142578 -1.6265463829040527
225.52593994140625 221.20541381835938 -1.5769317150115967
225.5913543701172 217.70252990722656 -1.5273170471191406
225.83041381835938 214.2071990966797 -1.4777023792266846
226.24252319335938 210.72802734375 -1.4280877113342285
226.82667541503906 207.27357482910156 -1.3784730434417725
227.5814208984375 203.8523406982422 -1.3288583755493164
228.50491333007812 200.47274780273438 -1.2792437076568604
229.59487915039062 197.1431121826172 -1.2296290397644043
230.8486328125 193.87164306640625 -1.1800143718719482
232.26309204101562 190.66636657714844 -1.1303997039794922
233.83477783203125 187.53518676757812 -1.0807850360870361
235.559814453125 184.48580932617188 -1.03117036819458
237.4339599609375 181.52574157714844 -0.9815556406974792
239.45260620117188 178.66226196289062 -0.9319409132003784
241.61077880859375 175.9024200439453 -0.8823261857032776
243.90316772460938 173.2530059814453 -0.8327114582061768
246.32412719726562 170.7205352783203 -0.7830967307090759
248.86770629882812 168.31124877929688 -0.7334820032119751
251.52764892578125 166.0310821533203 -0.6838672757148743
254.29739379882812 163.88563537597656 -0.6342525482177734
257.1701354980469 161.88018798828125 -0.5846378207206726
260.1387939453125 160.01968383789062 -0.5350230932235718
263.1960754394531 158.30870056152344 -0.48540836572647095
266.3344421386719 156.75144958496094 -0.4357936382293701
269.54620361328125 155.3517608642578 -0.3861789107322693
272.82342529296875 154.11306762695312 -0.33656418323516846
276.1580505371094 153.03843688964844 -0.2869494557380676
279.5418395996094 152.13050842285156 -0.237334743142128
282.9665222167969 151.39151000976562 -0.18772003054618835
286.4236145019531 150.82327270507812 -0.13810531795024872
289.9046325683594 150.42718505859375 -0.08849060535430908
293.4010314941406 150.2042236328125 -0.03887588903307915
296.9041748046875 150.15493774414062 0.010738827288150787
300.40545654296875 150.27944946289062 0.06035354360938072
303.896240234375 150.57745361328125 0.10996825993061066
307.3679504394531 151.0482177734375 0.1595829725265503
310.8120422363281 151.69056701660156 0.20919768512248993
314.2200622558594 152.50294494628906 0.25881239771842957
317.5835876464844 153.48333740234375 0.3084271252155304
320.89434814453125 154.62933349609375 0.3580418527126312
324.1441955566406 155.9381103515625 0.40765658020973206
327.32513427734375 157.40646362304688 0.4572713077068329
330.4293518066406 159.03076171875 0.5068860054016113
333.4491882324219 160.8070068359375 0.5565007328987122
336.3772277832031 162.7308349609375 0.606115460395813
339.20623779296875 164.79751586914062 0.6557301878929138
341.92926025390625 167.001953125 0.7053449153900146
344.53961181640625 169.33872985839844 0.7549596428871155
347.0308532714844 171.8020782470703 0.8045743703842163
349.3968811035156 174.38595581054688 0.8541890978813171
351.6318359375 177.08399963378906 0.903803825378418
353.7302551269531 179.88955688476562 0.9534185528755188
355.68695068359375 182.7957305908203 1.0030332803726196
357.4971008300781 185.7953643798828 1.0526479482650757
359.15625 188.88108825683594 1.1022626161575317
360.66033935546875 192.04530334472656 1.1518772840499878
362.0056457519531 195.28021240234375 1.2014919519424438
363.1888427734375 198.57786560058594 1.2511066198349
364.2070617675781 201.9301300048828 1.300721287727356
365.0577697753906 205.32876586914062 1.350335955619812
365.7388610839844 208.76541137695312 1.399950623512268
366.2486877441406 212.2316131591797 1.4495652914047241
366.58599853515625 215.7188262939453 1.4991799592971802
366.9065246582031 219.39990234375 1.4686954021453857
367.339111328125 223.0695037841797 1.4382108449935913
367.88336181640625 226.72421264648438 1.4077262878417969
368.5387268066406 230.3606414794922 1.3772417306900024
369.30462646484375 233.97540283203125 1.346757173538208
370.18035888671875 237.5651397705078 1.3162726163864136
371.16510009765625 241.1265106201172 1.2857880592346191
372.2579345703125 244.65621948242188 1.2553035020828247
373.4578552246094 248.15097045898438 1.2248189449310303
374.76373291015625 251.60752868652344 1.1943343877792358
376.1743469238281 255.02267456054688 1.1638498306274414
377.68841552734375 258.39324951171875 1.133365273475647
379.30450439453125 261.7160949707031 1.1028807163238525
381.0211181640625 264.9881591796875 1.072396159172058
382.836669921875 268.20635986328125 1.0419116020202637
384.7494812011719 271.36773681640625 1.0114270448684692
386.75775146484375 274.4693298339844 0.9809424877166748
388.859619140625 277.5082702636719 0.9504579305648804
391.0531311035156 280.48175048828125 0.9199733734130859
393.3362731933594 283.3869934082031 0.8894888162612915
395.7069091796875 286.2212829589844 0.8590042591094971
398.1628112792969 288.98199462890625 0.8285197019577026
400.70172119140625 291.66656494140625 0.7980351448059082
403.3212890625 294.27252197265625 0.7675505876541138
406.0190734863281 296.79742431640625 0.7370660305023193
408.79254150390625 299.2389221191406 0.7065814733505249
411.63916015625 301.5947570800781 0.6760969161987305
414.5562438964844 303.86273193359375 0.645612359046936
417.5411071777344 306.0407409667969 0.6151278018951416
420.5909729003906 308.1267395019531 0.5846432447433472
423.7030029296875 310.11883544921875 0.5541586875915527
426.8742980957031 312.01513671875 0.5236741304397583
430.1019287109375 313.81390380859375 0.49318957328796387
433.38287353515625 315.5134582519531 0.46270501613616943
436.714111328125 317.1122131347656 0.432220458984375
440.092529296875 318.60870361328125 0.40173590183258057
443.5149841308594 320.00152587890625 0.37125134468078613
446.9783020019531 321.28936767578125 0.3407667875289917
450.479248046875 322.4710388183594 0.31028223037719727
454.01458740234375 323.54547119140625 0.27979767322540283
457.5810546875 324.51165771484375 0.2493131160736084
461.17529296875 325.3686828613281 0.21882855892181396
464.79400634765625 326.1157531738281 0.18834400177001953
468.4338073730469 326.7521667480469 0.1578594446182251
472.09130859375 327.27734375 0.12737488746643066
475.76312255859375 327.6907958984375 0.09689033031463623
479.4459533691406 327.9921875 0.06641892343759537
482.93487548828125 328.31134033203125 0.1160336434841156
486.4036865234375 328.8031311035156 0.16564835608005524
490.0569763183594 329.3567810058594 0.1351637989282608
493.5157470703125 329.91485595703125 0.18477851152420044
497.15777587890625 330.5382995605469 0.154293954372406
500.8171081542969 331.0504455566406 0.12380939722061157
504.4903564453125 331.4508056640625 0.09332484006881714
508.1741027832031 331.739013671875 0.0628402829170227
511.86492919921875 331.9148254394531 0.03235572576522827
515.5593872070312 331.9780578613281 0.0018711686134338379
519.2540893554688 331.92864990234375 -0.028613388538360596
522.945556640625 331.76666259765625 -0.05909794569015503
526.63037109375 331.4922180175781 -0.08958250284194946
530.3051147460938 331.1055908203125 -0.1200670599937439
533.9663696289062 330.6071472167969 -0.15055161714553833
537.6107177734375 329.9973449707031 -0.18103617429733276
541.2348022460938 329.2767333984375 -0.2115207314491272
544.835205078125 328.4460144042969 -0.24200528860092163
548.4086303710938 327.50592041015625 -0.27248984575271606
551.9517211914062 326.4573669433594 -0.3029744029045105
555.4612426757812 325.3013000488281 -0.33345896005630493
558.9338989257812 324.0387878417969 -0.36394351720809937
562.366455078125 322.6710205078125 -0.3944280743598938
565.7557373046875 321.19927978515625 -0.42491263151168823
569.0985717773438 319.6249084472656 -0.45539718866348267
572.391845703125 317.9493713378906 -0.4858817458152771
575.6325073242188 316.17425537109375 -0.5163663029670715
578.8175659179688 314.3011779785156 -0.546850860118866
578.8175659179688 314.3011779785156 -0.5773354172706604
578.8175659179688 314.3011779785156 -0.9773354530334473
578.8175659179688 314.3011779785156 -1.3773354291915894
578.8175659179688 314.3011779785156 -1.7773354053497314
578.8175659179688 314.3011779785156 -2.177335500717163
576.665283203125 311.2977294921875 -2.207819938659668
574.6519165039062 308.4305419921875 -2.158205270767212
572.5574951171875 305.386474609375 -2.188689708709717
570.5993041992188 302.4813232421875 -2.1390750408172607
568.78759765625 299.48260498046875 -2.0894603729248047
567.1268310546875 296.3977355957031 -2.0398476123809814
565.406494140625 293.12762451171875 -2.0703320503234863
563.8050537109375 290.0115661621094 -2.0207173824310303
562.1475830078125 286.70916748046875 -2.051201820373535
560.6060180664062 283.56304931640625 -2.001587152481079
559.222412109375 280.3443298339844 -1.951972484588623
557.7957153320312 276.93585205078125 -1.9824570417404175
556.4739379882812 273.6912536621094 -1.9328423738479614
555.3145751953125 270.38494873046875 -1.883246660232544
554.1253051757812 266.8865661621094 -1.9137312173843384
553.0294189453125 263.558837890625 -1.8641191720962524
551.9072875976562 260.038330078125 -1.8946025371551514
550.8753051757812 256.6902770996094 -1.8449878692626953
549.8206787109375 253.1488494873047 -1.8754618167877197
548.8529663085938 249.7816619873047 -1.8258471488952637
547.8662719726562 246.2200164794922 -1.8562541007995605
546.96337890625 242.83486938476562 -1.8066394329071045
546.0450439453125 239.25181579589844 -1.8367398977279663
545.2083740234375 235.8496856689453 -1.7871252298355103
544.3597412109375 232.24110412597656 -1.8164092302322388
543.5924072265625 228.8226776123047 -1.7667945623397827
542.9955444335938 225.37039184570312 -1.7171798944473267
542.4009399414062 221.72354125976562 -1.747664451599121
541.8702392578125 218.26046752929688 -1.698049783706665
541.3455200195312 214.6029052734375 -1.7285343408584595
540.8811645507812 211.13031005859375 -1.6789202690124512
540.426513671875 207.46311950683594 -1.7093784809112549
540.0287475585938 203.9822540283203 -1.6597657203674316
539.6444091796875 200.30728149414062 -1.690248966217041
539.313232421875 196.81912231445312 -1.6406702995300293
538.9990844726562 193.13748168945312 -1.6711548566818237
538.5728759765625 189.46713256835938 -1.7016394138336182
538.2020874023438 185.9833221435547 -1.652024745941162
537.84619140625 182.3054962158203 -1.6825093030929565
537.5421142578125 178.8152313232422 -1.6328946352005005
537.2566528320312 175.1312713623047 -1.663379192352295
537.0194091796875 171.6358184814453 -1.6137651205062866
536.804443359375 167.9470672607422 -1.644249677658081
536.4771118164062 164.26658630371094 -1.6747342348098755
536.2001953125 160.77406311035156 -1.6251195669174194
535.943359375 157.08798217773438 -1.6556041240692139
535.7332763671875 153.59078979492188 -1.6059894561767578
535.5523071289062 149.86122131347656 -1.6325831413269043
535.2681274414062 146.17572021484375 -1.6629250049591064
535.032470703125 142.68016052246094 -1.6133103370666504
534.9703979492188 139.17710876464844 -1.5637061595916748
534.9402465820312 135.4822235107422 -1.5941907167434692
534.691650390625 133.30056762695312 -1.7743165493011475
534.06884765625 129.85287475585938 -1.7247018814086914
533.6177978515625 126.37853240966797 -1.6750872135162354
533.339599609375 122.88610076904297 -1.6254725456237793
533.2349853515625 119.38417053222656 -1.5758578777313232
533.3040771484375 115.88072204589844 -1.5263067483901978
533.412109375 112.18729400634766 -1.5567913055419922
533.4075317382812 108.4922866821289 -1.5872758626937866
533.4367065429688 104.9888916015625 -1.5376638174057007
533.5028076171875 101.29447174072266 -1.5681483745574951
533.456298828125 97.5997543334961 -1.5986329317092896
533.2971801757812 93.90817260742188 -1.629117488861084
533.025634765625 90.22315216064453 -1.6596020460128784
532.641845703125 86.54812622070312 -1.6900866031646729
532.146240234375 82.88650512695312 -1.7205711603164673
531.5392456054688 79.24169158935547 -1.7510557174682617
530.8214721679688 75.6170654296875 -1.7815402746200562
529.9935302734375 72.01600646972656 -1.8120248317718506
529.0562133789062 68.44185638427734 -1.842509388923645
528.0103759765625 64.89793395996094 -1.8729939460754395
526.8570556640625 61.387535095214844 -1.9034785032272339
525.5972290039062 57.91392135620117 -1.9339630603790283
524.2321166992188 54.48031997680664 -1.9644476175308228
522.7630004882812 51.08992004394531 -1.9949321746826172
521.1912231445312 47.745872497558594 -2.025416851043701
519.5182495117188 44.45128631591797 -2.055901527404785
517.7456665039062 41.209224700927734 -2.086386203765869
515.8750610351562 38.02269744873047 -2.116870880126953
513.908203125 34.89466857910156 -2.147355556488037
511.846923828125 31.828041076660156 -2.177840232849121
509.693115234375 28.825666427612305 -2.208324909210205
509.693115234375 28.825666427612305 -2.6083250045776367
509.693115234375 28.825666427612305 -3.0083250999450684
506.0238037109375 28.390573501586914 -3.0388097763061523
502.34295654296875 28.067523956298828 -3.0692944526672363
498.6539611816406 27.8568172454834 -3.0997791290283203
494.96026611328125 27.758647918701172 -3.1302638053894043
491.2652893066406 27.773109436035156 3.122436761856079
487.57244873046875 27.90018653869629 3.091952323913574
483.8852233886719 28.139760971069336 3.0614676475524902
480.2070007324219 28.491609573364258 3.0309829711914062
476.54119873046875 28.955408096313477 3.0004982948303223
472.8912658691406 29.530723571777344 2.9700136184692383
469.26055908203125 30.217021942138672 2.9395289421081543
465.6524353027344 31.0136661529541 2.9090442657470703
462.0702819824219 31.91991424560547 2.8785595893859863
458.5174255371094 32.9349250793457 2.8480749130249023
454.9971618652344 34.05775451660156 2.8175902366638184
451.51275634765625 35.28736114501953 2.7871055603027344
448.06744384765625 36.62260055541992 2.7566208839416504
444.6644287109375 38.062232971191406 2.7261362075805664
441.42486572265625 39.396324157714844 2.7757508754730225
437.6895751953125 40.827266693115234 2.7757508754730225
434.3878479003906 41.999053955078125 2.8253655433654785
430.89398193359375 43.20153045654297 2.7948808670043945
427.5704345703125 44.30994415283203 2.8444955348968506
424.05419921875 45.445369720458984 2.8140110969543457
420.7100830078125 46.49000549316406 2.8636257648468018
417.3182678222656 47.36750411987305 2.913240432739258
413.8870849609375 48.07571029663086 2.962855100631714
410.4250183105469 48.612876892089844 3.01246976852417
406.9405822753906 48.977684020996094 3.062084436416626
403.44232177734375 49.16923141479492 3.111699104309082
399.9388732910156 49.187049865722656 -3.1218714714050293
396.4388427734375 49.031097412109375 -3.0722568035125732
392.95086669921875 48.70175552368164 -3.022642135620117
389.4835205078125 48.199832916259766 -2.973027467727661
386.0453186035156 47.52656555175781 -2.923412799835205
382.6447448730469 46.68361282348633 -2.873798131942749
379.06695556640625 45.760318756103516 -2.904282569885254
375.4626770019531 44.946502685546875 -2.934767246246338
371.83526611328125 44.242923736572266 -2.965251922607422
368.1881103515625 43.65023422241211 -2.995736598968506
364.5245666503906 43.16898727416992 -3.02622127532959
360.8480529785156 42.79962921142578 -3.056705951690674
357.1619873046875 42.54249954223633 -3.087190628051758
353.4698181152344 42.39784240722656 -3.117675304412842
349.9704895019531 42.227203369140625 -3.0680606365203857
346.2817687988281 42.01194381713867 -3.0985450744628906
342.58819580078125 41.909217834472656 -3.1290297508239746
338.8931884765625 41.91911697387695 3.123670816421509
335.3897705078125 41.89499282836914 -3.1098997592926025
331.69525146484375 41.83420944213867 -3.1403841972351074
328.0006103515625 41.88606262207031 3.112316370010376
324.30926513671875 42.050506591796875 3.081831932067871
320.80792236328125 42.17293930053711 3.131446599960327
317.1141052246094 42.26673889160156 3.1009621620178223
313.42486572265625 42.47308349609375 3.0704774856567383
309.7436218261719 42.791778564453125 3.0399928092956543
306.2504577636719 43.06055450439453 3.0896074771881104
302.56378173828125 43.308773040771484 3.0591230392456055
298.8863830566406 43.669246673583984 3.0286383628845215
295.396484375 43.97766876220703 3.0782530307769775
291.712890625 44.267730712890625 3.0477685928344727
288.0398254394531 44.6699333190918 3.0172839164733887
284.3807373046875 45.183902740478516 2.9867992401123047
280.90679931640625 45.63802719116211 3.0364139080047607
277.2385559082031 46.0819091796875 3.005929470062256
273.5855407714844 46.637393951416016 2.975444793701172
270.1169738769531 47.13093185424805 3.025059461593628
266.4540100097656 47.61643600463867 2.994575023651123
262.8072204589844 48.213356018066406 2.9641222953796387
259.344482421875 48.74613571166992 3.0137369632720947
255.68724060058594 49.2730827331543 2.98325252532959
252.04776000976562 49.9112548828125 2.952767848968506
248.59129333496094 50.483314514160156 3.002382516860962
244.9402618408203 51.05175018310547 2.971898078918457
241.30825805664062 51.731204986572266 2.941413402557373
237.85850524902344 52.34247589111328 2.991028070449829
234.21417236328125 52.95233154296875 2.960543632507324
230.7533416748047 53.497501373291016 3.010157585144043
227.09800720214844 54.03753662109375 2.979672908782959
223.6273193359375 54.51642608642578 3.029280424118042
219.9623260498047 54.98646545410156 2.998795986175537
216.31336975097656 55.5679931640625 2.968311309814453
212.84841918945312 56.08626174926758 3.017925977706909
209.18899536132812 56.59788131713867 2.9874415397644043
205.7147674560547 57.049774169921875 3.0370562076568604
202.0081787109375 57.48883819580078 3.01031756401062
198.52452087402344 57.861141204833984 3.059932231903076
194.8468475341797 58.2186393737793 3.029447555541992
191.35670471191406 58.52423858642578 3.0790622234344482
187.67286682128906 58.81132125854492 3.0485777854919434
183.9991912841797 59.21052932739258 3.018122673034668
180.5127410888672 59.555633544921875 3.067737340927124
176.83238220214844 59.88441467285156 3.037252902984619
173.3399658203125 60.16276168823242 3.086867570877075
169.83804321289062 60.26756286621094 3.1364822387695312
166.143798828125 60.3427619934082 3.1059975624084473
162.6405029296875 60.380558013916016 -3.127573013305664
158.94549560546875 60.385074615478516 3.1251275539398193
155.25233459472656 60.50221252441406 3.0946431159973145
151.74969482421875 60.57978057861328 -3.138927459716797
148.0549774169922 60.626251220703125 3.1137731075286865
144.36338806152344 60.785316467285156 3.0832886695861816
140.8618621826172 60.90264892578125 3.1329033374786377
138.15585327148438 61.10036087036133 3.0044121742248535
134.67445373535156 61.49323272705078 3.0540268421173096
131.1778564453125 61.71296310424805 3.1036415100097656
127.67466735839844 61.759010314941406 -3.1299290657043457
124.17350006103516 61.631263732910156 -3.0803143978118896
120.48240661621094 61.461219787597656 -3.1107988357543945
116.787841796875 61.40375900268555 -3.1412835121154785
113.28545379638672 61.315773010253906 -3.0916688442230225
109.59266662597656 61.18764877319336 -3.1221532821655273
106.09260559082031 61.03268051147461 -3.0725386142730713
102.40294647216797 60.83394241333008 -3.103023052215576
98.59273529052734 60.7227897644043 -3.1218340396881104
94.89775848388672 60.70610046386719 3.130866765975952
91.20399475097656 60.80204391479492 3.1003823280334473
87.70097351074219 60.8595085144043 -3.133188247680664
84.00605010986328 60.88477325439453 3.1195123195648193
80.31361389160156 61.022647857666016 3.0890278816223145
76.62709045410156 61.27300262451172 3.0585432052612305
72.94991302490234 61.6356086730957 3.0280585289001465
69.2854995727539 62.11012649536133 2.9975738525390625
65.63725280761719 62.69611358642578 2.9670891761779785
62.00856018066406 63.393028259277344 2.9366044998168945
58.402793884277344 64.2002182006836 2.9061198234558105
54.823307037353516 65.11693572998047 2.8756351470947266
51.27342224121094 66.142333984375 2.8451504707336426
47.75644302368164 67.27545166015625 2.8146657943725586
44.275634765625 68.51524353027344 2.7841811180114746
40.834232330322266 69.86055755615234 2.7536964416503906
37.43543243408203 71.31013488769531 2.7232117652893066
34.0823974609375 72.86263275146484 2.6927270889282227
30.778240203857422 74.51661682128906 2.6622424125671387
27.526031494140625 76.27053833007812 2.6317577362060547
24.328792572021484 78.12277221679688 2.6012730598449707
21.189495086669922 80.07159423828125 2.5707883834838867
18.11105728149414 82.11520385742188 2.5403037071228027
18.11105728149414 82.11520385742188 2.5098190307617188
18.11105728149414 82.11520385742188 2.4793343544006348
18.11105728149414 82.11520385742188 2.4489450454711914
18.11105728149414 82.11520385742188 2.4184741973876953
18.11105728149414 82.11520385742188 2.3879964351654053
18.11105728149414 82.11520385742188 2.3575143814086914
18.11105728149414 82.11520385742188 2.3270323276519775
18.11105728149414 82.11520385742188 2.2965502738952637
18.11105728149414 82.11520385742188 2.2660720348358154
18.11105728149414 82.11520385742188 2.2355899810791016
