62.52287292480469 452.6166687011719 0.8218963742256165
64.9485855102539 455.32366943359375 0.8583945631980896
67.2739028930664 458.11737060546875 0.8948927521705627
69.4957275390625 460.99407958984375 0.9313909411430359
71.61109924316406 463.9499206542969 0.967889130115509
73.61720275878906 466.9809875488281 1.004387378692627
75.51136779785156 470.083251953125 1.0408855676651
77.29106903076172 473.2525634765625 1.0773837566375732
78.95394134521484 476.4847106933594 1.1138819456100464
80.49776458740234 479.775390625 1.1503801345825195
81.92047882080078 483.1202087402344 1.1868783235549927
83.2201919555664 486.51470947265625 1.2233765125274658
84.39517974853516 489.9543762207031 1.259874701499939
85.4438705444336 493.43463134765625 1.296372890472412
86.3648681640625 496.9508361816406 1.3328710794448853
87.15694427490234 500.498291015625 1.3693692684173584
87.81904602050781 504.0722961425781 1.4058674573898315
87.81904602050781 504.0722961425781 1.0058674812316895
89.7086181640625 507.1773681640625 1.0423656702041626
89.7086181640625 507.1773681640625 0.6423656940460205
92.57872772216797 509.40771484375 0.6788638830184937
95.36553955078125 511.7413024902344 0.7153620719909668
95.36553955078125 511.7413024902344 0.3153620660305023
98.79995727539062 512.9315795898438 0.35186028480529785
102.18865203857422 514.246337890625 0.3883585035800934
105.52711486816406 515.6838989257812 0.4248567223548889
108.80924987792969 517.2418823242188 0.4615227282047272
108.80924987792969 517.2418823242188 0.061522722244262695
112.43251037597656 517.5315551757812 0.09802093356847763
116.04278564453125 517.9532470703125 0.13451914489269257
119.63526916503906 518.50634765625 0.1710173487663269
123.2051773071289 519.190185546875 0.20751556754112244
126.74775695800781 520.0038452148438 0.24401378631591797
130.25828552246094 520.9462280273438 0.2805120050907135
130.25828552246094 520.9462280273438 -0.11948800086975098
133.87449645996094 520.578857421875 -0.08298978954553604
137.50169372558594 520.3436889648438 -0.046491578221321106
141.1350555419922 520.2410278320312 -0.00999336689710617
144.76974487304688 520.2710571289062 0.026504844427108765
148.4009246826172 520.4336547851562 0.0630030557513237
152.02374267578125 520.7286376953125 0.09950126707553864
155.63339233398438 521.1556396484375 0.13599947094917297
159.2250518798828 521.714111328125 0.1724976897239685
159.2250518798828 521.714111328125 -0.22750231623649597
162.78057861328125 520.9590454101562 -0.19100409746170044
166.36129760742188 520.334228515625 -0.1545058786869049
166.36129760742188 520.334228515625 -0.5545058846473694
169.4858856201172 518.4771118164062 -0.5180076956748962
172.67616271972656 516.7352294921875 -0.4815094769001007
175.92787170410156 515.1109619140625 -0.4450112581253052
179.23570251464844 513.6071166992188 -0.4083960950374603
182.59718322753906 512.224853515625 -0.3718756437301636
182.59718322753906 512.224853515625 -0.7718756198883057
185.24774169921875 509.7375793457031 -0.7353774309158325
187.98728942871094 507.34869384765625 -0.6988792419433594
190.8121795654297 505.0613708496094 -0.6623810529708862
193.71865844726562 502.878662109375 -0.6258828639984131
196.70285034179688 500.8034362792969 -0.5893846750259399
199.7718505859375 498.8281555175781 -0.554375171661377
199.7718505859375 498.8281555175781 -0.954375147819519
201.92697143554688 495.9011535644531 -0.9178769588470459
204.18746948242188 493.05474853515625 -0.8813787698745728
206.55032348632812 490.292724609375 -0.8448805809020996
209.01239013671875 487.6187438964844 -0.8083823919296265
211.5703887939453 485.0364074707031 -0.7718842029571533
214.22091674804688 482.54913330078125 -0.7353860139846802
216.96044921875 480.16021728515625 -0.698887825012207
219.7853240966797 477.87286376953125 -0.6623896360397339
222.69178771972656 475.69012451171875 -0.6258914470672607
222.69178771972656 475.69012451171875 -1.0258914232254028
224.6322479248047 472.6166076660156 -0.9893932342529297
226.68357849121094 469.6159362792969 -0.9528950452804565
228.84303283691406 466.692138671875 -0.9163968563079834
231.1077423095703 463.8490905761719 -0.8798986673355103
233.4746856689453 461.090576171875 -0.8434004783630371
235.94070434570312 458.4202575683594 -0.806902289390564
238.50253295898438 455.8417053222656 -0.7704041004180908
241.15673828125 453.35833740234375 -0.7339059114456177
243.89979553222656 450.9734802246094 -0.6974077224731445
246.72805786132812 448.6903076171875 -0.6609095335006714
249.6377410888672 446.5118713378906 -0.6244113445281982
252.62498474121094 444.4410400390625 -0.5879131555557251
255.68580627441406 442.4805908203125 -0.551414966583252
258.8161315917969 440.6331481933594 -0.5149167776107788
262.01177978515625 438.9011535644531 -0.4784185588359833
265.26849365234375 437.28692626953125 -0.44192034006118774
268.5819396972656 435.7926025390625 -0.4054221212863922
271.94769287109375 434.4201965332031 -0.3689239025115967
275.3612976074219 433.1715087890625 -0.33242568373680115
278.8182067871094 432.0482177734375 -0.2959274649620056
282.31378173828125 431.05181884765625 -0.2594292461872101
285.8433837890625 430.18365478515625 -0.22293102741241455
289.4023132324219 429.4448547363281 -0.18643280863761902
292.98583984375 428.83642578125 -0.1499345898628235
296.58917236328125 428.3591613769531 -0.11343637853860855
300.20751953125 428.0137023925781 -0.07693816721439362
303.8360900878906 427.8005065917969 -0.04043995589017868
307.4700012207031 427.7198486328125 -0.003941744565963745
311.10443115234375 427.7718505859375 0.03255646675825119
314.73455810546875 427.9564514160156 0.06905467808246613
318.35552978515625 428.27337646484375 0.10555288940668106
321.9625244140625 428.72222900390625 0.142051100730896
325.5507507324219 429.3023986816406 0.17854931950569153
329.11541748046875 430.01312255859375 0.21504753828048706
332.6517639160156 430.85345458984375 0.2515457570552826
336.15509033203125 431.822265625 0.2880439758300781
339.6207275390625 432.9182434082031 0.32454219460487366
343.0440673828125 434.13995361328125 0.3610404133796692
346.4205627441406 435.48577880859375 0.3975386321544647
349.7456970214844 436.95391845703125 0.43403685092926025
353.0150451660156 438.54241943359375 0.4705350697040558
356.2242431640625 440.2491455078125 0.5070332884788513
359.3690185546875 442.07183837890625 0.5435314774513245
362.4451904296875 444.0080871582031 0.5800296664237976
365.44866943359375 446.0552978515625 0.6165278553962708
368.37542724609375 448.2107238769531 0.6530260443687439
371.2215881347656 450.4715270996094 0.689524233341217
373.9833679199219 452.8346862792969 0.7260224223136902
376.6570739746094 455.2970275878906 0.7625206112861633
379.2391357421875 457.8553161621094 0.7990188002586365
381.72613525390625 460.506103515625 0.8355169892311096
384.11474609375 463.2458801269531 0.8720151782035828
386.40179443359375 466.07098388671875 0.9085133671760559
388.584228515625 468.9776611328125 0.945011556148529
390.6591491699219 471.9620666503906 0.9815097451210022
392.623779296875 475.0201721191406 1.0180079936981201
394.47552490234375 478.14794921875 1.0545061826705933
396.2118835449219 481.3412170410156 1.0910043716430664
397.83056640625 484.595703125 1.1275025606155396
399.3294372558594 487.9071044921875 1.1640007495880127
400.7064514160156 491.27099609375 1.2004989385604858
401.9598083496094 494.6828918457031 1.236997127532959
403.08782958984375 498.13824462890625 1.2734953165054321
404.0890197753906 501.6324462890625 1.3099935054779053
405.1204528808594 505.4971923828125 1.3099935054779053
405.1204528808594 505.4971923828125 0.9099935293197632
407.298583984375 508.4071044921875 0.9464917182922363
409.36907958984375 511.3945617675781 0.9829899072647095
409.36907958984375 511.3945617675781 0.5829899311065674
412.3663330078125 513.4505615234375 0.6195021271705627
412.3663330078125 513.4505615234375 0.21950212121009827
415.8988952636719 514.306640625 0.2560003399848938
419.39788818359375 515.291015625 0.29249855875968933
422.8586120605469 516.4024658203125 0.32899677753448486
426.2764892578125 517.639404296875 0.3654949963092804
426.2764892578125 517.639404296875 -0.03450500965118408
429.91082763671875 517.580322265625 0.0019932016730308533
433.5448913574219 517.6538696289062 0.03849141299724579
437.1738586425781 517.8599853515625 0.07498962432146072
440.7928771972656 518.1984252929688 0.11148783564567566
444.39715576171875 518.668701171875 0.1479860544204712
447.98187255859375 519.2701416015625 0.18448427319526672
451.542236328125 520.0020141601562 0.22098249197006226
455.07354736328125 520.86328125 0.2574807107448578
458.627685546875 521.858154296875 0.28839096426963806
458.627685546875 521.858154296875 -0.11160904169082642
462.2466735839844 521.519287109375 -0.07511083036661148
465.8756103515625 521.312744140625 -0.038612619042396545
469.5096740722656 521.2387084960938 -0.00211440771818161
473.1440124511719 521.29736328125 0.034383803606033325
476.7738037109375 521.4885864257812 0.07088201493024826
480.3941955566406 521.8121337890625 0.1073802262544632
484.0003662109375 522.267578125 0.14387843012809753
487.5875244140625 522.8543090820312 0.18037664890289307
491.15087890625 523.571533203125 0.2168748676776886
491.15087890625 523.571533203125 -0.18312513828277588
494.73638916015625 522.9749755859375 -0.14662691950798035
498.34130859375 522.5096435546875 -0.11012870818376541
501.9607849121094 522.1761474609375 -0.07363049685955048
501.9607849121094 522.1761474609375 -0.47363048791885376
505.2251892089844 520.5775146484375 -0.4371322691440582
505.2251892089844 520.5775146484375 -0.8371322751045227
507.7079162597656 517.9227294921875 -0.8006340861320496
510.2858581542969 515.3602905273438 -0.7641358971595764
512.9785766601562 512.8629760742188 -0.7314049005508423
512.9785766601562 512.8629760742188 -1.1314048767089844
514.5845336914062 509.6022033691406 -1.0949066877365112
514.5845336914062 509.6022033691406 -1.4949066638946533
514.9262084960938 505.9834899902344 -1.4584084749221802
515.3997192382812 502.379638671875 -1.421910285949707
516.00439453125 498.79547119140625 -1.3854120969772339
516.00439453125 498.79547119140625 -1.785412073135376
515.2952270507812 495.2304992675781 -1.7489138841629028
514.7166137695312 491.64202880859375 -1.7124156951904297
514.2693481445312 488.03485107421875 -1.6759175062179565
514.2693481445312 488.03485107421875 -2.0759174823760986
512.5687255859375 484.8223876953125 -2.039419174194336
510.9864807128906 481.5500183105469 -2.0029208660125732
509.5246887207031 478.22210693359375 -1.9664226770401
508.1853332519531 474.8430480957031 -1.929924488067627
506.97015380859375 471.4173889160156 -1.8934262990951538
506.97015380859375 471.4173889160156 -2.293426275253296
504.61639404296875 468.6476135253906 -2.256927967071533
502.3652648925781 465.7937927246094 -2.2204296588897705
500.2197570800781 462.8597412109375 -2.183931350708008
498.1827392578125 459.8493347167969 -2.147433042526245
496.2569580078125 456.7666015625 -2.1109347343444824
494.4449462890625 453.61566162109375 -2.0744364261627197
492.7491149902344 450.40069580078125 -2.037938117980957
492.7491149902344 450.40069580078125 -2.4379382133483887
490.02099609375 447.9987487792969 -2.401439905166626
487.3823547363281 445.4988708496094 -2.3649415969848633
484.8367004394531 442.90435791015625 -2.3284432888031006
482.38739013671875 440.21868896484375 -2.291944980621338
480.0377197265625 437.4454345703125 -2.255446672439575
477.79083251953125 434.5882873535156 -2.2189483642578125
475.6496887207031 431.65106201171875 -2.18245005607605
473.6171569824219 428.63763427734375 -2.145951747894287
473.6171569824219 428.63763427734375 -2.5459518432617188
470.64599609375 426.5437927246094 -2.509453535079956
467.75323486328125 424.3429260253906 -2.4729552268981934
464.9427185058594 422.0379638671875 -2.4364569187164307
462.2181701660156 419.6319885253906 -2.399958610534668
459.5832214355469 417.1282043457031 -2.3634603023529053
457.0414123535156 414.5299377441406 -2.3269619941711426
454.5960998535156 411.84063720703125 -2.29046368598938
454.5960998535156 411.84063720703125 -2.6904637813568115
451.3544006347656 410.1965026855469 -2.653965473175049
448.1748352050781 408.4351501464844 -2.617467164993286
445.0616760253906 406.5589599609375 -2.5809688568115234
442.01904296875 404.5704345703125 -2.5444705486297607
439.0509948730469 402.4721984863281 -2.507972240447998
436.1614990234375 400.2670593261719 -2.4714739322662354
433.3544006347656 397.95794677734375 -2.4349756240844727
430.6334228515625 395.5479431152344 -2.39847731590271
428.002197265625 393.0402526855469 -2.3619790077209473
425.4642333984375 390.4382019042969 -2.3254806995391846
425.4642333984375 390.4382019042969 -2.725480794906616
422.1669616699219 388.9085693359375 -2.6889824867248535
418.9277038574219 387.2596130371094 -2.652484178543091
415.7507629394531 385.4935607910156 -2.615985870361328
412.640380859375 383.6127624511719 -2.5794875621795654
409.6007080078125 381.6197204589844 -2.5429892539978027
406.6357727050781 379.51708984375 -2.50649094581604
403.7495422363281 377.30767822265625 -2.4699926376342773
400.94586181640625 374.9944152832031 -2.4334943294525146
398.22845458984375 372.58038330078125 -2.396996021270752
395.6009521484375 370.06878662109375 -2.3604977130889893
395.6009521484375 370.06878662109375 -2.760497808456421
392.25213623046875 368.655517578125 -2.723999500274658
388.9571228027344 367.1210021972656 -2.6875011920928955
385.7203063964844 365.4672546386719 -2.651002883911133
382.5459899902344 363.6965026855469 -2.61450457572937
379.4383850097656 361.81109619140625 -2.5780062675476074
376.40167236328125 359.8135681152344 -2.5415079593658447
373.4398498535156 357.70654296875 -2.505009651184082
370.556884765625 355.49285888671875 -2.4685113430023193
367.7566223144531 353.1754455566406 -2.4320130348205566
365.04278564453125 350.75738525390625 -2.395514726638794
365.04278564453125 350.75738525390625 -2.7955148220062256
361.64654541015625 349.46221923828125 -2.759016513824463
358.2998352050781 348.04400634765625 -2.7225182056427
355.0071105957031 346.5046081542969 -2.6860198974609375
351.7727355957031 344.8460693359375 -2.649521589279175
348.6010437011719 343.07061767578125 -2.613023281097412
345.4962463378906 341.18060302734375 -2.5765249729156494
342.4624938964844 339.1785583496094 -2.5400266647338867
339.5038146972656 337.067138671875 -2.503528356552124
336.6241455078125 334.84918212890625 -2.4670300483703613
333.82733154296875 332.5276184082031 -2.4305317401885986
331.1181945800781 330.1062316894531 -2.3939051628112793
331.1181945800781 330.1062316894531 -2.793905258178711
327.7240295410156 328.80560302734375 -2.7574069499969482
324.3796081542969 327.3819885253906 -2.7209086418151855
321.08935546875 325.8372802734375 -2.684410333633423
317.857666015625 324.1735534667969 -2.64791202545166
314.6888427734375 322.39300537109375 -2.6114137172698975
311.58709716796875 320.4980163574219 -2.5749154090881348
308.5565490722656 318.4910888671875 -2.538417100906372
305.60125732421875 316.3749084472656 -2.5019187927246094
302.72515869140625 314.1523132324219 -2.4654204845428467
302.72515869140625 314.1523132324219 -2.8654205799102783
299.2467346191406 313.0975341796875 -2.8289222717285156
295.80914306640625 311.9165344238281 -2.792423963546753
292.41693115234375 310.6108703613281 -2.7559256553649902
289.0746154785156 309.18231201171875 -2.7194273471832275
285.7866516113281 307.63275146484375 -2.682929039001465
282.55743408203125 305.9642333984375 -2.646430730819702
279.3912353515625 304.1789855957031 -2.6099324226379395
276.29229736328125 302.2793884277344 -2.5734341144561768
273.2647399902344 300.2679748535156 -2.536935806274414
270.3125915527344 298.1474304199219 -2.5004374980926514
267.4397888183594 295.9205627441406 -2.4639391899108887
267.4397888183594 295.9205627441406 -2.8639392852783203
263.96295166015625 294.8606262207031 -2.8274409770965576
260.527099609375 293.6745300292969 -2.790942668914795
257.1368103027344 292.3638610839844 -2.7544443607330322
253.79661560058594 290.93035888671875 -2.7179460525512695
250.51095581054688 289.37591552734375 -2.681447744369507
247.28419494628906 287.7026062011719 -2.644949436187744
244.1206512451172 285.91265869140625 -2.6084511280059814
241.02452087402344 284.00848388671875 -2.5719528198242188
237.99993896484375 281.9925842285156 -2.535454511642456
235.05093383789062 279.86767578125 -2.4989562034606934
232.18142700195312 277.6365661621094 -2.4624578952789307
229.39524841308594 275.30224609375 -2.425959587097168
226.69610595703125 272.8677978515625 -2.3894612789154053
224.0876007080078 270.33648681640625 -2.3529629707336426
221.5731964111328 267.711669921875 -2.31646466255188
219.15625 264.9968566894531 -2.279966354370117
216.83998107910156 262.1956481933594 -2.2434680461883545
214.62745666503906 259.3117980957031 -2.206969738006592
212.5216522216797 256.34912109375 -2.170471429824829
210.52536010742188 253.3115692138672 -2.1339731216430664
208.6412353515625 250.2032012939453 -2.0974748134613037
206.8717803955078 247.0281524658203 -2.060976505279541
205.2193603515625 243.7906494140625 -2.0244781970977783
203.68618774414062 240.49501037597656 -1.9879800081253052
202.2742919921875 237.14561462402344 -1.951481819152832
200.9855499267578 233.74693298339844 -1.9149836301803589
199.82168579101562 230.30348205566406 -1.8784854412078857
198.7842559814453 226.81985473632812 -1.8419872522354126
197.8746337890625 223.30068969726562 -1.8054890632629395
197.09402465820312 219.7506866455078 -1.7689908742904663
196.4434814453125 216.174560546875 -1.7324926853179932
195.92385864257812 212.5770721435547 -1.69599449634552
195.53585815429688 208.96302795410156 -1.6594963073730469
195.27999877929688 205.3372344970703 -1.6229981184005737
195.1566162109375 201.7045135498047 -1.5864999294281006
195.16586303710938 198.0697021484375 -1.5500017404556274
195.3077392578125 194.43765258789062 -1.5135035514831543
195.58206176757812 190.81320190429688 -1.4770053625106812
195.9884490966797 187.201171875 -1.440507173538208
196.52638244628906 183.60638427734375 -1.4040089845657349
197.19512939453125 180.0336151123047 -1.3675107955932617
197.99378967285156 176.4876251220703 -1.3310126066207886
198.92132568359375 172.97314453125 -1.2945144176483154
198.92132568359375 172.97314453125 -1.6945143938064575
198.53868103027344 169.3585205078125 -1.6580162048339844
198.28817749023438 165.7323455810547 -1.6215180158615112
198.170166015625 162.0994415283203 -1.585019826889038
198.18479919433594 158.46466064453125 -1.548521637916565
198.33206176757812 154.83282470703125 -1.5120234489440918
198.33206176757812 154.83282470703125 -1.4755252599716187
198.33206176757812 154.83282470703125 -1.4390270709991455
198.33206176757812 154.83282470703125 -1.4025288820266724
198.33206176757812 154.83282470703125 -1.3660306930541992
198.33206176757812 154.83282470703125 -1.329532504081726
198.33206176757812 154.83282470703125 -1.293034315109253
198.33206176757812 154.83282470703125 -1.2565361261367798
198.33206176757812 154.83282470703125 -1.6565361022949219
198.33206176757812 154.83282470703125 -1.639021396636963
198.33206176757812 154.83282470703125 -1.6024030447006226
