-392.83861260070745
-395.6972973447963
-398.57562242630917
-401.47316538979356
-404.3895131339564
-407.324261745324
-410.2770163548833
-413.2473909909103
-416.23500842860443
-419.2395000371072
-422.2605056244355
-425.29767328082255
-428.3506592209188
-431.41912762526795
-434.50275048143925
-437.6012074251642
-440.7141855817944
-443.8413794083695
-446.9824905365546
-450.1372276166848
-453.3053061631269
-456.4864484011485
-459.6803831154639
-462.8868455006061
-466.1055758558366
-469.33632403122084
-472.57884245426635
-475.8328905033011
-479.0982332497959
-482.3746413219317
-485.6618907706118
-488.9597629379602
-488.9597629379602
-491.1351360993386
-493.33334979213294
-495.5541000635348
-495.5541000635348
-496.33270555558374
-497.1422765230352
-497.9826619440888
-498.85370608563153
-499.7552486386241
-499.7552486386241
-499.0989627242207
-498.4739117944025
-497.8802134886614
-497.3179800933171
-496.7873184385441
-496.2883297996262
-495.8211098026446
-495.38574833480067
-494.98232945956295
-494.61093133682436
-494.61093133682436
-492.7448007254671
-490.90416948513354
-489.0893255077297
-487.3005569103448
-485.5381518855828
-483.80237008843056
-482.09352801806824
-480.4119131512487
-478.7578123909704
-477.13151189178654
-475.5332968803617
-473.96345147139795
-472.42225847906855
-470.90999922411635
-469.42695333678955
-467.9733985558082
-466.5496105235712
-465.1558625778335
-463.79242554010136
-462.4595675010112
-461.15755360297845
-459.8866458204188
-458.6471027378636
-457.43917932630916
-456.2631267181557
-455.1191919811096
-454.6156607627475
-454.50008715165103
-454.77547901308304
-455.43465276468856
-456.4603893107102
-457.82610674944095
-460.31464360630997
-461.9974401696753
-464.96404213982595
-467.94602946687337
-469.9062628134099
-472.0741154966403
-475.74002348663686
-478.0645156516648
-481.93686329781684
-485.81127963066336
-489.6877155477692
-493.5661234640902
-497.44645725476073
-501.3286722004056
-505.2127249348508
-509.09857339511285
-512.9861767735533
-516.8754954720931
-520.7664910583845
-524.659126223846
-528.5533647434694
-532.4491714373144
-536.34651213361
-540.2453536333848
-544.145663676556
-548.047410909407
-551.9505648533894
-555.8550958751869
-559.7609751579838
-563.668174673883
-567.5766671574189
-571.4864260801181
-575.3974256260583
-579.3096406683827
-583.2230467467248
-587.1376200455054
-591.0533373730619
-594.9701761415736
-598.8881143477486
-602.8071305542388
-602.8071305542388
-606.1106223618524
-609.4224612622994
-612.7425119088894
-616.0706415404991
-619.4067199297396
-622.7506193320127
-626.1022144354562
-629.4613823117733
-632.8280023679458
-636.2019562988245
-639.5831280405915
-642.971403725091
-646.3666716350174
-649.768822159956
-653.1777477532688
-656.5933428898126
-657.5637631140781
-660.3016401830104
-663.0523428703049
-665.8157122154953
-668.5915911601451
-671.3798245381538
-674.180259065415
-674.180259065415
-675.6655419903406
-677.1711947813794
-678.6970818702043
-680.2430670911469
-681.8090137281556
-683.3947845610908
-683.3947845610908
-683.4477712299314
-683.5241621098005
-683.6239493548572
-683.6239493548572
-682.1797629541177
-680.7560162114701
-679.3528376355382
-677.970354934621
-676.6086949694526
-675.2679837055261
-673.9483461650153
-672.6499063783206
-671.3727873352769
-670.1171109360557
-670.1171109360557
-667.4969830848277
-664.8905944153718
-662.2981071340342
-659.7196851248582
-659.7196851248582
-656.1606744779132
-652.6067715965644
-649.0580603831856
-645.5146264612355
-641.9765572158425
-638.4439418354098
-634.9168713542573
-634.9168713542573
-630.9341635659812
-626.9516757465915
-622.9694121147066
-618.9873769972667
-615.0055748330243
-611.0240101761715
-607.0426877001078
-603.0616122013573
-599.0807886036398
-595.1002219621051
-591.1199174677367
-587.1398804519329
-583.1600928586736
-579.180583820256
-575.2013591181939
-571.2224246946818
-567.2437866582006
-567.2437866582006
-563.4192306332521
-559.5971276353545
-559.5971276353545
-555.6170877301112
-555.6170877301112
-551.7966452928514
-547.9787652825077
-547.9787652825077
-545.9895836292433
-542.589368521848
-539.197384999359
-535.8137893926042
-532.4387416147355
-529.0724052501795
-525.7149476456258
-522.3665400030728
-520.5404381788888
-516.8423292931495
-513.1487490525207
-509.4597959549553
-505.77557124683483
-502.09617901449815
-498.42172627921764
-494.75232309575995
-491.0880826546767
-487.4291213884758
-483.7755590818286
-480.12751898597696
-476.4851279375077
-472.8485164816697
-469.2178190004172
-465.59317384536484
-461.9747234758537
-458.36261460232805
-454.7569983352347
-451.158030339661
-447.56587099593713
-443.980685566434
-440.4026443687969
-436.8319229558628
-433.26870230251365
-429.7131689997306
-426.1655154561164
-422.6259401071629
-419.09464763254675
-415.571849181743
-412.0577626082509
-408.55261271273434
-405.05663149538094
-401.57005841779045
-398.09314067470433
-394.62613347589104
-391.16930033850184
-387.72291339021206
-384.2872536834577
-382.08924596017084
-378.3915915324069
-374.7001486302595
-371.0151026599105
-367.33664613953783
-363.6649790252545
-360.0003090539345
-356.3428521038588
-352.69283257417004
-349.05048378417297
-345.4160483935765
-341.78977884482833
-338.1719378287537
-334.5627987747696
-330.9626552962974
-327.37179481358635
-323.79052617407797
-320.21917119783427
-316.6580653119289
-314.3935649441814
-312.01046150257815
-309.5630018103865
-307.1081602187757
-304.70447301115456
-300.8737251118556
-297.0474392881222
-294.7605420959696
-291.17223581828995
-287.5947923145424
-284.0286220467554
-281.9355225192047
-281.9355225192047
-279.59381066696426
-277.3983628020687
-275.40514517739655
-273.6661564814499
-271.08971890129504
-268.54814458096865
-267.15556690658497
-265.1860566628367
-263.26259171337637
-261.38618856197206
-259.5578565544806
-257.7786303851174
-256.0495337296414
-254.37158885963586
-252.74581454626227
-251.1732238480063
-249.6548217872366
-248.19160292181962
-247.4995236850892
-247.20089458263945
-247.30419498120864
-247.80648196598702
-248.97032631972823
-250.19271405581185
-251.47279145256024
-252.41678376222185
-254.39675655603654
-256.4238422847381
-258.4969325976133
-260.6149296512993
-262.776747594604
-264.9813139074425
-267.2275705991072
-269.5144752716576
-271.84100205466234
-274.20614241785097
-276.6089058684562
-279.0483205401531
-281.5234336805472
-284.0333120441347
-286.57704219756675
-289.1537307439089
-291.76250447239767
-293.5187832706956
-296.60113734017074
-299.70517724866926
-302.83023615093316
-305.97567002002603
-309.14085692541187
-312.32519632004124
-315.5281083382697
-318.7490331061439
-321.9874300653313
-325.2427773117365
-328.51457094964184
-331.802324462025
-335.1055680975456
-338.42384827454885
-341.7567270023096
-345.103781319631
-348.46460275081665
-351.83879677895305
-355.2259823363694
-358.62579131208065
-362.03786807597027
-365.4618690194252
-368.8974621121018
-372.34432647447153
-375.80215196577353
-379.2706387869816
-382.7494970983816
-386.2384466513441
-389.7372164338717
-393.2455443294967
-396.76317678910425
-400.28986851525735
-403.82538215860365
-407.3694880259477
-410.92196379958017
-414.4825942674606
-418.0511710638609
-421.62749242008266
-425.21136292487347
-428.80259329417567
-432.40100014985194
-436.0064058070414
-439.6186380698127
-443.23753003478805
-446.8629199024266
-450.4946507956622
-454.1325705856044
-457.77650159107117
-461.42636093236547
-465.08197963048565
-468.7432229378229
-472.40996007986945
-476.0820641177216
-479.75941181587785
-479.75941181587785
-479.75941181587785
-481.2130063719718
-482.6953716371967
-484.20624337277724
-485.7453555775584
-487.31244067019867
-488.90722966786745
-490.52945236128033
-492.17883748592044
-493.8551128893091
-495.55800569420546
-497.2872424576261
-499.0425493255933
-500.82365218353095
-500.82365218353095
-500.82365218353095
-499.5230976057479
-498.2512613508868
-497.0083638881491
-495.794622855792
-494.610252885707
-494.610252885707
-492.0529284702202
-492.0529284702202
-488.5089949985379
-484.9721556640649
-481.44256681459433
-477.9203890913285
-474.40578756376397
-470.89893186902646
-467.39999635578897
-463.90916023290555
-463.90916023290555
-459.93449864758895
-455.9602805037246
-451.9865479941957
-448.01328273185595
-444.0404972594602
-440.0682045711481
-436.0964181328589
-432.12515190386125
-428.1544203594671
-424.1842385150087
-420.2146219511579
-416.24558684067955
-412.27714997671063
-408.3093288026701
-404.3421414439077
-400.37560674121187
-396.4097442863032
-392.44457445945335
-388.4801184693765
-388.4801184693765
-384.62215859794605
-380.7671301803718
-376.91512316400735
-373.0662311391523
-369.2205515213014
-365.3781857441772
-361.53923946427847
-357.7038227777295
-355.3006292262632
-351.33856877468946
-347.3773775781623
-343.4170857163055
-339.4577246654504
-335.4993273802117
-331.54192838081497
-327.58556384665314
-323.630271716592
-319.6760917965964
-315.7230658753046
-311.77123784823897
-307.8206538514102
-303.87136240514917
-299.9234145690839
-295.97686410927605
-292.03176767863533
-288.0881850118489
-284.14617913619634
-280.20581659976784
-276.2671677187706
-272.3303068457957
-268.39531266112743
-265.9500746238898
-263.4940625656106
-261.0858139922739
-257.24523504711027
-253.4095890549644
-249.57910345158518
-245.7540195368457
-241.93459351953743
-238.12109765524653
-234.31382148678998
-230.51307319775873
-226.71918109091575
-222.93249520454347
-219.15338908134714
-215.38226170621627
-211.6195396310509
-207.86567930699619
-204.12116964682576
-200.38653484290217
-196.66235267346266
-192.94921228693207
-189.24776362114332
-185.5587063423086
-181.88279444089395
-178.220841312671
-174.57372538023708
-170.9423963165458
-167.32788193879105
-163.73129584832392
-163.73129584832392
-159.7382623912179
-155.7455863718398
-151.75329600308288
-147.7614225440416
-143.77000072207957
-139.77906922698818
-135.7886712920043
-131.79885538001182
-127.80967599780146
-123.82119466712128
-119.83348108884988
-115.84661454655797
-111.86068560881546
-107.87579820700364
-103.89207218874078
-99.90964647866254
-95.92868302161018
-91.94937174324922
-87.97193684718073
-83.99664488691742
-80.02381522285668
-76.0538337254168
-72.08717095845296
-68.124406641097
-64.16626305589486
-60.213651441043616
-56.26773761328183
-52.33003672193637
-48.40255325362212
-44.487993330433355
-40.590096213437086
-36.71416949369708
-32.86798660636508
-29.0633586574042
-25.319025658387194
-21.666270446933552
-18.160436691272146
-14.905556598268344
-12.105773215251407
-10.14513892080615
-9.554994152497072
-10.56749514948981
-12.808042987247042
-15.761343456072698
-19.09957855204777
-22.65320783332552
-26.33518027966162
-30.09843349248292
-33.91592072067376
-37.771201453635406
-41.65378303901894
-41.65378303901894
-41.65378303901894
-41.65378303901894
-41.65378303901894
-41.65378303901894
-41.65378303901894
-41.65378303901894
-41.65378303901894
-41.65378303901894
-41.65378303901894
