-390.0
-390.0
-390.0
-390.0
-390.0
-390.0
-387.9909522884936
-387.9909522884936
-386.00025630664203
-383.99082178677236
-383.99082178677236
-382.0011915670883
-379.9913725039227
-379.9913725039227
-378.0028584880293
-375.99268847071784
-375.99268847071784
-374.0053119439188
-371.994825421584
-371.994825421584
-370.0086396203046
-367.9978719409722
-367.9978719409722
-366.01290108805813
-364.0018580376147
-364.0018580376147
-362.01818898877724
-360.00690788158755
-360.00690788158755
-358.0245375795672
-356.0130262852393
-356.0130262852393
-354.03204501007417
-352.02034307321384
-352.02034307321384
-350.04078190954425
-348.0289300392589
-348.0289300392589
-346.0508220459177
-346.0508220459177
-344.1878077275946
-342.2121166886622
-342.2121166886622
-340.35404459092194
-338.38084463409047
-338.38084463409047
-336.5278610312115
-334.55732344097265
-334.55732344097265
-332.7096118426405
-330.74185268190126
-330.74185268190126
-328.89957313896946
-326.9347450535122
-326.9347450535122
-325.09809552937566
-323.13632733804735
-323.13632733804735
-321.30551359199313
-319.34697141247267
-319.34697141247267
-317.5221770268308
-315.56703408821124
-315.56703408821124
-313.74848150116696
-311.79688845347783
-311.79688845347783
-309.9848092801366
-308.0369552396411
-308.0369552396411
-306.23156032440403
-304.2876122869963
-304.2876122869963
-302.48912216710204
-300.549287013716
-300.549287013716
-298.75796344092015
-296.8224574302259
-296.8224574302259
-295.03857350724945
-293.10759229790256
-293.10759229790256
-291.3314019169615
-289.4051825204818
-287.402324336084
-287.402324336084
-285.4795274323618
-283.47782342746666
-283.47782342746666
-281.55856620999793
-281.55856620999793
-279.8018802751957
-277.8880065015958
-277.8880065015958
-276.14010600734133
-274.23186754781943
-274.23186754781943
-272.4930710900438
-270.5907640107622
-268.59695381478645
-268.59695381478645
-266.6989991478263
-266.6989991478263
-264.9765384961241
-263.0850489617413
-263.0850489617413
-261.37272640867315
-259.488042934341
-259.488042934341
-257.78624385678495
-255.90869468192668
-255.90869468192668
-254.21785444211798
-252.34781635681477
-250.36883956105103
-250.36883956105103
-248.5044550434239
-246.52828566590105
-246.52828566590105
-244.66978571054372
-244.66978571054372
-243.00770472188998
-241.15776496676904
-241.15776496676904
-239.50835277704965
-237.66740122464512
-237.66740122464512
-236.03120361191054
-234.1997230370015
-232.2411774193553
-232.2411774193553
-230.41700888015723
-228.46257119532004
-228.46257119532004
-226.64606893613512
-226.64606893613512
-225.0451784374958
-223.23949718339614
-223.23949718339614
-221.6540153566533
-219.8597765999965
-217.9229893640919
-217.9229893640919
-216.13774767910886
-214.20646140154457
-214.20646140154457
-212.43067107801608
-212.43067107801608
-212.43067107801608
-210.66209421186704
-210.66209421186704
-210.66209421186704
-210.66209421186704
-210.66209421186704
-210.66209421186704
-210.66209421186704
-210.66209421186704
-210.66209421186704
-210.66209421186704
-210.66209421186704
