-392.83861260070745
-395.6972973447963
-398.57562242630917
-401.47316538979356
-404.3895131339564
-407.324261745324
-410.2770163548833
-413.2473909909103
-416.23500842860443
-419.2395000371072
-422.2605056244355
-425.29767328082255
-428.3506592209188
-431.41912762526795
-434.50275048143925
-437.6012074251642
-440.7141855817944
-443.8413794083695
-446.9824905365546
-447.8299668542464
-450.19895243510393
-452.59089064811315
-453.18310297750855
-454.6421448490802
-456.13159939058033
-457.65116861463173
-459.2005234889299
-460.77939339924995
-462.3874759992517
-464.0244675782094
-465.69006327409124
-467.3839572812891
-467.7486439602508
-468.42632306850413
-468.47135578105576
-468.1848433332211
-466.7295289363235
-465.304020143099
-463.9086217241051
-462.54360618974124
-461.20924330772493
-459.9057998833895
-458.6335395375032
-457.3927224819379
-456.1836052935285
-455.0064406864883
-454.49556772312155
-452.35059586283063
-450.2309432581493
-448.13696918348234
-446.0690352657999
-444.0275053294954
-442.0127452319427
-440.02512268959265
-438.0650070944647
-436.13276932090906
-434.2287815225365
-432.3534169192349
-430.50704957421823
-428.69005416107865
-426.9028057208435
-426.9028057208435
-426.9028057208435
-423.097422596851
-419.2956626399394
-415.49762530492393
-411.70341361736797
-407.9131343302808
-404.1268980888446
-400.34481960363433
-396.56701783282386
-392.7936161739005
-389.0247426654469
-385.26053019958124
-381.5011167456856
-380.3085253011806
-376.31942071940716
-372.3305500031112
-368.3419207500636
-364.3535408902603
-360.36541870425464
-356.377562842714
-352.3899823472995
-348.4026866729722
-344.4156857118416
-343.1978226212439
-339.2758669602584
-335.35575477446946
-331.43755147556874
-331.43755147556874
-331.43755147556874
-331.43755147556874
-331.43755147556874
-331.43755147556874
-331.43755147556874
-332.56196132404597
-333.7731164024228
-334.97785273076886
-338.80552828348095
-342.63714087080496
-346.4725598747041
-350.3116602705087
-354.15432233726796
-358.0004313854915
-361.84987750110656
-365.70255530454386
-369.5583637239447
-373.41720578155633
-377.2789883924498
-381.143622174758
-385.0110212706883
-388.8811031776183
-392.7537885886319
-392.7537885886319
-395.94141230788557
-399.14365777912076
-402.3601831003861
-405.5906485339672
-408.83472363068614
-412.0920869763243
-415.3624259429022
-418.6454364449597
-421.9408227009521
-425.24829699984605
-428.56757947298087
-431.89839787123293
-435.2404873475046
-438.5935902445411
-441.9574558880605
-445.3318403851728
-448.716506428046
-452.1112231027712
-455.5157657033666
-458.9299155508524
-462.3534598173222
-465.7861913549299
-469.2279085297059
-472.6784150601128
-476.13751986024585
-479.60503688758234
-483.0807849951807
-486.56458778822804
-490.0562734848357
-493.55567478097885
-497.06262871947854
-500.57697656292237
-504.09856367042187
-507.62723937810483
-511.1628568832409
-514.7052731319012
-518.2543487100528
-521.8099477379906
-525.3719377680115
-528.9401896852364
-532.5145776114865
-536.0949788121255
-539.6812736057777
-543.2733452768348
-546.8710799906675
-550.4743667114597
-554.0830971225829
-557.6971655494335
-561.3164688846555
-564.9409065156744
-568.5703802544705
-572.2047942695183
-575.8440550198274
-579.488071191014
-583.1367536333419
-586.7900153016678
-590.4477711972312
-594.1099383112285
-597.776435570116
-601.4471837825843
-605.1221055881516
-608.801125407322
-612.4841693932614
-616.1711653849376
-619.8620428616827
-623.5567328991264
-624.6090638164478
-627.7526413575807
-627.7526413575807
-629.7014948058429
-629.7014948058429
-630.1597978065763
-630.6431175399719
-630.6265650262357
-630.2785658650251
-628.6319216257476
-627.9846380848379
-625.4233448470692
-622.8772070639591
-622.8772070639591
-619.3380879600688
-615.8046111959428
-612.2768744581614
-608.754977537137
-607.6120120342682
-603.7078018950367
-599.8048540785057
-595.903193387931
-592.002845272154
-588.1038358464544
-584.2061919142047
-580.3099409893609
-576.4151113198283
-572.5217319117415
-568.6298325546998
-564.7394438479989
-563.5252552333797
-559.5287952578049
-555.5323862802778
-551.5360294093884
-547.5397257860768
-543.5434765848222
-539.5472830148834
-535.5511463215953
-531.5550677877236
-527.5590487348811
-523.5630905250086
-519.5671945619245
-515.5713622929453
-511.5755952105835
-507.5798948543241
-503.5842628124862
-499.5887007241739
-498.3899231750456
-494.60147783010024
-490.81638931843815
-487.0347359049829
-483.2565982323081
-479.4820594085525
-475.71120509911174
-471.94412362228843
-468.18090604909213
-464.42164630738955
-460.666441290617
-456.91539097127725
-453.1685985194551
-449.4261704265977
-445.68821663481936
-441.9548506720028
-438.2261897929849
-434.50235512712743
-430.78347183259217
-427.06966925765323
-423.3610811093991
-419.65784563019344
-415.96010578228487
-412.26800944097295
-408.58170959676227
-404.9013645669548
-401.22713821715666
-397.5592001931975
-393.8977261639862
-390.2428980758531
-386.59490441895497
-382.95394050634786
-379.32020876636165
-375.69391904893956
-372.0752889466383
-368.46454413101384
-364.8619187051528
-361.26765557314076
-357.682006827293
-354.10523415400695
-350.53760925913036
-346.97941431377114
-343.4309424215104
-339.8924981080109
-336.3643978340452
-332.84697053299686
-329.34055817391487
-325.84551635122455
-322.36220577110606
-318.8910204431725
-315.4323606658343
-311.986643011223
-308.5543010652449
-308.5543010652449
-308.5543010652449
-308.5543010652449
-309.2631903536669
-310.0220717949068
-310.0220717949068
-310.0220717949068
-310.0220717949068
-310.0220717949068
-310.0220717949068
-310.9030255972722
-311.52220296192286
-313.084069211556
-314.6890302368033
-316.33643010280895
-318.0256092997784
-319.75590570355007
-321.52666491941443
-323.3372131642309
-325.1868858366328
-327.0750191686141
-329.00095098476146
-329.00095098476146
-329.00095098476146
-329.00095098476146
-329.00095098476146
-329.00095098476146
-327.7832794344569
-323.8634837253183
-319.94567337661675
-318.7971622002036
-315.2606346194901
-311.73531230213507
-308.2215797331216
-304.7198378378043
-301.23050478372824
-297.75401682305994
-294.2908291773968
-290.8414169667342
-287.4062761843607
-283.9859247194299
-283.9859247194299
-281.67377835587274
-279.39976642484623
-277.16482755520343
-274.9699144990491
-272.815993328809
-270.7040425313535
-268.6350519945426
-268.6350519945426
-268.1169673104104
-267.65766382321783
-267.65766382321783
-268.8377375788425
-268.8377375788425
-268.9481605401651
-268.9481605401651
-268.9481605401651
-268.9481605401651
-268.9481605401651
-269.441684201354
-269.441684201354
-268.99117314968936
-268.59948108916745
-268.2668656618513
-267.993546833571
-267.7797061739012
-267.6254862573149
-267.53099019008516
-267.4962812665824
-267.52138275762843
-267.37195461786246
-266.9013563780475
-266.1440446238748
-263.27035729813207
-260.4263993177857
-257.61315528904396
-254.83164242483107
-252.08291110368125
-249.36804536003723
-246.6881632942171
-244.04441738927912
-241.43799472096484
-238.8701170458503
-236.34204075179983
-233.85505665382183
-231.41048961749473
-229.00969799129615
-226.65407282846326
-224.34503687847786
-222.0840433279493
-219.8725742706101
-217.71213888639525
-215.60427131020103
-213.55052817196707
-211.55248579125475
-209.61173701155573
-209.61173701155573
-209.61173701155573
-205.76219092943197
-205.76219092943197
-204.58387022554658
-200.90786719229743
-197.24447302886955
-193.5944035309367
-189.95842680425088
-188.9208424969605
-188.9208424969605
-188.9208424969605
-188.9208424969605
-189.48929514841674
-190.33632742641535
-191.3939065844655
-191.3939065844655
-195.39322550186668
-199.39257177183686
-203.39194378085503
-207.39134003985183
-211.3907591724387
-215.39019990444802
-219.3896610546171
-223.3891415262726
-227.3886402998925
-231.38815642643925
-235.38768902137244
-236.59321958821812
-237.70218585637804
-241.0848265881036
-244.48611011958056
-247.90528154862662
-251.34159906730153
-254.79436894762136
-258.26293132547926
-261.74665837398186
-265.24495257547665
-268.7572450880011
-272.28299420184345
-275.82168388191394
-279.3728223916778
-282.9359409944831
-286.510592728226
-290.09635124942423
-293.69280974290706
-297.29957989348327
-300.91629091610184
-304.5425886411793
-308.178134651927
-311.8226054706683
-315.47569179129323
-319.13709775514684
-322.8065402677979
-326.4837483542739
-330.1684625504871
-333.8604343287059
-337.55942555505095
-341.26520797711567
-344.97756273992104
-348.6962799285253
-352.4211581357069
-356.1520040532378
-359.8886320853526
-363.6308639831047
-367.3785284983817
-371.13146105642596
-374.88950344577904
-378.65250352463306
-382.42031494263733
-386.192796877264
-389.96981378389484
-393.7512351588395
-397.53693531454655
-401.3267931663127
-405.12069202983804
-408.9185194290148
-412.7201669133753
-416.5255298846582
-420.3345074319862
-424.14700217517714
-427.9629201157422
-431.7821704951476
-435.60466565994494
-439.430320933397
-443.25905449324813
-447.0907872553095
-450.92544276254887
-454.76294707939127
-458.6032286909566
-462.44621840697386
-466.29184927012767
-466.29184927012767
-469.4149831731447
-469.4149831731447
-471.34079381581273
-471.7801394579548
-472.71132937167374
-472.83500040282627
-472.70799548157646
-472.6148118093157
-472.5554693937792
-472.52998098477366
-472.5383520604878
-472.3787437088527
-471.3324105024579
-470.3177701443074
-469.3350281817055
-468.38438539780935
-467.4660376241224
-466.5801755549242
-465.7269845640071
-464.90664452409646
-464.1193296293301
-463.3652082211779
-462.6444426181784
-461.9571889498711
-461.30359699529924
-460.68381002645253
-460.09796465701555
-459.54619069677926
-459.0286110120648
-458.54534139249847
-458.0964904244662
-457.6821593715618
-457.3024420623303
-456.95742478559066
-456.64718619360735
-456.64718619360735
-454.8378859355002
-453.05670725437125
-451.30395235482956
-449.57995368012877
-447.8850432956905
-447.8850432956905
-446.87769659033785
-445.72081958947643
-444.5032287369985
-440.520721477103
-436.5385341888088
-432.55667570924817
-432.55667570924817
-429.04241531646153
-425.53673217802304
-422.0398400354379
-418.55195922817705
-415.07331692433957
-411.6041473595971
-408.14469208466835
-404.6952002215699
-401.25592872889047
-400.3059988165278
-399.6043644540467
-397.7990234994241
-396.0258551813977
-394.2852935577341
-392.5777723309727
-390.9037244763456
-389.26358185591624
-387.65777481924147
-386.086731790932
-384.55087884555616
-383.0506406955211
-381.58643611275266
-380.15868145399173
-378.7677889103908
-377.41416602840735
-376.09821522229157
-374.8203332791474
-373.58091085762425
-372.3803319813713
-371.21897352845997
-370.09720471804934
-369.01538659563647
-367.97387151829605
-366.97300264136993
-366.01311340812015
-365.0945270439027
-364.21755605645876
-363.38250174394943
-362.5896537123835
-361.8392894041
-361.13167363897196
-360.46705816999275
-359.84568125489017
-359.2677672453878
-359.2677672453878
-360.3188273746624
-361.4111039957229
-361.4111039957229
-363.9454476582484
-364.8459578939509
-365.9384257584884
-369.7357999878833
-373.53740379717465
-377.3431093516363
-381.1527937869045
-384.96633897619955
-388.7836313101259
-389.98737489985746
-393.9862550539664
-397.9851576254407
-401.98408194526246
-405.9830273707694
-409.98199328436976
-413.9809790923322
-417.97998422364395
-421.9790081289354
-425.97804318294556
-429.9770959676576
-433.976165992911
-437.97525278644514
-441.97435589309015
-445.97347487400066
-449.9726093059303
-453.9717587805451
-457.9709229037723
-461.97010129518344
-465.9692935874087
-469.9684994255815
-473.9677184668113
-477.9669503796823
-481.9661948437778
-485.9654515492276
-489.9647201962775
-493.96400049488
-497.9632921643047
-501.96259493276693
-505.9619085370746
-509.96123272229084
-513.9605672414134
-517.9599118550682
-521.9592663312167
-525.9586304448778
-529.9580039778612
-533.9573867185128
-537.9567784614723
-541.9561790074408
-545.955588162959
-549.9550057401945
-553.9544315567388
-553.9544315567388
-553.9544315567388
-553.9544315567388
-553.9544315567388
-553.7718748853915
-553.2680692437377
-552.4807691195318
-549.5101011511312
-546.5525612682721
-543.6083637438404
-540.6777265406517
-537.7608713579347
-534.8580236770199
-531.9694128061266
-529.0952719241287
-526.2358381231797
-523.391352450065
-520.5620599461472
-517.7482096857594
-514.9500548128985
-512.1678525760577
-509.4018643610354
-506.6523557215461
-503.91959640745324
-501.2038603904345
-498.50542588688324
-495.82457537784126
-493.1615956257497
-490.5167776877968
-487.89041692563353
-485.28281301121996
-482.69426992855625
-480.1250959710461
-477.5755748758094
-475.0460522588676
-472.53684928006516
-470.04829134924915
-467.58070809774387
-465.13443334378917
-462.709805051643
-460.3071652840443
-457.92686014772795
-455.56923973168165
-453.2346580378308
-450.92347290383736
-448.6360459176987
-446.37274232383237
-444.13393092033715
-441.919983947122
-439.7312769646021
-437.5681887226675
-435.4311010196375
-433.32039855092535
-431.2364687471518
-429.1797016014562
-427.15048948577606
-425.1492269558802
-423.17631172341277
-421.2321407776363
-419.3171139388668
-417.43163231547464
-415.57609805032513
-413.7509140552274
-411.9564837333789
-410.19321068983334
-408.4614984300591
-406.7617500467014
-406.7617500467014
-403.8069743460642
-400.87033306794723
-397.9522276750152
-395.0530689198903
-392.173276994438
-389.3132816744185
-388.3347338261938
-384.833098585236
-381.34126709052805
-377.85951113389655
-374.3881118186413
-370.92735991909507
-367.4775562542762
-364.0390120760712
-362.91582893002476
-359.0545912164952
-355.1964246438489
-351.34143038695817
-347.489714025301
-343.64138578010164
-339.7965607665904
-335.9553592624906
-334.74842441334414
-330.7485367867845
-326.74865179122406
-322.7487695244824
-318.7488900892887
-314.7490135935942
-310.7491401509083
-306.74926988066045
-302.7494029085918
-298.7495393671772
-294.7496793960825
-290.74982314265895
-286.7499707624791
-282.75012241991857
-278.75027828878734
-274.7504385530167
-270.7506034074066
-266.7507730584406
-262.75094772517514
-258.75112764021134
-254.75131305075794
-250.7515042197968
-246.7517014273608
-242.7519049719388
-241.542156095862
-237.68753759749183
-233.83780266654884
-229.9931965335497
-226.15398076655572
-222.3204346218285
-218.49285652706638
-214.67156571217146
-210.85690400438048
-207.04923780673363
-203.24896037326116
-199.45649399338578
-195.6722928426902
-191.8968458921548
-188.1306801860324
-184.37436448167335
-180.6285132963303
-176.89379141203383
-173.17091889652144
-169.46067670603406
-165.7639129446705
-162.08154986502788
-158.41459170616406
-154.76413347759782
-151.13137081219332
-147.5176110263909
-143.92428554331744
-140.35296385269208
-136.8053692008312
-133.28339622389686
-129.78913075691952
-126.32487206863554
-122.89315778568569
-119.49679177608769
-116.13887525664174
-112.82284136573516
-109.55249339315746
-106.33204677018915
-103.16617478067843
-100.06005773672733
-97.01943504544252
-94.05065914525208
-91.16074967679815
-88.35744543882669
-85.64925063405127
-83.04547062142369
-80.55623708352402
-78.19248330554939
-75.96592346591208
-73.88896115576067
-73.88896115576067
-73.88896115576067
-73.88896115576067
-73.88896115576067
-73.88896115576067
-73.88896115576067
-73.88896115576067
-76.9760358766998
-77.82102458451136
-78.40599484389891
-78.69227862529165
-79.21391730015739
-79.93256356143557
-80.8429571513998
-81.93871296892343
-83.2125086964971
-84.6563079909939
-86.26157499320227
-88.01947577945539
-89.92105910860278
-91.95741179739655
-94.11978674157484
-96.39970376833902
-98.78902507620943
-101.28000801210861
-103.86533843827816
-106.53814820896176
-109.2920190772437
-112.12097823090802
-115.01948530670862
-117.98241460604976
-121.0050338937052
-124.0829811628046
-127.2122404337348
-127.2122404337348
-127.2122404337348
-127.2122404337348
-127.2122404337348
-127.2122404337348
-126.06292989166883
-124.8457106835562
-123.65317802315255
-119.90640260985714
-116.17651388009469
-112.46519197827163
-108.77433739154715
-105.10610630269656
-101.46295249075077
-97.84767709583056
-94.26348782451497
-90.71406946840175
-87.20366793361694
-83.73719031301461
-80.32032352655887
-76.95967588332623
-73.66294226736157
-70.43909728031119
-67.29861661734304
-64.2537250462071
-61.318664179689364
-58.50996480952572
-55.84669549762849
-53.350640340676485
-51.046334464661385
-48.96085896467112
-47.12327630376772
-45.5635889653848
-44.31115119215834
-43.39257553204898
-42.829348738888335
-42.635555892383245
-42.81621363304135
-43.36664252914233
-44.27305308416257
-45.514182243540496
-47.06355667477688
-48.89187974554521
-50.96914164292914
-53.266226177309505
-53.266226177309505
-53.266226177309505
-57.235784172233664
-57.235784172233664
-57.235784172233664
-57.235784172233664
-57.235784172233664
-57.235784172233664
-57.235784172233664
-57.235784172233664
-57.235784172233664
-57.235784172233664
-57.235784172233664
