60.0 450.0 0.38539817929267883
60.0 450.0 -0.014601826667785645
60.0 450.0 -0.4146018326282501
60.0 450.0 -0.8146018385887146
60.0 450.0 -1.2146018743515015
60.0 450.0 -1.6146018505096436
59.824832916259766 446.00384521484375 -1.6146018505096436
59.64966583251953 442.0076904296875 -1.6146018505096436
59.4744987487793 438.01153564453125 -1.6146018505096436
59.29933166503906 434.015380859375 -1.6146018505096436
59.12416458129883 430.01922607421875 -1.6146018505096436
58.948997497558594 426.0230712890625 -1.6146018505096436
58.77383041381836 422.02691650390625 -1.6146018505096436
58.598663330078125 418.03076171875 -1.6146018505096436
58.42349624633789 414.03460693359375 -1.6146018505096436
58.248329162597656 410.0384521484375 -1.6146018505096436
58.07316207885742 406.04229736328125 -1.6146018505096436
57.89799499511719 402.046142578125 -1.6146018505096436
57.89799499511719 402.046142578125 -2.014601945877075
56.180477142333984 398.43365478515625 -2.014601945877075
54.46295928955078 394.8211669921875 -2.014601945877075
52.74544143676758 391.20867919921875 -2.014601945877075
51.027923583984375 387.59619140625 -2.014601945877075
49.31040573120117 383.98370361328125 -2.014601945877075
47.59288787841797 380.3712158203125 -2.014601945877075
45.875370025634766 376.75872802734375 -2.014601945877075
44.15785217285156 373.146240234375 -2.014601945877075
42.44033432006836 369.53375244140625 -2.014601945877075
40.722816467285156 365.9212646484375 -2.014601945877075
39.00529861450195 362.30877685546875 -2.014601945877075
37.28778076171875 358.6962890625 -2.014601945877075
35.57026290893555 355.08380126953125 -2.014601945877075
33.852745056152344 351.4713134765625 -2.014601945877075
32.13522720336914 347.85882568359375 -2.014601945877075
30.417709350585938 344.246337890625 -2.014601945877075
28.700191497802734 340.63385009765625 -2.014601945877075
26.98267364501953 337.0213623046875 -2.014601945877075
25.265155792236328 333.40887451171875 -2.014601945877075
23.547637939453125 329.79638671875 -2.014601945877075
21.830120086669922 326.18389892578125 -2.014601945877075
21.830120086669922 326.18389892578125 -2.414602041244507
21.830120086669922 326.18389892578125 -2.8146021366119385
18.04206657409668 324.89910888671875 -2.8146021366119385
18.04206657409668 324.89910888671875 3.0685830116271973
18.04206657409668 324.89910888671875 2.6685829162597656
18.04206657409668 324.89910888671875 2.268582820892334
18.04206657409668 324.89910888671875 1.868582844734192
18.04206657409668 324.89910888671875 1.4685828685760498
18.04206657409668 324.89910888671875 1.0685828924179077
19.967533111572266 328.4051818847656 1.0685828924179077
21.89299964904785 331.9112548828125 1.0685828924179077
23.818466186523438 335.4173278808594 1.0685828924179077
25.743932723999023 338.92340087890625 1.0685828924179077
27.66939926147461 342.4294738769531 1.0685828924179077
29.594865798950195 345.935546875 1.0685828924179077
31.52033233642578 349.4416198730469 1.0685828924179077
33.44580078125 352.94769287109375 1.0685828924179077
33.44580078125 352.94769287109375 0.6685829162597656
36.58460235595703 355.42718505859375 0.6685829162597656
39.72340393066406 357.90667724609375 0.6685829162597656
42.862205505371094 360.38616943359375 0.6685829162597656
42.862205505371094 360.38616943359375 0.26858291029930115
46.71879577636719 361.4476318359375 0.26858291029930115
50.57538604736328 362.50909423828125 0.26858291029930115
54.431976318359375 363.570556640625 0.26858291029930115
58.28856658935547 364.63201904296875 0.26858291029930115
62.14515686035156 365.6934814453125 0.26858291029930115
66.00174713134766 366.75494384765625 0.26858291029930115
69.85833740234375 367.81640625 0.26858291029930115
73.71492767333984 368.87786865234375 0.26858291029930115
73.71492767333984 368.87786865234375 -0.13141709566116333
77.68043518066406 368.35369873046875 -0.13141709566116333
81.64594268798828 367.82952880859375 -0.13141709566116333
85.6114501953125 367.30535888671875 -0.13141709566116333
89.57695770263672 366.78118896484375 -0.13141709566116333
93.54246520996094 366.25701904296875 -0.13141709566116333
97.50797271728516 365.73284912109375 -0.13141709566116333
97.50797271728516 365.73284912109375 -0.5314171314239502
100.95632934570312 363.7058410644531 -0.5314171314239502
104.4046859741211 361.6788330078125 -0.5314171314239502
107.85304260253906 359.6518249511719 -0.5314171314239502
111.30139923095703 357.62481689453125 -0.5314171314239502
114.749755859375 355.5978088378906 -0.5314171314239502
114.749755859375 355.5978088378906 -0.9314171075820923
117.13654327392578 352.387939453125 -0.9314171075820923
119.52333068847656 349.1780700683594 -0.9314171075820923
121.91011810302734 345.96820068359375 -0.9314171075820923
121.91011810302734 345.96820068359375 -1.3314170837402344
122.85851287841797 342.0822448730469 -1.3314170837402344
123.8069076538086 338.1962890625 -1.3314170837402344
124.75530242919922 334.3103332519531 -1.3314170837402344
125.70369720458984 330.42437744140625 -1.3314170837402344
126.65209197998047 326.5384216308594 -1.3314170837402344
127.6004867553711 322.6524658203125 -1.3314170837402344
128.54888916015625 318.7665100097656 -1.3314170837402344
129.49728393554688 314.88055419921875 -1.3314170837402344
130.4456787109375 310.9945983886719 -1.3314170837402344
131.39407348632812 307.108642578125 -1.3314170837402344
132.34246826171875 303.2226867675781 -1.3314170837402344
133.29086303710938 299.33673095703125 -1.3314170837402344
134.2392578125 295.4507751464844 -1.3314170837402344
135.18765258789062 291.5648193359375 -1.3314170837402344
136.13604736328125 287.6788635253906 -1.3314170837402344
137.08444213867188 283.79290771484375 -1.3314170837402344
138.0328369140625 279.9069519042969 -1.3314170837402344
138.98123168945312 276.02099609375 -1.3314170837402344
139.92962646484375 272.1350402832031 -1.3314170837402344
140.87802124023438 268.24908447265625 -1.3314170837402344
141.826416015625 264.3631286621094 -1.3314170837402344
142.77481079101562 260.4771728515625 -1.3314170837402344
143.72320556640625 256.5912170410156 -1.3314170837402344
143.72320556640625 256.5912170410156 -1.7314170598983765
143.08348083496094 252.6427001953125 -1.7314170598983765
142.44375610351562 248.69418334960938 -1.7314170598983765
141.8040313720703 244.74566650390625 -1.7314170598983765
141.164306640625 240.79714965820312 -1.7314170598983765
140.5245819091797 236.8486328125 -1.7314170598983765
139.88485717773438 232.90011596679688 -1.7314170598983765
139.24513244628906 228.95159912109375 -1.7314170598983765
138.60540771484375 225.00308227539062 -1.7314170598983765
137.96568298339844 221.0545654296875 -1.7314170598983765
137.32595825195312 217.10604858398438 -1.7314170598983765
137.32595825195312 217.10604858398438 -2.1314170360565186
135.19911193847656 213.71835327148438 -2.1314170360565186
133.072265625 210.33065795898438 -2.1314170360565186
130.94541931152344 206.94296264648438 -2.1314170360565186
128.81857299804688 203.55526733398438 -2.1314170360565186
128.81857299804688 203.55526733398438 -2.53141713142395
125.5403823852539 201.2632293701172 -2.53141713142395
122.26219177246094 198.97119140625 -2.53141713142395
118.98400115966797 196.6791534423828 -2.53141713142395
115.705810546875 194.38711547851562 -2.53141713142395
112.42761993408203 192.09507751464844 -2.53141713142395
109.14942932128906 189.80303955078125 -2.53141713142395
105.8712387084961 187.51100158691406 -2.53141713142395
105.8712387084961 187.51100158691406 -2.931417226791382
101.95925903320312 186.67648315429688 -2.931417226791382
98.04727935791016 185.8419647216797 -2.931417226791382
94.13529968261719 185.0074462890625 -2.931417226791382
90.22332000732422 184.1729278564453 -2.931417226791382
86.31134033203125 183.33840942382812 -2.931417226791382
82.39936065673828 182.50389099121094 -2.931417226791382
78.48738098144531 181.66937255859375 -2.931417226791382
74.57540130615234 180.83485412597656 -2.931417226791382
70.66342163085938 180.00033569335938 -2.931417226791382
66.7514419555664 179.1658172607422 -2.931417226791382
62.8394660949707 178.331298828125 -2.931417226791382
58.927490234375 177.4967803955078 -2.931417226791382
55.0155143737793 176.66226196289062 -2.931417226791382
51.103538513183594 175.82774353027344 -2.931417226791382
47.19156265258789 174.99322509765625 -2.931417226791382
43.27958679199219 174.15870666503906 -2.931417226791382
43.27958679199219 174.15870666503906 2.951767921447754
43.27958679199219 174.15870666503906 2.5517678260803223
39.9554328918457 176.38357543945312 2.5517678260803223
36.63127899169922 178.6084442138672 2.5517678260803223
36.63127899169922 178.6084442138672 2.1517677307128906
36.63127899169922 178.6084442138672 1.7517677545547485
36.63127899169922 178.6084442138672 1.3517677783966064
37.500404357910156 182.51287841796875 1.3517677783966064
38.369529724121094 186.4173126220703 1.3517677783966064
39.23865509033203 190.32174682617188 1.3517677783966064
39.23865509033203 190.32174682617188 0.9517678022384644
41.55963134765625 193.5795135498047 0.9517678022384644
43.88060760498047 196.8372802734375 0.9517678022384644
46.20158386230469 200.0950469970703 0.9517678022384644
48.522560119628906 203.35281372070312 0.9517678022384644
50.843536376953125 206.61058044433594 0.9517678022384644
53.164512634277344 209.86834716796875 0.9517678022384644
55.48548889160156 213.12611389160156 0.9517678022384644
57.80646514892578 216.38388061523438 0.9517678022384644
60.12744140625 219.6416473388672 0.9517678022384644
62.44841766357422 222.8994140625 0.9517678022384644
64.76939392089844 226.1571807861328 0.9517678022384644
67.09037017822266 229.41494750976562 0.9517678022384644
69.41134643554688 232.67271423339844 0.9517678022384644
71.7323226928711 235.93048095703125 0.9517678022384644
74.05329895019531 239.18824768066406 0.9517678022384644
76.37427520751953 242.44601440429688 0.9517678022384644
78.69525146484375 245.7037811279297 0.9517678022384644
81.01622772216797 248.9615478515625 0.9517678022384644
83.33720397949219 252.2193145751953 0.9517678022384644
85.6581802368164 255.47708129882812 0.9517678022384644
87.97915649414062 258.73486328125 0.9517678022384644
90.30013275146484 261.9926452636719 0.9517678022384644
92.62110900878906 265.25042724609375 0.9517678022384644
94.94208526611328 268.5082092285156 0.9517678022384644
97.2630615234375 271.7659912109375 0.9517678022384644
99.58403778076172 275.0237731933594 0.9517678022384644
101.90501403808594 278.28155517578125 0.9517678022384644
104.22599029541016 281.5393371582031 0.9517678022384644
104.22599029541016 281.5393371582031 0.5517678260803223
107.63238525390625 283.6361083984375 0.5517678260803223
111.03878021240234 285.7328796386719 0.5517678260803223
114.44517517089844 287.82965087890625 0.5517678260803223
117.85157012939453 289.9264221191406 0.5517678260803223
121.25796508789062 292.023193359375 0.5517678260803223
124.66436004638672 294.1199645996094 0.5517678260803223
124.66436004638672 294.1199645996094 0.1517678201198578
128.61837768554688 294.7247009277344 0.1517678201198578
132.57240295410156 295.3294372558594 0.1517678201198578
136.52642822265625 295.9341735839844 0.1517678201198578
140.48045349121094 296.5389099121094 0.1517678201198578
140.48045349121094 296.5389099121094 -0.2482321858406067
140.48045349121094 296.5389099121094 -0.6482322216033936
140.48045349121094 296.5389099121094 -1.0482321977615356
140.48045349121094 296.5389099121094 -1.4482321739196777
140.969482421875 292.56890869140625 -1.4482321739196777
141.45851135253906 288.5989074707031 -1.4482321739196777
141.94754028320312 284.62890625 -1.4482321739196777
142.4365692138672 280.6589050292969 -1.4482321739196777
142.92559814453125 276.68890380859375 -1.4482321739196777
143.4146270751953 272.7189025878906 -1.4482321739196777
143.90365600585938 268.7489013671875 -1.4482321739196777
144.39268493652344 264.7789001464844 -1.4482321739196777
144.8817138671875 260.80889892578125 -1.4482321739196777
145.37074279785156 256.8388977050781 -1.4482321739196777
145.85977172851562 252.868896484375 -1.4482321739196777
145.85977172851562 252.868896484375 -1.8482321500778198
144.7642059326172 249.0218505859375 -1.8482321500778198
143.66864013671875 245.1748046875 -1.8482321500778198
142.5730743408203 241.3277587890625 -1.8482321500778198
141.47750854492188 237.480712890625 -1.8482321500778198
140.38194274902344 233.6336669921875 -1.8482321500778198
139.286376953125 229.78662109375 -1.8482321500778198
138.19081115722656 225.9395751953125 -1.8482321500778198
137.09524536132812 222.092529296875 -1.8482321500778198
135.9996795654297 218.2454833984375 -1.8482321500778198
134.90411376953125 214.3984375 -1.8482321500778198
134.90411376953125 214.3984375 -2.248232126235962
132.3969268798828 211.28170776367188 -2.248232126235962
129.88973999023438 208.16497802734375 -2.248232126235962
127.38255310058594 205.04824829101562 -2.248232126235962
124.8753662109375 201.9315185546875 -2.248232126235962
124.8753662109375 201.9315185546875 -2.6482322216033936
121.35237884521484 200.03717041015625 -2.6482322216033936
117.82939147949219 198.142822265625 -2.6482322216033936
114.30640411376953 196.24847412109375 -2.6482322216033936
110.78341674804688 194.3541259765625 -2.6482322216033936
107.26042938232422 192.45977783203125 -2.6482322216033936
103.73744201660156 190.5654296875 -2.6482322216033936
100.2144546508789 188.67108154296875 -2.6482322216033936
96.69146728515625 186.7767333984375 -2.6482322216033936
93.1684799194336 184.88238525390625 -2.6482322216033936
89.64549255371094 182.988037109375 -2.6482322216033936
86.12250518798828 181.09368896484375 -2.6482322216033936
82.59951782226562 179.1993408203125 -2.6482322216033936
79.07653045654297 177.30499267578125 -2.6482322216033936
75.55354309082031 175.41064453125 -2.6482322216033936
72.03055572509766 173.51629638671875 -2.6482322216033936
68.507568359375 171.6219482421875 -2.6482322216033936
64.98458099365234 169.72760009765625 -2.6482322216033936
61.46159362792969 167.833251953125 -2.6482322216033936
57.93860626220703 165.93890380859375 -2.6482322216033936
54.415618896484375 164.0445556640625 -2.6482322216033936
50.89263153076172 162.15020751953125 -2.6482322216033936
47.36964416503906 160.255859375 -2.6482322216033936
43.846656799316406 158.36151123046875 -2.6482322216033936
40.32366943359375 156.4671630859375 -2.6482322216033936
36.800682067871094 154.57281494140625 -2.6482322216033936
36.800682067871094 154.57281494140625 -2.6482322216033936
36.800682067871094 154.57281494140625 -2.6482322216033936
36.800682067871094 154.57281494140625 -2.6482322216033936
36.800682067871094 154.57281494140625 -2.6482322216033936
36.800682067871094 154.57281494140625 -2.6482322216033936
36.800682067871094 154.57281494140625 -2.6482322216033936
36.800682067871094 154.57281494140625 -2.6482322216033936
36.800682067871094 154.57281494140625 -2.6482322216033936
36.800682067871094 154.57281494140625 -2.6482322216033936
36.800682067871094 154.57281494140625 -2.6482322216033936
