-390.0
-390.0
-390.0
-390.0
-390.0
-390.0
-386.00388495992144
-382.0078510730543
-378.01190091305557
-374.01603716351383
-370.0202626238791
-366.0245802157804
-362.028992989761
-358.0335041324636
-354.038116974302
-350.0428349976565
-346.0476618456364
-342.0526013314554
-342.0526013314554
-338.4552074442031
-334.86694773572304
-331.28811900947846
-327.71903023641335
-324.16000313519555
-320.61137278234963
-317.07348825376977
-313.5467132991544
-310.03142705095036
-306.52802476943816
-303.0369186256286
-299.5585385236687
-296.09333296448057
-292.6417699523619
-289.2043379462789
-285.7815468575565
-282.3739290956373
-278.9820406635098
-275.6064623043197
-272.2478007005502
-268.90668972699166
-268.90668972699166
-268.90668972699166
-268.20142815866996
-268.20142815866996
-268.20142815866996
-268.20142815866996
-268.20142815866996
-268.20142815866996
-268.20142815866996
-271.3741698610374
-274.5685233374235
-277.7837430198689
-281.0191127006719
-284.2739443890813
-287.5475771980859
-290.83937626284546
-294.1487315196952
-294.1487315196952
-296.35367809169037
-298.5959288000546
-300.8746496252681
-300.8746496252681
-301.7400621812171
-302.6558696688725
-303.62161607306257
-304.6368264516205
-305.7010080063707
-306.81365116892596
-307.9742306963417
-309.1822067718313
-309.1822067718313
-308.86016465212595
-308.58963955611426
-308.37076706718165
-308.2036572294799
-308.08839427256385
-308.0250363997415
-308.0250363997415
-306.45498659695613
-304.92932692907044
-303.4487269422763
-302.0138493423063
-300.8003762835178
-300.8003762835178
-297.8347517721192
-294.89356128918365
-291.97754323282965
-289.0874593449947
-286.2240952201837
-283.3882607915954
-283.3882607915954
-279.6893056558601
-275.99874785692566
-272.3169268950685
-268.6442038957145
-264.9809571613691
-261.32758520246824
-257.68450802397143
-254.05216850395902
-250.43103387115724
-246.82159728879952
-243.22437955274316
-239.63993091228414
-236.06883302265183
-232.5117010387089
-228.96918585992336
-225.44197653720838
-221.9308028527253
-218.43643808419907
-214.95970196567995
-211.50146385696883
-208.06263202129315
-204.64419970569452
-201.24720644597562
-197.87275641432518
-194.52202281301058
-194.52202281301058
-190.59047899547753
-186.66184377545244
-182.7363047482436
-178.81406582788784
-174.89534904114274
-170.98039656057588
-170.98039656057588
-167.05489142652434
-163.13300569546502
-159.21500683396073
-155.3011890206654
-155.3011890206654
-152.04128253293263
-148.81748523815978
-145.6321951571321
-142.48799477599636
-139.38766473260097
-136.33419798148896
-133.33081427122517
-130.3809747030766
-127.48839606075882
-124.65706450534509
-121.89124811633883
-119.19550762907231
-119.19550762907231
-117.97078286191997
-116.87019367439937
-115.89727658691677
-115.05527046325288
-114.34706726810082
-113.77516563202265
-113.34162883384076
-113.04804876315809
-112.89551728010257
-112.88460614743633
-113.01535638362168
-113.01535638362168
-113.01535638362168
-113.01535638362168
-113.01535638362168
-113.01535638362168
-116.57869953010498
-120.16952824967382
-123.785450620713
-127.42433041221747
-131.0842557542138
-134.76351198405106
-138.46055809478736
-142.17400628655602
-145.90260418931706
-149.64521938533332
-153.40082591221514
-157.16849247295116
-157.16849247295116
-160.14983245655708
-163.1747608846057
-166.24089836100782
-169.346006537631
-172.48798060893722
-175.66484247973403
-178.8747333104522
-182.11590664990237
-185.3867217400466
-188.68563709170317
-192.01120435135368
-195.3620624706538
-198.73693218345932
-202.13461078987223
-205.55396724273723
-208.99393752895895
-208.99393752895895
-211.40756873657526
-213.86877806174508
-216.37594195150479
-218.92748159251445
-221.52186359983375
-224.15760041611065
-226.83325045313998
-229.54741800601442
-229.54741800601442
-230.9577916306929
-232.42845104382766
-233.95826151279493
-235.54607052824213
-237.19071332632694
-238.89101609511798
-240.64579902714684
-242.453879209263
-242.453879209263
-242.453879209263
-242.453879209263
-242.453879209263
-242.453879209263
-242.453879209263
-242.453879209263
-239.55038957316737
-236.67888535016027
-233.84054486216473
-231.03659038597232
-228.26828907629445
-225.53695378665466
-222.8439437674046
-220.19066521802978
-217.57857166873868
-215.00916416413546
-212.48399121960585
-210.00464851895214
-207.57277831985925
-205.1900685320416
-202.85825143149623
-200.57910197327647
-198.35443566472028
-196.1861059612402
-194.07600114775136
-192.026040670714
-190.03817088874837
-188.1143602139753
-186.25659362177512
-186.25659362177512
-186.25659362177512
-187.5777132499292
-188.97427965134446
-188.97427965134446
-188.97427965134446
-188.97427965134446
-188.97427965134446
-188.97427965134446
-191.7944346899712
-194.6559323011327
-197.55697602382236
-200.4958492463311
-203.47091278119916
-206.48060229643275
-209.5234256474854
-212.5979601480068
-215.7028498115082
-218.83680259086927
-221.99858763798596
-225.1870326017962
-228.40102097937466
-228.40102097937466
-230.47757579768552
-232.6043839023862
-234.78007960538963
-237.00331654280956
-239.2727695099109
-239.2727695099109
-239.2727695099109
-238.55048936306903
-237.89328210968569
-237.89328210968569
-237.89328210968569
-234.635272786668
-231.40053742863077
-228.19006580627837
-225.00489653987003
-221.8461194724646
-218.71487811050696
-215.61237212327646
-212.53985989029923
-212.53985989029923
-208.72292192757692
-204.91296773676805
-201.11039423237463
-197.31562812615624
-193.52912868673036
-189.75139080011385
-185.98294836843795
-182.22437808911192
-178.4763036624672
-178.4763036624672
-174.47945371168356
-170.48275194576294
-166.48620903677352
-162.48983670628337
-158.49365109631628
-154.49766318993474
-150.50188873487153
-146.5063451959684
-142.5110519956271
-138.5160307958031
-138.5160307958031
-138.5160307958031
-135.91129834479932
-133.37567717047415
-130.91318312593407
-128.52801945184743
-126.22456997285794
-124.00738832029187
-121.88118256636143
-119.85079466611019
-117.92117415031875
-116.09734560466838
-114.38436961612429
-112.7872970731845
-111.31111697507903
-109.96069823338244
-108.74072632769463
-107.65563608629358
-106.70954227519996
-105.90617005911041
-105.24878770401138
-104.74014408194793
-104.38241357632367
-104.17715084555954
-104.12525702205936
-104.22696160221716
-104.48181604020311
-104.88870398949693
-104.88870398949693
-104.88870398949693
-104.88870398949693
-104.88870398949693
-104.88870398949693
-104.88870398949693
-107.2645084702284
-109.73472268597861
-112.29311635814142
-114.9338010888141
-117.65123593430125
-120.44022597894644
-123.29591551911315
-126.21377724471456
-129.18959858249463
-132.21946615487187
-135.29974911838548
-138.42708198023365
-141.59834735078
-144.8106589731139
-148.06134527562682
-151.3479336174591
-154.66813533681318
-158.01983166585214
-161.40106054077611
-164.81000430955592
-168.24497832086976
-171.70442036450189
-175.18688092455648
-178.69101420128948
-182.2155698543395
-185.75938541899694
-189.32137934736994
-192.90054462749347
-196.4959429352728
-200.10668409476222
-203.7319667415022
-207.37102822935694
-211.02315571761685
-214.68768239636617
-218.363984026682
-222.05147576827244
-225.74960926945354
-229.457869996509
-233.17577478147106
-236.9028695692064
-240.6387273463898
-244.382946236509
-248.13514774647183
-251.89497515169086
-255.66209200771067
-259.4361807775236
-263.2169415647049
-267.00409094339227
-270.7973608769441
-274.59649771784984
-278.40126128213024
-282.2114239920727
-286.0267700816944
-289.8470930293745
-293.6722003058814
-297.5019073688823
-301.3360388411163
-305.1744279612775
-305.1744279612775
-305.1744279612775
-305.1744279612775
-305.1744279612775
-305.1744279612775
-305.1744279612775
-301.5922642324612
-298.0207310992626
-294.46021538014577
-290.91112160797707
-287.37387296935526
-283.8489122972107
-280.33670311951414
-280.33670311951414
-276.3579559610898
-272.37986086755484
-268.40241639963165
-264.42565191711213
-260.44959856777297
-256.4742894251473
-252.4997596391928
-248.52604660128054
-244.55319012511248
-240.5812326453848
-236.61021943625326
-232.6401988519329
-228.67122259208227
-224.70334599499006
-220.73662836200654
-216.77113331715728
-212.8069292064494
-208.84408954205185
-204.88267911126468
-200.92279515258804
-196.96453240934784
-193.00799062661108
-189.0532778541428
-185.10051132358933
-181.14981843848892
-177.2013378942878
-177.2013378942878
-173.3162079287245
-169.43642374817736
-165.56236117204512
-161.6944314553388
-157.8330854826691
-153.9788185589354
-150.13217589558644
-150.13217589558644
-147.04707824882695
-144.0070004520558
-141.0148542253212
-138.07375572673902
-135.18703674574067
-132.35825536402973
-129.5912057094678
-126.88992634076953
-124.25870670342044
-121.70209099171565
-119.2248786420579
-116.8321205746924
-114.5291102037116
-112.32136816045643
-110.21461963881244
-108.21476329100311
-106.32783070032038
-104.55993565440149
-102.91721275849629
-101.40574537574798
-100.03148346272236
-98.80015256872426
-98.80015256872426
-98.80015256872426
-98.80015256872426
-98.80015256872426
-98.80015256872426
-98.80015256872426
-98.80015256872426
-98.80015256872426
-98.80015256872426
-98.80015256872426
