-390.0
-390.0
-390.0
-390.0
-390.0
-390.0
-386.00388495992144
-382.0078510730543
-378.01190091305557
-374.01603716351383
-370.0202626238791
-366.0245802157804
-362.028992989761
-358.0335041324636
-354.038116974302
-350.0428349976565
-346.0476618456364
-342.0526013314554
-342.0526013314554
-338.4552074442031
-334.86694773572304
-331.28811900947846
-327.71903023641335
-324.16000313519555
-320.61137278234963
-317.07348825376977
-313.5467132991544
-310.03142705095036
-306.52802476943816
-303.0369186256286
-299.5585385236687
-296.09333296448057
-292.6417699523619
-289.2043379462789
-285.7815468575565
-282.3739290956373
-278.9820406635098
-275.6064623043197
-272.2478007005502
-268.90668972699166
-268.90668972699166
-268.90668972699166
-268.20142815866996
-268.20142815866996
-268.20142815866996
-268.20142815866996
-268.20142815866996
-268.20142815866996
-268.20142815866996
-271.3741698610374
-274.5685233374235
-277.7837430198689
-281.0191127006719
-284.2739443890813
-287.5475771980859
-290.83937626284546
-294.1487315196952
-294.1487315196952
-296.35367809169037
-298.5959288000546
-300.8746496252681
-300.8746496252681
-301.7400621812171
-302.6558696688725
-303.62161607306257
-304.6368264516205
-305.7010080063707
-306.81365116892596
-307.9742306963417
-309.1822067718313
-309.1822067718313
-308.86016465212595
-308.58963955611426
-308.37076706718165
-308.2036572294799
-308.08839427256385
-308.0250363997415
-308.0250363997415
-306.45498659695613
-304.92932692907044
-303.4487269422763
-302.0138493423063
-302.0138493423063
-299.2700832065593
-296.5548857153151
-293.8690487479845
-291.21338467475357
-288.58872647188724
-288.58872647188724
-285.0105570145395
-281.4437463921225
-277.8887319902548
-274.3459723806658
-270.8159485079441
-267.29916494715206
-263.7961512362439
-260.3074632873377
-256.8336848809851
-253.37542924763767
-249.93334074054056
-246.50809660425494
-243.10040884293312
-239.7110261923152
-236.3407361991737
-232.99036741158432
-229.66079168292026
-226.3529265918366
-223.06773797969095
-219.80624260581357
-216.56951091974722
-213.3586699479875
-210.1749202445087
-207.01949698238693
-207.01949698238693
-203.16479259780877
-199.31581431940228
-195.47290039882225
-191.63641566485992
-187.80675412095198
-183.98434184475073
-183.98434184475073
-180.00385122558498
-176.0242448572978
-172.04558410102914
-168.06793611301836
-164.09137454314262
-160.1159803366584
-160.1159803366584
-156.64185540432283
-153.19338926106312
-149.77235427647406
-146.38067372842266
-143.02043602331602
-139.69391018528745
-136.4035626692137
-136.4035626692137
-134.32964276271426
-132.34414967293156
-130.4511210857644
-128.65463864316274
-126.95880083027474
-125.36769194696265
-123.88534728507742
-122.5157147951581
-121.2626137091782
-120.12969078201604
-119.12037512219372
-118.23783186196383
-117.48491796771376
-116.86413893337577
-116.37760927126318
-116.02701781501916
-115.81359910949693
-115.73811198840373
-115.80082619257007
-116.00151809647676
-116.3394732523539
-116.81350031021947
-116.81350031021947
-116.81350031021947
-116.81350031021947
-116.81350031021947
-116.81350031021947
-116.81350031021947
-116.81350031021947
-116.81350031021947
-116.81350031021947
-116.81350031021947
