-390.0
-390.0
-390.0
-390.0
-390.0
-390.0
-386.00388495992144
-382.0078510730543
-378.01190091305557
-374.01603716351383
-370.0202626238791
-366.0245802157804
-362.028992989761
-358.0335041324636
-354.038116974302
-350.0428349976565
-346.0476618456364
-342.0526013314554
-338.36415409208513
-334.68507966791975
-331.0191009024593
-327.370098574178
-323.7420856032552
-320.1391504039127
-316.5655215445903
-313.02557097527784
-309.52375533851125
-306.0646788437658
-302.65303248425147
-299.293624463405
-295.9914087303423
-292.75139067699166
-289.57871382228467
-286.1916560300618
-283.106634347486
-279.81930146734476
-276.55071777452565
-273.3015874983819
-270.07261294986
-266.86452558742945
-263.678087795426
-260.5140939851635
-257.3733718965086
-254.25678392691148
-251.1652284838477
-251.1652284838477
-251.1652284838477
-251.1652284838477
-251.1652284838477
-251.1652284838477
-251.1652284838477
-255.16046792101486
-255.16046792101486
-258.6143401837481
-262.0340755376931
-265.41792023446004
-268.76416249877894
-272.07118770408755
-275.3373795470051
-278.56123658887645
-281.81278427762913
-285.2527448489085
-288.7071382448455
-292.17545254758335
-295.6571976766828
-299.1519048666906
-302.65912511174395
-306.1784284075863
-306.1784284075863
-306.1784284075863
-307.30255247453687
-308.474451981601
-309.69358457367207
-310.95939471189615
-312.27131476625414
-313.62876609912337
-313.62876609912337
-313.46325990887203
-313.34873183698704
-313.28523779187475
-313.27280880422353
-313.3114509512479
-313.3114509512479
-311.8351555339065
-310.40338772806155
-310.40338772806155
-310.40338772806155
-310.40338772806155
-310.40338772806155
-307.0086799599768
-303.6676984084203
-300.3853810165907
-297.1667549458227
-294.01692883388756
-290.9410566270618
-287.944388790829
-285.0322321554515
-282.2099360889943
-279.4828785408702
-276.85638753927753
-274.33581393278786
-271.92644861812147
-269.63352996436777
-267.4621876350366
-265.4174461217132
-263.2967381543362
-263.2967381543362
-263.2967381543362
-263.2967381543362
-265.7290524901755
-265.7290524901755
-269.2248435376789
-272.7344922558234
-276.25747049046237
-279.7932747317712
-283.34142481476465
-283.34142481476465
-287.03088488045023
-290.7255617474119
-294.42190910250827
-298.11655421899917
-301.8061987107335
-305.48767135188837
-309.15795024889877
-312.814094023703
-316.4532951911821
-320.07284202237787
-323.6701111395124
-327.24256013325635
-330.7877816996886
-334.3036475131367
-338.0935663256465
-341.8882716221025
-345.68760577499745
-349.49141782295453
-353.299563131764
-357.1119030752671
-360.9283047347908
-364.74864061592945
-368.57278838155463
-372.4006306000132
-376.23205450754466
-380.06695178401924
-383.9052183411569
-387.7467541224479
-391.59146291404795
-395.43925216597006
-399.2900328229425
-403.1437191643431
-407.00022865266106
-407.00022865266106
-407.00022865266106
-407.00022865266106
-407.00022865266106
-407.00022865266106
-407.00022865266106
-407.00022865266106
-403.01135053395257
-399.02269525385736
-395.0342695623702
-391.0460804844721
-387.0581353342563
-383.0704417299317
-379.0830076097699
-375.09584124906394
-371.10895127817577
-367.12234670175303
-363.1360369192064
-359.15003174654265
-355.16434143966126
-351.1789767192282
-347.1939487972544
-343.2092694055146
-343.2092694055146
-339.71095808200477
-336.25529564332567
-332.8468538145441
-329.490273012033
-326.19029028019463
-322.9517362562813
-319.4884880853335
-316.03791531521546
-312.60043769027544
-309.1764919930778
-305.7665328118318
-302.3710333415253
-298.990486219719
-295.6254043978894
-292.2763220491128
-288.9437955127731
-285.6284042768281
-282.33075199800066
-279.051467560046
-275.79120617000035
-272.5506504920165
-272.5506504920165
-272.5506504920165
-272.5506504920165
-272.5506504920165
-272.5506504920165
-272.5506504920165
-276.5264334781575
-280.5029050907364
-284.48003645282347
-284.48003645282347
-288.00359176989315
-291.4965407937333
-294.95682386224087
-298.3824079325826
-301.77140028190513
-305.1219515410893
-308.4322792540936
-311.7006619599253
-314.9922622023451
-318.47762397369115
-321.9749504413668
-325.48385592334574
-329.00396979542563
-332.53493627452985
-336.07641329405743
-336.07641329405743
-336.07641329405743
-336.07641329405743
-335.66108018351406
-335.2929553792023
-334.97219452286924
-334.6989337891669
-334.4732895992358
-334.2953583743788
-334.16521640051934
-334.16521640051934
-332.53020787205344
-330.93547165657446
-329.38159270273576
-327.869151918758
-326.3987253439625
-324.97088329588
-323.58618949477534
-322.2452001676612
-320.94846313410903
-319.6965168763968
-318.4898895967612
-317.32909826474656
-316.21464765785345
-315.1470293988931
-314.1267209936403
-313.1541848725465
-312.2298674404243
-312.2298674404243
-309.9000613022119
-307.6046255211713
-305.34433523905574
-305.34433523905574
-302.2199123664661
-299.04911204401066
-295.8334000245958
-292.5743343333158
-289.273478684629
-285.93245850676124
-282.55301269882074
-279.1369195824596
-275.68599580004445
-272.20217300552775
-268.6874352905927
-265.1438619440565
-261.5735999841967
-257.97891171967217
-254.36213934305133
-250.7257094021073
-247.07219025660885
-243.40371015153622
-239.42825405610935
-235.45362970391525
-231.47987993928945
-227.5070505901632
-223.53519073141507
-219.56435297650881
-215.59459380101256
-211.62597390212304
-207.65857293687722
-203.6924469283571
-199.72767182958327
-195.76432971967282
-191.80251211807445
-187.84231267122243
-183.88383592692526
-179.92719558584054
-179.92719558584054
-176.0553486260403
-172.18936056616144
-168.3296350867137
-164.4766130748214
-160.6307769158778
-156.79265537813998
-152.96282918524196
-149.1419373887658
-145.33068467357896
-141.5298497533422
-137.74029504328672
-133.96297783311405
-130.19896322595974
-126.44943916131028
-122.71573390238383
-122.71573390238383
-119.88430528550442
-117.12105674645663
-114.43092757666848
-111.81919518462885
-109.29148004511076
-106.85374482064213
-104.51228600968554
-102.27371629493601
-100.14493564636781
-98.13308921808476
-96.24551021416718
-96.24551021416718
-96.03583738328267
-95.99253026491468
-95.99253026491468
-95.99253026491468
-95.99253026491468
-95.99253026491468
-95.99253026491468
-95.99253026491468
-95.99253026491468
-95.99253026491468
-95.99253026491468
-95.99253026491468
