62.828426361083984 452.82843017578125 0.7853981852531433
65.65685272216797 455.6568603515625 0.7853981852531433
68.48528289794922 458.48529052734375 0.7853981852531433
71.31371307373047 461.313720703125 0.7853981852531433
74.14214324951172 464.14215087890625 0.7853981852531433
76.97057342529297 466.9705810546875 0.7853981852531433
79.79900360107422 469.79901123046875 0.7853981852531433
82.62743377685547 472.62744140625 0.7853981852531433
85.45586395263672 475.45587158203125 0.7853981852531433
88.28429412841797 478.2843017578125 0.7853981852531433
91.11272430419922 481.11273193359375 0.7853981852531433
93.94115447998047 483.941162109375 0.7853981852531433
96.76958465576172 486.76959228515625 0.7853981852531433
99.59801483154297 489.5980224609375 0.7853981852531433
102.42644500732422 492.42645263671875 0.7853981852531433
105.25487518310547 495.2548828125 0.7853981852531433
108.08330535888672 498.08331298828125 0.7853981852531433
110.91173553466797 500.9117431640625 0.7853981852531433
113.74016571044922 503.74017333984375 0.7853981852531433
116.56859588623047 506.568603515625 0.7853981852531433
119.39702606201172 509.39703369140625 0.7853981852531433
122.22545623779297 512.2254638671875 0.7853981852531433
125.05388641357422 515.0538940429688 0.7853981852531433
127.88231658935547 517.88232421875 0.7853981852531433
130.7107391357422 520.7107543945312 0.7853981852531433
133.53916931152344 523.5391845703125 0.7853981852531433
136.3675994873047 526.3676147460938 0.7853981852531433
136.3675994873047 526.3676147460938 0.38539817929267883
140.07418823242188 527.871337890625 0.38539817929267883
143.78077697753906 529.3750610351562 0.38539817929267883
147.48736572265625 530.8787841796875 0.38539817929267883
151.19395446777344 532.3825073242188 0.38539817929267883
151.19395446777344 532.3825073242188 -0.014601826667785645
155.1935272216797 532.3240966796875 -0.014601826667785645
159.19309997558594 532.2656860351562 -0.014601826667785645
163.1926727294922 532.207275390625 -0.014601826667785645
167.19224548339844 532.1488647460938 -0.014601826667785645
171.1918182373047 532.0904541015625 -0.014601826667785645
175.19139099121094 532.0320434570312 -0.014601826667785645
175.19139099121094 532.0320434570312 -0.4146018326282501
178.8524932861328 530.4207153320312 -0.4146018326282501
182.5135955810547 528.8093872070312 -0.4146018326282501
186.17469787597656 527.1980590820312 -0.4146018326282501
189.83580017089844 525.5867309570312 -0.4146018326282501
193.4969024658203 523.9754028320312 -0.4146018326282501
197.1580047607422 522.3640747070312 -0.4146018326282501
200.81910705566406 520.7527465820312 -0.4146018326282501
200.81910705566406 520.7527465820312 -0.8146018385887146
203.56373596191406 517.8429565429688 -0.8146018385887146
206.30836486816406 514.9331665039062 -0.8146018385887146
209.05299377441406 512.0233764648438 -0.8146018385887146
211.79762268066406 509.1135559082031 -0.8146018385887146
214.54225158691406 506.2037353515625 -0.8146018385887146
217.28688049316406 503.2939147949219 -0.8146018385887146
220.03150939941406 500.38409423828125 -0.8146018385887146
222.77613830566406 497.4742736816406 -0.8146018385887146
225.52076721191406 494.564453125 -0.8146018385887146
228.26539611816406 491.6546325683594 -0.8146018385887146
231.01002502441406 488.74481201171875 -0.8146018385887146
233.75465393066406 485.8349914550781 -0.8146018385887146
236.49928283691406 482.9251708984375 -0.8146018385887146
239.24391174316406 480.0153503417969 -0.8146018385887146
241.98854064941406 477.10552978515625 -0.8146018385887146
244.73316955566406 474.1957092285156 -0.8146018385887146
247.47779846191406 471.285888671875 -0.8146018385887146
250.22242736816406 468.3760681152344 -0.8146018385887146
252.96705627441406 465.46624755859375 -0.8146018385887146
255.71168518066406 462.5564270019531 -0.8146018385887146
258.4563293457031 459.6466064453125 -0.8146018385887146
261.2009582519531 456.7367858886719 -0.8146018385887146
263.9455871582031 453.82696533203125 -0.8146018385887146
266.6902160644531 450.9171447753906 -0.8146018385887146
269.4348449707031 448.00732421875 -0.8146018385887146
272.1794738769531 445.0975036621094 -0.8146018385887146
274.9241027832031 442.18768310546875 -0.8146018385887146
276.803466796875 440.4639892578125 -0.6698371171951294
278.9118347167969 439.0294494628906 -0.5250723958015442
281.2051086425781 437.9140625 -0.380307674407959
283.6352844238281 437.14117431640625 -0.23554296791553497
286.15155029296875 436.7269287109375 -0.09077826142311096
288.70123291015625 436.6800231933594 0.05398644506931305
292.6954040527344 436.8958740234375 0.05398644506931305
295.2251892089844 437.21728515625 0.19875115156173706
299.1464538574219 438.007080078125 0.19875115156173706
303.0677185058594 438.796875 0.19875115156173706
306.9889831542969 439.586669921875 0.19875115156173706
309.4459533691406 440.2696533203125 0.34351587295532227
313.2122497558594 441.6168518066406 0.34351587295532227
315.54498291015625 442.6471252441406 0.48828059434890747
319.0775451660156 444.5235595703125 0.48828059434890747
321.23724365234375 445.87957763671875 0.6330453157424927
324.462158203125 448.2460021972656 0.6330453157424927
326.4036560058594 449.8994140625 0.7778100371360779
329.25347900390625 452.706298828125 0.7778100371360779
332.1033020019531 455.51318359375 0.7778100371360779
334.953125 458.320068359375 0.7778100371360779
337.8029479980469 461.126953125 0.7778100371360779
340.65277099609375 463.933837890625 0.7778100371360779
343.5025939941406 466.74072265625 0.7778100371360779
346.3524169921875 469.547607421875 0.7778100371360779
349.2022399902344 472.3544921875 0.7778100371360779
352.05206298828125 475.161376953125 0.7778100371360779
354.9018859863281 477.96826171875 0.7778100371360779
357.751708984375 480.775146484375 0.7778100371360779
360.6015319824219 483.58203125 0.7778100371360779
363.45135498046875 486.388916015625 0.7778100371360779
366.3011779785156 489.19580078125 0.7778100371360779
369.1510009765625 492.002685546875 0.7778100371360779
372.0008239746094 494.8095703125 0.7778100371360779
374.85064697265625 497.616455078125 0.7778100371360779
377.7004699707031 500.42333984375 0.7778100371360779
380.55029296875 503.230224609375 0.7778100371360779
383.4001159667969 506.037109375 0.7778100371360779
386.24993896484375 508.843994140625 0.7778100371360779
389.0997619628906 511.65087890625 0.7778100371360779
391.9495849609375 514.457763671875 0.7778100371360779
394.7994079589844 517.2646484375 0.7778100371360779
397.64923095703125 520.071533203125 0.7778100371360779
400.4990539550781 522.87841796875 0.7778100371360779
403.348876953125 525.685302734375 0.7778100371360779
406.1986999511719 528.4921875 0.7778100371360779
406.1986999511719 528.4921875 0.3778100311756134
409.9165954589844 529.9677124023438 0.3778100311756134
413.6344909667969 531.4432373046875 0.3778100311756134
417.3523864746094 532.9187622070312 0.3778100311756134
421.0702819824219 534.394287109375 0.3778100311756134
424.7881774902344 535.8698120117188 0.3778100311756134
428.5060729980469 537.3453369140625 0.3778100311756134
432.2239685058594 538.8208618164062 0.3778100311756134
432.2239685058594 538.8208618164062 -0.022189974784851074
436.2229919433594 538.7321166992188 -0.022189974784851074
440.2220153808594 538.6433715820312 -0.022189974784851074
444.2210388183594 538.5546264648438 -0.022189974784851074
448.2200622558594 538.4658813476562 -0.022189974784851074
452.2190856933594 538.3771362304688 -0.022189974784851074
456.2181091308594 538.2883911132812 -0.022189974784851074
460.2171325683594 538.1996459960938 -0.022189974784851074
464.2161560058594 538.1109008789062 -0.022189974784851074
468.2151794433594 538.0221557617188 -0.022189974784851074
472.2142028808594 537.9334106445312 -0.022189974784851074
476.2132263183594 537.8446655273438 -0.022189974784851074
480.2122497558594 537.7559204101562 -0.022189974784851074
484.2112731933594 537.6671752929688 -0.022189974784851074
488.2102966308594 537.5784301757812 -0.022189974784851074
492.2093200683594 537.4896850585938 -0.022189974784851074
496.2083435058594 537.4009399414062 -0.022189974784851074
500.2073669433594 537.3121948242188 -0.022189974784851074
504.2063903808594 537.2234497070312 -0.022189974784851074
508.2054138183594 537.1347045898438 -0.022189974784851074
512.2044067382812 537.0459594726562 -0.022189974784851074
516.2034301757812 536.9572143554688 -0.022189974784851074
520.2024536132812 536.8684692382812 -0.022189974784851074
520.2024536132812 536.8684692382812 -0.42218998074531555
523.8512573242188 535.2294311523438 -0.42218998074531555
523.8512573242188 535.2294311523438 -0.82218998670578
526.57373046875 532.2988891601562 -0.82218998670578
529.2962036132812 529.3683471679688 -0.82218998670578
529.2962036132812 529.3683471679688 -1.222190022468567
530.6625366210938 525.6089477539062 -1.222190022468567
532.0288696289062 521.8495483398438 -1.222190022468567
533.3952026367188 518.0901489257812 -1.222190022468567
534.7615356445312 514.3307495117188 -1.222190022468567
536.1278686523438 510.57135009765625 -1.222190022468567
536.1278686523438 510.57135009765625 -1.622189998626709
535.92236328125 506.5766296386719 -1.622189998626709
535.7168579101562 502.5819091796875 -1.622189998626709
535.5113525390625 498.5871887207031 -1.622189998626709
535.3058471679688 494.59246826171875 -1.622189998626709
535.100341796875 490.5977478027344 -1.622189998626709
534.8948364257812 486.60302734375 -1.622189998626709
534.6893310546875 482.6083068847656 -1.622189998626709
534.6893310546875 482.6083068847656 -2.0221900939941406
532.9444580078125 479.0089416503906 -2.0221900939941406
531.1995849609375 475.4095764160156 -2.0221900939941406
529.4547119140625 471.8102111816406 -2.0221900939941406
527.7098388671875 468.2108459472656 -2.0221900939941406
527.7098388671875 468.2108459472656 -2.4221901893615723
524.7010498046875 465.5751037597656 -2.4221901893615723
521.6922607421875 462.9393615722656 -2.4221901893615723
518.6834716796875 460.3036193847656 -2.4221901893615723
515.6746826171875 457.6678771972656 -2.4221901893615723
512.6658935546875 455.0321350097656 -2.4221901893615723
509.6571044921875 452.3963928222656 -2.4221901893615723
506.6483154296875 449.7606506347656 -2.4221901893615723
503.6395263671875 447.1249084472656 -2.4221901893615723
500.6307373046875 444.4891662597656 -2.4221901893615723
497.6219482421875 441.8534240722656 -2.4221901893615723
494.6131591796875 439.2176818847656 -2.4221901893615723
491.6043701171875 436.5819396972656 -2.4221901893615723
488.5955810546875 433.9461975097656 -2.4221901893615723
485.5867919921875 431.3104553222656 -2.4221901893615723
482.5780029296875 428.6747131347656 -2.4221901893615723
479.5692138671875 426.0389709472656 -2.4221901893615723
476.5604248046875 423.4032287597656 -2.4221901893615723
473.5516357421875 420.7674865722656 -2.4221901893615723
470.5428466796875 418.1317443847656 -2.4221901893615723
467.5340576171875 415.4960021972656 -2.4221901893615723
464.5252685546875 412.8602600097656 -2.4221901893615723
461.5164794921875 410.2245178222656 -2.4221901893615723
458.5076904296875 407.5887756347656 -2.4221901893615723
455.4989013671875 404.9530334472656 -2.4221901893615723
452.4901123046875 402.3172912597656 -2.4221901893615723
449.4813232421875 399.6815490722656 -2.4221901893615723
446.4725341796875 397.0458068847656 -2.4221901893615723
445.1722412109375 396.1595153808594 -2.664442539215088
441.6190185546875 394.322509765625 -2.664442539215088
438.0657958984375 392.4855041503906 -2.664442539215088
434.5125732421875 390.64849853515625 -2.664442539215088
430.9593505859375 388.8114929199219 -2.664442539215088
427.4061279296875 386.9744873046875 -2.664442539215088
423.8529052734375 385.1374816894531 -2.664442539215088
420.2996826171875 383.30047607421875 -2.664442539215088
416.7464599609375 381.4634704589844 -2.664442539215088
413.1932373046875 379.62646484375 -2.664442539215088
409.6400146484375 377.7894592285156 -2.664442539215088
406.0867919921875 375.95245361328125 -2.664442539215088
402.5335693359375 374.1154479980469 -2.664442539215088
398.9803466796875 372.2784423828125 -2.664442539215088
395.4271240234375 370.4414367675781 -2.664442539215088
391.8739013671875 368.60443115234375 -2.664442539215088
388.3206787109375 366.7674255371094 -2.664442539215088
384.7674560546875 364.930419921875 -2.664442539215088
381.2142333984375 363.0934143066406 -2.664442539215088
377.6610107421875 361.25640869140625 -2.664442539215088
374.1077880859375 359.4194030761719 -2.664442539215088
370.5545654296875 357.5823974609375 -2.664442539215088
367.0013427734375 355.7453918457031 -2.664442539215088
363.4481201171875 353.90838623046875 -2.664442539215088
359.8948974609375 352.0713806152344 -2.664442539215088
356.3416748046875 350.234375 -2.664442539215088
352.7884521484375 348.3973693847656 -2.664442539215088
349.2352294921875 346.56036376953125 -2.664442539215088
345.6820068359375 344.7233581542969 -2.664442539215088
342.1287841796875 342.8863525390625 -2.664442539215088
338.5755615234375 341.0493469238281 -2.664442539215088
335.0223388671875 339.21234130859375 -2.664442539215088
331.4691162109375 337.3753356933594 -2.664442539215088
327.9158935546875 335.538330078125 -2.664442539215088
324.3626708984375 333.7013244628906 -2.664442539215088
320.8094482421875 331.86431884765625 -2.664442539215088
317.2562255859375 330.0273132324219 -2.664442539215088
313.7030029296875 328.1903076171875 -2.664442539215088
310.1497802734375 326.3533020019531 -2.664442539215088
306.5965576171875 324.51629638671875 -2.664442539215088
303.0433349609375 322.6792907714844 -2.664442539215088
299.4901123046875 320.84228515625 -2.664442539215088
295.9368896484375 319.0052795410156 -2.664442539215088
292.3836669921875 317.16827392578125 -2.664442539215088
288.8304443359375 315.3312683105469 -2.664442539215088
285.2772216796875 313.4942626953125 -2.664442539215088
281.7239990234375 311.6572570800781 -2.664442539215088
278.1707763671875 309.82025146484375 -2.664442539215088
274.6175537109375 307.9832458496094 -2.664442539215088
271.0643310546875 306.146240234375 -2.664442539215088
267.5111083984375 304.3092346191406 -2.664442539215088
265.3364562988281 302.9773254394531 -2.5196778774261475
262.08538818359375 300.6469421386719 -2.5196778774261475
260.1256103515625 299.0152587890625 -2.374913215637207
257.2447509765625 296.2402648925781 -2.374913215637207
254.36387634277344 293.46527099609375 -2.374913215637207
251.48300170898438 290.6902770996094 -2.374913215637207
249.77911376953125 288.7929382324219 -2.2301485538482666
248.3667449951172 286.6696472167969 -2.085383892059326
246.39804077148438 283.1876525878906 -2.085383892059326
245.3067626953125 280.8828125 -1.9406192302703857
243.8609619140625 277.15325927734375 -1.9406192302703857
243.11358642578125 274.7151184082031 -1.7958545684814453
242.22093200683594 270.81597900390625 -1.7958545684814453
241.8383026123047 268.3136901855469 -1.6492180824279785
241.52493286132812 264.32598876953125 -1.6492180824279785
241.21156311035156 260.3382873535156 -1.6492180824279785
240.898193359375 256.3505859375 -1.6492180824279785
240.58482360839844 252.36288452148438 -1.6492180824279785
240.27145385742188 248.37518310546875 -1.6492180824279785
239.9580841064453 244.38748168945312 -1.6492180824279785
239.64471435546875 240.3997802734375 -1.6492180824279785
239.3313446044922 236.41207885742188 -1.6492180824279785
239.01797485351562 232.42437744140625 -1.6492180824279785
238.70460510253906 228.43667602539062 -1.6492180824279785
238.3912353515625 224.448974609375 -1.6492180824279785
238.07786560058594 220.46127319335938 -1.6492180824279785
237.76449584960938 216.47357177734375 -1.6492180824279785
237.7490997314453 213.92349243164062 -1.504453420639038
238.0142822265625 209.9322967529297 -1.504453420639038
238.2794647216797 205.94110107421875 -1.504453420639038
238.63209533691406 203.4154815673828 -1.3596887588500977
239.3453826904297 200.96714782714844 -1.2149240970611572
240.40440368652344 198.64732360839844 -1.0701594352722168
241.78700256347656 196.50453186035156 -0.9253947138786316
243.46426391601562 194.5836181640625 -0.7806299924850464
245.40109252929688 192.9247589111328 -0.6358652710914612
247.5569610595703 191.56265258789062 -0.491100549697876
249.88677978515625 190.5258026123047 -0.34633582830429077
253.64927673339844 189.16798400878906 -0.34633582830429077
257.4117736816406 187.81016540527344 -0.34633582830429077
261.17425537109375 186.4523468017578 -0.34633582830429077
264.9367370605469 185.0945281982422 -0.34633582830429077
268.69921875 183.73670959472656 -0.34633582830429077
272.4617004394531 182.37889099121094 -0.34633582830429077
276.22418212890625 181.0210723876953 -0.34633582830429077
279.9866638183594 179.6632537841797 -0.34633582830429077
283.7491455078125 178.30543518066406 -0.34633582830429077
287.5116271972656 176.94761657714844 -0.34633582830429077
291.27410888671875 175.5897979736328 -0.34633582830429077
293.7217712402344 174.90301513671875 -0.20077835023403168
297.64141845703125 174.10528564453125 -0.20077835023403168
301.5610656738281 173.30755615234375 -0.20077835023403168
305.480712890625 172.50982666015625 -0.20077835023403168
309.4003601074219 171.71209716796875 -0.20077835023403168
313.32000732421875 170.91436767578125 -0.20077835023403168
317.2396545410156 170.11663818359375 -0.20077835023403168
321.1593017578125 169.31890869140625 -0.20077835023403168
325.0789489746094 168.52117919921875 -0.20077835023403168
328.99859619140625 167.72344970703125 -0.20077835023403168
332.9182434082031 166.92572021484375 -0.20077835023403168
336.837890625 166.12799072265625 -0.20077835023403168
340.7575378417969 165.33026123046875 -0.20077835023403168
344.67718505859375 164.53253173828125 -0.20077835023403168
348.5968322753906 163.73480224609375 -0.20077835023403168
352.5164794921875 162.93707275390625 -0.20077835023403168
356.4361267089844 162.13934326171875 -0.20077835023403168
360.35577392578125 161.34161376953125 -0.20077835023403168
364.2754211425781 160.54388427734375 -0.20077835023403168
368.195068359375 159.74615478515625 -0.20077835023403168
372.1147155761719 158.94842529296875 -0.20077835023403168
376.03436279296875 158.15069580078125 -0.20077835023403168
379.9540100097656 157.35296630859375 -0.20077835023403168
383.8736572265625 156.55523681640625 -0.20077835023403168
387.7933044433594 155.75750732421875 -0.20077835023403168
391.71295166015625 154.95977783203125 -0.20077835023403168
395.6325988769531 154.16204833984375 -0.20077835023403168
399.55224609375 153.36431884765625 -0.20077835023403168
403.4718933105469 152.56658935546875 -0.20077835023403168
407.39154052734375 151.76885986328125 -0.20077835023403168
411.3111877441406 150.97113037109375 -0.20077835023403168
415.2308349609375 150.17340087890625 -0.20077835023403168
419.1504821777344 149.37567138671875 -0.20077835023403168
423.07012939453125 148.57794189453125 -0.20077835023403168
426.9897766113281 147.78021240234375 -0.20077835023403168
430.909423828125 146.98248291015625 -0.20077835023403168
434.8290710449219 146.18475341796875 -0.20077835023403168
438.74871826171875 145.38702392578125 -0.20077835023403168
442.6683654785156 144.58929443359375 -0.20077835023403168
446.5880126953125 143.79156494140625 -0.20077835023403168
450.5076599121094 142.99383544921875 -0.20077835023403168
454.42730712890625 142.19610595703125 -0.20077835023403168
458.3469543457031 141.39837646484375 -0.20077835023403168
462.2666015625 140.60064697265625 -0.20077835023403168
466.1862487792969 139.80291748046875 -0.20077835023403168
470.10589599609375 139.00518798828125 -0.20077835023403168
474.0255432128906 138.20745849609375 -0.20077835023403168
477.9451904296875 137.40972900390625 -0.20077835023403168
481.8648376464844 136.61199951171875 -0.20077835023403168
485.78448486328125 135.81427001953125 -0.20077835023403168
489.7041320800781 135.01654052734375 -0.20077835023403168
493.623779296875 134.21881103515625 -0.20077835023403168
497.5434265136719 133.42108154296875 -0.20077835023403168
501.46307373046875 132.62335205078125 -0.20077835023403168
505.3827209472656 131.82562255859375 -0.20077835023403168
509.3023681640625 131.02789306640625 -0.20077835023403168
513.2219848632812 130.23016357421875 -0.20077835023403168
517.1416015625 129.43243408203125 -0.20077835023403168
521.0612182617188 128.63470458984375 -0.20077835023403168
524.9808349609375 127.83697509765625 -0.20077835023403168
524.9808349609375 127.83697509765625 -0.600778341293335
524.9808349609375 127.83697509765625 -1.000778317451477
527.139404296875 124.46941375732422 -1.000778317451477
529.2979736328125 121.10185241699219 -1.000778317451477
531.45654296875 117.73429107666016 -1.000778317451477
533.6151123046875 114.36672973632812 -1.000778317451477
535.773681640625 110.9991683959961 -1.000778317451477
535.773681640625 110.9991683959961 -1.4007782936096191
536.4505004882812 107.05683898925781 -1.4007782936096191
537.1273193359375 103.11450958251953 -1.4007782936096191
537.8041381835938 99.17218017578125 -1.4007782936096191
538.48095703125 95.22985076904297 -1.4007782936096191
538.48095703125 95.22985076904297 -1.8007782697677612
537.569091796875 91.33516693115234 -1.8007782697677612
536.6572265625 87.44048309326172 -1.8007782697677612
535.745361328125 83.5457992553711 -1.8007782697677612
534.83349609375 79.65111541748047 -1.8007782697677612
533.921630859375 75.75643157958984 -1.8007782697677612
533.009765625 71.86174774169922 -1.8007782697677612
533.009765625 71.86174774169922 -2.2007782459259033
533.009765625 71.86174774169922 -2.600778341293335
529.5806274414062 69.80241394042969 -2.600778341293335
526.1514892578125 67.74308013916016 -2.600778341293335
522.7223510742188 65.68374633789062 -2.600778341293335
519.293212890625 63.62440872192383 -2.600778341293335
515.8640747070312 61.56507110595703 -2.600778341293335
515.8640747070312 61.56507110595703 -3.0007784366607666
511.9036560058594 61.0036735534668 -3.0007784366607666
507.9432373046875 60.44227600097656 -3.0007784366607666
503.9828186035156 59.88087844848633 -3.0007784366607666
500.02239990234375 59.319480895996094 -3.0007784366607666
496.0619812011719 58.75808334350586 -3.0007784366607666
492.1015625 58.196685791015625 -3.0007784366607666
488.1411437988281 57.63528823852539 -3.0007784366607666
484.18072509765625 57.073890686035156 -3.0007784366607666
480.2203063964844 56.51249313354492 -3.0007784366607666
476.2598876953125 55.95109558105469 -3.0007784366607666
472.2994689941406 55.38969802856445 -3.0007784366607666
468.33905029296875 54.82830047607422 -3.0007784366607666
464.3786315917969 54.266902923583984 -3.0007784366607666
460.418212890625 53.70550537109375 -3.0007784366607666
456.4577941894531 53.144107818603516 -3.0007784366607666
452.49737548828125 52.58271026611328 -3.0007784366607666
450.7312927246094 52.53087615966797 3.0594589710235596
446.7447814941406 52.85904312133789 3.0594589710235596
442.7582702636719 53.18721008300781 3.0594589710235596
438.7717590332031 53.515377044677734 3.0594589710235596
434.7852478027344 53.843544006347656 3.0594589710235596
430.7987365722656 54.17171096801758 3.0594589710235596
426.8122253417969 54.4998779296875 3.0594589710235596
422.8257141113281 54.82804489135742 3.0594589710235596
420.27569580078125 54.85291290283203 -3.0789616107940674
417.748779296875 54.5096549987793 -2.934196949005127
413.8345031738281 53.686004638671875 -2.934196949005127
409.92022705078125 52.86235809326172 -2.934196949005127
406.0059509277344 52.03871154785156 -2.934196949005127
402.0916748046875 51.215065002441406 -2.934196949005127
398.1773986816406 50.39141845703125 -2.934196949005127
394.26312255859375 49.567771911621094 -2.934196949005127
390.3488464355469 48.74412536621094 -2.934196949005127
386.4345703125 47.92047882080078 -2.934196949005127
382.5202941894531 47.096832275390625 -2.934196949005127
378.60601806640625 46.27318572998047 -2.934196949005127
378.60601806640625 46.27318572998047 2.948988199234009
376.0743103027344 46.57902908325195 3.093752861022949
372.0788879394531 46.77031707763672 3.093752861022949
368.0834655761719 46.961605072021484 3.093752861022949
364.0880432128906 47.15289306640625 3.093752861022949
360.0926208496094 47.344181060791016 3.093752861022949
356.0971984863281 47.53546905517578 3.093752861022949
352.1017761230469 47.72675704956055 3.093752861022949
348.1063537597656 47.91804504394531 3.093752861022949
344.1109313964844 48.10933303833008 3.093752861022949
340.1155090332031 48.300621032714844 3.093752861022949
336.1200866699219 48.49190902709961 3.093752861022949
332.1246643066406 48.683197021484375 3.093752861022949
328.1292419433594 48.87448501586914 3.093752861022949
324.1338195800781 49.065773010253906 3.093752861022949
320.1383972167969 49.25706100463867 3.093752861022949
316.1429748535156 49.44834899902344 3.093752861022949
312.1475524902344 49.6396369934082 3.093752861022949
308.1521301269531 49.83092498779297 3.093752861022949
304.1567077636719 50.022212982177734 3.093752861022949
300.1612854003906 50.2135009765625 3.093752861022949
296.1658630371094 50.404788970947266 3.093752861022949
292.1704406738281 50.59607696533203 3.093752861022949
288.1750183105469 50.7873649597168 3.093752861022949
284.1795959472656 50.97865295410156 3.093752861022949
280.1841735839844 51.16994094848633 3.093752861022949
276.1887512207031 51.361228942871094 3.093752861022949
272.1933288574219 51.55251693725586 3.093752861022949
268.1979064941406 51.743804931640625 3.093752861022949
264.2024841308594 51.93509292602539 3.093752861022949
260.2070617675781 52.126380920410156 3.093752861022949
256.2116394042969 52.31766891479492 3.093752861022949
252.21621704101562 52.50895690917969 3.093752861022949
248.22079467773438 52.70024490356445 3.093752861022949
244.22537231445312 52.89153289794922 3.093752861022949
240.22994995117188 53.082820892333984 3.093752861022949
236.23452758789062 53.27410888671875 3.093752861022949
232.23910522460938 53.465396881103516 3.093752861022949
228.24368286132812 53.65668487548828 3.093752861022949
224.24826049804688 53.84797286987305 3.093752861022949
220.25283813476562 54.03926086425781 3.093752861022949
216.25741577148438 54.23054885864258 3.093752861022949
212.26199340820312 54.421836853027344 3.093752861022949
208.26657104492188 54.61312484741211 3.093752861022949
204.27114868164062 54.804412841796875 3.093752861022949
200.27572631835938 54.99570083618164 3.093752861022949
196.28030395507812 55.186988830566406 3.093752861022949
192.28488159179688 55.37827682495117 3.093752861022949
188.28945922851562 55.56956481933594 3.093752861022949
184.29403686523438 55.7608528137207 3.093752861022949
180.29861450195312 55.95214080810547 3.093752861022949
176.30319213867188 56.143428802490234 3.093752861022949
172.30776977539062 56.334716796875 3.093752861022949
168.31234741210938 56.526004791259766 3.093752861022949
164.31692504882812 56.71729278564453 3.093752861022949
160.32150268554688 56.9085807800293 3.093752861022949
156.32608032226562 57.09986877441406 3.093752861022949
152.33065795898438 57.29115676879883 3.093752861022949
148.33523559570312 57.482444763183594 3.093752861022949
144.33981323242188 57.67373275756836 3.093752861022949
140.34439086914062 57.865020751953125 3.093752861022949
136.34896850585938 58.05630874633789 3.093752861022949
132.35354614257812 58.247596740722656 3.093752861022949
128.35812377929688 58.43888473510742 3.093752861022949
124.36270141601562 58.63017272949219 3.093752861022949
120.36727905273438 58.82146072387695 3.093752861022949
116.37185668945312 59.01274871826172 3.093752861022949
112.37643432617188 59.204036712646484 3.093752861022949
108.38101196289062 59.39532470703125 3.093752861022949
104.38558959960938 59.586612701416016 3.093752861022949
100.39016723632812 59.77790069580078 3.093752861022949
96.39474487304688 59.96918869018555 3.093752861022949
92.39932250976562 60.16047668457031 3.093752861022949
88.40390014648438 60.35176467895508 3.093752861022949
84.40847778320312 60.543052673339844 3.093752861022949
80.41305541992188 60.73434066772461 3.093752861022949
76.41763305664062 60.925628662109375 3.093752861022949
72.42221069335938 61.11691665649414 3.093752861022949
68.42678833007812 61.308204650878906 3.093752861022949
64.43136596679688 61.49949264526367 3.093752861022949
60.435943603515625 61.69078063964844 3.093752861022949
56.440521240234375 61.8820686340332 3.093752861022949
52.445098876953125 62.07335662841797 3.093752861022949
48.449676513671875 62.264644622802734 3.093752861022949
44.454254150390625 62.4559326171875 3.093752861022949
40.458831787109375 62.647220611572266 3.093752861022949
36.463409423828125 62.83850860595703 3.093752861022949
32.467987060546875 63.0297966003418 3.093752861022949
28.472562789916992 63.22108459472656 3.093752861022949
24.47713851928711 63.41237258911133 3.093752861022949
20.481714248657227 63.603660583496094 3.093752861022949
20.481714248657227 63.603660583496094 3.093752861022949
20.481714248657227 63.603660583496094 3.093752861022949
20.481714248657227 63.603660583496094 3.093752861022949
20.481714248657227 63.603660583496094 3.093752861022949
20.481714248657227 63.603660583496094 3.093752861022949
20.481714248657227 63.603660583496094 3.093752861022949
20.481714248657227 63.603660583496094 3.093752861022949
20.481714248657227 63.603660583496094 3.093752861022949
20.481714248657227 63.603660583496094 3.093752861022949
20.481714248657227 63.603660583496094 3.093752861022949
