62.828426361083984 452.82843017578125 0.7853981852531433
65.65685272216797 455.6568603515625 0.7853981852531433
68.48528289794922 458.48529052734375 0.7853981852531433
71.31371307373047 461.313720703125 0.7853981852531433
74.14214324951172 464.14215087890625 0.7853981852531433
76.97057342529297 466.9705810546875 0.7853981852531433
79.79900360107422 469.79901123046875 0.7853981852531433
82.62743377685547 472.62744140625 0.7853981852531433
85.45586395263672 475.45587158203125 0.7853981852531433
88.28429412841797 478.2843017578125 0.7853981852531433
91.11272430419922 481.11273193359375 0.7853981852531433
93.94115447998047 483.941162109375 0.7853981852531433
96.76958465576172 486.76959228515625 0.7853981852531433
99.59801483154297 489.5980224609375 0.7853981852531433
102.42644500732422 492.42645263671875 0.7853981852531433
105.25487518310547 495.2548828125 0.7853981852531433
108.08330535888672 498.08331298828125 0.7853981852531433
110.91173553466797 500.9117431640625 0.7853981852531433
113.74016571044922 503.74017333984375 0.7853981852531433
116.56859588623047 506.568603515625 0.7853981852531433
119.39702606201172 509.39703369140625 0.7853981852531433
122.22545623779297 512.2254638671875 0.7853981852531433
125.05388641357422 515.0538940429688 0.7853981852531433
127.88231658935547 517.88232421875 0.7853981852531433
130.7107391357422 520.7107543945312 0.7853981852531433
133.53916931152344 523.5391845703125 0.7853981852531433
133.53916931152344 523.5391845703125 0.38539817929267883
137.24575805664062 525.0429077148438 0.38539817929267883
140.9523468017578 526.546630859375 0.38539817929267883
144.658935546875 528.0503540039062 0.38539817929267883
144.658935546875 528.0503540039062 -0.014601826667785645
148.65850830078125 527.991943359375 -0.014601826667785645
152.6580810546875 527.9335327148438 -0.014601826667785645
156.65765380859375 527.8751220703125 -0.014601826667785645
160.6572265625 527.8167114257812 -0.014601826667785645
164.65679931640625 527.75830078125 -0.014601826667785645
168.6563720703125 527.6998901367188 -0.014601826667785645
172.65594482421875 527.6414794921875 -0.014601826667785645
176.655517578125 527.5830688476562 -0.014601826667785645
176.655517578125 527.5830688476562 -0.4146018326282501
180.31661987304688 525.9717407226562 -0.4146018326282501
183.97772216796875 524.3604125976562 -0.4146018326282501
187.63882446289062 522.7490844726562 -0.4146018326282501
187.63882446289062 522.7490844726562 -0.8146018385887146
190.38345336914062 519.8392944335938 -0.8146018385887146
193.12808227539062 516.9295043945312 -0.8146018385887146
195.87271118164062 514.0197143554688 -0.8146018385887146
198.61734008789062 511.1098937988281 -0.8146018385887146
201.36196899414062 508.2000732421875 -0.8146018385887146
204.10659790039062 505.2902526855469 -0.8146018385887146
206.85122680664062 502.38043212890625 -0.8146018385887146
209.59585571289062 499.4706115722656 -0.8146018385887146
212.34048461914062 496.560791015625 -0.8146018385887146
215.08511352539062 493.6509704589844 -0.8146018385887146
217.82974243164062 490.74114990234375 -0.8146018385887146
220.57437133789062 487.8313293457031 -0.8146018385887146
223.31900024414062 484.9215087890625 -0.8146018385887146
226.06362915039062 482.0116882324219 -0.8146018385887146
228.80825805664062 479.10186767578125 -0.8146018385887146
231.55288696289062 476.1920471191406 -0.8146018385887146
234.29751586914062 473.2822265625 -0.8146018385887146
237.04214477539062 470.3724060058594 -0.8146018385887146
239.78677368164062 467.46258544921875 -0.8146018385887146
242.53140258789062 464.5527648925781 -0.8146018385887146
245.27603149414062 461.6429443359375 -0.8146018385887146
248.02066040039062 458.7331237792969 -0.8146018385887146
250.76528930664062 455.82330322265625 -0.8146018385887146
253.50991821289062 452.9134826660156 -0.8146018385887146
256.2545471191406 450.003662109375 -0.8146018385887146
258.9991760253906 447.0938415527344 -0.8146018385887146
261.7438049316406 444.18402099609375 -0.8146018385887146
264.4884338378906 441.2742004394531 -0.8146018385887146
267.2330627441406 438.3643798828125 -0.8146018385887146
269.9776916503906 435.4545593261719 -0.8146018385887146
270.0400695800781 435.4101867675781 -0.4223065674304962
270.11468505859375 435.39300537109375 -0.030011296272277832
274.1128845214844 435.2729797363281 -0.030011296272277832
278.111083984375 435.1529541015625 -0.030011296272277832
282.1092834472656 435.0329284667969 -0.030011296272277832
286.10748291015625 434.91290283203125 -0.030011296272277832
290.1056823730469 434.7928771972656 -0.030011296272277832
290.1811828613281 434.8055419921875 0.36228397488594055
293.9215393066406 436.2231750488281 0.36228397488594055
297.6618957519531 437.64080810546875 0.36228397488594055
301.4022521972656 439.0584411621094 0.36228397488594055
305.1426086425781 440.47607421875 0.36228397488594055
308.8829650878906 441.8937072753906 0.36228397488594055
312.6233215332031 443.31134033203125 0.36228397488594055
316.3636779785156 444.7289733886719 0.36228397488594055
316.4285888671875 444.76953125 0.7545792460441589
316.4285888671875 444.76953125 0.35457924008369446
316.49383544921875 444.8096008300781 0.7468745112419128
316.49383544921875 444.8096008300781 0.34687450528144836
316.55938720703125 444.8491516113281 0.7391697764396667
316.55938720703125 444.8491516113281 0.33916977047920227
316.625244140625 444.8882141113281 0.7314650416374207
316.625244140625 444.8882141113281 0.3314650356769562
316.6913757324219 444.9267578125 0.7237603068351746
316.6913757324219 444.9267578125 0.3237603008747101
316.7578125 444.96478271484375 0.7160555720329285
316.7578125 444.96478271484375 0.316055566072464
316.8245544433594 445.0022888183594 0.7083508372306824
316.8245544433594 445.0022888183594 0.3083508312702179
316.8915710449219 445.039306640625 0.7006461024284363
316.8915710449219 445.039306640625 0.3006460964679718
316.9588623046875 445.0758056640625 0.6929413676261902
316.9588623046875 445.0758056640625 0.2929413616657257
317.02642822265625 445.1117858886719 0.6852366328239441
317.02642822265625 445.1117858886719 0.2852366268634796
317.0942687988281 445.147216796875 0.677531898021698
317.0942687988281 445.147216796875 0.2775318920612335
317.1623840332031 445.18212890625 0.6698271632194519
317.1623840332031 445.18212890625 0.2698271572589874
317.23077392578125 445.2165222167969 0.6621224284172058
317.23077392578125 445.2165222167969 0.26212242245674133
317.2994384765625 445.2503967285156 0.6544176936149597
317.2994384765625 445.2503967285156 0.25441768765449524
317.36834716796875 445.2837219238281 0.6467129588127136
317.36834716796875 445.2837219238281 0.24671295285224915
317.4375305175781 445.3165283203125 0.6390082240104675
317.4375305175781 445.3165283203125 0.23900821805000305
317.5069580078125 445.3487854003906 0.6313034892082214
317.5069580078125 445.3487854003906 0.23130348324775696
317.5766296386719 445.3805236816406 0.6235987544059753
317.5766296386719 445.3805236816406 0.22359874844551086
317.64654541015625 445.4117126464844 0.6158940196037292
320.91156005859375 447.72247314453125 0.6158940196037292
324.17657470703125 450.0332336425781 0.6158940196037292
327.44158935546875 452.343994140625 0.6158940196037292
330.70660400390625 454.6547546386719 0.6158940196037292
333.97161865234375 456.96551513671875 0.6158940196037292
337.23663330078125 459.2762756347656 0.6158940196037292
340.50164794921875 461.5870361328125 0.6158940196037292
343.76666259765625 463.8977966308594 0.6158940196037292
347.03167724609375 466.20855712890625 0.6158940196037292
350.29669189453125 468.5193176269531 0.6158940196037292
353.56170654296875 470.830078125 0.6158940196037292
356.82672119140625 473.1408386230469 0.6158940196037292
360.09173583984375 475.45159912109375 0.6158940196037292
363.35675048828125 477.7623596191406 0.6158940196037292
366.62176513671875 480.0731201171875 0.6158940196037292
369.88677978515625 482.3838806152344 0.6158940196037292
373.15179443359375 484.69464111328125 0.6158940196037292
376.41680908203125 487.0054016113281 0.6158940196037292
379.68182373046875 489.316162109375 0.6158940196037292
382.94683837890625 491.6269226074219 0.6158940196037292
386.21185302734375 493.93768310546875 0.6158940196037292
389.47686767578125 496.2484436035156 0.6158940196037292
392.74188232421875 498.5592041015625 0.6158940196037292
396.00689697265625 500.8699645996094 0.6158940196037292
399.27191162109375 503.18072509765625 0.6158940196037292
402.53692626953125 505.4914855957031 0.6158940196037292
405.80194091796875 507.80224609375 0.6158940196037292
409.06695556640625 510.1130065917969 0.6158940196037292
412.33197021484375 512.4237670898438 0.6158940196037292
415.59698486328125 514.7344970703125 0.6158940196037292
418.86199951171875 517.0452270507812 0.6158940196037292
422.12701416015625 519.35595703125 0.6158940196037292
425.39202880859375 521.6666870117188 0.6158940196037292
428.65704345703125 523.9774169921875 0.6158940196037292
431.92205810546875 526.2881469726562 0.6158940196037292
431.92205810546875 526.2881469726562 0.21589401364326477
435.8291931152344 527.14501953125 0.21589401364326477
439.736328125 528.0018920898438 0.21589401364326477
443.6434631347656 528.8587646484375 0.21589401364326477
447.55059814453125 529.7156372070312 0.21589401364326477
451.4577331542969 530.572509765625 0.21589401364326477
455.3648681640625 531.4293823242188 0.21589401364326477
459.2720031738281 532.2862548828125 0.21589401364326477
463.17913818359375 533.1431274414062 0.21589401364326477
467.0862731933594 534.0 0.21589401364326477
470.993408203125 534.8568725585938 0.21589401364326477
470.993408203125 534.8568725585938 -0.1841059923171997
474.9258117675781 534.1245727539062 -0.1841059923171997
478.85821533203125 533.3922729492188 -0.1841059923171997
482.7906188964844 532.6599731445312 -0.1841059923171997
486.7230224609375 531.9276733398438 -0.1841059923171997
490.6554260253906 531.1953735351562 -0.1841059923171997
494.58782958984375 530.4630737304688 -0.1841059923171997
498.5202331542969 529.7307739257812 -0.1841059923171997
502.45263671875 528.9984741210938 -0.1841059923171997
506.3850402832031 528.2661743164062 -0.1841059923171997
510.31744384765625 527.5338745117188 -0.1841059923171997
514.2498168945312 526.8015747070312 -0.1841059923171997
518.1821899414062 526.0692749023438 -0.1841059923171997
518.1821899414062 526.0692749023438 -0.5841059684753418
518.1821899414062 526.0692749023438 -0.9841059446334839
520.3966064453125 522.7381591796875 -0.9841059446334839
522.6110229492188 519.4070434570312 -0.9841059446334839
524.825439453125 516.075927734375 -0.9841059446334839
527.0398559570312 512.7448120117188 -0.9841059446334839
527.0398559570312 512.7448120117188 -1.384105920791626
527.7822875976562 508.8143310546875 -1.384105920791626
528.5247192382812 504.88385009765625 -1.384105920791626
529.2671508789062 500.953369140625 -1.384105920791626
529.2671508789062 500.953369140625 -1.784105896949768
528.4203491210938 497.0440368652344 -1.784105896949768
527.5735473632812 493.13470458984375 -1.784105896949768
526.7267456054688 489.2253723144531 -1.784105896949768
525.8799438476562 485.3160400390625 -1.784105896949768
525.0331420898438 481.4067077636719 -1.784105896949768
525.0331420898438 481.4067077636719 -2.18410587310791
522.7308349609375 478.1357116699219 -2.18410587310791
520.4285278320312 474.8647155761719 -2.18410587310791
518.126220703125 471.5937194824219 -2.18410587310791
515.8239135742188 468.3227233886719 -2.18410587310791
513.5216064453125 465.0517272949219 -2.18410587310791
511.21929931640625 461.7807312011719 -2.18410587310791
508.9169921875 458.5097351074219 -2.18410587310791
506.61468505859375 455.2387390136719 -2.18410587310791
504.3123779296875 451.9677429199219 -2.18410587310791
502.01007080078125 448.6967468261719 -2.18410587310791
499.707763671875 445.4257507324219 -2.18410587310791
497.40545654296875 442.1547546386719 -2.18410587310791
495.1031494140625 438.8837585449219 -2.18410587310791
495.1031494140625 438.8837585449219 -2.584105968475342
491.70880126953125 436.7675476074219 -2.584105968475342
488.314453125 434.6513366699219 -2.584105968475342
484.92010498046875 432.5351257324219 -2.584105968475342
481.5257568359375 430.4189147949219 -2.584105968475342
478.13140869140625 428.3027038574219 -2.584105968475342
474.737060546875 426.1864929199219 -2.584105968475342
471.34271240234375 424.0702819824219 -2.584105968475342
467.9483642578125 421.9540710449219 -2.584105968475342
464.55401611328125 419.8378601074219 -2.584105968475342
461.15966796875 417.7216491699219 -2.584105968475342
457.76531982421875 415.6054382324219 -2.584105968475342
454.3709716796875 413.4892272949219 -2.584105968475342
450.97662353515625 411.3730163574219 -2.584105968475342
447.582275390625 409.2568054199219 -2.584105968475342
444.18792724609375 407.1405944824219 -2.584105968475342
440.7935791015625 405.0243835449219 -2.584105968475342
437.39923095703125 402.9081726074219 -2.584105968475342
434.0048828125 400.7919616699219 -2.584105968475342
430.61053466796875 398.6757507324219 -2.584105968475342
427.2161865234375 396.5595397949219 -2.584105968475342
423.82183837890625 394.4433288574219 -2.584105968475342
420.427490234375 392.3271179199219 -2.584105968475342
417.03314208984375 390.2109069824219 -2.584105968475342
413.6387939453125 388.0946960449219 -2.584105968475342
410.24444580078125 385.9784851074219 -2.584105968475342
406.85009765625 383.8622741699219 -2.584105968475342
403.45574951171875 381.7460632324219 -2.584105968475342
400.0614013671875 379.6298522949219 -2.584105968475342
396.66705322265625 377.5136413574219 -2.584105968475342
393.272705078125 375.3974304199219 -2.584105968475342
389.87835693359375 373.2812194824219 -2.584105968475342
386.4840087890625 371.1650085449219 -2.584105968475342
383.08966064453125 369.0487976074219 -2.584105968475342
379.6953125 366.9325866699219 -2.584105968475342
376.30096435546875 364.8163757324219 -2.584105968475342
372.9066162109375 362.7001647949219 -2.584105968475342
369.51226806640625 360.5839538574219 -2.584105968475342
366.117919921875 358.4677429199219 -2.584105968475342
362.72357177734375 356.3515319824219 -2.584105968475342
359.3292236328125 354.2353210449219 -2.584105968475342
355.93487548828125 352.1191101074219 -2.584105968475342
352.54052734375 350.0028991699219 -2.584105968475342
349.14617919921875 347.8866882324219 -2.584105968475342
345.7518310546875 345.7704772949219 -2.584105968475342
342.35748291015625 343.6542663574219 -2.584105968475342
338.963134765625 341.5380554199219 -2.584105968475342
335.56878662109375 339.4218444824219 -2.584105968475342
332.1744384765625 337.3056335449219 -2.584105968475342
328.78009033203125 335.1894226074219 -2.584105968475342
325.3857421875 333.0732116699219 -2.584105968475342
321.99139404296875 330.9570007324219 -2.584105968475342
318.5970458984375 328.8407897949219 -2.584105968475342
315.20269775390625 326.7245788574219 -2.584105968475342
311.808349609375 324.6083679199219 -2.584105968475342
308.41400146484375 322.4921569824219 -2.584105968475342
305.0196533203125 320.3759460449219 -2.584105968475342
301.62530517578125 318.2597351074219 -2.584105968475342
298.23095703125 316.1435241699219 -2.584105968475342
294.83660888671875 314.0273132324219 -2.584105968475342
291.4422607421875 311.9111022949219 -2.584105968475342
288.04791259765625 309.7948913574219 -2.584105968475342
284.653564453125 307.6786804199219 -2.584105968475342
281.25921630859375 305.5624694824219 -2.584105968475342
277.8648681640625 303.4462585449219 -2.584105968475342
274.47052001953125 301.3300476074219 -2.584105968475342
271.076171875 299.2138366699219 -2.584105968475342
267.68182373046875 297.0976257324219 -2.584105968475342
264.2874755859375 294.9814147949219 -2.584105968475342
260.89312744140625 292.8652038574219 -2.584105968475342
260.8373107910156 292.81280517578125 -2.1918106079101562
260.8373107910156 292.81280517578125 -2.591810703277588
260.7810974121094 292.7608642578125 -2.1995153427124023
260.7810974121094 292.7608642578125 -2.599515438079834
260.7244873046875 292.7093505859375 -2.2072200775146484
260.7244873046875 292.7093505859375 -2.60722017288208
260.66748046875 292.65826416015625 -2.2149248123168945
260.66748046875 292.65826416015625 -2.614924907684326
260.6100769042969 292.6076354980469 -2.2226295471191406
260.6100769042969 292.6076354980469 -2.6226296424865723
260.5522766113281 292.55743408203125 -2.2303342819213867
260.5522766113281 292.55743408203125 -2.6303343772888184
260.49407958984375 292.5076904296875 -2.238039016723633
260.49407958984375 292.5076904296875 -2.6380391120910645
260.4355163574219 292.4584045410156 -2.245743751525879
260.4355163574219 292.4584045410156 -2.6457438468933105
260.3765869140625 292.4095458984375 -2.253448486328125
260.3765869140625 292.4095458984375 -2.6534485816955566
260.3172607421875 292.36114501953125 -2.261153221130371
260.3172607421875 292.36114501953125 -2.6611533164978027
260.257568359375 292.3132019042969 -2.268857955932617
260.257568359375 292.3132019042969 -2.668858051300049
260.197509765625 292.2657165527344 -2.2765626907348633
260.197509765625 292.2657165527344 -2.676562786102295
260.1370849609375 292.2187194824219 -2.2842674255371094
260.1370849609375 292.2187194824219 -2.684267520904541
260.0762939453125 292.17218017578125 -2.2919721603393555
260.0762939453125 292.17218017578125 -2.691972255706787
260.0151672363281 292.1260986328125 -2.2996768951416016
260.0151672363281 292.1260986328125 -2.699676990509033
259.95367431640625 292.08050537109375 -2.3073816299438477
259.95367431640625 292.08050537109375 -2.7073817253112793
259.891845703125 292.0353698730469 -2.3150863647460938
259.891845703125 292.0353698730469 -2.7150864601135254
259.82965087890625 291.99072265625 -2.32279109954834
259.82965087890625 291.99072265625 -2.7227911949157715
259.7671203613281 291.9465637207031 -2.330495834350586
259.7671203613281 291.9465637207031 -2.7304959297180176
259.7042541503906 291.90289306640625 -2.338200569152832
259.7042541503906 291.90289306640625 -2.7382006645202637
259.64105224609375 291.8597106933594 -2.345905303955078
259.64105224609375 291.8597106933594 -2.7459053993225098
259.5775146484375 291.8170166015625 -2.353610038757324
259.5775146484375 291.8170166015625 -2.753610134124756
259.5136413574219 291.7748107910156 -2.3613147735595703
259.5136413574219 291.7748107910156 -2.761314868927002
259.449462890625 291.73309326171875 -2.3690195083618164
259.449462890625 291.73309326171875 -2.769019603729248
259.38494873046875 291.6918640136719 -2.3767242431640625
259.38494873046875 291.6918640136719 -2.776724338531494
259.32012939453125 291.651123046875 -2.3844289779663086
259.32012939453125 291.651123046875 -2.7844290733337402
259.2550048828125 291.61090087890625 -2.3921337127685547
259.2550048828125 291.61090087890625 -2.7921338081359863
259.1895751953125 291.5711669921875 -2.399838447570801
259.1895751953125 291.5711669921875 -2.7998385429382324
259.12384033203125 291.5319519042969 -2.407543182373047
259.12384033203125 291.5319519042969 -2.8075432777404785
259.05780029296875 291.49322509765625 -2.415247917175293
256.0673828125 288.836669921875 -2.415247917175293
253.0769500732422 286.18011474609375 -2.415247917175293
253.03073120117188 286.11907958984375 -2.0229525566101074
253.03073120117188 286.11907958984375 -2.422952651977539
252.98403930664062 286.05841064453125 -2.0306572914123535
252.98403930664062 286.05841064453125 -2.430657386779785
252.93687438964844 285.99810791015625 -2.0383620262145996
252.93687438964844 285.99810791015625 -2.4383621215820312
252.88925170898438 285.93817138671875 -2.0460667610168457
252.88925170898438 285.93817138671875 -2.4460668563842773
252.84117126464844 285.87860107421875 -2.053771495819092
252.84117126464844 285.87860107421875 -2.4537715911865234
252.79263305664062 285.81939697265625 -2.061476230621338
252.79263305664062 285.81939697265625 -2.4614763259887695
252.74363708496094 285.7605895996094 -2.069180965423584
252.74363708496094 285.7605895996094 -2.4691810607910156
252.69418334960938 285.7021484375 -2.07688570022583
252.69418334960938 285.7021484375 -2.4768857955932617
252.644287109375 285.64410400390625 -2.084590435028076
252.644287109375 285.64410400390625 -2.484590530395508
252.5939483642578 285.58642578125 -2.0922951698303223
252.5939483642578 285.58642578125 -2.492295265197754
252.5431671142578 285.5291442871094 -2.0999999046325684
252.5431671142578 285.5291442871094 -2.5
252.491943359375 285.4722595214844 -2.1077046394348145
252.491943359375 285.4722595214844 -2.507704734802246
252.44027709960938 285.415771484375 -2.1154093742370605
252.44027709960938 285.415771484375 -2.515409469604492
252.38818359375 285.35968017578125 -2.1231141090393066
252.38818359375 285.35968017578125 -2.5231142044067383
252.33566284179688 285.3039855957031 -2.1308188438415527
252.33566284179688 285.3039855957031 -2.5308189392089844
252.28271484375 285.2486877441406 -2.138523578643799
252.28271484375 285.2486877441406 -2.5385236740112305
252.22933959960938 285.1938171386719 -2.146228313446045
252.22933959960938 285.1938171386719 -2.5462284088134766
252.175537109375 285.13934326171875 -2.153933048248291
252.175537109375 285.13934326171875 -2.5539331436157227
252.12132263183594 285.0852966308594 -2.161637783050537
249.89308166503906 281.7633972167969 -2.161637783050537
249.8636474609375 281.6927185058594 -1.7693425416946411
249.8636474609375 281.6927185058594 -2.169342517852783
249.8336639404297 281.6222839355469 -1.7770472764968872
249.8336639404297 281.6222839355469 -2.1770472526550293
249.8031463623047 281.55206298828125 -1.7847520112991333
249.8031463623047 281.55206298828125 -2.1847519874572754
249.77207946777344 281.4820861816406 -1.7924567461013794
249.77207946777344 281.4820861816406 -2.1924567222595215
249.740478515625 281.412353515625 -1.8001614809036255
249.740478515625 281.412353515625 -2.2001614570617676
249.70834350585938 281.3428649902344 -1.8078662157058716
249.70834350585938 281.3428649902344 -2.2078661918640137
249.67567443847656 281.27362060546875 -1.8155709505081177
249.67567443847656 281.27362060546875 -2.2155709266662598
249.64247131347656 281.20465087890625 -1.8232756853103638
249.64247131347656 281.20465087890625 -2.223275661468506
249.60873413085938 281.13592529296875 -1.8309804201126099
249.60873413085938 281.13592529296875 -2.230980396270752
249.57447814941406 281.0674743652344 -1.838685154914856
249.57447814941406 281.0674743652344 -2.238685131072998
249.53968811035156 280.999267578125 -1.846389889717102
249.53968811035156 280.999267578125 -2.246389865875244
249.50437927246094 280.93133544921875 -1.8540946245193481
249.50437927246094 280.93133544921875 -2.2540946006774902
249.46853637695312 280.8636779785156 -1.8617993593215942
249.46853637695312 280.8636779785156 -2.2617993354797363
249.4321746826172 280.7962951660156 -1.8695040941238403
249.4321746826172 280.7962951660156 -2.2695040702819824
249.39529418945312 280.7292175292969 -1.8772088289260864
249.39529418945312 280.7292175292969 -2.2772088050842285
249.35791015625 280.66241455078125 -1.8849135637283325
249.35791015625 280.66241455078125 -2.2849135398864746
249.32000732421875 280.5959167480469 -1.8926182985305786
249.32000732421875 280.5959167480469 -2.2926182746887207
249.28158569335938 280.5296936035156 -1.9003230333328247
249.28158569335938 280.5296936035156 -2.300323009490967
249.24266052246094 280.4637756347656 -1.9080277681350708
249.24266052246094 280.4637756347656 -2.308027744293213
249.20323181152344 280.3981628417969 -1.915732502937317
249.20323181152344 280.3981628417969 -2.315732479095459
249.16329956054688 280.3328552246094 -1.923437237739563
249.16329956054688 280.3328552246094 -2.323437213897705
249.12286376953125 280.2678527832031 -1.931141972541809
249.12286376953125 280.2678527832031 -2.331141948699951
249.08192443847656 280.2031555175781 -1.9388467073440552
249.08192443847656 280.2031555175781 -2.3388466835021973
249.04049682617188 280.1387939453125 -1.9465514421463013
249.04049682617188 280.1387939453125 -2.3465514183044434
248.99856567382812 280.0747375488281 -1.9542561769485474
248.99856567382812 280.0747375488281 -2.3542561531066895
248.95614624023438 280.0110168457031 -1.9619609117507935
248.95614624023438 280.0110168457031 -2.3619608879089355
248.91323852539062 279.9476318359375 -1.9696656465530396
248.91323852539062 279.9476318359375 -2.3696656227111816
248.86984252929688 279.8845520019531 -1.9773703813552856
248.86984252929688 279.8845520019531 -2.3773703575134277
248.82595825195312 279.82183837890625 -1.9850751161575317
248.82595825195312 279.82183837890625 -2.385075092315674
248.78160095214844 279.75946044921875 -1.9927798509597778
248.78160095214844 279.75946044921875 -2.39277982711792
248.73675537109375 279.6974182128906 -2.0004844665527344
248.73675537109375 279.6974182128906 -2.400484561920166
248.69143676757812 279.6357116699219 -2.0081892013549805
246.9971160888672 276.01226806640625 -2.0081892013549805
246.97882080078125 275.93792724609375 -1.6158939599990845
246.97882080078125 275.93792724609375 -2.0158939361572266
246.9599609375 275.8637390136719 -1.6235986948013306
246.9599609375 275.8637390136719 -2.0235986709594727
246.94052124023438 275.7897033691406 -1.6313034296035767
246.94052124023438 275.7897033691406 -2.0313034057617188
246.92051696777344 275.7158203125 -1.6390081644058228
246.92051696777344 275.7158203125 -2.039008140563965
246.8999481201172 275.64208984375 -1.6467128992080688
246.8999481201172 275.64208984375 -2.046712875366211
246.87881469726562 275.5685119628906 -1.654417634010315
246.87881469726562 275.5685119628906 -2.054417610168457
246.85711669921875 275.4950866699219 -1.662122368812561
246.85711669921875 275.4950866699219 -2.062122344970703
246.8348388671875 275.4218444824219 -1.6698271036148071
246.8348388671875 275.4218444824219 -2.069827079772949
246.81201171875 275.3487854003906 -1.6775318384170532
246.81201171875 275.3487854003906 -2.0775318145751953
246.7886199951172 275.2759094238281 -1.6852365732192993
246.7886199951172 275.2759094238281 -2.0852365493774414
246.76466369628906 275.20318603515625 -1.6929413080215454
246.76466369628906 275.20318603515625 -2.0929412841796875
246.74014282226562 275.13067626953125 -1.7006460428237915
246.74014282226562 275.13067626953125 -2.1006460189819336
246.71507263183594 275.058349609375 -1.7083507776260376
246.71507263183594 275.058349609375 -2.1083507537841797
246.68943786621094 274.9862060546875 -1.7160555124282837
246.68943786621094 274.9862060546875 -2.116055488586426
246.6632537841797 274.9142761230469 -1.7237602472305298
246.6632537841797 274.9142761230469 -2.123760223388672
246.6365203857422 274.842529296875 -1.7314649820327759
246.6365203857422 274.842529296875 -2.131464958190918
246.60922241210938 274.77099609375 -1.739169716835022
246.60922241210938 274.77099609375 -2.139169692993164
246.5813751220703 274.6996765136719 -1.746874451637268
246.5813751220703 274.6996765136719 -2.14687442779541
246.552978515625 274.6285705566406 -1.7545791864395142
246.552978515625 274.6285705566406 -2.1545791625976562
246.5240478515625 274.5577087402344 -1.7622839212417603
246.5240478515625 274.5577087402344 -2.1622838973999023
246.49456787109375 274.487060546875 -1.7699886560440063
246.49456787109375 274.487060546875 -2.1699886322021484
246.46453857421875 274.4166259765625 -1.7776933908462524
246.46453857421875 274.4166259765625 -2.1776933670043945
246.43397521972656 274.346435546875 -1.7853981256484985
246.43397521972656 274.346435546875 -2.1853981018066406
246.40286254882812 274.2764892578125 -1.7931028604507446
246.40286254882812 274.2764892578125 -2.1931028366088867
246.3712158203125 274.206787109375 -1.8008075952529907
246.3712158203125 274.206787109375 -2.200807571411133
246.3390350341797 274.1373291015625 -1.8085123300552368
246.3390350341797 274.1373291015625 -2.208512306213379
246.3063201904297 274.068115234375 -1.816217064857483
246.3063201904297 274.068115234375 -2.216217041015625
246.2730712890625 273.9991455078125 -1.823921799659729
246.2730712890625 273.9991455078125 -2.223921775817871
246.23928833007812 273.9304504394531 -1.831626534461975
246.23928833007812 273.9304504394531 -2.231626510620117
246.20498657226562 273.86199951171875 -1.8393312692642212
246.20498657226562 273.86199951171875 -2.2393312454223633
246.17015075683594 273.7938232421875 -1.8470360040664673
246.17015075683594 273.7938232421875 -2.2470359802246094
246.13479614257812 273.7259216308594 -1.8547407388687134
246.13479614257812 273.7259216308594 -2.2547407150268555
246.0989227294922 273.6582946777344 -1.8624454736709595
246.0989227294922 273.6582946777344 -2.2624454498291016
246.06253051757812 273.5909423828125 -1.8701502084732056
246.06253051757812 273.5909423828125 -2.2701501846313477
246.02561950683594 273.52386474609375 -1.8778549432754517
246.01881408691406 273.4622802734375 -1.4840900897979736
246.01881408691406 273.4622802734375 -1.8840900659561157
246.01060485839844 273.39227294921875 -1.4911835193634033
246.01060485839844 273.39227294921875 -1.8911834955215454
246.00140380859375 273.3184814453125 -1.4986683130264282
246.00140380859375 273.3184814453125 -1.8986682891845703
245.99143981933594 273.2433166503906 -1.5063002109527588
245.99143981933594 273.2433166503906 -1.9063001871109009
245.98080444335938 273.1675109863281 -1.5140049457550049
245.98080444335938 273.1675109863281 -1.914004921913147
245.96958923339844 273.091796875 -1.521709680557251
245.96958923339844 273.091796875 -1.921709656715393
245.95779418945312 273.0161437988281 -1.529414415359497
245.95779418945312 273.0161437988281 -1.9294143915176392
245.94540405273438 272.94061279296875 -1.5371191501617432
245.94540405273438 272.94061279296875 -1.9371191263198853
245.93243408203125 272.86517333984375 -1.5448238849639893
245.93243408203125 272.86517333984375 -1.9448238611221313
245.91888427734375 272.7898254394531 -1.5525286197662354
245.91888427734375 272.7898254394531 -1.9525285959243774
245.90475463867188 272.714599609375 -1.5602333545684814
245.90475463867188 272.714599609375 -1.9602333307266235
245.89004516601562 272.63946533203125 -1.5679380893707275
245.89004516601562 272.63946533203125 -1.9679380655288696
245.874755859375 272.564453125 -1.5756428241729736
245.874755859375 272.564453125 -1.9756428003311157
245.85890197753906 272.48956298828125 -1.5833475589752197
245.85890197753906 272.48956298828125 -1.9833475351333618
245.84246826171875 272.414794921875 -1.5910522937774658
245.84246826171875 272.414794921875 -1.991052269935608
245.82545471191406 272.34014892578125 -1.598757028579712
245.82545471191406 272.34014892578125 -1.998757004737854
245.807861328125 272.2656555175781 -1.606461763381958
245.807861328125 272.2656555175781 -2.0064618587493896
245.78970336914062 272.1912841796875 -1.6141666173934937
245.78970336914062 272.1912841796875 -2.0141665935516357
245.77096557617188 272.1170654296875 -1.6218713521957397
245.77096557617188 272.1170654296875 -2.021871328353882
245.7516632080078 272.0429992675781 -1.6295760869979858
245.7516632080078 272.0429992675781 -2.029576063156128
245.73178100585938 271.96905517578125 -1.637280821800232
245.73178100585938 271.96905517578125 -2.037280797958374
245.71133422851562 271.8952941894531 -1.644985556602478
245.71133422851562 271.8952941894531 -2.04498553276062
245.69032287597656 271.8216857910156 -1.6526902914047241
245.69032287597656 271.8216857910156 -2.052690267562866
245.6687469482422 271.74822998046875 -1.6603950262069702
245.6687469482422 271.74822998046875 -2.0603950023651123
245.6466064453125 271.6749572753906 -1.6680997610092163
245.6466064453125 271.6749572753906 -2.0680997371673584
245.6239013671875 271.6018371582031 -1.6758044958114624
245.6239013671875 271.6018371582031 -2.0758044719696045
245.6006317138672 271.5289001464844 -1.6835092306137085
245.6006317138672 271.5289001464844 -2.0835092067718506
245.57679748535156 271.4561462402344 -1.6912139654159546
245.57679748535156 271.4561462402344 -2.0912139415740967
245.55239868164062 271.3835754394531 -1.6989187002182007
245.55239868164062 271.3835754394531 -2.0989186763763428
245.52745056152344 271.3111877441406 -1.7066234350204468
245.52745056152344 271.3111877441406 -2.106623411178589
245.50193786621094 271.239013671875 -1.7143281698226929
245.50193786621094 271.239013671875 -2.114328145980835
245.4758758544922 271.1670227050781 -1.722032904624939
245.4758758544922 271.1670227050781 -2.122032880783081
245.4492645263672 271.0952453613281 -1.729737639427185
245.4492645263672 271.0952453613281 -2.129737615585327
245.42210388183594 271.023681640625 -1.7374423742294312
245.42210388183594 271.023681640625 -2.1374423503875732
245.39437866210938 270.95233154296875 -1.7451471090316772
245.39437866210938 270.95233154296875 -2.1451470851898193
245.36610412597656 270.8811950683594 -1.7528518438339233
245.36610412597656 270.8811950683594 -2.1528518199920654
245.33729553222656 270.8102722167969 -1.7605565786361694
245.33729553222656 270.8102722167969 -2.1605565547943115
245.3079376220703 270.73956298828125 -1.7682613134384155
245.3079376220703 270.73956298828125 -2.1682612895965576
245.2780303955078 270.6690979003906 -1.7759660482406616
245.2780303955078 270.6690979003906 -2.1759660243988037
245.24758911132812 270.5988464355469 -1.7836707830429077
245.24758911132812 270.5988464355469 -2.18367075920105
245.2165985107422 270.5288391113281 -1.7913755178451538
245.2165985107422 270.5288391113281 -2.191375494003296
245.18507385253906 270.4590759277344 -1.7990802526474
244.27984619140625 266.5628662109375 -1.7990802526474
243.37461853027344 262.6666564941406 -1.7990802526474
243.37216186523438 262.59014892578125 -1.4067844152450562
243.37216186523438 262.59014892578125 -1.8067843914031982
243.36911010742188 262.5136413574219 -1.4144891500473022
243.36911010742188 262.5136413574219 -1.8144891262054443
243.365478515625 262.4371643066406 -1.4221938848495483
243.95770263671875 258.48126220703125 -1.4221938848495483
244.5499267578125 254.5253448486328 -1.4221938848495483
245.14215087890625 250.56942749023438 -1.4221938848495483
245.734375 246.61351013183594 -1.4221938848495483
246.32659912109375 242.6575927734375 -1.4221938848495483
246.9188232421875 238.70167541503906 -1.4221938848495483
247.51104736328125 234.74575805664062 -1.4221938848495483
248.103271484375 230.7898406982422 -1.4221938848495483
248.69549560546875 226.83392333984375 -1.4221938848495483
249.2877197265625 222.8780059814453 -1.4221938848495483
249.87994384765625 218.92208862304688 -1.4221938848495483
250.47216796875 214.96617126464844 -1.4221938848495483
251.06439208984375 211.01025390625 -1.4221938848495483
251.6566162109375 207.05433654785156 -1.4221938848495483
252.24884033203125 203.09841918945312 -1.4221938848495483
252.27471923828125 203.0263671875 -1.0298986434936523
252.326171875 202.9696807861328 -0.6376034021377563
255.54026794433594 200.58859252929688 -0.6376034021377563
258.7543640136719 198.20750427246094 -0.6376034021377563
261.9684753417969 195.826416015625 -0.6376034021377563
262.0376892089844 195.793701171875 -0.24530813097953796
265.9179382324219 194.82228088378906 -0.24530813097953796
269.7981872558594 193.85086059570312 -0.24530813097953796
273.6784362792969 192.8794403076172 -0.24530813097953796
277.5586853027344 191.90802001953125 -0.24530813097953796
281.4389343261719 190.9365997314453 -0.24530813097953796
285.3191833496094 189.96517944335938 -0.24530813097953796
289.1994323730469 188.99375915527344 -0.24530813097953796
293.0796813964844 188.0223388671875 -0.24530813097953796
296.9599304199219 187.05091857910156 -0.24530813097953796
300.8401794433594 186.07949829101562 -0.24530813097953796
304.7204284667969 185.1080780029297 -0.24530813097953796
308.6006774902344 184.13665771484375 -0.24530813097953796
312.4809265136719 183.1652374267578 -0.24530813097953796
316.3611755371094 182.19381713867188 -0.24530813097953796
320.2414245605469 181.22239685058594 -0.24530813097953796
324.1216735839844 180.2509765625 -0.24530813097953796
328.0019226074219 179.27955627441406 -0.24530813097953796
331.8821716308594 178.30813598632812 -0.24530813097953796
335.7624206542969 177.3367156982422 -0.24530813097953796
339.6426696777344 176.36529541015625 -0.24530813097953796
343.5229187011719 175.3938751220703 -0.24530813097953796
347.4031677246094 174.42245483398438 -0.24530813097953796
351.2834167480469 173.45103454589844 -0.24530813097953796
355.1636657714844 172.4796142578125 -0.24530813097953796
359.0439147949219 171.50819396972656 -0.24530813097953796
362.9241638183594 170.53677368164062 -0.24530813097953796
366.8044128417969 169.5653533935547 -0.24530813097953796
370.6846618652344 168.59393310546875 -0.24530813097953796
374.5649108886719 167.6225128173828 -0.24530813097953796
378.4451599121094 166.65109252929688 -0.24530813097953796
382.3254089355469 165.67967224121094 -0.24530813097953796
386.2056579589844 164.708251953125 -0.24530813097953796
390.0859069824219 163.73683166503906 -0.24530813097953796
393.9661560058594 162.76541137695312 -0.24530813097953796
397.8464050292969 161.7939910888672 -0.24530813097953796
401.7266540527344 160.82257080078125 -0.24530813097953796
405.6069030761719 159.8511505126953 -0.24530813097953796
409.4871520996094 158.87973022460938 -0.24530813097953796
413.3674011230469 157.90830993652344 -0.24530813097953796
417.2476501464844 156.9368896484375 -0.24530813097953796
421.1278991699219 155.96546936035156 -0.24530813097953796
425.0081481933594 154.99404907226562 -0.24530813097953796
428.8883972167969 154.0226287841797 -0.24530813097953796
432.7686462402344 153.05120849609375 -0.24530813097953796
436.6488952636719 152.0797882080078 -0.24530813097953796
440.5291442871094 151.10836791992188 -0.24530813097953796
444.4093933105469 150.13694763183594 -0.24530813097953796
448.2896423339844 149.16552734375 -0.24530813097953796
452.1698913574219 148.19410705566406 -0.24530813097953796
456.0501403808594 147.22268676757812 -0.24530813097953796
459.9303894042969 146.2512664794922 -0.24530813097953796
463.8106384277344 145.27984619140625 -0.24530813097953796
467.6908874511719 144.3084259033203 -0.24530813097953796
471.5711364746094 143.33700561523438 -0.24530813097953796
475.4513854980469 142.36558532714844 -0.24530813097953796
479.3316345214844 141.3941650390625 -0.24530813097953796
483.2118835449219 140.42274475097656 -0.24530813097953796
487.0921325683594 139.45132446289062 -0.24530813097953796
490.9723815917969 138.4799041748047 -0.24530813097953796
494.8526306152344 137.50848388671875 -0.24530813097953796
498.7328796386719 136.5370635986328 -0.24530813097953796
502.6131286621094 135.56564331054688 -0.24530813097953796
506.4933776855469 134.59422302246094 -0.24530813097953796
510.3736267089844 133.622802734375 -0.24530813097953796
514.25390625 132.65138244628906 -0.24530813097953796
518.1341552734375 131.67996215820312 -0.24530813097953796
518.1341552734375 131.67996215820312 -0.6453081369400024
518.1341552734375 131.67996215820312 -1.0453081130981445
520.1406860351562 128.2196502685547 -1.0453081130981445
522.147216796875 124.75933074951172 -1.0453081130981445
524.1537475585938 121.29901123046875 -1.0453081130981445
526.1602783203125 117.83869171142578 -1.0453081130981445
526.1602783203125 117.83869171142578 -1.4453080892562866
526.660888671875 113.87014770507812 -1.4453080892562866
527.1614990234375 109.90160369873047 -1.4453080892562866
527.662109375 105.93305969238281 -1.4453080892562866
528.1627197265625 101.96451568603516 -1.4453080892562866
528.663330078125 97.9959716796875 -1.4453080892562866
529.1639404296875 94.02742767333984 -1.4453080892562866
529.66455078125 90.05888366699219 -1.4453080892562866
529.66455078125 90.05888366699219 -1.8453080654144287
528.5802612304688 86.20865631103516 -1.8453080654144287
527.4959716796875 82.35842895507812 -1.8453080654144287
526.4116821289062 78.5082015991211 -1.8453080654144287
526.4116821289062 78.5082015991211 -2.2453081607818604
526.4116821289062 78.5082015991211 -2.645308256149292
522.8942260742188 76.60355377197266 -2.645308256149292
519.3767700195312 74.69890594482422 -2.645308256149292
515.8593139648438 72.79425811767578 -2.645308256149292
512.3418579101562 70.88961029052734 -2.645308256149292
508.8244323730469 68.9849624633789 -2.645308256149292
508.8244323730469 68.9849624633789 -3.0453083515167236
504.84295654296875 68.60041809082031 -3.0453083515167236
500.8614807128906 68.21587371826172 -3.0453083515167236
496.8800048828125 67.83132934570312 -3.0453083515167236
492.8985290527344 67.44678497314453 -3.0453083515167236
488.91705322265625 67.06224060058594 -3.0453083515167236
484.9355773925781 66.67769622802734 -3.0453083515167236
480.9541015625 66.29315185546875 -3.0453083515167236
476.9726257324219 65.90860748291016 -3.0453083515167236
472.99114990234375 65.52406311035156 -3.0453083515167236
469.0096740722656 65.13951873779297 -3.0453083515167236
465.0281982421875 64.75497436523438 -3.0453083515167236
461.0467224121094 64.37042999267578 -3.0453083515167236
457.06524658203125 63.98588943481445 -3.0453083515167236
453.0837707519531 63.601348876953125 -3.0453083515167236
449.102294921875 63.2168083190918 -3.0453083515167236
445.1208190917969 62.83226776123047 -3.0453083515167236
441.13934326171875 62.44772720336914 -3.0453083515167236
437.1578674316406 62.06318664550781 -3.0453083515167236
433.1763916015625 61.678646087646484 -3.0453083515167236
429.1949157714844 61.294105529785156 -3.0453083515167236
429.1216125488281 61.272037506103516 -2.653012990951538
425.589599609375 59.39455032348633 -2.653012990951538
422.0575866699219 57.51706314086914 -2.653012990951538
422.0575866699219 57.51706314086914 -3.0530130863189697
421.9841003417969 57.49555969238281 -2.660717725753784
421.9841003417969 57.49555969238281 -3.060717821121216
421.91046142578125 57.47462463378906 -2.6684224605560303
421.91046142578125 57.47462463378906 -3.068422555923462
421.836669921875 57.454254150390625 -2.6761271953582764
418.26220703125 55.658897399902344 -2.6761271953582764
418.26220703125 55.658897399902344 -3.076127290725708
418.1882629394531 55.63909912109375 -2.6838319301605225
418.1882629394531 55.63909912109375 -3.083832025527954
418.1141662597656 55.619869232177734 -2.6915366649627686
418.1141662597656 55.619869232177734 -3.0915367603302
418.0399169921875 55.60121154785156 -2.6992413997650146
418.0399169921875 55.60121154785156 -3.0992414951324463
417.96551513671875 55.583126068115234 -2.7069461345672607
417.96551513671875 55.583126068115234 -3.1069462299346924
417.8909912109375 55.56561279296875 -2.714650869369507
417.8909912109375 55.56561279296875 -3.1146509647369385
417.81634521484375 55.548675537109375 -2.722355604171753
417.81634521484375 55.548675537109375 -3.1223556995391846
417.7415466308594 55.53231430053711 -2.730060338973999
414.07550048828125 53.93225860595703 -2.730060338973999
414.07550048828125 53.93225860595703 -3.1300604343414307
414.0005798339844 53.916473388671875 -2.737765073776245
414.0005798339844 53.916473388671875 -3.1377651691436768
413.925537109375 53.901268005371094 -2.745469808578491
410.23529052734375 52.35789108276367 -2.745469808578491
410.23529052734375 52.35789108276367 3.1377153396606445
410.16015625 52.34326171875 -2.7531745433807373
410.16015625 52.34326171875 3.1300106048583984
410.08489990234375 52.3292121887207 -2.7608792781829834
410.08489990234375 52.3292121887207 3.1223058700561523
410.0095520019531 52.31574249267578 -2.7685840129852295
410.0095520019531 52.31574249267578 3.1146011352539062
409.93408203125 52.3028564453125 -2.7762887477874756
409.93408203125 52.3028564453125 3.10689640045166
409.8585205078125 52.290550231933594 -2.7839934825897217
409.8585205078125 52.290550231933594 3.099191665649414
409.7828674316406 52.27882766723633 -2.7916982173919678
409.7828674316406 52.27882766723633 3.091486930847168
409.7071228027344 52.2676887512207 -2.799402952194214
405.93902587890625 50.92548751831055 -2.799402952194214
405.93902587890625 50.92548751831055 3.083782196044922
405.8631896972656 50.91493225097656 -2.80710768699646
405.8631896972656 50.91493225097656 3.076077461242676
405.78729248046875 50.90496063232422 -2.814812421798706
401.99896240234375 49.62097930908203 -2.814812421798706
401.99896240234375 49.62097930908203 3.0683727264404297
401.9229736328125 49.61159133911133 -2.822517156600952
401.9229736328125 49.61159133911133 3.0606679916381836
401.846923828125 49.60279083251953 -2.8302218914031982
401.846923828125 49.60279083251953 3.0529632568359375
401.77081298828125 49.594573974609375 -2.8379266262054443
401.77081298828125 49.594573974609375 3.0452585220336914
401.69464111328125 49.586944580078125 -2.8456313610076904
401.69464111328125 49.586944580078125 3.0375537872314453
401.618408203125 49.57990264892578 -2.8533360958099365
397.783447265625 48.442779541015625 -2.8533360958099365
397.783447265625 48.442779541015625 3.029849052429199
397.7071533203125 48.43632507324219 -2.8610408306121826
397.7071533203125 48.43632507324219 3.022144317626953
397.6308288574219 48.430458068847656 -2.8687455654144287
397.6308288574219 48.430458068847656 3.014439582824707
397.554443359375 48.4251823425293 -2.876450300216675
393.6942138671875 47.37699508666992 -2.876450300216675
393.6942138671875 47.37699508666992 3.006734848022461
393.6177978515625 47.37230682373047 -2.884155035018921
393.6177978515625 47.37230682373047 2.999030113220215
393.5413513183594 47.36820602416992 -2.891859769821167
389.6654357910156 46.3796272277832 -2.891859769821167
389.6654357910156 46.3796272277832 2.9913253784179688
389.5889587402344 46.37611770629883 -2.899564504623413
389.5889587402344 46.37611770629883 2.9836206436157227
389.512451171875 46.37319564819336 -2.907269239425659
389.512451171875 46.37319564819336 2.9759159088134766
389.4359436035156 46.37086486816406 -2.9149739742279053
389.4359436035156 46.37086486816406 2.9682111740112305
389.3594055175781 46.36912155151367 -2.9226787090301514
389.3594055175781 46.36912155151367 2.9605064392089844
389.2828674316406 46.36796951293945 -2.9303834438323975
385.37176513671875 45.52939987182617 -2.9303834438323975
385.37176513671875 45.52939987182617 2.9528017044067383
385.29522705078125 45.52883529663086 -2.9380881786346436
385.29522705078125 45.52883529663086 2.945096969604492
385.2186584472656 45.52886199951172 -2.9457929134368896
381.2950744628906 44.75065612792969 -2.9457929134368896
381.2950744628906 44.75065612792969 2.937392234802246
381.2185363769531 44.75127410888672 -2.9534976482391357
381.2185363769531 44.75127410888672 2.9296875
381.1419982910156 44.752479553222656 -2.961202383041382
381.1419982910156 44.752479553222656 2.921982765197754
381.0654602050781 44.754276275634766 -2.968907117843628
381.0654602050781 44.754276275634766 2.914278030395508
380.98895263671875 44.75666046142578 -2.976611852645874
380.98895263671875 44.75666046142578 2.9065732955932617
380.9124450683594 44.75963592529297 -2.98431658744812
376.9618225097656 44.133121490478516 -2.98431658744812
376.9618225097656 44.133121490478516 2.8988685607910156
376.8853454589844 44.13668441772461 -2.992021322250366
372.92999267578125 43.540626525878906 -2.992021322250366
372.92999267578125 43.540626525878906 2.8911638259887695
372.8535461425781 43.54478073120117 -2.9997260570526123
368.89373779296875 42.979217529296875 -2.9997260570526123
368.89373779296875 42.979217529296875 2.8834590911865234
365.0262756347656 44.00032424926758 2.8834590911865234
364.9498596191406 44.00506591796875 -3.0074307918548584
364.9498596191406 44.00506591796875 2.8757543563842773
364.8735046386719 44.01039505004883 -3.0151355266571045
364.8735046386719 44.01039505004883 2.8680496215820312
364.79718017578125 44.01631546020508 -3.0228402614593506
364.79718017578125 44.01631546020508 2.860344886779785
364.7209167480469 44.022823333740234 -3.0305449962615967
364.7209167480469 44.022823333740234 2.852640151977539
364.6446838378906 44.0299186706543 -3.0382497310638428
360.666015625 43.61728286743164 -3.0382497310638428
360.666015625 43.61728286743164 2.844935417175293
360.58984375 43.62496566772461 -3.045954465866089
360.58984375 43.62496566772461 2.837230682373047
360.51373291015625 43.63323211669922 -3.053659200668335
360.51373291015625 43.63323211669922 2.829525947570801
360.43768310546875 43.642086029052734 -3.061363935470581
360.43768310546875 43.642086029052734 2.8218212127685547
360.3617248535156 43.651527404785156 -3.069068670272827
360.3617248535156 43.651527404785156 2.8141164779663086
360.28582763671875 43.66155242919922 -3.0767734050750732
356.2942199707031 43.40245819091797 -3.0767734050750732
356.2942199707031 43.40245819091797 2.8064117431640625
356.2184143066406 43.41306686401367 -3.0844781398773193
352.2249450683594 43.18473434448242 -3.0844781398773193
348.2314758300781 42.95640182495117 -3.0844781398773193
348.2314758300781 42.95640182495117 2.7987070083618164
348.1557312011719 42.967594146728516 -3.0921828746795654
348.1557312011719 42.967594146728516 2.7910022735595703
348.080078125 42.9793701171875 -3.0998876094818115
348.080078125 42.9793701171875 2.783297538757324
348.0045166015625 42.991729736328125 -3.1075923442840576
344.0068359375 42.85575485229492 -3.1075923442840576
344.0068359375 42.85575485229492 2.775592803955078
343.931396484375 42.86869430541992 -3.1152970790863037
343.931396484375 42.86869430541992 2.767888069152832
343.8560485839844 42.88221740722656 -3.12300181388855
343.8560485839844 42.88221740722656 2.760183334350586
343.7807922363281 42.89632034301758 -3.130706548690796
339.7810363769531 42.85277557373047 -3.130706548690796
339.7810363769531 42.85277557373047 2.75247859954834
339.7059020996094 42.867454528808594 -3.138411283493042
335.7059326171875 42.85472869873047 -3.138411283493042
335.7059326171875 42.85472869873047 2.7447738647460938
335.63092041015625 42.86998748779297 3.1370692253112793
335.63092041015625 42.86998748779297 2.7370691299438477
335.5560302734375 42.885826110839844 3.129364490509033
331.55633544921875 42.93473815917969 3.129364490509033
331.55633544921875 42.93473815917969 2.7293643951416016
331.4815673828125 42.95115280151367 3.121659755706787
327.48236083984375 43.030879974365234 3.121659755706787
327.48236083984375 43.030879974365234 2.7216596603393555
327.40771484375 43.04787063598633 3.113955020904541
323.40924072265625 43.15840530395508 3.113955020904541
323.40924072265625 43.15840530395508 2.7139549255371094
323.334716796875 43.175968170166016 3.106250286102295
319.33721923828125 43.31730651855469 3.106250286102295
315.3397216796875 43.45864486694336 3.106250286102295
315.3397216796875 43.45864486694336 2.7062501907348633
315.2653503417969 43.476783752441406 3.098545551300049
315.2653503417969 43.476783752441406 2.698545455932617
315.1911315917969 43.4954948425293 3.0908408164978027
315.1911315917969 43.4954948425293 2.690840721130371
315.1170349121094 43.514774322509766 3.0831360816955566
315.1170349121094 43.514774322509766 2.683135986328125
315.0430908203125 43.53462600708008 3.0754313468933105
311.0518493652344 43.79907989501953 3.0754313468933105
307.06060791015625 44.063533782958984 3.0754313468933105
307.06060791015625 44.063533782958984 2.675431251525879
306.98681640625 44.083953857421875 3.0677266120910645
302.9977111816406 44.379150390625 3.0677266120910645
302.9977111816406 44.379150390625 2.667726516723633
302.9241027832031 44.40013885498047 3.0600218772888184
302.9241027832031 44.40013885498047 2.6600217819213867
302.85064697265625 44.42169189453125 3.0523171424865723
298.8665771484375 44.7783203125 3.0523171424865723
294.88250732421875 45.13494873046875 3.0523171424865723
290.8984375 45.4915771484375 3.0523171424865723
286.91436767578125 45.84820556640625 3.0523171424865723
286.91436767578125 45.84820556640625 2.6523170471191406
286.841064453125 45.87032699584961 3.044612407684326
286.841064453125 45.87032699584961 2.6446123123168945
286.7679443359375 45.89301300048828 3.03690767288208
282.78985595703125 46.31098937988281 3.03690767288208
282.78985595703125 46.31098937988281 2.6369075775146484
282.7169189453125 46.33423614501953 3.029202938079834
278.7421569824219 46.7828483581543 3.029202938079834
274.76739501953125 47.23146057128906 3.029202938079834
274.76739501953125 47.23146057128906 2.6292028427124023
274.69464111328125 47.25526809692383 3.021498203277588
274.69464111328125 47.25526809692383 2.6214981079101562
274.6220703125 47.27963638305664 3.013793468475342
274.6220703125 47.27963638305664 2.61379337310791
274.5496826171875 47.304561614990234 3.0060887336730957
270.5863342285156 47.84492111206055 3.0060887336730957
266.62298583984375 48.38528060913086 3.0060887336730957
262.6596374511719 48.92564010620117 3.0060887336730957
258.6962890625 49.465999603271484 3.0060887336730957
254.7329559326172 50.0063591003418 3.0060887336730957
250.76962280273438 50.54671859741211 3.0060887336730957
246.80628967285156 51.08707809448242 3.0060887336730957
242.84295654296875 51.627437591552734 3.0060887336730957
238.87962341308594 52.16779708862305 3.0060887336730957
234.91629028320312 52.70815658569336 3.0060887336730957
230.9529571533203 53.24851608276367 3.0060887336730957
226.9896240234375 53.788875579833984 3.0060887336730957
223.0262908935547 54.3292350769043 3.0060887336730957
219.06295776367188 54.86959457397461 3.0060887336730957
215.09962463378906 55.40995407104492 3.0060887336730957
211.13629150390625 55.950313568115234 3.0060887336730957
207.17295837402344 56.49067306518555 3.0060887336730957
203.20962524414062 57.03103256225586 3.0060887336730957
199.2462921142578 57.57139205932617 3.0060887336730957
195.282958984375 58.111751556396484 3.0060887336730957
191.3196258544922 58.6521110534668 3.0060887336730957
187.35629272460938 59.19247055053711 3.0060887336730957
183.39295959472656 59.73283004760742 3.0060887336730957
179.42962646484375 60.273189544677734 3.0060887336730957
175.46629333496094 60.81354904174805 3.0060887336730957
171.50296020507812 61.35390853881836 3.0060887336730957
167.5396270751953 61.89426803588867 3.0060887336730957
163.5762939453125 62.434627532958984 3.0060887336730957
159.6129608154297 62.9749870300293 3.0060887336730957
155.64962768554688 63.51534652709961 3.0060887336730957
151.68629455566406 64.05570220947266 3.0060887336730957
147.72296142578125 64.59606170654297 3.0060887336730957
143.75962829589844 65.13642120361328 3.0060887336730957
139.79629516601562 65.6767807006836 3.0060887336730957
135.8329620361328 66.2171401977539 3.0060887336730957
131.86962890625 66.75749969482422 3.0060887336730957
127.90629577636719 67.29785919189453 3.0060887336730957
123.94296264648438 67.83821868896484 3.0060887336730957
119.97962951660156 68.37857818603516 3.0060887336730957
116.01629638671875 68.91893768310547 3.0060887336730957
112.05296325683594 69.45929718017578 3.0060887336730957
108.08963012695312 69.9996566772461 3.0060887336730957
104.12629699707031 70.5400161743164 3.0060887336730957
104.04988098144531 70.5353775024414 -2.884801149368286
100.18104553222656 69.51946258544922 -2.884801149368286
96.31221008300781 68.50354766845703 -2.884801149368286
96.31221008300781 68.50354766845703 2.9983839988708496
92.35315704345703 69.07442474365234 2.9983839988708496
92.2767105102539 69.07037353515625 -2.8925058841705322
92.2767105102539 69.07037353515625 2.9906792640686035
92.20023345947266 69.06690979003906 -2.9002106189727783
92.20023345947266 69.06690979003906 2.9829745292663574
92.12373352050781 69.06404113769531 -2.9079153537750244
92.12373352050781 69.06404113769531 2.9752697944641113
92.04721069335938 69.06175994873047 -2.9156200885772705
92.04721069335938 69.06175994873047 2.9675650596618652
91.97067260742188 69.06006622314453 -2.9233248233795166
91.97067260742188 69.06006622314453 2.959860324859619
91.89412689208984 69.0589599609375 -2.9310295581817627
