-392.83861260070745
-395.6972973447963
-398.57562242630917
-401.47316538979356
-404.3895131339564
-407.324261745324
-410.2770163548833
-413.2473909909103
-416.23500842860443
-419.2395000371072
-422.2605056244355
-425.29767328082255
-428.3506592209188
-431.41912762526795
-434.50275048143925
-437.6012074251642
-440.7141855817944
-443.8413794083695
-446.9824905365546
-450.1372276166848
-453.3053061631269
-456.4864484011485
-459.6803831154639
-462.8868455006061
-466.1055758558366
-469.33632403122084
-472.57884245426635
-472.57884245426635
-474.67406126798704
-476.79363094814596
-478.9372281955439
-481.1045318404161
-481.1045318404161
-481.82139837203937
-482.57035682791724
-483.3512580276311
-484.16394741120314
-485.0082651839423
-485.88404646449413
-485.88404646449413
-485.20260157364186
-484.5532196112522
-483.93602965072887
-483.35115500976354
-482.79871313117064
-482.2788154684352
-481.79156737622554
-481.79156737622554
-479.82363336891706
-477.8810768545525
-475.96420855332536
-474.0733111576858
-472.20872606003405
-470.3707661722594
-468.5597448124691
-466.7759755332141
-465.01977194335615
-463.2914475236166
-461.5913154358678
-459.91968832624605
-458.2768781221867
-456.6631958235014
-455.0789512876412
-453.52445300931106
-452.0000078946239
-450.50592103000713
-449.0424954460989
-447.61003187689414
-446.2088353009437
-444.83918766086475
-443.501387984233
-442.19572532546493
-440.9224851777199
-439.68194921043664
-438.47439500464685
-437.90020591124704
-437.70505473345423
-437.89352441527234
-438.4611793580869
-439.39470014542616
-440.67232021942937
-442.94204013974127
-444.5489510268291
-447.30345290615634
-450.0766471273635
-452.86819029599775
-454.78378696759864
-457.9823850425202
-460.1326555985318
-463.658864116575
-465.99135819043516
-469.7607809764603
-472.22077571785115
-476.14669283214766
-480.07383323487807
-484.00216714915933
-487.93166574813677
-491.86230111773716
-495.79404622114515
-499.7268748649105
-503.6607616666005
-507.5956820239173
-511.53161208520316
-515.4685287212626
-519.4064094984341
-523.3452326528467
-527.2849770658033
-531.225622240233
-535.1671482781582
-539.1095358591284
-543.0527662195718
-546.9968211330195
-550.9416828911599
-554.8873342856851
-558.8337585908885
-562.780939546979
-566.7288613440795
-570.677508606874
-574.6268663798761
-578.5769201132886
-582.5276556494264
-582.5276556494264
-585.9277041395966
-589.3352858956176
-592.7502709965885
-596.1725322193885
-599.6019449774286
-603.0383872607462
-606.4817395774229
-606.4817395774229
-608.8745184569046
-611.2841059112342
-613.7103039558366
-616.1529163703867
-618.6117487165914
-621.0866083542332
-623.5773044555335
-626.0836480178928
-628.6054518750652
-631.1425307068257
-633.6947010471816
-636.2617812911885
-638.8435917004214
-641.4399544071542
-644.0506934173028
-646.6756346121787
-649.3146057491072
-651.9674364609568
-654.6339582546296
-657.3139835137451
-660.007389375208
-662.7139920549029
-662.7139920549029
-664.0790624275387
-664.0790624275387
-663.895538970886
-663.7360710772235
-663.7360710772235
-662.0535594701552
-660.3909895394248
-658.748512273314
-657.1262783357805
-655.5244380160424
-655.5244380160424
-652.6352595521066
-649.7578589236524
-646.892393295406
-644.0390219713969
-641.1979064129067
-638.3692102558846
-635.5530993277863
-635.5530993277863
-631.8583334445183
-628.1673065716595
-624.4800850081473
-620.7967365588778
-620.7967365588778
-616.7967497314843
-612.7967629920192
-608.7967763422158
-604.796789783853
-600.7968033187572
-596.7968169488037
-592.7968306759184
-588.7968445020797
-584.7968584293201
-580.7968724597279
-576.7968865954493
-572.7969008386909
-568.796915191721
-564.7969296568721
-560.7969442365434
-556.796958933203
-552.7969737493904
-548.7969886877194
-544.7970037508801
-540.7970189416426
-536.7970342628594
-532.7970497174686
-528.7970653084973
-524.7970810390647
-520.7970969123862
-516.7971129317765
-512.7971291006537
-511.2346576480813
-507.35058476228187
-503.46832720485844
-499.5879272961248
-495.7094286609529
-491.832876278568
-487.95831653459965
-484.08579727550625
-480.2153678654975
-476.3470792460874
-472.4809839984166
-468.6171364084932
-464.7555925355081
-460.89641028339184
-457.0396494757897
-453.1853719346415
-449.3336415625661
-445.4845244292605
-441.6380888621392
-437.7944055414502
-433.95354760012196
-430.11559072861036
-426.280613285031
-422.4486964108819
-418.61992415267974
-414.794383589855
-410.9721649692724
-407.1533618467671
-403.3380712361141
-399.526393765873
-395.71843384458197
-391.9142998348041
-388.1141042365651
-384.31796388075384
-380.5260001331001
-376.73833910938026
-372.9551119025495
-369.1764548225451
-365.4025096495544
-361.63342390159863
-357.86935111733794
-354.1104511550687
-350.3568905089475
-346.60884264355053
-342.8664883479502
-339.13001611057547
-335.39962251620653
-331.6755126665505
-327.95790062594153
-324.2470098938175
-320.5430739057364
-318.12111052721804
-314.2442598966719
-311.7347491900573
-307.7579479791247
-303.7817459760682
-299.8061772075043
-297.2580034383826
-294.72217356256493
-290.7867910878018
-288.3189434611035
-284.53539556747177
-282.1934932041502
-278.6536291972803
-276.5135834197736
-273.31375914314356
-270.135262386525
-266.97885489058007
-263.84532942446094
-260.73551097978094
-257.65025798364894
-254.59046352635144
-251.55705659840348
-248.55100333072582
-245.57330823063168
-242.6250154051132
-239.70720976160533
-236.82101817496127
-235.132269111861
-232.7418705051732
-230.39612089660704
-229.07951859051187
-228.11510922974347
-227.52764494289934
-227.33235915598812
-227.53436314626327
-228.12837754790544
-229.09898558890038
-230.42129737670246
-232.7754507508537
-235.17407758733668
-237.61581815145655
-240.09936939143455
-242.62344735863854
-245.1868004478679
-247.78820976628853
-250.42648934198007
-253.10048618831723
-255.80908023958668
-258.55118417236287
-260.43918529895126
-263.6161223792845
-266.8151995870776
-270.0356300497915
-273.27665885577824
-276.5375617663189
-279.8176439634169
-283.11623883505547
-286.43270679912325
-289.76643416677945
-293.1168320456576
-296.48333528299304
-299.86540144849454
-303.2625098565591
-306.6741606272464
-310.0998737852796
-313.53918839621986
-316.99166173886636
-320.45686851286115
-323.934400080424
-327.4238637411038
-330.9248820384096
-334.43709209717065
-337.9601449904725
-341.49370513502106
-345.0374497137983
-348.59106812489154
-352.1542614553988
-355.72674197933964
-359.3082326785286
-362.898466785399
-366.49718734679635
-370.10414680779496
-373.7191066146239
-377.3418368358233
-380.97211580078573
-384.60972975487135
-388.2544725303197
-391.9061452322125
-395.5645559387759
-399.2295194153404
-402.90085684130787
-406.57839554950544
-410.26196877733366
-413.95141542914354
-417.64657984930574
-421.3473116054586
-425.0534652814466
-428.76490027948677
-432.4814806311181
-436.2030748165169
-439.9295555917756
-443.6607998237665
-447.3966883322283
-451.1371057387316
-454.8819403221979
-458.631053723005
-462.38437125586665
-466.1417913672999
-469.90321564272216
-469.90321564272216
-469.90321564272216
-471.5670984674952
-473.258940142341
-474.97844190465037
-476.7253044527894
-478.49922812786014
-478.49922812786014
-478.7686555228889
-479.0713305899643
-479.407190356059
-479.77616512989675
-479.77616512989675
-478.59599886156093
-477.44642814314363
-476.32767449288775
-475.2399555485254
-474.18348487956854
-473.1584717999934
-473.1584717999934
-473.1584717999934
-469.68292814123475
-466.21579362706916
-462.7572572700357
-459.3075132696792
-455.86676129771126
-455.86676129771126
-451.90477057900597
-447.9434556448667
-443.9828345838004
-440.0229261323426
-436.0637497041835
-432.105325420872
-428.14767414419487
-424.19081751034014
-420.23477796595887
-416.2795788062488
-412.32524421519247
-408.37179930809305
-404.4192701765604
-400.4676839361139
-396.51706877657824
-392.5674540154663
-390.80267517659934
-386.8107021245579
-382.8188965577472
-378.82726377067894
-374.8358092831564
-370.8445388523724
-366.8534584857958
-362.86257445490435
-360.31246091458297
-357.7909067830492
-353.89083369549525
-349.99301597497504
-346.09752988315887
-342.2044550463763
-338.31387470564846
-334.4258759209721
-330.5405497893838
-326.65799167787895
-322.7783014723586
-318.90158384387934
-318.90158384387934
-316.3591188723622
-312.35917916359045
-308.3592409896649
-304.359304411099
-300.3593694916299
-296.3594362984355
-292.35950490237036
-288.35957537822003
-284.3596478049781
-280.35972226614626
-276.35979885006014
-272.3598776502449
-268.3599587658015
-264.3600423018285
-260.36012836988317
-256.360217088485
-252.36030858366743
-248.3604029895832
-244.36050044916854
-240.3606011148741
-236.36070514947014
-232.36081272693445
-228.3609240334341
-224.3610392684118
-220.3611586457908
-216.3612823953134
-212.3614107640306
-208.36154401796347
-204.36168244395944
-200.3618263517712
-196.36197607638942
-192.36213198066648
-188.36229445827468
-184.3624639370493
-180.36264088277665
-176.3628258034972
-172.36301925440839
-168.3632218434656
-164.36343423780144
-160.3636571711052
-156.36389145213496
-152.36413797457044
-148.3643977284592
-144.36467181356574
-140.3649614550022
-136.36526802161015
-132.36559304767422
-128.36593825869477
-124.36630560213318
-120.36669728428595
-116.36711581476224
-112.36756406045855
-108.3680453114839
-104.36856336224048
-100.36912261188594
-96.36972818980651
-92.37038611367926
-88.3711034904442
-84.37188877441949
-80.37275210245596
-76.37370573435774
-72.3747646392671
-68.37594728774113
-64.37727673891003
-60.37878215943137
-56.38050098845819
-52.38248209352636
-48.38479049002168
-44.38751460899317
-40.390777876632676
-36.39475791526829
-32.39971993487129
-28.406078256612886
-24.414518096803427
-20.42625976024676
-16.44370589625761
-12.472322210709843
-8.527728945535387
-4.67819222829561
-1.7460773169754449
-4.026421660039375
-7.834241423878872
-11.770241624810106
-15.738545645669188
-19.719661054156585
-23.707134518039815
-27.698220230506816
-31.691555389442648
-35.68638360025899
-39.682253947146506
-39.682253947146506
-39.682253947146506
-39.682253947146506
-39.682253947146506
-39.682253947146506
-39.682253947146506
-39.682253947146506
-39.682253947146506
-39.682253947146506
-39.682253947146506
