-392.83861260070745
-395.6972973447963
-398.57562242630917
-401.47316538979356
-404.3895131339564
-407.324261745324
-410.2770163548833
-413.2473909909103
-416.23500842860443
-419.2395000371072
-422.2605056244355
-425.29767328082255
-428.3506592209188
-431.41912762526795
-434.50275048143925
-437.6012074251642
-440.7141855817944
-443.8413794083695
-446.9824905365546
-450.1372276166848
-453.3053061631269
-456.4864484011485
-459.6803831154639
-462.8868455006061
-466.1055758558366
-469.33632403122084
-472.57884245426635
-475.8328905033011
-475.8328905033011
-477.9446785944005
-480.0805056191354
-482.24005217441885
-482.24005217441885
-482.9478005135024
-483.6875935027769
-484.4592843410267
-485.2627208512584
-486.097745622984
-486.9641961577489
-487.86190501761075
-487.86190501761075
-487.202494993443
-486.5750753839946
-485.9797700920532
-485.4166972706957
-484.88596920960316
-484.387692226137
-483.92196656141783
-483.4888862816371
-483.08853918482293
-482.7210067132724
-482.3863638718499
-482.0846791523403
-482.0846791523403
-480.2815319778424
-478.5050283242187
-476.75546603174797
-475.0331427782137
-473.3383559055341
-471.6714022409787
-470.0325779130612
-468.42217816221563
-466.84049714638167
-465.28782774164296
-463.7644613380833
-462.2706876310438
-460.8067944079854
-459.37306733118163
-457.96978971648673
-456.5972423084458
-455.25570305203405
-453.94544686133355
-452.6667453854762
-451.4198667722024
-450.2050754294049
-449.02263178504614
-449.02263178504614
-449.02263178504614
-450.9685161176409
-452.9413661739885
-454.94083114379356
-456.9665616651689
-459.01820999433335
-459.01820999433335
-462.2599015646764
-465.51339000703405
-468.7784296980526
-472.0547809498146
-475.34220986364886
-478.6404881867092
-481.9493931713575
-485.2687074373769
-488.5982188370314
-491.9377203229806
-495.2870098190512
-498.64589009385924
-502.01416863727223
-505.39165753969513
-508.77817337415695
-512.1735370811745
-515.5775738563627
-518.9901130407586
-518.9901130407586
-522.9474074632708
-526.9053468888791
-530.8639168908177
-534.8231034671829
-538.7828930254877
-542.7432723678814
-546.7042286770019
-550.6657495024291
-554.6278227477102
-558.5904366579291
-562.5535798077935
-566.5172410902145
-570.4814097053556
-574.4460751501299
-578.4112272081211
-582.3768559399125
-586.342951673803
-590.3095049968913
-594.2765067465136
-594.2765067465136
-597.7349556472236
-601.200123193111
-604.6718938774233
-608.1501546133834
-611.6347946776153
-615.125705654909
-618.622781384298
-622.1259179064273
-625.63501341218
-629.1499681925424
-632.6706845896763
-636.1970669491778
-639.7290215734926
-643.2664566764646
-643.2664566764646
-645.8093978116069
-648.3670428904612
-650.9392185905582
-653.5257533411259
-656.126477326529
-658.74122248861
-658.74122248861
-659.990462518414
-661.2615391215735
-662.5543266210515
-663.8686981804447
-665.20454683516
-666.5617228585342
-666.5617228585342
-666.3697595025368
-666.2017578111072
-666.0577359160078
-665.9377093755215
-665.9377093755215
-664.2910859595434
-662.6645159222978
-661.0581472911355
-659.4721276882556
-657.9065833550624
-657.9065833550624
-655.0449397985884
-652.1952727254026
-649.3577398097364
-647.745639240522
-644.4386158491808
-641.1394903336337
-637.8483852437845
-634.565425370862
-634.565425370862
-630.6537642840995
-626.7432182446647
-622.8338082554831
-618.9255558439557
-615.0184830782282
-611.1126125840586
-607.2079675623139
-603.3045718071195
-599.4024497246912
-595.5016263528788
-591.6021273814521
-587.7039791731629
-583.8072087856167
-579.9118439939896
-579.9118439939896
-575.9698809351179
-572.0287238609039
-568.0883895460903
-564.1488952305253
-560.2102586352645
-556.2724979793388
-552.3356319972239
-548.3996799570435
-544.4646616795424
-540.5305975578674
-536.5975085781963
-532.6654163412579
-528.7343430847855
-524.8043117069536
-520.8753457908473
-516.9474696300157
-513.0207082551669
-509.0950874620633
-505.1706338406801
-501.247374805693
-497.3253386283661
-493.4045544699147
-489.4850524164213
-485.5668635153908
-481.6500198140321
-477.7345543993615
-473.8205014402304
-469.9078962313806
-465.99677523964516
-462.0871761524123
-458.17913792848367
-454.2727008514624
-450.3679065858176
-446.4647982357814
-442.563420407243
-438.6638192728173
-434.7660426402774
-430.8701400245507
-426.9761627234946
-423.0841638976813
-419.1941986544373
-415.3063241363986
-411.4205996148645
-407.5370865882487
-403.6558488859496
-399.77695277798495
-395.9004670907596
-392.0264633293623
-388.15501580681627
-384.2862017807399
-380.42010159790595
-376.5567988472262
-372.6963805217264
-368.8389371901187
-364.98456317862673
-361.1333567637659
-357.2854203768377
-353.44086082095487
-349.59978950147746
-345.7623226708094
-341.92858168858044
-338.0986932983198
-334.2727899218155
-330.4510099724509
-326.633498188914
-322.8204059907885
-319.0118918576602
-315.20812173350686
-311.4092694582851
-307.6155172287903
-307.6155172287903
-303.62704075728766
-299.6388713076001
-295.65102130439345
-291.66350385082944
-287.6763327754443
-283.6895226829623
-279.7030890094339
-275.71704808213275
-271.73141718469793
-267.7462146280636
-263.76145982778326
-259.7771619549726
-255.79335435714316
-251.8100603037539
-247.8273045571927
-243.8451134941792
-239.86351523918125
-235.88253981125217
-231.9022192858861
-227.9225879737102
-223.94368261808668
-219.96554261399493
-215.98821025090774
-212.01173098277758
-208.03615372871897
-204.06153120852284
-200.08792031778657
-196.1153825482058
-192.14398445947637
-192.14398445947637
-192.14398445947637
-192.14398445947637
-192.14398445947637
-192.14398445947637
-192.14398445947637
-192.14398445947637
-192.14398445947637
-192.14398445947637
-192.14398445947637
