62.828426361083984 452.82843017578125 0.7853981852531433
65.65685272216797 455.6568603515625 0.7853981852531433
68.48528289794922 458.48529052734375 0.7853981852531433
71.31371307373047 461.313720703125 0.7853981852531433
74.14214324951172 464.14215087890625 0.7853981852531433
76.97057342529297 466.9705810546875 0.7853981852531433
79.79900360107422 469.79901123046875 0.7853981852531433
82.62743377685547 472.62744140625 0.7853981852531433
85.45586395263672 475.45587158203125 0.7853981852531433
88.28429412841797 478.2843017578125 0.7853981852531433
91.11272430419922 481.11273193359375 0.7853981852531433
93.94115447998047 483.941162109375 0.7853981852531433
96.76958465576172 486.76959228515625 0.7853981852531433
99.59801483154297 489.5980224609375 0.7853981852531433
102.42644500732422 492.42645263671875 0.7853981852531433
105.25487518310547 495.2548828125 0.7853981852531433
108.08330535888672 498.08331298828125 0.7853981852531433
110.91173553466797 500.9117431640625 0.7853981852531433
113.74016571044922 503.74017333984375 0.7853981852531433
116.56859588623047 506.568603515625 0.7853981852531433
119.39702606201172 509.39703369140625 0.7853981852531433
122.22545623779297 512.2254638671875 0.7853981852531433
125.05388641357422 515.0538940429688 0.7853981852531433
127.88231658935547 517.88232421875 0.7853981852531433
130.7107391357422 520.7107543945312 0.7853981852531433
133.53916931152344 523.5391845703125 0.7853981852531433
136.3675994873047 526.3676147460938 0.7853981852531433
139.19602966308594 529.196044921875 0.7853981852531433
142.0244598388672 532.0244750976562 0.7853981852531433
144.85289001464844 534.8529052734375 0.7853981852531433
144.85289001464844 534.8529052734375 0.38539817929267883
148.55947875976562 536.3566284179688 0.38539817929267883
152.2660675048828 537.8603515625 0.38539817929267883
155.97265625 539.3640747070312 0.38539817929267883
159.6792449951172 540.8677978515625 0.38539817929267883
159.6792449951172 540.8677978515625 -0.014601826667785645
163.67881774902344 540.8093872070312 -0.014601826667785645
167.6783905029297 540.7509765625 -0.014601826667785645
171.67796325683594 540.6925659179688 -0.014601826667785645
175.6775360107422 540.6341552734375 -0.014601826667785645
179.67710876464844 540.5757446289062 -0.014601826667785645
179.67710876464844 540.5757446289062 -0.4146018326282501
183.3382110595703 538.9644165039062 -0.4146018326282501
186.9993133544922 537.3530883789062 -0.4146018326282501
190.66041564941406 535.7417602539062 -0.4146018326282501
194.32151794433594 534.1304321289062 -0.4146018326282501
197.9826202392578 532.5191040039062 -0.4146018326282501
201.6437225341797 530.9077758789062 -0.4146018326282501
205.30482482910156 529.2964477539062 -0.4146018326282501
208.96592712402344 527.6851196289062 -0.4146018326282501
212.6270294189453 526.0737915039062 -0.4146018326282501
216.2881317138672 524.4624633789062 -0.4146018326282501
219.94923400878906 522.8511352539062 -0.4146018326282501
219.94923400878906 522.8511352539062 -0.8146018385887146
222.69386291503906 519.9413452148438 -0.8146018385887146
225.43849182128906 517.0315551757812 -0.8146018385887146
228.18312072753906 514.1217651367188 -0.8146018385887146
230.92774963378906 511.2119445800781 -0.8146018385887146
233.67237854003906 508.3021240234375 -0.8146018385887146
236.41700744628906 505.3923034667969 -0.8146018385887146
239.16163635253906 502.48248291015625 -0.8146018385887146
241.90626525878906 499.5726623535156 -0.8146018385887146
244.65089416503906 496.662841796875 -0.8146018385887146
247.39552307128906 493.7530212402344 -0.8146018385887146
250.14015197753906 490.84320068359375 -0.8146018385887146
252.88478088378906 487.9333801269531 -0.8146018385887146
255.62940979003906 485.0235595703125 -0.8146018385887146
258.3740539550781 482.1137390136719 -0.8146018385887146
261.1186828613281 479.20391845703125 -0.8146018385887146
263.8633117675781 476.2940979003906 -0.8146018385887146
266.6079406738281 473.38427734375 -0.8146018385887146
269.3525695800781 470.4744567871094 -0.8146018385887146
272.0971984863281 467.56463623046875 -0.8146018385887146
274.8418273925781 464.6548156738281 -0.8146018385887146
277.5864562988281 461.7449951171875 -0.8146018385887146
280.3310852050781 458.8351745605469 -0.8146018385887146
283.0757141113281 455.92535400390625 -0.8146018385887146
285.8203430175781 453.0155334472656 -0.8146018385887146
285.8203430175781 453.0155334472656 -0.4146018326282501
285.8203430175781 453.0155334472656 -0.014601826667785645
289.8199157714844 452.9571228027344 -0.014601826667785645
293.8194885253906 452.8987121582031 -0.014601826667785645
297.8190612792969 452.8403015136719 -0.014601826667785645
301.8186340332031 452.7818908691406 -0.014601826667785645
305.8182067871094 452.7234802246094 -0.014601826667785645
305.8182067871094 452.7234802246094 0.38539817929267883
309.5248107910156 454.2272033691406 0.38539817929267883
313.2314147949219 455.7309265136719 0.38539817929267883
316.9380187988281 457.2346496582031 0.38539817929267883
320.6446228027344 458.7383728027344 0.38539817929267883
324.3512268066406 460.2420959472656 0.38539817929267883
328.0578308105469 461.7458190917969 0.38539817929267883
331.7644348144531 463.2495422363281 0.38539817929267883
335.4710388183594 464.7532653808594 0.38539817929267883
339.1776428222656 466.2569885253906 0.38539817929267883
342.8842468261719 467.7607116699219 0.38539817929267883
346.5908508300781 469.2644348144531 0.38539817929267883
350.2974548339844 470.7681579589844 0.38539817929267883
354.0040588378906 472.2718811035156 0.38539817929267883
357.7106628417969 473.7756042480469 0.38539817929267883
361.4172668457031 475.2793273925781 0.38539817929267883
365.1238708496094 476.7830505371094 0.38539817929267883
368.8304748535156 478.2867736816406 0.38539817929267883
372.5370788574219 479.7904968261719 0.38539817929267883
376.2436828613281 481.2942199707031 0.38539817929267883
376.2436828613281 481.2942199707031 0.7853981852531433
379.0721130371094 484.1226501464844 0.7853981852531433
381.9005432128906 486.9510803222656 0.7853981852531433
384.7289733886719 489.7795104980469 0.7853981852531433
387.5574035644531 492.6079406738281 0.7853981852531433
390.3858337402344 495.4363708496094 0.7853981852531433
393.2142639160156 498.2648010253906 0.7853981852531433
396.0426940917969 501.0932312011719 0.7853981852531433
398.8711242675781 503.9216613769531 0.7853981852531433
401.6995544433594 506.7500915527344 0.7853981852531433
404.5279846191406 509.5785217285156 0.7853981852531433
407.3564147949219 512.4069213867188 0.7853981852531433
410.1848449707031 515.2353515625 0.7853981852531433
413.0132751464844 518.0637817382812 0.7853981852531433
415.8417053222656 520.8922119140625 0.7853981852531433
418.6701354980469 523.7206420898438 0.7853981852531433
421.4985656738281 526.549072265625 0.7853981852531433
424.3269958496094 529.3775024414062 0.7853981852531433
427.1554260253906 532.2059326171875 0.7853981852531433
429.9838562011719 535.0343627929688 0.7853981852531433
429.9838562011719 535.0343627929688 0.38539817929267883
433.6904602050781 536.5380859375 0.38539817929267883
437.3970642089844 538.0418090820312 0.38539817929267883
441.1036682128906 539.5455322265625 0.38539817929267883
444.8102722167969 541.0492553710938 0.38539817929267883
448.5168762207031 542.552978515625 0.38539817929267883
452.2234802246094 544.0567016601562 0.38539817929267883
455.9300842285156 545.5604248046875 0.38539817929267883
459.6366882324219 547.0641479492188 0.38539817929267883
463.3432922363281 548.56787109375 0.38539817929267883
467.0498962402344 550.0715942382812 0.38539817929267883
470.7565002441406 551.5753173828125 0.38539817929267883
474.4631042480469 553.0790405273438 0.38539817929267883
478.1697082519531 554.582763671875 0.38539817929267883
481.8763122558594 556.0864868164062 0.38539817929267883
485.5829162597656 557.5902099609375 0.38539817929267883
489.2895202636719 559.0939331054688 0.38539817929267883
489.2895202636719 559.0939331054688 -0.014601826667785645
493.2890930175781 559.0355224609375 -0.014601826667785645
497.2886657714844 558.9771118164062 -0.014601826667785645
501.2882385253906 558.918701171875 -0.014601826667785645
505.2878112792969 558.8602905273438 -0.014601826667785645
505.2878112792969 558.8602905273438 -0.4146018326282501
508.94891357421875 557.2489624023438 -0.4146018326282501
512.6100463867188 555.6376342773438 -0.4146018326282501
516.2711791992188 554.0263061523438 -0.4146018326282501
519.9323120117188 552.4149780273438 -0.4146018326282501
523.5934448242188 550.8036499023438 -0.4146018326282501
527.2545776367188 549.1923217773438 -0.4146018326282501
527.2545776367188 549.1923217773438 -0.8146018385887146
529.9992065429688 546.2825317382812 -0.8146018385887146
532.7438354492188 543.3727416992188 -0.8146018385887146
535.4884643554688 540.4629516601562 -0.8146018385887146
538.2330932617188 537.5531616210938 -0.8146018385887146
538.2330932617188 537.5531616210938 -1.2146018743515015
539.6279296875 533.8042602539062 -1.2146018743515015
541.0227661132812 530.0553588867188 -1.2146018743515015
542.4176025390625 526.3064575195312 -1.2146018743515015
543.8124389648438 522.5575561523438 -1.2146018743515015
545.207275390625 518.8086547851562 -1.2146018743515015
546.6021118164062 515.0597534179688 -1.2146018743515015
547.9969482421875 511.3108215332031 -1.2146018743515015
549.3917846679688 507.5618896484375 -1.2146018743515015
549.3917846679688 507.5618896484375 -1.6146018505096436
549.2166137695312 503.56573486328125 -1.6146018505096436
549.0414428710938 499.569580078125 -1.6146018505096436
548.8662719726562 495.57342529296875 -1.6146018505096436
548.6911010742188 491.5772705078125 -1.6146018505096436
548.5159301757812 487.58111572265625 -1.6146018505096436
548.5159301757812 487.58111572265625 -2.014601945877075
546.7984008789062 483.9686279296875 -2.014601945877075
545.0808715820312 480.35614013671875 -2.014601945877075
543.3633422851562 476.74365234375 -2.014601945877075
541.6458129882812 473.13116455078125 -2.014601945877075
539.9282836914062 469.5186767578125 -2.014601945877075
538.2107543945312 465.90618896484375 -2.014601945877075
536.4932250976562 462.293701171875 -2.014601945877075
536.4932250976562 462.293701171875 -2.414602041244507
533.5045166015625 459.63519287109375 -2.414602041244507
530.5158081054688 456.9766845703125 -2.414602041244507
527.527099609375 454.31817626953125 -2.414602041244507
524.5383911132812 451.65966796875 -2.414602041244507
521.5496826171875 449.00115966796875 -2.414602041244507
518.5609741210938 446.3426513671875 -2.414602041244507
515.572265625 443.68414306640625 -2.414602041244507
512.5835571289062 441.025634765625 -2.414602041244507
509.5948486328125 438.36712646484375 -2.414602041244507
506.60614013671875 435.7086181640625 -2.414602041244507
503.617431640625 433.05010986328125 -2.414602041244507
500.62872314453125 430.3916015625 -2.414602041244507
497.6400146484375 427.73309326171875 -2.414602041244507
494.65130615234375 425.0745849609375 -2.414602041244507
491.66259765625 422.41607666015625 -2.414602041244507
488.67388916015625 419.757568359375 -2.414602041244507
485.6851806640625 417.09906005859375 -2.414602041244507
482.69647216796875 414.4405517578125 -2.414602041244507
479.707763671875 411.78204345703125 -2.414602041244507
476.71905517578125 409.12353515625 -2.414602041244507
473.7303466796875 406.46502685546875 -2.414602041244507
470.74163818359375 403.8065185546875 -2.414602041244507
467.7529296875 401.14801025390625 -2.414602041244507
464.76422119140625 398.489501953125 -2.414602041244507
461.7755126953125 395.83099365234375 -2.414602041244507
461.7755126953125 395.83099365234375 -2.8146021366119385
457.9874572753906 394.54620361328125 -2.8146021366119385
454.19940185546875 393.26141357421875 -2.8146021366119385
450.4113464355469 391.97662353515625 -2.8146021366119385
446.623291015625 390.69183349609375 -2.8146021366119385
442.8352355957031 389.40704345703125 -2.8146021366119385
439.04718017578125 388.12225341796875 -2.8146021366119385
435.2591247558594 386.83746337890625 -2.8146021366119385
431.4710693359375 385.55267333984375 -2.8146021366119385
427.6830139160156 384.26788330078125 -2.8146021366119385
423.89495849609375 382.98309326171875 -2.8146021366119385
420.1069030761719 381.69830322265625 -2.8146021366119385
416.31884765625 380.41351318359375 -2.8146021366119385
412.5307922363281 379.12872314453125 -2.8146021366119385
408.74273681640625 377.84393310546875 -2.8146021366119385
404.9546813964844 376.55914306640625 -2.8146021366119385
401.1666259765625 375.27435302734375 -2.8146021366119385
397.3785705566406 373.98956298828125 -2.8146021366119385
393.59051513671875 372.70477294921875 -2.8146021366119385
389.8024597167969 371.41998291015625 -2.8146021366119385
386.014404296875 370.13519287109375 -2.8146021366119385
382.2263488769531 368.85040283203125 -2.8146021366119385
378.43829345703125 367.56561279296875 -2.8146021366119385
374.6502380371094 366.28082275390625 -2.8146021366119385
370.8621826171875 364.99603271484375 -2.8146021366119385
367.0741271972656 363.71124267578125 -2.8146021366119385
363.28607177734375 362.42645263671875 -2.8146021366119385
359.4980163574219 361.14166259765625 -2.8146021366119385
355.7099609375 359.85687255859375 -2.8146021366119385
351.9219055175781 358.57208251953125 -2.8146021366119385
348.13385009765625 357.28729248046875 -2.8146021366119385
344.3457946777344 356.00250244140625 -2.8146021366119385
340.5577392578125 354.71771240234375 -2.8146021366119385
336.7696838378906 353.43292236328125 -2.8146021366119385
336.7696838378906 353.43292236328125 3.0685830116271973
334.0844421386719 353.4527282714844 -3.083326816558838
331.4197082519531 353.120849609375 -2.9520514011383057
328.82135009765625 352.4430236816406 -2.8207759857177734
328.82135009765625 352.4430236816406 3.0624091625213623
326.13629150390625 352.4794006347656 -3.089500665664673
323.4695739746094 352.16400146484375 -2.9582252502441406
320.8670654296875 351.5022277832031 -2.8269498348236084
320.8670654296875 351.5022277832031 3.0562353134155273
318.1822814941406 351.55517578125 -3.095674514770508
315.513671875 351.2562255859375 -2.9643990993499756
312.9071350097656 350.61053466796875 -2.8331236839294434
309.095947265625 349.3961486816406 -2.8331236839294434
309.095947265625 349.3961486816406 3.0500614643096924
306.4115295410156 349.4656677246094 -3.1018483638763428
303.7411193847656 349.1831970214844 -2.9705729484558105
301.1306457519531 348.5536193847656 -2.8392975330352783
298.62506103515625 347.5877380371094 -2.708022117614746
298.62506103515625 347.5877380371094 -3.1080222129821777
295.95294189453125 347.32177734375 -2.9767467975616455
293.338623046875 346.70831298828125 -2.8454713821411133
290.8271179199219 345.7579345703125 -2.714195966720581
290.8271179199219 345.7579345703125 -3.1141960620880127
288.1534118652344 345.5084533691406 -2.9829206466674805
285.5353698730469 344.9111633300781 -2.8516452312469482
283.0180358886719 343.9762878417969 -2.720369815826416
280.6447448730469 342.7199401855469 -2.589094400405884
280.6447448730469 342.7199401855469 -2.9890944957733154
278.0230712890625 342.1388244628906 -2.857819080352783
275.5000305175781 341.2195129394531 -2.726543664932251
273.1190185546875 339.97784423828125 -2.5952682495117188
270.9210205078125 338.4352111816406 -2.4639928340911865
270.9210205078125 338.4352111816406 -2.863992929458618
268.392333984375 337.531494140625 -2.732717514038086
266.0036926269531 336.3045654296875 -2.6014420986175537
263.7962341308594 334.7755126953125 -2.4701666831970215
261.8078918457031 332.9706726074219 -2.3388912677764893
261.8078918457031 332.9706726074219 -2.738891363143921
259.4117431640625 331.7585144042969 -2.6076159477233887
257.19488525390625 330.2431335449219 -2.4763405323028564
255.19544982910156 328.4505920410156 -2.345065116882324
253.44786071777344 326.4117431640625 -2.213789701461792
253.44786071777344 326.4117431640625 -2.6137897968292236
251.2216796875 324.9100646972656 -2.4825143814086914
249.21121215820312 323.1299133300781 -2.351238965988159
247.45106506347656 321.1018981933594 -2.219963550567627
245.97152709960938 318.8609313964844 -2.0886881351470947
243.9913330078125 315.3854675292969 -2.0886881351470947
242.01113891601562 311.9100036621094 -2.0886881351470947
240.03094482421875 308.4345397949219 -2.0886881351470947
238.05075073242188 304.9590759277344 -2.0886881351470947
236.87718200683594 302.5435791015625 -1.9574319124221802
235.36888122558594 298.8388366699219 -1.9574319124221802
234.52133178710938 296.2900695800781 -1.82622230052948
233.5106964111328 292.41986083984375 -1.82622230052948
232.50006103515625 288.5496520996094 -1.82622230052948
231.4894256591797 284.679443359375 -1.82622230052948
230.9828338623047 282.0423583984375 -1.6949468851089478
230.4875030517578 278.0731506347656 -1.6949468851089478
229.99217224121094 274.10394287109375 -1.6949468851089478
229.49684143066406 270.1347351074219 -1.6949468851089478
229.49684143066406 270.1347351074219 -1.2949469089508057
230.5863037109375 266.28594970703125 -1.2949469089508057
231.67576599121094 262.4371643066406 -1.2949469089508057
232.76522827148438 258.58837890625 -1.2949469089508057
233.8546905517578 254.73960876464844 -1.2949469089508057
234.94415283203125 250.89083862304688 -1.2949469089508057
236.0336151123047 247.0420684814453 -1.2949469089508057
237.12307739257812 243.19329833984375 -1.2949469089508057
238.21253967285156 239.3445281982422 -1.2949469089508057
239.302001953125 235.49575805664062 -1.2949469089508057
240.39146423339844 231.64698791503906 -1.2949469089508057
241.48092651367188 227.7982177734375 -1.2949469089508057
242.5703887939453 223.94944763183594 -1.2949469089508057
243.65985107421875 220.10067749023438 -1.2949469089508057
244.7493133544922 216.2519073486328 -1.2949469089508057
245.83877563476562 212.40313720703125 -1.2949469089508057
245.83877563476562 212.40313720703125 -0.8949469327926636
248.3410186767578 209.28244018554688 -0.8949469327926636
250.84326171875 206.1617431640625 -0.8949469327926636
253.3455047607422 203.04104614257812 -0.8949469327926636
255.84774780273438 199.92034912109375 -0.8949469327926636
258.3499755859375 196.79965209960938 -0.8949469327926636
260.8522033691406 193.678955078125 -0.8949469327926636
263.35443115234375 190.55825805664062 -0.8949469327926636
265.8566589355469 187.43756103515625 -0.8949469327926636
268.35888671875 184.31686401367188 -0.8949469327926636
270.1725158691406 182.33653259277344 -0.7636714577674866
272.2297668457031 180.6106414794922 -0.6323959827423096
272.2297668457031 180.6106414794922 -0.2323959767818451
276.1222229003906 179.6894073486328 -0.2323959767818451
280.0146789550781 178.76817321777344 -0.2323959767818451
283.9071350097656 177.84693908691406 -0.2323959767818451
287.7995910644531 176.9257049560547 -0.2323959767818451
291.6920471191406 176.0044708251953 -0.2323959767818451
295.5845031738281 175.08323669433594 -0.2323959767818451
299.4769592285156 174.16200256347656 -0.2323959767818451
303.3694152832031 173.2407684326172 -0.2323959767818451
307.2618713378906 172.3195343017578 -0.2323959767818451
311.1543273925781 171.39830017089844 -0.2323959767818451
315.0467834472656 170.47706604003906 -0.2323959767818451
318.9392395019531 169.5558319091797 -0.2323959767818451
322.8316955566406 168.6345977783203 -0.2323959767818451
326.7241516113281 167.71336364746094 -0.2323959767818451
330.6166076660156 166.79212951660156 -0.2323959767818451
334.5090637207031 165.8708953857422 -0.2323959767818451
338.4015197753906 164.9496612548828 -0.2323959767818451
342.2939758300781 164.02842712402344 -0.2323959767818451
346.1864318847656 163.10719299316406 -0.2323959767818451
350.0788879394531 162.1859588623047 -0.2323959767818451
353.9713439941406 161.2647247314453 -0.2323959767818451
357.8638000488281 160.34349060058594 -0.2323959767818451
361.7562561035156 159.42225646972656 -0.2323959767818451
365.6487121582031 158.5010223388672 -0.2323959767818451
369.5411682128906 157.5797882080078 -0.2323959767818451
373.4336242675781 156.65855407714844 -0.2323959767818451
377.3260803222656 155.73731994628906 -0.2323959767818451
381.2185363769531 154.8160858154297 -0.2323959767818451
385.1109924316406 153.8948516845703 -0.2323959767818451
389.0034484863281 152.97361755371094 -0.2323959767818451
392.8959045410156 152.05238342285156 -0.2323959767818451
396.7883605957031 151.1311492919922 -0.2323959767818451
400.6808166503906 150.2099151611328 -0.2323959767818451
404.5732727050781 149.28868103027344 -0.2323959767818451
408.4657287597656 148.36744689941406 -0.2323959767818451
412.3581848144531 147.4462127685547 -0.2323959767818451
416.2506408691406 146.5249786376953 -0.2323959767818451
420.1430969238281 145.60374450683594 -0.2323959767818451
424.0355529785156 144.68251037597656 -0.2323959767818451
427.9280090332031 143.7612762451172 -0.2323959767818451
431.8204650878906 142.8400421142578 -0.2323959767818451
435.7129211425781 141.91880798339844 -0.2323959767818451
439.6053771972656 140.99757385253906 -0.2323959767818451
443.4978332519531 140.0763397216797 -0.2323959767818451
447.3902893066406 139.1551055908203 -0.2323959767818451
451.2827453613281 138.23387145996094 -0.2323959767818451
455.1752014160156 137.31263732910156 -0.2323959767818451
459.0676574707031 136.3914031982422 -0.2323959767818451
462.9601135253906 135.4701690673828 -0.2323959767818451
466.8525695800781 134.54893493652344 -0.2323959767818451
470.7450256347656 133.62770080566406 -0.2323959767818451
474.6374816894531 132.7064666748047 -0.2323959767818451
478.5299377441406 131.7852325439453 -0.2323959767818451
482.4223937988281 130.86399841308594 -0.2323959767818451
486.3148498535156 129.94276428222656 -0.2323959767818451
490.2073059082031 129.0215301513672 -0.2323959767818451
494.0997619628906 128.1002960205078 -0.2323959767818451
497.9922180175781 127.1790542602539 -0.2323959767818451
501.8846740722656 126.2578125 -0.2323959767818451
505.7771301269531 125.3365707397461 -0.2323959767818451
509.6695861816406 124.41532897949219 -0.2323959767818451
513.5620727539062 123.49408721923828 -0.2323959767818451
517.4545288085938 122.57284545898438 -0.2323959767818451
521.3469848632812 121.65160369873047 -0.2323959767818451
525.2394409179688 120.73036193847656 -0.2323959767818451
525.2394409179688 120.73036193847656 -0.6323959827423096
528.4658813476562 118.36604309082031 -0.6323959827423096
531.6923217773438 116.00172424316406 -0.6323959827423096
531.6923217773438 116.00172424316406 -1.0323959589004517
533.7433471679688 112.5676040649414 -1.0323959589004517
535.7943725585938 109.13348388671875 -1.0323959589004517
537.8453979492188 105.6993637084961 -1.0323959589004517
539.8964233398438 102.26524353027344 -1.0323959589004517
541.9474487304688 98.83112335205078 -1.0323959589004517
543.9984741210938 95.39700317382812 -1.0323959589004517
546.0494995117188 91.96288299560547 -1.0323959589004517
548.1005249023438 88.52876281738281 -1.0323959589004517
550.1515502929688 85.09464263916016 -1.0323959589004517
552.2025756835938 81.6605224609375 -1.0323959589004517
554.2536010742188 78.22640228271484 -1.0323959589004517
556.3046264648438 74.79228210449219 -1.0323959589004517
558.3556518554688 71.35816192626953 -1.0323959589004517
560.4066772460938 67.92404174804688 -1.0323959589004517
562.4577026367188 64.48992156982422 -1.0323959589004517
564.5087280273438 61.05580139160156 -1.0323959589004517
566.5597534179688 57.621681213378906 -1.0323959589004517
568.6107788085938 54.18756103515625 -1.0323959589004517
568.6107788085938 54.18756103515625 -1.4323959350585938
568.6107788085938 54.18756103515625 -1.8323959112167358
568.6107788085938 54.18756103515625 -2.232395887374878
568.6107788085938 54.18756103515625 -2.6323959827423096
565.1182250976562 52.23765563964844 -2.6323959827423096
561.6256713867188 50.287750244140625 -2.6323959827423096
558.1331176757812 48.33784484863281 -2.6323959827423096
558.1331176757812 48.33784484863281 -3.032396078109741
554.1569213867188 47.90192794799805 -3.032396078109741
550.1807250976562 47.46601104736328 -3.032396078109741
546.2045288085938 47.030094146728516 -3.032396078109741
542.2283325195312 46.59417724609375 -3.032396078109741
538.2521362304688 46.158260345458984 -3.032396078109741
534.2759399414062 45.72234344482422 -3.032396078109741
530.2997436523438 45.28642654418945 -3.032396078109741
526.3235473632812 44.85050964355469 -3.032396078109741
522.3473510742188 44.41459274291992 -3.032396078109741
518.3711547851562 43.978675842285156 -3.032396078109741
514.3949584960938 43.54275894165039 -3.032396078109741
510.4187927246094 43.106842041015625 -3.032396078109741
506.442626953125 42.67092514038086 -3.032396078109741
502.4664611816406 42.235008239746094 -3.032396078109741
498.49029541015625 41.79909133911133 -3.032396078109741
494.5141296386719 41.36317443847656 -3.032396078109741
490.5379638671875 40.9272575378418 -3.032396078109741
486.5617980957031 40.49134063720703 -3.032396078109741
482.58563232421875 40.055423736572266 -3.032396078109741
478.6094665527344 39.6195068359375 -3.032396078109741
474.63330078125 39.183589935302734 -3.032396078109741
470.6571350097656 38.74767303466797 -3.032396078109741
466.68096923828125 38.3117561340332 -3.032396078109741
462.7048034667969 37.87583923339844 -3.032396078109741
458.7286376953125 37.43992233276367 -3.032396078109741
454.7524719238281 37.004005432128906 -3.032396078109741
450.77630615234375 36.56808853149414 -3.032396078109741
446.8001403808594 36.132171630859375 -3.032396078109741
442.823974609375 35.69625473022461 -3.032396078109741
438.8478088378906 35.260337829589844 -3.032396078109741
434.87164306640625 34.82442092895508 -3.032396078109741
430.8954772949219 34.38850402832031 -3.032396078109741
426.9193115234375 33.95258712768555 -3.032396078109741
422.9431457519531 33.51667022705078 -3.032396078109741
418.96697998046875 33.080753326416016 -3.032396078109741
414.9908142089844 32.64483642578125 -3.032396078109741
411.0146484375 32.208919525146484 -3.032396078109741
407.0384826660156 31.773000717163086 -3.032396078109741
403.06231689453125 31.337081909179688 -3.032396078109741
399.0861511230469 30.90116310119629 -3.032396078109741
395.1099853515625 30.46524429321289 -3.032396078109741
391.1338195800781 30.029325485229492 -3.032396078109741
387.15765380859375 29.593406677246094 -3.032396078109741
383.1814880371094 29.157487869262695 -3.032396078109741
379.205322265625 28.721569061279297 -3.032396078109741
375.2291564941406 28.2856502532959 -3.032396078109741
371.25299072265625 27.8497314453125 -3.032396078109741
367.2768249511719 27.4138126373291 -3.032396078109741
363.3006591796875 26.977893829345703 -3.032396078109741
359.3244934082031 26.541975021362305 -3.032396078109741
355.34832763671875 26.106056213378906 -3.032396078109741
351.3721618652344 25.670137405395508 -3.032396078109741
347.39599609375 25.23421859741211 -3.032396078109741
343.4198303222656 24.79829978942871 -3.032396078109741
339.44366455078125 24.362380981445312 -3.032396078109741
335.4674987792969 23.926462173461914 -3.032396078109741
331.4913330078125 23.490543365478516 -3.032396078109741
327.5151672363281 23.054624557495117 -3.032396078109741
323.53900146484375 22.61870574951172 -3.032396078109741
319.5628356933594 22.18278694152832 -3.032396078109741
315.586669921875 21.746868133544922 -3.032396078109741
311.6105041503906 21.310949325561523 -3.032396078109741
307.63433837890625 20.875030517578125 -3.032396078109741
303.6581726074219 20.439111709594727 -3.032396078109741
299.6820068359375 20.003192901611328 -3.032396078109741
295.7058410644531 19.56727409362793 -3.032396078109741
295.7058410644531 19.56727409362793 2.8507890701293945
291.873779296875 20.714162826538086 2.8507890701293945
288.0417175292969 21.861051559448242 2.8507890701293945
284.20965576171875 23.0079402923584 2.8507890701293945
280.3775939941406 24.154829025268555 2.8507890701293945
276.5455322265625 25.30171775817871 2.8507890701293945
272.7134704589844 26.448606491088867 2.8507890701293945
268.88140869140625 27.595495223999023 2.8507890701293945
265.0493469238281 28.74238395690918 2.8507890701293945
261.21728515625 29.889272689819336 2.8507890701293945
257.3852233886719 31.036161422729492 2.8507890701293945
253.55316162109375 32.183048248291016 2.8507890701293945
249.72109985351562 33.32993698120117 2.8507890701293945
245.8890380859375 34.47682571411133 2.8507890701293945
242.05697631835938 35.623714447021484 2.8507890701293945
238.22491455078125 36.77060317993164 2.8507890701293945
234.39285278320312 37.9174919128418 2.8507890701293945
230.560791015625 39.06438064575195 2.8507890701293945
226.72872924804688 40.21126937866211 2.8507890701293945
222.89666748046875 41.358158111572266 2.8507890701293945
219.06460571289062 42.50504684448242 2.8507890701293945
215.2325439453125 43.65193557739258 2.8507890701293945
211.40048217773438 44.798824310302734 2.8507890701293945
207.56842041015625 45.94571304321289 2.8507890701293945
203.73635864257812 47.09260177612305 2.8507890701293945
199.904296875 48.2394905090332 2.8507890701293945
196.07223510742188 49.38637924194336 2.8507890701293945
192.24017333984375 50.533267974853516 2.8507890701293945
188.40811157226562 51.68015670776367 2.8507890701293945
184.5760498046875 52.82704544067383 2.8507890701293945
180.74398803710938 53.973934173583984 2.8507890701293945
176.91192626953125 55.12082290649414 2.8507890701293945
173.07986450195312 56.2677116394043 2.8507890701293945
169.247802734375 57.41460037231445 2.8507890701293945
165.41574096679688 58.56148910522461 2.8507890701293945
161.58367919921875 59.708377838134766 2.8507890701293945
157.75161743164062 60.85526657104492 2.8507890701293945
153.9195556640625 62.00215530395508 2.8507890701293945
150.08749389648438 63.149044036865234 2.8507890701293945
146.25543212890625 64.29592895507812 2.8507890701293945
142.42337036132812 65.44281768798828 2.8507890701293945
138.59130859375 66.58970642089844 2.8507890701293945
134.75924682617188 67.7365951538086 2.8507890701293945
130.92718505859375 68.88348388671875 2.8507890701293945
127.09513092041016 70.0303726196289 2.8507890701293945
123.26307678222656 71.17726135253906 2.8507890701293945
119.43102264404297 72.32415008544922 2.8507890701293945
115.59896850585938 73.47103881835938 2.8507890701293945
111.76691436767578 74.61792755126953 2.8507890701293945
107.93486022949219 75.76481628417969 2.8507890701293945
104.1028060913086 76.91170501708984 2.8507890701293945
100.270751953125 78.05859375 2.8507890701293945
97.6532211303711 78.65814208984375 2.9820644855499268
97.6532211303711 78.65814208984375 -2.901120662689209
93.76831817626953 77.70549774169922 -2.901120662689209
89.88341522216797 76.75285339355469 -2.901120662689209
85.9985122680664 75.80020904541016 -2.901120662689209
82.11360931396484 74.84756469726562 -2.901120662689209
78.22870635986328 73.8949203491211 -2.901120662689209
74.34380340576172 72.94227600097656 -2.901120662689209
70.45890045166016 71.98963165283203 -2.901120662689209
66.5739974975586 71.0369873046875 -2.901120662689209
62.68909454345703 70.08434295654297 -2.901120662689209
58.80419158935547 69.13169860839844 -2.901120662689209
54.919288635253906 68.1790542602539 -2.901120662689209
54.919288635253906 68.1790542602539 -2.5011205673217773
51.712032318115234 65.78875732421875 -2.5011205673217773
48.50477600097656 63.398460388183594 -2.5011205673217773
48.50477600097656 63.398460388183594 -2.1011204719543457
46.48152542114258 59.9478874206543 -2.1011204719543457
44.458274841308594 56.497314453125 -2.1011204719543457
42.43502426147461 53.0467414855957 -2.1011204719543457
40.411773681640625 49.596168518066406 -2.1011204719543457
38.38852310180664 46.14559555053711 -2.1011204719543457
36.365272521972656 42.69502258300781 -2.1011204719543457
34.34202194213867 39.244449615478516 -2.1011204719543457
32.31877136230469 35.79387664794922 -2.1011204719543457
30.29551887512207 32.34330368041992 -2.1011204719543457
28.272266387939453 28.892730712890625 -2.1011204719543457
26.249013900756836 25.442157745361328 -2.1011204719543457
24.22576141357422 21.99158477783203 -2.1011204719543457
22.2025089263916 18.541011810302734 -2.1011204719543457
22.2025089263916 18.541011810302734 -2.1011204719543457
22.2025089263916 18.541011810302734 -2.1011204719543457
22.2025089263916 18.541011810302734 -2.1011204719543457
22.2025089263916 18.541011810302734 -2.1011204719543457
22.2025089263916 18.541011810302734 -2.1011204719543457
22.2025089263916 18.541011810302734 -2.1011204719543457
22.2025089263916 18.541011810302734 -2.1011204719543457
22.2025089263916 18.541011810302734 -2.1011204719543457
22.2025089263916 18.541011810302734 -2.1011204719543457
22.2025089263916 18.541011810302734 -2.1011204719543457
