-390.0
-390.0
-390.0
-390.0
-390.0
-390.0
-390.0
-386.3913294279691
-382.79043716566986
-379.197544803647
-375.6128819090223
-372.0366863605608
-368.46920469904865
-364.910692493671
-361.3614147251053
-357.82164618606646
-354.2916719000624
-350.7717875591399
-350.7717875591399
-350.7717875591399
-350.7717875591399
-350.7717875591399
-350.7717875591399
-350.7717875591399
-350.92367534238497
-350.92367534238497
-350.92367534238497
-350.92367534238497
-350.92367534238497
-350.92367534238497
-350.92367534238497
-350.92367534238497
-350.92367534238497
-347.00368292316773
-343.0855377958514
-339.16930398119223
-335.2550484593718
-331.34284134095407
-327.43275604967977
-323.52486951805287
-319.61926239675967
-315.71601927906005
-311.8152289413948
-307.916984601572
-304.0213841960241
-300.12853067777445
-296.238532336907
-292.3515031455134
-288.4675631292869
-284.5868387681494
-280.70946342854165
-276.83557783027527
-272.96533055114634
-269.09887857284417
-265.2363878720634
-261.3780340611439
-257.5240030830309
-253.6744919658673
-249.82970964311747
-245.98987784577528
-242.1552320739448
-238.3260226559077
-234.50251590371894
-230.68499537541499
-226.87376325509317
-223.06914186344207
-219.27147531279203
-215.48113132243355
-211.69850321184344
-207.92401209159436
-204.15810927413006
-204.15810927413006
-204.15810927413006
-204.15810927413006
-204.15810927413006
-204.15810927413006
-204.15810927413006
-204.15810927413006
-204.15810927413006
-204.15810927413006
-204.15810927413006
