62.828426361083984 452.82843017578125 0.7853981852531433
65.65685272216797 455.6568603515625 0.7853981852531433
68.48528289794922 458.48529052734375 0.7853981852531433
71.31371307373047 461.313720703125 0.7853981852531433
74.14214324951172 464.14215087890625 0.7853981852531433
76.97057342529297 466.9705810546875 0.7853981852531433
79.79900360107422 469.79901123046875 0.7853981852531433
82.62743377685547 472.62744140625 0.7853981852531433
85.45586395263672 475.45587158203125 0.7853981852531433
88.28429412841797 478.2843017578125 0.7853981852531433
91.11272430419922 481.11273193359375 0.7853981852531433
93.94115447998047 483.941162109375 0.7853981852531433
96.76958465576172 486.76959228515625 0.7853981852531433
99.59801483154297 489.5980224609375 0.7853981852531433
102.42644500732422 492.42645263671875 0.7853981852531433
105.25487518310547 495.2548828125 0.7853981852531433
108.08330535888672 498.08331298828125 0.7853981852531433
110.91173553466797 500.9117431640625 0.7853981852531433
113.74016571044922 503.74017333984375 0.7853981852531433
116.56859588623047 506.568603515625 0.7853981852531433
119.39702606201172 509.39703369140625 0.7853981852531433
122.22545623779297 512.2254638671875 0.7853981852531433
123.60987854003906 513.3317260742188 0.5629779100418091
125.20423126220703 514.1053466796875 0.34055766463279724
128.97450256347656 515.44140625 0.34055766463279724
132.74478149414062 516.7774658203125 0.34055766463279724
136.5150604248047 518.113525390625 0.34055766463279724
140.28533935546875 519.4495849609375 0.34055766463279724
142.01107788085938 519.8524780273438 0.1181374192237854
145.9832000732422 520.3239135742188 0.1181374192237854
149.955322265625 520.7953491210938 0.1181374192237854
153.9274444580078 521.2667846679688 0.1181374192237854
157.89956665039062 521.7382202148438 0.1181374192237854
161.87168884277344 522.2096557617188 0.1181374192237854
165.84381103515625 522.6810913085938 0.1181374192237854
169.81593322753906 523.1525268554688 0.1181374192237854
173.78805541992188 523.6239624023438 0.1181374192237854
177.7601776123047 524.0953979492188 0.1181374192237854
181.7322998046875 524.5668334960938 0.1181374192237854
185.7044219970703 525.0382690429688 0.1181374192237854
189.67654418945312 525.5097045898438 0.1181374192237854
189.67654418945312 525.5097045898438 -0.2818625867366791
191.31353759765625 524.8309326171875 -0.5042828321456909
192.76046752929688 523.8077392578125 -0.7267030477523804
193.94606018066406 522.4906005859375 -0.9491232633590698
196.27565002441406 519.2389526367188 -0.9491232633590698
198.60523986816406 515.9873046875 -0.9491232633590698
200.93482971191406 512.7356567382812 -0.9491232633590698
203.26441955566406 509.4840393066406 -0.9491232633590698
205.59400939941406 506.232421875 -0.9491232633590698
207.92359924316406 502.9808044433594 -0.9491232633590698
210.25318908691406 499.72918701171875 -0.9491232633590698
212.58277893066406 496.4775695800781 -0.9491232633590698
214.91236877441406 493.2259521484375 -0.9491232633590698
217.24195861816406 489.9743347167969 -0.9491232633590698
219.57154846191406 486.72271728515625 -0.9491232633590698
221.90113830566406 483.4710998535156 -0.9491232633590698
224.23072814941406 480.219482421875 -0.9491232633590698
226.56031799316406 476.9678649902344 -0.9491232633590698
228.88990783691406 473.71624755859375 -0.9491232633590698
231.21949768066406 470.4646301269531 -0.9491232633590698
233.54908752441406 467.2130126953125 -0.9491232633590698
235.87867736816406 463.9613952636719 -0.9491232633590698
238.20826721191406 460.70977783203125 -0.9491232633590698
240.53785705566406 457.4581604003906 -0.9491232633590698
242.86744689941406 454.20654296875 -0.9491232633590698
245.19703674316406 450.9549255371094 -0.9491232633590698
247.52662658691406 447.70330810546875 -0.9491232633590698
249.85621643066406 444.4516906738281 -0.9491232633590698
252.18580627441406 441.2000732421875 -0.9491232633590698
254.51539611816406 437.9484558105469 -0.9491232633590698
256.844970703125 434.69683837890625 -0.9491232633590698
259.174560546875 431.4452209472656 -0.9491232633590698
261.504150390625 428.193603515625 -0.9491232633590698
261.504150390625 428.193603515625 -0.5491232872009277
261.504150390625 428.193603515625 -0.14912328124046326
263.2165832519531 427.7374572753906 -0.3715435266494751
263.2165832519531 427.7374572753906 0.02845647931098938
264.982666015625 427.5909729003906 -0.19396376609802246
264.982666015625 427.5909729003906 0.20603623986244202
266.7468566894531 427.7587585449219 -0.016384005546569824
268.50457763671875 427.53326416015625 -0.23880425095558167
268.50457763671875 427.53326416015625 0.1611957550048828
270.2745056152344 427.6217956542969 -0.06122449040412903
272.0203552246094 427.3177185058594 -0.28364473581314087
272.0203552246094 427.3177185058594 0.11635527014732361
273.79248046875 427.32684326171875 -0.10606497526168823
273.79248046875 427.32684326171875 0.29393503069877625
275.5351257324219 427.64886474609375 0.0715147852897644
277.3058776855469 427.57855224609375 -0.15090546011924744
277.3058776855469 427.57855224609375 0.24909454584121704
279.0611877441406 427.8221435546875 0.0266743004322052
280.8269958496094 427.6725158691406 -0.19574594497680664
280.8269958496094 427.6725158691406 0.20425406098365784
282.5914611816406 427.837158203125 -0.018166184425354004
282.5914611816406 427.837158203125 0.3818338215351105
284.2991027832031 428.3109130859375 0.15941357612609863
286.0691833496094 428.39630126953125 -0.06300666928291321
286.0691833496094 428.39630126953125 0.33699333667755127
287.7963562011719 428.79302978515625 0.11457309126853943
289.5684814453125 428.7989807128906 -0.10784715414047241
289.5684814453125 428.7989807128906 0.29215285181999207
291.3116760253906 429.1178894042969 0.06973260641098022
291.3116760253906 429.1178894042969 0.4697326123714447
292.97113037109375 429.7397155761719 0.24731236696243286
294.72686767578125 429.98016357421875 0.02489212155342102
294.72686767578125 429.98016357421875 0.4248921275138855
296.41253662109375 430.5269775390625 0.20247188210487366
298.17730712890625 430.6884765625 -0.019948363304138184
298.17730712890625 430.6884765625 0.3800516426563263
299.88580322265625 431.1591796875 0.15763139724731445
299.88580322265625 431.1591796875 0.5576313734054565
301.4842834472656 431.9242858886719 0.3352111279964447
303.212158203125 432.31793212890625 0.11279088258743286
303.212158203125 432.31793212890625 0.5127909183502197
304.84332275390625 433.0106201171875 0.2903706729412079
304.84332275390625 433.0106201171875 0.6903706789016724
306.32647705078125 433.9805603027344 0.4679504334926605
307.9870300292969 434.59942626953125 0.24553018808364868
307.9870300292969 434.59942626953125 0.6455302238464355
309.51214599609375 435.50189208984375 0.4231099784374237
311.19879150390625 436.04571533203125 0.20068973302841187
311.19879150390625 436.04571533203125 0.6006897687911987
312.7628479003906 436.87890625 0.3782695233821869
312.7628479003906 436.87890625 0.7782695293426514
314.1551208496094 437.97528076171875 0.5558493137359619
315.75494384765625 438.737548828125 0.3334290683269501
315.75494384765625 438.737548828125 0.7334290742874146
317.1949462890625 439.7704162597656 0.5110088586807251
317.1949462890625 439.7704162597656 0.9110088348388672
318.42987060546875 441.0414123535156 0.6885886192321777
319.91473388671875 442.0086975097656 0.4661683738231659
319.91473388671875 442.0086975097656 0.8661683797836304
321.20538330078125 443.22308349609375 0.6437481641769409
322.73211669921875 444.1228332519531 0.4213279187679291
322.73211669921875 444.1228332519531 0.8213279247283936
324.0758972167969 445.27813720703125 0.5989077091217041
324.0758972167969 445.27813720703125 0.9989076852798462
325.1944580078125 446.65264892578125 0.7764874696731567
326.58868408203125 447.7465515136719 0.5540672540664673
326.58868408203125 447.7465515136719 0.9540672302246094
327.76776123046875 449.0695495605469 0.7316470146179199
330.7440490722656 451.741943359375 0.7316470146179199
333.7203369140625 454.4143371582031 0.7316470146179199
336.6966247558594 457.08673095703125 0.7316470146179199
339.67291259765625 459.7591247558594 0.7316470146179199
342.6492004394531 462.4315185546875 0.7316470146179199
345.62548828125 465.1039123535156 0.7316470146179199
348.6017761230469 467.77630615234375 0.7316470146179199
351.57806396484375 470.4486999511719 0.7316470146179199
354.5543518066406 473.12109375 0.7316470146179199
357.5306396484375 475.7934875488281 0.7316470146179199
360.5069274902344 478.46588134765625 0.7316470146179199
363.48321533203125 481.1382751464844 0.7316470146179199
366.4595031738281 483.8106689453125 0.7316470146179199
369.435791015625 486.4830627441406 0.7316470146179199
372.4120788574219 489.15545654296875 0.7316470146179199
375.38836669921875 491.8278503417969 0.7316470146179199
378.3646545410156 494.500244140625 0.7316470146179199
381.3409423828125 497.1726379394531 0.7316470146179199
384.3172302246094 499.84503173828125 0.7316470146179199
387.29351806640625 502.5174255371094 0.7316470146179199
390.2698059082031 505.1898193359375 0.7316470146179199
393.24609375 507.8622131347656 0.7316470146179199
396.2223815917969 510.53460693359375 0.7316470146179199
399.19866943359375 513.2069702148438 0.7316470146179199
400.6405334472656 514.2373046875 0.5092267990112305
402.2743835449219 514.92431640625 0.2868327796459198
406.1109619140625 516.0559692382812 0.2868327796459198
409.9475402832031 517.1876220703125 0.2868327796459198
413.78411865234375 518.3192749023438 0.2868327796459198
417.6206970214844 519.450927734375 0.2868327796459198
421.457275390625 520.5825805664062 0.2868327796459198
423.2021789550781 520.8922119140625 0.06441594660282135
427.1938781738281 521.1497192382812 0.06441594660282135
431.1855773925781 521.4072265625 0.06441594660282135
435.1772766113281 521.6647338867188 0.06441594660282135
439.1689758300781 521.9222412109375 0.06441594660282135
443.1606750488281 522.1797485351562 0.06441594660282135
447.1523742675781 522.437255859375 0.06441594660282135
451.1440734863281 522.6947631835938 0.06441594660282135
455.1357727050781 522.9522705078125 0.06441594660282135
459.1274719238281 523.2097778320312 0.06441594660282135
463.1191711425781 523.46728515625 0.06441594660282135
467.1108703613281 523.7247924804688 0.06441594660282135
471.1025695800781 523.9822998046875 0.06441594660282135
475.0942687988281 524.2398071289062 0.06441594660282135
479.0859680175781 524.497314453125 0.06441594660282135
483.0776672363281 524.7548217773438 0.06441594660282135
487.0693664550781 525.0123291015625 0.06441594660282135
491.0610656738281 525.2698364257812 0.06441594660282135
495.0527648925781 525.52734375 0.06441594660282135
499.0444641113281 525.7848510742188 0.06441594660282135
503.0361633300781 526.0423583984375 0.06441594660282135
507.0278625488281 526.2998657226562 0.06441594660282135
511.0195617675781 526.557373046875 0.06441594660282135
515.0112915039062 526.8148803710938 0.06441594660282135
519.0029907226562 527.0723876953125 0.06441594660282135
519.0029907226562 527.0723876953125 -0.33558404445648193
522.7798461914062 525.755126953125 -0.33558404445648193
522.7798461914062 525.755126953125 -0.735584020614624
523.9536743164062 524.427490234375 -0.9580042362213135
524.8057250976562 522.8736572265625 -1.180424451828003
525.2940673828125 521.1701049804688 -1.4028446674346924
525.9627075195312 517.2263793945312 -1.4028446674346924
526.063232421875 515.45703125 -1.6252615451812744
525.845458984375 511.46295166015625 -1.6252615451812744
525.627685546875 507.4688720703125 -1.6252615451812744
525.409912109375 503.47479248046875 -1.6252615451812744
525.192138671875 499.480712890625 -1.6252615451812744
524.974365234375 495.48663330078125 -1.6252615451812744
524.756591796875 491.4925537109375 -1.6252615451812744
524.538818359375 487.49847412109375 -1.6252615451812744
524.321044921875 483.50439453125 -1.6252615451812744
524.103271484375 479.51031494140625 -1.6252615451812744
523.885498046875 475.5162353515625 -1.6252615451812744
523.667724609375 471.52215576171875 -1.6252615451812744
523.667724609375 471.52215576171875 -2.025261640548706
522.7178955078125 470.02606201171875 -2.2476818561553955
521.46142578125 468.7763671875 -2.470102071762085
519.9602661132812 467.8345947265625 -2.6925222873687744
516.3568725585938 466.09808349609375 -2.6925222873687744
512.7534790039062 464.361572265625 -2.6925222873687744
509.15008544921875 462.62506103515625 -2.6925222873687744
505.54669189453125 460.8885498046875 -2.6925222873687744
501.94329833984375 459.15203857421875 -2.6925222873687744
498.33990478515625 457.41552734375 -2.6925222873687744
498.33990478515625 457.41552734375 -2.2925221920013428
497.0286865234375 456.223388671875 -2.5149424076080322
497.0286865234375 456.223388671875 -2.1149423122406006
495.94866943359375 454.8183898925781 -2.33736252784729
495.94866943359375 454.8183898925781 -1.937362551689148
495.1338195800781 453.24468994140625 -2.159782886505127
493.9919128417969 451.8894958496094 -2.3822031021118164
492.5791931152344 450.819580078125 -2.604623317718506
492.5791931152344 450.819580078125 -2.204623222351074
491.377685546875 449.5169372558594 -2.4270434379577637
491.377685546875 449.5169372558594 -2.027043342590332
490.4251708984375 448.0225524902344 -2.2494635581970215
489.1664733886719 446.77508544921875 -2.471883773803711
487.1734313964844 445.4413757324219 -2.631817102432251
487.1734313964844 445.4413757324219 -2.2318170070648193
485.93695068359375 444.1719055175781 -2.454237222671509
484.4508972167969 443.2064514160156 -2.6766574382781982
484.4508972167969 443.2064514160156 -2.2766573429107666
483.15875244140625 441.9936828613281 -2.499077558517456
481.63092041015625 441.0958251953125 -2.7214977741241455
481.63092041015625 441.0958251953125 -2.321497678756714
480.28570556640625 439.9421691894531 -2.5439178943634033
478.7191162109375 439.1136779785156 -2.7663347721099854
478.7191162109375 439.1136779785156 -2.3663346767425537
477.32354736328125 438.021484375 -2.588754892349243
477.32354736328125 438.021484375 -2.1887547969818115
476.1428527832031 436.699951171875 -2.411175012588501
474.6997375488281 435.6714172363281 -2.6335952281951904
474.6997375488281 435.6714172363281 -2.233595132827759
473.46099853515625 434.4041442871094 -2.4560153484344482
471.9732360839844 433.44134521484375 -2.6784355640411377
471.9732360839844 433.44134521484375 -2.278435468673706
470.6789245605469 432.2308654785156 -2.5008556842803955
469.14947509765625 431.3357238769531 -2.723275899887085
469.14947509765625 431.3357238769531 -2.3232758045196533
467.8022155761719 430.1844787597656 -2.5456960201263428
466.23419189453125 429.3587951660156 -2.7681162357330322
466.23419189453125 429.3587951660156 -2.3681161403656006
464.836669921875 428.26910400390625 -2.59053635597229
463.23321533203125 427.5145263671875 -2.8129565715789795
463.23321533203125 427.5145263671875 -2.412956476211548
461.78826904296875 426.4885559082031 -2.6353766918182373
460.152587890625 425.8066101074219 -2.8577969074249268
460.152587890625 425.8066101074219 -2.457796812057495
458.6630859375 424.8464660644531 -2.6802170276641846
458.6630859375 424.8464660644531 -2.280216932296753
457.36663818359375 423.6383056640625 -2.5026371479034424
455.8356018066406 422.7458801269531 -2.725057363510132
455.8356018066406 422.7458801269531 -2.3250572681427
454.4862976074219 421.5970458984375 -2.5474774837493896
452.91680908203125 420.7741394042969 -2.769897699356079
452.91680908203125 420.7741394042969 -2.3698976039886475
451.5173645019531 419.6869201660156 -2.592317819595337
449.9125671386719 418.9352111816406 -2.8147380352020264
449.9125671386719 418.9352111816406 -2.4147379398345947
448.4657897949219 417.9118347167969 -2.637158155441284
448.4657897949219 417.9118347167969 -2.2371580600738525
447.2225341796875 416.64898681640625 -2.459578275680542
445.7313232421875 415.6914978027344 -2.6819984912872314
445.7313232421875 415.6914978027344 -2.2819983959198
444.4327087402344 414.4856262207031 -2.5044186115264893
442.90008544921875 413.5959167480469 -2.7268388271331787
442.90008544921875 413.5959167480469 -2.326838731765747
441.5487365722656 412.449462890625 -2.5492589473724365
439.977783203125 411.6293640136719 -2.771679162979126
439.977783203125 411.6293640136719 -2.3716790676116943
438.5763854980469 410.5446472167969 -2.594099283218384
436.9702453613281 409.7957763671875 -2.8165194988250732
436.9702453613281 409.7957763671875 -2.4165194034576416
435.5216369628906 408.77496337890625 -2.638939619064331
433.883544921875 408.0988464355469 -2.8613598346710205
433.883544921875 408.0988464355469 -2.461359739303589
432.3906555175781 407.1440124511719 -2.6837799549102783
430.7239074707031 406.5420227050781 -2.9062001705169678
430.7239074707031 406.5420227050781 -2.506200075149536
429.189697265625 405.6550598144531 -2.7286202907562256
429.189697265625 405.6550598144531 -2.328620195388794
427.8363037109375 404.5110168457031 -2.5510404109954834
426.2638854980469 403.6937255859375 -2.773460626602173
426.2638854980469 403.6937255859375 -2.373460531234741
424.8605651855469 402.61151123046875 -2.5958807468414307
423.2530822753906 401.8655090332031 -2.81830096244812
423.2530822753906 401.8655090332031 -2.4183008670806885
421.80267333984375 400.8472900390625 -2.640721082687378
420.16339111328125 400.1741027832031 -2.8631412982940674
420.16339111328125 400.1741027832031 -2.4631412029266357
418.6687927246094 399.221923828125 -2.685561418533325
417.0009765625 398.6228942871094 -2.9079816341400146
417.0009765625 398.6228942871094 -2.507981538772583
415.4652099609375 397.7386779785156 -2.7304017543792725
411.7986145019531 396.1398620605469 -2.7304017543792725
411.7986145019531 396.1398620605469 -2.330401659011841
410.44317626953125 394.99822998046875 -2.5528218746185303
408.8692932128906 394.1837158203125 -2.7752420902252197
408.8692932128906 394.1837158203125 -2.375241994857788
407.46405029296875 393.10400390625 -2.5976622104644775
405.8552551269531 392.3608703613281 -2.820082426071167
405.8552551269531 392.3608703613281 -2.4200823307037354
404.40301513671875 391.3452453613281 -2.642502546310425
402.76251220703125 390.67498779296875 -2.8649227619171143
402.76251220703125 390.67498779296875 -2.4649226665496826
401.2662048339844 389.7254638671875 -2.687342882156372
399.5973205566406 389.12939453125 -2.9097630977630615
399.5973205566406 389.12939453125 -2.50976300239563
398.0599670410156 388.2478942871094 -2.7321832180023193
398.0599670410156 388.2478942871094 -2.3321831226348877
396.7025146484375 387.10870361328125 -2.554603338241577
395.127197265625 386.2969970703125 -2.7770235538482666
395.127197265625 386.2969970703125 -2.377023458480835
393.72003173828125 385.21978759765625 -2.5994436740875244
392.10992431640625 384.4795227050781 -2.821863889694214
392.10992431640625 384.4795227050781 -2.4218637943267822
390.6558837890625 383.4664611816406 -2.6442840099334717
389.0141906738281 382.7991027832031 -2.866704225540161
389.0141906738281 382.7991027832031 -2.4667041301727295
387.5162048339844 381.8522644042969 -2.689124345779419
385.84625244140625 381.2591857910156 -2.9115445613861084
385.84625244140625 381.2591857910156 -2.5115444660186768
384.3073425292969 380.38043212890625 -2.733964681625366
384.3073425292969 380.38043212890625 -2.3339645862579346
382.9478454589844 379.24365234375 -2.556384801864624
381.37109375 378.43475341796875 -2.7788050174713135
381.37109375 378.43475341796875 -2.378804922103882
379.9620056152344 377.36004638671875 -2.6012251377105713
378.3505554199219 376.6226501464844 -2.8236453533172607
378.3505554199219 376.6226501464844 -2.423645257949829
376.89471435546875 375.6121826171875 -2.6460654735565186
375.2518310546875 374.94775390625 -2.868485689163208
375.2518310546875 374.94775390625 -2.4684855937957764
373.7521667480469 374.0035705566406 -2.690905809402466
372.0811767578125 373.4134521484375 -2.9133260250091553
372.0811767578125 373.4134521484375 -2.5133259296417236
370.5406799316406 372.5374450683594 -2.735746145248413
368.84490966796875 372.0228271484375 -2.9581663608551025
368.84490966796875 372.0228271484375 -2.558166265487671
367.2667236328125 371.21673583984375 -2.7805864810943604
367.2667236328125 371.21673583984375 -2.3805863857269287
365.8557434082031 370.1445617675781 -2.603006601333618
364.2430114746094 369.4100341796875 -2.8254268169403076
364.2430114746094 369.4100341796875 -2.425426721572876
362.7853698730469 368.40216064453125 -2.6478469371795654
361.1413269042969 367.74066162109375 -2.870267152786255
361.1413269042969 367.74066162109375 -2.4702670574188232
359.6399841308594 366.7991638183594 -2.6926872730255127
357.9679260253906 366.2120361328125 -2.915107488632202
357.9679260253906 366.2120361328125 -2.5151073932647705
356.4258728027344 365.3387756347656 -2.73752760887146
356.4258728027344 365.3387756347656 -2.3375275135040283
355.0623474121094 364.20684814453125 -2.5599477291107178
353.48272705078125 363.4035949707031 -2.7823679447174072
353.48272705078125 363.4035949707031 -2.3823678493499756
352.06982421875 362.33392333984375 -2.604788064956665
350.4557800292969 361.6022644042969 -2.8272082805633545
350.4557800292969 361.6022644042969 -2.427208185195923
348.9963684082031 360.5970153808594 -2.6496284008026123
347.35113525390625 359.9384460449219 -2.8720486164093018
347.35113525390625 359.9384460449219 -2.47204852104187
345.8481140136719 358.9996032714844 -2.6944687366485596
344.1750183105469 358.4154357910156 -2.916888952255249
344.1750183105469 358.4154357910156 -2.5168888568878174
342.6314392089844 357.544921875 -2.739309072494507
342.6314392089844 357.544921875 -2.339308977127075
341.2658996582031 356.4154357910156 -2.5617291927337646
339.6848449707031 355.614990234375 -2.784149408340454
339.6848449707031 355.614990234375 -2.3841493129730225
338.2700500488281 354.5478515625 -2.606569528579712
336.6546936035156 353.819091796875 -2.8289897441864014
336.6546936035156 353.819091796875 -2.4289896488189697
335.1934814453125 352.8164367675781 -2.651409864425659
333.5470886230469 352.1607971191406 -2.8738300800323486
333.5470886230469 352.1607971191406 -2.473829984664917
332.0423889160156 351.2246398925781 -2.6962502002716064
330.3682556152344 350.6434631347656 -2.918670415878296
330.3682556152344 350.6434631347656 -2.5186703205108643
328.8231201171875 349.77569580078125 -2.7410905361175537
328.8231201171875 349.77569580078125 -2.341090440750122
327.45556640625 348.64862060546875 -2.5635106563568115
325.8730773925781 347.8509826660156 -2.785930871963501
325.8730773925781 347.8509826660156 -2.3859307765960693
324.4563903808594 346.7863464355469 -2.608350992202759
322.8397521972656 346.0604553222656 -2.8307712078094482
322.8397521972656 346.0604553222656 -2.4307711124420166
321.3767395019531 345.0603942871094 -2.653191328048706
319.72918701171875 344.4076843261719 -2.8756115436553955
319.72918701171875 344.4076843261719 -2.475611448287964
318.22283935546875 343.4742126464844 -2.6980316638946533
316.54766845703125 342.8960266113281 -2.9204518795013428
316.54766845703125 342.8960266113281 -2.520451784133911
315.0009765625 342.031005859375 -2.7428719997406006
315.0009765625 342.031005859375 -2.342871904373169
313.63140869140625 340.9063720703125 -2.5652921199798584
312.0475158691406 340.111572265625 -2.787712335586548
312.0475158691406 340.111572265625 -2.387712240219116
310.62890625 339.0494689941406 -2.6101324558258057
309.0109558105469 338.3264465332031 -2.832552671432495
309.0109558105469 338.3264465332031 -2.4325525760650635
307.5461730957031 337.3290100097656 -2.654972791671753
305.8974609375 336.67926025390625 -2.8773930072784424
305.8974609375 336.67926025390625 -2.4773929119110107
304.3894348144531 335.74847412109375 -2.6998131275177
302.7132568359375 335.17327880859375 -2.9222333431243896
302.7132568359375 335.17327880859375 -2.522233247756958
301.1650390625 334.31103515625 -2.7446534633636475
299.4647521972656 333.8115539550781 -2.967073678970337
299.4647521972656 333.8115539550781 -2.5670735836029053
297.8794250488281 333.0195617675781 -2.7894937992095947
297.8794250488281 333.0195617675781 -2.389493703842163
296.4589538574219 331.9599914550781 -2.6119139194488525
294.8397216796875 331.2398681640625 -2.834334135055542
294.8397216796875 331.2398681640625 -2.4343340396881104
293.3731689453125 330.2450256347656 -2.6567542552948
291.7232971191406 329.59820556640625 -2.8791744709014893
291.7232971191406 329.59820556640625 -2.4791743755340576
290.213623046875 328.67010498046875 -2.701594591140747
288.5364074707031 328.097900390625 -2.9240148067474365
288.5364074707031 328.097900390625 -2.524014711380005
286.9866638183594 327.2384033203125 -2.7464349269866943
285.2853698730469 326.7419128417969 -2.9688429832458496
285.2853698730469 326.7419128417969 -2.568842887878418
283.6986389160156 325.9527282714844 -2.7912631034851074
283.6986389160156 325.9527282714844 -2.391263008117676
282.2762756347656 324.8956604003906 -2.6136832237243652
280.6557922363281 324.17840576171875 -2.8361034393310547
280.6557922363281 324.17840576171875 -2.436103343963623
279.1874694824219 323.1861572265625 -2.6585235595703125
277.53643798828125 322.5422668457031 -2.880943775177002
277.53643798828125 322.5422668457031 -2.4809436798095703
276.0251159667969 321.6168518066406 -2.7033638954162598
276.0251159667969 321.6168518066406 -2.303363800048828
274.7010498046875 320.4389953613281 -2.5257840156555176
273.1497802734375 319.5822448730469 -2.748204231262207
273.1497802734375 319.5822448730469 -2.3482041358947754
271.77423095703125 318.4649353027344 -2.570624351501465
270.18609619140625 317.6785888671875 -2.7930445671081543
270.18609619140625 317.6785888671875 -2.3930444717407227
268.7618713378906 316.6240539550781 -2.615464687347412
268.7618713378906 316.6240539550781 -2.2154645919799805
267.54632568359375 315.33453369140625 -2.43788480758667
266.0762634277344 314.34490966796875 -2.6603050231933594
266.0762634277344 314.34490966796875 -2.2603049278259277
264.8041076660156 313.1111755371094 -2.482725143432617
263.2911376953125 312.1884460449219 -2.7051453590393066
263.2911376953125 312.1884460449219 -2.305145263671875
261.9649658203125 311.0129699707031 -2.5275654792785645
261.9649658203125 311.0129699707031 -2.127565383911133
260.8673095703125 309.6217041015625 -2.3499855995178223
259.4897766113281 308.5068359375 -2.5724058151245117
259.4897766113281 308.5068359375 -2.17240571975708
258.3308410644531 307.1661682128906 -2.3948259353637695
256.90472412109375 306.1141662597656 -2.617246150970459
256.90472412109375 306.1141662597656 -2.2172460556030273
255.68687438964844 304.8268127441406 -2.439666271209717
255.68687438964844 304.8268127441406 -2.039666175842285
254.715576171875 303.3445739746094 -2.2620863914489746
253.4412384033203 302.11309814453125 -2.484506607055664
253.4412384033203 302.11309814453125 -2.0845065116882324
252.40447998046875 300.6758728027344 -2.306926727294922
249.71878051757812 297.7115783691406 -2.306926727294922
249.71878051757812 297.7115783691406 -1.9069267511367798
248.95220947265625 296.11383056640625 -2.129347085952759
247.85206604003906 294.7245178222656 -2.3517673015594482
247.85206604003906 294.7245178222656 -1.9517673254013062
247.0146484375 293.1627197265625 -2.174187660217285
247.0146484375 293.1627197265625 -1.774187684059143
246.46627807617188 291.4775695800781 -1.9966078996658325
245.5596923828125 289.95489501953125 -2.2190282344818115
245.5596923828125 289.95489501953125 -1.8190282583236694
244.93634033203125 288.2960205078125 -2.0414485931396484
243.96240234375 286.81549072265625 -2.263868808746338
243.96240234375 286.81549072265625 -1.8638688325881958
243.26531982421875 285.18621826171875 -2.086289167404175
243.26531982421875 285.18621826171875 -1.6862891912460327
242.86700439453125 283.45941162109375 -1.9087094068527222
241.54092407226562 279.68560791015625 -1.9087094068527222
241.54092407226562 279.68560791015625 -1.50870943069458
241.4539031982422 277.9156188964844 -1.7311296463012695
240.97857666015625 276.2084045410156 -1.953549861907959
240.97857666015625 276.2084045410156 -1.553549885749817
240.8123016357422 274.444091796875 -1.7759701013565063
239.99734497070312 270.5279846191406 -1.7759701013565063
239.18238830566406 266.61187744140625 -1.7759701013565063
238.367431640625 262.6957702636719 -1.7759701013565063
238.367431640625 262.6957702636719 -1.3759701251983643
239.14181518554688 258.7714538574219 -1.3759701251983643
239.91619873046875 254.8471221923828 -1.3759701251983643
240.69058227539062 250.92279052734375 -1.3759701251983643
241.4649658203125 246.9984588623047 -1.3759701251983643
242.23934936523438 243.07412719726562 -1.3759701251983643
243.01373291015625 239.14979553222656 -1.3759701251983643
243.78811645507812 235.2254638671875 -1.3759701251983643
244.5625 231.30113220214844 -1.3759701251983643
245.33688354492188 227.37680053710938 -1.3759701251983643
246.11126708984375 223.4524688720703 -1.3759701251983643
246.88565063476562 219.52813720703125 -1.3759701251983643
247.6600341796875 215.6038055419922 -1.3759701251983643
248.43441772460938 211.67947387695312 -1.3759701251983643
249.20880126953125 207.75514221191406 -1.3759701251983643
249.98318481445312 203.830810546875 -1.3759701251983643
249.98318481445312 203.830810546875 -0.9759701490402222
252.22463989257812 200.517822265625 -0.9759701490402222
252.22463989257812 200.517822265625 -0.5759701728820801
255.5792999267578 198.3392333984375 -0.5759701728820801
258.9339599609375 196.16064453125 -0.5759701728820801
262.2886047363281 193.9820556640625 -0.5759701728820801
265.64324951171875 191.803466796875 -0.5759701728820801
268.9978942871094 189.6248779296875 -0.5759701728820801
272.3525390625 187.4462890625 -0.5759701728820801
275.7071838378906 185.2677001953125 -0.5759701728820801
275.7071838378906 185.2677001953125 -0.1759701669216156
279.6454162597656 184.56744384765625 -0.1759701669216156
283.5836486816406 183.8671875 -0.1759701669216156
287.5218811035156 183.16693115234375 -0.1759701669216156
291.4601135253906 182.4666748046875 -0.1759701669216156
295.3983459472656 181.76641845703125 -0.1759701669216156
299.3365783691406 181.066162109375 -0.1759701669216156
303.2748107910156 180.36590576171875 -0.1759701669216156
307.2130432128906 179.6656494140625 -0.1759701669216156
311.1512756347656 178.96539306640625 -0.1759701669216156
315.0895080566406 178.26513671875 -0.1759701669216156
319.0277404785156 177.56488037109375 -0.1759701669216156
322.9659729003906 176.8646240234375 -0.1759701669216156
326.9042053222656 176.16436767578125 -0.1759701669216156
330.8424377441406 175.464111328125 -0.1759701669216156
334.7806701660156 174.76385498046875 -0.1759701669216156
338.7189025878906 174.0635986328125 -0.1759701669216156
342.6571350097656 173.36334228515625 -0.1759701669216156
346.5953674316406 172.6630859375 -0.1759701669216156
350.5335998535156 171.96282958984375 -0.1759701669216156
354.4718322753906 171.2625732421875 -0.1759701669216156
358.4100646972656 170.56231689453125 -0.1759701669216156
362.3482971191406 169.862060546875 -0.1759701669216156
366.2865295410156 169.16180419921875 -0.1759701669216156
370.2247619628906 168.4615478515625 -0.1759701669216156
374.1629943847656 167.76129150390625 -0.1759701669216156
378.1012268066406 167.06103515625 -0.1759701669216156
382.0394592285156 166.36077880859375 -0.1759701669216156
385.9776916503906 165.6605224609375 -0.1759701669216156
389.9159240722656 164.96026611328125 -0.1759701669216156
393.8541564941406 164.260009765625 -0.1759701669216156
397.7923889160156 163.55975341796875 -0.1759701669216156
401.7306213378906 162.8594970703125 -0.1759701669216156
405.6688537597656 162.15924072265625 -0.1759701669216156
409.6070861816406 161.458984375 -0.1759701669216156
413.5453186035156 160.75872802734375 -0.1759701669216156
417.4835510253906 160.0584716796875 -0.1759701669216156
421.4217834472656 159.35821533203125 -0.1759701669216156
425.3600158691406 158.657958984375 -0.1759701669216156
429.2982482910156 157.95770263671875 -0.1759701669216156
433.2364807128906 157.2574462890625 -0.1759701669216156
437.1747131347656 156.55718994140625 -0.1759701669216156
441.1129455566406 155.85693359375 -0.1759701669216156
445.0511779785156 155.15667724609375 -0.1759701669216156
448.9894104003906 154.4564208984375 -0.1759701669216156
452.9276428222656 153.75616455078125 -0.1759701669216156
456.8658752441406 153.055908203125 -0.1759701669216156
460.8041076660156 152.35565185546875 -0.1759701669216156
464.7423400878906 151.6553955078125 -0.1759701669216156
468.6805725097656 150.95513916015625 -0.1759701669216156
472.6188049316406 150.2548828125 -0.1759701669216156
476.5570373535156 149.55462646484375 -0.1759701669216156
480.4952697753906 148.8543701171875 -0.1759701669216156
484.4335021972656 148.15411376953125 -0.1759701669216156
488.3717346191406 147.453857421875 -0.1759701669216156
492.3099670410156 146.75360107421875 -0.1759701669216156
496.2481994628906 146.0533447265625 -0.1759701669216156
500.1864318847656 145.35308837890625 -0.1759701669216156
504.1246643066406 144.65283203125 -0.1759701669216156
508.0628967285156 143.95257568359375 -0.1759701669216156
512.0010986328125 143.2523193359375 -0.1759701669216156
515.9393310546875 142.55206298828125 -0.1759701669216156
515.9393310546875 142.55206298828125 -0.5759701728820801
519.2940063476562 140.37347412109375 -0.5759701728820801
522.648681640625 138.19488525390625 -0.5759701728820801
526.0033569335938 136.01629638671875 -0.5759701728820801
529.3580322265625 133.83770751953125 -0.5759701728820801
532.7127075195312 131.65911865234375 -0.5759701728820801
532.7127075195312 131.65911865234375 -0.9759701490402222
533.5367431640625 130.0902099609375 -1.1983903646469116
533.994384765625 128.378173828125 -1.420810580253601
534.0631103515625 126.60736846923828 -1.6432307958602905
533.7736206054688 122.61785888671875 -1.6432307958602905
533.484130859375 118.62834930419922 -1.6432307958602905
533.1946411132812 114.63883972167969 -1.6432307958602905
532.9051513671875 110.64933013916016 -1.6432307958602905
532.6156616210938 106.65982055664062 -1.6432307958602905
532.326171875 102.6703109741211 -1.6432307958602905
532.0366821289062 98.68080139160156 -1.6432307958602905
531.7471923828125 94.69129180908203 -1.6432307958602905
531.4577026367188 90.7017822265625 -1.6432307958602905
531.168212890625 86.71227264404297 -1.6432307958602905
530.8787231445312 82.72276306152344 -1.6432307958602905
530.5892333984375 78.7332534790039 -1.6432307958602905
530.5892333984375 78.7332534790039 -2.0432307720184326
528.7689819335938 75.17140197753906 -2.0432307720184326
526.94873046875 71.60955047607422 -2.0432307720184326
525.1284790039062 68.04769897460938 -2.0432307720184326
525.1284790039062 68.04769897460938 -2.4432308673858643
523.6531372070312 67.06594848632812 -2.6656510829925537
521.99755859375 66.43383026123047 -2.888071298599243
520.2433471679688 66.18248748779297 -3.1104915142059326
516.2453002929688 66.05810546875 -3.1104915142059326
512.2472534179688 65.93372344970703 -3.1104915142059326
508.2491760253906 65.80934143066406 -3.1104915142059326
504.2510986328125 65.6849594116211 -3.1104915142059326
500.2530212402344 65.56057739257812 -3.1104915142059326
496.25494384765625 65.43619537353516 -3.1104915142059326
492.2568664550781 65.31181335449219 -3.1104915142059326
488.4658203125 65.23333740234375 -3.1312999725341797
484.4660339355469 65.19216918945312 -3.1312999725341797
480.46624755859375 65.1510009765625 -3.1312999725341797
476.4664611816406 65.10983276367188 -3.1312999725341797
472.4666748046875 65.06866455078125 -3.1312999725341797
468.4668884277344 65.02749633789062 -3.1312999725341797
464.46710205078125 64.986328125 -3.1312999725341797
460.4673156738281 64.94515991210938 -3.1312999725341797
456.467529296875 64.90399169921875 -3.1312999725341797
452.4677429199219 64.86282348632812 -3.1312999725341797
448.46795654296875 64.8216552734375 -3.1312999725341797
444.4681701660156 64.78048706054688 -3.1312999725341797
440.4683837890625 64.73931884765625 -3.1312999725341797
436.4685974121094 64.69815063476562 -3.1312999725341797
432.46881103515625 64.656982421875 -3.1312999725341797
428.4690246582031 64.61581420898438 -3.1312999725341797
424.46923828125 64.57464599609375 -3.1312999725341797
420.4694519042969 64.53347778320312 -3.1312999725341797
420.4694519042969 64.53347778320312 -2.731299877166748
420.4694519042969 64.53347778320312 -2.3312997817993164
419.1130065917969 63.3930778503418 -2.553719997406006
417.53839111328125 62.57999038696289 -2.7761402130126953
417.53839111328125 62.57999038696289 -2.3761401176452637
416.1321716308594 61.50154113769531 -2.598560333251953
414.522705078125 60.75985336303711 -2.8209805488586426
412.7892761230469 60.39147186279297 -3.043400764465332
412.7892761230469 60.39147186279297 -2.6434006690979004
411.148193359375 59.72267532348633 -2.86582088470459
411.148193359375 59.72267532348633 -2.465820789337158
409.65106201171875 58.77450180053711 -2.6882410049438477
407.98162841796875 58.17993927001953 -2.910661220550537
404.0877990722656 57.264400482177734 -2.910661220550537
402.3283386230469 57.0527458190918 -3.1330814361572266
402.3283386230469 57.0527458190918 -2.733081340789795
400.6339416503906 56.53361511230469 -2.9555015563964844
398.74853515625 56.380855560302734 3.1171915531158447
398.74853515625 56.380855560302734 -2.765993595123291
397.0379638671875 55.917762756347656 -2.9884138107299805
395.26739501953125 55.84341049194336 3.0723512172698975
395.26739501953125 55.84341049194336 -2.8108339309692383
393.53778076171875 55.45745849609375 -3.0332541465759277
391.7656555175781 55.462547302246094 3.02751088142395
391.7656555175781 55.462547302246094 -2.8556742668151855
390.0205078125 55.15451431274414 -3.078094482421875
388.2503967285156 55.239036560058594 2.982670545578003
388.2503967285156 55.239036560058594 -2.900514602661133
386.4931945800781 55.00954055786133 -3.1229348182678223
384.7286376953125 55.17332077026367 2.9378302097320557
384.7286376953125 55.17332077026367 -2.94535493850708
382.962890625 55.022823333740234 3.115410089492798
382.962890625 55.022823333740234 -2.767775058746338
381.2514953613281 54.56277847290039 -2.9901952743530273
379.48077392578125 54.491580963134766 3.0705697536468506
379.48077392578125 54.491580963134766 -2.812615394592285
377.75048828125 54.10871124267578 -3.0350356101989746
375.9783630371094 54.11695861816406 3.0257294178009033
375.9783630371094 54.11695861816406 -2.8574557304382324
374.232666015625 53.812034606933594 -3.079875946044922
372.46270751953125 53.89970779418945 2.980889081954956
372.46270751953125 53.89970779418945 -2.9022960662841797
370.705078125 53.67333984375 -3.124716281890869
368.9408264160156 53.84026336669922 2.936048746109009
368.9408264160156 53.84026336669922 -2.947136402130127
367.1748352050781 53.692909240722656 3.113628625869751
365.4198303222656 53.938751220703125 2.8912084102630615
365.4198303222656 53.938751220703125 -2.991976737976074
363.64898681640625 53.87070846557617 3.0687882900238037
361.9067687988281 54.194969177246094 2.8463680744171143
361.9067687988281 54.194969177246094 -3.0368170738220215
360.1346740722656 54.20637130737305 3.0239479541778564
360.1346740722656 54.20637130737305 -2.8592371940612793
358.388427734375 53.90455627441406 -3.0816574096679688
356.6186218261719 53.995384216308594 2.979107618331909
356.6186218261719 53.995384216308594 -2.9040775299072266
354.860595703125 53.77214813232422 -3.126497745513916
353.0966491699219 53.94221496582031 2.934267282485962
353.0966491699219 53.94221496582031 -2.948917865753174
351.33038330078125 53.79800796508789 3.111847162246704
349.5758056640625 54.046974182128906 2.8894269466400146
349.5758056640625 54.046974182128906 -2.993758201599121
347.8048400878906 53.982086181640625 3.067006826400757
346.0632019042969 54.309452056884766 2.8445866107940674
346.0632019042969 54.309452056884766 -3.0385985374450684
344.2911071777344 54.324012756347656 3.0221664905548096
342.5658874511719 54.72911834716797 2.79974627494812
342.5658874511719 54.72911834716797 -3.0834388732910156
340.7962341308594 54.823097229003906 2.9773261547088623
340.7962341308594 54.823097229003906 -2.9058589935302734
339.0378112792969 54.60299301147461 -3.128279209136963
337.274169921875 54.77620315551758 2.932485818862915
337.274169921875 54.77620315551758 -2.9506993293762207
335.5076599121094 54.6351432800293 3.1100656986236572
333.7535400390625 54.88723373413086 2.8876454830169678
333.7535400390625 54.88723373413086 -2.995539665222168
331.98248291015625 54.82550048828125 3.06522536277771
330.2414245605469 55.155967712402344 2.8428051471710205
330.2414245605469 55.155967712402344 -3.0403800010681152
328.4693603515625 55.173683166503906 3.0203850269317627
326.74334716796875 55.58208084106445 2.7981176376342773
326.74334716796875 55.58208084106445 -3.0850675106048584
324.9738464355469 55.6789436340332 2.9756975173950195
321.02874755859375 56.33948516845703 2.9756975173950195
317.08367919921875 57.00002670288086 2.9756975173950195
313.13861083984375 57.66056823730469 2.9756975173950195
313.13861083984375 57.66056823730469 -2.907487630844116
311.37982177734375 57.443328857421875 -3.1299078464508057
309.616455078125 57.61941146850586 2.9308571815490723
309.616455078125 57.61941146850586 -2.9523279666900635
307.8497009277344 57.48122787475586 3.1084370613098145
306.09600830078125 57.736175537109375 2.886016845703125
306.09600830078125 57.736175537109375 -2.9971683025360107
304.3248596191406 57.67732620239258 3.063596725463867
302.5843505859375 58.01062774658203 2.8411765098571777
302.5843505859375 58.01062774658203 -3.042008638381958
300.81231689453125 58.03123092651367 3.01875638961792
296.84246826171875 58.521339416503906 3.01875638961792
292.87261962890625 59.01144790649414 3.01875638961792
288.90277099609375 59.501556396484375 3.01875638961792
284.93292236328125 59.99166488647461 3.01875638961792
280.96307373046875 60.481773376464844 3.01875638961792
276.99322509765625 60.97188186645508 3.01875638961792
273.02337646484375 61.46199035644531 3.01875638961792
269.05352783203125 61.95209884643555 3.01875638961792
265.08367919921875 62.44220733642578 3.01875638961792
261.11383056640625 62.932315826416016 3.01875638961792
257.14398193359375 63.42242431640625 3.01875638961792
253.1741180419922 63.912532806396484 3.01875638961792
249.20425415039062 64.40264129638672 3.01875638961792
245.23439025878906 64.89275360107422 3.01875638961792
241.2645263671875 65.38286590576172 3.01875638961792
237.29466247558594 65.87297821044922 3.01875638961792
233.32479858398438 66.36309051513672 3.01875638961792
229.3549346923828 66.85320281982422 3.01875638961792
225.38507080078125 67.34331512451172 3.01875638961792
221.4152069091797 67.83342742919922 3.01875638961792
217.44534301757812 68.32353973388672 3.01875638961792
213.47547912597656 68.81365203857422 3.01875638961792
209.505615234375 69.30376434326172 3.01875638961792
205.53575134277344 69.79387664794922 3.01875638961792
201.56588745117188 70.28398895263672 3.01875638961792
197.5960235595703 70.77410125732422 3.01875638961792
193.62615966796875 71.26421356201172 3.01875638961792
189.6562957763672 71.75432586669922 3.01875638961792
185.68643188476562 72.24443817138672 3.01875638961792
181.71656799316406 72.73455047607422 3.01875638961792
177.7467041015625 73.22466278076172 3.01875638961792
173.77684020996094 73.71477508544922 3.01875638961792
169.80697631835938 74.20488739013672 3.01875638961792
165.8371124267578 74.69499969482422 3.01875638961792
161.86724853515625 75.18511199951172 3.01875638961792
157.8973846435547 75.67522430419922 3.01875638961792
153.92752075195312 76.16533660888672 3.01875638961792
149.95765686035156 76.65544891357422 3.01875638961792
145.98779296875 77.14556121826172 3.01875638961792
142.01792907714844 77.63567352294922 3.01875638961792
142.01792907714844 77.63567352294922 -2.864428758621216
138.17059326171875 76.5411605834961 -2.864428758621216
134.32325744628906 75.44664764404297 -2.864428758621216
132.57546997070312 75.15390014648438 -3.0868489742279053
128.5814666748047 74.9350357055664 -3.0868489742279053
124.58745574951172 74.71617126464844 -3.0868489742279053
120.59344482421875 74.49730682373047 -3.0868489742279053
116.59943389892578 74.2784423828125 -3.0868489742279053
112.60542297363281 74.05957794189453 -3.0868489742279053
108.61141204833984 73.84071350097656 -3.0868489742279053
104.61740112304688 73.6218490600586 -3.0868489742279053
100.6233901977539 73.40298461914062 -3.0868489742279053
96.62937927246094 73.18412017822266 -3.0868489742279053
92.63536834716797 72.96525573730469 -3.0868489742279053
88.641357421875 72.74639129638672 -3.0868489742279053
84.64734649658203 72.52752685546875 -3.0868489742279053
80.65333557128906 72.30866241455078 -3.0868489742279053
76.6593246459961 72.08979797363281 -3.0868489742279053
72.66531372070312 71.87093353271484 -3.0868489742279053
68.67130279541016 71.65206909179688 -3.0868489742279053
64.67729187011719 71.4332046508789 -3.0868489742279053
60.683284759521484 71.21434020996094 -3.0868489742279053
56.68927764892578 70.99547576904297 -3.0868489742279053
52.69527053833008 70.776611328125 -3.0868489742279053
48.701263427734375 70.55774688720703 -3.0868489742279053
44.70725631713867 70.33888244628906 -3.0868489742279053
40.71324920654297 70.1200180053711 -3.0868489742279053
36.719242095947266 69.90115356445312 -3.0868489742279053
32.72523498535156 69.68228912353516 -3.0868489742279053
28.73122787475586 69.46342468261719 -3.0868489742279053
24.737220764160156 69.24456024169922 -3.0868489742279053
20.743213653564453 69.02569580078125 -3.0868489742279053
20.743213653564453 69.02569580078125 2.7963361740112305
20.743213653564453 69.02569580078125 2.396336078643799
20.743213653564453 69.02569580078125 2.7963361740112305
20.743213653564453 69.02569580078125 2.396336078643799
20.743213653564453 69.02569580078125 2.7963361740112305
20.743213653564453 69.02569580078125 2.396336078643799
20.743213653564453 69.02569580078125 2.7963361740112305
20.743213653564453 69.02569580078125 2.396336078643799
20.743213653564453 69.02569580078125 2.7963361740112305
20.743213653564453 69.02569580078125 2.396336078643799
