62.828426361083984 452.82843017578125 0.7853981852531433
65.65685272216797 455.6568603515625 0.7853981852531433
68.48528289794922 458.48529052734375 0.7853981852531433
71.31371307373047 461.313720703125 0.7853981852531433
74.14214324951172 464.14215087890625 0.7853981852531433
76.97057342529297 466.9705810546875 0.7853981852531433
79.79900360107422 469.79901123046875 0.7853981852531433
82.62743377685547 472.62744140625 0.7853981852531433
85.45586395263672 475.45587158203125 0.7853981852531433
88.28429412841797 478.2843017578125 0.7853981852531433
91.11272430419922 481.11273193359375 0.7853981852531433
93.94115447998047 483.941162109375 0.7853981852531433
96.76958465576172 486.76959228515625 0.7853981852531433
99.59801483154297 489.5980224609375 0.7853981852531433
102.42644500732422 492.42645263671875 0.7853981852531433
105.25487518310547 495.2548828125 0.7853981852531433
108.08330535888672 498.08331298828125 0.7853981852531433
110.91173553466797 500.9117431640625 0.7853981852531433
113.74016571044922 503.74017333984375 0.7853981852531433
116.56859588623047 506.568603515625 0.7853981852531433
119.39702606201172 509.39703369140625 0.7853981852531433
122.22545623779297 512.2254638671875 0.7853981852531433
125.05388641357422 515.0538940429688 0.7853981852531433
127.88231658935547 517.88232421875 0.7853981852531433
130.7107391357422 520.7107543945312 0.7853981852531433
133.53916931152344 523.5391845703125 0.7853981852531433
136.3675994873047 526.3676147460938 0.7853981852531433
139.19602966308594 529.196044921875 0.7853981852531433
142.0244598388672 532.0244750976562 0.7853981852531433
144.85289001464844 534.8529052734375 0.7853981852531433
147.6813201904297 537.6813354492188 0.7853981852531433
150.50975036621094 540.509765625 0.7853981852531433
150.50975036621094 540.509765625 0.38539817929267883
154.21633911132812 542.0134887695312 0.38539817929267883
157.9229278564453 543.5172119140625 0.38539817929267883
161.6295166015625 545.0209350585938 0.38539817929267883
161.6295166015625 545.0209350585938 -0.014601826667785645
165.62908935546875 544.9625244140625 -0.014601826667785645
169.628662109375 544.9041137695312 -0.014601826667785645
173.62823486328125 544.845703125 -0.014601826667785645
177.6278076171875 544.7872924804688 -0.014601826667785645
181.62738037109375 544.7288818359375 -0.014601826667785645
181.62738037109375 544.7288818359375 -0.4146018326282501
185.28848266601562 543.1175537109375 -0.4146018326282501
188.9495849609375 541.5062255859375 -0.4146018326282501
192.61068725585938 539.8948974609375 -0.4146018326282501
196.27178955078125 538.2835693359375 -0.4146018326282501
199.93289184570312 536.6722412109375 -0.4146018326282501
203.593994140625 535.0609130859375 -0.4146018326282501
207.25509643554688 533.4495849609375 -0.4146018326282501
210.91619873046875 531.8382568359375 -0.4146018326282501
214.57730102539062 530.2269287109375 -0.4146018326282501
218.2384033203125 528.6156005859375 -0.4146018326282501
218.2384033203125 528.6156005859375 -0.8146018385887146
220.9830322265625 525.705810546875 -0.8146018385887146
223.7276611328125 522.7960205078125 -0.8146018385887146
226.4722900390625 519.88623046875 -0.8146018385887146
229.2169189453125 516.9764404296875 -0.8146018385887146
231.9615478515625 514.066650390625 -0.8146018385887146
234.7061767578125 511.1568298339844 -0.8146018385887146
237.4508056640625 508.24700927734375 -0.8146018385887146
240.1954345703125 505.3371887207031 -0.8146018385887146
242.9400634765625 502.4273681640625 -0.8146018385887146
245.6846923828125 499.5175476074219 -0.8146018385887146
248.4293212890625 496.60772705078125 -0.8146018385887146
251.1739501953125 493.6979064941406 -0.8146018385887146
253.9185791015625 490.7880859375 -0.8146018385887146
256.6632080078125 487.8782653808594 -0.8146018385887146
259.4078369140625 484.96844482421875 -0.8146018385887146
262.1524658203125 482.0586242675781 -0.8146018385887146
264.8970947265625 479.1488037109375 -0.8146018385887146
267.6417236328125 476.2389831542969 -0.8146018385887146
270.3863525390625 473.32916259765625 -0.8146018385887146
273.1309814453125 470.4193420410156 -0.8146018385887146
275.8756103515625 467.509521484375 -0.8146018385887146
278.6202392578125 464.5997009277344 -0.8146018385887146
281.3648681640625 461.68988037109375 -0.8146018385887146
284.1094970703125 458.7800598144531 -0.8146018385887146
286.8541259765625 455.8702392578125 -0.8146018385887146
289.5987548828125 452.9604187011719 -0.8146018385887146
292.3433837890625 450.05059814453125 -0.8146018385887146
292.3433837890625 450.05059814453125 -0.4146018326282501
292.3433837890625 450.05059814453125 -0.014601826667785645
296.34295654296875 449.9921875 -0.014601826667785645
300.342529296875 449.93377685546875 -0.014601826667785645
304.34210205078125 449.8753662109375 -0.014601826667785645
304.34210205078125 449.8753662109375 0.38539817929267883
308.0487060546875 451.37908935546875 0.38539817929267883
311.75531005859375 452.8828125 0.38539817929267883
315.4619140625 454.38653564453125 0.38539817929267883
319.16851806640625 455.8902587890625 0.38539817929267883
322.8751220703125 457.39398193359375 0.38539817929267883
326.58172607421875 458.897705078125 0.38539817929267883
330.288330078125 460.40142822265625 0.38539817929267883
333.99493408203125 461.9051513671875 0.38539817929267883
337.7015380859375 463.40887451171875 0.38539817929267883
341.40814208984375 464.91259765625 0.38539817929267883
345.11474609375 466.41632080078125 0.38539817929267883
348.82135009765625 467.9200439453125 0.38539817929267883
352.5279541015625 469.42376708984375 0.38539817929267883
356.23455810546875 470.927490234375 0.38539817929267883
359.941162109375 472.43121337890625 0.38539817929267883
359.941162109375 472.43121337890625 0.7853981852531433
362.76959228515625 475.2596435546875 0.7853981852531433
365.5980224609375 478.08807373046875 0.7853981852531433
368.42645263671875 480.91650390625 0.7853981852531433
371.2548828125 483.74493408203125 0.7853981852531433
374.08331298828125 486.5733642578125 0.7853981852531433
376.9117431640625 489.40179443359375 0.7853981852531433
379.74017333984375 492.230224609375 0.7853981852531433
382.568603515625 495.05865478515625 0.7853981852531433
385.39703369140625 497.8870849609375 0.7853981852531433
388.2254638671875 500.71551513671875 0.7853981852531433
391.05389404296875 503.5439453125 0.7853981852531433
393.88232421875 506.37237548828125 0.7853981852531433
396.71075439453125 509.2008056640625 0.7853981852531433
399.5391845703125 512.0292358398438 0.7853981852531433
402.36761474609375 514.857666015625 0.7853981852531433
405.196044921875 517.6860961914062 0.7853981852531433
408.02447509765625 520.5145263671875 0.7853981852531433
410.8529052734375 523.3429565429688 0.7853981852531433
413.68133544921875 526.17138671875 0.7853981852531433
416.509765625 528.9998168945312 0.7853981852531433
419.33819580078125 531.8282470703125 0.7853981852531433
422.1666259765625 534.6566772460938 0.7853981852531433
424.99505615234375 537.485107421875 0.7853981852531433
427.823486328125 540.3135375976562 0.7853981852531433
427.823486328125 540.3135375976562 0.38539817929267883
431.53009033203125 541.8172607421875 0.38539817929267883
435.2366943359375 543.3209838867188 0.38539817929267883
438.94329833984375 544.82470703125 0.38539817929267883
442.64990234375 546.3284301757812 0.38539817929267883
446.35650634765625 547.8321533203125 0.38539817929267883
450.0631103515625 549.3358764648438 0.38539817929267883
453.76971435546875 550.839599609375 0.38539817929267883
457.476318359375 552.3433227539062 0.38539817929267883
461.18292236328125 553.8470458984375 0.38539817929267883
464.8895263671875 555.3507690429688 0.38539817929267883
468.59613037109375 556.8544921875 0.38539817929267883
472.302734375 558.3582153320312 0.38539817929267883
472.302734375 558.3582153320312 -0.014601826667785645
476.30230712890625 558.2998046875 -0.014601826667785645
480.3018798828125 558.2413940429688 -0.014601826667785645
484.30145263671875 558.1829833984375 -0.014601826667785645
488.301025390625 558.1245727539062 -0.014601826667785645
492.30059814453125 558.066162109375 -0.014601826667785645
496.3001708984375 558.0077514648438 -0.014601826667785645
500.29974365234375 557.9493408203125 -0.014601826667785645
504.29931640625 557.8909301757812 -0.014601826667785645
508.29888916015625 557.83251953125 -0.014601826667785645
512.2984619140625 557.7741088867188 -0.014601826667785645
516.2980346679688 557.7156982421875 -0.014601826667785645
516.2980346679688 557.7156982421875 -0.4146018326282501
519.9591674804688 556.1043701171875 -0.4146018326282501
523.6203002929688 554.4930419921875 -0.4146018326282501
527.2814331054688 552.8817138671875 -0.4146018326282501
530.9425659179688 551.2703857421875 -0.4146018326282501
534.6036987304688 549.6590576171875 -0.4146018326282501
534.6036987304688 549.6590576171875 -0.8146018385887146
537.3483276367188 546.749267578125 -0.8146018385887146
540.0929565429688 543.8394775390625 -0.8146018385887146
542.8375854492188 540.9296875 -0.8146018385887146
542.8375854492188 540.9296875 -1.2146018743515015
544.232421875 537.1807861328125 -1.2146018743515015
545.6272583007812 533.431884765625 -1.2146018743515015
547.0220947265625 529.6829833984375 -1.2146018743515015
548.4169311523438 525.93408203125 -1.2146018743515015
549.811767578125 522.1851806640625 -1.2146018743515015
551.2066040039062 518.436279296875 -1.2146018743515015
552.6014404296875 514.6873779296875 -1.2146018743515015
553.9962768554688 510.9384460449219 -1.2146018743515015
555.39111328125 507.18951416015625 -1.2146018743515015
555.39111328125 507.18951416015625 -1.6146018505096436
555.2159423828125 503.193359375 -1.6146018505096436
555.040771484375 499.19720458984375 -1.6146018505096436
554.8656005859375 495.2010498046875 -1.6146018505096436
554.6904296875 491.20489501953125 -1.6146018505096436
554.5152587890625 487.208740234375 -1.6146018505096436
554.5152587890625 487.208740234375 -2.014601945877075
552.7977294921875 483.59625244140625 -2.014601945877075
551.0802001953125 479.9837646484375 -2.014601945877075
549.3626708984375 476.37127685546875 -2.014601945877075
547.6451416015625 472.7587890625 -2.014601945877075
545.9276123046875 469.14630126953125 -2.014601945877075
544.2100830078125 465.5338134765625 -2.014601945877075
542.4925537109375 461.92132568359375 -2.014601945877075
542.4925537109375 461.92132568359375 -2.414602041244507
539.5038452148438 459.2628173828125 -2.414602041244507
536.51513671875 456.60430908203125 -2.414602041244507
533.5264282226562 453.94580078125 -2.414602041244507
530.5377197265625 451.28729248046875 -2.414602041244507
527.5490112304688 448.6287841796875 -2.414602041244507
524.560302734375 445.97027587890625 -2.414602041244507
521.5715942382812 443.311767578125 -2.414602041244507
518.5828857421875 440.65325927734375 -2.414602041244507
515.5941772460938 437.9947509765625 -2.414602041244507
512.60546875 435.33624267578125 -2.414602041244507
509.61676025390625 432.677734375 -2.414602041244507
506.6280517578125 430.01922607421875 -2.414602041244507
503.63934326171875 427.3607177734375 -2.414602041244507
500.650634765625 424.70220947265625 -2.414602041244507
497.66192626953125 422.043701171875 -2.414602041244507
494.6732177734375 419.38519287109375 -2.414602041244507
491.68450927734375 416.7266845703125 -2.414602041244507
488.69580078125 414.06817626953125 -2.414602041244507
485.70709228515625 411.40966796875 -2.414602041244507
482.7183837890625 408.75115966796875 -2.414602041244507
479.72967529296875 406.0926513671875 -2.414602041244507
479.72967529296875 406.0926513671875 -2.8146021366119385
475.9416198730469 404.807861328125 -2.8146021366119385
472.153564453125 403.5230712890625 -2.8146021366119385
468.3655090332031 402.23828125 -2.8146021366119385
464.57745361328125 400.9534912109375 -2.8146021366119385
460.7893981933594 399.668701171875 -2.8146021366119385
457.0013427734375 398.3839111328125 -2.8146021366119385
453.2132873535156 397.09912109375 -2.8146021366119385
449.42523193359375 395.8143310546875 -2.8146021366119385
445.6371765136719 394.529541015625 -2.8146021366119385
441.84912109375 393.2447509765625 -2.8146021366119385
438.0610656738281 391.9599609375 -2.8146021366119385
434.27301025390625 390.6751708984375 -2.8146021366119385
430.4849548339844 389.390380859375 -2.8146021366119385
426.6968994140625 388.1055908203125 -2.8146021366119385
422.9088439941406 386.82080078125 -2.8146021366119385
419.12078857421875 385.5360107421875 -2.8146021366119385
415.3327331542969 384.251220703125 -2.8146021366119385
411.544677734375 382.9664306640625 -2.8146021366119385
407.7566223144531 381.681640625 -2.8146021366119385
403.96856689453125 380.3968505859375 -2.8146021366119385
400.1805114746094 379.112060546875 -2.8146021366119385
396.3924560546875 377.8272705078125 -2.8146021366119385
392.6044006347656 376.54248046875 -2.8146021366119385
388.81634521484375 375.2576904296875 -2.8146021366119385
385.0282897949219 373.972900390625 -2.8146021366119385
381.240234375 372.6881103515625 -2.8146021366119385
377.4521789550781 371.4033203125 -2.8146021366119385
373.66412353515625 370.1185302734375 -2.8146021366119385
369.8760681152344 368.833740234375 -2.8146021366119385
366.0880126953125 367.5489501953125 -2.8146021366119385
362.2999572753906 366.26416015625 -2.8146021366119385
358.51190185546875 364.9793701171875 -2.8146021366119385
354.7238464355469 363.694580078125 -2.8146021366119385
350.935791015625 362.4097900390625 -2.8146021366119385
350.935791015625 362.4097900390625 -2.414602041244507
347.94708251953125 359.75128173828125 -2.414602041244507
344.9583740234375 357.0927734375 -2.414602041244507
341.96966552734375 354.43426513671875 -2.414602041244507
338.98095703125 351.7757568359375 -2.414602041244507
335.99224853515625 349.11724853515625 -2.414602041244507
333.0035400390625 346.458740234375 -2.414602041244507
330.01483154296875 343.80023193359375 -2.414602041244507
327.026123046875 341.1417236328125 -2.414602041244507
324.03741455078125 338.48321533203125 -2.414602041244507
321.0487060546875 335.82470703125 -2.414602041244507
318.05999755859375 333.16619873046875 -2.414602041244507
315.0712890625 330.5076904296875 -2.414602041244507
312.08258056640625 327.84918212890625 -2.414602041244507
309.0938720703125 325.190673828125 -2.414602041244507
306.10516357421875 322.53216552734375 -2.414602041244507
303.116455078125 319.8736572265625 -2.414602041244507
300.12774658203125 317.21514892578125 -2.414602041244507
297.1390380859375 314.556640625 -2.414602041244507
294.15032958984375 311.89813232421875 -2.414602041244507
291.16162109375 309.2396240234375 -2.414602041244507
288.17291259765625 306.58111572265625 -2.414602041244507
285.1842041015625 303.922607421875 -2.414602041244507
282.19549560546875 301.26409912109375 -2.414602041244507
279.206787109375 298.6055908203125 -2.414602041244507
276.21807861328125 295.94708251953125 -2.414602041244507
273.2293701171875 293.28857421875 -2.414602041244507
270.24066162109375 290.63006591796875 -2.414602041244507
267.251953125 287.9715576171875 -2.414602041244507
264.26324462890625 285.31304931640625 -2.414602041244507
261.2745361328125 282.654541015625 -2.414602041244507
258.28582763671875 279.99603271484375 -2.414602041244507
255.297119140625 277.3375244140625 -2.414602041244507
252.30841064453125 274.67901611328125 -2.414602041244507
249.3197021484375 272.0205078125 -2.414602041244507
246.33099365234375 269.36199951171875 -2.414602041244507
246.33099365234375 269.36199951171875 -2.014601945877075
244.6134796142578 265.74951171875 -2.014601945877075
242.89596557617188 262.13702392578125 -2.014601945877075
241.17845153808594 258.5245361328125 -2.014601945877075
239.4609375 254.9120330810547 -2.014601945877075
239.4609375 254.9120330810547 -1.614601969718933
239.2857666015625 250.91586303710938 -1.614601969718933
239.110595703125 246.91969299316406 -1.614601969718933
238.9354248046875 242.92352294921875 -1.614601969718933
238.76025390625 238.92735290527344 -1.614601969718933
238.5850830078125 234.93118286132812 -1.614601969718933
238.409912109375 230.9350128173828 -1.614601969718933
238.2347412109375 226.9388427734375 -1.614601969718933
238.0595703125 222.9426727294922 -1.614601969718933
237.8843994140625 218.94650268554688 -1.614601969718933
237.709228515625 214.95033264160156 -1.614601969718933
237.5340576171875 210.95416259765625 -1.614601969718933
237.35888671875 206.95799255371094 -1.614601969718933
237.1837158203125 202.96182250976562 -1.614601969718933
237.1837158203125 202.96182250976562 -2.014601945877075
235.46620178222656 199.3493194580078 -2.014601945877075
233.74868774414062 195.73681640625 -2.014601945877075
232.0311737060547 192.1243133544922 -2.014601945877075
230.31365966796875 188.51181030273438 -2.014601945877075
228.5961456298828 184.89930725097656 -2.014601945877075
226.87863159179688 181.28680419921875 -2.014601945877075
225.16111755371094 177.67430114746094 -2.014601945877075
223.443603515625 174.06179809570312 -2.014601945877075
221.72608947753906 170.4492950439453 -2.014601945877075
220.00857543945312 166.8367919921875 -2.014601945877075
218.2910614013672 163.2242889404297 -2.014601945877075
216.57354736328125 159.61178588867188 -2.014601945877075
214.8560333251953 155.99928283691406 -2.014601945877075
213.13851928710938 152.38677978515625 -2.014601945877075
213.13851928710938 152.38677978515625 -2.014601945877075
213.13851928710938 152.38677978515625 -2.014601945877075
213.13851928710938 152.38677978515625 -2.014601945877075
213.13851928710938 152.38677978515625 -2.014601945877075
213.13851928710938 152.38677978515625 -2.014601945877075
213.13851928710938 152.38677978515625 -2.014601945877075
213.13851928710938 152.38677978515625 -2.014601945877075
213.13851928710938 152.38677978515625 -2.014601945877075
213.13851928710938 152.38677978515625 -2.014601945877075
213.13851928710938 152.38677978515625 -2.014601945877075
