62.828426361083984 452.82843017578125 0.7853981852531433
65.65685272216797 455.6568603515625 0.7853981852531433
68.48528289794922 458.48529052734375 0.7853981852531433
71.31371307373047 461.313720703125 0.7853981852531433
74.14214324951172 464.14215087890625 0.7853981852531433
76.97057342529297 466.9705810546875 0.7853981852531433
79.79900360107422 469.79901123046875 0.7853981852531433
82.62743377685547 472.62744140625 0.7853981852531433
85.45586395263672 475.45587158203125 0.7853981852531433
88.28429412841797 478.2843017578125 0.7853981852531433
91.11272430419922 481.11273193359375 0.7853981852531433
93.94115447998047 483.941162109375 0.7853981852531433
96.76958465576172 486.76959228515625 0.7853981852531433
99.59801483154297 489.5980224609375 0.7853981852531433
102.42644500732422 492.42645263671875 0.7853981852531433
105.25487518310547 495.2548828125 0.7853981852531433
108.08330535888672 498.08331298828125 0.7853981852531433
110.91173553466797 500.9117431640625 0.7853981852531433
113.74016571044922 503.74017333984375 0.7853981852531433
116.56859588623047 506.568603515625 0.7853981852531433
119.39702606201172 509.39703369140625 0.7853981852531433
119.39702606201172 509.39703369140625 0.38539817929267883
123.10362243652344 510.9007568359375 0.38539817929267883
126.81021881103516 512.4044799804688 0.38539817929267883
130.51681518554688 513.908203125 0.38539817929267883
134.22340393066406 515.4119262695312 0.38539817929267883
134.22340393066406 515.4119262695312 -0.014601826667785645
138.2229766845703 515.353515625 -0.014601826667785645
142.22254943847656 515.2951049804688 -0.014601826667785645
146.2221221923828 515.2366943359375 -0.014601826667785645
150.22169494628906 515.1782836914062 -0.014601826667785645
154.2212677001953 515.119873046875 -0.014601826667785645
158.22084045410156 515.0614624023438 -0.014601826667785645
162.2204132080078 515.0030517578125 -0.014601826667785645
166.21998596191406 514.9446411132812 -0.014601826667785645
170.2195587158203 514.88623046875 -0.014601826667785645
170.2195587158203 514.88623046875 -0.4146018326282501
173.8806610107422 513.27490234375 -0.4146018326282501
177.54176330566406 511.6636047363281 -0.4146018326282501
177.54176330566406 511.6636047363281 -0.8146018385887146
180.28639221191406 508.7537841796875 -0.8146018385887146
183.03102111816406 505.8439636230469 -0.8146018385887146
185.77565002441406 502.93414306640625 -0.8146018385887146
188.52027893066406 500.0243225097656 -0.8146018385887146
191.26490783691406 497.114501953125 -0.8146018385887146
194.00953674316406 494.2046813964844 -0.8146018385887146
196.75416564941406 491.29486083984375 -0.8146018385887146
199.49879455566406 488.3850402832031 -0.8146018385887146
202.24342346191406 485.4752197265625 -0.8146018385887146
204.98805236816406 482.5653991699219 -0.8146018385887146
207.73268127441406 479.65557861328125 -0.8146018385887146
210.47731018066406 476.7457580566406 -0.8146018385887146
213.22193908691406 473.8359375 -0.8146018385887146
215.96656799316406 470.9261169433594 -0.8146018385887146
218.71119689941406 468.01629638671875 -0.8146018385887146
221.45582580566406 465.1064758300781 -0.8146018385887146
224.20045471191406 462.1966552734375 -0.8146018385887146
226.94508361816406 459.2868347167969 -0.8146018385887146
229.68971252441406 456.37701416015625 -0.8146018385887146
232.43434143066406 453.4671936035156 -0.8146018385887146
235.17897033691406 450.557373046875 -0.8146018385887146
237.92359924316406 447.6475524902344 -0.8146018385887146
240.66822814941406 444.73773193359375 -0.8146018385887146
243.41285705566406 441.8279113769531 -0.8146018385887146
246.15748596191406 438.9180908203125 -0.8146018385887146
248.90211486816406 436.0082702636719 -0.8146018385887146
251.64674377441406 433.09844970703125 -0.8146018385887146
254.39137268066406 430.1886291503906 -0.8146018385887146
257.1360168457031 427.27880859375 -0.8146018385887146
259.8806457519531 424.3689880371094 -0.8146018385887146
262.6252746582031 421.45916748046875 -0.8146018385887146
265.3699035644531 418.5493469238281 -0.8146018385887146
268.1145324707031 415.6395263671875 -0.8146018385887146
270.8591613769531 412.7297058105469 -0.8146018385887146
273.6037902832031 409.81988525390625 -0.8146018385887146
276.3484191894531 406.9100646972656 -0.8146018385887146
276.3484191894531 406.9100646972656 -1.2146018743515015
276.3484191894531 406.9100646972656 -1.6146018505096436
276.1732482910156 402.9139099121094 -1.6146018505096436
275.9980773925781 398.9177551269531 -1.6146018505096436
275.9980773925781 398.9177551269531 -2.014601945877075
274.2805480957031 395.3052673339844 -2.014601945877075
272.5630187988281 391.6927795410156 -2.014601945877075
270.8454895019531 388.0802917480469 -2.014601945877075
269.1279602050781 384.4678039550781 -2.014601945877075
269.1279602050781 384.4678039550781 -2.414602041244507
269.1279602050781 384.4678039550781 -2.8146021366119385
269.1279602050781 384.4678039550781 3.0685830116271973
269.1279602050781 384.4678039550781 2.6685829162597656
265.5671691894531 386.2900695800781 2.6685829162597656
262.0063781738281 388.1123352050781 2.6685829162597656
258.4455871582031 389.9346008300781 2.6685829162597656
254.88478088378906 391.7568664550781 2.6685829162597656
254.88478088378906 391.7568664550781 2.268582820892334
254.88478088378906 391.7568664550781 1.868582844734192
253.71116638183594 395.580810546875 1.868582844734192
252.5375518798828 399.4047546386719 1.868582844734192
251.3639373779297 403.22869873046875 1.868582844734192
251.3639373779297 403.22869873046875 1.4685828685760498
251.77207946777344 407.20782470703125 1.4685828685760498
252.1802215576172 411.18695068359375 1.4685828685760498
252.58836364746094 415.16607666015625 1.4685828685760498
252.9965057373047 419.14520263671875 1.4685828685760498
253.40464782714844 423.12432861328125 1.4685828685760498
253.8127899169922 427.10345458984375 1.4685828685760498
254.22093200683594 431.08258056640625 1.4685828685760498
254.6290740966797 435.06170654296875 1.4685828685760498
255.03721618652344 439.04083251953125 1.4685828685760498
255.4453582763672 443.01995849609375 1.4685828685760498
255.85350036621094 446.99908447265625 1.4685828685760498
256.26165771484375 450.97821044921875 1.4685828685760498
256.6697998046875 454.95733642578125 1.4685828685760498
257.07794189453125 458.93646240234375 1.4685828685760498
257.486083984375 462.91558837890625 1.4685828685760498
257.486083984375 462.91558837890625 1.868582844734192
256.3124694824219 466.7395324707031 1.868582844734192
255.13885498046875 470.5634765625 1.868582844734192
253.96524047851562 474.3874206542969 1.868582844734192
252.7916259765625 478.21136474609375 1.868582844734192
251.61801147460938 482.0353088378906 1.868582844734192
250.44439697265625 485.8592529296875 1.868582844734192
249.27078247070312 489.6831970214844 1.868582844734192
248.09716796875 493.50714111328125 1.868582844734192
248.09716796875 493.50714111328125 2.268582820892334
245.52706909179688 496.57220458984375 2.268582820892334
242.95697021484375 499.63726806640625 2.268582820892334
240.38687133789062 502.70233154296875 2.268582820892334
237.8167724609375 505.76739501953125 2.268582820892334
235.24667358398438 508.83245849609375 2.268582820892334
232.67657470703125 511.89752197265625 2.268582820892334
230.10647583007812 514.9625854492188 2.268582820892334
227.536376953125 518.0276489257812 2.268582820892334
224.96627807617188 521.0927124023438 2.268582820892334
222.39617919921875 524.1577758789062 2.268582820892334
219.82608032226562 527.2228393554688 2.268582820892334
217.2559814453125 530.2879028320312 2.268582820892334
214.68588256835938 533.3529663085938 2.268582820892334
212.11578369140625 536.4180297851562 2.268582820892334
209.54568481445312 539.4830932617188 2.268582820892334
206.9755859375 542.5481567382812 2.268582820892334
206.9755859375 542.5481567382812 2.6685829162597656
203.41477966308594 544.3704223632812 2.6685829162597656
199.85397338867188 546.1926879882812 2.6685829162597656
196.2931671142578 548.0149536132812 2.6685829162597656
192.73236083984375 549.8372192382812 2.6685829162597656
189.1715545654297 551.6594848632812 2.6685829162597656
185.61074829101562 553.4817504882812 2.6685829162597656
185.61074829101562 553.4817504882812 3.0685830116271973
181.62139892578125 553.7735595703125 3.0685830116271973
177.63204956054688 554.0653686523438 3.0685830116271973
173.6427001953125 554.357177734375 3.0685830116271973
169.65335083007812 554.6489868164062 3.0685830116271973
165.66400146484375 554.9407958984375 3.0685830116271973
161.67465209960938 555.2326049804688 3.0685830116271973
157.685302734375 555.5244140625 3.0685830116271973
153.69595336914062 555.8162231445312 3.0685830116271973
149.70660400390625 556.1080322265625 3.0685830116271973
145.71725463867188 556.3998413085938 3.0685830116271973
141.7279052734375 556.691650390625 3.0685830116271973
137.73855590820312 556.9834594726562 3.0685830116271973
133.74920654296875 557.2752685546875 3.0685830116271973
129.75985717773438 557.5670776367188 3.0685830116271973
125.77051544189453 557.85888671875 3.0685830116271973
121.78117370605469 558.1506958007812 3.0685830116271973
117.79183197021484 558.4425048828125 3.0685830116271973
113.802490234375 558.7343139648438 3.0685830116271973
109.81314849853516 559.026123046875 3.0685830116271973
105.82380676269531 559.3179321289062 3.0685830116271973
101.83446502685547 559.6097412109375 3.0685830116271973
97.84512329101562 559.9015502929688 3.0685830116271973
93.85578155517578 560.193359375 3.0685830116271973
89.86643981933594 560.4851684570312 3.0685830116271973
89.86643981933594 560.4851684570312 -2.8146021366119385
86.07838439941406 559.2003784179688 -2.8146021366119385
82.29032897949219 557.9155883789062 -2.8146021366119385
78.50227355957031 556.6307983398438 -2.8146021366119385
74.71421813964844 555.3460083007812 -2.8146021366119385
70.92616271972656 554.0612182617188 -2.8146021366119385
67.13810729980469 552.7764282226562 -2.8146021366119385
63.35005569458008 551.4916381835938 -2.8146021366119385
59.56200408935547 550.2068481445312 -2.8146021366119385
55.77395248413086 548.9220581054688 -2.8146021366119385
55.77395248413086 548.9220581054688 -2.414602041244507
55.77395248413086 548.9220581054688 -2.014601945877075
54.056434631347656 545.3095703125 -2.014601945877075
52.33891677856445 541.6970825195312 -2.014601945877075
50.62139892578125 538.0845947265625 -2.014601945877075
48.90388107299805 534.4721069335938 -2.014601945877075
47.186363220214844 530.859619140625 -2.014601945877075
45.46884536743164 527.2471313476562 -2.014601945877075
43.75132751464844 523.6346435546875 -2.014601945877075
43.75132751464844 523.6346435546875 -1.614601969718933
43.5761604309082 519.6384887695312 -1.614601969718933
43.40099334716797 515.642333984375 -1.614601969718933
43.225826263427734 511.64617919921875 -1.614601969718933
43.0506591796875 507.6500244140625 -1.614601969718933
42.875492095947266 503.65386962890625 -1.614601969718933
42.70032501220703 499.65771484375 -1.614601969718933
42.5251579284668 495.66156005859375 -1.614601969718933
42.34999084472656 491.6654052734375 -1.614601969718933
42.17482376098633 487.66925048828125 -1.614601969718933
41.999656677246094 483.673095703125 -1.614601969718933
41.82448959350586 479.67694091796875 -1.614601969718933
41.649322509765625 475.6807861328125 -1.614601969718933
41.47415542602539 471.68463134765625 -1.614601969718933
41.298988342285156 467.6884765625 -1.614601969718933
41.12382125854492 463.69232177734375 -1.614601969718933
40.94865417480469 459.6961669921875 -1.614601969718933
40.77348709106445 455.70001220703125 -1.614601969718933
40.59832000732422 451.703857421875 -1.614601969718933
40.423152923583984 447.70770263671875 -1.614601969718933
40.24798583984375 443.7115478515625 -1.614601969718933
40.072818756103516 439.71539306640625 -1.614601969718933
39.89765167236328 435.71923828125 -1.614601969718933
39.72248458862305 431.72308349609375 -1.614601969718933
39.54731750488281 427.7269287109375 -1.614601969718933
39.37215042114258 423.73077392578125 -1.614601969718933
39.196983337402344 419.734619140625 -1.614601969718933
39.02181625366211 415.73846435546875 -1.614601969718933
38.846649169921875 411.7423095703125 -1.614601969718933
38.67148208618164 407.74615478515625 -1.614601969718933
38.496315002441406 403.75 -1.614601969718933
38.32114791870117 399.75384521484375 -1.614601969718933
38.14598083496094 395.7576904296875 -1.614601969718933
37.9708137512207 391.76153564453125 -1.614601969718933
37.79564666748047 387.765380859375 -1.614601969718933
37.620479583740234 383.76922607421875 -1.614601969718933
37.4453125 379.7730712890625 -1.614601969718933
37.270145416259766 375.77691650390625 -1.614601969718933
37.09497833251953 371.78076171875 -1.614601969718933
36.9198112487793 367.78460693359375 -1.614601969718933
36.74464416503906 363.7884521484375 -1.614601969718933
36.56947708129883 359.79229736328125 -1.614601969718933
36.394309997558594 355.796142578125 -1.614601969718933
36.21914291381836 351.79998779296875 -1.614601969718933
36.043975830078125 347.8038330078125 -1.614601969718933
35.86880874633789 343.80767822265625 -1.614601969718933
35.693641662597656 339.8115234375 -1.614601969718933
35.51847457885742 335.81536865234375 -1.614601969718933
35.34330749511719 331.8192138671875 -1.614601969718933
35.16814041137695 327.82305908203125 -1.614601969718933
34.99297332763672 323.826904296875 -1.614601969718933
34.817806243896484 319.83074951171875 -1.614601969718933
34.64263916015625 315.8345947265625 -1.614601969718933
34.467472076416016 311.83843994140625 -1.614601969718933
34.29230499267578 307.84228515625 -1.614601969718933
34.11713790893555 303.84613037109375 -1.614601969718933
33.94197082519531 299.8499755859375 -1.614601969718933
33.94197082519531 299.8499755859375 -2.014601945877075
32.22445297241211 296.23748779296875 -2.014601945877075
30.506935119628906 292.625 -2.014601945877075
28.789417266845703 289.01251220703125 -2.014601945877075
27.0718994140625 285.4000244140625 -2.014601945877075
25.354381561279297 281.78753662109375 -2.014601945877075
23.636863708496094 278.175048828125 -2.014601945877075
21.91934585571289 274.56256103515625 -2.014601945877075
20.201828002929688 270.9500732421875 -2.014601945877075
18.484310150146484 267.33758544921875 -2.014601945877075
16.76679229736328 263.72509765625 -2.014601945877075
16.76679229736328 263.72509765625 -2.014601945877075
16.76679229736328 263.72509765625 -2.014601945877075
16.76679229736328 263.72509765625 -2.014601945877075
16.76679229736328 263.72509765625 -2.014601945877075
16.76679229736328 263.72509765625 -2.014601945877075
16.76679229736328 263.72509765625 -2.014601945877075
16.76679229736328 263.72509765625 -2.014601945877075
16.76679229736328 263.72509765625 -2.014601945877075
16.76679229736328 263.72509765625 -2.014601945877075
16.76679229736328 263.72509765625 -2.014601945877075
