62.41986083984375 452.2585754394531 0.7164756655693054
64.9895248413086 454.3451232910156 0.6475531458854675
67.69678497314453 456.249755859375 0.5786306262016296
70.5287857055664 457.96343994140625 0.5097081065177917
73.47207641601562 459.4779968261719 0.44078561663627625
76.51268768310547 460.7862854003906 0.37186312675476074
79.63617706298828 461.8820495605469 0.30294063687324524
82.82771301269531 462.7601013183594 0.23401814699172974
86.0721435546875 463.4162902832031 0.16509565711021423
89.35405731201172 463.84747314453125 0.09617315977811813
92.65787506103516 464.0516052246094 0.027250662446022034
95.96791076660156 464.0277404785156 -0.041671834886074066
99.26844024658203 463.7759704589844 -0.11059433221817017
99.26844024658203 463.7759704589844 -0.510594367980957
102.09891510009766 462.0597839355469 -0.5795168876647949
104.80448150634766 460.1527404785156 -0.6484394073486328
107.3722915649414 458.06390380859375 -0.7173619270324707
109.79015350341797 455.8031921386719 -0.7862844467163086
109.79015350341797 455.8031921386719 -1.1862844228744507
111.29058074951172 452.09527587890625 -1.1862844228744507
112.79100799560547 448.3873596191406 -1.1862844228744507
114.29143524169922 444.679443359375 -1.1862844228744507
115.79186248779297 440.9715270996094 -1.1862844228744507
117.29228973388672 437.26361083984375 -1.1862844228744507
118.79271697998047 433.5556945800781 -1.1862844228744507
120.29314422607422 429.8477783203125 -1.1862844228744507
121.79357147216797 426.1398620605469 -1.1862844228744507
123.29399871826172 422.43194580078125 -1.1862844228744507
124.79442596435547 418.7240295410156 -1.1862844228744507
126.29485321044922 415.01611328125 -1.1862844228744507
127.79528045654297 411.3081970214844 -1.1862844228744507
129.2957000732422 407.60028076171875 -1.1862844228744507
130.79612731933594 403.8923645019531 -1.1862844228744507
132.2965545654297 400.1844482421875 -1.1862844228744507
133.79698181152344 396.4765319824219 -1.1862844228744507
135.2974090576172 392.76861572265625 -1.1862844228744507
136.79783630371094 389.0606994628906 -1.1862844228744507
138.2982635498047 385.352783203125 -1.1862844228744507
139.79869079589844 381.6448669433594 -1.1862844228744507
141.2991180419922 377.93695068359375 -1.1862844228744507
142.79954528808594 374.2290344238281 -1.1862844228744507
144.2999725341797 370.5211181640625 -1.1862844228744507
145.80039978027344 366.8132019042969 -1.1862844228744507
147.3008270263672 363.10528564453125 -1.1862844228744507
147.3008270263672 363.10528564453125 -1.5862843990325928
147.23887634277344 359.10577392578125 -1.5862843990325928
147.1769256591797 355.10626220703125 -1.5862843990325928
147.11497497558594 351.10675048828125 -1.5862843990325928
147.0530242919922 347.10723876953125 -1.5862843990325928
146.99107360839844 343.10772705078125 -1.5862843990325928
146.9291229248047 339.10821533203125 -1.5862843990325928
146.86717224121094 335.10870361328125 -1.5862843990325928
146.8052215576172 331.10919189453125 -1.5862843990325928
146.74327087402344 327.10968017578125 -1.5862843990325928
146.6813201904297 323.11016845703125 -1.5862843990325928
146.61936950683594 319.11065673828125 -1.5862843990325928
146.5574188232422 315.11114501953125 -1.5862843990325928
146.49546813964844 311.11163330078125 -1.5862843990325928
146.4335174560547 307.11212158203125 -1.5862843990325928
146.37156677246094 303.11260986328125 -1.5862843990325928
146.3096160888672 299.11309814453125 -1.5862843990325928
146.24766540527344 295.11358642578125 -1.5862843990325928
146.1857147216797 291.11407470703125 -1.5862843990325928
146.12376403808594 287.11456298828125 -1.5862843990325928
146.0618133544922 283.11505126953125 -1.5862843990325928
145.99986267089844 279.11553955078125 -1.5862843990325928
145.9379119873047 275.11602783203125 -1.5862843990325928
145.87596130371094 271.11651611328125 -1.5862843990325928
145.8140106201172 267.11700439453125 -1.5862843990325928
145.75205993652344 263.11749267578125 -1.5862843990325928
145.6901092529297 259.11798095703125 -1.5862843990325928
145.62815856933594 255.1184539794922 -1.5862843990325928
145.5662078857422 251.11892700195312 -1.5862843990325928
145.50425720214844 247.11940002441406 -1.5862843990325928
145.4423065185547 243.119873046875 -1.5862843990325928
145.38035583496094 239.12034606933594 -1.5862843990325928
145.3184051513672 235.12081909179688 -1.5862843990325928
145.25645446777344 231.1212921142578 -1.5862843990325928
145.1945037841797 227.12176513671875 -1.5862843990325928
145.13255310058594 223.1222381591797 -1.5862843990325928
145.0706024169922 219.12271118164062 -1.5862843990325928
145.00865173339844 215.12318420410156 -1.5862843990325928
144.9467010498047 211.1236572265625 -1.5862843990325928
144.88475036621094 207.12413024902344 -1.5862843990325928
144.8227996826172 203.12460327148438 -1.5862843990325928
144.76084899902344 199.1250762939453 -1.5862843990325928
144.6988983154297 195.12554931640625 -1.5862843990325928
144.6988983154297 195.12554931640625 -1.9862843751907349
146.31344604492188 198.7852325439453 -1.9862843751907349
146.31344604492188 198.7852325439453 -2.386284351348877
143.4011993408203 196.04318237304688 -2.386284351348877
140.48895263671875 193.30113220214844 -2.386284351348877
137.5767059326172 190.55908203125 -2.386284351348877
134.66445922851562 187.81703186035156 -2.386284351348877
131.75221252441406 185.07498168945312 -2.386284351348877
128.8399658203125 182.3329315185547 -2.386284351348877
128.8399658203125 182.3329315185547 -2.7862844467163086
125.08980560302734 180.94142150878906 -2.7862844467163086
121.33964538574219 179.54991149902344 -2.7862844467163086
117.58948516845703 178.1584014892578 -2.7862844467163086
113.83932495117188 176.7668914794922 -2.7862844467163086
110.08916473388672 175.37538146972656 -2.7862844467163086
106.33900451660156 173.98387145996094 -2.7862844467163086
102.5888442993164 172.5923614501953 -2.7862844467163086
98.83868408203125 171.2008514404297 -2.7862844467163086
95.0885238647461 169.80934143066406 -2.7862844467163086
91.33836364746094 168.41783142089844 -2.7862844467163086
87.58820343017578 167.0263214111328 -2.7862844467163086
83.83804321289062 165.6348114013672 -2.7862844467163086
80.08788299560547 164.24330139160156 -2.7862844467163086
76.33772277832031 162.85179138183594 -2.7862844467163086
72.58756256103516 161.4602813720703 -2.7862844467163086
68.83740234375 160.0687713623047 -2.7862844467163086
65.08724212646484 158.67726135253906 -2.7862844467163086
61.33708572387695 157.28575134277344 -2.7862844467163086
57.58692932128906 155.8942413330078 -2.7862844467163086
53.83677291870117 154.5027313232422 -2.7862844467163086
53.83677291870117 154.5027313232422 -2.7862844467163086
53.83677291870117 154.5027313232422 -2.7862844467163086
53.83677291870117 154.5027313232422 -2.7862844467163086
53.83677291870117 154.5027313232422 -2.7862844467163086
53.83677291870117 154.5027313232422 -2.7862844467163086
53.83677291870117 154.5027313232422 -2.7862844467163086
53.83677291870117 154.5027313232422 -2.7862844467163086
53.83677291870117 154.5027313232422 -2.7862844467163086
53.83677291870117 154.5027313232422 -2.7862844467163086
53.83677291870117 154.5027313232422 -2.7862844467163086
