-392.83861260070745
-395.6972973447963
-398.57562242630917
-401.47316538979356
-404.3895131339564
-407.324261745324
-410.2770163548833
-413.2473909909103
-416.23500842860443
-419.2395000371072
-422.2605056244355
-425.29767328082255
-428.3506592209188
-431.41912762526795
-434.50275048143925
-437.6012074251642
-440.7141855817944
-443.8413794083695
-446.9824905365546
-450.1372276166848
-453.3053061631269
-456.4864484011485
-459.6803831154639
-462.8868455006061
-466.1055758558366
-469.33632403122084
-469.7454253034504
-472.02384278561317
-474.32504881571197
-474.57809609238444
-475.6853765532403
-476.82364222325515
-477.9926717430204
-479.19223995964103
-480.4221181165297
-481.6820740427597
-482.9718723416756
-484.2912745784712
-485.6400394664589
-485.7437507799386
-485.6491915369448
-484.3600918076398
-483.1006727347848
-481.87116703863626
-480.67180426464813
-480.40604860639365
-478.02616942236034
-475.6680209359633
-473.33192793553576
-471.0182476773305
-468.72728240616976
-466.45936680885893
-464.2148387121724
-461.9940389901293
-459.7973114637104
-457.62500279278635
-455.4774623600353
-453.3550421466329
-451.25809659950863
-449.1869824899714
-447.14205876351934
-445.1236863806615
-443.1322281485953
-441.1680485435977
-439.2315135240092
-437.3229903337073
-435.4428472959891
-435.4428472959891
-435.4428472959891
-431.6062546809419
-427.77265547011734
-423.94213086926726
-420.1147649794849
-416.2906449241135
-412.4698609821989
-408.6525067288689
-404.83867918304895
-401.02847896294935
-397.22201044978783
-393.4193819602431
-389.6207059281649
-385.8260990961046
-382.03568271726436
-378.24958276850634
-374.46793017510265
-374.46793017510265
-370.47681772368526
-366.485899156573
-362.4951808775184
-358.5046695750806
-354.51437223861683
-350.5242961753627
-346.5344490286876
-342.5448387976219
-341.97600240322663
-338.31782313623006
-334.6674657094354
-331.0251888873529
-327.3912623639062
-323.7659673087172
-320.14959694377177
-316.5424571522161
-316.5424571522161
-316.5424571522161
-316.5424571522161
-316.5424571522161
-316.5424571522161
-317.05081015224835
-317.6275120386767
-318.205934497501
-321.989742826267
-325.778716622834
-329.5726777308967
-333.3714558749801
-337.17488824183164
-340.98281908738016
-344.7950993675229
-348.61158639113023
-352.43214349377735
-356.2566397308182
-360.0849495885202
-363.91695271206834
-367.75253364933593
-371.59158160939506
-375.43399023481476
-379.2796573868625
-383.1284849427854
-386.98037860440684
-390.83524771732596
-394.69300510005814
-394.69300510005814
-397.8455197991165
-401.0131579777778
-404.1955568508143
-407.39237050307935
-410.6032622493951
-413.8279043939902
-417.06597799382564
-420.317172626006
-423.5811861594446
-426.857724530918
-430.14650152562314
-433.4472385623208
-436.7596644831329
-440.08351534803586
-443.4185342340798
-446.7644710393424
-450.1210822916161
-453.4881309618114
-456.86538628205017
-460.2526235684112
-463.64962404828185
-467.05617469226263
-470.4720680505638
-473.89710209382804
-477.33108005830775
-480.77381029532165
-484.2251061249117
-487.68478569361866
-491.15267183629203
-494.62859194184756
-498.11237782288634
-501.6038655890859
-505.10289552427474
-508.60931196710095
-512.1229631952057
-515.6437013128125
-519.1713821416437
-522.705865115077
-526.247013175454
-529.7946926744552
-533.3487732764585
-536.9091278647949
-540.4756324508211
-544.0481660857282
-547.6266107750077
-551.2108513954969
-554.8007756149264
-558.3962738139
-561.9972390102294
-565.6035667855557
-569.2151552141887
-572.8319047940959
-576.4537183799755
-580.0805011183506
-583.7121603846217
-587.3486057220164
-590.9897487823791
-594.6355032687432
-598.2857848796275
-601.9405112550087
-605.5996019239109
-609.2629782535668
-612.9305634000982
-616.6022822606694
-620.2780614270662
-623.9578291406569
-627.6415152486903
-631.3290511618892
-635.0203698132995
-638.7154273062765
-642.4141161883308
-646.1163951457328
-649.8222028164988
-653.5314791726139
-657.2441654856208
-657.2441654856208
-657.2441654856208
-657.2441654856208
-657.1395307601381
-656.8484323854565
-654.3096895989978
-651.7856064775591
-649.2763539909489
-646.782104749751
-644.3030329973107
-641.8393146004901
-641.8393146004901
-638.3507254198215
-634.8681685745491
-631.3917438820342
-627.9215531924307
-624.4577004351833
-621.0002916666014
-620.4513746723545
-616.5221131450766
-612.5937675043763
-608.6663554837083
-604.7398952729292
-600.8144284171238
-596.8899512313372
-592.9664833656047
-589.0440449883752
-585.1226568035396
-584.5367927872777
-580.5772154563804
-576.6181962685655
-572.6597467998128
-568.701878946711
-564.7446049375731
-560.7879373440138
-556.8318890930132
-552.876473479489
-548.9217041794035
-544.9675952634315
-541.0141612112163
-537.0614169262459
-533.1093777513765
-529.1580594850418
-525.2074783981777
-521.2576512519041
-517.3085953160002
-513.360328388216
-509.4128688144644
-505.46623550994053
-501.5204479812171
-497.5755263493703
-493.6314913741902
-489.6883644795368
-485.7461677799036
-481.80492410825667
-477.8646570452201
-473.92539094968396
-469.98715099091584
-466.04996318226137
-462.11385441652635
-458.1788525031377
-454.24498620718714
-450.31228529046973
-446.3807805546351
-442.45050388657864
-438.52148830620774
-438.52148830620774
-435.20238738685725
-431.89482569717904
-428.5990703870238
-425.3153959182446
-422.0440842725001
-418.78542516374773
-415.5397162553738
-412.3072633818861
-409.0883807750732
-405.8833912945076
-402.6926266622438
-399.51642770153023
-396.3551445793212
-393.20913705233886
-390.0787747163939
-386.9644372586314
-386.0722100472864
-386.0722100472864
-386.0722100472864
-386.0722100472864
-386.0722100472864
-386.0722100472864
-386.0722100472864
-386.6160855762964
-386.6160855762964
-388.94924871126057
-391.30938976815685
-393.69602356305046
-396.1086712241302
-398.54686031819585
-401.01012496069774
-403.49800591013417
-406.01005064760693
-408.5458134423206
-408.5458134423206
-408.5458134423206
-408.5458134423206
-408.5458134423206
-408.5458134423206
-407.96211748913015
-407.96211748913015
-404.4178688819554
-400.8821974739547
-397.3553322251858
-393.837509716565
-390.3289744400481
-386.8299791003933
-383.3407849289172
-379.8616620096619
-376.39288961839276
-372.93475657484805
-369.4875616086629
-366.0516137393829
-362.62723267098124
-359.2147492012796
-355.8145056466629
-352.4268562824585
-349.05216779932897
-345.69081977599836
-342.3432051685988
-339.00973081688016
-335.6908179674779
-332.38690281437374
-329.098437056614
-325.8258884732718
-322.5697506263655
-319.33051595791744
-316.10870409999694
-312.90485323280717
-309.7195207418241
-306.5532838895733
-305.6422775515357
-305.6422775515357
-305.6422775515357
-305.6422775515357
-305.6422775515357
-305.6422775515357
-305.6422775515357
-305.6422775515357
-305.6422775515357
-307.8483701250472
-310.09036784868977
-312.3674976026683
-314.67899670410145
-317.02411336833103
-319.4021071148131
-321.8122491203812
-324.2538225227015
-326.72612267674367
-329.2284573670738
-331.76014697874325
-334.32052462949554
-334.32052462949554
-334.32052462949554
-334.32052462949554
-334.32052462949554
-334.32052462949554
-334.32052462949554
-334.32052462949554
-330.875427452199
-327.44294761223966
-324.02348608780005
-320.6174594094523
-317.22530032460384
-313.84745848912115
-310.48441070530424
-307.13663294455534
-303.8046300117496
-300.48892666984034
-300.48892666984034
-298.33762809607964
-296.22472149105664
-294.15103417219296
-292.1174013720245
-290.1246653798597
-288.1736746076295
-286.26528257825737
-284.40034683525334
-282.5797277726634
-282.5797277726634
-282.5797277726634
-282.5797277726634
-282.5797277726634
-282.5797277726634
-282.5797277726634
-283.08452464275274
-283.08452464275274
-283.2567286766656
-283.2567286766656
-282.2109790077225
-281.218241110143
-280.2790782815625
-279.3940307886628
-278.5636144348444
-277.78831916113285
-277.0686076884649
-276.8713029585778
-276.50156006122523
-276.50156006122523
-272.705487967345
-268.91532812091646
-265.1313340759794
-261.3537736461692
-257.58292988653875
-253.81910215432964
-250.06260725582814
-246.31378068713713
-242.57297797746483
-238.8405761443734
-235.11697527135897
-231.4026002191536
-227.69790248325538
-224.00336221141578
-220.3194903961504
-216.6468312587934
-212.98596484319998
-209.33750983891434
-205.70212665546828
-202.08052077145658
-198.4734463841445
-194.88171038759052
-191.30617670959174
-187.74777104015482
-184.2074859866104
-180.6863866928667
-177.1856169625432
-173.7064059277205
-173.7064059277205
-173.7064059277205
-173.7064059277205
-173.7064059277205
-173.7064059277205
-173.7064059277205
-173.7064059277205
-173.7064059277205
-174.10499473443787
-174.6249084911858
-175.2054596720174
-179.20332253342642
-183.20127874040392
-187.1993223122954
-191.19744776855606
-195.1956500775577
-199.19392461155678
-203.1922671069752
-207.19067362927734
-211.18914054183432
-215.1876644782576
-219.18624231775874
-223.18487116315683
-227.1835483212069
-231.18227128496892
-235.1810377179745
-239.17984543998125
-243.17869241413166
-243.17869241413166
-243.66449703789473
-246.56947200518076
-249.50475350216038
-252.46928447340048
-255.46204663692143
-258.4820593937134
-261.5283787124881
-264.6000959988994
-267.6963369572841
-270.8162604518894
-273.95905737357936
-277.1239495171277
-280.3101884734119
-283.5170545401188
-286.7438556539381
-289.9899263466665
-293.2546267271506
-296.53734149056606
-299.8374789561531
-303.15447013419964
-306.48776782277935
-309.83684573450796
-313.2011976533702
-316.5803366214939
-319.9737941555967
-323.38111949270433
-326.8018788646388
-330.2356548006866
-333.6820454577908
-337.1406639775584
-340.61113786932964
-344.09310841853085
-347.58623011950715
-351.0901701320216
-354.60460776060097
-358.12923395590616
-361.6637508373151
-365.20787123590816
-368.7613182570653
-372.323824861894
-375.8951334667275
-379.4749955599501
-383.0631713354291
-386.65942934185017
-390.26354614728103
-393.8753060183051
-397.49450061309375
-401.1209286878072
-404.7543958157364
-408.39471411862263
-412.04170200961215
-415.69518394732614
-419.35499020054766
-423.02095662304765
-426.69292443809286
-430.3707400321989
-434.05425475770863
-437.7433247437977
-441.43781071552405
-445.1375778205571
-448.8424954632382
-452.55243714563983
-456.2672803153064
-459.98690621937413
-459.98690621937413
-462.8529323803616
-465.73567605615966
-468.63482874028557
-471.55008777853675
-474.4811562939194
-474.4811562939194
-476.1453068262739
-477.8371464987023
-479.5563822555406
-481.30272051660603
-481.46781480154425
-481.9455810323527
-482.4560387321282
-482.99908425092104
-482.9817275324061
-482.2045392652839
-481.4593296668577
-480.7462474485194
-480.0654357749201
-479.4170321265742
-478.80116816659853
-478.2179696118746
-477.66755610891784
-477.15004111472774
-476.66553178288905
-476.2141288551824
-475.7959255080424
-475.4110105352532
-475.05946485212587
-474.74136258848097
-474.4567710113204
-474.20575045432673
-473.9883542543588
-473.80462869509995
-473.6546129579962
-473.53833908060557
-473.53833908060557
-473.53833908060557
-470.6083818136707
-467.69427996191683
-464.7963317482844
-461.9148412055817
-459.0501182518587
-456.2024787633933
-455.72260709581735
-452.10901891483326
-451.54488749892926
-447.5668396972143
-443.5891864596416
-439.6119384963801
-435.6351069076126
-431.65870320139805
-427.682739312521
-423.7072276223932
-419.7321809800755
-415.75761272449455
-411.7835367079339
-407.80996732088516
-403.83691951835226
-399.86440884770724
-395.89245147820674
-391.9210642322835
-387.9502646187405
-383.9800708679806
-380.0105019694214
-376.0415777112518
-372.07331872270396
-368.1057465190266
-364.13888354936284
-360.1727532477527
-356.20738008749953
-352.24278963916026
-348.2790086324449
-344.31606502233257
-340.3539880597424
-336.39280836712754
-332.4325580193948
-328.47327063059055
-324.51498144683495
-320.5577274460338
-316.6015474449475
-312.6464822142552
-308.6925746023144
-304.73986966838754
-300.78841482618617
-296.83825999866906
-296.2522123094619
-292.31922403759603
-288.3880789918983
-284.45885359105245
-280.53162849674834
-276.60648890932174
-272.6835248881956
-268.76283169955445
-264.84451019395925
-260.9286672169171
-257.015416055766
-253.10487692662835
-249.1971775056295
-245.2924535090798
-241.3908493278883
-237.49251872212272
-233.59762558236696
-229.70634468606644
-225.8188629173276
-221.93537984854729
-218.05610912507473
-214.18127963017065
-210.31113684318183
-206.44594434265133
-202.58598547231736
-198.73156519047043
-194.883012126049
-191.04068086821894
-187.20495452008453
-183.37624755170586
-179.55500899285835
-175.74172601209344
-171.93692793579083
-168.14119076921122
-164.35514229126687
-160.57946780606858
-156.81491664756
-153.06230954903796
-149.32254700745358
-145.5966187935152
-141.88561478324195
-138.1907373152637
-134.51331531137444
-130.8548204361674
-127.21688561550829
-123.60132628350058
-120.01016478354974
-116.44565841074753
-112.91033164885121
-109.40701322309273
-105.9388786553159
-102.50949906275441
-99.12289697366238
-95.7836099226223
-92.4967625064261
-89.2681473849136
-86.10431533844552
-83.01267385931868
-80.0015927444454
-77.08050714190068
-74.26004550983615
-71.55210811191452
-68.96995019326245
-66.52821899261197
-64.24292843000387
-62.13134331770156
-60.21174162841852
-58.503024500093936
-57.02415242382465
-55.79340536226854
-54.82749531436829
-54.14059882603415
-53.74341520876671
-53.642380200994594
-53.839161093204716
-54.330522194380684
-55.10858368024616
-56.16143095760518
-57.47396486935254
-59.02886520199965
-59.02886520199965
-59.02886520199965
-59.02886520199965
-59.02886520199965
-59.02886520199965
-59.02886520199965
-59.02886520199965
-59.02886520199965
-59.02886520199965
-59.02886520199965
