61.87399673461914 451.6073913574219 0.6325304508209229
63.97090148925781 452.9106750488281 0.4796627163887024
66.24180603027344 453.87945556640625 0.32679498195648193
68.63375091552734 454.49114990234375 0.17392723262310028
71.0909423828125 454.7314758300781 0.021059483289718628
73.55607604980469 454.5948181152344 -0.13180826604366302
75.9716567993164 454.0843811035156 -0.2846760153770447
78.28134155273438 453.2120666503906 -0.43754374980926514
80.43126678466797 451.99822998046875 -0.5904114842414856
82.37128448486328 450.47119140625 -0.743279218673706
84.05615234375 448.6665344238281 -0.8961469531059265
86.55464935302734 445.5428161621094 -0.8961469531059265
89.05314636230469 442.4190979003906 -0.8961469531059265
91.55164337158203 439.2953796386719 -0.8961469531059265
94.05014038085938 436.1716613769531 -0.8961469531059265
96.54863739013672 433.0479431152344 -0.8961469531059265
99.04713439941406 429.9242248535156 -0.8961469531059265
101.5456314086914 426.8005065917969 -0.8961469531059265
104.04412841796875 423.6767883300781 -0.8961469531059265
106.5426254272461 420.5530700683594 -0.8961469531059265
109.04112243652344 417.4293518066406 -0.8961469531059265
111.53961944580078 414.3056335449219 -0.8961469531059265
114.03811645507812 411.1819152832031 -0.8961469531059265
116.53661346435547 408.0581970214844 -0.8961469531059265
119.03511047363281 404.9344787597656 -0.8961469531059265
121.53360748291016 401.8107604980469 -0.8961469531059265
124.0321044921875 398.6870422363281 -0.8961469531059265
126.53060150146484 395.5633239746094 -0.8961469531059265
126.53060150146484 395.5633239746094 -1.2961469888687134
127.61544036865234 391.7132568359375 -1.2961469888687134
128.7002716064453 387.8631896972656 -1.2961469888687134
129.7851104736328 384.01312255859375 -1.2961469888687134
130.8699493408203 380.1630554199219 -1.2961469888687134
131.9547882080078 376.31298828125 -1.2961469888687134
133.0396270751953 372.4629211425781 -1.2961469888687134
133.0396270751953 372.4629211425781 -1.6961469650268555
132.53953552246094 368.4942932128906 -1.6961469650268555
132.03944396972656 364.5256652832031 -1.6961469650268555
131.5393524169922 360.5570373535156 -1.6961469650268555
131.0392608642578 356.5884094238281 -1.6961469650268555
130.53916931152344 352.6197814941406 -1.6961469650268555
130.03907775878906 348.6511535644531 -1.6961469650268555
129.5389862060547 344.6825256347656 -1.6961469650268555
129.0388946533203 340.7138977050781 -1.6961469650268555
128.53880310058594 336.7452697753906 -1.6961469650268555
128.03871154785156 332.7766418457031 -1.6961469650268555
127.53861999511719 328.8080139160156 -1.6961469650268555
127.03852844238281 324.8393859863281 -1.6961469650268555
126.53843688964844 320.8707580566406 -1.6961469650268555
126.03834533691406 316.9021301269531 -1.6961469650268555
125.53825378417969 312.9335021972656 -1.6961469650268555
125.03816223144531 308.9648742675781 -1.6961469650268555
124.53807067871094 304.9962463378906 -1.6961469650268555
124.03797912597656 301.0276184082031 -1.6961469650268555
123.53788757324219 297.0589904785156 -1.6961469650268555
123.03779602050781 293.0903625488281 -1.6961469650268555
122.53770446777344 289.1217346191406 -1.6961469650268555
122.03761291503906 285.1531066894531 -1.6961469650268555
121.53752136230469 281.1844787597656 -1.6961469650268555
121.03742980957031 277.2158508300781 -1.6961469650268555
120.53733825683594 273.2472229003906 -1.6961469650268555
120.03724670410156 269.2785949707031 -1.6961469650268555
119.53715515136719 265.3099670410156 -1.6961469650268555
119.03706359863281 261.3413391113281 -1.6961469650268555
118.53697204589844 257.3727111816406 -1.6961469650268555
118.03688049316406 253.4040985107422 -1.6961469650268555
117.53678894042969 249.43548583984375 -1.6961469650268555
117.03669738769531 245.4668731689453 -1.6961469650268555
116.54188537597656 243.0480499267578 -1.8490147590637207
115.68451690673828 240.7327880859375 -2.001882553100586
114.4845962524414 238.5750732421875 -2.154750347137451
112.97010803222656 236.62522888183594 -2.3076181411743164
110.28235626220703 233.6627960205078 -2.3076181411743164
107.5946044921875 230.7003631591797 -2.3076181411743164
104.90685272216797 227.73793029785156 -2.3076181411743164
102.21910095214844 224.77549743652344 -2.3076181411743164
99.5313491821289 221.8130645751953 -2.3076181411743164
96.84359741210938 218.8506317138672 -2.3076181411743164
94.15584564208984 215.88819885253906 -2.3076181411743164
91.46809387207031 212.92576599121094 -2.3076181411743164
88.78034210205078 209.9633331298828 -2.3076181411743164
86.09259033203125 207.0009002685547 -2.3076181411743164
83.40483856201172 204.03846740722656 -2.3076181411743164
80.71708679199219 201.07603454589844 -2.3076181411743164
78.02933502197266 198.1136016845703 -2.3076181411743164
75.34158325195312 195.1511688232422 -2.3076181411743164
72.6538314819336 192.18873596191406 -2.3076181411743164
69.96607971191406 189.22630310058594 -2.3076181411743164
67.27832794189453 186.2638702392578 -2.3076181411743164
64.590576171875 183.3014373779297 -2.3076181411743164
61.90282440185547 180.33900451660156 -2.3076181411743164
59.21507263183594 177.37657165527344 -2.3076181411743164
56.527320861816406 174.4141387939453 -2.3076181411743164
53.839569091796875 171.4517059326172 -2.3076181411743164
52.04157638549805 169.7500762939453 -2.4598238468170166
48.93573760986328 167.22940063476562 -2.4598238468170166
45.829898834228516 164.70872497558594 -2.4598238468170166
42.72406005859375 162.18804931640625 -2.4598238468170166
39.618221282958984 159.66737365722656 -2.4598238468170166
36.51238250732422 157.14669799804688 -2.4598238468170166
33.40654373168945 154.6260223388672 -2.4598238468170166
33.40654373168945 154.6260223388672 -2.4598238468170166
33.40654373168945 154.6260223388672 -2.4598238468170166
33.40654373168945 154.6260223388672 -2.4598238468170166
33.40654373168945 154.6260223388672 -2.4598238468170166
33.40654373168945 154.6260223388672 -2.4598238468170166
33.40654373168945 154.6260223388672 -2.4598238468170166
33.40654373168945 154.6260223388672 -2.4598238468170166
33.40654373168945 154.6260223388672 -2.4598238468170166
33.40654373168945 154.6260223388672 -2.4598238468170166
33.40654373168945 154.6260223388672 -2.4598238468170166
