-392.44415830570404
-394.7833013392419
-397.0141749439005
-399.13368062654234
-401.13892303474427
-403.02719731402766
-404.79597626068943
-406.44293000093984
-407.9659162485076
-409.362939726699
-410.6322347937597
-411.77213720073047
-412.78122986987654
-413.6582445028408
-414.40205903751774
-415.0117833676213
-415.4866358067293
-415.826002904562
-416.02949901899507
-416.09687436487314
-416.0280182845125
-415.823022987319
-415.48215107602607
-415.00584270469784
-414.3946633870875
-413.6493672292166
-412.7709032912736
-411.760363268066
-410.61901980031257
-409.3483392969206
-409.3483392969206
-409.3483392969206
-409.3483392969206
-409.3483392969206
-409.3483392969206
-409.3483392969206
-409.3483392969206
-405.392205744441
-401.4369414355142
-397.4825723191126
-393.5291253812068
-389.5766286967655
-385.6251114848958
-381.67460416734565
-377.72513843060875
-373.77674729189073
-369.8294651692186
-365.8833279559968
-361.9383731003409
-357.994639689547
-354.05216854008455
-350.1110022935371
-346.17118551894924
-342.23276482208024
-338.29578896211035
-334.36030897639296
-330.4263783139024
-326.49405297808437
-322.5633916798853
-318.6344560018061
-314.70731057391026
-310.7820232628026
-306.858665374696
-302.9373118737918
-299.0180416173232
-295.1009376087449
-291.1860872707045
-287.273582739599
-283.3635211837067
-279.4560051470958
-275.55114292174363
-271.64904895056344
-267.74984426432985
-263.85365695582294
-259.9606226948808
-256.07088528846873
-252.18459729033995
-248.3019206653921
-244.4230275144207
-240.5481008656455
-236.67733554014657
-232.81093909921498
-228.9491328826002
-225.09215314775312
-221.24025232142873
-217.3937003764558
-213.55278634812498
-209.71780585127885
-205.88910545674128
-202.06704214481695
-198.25199978110933
-194.4443916237709
-191.0666102614669
-187.6488185150507
-184.19658011977174
-180.71578427655237
-177.21270060125246
-173.693984713565
-170.16670832371003
-166.63838253749194
-163.11702040047595
-159.61114737523064
-156.1298246368385
-152.68272398753405
-149.28011695981846
-145.9329232668243
-142.65270893350632
-139.45173262718623
-136.342914576025
-133.3398242239465
-130.45663955169582
-127.70808421297545
-125.10932215364154
-122.67581241354199
-120.05436341205409
-117.51061863846213
-115.04973231991524
-112.67713351227809
-110.39851458136954
-108.21981206124649
-106.14717857267658
-104.48518978590194
-102.80108015544658
-101.24707021563763
-99.82923581279714
-98.55345437008769
-97.42530658499336
-96.44997308281657
-96.44997308281657
-96.44997308281657
-96.44997308281657
-96.44997308281657
-96.44997308281657
-96.44997308281657
-96.44997308281657
-96.44997308281657
-96.44997308281657
-96.44997308281657
