62.29857635498047 452.1041259765625 0.6971203684806824
64.7737045288086 453.9974060058594 0.6088425517082214
67.40611267089844 455.66510009765625 0.5205647349357605
70.17530059814453 457.0942077636719 0.43228694796562195
73.05970001220703 458.27362060546875 0.3440091609954834
76.03684997558594 459.1941223144531 0.25573137402534485
79.08356475830078 459.84857177734375 0.1674535870552063
82.17610931396484 460.23187255859375 0.07917579263448715
85.2904052734375 460.3410339355469 -0.009102001786231995
88.4021987915039 460.1752014160156 -0.09737979620695114
91.48725891113281 459.73565673828125 -0.1856575906276703
94.52155303955078 459.0258483886719 -0.27393537759780884
97.48145294189453 458.0513000488281 -0.3622131645679474
100.34390258789062 456.819580078125 -0.45049095153808594
103.08661651611328 455.3403015136719 -0.5387687683105469
105.688232421875 453.6249694824219 -0.6270465850830078
108.12848663330078 451.68695068359375 -0.7153244018554688
111.14801025390625 449.0635070800781 -0.7153244018554688
114.16753387451172 446.4400634765625 -0.7153244018554688
117.18705749511719 443.8166198730469 -0.7153244018554688
120.20658111572266 441.19317626953125 -0.7153244018554688
122.33914947509766 439.1370849609375 -0.8189597129821777
124.23487091064453 436.8826599121094 -0.9242697954177856
126.64453887939453 433.68994140625 -0.9242697954177856
128.29653930664062 431.24462890625 -1.0290307998657227
130.359130859375 427.81744384765625 -1.0290307998657227
132.42172241210938 424.3902587890625 -1.0290307998657227
133.81573486328125 421.77642822265625 -1.1326661109924316
135.51272583007812 418.15423583984375 -1.1326661109924316
137.209716796875 414.53204345703125 -1.1326661109924316
138.90670776367188 410.90985107421875 -1.1326661109924316
140.02284240722656 408.16583251953125 -1.2363014221191406
141.3360137939453 404.38751220703125 -1.2363014221191406
142.64918518066406 400.60919189453125 -1.2363014221191406
142.7877655029297 399.8233642578125 -1.5561647415161133
142.84628295898438 395.82379150390625 -1.5561647415161133
142.90480041503906 391.82421875 -1.5561647415161133
142.96331787109375 387.82464599609375 -1.5561647415161133
143.02183532714844 383.8250732421875 -1.5561647415161133
143.08035278320312 379.82550048828125 -1.5561647415161133
143.1388702392578 375.825927734375 -1.5561647415161133
143.1973876953125 371.82635498046875 -1.5561647415161133
143.2559051513672 367.8267822265625 -1.5561647415161133
143.31442260742188 363.82720947265625 -1.5561647415161133
143.37294006347656 359.82763671875 -1.5561647415161133
143.43145751953125 355.82806396484375 -1.5561647415161133
143.48997497558594 351.8284912109375 -1.5561647415161133
143.54849243164062 347.82891845703125 -1.5561647415161133
143.6070098876953 343.829345703125 -1.5561647415161133
143.66552734375 339.82977294921875 -1.5561647415161133
143.7240447998047 335.8302001953125 -1.5561647415161133
143.78256225585938 331.83062744140625 -1.5561647415161133
143.84107971191406 327.8310546875 -1.5561647415161133
143.89959716796875 323.83148193359375 -1.5561647415161133
143.95811462402344 319.8319091796875 -1.5561647415161133
144.01663208007812 315.83233642578125 -1.5561647415161133
144.0751495361328 311.832763671875 -1.5561647415161133
144.1336669921875 307.83319091796875 -1.5561647415161133
144.1921844482422 303.8336181640625 -1.5561647415161133
144.25070190429688 299.83404541015625 -1.5561647415161133
144.30921936035156 295.83447265625 -1.5561647415161133
144.36773681640625 291.83489990234375 -1.5561647415161133
144.42625427246094 287.8353271484375 -1.5561647415161133
144.48477172851562 283.83575439453125 -1.5561647415161133
144.5432891845703 279.836181640625 -1.5561647415161133
144.601806640625 275.83660888671875 -1.5561647415161133
144.6603240966797 271.8370361328125 -1.5561647415161133
144.71884155273438 267.83746337890625 -1.5561647415161133
144.77735900878906 263.837890625 -1.5561647415161133
144.83587646484375 259.83831787109375 -1.5561647415161133
144.89439392089844 255.8387451171875 -1.5561647415161133
144.95291137695312 251.83917236328125 -1.5561647415161133
145.0114288330078 247.839599609375 -1.5561647415161133
145.0699462890625 243.84002685546875 -1.5561647415161133
145.1284637451172 239.8404541015625 -1.5561647415161133
145.18698120117188 235.84088134765625 -1.5561647415161133
145.24549865722656 231.84130859375 -1.5561647415161133
145.30401611328125 227.84173583984375 -1.5561647415161133
145.36253356933594 223.8421630859375 -1.5561647415161133
145.2523956298828 220.88189697265625 -1.6598000526428223
144.83660888671875 217.9488983154297 -1.7634353637695312
144.12045288085938 215.0828399658203 -1.867883324623108
142.9495086669922 211.25807189941406 -1.867883324623108
141.778564453125 207.4333038330078 -1.867883324623108
140.6076202392578 203.60853576660156 -1.867883324623108
139.43667602539062 199.7837677001953 -1.867883324623108
138.26573181152344 195.95899963378906 -1.867883324623108
137.09478759765625 192.1342315673828 -1.867883324623108
135.92384338378906 188.30946350097656 -1.867883324623108
134.91111755371094 185.525634765625 -1.971518635749817
133.6158447265625 182.8614959716797 -2.0751538276672363
132.05191040039062 180.3456573486328 -2.1787891387939453
130.23609924316406 178.00509643554688 -2.2824244499206543
128.1879119873047 175.8649444580078 -2.3860597610473633
125.92930603027344 173.9481658935547 -2.4896950721740723
123.48452758789062 172.2753143310547 -2.5933303833007812
120.87981414794922 170.86434936523438 -2.6969656944274902
118.14311218261719 169.7304229736328 -2.800601005554199
115.30378723144531 168.88568115234375 -2.904236316680908
111.41593170166016 167.9451446533203 -2.904236316680908
107.528076171875 167.00460815429688 -2.904236316680908
103.64022064208984 166.06407165527344 -2.904236316680908
99.75236511230469 165.12353515625 -2.904236316680908
95.86450958251953 164.18299865722656 -2.904236316680908
91.97665405273438 163.24246215820312 -2.904236316680908
88.08879852294922 162.3019256591797 -2.904236316680908
84.20094299316406 161.36138916015625 -2.904236316680908
80.3130874633789 160.4208526611328 -2.904236316680908
76.42523193359375 159.48031616210938 -2.904236316680908
72.5373764038086 158.53977966308594 -2.904236316680908
68.64952087402344 157.5992431640625 -2.904236316680908
64.76166534423828 156.65870666503906 -2.904236316680908
60.87381362915039 155.71817016601562 -2.904236316680908
56.9859619140625 154.7776336669922 -2.904236316680908
56.9859619140625 154.7776336669922 -2.904236316680908
56.9859619140625 154.7776336669922 -2.904236316680908
56.9859619140625 154.7776336669922 -2.904236316680908
56.9859619140625 154.7776336669922 -2.904236316680908
56.9859619140625 154.7776336669922 -2.904236316680908
56.9859619140625 154.7776336669922 -2.904236316680908
56.9859619140625 154.7776336669922 -2.904236316680908
56.9859619140625 154.7776336669922 -2.904236316680908
56.9859619140625 154.7776336669922 -2.904236316680908
56.9859619140625 154.7776336669922 -2.904236316680908
