62.24455642700195 452.0372314453125 0.6886402368545532
64.67542266845703 453.8481140136719 0.5918822884559631
67.26986694335938 455.4156799316406 0.49512434005737305
70.00361633300781 456.72528076171875 0.39836639165878296
72.85108947753906 457.7646484375 0.30160844326019287
75.78565979003906 458.5240783691406 0.2048504799604416
78.77986907958984 458.9964599609375 0.10809251666069031
81.80570220947266 459.1773681640625 0.011334553360939026
84.8348617553711 459.0650939941406 -0.08542340993881226
87.83900451660156 458.66070556640625 -0.18218137323856354
90.79003143310547 457.9679870605469 -0.2789393365383148
93.66033172607422 456.9934387207031 -0.3756973147392273
96.42305755615234 455.74615478515625 -0.4724552631378174
99.0523681640625 454.23779296875 -0.5692132115364075
101.5236587524414 452.48248291015625 -0.6659711599349976
103.8138198852539 450.49664306640625 -0.7627291083335876
106.70563507080078 447.7330627441406 -0.7627291083335876
109.59745025634766 444.969482421875 -0.7627291083335876
112.48926544189453 442.2059020996094 -0.7627291083335876
115.3810806274414 439.44232177734375 -0.7627291083335876
118.27289581298828 436.6787414550781 -0.7627291083335876
121.16471099853516 433.9151611328125 -0.7627291083335876
123.36200714111328 431.63323974609375 -0.8458520174026489
125.30795288085938 429.22576904296875 -0.9361881613731384
127.67939758300781 426.0045471191406 -0.9361881613731384
129.4498748779297 423.37762451171875 -1.0193110704421997
131.54568481445312 419.97064208984375 -1.0193110704421997
133.09194946289062 417.2057800292969 -1.1024340391159058
134.89764404296875 413.63653564453125 -1.1024340391159058
134.89846801757812 413.633544921875 -1.502122163772583
135.17294311523438 409.6429748535156 -1.502122163772583
135.44741821289062 405.65240478515625 -1.502122163772583
135.72189331054688 401.6618347167969 -1.502122163772583
135.99636840820312 397.6712646484375 -1.502122163772583
136.27084350585938 393.6806945800781 -1.502122163772583
136.54531860351562 389.69012451171875 -1.502122163772583
136.81979370117188 385.6995544433594 -1.502122163772583
137.09426879882812 381.708984375 -1.502122163772583
137.36874389648438 377.7184143066406 -1.502122163772583
137.64321899414062 373.72784423828125 -1.502122163772583
137.91769409179688 369.7372741699219 -1.502122163772583
138.19216918945312 365.7467041015625 -1.502122163772583
138.46664428710938 361.7561340332031 -1.502122163772583
138.74111938476562 357.76556396484375 -1.502122163772583
139.01559448242188 353.7749938964844 -1.502122163772583
139.29006958007812 349.784423828125 -1.502122163772583
139.56454467773438 345.7938537597656 -1.502122163772583
139.83901977539062 341.80328369140625 -1.502122163772583
140.11349487304688 337.8127136230469 -1.502122163772583
140.38796997070312 333.8221435546875 -1.502122163772583
140.66244506835938 329.8315734863281 -1.502122163772583
140.93692016601562 325.84100341796875 -1.502122163772583
141.21139526367188 321.8504333496094 -1.502122163772583
141.48587036132812 317.85986328125 -1.502122163772583
141.76034545898438 313.8692932128906 -1.502122163772583
142.03482055664062 309.87872314453125 -1.502122163772583
142.30929565429688 305.8881530761719 -1.502122163772583
142.58377075195312 301.8975830078125 -1.502122163772583
142.85824584960938 297.9070129394531 -1.502122163772583
143.13272094726562 293.91644287109375 -1.502122163772583
143.40719604492188 289.9258728027344 -1.502122163772583
143.68167114257812 285.935302734375 -1.502122163772583
143.95614624023438 281.9447326660156 -1.502122163772583
144.23062133789062 277.95416259765625 -1.502122163772583
144.50509643554688 273.9635925292969 -1.502122163772583
144.77957153320312 269.9730224609375 -1.502122163772583
145.05404663085938 265.9824523925781 -1.502122163772583
145.32852172851562 261.99188232421875 -1.502122163772583
145.60299682617188 258.0013122558594 -1.502122163772583
145.87747192382812 254.0107421875 -1.502122163772583
146.15194702148438 250.02017211914062 -1.502122163772583
146.42642211914062 246.02960205078125 -1.502122163772583
146.70089721679688 242.03903198242188 -1.502122163772583
146.97537231445312 238.0484619140625 -1.502122163772583
147.24984741210938 234.05789184570312 -1.502122163772583
147.52432250976562 230.06732177734375 -1.502122163772583
147.61019897460938 226.90065002441406 -1.5852470397949219
147.4244384765625 223.82464599609375 -1.6769777536392212
146.9580078125 220.7028045654297 -1.7612354755401611
146.22964477539062 217.61981201171875 -1.8443584442138672
145.14898681640625 213.7685546875 -1.8443584442138672
144.1677703857422 210.76046752929688 -1.927858591079712
142.76968383789062 207.01275634765625 -1.927858591079712
141.37159729003906 203.26504516601562 -1.927858591079712
139.9735107421875 199.517333984375 -1.927858591079712
138.57542419433594 195.76962280273438 -1.927858591079712
137.17733764648438 192.02191162109375 -1.927858591079712
135.94639587402344 189.09703063964844 -2.0104339122772217
134.4801788330078 186.28890991210938 -2.0935568809509277
132.78587341308594 183.6122283935547 -2.176679849624634
130.87518310546875 181.08546447753906 -2.25980281829834
128.76129150390625 178.72605895996094 -2.342925786972046
126.45880889892578 176.55030822753906 -2.426048755645752
123.98362731933594 174.5732421875 -2.509171724319458
121.35284423828125 172.80850219726562 -2.592294692993164
118.5846176147461 171.26829528808594 -2.67541766166687
115.69807434082031 169.96324157714844 -2.758540630340576
112.71314239501953 168.90235900878906 -2.8416635990142822
109.65042877197266 168.09295654296875 -2.9247865676879883
105.74407196044922 167.23251342773438 -2.9247865676879883
101.83771514892578 166.3720703125 -2.9247865676879883
97.93135833740234 165.51162719726562 -2.9247865676879883
94.0250015258789 164.65118408203125 -2.9247865676879883
90.11864471435547 163.79074096679688 -2.9247865676879883
86.21228790283203 162.9302978515625 -2.9247865676879883
82.3059310913086 162.06985473632812 -2.9247865676879883
78.39957427978516 161.20941162109375 -2.9247865676879883
74.49321746826172 160.34896850585938 -2.9247865676879883
70.58686065673828 159.488525390625 -2.9247865676879883
66.68050384521484 158.62808227539062 -2.9247865676879883
62.774147033691406 157.76763916015625 -2.9247865676879883
58.86779022216797 156.90719604492188 -2.9247865676879883
54.96143341064453 156.0467529296875 -2.9247865676879883
51.055076599121094 155.18630981445312 -2.9247865676879883
51.055076599121094 155.18630981445312 -2.9247865676879883
51.055076599121094 155.18630981445312 -2.9247865676879883
51.055076599121094 155.18630981445312 -2.9247865676879883
51.055076599121094 155.18630981445312 -2.9247865676879883
51.055076599121094 155.18630981445312 -2.9247865676879883
51.055076599121094 155.18630981445312 -2.9247865676879883
51.055076599121094 155.18630981445312 -2.9247865676879883
51.055076599121094 155.18630981445312 -2.9247865676879883
51.055076599121094 155.18630981445312 -2.9247865676879883
51.055076599121094 155.18630981445312 -2.9247865676879883
