-391.9893902846618
-393.7549174168823
-395.2807681356864
-396.5533948399727
-397.56163478964714
-398.29669799542
-398.7522083109224
-398.9242410333872
-398.8113250649751
-398.4144458393625
-397.73701342116095
-396.7848893632334
-395.5663517027192
-394.0920813661869
-392.37511250046475
-389.91310425893596
-387.47674609960416
-387.47674609960416
-384.01055213592315
-380.5548311921668
-377.1098711832178
-373.6759697279319
-370.2534345128483
-366.84258366930675
-363.44374616430974
-360.05726220545074
-356.683483660212
-353.32277448990936
-349.9755111985302
-346.64208329667696
-343.3228937807828
-340.0183596277172
-336.7289107348517
-333.4549966743239
-330.19707796652233
-326.95563276436826
-323.7311559044477
-320.5241594923443
-317.33517350189896
-314.1647463877025
-314.1647463877025
-310.30046462408427
-306.43966596653354
-302.5824837430675
-298.7290580396418
-294.87953612460916
-291.03407290481056
-287.1928314160113
-283.3559833506491
-279.5237096261535
-275.69620099740945
-271.8736587172923
-268.0562952495883
-264.2443350390451
-260.43801534377576
-256.637587135765
-252.84331607581592
-249.0554835699216
-245.27438791476982
-241.50034554088623
-237.73369236280934
-233.9747852466741
-230.22400360667135
-226.48175114305994
-222.7484577357478
-219.02458150894037
-215.31061108399575
-211.60706803943447
-207.91450959904884
-204.23353157125075
-200.5647715652032
-196.90891251191292
-193.26668652132255
-189.63887910954102
-186.02633383368075
-182.42995737532232
-182.42995737532232
-182.42995737532232
-178.66681743672612
-174.9141902355131
-171.17276718652548
-167.443299342225
-163.72660367422827
-160.0235701218918
-156.33516951148437
-152.6624624640367
-149.00660942640303
-149.00660942640303
-146.31669106109132
-143.68778138386713
-141.1232899297848
-138.62679181107507
-136.20202590524542
-133.85289058960248
-131.58343658427523
-129.39785644708653
-127.30047026036705
-125.2957070675501
-123.38808166205114
-121.5821664084072
-119.88255789112604
-118.2938383438195
-116.82053201105172
-115.46705683533104
-114.23767213454114
-113.13642322815946
-112.16708426557437
-111.33310078344469
-110.63753374470073
-110.08300696201879
-109.91768100016141
-110.13872851414114
-110.74146422195457
-111.71332845919578
-113.03452841504188
-113.03452841504188
-113.03452841504188
-113.03452841504188
-113.03452841504188
-113.03452841504188
-113.03452841504188
-113.03452841504188
-113.03452841504188
-113.03452841504188
-113.03452841504188
