-392.0026348430526
-393.78438612605623
-395.3298282087697
-396.62578492963746
-397.66127034449454
-398.42760183135874
-398.91838128940225
-399.12953338109713
-399.05926012962453
-398.7067103203267
-398.0670410368504
-397.1461688300412
-395.9526373885287
-394.48254500365704
-392.7686523128747
-390.32614573878755
-387.9095074179357
-385.5192238182899
-383.15578817498084
-383.15578817498084
-379.73650591514655
-376.3286728479588
-372.932602839409
-369.5486201893538
-366.17706000969355
-362.81826861534773
-359.4726039282313
-356.14043589440394
-352.822146914529
-349.5181322877362
-346.22880066893043
-342.9545745395343
-339.6958906915839
-336.4532007250229
-333.2269715579534
-330.01768594950505
-326.8258430348734
-323.65195887195523
-320.49656699886884
-320.49656699886884
-316.63867678567095
-312.7843564472736
-308.93373959916363
-305.0869664707866
-301.2441843106754
-297.40554782097746
-293.5712196238275
-289.7413707622398
-285.91618123844637
-282.09584059288215
-278.28054852732294
-274.47051557601765
-270.66596382902753
-266.8671277123922
-263.07425483019483
-259.28760687409766
-255.50746060646685
-251.73410892381685
-247.9678620079732
-244.2090485730958
-240.45801721752255
-236.71513789029706
-232.9808034832411
-229.2554315605306
-225.53946623894439
-221.8333802332846
-218.13767708292937
-214.45289357707907
-210.77958836315972
-207.11838702701414
-203.46994295465092
-199.83495488636038
-196.2141706657967
-192.60839133554651
-189.0184756124003
-185.44534477837945
-181.88998802648922
-178.35346830311062
-178.35346830311062
-178.35346830311062
-174.5466749044223
-170.7487152584413
-166.96019220881138
-163.1817630134415
-159.41414540662166
-155.65812122612058
-151.91455399755546
-151.91455399755546
-149.05371407823216
-146.24632538330263
-143.495525153527
-140.80463001413847
-138.17713982824577
-135.61673994081627
-133.12730139456608
-130.71287864777716
-128.3777042774237
-126.12618011364262
-123.96286422933537
-121.89245320850051
-119.91975914667516
-118.04968090499406
-116.28716925400454
-114.63718571132283
-113.10465510260566
-111.69441215795302
-110.41114278960359
-109.25932106811766
-108.24314330150455
-107.36646099540731
-106.63271479677722
-106.04487175977718
-105.60536784419564
-105.3160606150458
-105.17818949021692
-105.3260372231593
-105.85783635999228
-105.85783635999228
-105.85783635999228
-105.85783635999228
-105.85783635999228
-105.85783635999228
-105.85783635999228
-105.85783635999228
-105.85783635999228
-105.85783635999228
-105.85783635999228
