-392.05539931613635
-393.9020698589447
-395.5262773841845
-396.91613482310396
-398.061529927443
-398.954220570244
-399.5878239883377
-399.95785544938803
-400.06166456047373
-399.88692306450065
-399.42124731516583
-398.6689933641832
-397.6372394477344
-396.33574007598503
-394.77685225847483
-394.77685225847483
-391.3896227930953
-388.0140598203436
-384.6504704839719
-381.29917165652034
-377.96049027046223
-374.63476365943364
-371.3223399096305
-368.02357822142136
-364.7388492811892
-361.4685356433743
-358.21303212264155
-354.9727461960423
-351.7480984149808
-348.5395228267264
-345.34746740513566
-342.1723929528607
-339.01478123564937
-335.8751217106495
-332.7539225354859
-329.6517080678953
-329.6517080678953
-325.81730219822884
-321.986925840241
-318.160724529335
-314.3388507243094
-310.5214642130132
-306.7087325459993
-302.90083150037526
-299.097945576244
-295.3002685283348
-291.5080039356538
-287.721365812234
-283.9405792623367
-280.1658811837568
-276.39752102321086
-272.6357615881441
-268.88087991968507
-265.133168231903
-261.39293492299055
-257.6605056645055
-253.93622457536117
-250.22045548786286
-246.51358331374882
-242.81601551891362
-239.12818371627327
-235.45054538707672
-231.78358574188493
-228.1278197334233
-224.48379423457396
-220.85209039590617
-217.23332619834875
-213.62815921788163
-210.03730363917774
-206.46149133942296
-202.9015176608297
-199.35823110402106
-195.83253745398756
-192.3254042483663
-188.8378656144326
-185.37102750219188
-181.92607334164381
-181.92607334164381
-181.92607334164381
-178.06489949846886
-174.2099903055334
-170.3617710288075
-170.3617710288075
-167.2692258406305
-164.21587888302207
-161.2039606251128
-158.23583327638835
-155.31400745481244
-152.44114555534082
-149.62006808020837
-146.85375941384095
-144.14537281224423
-141.49823433504034
-138.91584540374652
-136.4018836236939
-133.96020146109205
-131.5948223238723
-129.30993355870683
-127.10987585161644
-124.99912851144211
-122.98229013064119
-121.06405416342582
-119.2491789269579
-117.54245259552533
-115.9486510173275
-114.47249104677363
-113.11857832963743
-111.89135061894619
-110.79501769707231
-109.83349931968007
-109.01036291227886
-108.32876300815175
-107.79138458445951
-107.6250458321435
-107.83467920822741
-108.41153701865977
-108.41153701865977
-108.41153701865977
-108.41153701865977
-108.41153701865977
-108.41153701865977
-108.41153701865977
-108.41153701865977
-108.41153701865977
-108.41153701865977
-108.41153701865977
