61.65277862548828 451.3723449707031 0.600530743598938
63.52965545654297 452.4175109863281 0.41566330194473267
65.5666732788086 453.099853515625 0.23079587519168854
67.69440460205078 453.3961486816406 0.04592844843864441
69.84034729003906 453.2962646484375 -0.13893897831439972
71.93136596679688 452.80364990234375 -0.32380640506744385
73.89620208740234 451.93505859375 -0.5086738467216492
75.66789245605469 450.7200927734375 -0.6935412883758545
77.18606567382812 449.2001647949219 -0.8784087300300598
79.73957061767578 446.12127685546875 -0.8784087300300598
82.29307556152344 443.0423889160156 -0.8784087300300598
84.8465805053711 439.9635009765625 -0.8784087300300598
87.40008544921875 436.8846130371094 -0.8784087300300598
89.9535903930664 433.80572509765625 -0.8784087300300598
92.50709533691406 430.7268371582031 -0.8784087300300598
95.06060028076172 427.64794921875 -0.8784087300300598
97.61410522460938 424.5690612792969 -0.8784087300300598
100.16761016845703 421.49017333984375 -0.8784087300300598
102.72111511230469 418.4112854003906 -0.8784087300300598
105.27462005615234 415.3323974609375 -0.8784087300300598
107.828125 412.2535095214844 -0.8784087300300598
110.38162994384766 409.17462158203125 -0.8784087300300598
112.93513488769531 406.0957336425781 -0.8784087300300598
115.48863983154297 403.016845703125 -0.8784087300300598
118.04214477539062 399.9379577636719 -0.8784087300300598
120.59564971923828 396.85906982421875 -0.8784087300300598
123.14915466308594 393.7801818847656 -0.8784087300300598
125.7026596069336 390.7012939453125 -0.8784087300300598
128.25616455078125 387.6224060058594 -0.8784087300300598
129.46908569335938 385.84930419921875 -1.0632761716842651
131.4131317138672 382.3534851074219 -1.0632761716842651
133.357177734375 378.857666015625 -1.0632761716842651
135.3012237548828 375.3618469238281 -1.0632761716842651
137.24526977539062 371.86602783203125 -1.0632761716842651
139.18931579589844 368.3702087402344 -1.0632761716842651
141.13336181640625 364.8743896484375 -1.0632761716842651
141.99969482421875 362.9085388183594 -1.2481435537338257
143.26803588867188 359.1149597167969 -1.2481435537338257
144.536376953125 355.3213806152344 -1.2481435537338257
145.80471801757812 351.5278015136719 -1.2481435537338257
147.07305908203125 347.7342224121094 -1.2481435537338257
148.34140014648438 343.9406433105469 -1.2481435537338257
149.6097412109375 340.1470642089844 -1.2481435537338257
150.87808227539062 336.3534851074219 -1.2481435537338257
152.14642333984375 332.5599060058594 -1.2481435537338257
152.14642333984375 332.5599060058594 -1.6481435298919678
151.83734130859375 328.5718688964844 -1.6481435298919678
151.52825927734375 324.5838317871094 -1.6481435298919678
151.21917724609375 320.5957946777344 -1.6481435298919678
150.91009521484375 316.6077575683594 -1.6481435298919678
150.60101318359375 312.6197204589844 -1.6481435298919678
150.29193115234375 308.6316833496094 -1.6481435298919678
149.98284912109375 304.6436462402344 -1.6481435298919678
149.67376708984375 300.6556091308594 -1.6481435298919678
149.36468505859375 296.6675720214844 -1.6481435298919678
149.05560302734375 292.6795349121094 -1.6481435298919678
148.74652099609375 288.6914978027344 -1.6481435298919678
148.43743896484375 284.7034606933594 -1.6481435298919678
148.12835693359375 280.7154235839844 -1.6481435298919678
147.81927490234375 276.7273864746094 -1.6481435298919678
147.51019287109375 272.7393493652344 -1.6481435298919678
147.20111083984375 268.7513122558594 -1.6481435298919678
146.89202880859375 264.7632751464844 -1.6481435298919678
146.58294677734375 260.7752380371094 -1.6481435298919678
146.27386474609375 256.7872009277344 -1.6481435298919678
145.96478271484375 252.79916381835938 -1.6481435298919678
145.65570068359375 248.81112670898438 -1.6481435298919678
145.34661865234375 244.82308959960938 -1.6481435298919678
145.03753662109375 240.83505249023438 -1.6481435298919678
144.72845458984375 236.84701538085938 -1.6481435298919678
144.41937255859375 232.85897827148438 -1.6481435298919678
144.11029052734375 228.87094116210938 -1.6481435298919678
143.80120849609375 224.88290405273438 -1.6481435298919678
143.49212646484375 220.89486694335938 -1.6481435298919678
143.18304443359375 216.90682983398438 -1.6481435298919678
142.87396240234375 212.91879272460938 -1.6481435298919678
142.56488037109375 208.93075561523438 -1.6481435298919678
142.20188903808594 206.81338500976562 -1.8330109119415283
141.4558868408203 204.79881286621094 -2.017878293991089
140.35227966308594 202.9556884765625 -2.2027456760406494
138.92868041992188 201.34683227539062 -2.38761305809021
136.01280212402344 198.60865783691406 -2.38761305809021
133.096923828125 195.8704833984375 -2.38761305809021
130.18104553222656 193.13230895996094 -2.38761305809021
127.26516723632812 190.39413452148438 -2.38761305809021
125.5700912475586 189.07437133789062 -2.5724804401397705
122.20056915283203 186.91883850097656 -2.5724804401397705
118.83104705810547 184.7633056640625 -2.5724804401397705
115.4615249633789 182.60777282714844 -2.5724804401397705
112.09200286865234 180.45223999023438 -2.5724804401397705
108.72248077392578 178.2967071533203 -2.5724804401397705
105.35295867919922 176.14117431640625 -2.5724804401397705
101.98343658447266 173.9856414794922 -2.5724804401397705
100.07465362548828 172.9999542236328 -2.757347583770752
96.36632537841797 171.50051879882812 -2.757347583770752
92.65799713134766 170.00108337402344 -2.757347583770752
88.94966888427734 168.50164794921875 -2.757347583770752
85.24134063720703 167.00221252441406 -2.757347583770752
81.53301239013672 165.50277709960938 -2.757347583770752
77.8246841430664 164.0033416748047 -2.757347583770752
74.1163558959961 162.50390625 -2.757347583770752
70.40802764892578 161.0044708251953 -2.757347583770752
66.69969940185547 159.50503540039062 -2.757347583770752
62.991371154785156 158.00559997558594 -2.757347583770752
59.283042907714844 156.50616455078125 -2.757347583770752
55.57471466064453 155.00672912597656 -2.757347583770752
55.57471466064453 155.00672912597656 -2.757347583770752
55.57471466064453 155.00672912597656 -2.757347583770752
55.57471466064453 155.00672912597656 -2.757347583770752
55.57471466064453 155.00672912597656 -2.757347583770752
55.57471466064453 155.00672912597656 -2.757347583770752
55.57471466064453 155.00672912597656 -2.757347583770752
55.57471466064453 155.00672912597656 -2.757347583770752
55.57471466064453 155.00672912597656 -2.757347583770752
55.57471466064453 155.00672912597656 -2.757347583770752
55.57471466064453 155.00672912597656 -2.757347583770752
