-390.6267966274628
-390.9840950079176
-391.0419054084611
-390.7953574262531
-390.26518143643733
-389.4959838150658
-388.5528144848963
-387.51599720009676
-383.5164859876836
-379.51698507999583
-375.51749480628916
-371.5180155099964
-367.51854754949903
-363.51909129894926
-359.5196471491469
-355.52021550847627
-351.52079680390545
-347.52139148205646
-343.5220000103484
-339.52262287822265
-335.52326059845495
-334.4814070234816
-330.6356801014772
-326.79365730549944
-322.9554707631684
-319.12125889453506
-315.29116670598887
-311.46534617679714
-307.64395667241405
-303.82716538667484
-300.0151478151782
-296.20808826236026
-292.40618038498917
-288.6096277750503
-284.8186445852606
-281.0334562007423
-277.25429996070704
-273.48142593435216
-269.7150977555558
-265.9555935213793
-262.2032067598466
-258.45824747297627
-254.72104326159487
-250.9919405390658
-247.27130584172974
-243.55952724457362
-239.85701589143432
-236.16420764989982
-232.4815649020022
-228.8095784828082
-225.14876978010452
-221.49969325855776
-221.49969325855776
-221.49969325855776
-221.49969325855776
-221.49969325855776
-221.49969325855776
-221.49969325855776
-221.49969325855776
-221.49969325855776
-221.49969325855776
-221.49969325855776
