60.0 450.0 1.1853982210159302
60.0 450.0 1.5853981971740723
59.941593170166016 453.99957275390625 1.5853981971740723
59.88318634033203 457.9991455078125 1.5853981971740723
59.82477951049805 461.99871826171875 1.5853981971740723
59.76637268066406 465.998291015625 1.5853981971740723
59.70796585083008 469.99786376953125 1.5853981971740723
59.649559020996094 473.9974365234375 1.5853981971740723
59.59115219116211 477.99700927734375 1.5853981971740723
59.532745361328125 481.99658203125 1.5853981971740723
59.47433853149414 485.99615478515625 1.5853981971740723
59.415931701660156 489.9957275390625 1.5853981971740723
59.35752487182617 493.99530029296875 1.5853981971740723
59.35752487182617 493.99530029296875 1.9853981733322144
57.74622344970703 497.6564025878906 1.9853981733322144
56.13492202758789 501.3175048828125 1.9853981733322144
54.52362060546875 504.9786071777344 1.9853981733322144
52.91231918334961 508.63970947265625 1.9853981733322144
51.30101776123047 512.3008422851562 1.9853981733322144
49.68971633911133 515.9619750976562 1.9853981733322144
48.07841491699219 519.6231079101562 1.9853981733322144
46.46711349487305 523.2842407226562 1.9853981733322144
44.855812072753906 526.9453735351562 1.9853981733322144
43.244510650634766 530.6065063476562 1.9853981733322144
41.633209228515625 534.2676391601562 1.9853981733322144
40.021907806396484 537.9287719726562 1.9853981733322144
38.410606384277344 541.5899047851562 1.9853981733322144
36.7993049621582 545.2510375976562 1.9853981733322144
35.18800354003906 548.9121704101562 1.9853981733322144
33.57670211791992 552.5733032226562 1.9853981733322144
31.96540069580078 556.2344360351562 1.9853981733322144
30.35409927368164 559.8955688476562 1.9853981733322144
30.35409927368164 559.8955688476562 2.3853981494903564
27.444290161132812 562.6401977539062 2.3853981494903564
24.534481048583984 565.3848266601562 2.3853981494903564
24.534481048583984 565.3848266601562 2.785398244857788
24.534481048583984 565.3848266601562 -3.0977869033813477
24.534481048583984 565.3848266601562 -2.697786808013916
24.534481048583984 565.3848266601562 -2.2977867126464844
24.534481048583984 565.3848266601562 -1.8977867364883423
24.534481048583984 565.3848266601562 -1.4977867603302002
24.82625961303711 561.3955078125 -1.4977867603302002
25.118038177490234 557.4061889648438 -1.4977867603302002
25.40981674194336 553.4168701171875 -1.4977867603302002
25.701595306396484 549.4275512695312 -1.4977867603302002
25.99337387084961 545.438232421875 -1.4977867603302002
26.285152435302734 541.4489135742188 -1.4977867603302002
26.57693099975586 537.4595947265625 -1.4977867603302002
26.868709564208984 533.4702758789062 -1.4977867603302002
27.16048812866211 529.48095703125 -1.4977867603302002
27.452266693115234 525.4916381835938 -1.4977867603302002
27.74404525756836 521.5023193359375 -1.4977867603302002
28.035823822021484 517.5130004882812 -1.4977867603302002
28.32760238647461 513.523681640625 -1.4977867603302002
28.619380950927734 509.5343322753906 -1.4977867603302002
28.91115951538086 505.54498291015625 -1.4977867603302002
29.202938079833984 501.5556335449219 -1.4977867603302002
29.49471664428711 497.5662841796875 -1.4977867603302002
29.786495208740234 493.5769348144531 -1.4977867603302002
30.07827377319336 489.58758544921875 -1.4977867603302002
30.370052337646484 485.5982360839844 -1.4977867603302002
30.66183090209961 481.60888671875 -1.4977867603302002
30.953609466552734 477.6195373535156 -1.4977867603302002
31.24538803100586 473.63018798828125 -1.4977867603302002
31.537166595458984 469.6408386230469 -1.4977867603302002
31.82894515991211 465.6514892578125 -1.4977867603302002
32.120723724365234 461.6621398925781 -1.4977867603302002
32.41250228881836 457.67279052734375 -1.4977867603302002
32.704280853271484 453.6834411621094 -1.4977867603302002
32.99605941772461 449.694091796875 -1.4977867603302002
33.287837982177734 445.7047424316406 -1.4977867603302002
33.57961654663086 441.71539306640625 -1.4977867603302002
33.871395111083984 437.7260437011719 -1.4977867603302002
34.16317367553711 433.7366943359375 -1.4977867603302002
34.454952239990234 429.7473449707031 -1.4977867603302002
34.74673080444336 425.75799560546875 -1.4977867603302002
35.038509368896484 421.7686462402344 -1.4977867603302002
35.33028793334961 417.779296875 -1.4977867603302002
35.622066497802734 413.7899475097656 -1.4977867603302002
35.91384506225586 409.80059814453125 -1.4977867603302002
36.205623626708984 405.8112487792969 -1.4977867603302002
36.49740219116211 401.8218994140625 -1.4977867603302002
36.789180755615234 397.8325500488281 -1.4977867603302002
37.08095932006836 393.84320068359375 -1.4977867603302002
37.372737884521484 389.8538513183594 -1.4977867603302002
37.66451644897461 385.864501953125 -1.4977867603302002
37.956295013427734 381.8751525878906 -1.4977867603302002
38.24807357788086 377.88580322265625 -1.4977867603302002
38.539852142333984 373.8964538574219 -1.4977867603302002
38.83163070678711 369.9071044921875 -1.4977867603302002
39.123409271240234 365.9177551269531 -1.4977867603302002
39.41518783569336 361.92840576171875 -1.4977867603302002
39.706966400146484 357.9390563964844 -1.4977867603302002
39.99874496459961 353.94970703125 -1.4977867603302002
40.290523529052734 349.9603576660156 -1.4977867603302002
40.58230209350586 345.97100830078125 -1.4977867603302002
40.874080657958984 341.9816589355469 -1.4977867603302002
41.16585922241211 337.9923095703125 -1.4977867603302002
41.457637786865234 334.0029602050781 -1.4977867603302002
41.74941635131836 330.01361083984375 -1.4977867603302002
42.041194915771484 326.0242614746094 -1.4977867603302002
42.33297348022461 322.034912109375 -1.4977867603302002
42.33297348022461 322.034912109375 -1.097786784172058
41.212100982666016 323.78826904296875 -0.9062057137489319
41.212100982666016 323.78826904296875 -0.506205677986145
41.212100982666016 323.78826904296875 -0.10620567202568054
41.212100982666016 323.78826904296875 0.29379433393478394
41.212100982666016 323.78826904296875 0.6937943696975708
44.28740310668945 326.3460998535156 0.6937943696975708
47.36270523071289 328.9039306640625 0.6937943696975708
50.43800735473633 331.4617614746094 0.6937943696975708
53.513309478759766 334.01959228515625 0.6937943696975708
56.5886116027832 336.5774230957031 0.6937943696975708
59.66391372680664 339.13525390625 0.6937943696975708
62.73921585083008 341.6930847167969 0.6937943696975708
65.81451416015625 344.25091552734375 0.6937943696975708
68.88981628417969 346.8087463378906 0.6937943696975708
71.96511840820312 349.3665771484375 0.6937943696975708
75.04042053222656 351.9244079589844 0.6937943696975708
78.11572265625 354.48223876953125 0.6937943696975708
78.11572265625 354.48223876953125 1.093794345855713
78.11572265625 354.48223876953125 1.493794322013855
78.11572265625 354.48223876953125 1.893794298171997
78.11572265625 354.48223876953125 2.2937943935394287
75.46917724609375 357.4815368652344 2.2937943935394287
72.8226318359375 360.4808349609375 2.2937943935394287
70.17608642578125 363.4801330566406 2.2937943935394287
67.529541015625 366.47943115234375 2.2937943935394287
64.88299560546875 369.4787292480469 2.2937943935394287
62.236454010009766 372.47802734375 2.2937943935394287
59.58991241455078 375.4773254394531 2.2937943935394287
59.58991241455078 375.4773254394531 2.6937944889068604
59.58991241455078 375.4773254394531 3.093794584274292
59.58991241455078 375.4773254394531 -2.7893905639648438
59.58991241455078 375.4773254394531 -2.389390468597412
59.58991241455078 375.4773254394531 -1.98939049243927
57.96400833129883 371.82269287109375 -1.98939049243927
56.338104248046875 368.1680603027344 -1.98939049243927
54.71220016479492 364.513427734375 -1.98939049243927
53.08629608154297 360.8587951660156 -1.98939049243927
51.460391998291016 357.20416259765625 -1.98939049243927
49.83448791503906 353.5495300292969 -1.98939049243927
48.20858383178711 349.8948974609375 -1.98939049243927
46.582679748535156 346.2402648925781 -1.98939049243927
44.9567756652832 342.58563232421875 -1.98939049243927
43.33087158203125 338.9309997558594 -1.98939049243927
41.7049674987793 335.2763671875 -1.98939049243927
40.079063415527344 331.6217346191406 -1.98939049243927
38.45315933227539 327.96710205078125 -1.98939049243927
36.82725524902344 324.3124694824219 -1.98939049243927
35.201351165771484 320.6578369140625 -1.98939049243927
33.57544708251953 317.0032043457031 -1.98939049243927
31.949541091918945 313.34857177734375 -1.98939049243927
30.32363510131836 309.6939392089844 -1.98939049243927
28.697729110717773 306.039306640625 -1.98939049243927
27.071823120117188 302.3846740722656 -1.98939049243927
25.4459171295166 298.73004150390625 -1.98939049243927
23.820011138916016 295.0754089355469 -1.98939049243927
22.19410514831543 291.4207763671875 -1.98939049243927
20.568199157714844 287.7661437988281 -1.98939049243927
18.942293167114258 284.11151123046875 -1.98939049243927
18.942293167114258 284.11151123046875 -1.589390516281128
18.867919921875 280.1122131347656 -1.589390516281128
18.793546676635742 276.1129150390625 -1.589390516281128
18.719173431396484 272.1136169433594 -1.589390516281128
18.644800186157227 268.11431884765625 -1.589390516281128
18.57042694091797 264.1150207519531 -1.589390516281128
18.49605369567871 260.11572265625 -1.589390516281128
18.49605369567871 260.11572265625 -1.589390516281128
18.49605369567871 260.11572265625 -1.589390516281128
18.49605369567871 260.11572265625 -1.589390516281128
18.49605369567871 260.11572265625 -1.589390516281128
18.49605369567871 260.11572265625 -1.589390516281128
18.49605369567871 260.11572265625 -1.589390516281128
18.49605369567871 260.11572265625 -1.589390516281128
18.49605369567871 260.11572265625 -1.589390516281128
18.49605369567871 260.11572265625 -1.589390516281128
18.49605369567871 260.11572265625 -1.589390516281128
