-392.7330690965977
-395.4511898142579
-398.1542709742734
-400.84218650070056
-403.51486705767246
-406.27574227949765
-408.9529880828133
-411.61459326178647
-414.2604425847489
-416.89044745389265
-419.50451312647823
-422.1025101656039
-424.6843336259377
-427.2499047758507
-429.7991082865249
-432.3318230981085
-434.8479855725087
-437.34746402203086
-439.8301823061558
-442.2960289900899
-444.74491688709236
-447.17672357311073
-449.59138205821847
-451.9887877549922
-454.36883220886807
-456.7314594684643
-459.0765481345779
-461.4040017047227
-463.7137484867812
-466.00564875307305
-468.2796801812526
-470.53569265027295
-472.7736466792532
-474.99344445061325
-474.99344445061325
-474.99344445061325
-474.99344445061325
-478.88327414975566
-482.7749038988774
-486.66829051582835
-486.66829051582835
-486.66829051582835
-488.73813619319355
-490.83185157441284
-492.9491325123801
-492.9491325123801
-493.6070905961021
-494.29654291643794
-495.01735787938617
-495.76939868752237
-496.5525234639732
-497.36658537968225
-498.2114327837156
-499.0869093363537
-499.99285414471433
-500.92910190065254
-501.8954830206823
-502.8918237876677
-503.9179464940321
-504.9736695862376
-506.05880781029
-507.1731723580283
-508.3165710139632
-509.4888083024333
-510.6896856348547
-511.91900145684446
-513.1765513950064
-513.1765513950064
-512.8864361276773
-512.6273694017082
-512.3993983110909
-512.2025643759582
-512.036903504947
-511.90244596255667
-511.7992163415739
-511.727233540621
-511.6865107468756
-511.6865107468756
-511.6865107468756
-511.6865107468756
-507.95133197338043
-504.22021591620404
-500.4932534365161
-496.7705380195038
-493.0521658655796
-489.338235985217
-485.62885029757257
-481.9241137330581
-478.2241343400374
-474.5290233958255
-470.8388954069676
-467.15386856242725
-463.47406453798516
-459.799608729292
-456.1306303873818
-452.4672627597507
-452.4672627597507
-448.4677243294367
-444.4681940402742
-440.4686721140324
-436.4691587806085
-432.4696542784037
-428.47015885471984
-424.470672766179
-420.47119627916635
-416.4717296702992
-412.47227322692277
-408.47282724763545
-404.47339204284486
-400.47396793535785
-396.4745552610055
-392.4751543693066
-388.47576562417237
-384.4763894046547
-380.47702610574186
-376.47767613920473
-372.4783399344979
-368.47901793971903
-364.4797106226313
-360.4804184717545
-356.4811419975288
-352.4818817335585
-348.48263823794036
-348.48263823794036
-344.77201096152146
-341.0679256891538
-337.37059790033163
-337.37059790033163
-337.37059790033163
-335.9185631945113
-334.50805949673617
-333.1396143307617
-331.8137480623651
-331.8137480623651
-331.8137480623651
-333.55794433987717
-335.2950045011066
-337.02480106274305
-338.7471718193429
-340.46195013408516
-342.168995856835
-343.8681641745183
-345.55933626105633
-347.3192398205123
-347.3192398205123
-350.36228175339977
-353.42439464409006
-356.50508707699663
-359.6038815448953
-362.7203140998252
-362.7203140998252
-366.5725939170442
-370.42800505096403
-374.28645073736845
-378.0213727677202
-381.74615914142
-385.46050920093705
-389.1641571379372
-392.8568376657082
-396.5382884382921
-400.2082790739872
-403.86655031996906
-407.51284510597276
-411.1469364108779
-414.7685988374251
-418.37760619203715
-421.9737032778144
-425.5566950934321
-429.1263572779914
-432.6824624670579
-436.2248162624146
-439.7531906861162
-443.26741793311055
-446.76726727284444
-450.25254048361467
-453.72303351099345
-457.17854451277236
-460.6188952200779
-464.04391230194705
-467.4533827125348
-470.84712513647867
-474.22498696338795
-477.58675144175356
-480.9322568046457
-484.26134289099275
-487.57384459314835
-490.86953213087463
-494.1482962199255
-494.1482962199255
-494.1482962199255
-494.1482962199255
-494.1482962199255
-496.20742958957186
-498.29016450288
-498.29016450288
-498.9078632908234
-499.55682769540834
-500.23693603267844
-500.94806145567765
-501.69007206802274
-502.46283104087564
-503.26619673308323
-504.1000228142531
-504.96415839052946
-505.8584481328331
-506.78273240732835
-507.7368464379954
-508.72062346601894
-509.73389174431134
-510.7764757604244
-511.8481963746373
-511.8481963746373
-511.3649471741229
-510.9125583741622
-510.491112018695
-510.10068480188284
-509.74134799938463
-509.41316740414516
-509.11620326682925
-508.8505102410266
-508.6161373333417
-508.4131278584752
-508.2415193993912
-508.1013437851176
-507.99262696390116
-507.9153891365477
-507.9153891365477
-507.9153891365477
-505.01090126006716
-505.01090126006716
-501.2704892994488
-497.53411600057893
-493.8018730395944
-490.07385478243083
-486.35015837992273
-482.6308838667559
-478.9161342644466
-475.20601568852453
-471.5006374601082
-467.8001122220684
-464.10455605998584
-460.41408862811596
-456.72883328058685
-453.0489172080636
-449.37447170414083
-445.70563195519475
-442.04253754023534
-438.3853324812182
-434.73416541094764
-434.73416541094764
-430.7351868971954
-426.73622772088817
-422.7372884308041
-418.73836959668176
-414.73947181023044
-410.7405956861993
-406.7417418635098
-402.7429110064552
-398.7441038059725
-394.7453209809916
-390.74656327986725
-386.74783148189954
-382.7491263989501
-378.75044887716035
-374.75179979877976
-370.7531800841123
-366.7545906935903
-362.75603262998527
-358.75750694076663
-354.7590147206195
-350.7605571141352
-346.7621353186872
-342.76375058750864
-342.76375058750864
-342.76375058750864
-342.76375058750864
-341.2279097477212
-339.7322242016632
-338.2772265870796
-336.8634441284936
-335.49139787631236
-334.16160192954635
-332.8745626440479
-332.8745626440479
-333.1753378649842
-333.47287410363623
-333.76711368780167
-334.05805281044957
-334.05805281044957
-335.8258204434566
-337.58614641287727
-339.41778278836694
-341.2864724201156
-341.2864724201156
-344.4071441401971
-347.54583228411354
-350.70205312589536
-353.87533754245993
-353.87533754245993
-357.7512776054588
-361.6299195942508
-365.511177493943
-369.3949688478869
-369.3949688478869
-373.22551693427766
-377.0639138467558
-380.90932697219904
-384.7609492217852
-388.61802738076943
-392.47983329550925
-396.3455987266096
-400.21463822357197
-404.0862858110999
-407.95986623496145
-411.8347218728338
-415.7102422205744
-419.5858048890446
-423.4608026427461
-427.33467296568625
-431.206869488049
-435.0768284440742
-438.94402948757596
-442.93382496366837
-442.93382496366837
-442.93382496366837
-445.9254727711312
-448.9328249553339
-451.9555680214643
-454.99336482399457
-458.0459760242167
-461.1130776253287
-464.19438239732693
-467.2896093734351
-470.39848372898444
-473.52073666069373
-476.65610526652534
-479.8043324262798
-482.9651666830761
-486.1383621258492
-486.1383621258492
-486.1383621258492
-486.62828703493614
-487.15056423091715
-487.70508977684204
-488.2917537950554
-488.2917537950554
-488.2917537950554
-488.2917537950554
-488.2917537950554
-488.2917537950554
-484.5594919208383
-480.8166067365617
-477.06352660427757
-473.30050186539125
-469.527971623385
-465.74619762303655
-461.95563105052804
-458.15660771150885
-454.349531529927
-450.534783433247
-446.71275213917414
-442.8838654356693
-439.04852931162446
-435.2071898278771
-431.3602724580444
-427.5082434269855
-423.6515801736757
-419.79074101289035
-415.92619669225166
-412.0584915858085
-408.1877894635148
-404.1920536338086
-400.1964031904057
-396.3240313617893
-392.32648310338664
-388.3289854739032
-384.331540053139
-380.33414848728995
-376.3368124924719
-372.33953385847127
-368.34231445273974
-364.345156224652
-360.3480612100456
-356.3510315360672
-352.35406942634734
-348.35717720653173
-348.35717720653173
-348.35717720653173
-345.7634734643204
-343.1579248219685
-340.5406386253714
-337.9117796587352
-335.2714795397734
-332.6198961393485
-329.9484389386946
-327.27058177103555
-324.5864732711002
-321.8962934585368
-319.2001917419002
-316.4983475437429
-313.7909410985589
-311.0781236720311
-308.3003912160042
-305.549772514352
-302.8935702986214
-302.8935702986214
-299.23603090727255
-295.58736336344185
-291.9479002994979
-288.4206009398947
-288.4206009398947
-284.42175221936776
-280.42293616444323
-276.4241541927656
-276.4241541927656
-272.88767502631583
-269.3407215190833
-265.78339601525727
-262.215859741961
-258.63823994953856
-255.0506686133829
-251.45384400658537
-247.84675065085352
-244.23063246041457
-244.23063246041457
-240.35850679371654
-236.3633640402314
-232.3683885050198
-228.37358896360948
-224.50454467871538
-220.63891940944072
-216.77748935706873
-212.92111265280536
-209.07067044378914
-205.22712669114077
-201.39146485111266
-197.5647652581852
-193.74816665099462
-189.94290051648306
-186.15025736853562
-182.3716206520059
-178.6084937957604
-174.86247657525809
-171.1352906506393
-167.42879595640034
-163.74498350463824
-160.08600445303614
-156.4541883912199
-152.85205717617566
-149.2823447225435
-145.7479866654289
-142.25220204928942
-138.79845611238537
-135.39052937703343
-132.03251479862294
-128.72884507158398
-125.48435125962769
-122.304276207507
-119.19427186894798
-116.16047231772231
-113.20950187604711
-110.34849361855258
-110.34849361855258
-106.61183822568579
-102.89498556184436
-99.20016157053793
-95.52992230398706
-95.52992230398706
-95.52992230398706
-95.52992230398706
-95.52992230398706
-95.52992230398706
-95.52992230398706
-95.52992230398706
-95.52992230398706
-95.52992230398706
-95.52992230398706
