62.828426361083984 452.82843017578125 0.7853981852531433
65.65685272216797 455.6568603515625 0.7853981852531433
68.48528289794922 458.48529052734375 0.7853981852531433
71.31371307373047 461.313720703125 0.7853981852531433
74.14214324951172 464.14215087890625 0.7853981852531433
76.97057342529297 466.9705810546875 0.7853981852531433
79.79900360107422 469.79901123046875 0.7853981852531433
82.62743377685547 472.62744140625 0.7853981852531433
85.45586395263672 475.45587158203125 0.7853981852531433
88.28429412841797 478.2843017578125 0.7853981852531433
91.11272430419922 481.11273193359375 0.7853981852531433
93.94115447998047 483.941162109375 0.7853981852531433
96.76958465576172 486.76959228515625 0.7853981852531433
99.59801483154297 489.5980224609375 0.7853981852531433
102.42644500732422 492.42645263671875 0.7853981852531433
105.25487518310547 495.2548828125 0.7853981852531433
108.08330535888672 498.08331298828125 0.7853981852531433
110.91173553466797 500.9117431640625 0.7853981852531433
113.74016571044922 503.74017333984375 0.7853981852531433
116.56859588623047 506.568603515625 0.7853981852531433
119.39702606201172 509.39703369140625 0.7853981852531433
122.22545623779297 512.2254638671875 0.7853981852531433
125.05388641357422 515.0538940429688 0.7853981852531433
127.88231658935547 517.88232421875 0.7853981852531433
130.7107391357422 520.7107543945312 0.7853981852531433
133.53916931152344 523.5391845703125 0.7853981852531433
136.3675994873047 526.3676147460938 0.7853981852531433
136.3675994873047 526.3676147460938 1.1853982210159302
136.3675994873047 526.3676147460938 1.5853981971740723
136.3675994873047 526.3676147460938 1.9853981733322144
136.3675994873047 526.3676147460938 2.3853981494903564
133.45779418945312 529.1122436523438 2.3853981494903564
133.45779418945312 529.1122436523438 2.785398244857788
129.70887756347656 530.507080078125 2.785398244857788
125.95995330810547 531.9019165039062 2.785398244857788
122.21102905273438 533.2967529296875 2.785398244857788
118.46210479736328 534.6915893554688 2.785398244857788
114.71318054199219 536.08642578125 2.785398244857788
110.9642562866211 537.4812622070312 2.785398244857788
107.21533203125 538.8760986328125 2.785398244857788
103.4664077758789 540.2709350585938 2.785398244857788
99.71748352050781 541.665771484375 2.785398244857788
99.71748352050781 541.665771484375 -3.0977869033813477
95.72132110595703 541.4906005859375 -3.0977869033813477
91.72515869140625 541.3154296875 -3.0977869033813477
91.72515869140625 541.3154296875 -2.697786808013916
88.11266326904297 539.597900390625 -2.697786808013916
84.50016784667969 537.88037109375 -2.697786808013916
80.8876724243164 536.162841796875 -2.697786808013916
77.27517700195312 534.4453125 -2.697786808013916
77.27517700195312 534.4453125 -2.2977867126464844
74.61668395996094 531.4566040039062 -2.2977867126464844
71.95819091796875 528.4678955078125 -2.2977867126464844
69.29969787597656 525.4791870117188 -2.2977867126464844
66.64120483398438 522.490478515625 -2.2977867126464844
66.64120483398438 522.490478515625 -1.8977867364883423
65.35643005371094 518.7024536132812 -1.8977867364883423
64.0716552734375 514.9144287109375 -1.8977867364883423
62.7868766784668 511.1263732910156 -1.8977867364883423
61.502098083496094 507.33831787109375 -1.8977867364883423
60.21731948852539 503.5502624511719 -1.8977867364883423
58.93254089355469 499.76220703125 -1.8977867364883423
57.647762298583984 495.9741516113281 -1.8977867364883423
56.36298370361328 492.18609619140625 -1.8977867364883423
55.07820510864258 488.3980407714844 -1.8977867364883423
55.07820510864258 488.3980407714844 -1.4977867603302002
55.3699836730957 484.40869140625 -1.4977867603302002
55.66176223754883 480.4193420410156 -1.4977867603302002
55.95354080200195 476.42999267578125 -1.4977867603302002
56.24531936645508 472.4406433105469 -1.4977867603302002
56.5370979309082 468.4512939453125 -1.4977867603302002
56.82887649536133 464.4619445800781 -1.4977867603302002
57.12065505981445 460.47259521484375 -1.4977867603302002
57.41243362426758 456.4832458496094 -1.4977867603302002
57.7042121887207 452.493896484375 -1.4977867603302002
57.99599075317383 448.5045471191406 -1.4977867603302002
58.28776931762695 444.51519775390625 -1.4977867603302002
58.57954788208008 440.5258483886719 -1.4977867603302002
58.8713264465332 436.5364990234375 -1.4977867603302002
59.16310501098633 432.5471496582031 -1.4977867603302002
59.45488357543945 428.55780029296875 -1.4977867603302002
59.74666213989258 424.5684509277344 -1.4977867603302002
60.0384407043457 420.5791015625 -1.4977867603302002
60.33021926879883 416.5897521972656 -1.4977867603302002
60.62199783325195 412.60040283203125 -1.4977867603302002
60.91377639770508 408.6110534667969 -1.4977867603302002
61.2055549621582 404.6217041015625 -1.4977867603302002
61.49733352661133 400.6323547363281 -1.4977867603302002
61.78911209106445 396.64300537109375 -1.4977867603302002
62.08089065551758 392.6536560058594 -1.4977867603302002
62.3726692199707 388.664306640625 -1.4977867603302002
62.66444778442383 384.6749572753906 -1.4977867603302002
62.66444778442383 384.6749572753906 -1.097786784172058
60.84217834472656 388.2357482910156 -1.097786784172058
60.84217834472656 388.2357482910156 -0.697786808013916
60.84217834472656 388.2357482910156 -0.29778680205345154
64.66613006591797 387.0621337890625 -0.29778680205345154
64.66613006591797 387.0621337890625 0.10221320390701294
68.64525604248047 387.47027587890625 0.10221320390701294
72.62438201904297 387.87841796875 0.10221320390701294
76.60350799560547 388.28656005859375 0.10221320390701294
80.58263397216797 388.6947021484375 0.10221320390701294
84.56175994873047 389.10284423828125 0.10221320390701294
88.54088592529297 389.510986328125 0.10221320390701294
92.52001190185547 389.91912841796875 0.10221320390701294
96.49913787841797 390.3272705078125 0.10221320390701294
96.49913787841797 390.3272705078125 0.5022132396697998
96.49913787841797 390.3272705078125 0.9022132158279419
98.9786376953125 393.466064453125 0.9022132158279419
101.45813751220703 396.6048583984375 0.9022132158279419
103.93763732910156 399.74365234375 0.9022132158279419
106.4171371459961 402.8824462890625 0.9022132158279419
108.89663696289062 406.021240234375 0.9022132158279419
111.37613677978516 409.1600341796875 0.9022132158279419
113.85563659667969 412.298828125 0.9022132158279419
113.85563659667969 412.298828125 1.302213191986084
114.91709899902344 416.1554260253906 1.302213191986084
115.97856140136719 420.01202392578125 1.302213191986084
117.04002380371094 423.8686218261719 1.302213191986084
118.10148620605469 427.7252197265625 1.302213191986084
119.16294860839844 431.5818176269531 1.302213191986084
120.22441101074219 435.43841552734375 1.302213191986084
121.28587341308594 439.2950134277344 1.302213191986084
122.34733581542969 443.151611328125 1.302213191986084
123.40879821777344 447.0082092285156 1.302213191986084
124.47026062011719 450.86480712890625 1.302213191986084
125.53172302246094 454.7214050292969 1.302213191986084
126.59318542480469 458.5780029296875 1.302213191986084
127.65464782714844 462.4346008300781 1.302213191986084
128.7161102294922 466.29119873046875 1.302213191986084
129.77757263183594 470.1477966308594 1.302213191986084
130.8390350341797 474.00439453125 1.302213191986084
131.90049743652344 477.8609924316406 1.302213191986084
132.9619598388672 481.71759033203125 1.302213191986084
134.02342224121094 485.5741882324219 1.302213191986084
135.0848846435547 489.4307861328125 1.302213191986084
136.14634704589844 493.2873840332031 1.302213191986084
137.2078094482422 497.14398193359375 1.302213191986084
138.26927185058594 501.0005798339844 1.302213191986084
139.3307342529297 504.857177734375 1.302213191986084
140.39219665527344 508.7137756347656 1.302213191986084
141.4536590576172 512.5703735351562 1.302213191986084
142.51512145996094 516.4269409179688 1.302213191986084
143.5765838623047 520.2835083007812 1.302213191986084
143.5765838623047 520.2835083007812 1.702213168144226
143.5765838623047 520.2835083007812 2.102213144302368
143.5765838623047 520.2835083007812 2.5022132396698
140.36671447753906 522.6702880859375 2.5022132396698
137.15684509277344 525.0570678710938 2.5022132396698
133.9469757080078 527.44384765625 2.5022132396698
130.7371063232422 529.8306274414062 2.5022132396698
127.5272445678711 532.2174072265625 2.5022132396698
124.3173828125 534.6041870117188 2.5022132396698
124.3173828125 534.6041870117188 2.9022133350372314
120.43144226074219 535.5526123046875 2.9022133350372314
116.54550170898438 536.5010375976562 2.9022133350372314
112.65956115722656 537.449462890625 2.9022133350372314
108.77362060546875 538.3978881835938 2.9022133350372314
104.88768005371094 539.3463134765625 2.9022133350372314
101.00173950195312 540.2947387695312 2.9022133350372314
97.11579895019531 541.2431640625 2.9022133350372314
97.11579895019531 541.2431640625 -2.9809718132019043
93.16728973388672 540.6034545898438 -2.9809718132019043
89.21878051757812 539.9637451171875 -2.9809718132019043
85.27027130126953 539.3240356445312 -2.9809718132019043
81.32176208496094 538.684326171875 -2.9809718132019043
77.37325286865234 538.0446166992188 -2.9809718132019043
77.37325286865234 538.0446166992188 -2.5809717178344727
77.37325286865234 538.0446166992188 -2.180971622467041
75.08120727539062 534.7664184570312 -2.180971622467041
72.7891616821289 531.4882202148438 -2.180971622467041
70.49711608886719 528.2100219726562 -2.180971622467041
68.20507049560547 524.9318237304688 -2.180971622467041
65.91302490234375 521.6536254882812 -2.180971622467041
63.62097930908203 518.3754272460938 -2.180971622467041
61.32893371582031 515.0972290039062 -2.180971622467041
61.32893371582031 515.0972290039062 -1.780971646308899
60.494407653808594 511.18524169921875 -1.780971646308899
59.659881591796875 507.27325439453125 -1.780971646308899
58.825355529785156 503.36126708984375 -1.780971646308899
57.99082946777344 499.44927978515625 -1.780971646308899
57.15630340576172 495.53729248046875 -1.780971646308899
56.32177734375 491.62530517578125 -1.780971646308899
55.48725128173828 487.71331787109375 -1.780971646308899
54.65272521972656 483.80133056640625 -1.780971646308899
53.818199157714844 479.88934326171875 -1.780971646308899
52.983673095703125 475.97735595703125 -1.780971646308899
52.149147033691406 472.06536865234375 -1.780971646308899
51.31462097167969 468.15338134765625 -1.780971646308899
51.31462097167969 468.15338134765625 -1.3809716701507568
52.069366455078125 464.2252197265625 -1.3809716701507568
52.82411193847656 460.29705810546875 -1.3809716701507568
53.578857421875 456.368896484375 -1.3809716701507568
54.33360290527344 452.44073486328125 -1.3809716701507568
55.088348388671875 448.5125732421875 -1.3809716701507568
55.84309387207031 444.58441162109375 -1.3809716701507568
56.59783935546875 440.65625 -1.3809716701507568
57.35258483886719 436.72808837890625 -1.3809716701507568
58.107330322265625 432.7999267578125 -1.3809716701507568
58.86207580566406 428.87176513671875 -1.3809716701507568
59.6168212890625 424.943603515625 -1.3809716701507568
60.37156677246094 421.01544189453125 -1.3809716701507568
61.126312255859375 417.0872802734375 -1.3809716701507568
61.88105773925781 413.15911865234375 -1.3809716701507568
62.63580322265625 409.23095703125 -1.3809716701507568
63.39054870605469 405.30279541015625 -1.3809716701507568
64.14529418945312 401.3746337890625 -1.3809716701507568
64.90003967285156 397.44647216796875 -1.3809716701507568
65.65478515625 393.518310546875 -1.3809716701507568
65.65478515625 393.518310546875 -0.9809716939926147
63.42992401123047 396.84246826171875 -0.9809716939926147
63.42992401123047 396.84246826171875 -0.5809717178344727
66.77364349365234 394.6471252441406 -0.5809717178344727
70.11736297607422 392.4517822265625 -0.5809717178344727
73.4610824584961 390.2564392089844 -0.5809717178344727
76.80480194091797 388.06109619140625 -0.5809717178344727
80.14852142333984 385.8657531738281 -0.5809717178344727
83.49224090576172 383.67041015625 -0.5809717178344727
86.8359603881836 381.4750671386719 -0.5809717178344727
90.17967987060547 379.27972412109375 -0.5809717178344727
93.52339935302734 377.0843811035156 -0.5809717178344727
96.86711883544922 374.8890380859375 -0.5809717178344727
100.2108383178711 372.6936950683594 -0.5809717178344727
103.55455780029297 370.49835205078125 -0.5809717178344727
106.89827728271484 368.3030090332031 -0.5809717178344727
106.89827728271484 368.3030090332031 -0.18097171187400818
106.89827728271484 368.3030090332031 0.2190282940864563
106.89827728271484 368.3030090332031 0.6190283298492432
106.89827728271484 368.3030090332031 1.0190283060073853
108.99504852294922 371.70941162109375 1.0190283060073853
111.0918197631836 375.1158142089844 1.0190283060073853
113.18859100341797 378.522216796875 1.0190283060073853
115.28536224365234 381.9286193847656 1.0190283060073853
115.28536224365234 381.9286193847656 1.4190282821655273
115.89010620117188 385.88262939453125 1.4190282821655273
116.4948501586914 389.8366394042969 1.4190282821655273
117.09959411621094 393.7906494140625 1.4190282821655273
117.70433807373047 397.7446594238281 1.4190282821655273
118.30908203125 401.69866943359375 1.4190282821655273
118.91382598876953 405.6526794433594 1.4190282821655273
119.51856994628906 409.606689453125 1.4190282821655273
120.1233139038086 413.5606994628906 1.4190282821655273
120.72805786132812 417.51470947265625 1.4190282821655273
121.33280181884766 421.4687194824219 1.4190282821655273
121.93754577636719 425.4227294921875 1.4190282821655273
122.54228973388672 429.3767395019531 1.4190282821655273
123.14703369140625 433.33074951171875 1.4190282821655273
123.75177764892578 437.2847595214844 1.4190282821655273
124.35652160644531 441.23876953125 1.4190282821655273
124.96126556396484 445.1927795410156 1.4190282821655273
125.56600952148438 449.14678955078125 1.4190282821655273
126.1707534790039 453.1007995605469 1.4190282821655273
126.77549743652344 457.0548095703125 1.4190282821655273
127.38024139404297 461.0088195800781 1.4190282821655273
127.9849853515625 464.96282958984375 1.4190282821655273
128.58973693847656 468.9168395996094 1.4190282821655273
129.19448852539062 472.870849609375 1.4190282821655273
129.7992401123047 476.8248596191406 1.4190282821655273
130.40399169921875 480.77886962890625 1.4190282821655273
131.0087432861328 484.7328796386719 1.4190282821655273
131.61349487304688 488.6868896484375 1.4190282821655273
132.21824645996094 492.6408996582031 1.4190282821655273
132.822998046875 496.59490966796875 1.4190282821655273
133.42774963378906 500.5489196777344 1.4190282821655273
134.03250122070312 504.5029296875 1.4190282821655273
134.6372528076172 508.4569396972656 1.4190282821655273
135.24200439453125 512.4109497070312 1.4190282821655273
135.8467559814453 516.364990234375 1.4190282821655273
136.45150756835938 520.3190307617188 1.4190282821655273
137.05625915527344 524.2730712890625 1.4190282821655273
137.05625915527344 524.2730712890625 1.8190282583236694
137.05625915527344 524.2730712890625 2.2190282344818115
137.05625915527344 524.2730712890625 2.619028329849243
133.590087890625 526.2694702148438 2.619028329849243
130.12391662597656 528.265869140625 2.619028329849243
126.65774536132812 530.2622680664062 2.619028329849243
123.19157409667969 532.2586669921875 2.619028329849243
119.72540283203125 534.2550659179688 2.619028329849243
116.25923156738281 536.25146484375 2.619028329849243
112.79306030273438 538.2478637695312 2.619028329849243
112.79306030273438 538.2478637695312 3.019028425216675
108.82306671142578 538.7368774414062 3.019028425216675
104.85307312011719 539.2258911132812 3.019028425216675
100.8830795288086 539.7149047851562 3.019028425216675
96.9130859375 540.2039184570312 3.019028425216675
96.9130859375 540.2039184570312 -2.864156723022461
93.0660400390625 539.1083374023438 -2.864156723022461
89.218994140625 538.0127563476562 -2.864156723022461
85.3719482421875 536.9171752929688 -2.864156723022461
81.52490234375 535.8215942382812 -2.864156723022461
77.6778564453125 534.7260131835938 -2.864156723022461
77.6778564453125 534.7260131835938 -2.4641566276550293
74.56112670898438 532.2188110351562 -2.4641566276550293
74.56112670898438 532.2188110351562 -2.0641565322875977
72.6667709350586 528.69580078125 -2.0641565322875977
70.77241516113281 525.1727905273438 -2.0641565322875977
68.87805938720703 521.6497802734375 -2.0641565322875977
66.98370361328125 518.1267700195312 -2.0641565322875977
65.08934783935547 514.603759765625 -2.0641565322875977
63.19499588012695 511.0807800292969 -2.0641565322875977
61.30064392089844 507.55780029296875 -2.0641565322875977
59.40629196166992 504.0348205566406 -2.0641565322875977
57.511940002441406 500.5118408203125 -2.0641565322875977
57.511940002441406 500.5118408203125 -1.6641565561294556
57.139041900634766 496.5292663574219 -1.6641565561294556
56.766143798828125 492.54669189453125 -1.6641565561294556
56.393245697021484 488.5641174316406 -1.6641565561294556
56.020347595214844 484.58154296875 -1.6641565561294556
55.6474494934082 480.5989685058594 -1.6641565561294556
55.27455139160156 476.61639404296875 -1.6641565561294556
54.90165328979492 472.6338195800781 -1.6641565561294556
54.52875518798828 468.6512451171875 -1.6641565561294556
54.15585708618164 464.6686706542969 -1.6641565561294556
53.782958984375 460.68609619140625 -1.6641565561294556
53.41006088256836 456.7035217285156 -1.6641565561294556
53.03716278076172 452.720947265625 -1.6641565561294556
52.66426467895508 448.7383728027344 -1.6641565561294556
52.29136657714844 444.75579833984375 -1.6641565561294556
51.9184684753418 440.7732238769531 -1.6641565561294556
51.545570373535156 436.7906494140625 -1.6641565561294556
51.172672271728516 432.8080749511719 -1.6641565561294556
50.799774169921875 428.82550048828125 -1.6641565561294556
50.426876068115234 424.8429260253906 -1.6641565561294556
50.053977966308594 420.8603515625 -1.6641565561294556
49.68107986450195 416.8777770996094 -1.6641565561294556
49.30818176269531 412.89520263671875 -1.6641565561294556
48.93528366088867 408.9126281738281 -1.6641565561294556
48.56238555908203 404.9300537109375 -1.6641565561294556
48.18948745727539 400.9474792480469 -1.6641565561294556
47.81658935546875 396.96490478515625 -1.6641565561294556
47.44369125366211 392.9823303222656 -1.6641565561294556
47.07079315185547 388.999755859375 -1.6641565561294556
46.69789505004883 385.0171813964844 -1.6641565561294556
46.32499694824219 381.03460693359375 -1.6641565561294556
45.95209884643555 377.0520324707031 -1.6641565561294556
45.579200744628906 373.0694580078125 -1.6641565561294556
45.206302642822266 369.0868835449219 -1.6641565561294556
44.833404541015625 365.10430908203125 -1.6641565561294556
44.460506439208984 361.1217346191406 -1.6641565561294556
44.087608337402344 357.13916015625 -1.6641565561294556
43.7147102355957 353.1565856933594 -1.6641565561294556
43.34181213378906 349.17401123046875 -1.6641565561294556
42.96891403198242 345.1914367675781 -1.6641565561294556
42.59601593017578 341.2088623046875 -1.6641565561294556
42.22311782836914 337.2262878417969 -1.6641565561294556
41.8502197265625 333.24371337890625 -1.6641565561294556
41.47732162475586 329.2611389160156 -1.6641565561294556
41.10442352294922 325.278564453125 -1.6641565561294556
40.73152542114258 321.2959899902344 -1.6641565561294556
40.35862731933594 317.31341552734375 -1.6641565561294556
39.9857292175293 313.3308410644531 -1.6641565561294556
39.612831115722656 309.3482666015625 -1.6641565561294556
39.612831115722656 309.3482666015625 -1.2641565799713135
39.612831115722656 309.3482666015625 -0.8641566038131714
39.612831115722656 309.3482666015625 -0.4641565978527069
39.612831115722656 309.3482666015625 -0.06415659189224243
35.62105941772461 309.6047058105469 -0.06415659189224243
31.629287719726562 309.86114501953125 -0.06415659189224243
27.637516021728516 310.1175842285156 -0.06415659189224243
23.64574432373047 310.3740234375 -0.06415659189224243
19.653972625732422 310.6304626464844 -0.06415659189224243
19.653972625732422 310.6304626464844 0.33584341406822205
19.653972625732422 310.6304626464844 0.7358434200286865
19.653972625732422 310.6304626464844 1.1358433961868286
21.33944320678711 314.2580261230469 1.1358433961868286
23.024913787841797 317.8855895996094 1.1358433961868286
24.710384368896484 321.5131530761719 1.1358433961868286
26.395854949951172 325.1407165527344 1.1358433961868286
26.395854949951172 325.1407165527344 1.5358433723449707
26.395854949951172 325.1407165527344 1.9358433485031128
26.395854949951172 325.1407165527344 2.335843324661255
26.395854949951172 325.1407165527344 2.7358434200286865
26.395854949951172 325.1407165527344 3.135843515396118
26.395854949951172 325.1407165527344 -2.7473416328430176
30.088993072509766 326.67718505859375 -2.7473416328430176
33.78213119506836 328.2136535644531 -2.7473416328430176
37.47526931762695 329.7501220703125 -2.7473416328430176
41.16840744018555 331.2865905761719 -2.7473416328430176
44.86154556274414 332.82305908203125 -2.7473416328430176
48.554683685302734 334.3595275878906 -2.7473416328430176
52.24782180786133 335.89599609375 -2.7473416328430176
52.24782180786133 335.89599609375 -2.347341537475586
49.44454574584961 333.0426330566406 -2.347341537475586
46.64126968383789 330.18927001953125 -2.347341537475586
43.83799362182617 327.3359069824219 -2.347341537475586
41.03471755981445 324.4825439453125 -2.347341537475586
38.231441497802734 321.6291809082031 -2.347341537475586
35.428165435791016 318.77581787109375 -2.347341537475586
35.428165435791016 318.77581787109375 -1.9473415613174438
33.95732498168945 315.0560607910156 -1.9473415613174438
32.48648452758789 311.3363037109375 -1.9473415613174438
31.015644073486328 307.6165466308594 -1.9473415613174438
29.544803619384766 303.89678955078125 -1.9473415613174438
28.073963165283203 300.1770324707031 -1.9473415613174438
26.60312271118164 296.457275390625 -1.9473415613174438
25.132282257080078 292.7375183105469 -1.9473415613174438
23.661441802978516 289.01776123046875 -1.9473415613174438
22.190601348876953 285.2980041503906 -1.9473415613174438
20.71976089477539 281.5782470703125 -1.9473415613174438
19.248920440673828 277.8584899902344 -1.9473415613174438
17.778079986572266 274.13873291015625 -1.9473415613174438
17.778079986572266 274.13873291015625 -1.9473415613174438
17.778079986572266 274.13873291015625 -1.9473415613174438
17.778079986572266 274.13873291015625 -1.9473415613174438
17.778079986572266 274.13873291015625 -1.9473415613174438
17.778079986572266 274.13873291015625 -1.9473415613174438
17.778079986572266 274.13873291015625 -1.9473415613174438
17.778079986572266 274.13873291015625 -1.9473415613174438
17.778079986572266 274.13873291015625 -1.9473415613174438
17.778079986572266 274.13873291015625 -1.9473415613174438
17.778079986572266 274.13873291015625 -1.9473415613174438
