62.27521514892578 452.0750732421875 0.6934428215026855
64.73136138916016 453.93243408203125 0.6014874577522278
67.34768676757812 455.5564270019531 0.50953209400177
70.10208129882812 456.93328857421875 0.41757673025131226
72.97126770019531 458.0514221191406 0.3256213665008545
75.9310073852539 458.9013671875 0.23366601765155792
78.95629119873047 459.4759521484375 0.14171066880226135
82.02155303955078 459.7702941894531 0.04975531995296478
85.10089111328125 459.78192138671875 -0.04220002889633179
88.16828918457031 459.5107421875 -0.13415537774562836
91.19782257080078 458.95904541015625 -0.22611072659492493
94.16390228271484 458.1315002441406 -0.3180660605430603
97.04145812988281 457.0350646972656 -0.41002142429351807
99.8061752319336 455.6790466308594 -0.5019767880439758
102.4346923828125 454.07489013671875 -0.5939321517944336
104.90480041503906 452.23614501953125 -0.6858875155448914
107.19562530517578 450.1783447265625 -0.7778428792953491
109.28781127929688 447.91888427734375 -0.8697982430458069
111.16368103027344 445.4768371582031 -0.9617536067962646
113.45201110839844 442.196044921875 -0.9617536067962646
115.09571838378906 439.5920715332031 -1.0537089109420776
117.0731201171875 436.1150207519531 -1.0537089109420776
119.05052185058594 432.6379699707031 -1.0537089109420776
121.02792358398438 429.1609191894531 -1.0537089109420776
123.00532531738281 425.6838684082031 -1.0537089109420776
124.98272705078125 422.2068176269531 -1.0537089109420776
126.96012878417969 418.7297668457031 -1.0537089109420776
128.93753051757812 415.2527160644531 -1.0537089109420776
130.91493225097656 411.7756652832031 -1.0537089109420776
132.3125762939453 409.03173828125 -1.1456642150878906
133.96234130859375 405.3877868652344 -1.1456642150878906
135.6121063232422 401.74383544921875 -1.1456642150878906
136.75189208984375 398.8831787109375 -1.2376195192337036
138.06007385253906 395.1031494140625 -1.2376195192337036
139.36825561523438 391.3231201171875 -1.2376195192337036
140.24053955078125 388.369873046875 -1.3295748233795166
141.1960906982422 384.4856872558594 -1.3295748233795166
142.15164184570312 380.60150146484375 -1.3295748233795166
143.10719299316406 376.7173156738281 -1.3295748233795166
144.062744140625 372.8331298828125 -1.3295748233795166
145.01829528808594 368.9489440917969 -1.3295748233795166
145.97384643554688 365.06475830078125 -1.3295748233795166
146.57125854492188 362.0439147949219 -1.4215301275253296
147.16610717773438 358.08837890625 -1.4215301275253296
147.76095581054688 354.1328430175781 -1.4215301275253296
148.35580444335938 350.17730712890625 -1.4215301275253296
148.95065307617188 346.2217712402344 -1.4215301275253296
149.54550170898438 342.2662353515625 -1.4215301275253296
150.14035034179688 338.3106994628906 -1.4215301275253296
150.73519897460938 334.35516357421875 -1.4215301275253296
151.33004760742188 330.3996276855469 -1.4215301275253296
151.92489624023438 326.444091796875 -1.4215301275253296
152.24240112304688 323.3811340332031 -1.5134854316711426
152.4715118408203 319.3876953125 -1.5134854316711426
152.70062255859375 315.3942565917969 -1.5134854316711426
152.9297332763672 311.40081787109375 -1.5134854316711426
153.15884399414062 307.4073791503906 -1.5134854316711426
153.38795471191406 303.4139404296875 -1.5134854316711426
153.6170654296875 299.4205017089844 -1.5134854316711426
153.84617614746094 295.42706298828125 -1.5134854316711426
154.07528686523438 291.4336242675781 -1.5134854316711426
154.3043975830078 287.440185546875 -1.5134854316711426
154.53350830078125 283.4467468261719 -1.5134854316711426
154.7626190185547 279.45330810546875 -1.5134854316711426
154.99172973632812 275.4598693847656 -1.5134854316711426
155.22084045410156 271.4664306640625 -1.5134854316711426
155.449951171875 267.4729919433594 -1.5134854316711426
155.67906188964844 263.47955322265625 -1.5134854316711426
155.90817260742188 259.4861145019531 -1.5134854316711426
156.1372833251953 255.49267578125 -1.5134854316711426
156.36639404296875 251.49923706054688 -1.5134854316711426
156.5955047607422 247.50579833984375 -1.5134854316711426
156.82461547851562 243.51235961914062 -1.5134854316711426
156.85951232910156 240.43319702148438 -1.6054407358169556
156.61151123046875 237.36383056640625 -1.6973960399627686
156.0827178955078 234.33021545410156 -1.7893513441085815
155.277587890625 231.35797119140625 -1.8813066482543945
154.20294189453125 228.4722137451172 -1.9732619524002075
152.8678436279297 225.69732666015625 -2.0652172565460205
151.28358459472656 223.0567626953125 -2.157172679901123
149.4635467529297 220.5728302001953 -2.2491281032562256
147.42311096191406 218.2665252685547 -2.341083526611328
145.17950439453125 216.15731811523438 -2.4330389499664307
142.41693115234375 213.88995361328125 -2.4756219387054443
139.27166748046875 211.4186553955078 -2.4756219387054443
136.12640380859375 208.94735717773438 -2.4756219387054443
132.98114013671875 206.47605895996094 -2.4756219387054443
129.83587646484375 204.0047607421875 -2.4756219387054443
127.32963562011719 202.21556091308594 -2.567577362060547
123.9707260131836 200.0435333251953 -2.567577362060547
120.61181640625 197.8715057373047 -2.567577362060547
117.2529067993164 195.69947814941406 -2.567577362060547
114.59296417236328 194.14797973632812 -2.6595327854156494
111.04879760742188 192.29356384277344 -2.6595327854156494
107.50463104248047 190.43914794921875 -2.6595327854156494
103.96046447753906 188.58473205566406 -2.6595327854156494
100.41629791259766 186.73031616210938 -2.6595327854156494
96.87213134765625 184.8759002685547 -2.6595327854156494
93.32796478271484 183.021484375 -2.6595327854156494
89.78379821777344 181.1670684814453 -2.6595327854156494
86.23963165283203 179.31265258789062 -2.6595327854156494
82.69546508789062 177.45823669433594 -2.6595327854156494
79.15129852294922 175.60382080078125 -2.6595327854156494
76.33000946044922 174.28294372558594 -2.747913122177124
72.63599395751953 172.7485809326172 -2.747913122177124
68.94197845458984 171.21421813964844 -2.747913122177124
65.24796295166016 169.6798553466797 -2.747913122177124
61.55394744873047 168.14549255371094 -2.747913122177124
57.85993194580078 166.6111297607422 -2.747913122177124
54.165916442871094 165.07676696777344 -2.747913122177124
50.471900939941406 163.5424041748047 -2.747913122177124
46.77788543701172 162.00804138183594 -2.747913122177124
43.08386993408203 160.4736785888672 -2.747913122177124
39.389854431152344 158.93931579589844 -2.747913122177124
35.695838928222656 157.4049530029297 -2.747913122177124
32.00182342529297 155.87059020996094 -2.747913122177124
32.00182342529297 155.87059020996094 -2.747913122177124
32.00182342529297 155.87059020996094 -2.747913122177124
32.00182342529297 155.87059020996094 -2.747913122177124
32.00182342529297 155.87059020996094 -2.747913122177124
32.00182342529297 155.87059020996094 -2.747913122177124
32.00182342529297 155.87059020996094 -2.747913122177124
32.00182342529297 155.87059020996094 -2.747913122177124
32.00182342529297 155.87059020996094 -2.747913122177124
32.00182342529297 155.87059020996094 -2.747913122177124
32.00182342529297 155.87059020996094 -2.747913122177124
