60.0 450.0 0.38539817929267883
60.0 450.0 -0.014601826667785645
60.0 450.0 -0.4146018326282501
60.0 450.0 -0.8146018385887146
60.0 450.0 -1.2146018743515015
60.0 450.0 -1.6146018505096436
59.824832916259766 446.00384521484375 -1.6146018505096436
59.64966583251953 442.0076904296875 -1.6146018505096436
59.4744987487793 438.01153564453125 -1.6146018505096436
59.29933166503906 434.015380859375 -1.6146018505096436
59.12416458129883 430.01922607421875 -1.6146018505096436
58.948997497558594 426.0230712890625 -1.6146018505096436
58.77383041381836 422.02691650390625 -1.6146018505096436
58.598663330078125 418.03076171875 -1.6146018505096436
58.42349624633789 414.03460693359375 -1.6146018505096436
58.248329162597656 410.0384521484375 -1.6146018505096436
58.07316207885742 406.04229736328125 -1.6146018505096436
57.89799499511719 402.046142578125 -1.6146018505096436
57.72282791137695 398.04998779296875 -1.6146018505096436
57.54766082763672 394.0538330078125 -1.6146018505096436
57.372493743896484 390.05767822265625 -1.6146018505096436
57.19732666015625 386.0615234375 -1.6146018505096436
57.022159576416016 382.06536865234375 -1.6146018505096436
56.84699249267578 378.0692138671875 -1.6146018505096436
56.67182540893555 374.07305908203125 -1.6146018505096436
56.67182540893555 374.07305908203125 -2.014601945877075
54.954307556152344 370.4605712890625 -2.014601945877075
53.23678970336914 366.84808349609375 -2.014601945877075
51.51927185058594 363.235595703125 -2.014601945877075
49.801753997802734 359.62310791015625 -2.014601945877075
48.08423614501953 356.0106201171875 -2.014601945877075
46.36671829223633 352.39813232421875 -2.014601945877075
44.649200439453125 348.78564453125 -2.014601945877075
42.93168258666992 345.17315673828125 -2.014601945877075
41.21416473388672 341.5606689453125 -2.014601945877075
39.496646881103516 337.94818115234375 -2.014601945877075
37.77912902832031 334.335693359375 -2.014601945877075
36.06161117553711 330.72320556640625 -2.014601945877075
34.344093322753906 327.1107177734375 -2.014601945877075
32.6265754699707 323.49822998046875 -2.014601945877075
30.9090576171875 319.8857421875 -2.014601945877075
29.191539764404297 316.27325439453125 -2.014601945877075
27.474021911621094 312.6607666015625 -2.014601945877075
25.75650405883789 309.04827880859375 -2.014601945877075
24.038986206054688 305.435791015625 -2.014601945877075
22.321468353271484 301.82330322265625 -2.014601945877075
22.321468353271484 301.82330322265625 -2.414602041244507
22.321468353271484 301.82330322265625 -2.8146021366119385
22.321468353271484 301.82330322265625 3.0685830116271973
22.321468353271484 301.82330322265625 2.6685829162597656
22.321468353271484 301.82330322265625 2.268582820892334
22.321468353271484 301.82330322265625 1.868582844734192
22.321468353271484 301.82330322265625 1.4685828685760498
22.321468353271484 301.82330322265625 1.0685828924179077
24.24693489074707 305.3293762207031 1.0685828924179077
26.172401428222656 308.83544921875 1.0685828924179077
28.097867965698242 312.3415222167969 1.0685828924179077
30.023334503173828 315.84759521484375 1.0685828924179077
31.948801040649414 319.3536682128906 1.0685828924179077
33.874267578125 322.8597412109375 1.0685828924179077
35.79973602294922 326.3658142089844 1.0685828924179077
37.72520446777344 329.87188720703125 1.0685828924179077
39.650672912597656 333.3779602050781 1.0685828924179077
41.576141357421875 336.884033203125 1.0685828924179077
41.576141357421875 336.884033203125 0.6685829162597656
44.714942932128906 339.363525390625 0.6685829162597656
47.85374450683594 341.843017578125 0.6685829162597656
50.99254608154297 344.322509765625 0.6685829162597656
54.13134765625 346.802001953125 0.6685829162597656
57.27014923095703 349.281494140625 0.6685829162597656
60.40895080566406 351.760986328125 0.6685829162597656
63.547752380371094 354.240478515625 0.6685829162597656
66.68655395507812 356.719970703125 0.6685829162597656
66.68655395507812 356.719970703125 0.26858291029930115
70.54314422607422 357.78143310546875 0.26858291029930115
74.39973449707031 358.8428955078125 0.26858291029930115
74.39973449707031 358.8428955078125 -0.13141709566116333
74.39973449707031 358.8428955078125 -0.5314171314239502
77.84809112548828 356.8158874511719 -0.5314171314239502
77.84809112548828 356.8158874511719 -0.9314171075820923
77.84809112548828 356.8158874511719 -1.3314170837402344
77.84809112548828 356.8158874511719 -1.7314170598983765
77.84809112548828 356.8158874511719 -2.1314170360565186
75.72124481201172 353.4281921386719 -2.1314170360565186
73.59439849853516 350.0404968261719 -2.1314170360565186
71.4675521850586 346.6528015136719 -2.1314170360565186
69.34070587158203 343.2651062011719 -2.1314170360565186
67.21385955810547 339.8774108886719 -2.1314170360565186
65.0870132446289 336.4897155761719 -2.1314170360565186
62.960166931152344 333.1020202636719 -2.1314170360565186
60.83332061767578 329.7143249511719 -2.1314170360565186
58.70647430419922 326.3266296386719 -2.1314170360565186
56.579627990722656 322.9389343261719 -2.1314170360565186
54.452781677246094 319.5512390136719 -2.1314170360565186
52.32593536376953 316.1635437011719 -2.1314170360565186
50.19908905029297 312.7758483886719 -2.1314170360565186
48.072242736816406 309.3881530761719 -2.1314170360565186
45.945396423339844 306.0004577636719 -2.1314170360565186
43.81855010986328 302.6127624511719 -2.1314170360565186
41.69170379638672 299.2250671386719 -2.1314170360565186
39.564857482910156 295.8373718261719 -2.1314170360565186
37.438011169433594 292.4496765136719 -2.1314170360565186
35.31116485595703 289.0619812011719 -2.1314170360565186
33.18431854248047 285.6742858886719 -2.1314170360565186
31.057470321655273 282.2865905761719 -2.1314170360565186
28.930622100830078 278.8988952636719 -2.1314170360565186
26.803773880004883 275.5111999511719 -2.1314170360565186
24.676925659179688 272.1235046386719 -2.1314170360565186
22.550077438354492 268.7358093261719 -2.1314170360565186
20.423229217529297 265.3481140136719 -2.1314170360565186
18.2963809967041 261.9604187011719 -2.1314170360565186
18.2963809967041 261.9604187011719 -2.1314170360565186
18.2963809967041 261.9604187011719 -2.1314170360565186
18.2963809967041 261.9604187011719 -2.1314170360565186
18.2963809967041 261.9604187011719 -2.1314170360565186
18.2963809967041 261.9604187011719 -2.1314170360565186
18.2963809967041 261.9604187011719 -2.1314170360565186
18.2963809967041 261.9604187011719 -2.1314170360565186
18.2963809967041 261.9604187011719 -2.1314170360565186
18.2963809967041 261.9604187011719 -2.1314170360565186
18.2963809967041 261.9604187011719 -2.1314170360565186
