62.828426361083984 452.82843017578125 0.7853981852531433
65.65685272216797 455.6568603515625 0.7853981852531433
68.48528289794922 458.48529052734375 0.7853981852531433
71.31371307373047 461.313720703125 0.7853981852531433
74.14214324951172 464.14215087890625 0.7853981852531433
76.97057342529297 466.9705810546875 0.7853981852531433
79.79900360107422 469.79901123046875 0.7853981852531433
82.62743377685547 472.62744140625 0.7853981852531433
85.45586395263672 475.45587158203125 0.7853981852531433
88.28429412841797 478.2843017578125 0.7853981852531433
91.11272430419922 481.11273193359375 0.7853981852531433
93.94115447998047 483.941162109375 0.7853981852531433
96.76958465576172 486.76959228515625 0.7853981852531433
99.59801483154297 489.5980224609375 0.7853981852531433
102.42644500732422 492.42645263671875 0.7853981852531433
105.25487518310547 495.2548828125 0.7853981852531433
108.08330535888672 498.08331298828125 0.7853981852531433
110.91173553466797 500.9117431640625 0.7853981852531433
113.74016571044922 503.74017333984375 0.7853981852531433
113.74016571044922 503.74017333984375 0.38539817929267883
117.44676208496094 505.243896484375 0.38539817929267883
121.15335845947266 506.74761962890625 0.38539817929267883
124.85995483398438 508.2513427734375 0.38539817929267883
128.56654357910156 509.75506591796875 0.38539817929267883
128.56654357910156 509.75506591796875 -0.014601826667785645
132.5661163330078 509.6966552734375 -0.014601826667785645
136.56568908691406 509.63824462890625 -0.014601826667785645
140.5652618408203 509.579833984375 -0.014601826667785645
144.56483459472656 509.52142333984375 -0.014601826667785645
148.5644073486328 509.4630126953125 -0.014601826667785645
152.56398010253906 509.40460205078125 -0.014601826667785645
156.5635528564453 509.34619140625 -0.014601826667785645
160.56312561035156 509.28778076171875 -0.014601826667785645
164.5626983642578 509.2293701171875 -0.014601826667785645
164.5626983642578 509.2293701171875 -0.4146018326282501
168.2238006591797 507.6180725097656 -0.4146018326282501
171.88490295410156 506.00677490234375 -0.4146018326282501
175.54600524902344 504.3954772949219 -0.4146018326282501
179.2071075439453 502.7841796875 -0.4146018326282501
179.2071075439453 502.7841796875 -0.8146018385887146
181.9517364501953 499.8743591308594 -0.8146018385887146
184.6963653564453 496.96453857421875 -0.8146018385887146
187.4409942626953 494.0547180175781 -0.8146018385887146
190.1856231689453 491.1448974609375 -0.8146018385887146
192.9302520751953 488.2350769042969 -0.8146018385887146
195.6748809814453 485.32525634765625 -0.8146018385887146
198.4195098876953 482.4154357910156 -0.8146018385887146
201.1641387939453 479.505615234375 -0.8146018385887146
203.9087677001953 476.5957946777344 -0.8146018385887146
206.6533966064453 473.68597412109375 -0.8146018385887146
209.3980255126953 470.7761535644531 -0.8146018385887146
212.1426544189453 467.8663330078125 -0.8146018385887146
214.8872833251953 464.9565124511719 -0.8146018385887146
217.6319122314453 462.04669189453125 -0.8146018385887146
220.3765411376953 459.1368713378906 -0.8146018385887146
223.1211700439453 456.22705078125 -0.8146018385887146
225.8657989501953 453.3172302246094 -0.8146018385887146
228.6104278564453 450.40740966796875 -0.8146018385887146
231.3550567626953 447.4975891113281 -0.8146018385887146
234.0996856689453 444.5877685546875 -0.8146018385887146
236.8443145751953 441.6779479980469 -0.8146018385887146
239.5889434814453 438.76812744140625 -0.8146018385887146
242.3335723876953 435.8583068847656 -0.8146018385887146
245.0782012939453 432.948486328125 -0.8146018385887146
247.8228302001953 430.0386657714844 -0.8146018385887146
250.5674591064453 427.12884521484375 -0.8146018385887146
253.3120880126953 424.2190246582031 -0.8146018385887146
256.0567321777344 421.3092041015625 -0.8146018385887146
258.8013610839844 418.3993835449219 -0.8146018385887146
261.5459899902344 415.48956298828125 -0.8146018385887146
264.2906188964844 412.5797424316406 -0.8146018385887146
267.0352478027344 409.669921875 -0.8146018385887146
269.7798767089844 406.7601013183594 -0.8146018385887146
272.5245056152344 403.85028076171875 -0.8146018385887146
275.2691345214844 400.9404602050781 -0.8146018385887146
278.0137634277344 398.0306396484375 -0.8146018385887146
280.7583923339844 395.1208190917969 -0.8146018385887146
283.5030212402344 392.21099853515625 -0.8146018385887146
286.2476501464844 389.3011779785156 -0.8146018385887146
288.9922790527344 386.391357421875 -0.8146018385887146
288.9922790527344 386.391357421875 -0.8146018385887146
288.9922790527344 386.391357421875 -0.4146018326282501
288.9922790527344 386.391357421875 -0.014601826667785645
288.9922790527344 386.391357421875 0.38539817929267883
288.9922790527344 386.391357421875 0.7853981852531433
291.8207092285156 389.21978759765625 0.7853981852531433
294.6491394042969 392.0482177734375 0.7853981852531433
297.4775695800781 394.87664794921875 0.7853981852531433
300.3059997558594 397.705078125 0.7853981852531433
303.1344299316406 400.53350830078125 0.7853981852531433
305.9628601074219 403.3619384765625 0.7853981852531433
308.7912902832031 406.19036865234375 0.7853981852531433
311.6197204589844 409.018798828125 0.7853981852531433
314.4481506347656 411.84722900390625 0.7853981852531433
317.2765808105469 414.6756591796875 0.7853981852531433
320.1050109863281 417.50408935546875 0.7853981852531433
322.9334411621094 420.33251953125 0.7853981852531433
325.7618713378906 423.16094970703125 0.7853981852531433
328.5903015136719 425.9893798828125 0.7853981852531433
331.4187316894531 428.81781005859375 0.7853981852531433
334.2471618652344 431.646240234375 0.7853981852531433
337.0755920410156 434.47467041015625 0.7853981852531433
339.9040222167969 437.3031005859375 0.7853981852531433
342.7324523925781 440.13153076171875 0.7853981852531433
345.5608825683594 442.9599609375 0.7853981852531433
348.3893127441406 445.78839111328125 0.7853981852531433
351.2177429199219 448.6168212890625 0.7853981852531433
354.0461730957031 451.44525146484375 0.7853981852531433
356.8746032714844 454.273681640625 0.7853981852531433
359.7030334472656 457.10211181640625 0.7853981852531433
362.5314636230469 459.9305419921875 0.7853981852531433
365.3598937988281 462.75897216796875 0.7853981852531433
368.1883239746094 465.58740234375 0.7853981852531433
371.0167541503906 468.41583251953125 0.7853981852531433
373.8451843261719 471.2442626953125 0.7853981852531433
376.6736145019531 474.07269287109375 0.7853981852531433
379.5020446777344 476.901123046875 0.7853981852531433
382.3304748535156 479.72955322265625 0.7853981852531433
385.1589050292969 482.5579833984375 0.7853981852531433
387.9873352050781 485.38641357421875 0.7853981852531433
390.8157653808594 488.21484375 0.7853981852531433
393.6441955566406 491.04327392578125 0.7853981852531433
396.4726257324219 493.8717041015625 0.7853981852531433
399.3010559082031 496.70013427734375 0.7853981852531433
402.1294860839844 499.528564453125 0.7853981852531433
404.9579162597656 502.35699462890625 0.7853981852531433
404.9579162597656 502.35699462890625 0.38539817929267883
408.6645202636719 503.8607177734375 0.38539817929267883
412.3711242675781 505.36444091796875 0.38539817929267883
416.0777282714844 506.8681640625 0.38539817929267883
419.7843322753906 508.37188720703125 0.38539817929267883
423.4909362792969 509.8756103515625 0.38539817929267883
423.4909362792969 509.8756103515625 -0.014601826667785645
427.4905090332031 509.81719970703125 -0.014601826667785645
431.4900817871094 509.7587890625 -0.014601826667785645
435.4896545410156 509.70037841796875 -0.014601826667785645
439.4892272949219 509.6419677734375 -0.014601826667785645
443.4888000488281 509.58355712890625 -0.014601826667785645
447.4883728027344 509.525146484375 -0.014601826667785645
451.4879455566406 509.46673583984375 -0.014601826667785645
455.4875183105469 509.4083251953125 -0.014601826667785645
459.4870910644531 509.34991455078125 -0.014601826667785645
463.4866638183594 509.29150390625 -0.014601826667785645
467.4862365722656 509.23309326171875 -0.014601826667785645
471.4858093261719 509.1746826171875 -0.014601826667785645
475.4853820800781 509.11627197265625 -0.014601826667785645
479.4849548339844 509.057861328125 -0.014601826667785645
483.4845275878906 508.99945068359375 -0.014601826667785645
487.4841003417969 508.9410400390625 -0.014601826667785645
491.4836730957031 508.88262939453125 -0.014601826667785645
495.4832458496094 508.82421875 -0.014601826667785645
499.4828186035156 508.76580810546875 -0.014601826667785645
503.4823913574219 508.7073974609375 -0.014601826667785645
503.4823913574219 508.7073974609375 -0.4146018326282501
507.14349365234375 507.0960998535156 -0.4146018326282501
507.14349365234375 507.0960998535156 -0.8146018385887146
507.14349365234375 507.0960998535156 -1.2146018743515015
508.538330078125 503.34716796875 -1.2146018743515015
508.538330078125 503.34716796875 -1.6146018505096436
508.3631591796875 499.35101318359375 -1.6146018505096436
508.18798828125 495.3548583984375 -1.6146018505096436
508.0128173828125 491.35870361328125 -1.6146018505096436
507.837646484375 487.362548828125 -1.6146018505096436
507.837646484375 487.362548828125 -2.014601945877075
506.1201171875 483.75006103515625 -2.014601945877075
504.402587890625 480.1375732421875 -2.014601945877075
502.68505859375 476.52508544921875 -2.014601945877075
500.967529296875 472.91259765625 -2.014601945877075
499.25 469.30010986328125 -2.014601945877075
497.532470703125 465.6876220703125 -2.014601945877075
495.81494140625 462.07513427734375 -2.014601945877075
494.097412109375 458.462646484375 -2.014601945877075
492.3798828125 454.85015869140625 -2.014601945877075
492.3798828125 454.85015869140625 -2.414602041244507
489.39117431640625 452.191650390625 -2.414602041244507
486.4024658203125 449.53314208984375 -2.414602041244507
483.41375732421875 446.8746337890625 -2.414602041244507
480.425048828125 444.21612548828125 -2.414602041244507
477.43634033203125 441.5576171875 -2.414602041244507
474.4476318359375 438.89910888671875 -2.414602041244507
471.45892333984375 436.2406005859375 -2.414602041244507
468.47021484375 433.58209228515625 -2.414602041244507
465.48150634765625 430.923583984375 -2.414602041244507
462.4927978515625 428.26507568359375 -2.414602041244507
459.50408935546875 425.6065673828125 -2.414602041244507
456.515380859375 422.94805908203125 -2.414602041244507
453.52667236328125 420.28955078125 -2.414602041244507
450.5379638671875 417.63104248046875 -2.414602041244507
447.54925537109375 414.9725341796875 -2.414602041244507
444.560546875 412.31402587890625 -2.414602041244507
441.57183837890625 409.655517578125 -2.414602041244507
438.5831298828125 406.99700927734375 -2.414602041244507
435.59442138671875 404.3385009765625 -2.414602041244507
432.605712890625 401.67999267578125 -2.414602041244507
429.61700439453125 399.021484375 -2.414602041244507
426.6282958984375 396.36297607421875 -2.414602041244507
423.63958740234375 393.7044677734375 -2.414602041244507
420.65087890625 391.04595947265625 -2.414602041244507
417.66217041015625 388.387451171875 -2.414602041244507
417.66217041015625 388.387451171875 -2.8146021366119385
413.8741149902344 387.1026611328125 -2.8146021366119385
410.0860595703125 385.81787109375 -2.8146021366119385
406.2980041503906 384.5330810546875 -2.8146021366119385
402.50994873046875 383.248291015625 -2.8146021366119385
398.7218933105469 381.9635009765625 -2.8146021366119385
394.933837890625 380.6787109375 -2.8146021366119385
391.1457824707031 379.3939208984375 -2.8146021366119385
387.35772705078125 378.109130859375 -2.8146021366119385
383.5696716308594 376.8243408203125 -2.8146021366119385
379.7816162109375 375.53955078125 -2.8146021366119385
375.9935607910156 374.2547607421875 -2.8146021366119385
372.20550537109375 372.969970703125 -2.8146021366119385
368.4174499511719 371.6851806640625 -2.8146021366119385
364.62939453125 370.400390625 -2.8146021366119385
360.8413391113281 369.1156005859375 -2.8146021366119385
357.05328369140625 367.830810546875 -2.8146021366119385
353.2652282714844 366.5460205078125 -2.8146021366119385
349.4771728515625 365.26123046875 -2.8146021366119385
345.6891174316406 363.9764404296875 -2.8146021366119385
341.90106201171875 362.691650390625 -2.8146021366119385
338.1130065917969 361.4068603515625 -2.8146021366119385
334.324951171875 360.1220703125 -2.8146021366119385
330.5368957519531 358.8372802734375 -2.8146021366119385
326.74884033203125 357.552490234375 -2.8146021366119385
322.9607849121094 356.2677001953125 -2.8146021366119385
319.1727294921875 354.98291015625 -2.8146021366119385
315.3846740722656 353.6981201171875 -2.8146021366119385
311.59661865234375 352.413330078125 -2.8146021366119385
307.8085632324219 351.1285400390625 -2.8146021366119385
304.0205078125 349.84375 -2.8146021366119385
303.62249755859375 349.6241760253906 -2.4602982997894287
300.5154724121094 347.10498046875 -2.4602982997894287
297.408447265625 344.5857849121094 -2.4602982997894287
294.3014221191406 342.06658935546875 -2.4602982997894287
291.19439697265625 339.5473937988281 -2.4602982997894287
288.0873718261719 337.0281982421875 -2.4602982997894287
284.9803466796875 334.5090026855469 -2.4602982997894287
281.8733215332031 331.98980712890625 -2.4602982997894287
278.76629638671875 329.4706115722656 -2.4602982997894287
275.6592712402344 326.951416015625 -2.4602982997894287
272.55224609375 324.4322204589844 -2.4602982997894287
269.4452209472656 321.91302490234375 -2.4602982997894287
266.33819580078125 319.3938293457031 -2.4602982997894287
263.2311706542969 316.8746337890625 -2.4602982997894287
260.1241455078125 314.3554382324219 -2.4602982997894287
257.0171203613281 311.83624267578125 -2.4602982997894287
253.91009521484375 309.3170471191406 -2.4602982997894287
250.80307006835938 306.7978515625 -2.4602982997894287
247.696044921875 304.2786560058594 -2.4602982997894287
244.58901977539062 301.75946044921875 -2.4602982997894287
241.48199462890625 299.2402648925781 -2.4602982997894287
238.37496948242188 296.7210693359375 -2.4602982997894287
235.2679443359375 294.2018737792969 -2.4602982997894287
232.16091918945312 291.68267822265625 -2.4602982997894287
229.05389404296875 289.1634826660156 -2.4602982997894287
225.94686889648438 286.644287109375 -2.4602982997894287
222.83984375 284.1250915527344 -2.4602982997894287
219.73281860351562 281.60589599609375 -2.4602982997894287
219.73281860351562 281.60589599609375 -2.060298204421997
217.85206604003906 278.07562255859375 -2.060298204421997
215.9713134765625 274.54534912109375 -2.060298204421997
214.09056091308594 271.01507568359375 -2.060298204421997
212.20980834960938 267.48480224609375 -2.060298204421997
210.3290557861328 263.95452880859375 -2.060298204421997
208.44830322265625 260.42425537109375 -2.060298204421997
208.44830322265625 260.42425537109375 -1.660298228263855
208.0907745361328 256.4402770996094 -1.660298228263855
207.73324584960938 252.45628356933594 -1.660298228263855
207.37571716308594 248.4722900390625 -1.660298228263855
207.0181884765625 244.48829650878906 -1.660298228263855
206.66065979003906 240.50430297851562 -1.660298228263855
206.30313110351562 236.5203094482422 -1.660298228263855
205.9456024169922 232.53631591796875 -1.660298228263855
205.58807373046875 228.5523223876953 -1.660298228263855
205.2305450439453 224.56832885742188 -1.660298228263855
204.87301635742188 220.58433532714844 -1.660298228263855
204.51548767089844 216.600341796875 -1.660298228263855
204.157958984375 212.61634826660156 -1.660298228263855
203.80043029785156 208.63235473632812 -1.660298228263855
203.44290161132812 204.6483612060547 -1.660298228263855
203.44290161132812 204.6483612060547 -1.260298252105713
204.6650390625 200.83963012695312 -1.260298252105713
205.88717651367188 197.03089904785156 -1.260298252105713
207.10931396484375 193.22216796875 -1.260298252105713
208.33145141601562 189.41343688964844 -1.260298252105713
209.5535888671875 185.60470581054688 -1.260298252105713
209.5535888671875 185.60470581054688 -0.8602982759475708
212.1624298095703 182.5725555419922 -0.8602982759475708
214.77127075195312 179.5404052734375 -0.8602982759475708
217.38011169433594 176.5082550048828 -0.8602982759475708
219.98895263671875 173.47610473632812 -0.8602982759475708
222.59779357910156 170.44395446777344 -0.8602982759475708
222.59779357910156 170.44395446777344 -0.4602982699871063
226.1814727783203 168.66709899902344 -0.4602982699871063
229.76515197753906 166.89024353027344 -0.4602982699871063
233.3488311767578 165.11338806152344 -0.4602982699871063
236.93251037597656 163.33653259277344 -0.4602982699871063
240.5161895751953 161.55967712402344 -0.4602982699871063
244.09986877441406 159.78282165527344 -0.4602982699871063
247.6835479736328 158.00596618652344 -0.4602982699871063
251.26722717285156 156.22911071777344 -0.4602982699871063
254.8509063720703 154.45225524902344 -0.4602982699871063
258.4346008300781 152.67539978027344 -0.4602982699871063
262.0182800292969 150.89854431152344 -0.4602982699871063
265.6019592285156 149.12168884277344 -0.4602982699871063
269.1856384277344 147.34483337402344 -0.4602982699871063
272.7693176269531 145.56797790527344 -0.4602982699871063
276.3529968261719 143.79112243652344 -0.4602982699871063
279.9366760253906 142.01426696777344 -0.4602982699871063
283.5203552246094 140.23741149902344 -0.4602982699871063
287.1040344238281 138.46055603027344 -0.4602982699871063
290.6877136230469 136.68370056152344 -0.4602982699871063
294.2713928222656 134.90684509277344 -0.4602982699871063
297.8550720214844 133.12998962402344 -0.4602982699871063
301.4387512207031 131.35313415527344 -0.4602982699871063
301.8752136230469 131.22613525390625 -0.10599437355995178
305.8527526855469 130.80294799804688 -0.10599437355995178
309.8302917480469 130.3797607421875 -0.10599437355995178
313.8078308105469 129.95657348632812 -0.10599437355995178
317.7853698730469 129.53338623046875 -0.10599437355995178
321.7629089355469 129.11019897460938 -0.10599437355995178
325.7404479980469 128.68701171875 -0.10599437355995178
329.7179870605469 128.26382446289062 -0.10599437355995178
333.6955261230469 127.84063720703125 -0.10599437355995178
337.6730651855469 127.41744995117188 -0.10599437355995178
341.6506042480469 126.9942626953125 -0.10599437355995178
345.6281433105469 126.57107543945312 -0.10599437355995178
349.6056823730469 126.14788818359375 -0.10599437355995178
353.5832214355469 125.72470092773438 -0.10599437355995178
357.5607604980469 125.301513671875 -0.10599437355995178
361.5382995605469 124.87832641601562 -0.10599437355995178
365.5158386230469 124.45513916015625 -0.10599437355995178
369.4933776855469 124.03195190429688 -0.10599437355995178
373.4709167480469 123.6087646484375 -0.10599437355995178
377.4484558105469 123.18557739257812 -0.10599437355995178
381.4259948730469 122.76239013671875 -0.10599437355995178
385.4035339355469 122.33920288085938 -0.10599437355995178
389.3810729980469 121.916015625 -0.10599437355995178
393.3586120605469 121.49282836914062 -0.10599437355995178
397.3361511230469 121.06964111328125 -0.10599437355995178
401.3136901855469 120.64645385742188 -0.10599437355995178
405.2912292480469 120.2232666015625 -0.10599437355995178
409.2687683105469 119.80007934570312 -0.10599437355995178
413.2463073730469 119.37689208984375 -0.10599437355995178
417.2238464355469 118.95370483398438 -0.10599437355995178
421.2013854980469 118.530517578125 -0.10599437355995178
425.1789245605469 118.10733032226562 -0.10599437355995178
429.1564636230469 117.68414306640625 -0.10599437355995178
433.1340026855469 117.26095581054688 -0.10599437355995178
437.1115417480469 116.8377685546875 -0.10599437355995178
441.0890808105469 116.41458129882812 -0.10599437355995178
445.0666198730469 115.99139404296875 -0.10599437355995178
449.0441589355469 115.56820678710938 -0.10599437355995178
453.0216979980469 115.14501953125 -0.10599437355995178
456.9992370605469 114.72183227539062 -0.10599437355995178
460.9767761230469 114.29864501953125 -0.10599437355995178
464.9543151855469 113.87545776367188 -0.10599437355995178
468.9318542480469 113.4522705078125 -0.10599437355995178
472.9093933105469 113.02908325195312 -0.10599437355995178
476.8869323730469 112.60589599609375 -0.10599437355995178
480.8644714355469 112.18270874023438 -0.10599437355995178
484.8420104980469 111.759521484375 -0.10599437355995178
488.8195495605469 111.33633422851562 -0.10599437355995178
492.7970886230469 110.91314697265625 -0.10599437355995178
496.7746276855469 110.48995971679688 -0.10599437355995178
500.7521667480469 110.0667724609375 -0.10599437355995178
504.7297058105469 109.64358520507812 -0.10599437355995178
504.7297058105469 109.64358520507812 -0.5059943795204163
504.7297058105469 109.64358520507812 -0.9059944152832031
504.7297058105469 109.64358520507812 -1.3059943914413452
505.7765808105469 105.78300476074219 -1.3059943914413452
506.8234558105469 101.92242431640625 -1.3059943914413452
507.8703308105469 98.06184387207031 -1.3059943914413452
508.9172058105469 94.20126342773438 -1.3059943914413452
508.9172058105469 94.20126342773438 -1.7059943675994873
508.9172058105469 94.20126342773438 -2.105994462966919
506.8771667480469 90.76058959960938 -2.105994462966919
506.8771667480469 90.76058959960938 -2.5059945583343506
506.8771667480469 90.76058959960938 -2.9059946537017822
502.9876708984375 89.82688903808594 -2.9059946537017822
499.0981750488281 88.8931884765625 -2.9059946537017822
495.20867919921875 87.95948791503906 -2.9059946537017822
491.3191833496094 87.02578735351562 -2.9059946537017822
487.4296875 86.09208679199219 -2.9059946537017822
483.5401916503906 85.15838623046875 -2.9059946537017822
479.65069580078125 84.22468566894531 -2.9059946537017822
475.7611999511719 83.29098510742188 -2.9059946537017822
471.8717041015625 82.35728454589844 -2.9059946537017822
471.8717041015625 82.35728454589844 2.9771904945373535
467.9256286621094 83.01193237304688 2.9771904945373535
463.97955322265625 83.66658020019531 2.9771904945373535
460.0334777832031 84.32122802734375 2.9771904945373535
456.08740234375 84.97587585449219 2.9771904945373535
452.1413269042969 85.63052368164062 2.9771904945373535
448.19525146484375 86.28517150878906 2.9771904945373535
444.2491760253906 86.9398193359375 2.9771904945373535
440.3031005859375 87.59446716308594 2.9771904945373535
436.3570251464844 88.24911499023438 2.9771904945373535
432.41094970703125 88.90376281738281 2.9771904945373535
428.4648742675781 89.55841064453125 2.9771904945373535
424.518798828125 90.21305847167969 2.9771904945373535
420.5727233886719 90.86770629882812 2.9771904945373535
420.5727233886719 90.86770629882812 2.577190399169922
420.5727233886719 90.86770629882812 2.1771903038024902
418.2930908203125 94.154541015625 2.1771903038024902
416.0134582519531 97.44137573242188 2.1771903038024902
413.73382568359375 100.72821044921875 2.1771903038024902
411.4541931152344 104.01504516601562 2.1771903038024902
409.174560546875 107.3018798828125 2.1771903038024902
406.8949279785156 110.58871459960938 2.1771903038024902
404.61529541015625 113.87554931640625 2.1771903038024902
402.3356628417969 117.16238403320312 2.1771903038024902
400.0560302734375 120.44921875 2.1771903038024902
397.7763977050781 123.73605346679688 2.1771903038024902
395.49676513671875 127.02288818359375 2.1771903038024902
393.2171325683594 130.30972290039062 2.1771903038024902
390.9375 133.5965576171875 2.1771903038024902
388.6578674316406 136.88339233398438 2.1771903038024902
386.37823486328125 140.17022705078125 2.1771903038024902
384.0986022949219 143.45706176757812 2.1771903038024902
381.8189697265625 146.743896484375 2.1771903038024902
379.5393371582031 150.03073120117188 2.1771903038024902
377.25970458984375 153.31756591796875 2.1771903038024902
374.9800720214844 156.60440063476562 2.1771903038024902
372.700439453125 159.8912353515625 2.1771903038024902
370.4208068847656 163.17807006835938 2.1771903038024902
368.14117431640625 166.46490478515625 2.1771903038024902
365.8615417480469 169.75173950195312 2.1771903038024902
363.5819091796875 173.03857421875 2.1771903038024902
361.3022766113281 176.32540893554688 2.1771903038024902
359.02264404296875 179.61224365234375 2.1771903038024902
356.7430114746094 182.89907836914062 2.1771903038024902
354.46337890625 186.1859130859375 2.1771903038024902
352.1837463378906 189.47274780273438 2.1771903038024902
349.90411376953125 192.75958251953125 2.1771903038024902
347.6244812011719 196.04641723632812 2.1771903038024902
345.3448486328125 199.333251953125 2.1771903038024902
343.0652160644531 202.62008666992188 2.1771903038024902
340.78558349609375 205.90692138671875 2.1771903038024902
338.5059509277344 209.19375610351562 2.1771903038024902
336.226318359375 212.4805908203125 2.1771903038024902
333.9466857910156 215.76742553710938 2.1771903038024902
331.66705322265625 219.05426025390625 2.1771903038024902
329.3874206542969 222.34109497070312 2.1771903038024902
327.1077880859375 225.6279296875 2.1771903038024902
324.8281555175781 228.91476440429688 2.1771903038024902
322.54852294921875 232.20159912109375 2.1771903038024902
320.2688903808594 235.48843383789062 2.1771903038024902
320.2688903808594 235.48843383789062 2.577190399169922
320.2688903808594 235.48843383789062 2.9771904945373535
316.32281494140625 236.14308166503906 2.9771904945373535
312.3767395019531 236.7977294921875 2.9771904945373535
308.4306640625 237.45237731933594 2.9771904945373535
304.4845886230469 238.10702514648438 2.9771904945373535
300.53851318359375 238.7616729736328 2.9771904945373535
296.5924377441406 239.41632080078125 2.9771904945373535
292.6463623046875 240.0709686279297 2.9771904945373535
288.7002868652344 240.72561645507812 2.9771904945373535
284.75421142578125 241.38026428222656 2.9771904945373535
280.8081359863281 242.034912109375 2.9771904945373535
276.862060546875 242.68955993652344 2.9771904945373535
276.40753173828125 242.6837615966797 -2.951690912246704
275.891357421875 242.48818969726562 -2.607163667678833
272.4491271972656 240.45079040527344 -2.607163667678833
269.00689697265625 238.41339111328125 -2.607163667678833
265.5646667480469 236.37599182128906 -2.607163667678833
262.1224365234375 234.33859252929688 -2.607163667678833
258.6802062988281 232.3011932373047 -2.607163667678833
255.2379608154297 230.2637939453125 -2.607163667678833
251.79571533203125 228.2263946533203 -2.607163667678833
248.3534698486328 226.18899536132812 -2.607163667678833
244.91122436523438 224.15159606933594 -2.607163667678833
241.46897888183594 222.11419677734375 -2.607163667678833
238.0267333984375 220.07679748535156 -2.607163667678833
234.58448791503906 218.03939819335938 -2.607163667678833
231.14224243164062 216.0019989013672 -2.607163667678833
227.6999969482422 213.964599609375 -2.607163667678833
224.25775146484375 211.9272003173828 -2.607163667678833
220.8155059814453 209.88980102539062 -2.607163667678833
217.37326049804688 207.85240173339844 -2.607163667678833
213.93101501464844 205.81500244140625 -2.607163667678833
210.48876953125 203.77760314941406 -2.607163667678833
207.04652404785156 201.74020385742188 -2.607163667678833
203.60427856445312 199.7028045654297 -2.607163667678833
203.60427856445312 199.7028045654297 -2.2071635723114014
201.2271728515625 196.4857635498047 -2.2071635723114014
198.85006713867188 193.2687225341797 -2.2071635723114014
196.47296142578125 190.0516815185547 -2.2071635723114014
196.47296142578125 190.0516815185547 -1.8071635961532593
195.53627014160156 186.16290283203125 -1.8071635961532593
194.59957885742188 182.2741241455078 -1.8071635961532593
193.6628875732422 178.38534545898438 -1.8071635961532593
192.7261962890625 174.49656677246094 -1.8071635961532593
191.7895050048828 170.6077880859375 -1.8071635961532593
190.85281372070312 166.71900939941406 -1.8071635961532593
190.85281372070312 166.71900939941406 -1.8071635961532593
190.85281372070312 166.71900939941406 -1.8071635961532593
190.85281372070312 166.71900939941406 -1.8071635961532593
190.85281372070312 166.71900939941406 -1.8071635961532593
190.85281372070312 166.71900939941406 -1.8071635961532593
190.85281372070312 166.71900939941406 -1.8071635961532593
190.85281372070312 166.71900939941406 -1.8071635961532593
190.85281372070312 166.71900939941406 -1.8071635961532593
190.85281372070312 166.71900939941406 -1.8071635961532593
190.85281372070312 166.71900939941406 -1.8071635961532593
