60.2706184387207 450.1859130859375 0.4184149503707886
60.58992004394531 450.2623291015625 0.05143171548843384
60.91537857055664 450.2190856933594 -0.3155515193939209
61.20365524291992 450.06195068359375 -0.6825347542762756
61.416358947753906 449.8118591308594 -1.0495179891586304
61.52516174316406 449.5021057128906 -1.4165012836456299
61.51557922363281 449.1739196777344 -1.7834844589233398
60.671226501464844 445.2640380859375 -1.7834844589233398
59.826873779296875 441.3541564941406 -1.7834844589233398
58.982521057128906 437.44427490234375 -1.7834844589233398
58.13816833496094 433.5343933105469 -1.7834844589233398
57.29381561279297 429.62451171875 -1.7834844589233398
56.449462890625 425.7146301269531 -1.7834844589233398
55.60511016845703 421.80474853515625 -1.7834844589233398
54.76075744628906 417.8948669433594 -1.7834844589233398
53.916404724121094 413.9849853515625 -1.7834844589233398
53.072052001953125 410.0751037597656 -1.7834844589233398
52.227699279785156 406.16522216796875 -1.7834844589233398
51.38334655761719 402.2553405761719 -1.7834844589233398
50.53899383544922 398.345458984375 -1.7834844589233398
49.69464111328125 394.4355773925781 -1.7834844589233398
48.85028839111328 390.52569580078125 -1.7834844589233398
48.00593566894531 386.6158142089844 -1.7834844589233398
47.161582946777344 382.7059326171875 -1.7834844589233398
46.317230224609375 378.7960510253906 -1.7834844589233398
45.472877502441406 374.88616943359375 -1.7834844589233398
44.62852478027344 370.9762878417969 -1.7834844589233398
43.78417205810547 367.06640625 -1.7834844589233398
42.9398193359375 363.1565246582031 -1.7834844589233398
42.09546661376953 359.24664306640625 -1.7834844589233398
41.25111389160156 355.3367614746094 -1.7834844589233398
40.406761169433594 351.4268798828125 -1.7834844589233398
39.562408447265625 347.5169982910156 -1.7834844589233398
38.718055725097656 343.60711669921875 -1.7834844589233398
37.87370300292969 339.6972351074219 -1.7834844589233398
37.02935028076172 335.787353515625 -1.7834844589233398
36.18499755859375 331.8774719238281 -1.7834844589233398
35.34064483642578 327.96759033203125 -1.7834844589233398
34.49629211425781 324.0577087402344 -1.7834844589233398
33.651939392089844 320.1478271484375 -1.7834844589233398
32.807586669921875 316.2379455566406 -1.7834844589233398
31.963233947753906 312.32806396484375 -1.7834844589233398
31.118881225585938 308.4181823730469 -1.7834844589233398
30.27452850341797 304.50830078125 -1.7834844589233398
29.43017578125 300.5984191894531 -1.7834844589233398
28.58582305908203 296.68853759765625 -1.7834844589233398
27.741470336914062 292.7786560058594 -1.7834844589233398
26.897117614746094 288.8687744140625 -1.7834844589233398
26.052764892578125 284.9588928222656 -1.7834844589233398
25.208412170410156 281.04901123046875 -1.7834844589233398
24.364059448242188 277.1391296386719 -1.7834844589233398
23.51970672607422 273.229248046875 -1.7834844589233398
22.67535400390625 269.3193664550781 -1.7834844589233398
21.83100128173828 265.40948486328125 -1.7834844589233398
21.83100128173828 265.40948486328125 -1.7834844589233398
21.83100128173828 265.40948486328125 -1.7834844589233398
21.83100128173828 265.40948486328125 -1.7834844589233398
21.83100128173828 265.40948486328125 -1.7834844589233398
21.83100128173828 265.40948486328125 -1.7834844589233398
21.83100128173828 265.40948486328125 -1.7834844589233398
21.83100128173828 265.40948486328125 -1.7834844589233398
21.83100128173828 265.40948486328125 -1.7834844589233398
21.83100128173828 265.40948486328125 -1.7834844589233398
21.83100128173828 265.40948486328125 -1.7834844589233398
