62.828426361083984 452.82843017578125 0.7853981852531433
65.65685272216797 455.6568603515625 0.7853981852531433
68.48528289794922 458.48529052734375 0.7853981852531433
71.31371307373047 461.313720703125 0.7853981852531433
74.14214324951172 464.14215087890625 0.7853981852531433
76.97057342529297 466.9705810546875 0.7853981852531433
79.79900360107422 469.79901123046875 0.7853981852531433
82.62743377685547 472.62744140625 0.7853981852531433
85.45586395263672 475.45587158203125 0.7853981852531433
88.28429412841797 478.2843017578125 0.7853981852531433
91.11272430419922 481.11273193359375 0.7853981852531433
93.94115447998047 483.941162109375 0.7853981852531433
96.76958465576172 486.76959228515625 0.7853981852531433
99.59801483154297 489.5980224609375 0.7853981852531433
102.42644500732422 492.42645263671875 0.7853981852531433
105.25487518310547 495.2548828125 0.7853981852531433
108.08330535888672 498.08331298828125 0.7853981852531433
110.91173553466797 500.9117431640625 0.7853981852531433
113.74016571044922 503.74017333984375 0.7853981852531433
116.56859588623047 506.568603515625 0.7853981852531433
119.39702606201172 509.39703369140625 0.7853981852531433
122.22545623779297 512.2254638671875 0.7853981852531433
125.05388641357422 515.0538940429688 0.7853981852531433
127.88231658935547 517.88232421875 0.7853981852531433
129.3868408203125 519.105224609375 0.5796258449554443
132.73350524902344 521.2960815429688 0.5796258449554443
133.08067321777344 521.4422607421875 0.21750229597091675
136.98643493652344 522.305419921875 0.21750229597091675
140.89219665527344 523.1685791015625 0.21750229597091675
144.79795837402344 524.03173828125 0.21750229597091675
148.70372009277344 524.8948974609375 0.21750229597091675
152.60948181152344 525.758056640625 0.21750229597091675
156.51524353027344 526.6212158203125 0.21750229597091675
156.89537048339844 526.6351318359375 -0.14425158500671387
160.85382080078125 526.0601196289062 -0.14425158500671387
164.81227111816406 525.485107421875 -0.14425158500671387
168.77072143554688 524.9100952148438 -0.14425158500671387
172.7291717529297 524.3350830078125 -0.14425158500671387
176.6876220703125 523.7600708007812 -0.14425158500671387
177.0445556640625 523.6396484375 -0.5063751339912415
180.54258728027344 521.6995849609375 -0.5063751339912415
184.04061889648438 519.759521484375 -0.5063751339912415
187.5386505126953 517.8194580078125 -0.5063751339912415
188.09645080566406 517.376953125 -0.8348546028137207
190.78158569335938 514.4121704101562 -0.8348546028137207
193.4667205810547 511.4473876953125 -0.8348546028137207
196.15185546875 508.48260498046875 -0.8348546028137207
198.8369903564453 505.517822265625 -0.8348546028137207
201.52212524414062 502.55303955078125 -0.8348546028137207
204.20726013183594 499.5882568359375 -0.8348546028137207
206.89239501953125 496.62347412109375 -0.8348546028137207
209.57752990722656 493.65869140625 -0.8348546028137207
212.26266479492188 490.69390869140625 -0.8348546028137207
214.9477996826172 487.7291259765625 -0.8348546028137207
217.6329345703125 484.76434326171875 -0.8348546028137207
220.3180694580078 481.799560546875 -0.8348546028137207
223.00320434570312 478.83477783203125 -0.8348546028137207
225.68833923339844 475.8699951171875 -0.8348546028137207
228.37347412109375 472.90521240234375 -0.8348546028137207
231.05860900878906 469.9404296875 -0.8348546028137207
233.74374389648438 466.97564697265625 -0.8348546028137207
236.4288787841797 464.0108642578125 -0.8348546028137207
239.114013671875 461.04608154296875 -0.8348546028137207
241.7991485595703 458.081298828125 -0.8348546028137207
244.48428344726562 455.11651611328125 -0.8348546028137207
247.16941833496094 452.1517333984375 -0.8348546028137207
249.85455322265625 449.18695068359375 -0.8348546028137207
252.53968811035156 446.22216796875 -0.8348546028137207
255.22482299804688 443.25738525390625 -0.8348546028137207
257.90997314453125 440.2926025390625 -0.8348546028137207
260.5951232910156 437.32781982421875 -0.8348546028137207
263.2802734375 434.363037109375 -0.8348546028137207
265.9654235839844 431.39825439453125 -0.8348546028137207
265.9654235839844 431.39825439453125 -0.4348545968532562
265.9654235839844 431.39825439453125 -0.03485459089279175
265.9654235839844 431.39825439453125 0.36514541506767273
269.70172119140625 432.82659912109375 0.36514541506767273
273.4380187988281 434.25494384765625 0.36514541506767273
277.17431640625 435.68328857421875 0.36514541506767273
280.9106140136719 437.11163330078125 0.36514541506767273
284.64691162109375 438.53997802734375 0.36514541506767273
288.3832092285156 439.96832275390625 0.36514541506767273
292.1195068359375 441.39666748046875 0.36514541506767273
295.8558044433594 442.82501220703125 0.36514541506767273
299.59210205078125 444.25335693359375 0.36514541506767273
303.3283996582031 445.68170166015625 0.36514541506767273
307.064697265625 447.11004638671875 0.36514541506767273
310.8009948730469 448.53839111328125 0.36514541506767273
314.53729248046875 449.96673583984375 0.36514541506767273
318.2735900878906 451.39508056640625 0.36514541506767273
318.2735900878906 451.39508056640625 0.7651454210281372
321.1587219238281 454.1656494140625 0.7651454210281372
324.0438537597656 456.93621826171875 0.7651454210281372
326.9289855957031 459.706787109375 0.7651454210281372
329.8141174316406 462.47735595703125 0.7651454210281372
332.6992492675781 465.2479248046875 0.7651454210281372
335.5843811035156 468.01849365234375 0.7651454210281372
338.4695129394531 470.7890625 0.7651454210281372
341.3546447753906 473.55963134765625 0.7651454210281372
344.2397766113281 476.3302001953125 0.7651454210281372
347.1249084472656 479.10076904296875 0.7651454210281372
350.0100402832031 481.871337890625 0.7651454210281372
352.8951721191406 484.64190673828125 0.7651454210281372
355.7803039550781 487.4124755859375 0.7651454210281372
358.6654357910156 490.18304443359375 0.7651454210281372
361.5505676269531 492.95361328125 0.7651454210281372
364.4356994628906 495.72418212890625 0.7651454210281372
367.3208312988281 498.4947509765625 0.7651454210281372
370.2059631347656 501.26531982421875 0.7651454210281372
373.0910949707031 504.035888671875 0.7651454210281372
375.9762268066406 506.80645751953125 0.7651454210281372
378.8613586425781 509.5770263671875 0.7651454210281372
381.7464904785156 512.3475952148438 0.7651454210281372
384.6316223144531 515.1181640625 0.7651454210281372
387.5167541503906 517.8887329101562 0.7651454210281372
389.7082214355469 519.7710571289062 0.654182493686676
390.0435485839844 519.9426879882812 0.29205894470214844
393.8741760253906 521.0943603515625 0.29205894470214844
397.7048034667969 522.2460327148438 0.29205894470214844
401.5354309082031 523.397705078125 0.29205894470214844
405.3660583496094 524.5493774414062 0.29205894470214844
409.1966857910156 525.7010498046875 0.29205894470214844
413.0273132324219 526.8527221679688 0.29205894470214844
413.404052734375 526.894775390625 -0.06982573866844177
417.3943176269531 526.61572265625 -0.06982573866844177
421.38458251953125 526.336669921875 -0.06982573866844177
425.3748474121094 526.0576171875 -0.06982573866844177
429.3651123046875 525.778564453125 -0.06982573866844177
433.3553771972656 525.49951171875 -0.06982573866844177
437.34564208984375 525.220458984375 -0.06982573866844177
441.3359069824219 524.94140625 -0.06982573866844177
445.326171875 524.662353515625 -0.06982573866844177
449.3164367675781 524.38330078125 -0.06982573866844177
453.30670166015625 524.104248046875 -0.06982573866844177
457.2969665527344 523.8251953125 -0.06982573866844177
461.2872314453125 523.546142578125 -0.06982573866844177
465.2774963378906 523.26708984375 -0.06982573866844177
469.26776123046875 522.988037109375 -0.06982573866844177
473.2580261230469 522.708984375 -0.06982573866844177
477.248291015625 522.429931640625 -0.06982573866844177
481.2385559082031 522.15087890625 -0.06982573866844177
485.22882080078125 521.871826171875 -0.06982573866844177
489.2190856933594 521.5927734375 -0.06982573866844177
493.2093505859375 521.313720703125 -0.06982573866844177
497.1996154785156 521.03466796875 -0.06982573866844177
501.18988037109375 520.755615234375 -0.06982573866844177
505.1801452636719 520.4765625 -0.06982573866844177
509.17041015625 520.197509765625 -0.06982573866844177
513.16064453125 519.91845703125 -0.06982573866844177
517.15087890625 519.639404296875 -0.06982573866844177
521.14111328125 519.3603515625 -0.06982573866844177
525.13134765625 519.081298828125 -0.06982573866844177
525.6489868164062 518.9529418945312 -0.41622644662857056
525.96044921875 518.7410888671875 -0.7783499956130981
526.1766967773438 518.4326171875 -1.1404736042022705
526.2696533203125 518.0675659179688 -1.5025970935821533
526.542236328125 514.0768432617188 -1.5025970935821533
526.8148193359375 510.0861511230469 -1.5025970935821533
527.08740234375 506.095458984375 -1.5025970935821533
527.3599853515625 502.1047668457031 -1.5025970935821533
527.632568359375 498.11407470703125 -1.5025970935821533
527.9051513671875 494.1233825683594 -1.5025970935821533
528.177734375 490.1326904296875 -1.5025970935821533
528.1345825195312 489.7509460449219 -1.863969087600708
526.9786376953125 485.921630859375 -1.863969087600708
525.8226928710938 482.0923156738281 -1.863969087600708
525.6506958007812 481.7572021484375 -2.226092576980591
523.213134765625 478.5857238769531 -2.226092576980591
522.9335327148438 478.3332824707031 -2.5882160663604736
519.530517578125 476.23101806640625 -2.5882160663604736
516.1275024414062 474.1287536621094 -2.5882160663604736
512.7244873046875 472.0264892578125 -2.5882160663604736
509.32147216796875 469.9242248535156 -2.5882160663604736
505.91845703125 467.82196044921875 -2.5882160663604736
502.51544189453125 465.7196960449219 -2.5882160663604736
499.1124267578125 463.617431640625 -2.5882160663604736
495.70941162109375 461.5151672363281 -2.5882160663604736
492.306396484375 459.41290283203125 -2.5882160663604736
488.90338134765625 457.3106384277344 -2.5882160663604736
485.5003662109375 455.2083740234375 -2.5882160663604736
482.09735107421875 453.1061096191406 -2.5882160663604736
478.6943359375 451.00384521484375 -2.5882160663604736
475.29132080078125 448.9015808105469 -2.5882160663604736
471.8883056640625 446.79931640625 -2.5882160663604736
468.48529052734375 444.6970520019531 -2.5882160663604736
465.082275390625 442.59478759765625 -2.5882160663604736
461.67926025390625 440.4925231933594 -2.5882160663604736
458.2762451171875 438.3902587890625 -2.5882160663604736
454.87322998046875 436.2879943847656 -2.5882160663604736
451.47021484375 434.18572998046875 -2.5882160663604736
448.06719970703125 432.0834655761719 -2.5882160663604736
444.6641845703125 429.981201171875 -2.5882160663604736
441.26116943359375 427.8789367675781 -2.5882160663604736
437.858154296875 425.77667236328125 -2.5882160663604736
434.45513916015625 423.6744079589844 -2.5882160663604736
431.0521240234375 421.5721435546875 -2.5882160663604736
427.64910888671875 419.4698791503906 -2.5882160663604736
424.24609375 417.36761474609375 -2.5882160663604736
420.84307861328125 415.2653503417969 -2.5882160663604736
417.4400634765625 413.1630859375 -2.5882160663604736
414.03704833984375 411.0608215332031 -2.5882160663604736
410.634033203125 408.95855712890625 -2.5882160663604736
407.23101806640625 406.8562927246094 -2.5882160663604736
403.8280029296875 404.7540283203125 -2.5882160663604736
400.42498779296875 402.6517639160156 -2.5882160663604736
397.02197265625 400.54949951171875 -2.5882160663604736
393.61895751953125 398.4472351074219 -2.5882160663604736
390.2159423828125 396.344970703125 -2.5882160663604736
386.81292724609375 394.2427062988281 -2.5882160663604736
383.409912109375 392.14044189453125 -2.5882160663604736
380.00689697265625 390.0381774902344 -2.5882160663604736
376.6038818359375 387.9359130859375 -2.5882160663604736
373.20086669921875 385.8336486816406 -2.5882160663604736
369.7978515625 383.73138427734375 -2.5882160663604736
366.39483642578125 381.6291198730469 -2.5882160663604736
362.9918212890625 379.52685546875 -2.5882160663604736
359.58880615234375 377.4245910644531 -2.5882160663604736
356.185791015625 375.32232666015625 -2.5882160663604736
352.78277587890625 373.2200622558594 -2.5882160663604736
349.3797607421875 371.1177978515625 -2.5882160663604736
345.97674560546875 369.0155334472656 -2.5882160663604736
342.57373046875 366.91326904296875 -2.5882160663604736
339.17071533203125 364.8110046386719 -2.5882160663604736
335.7677001953125 362.708740234375 -2.5882160663604736
332.36468505859375 360.6064758300781 -2.5882160663604736
328.961669921875 358.50421142578125 -2.5882160663604736
325.55865478515625 356.4019470214844 -2.5882160663604736
322.1556396484375 354.2996826171875 -2.5882160663604736
318.75262451171875 352.1974182128906 -2.5882160663604736
315.349609375 350.09515380859375 -2.5882160663604736
311.94659423828125 347.9928894042969 -2.5882160663604736
308.5435791015625 345.890625 -2.5882160663604736
305.14056396484375 343.7883605957031 -2.5882160663604736
301.737548828125 341.68609619140625 -2.5882160663604736
298.33453369140625 339.5838317871094 -2.5882160663604736
294.9315185546875 337.4815673828125 -2.5882160663604736
291.52850341796875 335.3793029785156 -2.5882160663604736
288.12548828125 333.27703857421875 -2.5882160663604736
284.72247314453125 331.1747741699219 -2.5882160663604736
281.3194580078125 329.072509765625 -2.5882160663604736
277.91644287109375 326.9702453613281 -2.5882160663604736
274.513427734375 324.86798095703125 -2.5882160663604736
271.11041259765625 322.7657165527344 -2.5882160663604736
267.7073974609375 320.6634521484375 -2.5882160663604736
264.30438232421875 318.5611877441406 -2.5882160663604736
260.9013671875 316.45892333984375 -2.5882160663604736
257.49835205078125 314.3566589355469 -2.5882160663604736
254.0953369140625 312.25439453125 -2.5882160663604736
250.69232177734375 310.1521301269531 -2.5882160663604736
247.289306640625 308.04986572265625 -2.5882160663604736
243.88629150390625 305.9476013183594 -2.5882160663604736
240.4832763671875 303.8453369140625 -2.5882160663604736
240.4832763671875 303.8453369140625 -2.188215970993042
240.4832763671875 303.8453369140625 -1.7882159948349
239.6204376220703 299.93951416015625 -1.7882159948349
238.75759887695312 296.03369140625 -1.7882159948349
237.89476013183594 292.12786865234375 -1.7882159948349
237.03192138671875 288.2220458984375 -1.7882159948349
236.16908264160156 284.31622314453125 -1.7882159948349
235.30624389648438 280.410400390625 -1.7882159948349
235.30624389648438 280.410400390625 -1.3882160186767578
236.0325164794922 276.4768981933594 -1.3882160186767578
236.7587890625 272.54339599609375 -1.3882160186767578
237.4850616455078 268.6098937988281 -1.3882160186767578
238.21133422851562 264.6763916015625 -1.3882160186767578
238.93760681152344 260.7428894042969 -1.3882160186767578
239.66387939453125 256.80938720703125 -1.3882160186767578
240.39015197753906 252.87586975097656 -1.3882160186767578
241.11642456054688 248.94235229492188 -1.3882160186767578
241.8426971435547 245.0088348388672 -1.3882160186767578
242.5689697265625 241.0753173828125 -1.3882160186767578
243.2952423095703 237.1417999267578 -1.3882160186767578
244.02151489257812 233.20828247070312 -1.3882160186767578
244.74778747558594 229.27476501464844 -1.3882160186767578
245.47406005859375 225.34124755859375 -1.3882160186767578
246.20033264160156 221.40773010253906 -1.3882160186767578
246.92660522460938 217.47421264648438 -1.3882160186767578
247.6528778076172 213.5406951904297 -1.3882160186767578
248.379150390625 209.607177734375 -1.3882160186767578
248.379150390625 209.607177734375 -0.9882160425186157
248.379150390625 209.607177734375 -0.5882160663604736
248.379150390625 209.607177734375 -0.18821606040000916
252.30850219726562 208.85874938964844 -0.18821606040000916
256.23785400390625 208.11032104492188 -0.18821606040000916
260.1672058105469 207.3618927001953 -0.18821606040000916
264.0965576171875 206.61346435546875 -0.18821606040000916
268.0259094238281 205.8650360107422 -0.18821606040000916
271.95526123046875 205.11660766601562 -0.18821606040000916
275.8846130371094 204.36817932128906 -0.18821606040000916
279.81396484375 203.6197509765625 -0.18821606040000916
283.7433166503906 202.87132263183594 -0.18821606040000916
287.67266845703125 202.12289428710938 -0.18821606040000916
291.6020202636719 201.3744659423828 -0.18821606040000916
295.5313720703125 200.62603759765625 -0.18821606040000916
299.4607238769531 199.8776092529297 -0.18821606040000916
303.39007568359375 199.12918090820312 -0.18821606040000916
307.3194274902344 198.38075256347656 -0.18821606040000916
311.248779296875 197.63232421875 -0.18821606040000916
315.1781311035156 196.88389587402344 -0.18821606040000916
319.10748291015625 196.13546752929688 -0.18821606040000916
323.0368347167969 195.3870391845703 -0.18821606040000916
326.9661865234375 194.63861083984375 -0.18821606040000916
330.8955383300781 193.8901824951172 -0.18821606040000916
334.82489013671875 193.14175415039062 -0.18821606040000916
338.7542419433594 192.39332580566406 -0.18821606040000916
342.68359375 191.6448974609375 -0.18821606040000916
346.6129455566406 190.89646911621094 -0.18821606040000916
350.54229736328125 190.14804077148438 -0.18821606040000916
354.4716491699219 189.3996124267578 -0.18821606040000916
358.4010009765625 188.65118408203125 -0.18821606040000916
362.3303527832031 187.9027557373047 -0.18821606040000916
366.25970458984375 187.15432739257812 -0.18821606040000916
370.1890563964844 186.40589904785156 -0.18821606040000916
374.118408203125 185.657470703125 -0.18821606040000916
378.0477600097656 184.90904235839844 -0.18821606040000916
381.97711181640625 184.16061401367188 -0.18821606040000916
385.9064636230469 183.4121856689453 -0.18821606040000916
389.8358154296875 182.66375732421875 -0.18821606040000916
393.7651672363281 181.9153289794922 -0.18821606040000916
397.69451904296875 181.16690063476562 -0.18821606040000916
401.6238708496094 180.41847229003906 -0.18821606040000916
405.55322265625 179.6700439453125 -0.18821606040000916
409.4825744628906 178.92161560058594 -0.18821606040000916
413.41192626953125 178.17318725585938 -0.18821606040000916
417.3412780761719 177.4247589111328 -0.18821606040000916
421.2706298828125 176.67633056640625 -0.18821606040000916
425.1999816894531 175.9279022216797 -0.18821606040000916
429.12933349609375 175.17947387695312 -0.18821606040000916
433.0586853027344 174.43104553222656 -0.18821606040000916
436.988037109375 173.6826171875 -0.18821606040000916
440.9173889160156 172.93418884277344 -0.18821606040000916
444.84674072265625 172.18576049804688 -0.18821606040000916
448.7760925292969 171.4373321533203 -0.18821606040000916
452.7054443359375 170.68890380859375 -0.18821606040000916
456.6347961425781 169.9404754638672 -0.18821606040000916
460.56414794921875 169.19204711914062 -0.18821606040000916
464.4934997558594 168.44361877441406 -0.18821606040000916
468.4228515625 167.6951904296875 -0.18821606040000916
472.3522033691406 166.94676208496094 -0.18821606040000916
476.28155517578125 166.19833374023438 -0.18821606040000916
480.2109069824219 165.4499053955078 -0.18821606040000916
484.1402587890625 164.70147705078125 -0.18821606040000916
488.0696105957031 163.9530487060547 -0.18821606040000916
491.99896240234375 163.20462036132812 -0.18821606040000916
495.9283142089844 162.45619201660156 -0.18821606040000916
499.857666015625 161.707763671875 -0.18821606040000916
503.7870178222656 160.95933532714844 -0.18821606040000916
507.71636962890625 160.21090698242188 -0.18821606040000916
511.6457214355469 159.4624786376953 -0.18821606040000916
515.5750732421875 158.71405029296875 -0.18821606040000916
519.5044555664062 157.9656219482422 -0.18821606040000916
519.8560791015625 157.8295440673828 -0.550308346748352
520.1364135742188 157.5779571533203 -0.9124318957328796
520.3094482421875 157.2433624267578 -1.2745554447174072
521.4771728515625 153.4176025390625 -1.2745554447174072
522.6448974609375 149.5918426513672 -1.2745554447174072
523.8126220703125 145.76608276367188 -1.2745554447174072
524.9803466796875 141.94032287597656 -1.2745554447174072
526.1480712890625 138.11456298828125 -1.2745554447174072
527.3157958984375 134.28880310058594 -1.2745554447174072
527.3624877929688 133.88943481445312 -1.6341286897659302
527.1093139648438 129.8974609375 -1.6341286897659302
526.8561401367188 125.90547943115234 -1.6341286897659302
526.6029663085938 121.91349792480469 -1.6341286897659302
526.3497924804688 117.92151641845703 -1.6341286897659302
526.0966186523438 113.92953491210938 -1.6341286897659302
525.8434448242188 109.93755340576172 -1.6341286897659302
525.5902709960938 105.94557189941406 -1.6341286897659302
525.3370971679688 101.9535903930664 -1.6341286897659302
525.0839233398438 97.96160888671875 -1.6341286897659302
524.8307495117188 93.9696273803711 -1.6341286897659302
524.5775756835938 89.97764587402344 -1.6341286897659302
524.3244018554688 85.98566436767578 -1.6341286897659302
524.0712280273438 81.99368286132812 -1.6341286897659302
523.8180541992188 78.00170135498047 -1.6341286897659302
523.5648803710938 74.00971984863281 -1.6341286897659302
523.3117065429688 70.01773834228516 -1.6341286897659302
523.2205810546875 69.65223693847656 -1.9962522983551025
523.005859375 69.34272766113281 -2.3583757877349854
522.6954345703125 69.12935638427734 -2.720499277114868
522.3295288085938 69.03980255126953 -3.082622766494751
518.3364868164062 68.80406188964844 -3.082622766494751
514.3434448242188 68.56832122802734 -3.082622766494751
510.35040283203125 68.33258056640625 -3.082622766494751
506.35736083984375 68.09683990478516 -3.082622766494751
502.36431884765625 67.86109924316406 -3.082622766494751
498.37127685546875 67.62535858154297 -3.082622766494751
494.37823486328125 67.38961791992188 -3.082622766494751
490.38519287109375 67.15387725830078 -3.082622766494751
486.39215087890625 66.91813659667969 -3.082622766494751
482.39910888671875 66.6823959350586 -3.082622766494751
478.40606689453125 66.4466552734375 -3.082622766494751
474.41302490234375 66.2109146118164 -3.082622766494751
470.41998291015625 65.97517395019531 -3.082622766494751
466.42694091796875 65.73943328857422 -3.082622766494751
462.43389892578125 65.50369262695312 -3.082622766494751
458.44085693359375 65.26795196533203 -3.082622766494751
454.44781494140625 65.03221130371094 -3.082622766494751
450.45477294921875 64.79647064208984 -3.082622766494751
446.46173095703125 64.56072998046875 -3.082622766494751
442.46868896484375 64.32498931884766 -3.082622766494751
438.47564697265625 64.08924865722656 -3.082622766494751
434.48260498046875 63.8535041809082 -3.082622766494751
430.48956298828125 63.617759704589844 -3.082622766494751
426.49652099609375 63.382015228271484 -3.082622766494751
422.50347900390625 63.146270751953125 -3.082622766494751
418.51043701171875 62.910526275634766 -3.082622766494751
414.51739501953125 62.674781799316406 -3.082622766494751
410.52435302734375 62.43903732299805 -3.082622766494751
406.53131103515625 62.20329284667969 -3.082622766494751
402.53826904296875 61.96754837036133 -3.082622766494751
398.54522705078125 61.73180389404297 -3.082622766494751
394.55218505859375 61.49605941772461 -3.082622766494751
390.55914306640625 61.26031494140625 -3.082622766494751
386.56610107421875 61.02457046508789 -3.082622766494751
382.57305908203125 60.78882598876953 -3.082622766494751
378.58001708984375 60.55308151245117 -3.082622766494751
374.58697509765625 60.31733703613281 -3.082622766494751
370.59393310546875 60.08159255981445 -3.082622766494751
366.60089111328125 59.845848083496094 -3.082622766494751
362.60784912109375 59.610103607177734 -3.082622766494751
358.61480712890625 59.374359130859375 -3.082622766494751
358.61480712890625 59.374359130859375 -2.6826226711273193
358.2525634765625 59.27101516723633 -3.044746160507202
358.2525634765625 59.27101516723633 -2.6447460651397705
357.8945007324219 59.15402603149414 -3.0068695545196533
357.8945007324219 59.15402603149414 -2.6068694591522217
357.5411071777344 59.023563385009766 -2.9689929485321045
357.5411071777344 59.023563385009766 -2.568992853164673
357.1929016113281 58.87981033325195 -2.9311163425445557
353.28118896484375 58.044105529785156 -2.9311163425445557
349.3694763183594 57.208404541015625 -2.9311163425445557
348.9929504394531 57.19732666015625 2.989945411682129
345.0388488769531 57.80159378051758 2.989945411682129
341.0847473144531 58.405860900878906 2.989945411682129
337.1306457519531 59.010128021240234 2.989945411682129
333.1765441894531 59.61439514160156 2.989945411682129
333.1765441894531 59.61439514160156 -2.893239736557007
332.8006896972656 59.58906555175781 3.0278220176696777
332.8006896972656 59.58906555175781 -2.855363130569458
332.42608642578125 59.549522399902344 3.0656986236572266
332.42608642578125 59.549522399902344 -2.817486524581909
332.05322265625 59.49582290649414 3.1035752296447754
332.05322265625 59.49582290649414 -2.7796099185943604
331.68267822265625 59.42803955078125 3.141451835632324
331.68267822265625 59.42803955078125 -2.7417333126068115
331.3149719238281 59.346275329589844 -3.1038568019866943
331.3149719238281 59.346275329589844 -2.7038567066192627
330.95062255859375 59.25064468383789 -3.0659801959991455
330.95062255859375 59.25064468383789 -2.665980100631714
330.59014892578125 59.14128494262695 -3.0281035900115967
326.6158752441406 58.68830108642578 -3.0281035900115967
322.6416015625 58.23531723022461 -3.0281035900115967
318.6673278808594 57.78233337402344 -3.0281035900115967
314.69305419921875 57.329349517822266 -3.0281035900115967
314.3172302246094 57.35478591918945 2.892958164215088
314.3172302246094 57.35478591918945 -2.990226984024048
313.9407043457031 57.365970611572266 2.9308347702026367
313.9407043457031 57.365970611572266 -2.952350378036499
313.56402587890625 57.36288833618164 2.9687113761901855
313.56402587890625 57.36288833618164 -2.91447377204895
313.1877136230469 57.345542907714844 3.0065879821777344
313.1877136230469 57.345542907714844 -2.8765971660614014
312.8123474121094 57.313961029052734 3.044464588165283
312.8123474121094 57.313961029052734 -2.8387205600738525
312.4384460449219 57.2681884765625 3.082341194152832
312.4384460449219 57.2681884765625 -2.8008439540863037
312.0665283203125 57.208290100097656 3.120217800140381
312.0665283203125 57.208290100097656 -2.762967348098755
311.6971435546875 57.13434982299805 -3.1250908374786377
307.69769287109375 57.06834411621094 -3.1250908374786377
303.6982421875 57.00233840942383 -3.1250908374786377
299.69879150390625 56.93633270263672 -3.1250908374786377
295.6993408203125 56.87032699584961 -3.1250908374786377
291.69989013671875 56.8043212890625 -3.1250908374786377
287.700439453125 56.73831558227539 -3.1250908374786377
283.70098876953125 56.67230987548828 -3.1250908374786377
279.7015380859375 56.60630416870117 -3.1250908374786377
279.3299255371094 56.66801452636719 2.795970916748047
279.3299255371094 56.66801452636719 -3.087214231491089
278.95623779296875 56.715606689453125 2.8338475227355957
278.95623779296875 56.715606689453125 -3.04933762550354
278.5810241699219 56.74901580810547 2.8717241287231445
278.5810241699219 56.74901580810547 -3.011461019515991
278.2048034667969 56.768192291259766 2.9096007347106934
278.2048034667969 56.768192291259766 -2.9735844135284424
277.828125 56.773109436035156 2.947477340698242
277.828125 56.773109436035156 -2.9357078075408936
277.4515380859375 56.76375961303711 2.985353946685791
277.4515380859375 56.76375961303711 -2.8978312015533447
277.0755920410156 56.74015808105469 3.02323055267334
273.10357666015625 57.212501525878906 3.02323055267334
269.1315612792969 57.684844970703125 3.02323055267334
265.1595458984375 58.157188415527344 3.02323055267334
261.1875305175781 58.62953186035156 3.02323055267334
257.21551513671875 59.10187530517578 3.02323055267334
253.24349975585938 59.57421875 3.02323055267334
249.271484375 60.04656219482422 3.02323055267334
245.29946899414062 60.51890563964844 3.02323055267334
241.32745361328125 60.991249084472656 3.02323055267334
237.35543823242188 61.463592529296875 3.02323055267334
233.3834228515625 61.935935974121094 3.02323055267334
229.41140747070312 62.40827941894531 3.02323055267334
225.43939208984375 62.88062286376953 3.02323055267334
221.46737670898438 63.35296630859375 3.02323055267334
217.495361328125 63.82530975341797 3.02323055267334
213.52334594726562 64.29765319824219 3.02323055267334
209.55133056640625 64.7699966430664 3.02323055267334
205.57931518554688 65.24234008789062 3.02323055267334
201.6072998046875 65.71468353271484 3.02323055267334
197.63528442382812 66.18702697753906 3.02323055267334
193.66326904296875 66.65937042236328 3.02323055267334
189.69125366210938 67.1317138671875 3.02323055267334
189.69125366210938 67.1317138671875 -2.859954595565796
189.3164520263672 67.09388732910156 3.0611071586608887
185.32940673828125 67.41548156738281 3.0611071586608887
181.3423614501953 67.73707580566406 3.0611071586608887
177.35531616210938 68.05867004394531 3.0611071586608887
173.36827087402344 68.38026428222656 3.0611071586608887
169.3812255859375 68.70185852050781 3.0611071586608887
165.39418029785156 69.02345275878906 3.0611071586608887
165.39418029785156 69.02345275878906 -2.822077989578247
165.02108764648438 68.97146606445312 3.0989837646484375
161.02471923828125 69.14185333251953 3.0989837646484375
161.02471923828125 69.14185333251953 -2.7842013835906982
160.6538543701172 69.07577514648438 3.1368603706359863
156.65390014648438 69.0947036743164 3.1368603706359863
152.65394592285156 69.11363220214844 3.1368603706359863
148.65399169921875 69.13256072998047 3.1368603706359863
144.65403747558594 69.1514892578125 3.1368603706359863
140.65408325195312 69.17041778564453 3.1368603706359863
136.6541290283203 69.18934631347656 3.1368603706359863
132.6541748046875 69.2082748413086 3.1368603706359863
128.6542205810547 69.22720336914062 3.1368603706359863
124.65426635742188 69.24613189697266 3.1368603706359863
120.65431213378906 69.26506042480469 3.1368603706359863
120.65431213378906 69.26506042480469 -2.7463247776031494
120.28622436523438 69.18498229980469 -3.1084482669830322
116.28842163085938 69.05242919921875 -3.1084482669830322
112.29061889648438 68.91987609863281 -3.1084482669830322
108.29281616210938 68.78732299804688 -3.1084482669830322
104.29501342773438 68.65476989746094 -3.1084482669830322
100.29721069335938 68.522216796875 -3.1084482669830322
96.29940795898438 68.38966369628906 -3.1084482669830322
92.30160522460938 68.25711059570312 -3.1084482669830322
88.30380249023438 68.12455749511719 -3.1084482669830322
84.30599975585938 67.99200439453125 -3.1084482669830322
80.30819702148438 67.85945129394531 -3.1084482669830322
76.31039428710938 67.72689819335938 -3.1084482669830322
72.31259155273438 67.59434509277344 -3.1084482669830322
68.31478881835938 67.4617919921875 -3.1084482669830322
64.31698608398438 67.32923889160156 -3.1084482669830322
60.319183349609375 67.19668579101562 -3.1084482669830322
56.321380615234375 67.06413269042969 -3.1084482669830322
52.323577880859375 66.93157958984375 -3.1084482669830322
48.325775146484375 66.79902648925781 -3.1084482669830322
44.327972412109375 66.66647338867188 -3.1084482669830322
40.330169677734375 66.53392028808594 -3.1084482669830322
36.332366943359375 66.4013671875 -3.1084482669830322
32.334564208984375 66.26881408691406 -3.1084482669830322
28.336761474609375 66.13626098632812 -3.1084482669830322
24.338958740234375 66.00370788574219 -3.1084482669830322
20.341156005859375 65.87115478515625 -3.1084482669830322
20.341156005859375 65.87115478515625 -3.1084482669830322
20.341156005859375 65.87115478515625 -3.1084482669830322
20.341156005859375 65.87115478515625 -3.1084482669830322
20.341156005859375 65.87115478515625 -3.1084482669830322
20.341156005859375 65.87115478515625 -3.1084482669830322
20.341156005859375 65.87115478515625 -3.1084482669830322
20.341156005859375 65.87115478515625 -3.1084482669830322
20.341156005859375 65.87115478515625 -3.1084482669830322
20.341156005859375 65.87115478515625 -3.1084482669830322
20.341156005859375 65.87115478515625 -3.1084482669830322
