60.0 450.0 0.38539817929267883
60.0 450.0 -0.014601826667785645
60.0 450.0 -0.4146018326282501
60.0 450.0 -0.8146018385887146
60.0 450.0 -1.2146018743515015
60.0 450.0 -1.6146018505096436
59.824832916259766 446.00384521484375 -1.6146018505096436
59.64966583251953 442.0076904296875 -1.6146018505096436
59.4744987487793 438.01153564453125 -1.6146018505096436
59.29933166503906 434.015380859375 -1.6146018505096436
59.12416458129883 430.01922607421875 -1.6146018505096436
58.948997497558594 426.0230712890625 -1.6146018505096436
58.77383041381836 422.02691650390625 -1.6146018505096436
58.598663330078125 418.03076171875 -1.6146018505096436
58.42349624633789 414.03460693359375 -1.6146018505096436
58.248329162597656 410.0384521484375 -1.6146018505096436
58.07316207885742 406.04229736328125 -1.6146018505096436
57.89799499511719 402.046142578125 -1.6146018505096436
57.72282791137695 398.04998779296875 -1.6146018505096436
57.54766082763672 394.0538330078125 -1.6146018505096436
57.372493743896484 390.05767822265625 -1.6146018505096436
57.19732666015625 386.0615234375 -1.6146018505096436
57.022159576416016 382.06536865234375 -1.6146018505096436
56.84699249267578 378.0692138671875 -1.6146018505096436
56.67182540893555 374.07305908203125 -1.6146018505096436
56.49665832519531 370.076904296875 -1.6146018505096436
56.32149124145508 366.08074951171875 -1.6146018505096436
56.146324157714844 362.0845947265625 -1.6146018505096436
55.97115707397461 358.08843994140625 -1.6146018505096436
55.795989990234375 354.09228515625 -1.6146018505096436
55.62082290649414 350.09613037109375 -1.6146018505096436
55.445655822753906 346.0999755859375 -1.6146018505096436
55.27048873901367 342.10382080078125 -1.6146018505096436
55.09532165527344 338.107666015625 -1.6146018505096436
54.9201545715332 334.11151123046875 -1.6146018505096436
54.74498748779297 330.1153564453125 -1.6146018505096436
54.569820404052734 326.11920166015625 -1.6146018505096436
54.3946533203125 322.123046875 -1.6146018505096436
54.219486236572266 318.12689208984375 -1.6146018505096436
54.04431915283203 314.1307373046875 -1.6146018505096436
54.04431915283203 314.1307373046875 -2.014601945877075
52.42369079589844 310.8761291503906 -2.0510048866271973
50.57583236694336 307.3285217285156 -2.0510048866271973
48.837825775146484 304.13507080078125 -2.0874080657958984
48.837825775146484 304.13507080078125 -2.48740816116333
45.66364669799805 301.7010192871094 -2.48740816116333
42.48946762084961 299.2669677734375 -2.48740816116333
39.31528854370117 296.8329162597656 -2.48740816116333
36.141109466552734 294.39886474609375 -2.48740816116333
32.9669303894043 291.9648132324219 -2.48740816116333
29.792753219604492 289.53076171875 -2.48740816116333
29.792753219604492 289.53076171875 -2.8874082565307617
29.792753219604492 289.53076171875 2.995776891708374
29.792753219604492 289.53076171875 2.5957767963409424
29.792753219604492 289.53076171875 2.1957767009735107
27.45242691040039 292.774658203125 2.1957767009735107
27.45242691040039 292.774658203125 1.7957767248153687
26.70597267150879 296.3329772949219 1.759373664855957
26.08951759338379 299.9161071777344 1.7229706048965454
25.603879928588867 303.519287109375 1.6865675449371338
25.24970245361328 307.13775634765625 1.6501644849777222
25.02745246887207 310.7667236328125 1.6137614250183105
24.937427520751953 314.4013671875 1.577358365058899
24.979745864868164 318.0368957519531 1.5409553050994873
25.15435028076172 321.66845703125 1.5045522451400757
25.461009979248047 325.291259765625 1.468149185180664
25.89931869506836 328.9005126953125 1.4317461252212524
26.46869659423828 332.4914245605469 1.3953430652618408
27.16838836669922 336.0592346191406 1.3589400053024292
27.997467041015625 339.5992126464844 1.3225369453430176
28.955982208251953 343.1199645996094 1.2874455451965332
30.07427978515625 346.96044921875 1.2874455451965332
31.192577362060547 350.8009338378906 1.2874455451965332
32.310874938964844 354.64141845703125 1.2874455451965332
33.42917251586914 358.4819030761719 1.2874455451965332
34.54747009277344 362.3223876953125 1.2874455451965332
35.665767669677734 366.1628723144531 1.2874455451965332
36.78406524658203 370.00335693359375 1.2874455451965332
37.90236282348633 373.8438415527344 1.2874455451965332
39.020660400390625 377.684326171875 1.2874455451965332
40.13895797729492 381.5248107910156 1.2874455451965332
41.25725555419922 385.36529541015625 1.2874455451965332
42.375553131103516 389.2057800292969 1.2874455451965332
43.49385070800781 393.0462646484375 1.2874455451965332
44.61214828491211 396.8867492675781 1.2874455451965332
45.730445861816406 400.72723388671875 1.2874455451965332
46.8487434387207 404.5677185058594 1.2874455451965332
47.967041015625 408.408203125 1.2874455451965332
49.0853385925293 412.2486877441406 1.2874455451965332
50.203636169433594 416.08917236328125 1.2874455451965332
51.32193374633789 419.9296569824219 1.2874455451965332
52.44023132324219 423.7701416015625 1.2874455451965332
53.558528900146484 427.6106262207031 1.2874455451965332
53.558528900146484 427.6106262207031 0.8874455690383911
53.558528900146484 427.6106262207031 0.48744556307792664
53.558528900146484 427.6106262207031 0.08744555711746216
53.558528900146484 427.6106262207031 -0.3125544488430023
57.3647346496582 426.38067626953125 -0.3125544488430023
61.17094039916992 425.1507263183594 -0.3125544488430023
64.97714233398438 423.9207763671875 -0.3125544488430023
68.7833480834961 422.6908264160156 -0.3125544488430023
72.58955383300781 421.46087646484375 -0.3125544488430023
72.58955383300781 421.46087646484375 -0.7125544548034668
75.6163330078125 418.8457946777344 -0.7125544548034668
78.64311218261719 416.230712890625 -0.7125544548034668
81.66989135742188 413.6156311035156 -0.7125544548034668
84.69667053222656 411.00054931640625 -0.7125544548034668
87.72344970703125 408.3854675292969 -0.7125544548034668
90.75022888183594 405.7703857421875 -0.7125544548034668
93.77700805664062 403.1553039550781 -0.7125544548034668
96.80378723144531 400.54022216796875 -0.7125544548034668
99.83056640625 397.9251403808594 -0.7125544548034668
102.85734558105469 395.31005859375 -0.7125544548034668
105.88412475585938 392.6949768066406 -0.7125544548034668
108.91090393066406 390.07989501953125 -0.7125544548034668
111.93768310546875 387.4648132324219 -0.7125544548034668
114.96446228027344 384.8497314453125 -0.7125544548034668
117.99124145507812 382.2346496582031 -0.7125544548034668
121.01802062988281 379.61956787109375 -0.7125544548034668
124.0447998046875 377.0044860839844 -0.7125544548034668
127.07157897949219 374.389404296875 -0.7125544548034668
130.09835815429688 371.7743225097656 -0.7125544548034668
133.12513732910156 369.15924072265625 -0.7125544548034668
136.15191650390625 366.5441589355469 -0.7125544548034668
139.17869567871094 363.9290771484375 -0.7125544548034668
142.20547485351562 361.3139953613281 -0.7125544548034668
145.2322540283203 358.69891357421875 -0.7125544548034668
145.2322540283203 358.69891357421875 -1.1125544309616089
147.00173950195312 355.111572265625 -1.1125544309616089
148.77122497558594 351.52423095703125 -1.1125544309616089
148.77122497558594 351.52423095703125 -1.512554407119751
148.91676330566406 347.8913879394531 -1.5489574670791626
148.92999267578125 344.2556457519531 -1.5853605270385742
148.81088256835938 340.621826171875 -1.6217635869979858
148.55960083007812 336.9947509765625 -1.6581666469573975
148.17648315429688 333.37921142578125 -1.694569706916809
147.6620330810547 329.780029296875 -1.7309727668762207
147.0169219970703 326.20196533203125 -1.7673758268356323
146.2420196533203 322.6497497558594 -1.803778886795044
145.33834838867188 319.1280822753906 -1.8401819467544556
144.27378845214844 315.2723388671875 -1.8401819467544556
143.209228515625 311.4165954589844 -1.8401819467544556
142.14466857910156 307.56085205078125 -1.8401819467544556
141.08010864257812 303.7051086425781 -1.8401819467544556
140.0155487060547 299.849365234375 -1.8401819467544556
138.95098876953125 295.9936218261719 -1.8401819467544556
137.8864288330078 292.13787841796875 -1.8401819467544556
136.82186889648438 288.2821350097656 -1.8401819467544556
135.75730895996094 284.4263916015625 -1.8401819467544556
134.6927490234375 280.5706481933594 -1.8401819467544556
133.62818908691406 276.71490478515625 -1.8401819467544556
132.56362915039062 272.8591613769531 -1.8401819467544556
131.4990692138672 269.00341796875 -1.8401819467544556
130.43450927734375 265.1476745605469 -1.8401819467544556
129.3699493408203 261.29193115234375 -1.8401819467544556
128.30538940429688 257.4361877441406 -1.8401819467544556
127.24082946777344 253.5804443359375 -1.8401819467544556
126.17626953125 249.72470092773438 -1.8401819467544556
125.11170959472656 245.86895751953125 -1.8401819467544556
124.04714965820312 242.01321411132812 -1.8401819467544556
122.98258972167969 238.157470703125 -1.8401819467544556
122.98258972167969 238.157470703125 -2.2401819229125977
120.50057220458984 235.02066040039062 -2.2401819229125977
118.0185546875 231.88385009765625 -2.2401819229125977
115.53653717041016 228.74703979492188 -2.2401819229125977
113.05451965332031 225.6102294921875 -2.2401819229125977
110.57250213623047 222.47341918945312 -2.2401819229125977
108.09048461914062 219.33660888671875 -2.2401819229125977
105.60846710205078 216.19979858398438 -2.2401819229125977
103.12644958496094 213.06298828125 -2.2401819229125977
100.6444320678711 209.92617797851562 -2.2401819229125977
98.16241455078125 206.78936767578125 -2.2401819229125977
95.6803970336914 203.65255737304688 -2.2401819229125977
93.19837951660156 200.5157470703125 -2.2401819229125977
90.71636199951172 197.37893676757812 -2.2401819229125977
88.23434448242188 194.24212646484375 -2.2401819229125977
85.75232696533203 191.10531616210938 -2.2401819229125977
83.27030944824219 187.968505859375 -2.2401819229125977
80.78829193115234 184.83169555664062 -2.2401819229125977
78.3062744140625 181.69488525390625 -2.2401819229125977
75.82425689697266 178.55807495117188 -2.2401819229125977
73.34223937988281 175.4212646484375 -2.2401819229125977
70.86022186279297 172.28445434570312 -2.2401819229125977
68.37820434570312 169.14764404296875 -2.2401819229125977
65.89618682861328 166.01083374023438 -2.2401819229125977
63.41416931152344 162.8740234375 -2.2401819229125977
60.932151794433594 159.73721313476562 -2.2401819229125977
58.45013427734375 156.60040283203125 -2.2401819229125977
58.45013427734375 156.60040283203125 -2.6401820182800293
54.94251251220703 154.67774963378906 -2.6401820182800293
54.94251251220703 154.67774963378906 -2.6401820182800293
54.94251251220703 154.67774963378906 -2.6401820182800293
54.94251251220703 154.67774963378906 -2.6401820182800293
54.94251251220703 154.67774963378906 -2.6401820182800293
54.94251251220703 154.67774963378906 -2.6401820182800293
54.94251251220703 154.67774963378906 -2.6401820182800293
54.94251251220703 154.67774963378906 -2.6401820182800293
54.94251251220703 154.67774963378906 -2.6401820182800293
54.94251251220703 154.67774963378906 -2.6401820182800293
54.94251251220703 154.67774963378906 -2.6401820182800293
