-392.83861260070745
-395.6972973447963
-398.57562242630917
-401.47316538979356
-404.3895131339564
-407.324261745324
-410.2770163548833
-413.2473909909103
-416.23500842860443
-419.2395000371072
-422.2605056244355
-425.29767328082255
-428.3506592209188
-431.41912762526795
-434.50275048143925
-437.6012074251642
-440.7141855817944
-443.8413794083695
-446.9824905365546
-450.1372276166848
-453.3053061631269
-453.3053061631269
-457.1780909201267
-457.1780909201267
-461.1346171831792
-465.0918871558982
-469.0498820147429
-469.0498820147429
-469.0498820147429
-469.0498820147429
-469.9637905112748
-470.90990323931493
-470.90990323931493
-470.3007568493115
-469.7248841768804
-469.1824077421344
-468.6734435107279
-468.1981007730326
-467.7564820293999
-467.3486828817859
-466.9747919319994
-466.63489068682213
-466.32905347023467
-466.32905347023467
-466.32905347023467
-466.32905347023467
-462.50750892505226
-458.68900692240624
-454.8736240854846
-454.8736240854846
-450.89132123778353
-446.9093345776329
-442.92767263275414
-438.94634423957905
-434.9653585573119
-430.9847250827667
-427.00445366602696
-423.02455452698433
-419.04503827281144
-415.06591591643326
-411.0871988960619
-407.1088990958688
-403.1310288678699
-399.1536010551095
-395.17662901623225
-391.2001266515405
-387.2241084306437
-383.24858942181334
-379.27358532316686
-375.2991124958152
-371.32518799911855
-367.3518296282081
-363.3790559539453
-359.4068863655037
-355.4353411157771
-351.46444136983285
-347.49420925665174
-343.5246679244153
-339.55584159962723
-335.5877556503806
-331.62043665411386
-331.62043665411386
-328.17278886279723
-324.73780888317935
-324.73780888317935
-324.73780888317935
-324.73780888317935
-325.43969776981936
-326.18913117665363
-326.98578219557896
-327.82930659923437
-327.82930659923437
-327.82930659923437
-327.82930659923437
-331.7835352674984
-335.7388484871206
-339.69520837349154
-343.65257877681603
-347.6109251844588
-351.57021462977895
-355.53041560695766
-359.491497991367
-359.491497991367
-363.3573399985952
-367.22605576191506
-371.09755540406405
-374.97175269626956
-378.8485648780698
-382.7279124875197
-386.6097192011044
-390.4939116827301
-394.3804194412085
-398.2691746956926
-402.16011224855873
-406.0531693652685
-409.9482856607724
-413.84540299205185
-417.74446535642113
-421.6454187952375
-425.54821130269255
-429.45279273937865
-433.35911475034544
-437.2671306873811
-441.17679553526847
-445.0880658417857
-449.0008996512325
-452.91525644128103
-456.8310666270836
-460.7483532438285
-460.7483532438285
-464.0488072479355
-467.3601888037909
-470.6822672762915
-474.014817761151
-477.3576209353694
-477.3576209353694
-479.6002279303843
-481.86560248386695
-484.1534250047876
-486.4633787769186
-488.7951500359919
-491.14842801358606
-491.14842801358606
-491.14842801358606
-491.14842801358606
-491.14842801358606
-491.14842801358606
-491.14842801358606
-487.2263529241347
-483.3055553059745
-479.3860665313622
-475.46791896839807
-471.55114604971425
-467.6357823161002
-463.7218634622649
-459.80942638485794
-455.89850923287855
-451.98915146061
-448.08139388322724
-444.17527873523267
-440.2708497318892
-436.36815213382624
-432.4672328150109
-428.5681403342855
-424.67092501069
-420.77563900279995
-416.8823363923284
-412.9910732722568
-409.10190783977896
-405.21490049436204
-401.33011394125
-397.44761330075943
-393.56746622374106
-389.68974301361004
-385.81451675537505
-381.94186345213063
-378.0718621695097
-374.20459518863174
-370.34014816812265
-366.47861031582545
-362.6200745708689
-358.76463779681336
-354.91240098664787
-351.0634694804742
-347.21795319677943
-343.3759668782692
-339.5376303533142
-339.5376303533142
-336.45442665316074
-333.390701829439
-330.3469978392422
-327.32387318943023
-327.32387318943023
-327.32387318943023
-327.32387318943023
-327.32387318943023
-327.32387318943023
-327.32387318943023
-331.32275697876395
-335.321667127418
-339.3206027034546
-343.3195628183507
-347.3185466244989
-351.3175533128794
-355.31658211088956
-359.31563228031723
-363.3147031154489
-367.31379394130073
-371.3129041119644
-375.31203300905815
-379.31118004027616
-383.31034463802854
-387.30952625816553
-391.30872437877997
-395.3079384990824
-399.30716813834385
-403.3064128349013
-407.305672145222
-411.304945643022
-415.30423291843584
-419.3035335772339
-423.3028472400837
-427.3021735418528
-431.3015121309508
-435.3008626687072
-439.3002248287834
-443.2995982966165
-447.29898276889304
-451.29837795305036
-455.2977835668049
-459.2972295779611
-463.296685482022
-467.29615102497576
-467.29615102497576
-467.29615102497576
-467.29615102497576
-467.29615102497576
-467.26269634287956
-467.26348240735854
-467.2985090456188
-467.3677685592335
-467.47124573260004
-467.60891784964195
-467.78075471871443
-467.9867187056483
-468.22676477484896
-468.50084053834576
-468.80888631266777
-469.15083518340225
-469.52661307727436
-469.9361388415683
-470.3793243306934
-470.85607449968205
-471.3662875043921
-471.3662875043921
-471.3662875043921
-471.3662875043921
-471.3662875043921
-471.3662875043921
-467.5429800759805
-463.7226536213204
-459.9053824271732
-456.09124320686624
-452.28031519744496
-448.472680261385
-444.6684229931059
-440.8676308305431
-437.0703941720501
-433.27680649891875
-429.4869645038213
-425.7009682254984
-421.9189211900338
-418.14093055907847
-414.36710728540845
-410.59756627622295
-406.83242656461437
-403.0718114896679
-399.3158488856752
-395.564671280977
-391.8184161069798
-388.07722591792515
-384.341248622025
-380.6106377246137
-376.8855525840066
-373.16615868079714
-369.45262790136803
-365.74513883643965
-362.0438770955273
-358.34903563823224
-354.6608151233454
-350.9794242768022
-347.3050802795868
-347.3050802795868
-344.55510922331695
-341.82982315003363
-339.12981717431524
-336.45569990356154
-333.80809351709286
-331.1876338217458
-328.59497028163275
-328.59497028163275
-328.59497028163275
-329.0162286987969
-329.4855124945179
-330.00261678382986
-330.00261678382986
-330.00261678382986
-330.00261678382986
-330.00261678382986
-330.00261678382986
-333.3881562939037
-336.7871706221032
-340.199255878015
-343.6240226904817
-347.0610956384228
-350.5101127032092
-353.9707247420477
-357.4425949818023
-360.92539853265964
-364.41882192103327
-367.9225626410924
-371.43632872429623
-374.959838326318
-378.4928193307421
-382.0350089689284
-385.5861534554435
-389.1460076384705
-392.7143346646216
-396.2909056575895
-399.87549941008984
-403.46790208856163
-407.06790695010795
-410.6753140711753
-414.2899300874876
-417.91156794476564
-421.5400466597802
-425.1751910913042
-428.8168317205432
-432.46480444064156
-436.11895035487765
-439.77911558317356
-443.44515107656383
-447.11691243928016
-450.79425975812234
-454.47708793858226
-458.1652350552387
-461.8585736858616
-465.55698027511374
-469.26033499588993
-472.96852161624344
-476.6814273716598
-480.39894284244525
-484.1209618360094
-487.84738125297207
-487.84738125297207
-490.72547461207006
-493.6192005920463
-496.5282858760929
-496.5282858760929
-498.1622353739306
-499.822855635295
-501.50988172025035
-503.2230480568901
-504.96208859006816
-506.7267369261164
-508.5167264734804
-510.33179057921564
-512.1716626613008
-512.1716626613008
-512.1716626613008
-512.1716626613008
-512.1716626613008
-512.1716626613008
-512.1716626613008
-512.1716626613008
-509.2461468782346
-506.3353276590186
-503.4394599243818
-500.5588031695087
-497.69362151847884
-494.84418377709255
-492.01076348389506
-489.19363895919975
-486.3930933519026
-483.60941468386613
-480.84289589164234
-478.09383486529106
-475.36253448403966
-472.6493026485172
-469.9544523092846
-467.2783014242357
-464.6211731312931
-461.98339565969286
-459.36530235968263
-456.7672317079302
-454.1895273073019
-451.6325378806489
-449.0966172582268
-446.5821243583645
-444.0894231609871
-441.61888267358756
-439.17087688923374
-436.7457847361897
-434.3439900187211
-431.9658813486508
-429.61185206722524
-427.2823001568486
-424.9776281422401
-422.69824298057125
-422.69824298057125
-422.69824298057125
-422.69824298057125
-424.9616059546516
-427.2504269959483
-429.56430152442914
-431.9028257342075
-434.26560140919275
-436.65223486712466
-439.0623370532861
-441.495523623971
-443.95141502014303
-446.4296365317186
-448.9298183529019
-451.45159562899846
-453.99460849512303
-456.55850210721457
-459.1429266657594
-461.7475374326175
-464.3719947413346
-467.0159640013153
-469.67911569621833
-469.67911569621833
-473.3027583325193
-476.9324460116094
-480.56801308835935
-484.2093271307375
-487.8562594542996
-491.50868499825265
-495.166482206049
-495.166482206049
-495.166482206049
-495.166482206049
-495.166482206049
-495.166482206049
-495.166482206049
-493.57029367436667
-492.00144771921003
-490.4602067245694
-488.94683173666954
-487.4615822942948
-486.00471625581866
-484.5764896231048
-483.1771563624609
-481.8069682228432
-480.46617455152085
-479.1550221074261
-477.873754872429
-476.6226138607898
-475.4018369270564
-474.2116585726867
-473.05230975168917
-471.92401767558795
-470.8270056180295
-469.76149271936094
-468.72769379151816
-467.7258191235749
-466.75607428830943
-465.8186599501563
-464.91377167491584
-464.04159974159967
-463.2023289567973
-462.39613847194914
-461.623201603916
-460.8836856592347
-460.1777517624485
-459.50555468890025
-458.86724270237136
-458.2629573979452
-458.2629573979452
-458.2629573979452
-455.02148180052126
-455.02148180052126
-451.1264388135665
-447.2332487905291
-443.34196054660134
-439.4526246017076
-435.5652932544175
-431.68002065967363
-427.79686291056186
-427.79686291056186
-423.8462432661212
-419.89655882911677
-415.94783624068526
-412.00010315669334
-408.05338829617375
-404.10772149254217
-400.16313374778053
-396.2196572897895
-392.27732563312446
-388.33617364335055
-384.3962376052668
-380.45755529527196
-376.52016605816635
-372.5841108887059
-368.6494325182527
-364.7161755068948
-360.78438634143583
-356.85411353969397
-352.9254077615824
-348.9983219274867
-345.0729113444985
-341.1492338411133
-341.1492338411133
-337.8481977441427
-334.56241501319835
-331.29233950073944
-328.03844094281743
-324.80120552797655
-321.58113648124765
-318.3787546627857
-318.3787546627857
-318.3787546627857
-317.90665320027676
-317.90665320027676
-317.90665320027676
-317.90665320027676
-321.45470701343794
-321.45470701343794
-325.4429869603319
-329.4315513167134
-333.4203898757784
-337.4094929126949
-341.398851156523
-345.38845576407397
-349.378298295552
-353.3683706918402
-357.35866525330255
-361.3491746199847
-365.3398917531078
-369.33080991775773
-373.3219226666811
-377.3132238251052
-381.30470747650963
-385.2963679492778
-389.2881998041683
-393.28019782254603
-397.2723569953211
-401.2646725125461
-405.257139753626
-409.2497542780999
-413.24251181695524
-417.23540826443974
-421.2284396703375
-425.2216022326789
-429.2148922908572
-433.2083063191238
-437.20184092043974
-441.19549282066026
-445.1892588630314
-449.18313600297944
-453.17712130317557
-457.1712119288585
-461.1653749577638
-465.15963681127175
-465.15963681127175
-465.15963681127175
-465.15963681127175
-466.8196124774772
-466.8196124774772
-466.9640440050597
-467.14268281984516
-467.355489696346
-467.60241798468724
-467.8834136615303
-468.1984153888531
-468.5473545804364
-468.93015547589084
-469.3467352220392
-469.79700396145194
-470.2808649279193
-470.7982145486249
-471.34894255277595
-471.9329320864278
-472.55005983323235
-473.20019614082565
-473.883205152563
-474.5989449442994
-474.5989449442994
-474.5989449442994
-474.5989449442994
-474.5989449442994
-474.5989449442994
-470.71954983887775
-466.8421901290962
-462.96691695442837
-459.0937831530589
-455.2228433317347
-451.35415393902394
-447.4877733421742
-443.62376190777235
-439.7621820864234
-435.9030985016776
-432.04657809220447
-428.19269008270595
-424.3415061959011
-420.493100730807
-416.6475506769145
-412.80493583434327
-408.9653389403329
-405.1288458024525
-401.2955454389372
-397.46553022658674
-393.6388960566908
-389.81574249947823
-385.9961729776212
-382.18029494936115
-378.36822010186387
-374.5600645554531
-370.7559490794162
-366.955999320127
-363.1603460422795
-359.36912538408785
-355.58247912736243
-351.8005549834435
-348.0235068960391
-344.2514953620925
-340.4846877718835
-340.4846877718835
-337.5555089032582
-334.6485031967395
-331.76425351408585
-328.9033585185153
-328.9033585185153
-328.9033585185153
-328.95688534086196
-328.95688534086196
-328.95688534086196
-328.95688534086196
-328.95688534086196
-332.9521996987601
-336.94762506560727
-340.9431575387473
-344.9387933962445
-348.93452908654797
-352.930361218857
-356.9262865541326
-360.9223019967049
-364.91840458643145
-368.91459149136443
-372.91086000088825
-376.9072075192936
-380.90363155975496
-384.9001297386833
-388.8966997704261
-392.8933394622904
-396.8900467098667
-400.88681949263156
-404.88365586981075
-408.8805539764845
-412.877512019919
-416.8745282761083
-420.8716010865134
-424.8687288549849
-428.86591004485786
-432.86314317620696
-436.860426823253
-440.85775961190944
-444.85514021746155
-448.8525673623697
-452.8500398141882
-456.847556383594
-460.84511592251715
-464.8427173223685
-468.8403595123574
-468.8403595123574
-468.8403595123574
-468.8403595123574
-468.8403595123574
-468.60419548571247
-468.4020722816215
-468.234033983427
-468.1001172984675
-468.0003515180894
-467.9347584856693
-467.9033525727276
-467.90614066319444
-467.94312214586733
-467.94312214586733
-466.45010638811226
-466.45010638811226
-466.45010638811226
-462.7564344481457
-459.06789631256083
-455.38461673020834
-455.38461673020834
-451.3846386490763
-447.3846607628883
-443.38468307692045
-439.38470559664086
-435.3847283277186
-431.38475127603317
-427.3847744476839
-423.38479784900096
-419.38482148655567
-415.3848453671727
-411.38486949794213
-407.3848938862323
-403.3849185397041
-399.38494346632507
-395.3849686743854
-391.3849941725139
-387.38501996969615
-383.38504607529234
-379.3850724990576
-375.38509925116296
-371.38512634221735
-367.3851537832919
-363.3851815859453
-359.38520976225055
-355.38523832482446
-351.38526728685815
-347.3852966621505
-343.385326465143
-339.3853567109584
-335.3853874154405
-331.38541859519836
-331.38541859519836
-331.38541859519836
-328.6019020470275
-325.84371132544254
-323.11149500096246
-320.4059175533128
-320.4059175533128
-320.4059175533128
-320.67752926334174
-320.99875932476425
-321.3694589471281
-321.7894571645212
-322.2585612250511
-322.77655702634013
-323.34320959477685
-323.9582636060714
-324.6214439444894
-325.3324562979924
-326.0909877863852
-326.89670761947286
-327.74926942960127
-328.6483072149144
-329.59344065564363
-330.584274392517
-331.6203987881834
-331.6203987881834
-331.6203987881834
-331.6203987881834
-331.6203987881834
-331.6203987881834
-331.6203987881834
-333.4642898436564
-335.34575641405394
-337.2641696420976
-339.2189026857331
-341.2093313344929
-343.2348345894256
-345.29479520694866
-347.38860020712616
-349.51564134699913
-351.67531555970965
-353.86702536025916
-356.0901792188249
-358.34419190263304
-360.628484787443
-362.94248613975
-365.2856313708463
-367.65736326391277
-370.0571321753268
-372.484396211387
-374.9386213816542
-377.4192817301058
-377.4192817301058
-378.51781131246526
-378.51781131246526
-378.07292168027135
-377.66987524797094
-377.66987524797094
-377.66987524797094
-377.66987524797094
-373.82188765355744
-369.9771247081138
-366.1356879970331
-362.2976833243645
-358.463220928878
-354.6324157131902
-350.80538748685655
-346.9822612591117
-343.1631673824491
-339.3482419995846
-335.53762729274945
-331.7314718127795
-327.9299308292601
-324.13316670325366
-320.3413492842606
-316.5546563331956
-312.7732739733049
-308.99739717110566
-305.22723024959856
-301.46298743618667
-297.70489344793265
-293.95318411700345
-290.2081070593832
-286.46992239018994
-282.738903489205
-279.015337820522
-275.2995278105423
-271.59179178889156
-267.8924649972059
-264.20190067114066
-260.5204712013873
-256.84856937995187
-253.1866097384468
-249.53502998568095
-245.89429255240213
-242.264886251647
-238.64732806378981
-235.0421650560475
-231.44997644689434
-227.87137582655512
-224.3070135454793
-220.75757928343486
-217.22380481258895
-213.70646696864128
-210.206390844726
-206.7244532233619
-206.7244532233619
-206.7244532233619
-206.7244532233619
-206.7244532233619
-206.7244532233619
-206.7244532233619
-206.7244532233619
-206.7244532233619
-206.7244532233619
-206.7244532233619
