-392.83861260070745
-395.6972973447963
-398.57562242630917
-401.47316538979356
-404.3895131339564
-407.324261745324
-410.2770163548833
-413.2473909909103
-416.23500842860443
-419.2395000371072
-422.2605056244355
-425.29767328082255
-428.3506592209188
-431.41912762526795
-434.50275048143925
-437.6012074251642
-440.7141855817944
-443.8413794083695
-446.9824905365546
-450.1372276166848
-453.3053061631269
-456.4864484011485
-459.6803831154639
-462.8868455006061
-466.1055758558366
-469.33632403122084
-472.57884245426635
-475.8328905033011
-475.8328905033011
-477.9446785944005
-480.0805056191354
-482.24005217441885
-482.24005217441885
-482.9478005135024
-483.6875935027769
-484.4592843410267
-485.2627208512584
-486.097745622984
-486.9641961577489
-487.86190501761075
-488.79069997627437
-488.79069997627437
-488.1627342097353
-487.5667768169131
-487.5667768169131
-485.50350792591973
-483.4645284743469
-481.45014706538456
-479.46067373398535
-477.4964198163404
-475.5576978130071
-473.6447922741477
-471.75804670894945
-469.8977762321034
-468.06429651076604
-466.2579235952676
-464.4789737433033
-462.72776323763395
-461.00460819734235
-459.3098243827103
-457.64372699380135
-456.0066304628558
-454.3988482406264
-452.8206925768056
-451.2724742947188
-449.7545025604826
-448.26708464685026
-446.8105256919933
-445.38512845349265
-443.9911930578383
-442.62901674576295
-441.29889361376024
-440.00111435216456
-438.7359659801941
-437.50373157838465
-436.30469001886536
-435.13911569395236
-434.0072782435582
-432.9094422819367
-431.8458671243056
-430.81680651390457
-430.81680651390457
-430.81680651390457
-432.9015878363754
-435.01315924429855
-437.1511325253432
-439.3151222171953
-441.5047457698079
-443.71962369704875
-445.95937971801055
-445.95937971801055
-445.95937971801055
-449.88021749217916
-453.800737852732
-457.72093134023294
-461.6408238685899
-465.58052104504856
-469.5212379542712
-473.4629491340033
-477.4056299565896
-481.3492565953047
-485.2938059922884
-489.2392558279979
-493.1855844920951
-497.1327710556906
-501.0807952448726
-505.02963741545125
-508.97927852885556
-512.9297001291214
-516.8808843209146
-520.8328137485337
-524.7854715758458
-528.7388414671035
-532.6929075686018
-536.6476544911296
-540.6030672931803
-544.5591314648785
-548.5158329125921
-552.4731579441942
-556.4310932549424
-560.3896259139477
-564.3487433512031
-568.3084333451458
-572.2686840107274
-576.2294837879692
-580.1908214309781
-584.1526859974033
-588.1150668383123
-592.0779535884681
-592.0779535884681
-595.5207768650523
-598.9705238925343
-602.4270757261269
-605.890315903351
-605.890315903351
-608.3143661044645
-610.7549927844282
-613.2119980166353
-615.6851857162211
-618.174361655106
-620.6793334753419
-623.1999107008184
-625.7359047473926
-628.2871289314978
-630.853398477291
-633.4345305223953
-636.030344122294
-638.6406602534296
-641.2653018150646
-643.9040936299535
-646.5568624438802
-649.22343692411
-651.9036476568065
-654.5973060398964
-657.3042673917383
-660.0243680337493
-660.7113057340225
-662.5383913210082
-664.384534821365
-666.2495778096023
-666.6587588159779
-666.6587588159779
-666.6587588159779
-664.4401548183652
-662.2382789264184
-660.053298550333
-657.8853820311743
-655.7346986127941
-653.601418412398
-653.601418412398
-650.3288690603156
-647.0644957045273
-643.8084227120313
-640.5607766590672
-637.3216863709374
-634.0912829623493
-630.8696998782673
-627.6570729352665
-627.6570729352665
-623.7725722130674
-619.9077652382067
-616.0425217235639
-612.1768798303243
-608.2925743844086
-608.2925743844086
-604.342792029374
-600.4138304372564
-596.4868375838385
-592.5618525915364
-588.618775038425
-584.6764707920486
-580.7349556011254
-576.7942456416532
-572.8745238279589
-568.9368681904089
-565.0000883948063
-561.0642028775277
-557.1292305916829
-553.1951910251878
-549.2621042195937
-545.3299907897107
-541.3988719440634
-537.468769506221
-533.5397059370431
-529.611704357891
-525.7049412446012
-521.7806575094511
-517.8759792748623
-513.9756377460819
-510.05797460496177
-506.1617347651325
-502.2684602164918
-498.3580617746025
-494.46925647818824
-490.5836274551572
-486.6875728673588
-482.807364855121
-478.9305725806031
-475.0573009716128
-471.18765923171907
-467.3217586561871
-463.4596717442283
-459.6015386162402
-455.7474817462719
-451.89762658469266
-448.05205997435297
-444.21093714733996
-440.37437438250845
-436.54251399077447
-432.69541036689833
-428.8711922556656
-425.052048312125
-421.23813857259705
-417.4296281534545
-413.6266879906322
-409.8094349339036
-405.9957004352548
-402.1855845891335
-398.3992090660245
-394.59911053719793
-390.82295984018066
-387.0533966214461
-383.27076478692004
-379.49259046267264
-375.71900812090416
-371.9501575241088
-368.18618397847274
-364.42723860136635
-360.67347860380823
-356.9250675888334
-353.18217586676417
-349.4449807884463
-345.7335073253466
-342.0111540361875
-338.29513852308554
-334.5856719542128
-330.8829745865751
-327.18727623637454
-323.4988167771326
-319.81784666735143
-316.14462750960644
-312.479432643084
-308.82254777170834
-305.1742716301361
-301.5349166900388
-297.90480990924397
-294.284293526458
-294.284293526458
-290.2878751823936
-286.2915566781633
-282.2953422539199
-278.29923639324664
-274.30324384087265
-270.3073696219564
-266.31161906310314
-266.31161906310314
-266.31161906310314
-263.4089203603812
-260.53529527170696
-257.6917164339844
-254.8791894889697
-252.0987537253979
-249.35148265997358
-246.63848454578007
-243.9609027955801
-241.31991630637032
-238.7167396704225
-236.15262325691526
-233.6288531471497
-231.14675090527646
-228.70767316546903
-226.31301101559248
-223.9641891566774
-221.66266481695976
-219.40992639893787
-217.20749183787933
-215.0569066505447
-212.95974165363597
-212.95974165363597
-212.4229942524226
-211.9603863057125
-211.57240413695186
-211.57240413695186
-212.83526508726553
-214.1653985279165
-215.5615591376482
-215.5615591376482
-218.3515044005871
-221.1786001409867
-224.04143999901987
-226.93867123856046
-229.86900694422974
-232.83118440198086
-235.82400372530378
-238.84631306037556
-241.89700704749893
-244.97502525980184
-248.07935063209783
-251.20900789093153
-254.36306199515062
-257.5406165948423
-260.7408125151378
-263.9628262702097
-267.20586861174957
-270.46918311530834
-273.7520448070933
-277.05375883313224
-280.37365917213043
-283.7111073928416
-287.0654914563487
-290.4362245632895
-293.82274404575963
-297.2245103033773
-300.64100578278556
-304.0717339997049
-307.5162186025148
-310.97400247623926
-314.44464688573476
-317.92773065682195
-321.4228493940638
-324.9296147338702
-328.44765363160013
-331.97660768133323
-335.5161324669919
-339.0658969435149
-342.6255828468044
-346.1948841311994
-349.7735064332585
-353.3611665606718
-356.9575920051581
-360.5625204782424
-364.17569946884845
-367.79688582168154
-371.4258453354169
-375.06235237974903
-378.706189530397
-382.3571472212007
-386.0150234124792
-389.6796232748625
-393.35075888784127
-397.02824895231635
-400.7119185164628
-404.40159871425595
-408.09712651603894
-411.7983444905403
-415.5051005777804
-419.2172478723331
-422.9346444164333
-426.65715300245057
-430.3846409842691
-434.11698009713905
-437.8540462855876
-441.59571953899535
-445.34188373446824
-449.09242648664895
-452.8472390041345
-456.6061855682032
-460.3691945368241
-464.13616710151683
-467.90700753328446
-468.97041765543094
-472.2377205266223
-475.51622107301364
-478.8056892749355
-478.8056892749355
-478.8056892749355
-478.8056892749355
-477.90166022773076
-477.0294598384369
-476.1892630016289
-475.38123940819565
-474.9840674146672
-473.16179867821194
-471.3664300125044
-469.5982699507936
-469.5982699507936
-469.5982699507936
-465.7989371072985
-462.0029915829966
-458.2105176067753
-458.2105176067753
-454.2218677689255
-450.2334502302107
-446.24523988361636
-442.2572423344262
-438.2694633916386
-434.28190907729123
-430.29458563630203
-426.30749954685933
-422.32065753139807
-418.3340665682006
-414.3477339036638
-410.3616670652773
-406.3758738753618
-402.3903624656196
-398.405141292554
-394.4202191538176
-390.4356052055568
-386.4513089808233
-382.4673404091288
-378.4837098372286
-374.5004280512225
-370.5175063000731
-366.5349563206474
-362.5527903643984
-358.57102122581284
-354.5896622727623
-354.5896622727623
-354.1015162746414
-350.921685013084
-350.921685013084
-350.42212886247205
-350.42212886247205
-349.91087667518053
-349.91087667518053
-349.3894473344194
-345.8680449383173
-345.8680449383173
-345.33875255539846
-341.74385678447953
-338.13809271677536
-338.13809271677536
-337.60256918095837
-333.93148620811195
-333.93148620811195
-329.9314884985889
-325.93149098065385
-321.9314936614481
-317.9314965484725
-313.93149964961026
-309.93150297315134
-305.9315065278195
-301.9315103228006
-297.93151436777396
-293.9315186729456
-289.9513111059846
-285.9513403834107
-281.971159253802
-277.99021288225714
-273.9903620192508
-269.99051536165933
-265.9906730992
-261.9908354331757
-257.99100257737285
-253.99117475904444
-249.9913522199872
-245.99153521772396
-241.99172402680335
-237.9919189402304
-233.99212027104375
-229.99232835405797
-225.99254354779015
-221.99276623659526
-217.9929968330364
-213.99323578052088
-209.9934835562375
-205.99374067443594
-201.9940076900959
-197.99428520304087
-193.99457386256051
-189.9948743726172
-185.9951874977241
-181.99551406959807
-177.99585499470993
-173.99621126287528
-169.99658395705853
-165.99697426459363
-161.9973834900671
-157.9978130701573
-153.99826459078577
-149.99873980701219
-145.99924066619877
-141.99976933508836
-138.0003282315907
-134.00092006225938
-130.00154786668537
-126.00221507034286
-122.00292554782683
-118.00368369894652
-114.00449454083048
-110.00536382011684
-106.00629815053014
-102.00730518280885
-98.00839381621917
-94.00957446403162
-90.01085938973307
-86.01226313697998
-82.01380308526527
-78.01550017636906
-74.01737987612239
-70.01947346545938
-66.02181217272677
-62.024452496724486
-58.02745677024826
-54.030905764058836
-50.03490604471204
-46.03960115898805
-42.045189185104206
-38.05195131791131
-34.06030051756971
-30.070868799397935
-26.084674353171962
-22.10346870127918
-18.130538544202363
-14.172844948497984
-10.248055753288046
-9.141102043913763
-6.119134429352776
-4.829892887818673
-6.419652806619178
-9.544424378331403
-13.152191793623649
-16.937068192141666
-18.12243705177966
-22.122434325676164
-26.122431930197244
-26.122431930197244
-26.122431930197244
-26.122431930197244
-26.122431930197244
-26.122431930197244
-26.122431930197244
-26.122431930197244
-26.122431930197244
-26.122431930197244
-26.122431930197244
