61.78392791748047 451.5098876953125 0.6193792223930359
63.792850494384766 452.7041931152344 0.45336025953292847
65.97151947021484 453.55010986328125 0.28734129667282104
68.26002502441406 454.02435302734375 0.12132234871387482
70.5954360961914 454.1138610839844 -0.04469659924507141
72.91352844238281 453.8161926269531 -0.21071554720401764
75.15055847167969 453.1395568847656 -0.37673449516296387
77.24501037597656 452.1025390625 -0.5427534580230713
79.13928985595703 450.733642578125 -0.7087724208831787
80.78130340576172 449.0705261230469 -0.8747913837432861
83.34593200683594 446.0008850097656 -0.8747913837432861
85.91056060791016 442.9312438964844 -0.8747913837432861
88.47518920898438 439.8616027832031 -0.8747913837432861
91.0398178100586 436.7919616699219 -0.8747913837432861
93.60444641113281 433.7223205566406 -0.8747913837432861
96.16907501220703 430.6526794433594 -0.8747913837432861
98.73370361328125 427.5830383300781 -0.8747913837432861
101.29833221435547 424.5133972167969 -0.8747913837432861
103.86296081542969 421.4437561035156 -0.8747913837432861
106.4275894165039 418.3741149902344 -0.8747913837432861
108.99221801757812 415.3044738769531 -0.8747913837432861
111.55684661865234 412.2348327636719 -0.8747913837432861
114.12147521972656 409.1651916503906 -0.8747913837432861
116.68610382080078 406.0955505371094 -0.8747913837432861
119.250732421875 403.0259094238281 -0.8747913837432861
121.81536102294922 399.9562683105469 -0.8747913837432861
124.37998962402344 396.8866271972656 -0.8747913837432861
126.94461822509766 393.8169860839844 -0.8747913837432861
129.50924682617188 390.7473449707031 -0.8747913837432861
132.07386779785156 387.6777038574219 -0.8747913837432861
134.63848876953125 384.6080627441406 -0.8747913837432861
137.20310974121094 381.5384216308594 -0.8747913837432861
139.76773071289062 378.4687805175781 -0.8747913837432861
142.3323516845703 375.3991394042969 -0.8747913837432861
142.3323516845703 375.3991394042969 -1.2747913599014282
143.49916076660156 371.5730895996094 -1.2747913599014282
144.6659698486328 367.7470397949219 -1.2747913599014282
145.83277893066406 363.9209899902344 -1.2747913599014282
146.9995880126953 360.0949401855469 -1.2747913599014282
148.16639709472656 356.2688903808594 -1.2747913599014282
149.3332061767578 352.4428405761719 -1.2747913599014282
150.50001525878906 348.6167907714844 -1.2747913599014282
151.6668243408203 344.7907409667969 -1.2747913599014282
152.83363342285156 340.9646911621094 -1.2747913599014282
154.0004425048828 337.1386413574219 -1.2747913599014282
155.16725158691406 333.3125915527344 -1.2747913599014282
155.16725158691406 333.3125915527344 -1.6747913360595703
154.75201416015625 329.3341979980469 -1.6747913360595703
154.33677673339844 325.3558044433594 -1.6747913360595703
153.92153930664062 321.3774108886719 -1.6747913360595703
153.5063018798828 317.3990173339844 -1.6747913360595703
153.091064453125 313.4206237792969 -1.6747913360595703
152.6758270263672 309.4422302246094 -1.6747913360595703
152.26058959960938 305.4638366699219 -1.6747913360595703
151.84535217285156 301.4854431152344 -1.6747913360595703
151.43011474609375 297.5070495605469 -1.6747913360595703
151.01487731933594 293.5286560058594 -1.6747913360595703
150.59963989257812 289.5502624511719 -1.6747913360595703
150.1844024658203 285.5718688964844 -1.6747913360595703
149.7691650390625 281.5934753417969 -1.6747913360595703
149.3539276123047 277.6150817871094 -1.6747913360595703
148.93869018554688 273.6366882324219 -1.6747913360595703
148.52345275878906 269.6582946777344 -1.6747913360595703
148.10821533203125 265.6799011230469 -1.6747913360595703
147.69297790527344 261.7015075683594 -1.6747913360595703
147.27774047851562 257.7231140136719 -1.6747913360595703
146.8625030517578 253.74472045898438 -1.6747913360595703
146.447265625 249.76632690429688 -1.6747913360595703
146.0320281982422 245.78793334960938 -1.6747913360595703
145.61679077148438 241.80953979492188 -1.6747913360595703
145.20155334472656 237.83114624023438 -1.6747913360595703
144.78631591796875 233.85275268554688 -1.6747913360595703
144.37107849121094 229.87435913085938 -1.6747913360595703
143.95584106445312 225.89596557617188 -1.6747913360595703
143.5406036376953 221.91757202148438 -1.6747913360595703
143.1253662109375 217.93917846679688 -1.6747913360595703
142.7101287841797 213.96078491210938 -1.6747913360595703
142.29489135742188 209.98239135742188 -1.6747913360595703
141.87965393066406 206.00399780273438 -1.6747913360595703
141.46441650390625 202.02560424804688 -1.6747913360595703
141.04917907714844 198.04721069335938 -1.6747913360595703
140.63394165039062 194.06881713867188 -1.6747913360595703
140.2187042236328 190.09042358398438 -1.6747913360595703
139.803466796875 186.11203002929688 -1.6747913360595703
139.803466796875 186.11203002929688 -2.074791431427002
137.8717498779297 182.60939025878906 -2.074791431427002
135.94003295898438 179.10675048828125 -2.074791431427002
134.00831604003906 175.60411071777344 -2.074791431427002
134.00831604003906 175.60411071777344 -2.4747915267944336
134.00831604003906 175.60411071777344 -2.8747916221618652
130.14984130859375 174.54953002929688 -2.8747916221618652
126.29136657714844 173.4949493408203 -2.8747916221618652
122.43289184570312 172.44036865234375 -2.8747916221618652
118.57441711425781 171.3857879638672 -2.8747916221618652
114.7159423828125 170.33120727539062 -2.8747916221618652
110.85746765136719 169.27662658691406 -2.8747916221618652
106.99899291992188 168.2220458984375 -2.8747916221618652
103.14051818847656 167.16746520996094 -2.8747916221618652
99.28204345703125 166.11288452148438 -2.8747916221618652
95.42356872558594 165.0583038330078 -2.8747916221618652
91.56509399414062 164.00372314453125 -2.8747916221618652
87.70661926269531 162.9491424560547 -2.8747916221618652
83.84814453125 161.89456176757812 -2.8747916221618652
79.98966979980469 160.83998107910156 -2.8747916221618652
76.13119506835938 159.785400390625 -2.8747916221618652
72.27272033691406 158.73081970214844 -2.8747916221618652
68.41424560546875 157.67623901367188 -2.8747916221618652
64.55577087402344 156.6216583251953 -2.8747916221618652
60.69729232788086 155.56707763671875 -2.8747916221618652
56.83881378173828 154.5124969482422 -2.8747916221618652
56.83881378173828 154.5124969482422 -2.8747916221618652
56.83881378173828 154.5124969482422 -2.8747916221618652
56.83881378173828 154.5124969482422 -2.8747916221618652
56.83881378173828 154.5124969482422 -2.8747916221618652
56.83881378173828 154.5124969482422 -2.8747916221618652
56.83881378173828 154.5124969482422 -2.8747916221618652
56.83881378173828 154.5124969482422 -2.8747916221618652
56.83881378173828 154.5124969482422 -2.8747916221618652
56.83881378173828 154.5124969482422 -2.8747916221618652
56.83881378173828 154.5124969482422 -2.8747916221618652
