62.828426361083984 452.82843017578125 0.7853981852531433
65.65685272216797 455.6568603515625 0.7853981852531433
68.48528289794922 458.48529052734375 0.7853981852531433
71.31371307373047 461.313720703125 0.7853981852531433
74.14214324951172 464.14215087890625 0.7853981852531433
76.97057342529297 466.9705810546875 0.7853981852531433
79.79900360107422 469.79901123046875 0.7853981852531433
82.62743377685547 472.62744140625 0.7853981852531433
85.45586395263672 475.45587158203125 0.7853981852531433
88.28429412841797 478.2843017578125 0.7853981852531433
91.11272430419922 481.11273193359375 0.7853981852531433
93.94115447998047 483.941162109375 0.7853981852531433
96.76958465576172 486.76959228515625 0.7853981852531433
99.59801483154297 489.5980224609375 0.7853981852531433
102.42644500732422 492.42645263671875 0.7853981852531433
102.42644500732422 492.42645263671875 0.38539817929267883
106.13304138183594 493.93017578125 0.38539817929267883
109.83963775634766 495.43389892578125 0.38539817929267883
113.54623413085938 496.9376220703125 0.38539817929267883
117.2528305053711 498.44134521484375 0.38539817929267883
120.95942687988281 499.945068359375 0.38539817929267883
120.95942687988281 499.945068359375 -0.014601826667785645
120.95942687988281 499.945068359375 -0.4146018326282501
124.62053680419922 498.3337707519531 -0.4146018326282501
128.28164672851562 496.72247314453125 -0.4146018326282501
131.9427490234375 495.1111755371094 -0.4146018326282501
135.60385131835938 493.4998779296875 -0.4146018326282501
139.26495361328125 491.8885803222656 -0.4146018326282501
139.26495361328125 491.8885803222656 -0.8146018385887146
139.26495361328125 491.8885803222656 -1.2146018743515015
139.26495361328125 491.8885803222656 -1.6146018505096436
139.08978271484375 487.8924255371094 -1.6146018505096436
138.91461181640625 483.8962707519531 -1.6146018505096436
138.73944091796875 479.9001159667969 -1.6146018505096436
138.56427001953125 475.9039611816406 -1.6146018505096436
138.38909912109375 471.9078063964844 -1.6146018505096436
138.21392822265625 467.9116516113281 -1.6146018505096436
138.03875732421875 463.9154968261719 -1.6146018505096436
137.86358642578125 459.9193420410156 -1.6146018505096436
137.68841552734375 455.9231872558594 -1.6146018505096436
137.51324462890625 451.9270324707031 -1.6146018505096436
137.33807373046875 447.9308776855469 -1.6146018505096436
137.16290283203125 443.9347229003906 -1.6146018505096436
136.98773193359375 439.9385681152344 -1.6146018505096436
136.81256103515625 435.9424133300781 -1.6146018505096436
136.63739013671875 431.9462585449219 -1.6146018505096436
136.46221923828125 427.9501037597656 -1.6146018505096436
136.28704833984375 423.9539489746094 -1.6146018505096436
136.11187744140625 419.9577941894531 -1.6146018505096436
135.93670654296875 415.9616394042969 -1.6146018505096436
135.76153564453125 411.9654846191406 -1.6146018505096436
135.58636474609375 407.9693298339844 -1.6146018505096436
135.41119384765625 403.9731750488281 -1.6146018505096436
135.23602294921875 399.9770202636719 -1.6146018505096436
135.06085205078125 395.9808654785156 -1.6146018505096436
134.88568115234375 391.9847106933594 -1.6146018505096436
134.71051025390625 387.9885559082031 -1.6146018505096436
134.53533935546875 383.9924011230469 -1.6146018505096436
134.36016845703125 379.9962463378906 -1.6146018505096436
134.18499755859375 376.0000915527344 -1.6146018505096436
134.00982666015625 372.0039367675781 -1.6146018505096436
133.83465576171875 368.0077819824219 -1.6146018505096436
133.65948486328125 364.0116271972656 -1.6146018505096436
133.48431396484375 360.0154724121094 -1.6146018505096436
133.30914306640625 356.0193176269531 -1.6146018505096436
133.13397216796875 352.0231628417969 -1.6146018505096436
132.95880126953125 348.0270080566406 -1.6146018505096436
132.90371704101562 347.7935791015625 -1.9904757738113403
131.2738494873047 344.14068603515625 -1.9904757738113403
129.64398193359375 340.48779296875 -1.9904757738113403
128.0141143798828 336.83489990234375 -1.9904757738113403
126.38424682617188 333.1820068359375 -1.9904757738113403
124.75437927246094 329.52911376953125 -1.9904757738113403
123.12451171875 325.876220703125 -1.9904757738113403
121.49464416503906 322.22332763671875 -1.9904757738113403
119.86477661132812 318.5704345703125 -1.9904757738113403
118.23490905761719 314.91754150390625 -1.9904757738113403
116.60504150390625 311.2646484375 -1.9904757738113403
114.97517395019531 307.61175537109375 -1.9904757738113403
113.34530639648438 303.9588623046875 -1.9904757738113403
111.71543884277344 300.30596923828125 -1.9904757738113403
110.0855712890625 296.653076171875 -1.9904757738113403
108.45570373535156 293.00018310546875 -1.9904757738113403
106.82583618164062 289.3472900390625 -1.9904757738113403
106.82583618164062 289.3472900390625 -2.3904757499694824
103.90213012695312 286.6174621582031 -2.3904757499694824
100.97842407226562 283.88763427734375 -2.3904757499694824
98.05471801757812 281.1578063964844 -2.3904757499694824
95.13101196289062 278.427978515625 -2.3904757499694824
92.20730590820312 275.6981506347656 -2.3904757499694824
89.28359985351562 272.96832275390625 -2.3904757499694824
86.35989379882812 270.2384948730469 -2.3904757499694824
83.43618774414062 267.5086669921875 -2.3904757499694824
80.51248168945312 264.7788391113281 -2.3904757499694824
77.58877563476562 262.04901123046875 -2.3904757499694824
74.66506958007812 259.3191833496094 -2.3904757499694824
71.74136352539062 256.58935546875 -2.3904757499694824
68.81765747070312 253.85952758789062 -2.3904757499694824
65.89395141601562 251.12969970703125 -2.3904757499694824
65.89395141601562 251.12969970703125 -2.790475845336914
65.89395141601562 251.12969970703125 3.0927093029022217
65.89395141601562 251.12969970703125 2.69270920753479
65.89395141601562 251.12969970703125 2.2927091121673584
65.89395141601562 251.12969970703125 1.8927091360092163
65.89395141601562 251.12969970703125 1.4927091598510742
65.89395141601562 251.12969970703125 1.0927091836929321
67.7342758178711 254.68121337890625 1.0927091836929321
69.57460021972656 258.23272705078125 1.0927091836929321
71.41492462158203 261.78424072265625 1.0927091836929321
73.2552490234375 265.33575439453125 1.0927091836929321
75.09557342529297 268.88726806640625 1.0927091836929321
76.93589782714844 272.43878173828125 1.0927091836929321
78.7762222290039 275.99029541015625 1.0927091836929321
80.61654663085938 279.54180908203125 1.0927091836929321
82.45687103271484 283.09332275390625 1.0927091836929321
84.29719543457031 286.64483642578125 1.0927091836929321
84.29719543457031 286.64483642578125 0.69270920753479
87.3752670288086 289.1993408203125 0.69270920753479
90.45333862304688 291.75384521484375 0.69270920753479
93.53141021728516 294.308349609375 0.69270920753479
96.60948181152344 296.86285400390625 0.69270920753479
99.68755340576172 299.4173583984375 0.69270920753479
102.765625 301.97186279296875 0.69270920753479
102.97555541992188 302.0878601074219 0.31683531403541565
102.97555541992188 302.0878601074219 -0.08316469192504883
102.97555541992188 302.0878601074219 -0.4831646978855133
102.97555541992188 302.0878601074219 -0.8831647038459778
105.51438903808594 298.9968566894531 -0.8831647038459778
108.05322265625 295.9058532714844 -0.8831647038459778
110.59205627441406 292.8148498535156 -0.8831647038459778
110.59205627441406 292.8148498535156 -1.2831647396087646
111.7267837524414 288.97918701171875 -1.2831647396087646
112.86151123046875 285.1435241699219 -1.2831647396087646
113.9962387084961 281.307861328125 -1.2831647396087646
115.13096618652344 277.4721984863281 -1.2831647396087646
116.26569366455078 273.63653564453125 -1.2831647396087646
117.40042114257812 269.8008728027344 -1.2831647396087646
118.53514862060547 265.9652099609375 -1.2831647396087646
119.66987609863281 262.1295471191406 -1.2831647396087646
120.80460357666016 258.29388427734375 -1.2831647396087646
121.9393310546875 254.4582061767578 -1.2831647396087646
123.07405853271484 250.62252807617188 -1.2831647396087646
124.20878601074219 246.78684997558594 -1.2831647396087646
125.34351348876953 242.951171875 -1.2831647396087646
126.47824096679688 239.11549377441406 -1.2831647396087646
127.61296844482422 235.27981567382812 -1.2831647396087646
128.74769592285156 231.4441375732422 -1.2831647396087646
129.88243103027344 227.60845947265625 -1.2831647396087646
131.0171661376953 223.7727813720703 -1.2831647396087646
132.1519012451172 219.93710327148438 -1.2831647396087646
133.28663635253906 216.10142517089844 -1.2831647396087646
134.42137145996094 212.2657470703125 -1.2831647396087646
134.42137145996094 212.2657470703125 -1.6831647157669067
134.42137145996094 212.2657470703125 -2.083164691925049
134.42137145996094 212.2657470703125 -2.4831647872924805
131.25755310058594 209.81825256347656 -2.4831647872924805
128.09373474121094 207.37075805664062 -2.4831647872924805
124.92991638183594 204.9232635498047 -2.4831647872924805
121.76609802246094 202.47576904296875 -2.4831647872924805
118.60227966308594 200.0282745361328 -2.4831647872924805
115.43846130371094 197.58078002929688 -2.4831647872924805
112.27464294433594 195.13328552246094 -2.4831647872924805
109.11082458496094 192.685791015625 -2.4831647872924805
109.11082458496094 192.685791015625 -2.883164882659912
105.24365234375 191.66354370117188 -2.883164882659912
101.37648010253906 190.64129638671875 -2.883164882659912
97.50930786132812 189.61904907226562 -2.883164882659912
93.64213562011719 188.5968017578125 -2.883164882659912
89.77496337890625 187.57455444335938 -2.883164882659912
85.90779113769531 186.55230712890625 -2.883164882659912
82.04061889648438 185.53005981445312 -2.883164882659912
78.17344665527344 184.5078125 -2.883164882659912
74.3062744140625 183.48556518554688 -2.883164882659912
70.43910217285156 182.46331787109375 -2.883164882659912
66.57192993164062 181.44107055664062 -2.883164882659912
66.57192993164062 181.44107055664062 3.0000202655792236
66.57192993164062 181.44107055664062 2.600020170211792
66.57192993164062 181.44107055664062 2.2000200748443604
66.57192993164062 181.44107055664062 1.8000200986862183
66.57192993164062 181.44107055664062 1.4000201225280762
67.25171661376953 185.3828887939453 1.4000201225280762
67.93150329589844 189.32470703125 1.4000201225280762
68.61128997802734 193.2665252685547 1.4000201225280762
69.29107666015625 197.20834350585938 1.4000201225280762
69.97086334228516 201.15016174316406 1.4000201225280762
70.65065002441406 205.09197998046875 1.4000201225280762
71.33043670654297 209.03379821777344 1.4000201225280762
72.01022338867188 212.97561645507812 1.4000201225280762
72.69001007080078 216.9174346923828 1.4000201225280762
73.36979675292969 220.8592529296875 1.4000201225280762
74.0495834350586 224.8010711669922 1.4000201225280762
74.7293701171875 228.74288940429688 1.4000201225280762
75.4091567993164 232.68470764160156 1.4000201225280762
76.08894348144531 236.62652587890625 1.4000201225280762
76.08894348144531 236.62652587890625 1.000020146369934
78.25008392333984 239.99244689941406 1.000020146369934
80.41122436523438 243.35836791992188 1.000020146369934
82.5723648071289 246.7242889404297 1.000020146369934
84.73350524902344 250.0902099609375 1.000020146369934
86.89464569091797 253.4561309814453 1.000020146369934
89.0557861328125 256.8220520019531 1.000020146369934
89.22079467773438 256.9961242675781 0.6241462230682373
89.43817901611328 257.09747314453125 0.24827232956886292
89.43817901611328 257.09747314453125 -0.15172767639160156
89.43817901611328 257.09747314453125 -0.5517276525497437
89.43817901611328 257.09747314453125 -0.9517276287078857
89.43817901611328 257.09747314453125 -1.3517276048660278
89.43817901611328 257.09747314453125 -1.75172758102417
88.71839904785156 253.1627655029297 -1.75172758102417
87.99861907958984 249.22805786132812 -1.75172758102417
87.27883911132812 245.29335021972656 -1.75172758102417
86.5590591430664 241.358642578125 -1.75172758102417
85.83927917480469 237.42393493652344 -1.75172758102417
85.83927917480469 237.42393493652344 -2.1517276763916016
85.83927917480469 237.42393493652344 -2.551727771759033
82.51521301269531 235.19894409179688 -2.551727771759033
79.19114685058594 232.9739532470703 -2.551727771759033
75.86708068847656 230.74896240234375 -2.551727771759033
75.86708068847656 230.74896240234375 -2.951727867126465
75.86708068847656 230.74896240234375 2.931457281112671
75.86708068847656 230.74896240234375 2.5314571857452393
75.86708068847656 230.74896240234375 2.1314570903778076
75.86708068847656 230.74896240234375 1.7314571142196655
75.86708068847656 230.74896240234375 1.3314571380615234
76.81532287597656 234.63494873046875 1.3314571380615234
77.76356506347656 238.52093505859375 1.3314571380615234
78.71180725097656 242.40692138671875 1.3314571380615234
79.66004943847656 246.29290771484375 1.3314571380615234
80.60829162597656 250.17889404296875 1.3314571380615234
81.55653381347656 254.06488037109375 1.3314571380615234
81.55653381347656 254.06488037109375 0.9314571619033813
83.94319152832031 257.27484130859375 0.9314571619033813
86.32984924316406 260.48480224609375 0.9314571619033813
88.71650695800781 263.69476318359375 0.9314571619033813
88.89305114746094 263.85711669921875 0.5555832386016846
89.11686706542969 263.9433288574219 0.17970934510231018
93.05245208740234 264.6582946777344 0.17970934510231018
93.05245208740234 264.6582946777344 -0.2202906608581543
93.05245208740234 264.6582946777344 -0.6202906370162964
93.05245208740234 264.6582946777344 -1.0202906131744385
93.05245208740234 264.6582946777344 -1.4202905893325806
93.05245208740234 264.6582946777344 -1.8202905654907227
92.0647964477539 260.7821350097656 -1.8202905654907227
91.07714080810547 256.9059753417969 -1.8202905654907227
90.08948516845703 253.0298309326172 -1.8202905654907227
89.1018295288086 249.1536865234375 -1.8202905654907227
88.11417388916016 245.2775421142578 -1.8202905654907227
87.12651824951172 241.40139770507812 -1.8202905654907227
86.13886260986328 237.52525329589844 -1.8202905654907227
85.15120697021484 233.64910888671875 -1.8202905654907227
84.1635513305664 229.77296447753906 -1.8202905654907227
83.17589569091797 225.89682006835938 -1.8202905654907227
83.17589569091797 225.89682006835938 -2.2202906608581543
82.99771118164062 225.7362823486328 -2.5961644649505615
82.99771118164062 225.7362823486328 -2.996164560317993
82.99771118164062 225.7362823486328 2.8870205879211426
82.99771118164062 225.7362823486328 2.487020492553711
82.99771118164062 225.7362823486328 2.0870203971862793
82.99771118164062 225.7362823486328 1.6870204210281372
82.99771118164062 225.7362823486328 1.2870204448699951
84.11763763427734 229.57630920410156 1.2870204448699951
85.23756408691406 233.4163360595703 1.2870204448699951
86.35749053955078 237.25636291503906 1.2870204448699951
87.4774169921875 241.0963897705078 1.2870204448699951
88.59734344482422 244.93641662597656 1.2870204448699951
89.71726989746094 248.7764434814453 1.2870204448699951
90.83719635009766 252.61647033691406 1.2870204448699951
91.95712280273438 256.45648193359375 1.2870204448699951
93.0770492553711 260.2965087890625 1.2870204448699951
94.19697570800781 264.13653564453125 1.2870204448699951
95.31690216064453 267.9765625 1.2870204448699951
96.43682861328125 271.81658935546875 1.2870204448699951
97.55675506591797 275.6566162109375 1.2870204448699951
98.67668151855469 279.49664306640625 1.2870204448699951
99.7966079711914 283.336669921875 1.2870204448699951
100.91653442382812 287.17669677734375 1.2870204448699951
102.03646087646484 291.0167236328125 1.2870204448699951
103.15638732910156 294.85675048828125 1.2870204448699951
104.27631378173828 298.69677734375 1.2870204448699951
105.396240234375 302.53680419921875 1.2870204448699951
106.42678833007812 305.6479187011719 1.2148268222808838
107.69635772705078 308.7517395019531 1.1502296924591064
109.16363525390625 311.76715087890625 1.085632562637329
110.82250213623047 314.6815490722656 1.0210354328155518
112.66604614257812 317.4827880859375 0.9564383029937744
114.68656921386719 320.1591796875 0.8918411731719971
114.68656921386719 320.1591796875 0.4918411672115326
114.68656921386719 320.1591796875 0.09184116125106812
114.68656921386719 320.1591796875 -0.30815884470939636
114.68656921386719 320.1591796875 -0.7081588506698608
114.68656921386719 320.1591796875 -1.108158826828003
116.47180938720703 316.57965087890625 -1.108158826828003
118.25704956054688 313.0001220703125 -1.108158826828003
120.04228973388672 309.42059326171875 -1.108158826828003
121.82752990722656 305.841064453125 -1.108158826828003
123.6127700805664 302.26153564453125 -1.108158826828003
125.39801025390625 298.6820068359375 -1.108158826828003
127.1832504272461 295.10247802734375 -1.108158826828003
128.96849060058594 291.52294921875 -1.108158826828003
130.75372314453125 287.94342041015625 -1.108158826828003
132.53895568847656 284.3638916015625 -1.108158826828003
134.32418823242188 280.78436279296875 -1.108158826828003
134.32418823242188 280.78436279296875 -1.508158802986145
134.57456970214844 276.7922058105469 -1.508158802986145
134.824951171875 272.800048828125 -1.508158802986145
135.07533264160156 268.8078918457031 -1.508158802986145
135.32571411132812 264.81573486328125 -1.508158802986145
135.5760955810547 260.8235778808594 -1.508158802986145
135.82647705078125 256.8314208984375 -1.508158802986145
136.0768585205078 252.83926391601562 -1.508158802986145
136.32723999023438 248.84710693359375 -1.508158802986145
136.57762145996094 244.85494995117188 -1.508158802986145
136.8280029296875 240.86279296875 -1.508158802986145
137.07838439941406 236.87063598632812 -1.508158802986145
137.32876586914062 232.87847900390625 -1.508158802986145
137.5791473388672 228.88632202148438 -1.508158802986145
137.82952880859375 224.8941650390625 -1.508158802986145
137.82952880859375 224.8941650390625 -1.908158779144287
137.82952880859375 224.8941650390625 -2.3081588745117188
137.82952880859375 224.8941650390625 -2.7081589698791504
137.82952880859375 224.8941650390625 -3.108159065246582
133.83175659179688 224.7604522705078 -3.108159065246582
129.833984375 224.62673950195312 -3.108159065246582
125.83621978759766 224.49302673339844 -3.108159065246582
121.83845520019531 224.35931396484375 -3.108159065246582
121.83845520019531 224.35931396484375 2.7750260829925537
121.83845520019531 224.35931396484375 2.375025987625122
121.83845520019531 224.35931396484375 1.97502601146698
121.83845520019531 224.35931396484375 1.575026035308838
121.88227081298828 224.59512329101562 1.1991521120071411
123.3348617553711 228.32205200195312 1.1991521120071411
124.7874526977539 232.04898071289062 1.1991521120071411
126.24004364013672 235.77590942382812 1.1991521120071411
127.69263458251953 239.50283813476562 1.1991521120071411
129.14523315429688 243.22976684570312 1.1991521120071411
130.5978240966797 246.95669555664062 1.1991521120071411
132.0504150390625 250.68362426757812 1.1991521120071411
133.5030059814453 254.41055297851562 1.1991521120071411
134.95559692382812 258.1374816894531 1.1991521120071411
136.40818786621094 261.8644104003906 1.1991521120071411
137.86077880859375 265.5913391113281 1.1991521120071411
139.31336975097656 269.3182678222656 1.1991521120071411
140.76596069335938 273.0451965332031 1.1991521120071411
140.76596069335938 273.0451965332031 0.799152135848999
140.76596069335938 273.0451965332031 0.39915212988853455
140.76596069335938 273.0451965332031 -0.0008478760719299316
144.76596069335938 273.04180908203125 -0.0008478760719299316
144.76596069335938 273.04180908203125 -0.4008478820323944
144.76596069335938 273.04180908203125 -0.8008478879928589
144.76596069335938 273.04180908203125 -1.200847864151001
144.76596069335938 273.04180908203125 -1.600847840309143
144.64576721191406 269.0436096191406 -1.600847840309143
144.52557373046875 265.04541015625 -1.600847840309143
144.40538024902344 261.0472106933594 -1.600847840309143
144.28518676757812 257.04901123046875 -1.600847840309143
144.1649932861328 253.05081176757812 -1.600847840309143
144.0447998046875 249.0526123046875 -1.600847840309143
143.9246063232422 245.05441284179688 -1.600847840309143
143.80441284179688 241.05621337890625 -1.600847840309143
143.68421936035156 237.05801391601562 -1.600847840309143
143.56402587890625 233.059814453125 -1.600847840309143
143.44383239746094 229.06161499023438 -1.600847840309143
143.32363891601562 225.06341552734375 -1.600847840309143
143.2034454345703 221.06521606445312 -1.600847840309143
143.2034454345703 221.06521606445312 -2.000847816467285
143.2034454345703 221.06521606445312 -2.400847911834717
143.2034454345703 221.06521606445312 -2.8008480072021484
143.2034454345703 221.06521606445312 3.0823371410369873
139.21046447753906 221.30209350585938 3.0823371410369873
135.2174835205078 221.53897094726562 3.0823371410369873
131.22450256347656 221.77584838867188 3.0823371410369873
127.23152160644531 222.01272583007812 3.0823371410369873
123.23854064941406 222.24960327148438 3.0823371410369873
119.24555969238281 222.48648071289062 3.0823371410369873
119.24555969238281 222.48648071289062 2.6823370456695557
119.24555969238281 222.48648071289062 2.282336950302124
119.24555969238281 222.48648071289062 1.882336974143982
119.24555969238281 222.48648071289062 1.4823369979858398
119.3110122680664 222.71722412109375 1.106463074684143
121.1023178100586 226.293701171875 1.106463074684143
122.89362335205078 229.87017822265625 1.106463074684143
124.68492889404297 233.4466552734375 1.106463074684143
126.47623443603516 237.02313232421875 1.106463074684143
128.26754760742188 240.599609375 1.106463074684143
130.05885314941406 244.17608642578125 1.106463074684143
131.85015869140625 247.7525634765625 1.106463074684143
131.85015869140625 247.7525634765625 0.706463098526001
131.85015869140625 247.7525634765625 0.3064630925655365
131.85015869140625 247.7525634765625 -0.09353691339492798
131.85015869140625 247.7525634765625 -0.49353691935539246
131.85015869140625 247.7525634765625 -0.8935369253158569
131.85015869140625 247.7525634765625 -1.293536901473999
132.94503784179688 243.9053192138672 -1.293536901473999
134.0399169921875 240.05807495117188 -1.293536901473999
135.13479614257812 236.21083068847656 -1.293536901473999
136.22967529296875 232.36358642578125 -1.293536901473999
137.32455444335938 228.51634216308594 -1.293536901473999
138.41943359375 224.66909790039062 -1.293536901473999
139.51431274414062 220.8218536376953 -1.293536901473999
140.60919189453125 216.974609375 -1.293536901473999
141.70407104492188 213.1273651123047 -1.293536901473999
142.7989501953125 209.28012084960938 -1.293536901473999
143.89382934570312 205.43287658691406 -1.293536901473999
144.98870849609375 201.58563232421875 -1.293536901473999
146.08358764648438 197.73838806152344 -1.293536901473999
147.178466796875 193.89114379882812 -1.293536901473999
148.27334594726562 190.0438995361328 -1.293536901473999
149.36822509765625 186.1966552734375 -1.293536901473999
150.46310424804688 182.3494110107422 -1.293536901473999
151.5579833984375 178.50216674804688 -1.293536901473999
151.5579833984375 178.50216674804688 -1.6935368776321411
151.5579833984375 178.50216674804688 -2.093536853790283
151.5579833984375 178.50216674804688 -2.493536949157715
151.5579833984375 178.50216674804688 -2.8935370445251465
147.680419921875 177.5200958251953 -2.8935370445251465
143.8028564453125 176.53802490234375 -2.8935370445251465
139.92529296875 175.5559539794922 -2.8935370445251465
136.0477294921875 174.57388305664062 -2.8935370445251465
132.170166015625 173.59181213378906 -2.8935370445251465
128.2926025390625 172.6097412109375 -2.8935370445251465
124.4150390625 171.62767028808594 -2.8935370445251465
120.5374755859375 170.64559936523438 -2.8935370445251465
116.659912109375 169.6635284423828 -2.8935370445251465
112.7823486328125 168.68145751953125 -2.8935370445251465
108.90478515625 167.6993865966797 -2.8935370445251465
105.0272216796875 166.71731567382812 -2.8935370445251465
101.149658203125 165.73524475097656 -2.8935370445251465
97.2720947265625 164.753173828125 -2.8935370445251465
93.39453125 163.77110290527344 -2.8935370445251465
89.5169677734375 162.78903198242188 -2.8935370445251465
85.639404296875 161.8069610595703 -2.8935370445251465
81.7618408203125 160.82489013671875 -2.8935370445251465
77.88427734375 159.8428192138672 -2.8935370445251465
74.0067138671875 158.86074829101562 -2.8935370445251465
70.129150390625 157.87867736816406 -2.8935370445251465
66.2515869140625 156.8966064453125 -2.8935370445251465
62.374019622802734 155.91453552246094 -2.8935370445251465
58.49645233154297 154.93246459960938 -2.8935370445251465
58.49645233154297 154.93246459960938 -2.8935370445251465
58.49645233154297 154.93246459960938 -2.8935370445251465
58.49645233154297 154.93246459960938 -2.8935370445251465
58.49645233154297 154.93246459960938 -2.8935370445251465
58.49645233154297 154.93246459960938 -2.8935370445251465
58.49645233154297 154.93246459960938 -2.8935370445251465
58.49645233154297 154.93246459960938 -2.8935370445251465
58.49645233154297 154.93246459960938 -2.8935370445251465
58.49645233154297 154.93246459960938 -2.8935370445251465
58.49645233154297 154.93246459960938 -2.8935370445251465
