-392.83861260070745
-395.6972973447963
-398.57562242630917
-401.47316538979356
-404.3895131339564
-407.324261745324
-410.2770163548833
-413.2473909909103
-416.23500842860443
-419.2395000371072
-422.2605056244355
-425.29767328082255
-428.3506592209188
-431.41912762526795
-434.50275048143925
-437.6012074251642
-440.7141855817944
-443.8413794083695
-446.9824905365546
-450.1372276166848
-453.3053061631269
-456.4864484011485
-459.6803831154639
-462.8868455006061
-466.1055758558366
-469.33632403122084
-469.33632403122084
-471.4146934002182
-473.5177306278467
-475.6451085117053
-477.79650192327637
-477.79650192327637
-478.49502820640197
-479.2259245641931
-479.9890431234867
-480.7842304514879
-481.6113277022176
-482.47017076643255
-483.36059042470845
-483.36059042470845
-482.6941029078515
-482.05988599445703
-481.45806721317166
-480.88876820006675
-480.35210457953934
-480.35210457953934
-478.3409140440676
-476.35482096316
-474.39414055506984
-472.45916017230303
-470.55022638976817
-468.66765747938706
-466.8117724157991
-464.9828907086295
-463.1813322280341
-461.407417023534
-459.66146513617184
-457.9437964040397
-456.2547302612508
-454.59458553044675
-452.9636802089548
-451.3623312487338
-449.79085433026853
-448.2495636306005
-446.7387715857046
-445.2587886474503
-443.80992303540813
-442.39248048379477
-441.0067708275396
-439.65308048212603
-438.3317128911862
-437.04296123130683
-435.7871148675091
-434.564459078599
-433.37527478042955
-432.2198382475752
-431.0984208339402
-431.0984208339402
-431.59669200498405
-432.1314158375439
-432.1314158375439
-434.19696670796577
-436.2894122381046
-438.40836733777974
-440.553449493383
-442.72427893362067
-442.72427893362067
-446.04621379917944
-449.3791970318014
-452.7229846146364
-456.0773389074448
-459.4420284698415
-462.81682788889964
-466.20151761108457
-469.5958837784758
-472.9997180692305
-476.41281754223365
-476.41281754223365
-480.37040052925096
-484.32868050506096
-488.28764051934695
-492.2472641642263
-496.2075355528343
-500.1684392989087
-504.12996049732254
-508.0920847055137
-512.054797925764
-516.0180865882824
-519.9819375350515
-523.9463380043967
-527.9112756162401
-531.8767383580065
-535.8427145711452
-539.8091929382393
-543.7761624706714
-547.7436124968175
-551.7115326507454
-555.6799128613904
-559.6487433421855
-563.6180145811253
-567.5877173312409
-571.5578426014683
-575.528381647889
-579.4993259653272
-583.4706672792867
-587.4423975382101
-591.4145089060482
-591.4145089060482
-594.8935280043731
-598.3790589346121
-601.8709885636027
-605.3692061631968
-608.873603352834
-608.873603352834
-611.3633646364746
-613.8690922073142
-616.3905913487546
-618.9276693016213
-621.4801352730764
-624.0478004439883
-626.630477974821
-629.227983010101
-631.8401326815206
-634.4667461097371
-637.1076444049214
-639.7626506661143
-642.4315899794402
-645.1142894152362
-647.8105780241419
-650.5202868322057
-649.8414916939333
-651.6437381642615
-651.2583843384704
-652.0179706042843
-652.8012045930861
-653.6079802691144
-653.6079802691144
-652.8489819611536
-652.1136361117076
-651.4020228221775
-650.7141988133255
-650.7141988133255
-648.5651417856377
-646.4336917228229
-646.4336917228229
-643.1624743885628
-639.8995383347792
-636.6450108912597
-633.3990216732456
-630.1617026230178
-626.933188052029
-626.933188052029
-623.0423430612229
-619.1528891765759
-615.2648527801086
-611.3782609152054
-607.493141307141
-603.6095223843637
-599.7274103987577
-595.8468580885474
-591.9678961263528
-588.0905559813051
-584.2148699446242
-580.3408711561688
-580.3408711561688
-576.3845830904049
-572.428902564681
-568.4738422615561
-564.5194152169917
-560.5656348326735
-556.6125148888483
-552.6600695577026
-548.7083134173085
-544.7572614661655
-540.8069291383675
-536.8573323194278
-532.9084873627929
-528.9604111070826
-525.0131208940913
-521.0666345875928
-517.1209705929865
-513.1761478778326
-509.23218599332074
-505.28910509672295
-501.34692597488265
-497.40567006879616
-493.4653594993451
-489.52601709424385
-485.5876664162674
-481.6503317928315
-477.71403834700044
-473.77881203000237
-469.8446796553384
-465.9116689345749
-461.97980851491826
-458.0491280186727
-454.11965808469307
-450.1914304119491
-446.2644778053272
-442.338834223802
-438.4145348311221
-434.491616049162
-430.5701156141028
-426.65007263561733
-422.73152765924556
-418.8145227321608
-414.8991014725412
-410.98530914277535
-407.07319272674965
-403.1628010114804
-399.25418467337545
-395.34739636943016
-391.44249083368436
-387.53952497929424
-383.6385580065972
-379.7396515175781
-375.84286963717744
-371.9482791419141
-368.0559495963356
-364.1659534978465
-360.27836643051063
-356.39326722847204
-352.5107381496897
-348.63086506073927
-344.75373763349666
-340.87944955458755
-337.0080987485576
-333.1397876158036
-329.27462328639007
-325.4127178909757
-321.55418885017747
-317.6991591838192
-313.8477578416357
-310.00012005714535
-306.15638772655603
-302.3167098147377
-298.4812327885956
-294.6501311792186
-290.8235779024821
-287.0017548852462
-283.1848536443294
-279.3730759093457
-275.566634293191
-271.76575301432837
-271.76575301432837
-267.7790087879758
-263.79266609328863
-259.8067434129613
-255.8212603795859
-251.83624961710112
-247.85172156039485
-247.85172156039485
-244.32710996524943
-240.8173529455767
-237.32310955252876
-233.84507522689557
-230.383984079378
-226.94061131698197
-223.51577582306726
-220.11034289845077
-216.72522717068094
-216.72522717068094
-214.47851989314478
-212.28341163855814
-210.14151940118242
-208.0544867421756
-206.023980858645
-206.023980858645
-205.56724240596284
-205.1874792917876
-204.8851195475673
-204.66050623435248
-204.66050623435248
-206.079677480646
-207.56624037956803
-209.1187577345611
-210.7357718659539
-212.41580983483448
-214.15738840393448
-215.95901871548367
-217.8192106713076
-219.73647700539897
-219.73647700539897
-222.90289063225822
-226.0957279934419
-229.31388536403165
-232.55631159744468
-235.8220056442212
-239.1100141514658
-242.41942914742006
-245.74938581409236
-249.0990603495766
-252.4676679206194
-255.85446070511662
-259.25872602350677
-262.67978455745924
-266.11698865380697
-269.56972071132805
-273.03739164772315
-276.51943944395066
-280.0153277629583
-283.5245446397772
-287.0466012399117
-290.5810306829619
-294.1273869284461
-297.6852437208384
-301.2541935909106
-304.83384691054323
-308.423830998266
-312.023789272884
-315.6333804526497
-319.252277797545
-322.880168392347
-326.5167524682549
-330.16174276096353
-333.8148639031723
-337.47585184961906
-341.14445333282845
-344.8204253478591
-348.5035346644254
-352.1935573648587
-355.89027840645696
-359.5934912068524
-363.3029972511038
-367.0186057192936
-370.7401331334777
-374.46740302290533
-378.20024560648426
-381.9384974915292
-385.6820013878848
-389.43060583656967
-393.1841649521338
-396.9425381779731
-400.70559005388515
-404.47318999519445
-408.2452120828128
-412.02153486363886
-415.80204116073367
-419.5866178927444
-423.375155902076
-427.16754979134146
-430.96369776764834
-434.76350149430374
-438.56686594954454
-442.37369929192204
-446.1839127319918
-449.99742040997893
-453.81413927910694
-457.6339889942986
-456.5554618364777
-459.9033477411944
-459.9033477411944
-462.1543818703255
-464.42895735581925
-466.72673001400966
-469.0473589295789
-471.39050654244437
-473.7558387272472
-476.1430248657001
-476.1430248657001
-476.1430248657001
-475.53351034498826
-474.95690206143644
-475.2885738048511
-473.659649331729
-474.28985739667166
-471.72885021630765
-469.1879659293429
-466.66753322777777
-466.66753322777777
-463.1466620728234
-459.63363051706983
-456.12861969866736
-452.63181594638917
-452.42905821638897
-448.4635166145561
-444.49859251664776
-440.53430259575526
-436.5706641278558
-432.6076950191786
-428.64541383506867
-424.68383983044237
-420.72299298193985
-416.7628940218827
-412.8035644741571
-408.8450266921504
-404.8873038988772
-400.9304202294449
-396.9744007760171
-393.0192716354471
-389.06505995976806
-385.1117940097388
-381.1595032116633
-377.20821821771796
-373.25797097003846
-369.30879476884326
-365.3607243448892
-361.4137959365824
-357.4680473720947
-353.5235181568655
-349.5802495669029
-345.63828474833286
-341.6976688236871
-337.75844900546247
-333.82067471753464
-329.88439772506
-325.94967227356136
-322.0165552379559
-318.08510628235643
-314.15538803155584
-310.2274662551946
-306.3014100657053
-306.3014100657053
-302.38723832492514
-298.47534227587647
-294.5658125835701
-290.65874473465806
-286.75423935807135
-282.8524025712277
-278.9533463541824
-275.0571889543479
-271.16405532468724
-267.27407759860114
-263.38739560508
-259.5041574280874
-255.6245200145851
-251.74864983610794
-247.87672360935863
-244.00892908192574
-240.14546588994133
-236.28654649530193
-232.4323972865877
-228.5832595112615
-224.73939066368453
-220.90106579567384
-217.06857900242946
-213.24224505780325
-209.42240121615305
-205.6094092002491
-201.80365739723473
-198.005563287536
-194.2155761349158
-190.4341799696395
-186.6618969010273
-182.89929080059156
-179.14697140258298
-175.40559887519365
-171.67588892299847
-167.95861848957617
-164.2546321387656
-160.56484920381652
-156.89027180592296
-153.2319938574101
-149.59121118029378
-145.96923288811948
-142.3674941979165
-138.78757085967908
-135.23119541273016
-131.70027550111845
-128.19691450293922
-124.72343474971429
-121.28240362949394
-117.87666287784727
-114.5093613595707
-111.18399162390578
-107.90443046771378
-104.6749836512408
-101.50043476213436
-98.38609799207397
-98.38609799207397
-94.56128732095439
-90.7515831308038
-86.95897090559025
-83.18578845230948
-79.43480458317043
-75.70931882642691
-72.01328859604762
-68.35149238264457
-64.72974035721748
-61.155147467338
-57.63648875540494
-54.184662125115985
-50.81328942742275
-47.539490473900564
-44.38486144917125
-41.37666850372524
-38.54920837492263
-35.94515593873862
-33.61646923530584
-31.62403787464983
-30.03485539181611
-28.91548554975896
-28.321689038797256
-28.28658400555524
-28.81221266507198
-29.8689866227887
-31.403329828989822
-33.34939109017298
-35.63979022221219
-38.21266030181974
-41.01487738445945
-44.00264680270055
-47.14070092483965
-47.14070092483965
-47.14070092483965
-47.14070092483965
-47.14070092483965
-47.14070092483965
-47.14070092483965
-47.14070092483965
-47.14070092483965
-47.14070092483965
-47.14070092483965
