-392.83861260070745
-395.6972973447963
-398.57562242630917
-401.47316538979356
-404.3895131339564
-407.324261745324
-410.2770163548833
-413.2473909909103
-416.23500842860443
-419.2395000371072
-422.2605056244355
-425.29767328082255
-428.3506592209188
-431.41912762526795
-434.50275048143925
-437.6012074251642
-440.7141855817944
-443.8413794083695
-446.9824905365546
-450.1372276166848
-453.3053061631269
-456.4864484011485
-459.6803831154639
-462.8868455006061
-462.8868455006061
-464.9306539382051
-466.9997785185254
-469.09388534507474
-471.21264134864435
-473.3557155377294
-473.3557155377294
-474.0448428059327
-474.7666716794699
-475.5210532377467
-476.30783280889335
-477.1268501204977
-477.9779394540562
-477.9779394540562
-477.2721207458389
-476.59882917858334
-475.9582027912145
-475.9582027912145
-473.8568538568934
-471.78005979680034
-469.7281169696089
-467.7013823036729
-465.70018491807366
-463.72485543013465
-461.77572580385856
-459.8531291909093
-457.9573997640738
-456.0888725431503
-454.24788321323194
-452.4347679353696
-450.64986314962005
-448.89350537050603
-447.16603097493834
-445.46777598267226
-443.7990758293969
-442.16026513258174
-440.55167745023164
-438.97364503272934
-437.4264985679744
-435.9105669200568
-434.4261768617336
-432.9736528010093
-431.5533165021506
-430.1654868015001
-428.8104793184834
-427.4886132384225
-426.200182830163
-424.9454992436429
-423.7248622601738
-422.5385669431695
-421.3869033303967
-420.2701561250628
-420.2701561250628
-420.2701561250628
-422.2775419348366
-424.31313991403226
-426.37654599299543
-428.4673584185417
-430.5851779560505
-432.72960807963966
-432.72960807963966
-436.03441508127105
-439.350780988094
-442.67844601641093
-446.0171572632998
-449.36666851474433
-452.72674005841475
-456.09713850107977
-459.4776365906193
-462.868013042599
-466.2680523713589
-469.67754472556106
-473.09628572813466
-476.5240763205534
-479.9607226113723
-483.40603572895026
-486.8598316782788
-490.3219312018371
-493.79215964438987
-497.27034682164236
-500.7563268926681
-504.2499382360212
-507.7510233294464
-511.25942863309945
-511.25942863309945
-515.2399484279711
-519.2207677037875
-523.2018796246815
-527.1832775607796
-531.1649550805186
-535.1469059433024
-539.1291240924825
-543.1116036486442
-547.0943389031855
-551.0773243121716
-555.0605544904522
-559.044024206029
-563.0277283746611
-567.0116620546955
-570.9958204421135
-574.9801988657815
-578.9647927828962
-582.9495977746167
-586.9346095418721
-590.919823901339
-594.9052367815787
-598.8908442193283
-598.8908442193283
-602.4332122354975
-605.9812763708914
-609.5349371552737
-613.0940972695356
-616.6586614924697
-616.6586614924697
-619.2471043427199
-621.8505026676726
-624.4686694200637
-627.1014196240725
-629.7485703753711
-632.4099408399228
-635.0853522515852
-637.7746279085737
-640.4775931688429
-643.1940754444355
-645.9239041948556
-645.9239041948556
-647.3190679046878
-647.3190679046878
-647.1682010775964
-647.0420272523568
-647.0420272523568
-645.3904048423013
-643.759377801575
-642.1491247913488
-642.1491247913488
-639.2538762380668
-636.3705979822712
-633.4994534670525
-630.6406084178343
-627.7942308623101
-627.7942308623101
-624.0832267518203
-620.3758147057383
-616.6720595101849
-612.9720274524258
-609.2757863624828
-605.5834056560551
-605.5834056560551
-601.5834320033041
-597.583458778338
-593.5834859898051
-589.5835136465882
-585.5835417578128
-581.5835703328554
-577.5835993813523
-573.5836289132087
-569.583658938608
-565.5836894680215
-561.583720512219
-557.5837520822793
-553.5837841896014
-549.5838168459162
-545.5838500632985
-541.5838838541802
-537.5839182313624
-533.5839532080308
-529.5839887977694
-525.5840250145752
-521.5840618728752
-517.5840993875419
-513.5841375739113
-509.584176447801
-505.58421602552903
-501.58425632393397
-497.5842973603959
-493.5843391528582
-489.58438171985074
-489.58438171985074
-485.91040823352813
-482.24162297955695
-478.57814527708854
-474.9200979516204
-471.26760745728444
-467.6208040039144
-463.9798216890894
-460.34479863535864
-456.7158771328585
-453.0932037875446
-449.4769296752664
-445.86721050192176
-442.26420676993905
-438.6680839513396
-435.0790126676457
-431.49716887690596
-427.92273406811944
-424.35589546334995
-420.7968462278282
-417.24578568835074
-413.70291956029206
-410.16846018355386
-406.64262676778424
-403.1256456472065
-399.6177505454037
-396.11918285041133
-392.6301919004758
-389.1510352808393
-389.1510352808393
-385.1793976153952
-381.2083531669896
-377.2379206693538
-373.26811965034864
-369.29897047432473
-365.33049438721275
-361.362713564549
-357.395651162662
-353.42933137326327
-349.4637794817091
-345.4990219292222
-341.5350863793903
-337.57200178928633
-333.6097984855873
-329.64850824610494
-325.6881643871793
-321.7288018574312
-317.77045733841595
-313.81316935277545
-309.8569783805446
-305.90192698433395
-301.94805994418334
-297.9954244029653
-294.04407002330544
-290.09404915709246
-286.14541702876267
-282.1982319336734
-278.2525554530237
-274.30845268694264
-270.36599250754733
-266.42524783397977
-266.42524783397977
-262.52883899364895
-258.63559261702494
-254.74565369877638
-250.8591642782655
-246.97629965626794
-243.0972335238628
-239.22215066240895
-235.35124782690454
-235.35124782690454
-232.19650085265076
-229.06815641305676
-225.96731107942534
-222.89511253094471
-219.85276169206244
-216.84151488310226
-213.86268596858613
-213.86268596858613
-212.21217281034163
-210.62469944695692
-209.10170165353028
-207.64459814964957
-206.25478548655144
-204.9336327217269
-204.9336327217269
-205.26250235133102
-205.66865544352046
-206.15163521488196
-206.7109031497924
-207.3458419396077
-208.05575879483743
-208.05575879483743
-210.30053423807894
-212.59687329294
-214.94312333041614
-217.33766792740212
-219.7789285468379
-222.265365872098
-224.7954808249183
-227.3678152957053
-229.9809526142651
-232.63351778790363
-235.32417753255194
-238.05164012112226
-240.81465507175372
-243.61201269700612
-246.44254353344098
-249.30511766942283
-252.1986439874027
-255.12206933542964
-258.07437764118697
-261.05458898047993
-264.06175861081397
-267.09497597950315
-270.1533637146391
-273.236076606227
-276.34230058386095
-279.4712516964582
-279.4712516964582
-283.3303615900183
-287.1933269780312
-291.05999434948893
-294.93021810043996
-298.80386004008716
-302.6807889327852
-306.560880072988
-310.44401489046453
-314.3300805833437
-318.2189697767657
-322.1105802051141
-326.0048144159818
-329.9015794941828
-333.8007868042687
-337.7023517501402
-341.606193550463
-345.5122350287059
-349.4204024167184
-353.33062517085256
-357.2428357997175
-361.15696970272734
-365.07296501867114
-368.99076248359586
-372.9103052973481
-376.831538998173
-380.75441134481457
-384.6788722056038
-388.6048734540634
-392.53236887058927
-396.4613140498055
-400.39166631321757
-404.323384626818
-408.2564295233218
-412.1907630287348
-416.1263485929779
-420.06315225898567
-424.0011388716296
-427.9402757738211
-431.88053149055133
-435.8218756762906
-439.7642790651498
-443.70771342363867
-447.6521515058635
-451.5975670110229
-455.54393454306245
-455.54393454306245
-458.9310870655405
-458.9310870655405
-461.24147014009395
-463.5748535857406
-463.5748535857406
-464.4889009054558
-465.4355307184125
-466.41454463744657
-466.41454463744657
-465.83922645367386
-465.29758472866814
-464.78973719681164
-464.3157947457792
-463.87586129815185
-463.87586129815185
-461.9506485055941
-461.9506485055941
-458.828224577892
-455.7195163818639
-455.7195163818639
-451.88043992943966
-448.0441790610931
-444.21080672405367
-440.38039834958727
-436.553031956999
-432.72878826276036
-428.90775079504687
-428.90775079504687
-424.92726116435557
-420.94714152182104
-416.9674024624955
-416.9674024624955
-413.46383247312684
-409.9693484095517
-406.48418460289463
-403.0085828541982
-399.5427927030588
-396.0870717060972
-392.64168572555286
-389.2069092282894
-385.78302559549365
-382.37032744334385
-382.37032744334385
-380.0623334253948
-377.78259265493864
-375.53161968351475
-373.3099349011033
-371.1180643061091
-368.9565392528855
-366.825896175998
-364.7266762904621
-362.65942526722813
-360.6246928832388
-358.62303264543647
-356.6550013881686
-354.7211588435129
-352.82206718412635
-350.95829053832165
-349.13039447717404
-347.33894547358017
-345.5845103333128
-343.8676555982516
-342.1889469221139
-340.5489484191637
-338.9482219865395
-337.38732660101516
-335.866817591183
-334.38724588623785
-332.9491572427282
-331.5530914508382
-330.1995815219611
-328.8891528595218
-327.62232241520866
-326.399597832965
-325.22147658328623
-324.0884450905494
-323.000977856279
-321.9595365814161
-320.9645692908071
-320.01650946326464
-319.1157751706667
-318.26276822965747
-317.4578733695845
-316.7014574203582
-315.99386852393854
-315.335435373151
-314.72646648149964
-314.16724948758065
-314.16724948758065
-312.1504597051261
-312.1504597051261
-308.9703898468719
-305.80957178661293
-302.66860867402863
-299.5481250871221
-296.448767742295
-293.37120621290916
-290.3161336541367
-287.2842675315392
-284.2763503504232
-284.2763503504232
-280.48783275206546
-276.70526792156596
-272.92890336009015
-269.1590000414961
-265.39583330854236
-261.63969383855726
-257.8908886846009
-254.14974239871518
-250.41659824447382
-246.69181950671972
-242.97579090711614
-239.26892013494378
-235.57163950345645
-231.88440774306414
-228.2077119436538
-224.54206965948399
-220.88803119130813
-217.2461820616899
-213.61714570087852
-213.61714570087852
-209.62009245785907
-205.62315364313983
-205.62315364313983
-201.88523721862046
-198.1575554073752
-194.44069684295846
-190.73529426423292
-187.04202852004076
-183.3616329913647
-179.69489847841555
-176.04267860554774
-172.40589580291112
-168.78554793030204
-168.78554793030204
-168.78554793030204
-168.78554793030204
-168.78554793030204
-168.78554793030204
-168.78554793030204
-168.78554793030204
-168.78554793030204
-168.78554793030204
-168.78554793030204
