62.33430862426758 452.14898681640625 0.7027766108512878
64.83800506591797 454.0979919433594 0.6201550364494324
67.49401092529297 455.833740234375 0.5375334620475769
70.2842025756836 457.3443603515625 0.45491188764572144
73.18954467773438 458.61956787109375 0.37229031324386597
76.19021606445312 459.6506652832031 0.2896687388420105
79.2657470703125 460.43060302734375 0.20704716444015503
82.39514923095703 460.9540710449219 0.12442559003829956
85.55707550048828 461.21746826171875 0.04180401563644409
88.7299575805664 461.2190246582031 -0.04081755876541138
91.89214324951172 460.958740234375 -0.12343913316726685
95.02206420898438 460.4383850097656 -0.20606070756912231
98.09835815429688 459.6614990234375 -0.2886822819709778
101.10004425048828 458.63336181640625 -0.37130385637283325
104.00664520263672 457.36102294921875 -0.4539254307746887
106.79832458496094 455.8531494140625 -0.5365470051765442
109.45603942871094 454.1200256347656 -0.6191685795783997
111.96165466308594 452.1734619140625 -0.7017901539802551
114.29808044433594 450.0267639160156 -0.7844117283821106
114.29808044433594 450.0267639160156 -1.1844117641448975
115.80545043945312 446.3216552734375 -1.1844117641448975
117.31282043457031 442.6165466308594 -1.1844117641448975
118.8201904296875 438.91143798828125 -1.1844117641448975
120.32756042480469 435.2063293457031 -1.1844117641448975
121.83493041992188 431.501220703125 -1.1844117641448975
123.34230041503906 427.7961120605469 -1.1844117641448975
124.84967041015625 424.09100341796875 -1.1844117641448975
126.35704040527344 420.3858947753906 -1.1844117641448975
127.86441040039062 416.6807861328125 -1.1844117641448975
129.3717803955078 412.9756774902344 -1.1844117641448975
130.879150390625 409.27056884765625 -1.1844117641448975
132.3865203857422 405.5654602050781 -1.1844117641448975
133.89389038085938 401.8603515625 -1.1844117641448975
135.40126037597656 398.1552429199219 -1.1844117641448975
136.90863037109375 394.45013427734375 -1.1844117641448975
138.41600036621094 390.7450256347656 -1.1844117641448975
138.41600036621094 390.7450256347656 -1.5844117403030396
138.36154174804688 386.7453918457031 -1.5844117403030396
138.3070831298828 382.7457580566406 -1.5844117403030396
138.25262451171875 378.7461242675781 -1.5844117403030396
138.1981658935547 374.7464904785156 -1.5844117403030396
138.14370727539062 370.7468566894531 -1.5844117403030396
138.08924865722656 366.7472229003906 -1.5844117403030396
138.0347900390625 362.7475891113281 -1.5844117403030396
137.98033142089844 358.7479553222656 -1.5844117403030396
137.92587280273438 354.7483215332031 -1.5844117403030396
137.8714141845703 350.7486877441406 -1.5844117403030396
137.81695556640625 346.7490539550781 -1.5844117403030396
137.7624969482422 342.7494201660156 -1.5844117403030396
137.70803833007812 338.7497863769531 -1.5844117403030396
137.65357971191406 334.7501525878906 -1.5844117403030396
137.59912109375 330.7505187988281 -1.5844117403030396
137.54466247558594 326.7508850097656 -1.5844117403030396
137.49020385742188 322.7512512207031 -1.5844117403030396
137.4357452392578 318.7516174316406 -1.5844117403030396
137.38128662109375 314.7519836425781 -1.5844117403030396
137.3268280029297 310.7523498535156 -1.5844117403030396
137.27236938476562 306.7527160644531 -1.5844117403030396
137.21791076660156 302.7530822753906 -1.5844117403030396
137.1634521484375 298.7534484863281 -1.5844117403030396
137.10899353027344 294.7538146972656 -1.5844117403030396
137.05453491210938 290.7541809082031 -1.5844117403030396
137.0000762939453 286.7545471191406 -1.5844117403030396
136.94561767578125 282.7549133300781 -1.5844117403030396
136.8911590576172 278.7552795410156 -1.5844117403030396
136.83670043945312 274.7556457519531 -1.5844117403030396
136.78224182128906 270.7560119628906 -1.5844117403030396
136.727783203125 266.7563781738281 -1.5844117403030396
136.67332458496094 262.7567443847656 -1.5844117403030396
136.61886596679688 258.7571105957031 -1.5844117403030396
136.5644073486328 254.75747680664062 -1.5844117403030396
136.50994873046875 250.75784301757812 -1.5844117403030396
136.4554901123047 246.75820922851562 -1.5844117403030396
136.40103149414062 242.75857543945312 -1.5844117403030396
136.34657287597656 238.75894165039062 -1.5844117403030396
136.2921142578125 234.75930786132812 -1.5844117403030396
136.2921142578125 234.75930786132812 -1.9844117164611816
134.89796447753906 231.9091339111328 -2.067033290863037
133.27334594726562 229.18373107910156 -2.1496548652648926
131.42935180664062 226.60169982910156 -2.232276439666748
129.37855529785156 224.1806640625 -2.3148980140686035
127.13495635986328 221.9371337890625 -2.397519588470459
124.71385955810547 219.88641357421875 -2.4801411628723145
122.13177490234375 218.04249572753906 -2.56276273727417
118.78336334228516 215.85430908203125 -2.56276273727417
115.43495178222656 213.66612243652344 -2.56276273727417
112.08654022216797 211.47793579101562 -2.56276273727417
108.73812866210938 209.2897491455078 -2.56276273727417
105.38971710205078 207.1015625 -2.56276273727417
102.04130554199219 204.9133758544922 -2.56276273727417
98.6928939819336 202.72518920898438 -2.56276273727417
95.344482421875 200.53700256347656 -2.56276273727417
91.9960708618164 198.34881591796875 -2.56276273727417
88.64765930175781 196.16062927246094 -2.56276273727417
85.29924774169922 193.97244262695312 -2.56276273727417
81.95083618164062 191.7842559814453 -2.56276273727417
78.60242462158203 189.5960693359375 -2.56276273727417
75.25401306152344 187.4078826904297 -2.56276273727417
71.90560150146484 185.21969604492188 -2.56276273727417
68.55718994140625 183.03150939941406 -2.56276273727417
65.20877838134766 180.84332275390625 -2.56276273727417
61.86036682128906 178.65513610839844 -2.56276273727417
58.51195526123047 176.46694946289062 -2.56276273727417
55.163543701171875 174.2787628173828 -2.56276273727417
51.81513214111328 172.090576171875 -2.56276273727417
48.46672058105469 169.9023895263672 -2.56276273727417
45.118309020996094 167.71420288085938 -2.56276273727417
41.7698974609375 165.52601623535156 -2.56276273727417
38.421485900878906 163.33782958984375 -2.56276273727417
35.07307434082031 161.14964294433594 -2.56276273727417
31.724660873413086 158.96145629882812 -2.56276273727417
28.37624740600586 156.7732696533203 -2.56276273727417
25.027833938598633 154.5850830078125 -2.56276273727417
21.679420471191406 152.3968963623047 -2.56276273727417
21.679420471191406 152.3968963623047 -2.56276273727417
21.679420471191406 152.3968963623047 -2.56276273727417
21.679420471191406 152.3968963623047 -2.56276273727417
21.679420471191406 152.3968963623047 -2.56276273727417
21.679420471191406 152.3968963623047 -2.56276273727417
21.679420471191406 152.3968963623047 -2.56276273727417
21.679420471191406 152.3968963623047 -2.56276273727417
21.679420471191406 152.3968963623047 -2.56276273727417
21.679420471191406 152.3968963623047 -2.56276273727417
21.679420471191406 152.3968963623047 -2.56276273727417
