-392.83861260070745
-395.6972973447963
-398.57562242630917
-401.47316538979356
-404.3895131339564
-407.324261745324
-410.2770163548833
-413.2473909909103
-416.23500842860443
-419.2395000371072
-422.2605056244355
-425.29767328082255
-428.3506592209188
-431.41912762526795
-434.50275048143925
-437.6012074251642
-440.7141855817944
-443.8413794083695
-446.9824905365546
-450.1372276166848
-453.3053061631269
-456.4864484011485
-459.6803831154639
-462.8868455006061
-466.1055758558366
-469.33632403122084
-472.57884245426635
-475.8328905033011
-479.0982332497959
-482.3746413219317
-485.6618907706118
-485.6618907706118
-487.8217607683235
-490.0047636280394
-492.2105915602344
-492.2105915602344
-492.97186568276504
-493.7643711867542
-494.5879579409408
-495.44247094386566
-496.3277504610949
-497.2436321649711
-497.2436321649711
-496.6020282080273
-495.99185397415584
-495.4132255943465
-494.86625372473117
-494.35104344381205
-493.86769415411453
-493.4162994884735
-492.99694722115316
-492.99694722115316
-491.08831806864276
-489.2049489216246
-487.34713263457195
-485.5151625404481
-483.7093323040453
-481.9299071797233
-480.17720978561425
-478.451533854526
-476.7531728106372
-475.08241959609455
-473.4395664924508
-471.8249049370429
-470.23872533442966
-468.6813168630242
-467.1529672770768
-465.65396270418057
-464.1845874384941
-462.7451237298922
-461.3358515692784
-459.95704847031
-458.6089892478086
-457.2919457931485
-456.006186846934
-454.7519777692975
-453.5295803081693
-452.3392523658879
-451.1812477645391
-450.3629692333164
-449.79403178165717
-449.4781813480003
-449.417526415516
-449.61245215340335
-450.0617033309434
-450.7622532484527
-451.70953590958237
-452.8973140092454
-454.31789719815333
-455.9621506631499
-457.8195875682136
-459.87852000197034
-462.1261852821796
-464.54886744826314
-467.131959075019
-469.8602045606435
-472.7177853149211
-475.68839189554586
-478.75540522754915
-481.90203866888606
-485.11134951418717
-488.3664666787855
-492.33601967686457
-496.30606183842264
-500.27658151790394
-504.247567435169
-508.21900866132523
-512.1908946052092
-516.1632150004866
-520.135959893336
-524.1091196306883
-528.0826848489901
-532.0566464634663
-536.0309956578553
-540.0057238745928
-543.9808228054219
-547.9562843824078
-551.9321007693375
-555.9082643534845
-559.8847677377217
-563.8616037329649
-567.8387653509307
-571.816245797194
-575.7940384645314
-579.7721369265352
-583.7505349314871
-587.7292263964787
-591.7082054017661
-595.687466185351
-599.6670031377733
-603.6468107971103
-607.6268838441696
-611.6072170978684
-611.6072170978684
-615.1225790466942
-618.6438284380629
-622.170865309956
-625.7035917918041
-629.2419120547988
-632.785732263444
-636.334960528318
-639.889506860019
-643.4492831242644
-647.0142029981185
-647.0142029981185
-649.6027385879855
-652.205532860519
-654.8224157891049
-657.4532191411249
-660.0977764780907
-662.7559231547867
-665.4274963174656
-668.1123349011382
-670.8102796260007
-670.8102796260007
-672.1641150746934
-673.5389846563861
-674.9347598289355
-676.351311164773
-677.7885083998178
-679.2462204819175
-679.2462204819175
-679.161034448214
-679.161034448214
-677.545837343073
-675.950451273792
-674.3750168427947
-672.8196742027952
-671.2845630097199
-669.7698223749001
-668.2755908165575
-666.8020062106084
-666.8020062106084
-664.0107361859727
-661.2318808784133
-658.4655974656475
-655.712045060636
-652.9713847217444
-650.2437794621985
-647.5293942587917
-644.8283960597986
-642.1409537920539
-642.1409537920539
-638.5180407624274
-634.8996553013319
-631.2858752617169
-631.2858752617169
-627.2898262067222
-623.2938280901042
-619.2978818978974
-615.3019886417374
-611.3061493596971
-607.3103651171556
-603.3146370077013
-599.3189661540714
-595.3233537091287
-591.3278008568791
-587.3323322628114
-583.3369257399337
-579.3415825724603
-575.346304080257
-571.3510916200853
-567.3559465868999
-563.3608704152019
-559.3658645804492
-559.3658645804492
-555.6098796394979
-551.8573241551778
-548.1082685655458
-544.362785182492
-540.6209482519808
-536.8828340165235
-533.1485207799686
-529.4180889747112
-525.691621231415
-521.969202451355
-518.2509198814852
-514.5368631923463
-510.8271245589303
-507.1217987446233
-503.42098318835633
-499.7247780950954
-496.03328652981054
-492.3466145150687
-488.66487113240095
-484.9881686276009
-481.3166225201185
-477.6503517167196
-473.989478629589
-470.33412929906007
-466.6844335211666
-463.0405249802129
-459.4025413865731
-455.7706246199338
-452.1449208782058
-448.52558083233697
-444.91275978726804
-441.306617849283
-437.7073201000124
-434.1150367773595
-430.52994346362647
-427.53033438719416
-423.8403921753794
-420.15612485793054
-416.47768303954354
-412.80522245054044
-409.72989793066495
-405.96527418966673
-402.205194173657
-398.44978651695453
-394.6991845865708
-390.9535266933409
-387.21295631393514
-383.47762232437213
-379.74767924569306
-376.023287502497
-372.30461369507753
-368.59183088594904
-364.88511890159464
-361.1846646503217
-357.4906624571606
-353.80331441680056
-350.12283076561437
-346.44943027388615
-342.7833406594219
-339.72208498795237
-335.96349674578767
-332.8313993197516
-329.6370170024694
-325.7313702361778
-322.49043373578485
-318.5362661990994
-315.26214992080617
-311.9689879212586
-307.96937834595536
-303.96977885934905
-300.6724578547257
-297.38931160018393
-294.13625076616165
-290.93054160577924
-287.78986561355276
-284.7321191466793
-281.0855130282127
-278.13733056794297
-274.63744363832507
-271.15139031633504
-268.348276003688
-265.04014826174677
-261.75133870214836
-258.4825961362333
-255.8642136033668
-252.80699731151688
-249.7764201278346
-246.77346350347926
-243.79914807592073
-240.85453491890428
-238.46675870410579
-235.75995447072893
-233.49225800595062
-231.01310837958323
-229.09535752412373
-226.92856602825628
-225.2798976327478
-223.87416010716396
-222.72294711844017
-221.83593800703568
-221.22069211592
-220.8825385013405
-220.82441024582732
-221.04680902689012
-221.5477970127685
-222.32303564121062
-223.36588708929048
-224.6675008047607
-226.21707324669396
-228.00197653955487
-230.00806835048692
-232.21985169954758
-234.62077063795954
-237.31280935440415
-240.50144490091628
-243.71401349883095
-246.94958111428215
-250.20725551003048
-253.48618437251193
-256.7855534996853
-260.1045850520047
-263.4425358679622
-266.79869584490234
-270.17238638519314
-273.56295890732474
-276.969793421092
-280.39229716567695
-283.82990330918165
-287.28206970795213
-290.7482777238778
-294.22803109773344
-297.72085487655653
-301.22629439299897
-304.7439142945744
-308.2732976207172
-311.8140449255852
-315.36577344456646
-318.92811630249156
-322.50072176159966
-326.08325250736357
-329.675384970338
-333.27680868225923
-336.887225664692
-340.50634984858385
-344.1339065231591
-347.76963181264955
-351.41327217942757
-355.0645839521738
-358.72333287777536
-362.3892936957153
-366.06224973377243
-369.7419925239129
-373.42832143731016
-377.1210433374833
-380.81997225060036
-384.5249290520386
-388.2357411683445
-391.95224229378175
-395.6742721206981
-399.4016760829832
-403.134305111931
-406.8720154038538
-410.6146681988351
-414.36212957003704
-418.11427022301467
-421.8709653045149
-425.6320942202709
-429.3975404613248
-433.1671914384419
-436.9409383241991
-440.71867590235684
-444.50030358240264
-448.2857217439318
-452.0748351689308
-455.8675517137213
-459.6637821895663
-463.46347047437627
-467.26650274865403
-471.0727980230144
-474.8822778362806
-478.69486616025665
-482.51048930864346
-486.3290758498981
-490.1505565238443
-493.97486416185336
-497.8019336104246
-501.63170165800193
-505.464106964873
-509.2990899960056
-513.1365929566816
-514.8874528622712
-514.8874528622712
-514.8874528622712
-514.8874528622712
-514.8874528622712
-512.9008102341078
-510.93775847638466
-508.9985705374837
-507.08352019740545
-505.19288195365993
-503.32693090252775
-501.4859426156756
-499.67019301211946
-497.8799582255406
-496.1155144669684
-494.37713788285635
-492.6651044085892
-490.9796896174716
-489.3211685887534
-489.3211685887534
-486.39375604458803
-483.4817119552937
-483.4817119552937
-479.73766916100595
-475.9977904239566
-472.26217467057836
-468.5309238676991
-464.80414313525256
-461.08194086378387
-457.364428836975
-453.6517223594237
-449.94394038992436
-446.2412056805073
-442.5436449215091
-438.8513888929571
-438.8513888929571
-434.85141400021774
-430.85143954877907
-426.8514655510472
-422.8514920198977
-418.851518968698
-414.8515464113309
-410.85157436222016
-406.85160283635645
-402.85163184932605
-398.8516614173403
-394.8516915572676
-390.85172228666676
-386.85175362382284
-382.851785587785
-378.8518181984071
-374.8518514763901
-370.8518854433283
-366.85192012175776
-362.8519555352083
-358.85199170825865
-354.852028666596
-350.85206643707886
-346.85210504780457
-342.85214452818184
-338.8521849090079
-334.85222622255156
-330.85226850264206
-326.8523117847647
-322.8523561061633
-318.8524015059505
-314.85244802522664
-310.85249570720737
-306.8525445973617
-302.85259474356087
-298.8526461962389
-294.8526990085665
-290.85275323663944
-286.8528089396821
-282.85286618026913
-278.85292502456537
-274.85298554258725
-270.85304780848713
-266.85311190086344
-262.85317790309864
-258.85324590372915
-254.8533159968496
-250.85338828255607
-246.8534628674323
-242.85353986508386
-238.85361939672617
-234.8537015918326
-230.85378658884963
-226.8538745359882
-222.85396559209977
-218.85405992764873
-214.85415772579336
-210.85425918358987
-206.85436451333592
-202.85447394407345
-198.85458772327246
-194.85470611872248
-190.85482942066182
-186.85495794418003
-182.8550920319361
-178.85523205724098
-174.85537842756335
-170.85553158852775
-166.85569202848788
-162.85586028377347
-158.8560369447301
-154.85622266269485
-150.85641815808157
-146.85662422978734
-142.85684176617906
-138.8570717579787
-134.85731531344132
-130.85757367631643
-126.857848247207
-122.85814060909995
-118.85845255805123
-114.85878614028103
-110.85914369729849
-106.85952792115873
-102.85994192260995
-98.86038931578028
-94.86087432428482
-90.86140191535146
-86.86197797099416
-82.86260950874693
-78.86330496954741
-74.86407459787216
-70.86493095055451
-66.86588958813837
-62.8669700300128
-58.86819709869757
-54.869602851696
-50.87122942400498
-46.87313332466495
-42.87539213568833
-38.878115340914306
-34.88146259389062
-30.885676153707685
-26.891142199794842
-22.898516211812268
-18.90900682613537
-14.925113472071214
-10.952965977886166
-7.012552589922212
-3.2224683854586194
-1.895439189026782
-5.366661485363075
-9.27412528666844
-13.236983142783298
-17.217027158223285
-21.204582150253035
-25.19608228915408
-29.189911110571625
-33.18522664686113
-37.18154963961604
-41.17858677325075
-41.17858677325075
-41.17858677325075
-41.17858677325075
-41.17858677325075
-41.17858677325075
-41.17858677325075
-41.17858677325075
-41.17858677325075
-41.17858677325075
-41.17858677325075
