-392.4393749700276
-394.7723605190783
-396.9955692906164
-399.1058285949297
-401.10016616654536
-402.97579636749475
-404.7301687138682
-406.36086562816814
-407.86568180886707
-409.24261544517583
-410.4898589400211
-411.60576249123835
-412.58885539487954
-413.4378722700045
-414.15168671741463
-414.72940100401667
-415.17027999333715
-415.4737509165536
-415.6394025618356
-415.6670480246625
-415.5566619500252
-415.3083872894483
-414.92250756912324
-414.39953693477673
-414.39953693477673
-414.39953693477673
-414.39953693477673
-410.4817963559513
-406.5656577122644
-402.65116774442583
-398.73837500852557
-394.8273299639673
-390.9180850664979
-387.01069486667416
-383.1052161141381
-379.2017078680964
-375.3002316144342
-371.4008513899247
-367.50363391403374
-363.6086487288572
-359.7159683477743
-355.82566841344465
-351.9378278658299
-348.052529120977
-344.16985826136016
-340.28990523864667
-336.4127640898242
-332.5385331677073
-328.6673153869294
-324.7992184866188
-320.93435531106917
-317.07284410982123
-313.21480885870733
-309.36037960354315
-305.5096928283066
-301.66289184981025
-297.820127241059
-293.9815572856859
-290.1473484660848
-286.31767598810313
-282.4927243454305
-278.67268792711724
-274.85777167199
-271.0481917740925
-267.2441764436877
-263.44596672879754
-259.65381740275393
-255.8679979237748
-252.08879347318307
-248.31650607955092
-244.55145583678768
-240.7939822250032
-237.0444455438772
-233.3032284692592
-229.57073774481955
-225.84740602178329
-222.13369386111134
-218.43009191396183
-214.73712329787753
-211.0553461879136
-207.38535664385384
-203.72779169677125
-200.0833327204786
-200.0833327204786
-196.560335740311
-193.04052273411202
-189.53229845602598
-186.0445072076504
-182.5864693125452
-179.1679849484721
-175.79934726623347
-172.4913597878667
-169.25530256092154
-166.10294305804393
-163.0464983184225
-160.09858993588608
-157.27221302103308
-154.58061548011815
-152.0372343547196
-149.65553302524185
-147.44888978230043
-145.43038547008206
-143.6126372173982
-142.00756232123476
-140.62613566623844
-139.47817667900514
-138.57212818430796
-137.91483411111022
-137.51136108098885
-137.3648636776721
-137.4764947342267
-137.84538777157886
-138.46863458009724
-139.34142524969602
-140.45714652493376
-141.80756719635326
-143.3830386308528
-145.17272897163633
-147.16481951119403
-149.34678903304982
-151.70560884458405
-154.22793705129953
-156.90028771936989
-156.90028771936989
-156.90028771936989
-156.90028771936989
-156.90028771936989
-156.90028771936989
-156.90028771936989
-156.90028771936989
-156.90028771936989
-156.90028771936989
-156.90028771936989
