60.199012756347656 450.13543701171875 0.4096122980117798
60.433837890625 450.1883850097656 0.03382641077041626
60.67170715332031 450.1514587402344 -0.34195947647094727
60.879417419433594 450.02978515625 -0.7177453637123108
61.027984619140625 449.84039306640625 -1.0935312509536743
61.09667205810547 449.60968017578125 -1.4693171977996826
61.075897216796875 449.369873046875 -1.8451030254364014
59.99537658691406 445.55743408203125 -1.848841667175293
58.900611877441406 441.7490539550781 -1.8525803089141846
57.788333892822266 437.90679931640625 -1.8525803089141846
56.676055908203125 434.0645446777344 -1.8525803089141846
55.563777923583984 430.2222900390625 -1.8525803089141846
54.451499938964844 426.3800354003906 -1.8525803089141846
53.3392219543457 422.53778076171875 -1.8525803089141846
52.22694396972656 418.6955261230469 -1.8525803089141846
51.11466598510742 414.853271484375 -1.8525803089141846
50.00238800048828 411.0110168457031 -1.8525803089141846
48.89011001586914 407.16876220703125 -1.8525803089141846
47.77783203125 403.3265075683594 -1.8525803089141846
46.66555404663086 399.4842529296875 -1.8525803089141846
45.55327606201172 395.6419982910156 -1.8525803089141846
44.44099807739258 391.79974365234375 -1.8525803089141846
43.32872009277344 387.9574890136719 -1.8525803089141846
42.2164421081543 384.115234375 -1.8525803089141846
41.104164123535156 380.2729797363281 -1.8525803089141846
39.991886138916016 376.43072509765625 -1.8525803089141846
38.879608154296875 372.5884704589844 -1.8525803089141846
37.767330169677734 368.7462158203125 -1.8525803089141846
36.655052185058594 364.9039611816406 -1.8525803089141846
35.54277420043945 361.06170654296875 -1.8525803089141846
34.43049621582031 357.2194519042969 -1.8525803089141846
33.31821823120117 353.377197265625 -1.8525803089141846
32.20594024658203 349.5349426269531 -1.8525803089141846
31.09366226196289 345.69268798828125 -1.8525803089141846
29.98138427734375 341.8504333496094 -1.8525803089141846
28.86910629272461 338.0081787109375 -1.8525803089141846
27.75682830810547 334.1659240722656 -1.8525803089141846
26.644550323486328 330.32366943359375 -1.8525803089141846
25.532272338867188 326.4814147949219 -1.8525803089141846
24.419994354248047 322.63916015625 -1.8525803089141846
23.307716369628906 318.7969055175781 -1.8525803089141846
22.195438385009766 314.95465087890625 -1.8525803089141846
21.083160400390625 311.1123962402344 -1.8525803089141846
19.970882415771484 307.2701416015625 -1.8525803089141846
18.858604431152344 303.4278869628906 -1.8525803089141846
17.746326446533203 299.58563232421875 -1.8525803089141846
16.634048461914062 295.7433776855469 -1.8525803089141846
16.634048461914062 295.7433776855469 -1.8525803089141846
16.634048461914062 295.7433776855469 -1.8525803089141846
16.634048461914062 295.7433776855469 -1.8525803089141846
16.634048461914062 295.7433776855469 -1.8525803089141846
16.634048461914062 295.7433776855469 -1.8525803089141846
16.634048461914062 295.7433776855469 -1.8525803089141846
16.634048461914062 295.7433776855469 -1.8525803089141846
16.634048461914062 295.7433776855469 -1.8525803089141846
16.634048461914062 295.7433776855469 -1.8525803089141846
16.634048461914062 295.7433776855469 -1.8525803089141846
