62.425621032714844 452.26605224609375 0.717406153678894
64.99959564208984 454.3620910644531 0.6494141221046448
67.71002197265625 456.2784118652344 0.5814220905303955
70.54438018798828 458.00616455078125 0.5134300589561462
73.48957061767578 459.537353515625 0.44543805718421936
76.53199005126953 460.8648986816406 0.3774460554122925
79.6575698852539 461.982666015625 0.3094540536403656
82.85186767578125 462.885498046875 0.24146205186843872
86.10012817382812 463.5692443847656 0.17347005009651184
89.38733673095703 464.0307312011719 0.10547804087400436
92.69830322265625 464.267822265625 0.03748603165149689
96.0177230834961 464.2794189453125 -0.03050597757101059
99.33026123046875 464.0654602050781 -0.09849798679351807
102.62060546875 463.626953125 -0.16648998856544495
105.8735580444336 462.9659118652344 -0.23448199033737183
105.8735580444336 462.9659118652344 -0.6344820261001587
108.4785385131836 460.9085388183594 -0.702474057674408
110.93772888183594 458.678955078125 -0.7704660892486572
113.23975372314453 456.2874450683594 -0.8384581208229065
115.91419219970703 453.31298828125 -0.8384581208229065
115.91419219970703 453.31298828125 -1.2384581565856934
117.21920776367188 449.5318603515625 -1.2384581565856934
118.52422332763672 445.750732421875 -1.2384581565856934
119.82923889160156 441.9696044921875 -1.2384581565856934
121.1342544555664 438.1884765625 -1.2384581565856934
122.43927001953125 434.4073486328125 -1.2384581565856934
123.7442855834961 430.626220703125 -1.2384581565856934
125.04930114746094 426.8450927734375 -1.2384581565856934
126.35431671142578 423.06396484375 -1.2384581565856934
127.65933227539062 419.2828369140625 -1.2384581565856934
128.96435546875 415.501708984375 -1.2384581565856934
130.26937866210938 411.7205810546875 -1.2384581565856934
131.57440185546875 407.939453125 -1.2384581565856934
132.87942504882812 404.1583251953125 -1.2384581565856934
134.1844482421875 400.377197265625 -1.2384581565856934
135.48947143554688 396.5960693359375 -1.2384581565856934
136.79449462890625 392.81494140625 -1.2384581565856934
138.09951782226562 389.0338134765625 -1.2384581565856934
139.404541015625 385.252685546875 -1.2384581565856934
140.70956420898438 381.4715576171875 -1.2384581565856934
140.70956420898438 381.4715576171875 -1.6384581327438354
140.43911743164062 377.480712890625 -1.6384581327438354
140.16867065429688 373.4898681640625 -1.6384581327438354
139.89822387695312 369.4990234375 -1.6384581327438354
139.62777709960938 365.5081787109375 -1.6384581327438354
139.35733032226562 361.517333984375 -1.6384581327438354
139.08688354492188 357.5264892578125 -1.6384581327438354
138.81643676757812 353.53564453125 -1.6384581327438354
138.54598999023438 349.5447998046875 -1.6384581327438354
138.27554321289062 345.553955078125 -1.6384581327438354
138.00509643554688 341.5631103515625 -1.6384581327438354
137.73464965820312 337.572265625 -1.6384581327438354
137.46420288085938 333.5814208984375 -1.6384581327438354
137.19375610351562 329.590576171875 -1.6384581327438354
136.92330932617188 325.5997314453125 -1.6384581327438354
136.65286254882812 321.60888671875 -1.6384581327438354
136.38241577148438 317.6180419921875 -1.6384581327438354
136.11196899414062 313.627197265625 -1.6384581327438354
135.84152221679688 309.6363525390625 -1.6384581327438354
135.57107543945312 305.6455078125 -1.6384581327438354
135.30062866210938 301.6546630859375 -1.6384581327438354
135.03018188476562 297.663818359375 -1.6384581327438354
134.75973510742188 293.6729736328125 -1.6384581327438354
134.48928833007812 289.68212890625 -1.6384581327438354
134.21884155273438 285.6912841796875 -1.6384581327438354
133.94839477539062 281.700439453125 -1.6384581327438354
133.67794799804688 277.7095947265625 -1.6384581327438354
133.40750122070312 273.71875 -1.6384581327438354
133.13705444335938 269.7279052734375 -1.6384581327438354
132.86660766601562 265.737060546875 -1.6384581327438354
132.59616088867188 261.7462158203125 -1.6384581327438354
132.32571411132812 257.75537109375 -1.6384581327438354
132.05526733398438 253.7645263671875 -1.6384581327438354
131.78482055664062 249.773681640625 -1.6384581327438354
131.51437377929688 245.7828369140625 -1.6384581327438354
131.24392700195312 241.7919921875 -1.6384581327438354
130.97348022460938 237.8011474609375 -1.6384581327438354
130.70303344726562 233.810302734375 -1.6384581327438354
130.43258666992188 229.8194580078125 -1.6384581327438354
130.16213989257812 225.82861328125 -1.6384581327438354
129.89169311523438 221.8377685546875 -1.6384581327438354
129.89169311523438 221.8377685546875 -2.0384581089019775
128.29544067382812 218.9273223876953 -2.106450080871582
126.50514221191406 216.13204956054688 -2.1744420528411865
124.23455047607422 212.83895874023438 -2.1744420528411865
121.96395874023438 209.54586791992188 -2.1744420528411865
119.9878921508789 206.87869262695312 -2.242434024810791
117.49881744384766 203.7474822998047 -2.242434024810791
117.49881744384766 203.7474822998047 -2.6424341201782227
113.98687744140625 201.83273315429688 -2.6424341201782227
110.47493743896484 199.91798400878906 -2.6424341201782227
106.96299743652344 198.00323486328125 -2.6424341201782227
103.45105743408203 196.08848571777344 -2.6424341201782227
99.93911743164062 194.17373657226562 -2.6424341201782227
96.42717742919922 192.2589874267578 -2.6424341201782227
92.91523742675781 190.34423828125 -2.6424341201782227
89.4032974243164 188.4294891357422 -2.6424341201782227
85.891357421875 186.51473999023438 -2.6424341201782227
82.3794174194336 184.59999084472656 -2.6424341201782227
78.86747741699219 182.68524169921875 -2.6424341201782227
75.35553741455078 180.77049255371094 -2.6424341201782227
71.84359741210938 178.85574340820312 -2.6424341201782227
68.33165740966797 176.9409942626953 -2.6424341201782227
64.81971740722656 175.0262451171875 -2.6424341201782227
61.30777359008789 173.1114959716797 -2.6424341201782227
57.79582977294922 171.19674682617188 -2.6424341201782227
54.28388595581055 169.28199768066406 -2.6424341201782227
50.771942138671875 167.36724853515625 -2.6424341201782227
47.2599983215332 165.45249938964844 -2.6424341201782227
43.74805450439453 163.53775024414062 -2.6424341201782227
40.23611068725586 161.6230010986328 -2.6424341201782227
36.72416687011719 159.708251953125 -2.6424341201782227
33.212223052978516 157.7935028076172 -2.6424341201782227
29.700281143188477 155.87875366210938 -2.6424341201782227
29.700281143188477 155.87875366210938 -2.6424341201782227
29.700281143188477 155.87875366210938 -2.6424341201782227
29.700281143188477 155.87875366210938 -2.6424341201782227
29.700281143188477 155.87875366210938 -2.6424341201782227
29.700281143188477 155.87875366210938 -2.6424341201782227
29.700281143188477 155.87875366210938 -2.6424341201782227
29.700281143188477 155.87875366210938 -2.6424341201782227
29.700281143188477 155.87875366210938 -2.6424341201782227
29.700281143188477 155.87875366210938 -2.6424341201782227
29.700281143188477 155.87875366210938 -2.6424341201782227
