62.828426361083984 452.82843017578125 0.7853981852531433
65.65685272216797 455.6568603515625 0.7853981852531433
68.48528289794922 458.48529052734375 0.7853981852531433
71.31371307373047 461.313720703125 0.7853981852531433
74.14214324951172 464.14215087890625 0.7853981852531433
76.97057342529297 466.9705810546875 0.7853981852531433
79.79900360107422 469.79901123046875 0.7853981852531433
82.62743377685547 472.62744140625 0.7853981852531433
85.45586395263672 475.45587158203125 0.7853981852531433
88.28429412841797 478.2843017578125 0.7853981852531433
91.11272430419922 481.11273193359375 0.7853981852531433
93.94115447998047 483.941162109375 0.7853981852531433
96.76958465576172 486.76959228515625 0.7853981852531433
99.59801483154297 489.5980224609375 0.7853981852531433
102.42644500732422 492.42645263671875 0.7853981852531433
105.25487518310547 495.2548828125 0.7853981852531433
108.08330535888672 498.08331298828125 0.7853981852531433
110.91173553466797 500.9117431640625 0.7853981852531433
113.74016571044922 503.74017333984375 0.7853981852531433
116.56859588623047 506.568603515625 0.7853981852531433
119.39702606201172 509.39703369140625 0.7853981852531433
122.22545623779297 512.2254638671875 0.7853981852531433
125.05388641357422 515.0538940429688 0.7853981852531433
127.88231658935547 517.88232421875 0.7853981852531433
130.7107391357422 520.7107543945312 0.7853981852531433
133.53916931152344 523.5391845703125 0.7853981852531433
136.3675994873047 526.3676147460938 0.7853981852531433
136.3675994873047 526.3676147460938 0.38539817929267883
140.07418823242188 527.871337890625 0.38539817929267883
143.78077697753906 529.3750610351562 0.38539817929267883
147.48736572265625 530.8787841796875 0.38539817929267883
147.48736572265625 530.8787841796875 -0.014601826667785645
151.4869384765625 530.8203735351562 -0.014601826667785645
155.48651123046875 530.761962890625 -0.014601826667785645
159.486083984375 530.7035522460938 -0.014601826667785645
163.48565673828125 530.6451416015625 -0.014601826667785645
167.4852294921875 530.5867309570312 -0.014601826667785645
171.48480224609375 530.5283203125 -0.014601826667785645
175.484375 530.4699096679688 -0.014601826667785645
175.484375 530.4699096679688 -0.4146018326282501
179.14547729492188 528.8585815429688 -0.4146018326282501
182.80657958984375 527.2472534179688 -0.4146018326282501
186.46768188476562 525.6359252929688 -0.4146018326282501
190.1287841796875 524.0245971679688 -0.4146018326282501
193.78988647460938 522.4132690429688 -0.4146018326282501
197.45098876953125 520.8019409179688 -0.4146018326282501
201.11209106445312 519.1906127929688 -0.4146018326282501
204.773193359375 517.5792846679688 -0.4146018326282501
208.43429565429688 515.9679565429688 -0.4146018326282501
212.09539794921875 514.3566284179688 -0.4146018326282501
215.75650024414062 512.7453002929688 -0.4146018326282501
219.4176025390625 511.1340026855469 -0.4146018326282501
223.07870483398438 509.522705078125 -0.4146018326282501
223.07870483398438 509.522705078125 -0.8146018385887146
225.82333374023438 506.6128845214844 -0.8146018385887146
228.56796264648438 503.70306396484375 -0.8146018385887146
231.31259155273438 500.7932434082031 -0.8146018385887146
234.05722045898438 497.8834228515625 -0.8146018385887146
236.80184936523438 494.9736022949219 -0.8146018385887146
239.54647827148438 492.06378173828125 -0.8146018385887146
242.29110717773438 489.1539611816406 -0.8146018385887146
245.03573608398438 486.244140625 -0.8146018385887146
247.78036499023438 483.3343200683594 -0.8146018385887146
250.52499389648438 480.42449951171875 -0.8146018385887146
253.26962280273438 477.5146789550781 -0.8146018385887146
256.0142517089844 474.6048583984375 -0.8146018385887146
258.7588806152344 471.6950378417969 -0.8146018385887146
261.5035095214844 468.78521728515625 -0.8146018385887146
264.2481384277344 465.8753967285156 -0.8146018385887146
266.9927673339844 462.965576171875 -0.8146018385887146
269.7373962402344 460.0557556152344 -0.8146018385887146
272.4820251464844 457.14593505859375 -0.8146018385887146
275.2266540527344 454.2361145019531 -0.8146018385887146
277.9712829589844 451.3262939453125 -0.8146018385887146
280.7159118652344 448.4164733886719 -0.8146018385887146
283.4605407714844 445.50665283203125 -0.8146018385887146
286.2051696777344 442.5968322753906 -0.8146018385887146
288.9497985839844 439.68701171875 -0.8146018385887146
291.6944274902344 436.7771911621094 -0.8146018385887146
294.4390563964844 433.86737060546875 -0.8146018385887146
297.1836853027344 430.9575500488281 -0.8146018385887146
299.9283142089844 428.0477294921875 -0.8146018385887146
299.9283142089844 428.0477294921875 -0.4146018326282501
299.9283142089844 428.0477294921875 -0.014601826667785645
299.9283142089844 428.0477294921875 0.38539817929267883
303.6349182128906 429.55145263671875 0.38539817929267883
307.3415222167969 431.05517578125 0.38539817929267883
311.0481262207031 432.55889892578125 0.38539817929267883
311.0481262207031 432.55889892578125 0.7853981852531433
313.8765563964844 435.3873291015625 0.7853981852531433
316.7049865722656 438.21575927734375 0.7853981852531433
319.5334167480469 441.044189453125 0.7853981852531433
322.3618469238281 443.87261962890625 0.7853981852531433
325.1902770996094 446.7010498046875 0.7853981852531433
328.0187072753906 449.52947998046875 0.7853981852531433
330.8471374511719 452.35791015625 0.7853981852531433
333.6755676269531 455.18634033203125 0.7853981852531433
336.5039978027344 458.0147705078125 0.7853981852531433
339.3324279785156 460.84320068359375 0.7853981852531433
342.1608581542969 463.671630859375 0.7853981852531433
344.9892883300781 466.50006103515625 0.7853981852531433
347.8177185058594 469.3284912109375 0.7853981852531433
350.6461486816406 472.15692138671875 0.7853981852531433
353.4745788574219 474.9853515625 0.7853981852531433
356.3030090332031 477.81378173828125 0.7853981852531433
359.1314392089844 480.6422119140625 0.7853981852531433
361.9598693847656 483.47064208984375 0.7853981852531433
364.7882995605469 486.299072265625 0.7853981852531433
367.6167297363281 489.12750244140625 0.7853981852531433
370.4451599121094 491.9559326171875 0.7853981852531433
373.2735900878906 494.78436279296875 0.7853981852531433
376.1020202636719 497.61279296875 0.7853981852531433
378.9304504394531 500.44122314453125 0.7853981852531433
381.7588806152344 503.2696533203125 0.7853981852531433
384.5873107910156 506.09808349609375 0.7853981852531433
387.4157409667969 508.926513671875 0.7853981852531433
390.2441711425781 511.75494384765625 0.7853981852531433
393.0726013183594 514.5833740234375 0.7853981852531433
395.9010314941406 517.4118041992188 0.7853981852531433
398.7294616699219 520.240234375 0.7853981852531433
401.5578918457031 523.0686645507812 0.7853981852531433
404.3863220214844 525.8970947265625 0.7853981852531433
404.3863220214844 525.8970947265625 0.38539817929267883
408.0929260253906 527.4008178710938 0.38539817929267883
411.7995300292969 528.904541015625 0.38539817929267883
415.5061340332031 530.4082641601562 0.38539817929267883
419.2127380371094 531.9119873046875 0.38539817929267883
422.9193420410156 533.4157104492188 0.38539817929267883
426.6259460449219 534.91943359375 0.38539817929267883
430.3325500488281 536.4231567382812 0.38539817929267883
434.0391540527344 537.9268798828125 0.38539817929267883
437.7457580566406 539.4306030273438 0.38539817929267883
441.4523620605469 540.934326171875 0.38539817929267883
445.1589660644531 542.4380493164062 0.38539817929267883
448.8655700683594 543.9417724609375 0.38539817929267883
452.5721740722656 545.4454956054688 0.38539817929267883
452.5721740722656 545.4454956054688 -0.014601826667785645
456.5717468261719 545.3870849609375 -0.014601826667785645
460.5713195800781 545.3286743164062 -0.014601826667785645
464.5708923339844 545.270263671875 -0.014601826667785645
468.5704650878906 545.2118530273438 -0.014601826667785645
472.5700378417969 545.1534423828125 -0.014601826667785645
476.5696105957031 545.0950317382812 -0.014601826667785645
480.5691833496094 545.03662109375 -0.014601826667785645
484.5687561035156 544.9782104492188 -0.014601826667785645
488.5683288574219 544.9197998046875 -0.014601826667785645
492.5679016113281 544.8613891601562 -0.014601826667785645
496.5674743652344 544.802978515625 -0.014601826667785645
500.5670471191406 544.7445678710938 -0.014601826667785645
500.5670471191406 544.7445678710938 -0.4146018326282501
504.2281494140625 543.1332397460938 -0.4146018326282501
507.8892517089844 541.5219116210938 -0.4146018326282501
511.55035400390625 539.9105834960938 -0.4146018326282501
515.2114868164062 538.2992553710938 -0.4146018326282501
518.8726196289062 536.6879272460938 -0.4146018326282501
522.5337524414062 535.0765991210938 -0.4146018326282501
526.1948852539062 533.4652709960938 -0.4146018326282501
526.1948852539062 533.4652709960938 -0.8146018385887146
528.9395141601562 530.5554809570312 -0.8146018385887146
528.9395141601562 530.5554809570312 -1.2146018743515015
530.3343505859375 526.8065795898438 -1.2146018743515015
531.7291870117188 523.0576782226562 -1.2146018743515015
533.1240234375 519.3087768554688 -1.2146018743515015
534.5188598632812 515.5598754882812 -1.2146018743515015
535.9136962890625 511.8109436035156 -1.2146018743515015
535.9136962890625 511.8109436035156 -1.6146018505096436
535.738525390625 507.8147888183594 -1.6146018505096436
535.5633544921875 503.8186340332031 -1.6146018505096436
535.38818359375 499.8224792480469 -1.6146018505096436
535.2130126953125 495.8263244628906 -1.6146018505096436
535.037841796875 491.8301696777344 -1.6146018505096436
534.8626708984375 487.8340148925781 -1.6146018505096436
534.6875 483.8378601074219 -1.6146018505096436
534.5123291015625 479.8417053222656 -1.6146018505096436
534.337158203125 475.8455505371094 -1.6146018505096436
534.337158203125 475.8455505371094 -2.014601945877075
532.61962890625 472.2330627441406 -2.014601945877075
530.902099609375 468.6205749511719 -2.014601945877075
530.902099609375 468.6205749511719 -2.414602041244507
527.9133911132812 465.9620666503906 -2.414602041244507
524.9246826171875 463.3035583496094 -2.414602041244507
521.9359741210938 460.6450500488281 -2.414602041244507
518.947265625 457.9865417480469 -2.414602041244507
515.9585571289062 455.3280334472656 -2.414602041244507
512.9698486328125 452.6695251464844 -2.414602041244507
509.98114013671875 450.0110168457031 -2.414602041244507
506.992431640625 447.3525085449219 -2.414602041244507
504.00372314453125 444.6940002441406 -2.414602041244507
501.0150146484375 442.0354919433594 -2.414602041244507
498.02630615234375 439.3769836425781 -2.414602041244507
495.03759765625 436.7184753417969 -2.414602041244507
492.04888916015625 434.0599670410156 -2.414602041244507
489.0601806640625 431.4014587402344 -2.414602041244507
486.07147216796875 428.7429504394531 -2.414602041244507
483.082763671875 426.0844421386719 -2.414602041244507
480.09405517578125 423.4259338378906 -2.414602041244507
477.1053466796875 420.7674255371094 -2.414602041244507
474.11663818359375 418.1089172363281 -2.414602041244507
471.1279296875 415.4504089355469 -2.414602041244507
468.13922119140625 412.7919006347656 -2.414602041244507
465.1505126953125 410.1333923339844 -2.414602041244507
462.16180419921875 407.4748840332031 -2.414602041244507
459.173095703125 404.8163757324219 -2.414602041244507
456.18438720703125 402.1578674316406 -2.414602041244507
453.1956787109375 399.4993591308594 -2.414602041244507
450.20697021484375 396.8408508300781 -2.414602041244507
447.21826171875 394.1823425292969 -2.414602041244507
444.22955322265625 391.5238342285156 -2.414602041244507
441.2408447265625 388.8653259277344 -2.414602041244507
438.25213623046875 386.2068176269531 -2.414602041244507
435.263427734375 383.5483093261719 -2.414602041244507
435.263427734375 383.5483093261719 -2.8146021366119385
431.4753723144531 382.2635192871094 -2.8146021366119385
427.68731689453125 380.9787292480469 -2.8146021366119385
423.8992614746094 379.6939392089844 -2.8146021366119385
420.1112060546875 378.4091491699219 -2.8146021366119385
416.3231506347656 377.1243591308594 -2.8146021366119385
412.53509521484375 375.8395690917969 -2.8146021366119385
408.7470397949219 374.5547790527344 -2.8146021366119385
404.958984375 373.2699890136719 -2.8146021366119385
401.1709289550781 371.9851989746094 -2.8146021366119385
397.38287353515625 370.7004089355469 -2.8146021366119385
393.5948181152344 369.4156188964844 -2.8146021366119385
389.8067626953125 368.1308288574219 -2.8146021366119385
386.0187072753906 366.8460388183594 -2.8146021366119385
382.23065185546875 365.5612487792969 -2.8146021366119385
378.4425964355469 364.2764587402344 -2.8146021366119385
374.654541015625 362.9916687011719 -2.8146021366119385
370.8664855957031 361.7068786621094 -2.8146021366119385
367.07843017578125 360.4220886230469 -2.8146021366119385
363.2903747558594 359.1372985839844 -2.8146021366119385
359.5023193359375 357.8525085449219 -2.8146021366119385
355.7142639160156 356.5677185058594 -2.8146021366119385
351.92620849609375 355.2829284667969 -2.8146021366119385
348.1381530761719 353.9981384277344 -2.8146021366119385
344.35009765625 352.7133483886719 -2.8146021366119385
340.5620422363281 351.4285583496094 -2.8146021366119385
336.77398681640625 350.1437683105469 -2.8146021366119385
332.9859313964844 348.8589782714844 -2.8146021366119385
329.1978759765625 347.5741882324219 -2.8146021366119385
325.4098205566406 346.2893981933594 -2.8146021366119385
321.62176513671875 345.0046081542969 -2.8146021366119385
321.62176513671875 345.0046081542969 -2.414602041244507
318.633056640625 342.3460998535156 -2.414602041244507
315.64434814453125 339.6875915527344 -2.414602041244507
312.6556396484375 337.0290832519531 -2.414602041244507
309.66693115234375 334.3705749511719 -2.414602041244507
306.67822265625 331.7120666503906 -2.414602041244507
303.68951416015625 329.0535583496094 -2.414602041244507
300.7008056640625 326.3950500488281 -2.414602041244507
297.71209716796875 323.7365417480469 -2.414602041244507
294.723388671875 321.0780334472656 -2.414602041244507
291.73468017578125 318.4195251464844 -2.414602041244507
288.7459716796875 315.7610168457031 -2.414602041244507
285.75726318359375 313.1025085449219 -2.414602041244507
282.7685546875 310.4440002441406 -2.414602041244507
279.77984619140625 307.7854919433594 -2.414602041244507
276.7911376953125 305.1269836425781 -2.414602041244507
273.80242919921875 302.4684753417969 -2.414602041244507
270.813720703125 299.8099670410156 -2.414602041244507
267.82501220703125 297.1514587402344 -2.414602041244507
264.8363037109375 294.4929504394531 -2.414602041244507
261.84759521484375 291.8344421386719 -2.414602041244507
258.85888671875 289.1759338378906 -2.414602041244507
255.87017822265625 286.5174255371094 -2.414602041244507
252.8814697265625 283.8589172363281 -2.414602041244507
249.89276123046875 281.2004089355469 -2.414602041244507
246.904052734375 278.5419006347656 -2.414602041244507
246.904052734375 278.5419006347656 -2.014601945877075
245.18653869628906 274.9294128417969 -2.014601945877075
245.18653869628906 274.9294128417969 -1.614601969718933
245.01136779785156 270.9332580566406 -1.614601969718933
244.83619689941406 266.9371032714844 -1.614601969718933
244.66102600097656 262.9409484863281 -1.614601969718933
244.48585510253906 258.9447937011719 -1.614601969718933
244.31068420410156 254.94862365722656 -1.614601969718933
244.13551330566406 250.95245361328125 -1.614601969718933
243.96034240722656 246.95628356933594 -1.614601969718933
243.78517150878906 242.96011352539062 -1.614601969718933
243.61000061035156 238.9639434814453 -1.614601969718933
243.43482971191406 234.9677734375 -1.614601969718933
243.25965881347656 230.9716033935547 -1.614601969718933
243.08448791503906 226.97543334960938 -1.614601969718933
242.90931701660156 222.97926330566406 -1.614601969718933
242.73414611816406 218.98309326171875 -1.614601969718933
242.55897521972656 214.98692321777344 -1.614601969718933
242.38380432128906 210.99075317382812 -1.614601969718933
242.20863342285156 206.9945831298828 -1.614601969718933
242.03346252441406 202.9984130859375 -1.614601969718933
241.85829162597656 199.0022430419922 -1.614601969718933
241.68312072753906 195.00607299804688 -1.614601969718933
241.50794982910156 191.00990295410156 -1.614601969718933
241.33277893066406 187.01373291015625 -1.614601969718933
241.15760803222656 183.01756286621094 -1.614601969718933
240.98243713378906 179.02139282226562 -1.614601969718933
240.80726623535156 175.0252227783203 -1.614601969718933
240.80726623535156 175.0252227783203 -1.214601993560791
240.80726623535156 175.0252227783203 -0.8146020174026489
240.80726623535156 175.0252227783203 -0.41460201144218445
240.80726623535156 175.0252227783203 -0.01460200548171997
244.8068389892578 174.96681213378906 -0.01460200548171997
248.80641174316406 174.9084014892578 -0.01460200548171997
252.8059844970703 174.84999084472656 -0.01460200548171997
256.8055725097656 174.7915802001953 -0.01460200548171997
260.8051452636719 174.73316955566406 -0.01460200548171997
264.8047180175781 174.6747589111328 -0.01460200548171997
268.8042907714844 174.61634826660156 -0.01460200548171997
272.8038635253906 174.5579376220703 -0.01460200548171997
276.8034362792969 174.49952697753906 -0.01460200548171997
280.8030090332031 174.4411163330078 -0.01460200548171997
284.8025817871094 174.38270568847656 -0.01460200548171997
288.8021545410156 174.3242950439453 -0.01460200548171997
292.8017272949219 174.26588439941406 -0.01460200548171997
296.8013000488281 174.2074737548828 -0.01460200548171997
300.8008728027344 174.14906311035156 -0.01460200548171997
304.8004455566406 174.0906524658203 -0.01460200548171997
308.8000183105469 174.03224182128906 -0.01460200548171997
312.7995910644531 173.9738311767578 -0.01460200548171997
316.7991638183594 173.91542053222656 -0.01460200548171997
320.7987365722656 173.8570098876953 -0.01460200548171997
324.7983093261719 173.79859924316406 -0.01460200548171997
328.7978820800781 173.7401885986328 -0.01460200548171997
332.7974548339844 173.68177795410156 -0.01460200548171997
336.7970275878906 173.6233673095703 -0.01460200548171997
340.7966003417969 173.56495666503906 -0.01460200548171997
344.7961730957031 173.5065460205078 -0.01460200548171997
348.7957458496094 173.44813537597656 -0.01460200548171997
352.7953186035156 173.3897247314453 -0.01460200548171997
356.7948913574219 173.33131408691406 -0.01460200548171997
360.7944641113281 173.2729034423828 -0.01460200548171997
364.7940368652344 173.21449279785156 -0.01460200548171997
368.7936096191406 173.1560821533203 -0.01460200548171997
372.7931823730469 173.09767150878906 -0.01460200548171997
376.7927551269531 173.0392608642578 -0.01460200548171997
380.7923278808594 172.98085021972656 -0.01460200548171997
384.7919006347656 172.9224395751953 -0.01460200548171997
388.7914733886719 172.86402893066406 -0.01460200548171997
392.7910461425781 172.8056182861328 -0.01460200548171997
396.7906188964844 172.74720764160156 -0.01460200548171997
400.7901916503906 172.6887969970703 -0.01460200548171997
404.7897644042969 172.63038635253906 -0.01460200548171997
408.7893371582031 172.5719757080078 -0.01460200548171997
412.7889099121094 172.51356506347656 -0.01460200548171997
416.7884826660156 172.4551544189453 -0.01460200548171997
420.7880554199219 172.39674377441406 -0.01460200548171997
424.7876281738281 172.3383331298828 -0.01460200548171997
428.7872009277344 172.27992248535156 -0.01460200548171997
432.7867736816406 172.2215118408203 -0.01460200548171997
436.7863464355469 172.16310119628906 -0.01460200548171997
440.7859191894531 172.1046905517578 -0.01460200548171997
444.7854919433594 172.04627990722656 -0.01460200548171997
448.7850646972656 171.9878692626953 -0.01460200548171997
452.7846374511719 171.92945861816406 -0.01460200548171997
456.7842102050781 171.8710479736328 -0.01460200548171997
460.7837829589844 171.81263732910156 -0.01460200548171997
464.7833557128906 171.7542266845703 -0.01460200548171997
468.7829284667969 171.69581604003906 -0.01460200548171997
472.7825012207031 171.6374053955078 -0.01460200548171997
476.7820739746094 171.57899475097656 -0.01460200548171997
480.7816467285156 171.5205841064453 -0.01460200548171997
484.7812194824219 171.46217346191406 -0.01460200548171997
488.7807922363281 171.4037628173828 -0.01460200548171997
492.7803649902344 171.34535217285156 -0.01460200548171997
496.7799377441406 171.2869415283203 -0.01460200548171997
500.7795104980469 171.22853088378906 -0.01460200548171997
504.7790832519531 171.1701202392578 -0.01460200548171997
508.7786560058594 171.11170959472656 -0.01460200548171997
512.7782592773438 171.0532989501953 -0.01460200548171997
512.7782592773438 171.0532989501953 -0.41460201144218445
516.4393920898438 169.44200134277344 -0.41460201144218445
520.1005249023438 167.83070373535156 -0.41460201144218445
523.7616577148438 166.2194061279297 -0.41460201144218445
527.4227905273438 164.6081085205078 -0.41460201144218445
527.4227905273438 164.6081085205078 -0.8146020174026489
527.4227905273438 164.6081085205078 -1.214601993560791
528.817626953125 160.85919189453125 -1.214601993560791
530.2124633789062 157.1102752685547 -1.214601993560791
531.6072998046875 153.36135864257812 -1.214601993560791
533.0021362304688 149.61244201660156 -1.214601993560791
534.39697265625 145.863525390625 -1.214601993560791
535.7918090820312 142.11460876464844 -1.214601993560791
537.1866455078125 138.36569213867188 -1.214601993560791
538.5814819335938 134.6167755126953 -1.214601993560791
539.976318359375 130.86785888671875 -1.214601993560791
541.3711547851562 127.11893463134766 -1.214601993560791
542.7659912109375 123.37001037597656 -1.214601993560791
544.1608276367188 119.62108612060547 -1.214601993560791
545.5556640625 115.87216186523438 -1.214601993560791
545.5556640625 115.87216186523438 -1.614601969718933
545.3804931640625 111.8759994506836 -1.614601969718933
545.205322265625 107.87983703613281 -1.614601969718933
545.0301513671875 103.88367462158203 -1.614601969718933
544.85498046875 99.88751220703125 -1.614601969718933
544.6798095703125 95.89134979248047 -1.614601969718933
544.6798095703125 95.89134979248047 -2.014601945877075
542.9622802734375 92.27885437011719 -2.014601945877075
541.2447509765625 88.6663589477539 -2.014601945877075
539.5272216796875 85.05386352539062 -2.014601945877075
537.8096923828125 81.44136810302734 -2.014601945877075
536.0921630859375 77.82887268066406 -2.014601945877075
534.3746337890625 74.21637725830078 -2.014601945877075
532.6571044921875 70.6038818359375 -2.014601945877075
532.6571044921875 70.6038818359375 -2.414602041244507
529.6683959960938 67.94538879394531 -2.414602041244507
529.6683959960938 67.94538879394531 -2.8146021366119385
525.88037109375 66.66061401367188 -2.8146021366119385
522.0923461914062 65.37583923339844 -2.8146021366119385
518.3043212890625 64.091064453125 -2.8146021366119385
514.5162963867188 62.8062858581543 -2.8146021366119385
510.7282409667969 61.521507263183594 -2.8146021366119385
506.940185546875 60.23672866821289 -2.8146021366119385
503.1521301269531 58.95195007324219 -2.8146021366119385
499.36407470703125 57.667171478271484 -2.8146021366119385
495.5760192871094 56.38239288330078 -2.8146021366119385
491.7879638671875 55.09761428833008 -2.8146021366119385
487.9999084472656 53.812835693359375 -2.8146021366119385
484.21185302734375 52.52805709838867 -2.8146021366119385
480.4237976074219 51.24327850341797 -2.8146021366119385
476.6357421875 49.958499908447266 -2.8146021366119385
472.8476867675781 48.67372131347656 -2.8146021366119385
469.05963134765625 47.38894271850586 -2.8146021366119385
465.2715759277344 46.104164123535156 -2.8146021366119385
461.4835205078125 44.81938552856445 -2.8146021366119385
457.6954650878906 43.53460693359375 -2.8146021366119385
453.90740966796875 42.24982833862305 -2.8146021366119385
450.1193542480469 40.965049743652344 -2.8146021366119385
446.331298828125 39.68027114868164 -2.8146021366119385
442.5432434082031 38.39549255371094 -2.8146021366119385
438.75518798828125 37.110713958740234 -2.8146021366119385
438.75518798828125 37.110713958740234 3.0685830116271973
434.7658386230469 37.40249252319336 3.0685830116271973
430.7764892578125 37.694271087646484 3.0685830116271973
426.7871398925781 37.98604965209961 3.0685830116271973
422.79779052734375 38.277828216552734 3.0685830116271973
418.8084411621094 38.56960678100586 3.0685830116271973
414.819091796875 38.861385345458984 3.0685830116271973
410.8297424316406 39.15316390991211 3.0685830116271973
406.84039306640625 39.444942474365234 3.0685830116271973
402.8510437011719 39.73672103881836 3.0685830116271973
398.8616943359375 40.028499603271484 3.0685830116271973
394.8723449707031 40.32027816772461 3.0685830116271973
390.88299560546875 40.612056732177734 3.0685830116271973
386.8936462402344 40.90383529663086 3.0685830116271973
382.904296875 41.195613861083984 3.0685830116271973
378.9149475097656 41.48739242553711 3.0685830116271973
374.92559814453125 41.779170989990234 3.0685830116271973
370.9362487792969 42.07094955444336 3.0685830116271973
366.9468994140625 42.362728118896484 3.0685830116271973
362.9575500488281 42.65450668334961 3.0685830116271973
358.96820068359375 42.946285247802734 3.0685830116271973
354.9788513183594 43.23806381225586 3.0685830116271973
350.989501953125 43.529842376708984 3.0685830116271973
347.0001525878906 43.82162094116211 3.0685830116271973
343.01080322265625 44.113399505615234 3.0685830116271973
339.0214538574219 44.40517807006836 3.0685830116271973
335.0321044921875 44.696956634521484 3.0685830116271973
331.0427551269531 44.98873519897461 3.0685830116271973
327.05340576171875 45.280513763427734 3.0685830116271973
323.0640563964844 45.57229232788086 3.0685830116271973
319.07470703125 45.864070892333984 3.0685830116271973
315.0853576660156 46.15584945678711 3.0685830116271973
311.09600830078125 46.447628021240234 3.0685830116271973
307.1066589355469 46.73940658569336 3.0685830116271973
303.1173095703125 47.031185150146484 3.0685830116271973
299.1279602050781 47.32296371459961 3.0685830116271973
295.13861083984375 47.614742279052734 3.0685830116271973
291.1492614746094 47.90652084350586 3.0685830116271973
287.159912109375 48.198299407958984 3.0685830116271973
283.1705627441406 48.49007797241211 3.0685830116271973
279.18121337890625 48.781856536865234 3.0685830116271973
275.1918640136719 49.07363510131836 3.0685830116271973
271.2025146484375 49.365413665771484 3.0685830116271973
267.2131652832031 49.65719223022461 3.0685830116271973
263.22381591796875 49.948970794677734 3.0685830116271973
259.2344665527344 50.24074935913086 3.0685830116271973
255.2451171875 50.532527923583984 3.0685830116271973
251.25576782226562 50.82430648803711 3.0685830116271973
247.26641845703125 51.116085052490234 3.0685830116271973
243.27706909179688 51.40786361694336 3.0685830116271973
239.2877197265625 51.699642181396484 3.0685830116271973
235.29837036132812 51.99142074584961 3.0685830116271973
231.30902099609375 52.283199310302734 3.0685830116271973
227.31967163085938 52.57497787475586 3.0685830116271973
223.330322265625 52.866756439208984 3.0685830116271973
219.34097290039062 53.15853500366211 3.0685830116271973
215.35162353515625 53.450313568115234 3.0685830116271973
211.36227416992188 53.74209213256836 3.0685830116271973
207.3729248046875 54.033870697021484 3.0685830116271973
203.38357543945312 54.32564926147461 3.0685830116271973
199.39422607421875 54.617427825927734 3.0685830116271973
195.40487670898438 54.90920639038086 3.0685830116271973
191.41552734375 55.200984954833984 3.0685830116271973
187.42617797851562 55.49276351928711 3.0685830116271973
183.43682861328125 55.784542083740234 3.0685830116271973
179.44747924804688 56.07632064819336 3.0685830116271973
175.4581298828125 56.368099212646484 3.0685830116271973
171.46878051757812 56.65987777709961 3.0685830116271973
167.47943115234375 56.951656341552734 3.0685830116271973
163.49008178710938 57.24343490600586 3.0685830116271973
159.500732421875 57.535213470458984 3.0685830116271973
155.51138305664062 57.82699203491211 3.0685830116271973
151.52203369140625 58.118770599365234 3.0685830116271973
147.53268432617188 58.41054916381836 3.0685830116271973
143.5433349609375 58.702327728271484 3.0685830116271973
139.55398559570312 58.99410629272461 3.0685830116271973
135.56463623046875 59.285884857177734 3.0685830116271973
131.57528686523438 59.57766342163086 3.0685830116271973
127.58594512939453 59.869441986083984 3.0685830116271973
123.59660339355469 60.16122055053711 3.0685830116271973
119.60726165771484 60.452999114990234 3.0685830116271973
115.617919921875 60.74477767944336 3.0685830116271973
111.62857818603516 61.036556243896484 3.0685830116271973
107.63923645019531 61.32833480834961 3.0685830116271973
103.64989471435547 61.620113372802734 3.0685830116271973
99.66055297851562 61.91189193725586 3.0685830116271973
95.67121124267578 62.203670501708984 3.0685830116271973
91.68186950683594 62.49544906616211 3.0685830116271973
87.6925277709961 62.787227630615234 3.0685830116271973
83.70318603515625 63.07900619506836 3.0685830116271973
79.7138442993164 63.370784759521484 3.0685830116271973
75.72450256347656 63.66256332397461 3.0685830116271973
71.73516082763672 63.954341888427734 3.0685830116271973
67.74581909179688 64.24612426757812 3.0685830116271973
67.74581909179688 64.24612426757812 2.6685829162597656
64.18501281738281 66.06839752197266 2.6685829162597656
60.62420654296875 67.89067077636719 2.6685829162597656
57.06340026855469 69.71294403076172 2.6685829162597656
53.502593994140625 71.53521728515625 2.6685829162597656
49.94178771972656 73.35749053955078 2.6685829162597656
46.3809814453125 75.17976379394531 2.6685829162597656
42.82017517089844 77.00203704833984 2.6685829162597656
39.259368896484375 78.82431030273438 2.6685829162597656
35.69856262207031 80.6465835571289 2.6685829162597656
35.69856262207031 80.6465835571289 2.268582820892334
35.69856262207031 80.6465835571289 1.868582844734192
35.69856262207031 80.6465835571289 1.4685828685760498
35.69856262207031 80.6465835571289 1.0685828924179077
35.69856262207031 80.6465835571289 1.4685828685760498
35.69856262207031 80.6465835571289 1.0685828924179077
35.69856262207031 80.6465835571289 1.4685828685760498
35.69856262207031 80.6465835571289 1.0685828924179077
35.69856262207031 80.6465835571289 1.4685828685760498
35.69856262207031 80.6465835571289 1.0685828924179077
