62.520164489746094 452.6147155761719 0.8222246170043945
64.94235229492188 455.3204650878906 0.8590510487556458
67.26327514648438 458.1135559082031 0.895877480506897
69.47978973388672 460.9902038574219 0.9327039122581482
71.5888900756836 463.9465026855469 0.9695303440093994
73.58771514892578 466.97845458984375 1.0063567161560059
75.47355651855469 470.0819396972656 1.0431830883026123
77.24385070800781 473.25274658203125 1.0800094604492188
78.89620208740234 476.4866027832031 1.1168358325958252
80.4283676147461 479.7790832519531 1.1536622047424316
81.83827209472656 483.1257629394531 1.190488576889038
83.1240005493164 486.5220642089844 1.2273149490356445
84.2838134765625 489.9634094238281 1.264141321182251
85.3161392211914 493.44512939453125 1.3009676933288574
86.21957397460938 496.9624938964844 1.3377940654754639
86.9928970336914 500.5107421875 1.3746204376220703
87.63505554199219 504.0850524902344 1.4114468097686768
88.14517974853516 507.6805725097656 1.4482731819152832
88.52257537841797 511.2924499511719 1.4850995540618896
88.76673126220703 514.915771484375 1.521925926208496
88.8773193359375 518.5455932617188 1.5587522983551025
88.92549133300781 522.5452880859375 1.5587522983551025
88.97366333007812 526.5449829101562 1.5587522983551025
89.02183532714844 530.544677734375 1.5587522983551025
89.07000732421875 534.5443725585938 1.5587522983551025
89.11817932128906 538.5440673828125 1.5587522983551025
89.16635131835938 542.5437622070312 1.5587522983551025
89.21452331542969 546.54345703125 1.5587522983551025
89.2626953125 550.5431518554688 1.5587522983551025
89.31086730957031 554.5428466796875 1.5587522983551025
89.35903930664062 558.5425415039062 1.5587522983551025
89.40721130371094 562.542236328125 1.5587522983551025
89.45538330078125 566.5419311523438 1.5587522983551025
89.50355529785156 570.5416259765625 1.5587522983551025
89.55172729492188 574.5413208007812 1.5587522983551025
89.52904510498047 578.1753540039062 1.5953216552734375
89.52904510498047 578.1753540039062 1.6311897039413452
89.52904510498047 578.1753540039062 1.6503355503082275
89.52904510498047 578.1753540039062 2.050335645675659
89.52904510498047 578.1753540039062 2.450335741043091
89.52904510498047 578.1753540039062 2.8503358364105225
89.52904510498047 578.1753540039062 -3.0328493118286133
89.52904510498047 578.1753540039062 -2.6328492164611816
89.52904510498047 578.1753540039062 -2.23284912109375
87.34972381591797 575.2704467773438 -2.1960227489471436
85.2788314819336 572.2872314453125 -2.159196376800537
83.31918334960938 569.2297973632812 -2.1223700046539307
81.47342681884766 566.102294921875 -2.085543632507324
79.74407196044922 562.908935546875 -2.0487172603607178
78.13346099853516 559.6541137695312 -2.0118908882141113
76.64378356933594 556.3421630859375 -1.9750645160675049
75.27705383300781 552.9776611328125 -1.9382381439208984
74.03512573242188 549.5650634765625 -1.901411771774292
72.91968536376953 546.1090698242188 -1.8645853996276855
71.93224334716797 542.6143798828125 -1.827759027481079
71.07413482666016 539.085693359375 -1.7909326553344727
70.34652709960938 535.5277709960938 -1.7541062831878662
69.75041198730469 531.9454956054688 -1.7172799110412598
69.28659057617188 528.3436889648438 -1.6804535388946533
68.95569610595703 524.727294921875 -1.6436271667480469
68.75817108154297 521.1011352539062 -1.6068007946014404
68.69429016113281 517.4701538085938 -1.569974422454834
68.7641372680664 513.8392944335938 -1.5331480503082275
68.96762084960938 510.2134704589844 -1.496321678161621
69.30445861816406 506.59759521484375 -1.4594953060150146
69.77420043945312 502.99658203125 -1.4226689338684082
70.37620544433594 499.415283203125 -1.3858425617218018
71.10965728759766 495.85858154296875 -1.3490161895751953
71.97356414794922 492.331298828125 -1.3121898174285889
72.96675109863281 488.8382263183594 -1.2753634452819824
74.08787536621094 485.38409423828125 -1.238537073135376
75.33541107177734 481.97357177734375 -1.2017107009887695
76.70767211914062 478.6112976074219 -1.164884328842163
78.20279693603516 475.30181884765625 -1.1280579566955566
79.81875610351562 472.04962158203125 -1.0912315845489502
81.55335998535156 468.859130859375 -1.0544052124023438
83.40425109863281 465.73468017578125 -1.0175788402557373
85.36892700195312 462.68048095703125 -0.9807524085044861
87.44471740722656 459.70068359375 -0.9439259767532349
89.6288070678711 456.7993469238281 -0.9070995450019836
91.91824340820312 453.9803771972656 -0.8702731132507324
94.3099136352539 451.24761962890625 -0.8334466814994812
96.80057525634766 448.6047668457031 -0.79662024974823
99.38685607910156 446.055419921875 -0.7597938179969788
102.06524658203125 443.60302734375 -0.7229673862457275
104.83210754394531 441.25091552734375 -0.6861409544944763
107.68370056152344 439.00225830078125 -0.6493145227432251
110.61614990234375 436.860107421875 -0.6124880909919739
113.62548065185547 434.827392578125 -0.5756616592407227
116.70761108398438 432.9068603515625 -0.5388352274894714
116.70761108398438 432.9068603515625 -0.9388352632522583
118.90644836425781 430.0166931152344 -0.9020088315010071
121.210205078125 427.2094421386719 -0.8651823997497559
123.61575317382812 424.4888916015625 -0.8283559679985046
123.61575317382812 424.4888916015625 -1.2283560037612915
124.89794921875 421.09124755859375 -1.191529631614685
126.30436706542969 417.74310302734375 -1.1547032594680786
127.8331069946289 414.44903564453125 -1.1178768873214722
129.48208618164062 411.2134704589844 -1.0810505151748657
131.24908447265625 408.0408020019531 -1.0442241430282593
131.24908447265625 408.0408020019531 -1.4442241191864014
131.7737579345703 404.4473876953125 -1.407397747039795
132.43038940429688 400.8757019042969 -1.3705713748931885
133.2180633544922 397.33062744140625 -1.333745002746582
134.13572692871094 393.81695556640625 -1.2969186305999756
135.18214416503906 390.3394470214844 -1.2600922584533691
136.3558807373047 386.90283203125 -1.2232658863067627
137.6553497314453 383.5117492675781 -1.1864395141601562
137.6553497314453 383.5117492675781 -1.5864394903182983
137.6654052734375 379.8802185058594 -1.549613118171692
137.8091583251953 376.25152587890625 -1.5127867460250854
138.08642578125 372.6305847167969 -1.475960373878479
138.49681091308594 369.0223083496094 -1.4391340017318726
139.03976440429688 365.4316101074219 -1.4023076295852661
139.7145538330078 361.8633117675781 -1.3654812574386597
140.520263671875 358.3222961425781 -1.3286548852920532
141.455810546875 354.8133544921875 -1.2918285131454468
142.51991271972656 351.3412170410156 -1.2550021409988403
142.51991271972656 351.3412170410156 -1.6550021171569824
142.28115844726562 347.717529296875 -1.618175745010376
142.1759796142578 344.0875244140625 -1.5813493728637695
142.20452880859375 340.45611572265625 -1.544523000717163
142.36676025390625 336.8282165527344 -1.5076966285705566
142.66244506835938 333.208740234375 -1.4708702564239502
143.09120178222656 329.60260009765625 -1.4340438842773438
143.65243530273438 326.01470947265625 -1.3972175121307373
144.3453826904297 322.44989013671875 -1.3603911399841309
145.1691131591797 318.91302490234375 -1.3235647678375244
145.1691131591797 318.91302490234375 -1.7235647439956665
144.6826629638672 315.314208984375 -1.68673837184906
144.32904052734375 311.699951171875 -1.6499119997024536
144.10873413085938 308.0751037597656 -1.6130856275558472
144.02203369140625 304.4446105957031 -1.5762592554092407
144.06906127929688 300.8133850097656 -1.5394328832626343
144.249755859375 297.18634033203125 -1.5026065111160278
144.56385803222656 293.56842041015625 -1.4657801389694214
145.01095581054688 289.9645080566406 -1.428953766822815
145.59043884277344 286.3795166015625 -1.3921273946762085
146.30152893066406 282.81829833984375 -1.355301022529602
147.14324951171875 279.2856750488281 -1.3184746503829956
147.14324951171875 279.2856750488281 -1.7184746265411377
146.6751251220703 275.6844482421875 -1.6816482543945312
146.33990478515625 272.06842041015625 -1.6448218822479248
146.13804626464844 268.4425048828125 -1.6079955101013184
146.06982421875 264.8116149902344 -1.571169137954712
146.1353302001953 261.1806640625 -1.5343427658081055
146.33448791503906 257.5545959472656 -1.497516393661499
146.66700744628906 253.93832397460938 -1.4606900215148926
147.1324462890625 250.3367462158203 -1.4238636493682861
147.7301788330078 246.75474548339844 -1.3870372772216797
148.45938110351562 243.19717407226562 -1.3502109050750732
148.45938110351562 243.19717407226562 -1.7502108812332153
147.87722778320312 239.61260986328125 -1.7133845090866089
147.4274444580078 236.00904846191406 -1.6765581369400024
147.1106414794922 232.391357421875 -1.639731764793396
146.92724609375 228.76446533203125 -1.6029053926467896
146.92724609375 228.76446533203125 -2.0029053688049316
145.46739196777344 225.4392852783203 -1.9660789966583252
144.13095092773438 222.06260681152344 -1.9292526245117188
142.91973876953125 218.63902282714844 -1.8924262523651123
141.83538818359375 215.17315673828125 -1.8555998802185059
140.87937927246094 211.6697235107422 -1.8187735080718994
140.87937927246094 211.6697235107422 -2.218773603439331
138.7411651611328 208.7344207763672 -2.1819472312927246
136.71246337890625 205.72238159179688 -2.145120859146118
134.79603576660156 202.63768005371094 -2.1082944869995117
133.67242431640625 200.38861083984375 -1.9599379301071167
133.67242431640625 200.38861083984375 -2.359937906265259
131.14248657226562 197.78334045410156 -2.3231115341186523
131.14248657226562 197.78334045410156 -2.723111629486084
127.85206604003906 196.24673461914062 -2.6862852573394775
124.62045288085938 194.59002685546875 -2.649458885192871
121.4520263671875 192.81546020507812 -2.6126325130462646
118.35108184814453 190.92544555664062 -2.575806140899658
115.32182312011719 188.92254638671875 -2.5389797687530518
112.36836242675781 186.80946350097656 -2.5021533966064453
112.36836242675781 186.80946350097656 -2.902153491973877
108.85688781738281 185.88340759277344 -2.8653271198272705
105.38188934326172 184.8286895751953 -2.828500747680664
101.94808197021484 183.64674377441406 -2.7916743755340576
98.56011962890625 182.33917236328125 -2.754848003387451
95.22259521484375 180.9077606201172 -2.7180216312408447
91.9400405883789 179.35443115234375 -2.6811952590942383
88.7168960571289 177.68130493164062 -2.644368886947632
88.7168960571289 177.68130493164062 -3.0443689823150635
85.109619140625 177.26229858398438 -3.007542610168457
81.52021789550781 176.7107696533203 -2.9707162380218506
77.95355224609375 176.02745056152344 -2.933889865875244
74.41446685791016 175.21328735351562 -2.8970634937286377
70.90775299072266 174.2693634033203 -2.8602371215820312
67.43817138671875 173.1969757080078 -2.823410749435425
64.01042175292969 171.99757385253906 -2.7865843772888184
60.62915802001953 170.6727752685547 -2.749758005142212
57.29896545410156 169.22438049316406 -2.7129316329956055
54.024356842041016 167.65435791015625 -2.676105260848999
50.80977249145508 165.96484375 -2.6392788887023926
47.65957260131836 164.15811157226562 -2.602452516555786
44.57802963256836 162.23663330078125 -2.5656261444091797
41.56932067871094 160.20298767089844 -2.5287997722625732
38.63752746582031 158.05995178222656 -2.491973400115967
35.78662109375 155.8104248046875 -2.4551470279693604
35.78662109375 155.8104248046875 -2.855147123336792
32.32254409790039 154.7203826904297 -2.8183207511901855
32.32254409790039 154.7203826904297 -2.781494379043579
32.32254409790039 154.7203826904297 -2.7446680068969727
32.32254409790039 154.7203826904297 -2.707841634750366
32.32254409790039 154.7203826904297 -2.6710152626037598
32.32254409790039 154.7203826904297 -2.6341888904571533
32.32254409790039 154.7203826904297 -2.597362518310547
32.32254409790039 154.7203826904297 -2.5605361461639404
32.32254409790039 154.7203826904297 -2.523709774017334
32.32254409790039 154.7203826904297 -2.4868834018707275
32.32254409790039 154.7203826904297 -2.450057029724121
