60.0 450.0 1.1853982210159302
60.0 450.0 1.5853981971740723
60.058406829833984 446.00042724609375 1.5853981971740723
60.11681365966797 442.0008544921875 1.5853981971740723
60.17522048950195 438.00128173828125 1.5853981971740723
60.23362731933594 434.001708984375 1.5853981971740723
60.29203414916992 430.00213623046875 1.5853981971740723
60.350440979003906 426.0025634765625 1.5853981971740723
60.40884780883789 422.00299072265625 1.5853981971740723
60.467254638671875 418.00341796875 1.5853981971740723
60.52566146850586 414.00384521484375 1.5853981971740723
60.584068298339844 410.0042724609375 1.5853981971740723
60.64247512817383 406.00469970703125 1.5853981971740723
60.70088195800781 402.005126953125 1.5853981971740723
60.7592887878418 398.00555419921875 1.5853981971740723
60.81769561767578 394.0059814453125 1.5853981971740723
60.876102447509766 390.00640869140625 1.5853981971740723
60.93450927734375 386.0068359375 1.5853981971740723
60.992916107177734 382.00726318359375 1.5853981971740723
61.05132293701172 378.0076904296875 1.5853981971740723
61.1097297668457 374.00811767578125 1.5853981971740723
61.16813659667969 370.008544921875 1.5853981971740723
61.22654342651367 366.00897216796875 1.5853981971740723
61.284950256347656 362.0093994140625 1.5853981971740723
61.34335708618164 358.00982666015625 1.5853981971740723
61.401763916015625 354.01025390625 1.5853981971740723
61.46017074584961 350.01068115234375 1.5853981971740723
61.518577575683594 346.0111083984375 1.5853981971740723
61.57698440551758 342.01153564453125 1.5853981971740723
61.63539123535156 338.011962890625 1.5853981971740723
61.69379806518555 334.01239013671875 1.5853981971740723
61.75220489501953 330.0128173828125 1.5853981971740723
61.810611724853516 326.01324462890625 1.5853981971740723
61.8690185546875 322.013671875 1.5853981971740723
61.927425384521484 318.01409912109375 1.5853981971740723
61.927425384521484 318.01409912109375 1.5853981971740723
61.927425384521484 318.01409912109375 1.5853981971740723
61.927425384521484 318.01409912109375 1.5853981971740723
61.927425384521484 318.01409912109375 1.5853981971740723
61.927425384521484 318.01409912109375 1.5853981971740723
61.927425384521484 318.01409912109375 1.5853981971740723
61.927425384521484 318.01409912109375 1.5853981971740723
61.927425384521484 318.01409912109375 1.5853981971740723
61.927425384521484 318.01409912109375 1.5853981971740723
61.927425384521484 318.01409912109375 1.5853981971740723
