62.5201416015625 452.3910217285156 0.7328305244445801
65.16243743896484 454.6463317871094 0.6802628636360168
67.91958618164062 456.75970458984375 0.6276952028274536
70.78396606445312 458.72528076171875 0.5751275420188904
73.74766540527344 460.5376281738281 0.5225598812103271
76.80249786376953 462.1917419433594 0.46999219059944153
79.94002532958984 463.6830749511719 0.4174244999885559
83.15158081054688 465.0074768066406 0.3648568093776703
86.42829132080078 466.16131591796875 0.31228911876678467
89.76110076904297 467.1413879394531 0.25972142815589905
93.14080047607422 467.9449768066406 0.20715373754501343
96.55805206298828 468.56988525390625 0.1545860469341278
100.00341796875 469.0143737792969 0.10201836377382278
103.4673843383789 469.2772216796875 0.04945068061351776
106.94037628173828 469.3576965332031 -0.003117002546787262
110.41279602050781 469.2555847167969 -0.055684685707092285
113.87505340576172 468.9711608886719 -0.10825236886739731
117.31758117675781 468.50518798828125 -0.16082005202770233
120.73087310791016 467.8589782714844 -0.21338772773742676
120.73087310791016 467.8589782714844 -0.6133877038955688
120.73087310791016 467.8589782714844 -1.013387680053711
120.73087310791016 467.8589782714844 -1.413387656211853
121.35791015625 463.9084167480469 -1.413387656211853
121.98494720458984 459.9578552246094 -1.413387656211853
122.61198425292969 456.0072937011719 -1.413387656211853
123.23902130126953 452.0567321777344 -1.413387656211853
123.86605834960938 448.1061706542969 -1.413387656211853
124.49309539794922 444.1556091308594 -1.413387656211853
125.12013244628906 440.2050476074219 -1.413387656211853
125.7471694946289 436.2544860839844 -1.413387656211853
126.37420654296875 432.3039245605469 -1.413387656211853
127.0012435913086 428.3533630371094 -1.413387656211853
127.62828063964844 424.4028015136719 -1.413387656211853
128.2553253173828 420.4522399902344 -1.413387656211853
128.8823699951172 416.5016784667969 -1.413387656211853
129.50941467285156 412.5511169433594 -1.413387656211853
130.13645935058594 408.6005554199219 -1.413387656211853
130.7635040283203 404.6499938964844 -1.413387656211853
131.3905487060547 400.6994323730469 -1.413387656211853
132.01759338378906 396.7488708496094 -1.413387656211853
132.64463806152344 392.7983093261719 -1.413387656211853
133.10348510742188 389.33941650390625 -1.4644309282302856
133.38137817382812 385.8766174316406 -1.5169986486434937
133.47694396972656 382.4040222167969 -1.5695663690567017
133.38992309570312 378.9311828613281 -1.6221340894699097
133.12054443359375 375.46771240234375 -1.6747018098831177
132.6695556640625 372.023193359375 -1.7272695302963257
132.03819274902344 368.60711669921875 -1.7798372507095337
131.22821044921875 365.22894287109375 -1.8324049711227417
130.24185180664062 361.8979797363281 -1.8849726915359497
129.0818328857422 358.6234436035156 -1.9375404119491577
127.7513656616211 355.4143981933594 -1.9901081323623657
126.25411987304688 352.2796936035156 -2.042675733566284
124.59423828125 349.2279968261719 -2.095243453979492
122.77629852294922 346.2677307128906 -2.1478111743927
120.80532836914062 343.4070739746094 -2.200378894805908
118.686767578125 340.6539306640625 -2.252946615219116
118.686767578125 340.6539306640625 -2.305514335632324
118.686767578125 340.6539306640625 -2.3580820560455322
118.686767578125 340.6539306640625 -2.758082151412964
118.686767578125 340.6539306640625 3.125102996826172
118.686767578125 340.6539306640625 2.7251029014587402
118.686767578125 340.6539306640625 2.3251028060913086
118.5750961303711 340.8301696777344 1.9460920095443726
118.53655242919922 341.03521728515625 1.5670812129974365
118.6407470703125 344.507568359375 1.5145134925842285
118.92725372314453 347.96966552734375 1.4619457721710205
119.39527130126953 351.41192626953125 1.4093780517578125
120.04351043701172 354.8248291015625 1.3568103313446045
120.87017822265625 358.198974609375 1.3042426109313965
121.87299346923828 361.5249938964844 1.2516748905181885
123.04918670654297 364.7937316894531 1.1991071701049805
124.3955078125 367.99615478515625 1.1465394496917725
125.90823364257812 371.1234130859375 1.0939717292785645
127.58319091796875 374.1668701171875 1.0414040088653564
129.41574096679688 377.1181335449219 0.9888363480567932
131.4008331298828 379.9690246582031 0.93626868724823
133.53297424316406 382.711669921875 0.8837010264396667
135.80628967285156 385.3385009765625 0.8311333656311035
138.2144775390625 387.8422546386719 0.7785657048225403
140.7509002685547 390.21600341796875 0.725998044013977
140.7509002685547 390.21600341796875 0.3259980380535126
144.06996154785156 391.2416687011719 0.27343034744262695
144.06996154785156 391.2416687011719 -0.12656965851783752
144.06996154785156 391.2416687011719 -0.526569664478302
144.06996154785156 391.2416687011719 -0.9265697002410889
144.06996154785156 391.2416687011719 -1.326569676399231
144.0813751220703 391.0333557128906 -1.705580472946167
143.5438690185547 387.06964111328125 -1.705580472946167
143.00636291503906 383.1059265136719 -1.705580472946167
142.46885681152344 379.1422119140625 -1.705580472946167
141.9313507080078 375.1784973144531 -1.705580472946167
141.3938446044922 371.21478271484375 -1.705580472946167
140.85633850097656 367.2510681152344 -1.705580472946167
140.29922485351562 363.8216857910156 -1.758107304573059
139.56283569335938 360.42669677734375 -1.810675024986267
138.64907836914062 357.0751037597656 -1.863242745399475
137.56048583984375 353.7761535644531 -1.915810465812683
136.30006408691406 350.5389404296875 -1.9683781862258911
134.87127685546875 347.3724365234375 -2.0209457874298096
133.27809143066406 344.2853698730469 -2.0735135078430176
131.52490234375 341.2862854003906 -2.1260812282562256
129.61654663085938 338.3834533691406 -2.1786489486694336
127.55831146240234 335.5849304199219 -2.2312166690826416
125.35587310791016 332.8984069824219 -2.2837843894958496
123.01531982421875 330.3313293457031 -2.3363521099090576
120.5431137084961 327.8907775878906 -2.3889198303222656
117.94608306884766 325.58349609375 -2.4414875507354736
115.23140716552734 323.4158630371094 -2.4940552711486816
112.40658569335938 321.39385986328125 -2.5466229915618896
109.47942352294922 319.5230712890625 -2.5991907119750977
109.47942352294922 319.5230712890625 -2.9991908073425293
109.47942352294922 319.5230712890625 2.8839943408966064
109.47942352294922 319.5230712890625 2.8314266204833984
109.47942352294922 319.5230712890625 2.7788004875183105
109.47942352294922 319.5230712890625 2.378800392150879
109.47942352294922 319.5230712890625 1.9788004159927368
109.47942352294922 319.5230712890625 1.5788004398345947
109.47942352294922 319.5230712890625 1.1788004636764526
109.59402465820312 319.6974182128906 0.7997896671295166
112.07949829101562 322.1244812011719 0.7472220063209534
114.6890640258789 324.4175720214844 0.6946543455123901
117.41551208496094 326.5704040527344 0.6420866847038269
120.25131225585938 328.5769958496094 0.5895190238952637
123.18862915039062 330.4317932128906 0.5369513630867004
126.21934509277344 332.12969970703125 0.4843836724758148
129.3350830078125 333.666015625 0.4318159818649292
132.52725219726562 335.0364990234375 0.3792482912540436
135.78701782226562 336.23736572265625 0.32668060064315796
139.10537719726562 337.2652893066406 0.27411291003227234
139.10537719726562 337.2652893066406 -0.12588709592819214
139.10537719726562 337.2652893066406 -0.525887131690979
139.10537719726562 337.2652893066406 -0.9258871078491211
139.10537719726562 337.2652893066406 -1.3258870840072632
139.11692810058594 337.0569763183594 -1.7048978805541992
138.58212280273438 333.0928955078125 -1.7048978805541992
138.0473175048828 329.1288146972656 -1.7048978805541992
137.51251220703125 325.16473388671875 -1.7048978805541992
136.9777069091797 321.2006530761719 -1.7048978805541992
136.44290161132812 317.236572265625 -1.7048978805541992
135.90809631347656 313.2724914550781 -1.7048978805541992
135.373291015625 309.30841064453125 -1.7048978805541992
134.83848571777344 305.3443298339844 -1.7048978805541992
134.30368041992188 301.3802490234375 -1.7048978805541992
133.7688751220703 297.4161682128906 -1.7048978805541992
133.23406982421875 293.45208740234375 -1.7048978805541992
132.6992645263672 289.4880065917969 -1.7048978805541992
132.16445922851562 285.52392578125 -1.7048978805541992
131.62965393066406 281.5598449707031 -1.7048978805541992
131.0948486328125 277.59576416015625 -1.7048978805541992
130.56004333496094 273.6316833496094 -1.7048978805541992
130.02523803710938 269.6676025390625 -1.7048978805541992
129.4904327392578 265.7035217285156 -1.7048978805541992
128.95562744140625 261.73944091796875 -1.7048978805541992
128.4208221435547 257.7753601074219 -1.7048978805541992
127.88602447509766 253.811279296875 -1.7048978805541992
127.35122680664062 249.84719848632812 -1.7048978805541992
126.8164291381836 245.88311767578125 -1.7048978805541992
126.28163146972656 241.91903686523438 -1.7048978805541992
126.28163146972656 241.91903686523438 -2.104897975921631
124.43519592285156 238.97645568847656 -2.157465696334839
122.43669891357422 236.13494873046875 -2.210033416748047
120.29165649414062 233.40237426757812 -2.262601137161255
118.0060043334961 230.78628540039062 -2.315168857574463
115.58604431152344 228.2938995361328 -2.367736577987671
113.0384750366211 225.93211364746094 -2.420304298400879
110.37032318115234 223.70745849609375 -2.472872018814087
107.5889663696289 221.62606811523438 -2.525439739227295
104.70208740234375 219.69369506835938 -2.578007459640503
101.71766662597656 217.91567993164062 -2.630575180053711
98.6439437866211 216.2969207763672 -2.683142900466919
95.48941040039062 214.84190368652344 -2.735710620880127
92.26278686523438 213.55465698242188 -2.788278341293335
88.97297668457031 212.438720703125 -2.840846061706543
85.62908172607422 211.49717712402344 -2.893413782119751
82.2403335571289 210.73263549804688 -2.945981502532959
78.81609344482422 210.147216796875 -2.998549222946167
75.3658218383789 209.74252319335938 -3.051116943359375
71.89905548095703 209.51968383789062 -3.103684663772583
68.42536926269531 209.47930908203125 3.1269328594207764
64.95436096191406 209.6215057373047 3.0743651390075684
61.4956169128418 209.9458770751953 3.0217974185943604
58.058692932128906 210.4515380859375 2.9692296981811523
54.6530876159668 211.1370849609375 2.9166619777679443
51.2882080078125 212.00064086914062 2.8640942573547363
47.973350524902344 213.039794921875 2.8115265369415283
44.77943801879883 214.23995971679688 2.7527716159820557
41.60054016113281 215.6409454345703 2.7002038955688477
41.60054016113281 215.6409454345703 2.300203800201416
41.60054016113281 215.6409454345703 1.900203824043274
41.60054016113281 215.6409454345703 1.5002038478851318
41.60054016113281 215.6409454345703 1.1002038717269897
41.728477478027344 215.80575561523438 0.7211930751800537
44.73255157470703 218.44688415527344 0.7211930751800537
47.73662567138672 221.0880126953125 0.7211930751800537
50.740699768066406 223.72914123535156 0.7211930751800537
53.744773864746094 226.37026977539062 0.7211930751800537
56.74884796142578 229.0113983154297 0.7211930751800537
59.75292205810547 231.65252685546875 0.7211930751800537
62.756996154785156 234.2936553955078 0.7211930751800537
65.76107025146484 236.93478393554688 0.7211930751800537
68.76514434814453 239.57591247558594 0.7211930751800537
71.76921844482422 242.217041015625 0.7211930751800537
74.7732925415039 244.85816955566406 0.7211930751800537
77.7773666381836 247.49929809570312 0.7211930751800537
80.78144073486328 250.1404266357422 0.7211930751800537
83.78551483154297 252.78155517578125 0.7211930751800537
86.78958892822266 255.4226837158203 0.7211930751800537
89.45794677734375 257.6470947265625 0.6686254143714905
92.239501953125 259.72821044921875 0.6160577535629272
95.1265640258789 261.6603088378906 0.563490092754364
98.11115264892578 263.43804931640625 0.5109224319458008
101.18502807617188 265.0565185546875 0.45835474133491516
104.3396987915039 266.51123046875 0.40578705072402954
107.56644439697266 267.7981872558594 0.3532193601131439
110.85635375976562 268.913818359375 0.3006516695022583
114.2003402709961 269.85504150390625 0.24808397889137268
114.2003402709961 269.85504150390625 -0.1519160270690918
114.2003402709961 269.85504150390625 -0.5519160032272339
114.2003402709961 269.85504150390625 -0.951915979385376
114.2003402709961 269.85504150390625 -1.351915955543518
115.06888580322266 265.9504699707031 -1.351915955543518
115.93743133544922 262.0458984375 -1.351915955543518
116.80597686767578 258.1413269042969 -1.351915955543518
117.67452239990234 254.23675537109375 -1.351915955543518
118.5430679321289 250.33218383789062 -1.351915955543518
119.41161346435547 246.4276123046875 -1.351915955543518
120.28015899658203 242.52304077148438 -1.351915955543518
121.1487045288086 238.61846923828125 -1.351915955543518
121.1487045288086 238.61846923828125 -1.7519159317016602
120.43335723876953 235.21900939941406 -1.804484248161316
120.43335723876953 235.21900939941406 -2.204484224319458
118.30351257324219 232.47457885742188 -2.257051944732666
116.03240966796875 229.84584045410156 -2.309619665145874
113.6263198852539 227.34007263183594 -2.362187385559082
111.0918960571289 224.9641876220703 -2.41475510597229
108.4361343383789 222.72474670410156 -2.467322826385498
105.66637420654297 220.62794494628906 -2.519890546798706
102.79026794433594 218.67958068847656 -2.572458267211914
99.81575775146484 216.88502502441406 -2.625025987625122
96.75106048583984 215.24923706054688 -2.67759370803833
93.60465240478516 213.77674865722656 -2.730161428451538
90.38521575927734 212.4716033935547 -2.782729148864746
87.10165405273438 211.33743286132812 -2.835296869277954
83.76303100585938 210.37734985351562 -2.887864589691162
80.37857818603516 209.59402465820312 -2.94043231010437
76.9576416015625 208.98960876464844 -2.993000030517578
73.5096664428711 208.56578063964844 -3.045567750930786
70.044189453125 208.32369995117188 -3.098135471343994
66.5707778930664 208.2640380859375 3.1324820518493652
63.099029541015625 208.386962890625 3.0799143314361572
59.6385383605957 208.692138671875 3.027346611022949
56.19886016845703 209.17872619628906 2.974778890609741
52.78950119018555 209.84536743164062 2.922211170196533
49.41987991333008 210.6902313232422 2.869643449783325
46.09930419921875 211.7109832763672 2.817075729370117
42.836952209472656 212.90480041503906 2.764508008956909
42.836952209472656 212.90480041503906 2.3645079135894775
42.836952209472656 212.90480041503906 1.9645079374313354
42.836952209472656 212.90480041503906 1.5645079612731934
42.836952209472656 212.90480041503906 1.1645079851150513
44.417762756347656 216.5791778564453 1.1645079851150513
45.998573303222656 220.25355529785156 1.1645079851150513
47.579383850097656 223.9279327392578 1.1645079851150513
49.160194396972656 227.60231018066406 1.1645079851150513
50.741004943847656 231.2766876220703 1.1645079851150513
52.321815490722656 234.95106506347656 1.1645079851150513
53.902626037597656 238.6254425048828 1.1645079851150513
53.902626037597656 238.6254425048828 0.7645080089569092
54.07771301269531 238.73890686035156 0.38549721240997314
57.78416061401367 240.24298095703125 0.38549721240997314
61.49060821533203 241.74705505371094 0.38549721240997314
65.19705200195312 243.25112915039062 0.38549721240997314
68.44924926757812 244.47235107421875 0.3329295217990875
71.76111602783203 245.52099609375 0.2803618311882019
75.1235122680664 246.39418029785156 0.22779414057731628
78.52714538574219 247.0894775390625 0.17522644996643066
78.52714538574219 247.0894775390625 -0.2247735559940338
78.52714538574219 247.0894775390625 -0.6247735619544983
81.29045104980469 244.9841766357422 -0.6773412227630615
83.93932342529297 242.73660278320312 -0.7299088835716248
86.46643829345703 240.3529510498047 -0.782476544380188
88.86482238769531 237.8397979736328 -0.8350442051887512
91.12783813476562 235.2041015625 -0.8876118659973145
93.2492446899414 232.45314025878906 -0.9401795268058777
95.22317504882812 229.59451293945312 -0.9927471876144409
97.04417419433594 226.63612365722656 -1.045314908027649
98.70721435546875 223.5861358642578 -1.097882628440857
100.20770263671875 220.45297241210938 -1.150450348854065
101.54148864746094 217.24530029296875 -1.203018069267273
102.70488739013672 213.97198486328125 -1.2555863857269287
102.70488739013672 213.97198486328125 -1.6555863618850708
102.70488739013672 213.97198486328125 -2.055586338043213
102.70488739013672 213.97198486328125 -2.4555864334106445
99.95992279052734 211.8428192138672 -2.5081541538238525
97.10688018798828 209.86082458496094 -2.5607218742370605
94.15363311767578 208.03147888183594 -2.6132895946502686
91.10834503173828 206.35983276367188 -2.6658573150634766
87.97943115234375 204.8505096435547 -2.7184250354766846
84.7755355834961 203.50767517089844 -2.7709927558898926
81.50550842285156 202.3350372314453 -2.8235604763031006
78.17838287353516 201.33584594726562 -2.8761281967163086
74.80335235595703 200.51284790039062 -2.9286959171295166
71.38973999023438 199.8683319091797 -2.9812636375427246
67.94698333740234 199.40406799316406 -3.0338313579559326
64.48458862304688 199.121337890625 -3.0863990783691406
61.012115478515625 199.0209197998047 -3.1389667987823486
57.53916549682617 199.1031036376953 3.0916507244110107
54.0753288269043 199.36764526367188 3.0390830039978027
50.63017654418945 199.81382751464844 2.9865152835845947
47.21323013305664 200.44041442871094 2.9339475631713867
43.833927154541016 201.2456817626953 2.8813798427581787
40.50160217285156 202.22738647460938 2.8288121223449707
37.2254638671875 203.38282775878906 2.7762444019317627
34.01456069946289 204.7088165283203 2.7236766815185547
30.877765655517578 206.20169067382812 2.6711089611053467
27.82374382019043 207.85731506347656 2.6185412406921387
24.860933303833008 209.67112731933594 2.5659735202789307
24.860933303833008 209.67112731933594 2.5134057998657227
24.860933303833008 209.67112731933594 2.4533846378326416
24.860933303833008 209.67112731933594 2.05338454246521
24.860933303833008 209.67112731933594 1.6533845663070679
24.860933303833008 209.67112731933594 1.2533845901489258
24.860933303833008 209.67112731933594 0.8533846139907837
25.025259017944336 209.7996826171875 0.47437381744384766
25.225488662719727 209.8583221435547 0.09536302089691162
28.691125869750977 210.09811401367188 0.0427953377366066
32.164573669433594 210.1554718017578 -0.009772345423698425
35.63623809814453 210.03024291992188 -0.06234002858400345
39.096527099609375 209.7227783203125 -0.11490771174430847
42.53588104248047 209.23391723632812 -0.1674754023551941
45.94479751586914 208.5650177001953 -0.2200430929660797
49.31385803222656 207.71792602539062 -0.27261078357696533
52.63375473022461 206.69497680664062 -0.32517847418785095
55.89531707763672 205.49900817871094 -0.3777461647987366
59.089534759521484 204.13331604003906 -0.4303138554096222
62.20758056640625 202.60166931152344 -0.4828815460205078
65.2408447265625 200.90830993652344 -0.535449206829071
68.18093872070312 199.0579071044922 -0.5880168676376343
71.01974487304688 197.0555877685547 -0.6405845284461975
73.74942016601562 194.9068603515625 -0.6931521892547607
76.3624267578125 192.61767578125 -0.745719850063324
78.8515396118164 190.19436645507812 -0.7982875108718872
81.20988464355469 187.64361572265625 -0.8508551716804504
83.43094635009766 184.97247314453125 -0.9034228324890137
85.50859069824219 182.18832397460938 -0.9559904932975769
87.43708038330078 179.29884338378906 -1.0085581541061401
89.2110824584961 176.31202697753906 -1.0611258745193481
90.82569122314453 173.2361297607422 -1.1136935949325562
92.27645111083984 170.0796356201172 -1.1662613153457642
93.55935668945312 166.8512725830078 -1.2188290357589722
94.67086029052734 163.55996704101562 -1.2713967561721802
95.60789489746094 160.2147979736328 -1.3239644765853882
95.60789489746094 160.2147979736328 -1.3789238929748535
95.60789489746094 160.2147979736328 -1.7789238691329956
95.60789489746094 160.2147979736328 -2.1789238452911377
95.60789489746094 160.2147979736328 -2.5789239406585693
95.60789489746094 160.2147979736328 -2.978924036026001
91.66069793701172 159.56698608398438 -2.978924036026001
87.7135009765625 158.91917419433594 -2.978924036026001
83.76630401611328 158.2713623046875 -2.978924036026001
79.81910705566406 157.62355041503906 -2.978924036026001
79.81910705566406 157.62355041503906 -2.978924036026001
79.81910705566406 157.62355041503906 -2.978924036026001
79.81910705566406 157.62355041503906 -2.978924036026001
79.81910705566406 157.62355041503906 -2.978924036026001
79.81910705566406 157.62355041503906 -2.978924036026001
79.81910705566406 157.62355041503906 -2.978924036026001
79.81910705566406 157.62355041503906 -2.978924036026001
79.81910705566406 157.62355041503906 -2.978924036026001
79.81910705566406 157.62355041503906 -2.978924036026001
79.81910705566406 157.62355041503906 -2.978924036026001
