-392.83861260070745
-395.6972973447963
-398.57562242630917
-401.47316538979356
-404.3895131339564
-407.324261745324
-410.2770163548833
-413.2473909909103
-416.23500842860443
-419.2395000371072
-422.2605056244355
-425.29767328082255
-428.3506592209188
-431.41912762526795
-434.50275048143925
-437.6012074251642
-440.7141855817944
-443.8413794083695
-446.9824905365546
-450.1372276166848
-453.3053061631269
-456.4864484011485
-459.6803831154639
-462.8868455006061
-466.1055758558366
-469.33632403122084
-472.57884245426635
-475.8328905033011
-475.8328905033011
-477.9446785944005
-480.0805056191354
-482.24005217441885
-484.423001036996
-484.423001036996
-485.1579411997361
-485.9246977389378
-486.7231202893735
-487.55305328118317
-488.4143360830217
-488.4143360830217
-487.71809789607477
-487.05371617101133
-486.4213214419158
-485.82103862151513
-485.25298688205555
-484.71727954066756
-484.21402394946756
-483.74332139063796
-483.3052669767185
-482.89994955633284
-482.5274516255641
-482.1878492451816
-481.8812119639107
-481.6076027479233
-481.3671064931737
-481.3671064931737
-479.6190482467878
-477.89807674409866
-476.2044856542954
-474.53856813313433
-472.9006166431045
-471.29092276853936
-469.70977702579694
-468.1574686686481
-466.6342854890308
-465.14052005563445
-463.67644384746035
-462.2423453638121
-460.83850447077253
-459.4651985137595
-458.1227020948955
-456.81128684740054
-456.81128684740054
-456.81128684740054
-453.19703736136915
-449.589320859479
-445.9882958828338
-445.9882958828338
-441.99383484522235
-441.99383484522235
-438.23454337013834
-434.4795507894492
-430.72896953338227
-426.98291584804304
-423.2415099522075
-419.5048762015431
-415.773143260648
-412.0464442833193
-408.3249171014839
-404.6087044232498
-400.89795404056076
-397.19281904696413
-393.49345806602815
-389.8000354909779
-386.1127217361455
-382.43169350086623
-378.7571340464846
-375.0892334871702
-371.4281890952798
-367.7742056220431
-364.1274956343872
-360.4882798687585
-356.8567876028449
-356.8567876028449
-354.18436740039857
-351.537146631813
-348.9156988613021
-348.9156988613021
-348.9156988613021
-348.9156988613021
-348.9156988613021
-348.9156988613021
-348.9156988613021
-348.9156988613021
-352.394802977536
-355.8848541715947
-359.38553351707594
-362.8965334409033
-366.4175572689595
-369.9483187905211
-373.4885418408042
-377.03795990093954
-380.5963157147085
-384.1633609213832
-387.7388557040305
-391.3225684526569
-394.91427544158614
-398.5137605204829
-402.1208148184522
-405.7352364606632
-405.7352364606632
-408.41427931833965
-411.1147833586637
-413.83632844466064
-416.57850218736303
-419.3408998993187
-422.1231245403025
-424.9247866558962
-427.74550430956464
-430.58490300882875
-433.4426156260998
-436.31828231471246
-439.2115504206613
-442.12207439051815
-445.0495156759778
-447.9935426354533
-450.9538304331152
-453.9300609357433
-456.9219226077364
-459.92911040459995
-462.95132566521164
-465.9882760031424
-469.03967519728917
-472.105243082059
-475.18470543732286
-478.27779387834255
-481.3842457458565
-484.5038039964947
-487.6362170936795
-490.7812388991538
-493.93862856526636
-497.1081504281315
-500.28957390176873
-503.48267337331737
-506.687228099412
-509.9030221037941
-513.1298440762268
-516.3674872727728
-519.6157494174857
-522.8744326055609
-526.1433432079825
-529.4222917777001
-532.7110929573604
-536.0095653886154
-539.3175316230255
-542.634818034567
-545.9612547337549
-549.296675483384
-552.6409176158909
-555.9938219523339
-559.3552327229869
-562.7249974895411
-566.1029670689026
-569.4889954585774
-572.8829397636293
-576.284660125194
-579.6940196505363
-583.1108843446298
-586.5351230432409
-589.9666073474982
-593.405211559924
-596.850812621909
-600.3032900526048
-603.7625258892143
-607.2284046286541
-610.7008131705659
-614.1796407616539
-617.6647789413216
-621.156121488586
-624.6535643702421
-628.1570056902549
-631.6663236801155
-635.1814424038043
-638.702266087746
-642.2287009048148
-645.7606549294944
-649.2980380941195
-652.8407621461724
-655.9686620409789
-655.9686620409789
-655.9686620409789
-655.9686620409789
-655.9686620409789
-655.9686620409789
-652.7163626784662
-649.4724123199102
-646.2369366951575
-643.0100637328314
-643.0100637328314
-639.1197688991401
-635.2308369914916
-631.3432931958351
-627.4571633131969
-623.5724737782739
-619.6892516786932
-615.8075247749671
-611.9273215211716
-608.0486710863771
-604.1716033768665
-600.2961490591695
-596.4223626425754
-592.5502533954535
-588.6798544131284
-584.8111996522374
-580.944323958413
-580.944323958413
-576.9839578203515
-573.024142245787
-569.0648887279425
-565.1062090804827
-561.1481154486985
-557.1906203211613
-553.2337365418689
-549.2774773229088
-545.3218562576619
-541.3668873345771
-537.4125849515418
-533.4589639308825
-529.5060395350237
-525.5538274828416
-521.6023439667481
-517.6516056705419
-513.7016297880683
-509.75243404273004
-505.80403670789457
-501.85645662824487
-497.90971324212654
-493.96382660494373
-490.0188174136623
-486.07470703248106
-482.1315175197359
-478.1892716561064
-474.2479929741977
-474.2479929741977
-470.89030966531266
-467.5427343346035
-464.2054856603974
-460.87878797041355
-457.56287139659133
-454.25797203357257
-450.96433210084206
-447.68220010852264
-444.41183102680816
-441.1534864590072
-437.9074348181574
-434.67395150715475
-431.45331910232665
-428.2458275403603
-425.051774308479
-421.871464637736
-418.7052116992754
-415.5533368033829
-412.4161696011211
-409.29404828831775
-409.29404828831775
-409.29404828831775
-409.29404828831775
-409.29404828831775
-409.29404828831775
-409.29404828831775
-409.29404828831775
-409.29404828831775
-412.26548080644335
-415.2541819067604
-418.2597814082709
-421.28191763057316
-424.3202372353319
-427.37439506662116
-430.44405399056126
-433.5288847346332
-436.62856572702304
-439.74278293631664
-442.87122971183453
-446.0136066248711
-449.1696213110754
-452.3389883141859
-455.521428931312
-458.71667105993026
-461.9244490467472
-465.1445035385611
-468.3765813352379
-471.6204352449031
-474.87582394143385
-478.1425118243266
-481.4202688809994
-484.7088705515796
-488.0080975962171
-491.3177359649525
-494.63757667016296
-497.9674156616
-497.9674156616
-497.9674156616
-498.7216700285911
-498.7216700285911
-498.7216700285911
-498.7216700285911
-498.7216700285911
-498.7216700285911
-498.7216700285911
-498.7216700285911
-496.6934286328197
-494.68921561061984
-492.70932418554855
-490.7540487258511
-488.8236846202886
-486.9185281483968
-485.0388763451359
-483.1850268599063
-481.3572778099133
-479.5559276278806
-479.5559276278806
-479.5559276278806
-479.5559276278806
-479.5559276278806
-479.5559276278806
-479.5559276278806
-483.2934388585136
-487.0351203706433
-490.7808767824136
-494.530615499476
-498.2842466177062
-502.0416828297904
-505.8028393355153
-509.56763375559746
-513.3359860489003
-517.1078184328904
-520.8830553071946
-524.6616231801229
-528.4434505980303
-532.2284680773971
-536.0166080395097
-539.8078047476326
-543.6019942465659
-547.3991143044874
-551.1991043569822
-555.0019054531703
-558.8074602038422
-562.6157127315198
-566.4266086223631
-570.240094879846
-574.0561198801283
-577.8746333290545
-581.6955862207127
-585.5189307974904
-589.3446205115665
-593.172586356197
-597.0028076499264
-600.8352412584563
-604.6698451164382
-608.5065781953261
-612.3454004723553
-616.186272900599
-620.029157380063
-623.8740167297785
-623.8740167297785
-626.9930539311631
-630.1220443984527
-633.2608405921098
-636.4092974254434
-639.5672722265017
-642.7346247002184
-642.7346247002184
-644.7166356646363
-646.7173131604787
-646.7173131604787
-646.7173131604787
-646.7173131604787
-646.7173131604787
-646.7173131604787
-646.7173131604787
-646.7173131604787
-646.7173131604787
-643.670203058764
-640.6335747314866
-637.6075779381133
-634.5923647652106
-631.5880896564059
-628.5949094422301
-625.6129833698096
-622.6424731323692
-619.6835428985052
-616.7363593411897
-616.7363593411897
-615.0937341912063
-613.4727919051421
-611.8737048061862
-610.2966446879387
-608.7417827455372
-607.209289505541
-605.6993347546152
-604.2120646496624
-602.7476703472623
-601.3063189795331
-599.8881766422805
-598.4934083183402
-597.1221778000103
-597.1221778000103
-597.3484018537669
-597.6013145726322
-597.8808820874716
-598.1870670262895
-598.5198285390405
-598.8791223246614
-599.2649006602818
-599.6771124325693
-600.1157031711617
-600.5806150841348
-601.071787095455
-601.5891548843584
-602.1326509266007
-602.7022274705571
-603.2977649814404
-603.9192093900456
-604.5664808059247
-605.2394963672562
-605.9381702919742
-606.6624139303073
-607.4121358186514
-608.1872417347068
-608.9876347538035
-609.8132153063425
-610.6638812362768
-611.5395278605579
-612.4400480294711
-613.3653321877867
-614.3152684366502
-614.3152684366502
-616.721804072259
-619.1448285453532
-621.5841490283775
-624.0395744219866
-626.5109153708183
-626.5109153708183
-626.5109153708183
-626.5109153708183
-626.5109153708183
-626.5109153708183
-626.5109153708183
-626.8157517933644
-627.1459531210975
-627.501479311761
-627.8822873462163
-628.2883312541895
-628.7195621416763
-629.1759282199674
-629.6573748362545
-630.1638445057752
-630.6952769454545
-631.2516091089967
-631.8327752233823
-632.4387068267202
-633.069332807408
-633.7245794445475
-634.4043704495658
-635.1086270089871
-635.8372678283029
-636.5902091768853
-637.3673649338892
-638.1686466350867
-638.9939635205766
-639.8432225833164
-640.7163286184145
-641.6131842731307
-642.5336900975249
-643.4777445956987
-644.4452442775738
-645.4360837111493
-646.4501340178499
-646.4501340178499
-645.9013948284028
-645.3769597224749
-644.8769096484261
-644.4013013740074
-643.9501890558422
-643.9501890558422
-642.0072032072328
-642.0072032072328
-638.8675278119388
-635.7375143501881
-632.646275523205
-629.5247671698739
-629.5247671698739
-625.6787471265058
-621.8346701512351
-617.9925725032526
-614.1524913301843
-610.3144646948386
-606.4785316029036
-602.6447320316277
-598.8131069595267
-594.9836983971599
-591.1565494190136
-587.3317041965453
-583.5092080324293
-583.5092080324293
-579.5293097552905
-575.5496902138397
-571.570355230258
-567.5913107895792
-563.612563045409
-559.6341183258851
-555.6559831398915
-551.67816418354
-547.7006683469317
-543.7235027212116
-539.7466746059341
-535.7701915167527
-531.7940611934517
-527.818291608338
-523.8428909750111
-519.8678677575324
-515.893230680014
-511.91898873664974
-507.9451512022131
-503.97172764304656
-499.99872792857
-499.99872792857
-496.524888184247
-493.0590240437909
-489.60130488398187
-486.15190449655313
-482.7110012166694
-479.2787780551302
-475.8554228343771
-472.4411283283819
-469.0360924064918
-465.640518181304
-462.25461416063894
-458.87859440367754
-455.5126786813229
-452.1570926408422
-448.8120679748372
-445.4778425945855
-442.15466080778623
-438.84277350073376
-435.5424383249351
-432.2539198881708
-428.97748994999046
-425.71342762161595
-422.4620195702109
-422.4620195702109
-422.4620195702109
-422.4620195702109
-422.4620195702109
-422.4620195702109
-422.4620195702109
-422.4620195702109
-422.4620195702109
-422.4620195702109
-424.35172580528945
-426.2705907066633
-428.21822229067004
-430.19422984862257
-432.19822417637397
-434.22981779268304
-436.2886251464918
-438.3742628132487
-440.48634968043706
-442.62450712248994
-442.62450712248994
-442.62450712248994
-442.62450712248994
-442.62450712248994
-442.62450712248994
-442.62450712248994
-438.7616313029319
-434.9012345695601
-431.04338352998735
-427.1881471531797
-423.33559687284566
-419.48580669618
-415.6388533182817
-411.79481624258216
-407.95377790764803
-404.11582382074323
-400.2810426985621
-396.4495266155742
-392.62137116045074
-388.7966756010739
-384.97554305866714
-381.1580806916199
-377.34439988962055
-373.53461647875565
-369.72885093827745
-365.9272286297941
-362.1298800396882
-358.3369410356279
-354.54855313809685
-350.76486380793534
-346.9860267509568
-343.2122022407809
-339.4435574611079
-335.68026686874657
-331.92251257880673
-328.17048477356707
-324.42438213664315
-320.6844123141972
-316.95079240506107
-313.22374948178015
-309.50352114473355
-305.7903561116452
-302.08451484496817
-298.38627021980676
-294.6959082352349
-291.01372877207564
-287.3400464004263
-283.67519124044986
-280.01950988019956
-276.37336635450833
-272.7371431892512
-269.11124251558067
-269.11124251558067
-269.11124251558067
-267.8352171603933
-266.61310232469435
-265.44564262351037
-265.44564262351037
-265.91853546974926
-266.4506446107101
-267.0416160621195
-267.6910599799565
-268.39855190711387
-268.39855190711387
-268.39855190711387
-268.39855190711387
-268.39855190711387
-268.39855190711387
-268.39855190711387
-268.39855190711387
-268.39855190711387
-267.46212873996245
-266.58244097606587
-265.7600520126602
-264.99549531483535
-264.28927278818344
-263.64185321573575
-263.0536707698966
-262.5251236098662
-262.0565725747072
-261.6483399817375
-261.6483399817375
-259.77333222302565
-257.94672827464325
-256.16957513567127
-254.44289688049284
-252.76772790614115
-251.14509893461585
-249.57603474106256
-248.0615517677321
-246.6026556302821
-245.20033852453972
-243.85557654345192
-242.56932691558285
-241.3425251781533
-240.17608229922755
-239.07088176520404
-238.0277766512306
-237.04758669350161
-236.13109538357565
-235.27904710583672
-234.49214433998182
-233.77104495091837
-233.11635958867157
-232.5286622561626
-232.0084491572432
-231.5561751217197
-231.17223890552856
-230.85698146500113
-230.6106844632569
-230.43356902377448
-230.43356902377448
-228.77441117090086
-227.17357374565628
-226.12589616337058
-226.12589616337058
-226.12589616337058
-226.12589616337058
-226.12589616337058
-222.83632862740038
-219.57034846003808
-219.57034846003808
-217.50609563721022
-215.4963091345651
-215.4963091345651
-215.06042143297924
-214.69818458203486
-214.4099718723284
-214.4099718723284
-215.76632448363975
-217.18788531585366
-218.67338264789322
-220.22152263863282
-221.83099375828945
-223.50047103800267
-223.50047103800267
-223.50047103800267
-227.28565336580292
-231.07807323657542
-234.87738007018396
-238.6832449914248
-241.70176656408302
-245.60717752557866
-249.5155734762737
-253.42682800763708
-257.3408107792802
-257.3408107792802
-261.2670156184569
-265.1954257278796
-269.12594453709994
-273.0584809855934
-276.992949138623
-280.9292678345253
-284.8673603604873
-288.80715415418575
-292.7485805289346
-296.6915744202238
-300.63607415174727
-304.5820212192065
-308.5293600903455
-312.47803801982235
-316.4280048776588
-320.3792129901257
-324.3316169920343
-328.2851736894944
-332.2398419322914
-336.19558249510817
-340.15235796688927
-344.1101326477078
-348.0688724525506
-352.02853622788035
-355.9891014884579
-359.95053847693634
-363.9128187252747
-367.87591498598306
-371.8398011677007
-375.80445227479345
-379.769844350682
-383.7359544246359
-387.7027604617907
-391.6702413161619
-395.6383766864504
-399.6071470744488
-403.57653374587085
-407.54651869344343
-411.51708460210966
-415.4882148162037
-419.45989330847016
-423.4321046508069
-427.40483398662207
-431.37806700470225
-435.35178991449686
-439.32598942272966
-443.3006527112563
-447.2757674160906
-451.25132160752844
-455.2273037713035
-459.2037027907132
-463.1805079296559
-467.15770881652776
-471.1352954289275
-475.11325807912294
-479.0915874002351
-483.0702743330998
-487.0493101137675
-491.028686261606
-495.00839456797297
-498.98842708542514
-502.9687761174372
-506.9494342086004
-510.9303941352763
-514.911648896681
-518.8931917063765
-522.8750159841481
-526.8571153482483
-530.8395096174363
-534.8221407772392
-538.8050289962772
-542.7881686157782
-546.771554141511
-550.7551802378598
-554.7390417221534
-558.7231335592343
-562.7074508562581
-566.6919888577107
-570.6767429406325
-574.6617086100405
-578.6468814945388
-582.6322573421077
-586.6178320160634
-590.6036014911814
-594.5258203962429
-594.5258203962429
-594.5258203962429
-594.5258203962429
-594.5258203962429
-594.5258203962429
-594.5258203962429
-591.3509437941473
-588.1861321604026
-585.0315488386791
-581.8873601811057
-578.7537356006188
-575.6308476237086
-572.5188719435287
-569.4179874733278
-566.3283764001609
-563.2502242388304
-560.1837198860087
-557.1290556744844
-554.0864274274749
-551.0560345129386
-548.0380798978213
-545.032770202159
-542.0403157529624
-539.0609306377954
-536.0948327579589
-533.142243881185
-530.2033896937372
-527.2784998518108
-524.367808032116
-521.471551981524
-518.5899735656442
-515.7233188161989
-512.8718379770497
-510.0357855487225
-507.21542033127395
-504.4109995854618
-501.62279687212924
-498.8510841311953
-496.09613775351966
-493.3582386127632
-490.63767209444495
-487.934728121972
-485.24970117941155
-482.58289033076215
-479.9345992354744
-477.3051361599593
-474.6948139848148
-472.1039502074912
-469.5328669401063
-466.9818909021126
-464.45135340751074
-461.9415903462937
-459.4529421597999
-456.9857538096441
-454.54037473989
-452.1171588321211
-449.71646435306104
-447.33865389439063
-444.98409430440495
-442.6531566111514
-440.34621593668805
-438.0636514021026
-435.8058460229328
-433.57318659463294
-431.3660635677352
-429.1848709123623
-427.03000597175566
-424.90186930449363
-422.8008645150896
-420.72739807267135
-418.68187911746526
-416.66471925482523
-414.6763323365726
-412.71713422943776
-410.7875425704225
-408.8879765089362
-407.0188564355918
-405.1806036975859
-403.37364030063026
-401.5983885974434
-399.8552709628608
-399.8552709628608
-396.86849009031215
-393.89968169516465
-390.9492552183037
-388.01762997980796
-385.10523535490205
-382.21251094589815
-379.3399067493276
-379.3399067493276
-375.61826087751024
-371.902394255917
-368.1924818603757
-364.4887055044423
-360.7912541604722
-357.1003242978788
-353.4161202395773
-349.73885453767065
-346.0687483694965
-342.4060319552202
-338.75094499822444
-335.10373714962094
-331.46466849828175
-327.83401008786564
-324.2120444623968
-320.59906624203535
-316.9953827307649
-316.9953827307649
-313.0007840957604
-309.00632515400537
-305.01201139379776
-301.01784859453585
-297.02384284626197
-293.0300005708021
-289.03632854465354
-285.0428339237928
-281.04952427059226
-277.0564075830604
-273.06349232663973
-269.0707874688297
-265.0783025169294
-261.08604755923415
-257.09403331005944
-253.10227115901301
-249.11077322499017
-245.11955241542793
-241.12862249142532
-237.13799813941714
-233.14769505018364
-229.1577300060855
-225.1681209775395
-221.17888722989602
-217.1900494420488
-213.2016298383046
-209.2136523352734
-205.22614270580917
-201.23912876235323
-197.25264056240707
-193.26671063930965
-189.28137426202414
-185.29666972827007
-181.3126386960933
-177.32932655987238
-173.34678287785147
-169.3650618596097
-165.38422292347963
-161.40433133587928
-157.4254589469147
-153.4476850395485
-149.47109731326506
-145.4957930276747
-141.52188033713261
-137.54947985451903
-133.57872649125355
-129.6097716319523
-125.64278571662547
-121.67796132195109
-117.71551685731117
-113.75570102279237
-109.79879821780958
-105.84513514398726
-101.89508891947598
-97.94909712116919
-94.00767030663975
-90.07140775405283
-86.14101741793594
-82.21734146445485
-78.30138927154303
-74.39438053314234
-70.49780221149868
-66.61348472402953
-62.743705231606846
-58.89132970130957
-55.06001135553145
-51.25447254278873
-47.48091226475162
-43.7476064720337
-40.0658094047298
-36.451132536118415
