62.828426361083984 452.82843017578125 0.7853981852531433
65.65685272216797 455.6568603515625 0.7853981852531433
68.48528289794922 458.48529052734375 0.7853981852531433
71.31371307373047 461.313720703125 0.7853981852531433
74.14214324951172 464.14215087890625 0.7853981852531433
76.97057342529297 466.9705810546875 0.7853981852531433
79.79900360107422 469.79901123046875 0.7853981852531433
82.62743377685547 472.62744140625 0.7853981852531433
85.45586395263672 475.45587158203125 0.7853981852531433
88.28429412841797 478.2843017578125 0.7853981852531433
91.11272430419922 481.11273193359375 0.7853981852531433
93.94115447998047 483.941162109375 0.7853981852531433
96.76958465576172 486.76959228515625 0.7853981852531433
99.59801483154297 489.5980224609375 0.7853981852531433
102.42644500732422 492.42645263671875 0.7853981852531433
105.25487518310547 495.2548828125 0.7853981852531433
108.08330535888672 498.08331298828125 0.7853981852531433
110.91173553466797 500.9117431640625 0.7853981852531433
113.74016571044922 503.74017333984375 0.7853981852531433
116.56859588623047 506.568603515625 0.7853981852531433
119.39702606201172 509.39703369140625 0.7853981852531433
119.39702606201172 509.39703369140625 0.38539817929267883
123.10362243652344 510.9007568359375 0.38539817929267883
126.81021881103516 512.4044799804688 0.38539817929267883
130.51681518554688 513.908203125 0.38539817929267883
134.22340393066406 515.4119262695312 0.38539817929267883
134.22340393066406 515.4119262695312 -0.014601826667785645
138.2229766845703 515.353515625 -0.014601826667785645
142.22254943847656 515.2951049804688 -0.014601826667785645
146.2221221923828 515.2366943359375 -0.014601826667785645
150.22169494628906 515.1782836914062 -0.014601826667785645
154.2212677001953 515.119873046875 -0.014601826667785645
158.22084045410156 515.0614624023438 -0.014601826667785645
162.2204132080078 515.0030517578125 -0.014601826667785645
166.21998596191406 514.9446411132812 -0.014601826667785645
170.2195587158203 514.88623046875 -0.014601826667785645
170.2195587158203 514.88623046875 -0.4146018326282501
173.8806610107422 513.27490234375 -0.4146018326282501
177.54176330566406 511.6636047363281 -0.4146018326282501
177.54176330566406 511.6636047363281 -0.8146018385887146
180.28639221191406 508.7537841796875 -0.8146018385887146
183.03102111816406 505.8439636230469 -0.8146018385887146
185.77565002441406 502.93414306640625 -0.8146018385887146
188.52027893066406 500.0243225097656 -0.8146018385887146
191.26490783691406 497.114501953125 -0.8146018385887146
194.00953674316406 494.2046813964844 -0.8146018385887146
196.75416564941406 491.29486083984375 -0.8146018385887146
199.49879455566406 488.3850402832031 -0.8146018385887146
202.24342346191406 485.4752197265625 -0.8146018385887146
204.98805236816406 482.5653991699219 -0.8146018385887146
207.73268127441406 479.65557861328125 -0.8146018385887146
210.47731018066406 476.7457580566406 -0.8146018385887146
213.22193908691406 473.8359375 -0.8146018385887146
215.96656799316406 470.9261169433594 -0.8146018385887146
218.71119689941406 468.01629638671875 -0.8146018385887146
221.45582580566406 465.1064758300781 -0.8146018385887146
224.20045471191406 462.1966552734375 -0.8146018385887146
226.94508361816406 459.2868347167969 -0.8146018385887146
229.68971252441406 456.37701416015625 -0.8146018385887146
232.43434143066406 453.4671936035156 -0.8146018385887146
235.17897033691406 450.557373046875 -0.8146018385887146
237.92359924316406 447.6475524902344 -0.8146018385887146
240.66822814941406 444.73773193359375 -0.8146018385887146
243.41285705566406 441.8279113769531 -0.8146018385887146
246.15748596191406 438.9180908203125 -0.8146018385887146
248.90211486816406 436.0082702636719 -0.8146018385887146
251.64674377441406 433.09844970703125 -0.8146018385887146
254.39137268066406 430.1886291503906 -0.8146018385887146
257.1360168457031 427.27880859375 -0.8146018385887146
259.8806457519531 424.3689880371094 -0.8146018385887146
259.8806457519531 424.3689880371094 -1.2146018743515015
259.8806457519531 424.3689880371094 -1.6146018505096436
259.8806457519531 424.3689880371094 -2.014601945877075
259.8806457519531 424.3689880371094 -2.414602041244507
256.8919372558594 421.7104797363281 -2.414602041244507
253.90322875976562 419.0519714355469 -2.414602041244507
250.91452026367188 416.3934631347656 -2.414602041244507
247.92581176757812 413.7349548339844 -2.414602041244507
244.93710327148438 411.0764465332031 -2.414602041244507
241.94839477539062 408.4179382324219 -2.414602041244507
238.95968627929688 405.7594299316406 -2.414602041244507
235.97097778320312 403.1009216308594 -2.414602041244507
232.98226928710938 400.4424133300781 -2.414602041244507
229.99356079101562 397.7839050292969 -2.414602041244507
227.00485229492188 395.1253967285156 -2.414602041244507
224.01614379882812 392.4668884277344 -2.414602041244507
221.02743530273438 389.8083801269531 -2.414602041244507
218.03872680664062 387.1498718261719 -2.414602041244507
215.05001831054688 384.4913635253906 -2.414602041244507
212.06130981445312 381.8328552246094 -2.414602041244507
209.07260131835938 379.1743469238281 -2.414602041244507
206.08389282226562 376.5158386230469 -2.414602041244507
203.09518432617188 373.8573303222656 -2.414602041244507
200.10647583007812 371.1988220214844 -2.414602041244507
197.11776733398438 368.5403137207031 -2.414602041244507
197.11776733398438 368.5403137207031 -2.8146021366119385
197.11776733398438 368.5403137207031 3.0685830116271973
197.11776733398438 368.5403137207031 2.6685829162597656
197.11776733398438 368.5403137207031 2.268582820892334
197.11776733398438 368.5403137207031 1.868582844734192
197.11776733398438 368.5403137207031 1.4685828685760498
197.11776733398438 368.5403137207031 1.0685828924179077
197.11776733398438 368.5403137207031 0.6685829162597656
200.25657653808594 371.0198059082031 0.6685829162597656
203.3953857421875 373.4992980957031 0.6685829162597656
206.53419494628906 375.9787902832031 0.6685829162597656
209.67300415039062 378.4582824707031 0.6685829162597656
212.8118133544922 380.9377746582031 0.6685829162597656
215.95062255859375 383.4172668457031 0.6685829162597656
219.0894317626953 385.8967590332031 0.6685829162597656
222.22824096679688 388.3762512207031 0.6685829162597656
225.36705017089844 390.8557434082031 0.6685829162597656
228.505859375 393.3352355957031 0.6685829162597656
231.64466857910156 395.8147277832031 0.6685829162597656
234.78347778320312 398.2942199707031 0.6685829162597656
237.9222869873047 400.7737121582031 0.6685829162597656
241.06109619140625 403.2532043457031 0.6685829162597656
244.1999053955078 405.7326965332031 0.6685829162597656
247.33871459960938 408.2121887207031 0.6685829162597656
250.47752380371094 410.6916809082031 0.6685829162597656
253.6163330078125 413.1711730957031 0.6685829162597656
256.755126953125 415.6506652832031 0.6685829162597656
259.8939208984375 418.1301574707031 0.6685829162597656
263.03271484375 420.6096496582031 0.6685829162597656
266.1715087890625 423.0891418457031 0.6685829162597656
269.310302734375 425.5686340332031 0.6685829162597656
272.4490966796875 428.0481262207031 0.6685829162597656
275.587890625 430.5276184082031 0.6685829162597656
275.587890625 430.5276184082031 0.26858291029930115
279.4444885253906 431.5890808105469 0.26858291029930115
283.30108642578125 432.6505432128906 0.26858291029930115
287.1576843261719 433.7120056152344 0.26858291029930115
291.0142822265625 434.7734680175781 0.26858291029930115
294.8708801269531 435.8349304199219 0.26858291029930115
298.72747802734375 436.8963928222656 0.26858291029930115
302.5840759277344 437.9578552246094 0.26858291029930115
306.440673828125 439.0193176269531 0.26858291029930115
310.2972717285156 440.0807800292969 0.26858291029930115
314.15386962890625 441.1422424316406 0.26858291029930115
318.0104675292969 442.2037048339844 0.26858291029930115
321.8670654296875 443.2651672363281 0.26858291029930115
325.7236633300781 444.3266296386719 0.26858291029930115
329.58026123046875 445.3880920410156 0.26858291029930115
333.4368591308594 446.4495544433594 0.26858291029930115
337.29345703125 447.5110168457031 0.26858291029930115
341.1500549316406 448.5724792480469 0.26858291029930115
345.00665283203125 449.6339416503906 0.26858291029930115
348.8632507324219 450.6954040527344 0.26858291029930115
352.7198486328125 451.7568664550781 0.26858291029930115
356.5764465332031 452.8183288574219 0.26858291029930115
360.43304443359375 453.8797912597656 0.26858291029930115
364.2896423339844 454.9412536621094 0.26858291029930115
368.146240234375 456.0027160644531 0.26858291029930115
372.0028381347656 457.0641784667969 0.26858291029930115
375.85943603515625 458.1256408691406 0.26858291029930115
379.7160339355469 459.1871032714844 0.26858291029930115
383.5726318359375 460.2485656738281 0.26858291029930115
387.4292297363281 461.3100280761719 0.26858291029930115
391.28582763671875 462.3714904785156 0.26858291029930115
395.1424255371094 463.4329528808594 0.26858291029930115
398.9990234375 464.4944152832031 0.26858291029930115
402.8556213378906 465.5558776855469 0.26858291029930115
406.71221923828125 466.6173400878906 0.26858291029930115
410.5688171386719 467.6788024902344 0.26858291029930115
414.4254150390625 468.7402648925781 0.26858291029930115
418.2820129394531 469.8017272949219 0.26858291029930115
422.13861083984375 470.8631896972656 0.26858291029930115
425.9952087402344 471.9246520996094 0.26858291029930115
429.851806640625 472.9861145019531 0.26858291029930115
433.7084045410156 474.0475769042969 0.26858291029930115
437.56500244140625 475.1090393066406 0.26858291029930115
441.4216003417969 476.1705017089844 0.26858291029930115
445.2781982421875 477.2319641113281 0.26858291029930115
449.1347961425781 478.2934265136719 0.26858291029930115
452.99139404296875 479.3548889160156 0.26858291029930115
456.8479919433594 480.4163513183594 0.26858291029930115
460.70458984375 481.4778137207031 0.26858291029930115
464.5611877441406 482.5392761230469 0.26858291029930115
468.41778564453125 483.6007385253906 0.26858291029930115
472.2743835449219 484.6622009277344 0.26858291029930115
476.1309814453125 485.7236633300781 0.26858291029930115
479.9875793457031 486.7851257324219 0.26858291029930115
483.84417724609375 487.8465881347656 0.26858291029930115
487.7007751464844 488.9080505371094 0.26858291029930115
491.557373046875 489.9695129394531 0.26858291029930115
495.4139709472656 491.0309753417969 0.26858291029930115
499.27056884765625 492.0924377441406 0.26858291029930115
503.1271667480469 493.1539001464844 0.26858291029930115
506.9837646484375 494.2153625488281 0.26858291029930115
510.8403625488281 495.2768249511719 0.26858291029930115
514.6969604492188 496.3382873535156 0.26858291029930115
518.5535278320312 497.3997497558594 0.26858291029930115
522.4100952148438 498.4612121582031 0.26858291029930115
526.2666625976562 499.5226745605469 0.26858291029930115
530.1232299804688 500.5841369628906 0.26858291029930115
533.9797973632812 501.6455993652344 0.26858291029930115
533.9797973632812 501.6455993652344 -0.13141709566116333
533.9797973632812 501.6455993652344 -0.5314171314239502
533.9797973632812 501.6455993652344 -0.9314171075820923
533.9797973632812 501.6455993652344 -1.3314170837402344
533.9797973632812 501.6455993652344 -1.7314170598983765
533.340087890625 497.69708251953125 -1.7314170598983765
532.7003784179688 493.7485656738281 -1.7314170598983765
532.7003784179688 493.7485656738281 -2.1314170360565186
532.7003784179688 493.7485656738281 -2.53141713142395
529.4221801757812 491.4565124511719 -2.53141713142395
526.1439819335938 489.1644592285156 -2.53141713142395
522.8657836914062 486.8724060058594 -2.53141713142395
519.5875854492188 484.5803527832031 -2.53141713142395
516.3093872070312 482.2882995605469 -2.53141713142395
513.0311889648438 479.9962463378906 -2.53141713142395
509.75299072265625 477.7041931152344 -2.53141713142395
506.47479248046875 475.4121398925781 -2.53141713142395
503.19659423828125 473.1200866699219 -2.53141713142395
499.91839599609375 470.8280334472656 -2.53141713142395
496.64019775390625 468.5359802246094 -2.53141713142395
493.36199951171875 466.2439270019531 -2.53141713142395
490.08380126953125 463.9518737792969 -2.53141713142395
486.80560302734375 461.6598205566406 -2.53141713142395
483.52740478515625 459.3677673339844 -2.53141713142395
480.24920654296875 457.0757141113281 -2.53141713142395
476.97100830078125 454.7836608886719 -2.53141713142395
473.69281005859375 452.4916076660156 -2.53141713142395
470.41461181640625 450.1995544433594 -2.53141713142395
467.13641357421875 447.9075012207031 -2.53141713142395
463.85821533203125 445.6154479980469 -2.53141713142395
460.58001708984375 443.3233947753906 -2.53141713142395
457.30181884765625 441.0313415527344 -2.53141713142395
454.02362060546875 438.7392883300781 -2.53141713142395
450.74542236328125 436.4472351074219 -2.53141713142395
447.46722412109375 434.1551818847656 -2.53141713142395
444.18902587890625 431.8631286621094 -2.53141713142395
440.91082763671875 429.5710754394531 -2.53141713142395
437.63262939453125 427.2790222167969 -2.53141713142395
434.35443115234375 424.9869689941406 -2.53141713142395
431.07623291015625 422.6949157714844 -2.53141713142395
427.79803466796875 420.4028625488281 -2.53141713142395
424.51983642578125 418.1108093261719 -2.53141713142395
421.24163818359375 415.8187561035156 -2.53141713142395
417.96343994140625 413.5267028808594 -2.53141713142395
414.68524169921875 411.2346496582031 -2.53141713142395
411.40704345703125 408.9425964355469 -2.53141713142395
408.12884521484375 406.6505432128906 -2.53141713142395
404.85064697265625 404.3584899902344 -2.53141713142395
401.57244873046875 402.0664367675781 -2.53141713142395
398.29425048828125 399.7743835449219 -2.53141713142395
395.01605224609375 397.4823303222656 -2.53141713142395
391.73785400390625 395.1902770996094 -2.53141713142395
388.45965576171875 392.8982238769531 -2.53141713142395
385.18145751953125 390.6061706542969 -2.53141713142395
381.90325927734375 388.3141174316406 -2.53141713142395
378.62506103515625 386.0220642089844 -2.53141713142395
375.34686279296875 383.7300109863281 -2.53141713142395
372.06866455078125 381.4379577636719 -2.53141713142395
368.79046630859375 379.1459045410156 -2.53141713142395
365.51226806640625 376.8538513183594 -2.53141713142395
362.23406982421875 374.5617980957031 -2.53141713142395
358.95587158203125 372.2697448730469 -2.53141713142395
355.67767333984375 369.9776916503906 -2.53141713142395
352.39947509765625 367.6856384277344 -2.53141713142395
349.12127685546875 365.3935852050781 -2.53141713142395
345.84307861328125 363.1015319824219 -2.53141713142395
342.56488037109375 360.8094787597656 -2.53141713142395
339.28668212890625 358.5174255371094 -2.53141713142395
336.00848388671875 356.2253723144531 -2.53141713142395
332.73028564453125 353.9333190917969 -2.53141713142395
329.45208740234375 351.6412658691406 -2.53141713142395
326.17388916015625 349.3492126464844 -2.53141713142395
322.89569091796875 347.0571594238281 -2.53141713142395
319.61749267578125 344.7651062011719 -2.53141713142395
316.33929443359375 342.4730529785156 -2.53141713142395
313.06109619140625 340.1809997558594 -2.53141713142395
309.78289794921875 337.8889465332031 -2.53141713142395
306.50469970703125 335.5968933105469 -2.53141713142395
303.22650146484375 333.3048400878906 -2.53141713142395
299.94830322265625 331.0127868652344 -2.53141713142395
296.67010498046875 328.7207336425781 -2.53141713142395
293.39190673828125 326.4286804199219 -2.53141713142395
290.11370849609375 324.1366271972656 -2.53141713142395
286.83551025390625 321.8445739746094 -2.53141713142395
283.55731201171875 319.5525207519531 -2.53141713142395
280.27911376953125 317.2604675292969 -2.53141713142395
277.00091552734375 314.9684143066406 -2.53141713142395
273.72271728515625 312.6763610839844 -2.53141713142395
270.44451904296875 310.3843078613281 -2.53141713142395
267.16632080078125 308.0922546386719 -2.53141713142395
263.88812255859375 305.8002014160156 -2.53141713142395
260.60992431640625 303.5081481933594 -2.53141713142395
257.33172607421875 301.2160949707031 -2.53141713142395
254.0535430908203 298.9240417480469 -2.53141713142395
250.77536010742188 296.6319885253906 -2.53141713142395
247.49717712402344 294.3399353027344 -2.53141713142395
244.218994140625 292.0478820800781 -2.53141713142395
240.94081115722656 289.7558288574219 -2.53141713142395
237.66262817382812 287.4637756347656 -2.53141713142395
234.3844451904297 285.1717224121094 -2.53141713142395
231.10626220703125 282.8796691894531 -2.53141713142395
227.8280792236328 280.5876159667969 -2.53141713142395
224.54989624023438 278.2955627441406 -2.53141713142395
221.27171325683594 276.0035095214844 -2.53141713142395
221.27171325683594 276.0035095214844 -2.931417226791382
221.27171325683594 276.0035095214844 2.951767921447754
217.34356689453125 276.7582702636719 2.951767921447754
213.41542053222656 277.5130310058594 2.951767921447754
209.48727416992188 278.2677917480469 2.951767921447754
205.5591278076172 279.0225524902344 2.951767921447754
201.6309814453125 279.7773132324219 2.951767921447754
201.6309814453125 279.7773132324219 2.5517678260803223
201.6309814453125 279.7773132324219 2.1517677307128906
201.6309814453125 279.7773132324219 1.7517677545547485
201.6309814453125 279.7773132324219 1.3517677783966064
201.6309814453125 279.7773132324219 0.9517678022384644
201.6309814453125 279.7773132324219 0.5517678260803223
205.03738403320312 281.87408447265625 0.5517678260803223
208.44378662109375 283.9708557128906 0.5517678260803223
211.85018920898438 286.067626953125 0.5517678260803223
211.85018920898438 286.067626953125 0.1517678201198578
211.85018920898438 286.067626953125 -0.2482321858406067
215.7275848388672 285.0848693847656 -0.2482321858406067
215.7275848388672 285.0848693847656 -0.6482322216033936
212.53897094726562 287.4999694824219 -0.6482322216033936
209.35035705566406 289.9150695800781 -0.6482322216033936
209.35035705566406 289.9150695800781 -1.0482321977615356
209.35035705566406 289.9150695800781 -1.4482321739196777
209.83938598632812 285.945068359375 -1.4482321739196777
210.3284149169922 281.9750671386719 -1.4482321739196777
210.81744384765625 278.00506591796875 -1.4482321739196777
211.3064727783203 274.0350646972656 -1.4482321739196777
211.79550170898438 270.0650634765625 -1.4482321739196777
212.28453063964844 266.0950622558594 -1.4482321739196777
212.7735595703125 262.12506103515625 -1.4482321739196777
213.26258850097656 258.1550598144531 -1.4482321739196777
213.75161743164062 254.18505859375 -1.4482321739196777
214.2406463623047 250.21505737304688 -1.4482321739196777
214.72967529296875 246.24505615234375 -1.4482321739196777
215.2187042236328 242.27505493164062 -1.4482321739196777
215.70773315429688 238.3050537109375 -1.4482321739196777
216.19676208496094 234.33505249023438 -1.4482321739196777
216.685791015625 230.36505126953125 -1.4482321739196777
217.17481994628906 226.39505004882812 -1.4482321739196777
217.66384887695312 222.425048828125 -1.4482321739196777
218.1528778076172 218.45504760742188 -1.4482321739196777
218.64190673828125 214.48504638671875 -1.4482321739196777
219.1309356689453 210.51504516601562 -1.4482321739196777
219.61996459960938 206.5450439453125 -1.4482321739196777
220.10899353027344 202.57504272460938 -1.4482321739196777
220.5980224609375 198.60504150390625 -1.4482321739196777
221.08705139160156 194.63504028320312 -1.4482321739196777
221.57608032226562 190.6650390625 -1.4482321739196777
221.57608032226562 190.6650390625 -1.8482321500778198
220.4805145263672 186.8179931640625 -1.8482321500778198
219.38494873046875 182.970947265625 -1.8482321500778198
218.2893829345703 179.1239013671875 -1.8482321500778198
217.19381713867188 175.27685546875 -1.8482321500778198
216.09825134277344 171.4298095703125 -1.8482321500778198
215.002685546875 167.582763671875 -1.8482321500778198
213.90711975097656 163.7357177734375 -1.8482321500778198
212.81155395507812 159.888671875 -1.8482321500778198
211.7159881591797 156.0416259765625 -1.8482321500778198
210.62042236328125 152.194580078125 -1.8482321500778198
210.62042236328125 152.194580078125 -2.248232126235962
210.62042236328125 152.194580078125 -2.6482322216033936
210.62042236328125 152.194580078125 -3.048232316970825
210.62042236328125 152.194580078125 2.8349528312683105
210.62042236328125 152.194580078125 2.434952735900879
210.62042236328125 152.194580078125 2.0349526405334473
210.62042236328125 152.194580078125 1.6349526643753052
210.62042236328125 152.194580078125 1.234952688217163
210.62042236328125 152.194580078125 0.834952712059021
213.30526733398438 155.15963745117188 0.834952712059021
215.9901123046875 158.12469482421875 0.834952712059021
218.67495727539062 161.08975219726562 0.834952712059021
221.35980224609375 164.0548095703125 0.834952712059021
224.04464721679688 167.01986694335938 0.834952712059021
226.7294921875 169.98492431640625 0.834952712059021
229.41433715820312 172.94998168945312 0.834952712059021
232.09918212890625 175.9150390625 0.834952712059021
234.78402709960938 178.88009643554688 0.834952712059021
237.4688720703125 181.84515380859375 0.834952712059021
240.15371704101562 184.81021118164062 0.834952712059021
242.83856201171875 187.7752685546875 0.834952712059021
245.52340698242188 190.74032592773438 0.834952712059021
248.208251953125 193.70538330078125 0.834952712059021
250.89309692382812 196.67044067382812 0.834952712059021
253.57794189453125 199.635498046875 0.834952712059021
256.2627868652344 202.60055541992188 0.834952712059021
258.9476318359375 205.56561279296875 0.834952712059021
258.9476318359375 205.56561279296875 0.4349527060985565
258.9476318359375 205.56561279296875 0.03495270013809204
262.9451904296875 205.7053985595703 0.03495270013809204
266.9427490234375 205.84518432617188 0.03495270013809204
270.9403076171875 205.98497009277344 0.03495270013809204
274.9378662109375 206.124755859375 0.03495270013809204
278.9354248046875 206.26454162597656 0.03495270013809204
282.9329833984375 206.40432739257812 0.03495270013809204
286.9305419921875 206.5441131591797 0.03495270013809204
290.9281005859375 206.68389892578125 0.03495270013809204
294.9256591796875 206.8236846923828 0.03495270013809204
298.9232177734375 206.96347045898438 0.03495270013809204
302.9207763671875 207.10325622558594 0.03495270013809204
306.9183349609375 207.2430419921875 0.03495270013809204
310.9158935546875 207.38282775878906 0.03495270013809204
314.9134521484375 207.52261352539062 0.03495270013809204
318.9110107421875 207.6623992919922 0.03495270013809204
322.9085693359375 207.80218505859375 0.03495270013809204
326.9061279296875 207.9419708251953 0.03495270013809204
330.9036865234375 208.08175659179688 0.03495270013809204
334.9012451171875 208.22154235839844 0.03495270013809204
338.8988037109375 208.361328125 0.03495270013809204
342.8963623046875 208.50111389160156 0.03495270013809204
346.8939208984375 208.64089965820312 0.03495270013809204
350.8914794921875 208.7806854248047 0.03495270013809204
354.8890380859375 208.92047119140625 0.03495270013809204
358.8865966796875 209.0602569580078 0.03495270013809204
362.8841552734375 209.20004272460938 0.03495270013809204
366.8817138671875 209.33982849121094 0.03495270013809204
370.8792724609375 209.4796142578125 0.03495270013809204
374.8768310546875 209.61940002441406 0.03495270013809204
378.8743896484375 209.75918579101562 0.03495270013809204
382.8719482421875 209.8989715576172 0.03495270013809204
386.8695068359375 210.03875732421875 0.03495270013809204
390.8670654296875 210.1785430908203 0.03495270013809204
394.8646240234375 210.31832885742188 0.03495270013809204
398.8621826171875 210.45811462402344 0.03495270013809204
402.8597412109375 210.597900390625 0.03495270013809204
406.8572998046875 210.73768615722656 0.03495270013809204
410.8548583984375 210.87747192382812 0.03495270013809204
414.8524169921875 211.0172576904297 0.03495270013809204
418.8499755859375 211.15704345703125 0.03495270013809204
422.8475341796875 211.2968292236328 0.03495270013809204
426.8450927734375 211.43661499023438 0.03495270013809204
430.8426513671875 211.57640075683594 0.03495270013809204
434.8402099609375 211.7161865234375 0.03495270013809204
438.8377685546875 211.85597229003906 0.03495270013809204
442.8353271484375 211.99575805664062 0.03495270013809204
446.8328857421875 212.1355438232422 0.03495270013809204
450.8304443359375 212.27532958984375 0.03495270013809204
454.8280029296875 212.4151153564453 0.03495270013809204
458.8255615234375 212.55490112304688 0.03495270013809204
462.8231201171875 212.69468688964844 0.03495270013809204
466.8206787109375 212.83447265625 0.03495270013809204
470.8182373046875 212.97425842285156 0.03495270013809204
474.8157958984375 213.11404418945312 0.03495270013809204
478.8133544921875 213.2538299560547 0.03495270013809204
482.8109130859375 213.39361572265625 0.03495270013809204
486.8084716796875 213.5334014892578 0.03495270013809204
490.8060302734375 213.67318725585938 0.03495270013809204
494.8035888671875 213.81297302246094 0.03495270013809204
498.8011474609375 213.9527587890625 0.03495270013809204
502.7987060546875 214.09254455566406 0.03495270013809204
506.7962646484375 214.23233032226562 0.03495270013809204
510.7938232421875 214.3721160888672 0.03495270013809204
514.7913818359375 214.51190185546875 0.03495270013809204
518.7889404296875 214.6516876220703 0.03495270013809204
522.7864990234375 214.79147338867188 0.03495270013809204
526.7840576171875 214.93125915527344 0.03495270013809204
530.7816162109375 215.071044921875 0.03495270013809204
534.7791748046875 215.21083068847656 0.03495270013809204
538.7767333984375 215.35061645507812 0.03495270013809204
542.7742919921875 215.4904022216797 0.03495270013809204
546.7718505859375 215.63018798828125 0.03495270013809204
550.7694091796875 215.7699737548828 0.03495270013809204
554.7669677734375 215.90975952148438 0.03495270013809204
558.7645263671875 216.04954528808594 0.03495270013809204
562.7620849609375 216.1893310546875 0.03495270013809204
566.7596435546875 216.32911682128906 0.03495270013809204
570.7572021484375 216.46890258789062 0.03495270013809204
574.7547607421875 216.6086883544922 0.03495270013809204
578.7523193359375 216.74847412109375 0.03495270013809204
578.7523193359375 216.74847412109375 0.03495270013809204
578.7523193359375 216.74847412109375 -0.36504730582237244
578.7523193359375 216.74847412109375 -0.7650473117828369
578.7523193359375 216.74847412109375 -1.165047287940979
578.7523193359375 216.74847412109375 -1.565047264099121
578.7523193359375 216.74847412109375 -1.9650472402572632
578.7523193359375 216.74847412109375 -2.3650472164154053
575.8989868164062 213.9451904296875 -2.3650472164154053
573.045654296875 211.14190673828125 -2.3650472164154053
570.1923217773438 208.338623046875 -2.3650472164154053
567.3389892578125 205.53533935546875 -2.3650472164154053
564.4856567382812 202.7320556640625 -2.3650472164154053
561.63232421875 199.92877197265625 -2.3650472164154053
558.7789916992188 197.12548828125 -2.3650472164154053
555.9256591796875 194.32220458984375 -2.3650472164154053
553.0723266601562 191.5189208984375 -2.3650472164154053
550.218994140625 188.71563720703125 -2.3650472164154053
547.3656616210938 185.912353515625 -2.3650472164154053
544.5123291015625 183.10906982421875 -2.3650472164154053
541.6589965820312 180.3057861328125 -2.3650472164154053
538.8056640625 177.50250244140625 -2.3650472164154053
535.9523315429688 174.69921875 -2.3650472164154053
533.0989990234375 171.89593505859375 -2.3650472164154053
530.2456665039062 169.0926513671875 -2.3650472164154053
527.392333984375 166.28936767578125 -2.3650472164154053
524.5390014648438 163.486083984375 -2.3650472164154053
521.6856689453125 160.68280029296875 -2.3650472164154053
518.8323364257812 157.8795166015625 -2.3650472164154053
515.97900390625 155.07623291015625 -2.3650472164154053
513.1256713867188 152.27294921875 -2.3650472164154053
510.2723083496094 149.46966552734375 -2.3650472164154053
507.4189453125 146.6663818359375 -2.3650472164154053
504.5655822753906 143.86309814453125 -2.3650472164154053
501.71221923828125 141.059814453125 -2.3650472164154053
498.8588562011719 138.25653076171875 -2.3650472164154053
496.0054931640625 135.4532470703125 -2.3650472164154053
493.1521301269531 132.64996337890625 -2.3650472164154053
490.29876708984375 129.8466796875 -2.3650472164154053
487.4454040527344 127.04340362548828 -2.3650472164154053
484.592041015625 124.24012756347656 -2.3650472164154053
481.7386779785156 121.43685150146484 -2.3650472164154053
478.88531494140625 118.63357543945312 -2.3650472164154053
476.0319519042969 115.8302993774414 -2.3650472164154053
473.1785888671875 113.02702331542969 -2.3650472164154053
470.3252258300781 110.22374725341797 -2.3650472164154053
467.47186279296875 107.42047119140625 -2.3650472164154053
464.6184997558594 104.61719512939453 -2.3650472164154053
461.76513671875 101.81391906738281 -2.3650472164154053
458.9117736816406 99.0106430053711 -2.3650472164154053
456.05841064453125 96.20736694335938 -2.3650472164154053
453.2050476074219 93.40409088134766 -2.3650472164154053
450.3516845703125 90.60081481933594 -2.3650472164154053
447.4983215332031 87.79753875732422 -2.3650472164154053
444.64495849609375 84.9942626953125 -2.3650472164154053
441.7915954589844 82.19098663330078 -2.3650472164154053
438.938232421875 79.38771057128906 -2.3650472164154053
436.0848693847656 76.58443450927734 -2.3650472164154053
433.23150634765625 73.78115844726562 -2.3650472164154053
430.3781433105469 70.9778823852539 -2.3650472164154053
430.3781433105469 70.9778823852539 -2.765047311782837
426.65838623046875 69.50704193115234 -2.765047311782837
422.9386291503906 68.03620147705078 -2.765047311782837
419.2188720703125 66.56536102294922 -2.765047311782837
415.4991149902344 65.09452056884766 -2.765047311782837
411.77935791015625 63.623680114746094 -2.765047311782837
408.0596008300781 62.15283966064453 -2.765047311782837
404.33984375 60.68199920654297 -2.765047311782837
400.6200866699219 59.211158752441406 -2.765047311782837
396.90032958984375 57.740318298339844 -2.765047311782837
396.90032958984375 57.740318298339844 3.118137836456299
392.90142822265625 57.834129333496094 3.118137836456299
388.90252685546875 57.927940368652344 3.118137836456299
384.90362548828125 58.021751403808594 3.118137836456299
380.90472412109375 58.115562438964844 3.118137836456299
376.90582275390625 58.209373474121094 3.118137836456299
372.90692138671875 58.303184509277344 3.118137836456299
368.90802001953125 58.396995544433594 3.118137836456299
364.90911865234375 58.490806579589844 3.118137836456299
360.91021728515625 58.584617614746094 3.118137836456299
356.91131591796875 58.678428649902344 3.118137836456299
352.91241455078125 58.772239685058594 3.118137836456299
348.91351318359375 58.866050720214844 3.118137836456299
344.91461181640625 58.959861755371094 3.118137836456299
340.91571044921875 59.053672790527344 3.118137836456299
336.91680908203125 59.147483825683594 3.118137836456299
332.91790771484375 59.241294860839844 3.118137836456299
328.91900634765625 59.335105895996094 3.118137836456299
324.92010498046875 59.428916931152344 3.118137836456299
320.92120361328125 59.522727966308594 3.118137836456299
316.92230224609375 59.616539001464844 3.118137836456299
312.92340087890625 59.710350036621094 3.118137836456299
308.92449951171875 59.804161071777344 3.118137836456299
304.92559814453125 59.897972106933594 3.118137836456299
300.92669677734375 59.991783142089844 3.118137836456299
296.92779541015625 60.085594177246094 3.118137836456299
292.92889404296875 60.179405212402344 3.118137836456299
288.92999267578125 60.273216247558594 3.118137836456299
284.93109130859375 60.367027282714844 3.118137836456299
280.93218994140625 60.460838317871094 3.118137836456299
276.93328857421875 60.554649353027344 3.118137836456299
272.93438720703125 60.648460388183594 3.118137836456299
268.93548583984375 60.742271423339844 3.118137836456299
264.93658447265625 60.836082458496094 3.118137836456299
260.93768310546875 60.929893493652344 3.118137836456299
260.93768310546875 60.929893493652344 2.718137741088867
257.2909851074219 62.573543548583984 2.718137741088867
253.644287109375 64.21719360351562 2.718137741088867
249.99758911132812 65.86084747314453 2.718137741088867
246.35089111328125 67.50450134277344 2.718137741088867
242.70419311523438 69.14815521240234 2.718137741088867
239.0574951171875 70.79180908203125 2.718137741088867
235.41079711914062 72.43546295166016 2.718137741088867
231.76409912109375 74.07911682128906 2.718137741088867
228.11740112304688 75.72277069091797 2.718137741088867
224.470703125 77.36642456054688 2.718137741088867
220.82400512695312 79.01007843017578 2.718137741088867
217.17730712890625 80.65373229980469 2.718137741088867
213.53060913085938 82.2973861694336 2.718137741088867
209.8839111328125 83.9410400390625 2.718137741088867
206.23721313476562 85.5846939086914 2.718137741088867
202.59051513671875 87.22834777832031 2.718137741088867
198.94381713867188 88.87200164794922 2.718137741088867
195.297119140625 90.51565551757812 2.718137741088867
191.65042114257812 92.15930938720703 2.718137741088867
188.00372314453125 93.80296325683594 2.718137741088867
184.35702514648438 95.44661712646484 2.718137741088867
180.7103271484375 97.09027099609375 2.718137741088867
177.06362915039062 98.73392486572266 2.718137741088867
173.41693115234375 100.37757873535156 2.718137741088867
169.77023315429688 102.02123260498047 2.718137741088867
166.12353515625 103.66488647460938 2.718137741088867
162.47683715820312 105.30854034423828 2.718137741088867
158.83013916015625 106.95219421386719 2.718137741088867
155.18344116210938 108.5958480834961 2.718137741088867
151.5367431640625 110.239501953125 2.718137741088867
150.56068420410156 110.85889434814453 2.4341275691986084
150.56068420410156 110.85889434814453 2.0341274738311768
150.56068420410156 110.85889434814453 1.6341274976730347
150.30752563476562 114.85087585449219 1.6341274976730347
150.0543670654297 118.84285736083984 1.6341274976730347
149.80120849609375 122.8348388671875 1.6341274976730347
149.80120849609375 122.8348388671875 1.2341275215148926
149.80120849609375 122.8348388671875 0.8341275453567505
149.80120849609375 122.8348388671875 0.434127539396286
149.80120849609375 122.8348388671875 0.03412753343582153
149.80120849609375 122.8348388671875 -0.36587247252464294
149.80120849609375 122.8348388671875 -0.7658724784851074
149.80120849609375 122.8348388671875 -1.1658724546432495
151.3769989013672 119.15830993652344 -1.1658724546432495
152.95278930664062 115.48178100585938 -1.1658724546432495
154.52857971191406 111.80525207519531 -1.1658724546432495
156.1043701171875 108.12872314453125 -1.1658724546432495
157.68016052246094 104.45219421386719 -1.1658724546432495
159.25595092773438 100.77566528320312 -1.1658724546432495
160.8317413330078 97.09913635253906 -1.1658724546432495
162.40753173828125 93.422607421875 -1.1658724546432495
163.9833221435547 89.74607849121094 -1.1658724546432495
165.55911254882812 86.06954956054688 -1.1658724546432495
167.13490295410156 82.39302062988281 -1.1658724546432495
168.710693359375 78.71649169921875 -1.1658724546432495
170.28648376464844 75.03996276855469 -1.1658724546432495
171.86227416992188 71.36343383789062 -1.1658724546432495
173.4380645751953 67.68690490722656 -1.1658724546432495
175.01385498046875 64.0103759765625 -1.1658724546432495
176.5896453857422 60.33384704589844 -1.1658724546432495
178.16543579101562 56.657318115234375 -1.1658724546432495
178.16543579101562 56.657318115234375 -1.5658724308013916
178.1851348876953 52.65736770629883 -1.5658724308013916
178.204833984375 48.65741729736328 -1.5658724308013916
178.2245330810547 44.657466888427734 -1.5658724308013916
178.24423217773438 40.65751647949219 -1.5658724308013916
178.26393127441406 36.65756607055664 -1.5658724308013916
178.28363037109375 32.657615661621094 -1.5658724308013916
178.30332946777344 28.657663345336914 -1.5658724308013916
178.30332946777344 28.657663345336914 -1.9658724069595337
178.30332946777344 28.657663345336914 -2.365872383117676
178.30332946777344 28.657663345336914 -2.7658724784851074
178.30332946777344 28.657663345336914 3.1173126697540283
178.30332946777344 28.657663345336914 2.7173125743865967
178.30332946777344 28.657663345336914 2.317312479019165
175.5869903564453 31.593900680541992 2.317312479019165
172.8706512451172 34.53013610839844 2.317312479019165
170.15431213378906 37.466373443603516 2.317312479019165
167.43797302246094 40.402610778808594 2.317312479019165
164.7216339111328 43.33884811401367 2.317312479019165
162.0052947998047 46.27508544921875 2.317312479019165
159.28895568847656 49.21132278442383 2.317312479019165
156.57261657714844 52.147560119628906 2.317312479019165
153.8562774658203 55.083797454833984 2.317312479019165
151.1399383544922 58.02003479003906 2.317312479019165
148.42359924316406 60.95627212524414 2.317312479019165
145.70726013183594 63.89250946044922 2.317312479019165
142.9909210205078 66.82874298095703 2.317312479019165
140.2745819091797 69.76497650146484 2.317312479019165
137.55824279785156 72.70121002197266 2.317312479019165
134.84190368652344 75.63744354248047 2.317312479019165
132.1255645751953 78.57367706298828 2.317312479019165
129.4092254638672 81.5099105834961 2.317312479019165
126.69288635253906 84.4461441040039 2.317312479019165
123.97654724121094 87.38237762451172 2.317312479019165
121.26020812988281 90.31861114501953 2.317312479019165
118.54386901855469 93.25484466552734 2.317312479019165
117.88692474365234 94.20587158203125 2.0332887172698975
117.88692474365234 94.20587158203125 1.6332887411117554
117.63711547851562 98.19806671142578 1.6332887411117554
117.3873062133789 102.19026184082031 1.6332887411117554
117.13749694824219 106.18245697021484 1.6332887411117554
116.88768768310547 110.17465209960938 1.6332887411117554
116.63787841796875 114.1668472290039 1.6332887411117554
116.38806915283203 118.15904235839844 1.6332887411117554
116.13825988769531 122.15123748779297 1.6332887411117554
116.13825988769531 122.15123748779297 1.2332887649536133
116.13825988769531 122.15123748779297 0.8332887887954712
116.13825988769531 122.15123748779297 0.4332887828350067
116.13825988769531 122.15123748779297 0.033288776874542236
116.13825988769531 122.15123748779297 -0.36671122908592224
116.13825988769531 122.15123748779297 -0.7667112350463867
119.01904296875 119.37615203857422 -0.7667112350463867
121.89982604980469 116.60106658935547 -0.7667112350463867
124.78060913085938 113.82598114013672 -0.7667112350463867
127.66139221191406 111.05089569091797 -0.7667112350463867
130.54217529296875 108.27581024169922 -0.7667112350463867
133.42295837402344 105.50072479248047 -0.7667112350463867
136.30374145507812 102.72563934326172 -0.7667112350463867
139.1845245361328 99.95055389404297 -0.7667112350463867
142.0653076171875 97.17546844482422 -0.7667112350463867
144.9460906982422 94.40038299560547 -0.7667112350463867
147.82687377929688 91.62529754638672 -0.7667112350463867
150.70765686035156 88.85021209716797 -0.7667112350463867
153.58843994140625 86.07512664794922 -0.7667112350463867
156.46922302246094 83.30004119873047 -0.7667112350463867
159.35000610351562 80.52495574951172 -0.7667112350463867
162.2307891845703 77.74987030029297 -0.7667112350463867
165.111572265625 74.97478485107422 -0.7667112350463867
167.9923553466797 72.19969940185547 -0.7667112350463867
170.87313842773438 69.42461395263672 -0.7667112350463867
173.75392150878906 66.64952850341797 -0.7667112350463867
176.63470458984375 63.874446868896484 -0.7667112350463867
179.51548767089844 61.099365234375 -0.7667112350463867
182.39627075195312 58.324283599853516 -0.7667112350463867
185.2770538330078 55.54920196533203 -0.7667112350463867
188.1578369140625 52.77412033081055 -0.7667112350463867
191.0386199951172 49.99903869628906 -0.7667112350463867
193.91940307617188 47.22395706176758 -0.7667112350463867
196.80018615722656 44.448875427246094 -0.7667112350463867
199.68096923828125 41.67379379272461 -0.7667112350463867
200.39065551757812 40.763145446777344 -1.0508686304092407
200.39065551757812 40.763145446777344 -1.4508686065673828
200.39065551757812 40.763145446777344 -1.850868582725525
200.39065551757812 40.763145446777344 -2.250868558883667
200.39065551757812 40.763145446777344 -2.6508686542510986
200.39065551757812 40.763145446777344 -3.0508687496185303
200.39065551757812 40.763145446777344 2.8323163986206055
200.39065551757812 40.763145446777344 2.432316303253174
197.35531616210938 43.3682861328125 2.432316303253174
194.31997680664062 45.973426818847656 2.432316303253174
191.28463745117188 48.57856750488281 2.432316303253174
188.24929809570312 51.18370819091797 2.432316303253174
185.21395874023438 53.788848876953125 2.432316303253174
182.17861938476562 56.39398956298828 2.432316303253174
179.14328002929688 58.99913024902344 2.432316303253174
176.10794067382812 61.604270935058594 2.432316303253174
173.07260131835938 64.20941162109375 2.432316303253174
170.03726196289062 66.8145523071289 2.432316303253174
167.00192260742188 69.41969299316406 2.432316303253174
163.96658325195312 72.02483367919922 2.432316303253174
160.93124389648438 74.62997436523438 2.432316303253174
157.89590454101562 77.23511505126953 2.432316303253174
154.86056518554688 79.84025573730469 2.432316303253174
151.82522583007812 82.44539642333984 2.432316303253174
148.78988647460938 85.050537109375 2.432316303253174
145.75454711914062 87.65567779541016 2.432316303253174
142.71920776367188 90.26081848144531 2.432316303253174
139.68386840820312 92.86595916748047 2.432316303253174
136.64852905273438 95.47109985351562 2.432316303253174
133.61318969726562 98.07624053955078 2.432316303253174
132.8513641357422 98.9457015991211 2.148306131362915
132.8513641357422 98.9457015991211 1.748306155204773
132.8513641357422 98.9457015991211 1.3483061790466309
132.8513641357422 98.9457015991211 0.9483062028884888
132.8513641357422 98.9457015991211 0.5483062267303467
132.8513641357422 98.9457015991211 0.1483062207698822
132.8513641357422 98.9457015991211 -0.2516937851905823
132.8513641357422 98.9457015991211 -0.6516938209533691
136.03160095214844 96.51956939697266 -0.6516938209533691
139.2118377685547 94.09343719482422 -0.6516938209533691
142.39207458496094 91.66730499267578 -0.6516938209533691
145.5723114013672 89.24117279052734 -0.6516938209533691
148.75254821777344 86.8150405883789 -0.6516938209533691
151.9327850341797 84.38890838623047 -0.6516938209533691
155.11302185058594 81.96277618408203 -0.6516938209533691
158.2932586669922 79.5366439819336 -0.6516938209533691
161.47349548339844 77.11051177978516 -0.6516938209533691
164.6537322998047 74.68437957763672 -0.6516938209533691
167.83396911621094 72.25824737548828 -0.6516938209533691
171.0142059326172 69.83211517333984 -0.6516938209533691
174.19444274902344 67.4059829711914 -0.6516938209533691
177.3746795654297 64.97985076904297 -0.6516938209533691
180.55491638183594 62.553714752197266 -0.6516938209533691
183.7351531982422 60.12757873535156 -0.6516938209533691
186.91539001464844 57.70144271850586 -0.6516938209533691
190.0956268310547 55.275306701660156 -0.6516938209533691
193.27586364746094 52.84917068481445 -0.6516938209533691
196.4561004638672 50.42303466796875 -0.6516938209533691
199.63633728027344 47.99689865112305 -0.6516938209533691
202.8165740966797 45.570762634277344 -0.6516938209533691
205.99681091308594 43.14462661743164 -0.6516938209533691
209.1770477294922 40.71849060058594 -0.6516938209533691
212.35728454589844 38.292354583740234 -0.6516938209533691
213.1678924560547 37.46818161010742 -0.9357041120529175
213.1678924560547 37.46818161010742 -1.3357040882110596
213.1678924560547 37.46818161010742 -1.7357040643692017
213.1678924560547 37.46818161010742 -2.1357040405273438
213.1678924560547 37.46818161010742 -2.5357041358947754
213.1678924560547 37.46818161010742 -2.935704231262207
213.1678924560547 37.46818161010742 2.9474809169769287
213.1678924560547 37.46818161010742 2.547480821609497
209.85330200195312 39.707275390625 2.547480821609497
206.53871154785156 41.94636917114258 2.547480821609497
203.22412109375 44.185462951660156 2.547480821609497
199.90953063964844 46.424556732177734 2.547480821609497
196.59494018554688 48.66365051269531 2.547480821609497
193.2803497314453 50.90274429321289 2.547480821609497
189.96575927734375 53.14183807373047 2.547480821609497
186.6511688232422 55.38093185424805 2.547480821609497
183.33657836914062 57.620025634765625 2.547480821609497
180.02198791503906 59.8591194152832 2.547480821609497
176.7073974609375 62.09821319580078 2.547480821609497
173.39280700683594 64.3373031616211 2.547480821609497
170.07821655273438 66.5763931274414 2.547480821609497
166.7636260986328 68.81548309326172 2.547480821609497
163.44903564453125 71.05457305908203 2.547480821609497
160.1344451904297 73.29366302490234 2.547480821609497
156.81985473632812 75.53275299072266 2.547480821609497
153.50526428222656 77.77184295654297 2.547480821609497
150.190673828125 80.01093292236328 2.547480821609497
146.87608337402344 82.2500228881836 2.547480821609497
143.56149291992188 84.4891128540039 2.547480821609497
140.2469024658203 86.72820281982422 2.547480821609497
136.93231201171875 88.96729278564453 2.547480821609497
133.6177215576172 91.20638275146484 2.547480821609497
130.30313110351562 93.44547271728516 2.547480821609497
126.9885482788086 95.68456268310547 2.547480821609497
123.67396545410156 97.92365264892578 2.547480821609497
120.35938262939453 100.1627426147461 2.547480821609497
117.0447998046875 102.4018325805664 2.547480821609497
116.18816375732422 103.17794036865234 2.263463020324707
116.18816375732422 103.17794036865234 1.863463044166565
116.18816375732422 103.17794036865234 1.4634630680084229
116.18816375732422 103.17794036865234 1.0634630918502808
116.18816375732422 103.17794036865234 0.6634631156921387
116.18816375732422 103.17794036865234 0.2634631097316742
116.18816375732422 103.17794036865234 -0.13653689622879028
116.18816375732422 103.17794036865234 -0.5365369319915771
119.6260986328125 101.13329315185547 -0.5365369319915771
123.06403350830078 99.0886459350586 -0.5365369319915771
126.50196838378906 97.04399871826172 -0.5365369319915771
129.93991088867188 94.99935150146484 -0.5365369319915771
133.3778533935547 92.95470428466797 -0.5365369319915771
136.8157958984375 90.9100570678711 -0.5365369319915771
140.2537384033203 88.86540985107422 -0.5365369319915771
143.69168090820312 86.82076263427734 -0.5365369319915771
147.12962341308594 84.77611541748047 -0.5365369319915771
150.56756591796875 82.7314682006836 -0.5365369319915771
154.00550842285156 80.68682098388672 -0.5365369319915771
157.44345092773438 78.64217376708984 -0.5365369319915771
160.8813934326172 76.59752655029297 -0.5365369319915771
164.3193359375 74.5528793334961 -0.5365369319915771
167.7572784423828 72.50823211669922 -0.5365369319915771
171.19522094726562 70.46358489990234 -0.5365369319915771
174.63316345214844 68.41893768310547 -0.5365369319915771
178.07110595703125 66.3742904663086 -0.5365369319915771
181.50904846191406 64.32964324951172 -0.5365369319915771
184.94699096679688 62.28499221801758 -0.5365369319915771
188.3849334716797 60.24034118652344 -0.5365369319915771
191.8228759765625 58.1956901550293 -0.5365369319915771
195.2608184814453 56.151039123535156 -0.5365369319915771
198.69876098632812 54.106388092041016 -0.5365369319915771
202.13670349121094 52.061737060546875 -0.5365369319915771
205.57464599609375 50.017086029052734 -0.5365369319915771
209.01258850097656 47.972434997558594 -0.5365369319915771
212.45053100585938 45.92778396606445 -0.5365369319915771
215.8884735107422 43.88313293457031 -0.5365369319915771
219.326416015625 41.83848190307617 -0.5365369319915771
222.7643585205078 39.79383087158203 -0.5365369319915771
226.20230102539062 37.74917984008789 -0.5365369319915771
229.64024353027344 35.70452880859375 -0.5365369319915771
233.07818603515625 33.65987777709961 -0.5365369319915771
233.97811889648438 32.934303283691406 -0.8205472230911255
233.97811889648438 32.934303283691406 -1.2205471992492676
233.97811889648438 32.934303283691406 -1.6205471754074097
233.97811889648438 32.934303283691406 -2.0205471515655518
233.97811889648438 32.934303283691406 -2.4205472469329834
233.97811889648438 32.934303283691406 -2.820547342300415
233.97811889648438 32.934303283691406 3.0626378059387207
233.97811889648438 32.934303283691406 2.662637710571289
230.42820739746094 34.7777099609375 2.662637710571289
226.8782958984375 36.621116638183594 2.662637710571289
223.32838439941406 38.46452331542969 2.662637710571289
219.77847290039062 40.30792999267578 2.662637710571289
216.2285614013672 42.151336669921875 2.662637710571289
212.67864990234375 43.99474334716797 2.662637710571289
209.1287384033203 45.83815002441406 2.662637710571289
205.57882690429688 47.681556701660156 2.662637710571289
202.02891540527344 49.52496337890625 2.662637710571289
198.47900390625 51.368370056152344 2.662637710571289
194.92909240722656 53.21177673339844 2.662637710571289
191.37918090820312 55.05518341064453 2.662637710571289
187.8292694091797 56.898590087890625 2.662637710571289
184.27935791015625 58.74199676513672 2.662637710571289
180.7294464111328 60.58540344238281 2.662637710571289
177.17953491210938 62.428810119628906 2.662637710571289
173.62962341308594 64.272216796875 2.662637710571289
170.0797119140625 66.1156234741211 2.662637710571289
166.52980041503906 67.95903015136719 2.662637710571289
162.97988891601562 69.80243682861328 2.662637710571289
159.4299774169922 71.64584350585938 2.662637710571289
155.88006591796875 73.48925018310547 2.662637710571289
152.3301544189453 75.33265686035156 2.662637710571289
148.78024291992188 77.17606353759766 2.662637710571289
145.23033142089844 79.01947021484375 2.662637710571289
141.680419921875 80.86287689208984 2.662637710571289
138.13050842285156 82.70628356933594 2.662637710571289
134.58059692382812 84.54969024658203 2.662637710571289
131.0306854248047 86.39309692382812 2.662637710571289
127.48077392578125 88.23650360107422 2.662637710571289
123.93086242675781 90.07991027832031 2.662637710571289
120.38095092773438 91.9233169555664 2.662637710571289
116.83103942871094 93.7667236328125 2.662637710571289
113.2811279296875 95.6101303100586 2.662637710571289
109.73121643066406 97.45353698730469 2.662637710571289
106.18130493164062 99.29694366455078 2.662637710571289
102.63139343261719 101.14035034179688 2.662637710571289
99.08148193359375 102.98375701904297 2.662637710571289
95.53157043457031 104.82716369628906 2.662637710571289
91.98165893554688 106.67057037353516 2.662637710571289
91.04145812988281 107.34315490722656 2.3786275386810303
91.04145812988281 107.34315490722656 1.9786275625228882
91.04145812988281 107.34315490722656 1.578627586364746
91.04145812988281 107.34315490722656 1.178627610206604
91.04145812988281 107.34315490722656 0.7786276340484619
91.04145812988281 107.34315490722656 0.37862762808799744
91.04145812988281 107.34315490722656 -0.02137237787246704
91.04145812988281 107.34315490722656 -0.4213723838329315
91.04145812988281 107.34315490722656 -0.821372389793396
93.76632690429688 104.41482543945312 -0.821372389793396
96.49119567871094 101.48649597167969 -0.821372389793396
99.216064453125 98.55816650390625 -0.821372389793396
101.94093322753906 95.62983703613281 -0.821372389793396
104.66580200195312 92.70150756835938 -0.821372389793396
107.39067077636719 89.77317810058594 -0.821372389793396
110.11553955078125 86.8448486328125 -0.821372389793396
112.84040832519531 83.91651916503906 -0.821372389793396
115.56527709960938 80.98818969726562 -0.821372389793396
118.29014587402344 78.05986022949219 -0.821372389793396
121.0150146484375 75.13153076171875 -0.821372389793396
123.73988342285156 72.20320129394531 -0.821372389793396
126.46475219726562 69.27487182617188 -0.821372389793396
129.1896209716797 66.34654235839844 -0.821372389793396
131.91448974609375 63.418216705322266 -0.821372389793396
134.6393585205078 60.489891052246094 -0.821372389793396
137.36422729492188 57.56156539916992 -0.821372389793396
140.08909606933594 54.63323974609375 -0.821372389793396
142.81396484375 51.70491409301758 -0.821372389793396
145.53883361816406 48.776588439941406 -0.821372389793396
148.26370239257812 45.848262786865234 -0.821372389793396
148.92349243164062 44.89904022216797 -1.1053826808929443
148.92349243164062 44.89904022216797 -1.5053826570510864
148.92349243164062 44.89904022216797 -1.9053826332092285
148.92349243164062 44.89904022216797 -2.30538272857666
148.92349243164062 44.89904022216797 -2.705382823944092
148.92349243164062 44.89904022216797 -3.1053829193115234
148.92349243164062 44.89904022216797 2.7778022289276123
145.18527221679688 46.32231521606445 2.7778022289276123
141.44705200195312 47.74559020996094 2.7778022289276123
137.70883178710938 49.16886520385742 2.7778022289276123
133.97061157226562 50.592140197753906 2.7778022289276123
130.23239135742188 52.01541519165039 2.7778022289276123
126.49417114257812 53.438690185546875 2.7778022289276123
122.75595092773438 54.86196517944336 2.7778022289276123
119.01773071289062 56.285240173339844 2.7778022289276123
115.27951049804688 57.70851516723633 2.7778022289276123
111.54129028320312 59.13179016113281 2.7778022289276123
107.80307006835938 60.5550651550293 2.7778022289276123
104.06484985351562 61.97834014892578 2.7778022289276123
100.32662963867188 63.401615142822266 2.7778022289276123
96.58840942382812 64.82489013671875 2.7778022289276123
92.85018920898438 66.2481689453125 2.7778022289276123
89.11196899414062 67.67144775390625 2.7778022289276123
85.37374877929688 69.0947265625 2.7778022289276123
81.63552856445312 70.51800537109375 2.7778022289276123
77.89730834960938 71.9412841796875 2.7778022289276123
74.15908813476562 73.36456298828125 2.7778022289276123
70.42086791992188 74.787841796875 2.7778022289276123
66.68264770507812 76.21112060546875 2.7778022289276123
62.944427490234375 77.6343994140625 2.7778022289276123
59.206207275390625 79.05767822265625 2.7778022289276123
55.467987060546875 80.48095703125 2.7778022289276123
51.729766845703125 81.90423583984375 2.7778022289276123
47.991546630859375 83.3275146484375 2.7778022289276123
44.253326416015625 84.75079345703125 2.7778022289276123
40.515106201171875 86.174072265625 2.7778022289276123
40.515106201171875 86.174072265625 2.3778021335601807
37.62622833251953 88.94072723388672 2.3778021335601807
34.73735046386719 91.70738220214844 2.3778021335601807
31.848472595214844 94.47403717041016 2.3778021335601807
28.9595947265625 97.24069213867188 2.3778021335601807
26.070716857910156 100.0073471069336 2.3778021335601807
23.181838989257812 102.77400207519531 2.3778021335601807
23.181838989257812 102.77400207519531 1.9778021574020386
23.181838989257812 102.77400207519531 1.5778021812438965
23.181838989257812 102.77400207519531 1.1778022050857544
23.181838989257812 102.77400207519531 0.7778022289276123
23.181838989257812 102.77400207519531 0.3778022229671478
23.181838989257812 102.77400207519531 -0.02219778299331665
23.181838989257812 102.77400207519531 -0.42219778895378113
23.181838989257812 102.77400207519531 -0.8221977949142456
25.90428924560547 99.84342956542969 -0.8221977949142456
28.626739501953125 96.91285705566406 -0.8221977949142456
31.34918975830078 93.98228454589844 -0.8221977949142456
34.07164001464844 91.05171203613281 -0.8221977949142456
36.794090270996094 88.12113952636719 -0.8221977949142456
39.51654052734375 85.19056701660156 -0.8221977949142456
42.238990783691406 82.25999450683594 -0.8221977949142456
44.96144104003906 79.32942199707031 -0.8221977949142456
47.68389129638672 76.39884948730469 -0.8221977949142456
50.406341552734375 73.46827697753906 -0.8221977949142456
53.12879180908203 70.53770446777344 -0.8221977949142456
55.85124206542969 67.60713195800781 -0.8221977949142456
58.573692321777344 64.67655944824219 -0.8221977949142456
61.296142578125 61.74598693847656 -0.8221977949142456
