62.828426361083984 452.82843017578125 0.7853981852531433
65.65685272216797 455.6568603515625 0.7853981852531433
68.48528289794922 458.48529052734375 0.7853981852531433
71.31371307373047 461.313720703125 0.7853981852531433
74.14214324951172 464.14215087890625 0.7853981852531433
76.97057342529297 466.9705810546875 0.7853981852531433
79.79900360107422 469.79901123046875 0.7853981852531433
82.62743377685547 472.62744140625 0.7853981852531433
85.45586395263672 475.45587158203125 0.7853981852531433
88.28429412841797 478.2843017578125 0.7853981852531433
91.11272430419922 481.11273193359375 0.7853981852531433
93.94115447998047 483.941162109375 0.7853981852531433
96.76958465576172 486.76959228515625 0.7853981852531433
99.59801483154297 489.5980224609375 0.7853981852531433
102.42644500732422 492.42645263671875 0.7853981852531433
105.25487518310547 495.2548828125 0.7853981852531433
108.08330535888672 498.08331298828125 0.7853981852531433
110.91173553466797 500.9117431640625 0.7853981852531433
113.74016571044922 503.74017333984375 0.7853981852531433
116.56859588623047 506.568603515625 0.7853981852531433
119.39702606201172 509.39703369140625 0.7853981852531433
119.39702606201172 509.39703369140625 0.38539817929267883
123.10362243652344 510.9007568359375 0.38539817929267883
126.81021881103516 512.4044799804688 0.38539817929267883
130.51681518554688 513.908203125 0.38539817929267883
134.22340393066406 515.4119262695312 0.38539817929267883
134.22340393066406 515.4119262695312 -0.014601826667785645
138.2229766845703 515.353515625 -0.014601826667785645
142.22254943847656 515.2951049804688 -0.014601826667785645
146.2221221923828 515.2366943359375 -0.014601826667785645
150.22169494628906 515.1782836914062 -0.014601826667785645
154.2212677001953 515.119873046875 -0.014601826667785645
158.22084045410156 515.0614624023438 -0.014601826667785645
162.2204132080078 515.0030517578125 -0.014601826667785645
166.21998596191406 514.9446411132812 -0.014601826667785645
170.2195587158203 514.88623046875 -0.014601826667785645
170.2195587158203 514.88623046875 -0.4146018326282501
173.8806610107422 513.27490234375 -0.4146018326282501
177.54176330566406 511.6636047363281 -0.4146018326282501
177.54176330566406 511.6636047363281 -0.8146018385887146
180.28639221191406 508.7537841796875 -0.8146018385887146
183.03102111816406 505.8439636230469 -0.8146018385887146
185.77565002441406 502.93414306640625 -0.8146018385887146
188.52027893066406 500.0243225097656 -0.8146018385887146
191.26490783691406 497.114501953125 -0.8146018385887146
194.00953674316406 494.2046813964844 -0.8146018385887146
196.75416564941406 491.29486083984375 -0.8146018385887146
199.49879455566406 488.3850402832031 -0.8146018385887146
202.24342346191406 485.4752197265625 -0.8146018385887146
204.98805236816406 482.5653991699219 -0.8146018385887146
207.73268127441406 479.65557861328125 -0.8146018385887146
210.47731018066406 476.7457580566406 -0.8146018385887146
213.22193908691406 473.8359375 -0.8146018385887146
215.96656799316406 470.9261169433594 -0.8146018385887146
218.71119689941406 468.01629638671875 -0.8146018385887146
221.45582580566406 465.1064758300781 -0.8146018385887146
224.20045471191406 462.1966552734375 -0.8146018385887146
226.94508361816406 459.2868347167969 -0.8146018385887146
229.68971252441406 456.37701416015625 -0.8146018385887146
232.43434143066406 453.4671936035156 -0.8146018385887146
235.17897033691406 450.557373046875 -0.8146018385887146
237.92359924316406 447.6475524902344 -0.8146018385887146
240.66822814941406 444.73773193359375 -0.8146018385887146
243.41285705566406 441.8279113769531 -0.8146018385887146
246.15748596191406 438.9180908203125 -0.8146018385887146
248.90211486816406 436.0082702636719 -0.8146018385887146
251.64674377441406 433.09844970703125 -0.8146018385887146
254.39137268066406 430.1886291503906 -0.8146018385887146
257.1360168457031 427.27880859375 -0.8146018385887146
259.8806457519531 424.3689880371094 -0.8146018385887146
259.8806457519531 424.3689880371094 -1.2146018743515015
259.8806457519531 424.3689880371094 -1.6146018505096436
259.8806457519531 424.3689880371094 -2.014601945877075
259.8806457519531 424.3689880371094 -2.414602041244507
256.8919372558594 421.7104797363281 -2.414602041244507
253.90322875976562 419.0519714355469 -2.414602041244507
250.91452026367188 416.3934631347656 -2.414602041244507
247.92581176757812 413.7349548339844 -2.414602041244507
244.93710327148438 411.0764465332031 -2.414602041244507
241.94839477539062 408.4179382324219 -2.414602041244507
238.95968627929688 405.7594299316406 -2.414602041244507
235.97097778320312 403.1009216308594 -2.414602041244507
232.98226928710938 400.4424133300781 -2.414602041244507
229.99356079101562 397.7839050292969 -2.414602041244507
227.00485229492188 395.1253967285156 -2.414602041244507
224.01614379882812 392.4668884277344 -2.414602041244507
221.02743530273438 389.8083801269531 -2.414602041244507
218.03872680664062 387.1498718261719 -2.414602041244507
215.05001831054688 384.4913635253906 -2.414602041244507
212.06130981445312 381.8328552246094 -2.414602041244507
209.07260131835938 379.1743469238281 -2.414602041244507
206.08389282226562 376.5158386230469 -2.414602041244507
203.09518432617188 373.8573303222656 -2.414602041244507
200.10647583007812 371.1988220214844 -2.414602041244507
197.11776733398438 368.5403137207031 -2.414602041244507
197.11776733398438 368.5403137207031 -2.8146021366119385
197.11776733398438 368.5403137207031 3.0685830116271973
197.11776733398438 368.5403137207031 2.6685829162597656
197.11776733398438 368.5403137207031 2.268582820892334
197.11776733398438 368.5403137207031 1.868582844734192
197.11776733398438 368.5403137207031 1.4685828685760498
197.11776733398438 368.5403137207031 1.0685828924179077
197.11776733398438 368.5403137207031 0.6685829162597656
200.25657653808594 371.0198059082031 0.6685829162597656
203.3953857421875 373.4992980957031 0.6685829162597656
206.53419494628906 375.9787902832031 0.6685829162597656
209.67300415039062 378.4582824707031 0.6685829162597656
212.8118133544922 380.9377746582031 0.6685829162597656
215.95062255859375 383.4172668457031 0.6685829162597656
219.0894317626953 385.8967590332031 0.6685829162597656
222.22824096679688 388.3762512207031 0.6685829162597656
225.36705017089844 390.8557434082031 0.6685829162597656
228.505859375 393.3352355957031 0.6685829162597656
231.64466857910156 395.8147277832031 0.6685829162597656
234.78347778320312 398.2942199707031 0.6685829162597656
237.9222869873047 400.7737121582031 0.6685829162597656
241.06109619140625 403.2532043457031 0.6685829162597656
244.1999053955078 405.7326965332031 0.6685829162597656
247.33871459960938 408.2121887207031 0.6685829162597656
250.47752380371094 410.6916809082031 0.6685829162597656
253.6163330078125 413.1711730957031 0.6685829162597656
256.755126953125 415.6506652832031 0.6685829162597656
259.8939208984375 418.1301574707031 0.6685829162597656
263.03271484375 420.6096496582031 0.6685829162597656
266.1715087890625 423.0891418457031 0.6685829162597656
269.310302734375 425.5686340332031 0.6685829162597656
272.4490966796875 428.0481262207031 0.6685829162597656
275.587890625 430.5276184082031 0.6685829162597656
275.587890625 430.5276184082031 0.26858291029930115
279.4444885253906 431.5890808105469 0.26858291029930115
283.30108642578125 432.6505432128906 0.26858291029930115
287.1576843261719 433.7120056152344 0.26858291029930115
291.0142822265625 434.7734680175781 0.26858291029930115
294.8708801269531 435.8349304199219 0.26858291029930115
298.72747802734375 436.8963928222656 0.26858291029930115
302.5840759277344 437.9578552246094 0.26858291029930115
306.440673828125 439.0193176269531 0.26858291029930115
310.2972717285156 440.0807800292969 0.26858291029930115
314.15386962890625 441.1422424316406 0.26858291029930115
318.0104675292969 442.2037048339844 0.26858291029930115
321.8670654296875 443.2651672363281 0.26858291029930115
325.7236633300781 444.3266296386719 0.26858291029930115
329.58026123046875 445.3880920410156 0.26858291029930115
333.4368591308594 446.4495544433594 0.26858291029930115
337.29345703125 447.5110168457031 0.26858291029930115
341.1500549316406 448.5724792480469 0.26858291029930115
345.00665283203125 449.6339416503906 0.26858291029930115
348.8632507324219 450.6954040527344 0.26858291029930115
352.7198486328125 451.7568664550781 0.26858291029930115
356.5764465332031 452.8183288574219 0.26858291029930115
360.43304443359375 453.8797912597656 0.26858291029930115
364.2896423339844 454.9412536621094 0.26858291029930115
368.146240234375 456.0027160644531 0.26858291029930115
372.0028381347656 457.0641784667969 0.26858291029930115
375.85943603515625 458.1256408691406 0.26858291029930115
379.7160339355469 459.1871032714844 0.26858291029930115
383.5726318359375 460.2485656738281 0.26858291029930115
387.4292297363281 461.3100280761719 0.26858291029930115
391.28582763671875 462.3714904785156 0.26858291029930115
395.1424255371094 463.4329528808594 0.26858291029930115
398.9990234375 464.4944152832031 0.26858291029930115
402.8556213378906 465.5558776855469 0.26858291029930115
406.71221923828125 466.6173400878906 0.26858291029930115
410.5688171386719 467.6788024902344 0.26858291029930115
414.4254150390625 468.7402648925781 0.26858291029930115
418.2820129394531 469.8017272949219 0.26858291029930115
422.13861083984375 470.8631896972656 0.26858291029930115
425.9952087402344 471.9246520996094 0.26858291029930115
429.851806640625 472.9861145019531 0.26858291029930115
433.7084045410156 474.0475769042969 0.26858291029930115
437.56500244140625 475.1090393066406 0.26858291029930115
441.4216003417969 476.1705017089844 0.26858291029930115
445.2781982421875 477.2319641113281 0.26858291029930115
449.1347961425781 478.2934265136719 0.26858291029930115
452.99139404296875 479.3548889160156 0.26858291029930115
456.8479919433594 480.4163513183594 0.26858291029930115
460.70458984375 481.4778137207031 0.26858291029930115
464.5611877441406 482.5392761230469 0.26858291029930115
468.41778564453125 483.6007385253906 0.26858291029930115
472.2743835449219 484.6622009277344 0.26858291029930115
476.1309814453125 485.7236633300781 0.26858291029930115
479.9875793457031 486.7851257324219 0.26858291029930115
483.84417724609375 487.8465881347656 0.26858291029930115
487.7007751464844 488.9080505371094 0.26858291029930115
491.557373046875 489.9695129394531 0.26858291029930115
495.4139709472656 491.0309753417969 0.26858291029930115
499.27056884765625 492.0924377441406 0.26858291029930115
503.1271667480469 493.1539001464844 0.26858291029930115
506.9837646484375 494.2153625488281 0.26858291029930115
510.8403625488281 495.2768249511719 0.26858291029930115
514.6969604492188 496.3382873535156 0.26858291029930115
518.5535278320312 497.3997497558594 0.26858291029930115
522.4100952148438 498.4612121582031 0.26858291029930115
526.2666625976562 499.5226745605469 0.26858291029930115
530.1232299804688 500.5841369628906 0.26858291029930115
533.9797973632812 501.6455993652344 0.26858291029930115
533.9797973632812 501.6455993652344 -0.13141709566116333
533.9797973632812 501.6455993652344 -0.5314171314239502
533.9797973632812 501.6455993652344 -0.9314171075820923
533.9797973632812 501.6455993652344 -1.3314170837402344
533.9797973632812 501.6455993652344 -1.7314170598983765
533.340087890625 497.69708251953125 -1.7314170598983765
532.7003784179688 493.7485656738281 -1.7314170598983765
532.7003784179688 493.7485656738281 -2.1314170360565186
532.7003784179688 493.7485656738281 -2.53141713142395
529.4221801757812 491.4565124511719 -2.53141713142395
526.1439819335938 489.1644592285156 -2.53141713142395
522.8657836914062 486.8724060058594 -2.53141713142395
519.5875854492188 484.5803527832031 -2.53141713142395
516.3093872070312 482.2882995605469 -2.53141713142395
513.0311889648438 479.9962463378906 -2.53141713142395
509.75299072265625 477.7041931152344 -2.53141713142395
506.47479248046875 475.4121398925781 -2.53141713142395
503.19659423828125 473.1200866699219 -2.53141713142395
499.91839599609375 470.8280334472656 -2.53141713142395
496.64019775390625 468.5359802246094 -2.53141713142395
493.36199951171875 466.2439270019531 -2.53141713142395
490.08380126953125 463.9518737792969 -2.53141713142395
486.80560302734375 461.6598205566406 -2.53141713142395
483.52740478515625 459.3677673339844 -2.53141713142395
480.24920654296875 457.0757141113281 -2.53141713142395
476.97100830078125 454.7836608886719 -2.53141713142395
473.69281005859375 452.4916076660156 -2.53141713142395
470.41461181640625 450.1995544433594 -2.53141713142395
467.13641357421875 447.9075012207031 -2.53141713142395
463.85821533203125 445.6154479980469 -2.53141713142395
460.58001708984375 443.3233947753906 -2.53141713142395
457.30181884765625 441.0313415527344 -2.53141713142395
454.02362060546875 438.7392883300781 -2.53141713142395
450.74542236328125 436.4472351074219 -2.53141713142395
447.46722412109375 434.1551818847656 -2.53141713142395
444.18902587890625 431.8631286621094 -2.53141713142395
440.91082763671875 429.5710754394531 -2.53141713142395
437.63262939453125 427.2790222167969 -2.53141713142395
434.35443115234375 424.9869689941406 -2.53141713142395
431.07623291015625 422.6949157714844 -2.53141713142395
427.79803466796875 420.4028625488281 -2.53141713142395
424.51983642578125 418.1108093261719 -2.53141713142395
421.24163818359375 415.8187561035156 -2.53141713142395
417.96343994140625 413.5267028808594 -2.53141713142395
414.68524169921875 411.2346496582031 -2.53141713142395
411.40704345703125 408.9425964355469 -2.53141713142395
408.12884521484375 406.6505432128906 -2.53141713142395
404.85064697265625 404.3584899902344 -2.53141713142395
401.57244873046875 402.0664367675781 -2.53141713142395
398.29425048828125 399.7743835449219 -2.53141713142395
395.01605224609375 397.4823303222656 -2.53141713142395
391.73785400390625 395.1902770996094 -2.53141713142395
388.45965576171875 392.8982238769531 -2.53141713142395
385.18145751953125 390.6061706542969 -2.53141713142395
381.90325927734375 388.3141174316406 -2.53141713142395
378.62506103515625 386.0220642089844 -2.53141713142395
375.34686279296875 383.7300109863281 -2.53141713142395
372.06866455078125 381.4379577636719 -2.53141713142395
368.79046630859375 379.1459045410156 -2.53141713142395
365.51226806640625 376.8538513183594 -2.53141713142395
362.23406982421875 374.5617980957031 -2.53141713142395
358.95587158203125 372.2697448730469 -2.53141713142395
355.67767333984375 369.9776916503906 -2.53141713142395
352.39947509765625 367.6856384277344 -2.53141713142395
349.12127685546875 365.3935852050781 -2.53141713142395
345.84307861328125 363.1015319824219 -2.53141713142395
342.56488037109375 360.8094787597656 -2.53141713142395
339.28668212890625 358.5174255371094 -2.53141713142395
336.00848388671875 356.2253723144531 -2.53141713142395
332.73028564453125 353.9333190917969 -2.53141713142395
329.45208740234375 351.6412658691406 -2.53141713142395
326.17388916015625 349.3492126464844 -2.53141713142395
322.89569091796875 347.0571594238281 -2.53141713142395
319.61749267578125 344.7651062011719 -2.53141713142395
316.33929443359375 342.4730529785156 -2.53141713142395
313.06109619140625 340.1809997558594 -2.53141713142395
309.78289794921875 337.8889465332031 -2.53141713142395
306.50469970703125 335.5968933105469 -2.53141713142395
303.22650146484375 333.3048400878906 -2.53141713142395
299.94830322265625 331.0127868652344 -2.53141713142395
296.67010498046875 328.7207336425781 -2.53141713142395
293.39190673828125 326.4286804199219 -2.53141713142395
290.11370849609375 324.1366271972656 -2.53141713142395
286.83551025390625 321.8445739746094 -2.53141713142395
283.55731201171875 319.5525207519531 -2.53141713142395
280.27911376953125 317.2604675292969 -2.53141713142395
277.00091552734375 314.9684143066406 -2.53141713142395
273.72271728515625 312.6763610839844 -2.53141713142395
270.44451904296875 310.3843078613281 -2.53141713142395
267.16632080078125 308.0922546386719 -2.53141713142395
263.88812255859375 305.8002014160156 -2.53141713142395
260.60992431640625 303.5081481933594 -2.53141713142395
257.33172607421875 301.2160949707031 -2.53141713142395
254.0535430908203 298.9240417480469 -2.53141713142395
250.77536010742188 296.6319885253906 -2.53141713142395
247.49717712402344 294.3399353027344 -2.53141713142395
244.218994140625 292.0478820800781 -2.53141713142395
240.94081115722656 289.7558288574219 -2.53141713142395
237.66262817382812 287.4637756347656 -2.53141713142395
234.3844451904297 285.1717224121094 -2.53141713142395
231.10626220703125 282.8796691894531 -2.53141713142395
227.8280792236328 280.5876159667969 -2.53141713142395
224.54989624023438 278.2955627441406 -2.53141713142395
221.27171325683594 276.0035095214844 -2.53141713142395
221.27171325683594 276.0035095214844 -2.931417226791382
221.27171325683594 276.0035095214844 2.951767921447754
217.34356689453125 276.7582702636719 2.951767921447754
213.41542053222656 277.5130310058594 2.951767921447754
209.48727416992188 278.2677917480469 2.951767921447754
205.5591278076172 279.0225524902344 2.951767921447754
201.6309814453125 279.7773132324219 2.951767921447754
201.6309814453125 279.7773132324219 2.5517678260803223
201.6309814453125 279.7773132324219 2.1517677307128906
201.6309814453125 279.7773132324219 1.7517677545547485
201.6309814453125 279.7773132324219 1.3517677783966064
201.6309814453125 279.7773132324219 0.9517678022384644
201.6309814453125 279.7773132324219 0.5517678260803223
205.03738403320312 281.87408447265625 0.5517678260803223
208.44378662109375 283.9708557128906 0.5517678260803223
211.85018920898438 286.067626953125 0.5517678260803223
211.85018920898438 286.067626953125 0.1517678201198578
211.85018920898438 286.067626953125 -0.2482321858406067
215.7275848388672 285.0848693847656 -0.2482321858406067
215.7275848388672 285.0848693847656 -0.6482322216033936
212.53897094726562 287.4999694824219 -0.6482322216033936
209.35035705566406 289.9150695800781 -0.6482322216033936
209.35035705566406 289.9150695800781 -1.0482321977615356
209.35035705566406 289.9150695800781 -1.4482321739196777
209.83938598632812 285.945068359375 -1.4482321739196777
210.3284149169922 281.9750671386719 -1.4482321739196777
210.81744384765625 278.00506591796875 -1.4482321739196777
211.3064727783203 274.0350646972656 -1.4482321739196777
211.79550170898438 270.0650634765625 -1.4482321739196777
212.28453063964844 266.0950622558594 -1.4482321739196777
212.7735595703125 262.12506103515625 -1.4482321739196777
213.26258850097656 258.1550598144531 -1.4482321739196777
213.75161743164062 254.18505859375 -1.4482321739196777
214.2406463623047 250.21505737304688 -1.4482321739196777
214.72967529296875 246.24505615234375 -1.4482321739196777
215.2187042236328 242.27505493164062 -1.4482321739196777
215.70773315429688 238.3050537109375 -1.4482321739196777
216.19676208496094 234.33505249023438 -1.4482321739196777
216.685791015625 230.36505126953125 -1.4482321739196777
217.17481994628906 226.39505004882812 -1.4482321739196777
217.66384887695312 222.425048828125 -1.4482321739196777
218.1528778076172 218.45504760742188 -1.4482321739196777
218.64190673828125 214.48504638671875 -1.4482321739196777
219.1309356689453 210.51504516601562 -1.4482321739196777
219.61996459960938 206.5450439453125 -1.4482321739196777
220.10899353027344 202.57504272460938 -1.4482321739196777
220.5980224609375 198.60504150390625 -1.4482321739196777
221.08705139160156 194.63504028320312 -1.4482321739196777
221.57608032226562 190.6650390625 -1.4482321739196777
221.57608032226562 190.6650390625 -1.8482321500778198
220.4805145263672 186.8179931640625 -1.8482321500778198
219.38494873046875 182.970947265625 -1.8482321500778198
218.2893829345703 179.1239013671875 -1.8482321500778198
217.19381713867188 175.27685546875 -1.8482321500778198
216.09825134277344 171.4298095703125 -1.8482321500778198
215.002685546875 167.582763671875 -1.8482321500778198
213.90711975097656 163.7357177734375 -1.8482321500778198
212.81155395507812 159.888671875 -1.8482321500778198
211.7159881591797 156.0416259765625 -1.8482321500778198
210.62042236328125 152.194580078125 -1.8482321500778198
210.62042236328125 152.194580078125 -2.248232126235962
210.62042236328125 152.194580078125 -2.6482322216033936
210.62042236328125 152.194580078125 -3.048232316970825
210.62042236328125 152.194580078125 2.8349528312683105
210.62042236328125 152.194580078125 2.434952735900879
210.62042236328125 152.194580078125 2.0349526405334473
210.62042236328125 152.194580078125 1.6349526643753052
210.62042236328125 152.194580078125 1.234952688217163
210.62042236328125 152.194580078125 0.834952712059021
213.30526733398438 155.15963745117188 0.834952712059021
215.9901123046875 158.12469482421875 0.834952712059021
218.67495727539062 161.08975219726562 0.834952712059021
221.35980224609375 164.0548095703125 0.834952712059021
224.04464721679688 167.01986694335938 0.834952712059021
226.7294921875 169.98492431640625 0.834952712059021
229.41433715820312 172.94998168945312 0.834952712059021
232.09918212890625 175.9150390625 0.834952712059021
234.78402709960938 178.88009643554688 0.834952712059021
237.4688720703125 181.84515380859375 0.834952712059021
240.15371704101562 184.81021118164062 0.834952712059021
242.83856201171875 187.7752685546875 0.834952712059021
245.52340698242188 190.74032592773438 0.834952712059021
248.208251953125 193.70538330078125 0.834952712059021
250.89309692382812 196.67044067382812 0.834952712059021
253.57794189453125 199.635498046875 0.834952712059021
256.2627868652344 202.60055541992188 0.834952712059021
258.9476318359375 205.56561279296875 0.834952712059021
258.9476318359375 205.56561279296875 0.4349527060985565
258.9476318359375 205.56561279296875 0.03495270013809204
262.9451904296875 205.7053985595703 0.03495270013809204
266.9427490234375 205.84518432617188 0.03495270013809204
270.9403076171875 205.98497009277344 0.03495270013809204
274.9378662109375 206.124755859375 0.03495270013809204
278.9354248046875 206.26454162597656 0.03495270013809204
282.9329833984375 206.40432739257812 0.03495270013809204
286.9305419921875 206.5441131591797 0.03495270013809204
290.9281005859375 206.68389892578125 0.03495270013809204
294.9256591796875 206.8236846923828 0.03495270013809204
298.9232177734375 206.96347045898438 0.03495270013809204
302.9207763671875 207.10325622558594 0.03495270013809204
306.9183349609375 207.2430419921875 0.03495270013809204
310.9158935546875 207.38282775878906 0.03495270013809204
314.9134521484375 207.52261352539062 0.03495270013809204
318.9110107421875 207.6623992919922 0.03495270013809204
322.9085693359375 207.80218505859375 0.03495270013809204
326.9061279296875 207.9419708251953 0.03495270013809204
330.9036865234375 208.08175659179688 0.03495270013809204
334.9012451171875 208.22154235839844 0.03495270013809204
338.8988037109375 208.361328125 0.03495270013809204
342.8963623046875 208.50111389160156 0.03495270013809204
346.8939208984375 208.64089965820312 0.03495270013809204
350.8914794921875 208.7806854248047 0.03495270013809204
354.8890380859375 208.92047119140625 0.03495270013809204
358.8865966796875 209.0602569580078 0.03495270013809204
362.8841552734375 209.20004272460938 0.03495270013809204
366.8817138671875 209.33982849121094 0.03495270013809204
370.8792724609375 209.4796142578125 0.03495270013809204
374.8768310546875 209.61940002441406 0.03495270013809204
378.8743896484375 209.75918579101562 0.03495270013809204
382.8719482421875 209.8989715576172 0.03495270013809204
386.8695068359375 210.03875732421875 0.03495270013809204
390.8670654296875 210.1785430908203 0.03495270013809204
394.8646240234375 210.31832885742188 0.03495270013809204
398.8621826171875 210.45811462402344 0.03495270013809204
402.8597412109375 210.597900390625 0.03495270013809204
406.8572998046875 210.73768615722656 0.03495270013809204
410.8548583984375 210.87747192382812 0.03495270013809204
414.8524169921875 211.0172576904297 0.03495270013809204
418.8499755859375 211.15704345703125 0.03495270013809204
422.8475341796875 211.2968292236328 0.03495270013809204
426.8450927734375 211.43661499023438 0.03495270013809204
430.8426513671875 211.57640075683594 0.03495270013809204
434.8402099609375 211.7161865234375 0.03495270013809204
438.8377685546875 211.85597229003906 0.03495270013809204
442.8353271484375 211.99575805664062 0.03495270013809204
446.8328857421875 212.1355438232422 0.03495270013809204
450.8304443359375 212.27532958984375 0.03495270013809204
454.8280029296875 212.4151153564453 0.03495270013809204
458.8255615234375 212.55490112304688 0.03495270013809204
462.8231201171875 212.69468688964844 0.03495270013809204
466.8206787109375 212.83447265625 0.03495270013809204
470.8182373046875 212.97425842285156 0.03495270013809204
474.8157958984375 213.11404418945312 0.03495270013809204
478.8133544921875 213.2538299560547 0.03495270013809204
482.8109130859375 213.39361572265625 0.03495270013809204
486.8084716796875 213.5334014892578 0.03495270013809204
490.8060302734375 213.67318725585938 0.03495270013809204
494.8035888671875 213.81297302246094 0.03495270013809204
498.8011474609375 213.9527587890625 0.03495270013809204
502.7987060546875 214.09254455566406 0.03495270013809204
506.7962646484375 214.23233032226562 0.03495270013809204
510.7938232421875 214.3721160888672 0.03495270013809204
514.7913818359375 214.51190185546875 0.03495270013809204
518.7889404296875 214.6516876220703 0.03495270013809204
522.7864990234375 214.79147338867188 0.03495270013809204
526.7840576171875 214.93125915527344 0.03495270013809204
530.7816162109375 215.071044921875 0.03495270013809204
534.7791748046875 215.21083068847656 0.03495270013809204
538.7767333984375 215.35061645507812 0.03495270013809204
542.7742919921875 215.4904022216797 0.03495270013809204
546.7718505859375 215.63018798828125 0.03495270013809204
550.7694091796875 215.7699737548828 0.03495270013809204
554.7669677734375 215.90975952148438 0.03495270013809204
558.7645263671875 216.04954528808594 0.03495270013809204
562.7620849609375 216.1893310546875 0.03495270013809204
566.7596435546875 216.32911682128906 0.03495270013809204
570.7572021484375 216.46890258789062 0.03495270013809204
574.7547607421875 216.6086883544922 0.03495270013809204
578.7523193359375 216.74847412109375 0.03495270013809204
578.7523193359375 216.74847412109375 0.03495270013809204
578.7523193359375 216.74847412109375 -0.36504730582237244
578.7523193359375 216.74847412109375 -0.7650473117828369
578.7523193359375 216.74847412109375 -1.165047287940979
578.7523193359375 216.74847412109375 -1.565047264099121
578.7523193359375 216.74847412109375 -1.9650472402572632
578.7523193359375 216.74847412109375 -2.3650472164154053
575.8989868164062 213.9451904296875 -2.3650472164154053
573.045654296875 211.14190673828125 -2.3650472164154053
570.1923217773438 208.338623046875 -2.3650472164154053
567.3389892578125 205.53533935546875 -2.3650472164154053
564.4856567382812 202.7320556640625 -2.3650472164154053
561.63232421875 199.92877197265625 -2.3650472164154053
558.7789916992188 197.12548828125 -2.3650472164154053
555.9256591796875 194.32220458984375 -2.3650472164154053
553.0723266601562 191.5189208984375 -2.3650472164154053
550.218994140625 188.71563720703125 -2.3650472164154053
547.3656616210938 185.912353515625 -2.3650472164154053
544.5123291015625 183.10906982421875 -2.3650472164154053
541.6589965820312 180.3057861328125 -2.3650472164154053
538.8056640625 177.50250244140625 -2.3650472164154053
535.9523315429688 174.69921875 -2.3650472164154053
533.0989990234375 171.89593505859375 -2.3650472164154053
530.2456665039062 169.0926513671875 -2.3650472164154053
527.392333984375 166.28936767578125 -2.3650472164154053
524.5390014648438 163.486083984375 -2.3650472164154053
521.6856689453125 160.68280029296875 -2.3650472164154053
518.8323364257812 157.8795166015625 -2.3650472164154053
515.97900390625 155.07623291015625 -2.3650472164154053
513.1256713867188 152.27294921875 -2.3650472164154053
510.2723083496094 149.46966552734375 -2.3650472164154053
507.4189453125 146.6663818359375 -2.3650472164154053
504.5655822753906 143.86309814453125 -2.3650472164154053
501.71221923828125 141.059814453125 -2.3650472164154053
498.8588562011719 138.25653076171875 -2.3650472164154053
496.0054931640625 135.4532470703125 -2.3650472164154053
493.1521301269531 132.64996337890625 -2.3650472164154053
490.29876708984375 129.8466796875 -2.3650472164154053
487.4454040527344 127.04340362548828 -2.3650472164154053
484.592041015625 124.24012756347656 -2.3650472164154053
481.7386779785156 121.43685150146484 -2.3650472164154053
478.88531494140625 118.63357543945312 -2.3650472164154053
476.0319519042969 115.8302993774414 -2.3650472164154053
473.1785888671875 113.02702331542969 -2.3650472164154053
470.3252258300781 110.22374725341797 -2.3650472164154053
467.47186279296875 107.42047119140625 -2.3650472164154053
464.6184997558594 104.61719512939453 -2.3650472164154053
461.76513671875 101.81391906738281 -2.3650472164154053
458.9117736816406 99.0106430053711 -2.3650472164154053
456.05841064453125 96.20736694335938 -2.3650472164154053
453.2050476074219 93.40409088134766 -2.3650472164154053
450.3516845703125 90.60081481933594 -2.3650472164154053
447.4983215332031 87.79753875732422 -2.3650472164154053
444.64495849609375 84.9942626953125 -2.3650472164154053
441.7915954589844 82.19098663330078 -2.3650472164154053
438.938232421875 79.38771057128906 -2.3650472164154053
436.0848693847656 76.58443450927734 -2.3650472164154053
433.23150634765625 73.78115844726562 -2.3650472164154053
430.3781433105469 70.9778823852539 -2.3650472164154053
430.3781433105469 70.9778823852539 -2.765047311782837
426.65838623046875 69.50704193115234 -2.765047311782837
422.9386291503906 68.03620147705078 -2.765047311782837
419.2188720703125 66.56536102294922 -2.765047311782837
415.4991149902344 65.09452056884766 -2.765047311782837
411.77935791015625 63.623680114746094 -2.765047311782837
408.0596008300781 62.15283966064453 -2.765047311782837
404.33984375 60.68199920654297 -2.765047311782837
400.6200866699219 59.211158752441406 -2.765047311782837
396.90032958984375 57.740318298339844 -2.765047311782837
396.90032958984375 57.740318298339844 3.118137836456299
392.90142822265625 57.834129333496094 3.118137836456299
388.90252685546875 57.927940368652344 3.118137836456299
384.90362548828125 58.021751403808594 3.118137836456299
380.90472412109375 58.115562438964844 3.118137836456299
376.90582275390625 58.209373474121094 3.118137836456299
372.90692138671875 58.303184509277344 3.118137836456299
368.90802001953125 58.396995544433594 3.118137836456299
364.90911865234375 58.490806579589844 3.118137836456299
360.91021728515625 58.584617614746094 3.118137836456299
356.91131591796875 58.678428649902344 3.118137836456299
352.91241455078125 58.772239685058594 3.118137836456299
348.91351318359375 58.866050720214844 3.118137836456299
344.91461181640625 58.959861755371094 3.118137836456299
340.91571044921875 59.053672790527344 3.118137836456299
336.91680908203125 59.147483825683594 3.118137836456299
332.91790771484375 59.241294860839844 3.118137836456299
328.91900634765625 59.335105895996094 3.118137836456299
324.92010498046875 59.428916931152344 3.118137836456299
320.92120361328125 59.522727966308594 3.118137836456299
316.92230224609375 59.616539001464844 3.118137836456299
312.92340087890625 59.710350036621094 3.118137836456299
308.92449951171875 59.804161071777344 3.118137836456299
304.92559814453125 59.897972106933594 3.118137836456299
300.92669677734375 59.991783142089844 3.118137836456299
296.92779541015625 60.085594177246094 3.118137836456299
292.92889404296875 60.179405212402344 3.118137836456299
288.92999267578125 60.273216247558594 3.118137836456299
284.93109130859375 60.367027282714844 3.118137836456299
280.93218994140625 60.460838317871094 3.118137836456299
276.93328857421875 60.554649353027344 3.118137836456299
272.93438720703125 60.648460388183594 3.118137836456299
268.93548583984375 60.742271423339844 3.118137836456299
264.93658447265625 60.836082458496094 3.118137836456299
260.93768310546875 60.929893493652344 3.118137836456299
260.93768310546875 60.929893493652344 2.718137741088867
257.2909851074219 62.573543548583984 2.718137741088867
253.644287109375 64.21719360351562 2.718137741088867
249.99758911132812 65.86084747314453 2.718137741088867
246.35089111328125 67.50450134277344 2.718137741088867
242.70419311523438 69.14815521240234 2.718137741088867
239.0574951171875 70.79180908203125 2.718137741088867
235.41079711914062 72.43546295166016 2.718137741088867
231.76409912109375 74.07911682128906 2.718137741088867
228.11740112304688 75.72277069091797 2.718137741088867
224.470703125 77.36642456054688 2.718137741088867
220.82400512695312 79.01007843017578 2.718137741088867
217.17730712890625 80.65373229980469 2.718137741088867
213.53060913085938 82.2973861694336 2.718137741088867
209.8839111328125 83.9410400390625 2.718137741088867
206.23721313476562 85.5846939086914 2.718137741088867
202.59051513671875 87.22834777832031 2.718137741088867
198.94381713867188 88.87200164794922 2.718137741088867
195.297119140625 90.51565551757812 2.718137741088867
191.65042114257812 92.15930938720703 2.718137741088867
188.00372314453125 93.80296325683594 2.718137741088867
184.35702514648438 95.44661712646484 2.718137741088867
180.7103271484375 97.09027099609375 2.718137741088867
177.06362915039062 98.73392486572266 2.718137741088867
173.41693115234375 100.37757873535156 2.718137741088867
169.77023315429688 102.02123260498047 2.718137741088867
166.12353515625 103.66488647460938 2.718137741088867
162.47683715820312 105.30854034423828 2.718137741088867
158.83013916015625 106.95219421386719 2.718137741088867
155.18344116210938 108.5958480834961 2.718137741088867
151.5367431640625 110.239501953125 2.718137741088867
147.89004516601562 111.8831558227539 2.718137741088867
144.24334716796875 113.52680969238281 2.718137741088867
144.24334716796875 113.52680969238281 2.3181376457214355
144.24334716796875 113.52680969238281 1.9181376695632935
144.24334716796875 113.52680969238281 1.5181376934051514
144.24334716796875 113.52680969238281 1.1181377172470093
144.24334716796875 113.52680969238281 0.7181377410888672
144.24334716796875 113.52680969238281 0.3181377351284027
144.24334716796875 113.52680969238281 -0.08186227083206177
144.24334716796875 113.52680969238281 -0.48186227679252625
144.24334716796875 113.52680969238281 -0.8818622827529907
146.7862091064453 110.4391098022461 -0.8818622827529907
149.32907104492188 107.35140991210938 -0.8818622827529907
151.87193298339844 104.26371002197266 -0.8818622827529907
154.414794921875 101.17601013183594 -0.8818622827529907
156.95765686035156 98.08831024169922 -0.8818622827529907
159.50051879882812 95.0006103515625 -0.8818622827529907
162.0433807373047 91.91291046142578 -0.8818622827529907
164.58624267578125 88.82521057128906 -0.8818622827529907
167.1291046142578 85.73751068115234 -0.8818622827529907
169.67196655273438 82.64981079101562 -0.8818622827529907
172.21482849121094 79.5621109008789 -0.8818622827529907
174.7576904296875 76.47441101074219 -0.8818622827529907
177.30055236816406 73.38671112060547 -0.8818622827529907
179.84341430664062 70.29901123046875 -0.8818622827529907
182.3862762451172 67.21131134033203 -0.8818622827529907
184.92913818359375 64.12361145019531 -0.8818622827529907
187.4720001220703 61.03591537475586 -0.8818622827529907
190.01486206054688 57.948219299316406 -0.8818622827529907
192.55772399902344 54.86052322387695 -0.8818622827529907
195.1005859375 51.7728271484375 -0.8818622827529907
197.64344787597656 48.68513107299805 -0.8818622827529907
200.18630981445312 45.597434997558594 -0.8818622827529907
200.18630981445312 45.597434997558594 -1.2818622589111328
200.18630981445312 45.597434997558594 -1.681862235069275
200.18630981445312 45.597434997558594 -2.081862211227417
200.18630981445312 45.597434997558594 -2.4818623065948486
200.18630981445312 45.597434997558594 -2.8818624019622803
200.18630981445312 45.597434997558594 3.0013227462768555
200.18630981445312 45.597434997558594 2.601322650909424
196.7560272216797 47.6549072265625 2.601322650909424
193.32574462890625 49.712379455566406 2.601322650909424
189.8954620361328 51.76985168457031 2.601322650909424
186.46517944335938 53.82732391357422 2.601322650909424
183.03489685058594 55.884796142578125 2.601322650909424
179.6046142578125 57.94226837158203 2.601322650909424
176.17433166503906 59.99974060058594 2.601322650909424
172.74404907226562 62.057212829589844 2.601322650909424
169.3137664794922 64.11468505859375 2.601322650909424
165.88348388671875 66.17215728759766 2.601322650909424
162.4532012939453 68.22962951660156 2.601322650909424
159.02291870117188 70.28710174560547 2.601322650909424
155.59263610839844 72.34457397460938 2.601322650909424
152.162353515625 74.40204620361328 2.601322650909424
148.73207092285156 76.45951843261719 2.601322650909424
145.30178833007812 78.5169906616211 2.601322650909424
141.8715057373047 80.574462890625 2.601322650909424
138.44122314453125 82.6319351196289 2.601322650909424
135.0109405517578 84.68940734863281 2.601322650909424
131.58065795898438 86.74687957763672 2.601322650909424
128.15037536621094 88.80435180664062 2.601322650909424
124.7200927734375 90.86182403564453 2.601322650909424
121.28981018066406 92.91929626464844 2.601322650909424
117.85952758789062 94.97676849365234 2.601322650909424
114.42924499511719 97.03424072265625 2.601322650909424
110.99896240234375 99.09171295166016 2.601322650909424
107.56867980957031 101.14918518066406 2.601322650909424
104.13839721679688 103.20665740966797 2.601322650909424
100.70811462402344 105.26412963867188 2.601322650909424
100.70811462402344 105.26412963867188 2.201322555541992
100.70811462402344 105.26412963867188 1.80132257938385
100.70811462402344 105.26412963867188 1.401322603225708
100.70811462402344 105.26412963867188 1.001322627067566
100.70811462402344 105.26412963867188 0.6013226509094238
100.70811462402344 105.26412963867188 0.20132264494895935
100.70811462402344 105.26412963867188 -0.19867736101150513
100.70811462402344 105.26412963867188 -0.598677396774292
104.01244354248047 103.00992584228516 -0.598677396774292
107.3167724609375 100.75572204589844 -0.598677396774292
110.62110137939453 98.50151824951172 -0.598677396774292
113.92543029785156 96.247314453125 -0.598677396774292
117.2297592163086 93.99311065673828 -0.598677396774292
120.53408813476562 91.73890686035156 -0.598677396774292
123.83841705322266 89.48470306396484 -0.598677396774292
127.14274597167969 87.23049926757812 -0.598677396774292
130.4470672607422 84.9762954711914 -0.598677396774292
133.7513885498047 82.72209167480469 -0.598677396774292
137.0557098388672 80.46788787841797 -0.598677396774292
140.3600311279297 78.21368408203125 -0.598677396774292
143.6643524169922 75.95948028564453 -0.598677396774292
146.9686737060547 73.70527648925781 -0.598677396774292
150.2729949951172 71.4510726928711 -0.598677396774292
153.5773162841797 69.19686889648438 -0.598677396774292
156.8816375732422 66.94266510009766 -0.598677396774292
160.1859588623047 64.68846130371094 -0.598677396774292
163.4902801513672 62.434261322021484 -0.598677396774292
166.7946014404297 60.18006134033203 -0.598677396774292
170.0989227294922 57.92586135864258 -0.598677396774292
173.4032440185547 55.671661376953125 -0.598677396774292
176.7075653076172 53.41746139526367 -0.598677396774292
180.0118865966797 51.16326141357422 -0.598677396774292
183.3162078857422 48.909061431884766 -0.598677396774292
186.6205291748047 46.65486145019531 -0.598677396774292
189.9248504638672 44.40066146850586 -0.598677396774292
193.2291717529297 42.146461486816406 -0.598677396774292
196.5334930419922 39.89226150512695 -0.598677396774292
199.8378143310547 37.6380615234375 -0.598677396774292
203.1421356201172 35.38386154174805 -0.598677396774292
206.4464569091797 33.129661560058594 -0.598677396774292
209.7507781982422 30.875459671020508 -0.598677396774292
209.7507781982422 30.875459671020508 -0.9986773729324341
209.7507781982422 30.875459671020508 -1.3986773490905762
209.7507781982422 30.875459671020508 -1.7986773252487183
209.7507781982422 30.875459671020508 -2.1986773014068604
209.7507781982422 30.875459671020508 -2.598677396774292
209.7507781982422 30.875459671020508 -2.9986774921417236
209.7507781982422 30.875459671020508 2.884507656097412
209.7507781982422 30.875459671020508 2.4845075607299805
206.58367919921875 33.31870651245117 2.4845075607299805
203.4165802001953 35.7619514465332 2.4845075607299805
200.24948120117188 38.205196380615234 2.4845075607299805
197.08238220214844 40.648441314697266 2.4845075607299805
193.915283203125 43.0916862487793 2.4845075607299805
190.74818420410156 45.53493118286133 2.4845075607299805
187.58108520507812 47.97817611694336 2.4845075607299805
184.4139862060547 50.42142105102539 2.4845075607299805
181.24688720703125 52.86466598510742 2.4845075607299805
178.0797882080078 55.30791091918945 2.4845075607299805
174.91268920898438 57.751155853271484 2.4845075607299805
171.74559020996094 60.194400787353516 2.4845075607299805
168.5784912109375 62.63764572143555 2.4845075607299805
165.41139221191406 65.08089447021484 2.4845075607299805
162.24429321289062 67.52413940429688 2.4845075607299805
159.0771942138672 69.9673843383789 2.4845075607299805
155.91009521484375 72.41062927246094 2.4845075607299805
152.7429962158203 74.85387420654297 2.4845075607299805
149.57589721679688 77.297119140625 2.4845075607299805
146.40879821777344 79.74036407470703 2.4845075607299805
143.24169921875 82.18360900878906 2.4845075607299805
140.07460021972656 84.6268539428711 2.4845075607299805
136.90750122070312 87.07009887695312 2.4845075607299805
133.7404022216797 89.51334381103516 2.4845075607299805
130.57330322265625 91.95658874511719 2.4845075607299805
127.40619659423828 94.39983367919922 2.4845075607299805
124.23908996582031 96.84307861328125 2.4845075607299805
121.07198333740234 99.28632354736328 2.4845075607299805
117.90487670898438 101.72956848144531 2.4845075607299805
114.7377700805664 104.17281341552734 2.4845075607299805
114.7377700805664 104.17281341552734 2.084507465362549
114.7377700805664 104.17281341552734 1.6845074892044067
114.7377700805664 104.17281341552734 1.2845075130462646
114.7377700805664 104.17281341552734 0.8845075368881226
114.7377700805664 104.17281341552734 0.4845075309276581
114.7377700805664 104.17281341552734 0.0845075249671936
114.7377700805664 104.17281341552734 -0.3154924809932709
114.7377700805664 104.17281341552734 -0.7154924869537354
117.75685119628906 101.54885864257812 -0.7154924869537354
120.77593231201172 98.9249038696289 -0.7154924869537354
123.79501342773438 96.30094909667969 -0.7154924869537354
126.81409454345703 93.67699432373047 -0.7154924869537354
129.8331756591797 91.05303955078125 -0.7154924869537354
132.85226440429688 88.42908477783203 -0.7154924869537354
135.871337890625 85.80513000488281 -0.7154924869537354
138.89041137695312 83.1811752319336 -0.7154924869537354
141.90948486328125 80.55722045898438 -0.7154924869537354
144.92855834960938 77.93326568603516 -0.7154924869537354
147.9476318359375 75.30931091308594 -0.7154924869537354
150.96670532226562 72.68535614013672 -0.7154924869537354
153.98577880859375 70.0614013671875 -0.7154924869537354
157.00485229492188 67.43744659423828 -0.7154924869537354
160.02392578125 64.81349182128906 -0.7154924869537354
163.04299926757812 62.18953323364258 -0.7154924869537354
166.06207275390625 59.565574645996094 -0.7154924869537354
169.08114624023438 56.94161605834961 -0.7154924869537354
172.1002197265625 54.317657470703125 -0.7154924869537354
175.11929321289062 51.69369888305664 -0.7154924869537354
178.13836669921875 49.069740295410156 -0.7154924869537354
181.15744018554688 46.44578170776367 -0.7154924869537354
184.176513671875 43.82182312011719 -0.7154924869537354
187.19558715820312 41.1978645324707 -0.7154924869537354
190.21466064453125 38.57390594482422 -0.7154924869537354
193.23373413085938 35.949947357177734 -0.7154924869537354
193.23373413085938 35.949947357177734 -1.1154924631118774
193.23373413085938 35.949947357177734 -1.5154924392700195
193.454833984375 31.95606231689453 -1.5154924392700195
193.67593383789062 27.962177276611328 -1.5154924392700195
193.89703369140625 23.968292236328125 -1.5154924392700195
193.89703369140625 23.968292236328125 -1.9154924154281616
193.89703369140625 23.968292236328125 -2.3154923915863037
193.89703369140625 23.968292236328125 -2.7154924869537354
193.89703369140625 23.968292236328125 -3.115492582321167
193.89703369140625 23.968292236328125 2.7676925659179688
193.89703369140625 23.968292236328125 2.367692470550537
191.03627014160156 26.76401138305664 2.367692470550537
188.17550659179688 29.559730529785156 2.367692470550537
185.3147430419922 32.35544967651367 2.367692470550537
182.4539794921875 35.15116882324219 2.367692470550537
179.5932159423828 37.9468879699707 2.367692470550537
176.73245239257812 40.74260711669922 2.367692470550537
173.87168884277344 43.538326263427734 2.367692470550537
171.01092529296875 46.33404541015625 2.367692470550537
168.15016174316406 49.129764556884766 2.367692470550537
165.28939819335938 51.92548370361328 2.367692470550537
162.4286346435547 54.7212028503418 2.367692470550537
159.56787109375 57.51692199707031 2.367692470550537
156.7071075439453 60.31264114379883 2.367692470550537
153.84634399414062 63.108360290527344 2.367692470550537
150.98558044433594 65.90408325195312 2.367692470550537
148.12481689453125 68.6998062133789 2.367692470550537
145.26405334472656 71.49552917480469 2.367692470550537
142.40328979492188 74.29125213623047 2.367692470550537
139.5425262451172 77.08697509765625 2.367692470550537
136.6817626953125 79.88269805908203 2.367692470550537
133.8209991455078 82.67842102050781 2.367692470550537
130.96023559570312 85.4741439819336 2.367692470550537
128.09947204589844 88.26986694335938 2.367692470550537
125.23870849609375 91.06558990478516 2.367692470550537
122.37794494628906 93.86131286621094 2.367692470550537
119.51718139648438 96.65703582763672 2.367692470550537
117.2745361328125 99.01780700683594 2.2933855056762695
117.2745361328125 99.01780700683594 1.8933855295181274
117.2745361328125 99.01780700683594 1.4933855533599854
117.2745361328125 99.01780700683594 1.0933855772018433
117.2745361328125 99.01780700683594 0.6933856010437012
117.2745361328125 99.01780700683594 0.2933855950832367
117.2745361328125 99.01780700683594 -0.10661441087722778
117.2745361328125 99.01780700683594 -0.5066144466400146
120.77210235595703 97.0769271850586 -0.5066144466400146
124.26966857910156 95.13604736328125 -0.5066144466400146
127.7672348022461 93.1951675415039 -0.5066144466400146
131.26480102539062 91.25428771972656 -0.5066144466400146
134.7623748779297 89.31340789794922 -0.5066144466400146
138.25994873046875 87.37252807617188 -0.5066144466400146
141.7575225830078 85.43164825439453 -0.5066144466400146
145.25509643554688 83.49076843261719 -0.5066144466400146
148.75267028808594 81.54988861083984 -0.5066144466400146
152.250244140625 79.6090087890625 -0.5066144466400146
155.74781799316406 77.66812896728516 -0.5066144466400146
159.24539184570312 75.72724914550781 -0.5066144466400146
162.7429656982422 73.78636932373047 -0.5066144466400146
166.24053955078125 71.84548950195312 -0.5066144466400146
169.7381134033203 69.90460968017578 -0.5066144466400146
173.23568725585938 67.96372985839844 -0.5066144466400146
176.73326110839844 66.0228500366211 -0.5066144466400146
180.2308349609375 64.08197021484375 -0.5066144466400146
183.72840881347656 62.141090393066406 -0.5066144466400146
187.22598266601562 60.20021057128906 -0.5066144466400146
190.7235565185547 58.25933074951172 -0.5066144466400146
194.22113037109375 56.318450927734375 -0.5066144466400146
197.7187042236328 54.37757110595703 -0.5066144466400146
201.21627807617188 52.43669128417969 -0.5066144466400146
204.71385192871094 50.495811462402344 -0.5066144466400146
208.21142578125 48.554931640625 -0.5066144466400146
211.70899963378906 46.614051818847656 -0.5066144466400146
215.20657348632812 44.67317199707031 -0.5066144466400146
218.7041473388672 42.73229217529297 -0.5066144466400146
222.20172119140625 40.791412353515625 -0.5066144466400146
225.6992950439453 38.85053253173828 -0.5066144466400146
229.19686889648438 36.90965270996094 -0.5066144466400146
232.69444274902344 34.968772888183594 -0.5066144466400146
236.1920166015625 33.02789306640625 -0.5066144466400146
239.68959045410156 31.087013244628906 -0.5066144466400146
243.18716430664062 29.146133422851562 -0.5066144466400146
246.6847381591797 27.20525360107422 -0.5066144466400146
246.6847381591797 27.20525360107422 -0.9066144227981567
246.6847381591797 27.20525360107422 -1.3066143989562988
246.6847381591797 27.20525360107422 -1.706614375114441
246.6847381591797 27.20525360107422 -2.106614351272583
246.6847381591797 27.20525360107422 -2.5066144466400146
246.6847381591797 27.20525360107422 -2.9066145420074463
246.6847381591797 27.20525360107422 2.9765706062316895
246.6847381591797 27.20525360107422 2.576570510864258
243.30642700195312 29.34699249267578 2.576570510864258
239.92811584472656 31.488731384277344 2.576570510864258
236.5498046875 33.630470275878906 2.576570510864258
233.17149353027344 35.77220916748047 2.576570510864258
229.79318237304688 37.91394805908203 2.576570510864258
226.4148712158203 40.055686950683594 2.576570510864258
223.03656005859375 42.197425842285156 2.576570510864258
219.6582489013672 44.33916473388672 2.576570510864258
216.27993774414062 46.48090362548828 2.576570510864258
212.90162658691406 48.622642517089844 2.576570510864258
209.5233154296875 50.764381408691406 2.576570510864258
206.14500427246094 52.90612030029297 2.576570510864258
202.76669311523438 55.04785919189453 2.576570510864258
199.3883819580078 57.189598083496094 2.576570510864258
196.01007080078125 59.331336975097656 2.576570510864258
192.6317596435547 61.47307586669922 2.576570510864258
189.25344848632812 63.61481475830078 2.576570510864258
185.87513732910156 65.75655364990234 2.576570510864258
182.496826171875 67.8982925415039 2.576570510864258
179.11851501464844 70.04003143310547 2.576570510864258
175.74020385742188 72.18177032470703 2.576570510864258
172.3618927001953 74.3235092163086 2.576570510864258
168.98358154296875 76.46524810791016 2.576570510864258
165.6052703857422 78.60698699951172 2.576570510864258
162.22695922851562 80.74872589111328 2.576570510864258
158.84864807128906 82.89046478271484 2.576570510864258
155.4703369140625 85.0322036743164 2.576570510864258
152.09202575683594 87.17394256591797 2.576570510864258
148.71371459960938 89.31568145751953 2.576570510864258
145.3354034423828 91.4574203491211 2.576570510864258
141.95709228515625 93.59915924072266 2.576570510864258
138.5787811279297 95.74089813232422 2.576570510864258
135.20046997070312 97.88263702392578 2.576570510864258
131.82215881347656 100.02437591552734 2.576570510864258
128.44384765625 102.1661148071289 2.576570510864258
125.06554412841797 104.30785369873047 2.576570510864258
121.68724060058594 106.44959259033203 2.576570510864258
118.3089370727539 108.5913314819336 2.576570510864258
118.3089370727539 108.5913314819336 2.176570415496826
118.3089370727539 108.5913314819336 1.776570439338684
117.49163818359375 112.50694274902344 1.776570439338684
116.6743392944336 116.42255401611328 1.776570439338684
115.85704040527344 120.33816528320312 1.776570439338684
115.03974151611328 124.25377655029297 1.776570439338684
115.03974151611328 124.25377655029297 1.376570463180542
115.03974151611328 124.25377655029297 0.9765704870223999
115.03974151611328 124.25377655029297 0.5765705108642578
115.03974151611328 124.25377655029297 0.17657050490379333
115.03974151611328 124.25377655029297 -0.22342950105667114
115.03974151611328 124.25377655029297 -0.623429536819458
115.03974151611328 124.25377655029297 -1.0234295129776
117.12150573730469 120.83818817138672 -1.0234295129776
119.2032699584961 117.42259979248047 -1.0234295129776
121.2850341796875 114.00701141357422 -1.0234295129776
123.3667984008789 110.59142303466797 -1.0234295129776
125.44856262207031 107.17583465576172 -1.0234295129776
127.53032684326172 103.76024627685547 -1.0234295129776
129.61209106445312 100.34465789794922 -1.0234295129776
131.69384765625 96.92906951904297 -1.0234295129776
133.77560424804688 93.51348114013672 -1.0234295129776
135.85736083984375 90.09789276123047 -1.0234295129776
137.93911743164062 86.68230438232422 -1.0234295129776
140.0208740234375 83.26671600341797 -1.0234295129776
142.10263061523438 79.85112762451172 -1.0234295129776
144.18438720703125 76.43553924560547 -1.0234295129776
146.26614379882812 73.01995086669922 -1.0234295129776
148.347900390625 69.60436248779297 -1.0234295129776
150.42965698242188 66.18877410888672 -1.0234295129776
152.51141357421875 62.7731819152832 -1.0234295129776
154.59317016601562 59.35758972167969 -1.0234295129776
156.6749267578125 55.94199752807617 -1.0234295129776
158.75668334960938 52.526405334472656 -1.0234295129776
160.83843994140625 49.11081314086914 -1.0234295129776
160.83843994140625 49.11081314086914 -1.4234294891357422
160.83843994140625 49.11081314086914 -1.8234294652938843
160.83843994140625 49.11081314086914 -2.2234294414520264
160.83843994140625 49.11081314086914 -2.623429536819458
160.83843994140625 49.11081314086914 -3.0234296321868896
160.83843994140625 49.11081314086914 2.859755516052246
156.9962615966797 50.223297119140625 2.859755516052246
153.15408325195312 51.33578109741211 2.859755516052246
149.31190490722656 52.448265075683594 2.859755516052246
145.4697265625 53.56074905395508 2.859755516052246
141.62754821777344 54.67323303222656 2.859755516052246
137.78536987304688 55.78571701049805 2.859755516052246
133.9431915283203 56.89820098876953 2.859755516052246
130.10101318359375 58.010684967041016 2.859755516052246
126.25882720947266 59.1231689453125 2.859755516052246
122.41664123535156 60.235652923583984 2.859755516052246
118.57445526123047 61.34813690185547 2.859755516052246
114.73226928710938 62.46062088012695 2.859755516052246
110.89008331298828 63.57310485839844 2.859755516052246
107.04789733886719 64.68558502197266 2.859755516052246
103.2057113647461 65.79806518554688 2.859755516052246
99.363525390625 66.9105453491211 2.859755516052246
95.5213394165039 68.02302551269531 2.859755516052246
91.67915344238281 69.13550567626953 2.859755516052246
87.83696746826172 70.24798583984375 2.859755516052246
83.99478149414062 71.36046600341797 2.859755516052246
80.15259552001953 72.47294616699219 2.859755516052246
76.31040954589844 73.5854263305664 2.859755516052246
72.46822357177734 74.69790649414062 2.859755516052246
68.62603759765625 75.81038665771484 2.859755516052246
64.78385162353516 76.92286682128906 2.859755516052246
60.94166564941406 78.03534698486328 2.859755516052246
57.09947967529297 79.1478271484375 2.859755516052246
53.257293701171875 80.26030731201172 2.859755516052246
49.41510772705078 81.37278747558594 2.859755516052246
45.57292175292969 82.48526763916016 2.859755516052246
41.730735778808594 83.59774780273438 2.859755516052246
41.730735778808594 83.59774780273438 2.4597554206848145
41.730735778808594 83.59774780273438 2.059755325317383
41.730735778808594 83.59774780273438 1.6597553491592407
41.730735778808594 83.59774780273438 1.2597553730010986
41.730735778808594 83.59774780273438 0.8597553968429565
41.730735778808594 83.59774780273438 0.45975539088249207
41.730735778808594 83.59774780273438 0.05975538492202759
41.730735778808594 83.59774780273438 -0.3402446210384369
45.501426696777344 82.26287841796875 -0.3402446210384369
49.272117614746094 80.92800903320312 -0.3402446210384369
53.042808532714844 79.5931396484375 -0.3402446210384369
56.813499450683594 78.25827026367188 -0.3402446210384369
60.584190368652344 76.92340087890625 -0.3402446210384369
64.3548812866211 75.58853149414062 -0.3402446210384369
