58.164207458496094 447.9239196777344 0.9080922603607178
56.59629821777344 445.6387634277344 1.030786395072937
55.319847106933594 443.17889404296875 1.1534805297851562
54.35404586791992 440.581298828125 1.2761746644973755
53.71341323852539 437.8850402832031 1.3988687992095947
53.408809661865234 435.135498046875 1.522057294845581
53.213932037353516 431.1402587890625 1.522057294845581
53.0190544128418 427.14501953125 1.522057294845581
52.82417678833008 423.1497802734375 1.522057294845581
52.62929916381836 419.154541015625 1.522057294845581
52.43442153930664 415.1593017578125 1.522057294845581
52.23954391479492 411.1640625 1.522057294845581
52.0446662902832 407.1688232421875 1.522057294845581
51.849788665771484 403.173583984375 1.522057294845581
51.654911041259766 399.1783447265625 1.522057294845581
51.46003341674805 395.18310546875 1.522057294845581
51.26515579223633 391.1878662109375 1.522057294845581
51.07027816772461 387.192626953125 1.522057294845581
50.87540054321289 383.1973876953125 1.522057294845581
50.68052291870117 379.2021484375 1.522057294845581
50.48564529418945 375.2069091796875 1.522057294845581
50.290767669677734 371.211669921875 1.522057294845581
50.095890045166016 367.2164306640625 1.522057294845581
49.9010124206543 363.22119140625 1.522057294845581
49.70613479614258 359.2259521484375 1.522057294845581
49.51125717163086 355.230712890625 1.522057294845581
49.31637954711914 351.2354736328125 1.522057294845581
49.12150192260742 347.240234375 1.522057294845581
48.9266242980957 343.2449951171875 1.522057294845581
48.731746673583984 339.249755859375 1.522057294845581
48.536869049072266 335.2545166015625 1.522057294845581
48.34199142456055 331.25927734375 1.522057294845581
48.14711380004883 327.2640380859375 1.522057294845581
47.95223617553711 323.268798828125 1.522057294845581
47.75735855102539 319.2735595703125 1.522057294845581
47.56248092651367 315.2783203125 1.522057294845581
47.36760330200195 311.2830810546875 1.522057294845581
47.172725677490234 307.287841796875 1.522057294845581
46.977848052978516 303.2926025390625 1.522057294845581
46.7829704284668 299.29736328125 1.522057294845581
46.7829704284668 299.29736328125 1.522057294845581
46.7829704284668 299.29736328125 1.522057294845581
46.7829704284668 299.29736328125 1.522057294845581
46.7829704284668 299.29736328125 1.522057294845581
46.7829704284668 299.29736328125 1.522057294845581
46.7829704284668 299.29736328125 1.522057294845581
46.7829704284668 299.29736328125 1.522057294845581
46.7829704284668 299.29736328125 1.522057294845581
46.7829704284668 299.29736328125 1.522057294845581
46.7829704284668 299.29736328125 1.522057294845581
