62.828426361083984 452.82843017578125 0.7853981852531433
65.65685272216797 455.6568603515625 0.7853981852531433
68.48528289794922 458.48529052734375 0.7853981852531433
71.31371307373047 461.313720703125 0.7853981852531433
74.14214324951172 464.14215087890625 0.7853981852531433
76.97057342529297 466.9705810546875 0.7853981852531433
79.79900360107422 469.79901123046875 0.7853981852531433
82.62743377685547 472.62744140625 0.7853981852531433
85.45586395263672 475.45587158203125 0.7853981852531433
88.28429412841797 478.2843017578125 0.7853981852531433
91.11272430419922 481.11273193359375 0.7853981852531433
93.94115447998047 483.941162109375 0.7853981852531433
96.76958465576172 486.76959228515625 0.7853981852531433
99.59801483154297 489.5980224609375 0.7853981852531433
102.42644500732422 492.42645263671875 0.7853981852531433
105.25487518310547 495.2548828125 0.7853981852531433
108.08330535888672 498.08331298828125 0.7853981852531433
110.91173553466797 500.9117431640625 0.7853981852531433
113.74016571044922 503.74017333984375 0.7853981852531433
116.56859588623047 506.568603515625 0.7853981852531433
119.39702606201172 509.39703369140625 0.7853981852531433
122.22545623779297 512.2254638671875 0.7853981852531433
125.05388641357422 515.0538940429688 0.7853981852531433
127.88231658935547 517.88232421875 0.7853981852531433
130.7107391357422 520.7107543945312 0.7853981852531433
133.53916931152344 523.5391845703125 0.7853981852531433
136.3675994873047 526.3676147460938 0.7853981852531433
139.19602966308594 529.196044921875 0.7853981852531433
142.0244598388672 532.0244750976562 0.7853981852531433
142.0244598388672 532.0244750976562 0.38539817929267883
145.73104858398438 533.5281982421875 0.38539817929267883
149.43763732910156 535.0319213867188 0.38539817929267883
153.14422607421875 536.53564453125 0.38539817929267883
153.14422607421875 536.53564453125 -0.014601826667785645
157.143798828125 536.4772338867188 -0.014601826667785645
161.14337158203125 536.4188232421875 -0.014601826667785645
165.1429443359375 536.3604125976562 -0.014601826667785645
169.14251708984375 536.302001953125 -0.014601826667785645
173.14208984375 536.2435913085938 -0.014601826667785645
177.14166259765625 536.1851806640625 -0.014601826667785645
177.14166259765625 536.1851806640625 -0.4146018326282501
180.80276489257812 534.5738525390625 -0.4146018326282501
184.4638671875 532.9625244140625 -0.4146018326282501
188.12496948242188 531.3511962890625 -0.4146018326282501
191.78607177734375 529.7398681640625 -0.4146018326282501
195.44717407226562 528.1285400390625 -0.4146018326282501
199.1082763671875 526.5172119140625 -0.4146018326282501
202.76937866210938 524.9058837890625 -0.4146018326282501
206.43048095703125 523.2945556640625 -0.4146018326282501
210.09158325195312 521.6832275390625 -0.4146018326282501
213.752685546875 520.0718994140625 -0.4146018326282501
217.41378784179688 518.4605712890625 -0.4146018326282501
221.07489013671875 516.8492431640625 -0.4146018326282501
224.73599243164062 515.2379150390625 -0.4146018326282501
228.3970947265625 513.6265869140625 -0.4146018326282501
232.05819702148438 512.0152587890625 -0.4146018326282501
232.05819702148438 512.0152587890625 -0.8146018385887146
234.80282592773438 509.1054382324219 -0.8146018385887146
237.54745483398438 506.19561767578125 -0.8146018385887146
240.29208374023438 503.2857971191406 -0.8146018385887146
243.03671264648438 500.3759765625 -0.8146018385887146
245.78134155273438 497.4661560058594 -0.8146018385887146
248.52597045898438 494.55633544921875 -0.8146018385887146
251.27059936523438 491.6465148925781 -0.8146018385887146
254.01522827148438 488.7366943359375 -0.8146018385887146
256.7598571777344 485.8268737792969 -0.8146018385887146
259.5044860839844 482.91705322265625 -0.8146018385887146
262.2491149902344 480.0072326660156 -0.8146018385887146
264.9937438964844 477.097412109375 -0.8146018385887146
267.7383728027344 474.1875915527344 -0.8146018385887146
270.4830017089844 471.27777099609375 -0.8146018385887146
273.2276306152344 468.3679504394531 -0.8146018385887146
275.9722595214844 465.4581298828125 -0.8146018385887146
278.7168884277344 462.5483093261719 -0.8146018385887146
281.4615173339844 459.63848876953125 -0.8146018385887146
284.2061462402344 456.7286682128906 -0.8146018385887146
286.9507751464844 453.81884765625 -0.8146018385887146
286.9507751464844 453.81884765625 -0.4146018326282501
286.9507751464844 453.81884765625 -0.014601826667785645
290.9503479003906 453.76043701171875 -0.014601826667785645
294.9499206542969 453.7020263671875 -0.014601826667785645
298.9494934082031 453.64361572265625 -0.014601826667785645
302.9490661621094 453.585205078125 -0.014601826667785645
306.9486389160156 453.52679443359375 -0.014601826667785645
310.6284484863281 453.5319519042969 0.017402291297912598
314.3058776855469 453.6549072265625 0.04943908378481865
317.97747802734375 453.8955993652344 0.0814758762717247
321.63946533203125 454.2537536621094 0.11351266503334045
325.2881164550781 454.7290344238281 0.1455494612455368
328.919677734375 455.3209228515625 0.17758625745773315
332.5303955078125 456.0288391113281 0.2096230536699295
336.1166076660156 456.85205078125 0.24165984988212585
339.6745910644531 457.7897033691406 0.273696631193161
343.2007141113281 458.8408508300781 0.30573341250419617
346.6913757324219 460.00439453125 0.3377701938152313
350.1429748535156 461.2791748046875 0.3698069751262665
353.5519714355469 462.6638488769531 0.40184375643730164
356.91485595703125 464.1570129394531 0.4338805377483368
360.2281799316406 465.7571105957031 0.46591731905937195
363.4885559082031 467.4625244140625 0.4979541003704071
366.692626953125 469.2715148925781 0.5299909114837646
369.8371276855469 471.18218994140625 0.5620276927947998
369.8371276855469 471.18218994140625 0.9620276689529419
372.12457275390625 474.4635925292969 0.9620276689529419
374.4120178222656 477.7449951171875 0.9620276689529419
376.699462890625 481.0263977050781 0.9620276689529419
378.9869079589844 484.30780029296875 0.9620276689529419
381.27435302734375 487.5892028808594 0.9620276689529419
383.5617980957031 490.87060546875 0.9620276689529419
385.8492431640625 494.1520080566406 0.9620276689529419
388.1366882324219 497.43341064453125 0.9620276689529419
390.42413330078125 500.7148132324219 0.9620276689529419
392.7115783691406 503.9962158203125 0.9620276689529419
394.9990234375 507.2776184082031 0.9620276689529419
397.2864685058594 510.55902099609375 0.9620276689529419
399.57391357421875 513.8404541015625 0.9620276689529419
401.8613586425781 517.1218872070312 0.9620276689529419
404.1488037109375 520.4033203125 0.9620276689529419
406.4362487792969 523.6847534179688 0.9620276689529419
406.4362487792969 523.6847534179688 0.5620276927947998
409.8209533691406 525.8163452148438 0.5620276927947998
413.2056579589844 527.9479370117188 0.5620276927947998
416.5903625488281 530.0795288085938 0.5620276927947998
419.9750671386719 532.2111206054688 0.5620276927947998
423.3597717285156 534.3427124023438 0.5620276927947998
426.7444763183594 536.4743041992188 0.5620276927947998
430.1291809082031 538.6058959960938 0.5620276927947998
433.5138854980469 540.7374877929688 0.5620276927947998
436.8985900878906 542.8690795898438 0.5620276927947998
440.2832946777344 545.0006713867188 0.5620276927947998
443.6679992675781 547.1322631835938 0.5620276927947998
443.6679992675781 547.1322631835938 0.16202768683433533
447.6156005859375 547.7775268554688 0.16202768683433533
451.5632019042969 548.4227905273438 0.16202768683433533
455.51080322265625 549.0680541992188 0.16202768683433533
459.4584045410156 549.7133178710938 0.16202768683433533
463.406005859375 550.3585815429688 0.16202768683433533
467.3536071777344 551.0038452148438 0.16202768683433533
471.30120849609375 551.6491088867188 0.16202768683433533
475.2488098144531 552.2943725585938 0.16202768683433533
479.1964111328125 552.9396362304688 0.16202768683433533
483.1440124511719 553.5848999023438 0.16202768683433533
487.09161376953125 554.2301635742188 0.16202768683433533
491.0392150878906 554.8754272460938 0.16202768683433533
494.98681640625 555.5206909179688 0.16202768683433533
498.9344177246094 556.1659545898438 0.16202768683433533
502.88201904296875 556.8112182617188 0.16202768683433533
506.8296203613281 557.4564819335938 0.16202768683433533
510.7772216796875 558.1017456054688 0.16202768683433533
510.7772216796875 558.1017456054688 -0.23797231912612915
510.7772216796875 558.1017456054688 -0.637972354888916
513.9904174804688 555.719482421875 -0.637972354888916
517.20361328125 553.3372192382812 -0.637972354888916
520.4168090820312 550.9549560546875 -0.637972354888916
523.6300048828125 548.5726928710938 -0.637972354888916
523.6300048828125 548.5726928710938 -1.037972331047058
525.661865234375 545.127197265625 -1.037972331047058
527.6937255859375 541.6817016601562 -1.037972331047058
529.7255859375 538.2362060546875 -1.037972331047058
531.7574462890625 534.7907104492188 -1.037972331047058
533.789306640625 531.34521484375 -1.037972331047058
535.8211669921875 527.8997192382812 -1.037972331047058
537.85302734375 524.4542236328125 -1.037972331047058
539.8848876953125 521.0087280273438 -1.037972331047058
541.916748046875 517.563232421875 -1.037972331047058
543.9486083984375 514.1177368164062 -1.037972331047058
545.98046875 510.6722412109375 -1.037972331047058
548.0123291015625 507.22674560546875 -1.037972331047058
550.044189453125 503.78125 -1.037972331047058
550.044189453125 503.78125 -1.4379723072052002
550.5739135742188 499.81646728515625 -1.4379723072052002
550.5739135742188 499.81646728515625 -1.8379722833633423
549.5178833007812 495.9583740234375 -1.8379722833633423
548.4618530273438 492.10028076171875 -1.8379722833633423
547.4058227539062 488.2421875 -1.8379722833633423
546.3497924804688 484.38409423828125 -1.8379722833633423
545.2937622070312 480.5260009765625 -1.8379722833633423
545.2937622070312 480.5260009765625 -2.2379722595214844
542.8186645507812 477.3836975097656 -2.2379722595214844
540.3435668945312 474.24139404296875 -2.2379722595214844
537.8684692382812 471.0990905761719 -2.2379722595214844
535.3933715820312 467.956787109375 -2.2379722595214844
532.9182739257812 464.8144836425781 -2.2379722595214844
530.4431762695312 461.67218017578125 -2.2379722595214844
527.9680786132812 458.5298767089844 -2.2379722595214844
525.4929809570312 455.3875732421875 -2.2379722595214844
523.0178833007812 452.2452697753906 -2.2379722595214844
520.5427856445312 449.10296630859375 -2.2379722595214844
518.0676879882812 445.9606628417969 -2.2379722595214844
515.5925903320312 442.818359375 -2.2379722595214844
513.1174926757812 439.6760559082031 -2.2379722595214844
510.6424255371094 436.53375244140625 -2.2379722595214844
508.1673583984375 433.3914489746094 -2.2379722595214844
508.1673583984375 433.3914489746094 -2.637972354888916
504.66400146484375 431.4610595703125 -2.637972354888916
501.16064453125 429.5306701660156 -2.637972354888916
497.65728759765625 427.60028076171875 -2.637972354888916
494.1539306640625 425.6698913574219 -2.637972354888916
490.65057373046875 423.739501953125 -2.637972354888916
487.147216796875 421.8091125488281 -2.637972354888916
483.64385986328125 419.87872314453125 -2.637972354888916
480.1405029296875 417.9483337402344 -2.637972354888916
476.63714599609375 416.0179443359375 -2.637972354888916
473.1337890625 414.0875549316406 -2.637972354888916
469.63043212890625 412.15716552734375 -2.637972354888916
466.1270751953125 410.2267761230469 -2.637972354888916
462.62371826171875 408.29638671875 -2.637972354888916
459.120361328125 406.3659973144531 -2.637972354888916
455.61700439453125 404.43560791015625 -2.637972354888916
452.1136474609375 402.5052185058594 -2.637972354888916
448.61029052734375 400.5748291015625 -2.637972354888916
445.10693359375 398.6444396972656 -2.637972354888916
441.60357666015625 396.71405029296875 -2.637972354888916
438.1002197265625 394.7836608886719 -2.637972354888916
434.59686279296875 392.853271484375 -2.637972354888916
431.093505859375 390.9228820800781 -2.637972354888916
427.59014892578125 388.99249267578125 -2.637972354888916
424.0867919921875 387.0621032714844 -2.637972354888916
420.58343505859375 385.1317138671875 -2.637972354888916
417.080078125 383.2013244628906 -2.637972354888916
413.57672119140625 381.27093505859375 -2.637972354888916
410.0733642578125 379.3405456542969 -2.637972354888916
406.57000732421875 377.41015625 -2.637972354888916
403.066650390625 375.4797668457031 -2.637972354888916
399.56329345703125 373.54937744140625 -2.637972354888916
396.0599365234375 371.6189880371094 -2.637972354888916
392.55657958984375 369.6885986328125 -2.637972354888916
389.05322265625 367.7582092285156 -2.637972354888916
385.54986572265625 365.82781982421875 -2.637972354888916
382.0465087890625 363.8974304199219 -2.637972354888916
378.54315185546875 361.967041015625 -2.637972354888916
375.039794921875 360.0366516113281 -2.637972354888916
371.53643798828125 358.10626220703125 -2.637972354888916
368.0330810546875 356.1758728027344 -2.637972354888916
364.52972412109375 354.2454833984375 -2.637972354888916
361.0263671875 352.3150939941406 -2.637972354888916
357.52301025390625 350.38470458984375 -2.637972354888916
354.0196533203125 348.4543151855469 -2.637972354888916
350.51629638671875 346.52392578125 -2.637972354888916
347.012939453125 344.5935363769531 -2.637972354888916
343.50958251953125 342.66314697265625 -2.637972354888916
340.0062255859375 340.7327575683594 -2.637972354888916
336.50286865234375 338.8023681640625 -2.637972354888916
332.99951171875 336.8719787597656 -2.637972354888916
329.49615478515625 334.94158935546875 -2.637972354888916
325.9927978515625 333.0111999511719 -2.637972354888916
322.48944091796875 331.080810546875 -2.637972354888916
318.986083984375 329.1504211425781 -2.637972354888916
315.48272705078125 327.22003173828125 -2.637972354888916
311.9793701171875 325.2896423339844 -2.637972354888916
308.47601318359375 323.3592529296875 -2.637972354888916
304.97265625 321.4288635253906 -2.637972354888916
301.46929931640625 319.49847412109375 -2.637972354888916
297.9659423828125 317.5680847167969 -2.637972354888916
294.46258544921875 315.6376953125 -2.637972354888916
290.959228515625 313.7073059082031 -2.637972354888916
287.45587158203125 311.77691650390625 -2.637972354888916
283.9525146484375 309.8465270996094 -2.637972354888916
280.44915771484375 307.9161376953125 -2.637972354888916
276.94580078125 305.9857482910156 -2.637972354888916
273.44244384765625 304.05535888671875 -2.637972354888916
269.9390869140625 302.1249694824219 -2.637972354888916
266.43572998046875 300.194580078125 -2.637972354888916
262.932373046875 298.2641906738281 -2.637972354888916
259.73858642578125 296.43707275390625 -2.605935573577881
256.60498046875 294.50860595703125 -2.5738987922668457
256.60498046875 294.50860595703125 -2.173898696899414
254.336181640625 291.21429443359375 -2.173898696899414
252.0673828125 287.91998291015625 -2.173898696899414
249.798583984375 284.62567138671875 -2.173898696899414
249.798583984375 284.62567138671875 -1.773898720741272
248.9917449951172 280.7078857421875 -1.773898720741272
248.18490600585938 276.79010009765625 -1.773898720741272
247.37806701660156 272.872314453125 -1.773898720741272
246.57122802734375 268.95452880859375 -1.773898720741272
245.76438903808594 265.0367431640625 -1.773898720741272
244.95755004882812 261.11895751953125 -1.773898720741272
244.95755004882812 261.11895751953125 -1.3738987445831299
245.7400665283203 257.1962585449219 -1.3738987445831299
246.5225830078125 253.27354431152344 -1.3738987445831299
247.3050994873047 249.350830078125 -1.3738987445831299
248.08761596679688 245.42811584472656 -1.3738987445831299
248.87013244628906 241.50540161132812 -1.3738987445831299
249.65264892578125 237.5826873779297 -1.3738987445831299
250.43516540527344 233.65997314453125 -1.3738987445831299
251.21768188476562 229.7372589111328 -1.3738987445831299
252.0001983642578 225.81454467773438 -1.3738987445831299
252.78271484375 221.89183044433594 -1.3738987445831299
253.5652313232422 217.9691162109375 -1.3738987445831299
254.34774780273438 214.04640197753906 -1.3738987445831299
255.13026428222656 210.12368774414062 -1.3738987445831299
255.91278076171875 206.2009735107422 -1.3738987445831299
255.91278076171875 206.2009735107422 -0.9738987684249878
255.91278076171875 206.2009735107422 -0.5738987922668457
259.2719421386719 204.02932739257812 -0.5738987922668457
262.631103515625 201.85768127441406 -0.5738987922668457
265.9902648925781 199.68603515625 -0.5738987922668457
269.34942626953125 197.51438903808594 -0.5738987922668457
272.7085876464844 195.34274291992188 -0.5738987922668457
276.0677490234375 193.1710968017578 -0.5738987922668457
276.0677490234375 193.1710968017578 -0.17389878630638123
280.0074157714844 192.47900390625 -0.17389878630638123
283.94708251953125 191.7869110107422 -0.17389878630638123
287.8867492675781 191.09481811523438 -0.17389878630638123
291.826416015625 190.40272521972656 -0.17389878630638123
295.7660827636719 189.71063232421875 -0.17389878630638123
299.70574951171875 189.01853942871094 -0.17389878630638123
303.6454162597656 188.32644653320312 -0.17389878630638123
307.5850830078125 187.6343536376953 -0.17389878630638123
311.5247497558594 186.9422607421875 -0.17389878630638123
315.46441650390625 186.2501678466797 -0.17389878630638123
319.4040832519531 185.55807495117188 -0.17389878630638123
323.34375 184.86598205566406 -0.17389878630638123
327.2834167480469 184.17388916015625 -0.17389878630638123
331.22308349609375 183.48179626464844 -0.17389878630638123
335.1627502441406 182.78970336914062 -0.17389878630638123
339.1024169921875 182.0976104736328 -0.17389878630638123
343.0420837402344 181.405517578125 -0.17389878630638123
346.98175048828125 180.7134246826172 -0.17389878630638123
350.9214172363281 180.02133178710938 -0.17389878630638123
354.861083984375 179.32923889160156 -0.17389878630638123
358.8007507324219 178.63714599609375 -0.17389878630638123
362.74041748046875 177.94505310058594 -0.17389878630638123
366.6800842285156 177.25296020507812 -0.17389878630638123
370.6197509765625 176.5608673095703 -0.17389878630638123
374.5594177246094 175.8687744140625 -0.17389878630638123
378.49908447265625 175.1766815185547 -0.17389878630638123
382.4387512207031 174.48458862304688 -0.17389878630638123
386.37841796875 173.79249572753906 -0.17389878630638123
390.3180847167969 173.10040283203125 -0.17389878630638123
394.25775146484375 172.40830993652344 -0.17389878630638123
398.1974182128906 171.71621704101562 -0.17389878630638123
402.1370849609375 171.0241241455078 -0.17389878630638123
406.0767517089844 170.33203125 -0.17389878630638123
410.01641845703125 169.6399383544922 -0.17389878630638123
413.9560852050781 168.94784545898438 -0.17389878630638123
417.895751953125 168.25575256347656 -0.17389878630638123
421.8354187011719 167.56365966796875 -0.17389878630638123
425.77508544921875 166.87156677246094 -0.17389878630638123
429.7147521972656 166.17947387695312 -0.17389878630638123
433.6544189453125 165.4873809814453 -0.17389878630638123
437.5940856933594 164.7952880859375 -0.17389878630638123
441.53375244140625 164.1031951904297 -0.17389878630638123
445.4734191894531 163.41110229492188 -0.17389878630638123
449.4130859375 162.71900939941406 -0.17389878630638123
453.3527526855469 162.02691650390625 -0.17389878630638123
457.29241943359375 161.33482360839844 -0.17389878630638123
461.2320861816406 160.64273071289062 -0.17389878630638123
465.1717529296875 159.9506378173828 -0.17389878630638123
469.1114196777344 159.258544921875 -0.17389878630638123
473.05108642578125 158.5664520263672 -0.17389878630638123
476.9907531738281 157.87435913085938 -0.17389878630638123
480.930419921875 157.18226623535156 -0.17389878630638123
484.8700866699219 156.49017333984375 -0.17389878630638123
488.80975341796875 155.79808044433594 -0.17389878630638123
492.7494201660156 155.10598754882812 -0.17389878630638123
496.6890869140625 154.4138946533203 -0.17389878630638123
500.6287536621094 153.7218017578125 -0.17389878630638123
504.56842041015625 153.0297088623047 -0.17389878630638123
508.5080871582031 152.33761596679688 -0.17389878630638123
508.5080871582031 152.33761596679688 -0.5738987922668457
511.86724853515625 150.1659698486328 -0.5738987922668457
515.2264404296875 147.99432373046875 -0.5738987922668457
518.5856323242188 145.8226776123047 -0.5738987922668457
518.5856323242188 145.8226776123047 -0.9738987684249878
520.8339233398438 142.51434326171875 -0.9738987684249878
523.0822143554688 139.2060089111328 -0.9738987684249878
525.3305053710938 135.89767456054688 -0.9738987684249878
527.5787963867188 132.58934020996094 -0.9738987684249878
529.8270874023438 129.281005859375 -0.9738987684249878
532.0753784179688 125.97267150878906 -0.9738987684249878
534.3236694335938 122.66433715820312 -0.9738987684249878
536.5719604492188 119.35600280761719 -0.9738987684249878
538.8202514648438 116.04766845703125 -0.9738987684249878
541.0685424804688 112.73933410644531 -0.9738987684249878
543.3168334960938 109.43099975585938 -0.9738987684249878
545.5651245117188 106.12266540527344 -0.9738987684249878
545.5651245117188 106.12266540527344 -1.3738987445831299
546.34765625 102.199951171875 -1.3738987445831299
547.1301879882812 98.27723693847656 -1.3738987445831299
547.9127197265625 94.35452270507812 -1.3738987445831299
548.6952514648438 90.43180847167969 -1.3738987445831299
549.477783203125 86.50909423828125 -1.3738987445831299
550.2603149414062 82.58638000488281 -1.3738987445831299
551.0428466796875 78.66366577148438 -1.3738987445831299
551.8253784179688 74.74095153808594 -1.3738987445831299
551.8253784179688 74.74095153808594 -1.773898720741272
551.8253784179688 74.74095153808594 -2.173898696899414
551.8253784179688 74.74095153808594 -2.5738987922668457
548.4528198242188 72.59019470214844 -2.5738987922668457
545.0802612304688 70.43943786621094 -2.5738987922668457
541.7077026367188 68.28868103027344 -2.5738987922668457
538.3351440429688 66.13792419433594 -2.5738987922668457
534.9625854492188 63.98716735839844 -2.5738987922668457
531.5900268554688 61.83641052246094 -2.5738987922668457
528.2174682617188 59.68565368652344 -2.5738987922668457
524.8449096679688 57.53489685058594 -2.5738987922668457
521.4723510742188 55.38414001464844 -2.5738987922668457
518.0997924804688 53.23338317871094 -2.5738987922668457
514.7272338867188 51.08262634277344 -2.5738987922668457
514.7272338867188 51.08262634277344 -2.9738988876342773
510.7833557128906 50.41498947143555 -2.9738988876342773
506.8394775390625 49.747352600097656 -2.9738988876342773
502.8955993652344 49.079715728759766 -2.9738988876342773
498.95172119140625 48.412078857421875 -2.9738988876342773
495.0078430175781 47.744441986083984 -2.9738988876342773
491.06396484375 47.076805114746094 -2.9738988876342773
487.1200866699219 46.4091682434082 -2.9738988876342773
483.17620849609375 45.74153137207031 -2.9738988876342773
479.2323303222656 45.07389450073242 -2.9738988876342773
475.2884521484375 44.40625762939453 -2.9738988876342773
471.3445739746094 43.73862075805664 -2.9738988876342773
467.40069580078125 43.07098388671875 -2.9738988876342773
463.4568176269531 42.40334701538086 -2.9738988876342773
459.512939453125 41.73571014404297 -2.9738988876342773
455.5690612792969 41.06807327270508 -2.9738988876342773
451.62518310546875 40.40043640136719 -2.9738988876342773
447.6813049316406 39.7327995300293 -2.9738988876342773
443.7374267578125 39.065162658691406 -2.9738988876342773
439.7935485839844 38.397525787353516 -2.9738988876342773
435.84967041015625 37.729888916015625 -2.9738988876342773
431.9057922363281 37.062252044677734 -2.9738988876342773
427.9619140625 36.394615173339844 -2.9738988876342773
424.0180358886719 35.72697830200195 -2.9738988876342773
420.07415771484375 35.05934143066406 -2.9738988876342773
416.1302795410156 34.39170455932617 -2.9738988876342773
412.1864013671875 33.72406768798828 -2.9738988876342773
408.2425231933594 33.05643081665039 -2.9738988876342773
404.29864501953125 32.3887939453125 -2.9738988876342773
400.3547668457031 31.721158981323242 -2.9738988876342773
396.410888671875 31.053524017333984 -2.9738988876342773
392.4670104980469 30.385889053344727 -2.9738988876342773
388.52313232421875 29.71825408935547 -2.9738988876342773
384.5792541503906 29.05061912536621 -2.9738988876342773
380.6353759765625 28.382984161376953 -2.9738988876342773
376.6914978027344 27.715349197387695 -2.9738988876342773
372.74761962890625 27.047714233398438 -2.9738988876342773
368.8037414550781 26.38007926940918 -2.9738988876342773
364.85986328125 25.712444305419922 -2.9738988876342773
360.9159851074219 25.044809341430664 -2.9738988876342773
356.97210693359375 24.377174377441406 -2.9738988876342773
353.0282287597656 23.70953941345215 -2.9738988876342773
349.0843505859375 23.04190444946289 -2.9738988876342773
345.1404724121094 22.374269485473633 -2.9738988876342773
341.19659423828125 21.706634521484375 -2.9738988876342773
337.2527160644531 21.038999557495117 -2.9738988876342773
337.2527160644531 21.038999557495117 2.9092862606048584
333.36016845703125 21.959890365600586 2.9092862606048584
329.4676208496094 22.880781173706055 2.9092862606048584
325.5750732421875 23.801671981811523 2.9092862606048584
321.6825256347656 24.722562789916992 2.9092862606048584
317.78997802734375 25.64345359802246 2.9092862606048584
313.8974304199219 26.56434440612793 2.9092862606048584
310.0048828125 27.4852352142334 2.9092862606048584
306.1123352050781 28.406126022338867 2.9092862606048584
302.21978759765625 29.327016830444336 2.9092862606048584
298.3272399902344 30.247907638549805 2.9092862606048584
294.4346923828125 31.168798446655273 2.9092862606048584
290.5421447753906 32.08968734741211 2.9092862606048584
286.64959716796875 33.01057815551758 2.9092862606048584
282.7570495605469 33.93146896362305 2.9092862606048584
278.864501953125 34.852359771728516 2.9092862606048584
274.9719543457031 35.773250579833984 2.9092862606048584
271.07940673828125 36.69414138793945 2.9092862606048584
267.1868591308594 37.61503219604492 2.9092862606048584
263.2943115234375 38.53592300415039 2.9092862606048584
259.4017639160156 39.45681381225586 2.9092862606048584
255.50921630859375 40.37770462036133 2.9092862606048584
251.61666870117188 41.2985954284668 2.9092862606048584
247.72412109375 42.219486236572266 2.9092862606048584
243.83157348632812 43.140377044677734 2.9092862606048584
239.93902587890625 44.0612678527832 2.9092862606048584
236.04647827148438 44.98215866088867 2.9092862606048584
232.1539306640625 45.90304946899414 2.9092862606048584
228.26138305664062 46.82394027709961 2.9092862606048584
224.36883544921875 47.74483108520508 2.9092862606048584
220.47628784179688 48.66572189331055 2.9092862606048584
216.583740234375 49.586612701416016 2.9092862606048584
212.69119262695312 50.507503509521484 2.9092862606048584
208.79864501953125 51.42839431762695 2.9092862606048584
204.90609741210938 52.34928512573242 2.9092862606048584
201.0135498046875 53.27017593383789 2.9092862606048584
197.12100219726562 54.19106674194336 2.9092862606048584
193.22845458984375 55.11195755004883 2.9092862606048584
189.33590698242188 56.0328483581543 2.9092862606048584
185.443359375 56.953739166259766 2.9092862606048584
181.55081176757812 57.874629974365234 2.9092862606048584
177.65826416015625 58.7955207824707 2.9092862606048584
173.76571655273438 59.71641159057617 2.9092862606048584
169.8731689453125 60.63730239868164 2.9092862606048584
165.98062133789062 61.55819320678711 2.9092862606048584
162.08807373046875 62.47908401489258 2.9092862606048584
158.19552612304688 63.39997482299805 2.9092862606048584
154.302978515625 64.32086181640625 2.9092862606048584
150.41043090820312 65.24175262451172 2.9092862606048584
150.41043090820312 65.24175262451172 -2.9738988876342773
146.46653747558594 64.5741195678711 -2.9738988876342773
142.52264404296875 63.9064826965332 -2.9738988876342773
138.57875061035156 63.23884582519531 -2.9738988876342773
134.63485717773438 62.57120895385742 -2.9738988876342773
130.6909637451172 61.90357208251953 -2.9738988876342773
126.74707794189453 61.23593521118164 -2.9738988876342773
122.80319213867188 60.56829833984375 -2.9738988876342773
118.85930633544922 59.90066146850586 -2.9738988876342773
114.91542053222656 59.23302459716797 -2.9738988876342773
110.9715347290039 58.56538772583008 -2.9738988876342773
107.02764892578125 57.89775085449219 -2.9738988876342773
103.0837631225586 57.2301139831543 -2.9738988876342773
99.13987731933594 56.562477111816406 -2.9738988876342773
95.19599151611328 55.894840240478516 -2.9738988876342773
91.25210571289062 55.227203369140625 -2.9738988876342773
87.30821990966797 54.559566497802734 -2.9738988876342773
87.30821990966797 54.559566497802734 2.9092862606048584
83.41566467285156 55.4804573059082 2.9092862606048584
79.52310943603516 56.40134811401367 2.9092862606048584
75.63055419921875 57.32223892211914 2.9092862606048584
71.73799896240234 58.24312973022461 2.9092862606048584
71.73799896240234 58.24312973022461 2.5092861652374268
68.5113296508789 60.60715866088867 2.5092861652374268
65.28466033935547 62.971187591552734 2.5092861652374268
62.0579948425293 65.33521270751953 2.5092861652374268
58.831329345703125 67.6992416381836 2.5092861652374268
55.60466384887695 70.06327056884766 2.5092861652374268
52.37799835205078 72.42729949951172 2.5092861652374268
49.15133285522461 74.79132843017578 2.5092861652374268
45.92466735839844 77.15535736083984 2.5092861652374268
42.698001861572266 79.5193862915039 2.5092861652374268
39.471336364746094 81.88341522216797 2.5092861652374268
36.24467086791992 84.24744415283203 2.5092861652374268
33.01800537109375 86.6114730834961 2.5092861652374268
29.791339874267578 88.97550201416016 2.5092861652374268
29.791339874267578 88.97550201416016 2.109286069869995
27.739978790283203 92.40943908691406 2.109286069869995
25.688617706298828 95.84337615966797 2.109286069869995
23.637256622314453 99.27731323242188 2.109286069869995
21.585895538330078 102.71125030517578 2.109286069869995
19.534534454345703 106.14518737792969 2.109286069869995
17.483173370361328 109.5791244506836 2.109286069869995
17.483173370361328 109.5791244506836 2.109286069869995
17.483173370361328 109.5791244506836 2.109286069869995
17.483173370361328 109.5791244506836 2.109286069869995
17.483173370361328 109.5791244506836 2.109286069869995
17.483173370361328 109.5791244506836 2.109286069869995
17.483173370361328 109.5791244506836 2.109286069869995
17.483173370361328 109.5791244506836 2.109286069869995
17.483173370361328 109.5791244506836 2.109286069869995
17.483173370361328 109.5791244506836 2.109286069869995
17.483173370361328 109.5791244506836 2.109286069869995
