62.828426361083984 452.82843017578125 0.7853981852531433
65.65685272216797 455.6568603515625 0.7853981852531433
68.48528289794922 458.48529052734375 0.7853981852531433
71.31371307373047 461.313720703125 0.7853981852531433
74.14214324951172 464.14215087890625 0.7853981852531433
76.97057342529297 466.9705810546875 0.7853981852531433
79.79900360107422 469.79901123046875 0.7853981852531433
82.62743377685547 472.62744140625 0.7853981852531433
85.45586395263672 475.45587158203125 0.7853981852531433
88.28429412841797 478.2843017578125 0.7853981852531433
91.11272430419922 481.11273193359375 0.7853981852531433
93.94115447998047 483.941162109375 0.7853981852531433
96.76958465576172 486.76959228515625 0.7853981852531433
99.59801483154297 489.5980224609375 0.7853981852531433
102.42644500732422 492.42645263671875 0.7853981852531433
105.25487518310547 495.2548828125 0.7853981852531433
108.08330535888672 498.08331298828125 0.7853981852531433
110.91173553466797 500.9117431640625 0.7853981852531433
113.74016571044922 503.74017333984375 0.7853981852531433
116.56859588623047 506.568603515625 0.7853981852531433
119.39702606201172 509.39703369140625 0.7853981852531433
122.22545623779297 512.2254638671875 0.7853981852531433
125.05388641357422 515.0538940429688 0.7853981852531433
127.88231658935547 517.88232421875 0.7853981852531433
130.7107391357422 520.7107543945312 0.7853981852531433
133.53916931152344 523.5391845703125 0.7853981852531433
136.3675994873047 526.3676147460938 0.7853981852531433
139.19602966308594 529.196044921875 0.7853981852531433
142.0244598388672 532.0244750976562 0.7853981852531433
144.85289001464844 534.8529052734375 0.7853981852531433
147.6813201904297 537.6813354492188 0.7853981852531433
150.50975036621094 540.509765625 0.7853981852531433
153.3381805419922 543.3381958007812 0.7853981852531433
156.16661071777344 546.1666259765625 0.7853981852531433
158.9950408935547 548.9950561523438 0.7853981852531433
158.9950408935547 548.9950561523438 0.38539817929267883
162.70162963867188 550.498779296875 0.38539817929267883
162.70162963867188 550.498779296875 -0.014601826667785645
166.70120239257812 550.4403686523438 -0.014601826667785645
170.70077514648438 550.3819580078125 -0.014601826667785645
174.70034790039062 550.3235473632812 -0.014601826667785645
178.69992065429688 550.26513671875 -0.014601826667785645
182.69949340820312 550.2067260742188 -0.014601826667785645
182.69949340820312 550.2067260742188 -0.4146018326282501
186.360595703125 548.5953979492188 -0.4146018326282501
190.02169799804688 546.9840698242188 -0.4146018326282501
193.68280029296875 545.3727416992188 -0.4146018326282501
197.34390258789062 543.7614135742188 -0.4146018326282501
201.0050048828125 542.1500854492188 -0.4146018326282501
204.66610717773438 540.5387573242188 -0.4146018326282501
208.32720947265625 538.9274291992188 -0.4146018326282501
211.98831176757812 537.3161010742188 -0.4146018326282501
215.6494140625 535.7047729492188 -0.4146018326282501
219.31051635742188 534.0934448242188 -0.4146018326282501
222.97161865234375 532.4821166992188 -0.4146018326282501
226.63272094726562 530.8707885742188 -0.4146018326282501
226.63272094726562 530.8707885742188 -0.8146018385887146
229.37734985351562 527.9609985351562 -0.8146018385887146
232.12197875976562 525.0512084960938 -0.8146018385887146
234.86660766601562 522.1414184570312 -0.8146018385887146
237.61123657226562 519.2316284179688 -0.8146018385887146
240.35586547851562 516.3218383789062 -0.8146018385887146
243.10049438476562 513.4120483398438 -0.8146018385887146
245.84512329101562 510.5022277832031 -0.8146018385887146
248.58975219726562 507.5924072265625 -0.8146018385887146
251.33438110351562 504.6825866699219 -0.8146018385887146
254.07901000976562 501.77276611328125 -0.8146018385887146
256.8236389160156 498.8629455566406 -0.8146018385887146
259.5682678222656 495.953125 -0.8146018385887146
262.3128967285156 493.0433044433594 -0.8146018385887146
265.0575256347656 490.13348388671875 -0.8146018385887146
267.8021545410156 487.2236633300781 -0.8146018385887146
270.5467834472656 484.3138427734375 -0.8146018385887146
273.2914123535156 481.4040222167969 -0.8146018385887146
276.0360412597656 478.49420166015625 -0.8146018385887146
278.7806701660156 475.5843811035156 -0.8146018385887146
281.5252990722656 472.674560546875 -0.8146018385887146
284.2699279785156 469.7647399902344 -0.8146018385887146
287.0145568847656 466.85491943359375 -0.8146018385887146
289.7591857910156 463.9450988769531 -0.8146018385887146
292.5038146972656 461.0352783203125 -0.8146018385887146
295.2484436035156 458.1254577636719 -0.8146018385887146
297.9930725097656 455.21563720703125 -0.8146018385887146
300.7377014160156 452.3058166503906 -0.8146018385887146
303.4823303222656 449.39599609375 -0.8146018385887146
306.2269592285156 446.4861755371094 -0.8146018385887146
308.9715881347656 443.57635498046875 -0.8146018385887146
311.7162170410156 440.6665344238281 -0.8146018385887146
311.7162170410156 440.6665344238281 -0.4146018326282501
311.7162170410156 440.6665344238281 -0.014601826667785645
311.7162170410156 440.6665344238281 0.38539817929267883
315.4228210449219 442.1702575683594 0.38539817929267883
315.4228210449219 442.1702575683594 0.7853981852531433
318.2512512207031 444.9986877441406 0.7853981852531433
321.0796813964844 447.8271179199219 0.7853981852531433
323.9081115722656 450.6555480957031 0.7853981852531433
326.7365417480469 453.4839782714844 0.7853981852531433
329.5649719238281 456.3124084472656 0.7853981852531433
332.3934020996094 459.1408386230469 0.7853981852531433
335.2218322753906 461.9692687988281 0.7853981852531433
338.0502624511719 464.7976989746094 0.7853981852531433
340.8786926269531 467.6261291503906 0.7853981852531433
343.7071228027344 470.4545593261719 0.7853981852531433
346.5355529785156 473.2829895019531 0.7853981852531433
349.3639831542969 476.1114196777344 0.7853981852531433
352.1924133300781 478.9398498535156 0.7853981852531433
355.0208435058594 481.7682800292969 0.7853981852531433
357.8492736816406 484.5967102050781 0.7853981852531433
360.6777038574219 487.4251403808594 0.7853981852531433
363.5061340332031 490.2535705566406 0.7853981852531433
366.3345642089844 493.0820007324219 0.7853981852531433
369.1629943847656 495.9104309082031 0.7853981852531433
371.9914245605469 498.7388610839844 0.7853981852531433
374.8198547363281 501.5672912597656 0.7853981852531433
377.6482849121094 504.3957214355469 0.7853981852531433
380.4767150878906 507.2241516113281 0.7853981852531433
383.3051452636719 510.0525817871094 0.7853981852531433
386.1335754394531 512.8809814453125 0.7853981852531433
388.9620056152344 515.7094116210938 0.7853981852531433
391.7904357910156 518.537841796875 0.7853981852531433
394.6188659667969 521.3662719726562 0.7853981852531433
397.4472961425781 524.1947021484375 0.7853981852531433
400.2757263183594 527.0231323242188 0.7853981852531433
403.1041564941406 529.8515625 0.7853981852531433
405.9325866699219 532.6799926757812 0.7853981852531433
408.7610168457031 535.5084228515625 0.7853981852531433
411.5894470214844 538.3368530273438 0.7853981852531433
414.4178771972656 541.165283203125 0.7853981852531433
417.2463073730469 543.9937133789062 0.7853981852531433
417.2463073730469 543.9937133789062 0.38539817929267883
420.9529113769531 545.4974365234375 0.38539817929267883
424.6595153808594 547.0011596679688 0.38539817929267883
428.3661193847656 548.5048828125 0.38539817929267883
432.0727233886719 550.0086059570312 0.38539817929267883
435.7793273925781 551.5123291015625 0.38539817929267883
439.4859313964844 553.0160522460938 0.38539817929267883
443.1925354003906 554.519775390625 0.38539817929267883
446.8991394042969 556.0234985351562 0.38539817929267883
450.6057434082031 557.5272216796875 0.38539817929267883
454.3123474121094 559.0309448242188 0.38539817929267883
458.0189514160156 560.53466796875 0.38539817929267883
461.7255554199219 562.0383911132812 0.38539817929267883
465.4321594238281 563.5421142578125 0.38539817929267883
469.1387634277344 565.0458374023438 0.38539817929267883
472.8453674316406 566.549560546875 0.38539817929267883
472.8453674316406 566.549560546875 -0.014601826667785645
476.8449401855469 566.4911499023438 -0.014601826667785645
480.8445129394531 566.4327392578125 -0.014601826667785645
484.8440856933594 566.3743286132812 -0.014601826667785645
488.8436584472656 566.31591796875 -0.014601826667785645
492.8432312011719 566.2575073242188 -0.014601826667785645
496.8428039550781 566.1990966796875 -0.014601826667785645
500.8423767089844 566.1406860351562 -0.014601826667785645
504.8419494628906 566.082275390625 -0.014601826667785645
508.8415222167969 566.0238647460938 -0.014601826667785645
512.8411254882812 565.9654541015625 -0.014601826667785645
516.8406982421875 565.9070434570312 -0.014601826667785645
520.8402709960938 565.8486328125 -0.014601826667785645
524.83984375 565.7902221679688 -0.014601826667785645
528.8394165039062 565.7318115234375 -0.014601826667785645
532.8389892578125 565.6734008789062 -0.014601826667785645
536.8385620117188 565.614990234375 -0.014601826667785645
540.838134765625 565.5565795898438 -0.014601826667785645
544.8377075195312 565.4981689453125 -0.014601826667785645
548.8372802734375 565.4397583007812 -0.014601826667785645
552.8368530273438 565.38134765625 -0.014601826667785645
556.83642578125 565.3229370117188 -0.014601826667785645
560.8359985351562 565.2645263671875 -0.014601826667785645
564.8355712890625 565.2061157226562 -0.014601826667785645
564.8355712890625 565.2061157226562 -0.4146018326282501
564.8355712890625 565.2061157226562 -0.8146018385887146
564.8355712890625 565.2061157226562 -1.2146018743515015
566.2304077148438 561.4572143554688 -1.2146018743515015
567.625244140625 557.7083129882812 -1.2146018743515015
567.625244140625 557.7083129882812 -1.6146018505096436
567.4500732421875 553.712158203125 -1.6146018505096436
567.27490234375 549.7160034179688 -1.6146018505096436
567.0997314453125 545.7198486328125 -1.6146018505096436
566.924560546875 541.7236938476562 -1.6146018505096436
566.7493896484375 537.7275390625 -1.6146018505096436
566.57421875 533.7313842773438 -1.6146018505096436
566.3990478515625 529.7352294921875 -1.6146018505096436
566.223876953125 525.7390747070312 -1.6146018505096436
566.0487060546875 521.742919921875 -1.6146018505096436
565.87353515625 517.7467651367188 -1.6146018505096436
565.6983642578125 513.7506103515625 -1.6146018505096436
565.523193359375 509.75445556640625 -1.6146018505096436
565.3480224609375 505.75830078125 -1.6146018505096436
565.1728515625 501.76214599609375 -1.6146018505096436
564.9976806640625 497.7659912109375 -1.6146018505096436
564.822509765625 493.76983642578125 -1.6146018505096436
564.6473388671875 489.773681640625 -1.6146018505096436
564.47216796875 485.77752685546875 -1.6146018505096436
564.47216796875 485.77752685546875 -2.014601945877075
562.754638671875 482.1650390625 -2.014601945877075
561.037109375 478.55255126953125 -2.014601945877075
559.319580078125 474.9400634765625 -2.014601945877075
557.60205078125 471.32757568359375 -2.014601945877075
555.884521484375 467.715087890625 -2.014601945877075
554.1669921875 464.10260009765625 -2.014601945877075
552.449462890625 460.4901123046875 -2.014601945877075
552.449462890625 460.4901123046875 -2.414602041244507
549.4607543945312 457.83160400390625 -2.414602041244507
546.4720458984375 455.173095703125 -2.414602041244507
543.4833374023438 452.51458740234375 -2.414602041244507
540.49462890625 449.8560791015625 -2.414602041244507
537.5059204101562 447.19757080078125 -2.414602041244507
534.5172119140625 444.5390625 -2.414602041244507
531.5285034179688 441.88055419921875 -2.414602041244507
528.539794921875 439.2220458984375 -2.414602041244507
525.5510864257812 436.56353759765625 -2.414602041244507
522.5623779296875 433.905029296875 -2.414602041244507
519.5736694335938 431.24652099609375 -2.414602041244507
516.5849609375 428.5880126953125 -2.414602041244507
513.5962524414062 425.92950439453125 -2.414602041244507
510.6075439453125 423.27099609375 -2.414602041244507
507.61883544921875 420.61248779296875 -2.414602041244507
504.630126953125 417.9539794921875 -2.414602041244507
501.64141845703125 415.29547119140625 -2.414602041244507
498.6527099609375 412.636962890625 -2.414602041244507
495.66400146484375 409.97845458984375 -2.414602041244507
492.67529296875 407.3199462890625 -2.414602041244507
489.68658447265625 404.66143798828125 -2.414602041244507
486.6978759765625 402.0029296875 -2.414602041244507
483.70916748046875 399.34442138671875 -2.414602041244507
483.70916748046875 399.34442138671875 -2.8146021366119385
479.9211120605469 398.05963134765625 -2.8146021366119385
476.133056640625 396.77484130859375 -2.8146021366119385
472.3450012207031 395.49005126953125 -2.8146021366119385
468.55694580078125 394.20526123046875 -2.8146021366119385
464.7688903808594 392.92047119140625 -2.8146021366119385
460.9808349609375 391.63568115234375 -2.8146021366119385
457.1927795410156 390.35089111328125 -2.8146021366119385
453.40472412109375 389.06610107421875 -2.8146021366119385
449.6166687011719 387.78131103515625 -2.8146021366119385
445.82861328125 386.49652099609375 -2.8146021366119385
442.0405578613281 385.21173095703125 -2.8146021366119385
438.25250244140625 383.92694091796875 -2.8146021366119385
434.4644470214844 382.64215087890625 -2.8146021366119385
430.6763916015625 381.35736083984375 -2.8146021366119385
426.8883361816406 380.07257080078125 -2.8146021366119385
423.10028076171875 378.78778076171875 -2.8146021366119385
419.3122253417969 377.50299072265625 -2.8146021366119385
415.524169921875 376.21820068359375 -2.8146021366119385
411.7361145019531 374.93341064453125 -2.8146021366119385
407.94805908203125 373.64862060546875 -2.8146021366119385
404.1600036621094 372.36383056640625 -2.8146021366119385
400.3719482421875 371.07904052734375 -2.8146021366119385
396.5838928222656 369.79425048828125 -2.8146021366119385
392.79583740234375 368.50946044921875 -2.8146021366119385
389.0077819824219 367.22467041015625 -2.8146021366119385
385.2197265625 365.93988037109375 -2.8146021366119385
381.4316711425781 364.65509033203125 -2.8146021366119385
377.64361572265625 363.37030029296875 -2.8146021366119385
373.8555603027344 362.08551025390625 -2.8146021366119385
370.0675048828125 360.80072021484375 -2.8146021366119385
366.2794494628906 359.51593017578125 -2.8146021366119385
362.49139404296875 358.23114013671875 -2.8146021366119385
358.7033386230469 356.94635009765625 -2.8146021366119385
354.915283203125 355.66156005859375 -2.8146021366119385
351.1272277832031 354.37677001953125 -2.8146021366119385
347.33917236328125 353.09197998046875 -2.8146021366119385
343.5511169433594 351.80718994140625 -2.8146021366119385
339.7630615234375 350.52239990234375 -2.8146021366119385
339.7630615234375 350.52239990234375 -2.414602041244507
336.77435302734375 347.8638916015625 -2.414602041244507
333.78564453125 345.20538330078125 -2.414602041244507
330.79693603515625 342.546875 -2.414602041244507
327.8082275390625 339.88836669921875 -2.414602041244507
324.81951904296875 337.2298583984375 -2.414602041244507
321.830810546875 334.57135009765625 -2.414602041244507
318.84210205078125 331.912841796875 -2.414602041244507
315.8533935546875 329.25433349609375 -2.414602041244507
312.86468505859375 326.5958251953125 -2.414602041244507
309.8759765625 323.93731689453125 -2.414602041244507
306.88726806640625 321.27880859375 -2.414602041244507
303.8985595703125 318.62030029296875 -2.414602041244507
300.90985107421875 315.9617919921875 -2.414602041244507
297.921142578125 313.30328369140625 -2.414602041244507
294.93243408203125 310.644775390625 -2.414602041244507
291.9437255859375 307.98626708984375 -2.414602041244507
288.95501708984375 305.3277587890625 -2.414602041244507
285.96630859375 302.66925048828125 -2.414602041244507
282.97760009765625 300.0107421875 -2.414602041244507
279.9888916015625 297.35223388671875 -2.414602041244507
277.00018310546875 294.6937255859375 -2.414602041244507
274.011474609375 292.03521728515625 -2.414602041244507
271.02276611328125 289.376708984375 -2.414602041244507
268.0340576171875 286.71820068359375 -2.414602041244507
265.04534912109375 284.0596923828125 -2.414602041244507
262.056640625 281.40118408203125 -2.414602041244507
259.06793212890625 278.74267578125 -2.414602041244507
256.0792236328125 276.08416748046875 -2.414602041244507
253.09051513671875 273.4256591796875 -2.414602041244507
250.101806640625 270.76715087890625 -2.414602041244507
247.11309814453125 268.108642578125 -2.414602041244507
244.1243896484375 265.45013427734375 -2.414602041244507
241.13568115234375 262.7916259765625 -2.414602041244507
241.13568115234375 262.7916259765625 -2.014601945877075
239.4181671142578 259.17913818359375 -2.014601945877075
239.4181671142578 259.17913818359375 -1.614601969718933
239.2429962158203 255.18296813964844 -1.614601969718933
239.0678253173828 251.18679809570312 -1.614601969718933
238.8926544189453 247.1906280517578 -1.614601969718933
238.7174835205078 243.1944580078125 -1.614601969718933
238.5423126220703 239.1982879638672 -1.614601969718933
238.3671417236328 235.20211791992188 -1.614601969718933
238.1919708251953 231.20594787597656 -1.614601969718933
238.0167999267578 227.20977783203125 -1.614601969718933
237.8416290283203 223.21360778808594 -1.614601969718933
237.6664581298828 219.21743774414062 -1.614601969718933
237.4912872314453 215.2212677001953 -1.614601969718933
237.3161163330078 211.22509765625 -1.614601969718933
237.1409454345703 207.2289276123047 -1.614601969718933
236.9657745361328 203.23275756835938 -1.614601969718933
236.7906036376953 199.23658752441406 -1.614601969718933
236.6154327392578 195.24041748046875 -1.614601969718933
236.4402618408203 191.24424743652344 -1.614601969718933
236.2650909423828 187.24807739257812 -1.614601969718933
236.2650909423828 187.24807739257812 -1.214601993560791
236.2650909423828 187.24807739257812 -0.8146020174026489
236.2650909423828 187.24807739257812 -0.41460201144218445
239.9261932373047 185.63677978515625 -0.41460201144218445
243.58729553222656 184.02548217773438 -0.41460201144218445
243.58729553222656 184.02548217773438 -0.01460200548171997
247.5868682861328 183.96707153320312 -0.01460200548171997
251.58644104003906 183.90866088867188 -0.01460200548171997
255.5860137939453 183.85025024414062 -0.01460200548171997
259.5856018066406 183.79183959960938 -0.01460200548171997
263.5851745605469 183.73342895507812 -0.01460200548171997
267.5847473144531 183.67501831054688 -0.01460200548171997
271.5843200683594 183.61660766601562 -0.01460200548171997
275.5838928222656 183.55819702148438 -0.01460200548171997
279.5834655761719 183.49978637695312 -0.01460200548171997
283.5830383300781 183.44137573242188 -0.01460200548171997
287.5826110839844 183.38296508789062 -0.01460200548171997
291.5821838378906 183.32455444335938 -0.01460200548171997
295.5817565917969 183.26614379882812 -0.01460200548171997
299.5813293457031 183.20773315429688 -0.01460200548171997
303.5809020996094 183.14932250976562 -0.01460200548171997
307.5804748535156 183.09091186523438 -0.01460200548171997
311.5800476074219 183.03250122070312 -0.01460200548171997
315.5796203613281 182.97409057617188 -0.01460200548171997
319.5791931152344 182.91567993164062 -0.01460200548171997
323.5787658691406 182.85726928710938 -0.01460200548171997
327.5783386230469 182.79885864257812 -0.01460200548171997
331.5779113769531 182.74044799804688 -0.01460200548171997
335.5774841308594 182.68203735351562 -0.01460200548171997
339.5770568847656 182.62362670898438 -0.01460200548171997
343.5766296386719 182.56521606445312 -0.01460200548171997
347.5762023925781 182.50680541992188 -0.01460200548171997
351.5757751464844 182.44839477539062 -0.01460200548171997
355.5753479003906 182.38998413085938 -0.01460200548171997
359.5749206542969 182.33157348632812 -0.01460200548171997
363.5744934082031 182.27316284179688 -0.01460200548171997
367.5740661621094 182.21475219726562 -0.01460200548171997
371.5736389160156 182.15634155273438 -0.01460200548171997
375.5732116699219 182.09793090820312 -0.01460200548171997
379.5727844238281 182.03952026367188 -0.01460200548171997
383.5723571777344 181.98110961914062 -0.01460200548171997
387.5719299316406 181.92269897460938 -0.01460200548171997
391.5715026855469 181.86428833007812 -0.01460200548171997
395.5710754394531 181.80587768554688 -0.01460200548171997
399.5706481933594 181.74746704101562 -0.01460200548171997
403.5702209472656 181.68905639648438 -0.01460200548171997
407.5697937011719 181.63064575195312 -0.01460200548171997
411.5693664550781 181.57223510742188 -0.01460200548171997
415.5689392089844 181.51382446289062 -0.01460200548171997
419.5685119628906 181.45541381835938 -0.01460200548171997
423.5680847167969 181.39700317382812 -0.01460200548171997
427.5676574707031 181.33859252929688 -0.01460200548171997
431.5672302246094 181.28018188476562 -0.01460200548171997
435.5668029785156 181.22177124023438 -0.01460200548171997
439.5663757324219 181.16336059570312 -0.01460200548171997
443.5659484863281 181.10494995117188 -0.01460200548171997
447.5655212402344 181.04653930664062 -0.01460200548171997
451.5650939941406 180.98812866210938 -0.01460200548171997
455.5646667480469 180.92971801757812 -0.01460200548171997
459.5642395019531 180.87130737304688 -0.01460200548171997
463.5638122558594 180.81289672851562 -0.01460200548171997
467.5633850097656 180.75448608398438 -0.01460200548171997
471.5629577636719 180.69607543945312 -0.01460200548171997
475.5625305175781 180.63766479492188 -0.01460200548171997
479.5621032714844 180.57925415039062 -0.01460200548171997
483.5616760253906 180.52084350585938 -0.01460200548171997
487.5612487792969 180.46243286132812 -0.01460200548171997
491.5608215332031 180.40402221679688 -0.01460200548171997
495.5603942871094 180.34561157226562 -0.01460200548171997
499.5599670410156 180.28720092773438 -0.01460200548171997
503.5595397949219 180.22879028320312 -0.01460200548171997
507.5591125488281 180.17037963867188 -0.01460200548171997
511.5586853027344 180.11196899414062 -0.01460200548171997
515.5582885742188 180.05355834960938 -0.01460200548171997
519.557861328125 179.99514770507812 -0.01460200548171997
523.5574340820312 179.93673706054688 -0.01460200548171997
527.5570068359375 179.87832641601562 -0.01460200548171997
531.5565795898438 179.81991577148438 -0.01460200548171997
531.5565795898438 179.81991577148438 -0.41460201144218445
531.5565795898438 179.81991577148438 -0.8146020174026489
534.3012084960938 176.9101104736328 -0.8146020174026489
537.0458374023438 174.00030517578125 -0.8146020174026489
539.7904663085938 171.0904998779297 -0.8146020174026489
542.5350952148438 168.18069458007812 -0.8146020174026489
545.2797241210938 165.27088928222656 -0.8146020174026489
545.2797241210938 165.27088928222656 -1.214601993560791
546.674560546875 161.52197265625 -1.214601993560791
548.0693969726562 157.77305603027344 -1.214601993560791
549.4642333984375 154.02413940429688 -1.214601993560791
550.8590698242188 150.2752227783203 -1.214601993560791
552.25390625 146.52630615234375 -1.214601993560791
553.6487426757812 142.7773895263672 -1.214601993560791
555.0435791015625 139.02847290039062 -1.214601993560791
556.4384155273438 135.27955627441406 -1.214601993560791
557.833251953125 131.5306396484375 -1.214601993560791
559.2280883789062 127.7817153930664 -1.214601993560791
560.6229248046875 124.03279113769531 -1.214601993560791
562.0177612304688 120.28386688232422 -1.214601993560791
563.41259765625 116.53494262695312 -1.214601993560791
564.8074340820312 112.78601837158203 -1.214601993560791
566.2022705078125 109.03709411621094 -1.214601993560791
567.5971069335938 105.28816986083984 -1.214601993560791
567.5971069335938 105.28816986083984 -1.614601969718933
567.4219360351562 101.29200744628906 -1.614601969718933
567.2467651367188 97.29584503173828 -1.614601969718933
567.0715942382812 93.2996826171875 -1.614601969718933
566.8964233398438 89.30352020263672 -1.614601969718933
566.7212524414062 85.30735778808594 -1.614601969718933
566.5460815429688 81.31119537353516 -1.614601969718933
566.3709106445312 77.31503295898438 -1.614601969718933
566.1957397460938 73.3188705444336 -1.614601969718933
566.0205688476562 69.32270812988281 -1.614601969718933
566.0205688476562 69.32270812988281 -2.014601945877075
564.3030395507812 65.71021270751953 -2.014601945877075
564.3030395507812 65.71021270751953 -2.414602041244507
561.3143310546875 63.05171585083008 -2.414602041244507
558.3256225585938 60.393218994140625 -2.414602041244507
555.3369140625 57.73472213745117 -2.414602041244507
552.3482055664062 55.07622528076172 -2.414602041244507
549.3594970703125 52.417728424072266 -2.414602041244507
546.3707885742188 49.75923156738281 -2.414602041244507
546.3707885742188 49.75923156738281 -2.8146021366119385
542.582763671875 48.47445297241211 -2.8146021366119385
538.7947387695312 47.189674377441406 -2.8146021366119385
535.0067138671875 45.9048957824707 -2.8146021366119385
531.2186889648438 44.6201171875 -2.8146021366119385
527.4306640625 43.3353385925293 -2.8146021366119385
523.6426391601562 42.050559997558594 -2.8146021366119385
519.8546142578125 40.76578140258789 -2.8146021366119385
516.0665893554688 39.48100280761719 -2.8146021366119385
512.278564453125 38.196224212646484 -2.8146021366119385
508.4905090332031 36.91144561767578 -2.8146021366119385
504.70245361328125 35.62666702270508 -2.8146021366119385
500.9143981933594 34.341888427734375 -2.8146021366119385
497.1263427734375 33.05710983276367 -2.8146021366119385
493.3382873535156 31.77233123779297 -2.8146021366119385
489.55023193359375 30.487552642822266 -2.8146021366119385
485.7621765136719 29.202774047851562 -2.8146021366119385
481.97412109375 27.91799545288086 -2.8146021366119385
481.97412109375 27.91799545288086 3.0685830116271973
477.9847717285156 28.209774017333984 3.0685830116271973
473.99542236328125 28.50155258178711 3.0685830116271973
470.0060729980469 28.793331146240234 3.0685830116271973
466.0167236328125 29.08510971069336 3.0685830116271973
462.0273742675781 29.376888275146484 3.0685830116271973
458.03802490234375 29.66866683959961 3.0685830116271973
454.0486755371094 29.960445404052734 3.0685830116271973
450.059326171875 30.25222396850586 3.0685830116271973
446.0699768066406 30.544002532958984 3.0685830116271973
442.08062744140625 30.83578109741211 3.0685830116271973
438.0912780761719 31.127559661865234 3.0685830116271973
434.1019287109375 31.41933822631836 3.0685830116271973
430.1125793457031 31.711116790771484 3.0685830116271973
426.12322998046875 32.00289535522461 3.0685830116271973
422.1338806152344 32.294673919677734 3.0685830116271973
418.14453125 32.58645248413086 3.0685830116271973
414.1551818847656 32.878231048583984 3.0685830116271973
410.16583251953125 33.17000961303711 3.0685830116271973
406.1764831542969 33.461788177490234 3.0685830116271973
402.1871337890625 33.75356674194336 3.0685830116271973
398.1977844238281 34.045345306396484 3.0685830116271973
394.20843505859375 34.33712387084961 3.0685830116271973
390.2190856933594 34.628902435302734 3.0685830116271973
386.229736328125 34.92068099975586 3.0685830116271973
382.2403869628906 35.212459564208984 3.0685830116271973
378.25103759765625 35.50423812866211 3.0685830116271973
374.2616882324219 35.796016693115234 3.0685830116271973
370.2723388671875 36.08779525756836 3.0685830116271973
366.2829895019531 36.379573822021484 3.0685830116271973
362.29364013671875 36.67135238647461 3.0685830116271973
358.3042907714844 36.963130950927734 3.0685830116271973
354.31494140625 37.25490951538086 3.0685830116271973
350.3255920410156 37.546688079833984 3.0685830116271973
346.33624267578125 37.83846664428711 3.0685830116271973
342.3468933105469 38.130245208740234 3.0685830116271973
338.3575439453125 38.42202377319336 3.0685830116271973
334.3681945800781 38.713802337646484 3.0685830116271973
330.37884521484375 39.00558090209961 3.0685830116271973
326.3894958496094 39.297359466552734 3.0685830116271973
322.400146484375 39.58913803100586 3.0685830116271973
318.4107971191406 39.880916595458984 3.0685830116271973
314.42144775390625 40.17269515991211 3.0685830116271973
310.4320983886719 40.464473724365234 3.0685830116271973
306.4427490234375 40.75625228881836 3.0685830116271973
302.4533996582031 41.048030853271484 3.0685830116271973
298.46405029296875 41.33980941772461 3.0685830116271973
294.4747009277344 41.631587982177734 3.0685830116271973
290.4853515625 41.92336654663086 3.0685830116271973
286.4960021972656 42.215145111083984 3.0685830116271973
282.50665283203125 42.50692367553711 3.0685830116271973
278.5173034667969 42.798702239990234 3.0685830116271973
274.5279541015625 43.09048080444336 3.0685830116271973
270.5386047363281 43.382259368896484 3.0685830116271973
266.54925537109375 43.67403793334961 3.0685830116271973
262.5599060058594 43.965816497802734 3.0685830116271973
258.570556640625 44.25759506225586 3.0685830116271973
254.58120727539062 44.549373626708984 3.0685830116271973
250.59185791015625 44.84115219116211 3.0685830116271973
246.60250854492188 45.132930755615234 3.0685830116271973
242.6131591796875 45.42470932006836 3.0685830116271973
238.62380981445312 45.716487884521484 3.0685830116271973
234.63446044921875 46.00826644897461 3.0685830116271973
230.64511108398438 46.300045013427734 3.0685830116271973
226.65576171875 46.59182357788086 3.0685830116271973
222.66641235351562 46.883602142333984 3.0685830116271973
218.67706298828125 47.17538070678711 3.0685830116271973
214.68771362304688 47.467159271240234 3.0685830116271973
210.6983642578125 47.75893783569336 3.0685830116271973
206.70901489257812 48.050716400146484 3.0685830116271973
202.71966552734375 48.34249496459961 3.0685830116271973
198.73031616210938 48.634273529052734 3.0685830116271973
194.740966796875 48.92605209350586 3.0685830116271973
190.75161743164062 49.217830657958984 3.0685830116271973
186.76226806640625 49.50960922241211 3.0685830116271973
182.77291870117188 49.801387786865234 3.0685830116271973
178.7835693359375 50.09316635131836 3.0685830116271973
174.79421997070312 50.384944915771484 3.0685830116271973
170.80487060546875 50.67672348022461 3.0685830116271973
166.81552124023438 50.968502044677734 3.0685830116271973
162.826171875 51.26028060913086 3.0685830116271973
158.83682250976562 51.552059173583984 3.0685830116271973
154.84747314453125 51.84383773803711 3.0685830116271973
150.85812377929688 52.135616302490234 3.0685830116271973
146.8687744140625 52.42739486694336 3.0685830116271973
142.87942504882812 52.719173431396484 3.0685830116271973
138.89007568359375 53.01095199584961 3.0685830116271973
134.90072631835938 53.302730560302734 3.0685830116271973
130.911376953125 53.59450912475586 3.0685830116271973
126.92203521728516 53.886287689208984 3.0685830116271973
122.93269348144531 54.17806625366211 3.0685830116271973
118.94335174560547 54.469844818115234 3.0685830116271973
114.95401000976562 54.76162338256836 3.0685830116271973
110.96466827392578 55.053401947021484 3.0685830116271973
106.97532653808594 55.34518051147461 3.0685830116271973
102.9859848022461 55.636959075927734 3.0685830116271973
98.99664306640625 55.92873764038086 3.0685830116271973
95.0073013305664 56.220516204833984 3.0685830116271973
91.01795959472656 56.51229476928711 3.0685830116271973
87.02861785888672 56.804073333740234 3.0685830116271973
83.03927612304688 57.09585189819336 3.0685830116271973
79.04993438720703 57.387630462646484 3.0685830116271973
75.06059265136719 57.67940902709961 3.0685830116271973
71.07125091552734 57.971187591552734 3.0685830116271973
67.0819091796875 58.26296615600586 3.0685830116271973
67.0819091796875 58.26296615600586 2.6685829162597656
63.52110290527344 60.085235595703125 2.6685829162597656
59.960296630859375 61.90750503540039 2.6685829162597656
56.39949035644531 63.729774475097656 2.6685829162597656
52.83868408203125 65.55204772949219 2.6685829162597656
49.27787780761719 67.37432098388672 2.6685829162597656
45.717071533203125 69.19659423828125 2.6685829162597656
42.15626525878906 71.01886749267578 2.6685829162597656
38.595458984375 72.84114074707031 2.6685829162597656
38.595458984375 72.84114074707031 2.268582820892334
36.025367736816406 75.90620422363281 2.268582820892334
33.45527648925781 78.97126770019531 2.268582820892334
30.885183334350586 82.03633117675781 2.268582820892334
28.31509017944336 85.10139465332031 2.268582820892334
25.744997024536133 88.16645812988281 2.268582820892334
23.174903869628906 91.23152160644531 2.268582820892334
20.60481071472168 94.29658508300781 2.268582820892334
18.034717559814453 97.36164855957031 2.268582820892334
18.034717559814453 97.36164855957031 1.868582844734192
16.86109733581543 101.18560028076172 1.868582844734192
16.86109733581543 101.18560028076172 1.868582844734192
16.86109733581543 101.18560028076172 1.868582844734192
16.86109733581543 101.18560028076172 1.868582844734192
16.86109733581543 101.18560028076172 1.868582844734192
16.86109733581543 101.18560028076172 1.868582844734192
16.86109733581543 101.18560028076172 1.868582844734192
16.86109733581543 101.18560028076172 1.868582844734192
16.86109733581543 101.18560028076172 1.868582844734192
16.86109733581543 101.18560028076172 1.868582844734192
16.86109733581543 101.18560028076172 1.868582844734192
