-392.2927768458784
-394.437468400367
-396.42728929164366
-398.2560718565178
-399.91822767760016
-401.40868267648244
-403.1034429548906
-403.1034429548906
-403.1480853705999
-403.0010820937472
-402.6628006463172
-402.1342200375204
-401.416892924801
-400.51290235291066
-399.4248791574932
-398.1560274898378
-396.7100928471767
-395.0914223800797
-393.3048800588712
-391.0833510826829
-388.8902754289568
-388.8902754289568
-385.583735921337
-382.29045053716953
-379.01076477823153
-375.7450347571596
-372.49362893217096
-369.256924347411
-366.0353109947376
-362.82919086613174
-359.63897832017926
-356.46510045563485
-356.46510045563485
-352.5986751238479
-348.73526291862896
-344.8749651023442
-341.0178874389824
-337.16414044191487
-333.3138396378248
-329.4671058480183
-325.62406548843177
-321.78485088976015
-317.9496006392543
-314.1184599458664
-310.2915810305686
-306.4691235438285
-302.65125501239936
-298.8381513177724
-295.02999720884776
-291.2269868516087
-287.42932441883323
-283.63722472315254
-279.8509138970657
-276.070630123849
-272.2966244236618
-268.52916149954336
-264.7685206484344
-261.0149967428279
-257.26890128918023
-253.5305635697813
-249.80033187541073
-246.07857483678913
-242.36568286358235
-238.66206970053156
-236.3250115923643
-236.3250115923643
-232.3615431474804
-228.3993484167416
-224.4384948578836
-220.4790547524159
-216.52110564222554
-212.56473081419503
-208.61001983906962
-204.65706917174708
-200.70598282126008
-196.75687310000902
-192.80986146331978
-188.86507945219125
-184.92266975421614
-181.61249566896714
-178.2793143288101
-174.93658448253186
-171.59857061593928
-168.2803513918282
-164.99784838796333
-161.76779539411282
-158.06106098562717
-154.23268901650525
-150.41324996278735
-146.60344201013817
-146.60344201013817
-143.60365963518856
-140.65366273332475
-137.75664974244364
-134.91603383032856
-132.13545227921261
-129.41877468837134
-126.77010950112972
-124.1938082687662
-121.69446696522952
-119.27692356816243
-116.94625103055176
-114.7077446931899
-112.56690314376107
-110.52940146919461
-108.6010565171968
-106.7877818194376
-105.0955336678572
-103.5302469315082
-102.09776121060581
-100.8037382267551
-99.65357203086054
-98.65229433866766
-98.65229433866766
-98.65229433866766
-98.65229433866766
-98.65229433866766
-98.65229433866766
-98.65229433866766
-98.65229433866766
-98.65229433866766
-98.65229433866766
-98.65229433866766
