-391.8753438001003
-393.5026544370508
-394.8623957610897
-395.93841896889074
-396.7180422919813
-397.1921348489254
-397.3551499083632
-397.2052313504223
-396.7440928614347
-395.9770943415408
-394.91324371033403
-393.5650571709892
-391.94857938071897
-389.48431980321436
-387.04571026433155
-385.21495342812557
-382.4577852638839
-379.72273381828967
-377.0102804342004
-374.32091637106197
-371.6551428647624
-369.0134711740761
-367.04598713994255
-364.1038960297571
-364.1038960297571
-360.3463671978024
-356.5941129978023
-352.8473017045136
-349.10610856737145
-345.37071616073837
-341.64131475443645
-337.9181027058616
-334.20128687506457
-330.49108306427854
-326.7877164834706
-323.0914238540056
-319.4024491719579
-315.7210489523792
-312.0474912759995
-308.38205641250977
-304.7250374817938
-301.07674115557626
-297.4374884021045
-293.8076152766487
-290.187473760773
-286.57743265350877
-282.97787851774274
-279.3892166853211
-275.8118723245633
-272.24629157407094
-268.692942746913
-265.1523176094575
-261.6249327393059
-258.1113309669589
-254.61208290600155
-251.12778857673075
-247.65907912825384
-244.20661866415324
-240.77110617682632
-237.35327759555997
-233.95390795326816
-230.57381367658937
-227.2138550036854
-223.8749385335794
-221.44871836295297
-218.89411165483568
-215.15673330513695
-211.4289662680496
-207.71132802299044
-204.0043723115578
-201.3425933498847
-198.59341167225153
-195.79239751664997
-192.97730206233086
-188.98895088302268
-186.1999811634215
-182.2794262414296
-179.56073104103032
-175.7736428040615
-171.99619408730834
-168.22903423522632
-165.6461610594518
-162.0934517123725
-158.56204916069441
-155.0534092232594
-152.68474039409006
-149.48381413008673
-146.3222178098648
-143.2025564121266
-141.14410619954802
-138.43647437642755
-135.7926805752639
-135.7926805752639
-134.62220339662213
-133.5613085255958
-132.6126259484342
-131.7785791582657
-131.06135672716545
-130.46288540240624
-129.98480544294205
-129.62844880152625
-129.61761857445893
-129.99950065519758
-130.76535500532432
-131.89790520450592
-133.37224329862948
-135.1569542664117
-137.21552984157958
-139.50775346609467
-141.9911151557978
-144.62198895262682
-147.3567260841153
-150.15250306020724
-152.96796717341698
-155.76378223468305
-158.5029396885056
-161.15099202035304
-163.67623167068854
-166.0497510082567
-168.24545932383506
-170.22436848634644
-172.92344250469228
-175.67213275178932
-178.46814673840674
-181.3092951056597
-184.19348929854016
-187.11873883986652
-190.08314829795788
-193.08491402876413
-196.12232076160413
-199.19375331982243
-202.2976321170815
-204.37784289208903
-206.2392316223779
-208.75727431637236
-211.32103181036356
-213.92886055036024
-216.57916855722183
-219.27041550351197
-222.00111252606663
-224.7698218091634
-227.5751559705454
-230.41577727989096
-233.29039673668055
-236.1977730318441
-239.13671141510355
-242.1060624875836
-245.10472093706437
-248.13162211840861
-251.18574690508459
-254.266114307616
-257.3717820694375
-260.50184530973735
-260.50184530973735
-261.7244879930331
-262.66563934111014
-263.3152233149201
-263.6663453669237
-263.71527851997837
-263.71527851997837
-263.71527851997837
-263.71527851997837
-263.71527851997837
-263.71527851997837
-261.9386805347918
-261.9386805347918
-261.9386805347918
-261.9386805347918
-259.36921083417894
-256.70282078528265
-253.95610571271055
-251.16676447383088
-247.16695884886232
-243.16715940626926
-239.1673664562311
-235.1675803300291
-231.16780138187207
-227.16802999091445
-223.16826656349184
-219.16851153560108
-215.1687653756568
-211.16902858756154
-207.1693017141312
-203.16958534092512
-199.16988010053777
-195.1701866774178
-191.17050581329235
-188.35812257415142
-185.5817025245225
-181.68667997964525
-177.79631882933816
-175.10556003886109
-171.368136782973
-167.64283294177037
-163.93047475483914
-161.39400049500003
-157.91882270259657
-154.46904466282763
-152.14780842022452
-149.02289205256733
-145.9407042543366
-142.9040097922349
-139.91577082321135
-136.97915859470902
-134.09756488274613
-131.2746128524361
-128.5141669448877
-125.82034130229805
-123.19750614043241
-120.65029136692463
-118.18358662916162
-115.80253696147973
-113.51253229650467
-111.31919157756656
-109.22833809075702
-107.24596623706779
-105.37819845510579
-103.63123153100537
-102.01127188252204
-101.10923745614274
-100.17832579160145
-99.39977899134317
-99.39977899134317
-99.39977899134317
-99.39977899134317
-99.39977899134317
-99.39977899134317
-99.39977899134317
-99.39977899134317
-99.39977899134317
-99.39977899134317
-99.39977899134317
