-392.1224835936529
-394.05243471418197
-395.7782269841232
-397.2895977006121
-398.5776875232669
-399.634969759932
-400.45534171291297
-401.034076990672
-401.36788232147626
-401.45484608863546
-401.29449165340475
-400.8877240135289
-400.23685275784567
-399.34562520953637
-398.219126226179
-396.8639286685745
-395.28789699781794
-393.5003620845622
-393.5003620845622
-390.0401708811058
-386.5903968911463
-383.15132149472885
-379.72323537686145
-376.3064388689048
-372.9012423022126
-369.50796637431426
-366.12694252791675
-362.7585133429825
-359.40303294211685
-356.06086740947126
-352.7323952233322
-349.4180077025284
-346.1181094667406
-342.8331189107438
-339.56346869255094
-336.3096062353513
-333.0719942430589
-329.85111122918886
-326.647452058675
-323.4615285021223
-320.29386980185143
-317.1450232489431
-314.01555477031894
-310.90604952470915
-307.8171125061468
-307.8171125061468
-303.98928520646416
-300.16594771626495
-296.34727381202845
-292.53344612640547
-288.72465670377227
-284.9211075967926
-281.12301150742945
-277.3305924761654
-273.54408662354024
-269.76374294849967
-265.9898241884694
-262.2226077465345
-258.46238669161175
-254.7094708380648
-250.96418791182347
-247.2268848107472
-243.49792896770856
-239.77770982568703
-236.0666404350493
-232.36515918416356
-228.67373167555527
-224.99285276096526
-221.32304874992633
-217.66487980783327
-214.01894256094738
-210.38587292735468
-206.76634919458078
-203.16109536635443
-199.57088480289391
-195.99654418105004
-192.4389578026497
-188.89907228140913
-185.37790164077117
-181.87653285689493
-178.39613188269044
-174.9379501901138
-171.50333186874983
-168.093721318786
-164.71067157553637
-161.35585330034377
-158.03106446851285
-158.03106446851285
-158.03106446851285
-158.03106446851285
-154.7542203135642
-151.5121118811418
-148.30701723965953
-145.14138848854336
-142.01786477854267
-138.9392858558988
-135.90870599801343
-132.92940815326875
-130.0049180297374
-127.13901779499373
-124.33575895071093
-121.59947383043817
-118.93478503720478
-116.34661199136555
-113.84017360277164
-111.42098592260605
-109.09485348098933
-106.86785289378676
-104.74630724867647
-102.73674978485928
-100.84587549570881
-99.08047954391311
-97.4473816727946
-95.95333758739572
-94.60493551862953
-94.60493551862953
-94.60493551862953
-94.60493551862953
-94.60493551862953
-94.60493551862953
-94.60493551862953
-94.60493551862953
-94.60493551862953
-94.60493551862953
-94.60493551862953
