60.0 450.0 1.1853982210159302
60.0 450.0 1.5853981971740723
60.0 450.0 1.9853981733322144
60.0 450.0 2.3853981494903564
60.0 450.0 2.785398244857788
56.251075744628906 451.39483642578125 2.785398244857788
52.50215148925781 452.7896728515625 2.785398244857788
48.75322723388672 454.18450927734375 2.785398244857788
45.004302978515625 455.579345703125 2.785398244857788
41.25537872314453 456.97418212890625 2.785398244857788
41.25537872314453 456.97418212890625 -3.0977869033813477
41.25537872314453 456.97418212890625 -2.697786808013916
41.25537872314453 456.97418212890625 -2.2977867126464844
41.25537872314453 456.97418212890625 -1.8977867364883423
39.97060012817383 453.1861267089844 -1.8977867364883423
38.685821533203125 449.3980712890625 -1.8977867364883423
37.40104293823242 445.6100158691406 -1.8977867364883423
36.11626434326172 441.82196044921875 -1.8977867364883423
34.831485748291016 438.0339050292969 -1.8977867364883423
33.54670715332031 434.245849609375 -1.8977867364883423
33.54670715332031 434.245849609375 -1.4977867603302002
33.83848571777344 430.2565002441406 -1.4977867603302002
34.13026428222656 426.26715087890625 -1.4977867603302002
34.42204284667969 422.2778015136719 -1.4977867603302002
34.71382141113281 418.2884521484375 -1.4977867603302002
35.00559997558594 414.2991027832031 -1.4977867603302002
35.29737854003906 410.30975341796875 -1.4977867603302002
35.58915710449219 406.3204040527344 -1.4977867603302002
35.88093566894531 402.3310546875 -1.4977867603302002
36.17271423339844 398.3417053222656 -1.4977867603302002
36.46449279785156 394.35235595703125 -1.4977867603302002
36.75627136230469 390.3630065917969 -1.4977867603302002
37.04804992675781 386.3736572265625 -1.4977867603302002
37.33982849121094 382.3843078613281 -1.4977867603302002
37.63160705566406 378.39495849609375 -1.4977867603302002
37.92338562011719 374.4056091308594 -1.4977867603302002
38.21516418457031 370.416259765625 -1.4977867603302002
38.50694274902344 366.4269104003906 -1.4977867603302002
38.79872131347656 362.43756103515625 -1.4977867603302002
39.09049987792969 358.4482116699219 -1.4977867603302002
39.38227844238281 354.4588623046875 -1.4977867603302002
39.67405700683594 350.4695129394531 -1.4977867603302002
39.96583557128906 346.48016357421875 -1.4977867603302002
39.96583557128906 346.48016357421875 -1.097786784172058
41.78810501098633 342.91937255859375 -1.097786784172058
41.78810501098633 342.91937255859375 -0.697786808013916
41.78810501098633 342.91937255859375 -0.29778680205345154
41.78810501098633 342.91937255859375 0.10221320390701294
41.78810501098633 342.91937255859375 0.5022132396697998
45.29418182373047 344.8448486328125 0.5022132396697998
48.80025863647461 346.77032470703125 0.5022132396697998
52.30633544921875 348.69580078125 0.5022132396697998
55.81241226196289 350.62127685546875 0.5022132396697998
59.31848907470703 352.5467529296875 0.5022132396697998
62.82456588745117 354.47222900390625 0.5022132396697998
66.33064270019531 356.397705078125 0.5022132396697998
69.83672332763672 358.32318115234375 0.5022132396697998
73.34280395507812 360.2486572265625 0.5022132396697998
73.34280395507812 360.2486572265625 0.9022132158279419
73.34280395507812 360.2486572265625 1.302213191986084
73.34280395507812 360.2486572265625 1.702213168144226
73.34280395507812 360.2486572265625 2.102213144302368
73.34280395507812 360.2486572265625 2.5022132396698
73.34280395507812 360.2486572265625 2.9022133350372314
73.34280395507812 360.2486572265625 -2.9809718132019043
73.34280395507812 360.2486572265625 -2.5809717178344727
73.34280395507812 360.2486572265625 -2.180971622467041
71.0507583618164 356.970458984375 -2.180971622467041
68.75871276855469 353.6922607421875 -2.180971622467041
66.46666717529297 350.4140625 -2.180971622467041
64.17462158203125 347.1358642578125 -2.180971622467041
61.88257598876953 343.857666015625 -2.180971622467041
59.59053039550781 340.5794677734375 -2.180971622467041
57.298484802246094 337.30126953125 -2.180971622467041
55.006439208984375 334.0230712890625 -2.180971622467041
52.714393615722656 330.744873046875 -2.180971622467041
50.42234802246094 327.4666748046875 -2.180971622467041
48.13030242919922 324.1884765625 -2.180971622467041
45.8382568359375 320.9102783203125 -2.180971622467041
43.54621124267578 317.632080078125 -2.180971622467041
41.25416564941406 314.3538818359375 -2.180971622467041
38.962120056152344 311.07568359375 -2.180971622467041
36.670074462890625 307.7974853515625 -2.180971622467041
34.378028869628906 304.519287109375 -2.180971622467041
32.08598327636719 301.2410888671875 -2.180971622467041
29.79393768310547 297.962890625 -2.180971622467041
27.50189208984375 294.6846923828125 -2.180971622467041
25.20984649658203 291.406494140625 -2.180971622467041
25.20984649658203 291.406494140625 -1.780971646308899
24.375320434570312 287.4945068359375 -1.780971646308899
23.540794372558594 283.58251953125 -1.780971646308899
22.706268310546875 279.6705322265625 -1.780971646308899
21.871742248535156 275.758544921875 -1.780971646308899
21.037216186523438 271.8465576171875 -1.780971646308899
20.20269012451172 267.9345703125 -1.780971646308899
19.3681640625 264.0225830078125 -1.780971646308899
18.53363800048828 260.110595703125 -1.780971646308899
18.53363800048828 260.110595703125 -1.780971646308899
18.53363800048828 260.110595703125 -1.780971646308899
18.53363800048828 260.110595703125 -1.780971646308899
18.53363800048828 260.110595703125 -1.780971646308899
18.53363800048828 260.110595703125 -1.780971646308899
18.53363800048828 260.110595703125 -1.780971646308899
18.53363800048828 260.110595703125 -1.780971646308899
18.53363800048828 260.110595703125 -1.780971646308899
18.53363800048828 260.110595703125 -1.780971646308899
18.53363800048828 260.110595703125 -1.780971646308899
