-392.83861260070745
-395.6972973447963
-398.57562242630917
-401.47316538979356
-404.3895131339564
-407.324261745324
-410.2770163548833
-413.2473909909103
-416.23500842860443
-419.2395000371072
-422.2605056244355
-425.29767328082255
-428.3506592209188
-431.41912762526795
-434.50275048143925
-437.6012074251642
-434.95027662960445
-438.2127219793139
-435.4314444226092
-438.84277634164124
-435.94400036258014
-439.48844847212706
-436.4855231320484
-440.1468149031137
-443.81395349664075
-440.716198070716
-444.4824989250351
-441.3093004529794
-445.15758160396865
-441.923358283988
-445.8361644691406
-449.7505048062287
-446.46883984507133
-450.4295244589214
-447.1166951547838
-451.1059313143796
-447.7767751301741
-447.7767751301741
-451.4738387221827
-455.17602510745087
-458.8832102966989
-462.59527411042626
-466.3121000402057
-470.0335751156757
-470.0335751156757
-470.0335751156757
-471.59451237175944
-473.18411461081104
-474.80209392819904
-476.4481612252408
-478.12202640011196
-479.8233985339932
-481.55198607232296
-483.3074970010415
-485.08963901772876
-486.89811969755493
-488.7326466539803
-490.5929276941522
-492.47867096896755
-494.3895851177764
-496.3253794077219
-498.28576386771954
-500.2704494170928
-502.2791479888935
-504.3115726479447
-506.3674377036532
-508.44645881765035
-510.548353106324
-508.8916637890108
-507.4489218677323
-509.0621079565057
-507.8191753883307
-509.1891563812876
-508.15127836104557
-509.2722832609306
-508.44386925289183
-509.31119029289846
-508.69569345708345
-508.32139583371674
-508.64049278354116
-508.4835283031943
-508.5411611083394
-508.6302454135851
-508.66507133338456
-508.66507133338456
-508.66507133338456
-508.66507133338456
-508.66507133338456
-508.66507133338456
-505.11359124759974
-501.56886440830567
-498.03103501385067
-494.50025120040465
-490.97666485707
-487.46043206366227
-483.9517131055797
-480.4506726028914
-476.9574796435511
-473.4723079208526
-469.99533587524155
-466.52674684060287
-463.0667291951379
-459.6154765169497
-456.1731877444516
-452.7400673417132
-449.3163559861502
-445.9022391903118
-442.49793908856225
-439.1036839858422
-435.71970863374355
-432.34625441124496
-428.9835695275683
-425.631909230755
-422.2915360220281
-418.9627198759963
-421.6716121904159
-418.50040013152613
-415.3434981109404
-417.9024403914717
-414.91917512459304
-411.9531454734829
-409.00472640718846
-411.3830496366657
-408.6248278617144
-405.88728264296674
-403.17083516443864
-405.349331642143
-402.83867831973834
-400.35224574681564
-397.89048799274815
-395.4538658707982
-397.39256964419224
-395.17752743366714
-396.92717005324283
-398.50511550028557
-399.9064282178314
-401.1267563963056
-402.1623258319785
-403.00994054338867
-403.6670440541664
-404.12734600328974
-403.7110986814342
-403.9443173851796
-403.8009742127081
-403.8064462076543
-403.9366817698668
-404.10647085871597
-404.3157636436676
-404.5644988155511
-404.8526036759973
-405.17999424308994
-405.54657537287477
-405.9522408963195
-406.39687377126825
-406.88034624889053
-407.4025200540789
-407.963245272783
-408.5623643323021
-408.5623643323021
-408.5623643323021
-411.8345090692316
-415.11940451570075
-418.41675036299114
-421.72625457381946
-425.04763314607345
-428.3806098821196
-431.7249161637016
-435.08029073242824
-438.4464794758353
-441.8232352189895
-445.2103175215908
-448.6074924805175
-445.7198522819083
-449.251741638851
-446.2586282736064
-449.9089634105133
-446.8241139298285
-450.57621393050607
-447.41372477622923
-451.2504801982561
-455.0900468069685
-451.86223937111
-455.768384427751
-452.4924638389658
-456.44751337805104
-460.40333936911946
-464.3599219686701
-468.3172420000618
-472.27528092588307
-476.2340208216769
-480.19344435094405
-484.15353474135384
-488.1142757620941
-492.075651702299
-496.0376473504941
-500.0002479750048
-503.9634393052751
-507.9272075140486
-511.89153920036546
-515.8564213733328
-519.8218414366271
-523.7877871736918
-527.7542467335924
-524.4378020856471
-528.4299292279613
-525.0995577189955
-529.099513777857
-533.0994703442587
-529.7700537533839
-533.7600253744085
-537.7501458696244
-534.4362504718027
-531.1532695673342
-535.0699485913051
-531.8319427544741
-535.6860503466232
-532.6584853109952
-536.4127976798742
-536.4127976798742
-536.4127976798742
-536.4127976798742
-536.4127976798742
-536.4127976798742
-536.4127976798742
-532.716206089387
-529.0240290268509
-525.3363595710332
-521.653293317411
-517.9749284593486
-514.3013658722336
-510.6327092006881
-506.9690649489723
-503.31054257470856
-499.65725458605243
-496.0093166424461
-492.3668476590935
-495.4446203315249
-491.70072386357504
-487.96089197067255
-484.2252188290084
-480.4938014371504
-483.6397737239926
-479.8210962992527
-476.00539720331
-479.21499274869626
-475.3281058892197
-471.4431109143661
-474.7036316093187
-470.7639223098226
-466.82523883255374
-462.8876073634963
-466.1850215845002
-462.20933886720366
-458.23407922907654
-454.2592537773195
-457.5806483049
-453.58481770996536
-456.9163467705801
-452.91723029847157
-448.9181297740527
-452.2449431264248
-448.260494268178
-444.27632473960693
-440.2924421236045
-436.30885427946106
-432.3255693555469
-428.3425958026975
-424.3599423883477
-420.37761821146466
-416.39563271833146
-412.4139957192392
-408.432717406149
-404.45180837138946
-400.4712796274616
-396.49114262802823
-392.5114092901705
-388.5320920180024
-384.55320372774
-380.5747578743306
-376.59676847975675
-372.6192501631378
-368.6422181727645
-364.6656884202112
-360.6896775166853
-356.71420281178575
-352.7392824348582
-348.76493533915203
-344.79118134900233
-340.81804121027955
-336.84553664437414
-332.8736904060074
-328.90252634518635
-324.93206947365314
-320.9623460362124
-316.99338358735696
-313.02521107365544
-309.0578589224117
-305.0913591371567
-301.1257454005937
-297.16105318567963
-293.19731987559993
-289.23458489347513
-285.27288984272644
-288.5555181284766
-291.79474622560497
-294.9734357873359
-291.19495819280587
-287.42247579198266
-283.65622778397494
-279.89646583626995
-276.1434548769764
-272.39747394553734
-268.65881710672596
-264.9277944331611
-261.2047330620405
-257.4899783322895
-253.78389500886877
-250.08686860157346
-246.39930678629622
-242.72164093741725
-239.05432778072898
-235.3978511771049
-231.75272404798002
-228.11949045462654
-224.49872784418233
-220.89104947641624
-217.29710704629136
-213.71759351850463
-210.15324619132738
-206.60485000822965
-203.07324113691593
-199.5593108365016
-196.06400963457173
-192.58835183673477
-195.00619311686356
-191.78045778198344
-188.58439152065563
-185.4195285518164
-187.99255079898884
-185.00143073882313
-182.0490581404879
-184.44609084062282
-186.71022179086245
-184.1025317006558
-181.5455242736394
-179.04137102019718
-176.5923204377668
-174.20069657208498
-171.86889678649254
-169.59938863926996
-167.39470576701027
-165.25744267244195
-165.25744267244195
-165.25744267244195
-165.25744267244195
-165.25744267244195
-165.25744267244195
-165.25744267244195
-165.25744267244195
-165.25744267244195
-165.25744267244195
-165.25744267244195
