-391.8658097128947
-393.4817331800629
-394.8278667954017
-395.887866325223
-396.648931821421
-397.10198087555
-397.2415896645528
-397.06607180933906
-396.577542459719
-395.7818484524796
-394.688485512073
-393.3106777553308
-391.6651959240395
-389.14924128085744
-386.65829650728966
-384.19284806405824
-381.75338993442784
-379.3404235333791
-376.95445759897956
-374.5960080649548
-372.26559791345187
-372.26559791345187
-368.8682645259931
-365.48312902804673
-362.11053351014425
-358.7508316353098
-355.4043890615409
-352.07158387825547
-348.75280705685435
-345.4484629155022
-342.1589711593291
-338.88476279099183
-338.88476279099183
-334.97818043923786
-331.07382935319
-327.17178941423794
-323.2721443121422
-319.37498177151144
-315.480393794389
-311.5884769202786
-307.69933250506404
-303.8130670204158
-299.9297923754293
-296.04962626240774
-292.1726925288899
-292.1726925288899
-288.2179788484265
-284.26453276537745
-280.3124079132428
-276.3616609750304
-272.412351901654
-268.4645441492397
-264.5183049372635
-260.5737055296691
-256.6308215413687
-252.68973327281913
-248.7505260756943
-244.81329075304797
-240.8781239977879
-236.94512887376797
-233.01441534436205
-229.0861008540212
-225.1603109690476
-221.2371800846621
-217.3168522064125
-214.6102225846627
-210.82303752256456
-207.04385686667115
-203.27312706257135
-199.51132726978102
-195.75897229932218
-192.01661585916892
-188.28485414369428
-184.56432980779502
-180.85573637148636
-177.15982310650557
-173.47740046290713
-170.9770223056021
-167.54322249016315
-164.13506792523287
-160.75418973634206
-157.40234555841113
-154.0814301962622
-150.79348700542576
-147.5407205689398
-144.32550931683915
-141.1504196378624
-138.01822053316315
-134.93189891628163
-131.89467541179596
-128.9100204391767
-125.98167028616297
-123.11364277516356
-120.31025200483234
-117.57612150593557
-114.91619498620447
-113.23093129205445
-111.10497728107251
-109.08431635971553
-107.17490423780444
-106.05880191584745
-105.32425840804702
-104.9898700539167
-104.9898700539167
-104.9898700539167
-104.9898700539167
-105.60456914823071
-105.60456914823071
-105.60456914823071
-105.60456914823071
-105.60456914823071
-105.60456914823071
-105.60456914823071
-105.60456914823071
-105.60456914823071
-105.60456914823071
-105.60456914823071
