-390.9150703044359
-391.51445388743645
-391.76219980989043
-391.64349747307045
-391.16544241278405
-390.3566528967322
-389.265833115975
-387.9591286029406
-386.5164392848527
-385.02695776234214
-381.0580785038936
-377.0898569702291
-373.122314146406
-369.1554719159718
-365.18935310935825
-361.22398155542277
-357.25938213637784
-353.2955808463695
-349.33260485398995
-345.37048256903387
-343.335648622941
-341.4313381883304
-337.97277981857377
-336.2778644995824
-333.2902597794187
-330.32407182430376
-327.3798827672001
-324.45829147375184
-323.5129563088204
-322.8878782907611
-322.624102215811
-322.73895556710323
-323.22491378978253
-324.0500119209968
-325.1603243468383
-326.99031529173783
-328.9808175535112
-331.05759378583156
-333.144610792372
-335.1669357366028
-337.05319280088503
-338.2251284132323
-339.136056084751
-339.73134373920925
-339.9754672192261
-340.16483137337605
-340.06077152081224
-339.31602182944596
-338.61688819564114
-337.9636537125625
-337.3565850607928
-336.79593191660643
-336.28192643350803
-335.8147828113701
-335.4689484475568
-334.090272131438
-332.75396993466006
-331.46055435868175
-330.21052935713936
-329.5823526396203
-327.4797567659228
-325.4127456176093
-323.3820015527083
-321.3882120504776
-320.498825537736
-317.74656354500326
-315.02104692420585
-312.32297586434447
-310.7811814173392
-307.60457069814527
-304.44737009466627
-302.68806070824013
-299.1427967255793
-297.2083196301054
-293.3854858071155
-291.33774386106177
-287.36302943129124
-283.38902670630114
-279.41576605284854
-275.4432795840112
-271.4716012860854
-267.5007671566699
-263.53081535509756
-259.5617863665184
-258.0723011458653
-254.10408439024712
-250.1368802318084
-246.17073762657262
-242.20570872366375
-238.24184912870834
-234.27921819361782
-230.31787933586907
-226.3579003908273
-222.3993540011482
-218.4423180478658
-214.48687612843463
-210.53311808776442
-206.5811406091835
-202.6310478733171
-201.20209288175235
-197.54399810203367
-193.8994074874147
-190.2690970533574
-186.65390002548733
-183.0547118422373
-179.4724956428134
-175.9082882884433
-172.3632069688183
-168.8384564495795
-165.33533702047075
-161.8552532071912
-158.39972331273356
-154.97038985571515
-151.56903097337985
-148.19757285489413
-144.85810326539956
-141.55288621187455
-138.28437778675465
-135.05524320263578
-131.86837499897976
-128.72691235679986
-125.63426139654005
-122.5941162539553
-119.61048062447414
-116.68768933371818
-113.83042932609098
-111.04375926083054
-109.76870032724617
-108.86133936985432
-108.36373905193446
-108.35875774144587
-108.74287120909615
-109.48816368720757
-110.54137675262506
-111.82906150562945
-115.5269680870276
-119.24437846788764
-122.97952398535723
-122.97952398535723
-122.97952398535723
-122.97952398535723
-122.97952398535723
-122.97952398535723
-122.97952398535723
-122.97952398535723
-122.97952398535723
-122.97952398535723
-122.97952398535723
