61.176612854003906 450.9132995605469 0.5347363948822021
62.54299545288086 451.5061950683594 0.2840745747089386
64.01374053955078 451.74163818359375 0.03341275453567505
65.4969253540039 451.60491943359375 -0.2172490656375885
66.89984893798828 451.1045837402344 -0.46791088581085205
68.13481903076172 450.2718811035156 -0.718572735786438
69.12464904785156 449.15887451171875 -0.9692345857620239
69.8074722290039 447.83514404296875 -1.2198964357376099
70.14060974121094 446.3833923339844 -1.4705582857131958
70.10324096679688 444.8943786621094 -1.7212201356887817
69.50381469726562 440.9395446777344 -1.7212201356887817
68.90438842773438 436.9847106933594 -1.7212201356887817
68.30496215820312 433.0298767089844 -1.7212201356887817
67.70553588867188 429.0750427246094 -1.7212201356887817
67.10610961914062 425.1202087402344 -1.7212201356887817
66.50668334960938 421.1653747558594 -1.7212201356887817
65.90725708007812 417.2105407714844 -1.7212201356887817
65.30783081054688 413.2557067871094 -1.7212201356887817
64.70840454101562 409.3008728027344 -1.7212201356887817
64.10897827148438 405.3460388183594 -1.7212201356887817
63.600189208984375 403.3167724609375 -1.9116947650909424
62.716407775878906 401.4205322265625 -2.1021692752838135
60.689537048339844 397.9720764160156 -2.1021692752838135
59.462730407714844 396.2774353027344 -2.2926437854766846
56.81964111328125 393.27508544921875 -2.2926437854766846
54.176551818847656 390.2727355957031 -2.2926437854766846
51.53346252441406 387.2703857421875 -2.2926437854766846
48.89037322998047 384.2680358886719 -2.2926437854766846
47.774139404296875 383.2818603515625 -2.5433056354522705
46.44816970825195 382.6033630371094 -2.7939674854278564
44.99534606933594 382.2749938964844 -3.0446293354034424
43.5064697265625 382.3172302246094 2.987894058227539
42.07460403442383 382.72747802734375 2.737232208251953
40.789241790771484 383.4800720214844 2.486570358276367
39.7307243347168 384.5279541015625 2.2359085083007812
38.601985931396484 386.2894287109375 2.0454342365264893
37.827152252197266 388.2327575683594 1.8549599647521973
37.43424987792969 390.2876281738281 1.6644853353500366
37.4374885559082 392.37969970703125 1.474010705947876
37.836753845214844 394.433349609375 1.2835360765457153
38.61760330200195 396.374267578125 1.0930614471435547
39.4623908996582 397.60101318359375 0.8423995971679688
40.585060119628906 398.5798645019531 0.5917377471923828
41.915443420410156 399.2496643066406 0.34107592701911926
43.37038803100586 399.5685119628906 0.09041410684585571
47.35404968261719 399.9296875 0.09041410684585571
48.84261703491211 399.877685546875 -0.16024771332740784
52.79136657714844 399.23944091796875 -0.16024771332740784
56.740116119384766 398.6011962890625 -0.16024771332740784
60.688865661621094 397.96295166015625 -0.16024771332740784
64.63761901855469 397.32470703125 -0.16024771332740784
68.58637237548828 396.68646240234375 -0.16024771332740784
72.53512573242188 396.0482177734375 -0.16024771332740784
76.48387908935547 395.40997314453125 -0.16024771332740784
77.91302490234375 394.9903564453125 -0.4109095335006714
81.5800552368164 393.392578125 -0.4109095335006714
85.24708557128906 391.7947998046875 -0.4109095335006714
88.91411590576172 390.197021484375 -0.4109095335006714
92.58114624023438 388.5992431640625 -0.4109095335006714
93.8615493774414 387.8382568359375 -0.6615713834762573
97.01766204833984 385.3808288574219 -0.6615713834762573
100.17377471923828 382.92340087890625 -0.6615713834762573
103.32988739013672 380.4659729003906 -0.6615713834762573
106.48600006103516 378.008544921875 -0.6615713834762573
107.53763580322266 376.9537353515625 -0.9122332334518433
109.98555755615234 373.7902526855469 -0.9122332334518433
112.43347930908203 370.62677001953125 -0.9122332334518433
114.88140106201172 367.4632873535156 -0.9122332334518433
115.99858093261719 365.6944580078125 -1.1027073860168457
117.80330657958984 362.1247253417969 -1.1027073860168457
119.6080322265625 358.55499267578125 -1.1027073860168457
120.37012481689453 356.6066589355469 -1.2931820154190063
121.46636962890625 352.7597961425781 -1.2931820154190063
121.84580993652344 350.702392578125 -1.483656644821167
122.19392395019531 346.7175598144531 -1.483656644821167
122.17698669433594 344.62554931640625 -1.6741312742233276
121.7643814086914 340.6468811035156 -1.6741312742233276
121.35177612304688 336.668212890625 -1.6741312742233276
120.93917083740234 332.6895446777344 -1.6741312742233276
120.52656555175781 328.71087646484375 -1.6741312742233276
120.11396026611328 324.7322082519531 -1.6741312742233276
119.70135498046875 320.7535400390625 -1.6741312742233276
119.28874969482422 316.7748718261719 -1.6741312742233276
118.87614440917969 312.79620361328125 -1.6741312742233276
118.53851318359375 311.3454895019531 -1.9247931241989136
117.15191650390625 307.593505859375 -1.9247931241989136
115.76531982421875 303.8415222167969 -1.9247931241989136
114.37872314453125 300.08953857421875 -1.9247931241989136
112.99212646484375 296.3375549316406 -1.9247931241989136
111.60552978515625 292.5855712890625 -1.9247931241989136
110.21893310546875 288.8335876464844 -1.9247931241989136
108.83233642578125 285.08160400390625 -1.9247931241989136
107.44573974609375 281.3296203613281 -1.9247931241989136
106.05914306640625 277.57763671875 -1.9247931241989136
104.67254638671875 273.8256530761719 -1.9247931241989136
103.28594970703125 270.07366943359375 -1.9247931241989136
101.89935302734375 266.3216857910156 -1.9247931241989136
100.51275634765625 262.5697021484375 -1.9247931241989136
99.12615966796875 258.8177185058594 -1.9247931241989136
98.43923950195312 257.49609375 -2.17545485496521
96.16531372070312 254.20530700683594 -2.17545485496521
93.89138793945312 250.91452026367188 -2.17545485496521
91.61746215820312 247.6237335205078 -2.17545485496521
89.34353637695312 244.33294677734375 -2.17545485496521
87.06961059570312 241.0421600341797 -2.17545485496521
84.79568481445312 237.75137329101562 -2.17545485496521
82.52175903320312 234.46058654785156 -2.17545485496521
80.24783325195312 231.1697998046875 -2.17545485496521
77.97390747070312 227.87901306152344 -2.17545485496521
75.69998168945312 224.58822631835938 -2.17545485496521
73.42605590820312 221.2974395751953 -2.17545485496521
71.15213012695312 218.00665283203125 -2.17545485496521
68.87820434570312 214.7158660888672 -2.17545485496521
66.60427856445312 211.42507934570312 -2.17545485496521
64.33035278320312 208.13429260253906 -2.17545485496521
62.056427001953125 204.843505859375 -2.17545485496521
59.782501220703125 201.55271911621094 -2.17545485496521
57.508575439453125 198.26193237304688 -2.17545485496521
55.234649658203125 194.9711456298828 -2.17545485496521
52.960723876953125 191.68035888671875 -2.17545485496521
50.686798095703125 188.3895721435547 -2.17545485496521
48.412872314453125 185.09878540039062 -2.17545485496521
46.138946533203125 181.80799865722656 -2.17545485496521
43.865020751953125 178.5172119140625 -2.17545485496521
41.591094970703125 175.22642517089844 -2.17545485496521
39.317169189453125 171.93563842773438 -2.17545485496521
37.043243408203125 168.6448516845703 -2.17545485496521
35.69535827636719 167.04415893554688 -2.365877628326416
34.069236755371094 165.72789001464844 -2.556352138519287
32.22332000732422 164.7432861328125 -2.746826648712158
30.787582397460938 164.3468017578125 -2.997488498687744
29.298370361328125 164.31884765625 3.0350348949432373
27.84876251220703 164.66114807128906 2.7843730449676514
26.52936363220215 165.35232543945312 2.5337111949920654
25.42264175415039 166.3491668701172 2.2830493450164795
22.80847930908203 169.37673950195312 2.2830493450164795
20.194316864013672 172.40431213378906 2.2830493450164795
17.580154418945312 175.431884765625 2.2830493450164795
17.580154418945312 175.431884765625 2.2830493450164795
17.580154418945312 175.431884765625 2.2830493450164795
17.580154418945312 175.431884765625 2.2830493450164795
17.580154418945312 175.431884765625 2.2830493450164795
17.580154418945312 175.431884765625 2.2830493450164795
17.580154418945312 175.431884765625 2.2830493450164795
17.580154418945312 175.431884765625 2.2830493450164795
17.580154418945312 175.431884765625 2.2830493450164795
17.580154418945312 175.431884765625 2.2830493450164795
17.580154418945312 175.431884765625 2.2830493450164795
