-390.99000116970063
-391.6584605645482
-391.9688847992763
-391.9043895984674
-391.4684917960314
-390.68492004703216
-389.59652374916567
-388.26323533084485
-386.7591821403546
-385.16880386881206
-383.8025384025854
-379.95168399707063
-376.1039431357726
-372.2594123651786
-368.41819217946414
-364.58038721964454
-360.7461064845915
-356.9154635547239
-353.08857682924196
-349.26556977784185
-345.4465712079169
-341.63171554833315
-337.8211431509474
-334.0150006111305
-330.21344110865476
-326.4166247704143
-322.6247190565607
-318.83789917176557
-315.05634850345433
-311.2802590890082
-307.5098321140887
-303.7452784444144
-299.9868191935098
-296.2346863291488
-292.48912332143857
-288.75038583573036
-285.01874247380204
-281.29447556704116
-277.57788202565933
-273.86927424829884
-270.16898109674594
-266.47734894084846
-262.794742779144
-259.12154764751295
-255.4581693141181
-251.80503623754504
-248.16260087099053
-244.53134126060442
-240.91176276296318
-237.30439989093912
-233.70981829788775
-230.12861691075514
-226.56143022340527
-223.00893076216747
-219.4718317363026
-215.95088988675892
-212.44690854721955
-212.44690854721955
-212.44690854721955
-212.44690854721955
-212.44690854721955
-212.44690854721955
-212.44690854721955
-212.44690854721955
-212.44690854721955
-212.44690854721955
-212.44690854721955
