61.25840377807617 450.98797607421875 0.5457708835601807
62.715335845947266 451.6490478515625 0.306143581867218
64.28753662109375 451.9454345703125 0.06651626527309418
65.8851547241211 451.8601989746094 -0.17311105132102966
67.41690063476562 451.3982238769531 -0.4127383828163147
68.79522705078125 450.5859069824219 -0.6523656845092773
69.94137573242188 449.46966552734375 -0.89199298620224
70.78984832763672 448.11328125 -1.1316202878952026
71.29215240478516 446.59429931640625 -1.37124764919281
71.41958618164062 444.9994812011719 -1.6108750104904175
71.1849136352539 443.6395263671875 -1.8724768161773682
69.99641418457031 439.8201599121094 -1.8724768161773682
68.80791473388672 436.00079345703125 -1.8724768161773682
67.61941528320312 432.1814270019531 -1.8724768161773682
66.43091583251953 428.362060546875 -1.8724768161773682
65.24241638183594 424.5426940917969 -1.8724768161773682
64.05391693115234 420.72332763671875 -1.8724768161773682
62.86541748046875 416.9039611816406 -1.8724768161773682
61.676918029785156 413.0845947265625 -1.8724768161773682
60.48841857910156 409.2652282714844 -1.8724768161773682
59.29991912841797 405.44586181640625 -1.8724768161773682
58.111419677734375 401.6264953613281 -1.8724768161773682
56.92292022705078 397.80712890625 -1.8724768161773682
55.73442077636719 393.9877624511719 -1.8724768161773682
54.545921325683594 390.16839599609375 -1.8724768161773682
53.357421875 386.3490295410156 -1.8724768161773682
52.168922424316406 382.5296630859375 -1.8724768161773682
50.98042297363281 378.7102966308594 -1.8724768161773682
49.79192352294922 374.89093017578125 -1.8724768161773682
48.603424072265625 371.0715637207031 -1.8724768161773682
47.41492462158203 367.252197265625 -1.8724768161773682
46.22642517089844 363.4328308105469 -1.8724768161773682
45.037925720214844 359.61346435546875 -1.8724768161773682
43.84942626953125 355.7940979003906 -1.8724768161773682
42.660926818847656 351.9747314453125 -1.8724768161773682
41.47242736816406 348.1553649902344 -1.8724768161773682
40.28392791748047 344.33599853515625 -1.8724768161773682
39.095428466796875 340.5166320800781 -1.8724768161773682
37.90692901611328 336.697265625 -1.8724768161773682
36.71842956542969 332.8778991699219 -1.8724768161773682
35.529930114746094 329.05853271484375 -1.8724768161773682
34.3414306640625 325.2391662597656 -1.8724768161773682
33.152931213378906 321.4197998046875 -1.8724768161773682
31.96442985534668 317.6004333496094 -1.8724768161773682
30.775928497314453 313.78106689453125 -1.8724768161773682
29.587427139282227 309.9617004394531 -1.8724768161773682
28.39892578125 306.142333984375 -1.8724768161773682
27.210424423217773 302.3229675292969 -1.8724768161773682
26.021923065185547 298.50360107421875 -1.8724768161773682
24.83342170715332 294.6842346191406 -1.8724768161773682
23.644920349121094 290.8648681640625 -1.8724768161773682
22.456418991088867 287.0455017089844 -1.8724768161773682
21.26791763305664 283.22613525390625 -1.8724768161773682
20.079416275024414 279.4067687988281 -1.8724768161773682
18.890914916992188 275.58740234375 -1.8724768161773682
17.70241355895996 271.7680358886719 -1.8724768161773682
16.513912200927734 267.94866943359375 -1.8724768161773682
16.513912200927734 267.94866943359375 -1.8724768161773682
16.513912200927734 267.94866943359375 -1.8724768161773682
16.513912200927734 267.94866943359375 -1.8724768161773682
16.513912200927734 267.94866943359375 -1.8724768161773682
16.513912200927734 267.94866943359375 -1.8724768161773682
16.513912200927734 267.94866943359375 -1.8724768161773682
16.513912200927734 267.94866943359375 -1.8724768161773682
16.513912200927734 267.94866943359375 -1.8724768161773682
16.513912200927734 267.94866943359375 -1.8724768161773682
16.513912200927734 267.94866943359375 -1.8724768161773682
