-392.83861260070745
-395.6972973447963
-398.57562242630917
-401.47316538979356
-404.3895131339564
-407.324261745324
-410.2770163548833
-413.2473909909103
-416.23500842860443
-419.2395000371072
-422.2605056244355
-425.29767328082255
-428.3506592209188
-431.41912762526795
-434.50275048143925
-437.6012074251642
-440.7141855817944
-443.8413794083695
-446.9824905365546
-450.1372276166848
-453.3053061631269
-456.4864484011485
-459.6803831154639
-462.8868455006061
-466.1055758558366
-469.33632403122084
-472.57884245426635
-475.8328905033011
-475.8328905033011
-477.9446785944005
-480.0805056191354
-482.24005217441885
-482.24005217441885
-482.9478005135024
-483.6875935027769
-484.4592843410267
-485.2627208512584
-486.097745622984
-486.9641961577489
-487.86190501761075
-487.86190501761075
-487.202494993443
-486.5750753839946
-485.9797700920532
-485.4166972706957
-484.88596920960316
-484.387692226137
-483.92196656141783
-483.4888862816371
-483.08853918482293
-482.7210067132724
-482.3863638718499
-482.0846791523403
-482.0846791523403
-480.2815319778424
-478.5050283242187
-476.75546603174797
-475.0331427782137
-473.3383559055341
-471.6714022409787
-470.0325779130612
-468.42217816221563
-466.84049714638167
-465.28782774164296
-463.7644613380833
-462.2706876310438
-460.8067944079854
-459.37306733118163
-457.96978971648673
-456.5972423084458
-455.25570305203405
-453.94544686133355
-452.6667453854762
-451.4198667722024
-450.2050754294049
-449.02263178504614
-447.87279204585735
-446.75580795524553
-445.6719265508502
-444.6213899222105
-444.6213899222105
-445.1916031540367
-445.1916031540367
-447.28681466904027
-449.4078611047273
-451.554378404982
-453.7260050721447
-455.92238230731823
-458.1431541416584
-460.38796755887165
-462.6564726091534
-462.6564726091534
-466.0414243977086
-469.43605214685033
-472.8401474588108
-476.253507321042
-479.67593395478167
-483.1072346676922
-483.1072346676922
-487.0697137119977
-491.03280125847726
-494.9964826915886
-498.96074385804957
-502.92557104878773
-506.89095098172487
-510.8568707853528
-514.8233179830581
-518.7902804781565
-522.7577465396001
-526.7257047883219
-530.6941441841855
-534.6630540135093
-538.632423877135
-542.6022436790134
-546.5725036152829
-550.5431941638135
-554.5143060741964
-558.4858303581549
-562.4577582803576
-566.4300813496133
-570.4027913104308
-574.3758801349247
-578.3493161047166
-582.3231394597611
-586.297318884189
-590.2718471859739
-594.2467173648769
-598.2219226061171
-598.2219226061171
-601.7140650338843
-605.2124946047612
-608.7171029180214
-612.2277838657556
-615.7444335781802
-619.2669503702971
-622.7952346898749
-626.3291890667231
-629.8687180632294
-633.4137282261313
-636.9641280394941
-640.5198278788667
-644.080739966588
-647.6467783282152
-647.6467783282152
-650.2371136047856
-652.8416793735553
-655.4603059938254
-658.0928256164087
-658.0928256164087
-659.3643669520375
-660.6576797260543
-661.9726363322332
-663.3091290317495
-664.6670073086699
-664.6670073086699
-664.4758553217891
-664.3087337514027
-664.1656607375675
-664.0466518245206
-664.0466518245206
-662.4010172044316
-660.7754982199373
-659.1702436869994
-657.5854020104014
-656.0211002151898
-656.0211002151898
-653.1604430116271
-650.3118056583033
-647.4753468031057
-644.6512272018585
-641.839609734195
-639.0406594188248
-639.0406594188248
-635.3551946598968
-631.6735567696849
-627.9958130534734
-624.3220323304326
-620.6522849741153
-620.6522849741153
-616.6525009166535
-612.6527197521089
-608.6529415375142
-604.6531663314111
-600.6533941939007
-596.6536251866955
-592.653859373174
-588.6540968184371
-584.6543375893673
-580.6545817546897
-576.6548293850364
-572.6550805530123
-568.6553353332654
-564.6555938025585
-560.6558560398448
-556.6561221263469
-552.6563921456383
-548.6566661837295
-544.6569443291578
-540.6572266730799
-536.6575133093701
-532.6578043347222
-528.6580998487564
-524.6583999541301
-520.6587047566554
-516.659014365421
-512.6593288929191
-508.6596484551808
-504.6599731719149
-504.6599731719149
-500.9582088934421
-497.26106392134807
-493.568642060326
-489.8810501101009
-486.19839796866245
-482.52079873952613
-478.84836884319077
-475.18122813296867
-471.51950001537165
-467.86331157524364
-464.2127937058378
-460.5680812440454
-456.92931311099125
-453.2966324582179
-449.67018681969216
-446.0501282698737
-442.4366135880963
-438.82980442952123
-435.22986750293114
-431.63697475564334
-428.0513035658302
-424.47303694254475
-420.9023637337584
-417.3394788427294
-413.78458345302647
-410.2378852625462
-406.69959872686763
-403.1699453122988
-399.64915375897726
-396.1374603543939
-392.63510921771774
-389.1423525953029
-385.6594511677662
-382.1866743690261
-378.7243007176951
-378.7243007176951
-374.7569050560817
-370.7902101054433
-366.8242385974303
-362.8590142532634
-358.894561837924
-354.93090721792714
-350.968077422956
-347.0061007116606
-343.045006641951
-339.08482614614456
-335.1255916113628
-331.16733696560505
-327.21009776997283
-323.253911317558
-319.2988167395614
-315.3448551192619
-311.39206961451737
-307.44050558954734
-303.4902107568223
-299.5412353299696
-295.59363218869913
-291.64745705685755
-287.7027686948373
-283.75962910769823
-279.8181037705061
-275.8782618725602
-271.9401765823652
-271.9401765823652
-268.0402711694853
-264.14335907348726
-260.2495747579426
-256.3590607445062
-252.47195638813687
-248.58843409266072
-244.70866439987145
-240.8328286709199
-236.96111994258547
-233.09374386454917
-233.09374386454917
-229.94787054578637
-226.82890694975134
-223.73797846414848
-220.6762631235089
-217.64499379681604
-214.64546038340436
-211.67901200005326
-211.67901200005326
-210.04611262928933
-208.47718011590604
-206.97366913820267
-205.53701538415618
-204.16863020202183
-204.16863020202183
-204.44764850060025
-204.80442452664175
-205.2385527705788
-205.74954359716884
-206.33682595924014
-206.99975051393923
-207.73759310279223
-208.5495585534966
-208.5495585534966
-210.87885908660422
-213.25775002673308
-215.68459050949465
-218.1577803334535
-220.67576114466544
-223.2370173011695
-225.84007644847935
-228.48350983599337
-231.16593240285448
-233.88600266021658
-233.88600266021658
-237.54920200848537
-241.2231010856877
-244.9072183663805
-248.60109956827313
-252.3043158433586
-256.0164621032219
-259.7371554678884
-263.46603382843097
-267.2027545143429
-270.946993057415
-274.6984420445298
-278.45681005240885
-282.2218206579163
-285.99321151805196
-289.7707335142452
-293.5541499560048
-297.3432358393844
-301.1377771560941
-304.93757024942886
-308.74242121349585
-312.5521453325067
-316.3665665571624
-320.1855170153967
-324.00883655496295
-327.83637231554843
-331.6679783282845
-335.5035151406887
-339.34284946522683
-343.1858538498276
-347.03240636880764
-350.88239033278603
-354.73569401627515
-358.592210401734
-362.4518369389635
-366.3144753188042
-370.1800312601789
-374.04841430958857
-377.9195376522396
-381.7933179340386
-385.669675093746
-389.5485322046325
-393.4298153250285
-397.3134533571986
-401.1993779140167
-405.08752319295087
-408.97782585690317
-412.8702249214802
-416.7646616483004
-420.66107944396913
-424.5594237643803
-428.45964202402354
-432.3616835099989
-436.26549930046144
-440.17104218723404
-444.0782666023468
-447.9871285482748
-451.89758553166274
-455.8095965003356
-459.72312178341156
-463.6381230343407
-467.55456317670763
-471.4724063526429
-471.4724063526429
-471.4724063526429
-473.6383063625768
-475.8279736054592
-478.0410814839598
-478.0410814839598
-478.81177509288483
-479.6145913521514
-480.44936815503854
-481.3159404037173
-482.21413668235414
-483.1437806174844
-484.10469103888886
-485.09668214265764
-486.1195636561293
-487.1731410043978
-488.2572154780824
-488.2572154780824
-487.78815717582376
-487.78815717582376
-485.8358531912456
-483.9087375438362
-482.0071123506349
-480.1312804869625
-480.1312804869625
-477.04379808377035
-473.9699610795876
-470.9100366830595
-467.8642978678251
-464.83302347974734
-464.83302347974734
-461.02982913691517
-457.2299930240103
-453.4335996205592
-449.6407056112272
-445.85143160033925
-442.065870676969
-438.28411905350436
-434.5062761933722
-430.7324449448413
-426.9627316812269
-423.1972464478414
-419.43610311605227
-415.6794195448329
-411.9273177502116
-408.1799240830487
-404.4373694155969
-400.6997893373262
-396.9673243605223
-393.2401201361983
-389.5183276808887
-385.80210361493073
-382.0916104128698
-382.0916104128698
-378.09207508201047
-374.09254980274363
-370.09303490094607
-366.0935307167346
-362.0940376052521
-358.0945559375063
-354.09508610126613
-350.09562850201866
-346.0961835639928
-342.09675173125464
-338.09733346888066
-334.09792926421505
-330.09853962821853
-326.0991650969162
-322.0998062329534
-318.1004636272693
-314.101137900897
-310.1018297069047
-306.10253973248746
-302.103268701226
-298.1040173755268
-294.1047865592614
-290.1055771006242
-286.10638989522914
-282.1072258894703
-278.1080860841726
-274.108971538561
-270.109883374583
-266.11082278162075
-262.11179102163385
-258.1127894347804
-254.11381944556862
-250.1148825695983
-246.11598042095926
-242.1171147203625
-238.11828730409076
-234.11950013386536
-230.1207553077418
-226.1220550721608
-222.12340183530014
-218.1247981818946
-214.12624688971553
-210.12775094793102
-206.12931357760152
-202.13093825460706
-198.13262873534862
-194.1343890856238
-190.13622371314304
-186.1381374042341
-182.14013536537692
-178.14222327032763
-174.14440731372866
-170.14669427227068
-166.149091574677
-162.15160738203122
-158.15425068027585
-154.15703138708858
-150.15996047581135
-146.16305011969266
-142.1663138604342
-138.16976680595621
-134.17342586346336
-130.17731001538408
-126.18144064767084
-122.18584194242423
-118.19054135003198
-114.19557016025315
-110.20096419729785
-106.20676467146565
-102.213019230053
-98.21978326408295
-94.22712154651023
-90.23511030422324
-86.24383986388246
-82.25341806573029
-78.26397471826837
-74.27566748326693
-70.28868975621229
-66.30328900572493
-62.31975868647347
-58.33848195604563
-54.35995396947474
-50.384825876675805
-46.41397123835067
-42.44858935274437
-38.490371710252134
-34.541781297159666
-30.606544404754622
-26.690568185252253
-22.803778112450885
-18.964126580027962
-15.207362102505746
-11.61419785099724
-8.397338016268357
-6.175833985126867
-6.175833985126867
-7.563842339453763
-10.405889617690317
-13.833054934112468
-17.504979896017243
-21.29542851846233
-21.29542851846233
-25.27639331730478
-29.26254959414012
-33.25203038372544
-37.2437673551315
-41.23710662458647
-45.231622838589196
-49.227029489273185
-53.223126044452485
-57.21976796029583
-61.216848422611854
-61.216848422611854
-61.216848422611854
-61.216848422611854
-61.216848422611854
-61.216848422611854
-61.216848422611854
-61.216848422611854
-61.216848422611854
-61.216848422611854
-61.216848422611854
