62.828426361083984 452.82843017578125 0.7853981852531433
65.65685272216797 455.6568603515625 0.7853981852531433
68.48528289794922 458.48529052734375 0.7853981852531433
71.31371307373047 461.313720703125 0.7853981852531433
74.14214324951172 464.14215087890625 0.7853981852531433
76.97057342529297 466.9705810546875 0.7853981852531433
79.79900360107422 469.79901123046875 0.7853981852531433
82.62743377685547 472.62744140625 0.7853981852531433
85.45586395263672 475.45587158203125 0.7853981852531433
88.28429412841797 478.2843017578125 0.7853981852531433
91.11272430419922 481.11273193359375 0.7853981852531433
93.94115447998047 483.941162109375 0.7853981852531433
96.76958465576172 486.76959228515625 0.7853981852531433
99.59801483154297 489.5980224609375 0.7853981852531433
102.42644500732422 492.42645263671875 0.7853981852531433
105.25487518310547 495.2548828125 0.7853981852531433
108.08330535888672 498.08331298828125 0.7853981852531433
110.91173553466797 500.9117431640625 0.7853981852531433
113.74016571044922 503.74017333984375 0.7853981852531433
116.56859588623047 506.568603515625 0.7853981852531433
119.39702606201172 509.39703369140625 0.7853981852531433
122.22545623779297 512.2254638671875 0.7853981852531433
125.05388641357422 515.0538940429688 0.7853981852531433
127.88231658935547 517.88232421875 0.7853981852531433
130.7107391357422 520.7107543945312 0.7853981852531433
133.53916931152344 523.5391845703125 0.7853981852531433
136.3675994873047 526.3676147460938 0.7853981852531433
136.3675994873047 526.3676147460938 0.38539817929267883
140.07418823242188 527.871337890625 0.38539817929267883
143.78077697753906 529.3750610351562 0.38539817929267883
147.48736572265625 530.8787841796875 0.38539817929267883
147.48736572265625 530.8787841796875 -0.014601826667785645
151.4869384765625 530.8203735351562 -0.014601826667785645
155.48651123046875 530.761962890625 -0.014601826667785645
159.486083984375 530.7035522460938 -0.014601826667785645
163.48565673828125 530.6451416015625 -0.014601826667785645
167.4852294921875 530.5867309570312 -0.014601826667785645
171.48480224609375 530.5283203125 -0.014601826667785645
175.484375 530.4699096679688 -0.014601826667785645
175.484375 530.4699096679688 -0.4146018326282501
179.14547729492188 528.8585815429688 -0.4146018326282501
182.80657958984375 527.2472534179688 -0.4146018326282501
186.46768188476562 525.6359252929688 -0.4146018326282501
190.1287841796875 524.0245971679688 -0.4146018326282501
193.78988647460938 522.4132690429688 -0.4146018326282501
197.45098876953125 520.8019409179688 -0.4146018326282501
201.11209106445312 519.1906127929688 -0.4146018326282501
204.773193359375 517.5792846679688 -0.4146018326282501
204.773193359375 517.5792846679688 -0.8146018385887146
207.517822265625 514.6694946289062 -0.8146018385887146
210.262451171875 511.7596740722656 -0.8146018385887146
213.007080078125 508.849853515625 -0.8146018385887146
215.751708984375 505.9400329589844 -0.8146018385887146
218.496337890625 503.03021240234375 -0.8146018385887146
221.240966796875 500.1203918457031 -0.8146018385887146
223.985595703125 497.2105712890625 -0.8146018385887146
226.730224609375 494.3007507324219 -0.8146018385887146
229.474853515625 491.39093017578125 -0.8146018385887146
232.219482421875 488.4811096191406 -0.8146018385887146
234.964111328125 485.5712890625 -0.8146018385887146
237.708740234375 482.6614685058594 -0.8146018385887146
240.453369140625 479.75164794921875 -0.8146018385887146
243.197998046875 476.8418273925781 -0.8146018385887146
245.942626953125 473.9320068359375 -0.8146018385887146
248.687255859375 471.0221862792969 -0.8146018385887146
251.431884765625 468.11236572265625 -0.8146018385887146
254.176513671875 465.2025451660156 -0.8146018385887146
256.921142578125 462.292724609375 -0.8146018385887146
259.665771484375 459.3829040527344 -0.8146018385887146
262.410400390625 456.47308349609375 -0.8146018385887146
265.155029296875 453.5632629394531 -0.8146018385887146
267.899658203125 450.6534423828125 -0.8146018385887146
270.644287109375 447.7436218261719 -0.8146018385887146
273.388916015625 444.83380126953125 -0.8146018385887146
276.133544921875 441.9239807128906 -0.8146018385887146
278.878173828125 439.01416015625 -0.8146018385887146
281.622802734375 436.1043395996094 -0.8146018385887146
284.367431640625 433.19451904296875 -0.8146018385887146
287.112060546875 430.2846984863281 -0.8146018385887146
289.856689453125 427.3748779296875 -0.8146018385887146
292.601318359375 424.4650573730469 -0.8146018385887146
292.601318359375 424.4650573730469 -0.4146018326282501
292.601318359375 424.4650573730469 -0.014601826667785645
296.60089111328125 424.4066467285156 -0.014601826667785645
300.6004638671875 424.3482360839844 -0.014601826667785645
304.60003662109375 424.2898254394531 -0.014601826667785645
308.599609375 424.2314147949219 -0.014601826667785645
308.599609375 424.2314147949219 0.38539817929267883
312.30621337890625 425.7351379394531 0.38539817929267883
312.30621337890625 425.7351379394531 0.7853981852531433
315.1346435546875 428.5635681152344 0.7853981852531433
317.96307373046875 431.3919982910156 0.7853981852531433
317.96307373046875 431.3919982910156 0.38539817929267883
321.669677734375 432.8957214355469 0.38539817929267883
325.37628173828125 434.3994445800781 0.38539817929267883
329.0828857421875 435.9031677246094 0.38539817929267883
332.78948974609375 437.4068908691406 0.38539817929267883
336.49609375 438.9106140136719 0.38539817929267883
340.20269775390625 440.4143371582031 0.38539817929267883
340.20269775390625 440.4143371582031 0.7853981852531433
343.0311279296875 443.2427673339844 0.7853981852531433
345.85955810546875 446.0711975097656 0.7853981852531433
348.68798828125 448.8996276855469 0.7853981852531433
351.51641845703125 451.7280578613281 0.7853981852531433
354.3448486328125 454.5564880371094 0.7853981852531433
357.17327880859375 457.3849182128906 0.7853981852531433
360.001708984375 460.2133483886719 0.7853981852531433
362.83013916015625 463.0417785644531 0.7853981852531433
365.6585693359375 465.8702087402344 0.7853981852531433
368.48699951171875 468.6986389160156 0.7853981852531433
371.3154296875 471.5270690917969 0.7853981852531433
374.14385986328125 474.3554992675781 0.7853981852531433
376.9722900390625 477.1839294433594 0.7853981852531433
379.80072021484375 480.0123596191406 0.7853981852531433
382.629150390625 482.8407897949219 0.7853981852531433
385.45758056640625 485.6692199707031 0.7853981852531433
388.2860107421875 488.4976501464844 0.7853981852531433
391.11444091796875 491.3260803222656 0.7853981852531433
393.94287109375 494.1545104980469 0.7853981852531433
396.77130126953125 496.9829406738281 0.7853981852531433
399.5997314453125 499.8113708496094 0.7853981852531433
402.42816162109375 502.6398010253906 0.7853981852531433
405.256591796875 505.4682312011719 0.7853981852531433
408.08502197265625 508.2966613769531 0.7853981852531433
410.9134521484375 511.1250915527344 0.7853981852531433
413.74188232421875 513.9534912109375 0.7853981852531433
416.5703125 516.7819213867188 0.7853981852531433
419.39874267578125 519.6103515625 0.7853981852531433
422.2271728515625 522.4387817382812 0.7853981852531433
425.05560302734375 525.2672119140625 0.7853981852531433
425.05560302734375 525.2672119140625 0.38539817929267883
428.76220703125 526.7709350585938 0.38539817929267883
432.46881103515625 528.274658203125 0.38539817929267883
436.1754150390625 529.7783813476562 0.38539817929267883
439.88201904296875 531.2821044921875 0.38539817929267883
443.588623046875 532.7858276367188 0.38539817929267883
447.29522705078125 534.28955078125 0.38539817929267883
451.0018310546875 535.7932739257812 0.38539817929267883
454.70843505859375 537.2969970703125 0.38539817929267883
458.4150390625 538.8007202148438 0.38539817929267883
462.12164306640625 540.304443359375 0.38539817929267883
462.12164306640625 540.304443359375 -0.014601826667785645
466.1212158203125 540.2460327148438 -0.014601826667785645
470.12078857421875 540.1876220703125 -0.014601826667785645
474.120361328125 540.1292114257812 -0.014601826667785645
478.11993408203125 540.07080078125 -0.014601826667785645
482.1195068359375 540.0123901367188 -0.014601826667785645
486.11907958984375 539.9539794921875 -0.014601826667785645
490.11865234375 539.8955688476562 -0.014601826667785645
494.11822509765625 539.837158203125 -0.014601826667785645
498.1177978515625 539.7787475585938 -0.014601826667785645
502.11737060546875 539.7203369140625 -0.014601826667785645
502.11737060546875 539.7203369140625 -0.4146018326282501
505.7784729003906 538.1090087890625 -0.4146018326282501
509.4395751953125 536.4976806640625 -0.4146018326282501
513.1007080078125 534.8863525390625 -0.4146018326282501
513.1007080078125 534.8863525390625 -0.8146018385887146
515.8453369140625 531.9765625 -0.8146018385887146
518.5899658203125 529.0667724609375 -0.8146018385887146
521.3345947265625 526.156982421875 -0.8146018385887146
524.0792236328125 523.2471923828125 -0.8146018385887146
526.8238525390625 520.33740234375 -0.8146018385887146
526.8238525390625 520.33740234375 -1.2146018743515015
528.2186889648438 516.5885009765625 -1.2146018743515015
529.613525390625 512.839599609375 -1.2146018743515015
531.0083618164062 509.0906677246094 -1.2146018743515015
531.0083618164062 509.0906677246094 -1.6146018505096436
530.8331909179688 505.0945129394531 -1.6146018505096436
530.6580200195312 501.0983581542969 -1.6146018505096436
530.4828491210938 497.1022033691406 -1.6146018505096436
530.3076782226562 493.1060485839844 -1.6146018505096436
530.1325073242188 489.1098937988281 -1.6146018505096436
530.1325073242188 489.1098937988281 -2.014601945877075
528.4149780273438 485.4974060058594 -2.014601945877075
526.6974487304688 481.8849182128906 -2.014601945877075
524.9799194335938 478.2724304199219 -2.014601945877075
523.2623901367188 474.6599426269531 -2.014601945877075
521.5448608398438 471.0474548339844 -2.014601945877075
519.8273315429688 467.4349670410156 -2.014601945877075
518.1098022460938 463.8224792480469 -2.014601945877075
518.1098022460938 463.8224792480469 -2.414602041244507
515.12109375 461.1639709472656 -2.414602041244507
512.1323852539062 458.5054626464844 -2.414602041244507
509.1436767578125 455.8469543457031 -2.414602041244507
506.15496826171875 453.1884460449219 -2.414602041244507
503.166259765625 450.5299377441406 -2.414602041244507
500.17755126953125 447.8714294433594 -2.414602041244507
497.1888427734375 445.2129211425781 -2.414602041244507
494.20013427734375 442.5544128417969 -2.414602041244507
491.21142578125 439.8959045410156 -2.414602041244507
488.22271728515625 437.2373962402344 -2.414602041244507
485.2340087890625 434.5788879394531 -2.414602041244507
482.24530029296875 431.9203796386719 -2.414602041244507
479.256591796875 429.2618713378906 -2.414602041244507
476.26788330078125 426.6033630371094 -2.414602041244507
473.2791748046875 423.9448547363281 -2.414602041244507
470.29046630859375 421.2863464355469 -2.414602041244507
467.3017578125 418.6278381347656 -2.414602041244507
464.31304931640625 415.9693298339844 -2.414602041244507
461.3243408203125 413.3108215332031 -2.414602041244507
458.33563232421875 410.6523132324219 -2.414602041244507
455.346923828125 407.9938049316406 -2.414602041244507
452.35821533203125 405.3352966308594 -2.414602041244507
449.3695068359375 402.6767883300781 -2.414602041244507
446.38079833984375 400.0182800292969 -2.414602041244507
443.39208984375 397.3597717285156 -2.414602041244507
440.40338134765625 394.7012634277344 -2.414602041244507
440.40338134765625 394.7012634277344 -2.8146021366119385
436.6153259277344 393.4164733886719 -2.8146021366119385
432.8272705078125 392.1316833496094 -2.8146021366119385
429.0392150878906 390.8468933105469 -2.8146021366119385
425.25115966796875 389.5621032714844 -2.8146021366119385
421.4631042480469 388.2773132324219 -2.8146021366119385
417.675048828125 386.9925231933594 -2.8146021366119385
413.8869934082031 385.7077331542969 -2.8146021366119385
410.09893798828125 384.4229431152344 -2.8146021366119385
406.3108825683594 383.1381530761719 -2.8146021366119385
402.5228271484375 381.8533630371094 -2.8146021366119385
398.7347717285156 380.5685729980469 -2.8146021366119385
394.94671630859375 379.2837829589844 -2.8146021366119385
391.1586608886719 377.9989929199219 -2.8146021366119385
387.37060546875 376.7142028808594 -2.8146021366119385
383.5825500488281 375.4294128417969 -2.8146021366119385
379.79449462890625 374.1446228027344 -2.8146021366119385
376.0064392089844 372.8598327636719 -2.8146021366119385
372.2183837890625 371.5750427246094 -2.8146021366119385
368.4303283691406 370.2902526855469 -2.8146021366119385
364.64227294921875 369.0054626464844 -2.8146021366119385
360.8542175292969 367.7206726074219 -2.8146021366119385
357.066162109375 366.4358825683594 -2.8146021366119385
353.2781066894531 365.1510925292969 -2.8146021366119385
349.49005126953125 363.8663024902344 -2.8146021366119385
345.7019958496094 362.5815124511719 -2.8146021366119385
341.9139404296875 361.2967224121094 -2.8146021366119385
338.1258850097656 360.0119323730469 -2.8146021366119385
334.33782958984375 358.7271423339844 -2.8146021366119385
330.5497741699219 357.4423522949219 -2.8146021366119385
326.76171875 356.1575622558594 -2.8146021366119385
326.76171875 356.1575622558594 -2.414602041244507
323.77301025390625 353.4990539550781 -2.414602041244507
320.7843017578125 350.8405456542969 -2.414602041244507
317.79559326171875 348.1820373535156 -2.414602041244507
314.806884765625 345.5235290527344 -2.414602041244507
311.81817626953125 342.8650207519531 -2.414602041244507
308.8294677734375 340.2065124511719 -2.414602041244507
305.84075927734375 337.5480041503906 -2.414602041244507
302.85205078125 334.8894958496094 -2.414602041244507
299.86334228515625 332.2309875488281 -2.414602041244507
296.8746337890625 329.5724792480469 -2.414602041244507
293.88592529296875 326.9139709472656 -2.414602041244507
290.897216796875 324.2554626464844 -2.414602041244507
287.90850830078125 321.5969543457031 -2.414602041244507
284.9197998046875 318.9384460449219 -2.414602041244507
281.93109130859375 316.2799377441406 -2.414602041244507
278.9423828125 313.6214294433594 -2.414602041244507
276.7427978515625 311.8892822265625 -2.5344600677490234
273.4576416015625 309.6072082519531 -2.5344600677490234
270.1724853515625 307.32513427734375 -2.5344600677490234
270.1724853515625 307.32513427734375 -2.934460163116455
266.25799560546875 306.50250244140625 -2.934460163116455
262.343505859375 305.67987060546875 -2.934460163116455
258.42901611328125 304.85723876953125 -2.934460163116455
254.51451110839844 304.03460693359375 -2.934460163116455
250.60000610351562 303.21197509765625 -2.934460163116455
246.6855010986328 302.38934326171875 -2.934460163116455
242.77099609375 301.56671142578125 -2.934460163116455
242.77099609375 301.56671142578125 -2.5344600677490234
239.48583984375 299.2846374511719 -2.5344600677490234
236.20068359375 297.0025634765625 -2.5344600677490234
232.91552734375 294.7204895019531 -2.5344600677490234
229.63037109375 292.43841552734375 -2.5344600677490234
226.34521484375 290.1563415527344 -2.5344600677490234
226.34521484375 290.1563415527344 -2.134459972381592
224.20806884765625 286.7751159667969 -2.134459972381592
222.0709228515625 283.3938903808594 -2.134459972381592
219.93377685546875 280.0126647949219 -2.134459972381592
217.796630859375 276.6314392089844 -2.134459972381592
215.65948486328125 273.2502136230469 -2.134459972381592
215.65948486328125 273.2502136230469 -1.7344599962234497
215.00775146484375 269.3036804199219 -1.7344599962234497
214.35601806640625 265.3571472167969 -1.7344599962234497
213.70428466796875 261.4106140136719 -1.7344599962234497
213.05255126953125 257.4640808105469 -1.7344599962234497
213.05255126953125 257.4640808105469 -1.3344600200653076
213.98912048339844 253.5752716064453 -1.3344600200653076
214.92568969726562 249.68646240234375 -1.3344600200653076
215.8622589111328 245.7976531982422 -1.3344600200653076
216.798828125 241.90884399414062 -1.3344600200653076
217.7353973388672 238.02003479003906 -1.3344600200653076
218.67196655273438 234.1312255859375 -1.3344600200653076
219.60853576660156 230.24241638183594 -1.3344600200653076
220.54510498046875 226.35360717773438 -1.3344600200653076
221.48167419433594 222.4647979736328 -1.3344600200653076
222.41824340820312 218.57598876953125 -1.3344600200653076
223.3548126220703 214.6871795654297 -1.3344600200653076
224.2913818359375 210.79837036132812 -1.3344600200653076
225.2279510498047 206.90956115722656 -1.3344600200653076
226.16452026367188 203.020751953125 -1.3344600200653076
227.10108947753906 199.13194274902344 -1.3344600200653076
228.03765869140625 195.24313354492188 -1.3344600200653076
228.97422790527344 191.3543243408203 -1.3344600200653076
229.91079711914062 187.46551513671875 -1.3344600200653076
229.91079711914062 187.46551513671875 -0.9344600439071655
232.28781127929688 184.24839782714844 -0.9344600439071655
234.66482543945312 181.03128051757812 -0.9344600439071655
237.04183959960938 177.8141632080078 -0.9344600439071655
239.41885375976562 174.5970458984375 -0.9344600439071655
241.79586791992188 171.3799285888672 -0.9344600439071655
241.79586791992188 171.3799285888672 -0.5344600677490234
245.238037109375 169.34242248535156 -0.5344600677490234
248.68020629882812 167.30491638183594 -0.5344600677490234
252.12237548828125 165.2674102783203 -0.5344600677490234
252.12237548828125 165.2674102783203 -0.13446006178855896
256.0862731933594 164.73118591308594 -0.13446006178855896
260.0501708984375 164.19496154785156 -0.13446006178855896
264.0140686035156 163.6587371826172 -0.13446006178855896
267.97796630859375 163.1225128173828 -0.13446006178855896
271.9418640136719 162.58628845214844 -0.13446006178855896
275.90576171875 162.05006408691406 -0.13446006178855896
279.8696594238281 161.5138397216797 -0.13446006178855896
283.83355712890625 160.9776153564453 -0.13446006178855896
287.7974548339844 160.44139099121094 -0.13446006178855896
291.7613525390625 159.90516662597656 -0.13446006178855896
295.7252502441406 159.3689422607422 -0.13446006178855896
299.68914794921875 158.8327178955078 -0.13446006178855896
303.6530456542969 158.29649353027344 -0.13446006178855896
307.616943359375 157.76026916503906 -0.13446006178855896
311.5808410644531 157.2240447998047 -0.13446006178855896
315.54473876953125 156.6878204345703 -0.13446006178855896
319.5086364746094 156.15159606933594 -0.13446006178855896
323.4725341796875 155.61537170410156 -0.13446006178855896
327.4364318847656 155.0791473388672 -0.13446006178855896
331.40032958984375 154.5429229736328 -0.13446006178855896
335.3642272949219 154.00669860839844 -0.13446006178855896
339.328125 153.47047424316406 -0.13446006178855896
343.2920227050781 152.9342498779297 -0.13446006178855896
347.25592041015625 152.3980255126953 -0.13446006178855896
351.2198181152344 151.86180114746094 -0.13446006178855896
355.1837158203125 151.32557678222656 -0.13446006178855896
359.1476135253906 150.7893524169922 -0.13446006178855896
363.11151123046875 150.2531280517578 -0.13446006178855896
367.0754089355469 149.71690368652344 -0.13446006178855896
371.039306640625 149.18067932128906 -0.13446006178855896
375.0032043457031 148.6444549560547 -0.13446006178855896
378.96710205078125 148.1082305908203 -0.13446006178855896
382.9309997558594 147.57200622558594 -0.13446006178855896
386.8948974609375 147.03578186035156 -0.13446006178855896
390.8587951660156 146.4995574951172 -0.13446006178855896
394.82269287109375 145.9633331298828 -0.13446006178855896
398.7865905761719 145.42710876464844 -0.13446006178855896
402.75048828125 144.89088439941406 -0.13446006178855896
406.7143859863281 144.3546600341797 -0.13446006178855896
410.67828369140625 143.8184356689453 -0.13446006178855896
414.6421813964844 143.28221130371094 -0.13446006178855896
418.6060791015625 142.74598693847656 -0.13446006178855896
422.5699768066406 142.2097625732422 -0.13446006178855896
426.53387451171875 141.6735382080078 -0.13446006178855896
430.4977722167969 141.13731384277344 -0.13446006178855896
434.461669921875 140.60108947753906 -0.13446006178855896
438.4255676269531 140.0648651123047 -0.13446006178855896
442.38946533203125 139.5286407470703 -0.13446006178855896
446.3533630371094 138.99241638183594 -0.13446006178855896
450.3172607421875 138.45619201660156 -0.13446006178855896
454.2811584472656 137.9199676513672 -0.13446006178855896
458.24505615234375 137.3837432861328 -0.13446006178855896
462.2089538574219 136.84751892089844 -0.13446006178855896
466.1728515625 136.31129455566406 -0.13446006178855896
470.1367492675781 135.7750701904297 -0.13446006178855896
474.10064697265625 135.2388458251953 -0.13446006178855896
478.0645446777344 134.70262145996094 -0.13446006178855896
482.0284423828125 134.16639709472656 -0.13446006178855896
485.9923400878906 133.6301727294922 -0.13446006178855896
489.95623779296875 133.0939483642578 -0.13446006178855896
493.9201354980469 132.55772399902344 -0.13446006178855896
497.884033203125 132.02149963378906 -0.13446006178855896
501.8479309082031 131.4852752685547 -0.13446006178855896
505.81182861328125 130.9490509033203 -0.13446006178855896
509.7757263183594 130.41282653808594 -0.13446006178855896
513.7396240234375 129.87660217285156 -0.13446006178855896
513.7396240234375 129.87660217285156 -0.5344600677490234
517.1818237304688 127.83909606933594 -0.5344600677490234
517.1818237304688 127.83909606933594 -0.9344600439071655
519.558837890625 124.62198638916016 -0.9344600439071655
521.9358520507812 121.40487670898438 -0.9344600439071655
524.3128662109375 118.1877670288086 -0.9344600439071655
526.6898803710938 114.97065734863281 -0.9344600439071655
529.06689453125 111.75354766845703 -0.9344600439071655
531.4439086914062 108.53643798828125 -0.9344600439071655
533.8209228515625 105.31932830810547 -0.9344600439071655
533.8209228515625 105.31932830810547 -1.3344600200653076
534.7575073242188 101.4305191040039 -1.3344600200653076
535.694091796875 97.54170989990234 -1.3344600200653076
535.694091796875 97.54170989990234 -1.7344599962234497
535.0423583984375 93.59516143798828 -1.7344599962234497
534.390625 89.64861297607422 -1.7344599962234497
533.7388916015625 85.70206451416016 -1.7344599962234497
533.087158203125 81.7555160522461 -1.7344599962234497
533.087158203125 81.7555160522461 -2.134459972381592
530.9500122070312 78.37430572509766 -2.134459972381592
530.9500122070312 78.37430572509766 -2.5344600677490234
527.6648559570312 76.09224700927734 -2.5344600677490234
524.3796997070312 73.81018829345703 -2.5344600677490234
521.0945434570312 71.52812957763672 -2.5344600677490234
517.8093872070312 69.2460708618164 -2.5344600677490234
514.5242309570312 66.9640121459961 -2.5344600677490234
511.23907470703125 64.68195343017578 -2.5344600677490234
507.95391845703125 62.39989471435547 -2.5344600677490234
504.66876220703125 60.117835998535156 -2.5344600677490234
504.66876220703125 60.117835998535156 -2.934460163116455
500.7542724609375 59.29521942138672 -2.934460163116455
496.83978271484375 58.47260284423828 -2.934460163116455
492.92529296875 57.649986267089844 -2.934460163116455
489.01080322265625 56.827369689941406 -2.934460163116455
485.0963134765625 56.00475311279297 -2.934460163116455
481.18182373046875 55.18213653564453 -2.934460163116455
477.267333984375 54.359519958496094 -2.934460163116455
473.35284423828125 53.536903381347656 -2.934460163116455
469.4383544921875 52.71428680419922 -2.934460163116455
465.52386474609375 51.89167022705078 -2.934460163116455
465.52386474609375 51.89167022705078 2.9487249851226807
461.5980224609375 52.65836715698242 2.9487249851226807
457.67218017578125 53.42506408691406 2.9487249851226807
453.746337890625 54.1917610168457 2.9487249851226807
449.82049560546875 54.958457946777344 2.9487249851226807
445.8946533203125 55.725154876708984 2.9487249851226807
441.96881103515625 56.491851806640625 2.9487249851226807
438.04296875 57.258548736572266 2.9487249851226807
434.11712646484375 58.025245666503906 2.9487249851226807
430.1912841796875 58.79194259643555 2.9487249851226807
426.26544189453125 59.55863952636719 2.9487249851226807
422.339599609375 60.32533645629883 2.9487249851226807
418.41375732421875 61.09203338623047 2.9487249851226807
414.4879150390625 61.85873031616211 2.9487249851226807
414.4879150390625 61.85873031616211 -2.934460163116455
410.57342529296875 61.03611373901367 -2.934460163116455
406.658935546875 60.213497161865234 -2.934460163116455
402.74444580078125 59.3908805847168 -2.934460163116455
398.8299560546875 58.56826400756836 -2.934460163116455
394.91546630859375 57.74564743041992 -2.934460163116455
391.0009765625 56.923030853271484 -2.934460163116455
387.08648681640625 56.10041427612305 -2.934460163116455
383.1719970703125 55.27779769897461 -2.934460163116455
379.25750732421875 54.45518112182617 -2.934460163116455
375.343017578125 53.632564544677734 -2.934460163116455
371.42852783203125 52.8099479675293 -2.934460163116455
367.5140380859375 51.98733139038086 -2.934460163116455
363.59954833984375 51.16471481323242 -2.934460163116455
363.59954833984375 51.16471481323242 2.9487249851226807
359.6737060546875 51.93141174316406 2.9487249851226807
355.74786376953125 52.6981086730957 2.9487249851226807
351.822021484375 53.464805603027344 2.9487249851226807
347.89617919921875 54.231502532958984 2.9487249851226807
343.9703369140625 54.998199462890625 2.9487249851226807
340.04449462890625 55.764896392822266 2.9487249851226807
336.11865234375 56.531593322753906 2.9487249851226807
332.19281005859375 57.29829025268555 2.9487249851226807
328.2669677734375 58.06498718261719 2.9487249851226807
324.34112548828125 58.83168411254883 2.9487249851226807
320.415283203125 59.59838104248047 2.9487249851226807
316.48944091796875 60.36507797241211 2.9487249851226807
312.5635986328125 61.13177490234375 2.9487249851226807
308.63775634765625 61.89847183227539 2.9487249851226807
304.7119140625 62.66516876220703 2.9487249851226807
300.78607177734375 63.43186569213867 2.9487249851226807
296.8602294921875 64.19856262207031 2.9487249851226807
292.93438720703125 64.96525573730469 2.9487249851226807
289.008544921875 65.73194885253906 2.9487249851226807
285.08270263671875 66.49864196777344 2.9487249851226807
281.1568603515625 67.26533508300781 2.9487249851226807
277.23101806640625 68.03202819824219 2.9487249851226807
273.30517578125 68.79872131347656 2.9487249851226807
269.37933349609375 69.56541442871094 2.9487249851226807
265.4534912109375 70.33210754394531 2.9487249851226807
261.52764892578125 71.09880065917969 2.9487249851226807
257.601806640625 71.86549377441406 2.9487249851226807
253.6759796142578 72.63218688964844 2.9487249851226807
249.75015258789062 73.39888000488281 2.9487249851226807
245.82432556152344 74.16557312011719 2.9487249851226807
241.89849853515625 74.93226623535156 2.9487249851226807
237.97267150878906 75.69895935058594 2.9487249851226807
234.04684448242188 76.46565246582031 2.9487249851226807
230.1210174560547 77.23234558105469 2.9487249851226807
226.1951904296875 77.99903869628906 2.9487249851226807
222.2693634033203 78.76573181152344 2.9487249851226807
218.34353637695312 79.53242492675781 2.9487249851226807
214.41770935058594 80.29911804199219 2.9487249851226807
210.49188232421875 81.06581115722656 2.9487249851226807
206.56605529785156 81.83250427246094 2.9487249851226807
202.64022827148438 82.59919738769531 2.9487249851226807
198.7144012451172 83.36589050292969 2.9487249851226807
194.78857421875 84.13258361816406 2.9487249851226807
190.8627471923828 84.89927673339844 2.9487249851226807
186.93692016601562 85.66596984863281 2.9487249851226807
183.01109313964844 86.43266296386719 2.9487249851226807
179.08526611328125 87.19935607910156 2.9487249851226807
175.15943908691406 87.96604919433594 2.9487249851226807
171.23361206054688 88.73274230957031 2.9487249851226807
167.3077850341797 89.49943542480469 2.9487249851226807
163.3819580078125 90.26612854003906 2.9487249851226807
159.4561309814453 91.03282165527344 2.9487249851226807
155.53030395507812 91.79951477050781 2.9487249851226807
151.60447692871094 92.56620788574219 2.9487249851226807
147.67864990234375 93.33290100097656 2.9487249851226807
143.75282287597656 94.09959411621094 2.9487249851226807
139.82699584960938 94.86628723144531 2.9487249851226807
135.9011688232422 95.63298034667969 2.9487249851226807
131.975341796875 96.39967346191406 2.9487249851226807
128.0495147705078 97.16636657714844 2.9487249851226807
124.1236801147461 97.93305969238281 2.9487249851226807
124.1236801147461 97.93305969238281 -2.934460163116455
120.20918273925781 97.11044311523438 -2.934460163116455
116.29468536376953 96.28782653808594 -2.934460163116455
112.38018798828125 95.4652099609375 -2.934460163116455
108.46569061279297 94.64259338378906 -2.934460163116455
104.55119323730469 93.81997680664062 -2.934460163116455
100.6366958618164 92.99736022949219 -2.934460163116455
96.72219848632812 92.17474365234375 -2.934460163116455
92.80770111083984 91.35212707519531 -2.934460163116455
88.89320373535156 90.52951049804688 -2.934460163116455
84.97870635986328 89.70689392089844 -2.934460163116455
81.064208984375 88.88427734375 -2.934460163116455
77.14971160888672 88.06166076660156 -2.934460163116455
73.23521423339844 87.23904418945312 -2.934460163116455
69.32071685791016 86.41642761230469 -2.934460163116455
65.40621948242188 85.59381103515625 -2.934460163116455
61.491722106933594 84.77119445800781 -2.934460163116455
57.57722473144531 83.94857788085938 -2.934460163116455
53.66272735595703 83.12596130371094 -2.934460163116455
49.74822998046875 82.3033447265625 -2.934460163116455
45.83373260498047 81.48072814941406 -2.934460163116455
41.91923522949219 80.65811157226562 -2.934460163116455
38.004737854003906 79.83549499511719 -2.934460163116455
34.090240478515625 79.01287841796875 -2.934460163116455
30.17574119567871 78.19026184082031 -2.934460163116455
26.261241912841797 77.36764526367188 -2.934460163116455
22.346742630004883 76.54502868652344 -2.934460163116455
18.43224334716797 75.722412109375 -2.934460163116455
18.43224334716797 75.722412109375 -2.934460163116455
18.43224334716797 75.722412109375 -2.934460163116455
18.43224334716797 75.722412109375 -2.934460163116455
18.43224334716797 75.722412109375 -2.934460163116455
18.43224334716797 75.722412109375 -2.934460163116455
18.43224334716797 75.722412109375 -2.934460163116455
18.43224334716797 75.722412109375 -2.934460163116455
18.43224334716797 75.722412109375 -2.934460163116455
18.43224334716797 75.722412109375 -2.934460163116455
18.43224334716797 75.722412109375 -2.934460163116455
