-392.67635704275926
-395.4398654591053
-398.28657902185114
-401.2125233246639
-404.21376592943284
-407.28633199239306
-410.42624262994
-413.6295814590078
-416.8924098513761
-420.21086192211175
-423.58108861065546
-426.9992607526868
-430.4616331908141
-433.96448500440204
-437.50415240259
-441.07706075334136
-444.67966261446907
-448.30847038244696
-451.96008413476704
-455.6311322663266
-455.6311322663266
-455.6311322663266
-457.93474165942223
-460.0450731415519
-461.9441512322097
-463.615969252313
-465.04654095406806
-466.2240819036281
-467.1388998169292
-468.06902215505244
-468.9264598968108
-468.9264598968108
-468.9264598968108
-468.9264598968108
-466.3566871955404
-463.6490118674051
-460.827889814293
-457.9193924183059
-454.9506928965279
-451.95020689644247
-448.94716363271533
-445.246369132937
-441.5583649513625
-437.8864041027318
-434.233759717476
-430.6037876980079
-426.99992785502695
-423.42570498069097
-419.884637885929
-416.3803613193859
-412.9165955040623
-409.4970532778875
-406.1255614662807
-402.8059661702657
-399.5421613680336
-396.33808559531155
-393.19771788870173
-390.1250719353076
-387.1241611885398
-384.19902302029004
-381.35367920632615
-378.5921900685081
-375.91855501038265
-373.33676140474086
-370.85074554234563
-368.4643796044565
-366.1814913203979
-364.0058198408173
-361.94100317031393
-359.9905341037721
-358.1578364467072
-356.4461597197008
-354.8585659112657
-353.3980036790343
-353.3980036790343
-350.81587964098
-348.3308276144901
-345.94685629927494
-345.94685629927494
-343.37745240927416
-340.3367551814701
-337.37142857983235
-334.485796917093
-331.6842290880096
-331.6842290880096
-328.9014281721756
-325.5590332753469
-322.2725190993794
-319.046191472177
-315.88445691926177
-312.7917683350571
-312.7917683350571
-309.16192234185615
-305.5589393092669
-301.98663600984713
-298.4489446408832
-294.9498907063307
-291.4936156094959
-287.80733621737255
-284.40627358118115
-284.40627358118115
-280.6893258229126
-276.9791155971806
-273.2788246024068
-269.5918381638992
-265.92159330366655
-262.2717162695526
-258.64596210642713
-255.04819742315314
-251.4825225915042
-247.95310446766013
-244.46434997246175
-241.02074272120754
-237.62701931402566
-234.2879941424603
-231.00871428881038
-227.79436213096187
-224.65025811675014
-221.58187835511976
-218.59483005482537
-215.69488538010464
-212.88787485616464
-212.88787485616464
-209.39573634601632
-205.94971774165657
-202.55489719732233
-199.2166097164058
-195.9404110262816
-192.73205238281145
-189.59753508692464
-186.54307321378886
-183.57508506507642
-180.7002022800595
-177.92519829622657
-175.2570466941549
-172.70279741984774
-170.26960060040986
-167.96464938695001
-165.79473716613384
-165.79473716613384
-165.79473716613384
-165.79473716613384
-162.1607551776146
-158.50917254422447
-154.84168107056828
-154.84168107056828
-151.67083488992122
-148.470817149316
-145.2422456583228
-141.9857856086246
-138.70207572320348
-138.70207572320348
-136.32719139978798
-133.93262007055213
-131.5191890151835
-129.08776770349294
-126.63924895881239
-124.17459148517835
-121.69477307932534
-119.20083143460494
-116.6938716980311
-116.6938716980311
-115.45208353989155
-114.21924264952627
-112.99662164514774
-111.78550978211726
-110.58725411766875
-109.40320400916276
-108.23476649501674
-107.08338026870838
-105.95049665798713
-104.8376238037716
-103.74626644264792
-102.6779841705801
-101.63432840861536
-100.6169009098593
-99.62730541723928
-98.66715881602063
-97.73807371656211
-97.73807371656211
-97.73807371656211
-97.73807371656211
-97.73807371656211
-97.73807371656211
-97.73807371656211
-97.73807371656211
-97.73807371656211
-97.73807371656211
-97.73807371656211
