62.10511016845703 451.8697509765625 0.6671206951141357
64.41614532470703 453.4780578613281 0.5488432049751282
66.90081787109375 454.8023986816406 0.4305657148361206
69.52440643310547 455.8243103027344 0.31228822469711304
72.25025177001953 456.52947998046875 0.19401074945926666
75.04026794433594 456.9080810546875 0.07573327422142029
77.85546112060547 456.9548034667969 -0.042544201016426086
80.65650177001953 456.66900634765625 -0.16082167625427246
83.40424346923828 456.0546569824219 -0.27909916639328003
86.06029510498047 455.120361328125 -0.3973766565322876
88.5875473022461 453.8791809082031 -0.5156541466712952
90.95068359375 452.34844970703125 -0.6339316368103027
93.1166763305664 450.549560546875 -0.7522091269493103
95.05526733398438 448.5076599121094 -0.8704866170883179
96.73936462402344 446.2512512207031 -0.9887641072273254
98.14543914794922 443.8118896484375 -1.107041597366333
99.25383758544922 441.2236633300781 -1.2253190279006958
100.049072265625 438.522705078125 -1.3435964584350586
100.52003479003906 435.7467956542969 -1.4618738889694214
100.66014862060547 432.9346923828125 -1.5801513195037842
100.46745300292969 430.1257019042969 -1.698428750038147
99.94463348388672 427.35906982421875 -1.8167061805725098
99.0989990234375 424.6734619140625 -1.9349836111068726
97.94236755371094 422.1064147949219 -2.0532610416412354
96.49061584472656 419.693115234375 -2.171466112136841
94.76476287841797 417.468505859375 -2.289743661880493
92.7884521484375 415.46307373046875 -2.4080212116241455
89.81729888916016 412.78497314453125 -2.4080212116241455
86.84614562988281 410.10687255859375 -2.4080212116241455
83.87499237060547 407.42877197265625 -2.4080212116241455
80.90383911132812 404.75067138671875 -2.4080212116241455
77.93268585205078 402.07257080078125 -2.4080212116241455
74.96153259277344 399.39447021484375 -2.4080212116241455
71.9903793334961 396.71636962890625 -2.4080212116241455
69.01922607421875 394.03826904296875 -2.4080212116241455
69.01922607421875 394.03826904296875 -2.808021306991577
69.01922607421875 394.03826904296875 3.0751638412475586
66.2258071899414 394.3908996582031 2.9568862915039062
63.4935188293457 395.0706787109375 2.838608741760254
60.86053466796875 396.068115234375 2.7203311920166016
58.3636474609375 397.3692932128906 2.602053642272949
56.03774642944336 398.9560241699219 2.483776092529297
53.91533279418945 400.8061218261719 2.3654985427856445
52.02606201171875 402.89373779296875 2.247220993041992
50.39633560180664 405.189697265625 2.12894344329834
49.04892349243164 407.66192626953125 2.0106658935546875
48.002655029296875 410.2759094238281 1.8923884630203247
47.27214813232422 412.9950866699219 1.774111032485962
46.86761474609375 415.7814636230469 1.6558336019515991
46.79470443725586 418.5960998535156 1.5375561714172363
47.05443572998047 421.3996887207031 1.4192787408828735
47.64318084716797 424.15301513671875 1.3010013103485107
48.552711486816406 426.8176574707031 1.182723879814148
49.77031707763672 429.3563537597656 1.0644464492797852
51.278987884521484 431.7336120605469 0.9461689591407776
53.057640075683594 433.916259765625 0.82789146900177
55.0814208984375 435.8737487792969 0.7096139788627625
57.322052001953125 437.5787658691406 0.5913364887237549
59.74822235107422 439.0074768066406 0.4730589985847473
62.32603454589844 440.1399230957031 0.35478150844573975
65.01946258544922 440.96026611328125 0.23650403320789337
67.79087829589844 441.45703125 0.118226557970047
70.60154724121094 441.623291015625 -5.091726779937744e-05
73.41220092773438 441.45672607421875 -0.11832839250564575
76.18356323242188 440.9596862792969 -0.23660586774349213
78.87690734863281 440.1390686035156 -0.3548833429813385
81.45460510253906 439.0063781738281 -0.4731608033180237
83.88063049316406 437.5774230957031 -0.5914382934570312
86.1762466430664 435.8414611816406 -0.703478991985321
88.21199798583984 433.89642333984375 -0.8217564821243286
90.0040054321289 431.7247314453125 -0.9400339722633362
91.52722930908203 429.35675048828125 -1.0583114624023438
92.76039123535156 426.8255920410156 -1.1765888929367065
93.68624877929688 424.1665954589844 -1.2948663234710693
94.2918701171875 421.41693115234375 -1.4131437540054321
94.56879425048828 418.614990234375 -1.531421184539795
94.5128402709961 415.80255126953125 -1.649957537651062
94.12468719482422 413.01385498046875 -1.7682349681854248
93.41017150878906 410.2904357910156 -1.8865123987197876
92.37924194335938 407.6701965332031 -2.004772424697876
90.69731903076172 404.0409851074219 -2.004772424697876
89.01539611816406 400.4117736816406 -2.004772424697876
87.68257904052734 397.931640625 -2.1230499744415283
86.06641387939453 395.6260986328125 -2.2413275241851807
84.1894760131836 393.5273742675781 -2.359605073928833
81.3514175415039 390.7086181640625 -2.359605073928833
78.51335906982422 387.8898620605469 -2.359605073928833
75.67530059814453 385.07110595703125 -2.359605073928833
72.83724212646484 382.2523498535156 -2.359605073928833
69.99918365478516 379.43359375 -2.359605073928833
67.16112518310547 376.6148376464844 -2.359605073928833
64.32306671142578 373.79608154296875 -2.359605073928833
61.485008239746094 370.9773254394531 -2.359605073928833
58.646949768066406 368.1585693359375 -2.359605073928833
55.80889129638672 365.3398132324219 -2.359605073928833
52.97083282470703 362.52105712890625 -2.359605073928833
52.97083282470703 362.52105712890625 -2.7596051692962646
52.97083282470703 362.52105712890625 3.123579978942871
50.16362380981445 362.7380676269531 3.0053024291992188
47.40163803100586 363.2848205566406 2.8870248794555664
44.72346496582031 364.1536865234375 2.768747329711914
44.72346496582031 364.1536865234375 2.3687472343444824
44.72346496582031 364.1536865234375 1.9687472581863403
43.78765869140625 366.8092041015625 1.8504698276519775
43.17174530029297 369.5566101074219 1.7321923971176147
42.884334564208984 372.35748291015625 1.613914966583252
42.929439544677734 375.1726989746094 1.4956375360488892
43.30643081665039 377.9629211425781 1.3773601055145264
44.010040283203125 380.6891784667969 1.2590826749801636
45.03043746948242 383.3133544921875 1.1408052444458008
46.353363037109375 385.7987976074219 1.022527813911438
47.960330963134766 388.1107482910156 0.9042503237724304
49.828887939453125 390.2169189453125 0.7859728336334229
51.93292236328125 392.087890625 0.6676953434944153
54.24303436279297 393.697509765625 0.5494178533554077
56.72694778442383 395.0232849121094 0.43114036321640015
59.34994888305664 396.04669189453125 0.3128628730773926
62.07538986206055 396.75341796875 0.1945853978395462
64.86518859863281 397.13360595703125 0.07630792260169983
67.68035888671875 397.18194580078125 -0.041969552636146545
70.48155975341797 396.89776611328125 -0.16024702787399292
70.48155975341797 396.89776611328125 -0.5602470636367798
73.87005615234375 394.7721862792969 -0.5602470636367798
77.25855255126953 392.6466064453125 -0.5602470636367798
80.64704895019531 390.5210266113281 -0.5602470636367798
84.0355453491211 388.39544677734375 -0.5602470636367798
87.42404174804688 386.2698669433594 -0.5602470636367798
90.81253814697266 384.144287109375 -0.5602470636367798
94.20103454589844 382.0187072753906 -0.5602470636367798
97.58953094482422 379.89312744140625 -0.5602470636367798
100.97802734375 377.7675476074219 -0.5602470636367798
104.36652374267578 375.6419677734375 -0.5602470636367798
106.65907287597656 374.0074157714844 -0.6785245537757874
108.74272155761719 372.11376953125 -0.7968020439147949
111.53871154785156 369.2532653808594 -0.7968020439147949
113.38435363769531 367.1269836425781 -0.9150795340538025
114.9661865234375 364.7977600097656 -1.03335702419281
117.0139389038086 361.3616638183594 -1.03335702419281
118.30986785888672 358.862060546875 -1.1516344547271729
119.93785095214844 355.2083435058594 -1.1516344547271729
120.92977142333984 352.5732727050781 -1.2699118852615356
121.60381317138672 349.8395690917969 -1.3881893157958984
121.95056915283203 347.04541015625 -1.5064667463302612
122.20771026611328 343.0536804199219 -1.5064667463302612
122.22232818603516 340.2381286621094 -1.624744176864624
122.00664520263672 336.24395751953125 -1.624744176864624
121.79096221923828 332.2497863769531 -1.624744176864624
121.57527923583984 328.255615234375 -1.624744176864624
121.25755310058594 325.4580078125 -1.7430216073989868
120.57205200195312 321.5171813964844 -1.7430216073989868
119.88655090332031 317.57635498046875 -1.7430216073989868
119.2010498046875 313.6355285644531 -1.7430216073989868
118.51554870605469 309.6947021484375 -1.7430216073989868
117.83004760742188 305.7538757324219 -1.7430216073989868
117.18441772460938 303.0133056640625 -1.8612990379333496
116.03868103027344 299.180908203125 -1.8612990379333496
114.8929443359375 295.3485107421875 -1.8612990379333496
113.74720764160156 291.51611328125 -1.8612990379333496
112.60147094726562 287.6837158203125 -1.8612990379333496
111.45573425292969 283.851318359375 -1.8612990379333496
110.30999755859375 280.0189208984375 -1.8612990379333496
109.16426086425781 276.1865234375 -1.8612990379333496
108.19954681396484 273.5403137207031 -1.9794785976409912
106.60994720458984 269.8697204589844 -1.9794785976409912
105.02034759521484 266.1991271972656 -1.9794785976409912
103.43074798583984 262.5285339355469 -1.9794785976409912
101.84114837646484 258.8579406738281 -1.9794785976409912
100.25154876708984 255.18736267089844 -1.9794785976409912
98.66194915771484 251.51678466796875 -1.9794785976409912
97.07234954833984 247.84620666503906 -1.9794785976409912
95.80268096923828 245.33314514160156 -2.0977561473846436
93.79104614257812 241.8757781982422 -2.0977561473846436
91.77941131591797 238.4184112548828 -2.0977561473846436
89.76777648925781 234.96104431152344 -2.0977561473846436
87.75614166259766 231.50367736816406 -2.0977561473846436
85.7445068359375 228.0463104248047 -2.0977561473846436
83.73287200927734 224.5889434814453 -2.0977561473846436
81.72123718261719 221.13157653808594 -2.0977561473846436
79.70960235595703 217.67420959472656 -2.0977561473846436
77.69796752929688 214.2168426513672 -2.0977561473846436
75.8734130859375 211.26318359375 -2.150540590286255
73.68217468261719 207.91677856445312 -2.150540590286255
72.00318908691406 205.65643310546875 -2.2688071727752686
69.43241119384766 202.59194946289062 -2.2688071727752686
66.86163330078125 199.5274658203125 -2.2688071727752686
64.29085540771484 196.46298217773438 -2.2688071727752686
61.72007369995117 193.39849853515625 -2.2688071727752686
59.1492919921875 190.33401489257812 -2.2688071727752686
56.57851028442383 187.26953125 -2.2688071727752686
54.007728576660156 184.20504760742188 -2.2688071727752686
51.436946868896484 181.14056396484375 -2.2688071727752686
48.86616516113281 178.07608032226562 -2.2688071727752686
46.90827941894531 175.9958038330078 -2.382979154586792
44.00511932373047 173.244140625 -2.382979154586792
41.101959228515625 170.4924774169922 -2.382979154586792
38.19879913330078 167.74081420898438 -2.382979154586792
35.29563903808594 164.98915100097656 -2.382979154586792
32.392478942871094 162.23748779296875 -2.382979154586792
29.85947036743164 159.97816467285156 -2.4435067176818848
26.795175552368164 157.4071502685547 -2.4435067176818848
23.730880737304688 154.8361358642578 -2.4435067176818848
20.66658592224121 152.26512145996094 -2.4435067176818848
20.66658592224121 152.26512145996094 -2.4435067176818848
20.66658592224121 152.26512145996094 -2.4435067176818848
20.66658592224121 152.26512145996094 -2.4435067176818848
20.66658592224121 152.26512145996094 -2.4435067176818848
20.66658592224121 152.26512145996094 -2.4435067176818848
20.66658592224121 152.26512145996094 -2.4435067176818848
20.66658592224121 152.26512145996094 -2.4435067176818848
20.66658592224121 152.26512145996094 -2.4435067176818848
20.66658592224121 152.26512145996094 -2.4435067176818848
20.66658592224121 152.26512145996094 -2.4435067176818848
