-391.9403372016567
-393.64611155730944
-395.0999158357097
-396.28701150922745
-397.1955537456296
-397.81650619073747
-398.14370717410844
-398.17397065881573
-397.906976364457
-397.34534764120224
-396.4946437701764
-395.3632956857947
-393.9626322693406
-392.30675533606154
-389.8676766920498
-387.45453914158514
-385.0678311142422
-382.70804708299767
-380.3756881434253
-378.07126186016006
-375.7952820937619
-373.54826880708924
-371.33074785030084
-369.14325072361953
-366.9863143170128
-364.86048062597376
-362.76629644262
-360.70431302137223
-360.70431302137223
-357.4893939649285
-354.2904632736517
-351.10795795589814
-347.942328723192
-344.79404040489163
-341.6635723693665
-338.5514189509767
-335.4580898820257
-335.4580898820257
-331.62767310724263
-327.80130695188404
-323.9791349359008
-320.16130727162846
-316.3479812477927
-312.5393216394405
-308.7355011457893
-304.93670085815177
-301.14311076028014
-297.3549302636749
-293.57236878061894
-289.7956463379405
-286.02499423476587
-282.2606557478091
-278.50288688805495
-274.7519572130296
-271.0081506992222
-267.2717666796222
-263.54312085177384
-259.8225463622261
-256.1103949737725
-252.40703832243778
-248.7128692717761
-245.02830337270586
-241.35378043781736
-237.68976623985668
-234.03675434491365
-230.39526809172403
-226.7658627294362
-223.14912772719012
-219.5456892699064
-215.95619917535572
-212.38137926204723
-208.82198294707675
-205.27881253642542
-201.75272290726735
-198.24462548665556
-194.7554925487548
-191.2863618536038
-187.83834165096235
-184.4126160730211
-181.01045093950603
-177.63319999782468
-174.28231161918606
-170.9593359688291
-167.66593266431593
-164.40387892991723
-161.17507824700087
-157.9815694895036
-154.82553651940913
-151.7093181989654
-148.63541875334764
-145.60651838872838
-142.6254840353126
-142.6254840353126
-142.6254840353126
-142.6254840353126
-142.6254840353126
-142.6254840353126
-142.6254840353126
-142.6254840353126
-142.6254840353126
-142.6254840353126
-142.6254840353126
