62.15964126586914 451.93438720703125 0.6754741072654724
64.5184555053711 453.62017822265625 0.5655500292778015
67.0479736328125 455.03704833984375 0.4556259214878082
69.7176513671875 456.1678466796875 0.34570181369781494
72.49526977539062 456.99896240234375 0.23577770590782166
75.34730529785156 457.5203552246094 0.12585359811782837
78.23931884765625 457.7257080078125 0.01592949777841568
81.13640594482422 457.6125793457031 -0.09399460256099701
84.00360107421875 457.18231201171875 -0.2039186954498291
86.80628967285156 456.4400939941406 -0.3138428032398224
89.51063537597656 455.3948974609375 -0.4237669110298157
92.08399963378906 454.059326171875 -0.5336909890174866
94.49531555175781 452.44952392578125 -0.6436150670051575
96.7154769897461 450.58489990234375 -0.7535391449928284
99.632568359375 447.8479919433594 -0.7535391449928284
102.54965209960938 445.111083984375 -0.7535391449928284
105.46673583984375 442.3741760253906 -0.7535391449928284
108.38381958007812 439.63726806640625 -0.7535391449928284
111.3009033203125 436.9003601074219 -0.7535391449928284
114.21798706054688 434.1634521484375 -0.7535391449928284
117.13507080078125 431.4265441894531 -0.7535391449928284
120.05215454101562 428.68963623046875 -0.7535391449928284
122.96923828125 425.9527282714844 -0.7535391449928284
125.88632202148438 423.2158203125 -0.7535391449928284
128.80340576171875 420.4789123535156 -0.7535391449928284
131.72048950195312 417.74200439453125 -0.7535391449928284
134.6375732421875 415.0050964355469 -0.7535391449928284
137.55465698242188 412.2681884765625 -0.7535391449928284
137.55465698242188 412.2681884765625 -1.1535391807556152
139.17567443847656 408.6113586425781 -1.1535391807556152
140.79669189453125 404.95452880859375 -1.1535391807556152
142.41770935058594 401.2976989746094 -1.1535391807556152
144.03872680664062 397.640869140625 -1.1535391807556152
145.6597442626953 393.9840393066406 -1.1535391807556152
147.28076171875 390.32720947265625 -1.1535391807556152
148.9017791748047 386.6703796386719 -1.1535391807556152
150.52279663085938 383.0135498046875 -1.1535391807556152
150.52279663085938 383.0135498046875 -1.5535391569137573
150.59182739257812 379.01416015625 -1.5535391569137573
150.66085815429688 375.0147705078125 -1.5535391569137573
150.72988891601562 371.015380859375 -1.5535391569137573
150.79891967773438 367.0159912109375 -1.5535391569137573
150.86795043945312 363.0166015625 -1.5535391569137573
150.93698120117188 359.0172119140625 -1.5535391569137573
151.00601196289062 355.017822265625 -1.5535391569137573
151.07504272460938 351.0184326171875 -1.5535391569137573
151.14407348632812 347.01904296875 -1.5535391569137573
151.21310424804688 343.0196533203125 -1.5535391569137573
151.28213500976562 339.020263671875 -1.5535391569137573
151.35116577148438 335.0208740234375 -1.5535391569137573
151.42019653320312 331.021484375 -1.5535391569137573
151.48922729492188 327.0220947265625 -1.5535391569137573
151.55825805664062 323.022705078125 -1.5535391569137573
151.62728881835938 319.0233154296875 -1.5535391569137573
151.69631958007812 315.02392578125 -1.5535391569137573
151.76535034179688 311.0245361328125 -1.5535391569137573
151.83438110351562 307.025146484375 -1.5535391569137573
151.90341186523438 303.0257568359375 -1.5535391569137573
151.97244262695312 299.0263671875 -1.5535391569137573
152.04147338867188 295.0269775390625 -1.5535391569137573
152.11050415039062 291.027587890625 -1.5535391569137573
152.17953491210938 287.0281982421875 -1.5535391569137573
152.24856567382812 283.02880859375 -1.5535391569137573
152.31759643554688 279.0294189453125 -1.5535391569137573
152.38662719726562 275.030029296875 -1.5535391569137573
152.45565795898438 271.0306396484375 -1.5535391569137573
152.52468872070312 267.03125 -1.5535391569137573
152.59371948242188 263.0318603515625 -1.5535391569137573
152.66275024414062 259.032470703125 -1.5535391569137573
152.73178100585938 255.03306579589844 -1.5535391569137573
152.80081176757812 251.03366088867188 -1.5535391569137573
152.86984252929688 247.0342559814453 -1.5535391569137573
152.93887329101562 243.03485107421875 -1.5535391569137573
153.00790405273438 239.0354461669922 -1.5535391569137573
153.07693481445312 235.03604125976562 -1.5535391569137573
153.14596557617188 231.03663635253906 -1.5535391569137573
153.21499633789062 227.0372314453125 -1.5535391569137573
153.28402709960938 223.03782653808594 -1.5535391569137573
153.35305786132812 219.03842163085938 -1.5535391569137573
153.42208862304688 215.0390167236328 -1.5535391569137573
153.49111938476562 211.03961181640625 -1.5535391569137573
153.56015014648438 207.0402069091797 -1.5535391569137573
153.62918090820312 203.04080200195312 -1.5535391569137573
153.69821166992188 199.04139709472656 -1.5535391569137573
153.76724243164062 195.0419921875 -1.5535391569137573
153.83627319335938 191.04258728027344 -1.5535391569137573
153.90530395507812 187.04318237304688 -1.5535391569137573
153.97433471679688 183.0437774658203 -1.5535391569137573
154.04336547851562 179.04437255859375 -1.5535391569137573
154.11239624023438 175.0449676513672 -1.5535391569137573
154.18142700195312 171.04556274414062 -1.5535391569137573
154.25045776367188 167.04615783691406 -1.5535391569137573
154.25045776367188 167.04615783691406 -1.5535391569137573
154.25045776367188 167.04615783691406 -1.5535391569137573
154.25045776367188 167.04615783691406 -1.5535391569137573
154.25045776367188 167.04615783691406 -1.5535391569137573
154.25045776367188 167.04615783691406 -1.5535391569137573
154.25045776367188 167.04615783691406 -1.5535391569137573
154.25045776367188 167.04615783691406 -1.5535391569137573
154.25045776367188 167.04615783691406 -1.5535391569137573
154.25045776367188 167.04615783691406 -1.5535391569137573
154.25045776367188 167.04615783691406 -1.5535391569137573
