-392.83861260070745
-395.6972973447963
-398.57562242630917
-401.47316538979356
-404.3895131339564
-407.324261745324
-410.2770163548833
-413.2473909909103
-416.23500842860443
-419.2395000371072
-422.2605056244355
-425.29767328082255
-428.3506592209188
-431.41912762526795
-434.50275048143925
-437.6012074251642
-440.7141855817944
-443.8413794083695
-446.9824905365546
-450.1372276166848
-453.3053061631269
-456.4864484011485
-459.6803831154639
-462.8868455006061
-462.8868455006061
-464.9306539382051
-466.9997785185254
-469.09388534507474
-471.21264134864435
-473.3557155377294
-473.3557155377294
-474.0448428059327
-474.7666716794699
-475.5210532377467
-476.30783280889335
-477.1268501204977
-477.9779394540562
-477.9779394540562
-477.2721207458389
-476.59882917858334
-475.9582027912145
-475.9582027912145
-473.8568538568934
-471.78005979680034
-469.7281169696089
-467.7013823036729
-465.70018491807366
-463.72485543013465
-461.77572580385856
-459.8531291909093
-457.9573997640738
-456.0888725431503
-454.24788321323194
-452.4347679353696
-450.64986314962005
-448.89350537050603
-447.16603097493834
-445.46777598267226
-443.7990758293969
-442.16026513258174
-440.55167745023164
-438.97364503272934
-437.4264985679744
-435.9105669200568
-434.4261768617336
-432.9736528010093
-431.5533165021506
-430.1654868015001
-428.8104793184834
-427.4886132384225
-426.200182830163
-424.9454992436429
-423.7248622601738
-423.7248622601738
-424.1205546580847
-424.5535664313123
-425.0237835175805
-425.53108257992
-426.07533116535313
-426.07533116535313
-428.1494971328161
-430.2508523530612
-432.37900040823257
-434.5335476410809
-436.7141033274503
-438.9202798375677
-441.1516927864076
-441.1516927864076
-444.51330064921336
-447.8854016965471
-451.2677606973171
-454.6601487152125
-458.0623429270098
-461.47412644578276
-464.8952881489437
-468.32562251104184
-471.7649294412363
-475.2130141253591
-478.6696868724792
-482.1347629658746
-485.6080625183207
-489.0894103315965
-492.57863576011357
-496.07557257856877
-499.5800588535229
-503.09193681880686
-506.6110527546567
-510.13725687048105
-513.6704031911622
-517.2103494467966
-520.7569569657788
-524.3100905711361
-527.8696184800204
-531.435412206268
-535.0073464659379
-538.5852990857403
-542.1691509142724
-545.7587857359734
-549.3540901877218
-552.954953677991
-556.5612683084886
-560.1729287981988
-563.7898324097594
-567.4118788780966
-571.0389703412484
-574.6710112733102
-578.3079084194329
-581.9495707328116
-585.5959093136004
-589.2468373496931
-592.9022700593102
-596.5621246353352
-600.2263201913437
-603.8947777092727
-607.5674199886765
-611.2441715975181
-614.9249588244486
-618.6097096325257
-622.2983536143255
-625.9908219484026
-629.6870473570564
-633.3869640653595
-637.0905077614112
-640.7976155577725
-644.5082259540487
-648.2222788005807
-651.9397152632097
-655.6604777890814
-659.3845100734565
-663.1117570274955
-663.1117570274955
-663.1117570274955
-663.1117570274955
-663.1117570274955
-663.1117570274955
-663.1117570274955
-659.3858621950117
-655.6631972034921
-651.943817381093
-648.2277792764195
-644.5151406908335
-640.8059607117362
-637.1002997468589
-633.398219559594
-629.6997833054018
-626.0050555693268
-622.3141024046636
-618.6269913728047
-618.6269913728047
-618.6269913728047
-614.9456607186794
-611.2683342483142
-607.5950620317883
-603.9259412003548
-600.261047880565
-596.6004599807405
-596.4866769878711
-592.4882611336645
-588.4898668277918
-584.491494512477
-580.4931446421257
-576.4948176837472
-572.4965141173944
-568.4982344366227
-564.4999791489674
-560.5017487764424
-556.50354385606
-552.5053649403736
-548.5072125980435
-544.5090874144279
-540.5109899922008
-536.5129209519965
-532.5148809330828
-528.516870594067
-524.518890613631
-520.5209416913029
-516.5230245482629
-512.5251399281875
-508.5272885981332
-504.5294713494625
-500.5316889988137
-496.5339423891184
-492.5362323906676
-488.53855990223036
-484.5409258522283
-480.5433311999681
-476.545776936936
-476.545776936936
-472.921498687751
-469.3033247131581
-465.6913972940602
-462.0858629104329
-458.48687238652707
-454.89458104158
-451.3091488462477
-447.7307405849741
-444.1595260245233
-440.59568008890403
-437.0393830409262
-433.4908206706319
-429.95018449085165
-426.4176719401433
-422.89348659337486
-419.377838380219
-415.8709438118322
-412.3730262159954
-408.88431598099595
-405.40505080853484
-401.93547597594494
-398.4758446080051
-395.0264179586367
-391.587465702766
-388.15926623863214
-384.74210700081494
-381.3362847842501
-377.9421060794864
-374.5598874194295
-371.18995573779824
-367.83264873950003
-364.48831528310905
-361.1573157756004
-357.84002257946116
-357.84002257946116
-353.9174843035174
-349.9966994879093
-346.0777277285659
-342.1606313235685
-338.24547542628954
-334.33232820893716
-330.42126103732846
-326.51234865779026
-322.6056693971644
-318.70130537698896
-314.79934274302275
-310.89987191139136
-307.00298783275406
-303.10879027602414
-299.2173841333247
-295.3288797480234
-291.44339326787536
-287.5610470255013
-287.5610470255013
-283.6098004644726
-279.65993974956336
-275.71152444193723
-271.76461754172584
-267.8192857380517
-263.8755996810161
-259.93363427792036
-255.99346901625339
-252.0551883162879
-248.11888191647026
-244.18464529518502
-240.2525679086827
-240.2525679086827
-236.93042228217095
-233.62952228775683
-230.3507812695869
-227.09515900634833
-223.86366414010598
-220.65735670005583
-217.47735071722562
-214.32481692425776
-211.20098553216084
-208.10714907326323
-205.0446652964977
-202.01496009753856
-199.01953046214683
-196.059947396307
-196.059947396307
-194.44085075288754
-194.44085075288754
-194.452609040414
-194.54662655160732
-194.72278413546294
-194.98085916107428
-195.32052691866346
-195.74136264787535
-196.24284416400724
-196.82435504474458
-197.48518833282046
-197.48518833282046
-199.69194834804478
-201.95382853946333
-204.2689978703961
-206.63566517599276
-209.05208144621338
-211.5165416552182
-214.02738617544534
-216.58300181436897
-219.18183637887617
-221.82234368167153
-224.5030666092624
-227.2225818003492
-229.97951309973243
-232.77253105485576
-235.60035225843305
-238.4617385607843
-241.35549617335442
-244.28047468281318
-247.2355659931538
-250.21970321133756
-253.23185949027967
-256.2710468413469
-259.3363149270364
-262.4267517798716
-265.5414766313778
-268.67964479180336
-271.8404443628018
-275.0230950471621
-278.2268469779903
-281.450979570771
-284.6948004010926
-287.9576441102549
-291.2388713404812
-294.537867701023
-297.85404276607056
-297.85404276607056
-301.7832912185637
-305.7143751207999
-309.64722456768504
-313.58177313041665
-317.5179576448209
-321.455718014841
-325.3949970299361
-329.3357401952661
-333.27789557363684
-337.22141363827507
-341.1662471355831
-345.11235095709833
-349.0596820199513
-353.00819915517565
-356.95786300327836
-360.9086359165306
-364.86048186748167
-368.8133663632427
-372.76725636512197
-376.72212021322844
-380.6779275556913
-384.63464928217104
-388.59225746136235
-392.5507252822153
-396.5100269986186
-400.4701378773126
-404.4310341488135
-408.39269296115015
-412.3550923362269
-416.3182111286422
-420.2820289868027
-424.24652631618693
-428.21168424462104
-432.17748458943976
-436.14390982641544
-440.1109430603445
-444.0785679971909
-448.0467689176902
-452.0155306523272
-455.98480818378573
-459.95461773958476
-463.92494566211457
-463.92494566211457
-463.92494566211457
-463.92494566211457
-464.92866225439695
-465.96455509328104
-465.96455509328104
-465.4475114017077
-464.9643051535
-464.51504194566417
-464.0998203519993
-463.71873181682537
-463.71873181682537
-463.71873181682537
-463.71873181682537
-459.87548489837
-456.0349336862971
-452.1971468652453
-448.36216491372727
-444.53009171758725
-444.53009171758725
-440.55355750215716
-436.5774522486315
-432.60178778496214
-428.626576376599
-424.6518307468404
-420.6775640983265
-416.7037901357507
-412.7305230898698
-408.7577777429013
-404.7855694553998
-404.7855694553998
-400.9444731866516
-397.1065148568793
-393.27178633598714
-393.27178633598714
-393.15553432782497
-393.15553432782497
-393.03919486651375
-393.03919486651375
-392.92276805738487
-392.92276805738487
-392.80625382670985
-392.80625382670985
-392.68968262283175
-388.79729790790304
-388.79729790790304
-388.6806770173405
-388.6806770173405
-388.564026538539
-384.6529751692007
-384.6529751692007
-384.53632679100537
-380.6174168899622
-380.6174168899622
-380.50076525388306
-380.50076525388306
-380.3841391718456
-376.44889473040246
-376.44889473040246
-376.3322884116015
-376.3322884116015
-376.2157050932821
-372.2658415564343
-372.2658415564343
-372.1493023524275
-372.1493023524275
-372.03284496284834
-368.0700958564689
-364.1081611740793
-360.147067834139
-356.18684385228266
-352.2275185520527
-348.2691225836517
-344.3116879994062
-340.35524833441025
-336.3998386927667
-332.4454958398815
-328.49225830130865
-324.54016646869223
-320.58926271340255
-316.6395915085216
-312.6911995598974
-308.7441359470582
-304.79845227485544
-300.8542028367942
-296.9114447911064
-292.97023835073315
-289.0306469885025
-289.0306469885025
-285.132684577269
-281.23758795236944
-277.3454778568986
-273.45648181283696
-269.5707345959791
-265.68837875066254
-261.8095651481693
-257.9344535930977
-254.06321348248073
-250.196024522968
-246.33307751199183
-242.47457511376567
-238.62073298228955
-234.7717806162845
-230.92796251387196
-227.08953938965888
-223.2567895091622
-219.43001015358178
-215.60951922954467
-211.79565704027442
-207.98878823672064
-204.1893039695494
-200.39762426558454
-196.61421585934193
-192.83954947158372
-189.07414867863045
-185.3185782710959
-181.57344822968398
-177.83941814834287
-174.11720216104592
-170.40757443601476
-166.7113753097468
-163.02951814286453
-159.3629969906688
-155.7128951934528
-152.08039500518302
-148.4667883941178
-144.8734891652748
-141.3020465722426
-137.75416060436586
-134.23169915429295
-130.73671728940488
-127.2714788674074
-123.83848074936182
-120.44047986972308
-117.0805234183477
-113.76198236803603
-110.4885885348455
-107.26447527613898
-104.09422179849587
-100.98290084528891
-97.93612923814393
-94.96012032899597
-92.06173684745654
-89.24854186802865
-86.52884464439687
-83.91173066871207
-81.40710132520088
-79.02565256012328
-76.77884730160943
-74.6788392880014
-72.73834405505235
-70.9704471478653
-70.9704471478653
-68.06476028836461
-65.274947534866
-62.616498752875515
-60.10684665061538
-57.76538816899533
-55.61337145121843
-53.673588065733675
-51.969808402103226
-50.52591288314294
-49.364711260382755
-48.50650999049846
-47.96757574924482
-47.758718086068846
-47.8842562994718
-48.341585282717574
-49.12143882362215
-49.12143882362215
-49.12143882362215
-47.10575900039435
-47.10575900039435
-47.10575900039435
-47.10575900039435
-47.10575900039435
-47.10575900039435
-47.10575900039435
-47.10575900039435
-47.10575900039435
-47.10575900039435
-47.10575900039435
