-391.9885011784485
-393.7529486722307
-395.2774686303
-396.54851311748115
-397.55491786689794
-398.28788947507684
-398.741047268625
-398.91049026884883
-398.79473785083184
-398.3947978835123
-397.7141012633626
-396.7585911626538
-395.5365654392346
-394.0587869875197
-392.3383428915988
-389.9003417732022
-387.4668652106757
-385.0381074752017
-382.6142655694549
-382.6142655694549
-379.17459223894946
-375.73220331359414
-372.2871374576862
-368.83949567433405
-365.3893484924276
-361.936768547304
-358.4818282439476
-355.02460360982593
-351.5651706373245
-348.1036365526605
-344.64005130312523
-341.17452486986787
-337.70710877990297
-334.2379175392852
-330.76703749791244
-327.2945883564546
-323.82063064441877
-320.3452865917142
-320.3452865917142
-316.42422865124456
-312.5014116553747
-308.5769304530688
-304.6508758728236
-300.72337513492323
-296.79452562410194
-292.86443549917084
-288.93324115344456
-285.00102561149976
-281.0679653610114
-277.13415451816627
-273.1997498713883
-269.26488589777426
-265.32970303364687
-261.3943463122819
-257.45900092901604
-253.52382624857572
-249.58899327449177
-245.6546816642999
-241.7211082811124
-237.78847227079874
-233.85698374243762
-229.92686291016747
-225.9983464779969
-222.07168338883693
-218.1471693184234
-214.2250833960338
-211.29264880766544
-207.43330949950104
-203.58209891898687
-199.7396250837073
-195.90657111173118
-192.08367129318069
-188.27171249818448
-184.47152606597282
-180.6840248738227
-176.91019316152259
-173.15107857019106
-169.4078136267747
-165.68165859226073
-161.97393187734622
-158.28609743526025
-154.61974781900165
-150.9766011068166
-147.35852992494662
-143.76759519766682
-140.20603310615087
-136.67629056774263
-133.1810477705197
-129.72324303380913
-126.3061156765387
-122.9332046199761
-119.54709717170657
-116.20001739969419
-116.20001739969419
-114.09496198608818
-112.11070662191226
-110.25384391716834
-108.53099389080388
-106.94872459547979
-105.51340097213263
-104.23117523916522
-103.10780254678765
-102.1485783485006
-101.35821015497955
-100.7406844565372
-100.7406844565372
-100.7406844565372
-100.7406844565372
-100.7406844565372
-100.7406844565372
-100.7406844565372
-100.7406844565372
-100.7406844565372
-100.7406844565372
-100.7406844565372
