-392.83861260070745
-395.6972973447963
-398.57562242630917
-401.47316538979356
-404.3895131339564
-407.324261745324
-410.2770163548833
-413.2473909909103
-416.23500842860443
-419.2395000371072
-422.2605056244355
-425.29767328082255
-428.3506592209188
-431.41912762526795
-434.50275048143925
-437.6012074251642
-440.7141855817944
-443.8413794083695
-446.9824905365546
-450.1372276166848
-453.3053061631269
-456.4864484011485
-459.6803831154639
-462.8868455006061
-466.1055758558366
-469.33632403122084
-472.57884245426635
-475.8328905033011
-479.0982332497959
-482.3746413219317
-485.6618907706118
-488.9597629379602
-492.2680443283353
-495.5865264818835
-498.91500585064625
-498.91500585064625
-501.1353881159895
-503.37776207160573
-503.37776207160573
-504.1813858104612
-505.0154138591519
-505.8796958377933
-506.7740769559749
-507.69839814229954
-507.69839814229954
-507.06471082807496
-506.46182339317767
-505.88984595364815
-505.34888346562127
-504.83903563172964
-504.36039681152624
-503.91305593610707
-503.49709642711224
-503.112596120272
-503.112596120272
-501.23435373803505
-499.38108703804585
-497.553075105786
-495.7505973117494
-493.97393317309536
-492.2233622105395
-490.4991638005177
-488.80161702266815
-487.13097224735503
-485.4875359145086
-483.8715852589806
-482.2833965634172
-480.72324498349724
-479.19141066695033
-477.6881534866423
-476.2137503191017
-474.76846998458024
-473.3525792440816
-471.96634260247794
-470.61002210865036
-469.2838771529008
-467.98816426190007
-466.72313689145216
-465.48904521737234
-464.28613592479195
-463.1146519962175
-461.97483249868776
-460.86691237038633
-459.7911222070798
-458.74768804876607
-458.74768804876607
-458.74768804876607
-460.81801567344365
-460.81801567344365
-464.0722981458048
-467.33815640981175
-470.6153494732072
-473.9036421849177
-477.2028050897715
-480.5126142860734
-483.8328512860628
-487.16330287927104
-490.50376099878554
-493.85402259042235
-497.2138894848005
-500.58316827230595
-503.961670180928
-507.34921095694585
-510.745610748438
-510.745610748438
-514.6983669028566
-518.6518475385751
-522.6060362136321
-526.5609169770465
-530.5164743507303
-534.4726933121908
-538.4295592779823
-542.3870580878701
-546.3451759896703
-550.3038996247349
-554.2632160140466
-558.2231125448983
-562.1835769581248
-566.1445973358631
-570.1061620898149
-574.0682599499881
-578.0308799538941
-581.9940114361798
-585.9576440186751
-589.921767600835
-593.8863723505598
-597.8514486953754
-601.816987313957
-605.782979127982
-609.7494152942958
-613.7162871973786
-613.7162871973786
-617.1740960411821
-620.6384202337459
-624.1091512782868
-627.5861828796437
-631.0694108944388
-634.5587332823817
-638.0540500586936
-641.5552632476313
-645.0622768370874
-648.5749967342492
-652.09333072229
-655.6171884180759
-659.1464812308642
-662.6811223219744
-662.6811223219744
-665.2191201277
-667.7714322079565
-670.3378950579282
-672.9183467675383
-675.5126270248796
-678.1205771186903
-680.7420399399113
-683.3768599823615
-686.02488334257
-688.6859577187964
-691.3599324092764
-694.0466583097257
-696.7459879101344
-699.4577752908862
-702.1818761182296
-704.9181476391369
-707.666448675576
-710.4266396182267
-713.198582419668
-715.9821405870657
-718.7771791743836
-718.7771791743836
-718.7771791743836
-718.7771791743836
-718.7771791743836
-715.8459245459375
-712.9250605442294
-710.0147154043918
-707.1150190070828
-704.226102892967
-701.3481002769349
-698.4811460620369
-695.6253768531082
-692.7809309700593
-689.9479484608072
-687.1265711138177
-684.3169424702338
-681.5192078355586
-678.7335142908642
-675.9600107034936
-673.198847737226
-670.4501778618687
-667.7141553622444
-664.9909363465343
-662.2806787539456
-662.2806787539456
-658.6445272212713
-655.0126174175252
-651.3850202941901
-647.7618083069174
-644.1430554529891
-640.5288373098105
-636.9192310744609
-636.9192310744609
-632.9236405722811
-628.92810619957
-624.9326290329262
-620.9372101766428
-616.9418507636027
-612.9465519562096
-608.9513149473555
-604.9561409614255
-600.9610312553443
-596.9659871196628
-592.9710098796905
-588.9761008966717
-584.9812615690118
-580.9864933335532
-576.9917976669035
-572.9971760868206
-569.0026301536546
-565.0081614718521
-561.0137716915228
-557.0194625100758
-553.0252356739239
-549.0310929802649
-549.0310929802649
-545.2693548862586
-541.5110320165849
-537.7561959772054
-534.004920320684
-530.257280610218
-526.5133544860989
-522.7732217347053
-519.036964360131
-515.3046666585644
-511.57641529553166
-507.8522993861267
-504.1324105783555
-500.41684313972576
-496.7056940472214
-492.9990630808062
-489.297052920607
-485.59976924793483
-481.9073208503079
-478.2198197306479
-474.53738122082956
-470.86012409976934
-467.1881707162492
-463.5216471166778
-459.86068317800175
-456.2054127459874
-452.5559737791037
-448.9125084982446
-445.27516354254254
-441.64409013153033
-438.01944423392246
-434.4013867432965
-430.79008366096537
-427.1857062863431
-423.58843141511755
-419.99844154555564
-416.4159250932762
-412.84107661484006
-409.2740970405154
-405.71519391658967
-402.16458165761
-398.62248180894494
-395.08912332007145
-391.5647428289993
-388.04958495825736
-384.54390262287217
-381.04795735077755
-381.04795735077755
-383.5159442362275
-386.00960253831437
-386.00960253831437
-382.49182749179005
-378.9836184360069
-375.4852435000691
-371.99698013341623
-368.51911547309743
-365.051946725921
-365.051946725921
-367.4738271434355
-367.4738271434355
-364.00017179774574
-360.53742746177
-357.08591155537266
-353.6459528405911
-353.6459528405911
-356.0247938773813
-358.43248713880723
-358.43248713880723
-354.96762057286327
-351.51411859614825
-348.0723194801786
-344.642573839643
-344.642573839643
-340.6841685512751
-336.7267464723486
-332.770342680884
-328.8149939339332
-324.8607387686483
-320.9076176106937
-316.95567289062745
-313.0049491689381
-309.0554932704942
-305.1073544292359
-301.16058444402404
-297.2152378466568
-293.2713720831669
-293.2713720831669
-289.37919525014473
-285.4899988594175
-281.60390639856143
-281.60390639856143
-278.4079193781204
-275.2329539168582
-272.0797459330003
-268.9490606935703
-265.8416939171933
-262.75846161861995
-259.7002352700752
-256.66790871904624
-253.66241079989058
-250.68470647238095
-247.73579794854584
-244.81672579909494
-241.92857002946823
-239.0724511141862
-236.24953097670726
-233.46101390041756
-230.70814735469423
-227.99222271820423
-225.31457587973915
-222.67658769496583
-222.67658769496583
-222.67658769496583
-223.05809504293222
-223.05809504293222
-225.01865163814912
-227.0327582220389
-229.0990024569072
-231.21598657441552
-233.38232981182992
-235.5966834899784
-237.8576814063333
-240.1640186133293
-242.51440157029342
-244.90756215657905
-247.34225869015356
-249.81727675723752
-252.33142986723766
-254.88355994703602
-257.47253768837373
-260.09726276163485
-262.7566639088073
-265.4496989278083
-268.1753545597159
-270.9326462897776
-273.7206180723719
-276.53834198940285
-276.53834198940285
-280.2509987603699
-283.9714598514367
-287.69942249188085
-291.43459880769433
-295.1767149527146
-298.9255102971054
-302.68073666906514
-306.44215764595026
-310.20954789128797
-313.98269253441896
-317.7613865897555
-321.5454344128664
-325.3346491908114
-329.128852464338
-332.9278736797357
-336.731549768302
-340.53972475153205
-344.35224937027834
-348.1689807362596
-351.98978200441525
-355.81452206471283
-359.64307525211524
-363.4753210735106
-367.3111439504919
-371.15043297695433
-374.9930816905517
-378.8389878571202
-382.6880532672428
-386.5401835441837
-390.39528796247635
-394.2532792764985
-398.11407355841493
-401.97759004490746
-405.8437509921555
-409.71248153856396
-413.58370957477024
-417.457365620493
-421.3333827078155
-425.2116962705205
-429.0922440391234
-432.974965941268
-436.85980400717597
-440.74670227985655
-444.63560672980657
-448.526465173943
-452.4192271985307
-456.3138440858808
-460.2102687446095
-464.1084854869938
-468.0083906029534
-471.9099713256083
-475.8131864359589
-479.7179960395265
-483.62436151423566
-483.62436151423566
-483.62436151423566
-485.7436651958417
-487.8865579365111
-490.05273028705
-492.2418749129909
-494.4536866920196
-494.4536866920196
-495.22186939236536
-496.0211199683483
-496.8512884897115
-497.71221921656877
-498.6037539414755
-499.5257288018661
-500.4779755683499
-501.460321786686
-502.4725909214092
-503.51460250085637
-504.58617226334235
-505.6871123042407
-506.81723122372875
-507.97633427495975
-509.1642235124334
-510.3806979403386
-511.62555366065277
-512.8985840207849
-512.8985840207849
-512.6247206453971
-512.381938538812
-512.1702819010341
-511.9897893338818
-511.8404938059267
-511.7224226224716
-511.6355974006326
-511.6355974006326
-511.6355974006326
-511.6355974006326
-507.88414508005246
-504.13651394963165
-500.39278986439865
-496.6530611771794
-492.91741882636654
-489.18595642723636
-485.4587703669695
-481.73595990354283
-478.017627268664
-474.303877774931
-470.594819927406
-466.89056553980237
-463.1912298554917
-459.4969316735502
-455.807793480069
-455.807793480069
-451.8077925101012
-447.8077916190262
-443.80779080897724
-439.80779008216507
-435.80778944088155
-431.8077888875036
-427.80778842449695
-423.8077880544204
-419.8077877799304
-415.80778760378547
-411.8077875288514
-407.8077875581063
-403.8077876946465
-399.80778794169197
-395.80778830259305
-391.8077887808368
-387.80778938005426
-383.8077901040276
-379.8077909566986
-375.8077919421767
-371.8077930647482
-367.80779432888585
-363.8077957392591
-359.8077973007452
-355.8077990184405
-351.80780089767325
-347.8078029440167
-343.80780516330367
-339.8078075616414
-335.80781014542833
-331.8078129213712
-327.8078158965043
-323.8078190782094
-319.8078224742375
-315.80782609273257
-311.8078299422562
-307.8078340318151
-303.8078383708904
-299.80784296946905
-295.8078478380784
-291.80785298782274
-287.80785843042395
-283.8078641782646
-279.8078702444353
-275.80787664278614
-271.8078833879825
-267.8078904955658
-263.8078979820202
-259.807905864845
-255.8079141626339
-251.80792289516214
-247.80793208348175
-243.80794175002632
-239.8079519187262
-235.80796261513544
-231.80797386657184
-227.80798570227196
-223.80799815356235
-219.80801125404994
-215.80802503983315
-211.80803954973737
-207.80805482557722
-203.80807091244995
-199.80808785906416
-195.8081057181084
-191.80812454666636
-187.8081444066848
-183.80816536550273
-179.80818749645127
-175.80821087953512
-171.80823560220955
-167.80826176026835
-163.80828945886188
-159.80831881366802
-155.8083499522435
-151.8083830155889
-147.8084181599676
-143.80845555902852
-139.80849540629302
-135.8085379180815
-131.80858333697256
-127.80863193591206
-123.80868402311843
-119.80873994797066
-115.80880010811651
-111.8088649581063
-107.80893501994885
-103.80901089610765
-99.80909328562194
-95.80918300426586
-91.80928100997727
-87.80938843523613
-83.80950662871442
-79.80963720944992
-75.80978213816896
-71.80994381244432
-67.81013280975685
-63.81034522269324
-59.81058574895998
-55.81086043289491
-51.811177185221645
-47.81154656365724
-43.81198298104153
-39.81250664157378
-35.81314677421711
-31.813947304442646
-27.814977417572457
-23.81635276070318
-19.818282300351314
-15.821186184435044
-11.826052412393343
-7.835883068982495
-3.8660763535192113
-3.8660763535192113
-2.2353743203599805
-5.200701454677004
-9.005428094455619
-12.928581398719581
-16.887828193033044
-20.862629447091802
-24.845521046882848
-24.845521046882848
-28.67524531141282
-32.545958850840094
-36.444605327388025
-40.36309035861971
-44.29614943770661
-48.240217999068875
-52.19280023210346
-56.15209831715414
-56.15209831715414
-56.15209831715414
-56.15209831715414
-56.15209831715414
-56.15209831715414
-56.15209831715414
-56.15209831715414
-56.15209831715414
-56.15209831715414
-56.15209831715414
