57.79964065551758 447.62530517578125 0.8615788221359253
55.78639602661133 445.09002685546875 0.9377594590187073
53.97194290161133 442.40887451171875 1.0139400959014893
52.36680603027344 439.597412109375 1.0901206731796265
50.98029708862305 436.67193603515625 1.1663012504577637
49.820457458496094 433.6494140625 1.2424818277359009
48.89401626586914 430.5473937988281 1.318662405014038
48.20634841918945 427.38385009765625 1.3948429822921753
47.506160736083984 423.44561767578125 1.3948429822921753
46.805973052978516 419.50738525390625 1.3948429822921753
46.10578536987305 415.56915283203125 1.3948429822921753
45.40559768676758 411.63092041015625 1.3948429822921753
44.70541000366211 407.69268798828125 1.3948429822921753
44.00522232055664 403.75445556640625 1.3948429822921753
43.30503463745117 399.81622314453125 1.3948429822921753
42.6048469543457 395.87799072265625 1.3948429822921753
41.904659271240234 391.93975830078125 1.3948429822921753
41.204471588134766 388.00152587890625 1.3948429822921753
40.5042839050293 384.06329345703125 1.3948429822921753
39.80409622192383 380.12506103515625 1.3948429822921753
39.10390853881836 376.18682861328125 1.3948429822921753
38.40372085571289 372.24859619140625 1.3948429822921753
37.70353317260742 368.31036376953125 1.3948429822921753
37.00334548950195 364.37213134765625 1.3948429822921753
36.303157806396484 360.43389892578125 1.3948429822921753
35.602970123291016 356.49566650390625 1.3948429822921753
34.90278244018555 352.55743408203125 1.3948429822921753
34.20259475708008 348.61920166015625 1.3948429822921753
33.50240707397461 344.68096923828125 1.3948429822921753
32.80221939086914 340.74273681640625 1.3948429822921753
32.10203170776367 336.80450439453125 1.3948429822921753
31.401844024658203 332.86627197265625 1.3948429822921753
30.701656341552734 328.92803955078125 1.3948429822921753
30.001468658447266 324.98980712890625 1.3948429822921753
29.301280975341797 321.05157470703125 1.3948429822921753
28.601093292236328 317.11334228515625 1.3948429822921753
27.90090560913086 313.17510986328125 1.3948429822921753
27.20071792602539 309.23687744140625 1.3948429822921753
26.500530242919922 305.29864501953125 1.3948429822921753
25.800342559814453 301.36041259765625 1.3948429822921753
25.100154876708984 297.42218017578125 1.3948429822921753
24.399967193603516 293.48394775390625 1.3948429822921753
23.699779510498047 289.54571533203125 1.3948429822921753
22.999591827392578 285.60748291015625 1.3948429822921753
22.29940414428711 281.66925048828125 1.3948429822921753
21.59921646118164 277.73101806640625 1.3948429822921753
20.899028778076172 273.79278564453125 1.3948429822921753
20.198841094970703 269.85455322265625 1.3948429822921753
19.498653411865234 265.91632080078125 1.3948429822921753
18.798465728759766 261.97808837890625 1.3948429822921753
18.798465728759766 261.97808837890625 1.3948429822921753
18.798465728759766 261.97808837890625 1.3948429822921753
18.798465728759766 261.97808837890625 1.3948429822921753
18.798465728759766 261.97808837890625 1.3948429822921753
18.798465728759766 261.97808837890625 1.3948429822921753
18.798465728759766 261.97808837890625 1.3948429822921753
18.798465728759766 261.97808837890625 1.3948429822921753
18.798465728759766 261.97808837890625 1.3948429822921753
18.798465728759766 261.97808837890625 1.3948429822921753
18.798465728759766 261.97808837890625 1.3948429822921753
