62.828426361083984 452.82843017578125 0.7853981852531433
65.65685272216797 455.6568603515625 0.7853981852531433
68.48528289794922 458.48529052734375 0.7853981852531433
71.31371307373047 461.313720703125 0.7853981852531433
74.14214324951172 464.14215087890625 0.7853981852531433
76.97057342529297 466.9705810546875 0.7853981852531433
79.79900360107422 469.79901123046875 0.7853981852531433
82.62743377685547 472.62744140625 0.7853981852531433
85.45586395263672 475.45587158203125 0.7853981852531433
88.28429412841797 478.2843017578125 0.7853981852531433
91.11272430419922 481.11273193359375 0.7853981852531433
93.94115447998047 483.941162109375 0.7853981852531433
96.76958465576172 486.76959228515625 0.7853981852531433
99.59801483154297 489.5980224609375 0.7853981852531433
102.42644500732422 492.42645263671875 0.7853981852531433
105.25487518310547 495.2548828125 0.7853981852531433
108.08330535888672 498.08331298828125 0.7853981852531433
110.91173553466797 500.9117431640625 0.7853981852531433
113.74016571044922 503.74017333984375 0.7853981852531433
116.56859588623047 506.568603515625 0.7853981852531433
119.39702606201172 509.39703369140625 0.7853981852531433
122.22545623779297 512.2254638671875 0.7853981852531433
125.05388641357422 515.0538940429688 0.7853981852531433
127.88231658935547 517.88232421875 0.7853981852531433
130.7107391357422 520.7107543945312 0.7853981852531433
133.53916931152344 523.5391845703125 0.7853981852531433
136.3675994873047 526.3676147460938 0.7853981852531433
139.19602966308594 529.196044921875 0.7853981852531433
142.0244598388672 532.0244750976562 0.7853981852531433
144.85289001464844 534.8529052734375 0.7853981852531433
147.6813201904297 537.6813354492188 0.7853981852531433
150.50975036621094 540.509765625 0.7853981852531433
150.50975036621094 540.509765625 0.38539817929267883
154.21633911132812 542.0134887695312 0.38539817929267883
157.9229278564453 543.5172119140625 0.38539817929267883
161.6295166015625 545.0209350585938 0.38539817929267883
161.6295166015625 545.0209350585938 -0.014601826667785645
165.62908935546875 544.9625244140625 -0.014601826667785645
169.628662109375 544.9041137695312 -0.014601826667785645
173.62823486328125 544.845703125 -0.014601826667785645
177.6278076171875 544.7872924804688 -0.014601826667785645
181.62738037109375 544.7288818359375 -0.014601826667785645
185.626953125 544.6704711914062 -0.014601826667785645
185.626953125 544.6704711914062 -0.4146018326282501
189.28805541992188 543.0591430664062 -0.4146018326282501
192.94915771484375 541.4478149414062 -0.4146018326282501
196.61026000976562 539.8364868164062 -0.4146018326282501
200.2713623046875 538.2251586914062 -0.4146018326282501
203.93246459960938 536.6138305664062 -0.4146018326282501
207.59356689453125 535.0025024414062 -0.4146018326282501
211.25466918945312 533.3911743164062 -0.4146018326282501
214.915771484375 531.7798461914062 -0.4146018326282501
214.915771484375 531.7798461914062 -0.8146018385887146
217.660400390625 528.8700561523438 -0.8146018385887146
220.405029296875 525.9602661132812 -0.8146018385887146
223.149658203125 523.0504760742188 -0.8146018385887146
225.894287109375 520.1406860351562 -0.8146018385887146
228.638916015625 517.2308959960938 -0.8146018385887146
231.383544921875 514.3211059570312 -0.8146018385887146
234.128173828125 511.4112854003906 -0.8146018385887146
236.872802734375 508.50146484375 -0.8146018385887146
239.617431640625 505.5916442871094 -0.8146018385887146
242.362060546875 502.68182373046875 -0.8146018385887146
245.106689453125 499.7720031738281 -0.8146018385887146
247.851318359375 496.8621826171875 -0.8146018385887146
250.595947265625 493.9523620605469 -0.8146018385887146
253.340576171875 491.04254150390625 -0.8146018385887146
256.085205078125 488.1327209472656 -0.8146018385887146
258.829833984375 485.222900390625 -0.8146018385887146
261.574462890625 482.3130798339844 -0.8146018385887146
264.319091796875 479.40325927734375 -0.8146018385887146
267.063720703125 476.4934387207031 -0.8146018385887146
269.808349609375 473.5836181640625 -0.8146018385887146
272.552978515625 470.6737976074219 -0.8146018385887146
275.297607421875 467.76397705078125 -0.8146018385887146
278.042236328125 464.8541564941406 -0.8146018385887146
280.786865234375 461.9443359375 -0.8146018385887146
283.531494140625 459.0345153808594 -0.8146018385887146
286.276123046875 456.12469482421875 -0.8146018385887146
289.020751953125 453.2148742675781 -0.8146018385887146
291.765380859375 450.3050537109375 -0.8146018385887146
294.510009765625 447.3952331542969 -0.8146018385887146
297.254638671875 444.48541259765625 -0.8146018385887146
297.254638671875 444.48541259765625 -0.4146018326282501
300.9157409667969 442.8741149902344 -0.4146018326282501
304.57684326171875 441.2628173828125 -0.4146018326282501
308.2379455566406 439.6515197753906 -0.4146018326282501
311.8990478515625 438.04022216796875 -0.4146018326282501
315.5601501464844 436.4289245605469 -0.4146018326282501
319.22125244140625 434.817626953125 -0.4146018326282501
319.22125244140625 434.817626953125 -0.014601826667785645
323.2208251953125 434.75921630859375 -0.014601826667785645
327.22039794921875 434.7008056640625 -0.014601826667785645
331.219970703125 434.64239501953125 -0.014601826667785645
335.21954345703125 434.583984375 -0.014601826667785645
339.2191162109375 434.52557373046875 -0.014601826667785645
343.21868896484375 434.4671630859375 -0.014601826667785645
347.21826171875 434.40875244140625 -0.014601826667785645
351.21783447265625 434.350341796875 -0.014601826667785645
351.21783447265625 434.350341796875 0.38539817929267883
351.21783447265625 434.350341796875 0.7853981852531433
354.0462646484375 437.17877197265625 0.7853981852531433
356.87469482421875 440.0072021484375 0.7853981852531433
359.703125 442.83563232421875 0.7853981852531433
362.53155517578125 445.6640625 0.7853981852531433
365.3599853515625 448.49249267578125 0.7853981852531433
368.18841552734375 451.3209228515625 0.7853981852531433
371.016845703125 454.14935302734375 0.7853981852531433
373.84527587890625 456.977783203125 0.7853981852531433
376.6737060546875 459.80621337890625 0.7853981852531433
379.50213623046875 462.6346435546875 0.7853981852531433
382.33056640625 465.46307373046875 0.7853981852531433
385.15899658203125 468.29150390625 0.7853981852531433
387.9874267578125 471.11993408203125 0.7853981852531433
390.81585693359375 473.9483642578125 0.7853981852531433
393.644287109375 476.77679443359375 0.7853981852531433
396.47271728515625 479.605224609375 0.7853981852531433
399.3011474609375 482.43365478515625 0.7853981852531433
402.12957763671875 485.2620849609375 0.7853981852531433
404.9580078125 488.09051513671875 0.7853981852531433
407.78643798828125 490.9189453125 0.7853981852531433
410.6148681640625 493.74737548828125 0.7853981852531433
413.44329833984375 496.5758056640625 0.7853981852531433
416.271728515625 499.40423583984375 0.7853981852531433
419.10015869140625 502.232666015625 0.7853981852531433
421.9285888671875 505.06109619140625 0.7853981852531433
424.75701904296875 507.8895263671875 0.7853981852531433
427.58544921875 510.71795654296875 0.7853981852531433
430.41387939453125 513.54638671875 0.7853981852531433
433.2423095703125 516.3748168945312 0.7853981852531433
436.07073974609375 519.2032470703125 0.7853981852531433
438.899169921875 522.0316772460938 0.7853981852531433
441.72760009765625 524.860107421875 0.7853981852531433
444.5560302734375 527.6885375976562 0.7853981852531433
447.38446044921875 530.5169677734375 0.7853981852531433
450.212890625 533.3453979492188 0.7853981852531433
453.04132080078125 536.173828125 0.7853981852531433
455.8697509765625 539.0022583007812 0.7853981852531433
458.69818115234375 541.8306884765625 0.7853981852531433
458.69818115234375 541.8306884765625 0.38539817929267883
462.40478515625 543.3344116210938 0.38539817929267883
466.11138916015625 544.838134765625 0.38539817929267883
469.8179931640625 546.3418579101562 0.38539817929267883
473.52459716796875 547.8455810546875 0.38539817929267883
477.231201171875 549.3493041992188 0.38539817929267883
480.93780517578125 550.85302734375 0.38539817929267883
484.6444091796875 552.3567504882812 0.38539817929267883
488.35101318359375 553.8604736328125 0.38539817929267883
492.0576171875 555.3641967773438 0.38539817929267883
495.76422119140625 556.867919921875 0.38539817929267883
495.76422119140625 556.867919921875 -0.014601826667785645
499.7637939453125 556.8095092773438 -0.014601826667785645
503.76336669921875 556.7510986328125 -0.014601826667785645
507.762939453125 556.6926879882812 -0.014601826667785645
511.76251220703125 556.63427734375 -0.014601826667785645
515.7620849609375 556.5758666992188 -0.014601826667785645
515.7620849609375 556.5758666992188 -0.4146018326282501
519.4232177734375 554.9645385742188 -0.4146018326282501
523.0843505859375 553.3532104492188 -0.4146018326282501
526.7454833984375 551.7418823242188 -0.4146018326282501
530.4066162109375 550.1305541992188 -0.4146018326282501
534.0677490234375 548.5192260742188 -0.4146018326282501
537.7288818359375 546.9078979492188 -0.4146018326282501
537.7288818359375 546.9078979492188 -0.8146018385887146
540.4735107421875 543.9981079101562 -0.8146018385887146
543.2181396484375 541.0883178710938 -0.8146018385887146
543.2181396484375 541.0883178710938 -1.2146018743515015
544.6129760742188 537.3394165039062 -1.2146018743515015
546.0078125 533.5905151367188 -1.2146018743515015
547.4026489257812 529.8416137695312 -1.2146018743515015
548.7974853515625 526.0927124023438 -1.2146018743515015
550.1923217773438 522.3438110351562 -1.2146018743515015
551.587158203125 518.5949096679688 -1.2146018743515015
552.9819946289062 514.8460083007812 -1.2146018743515015
554.3768310546875 511.0970764160156 -1.2146018743515015
554.3768310546875 511.0970764160156 -1.6146018505096436
554.20166015625 507.1009216308594 -1.6146018505096436
554.0264892578125 503.1047668457031 -1.6146018505096436
553.851318359375 499.1086120605469 -1.6146018505096436
553.6761474609375 495.1124572753906 -1.6146018505096436
553.5009765625 491.1163024902344 -1.6146018505096436
553.3258056640625 487.1201477050781 -1.6146018505096436
553.150634765625 483.1239929199219 -1.6146018505096436
552.9754638671875 479.1278381347656 -1.6146018505096436
552.80029296875 475.1316833496094 -1.6146018505096436
552.80029296875 475.1316833496094 -2.014601945877075
551.082763671875 471.5191955566406 -2.014601945877075
549.365234375 467.9067077636719 -2.014601945877075
549.365234375 467.9067077636719 -2.414602041244507
546.3765258789062 465.2481994628906 -2.414602041244507
543.3878173828125 462.5896911621094 -2.414602041244507
540.3991088867188 459.9311828613281 -2.414602041244507
537.410400390625 457.2726745605469 -2.414602041244507
534.4216918945312 454.6141662597656 -2.414602041244507
531.4329833984375 451.9556579589844 -2.414602041244507
528.4442749023438 449.2971496582031 -2.414602041244507
525.45556640625 446.6386413574219 -2.414602041244507
522.4668579101562 443.9801330566406 -2.414602041244507
519.4781494140625 441.3216247558594 -2.414602041244507
516.4894409179688 438.6631164550781 -2.414602041244507
513.500732421875 436.0046081542969 -2.414602041244507
510.51202392578125 433.3460998535156 -2.414602041244507
507.5233154296875 430.6875915527344 -2.414602041244507
504.53460693359375 428.0290832519531 -2.414602041244507
501.5458984375 425.3705749511719 -2.414602041244507
498.55718994140625 422.7120666503906 -2.414602041244507
495.5684814453125 420.0535583496094 -2.414602041244507
492.57977294921875 417.3950500488281 -2.414602041244507
489.591064453125 414.7365417480469 -2.414602041244507
486.60235595703125 412.0780334472656 -2.414602041244507
486.60235595703125 412.0780334472656 -2.8146021366119385
482.8143005371094 410.7932434082031 -2.8146021366119385
479.0262451171875 409.5084533691406 -2.8146021366119385
475.2381896972656 408.2236633300781 -2.8146021366119385
471.45013427734375 406.9388732910156 -2.8146021366119385
467.6620788574219 405.6540832519531 -2.8146021366119385
463.8740234375 404.3692932128906 -2.8146021366119385
460.0859680175781 403.0845031738281 -2.8146021366119385
456.29791259765625 401.7997131347656 -2.8146021366119385
452.5098571777344 400.5149230957031 -2.8146021366119385
448.7218017578125 399.2301330566406 -2.8146021366119385
444.9337463378906 397.9453430175781 -2.8146021366119385
441.14569091796875 396.6605529785156 -2.8146021366119385
437.3576354980469 395.3757629394531 -2.8146021366119385
433.569580078125 394.0909729003906 -2.8146021366119385
429.7815246582031 392.8061828613281 -2.8146021366119385
425.99346923828125 391.5213928222656 -2.8146021366119385
422.2054138183594 390.2366027832031 -2.8146021366119385
418.4173583984375 388.9518127441406 -2.8146021366119385
414.6293029785156 387.6670227050781 -2.8146021366119385
410.84124755859375 386.3822326660156 -2.8146021366119385
407.0531921386719 385.0974426269531 -2.8146021366119385
403.26513671875 383.8126525878906 -2.8146021366119385
399.4770812988281 382.5278625488281 -2.8146021366119385
395.68902587890625 381.2430725097656 -2.8146021366119385
391.9009704589844 379.9582824707031 -2.8146021366119385
388.1129150390625 378.6734924316406 -2.8146021366119385
384.3248596191406 377.3887023925781 -2.8146021366119385
380.53680419921875 376.1039123535156 -2.8146021366119385
376.7487487792969 374.8191223144531 -2.8146021366119385
372.960693359375 373.5343322753906 -2.8146021366119385
369.1726379394531 372.2495422363281 -2.8146021366119385
365.38458251953125 370.9647521972656 -2.8146021366119385
361.5965270996094 369.6799621582031 -2.8146021366119385
357.8084716796875 368.3951721191406 -2.8146021366119385
354.0204162597656 367.1103820800781 -2.8146021366119385
350.23236083984375 365.8255920410156 -2.8146021366119385
346.4443054199219 364.5408020019531 -2.8146021366119385
342.65625 363.2560119628906 -2.8146021366119385
338.8681945800781 361.9712219238281 -2.8146021366119385
338.8681945800781 361.9712219238281 -2.414602041244507
335.8794860839844 359.3127136230469 -2.414602041244507
332.8907775878906 356.6542053222656 -2.414602041244507
329.9020690917969 353.9956970214844 -2.414602041244507
326.9133605957031 351.3371887207031 -2.414602041244507
323.9246520996094 348.6786804199219 -2.414602041244507
320.9359436035156 346.0201721191406 -2.414602041244507
317.9472351074219 343.3616638183594 -2.414602041244507
314.9585266113281 340.7031555175781 -2.414602041244507
311.9698181152344 338.0446472167969 -2.414602041244507
308.9811096191406 335.3861389160156 -2.414602041244507
305.9924011230469 332.7276306152344 -2.414602041244507
303.0036926269531 330.0691223144531 -2.414602041244507
300.0149841308594 327.4106140136719 -2.414602041244507
297.0262756347656 324.7521057128906 -2.414602041244507
294.0375671386719 322.0935974121094 -2.414602041244507
291.0488586425781 319.4350891113281 -2.414602041244507
288.0601501464844 316.7765808105469 -2.414602041244507
285.0714416503906 314.1180725097656 -2.414602041244507
282.0827331542969 311.4595642089844 -2.414602041244507
279.0940246582031 308.8010559082031 -2.414602041244507
276.1053161621094 306.1425476074219 -2.414602041244507
273.1166076660156 303.4840393066406 -2.414602041244507
270.1278991699219 300.8255310058594 -2.414602041244507
267.1391906738281 298.1670227050781 -2.414602041244507
264.1504821777344 295.5085144042969 -2.414602041244507
261.1617736816406 292.8500061035156 -2.414602041244507
258.1730651855469 290.1914978027344 -2.414602041244507
255.18435668945312 287.5329895019531 -2.414602041244507
252.19564819335938 284.8744812011719 -2.414602041244507
249.20693969726562 282.2159729003906 -2.414602041244507
246.21823120117188 279.5574645996094 -2.414602041244507
243.22952270507812 276.8989562988281 -2.414602041244507
240.24081420898438 274.2404479980469 -2.414602041244507
237.25210571289062 271.5819396972656 -2.414602041244507
234.26339721679688 268.9234313964844 -2.414602041244507
231.27468872070312 266.2649230957031 -2.414602041244507
228.28598022460938 263.6064147949219 -2.414602041244507
225.29727172851562 260.9479064941406 -2.414602041244507
222.30856323242188 258.2893981933594 -2.414602041244507
219.31985473632812 255.6309051513672 -2.414602041244507
216.33114624023438 252.972412109375 -2.414602041244507
216.33114624023438 252.972412109375 -2.014601945877075
214.61363220214844 249.3599090576172 -2.014601945877075
212.8961181640625 245.74740600585938 -2.014601945877075
211.17860412597656 242.13490295410156 -2.014601945877075
209.46109008789062 238.52239990234375 -2.014601945877075
207.7435760498047 234.90989685058594 -2.014601945877075
206.02606201171875 231.29739379882812 -2.014601945877075
204.3085479736328 227.6848907470703 -2.014601945877075
204.3085479736328 227.6848907470703 -1.614601969718933
204.1333770751953 223.688720703125 -1.614601969718933
203.9582061767578 219.6925506591797 -1.614601969718933
203.7830352783203 215.69638061523438 -1.614601969718933
203.6078643798828 211.70021057128906 -1.614601969718933
203.4326934814453 207.70404052734375 -1.614601969718933
203.2575225830078 203.70787048339844 -1.614601969718933
203.0823516845703 199.71170043945312 -1.614601969718933
202.9071807861328 195.7155303955078 -1.614601969718933
202.7320098876953 191.7193603515625 -1.614601969718933
202.5568389892578 187.7231903076172 -1.614601969718933
202.3816680908203 183.72702026367188 -1.614601969718933
202.2064971923828 179.73085021972656 -1.614601969718933
202.0313262939453 175.73468017578125 -1.614601969718933
202.0313262939453 175.73468017578125 -1.214601993560791
202.0313262939453 175.73468017578125 -0.8146020174026489
204.7759552001953 172.8248748779297 -0.8146020174026489
207.5205841064453 169.91506958007812 -0.8146020174026489
210.2652130126953 167.00526428222656 -0.8146020174026489
213.0098419189453 164.095458984375 -0.8146020174026489
215.7544708251953 161.18565368652344 -0.8146020174026489
218.4990997314453 158.27584838867188 -0.8146020174026489
221.2437286376953 155.3660430908203 -0.8146020174026489
223.9883575439453 152.45623779296875 -0.8146020174026489
226.7329864501953 149.5464324951172 -0.8146020174026489
226.7329864501953 149.5464324951172 -0.41460201144218445
226.7329864501953 149.5464324951172 -0.01460200548171997
226.7329864501953 149.5464324951172 0.3853980004787445
230.4395751953125 151.05014038085938 0.3853980004787445
234.1461639404297 152.55384826660156 0.3853980004787445
237.85275268554688 154.05755615234375 0.3853980004787445
241.55934143066406 155.56126403808594 0.3853980004787445
245.26593017578125 157.06497192382812 0.3853980004787445
248.97251892089844 158.5686798095703 0.3853980004787445
252.67910766601562 160.0723876953125 0.3853980004787445
256.3857116699219 161.5760955810547 0.3853980004787445
260.0923156738281 163.07980346679688 0.3853980004787445
263.7989196777344 164.58351135253906 0.3853980004787445
267.5055236816406 166.08721923828125 0.3853980004787445
271.2121276855469 167.59092712402344 0.3853980004787445
274.9187316894531 169.09463500976562 0.3853980004787445
278.6253356933594 170.5983428955078 0.3853980004787445
282.3319396972656 172.10205078125 0.3853980004787445
286.0385437011719 173.6057586669922 0.3853980004787445
289.7451477050781 175.10946655273438 0.3853980004787445
293.4517517089844 176.61317443847656 0.3853980004787445
297.1583557128906 178.11688232421875 0.3853980004787445
300.8649597167969 179.62059020996094 0.3853980004787445
304.5715637207031 181.12429809570312 0.3853980004787445
308.2781677246094 182.6280059814453 0.3853980004787445
311.9847717285156 184.1317138671875 0.3853980004787445
315.6913757324219 185.6354217529297 0.3853980004787445
319.3979797363281 187.13912963867188 0.3853980004787445
323.1045837402344 188.64283752441406 0.3853980004787445
326.8111877441406 190.14654541015625 0.3853980004787445
330.5177917480469 191.65025329589844 0.3853980004787445
334.2243957519531 193.15396118164062 0.3853980004787445
337.9309997558594 194.6576690673828 0.3853980004787445
341.6376037597656 196.161376953125 0.3853980004787445
345.3442077636719 197.6650848388672 0.3853980004787445
349.0508117675781 199.16879272460938 0.3853980004787445
352.7574157714844 200.67250061035156 0.3853980004787445
356.4640197753906 202.17620849609375 0.3853980004787445
360.1706237792969 203.67991638183594 0.3853980004787445
363.8772277832031 205.18362426757812 0.3853980004787445
367.5838317871094 206.6873321533203 0.3853980004787445
371.2904357910156 208.1910400390625 0.3853980004787445
374.9970397949219 209.6947479248047 0.3853980004787445
378.7036437988281 211.19845581054688 0.3853980004787445
382.4102478027344 212.70216369628906 0.3853980004787445
386.1168518066406 214.20587158203125 0.3853980004787445
389.8234558105469 215.70957946777344 0.3853980004787445
393.5300598144531 217.21328735351562 0.3853980004787445
397.2366638183594 218.7169952392578 0.3853980004787445
400.9432678222656 220.220703125 0.3853980004787445
404.6498718261719 221.7244110107422 0.3853980004787445
408.3564758300781 223.22811889648438 0.3853980004787445
412.0630798339844 224.73182678222656 0.3853980004787445
415.7696838378906 226.23553466796875 0.3853980004787445
419.4762878417969 227.73924255371094 0.3853980004787445
423.1828918457031 229.24295043945312 0.3853980004787445
426.8894958496094 230.7466583251953 0.3853980004787445
430.5960998535156 232.2503662109375 0.3853980004787445
434.3027038574219 233.7540740966797 0.3853980004787445
438.0093078613281 235.25778198242188 0.3853980004787445
441.7159118652344 236.76148986816406 0.3853980004787445
445.4225158691406 238.26519775390625 0.3853980004787445
449.1291198730469 239.76890563964844 0.3853980004787445
452.8357238769531 241.27261352539062 0.3853980004787445
456.5423278808594 242.7763214111328 0.3853980004787445
460.2489318847656 244.280029296875 0.3853980004787445
463.9555358886719 245.7837371826172 0.3853980004787445
467.6621398925781 247.28744506835938 0.3853980004787445
471.3687438964844 248.79115295410156 0.3853980004787445
475.0753479003906 250.29486083984375 0.3853980004787445
478.7819519042969 251.79856872558594 0.3853980004787445
482.4885559082031 253.30227661132812 0.3853980004787445
486.1951599121094 254.8059844970703 0.3853980004787445
489.9017639160156 256.3096923828125 0.3853980004787445
493.6083679199219 257.81341552734375 0.3853980004787445
497.3149719238281 259.317138671875 0.3853980004787445
501.0215759277344 260.82086181640625 0.3853980004787445
504.7281799316406 262.3245849609375 0.3853980004787445
508.4347839355469 263.82830810546875 0.3853980004787445
512.141357421875 265.33203125 0.3853980004787445
515.8479614257812 266.83575439453125 0.3853980004787445
519.5545654296875 268.3394775390625 0.3853980004787445
523.2611694335938 269.84320068359375 0.3853980004787445
526.9677734375 271.346923828125 0.3853980004787445
530.6743774414062 272.85064697265625 0.3853980004787445
534.3809814453125 274.3543701171875 0.3853980004787445
538.0875854492188 275.85809326171875 0.3853980004787445
541.794189453125 277.36181640625 0.3853980004787445
541.794189453125 277.36181640625 0.785398006439209
544.6226196289062 280.19024658203125 0.785398006439209
547.4510498046875 283.0186767578125 0.785398006439209
550.2794799804688 285.84710693359375 0.785398006439209
553.10791015625 288.675537109375 0.785398006439209
555.9363403320312 291.50396728515625 0.785398006439209
555.9363403320312 291.50396728515625 1.185397982597351
557.4400634765625 295.2105712890625 1.185397982597351
558.9437866210938 298.91717529296875 1.185397982597351
560.447509765625 302.623779296875 1.185397982597351
561.9512329101562 306.33038330078125 1.185397982597351
563.4549560546875 310.0369873046875 1.185397982597351
564.9586791992188 313.74359130859375 1.185397982597351
566.46240234375 317.4501953125 1.185397982597351
567.9661254882812 321.15679931640625 1.185397982597351
569.4698486328125 324.8634033203125 1.185397982597351
570.9735717773438 328.57000732421875 1.185397982597351
572.477294921875 332.276611328125 1.185397982597351
573.9810180664062 335.98321533203125 1.185397982597351
575.4847412109375 339.6898193359375 1.185397982597351
575.4847412109375 339.6898193359375 1.5853979587554932
575.4847412109375 339.6898193359375 1.9853979349136353
573.8734130859375 343.3509216308594 1.9853979349136353
572.2620849609375 347.01202392578125 1.9853979349136353
570.6507568359375 350.6731262207031 1.9853979349136353
569.0394287109375 354.334228515625 1.9853979349136353
567.4281005859375 357.9953308105469 1.9853979349136353
565.8167724609375 361.65643310546875 1.9853979349136353
564.2054443359375 365.3175354003906 1.9853979349136353
562.5941162109375 368.9786376953125 1.9853979349136353
560.9827880859375 372.6397399902344 1.9853979349136353
559.3714599609375 376.30084228515625 1.9853979349136353
557.7601318359375 379.9619445800781 1.9853979349136353
556.1488037109375 383.623046875 1.9853979349136353
554.5374755859375 387.2841491699219 1.9853979349136353
554.5374755859375 387.2841491699219 2.3853979110717773
554.5374755859375 387.2841491699219 2.785398006439209
554.5374755859375 387.2841491699219 -3.0977871417999268
550.5413208007812 387.1089782714844 -3.0977871417999268
546.545166015625 386.9338073730469 -3.0977871417999268
546.545166015625 386.9338073730469 -2.697787046432495
546.545166015625 386.9338073730469 -2.2977869510650635
546.545166015625 386.9338073730469 -1.8977869749069214
545.2603759765625 383.145751953125 -1.8977869749069214
543.9755859375 379.3576965332031 -1.8977869749069214
542.6907958984375 375.56964111328125 -1.8977869749069214
541.406005859375 371.7815856933594 -1.8977869749069214
540.1212158203125 367.9935302734375 -1.8977869749069214
538.83642578125 364.2054748535156 -1.8977869749069214
537.5516357421875 360.41741943359375 -1.8977869749069214
536.266845703125 356.6293640136719 -1.8977869749069214
534.9820556640625 352.84130859375 -1.8977869749069214
533.697265625 349.0532531738281 -1.8977869749069214
532.4124755859375 345.26519775390625 -1.8977869749069214
531.127685546875 341.4771423339844 -1.8977869749069214
529.8428955078125 337.6890869140625 -1.8977869749069214
528.55810546875 333.9010314941406 -1.8977869749069214
527.2733154296875 330.11297607421875 -1.8977869749069214
525.988525390625 326.3249206542969 -1.8977869749069214
524.7037353515625 322.536865234375 -1.8977869749069214
523.4189453125 318.7488098144531 -1.8977869749069214
522.1341552734375 314.96075439453125 -1.8977869749069214
520.849365234375 311.1726989746094 -1.8977869749069214
519.5645751953125 307.3846435546875 -1.8977869749069214
518.27978515625 303.5965881347656 -1.8977869749069214
516.9949951171875 299.80853271484375 -1.8977869749069214
515.710205078125 296.0204772949219 -1.8977869749069214
514.4254150390625 292.232421875 -1.8977869749069214
513.140625 288.4443664550781 -1.8977869749069214
511.8558349609375 284.65631103515625 -1.8977869749069214
510.571044921875 280.8682556152344 -1.8977869749069214
509.2862548828125 277.0802001953125 -1.8977869749069214
508.00146484375 273.2921447753906 -1.8977869749069214
506.7166748046875 269.50408935546875 -1.8977869749069214
505.431884765625 265.7160339355469 -1.8977869749069214
504.1470947265625 261.927978515625 -1.8977869749069214
502.8623046875 258.1399230957031 -1.8977869749069214
501.5775146484375 254.35186767578125 -1.8977869749069214
500.292724609375 250.56381225585938 -1.8977869749069214
499.0079345703125 246.7757568359375 -1.8977869749069214
497.72314453125 242.98770141601562 -1.8977869749069214
496.4383544921875 239.19964599609375 -1.8977869749069214
495.153564453125 235.41159057617188 -1.8977869749069214
493.8687744140625 231.62353515625 -1.8977869749069214
492.583984375 227.83547973632812 -1.8977869749069214
491.2991943359375 224.04742431640625 -1.8977869749069214
490.014404296875 220.25936889648438 -1.8977869749069214
488.7296142578125 216.4713134765625 -1.8977869749069214
487.44482421875 212.68325805664062 -1.8977869749069214
486.1600341796875 208.89520263671875 -1.8977869749069214
484.875244140625 205.10714721679688 -1.8977869749069214
483.5904541015625 201.319091796875 -1.8977869749069214
482.3056640625 197.53103637695312 -1.8977869749069214
481.0208740234375 193.74298095703125 -1.8977869749069214
479.736083984375 189.95492553710938 -1.8977869749069214
478.4512939453125 186.1668701171875 -1.8977869749069214
477.16650390625 182.37881469726562 -1.8977869749069214
475.8817138671875 178.59075927734375 -1.8977869749069214
474.596923828125 174.80270385742188 -1.8977869749069214
473.3121337890625 171.0146484375 -1.8977869749069214
472.02734375 167.22659301757812 -1.8977869749069214
470.7425537109375 163.43853759765625 -1.8977869749069214
469.457763671875 159.65048217773438 -1.8977869749069214
468.1729736328125 155.8624267578125 -1.8977869749069214
466.88818359375 152.07437133789062 -1.8977869749069214
465.6033935546875 148.28631591796875 -1.8977869749069214
464.318603515625 144.49826049804688 -1.8977869749069214
463.0338134765625 140.710205078125 -1.8977869749069214
461.7490234375 136.92214965820312 -1.8977869749069214
460.4642333984375 133.13409423828125 -1.8977869749069214
459.179443359375 129.34603881835938 -1.8977869749069214
457.8946533203125 125.5579833984375 -1.8977869749069214
456.60986328125 121.76992797851562 -1.8977869749069214
455.3250732421875 117.98187255859375 -1.8977869749069214
454.040283203125 114.19381713867188 -1.8977869749069214
452.7554931640625 110.40576171875 -1.8977869749069214
451.470703125 106.61770629882812 -1.8977869749069214
450.1859130859375 102.82965087890625 -1.8977869749069214
448.901123046875 99.04159545898438 -1.8977869749069214
447.6163330078125 95.2535400390625 -1.8977869749069214
446.33154296875 91.46548461914062 -1.8977869749069214
445.0467529296875 87.67742919921875 -1.8977869749069214
443.761962890625 83.88937377929688 -1.8977869749069214
442.4771728515625 80.101318359375 -1.8977869749069214
441.1923828125 76.31326293945312 -1.8977869749069214
439.9075927734375 72.52520751953125 -1.8977869749069214
438.622802734375 68.73715209960938 -1.8977869749069214
437.3380126953125 64.9490966796875 -1.8977869749069214
436.05322265625 61.16104507446289 -1.8977869749069214
434.7684326171875 57.37299346923828 -1.8977869749069214
434.7684326171875 57.37299346923828 -2.2977869510650635
434.7684326171875 57.37299346923828 -2.697787046432495
431.15594482421875 55.65547561645508 -2.697787046432495
427.54345703125 53.937957763671875 -2.697787046432495
423.93096923828125 52.22043991088867 -2.697787046432495
420.3184814453125 50.50292205810547 -2.697787046432495
416.70599365234375 48.785404205322266 -2.697787046432495
413.093505859375 47.06788635253906 -2.697787046432495
409.48101806640625 45.35036849975586 -2.697787046432495
405.8685302734375 43.632850646972656 -2.697787046432495
405.8685302734375 43.632850646972656 -3.0977871417999268
401.87237548828125 43.45768356323242 -3.0977871417999268
397.876220703125 43.28251647949219 -3.0977871417999268
393.88006591796875 43.10734939575195 -3.0977871417999268
389.8839111328125 42.93218231201172 -3.0977871417999268
385.88775634765625 42.757015228271484 -3.0977871417999268
381.8916015625 42.58184814453125 -3.0977871417999268
377.89544677734375 42.406681060791016 -3.0977871417999268
373.8992919921875 42.23151397705078 -3.0977871417999268
369.90313720703125 42.05634689331055 -3.0977871417999268
365.906982421875 41.88117980957031 -3.0977871417999268
361.91082763671875 41.70601272583008 -3.0977871417999268
357.9146728515625 41.530845642089844 -3.0977871417999268
353.91851806640625 41.35567855834961 -3.0977871417999268
349.92236328125 41.180511474609375 -3.0977871417999268
345.92620849609375 41.00534439086914 -3.0977871417999268
341.9300537109375 40.830177307128906 -3.0977871417999268
337.93389892578125 40.65501022338867 -3.0977871417999268
333.937744140625 40.47984313964844 -3.0977871417999268
329.94158935546875 40.3046760559082 -3.0977871417999268
325.9454345703125 40.12950897216797 -3.0977871417999268
321.94927978515625 39.954341888427734 -3.0977871417999268
317.953125 39.7791748046875 -3.0977871417999268
313.95697021484375 39.604007720947266 -3.0977871417999268
309.9608154296875 39.42884063720703 -3.0977871417999268
305.96466064453125 39.2536735534668 -3.0977871417999268
301.968505859375 39.07850646972656 -3.0977871417999268
297.97235107421875 38.90333938598633 -3.0977871417999268
293.9761962890625 38.728172302246094 -3.0977871417999268
289.98004150390625 38.55300521850586 -3.0977871417999268
285.98388671875 38.377838134765625 -3.0977871417999268
281.98773193359375 38.20267105102539 -3.0977871417999268
277.9915771484375 38.027503967285156 -3.0977871417999268
273.99542236328125 37.85233688354492 -3.0977871417999268
269.999267578125 37.67716979980469 -3.0977871417999268
266.00311279296875 37.50200271606445 -3.0977871417999268
262.0069580078125 37.32683563232422 -3.0977871417999268
258.01080322265625 37.151668548583984 -3.0977871417999268
254.01463317871094 36.97650146484375 -3.0977871417999268
250.01846313476562 36.801334381103516 -3.0977871417999268
246.0222930908203 36.62616729736328 -3.0977871417999268
242.026123046875 36.45100021362305 -3.0977871417999268
238.0299530029297 36.27583312988281 -3.0977871417999268
234.03378295898438 36.10066604614258 -3.0977871417999268
230.03761291503906 35.925498962402344 -3.0977871417999268
226.04144287109375 35.75033187866211 -3.0977871417999268
222.04527282714844 35.575164794921875 -3.0977871417999268
218.04910278320312 35.39999771118164 -3.0977871417999268
214.0529327392578 35.224830627441406 -3.0977871417999268
210.0567626953125 35.04966354370117 -3.0977871417999268
206.0605926513672 34.87449645996094 -3.0977871417999268
202.06442260742188 34.6993293762207 -3.0977871417999268
198.06825256347656 34.52416229248047 -3.0977871417999268
194.07208251953125 34.348995208740234 -3.0977871417999268
190.07591247558594 34.173828125 -3.0977871417999268
186.07974243164062 33.998661041259766 -3.0977871417999268
182.0835723876953 33.82349395751953 -3.0977871417999268
178.08740234375 33.6483268737793 -3.0977871417999268
174.0912322998047 33.47315979003906 -3.0977871417999268
170.09506225585938 33.29799270629883 -3.0977871417999268
166.09889221191406 33.122825622558594 -3.0977871417999268
162.10272216796875 32.94765853881836 -3.0977871417999268
158.10655212402344 32.772491455078125 -3.0977871417999268
154.11038208007812 32.59732437133789 -3.0977871417999268
150.1142120361328 32.422157287597656 -3.0977871417999268
146.1180419921875 32.24699020385742 -3.0977871417999268
142.1218719482422 32.07182312011719 -3.0977871417999268
138.12570190429688 31.896657943725586 -3.0977871417999268
134.12953186035156 31.721492767333984 -3.0977871417999268
130.13336181640625 31.546327590942383 -3.0977871417999268
126.13719940185547 31.37116241455078 -3.0977871417999268
122.14103698730469 31.19599723815918 -3.0977871417999268
118.1448745727539 31.020832061767578 -3.0977871417999268
114.14871215820312 30.845666885375977 -3.0977871417999268
110.15254974365234 30.670501708984375 -3.0977871417999268
106.15638732910156 30.495336532592773 -3.0977871417999268
102.16022491455078 30.320171356201172 -3.0977871417999268
102.16022491455078 30.320171356201172 2.785398006439209
98.41130065917969 31.715011596679688 2.785398006439209
94.6623764038086 33.1098518371582 2.785398006439209
90.9134521484375 34.50469207763672 2.785398006439209
87.1645278930664 35.899532318115234 2.785398006439209
83.41560363769531 37.29437255859375 2.785398006439209
79.66667938232422 38.689212799072266 2.785398006439209
75.91775512695312 40.08405303955078 2.785398006439209
72.16883087158203 41.4788932800293 2.785398006439209
68.41990661621094 42.87373352050781 2.785398006439209
64.67098236083984 44.26857376098633 2.785398006439209
60.92205810546875 45.663414001464844 2.785398006439209
57.173133850097656 47.05825424194336 2.785398006439209
53.42420959472656 48.453094482421875 2.785398006439209
49.67528533935547 49.84793472290039 2.785398006439209
49.67528533935547 49.84793472290039 2.3853979110717773
46.76547622680664 52.592567443847656 2.3853979110717773
43.85566711425781 55.33720016479492 2.3853979110717773
43.85566711425781 55.33720016479492 2.785398006439209
43.85566711425781 55.33720016479492 2.3853979110717773
43.85566711425781 55.33720016479492 2.785398006439209
43.85566711425781 55.33720016479492 2.3853979110717773
43.85566711425781 55.33720016479492 2.785398006439209
43.85566711425781 55.33720016479492 2.3853979110717773
43.85566711425781 55.33720016479492 2.785398006439209
43.85566711425781 55.33720016479492 2.3853979110717773
43.85566711425781 55.33720016479492 2.785398006439209
43.85566711425781 55.33720016479492 2.3853979110717773
