-391.7785027358614
-393.2906295737922
-394.5136649070366
-395.42950775091265
-396.02462725751934
-396.2903126576687
-396.2227099714967
-395.822798652079
-395.09640538392875
-394.054190866511
-392.711575601864
-391.0885356206195
-388.4913095923704
-388.4913095923704
-384.9257275262446
-381.3687633029789
-377.8206603187544
-374.28167058109693
-374.28167058109693
-371.59289069867157
-368.91948967014855
-366.3080233890929
-363.80492189619423
-361.45569722472874
-358.10704444687485
-354.7718839737893
-351.4505999194228
-348.14358942641354
-344.8512631313199
-341.574045643695
-338.3123760389351
-335.0667083647572
-331.8375121610744
-328.6252729929392
-326.58592188825816
-324.8043837965474
-323.3156204395572
-322.1493106534516
-321.3289772539412
-320.8713529976584
-320.78583765887345
-321.07416502800197
-321.07416502800197
-321.07416502800197
-321.07416502800197
-321.07416502800197
-321.07416502800197
-323.18375890854077
-325.0683388451463
-326.6997892598198
-328.0541912121845
-329.11190930333646
-329.8577808727132
-330.2812068421359
-330.3761845009576
-330.141381296708
-329.5801299282212
-328.70034712249
-327.51461701698486
-326.04000518719363
-324.29799233585555
-322.3142730031474
-322.3142730031474
-322.3142730031474
-322.3142730031474
-322.3142730031474
-319.91110939969417
-318.45859552333
-317.33188405963153
-316.55380464843967
-316.14025619498074
-316.09975548852185
-316.34335587116453
-316.63730383076734
-316.9814593001704
-317.3756589475223
-317.81971655978623
-318.3134234765669
-318.8565490719331
-319.44884128168695
-320.09002717333016
-320.7798135558011
-321.5178876259085
-322.30391764826345
-322.30391764826345
-322.30391764826345
-322.30391764826345
-322.30391764826345
-322.30391764826345
-322.30391764826345
-323.5362499915587
-324.46530342614994
-325.0778394869418
-325.36517248508073
-325.32329722867405
-324.9527525292665
-324.25880363691067
-323.2512735594272
-321.9445405082125
-320.3574501243157
-318.5131960720647
-318.5131960720647
-315.93497138862267
-315.93497138862267
-313.3239754753737
-310.82201700973656
-308.47503007394454
-306.3271274994367
-304.4196402820458
-302.7900008988105
-301.4570324225291
-300.45834631523326
-299.8138623896648
-299.54178702422695
-299.64524492074634
-300.1220951182485
-301.1292937133248
-301.1292937133248
-301.1292937133248
-301.1292937133248
-301.1292937133248
-301.1292937133248
-301.1292937133248
-302.2241227319462
-303.010458214965
-303.47730990017277
-303.618165012549
-303.4310443327922
-302.918574183273
-302.08789399857926
-300.95064411032536
-299.5229053645779
-297.82511698968887
-297.82511698968887
-297.82511698968887
-293.82646030333024
-289.82784042894036
-289.82784042894036
-286.10755040472174
-282.3949072925917
-278.69021670361263
-274.99380004490223
-271.3059955019033
-267.62715909028344
-263.95766578280507
-260.2979107169171
-256.64831048925936
-253.00930454373497
-249.38135666029964
-245.76495632532857
-242.16062109888182
-238.56889782607496
-234.9903648119357
-231.42563393991495
-227.87535294560237
-224.34020785677416
-220.8209256114666
-217.31827686629478
-215.0646144352038
-213.03420302974922
-211.26996538011454
-211.26996538011454
-211.26996538011454
-211.26996538011454
-211.26996538011454
-211.26996538011454
-211.26996538011454
-211.26996538011454
-211.26996538011454
-211.26996538011454
-211.26996538011454
