-390.0
-390.0
-390.0
-390.0
-390.0
-390.0
-386.00388495992144
-382.0078510730543
-378.01190091305557
-374.01603716351383
-370.0202626238791
-366.0245802157804
-362.028992989761
-358.0335041324636
-354.038116974302
-350.0428349976565
-346.0476618456364
-342.0526013314554
-338.05765744847065
-334.06283438094067
-330.068136515563
-326.0735684538586
-322.0791350254754
-318.0848413024926
-314.0906926148142
-310.0966945667493
-306.10285305488776
-302.10917428739054
-298.11566480482696
-298.11566480482696
-294.53201363507003
-290.9592142914401
-287.3976714893724
-283.8478089490779
-280.31007042938927
-276.7849208217891
-273.2728473079185
-269.7743605839661
-266.2899961554255
-262.82031570577504
-259.3659085426763
-255.9273931252975
-252.50541867633487
-249.10066688222597
-247.72138452589434
-247.25472061364343
-247.25472061364343
-247.25472061364343
-247.25472061364343
-247.25472061364343
-247.25472061364343
-247.25472061364343
-250.99440907680042
-254.74200635683422
-258.4971686949149
-262.259571130508
-266.0289064773177
-269.8048841647714
-273.58722916558577
-277.3756810023701
-281.1699928268363
-284.9699305657468
-288.77527212823935
-288.77527212823935
-288.77527212823935
-288.77527212823935
-288.77527212823935
-288.77527212823935
-288.77527212823935
-288.77527212823935
-284.77716395392923
-280.7791094413728
-276.78111091597384
-276.78111091597384
-273.0530151742796
-269.3327210048834
-265.6205562155678
-261.9168664612592
-258.22201641561634
-254.5363910305417
-250.86039689078677
-247.19446367141308
-243.53904570650738
-239.89462367822938
-236.26170643599127
-232.6408329563364
-229.03257445488785
-225.43753666258363
-221.8563622792864
-218.28973361875373
-214.7383754598586
-211.2030581198487
-207.6846007663
-204.18387498522722
-204.18387498522722
-204.18387498522722
-204.18387498522722
-204.18387498522722
-204.18387498522722
-204.18387498522722
-204.18387498522722
-204.18387498522722
-204.18387498522722
-204.18387498522722
