-390.0
-390.0
-390.0
-390.0
-390.0
-390.0
-386.00388495992144
-382.0078510730543
-378.01190091305557
-374.01603716351383
-370.0202626238791
-366.0245802157804
-362.028992989761
-358.0335041324636
-354.038116974302
-350.0428349976565
-346.0476618456364
-342.0526013314554
-338.05765744847065
-334.06283438094067
-330.068136515563
-326.0735684538586
-322.0791350254754
-318.0848413024926
-314.0906926148142
-310.0966945667493
-306.10285305488776
-302.10917428739054
-298.11566480482696
-298.11566480482696
-294.53201363507003
-290.9592142914401
-287.3976714893724
-283.8478089490779
-280.31007042938927
-276.7849208217891
-273.2728473079185
-269.7743605839661
-266.2899961554255
-262.82031570577504
-259.3659085426763
-255.9273931252975
-252.50541867633487
-249.10066688222597
-245.7138536849036
-242.3457311682231
-239.41724178704666
-236.19085705983127
-233.31635221492218
-230.2274168943214
-230.2274168943214
-230.2274168943214
-230.2274168943214
-230.2274168943214
-230.2274168943214
-230.2274168943214
-230.2274168943214
-233.98573519264656
-237.7519401125531
-241.52566271672
-245.30655605598196
-249.09429360619743
-252.8885678320047
-256.689088866088
-260.49558329367215
-264.307793032946
-268.1254743030039
-271.9483966716903
-275.77634217645164
-279.6091045119448
-283.4464882787368
-287.28830828795066
-291.1343889171891
-294.9845635134925
-298.838673839472
-302.6965695591066
-306.5581077600066
-310.42315250922996
-314.29157443999276
-318.16325036684935
-322.03806292712585
-325.91590024658285
-329.79665562745424
-333.6802272571673
-337.56651793619
-341.45543482358187
-345.34688919894256
-349.24079623955754
-349.24079623955754
-349.24079623955754
-349.24079623955754
-349.24079623955754
-348.23890748413197
-347.28020325067456
-346.36504213084794
-345.493770142335
-344.66672012309436
-343.8842111380581
-343.14654790054925
-342.4540202106986
-342.4540202106986
-340.31806048686184
-338.2159200489331
-336.148233375531
-334.2411648771225
-332.25152647394304
-330.18044016936216
-328.02904608341856
-325.7986278277799
-323.49043699729094
-321.1058501355262
-318.5099868437477
-318.5099868437477
-315.19562563214265
-311.83562869640156
-311.83562869640156
-311.83562869640156
-311.83562869640156
-311.83562869640156
-310.48965045629
-310.48965045629
-310.48965045629
-310.48965045629
-310.48965045629
-310.48965045629
-314.4729244437402
-318.4566177342004
-322.44071478644565
-326.425200816451
-330.4100617519174
-334.39528419002926
-338.3808553581807
-342.3667630774295
-346.35299572845975
-350.33954221985744
-354.32639195851493
-357.94810654019693
-357.94810654019693
-357.94810654019693
-360.398969142925
-362.87737162446786
-362.87737162446786
-362.87737162446786
-362.87737162446786
-362.87737162446786
-359.6850549004857
-356.5090330179997
-353.3497453672119
-350.2076463526004
-347.0832013435997
-347.0832013435997
-343.23845828825137
-339.3973040351839
-335.5598618274954
-331.7262604891358
-327.896634736628
-324.07112551134003
-320.2498803338562
-316.4330536821227
-312.62080739518683
-308.81331110450094
-305.0107426949312
-301.21328879779384
-297.42114531844277
-293.6345180011484
-289.8536230342493
-286.0786876988149
-282.309951064345
-278.54766473533954
-274.79209365291206
-271.0435169559897
-267.3022289070452
-263.568539887746
-259.8427774703845
-256.1252875714746
-252.41643569446666
-248.71660826914734
-245.02621409596077
-241.34568590420702
-237.67548203385667
-234.01608825155915
-230.36801971232543
-226.73182307933004
-223.10807881530494
-219.49740366008305
-215.90045330999192
-212.31792531598452
-208.75057625480116
-205.1991829040493
-201.66458822465032
-198.14769119194
-198.14769119194
-198.14769119194
-198.14769119194
-198.14769119194
-196.3608083124527
-194.63974147442883
-192.98624500353944
-191.4020674413339
-189.88894670900112
-188.44859443592821
-187.08269136584013
-185.7928795020993
-185.7928795020993
-185.7928795020993
-185.7928795020993
-185.7928795020993
-189.63048251142862
-193.47466413562242
-197.32503989181293
-201.1812541348181
-205.04297745411807
-205.04297745411807
-209.00521578269462
-212.96886602377668
-216.93385078520552
-220.9000982061894
-224.86754147380248
-228.8361183891264
-232.8057709772121
-236.7764451358028
-240.74809031841428
-244.72065924792855
-248.69410765733875
-252.66839405469986
-252.66839405469986
-252.66839405469986
-252.66839405469986
-252.66839405469986
-252.66839405469986
-252.66839405469986
-249.44510432942465
-246.2445999039381
-243.06778083073885
-239.91558799358202
-236.78900488584523
-236.78900488584523
-232.94599576641346
-229.1083613916906
-225.27637644184446
-221.45033419065373
-217.6305480642351
-213.8173533545137
-210.01110910502118
-206.2122144282473
-202.4210680107262
-198.6381134956882
-198.6381134956882
-198.6381134956882
-195.07254741768816
-191.52414616052428
-187.9938786967597
-184.48278605557923
-180.99198416683458
-177.52267002529354
-174.07612837954915
-170.6537389826539
-167.2569844411549
-163.88745869766902
-160.5468761790589
-157.2370816371585
-153.9600607012393
-150.71795115025486
-147.51305489743746
-144.34785065895736
-141.2250072508031
-138.14739742232058
-135.11811208929117
-132.14047477223016
-129.2180559748869
-126.3546871519616
-123.55447381237818
-120.82180718429794
-118.1613737307931
-115.57816165287942
-113.07746335416515
-110.66487267696316
-110.66487267696316
-110.66487267696316
-110.66487267696316
-110.66487267696316
-110.66487267696316
-110.66487267696316
-114.59085776356233
-118.52179266579017
-122.45720071020409
-126.39666407856237
-126.39666407856237
-129.77919323970985
-133.19595044573305
-136.64436813043412
-140.122108811637
-143.62704245129495
-147.1572260482751
-150.7108852822894
-154.28639802766435
-157.88227956158204
-161.4971693008996
-165.12981891311006
-168.7790816593716
-172.4439028400724
-176.1233112256383
-179.81641136692994
-183.5223766904464
-187.24044329356423
-190.9699043641746
-194.71010515734602
-198.46045354989474
-202.22035561850606
-205.98930248717136
-209.7668066240675
-213.5524139240708
-217.34570097834379
-221.14627259840665
-224.95375956849702
-228.76781660291454
-232.58812048761118
-236.4143683875528
-240.24627630338566
-244.08357766271607
-247.92602203288536
-251.77337394351608
-255.6254118083404
-259.4819269369196
-259.4819269369196
-259.4819269369196
-259.4819269369196
-259.4819269369196
-259.4819269369196
-259.4819269369196
-255.9312992815849
-252.39411500946628
-248.87094733064242
-245.362400040184
-241.86910938789882
-238.39174606747534
-234.93101733166716
-231.4876715036403
-228.0624913761131
-224.6563101307644
-221.27000516303366
-217.90450312583232
-214.56078293707589
-211.23987895521597
-207.94287010146948
-204.67092617848718
-201.42526865113945
-198.20718884871073
-198.20718884871073
-198.20718884871073
-198.20718884871073
-198.20718884871073
-195.93422221603458
-193.71718868313616
-191.55803031717187
-189.4587258441603
-187.42128654395762
-185.44775149052967
-183.54018210679544
-181.7006560100965
-181.7006560100965
-181.7006560100965
-181.7006560100965
-181.7006560100965
-181.7006560100965
-185.69769265145678
-189.6948541811556
-193.69213286735305
-197.6895216033422
-201.6870138456409
-205.68460355929582
-209.68228516943705
-213.68005351826605
-217.67790382677902
-221.67583166062863
-225.67383289961145
-229.6719037103399
-233.67004052171734
-237.668240002887
-241.66649904336813
-245.66481473513073
-249.66318435639133
-253.6616053569406
-257.66007534483606
-261.6585920743143
-265.6571534347941
-269.6557574408574
-269.6557574408574
-269.6557574408574
-269.6557574408574
-269.6557574408574
-269.6557574408574
-269.6557574408574
-269.6557574408574
-265.92716534428826
-262.20657351333654
-258.4943273994064
-254.7907917885745
-251.0963500261559
-247.41141157298094
-243.7364074578933
-240.0717939040184
-236.4180540905767
-232.77570005377342
-229.14527473841085
-225.52735421280357
-221.9225500605583
-218.33151196380865
-214.75493049355703
-211.1935401238645
-207.64813673809164
-204.11953829323156
-200.60863156098947
-197.11636188300955
-197.11636188300955
-197.11636188300955
-197.11636188300955
-194.03709346094496
-190.99195545660768
-187.98260387565276
-185.01078798772465
-182.07834573348765
-179.18721020062947
-176.33941310768313
-173.53708805922764
-170.7824734866742
-168.07791517511595
-165.42586826200073
-162.828898577914
-160.28968318389317
-157.81100994393748
-155.39577595640966
-153.04698465471395
-150.76774137706738
-148.56124719865792
-146.4307908185149
-144.37973829969022
-142.41152051949706
-140.5296177653527
-138.73754253730326
-137.0388189409002
-137.0388189409002
-137.0388189409002
-137.0388189409002
-137.0388189409002
-137.0388189409002
-137.0388189409002
-140.7259425770307
-144.42971952413885
-148.1489007708118
-151.8823546944444
-155.62905411782515
-159.38806496673345
-163.1585363142888
-166.93969162770517
-170.73082105887107
-170.73082105887107
-173.75592250034958
-176.81976129268958
-179.92035855063878
-183.055846440663
-186.22446259542608
-189.42454455411362
-192.6545243378467
-195.91292319262925
-199.19834652338506
-202.50946394350024
-205.84504995956584
-209.203934179469
-212.5850122577275
-215.98724192462808
-219.40963923432489
-222.85127502620327
-226.3112715924938
-229.78879954418494
-233.28307486665815
-233.28307486665815
-233.28307486665815
-233.28307486665815
-233.28307486665815
-233.28307486665815
-230.08098594016457
-226.90422485471925
-223.7538703942598
-220.6310537292265
-217.53696080596023
-214.4728347774756
-211.43997846208327
-208.43975681326617
-205.47360191436823
-202.54300536796381
-199.64953557941774
-199.64953557941774
-199.64953557941774
-199.64953557941774
-196.0224317826098
-192.41010989852052
-188.81341833846363
-185.23326759103696
-181.67063555938762
-178.12657339923504
-174.60221190367665
-171.09876848376743
-167.6175547965349
-164.15998507425314
-160.7275852101647
-157.32200265603217
-153.94501718542415
-150.5985525728537
-147.28468923197252
-144.00567784494115
-140.76395399854792
-137.5621538190347
-134.4031305649549
-134.4031305649549
-132.52716437080983
-130.74669032006562
-129.06566044502623
-129.06566044502623
-129.06566044502623
-129.06566044502623
-129.06566044502623
-129.06566044502623
-133.06548783245256
-133.06548783245256
-133.06548783245256
-133.06548783245256
-133.06548783245256
-133.06548783245256
-133.06548783245256
-130.11865905266848
-130.11865905266848
-130.11865905266848
-130.11865905266848
-130.11865905266848
-127.50512895870342
-124.96499659154054
-122.50282780698993
-120.12341675764743
-117.8317770026024
-115.63312706524772
-113.53286952870333
-111.53656278186342
-109.6498846155375
-107.87858703397053
-106.22844190671519
-104.7051769140711
-103.31440478638751
-102.06154202834763
-100.95172334894956
-100.95172334894956
-100.95172334894956
-100.95172334894956
-100.95172334894956
-100.95172334894956
-100.95172334894956
-100.95172334894956
-100.95172334894956
-100.95172334894956
-100.95172334894956
