-391.6081666243961
-392.9228311001526
-393.9161803382742
-394.5674082051176
-394.86292674934657
-394.79660844468464
-394.3698287066287
-393.591465737412
-392.4777638483748
-391.05211309054135
-388.51473612778824
-386.0021312789556
-383.51478542936377
-381.05319321788863
-379.40447918153893
-376.52493467420646
-373.6660194273711
-370.8282105677208
-368.96181903474576
-365.75368326400087
-362.5612910434271
-359.3850619198149
-357.3266445818953
-353.83541273460935
-350.35505964599355
-346.8859127603558
-344.66594477781274
-340.94508590086053
-337.23061816086744
-333.5227550936053
-331.1771805402179
-327.2891233728196
-323.403796501999
-319.52129952765443
-315.6417368757698
-311.76521808925605
-307.8918581396836
-304.02177776164285
-300.15510381162846
-296.2919696535263
-292.4325155729777
-288.576889223116
-284.7252461044125
-280.8777500816378
-277.03457394124064
-273.1958999927771
-269.3619207183881
-265.5328394747285
-261.70887125220213
-257.8902434968575
-254.07719700085684
-250.26998686804814
-246.46888356186213
-242.67417404352184
-238.8861630094077
-235.10517423737426
-231.33155205287477
-227.56566292693347
-223.8078972193218
-220.0586710817625
-216.31842853761938
-212.58764375634811
-208.86682354300265
-205.15651006533682
-201.45728384352472
-197.7697670302752
-194.09462701214886
-190.43258036622316
-186.78439720990593
-183.15090598567835
-179.53299872685986
-175.93163685511354
-172.34785756532466
-168.78278085863002
-165.23761728966025
-161.71367649933984
-158.21237660966682
-154.7352545614669
-151.2839774797777
-147.86035515370176
-144.46635371751012
-141.10411061646536
-137.77595093292456
-134.48440513403995
-131.23222827956
-128.0224206940234
-124.85825005851028
-124.85825005851028
-124.85825005851028
-124.85825005851028
-124.85825005851028
-124.85825005851028
-124.85825005851028
-124.85825005851028
-124.85825005851028
-124.85825005851028
-124.85825005851028
