62.73725891113281 452.6939697265625 0.7694606781005859
65.51710510253906 455.343994140625 0.7535231709480286
68.33882904052734 457.9493713378906 0.7375856637954712
71.20171356201172 460.5094299316406 0.7216481566429138
71.20171356201172 460.5094299316406 0.32164815068244934
74.85489654541016 461.6944885253906 0.30571064352989197
78.52649688720703 462.8211669921875 0.2897731363773346
82.21559143066406 463.8891906738281 0.2738356292247772
85.92113494873047 464.89825439453125 0.2578873038291931
85.92113494873047 464.89825439453125 -0.14211270213127136
85.92113494873047 464.89825439453125 -0.5421127080917358
85.92113494873047 464.89825439453125 -0.9421126842498779
88.1548843383789 461.7740783691406 -0.9580501914024353
90.33856201171875 458.6147155761719 -0.9739876985549927
92.47161102294922 455.4209289550781 -0.98992520570755
94.5534896850586 452.1935729980469 -1.0058627128601074
96.58367156982422 448.9334411621094 -1.0218002796173096
98.56163787841797 445.641357421875 -1.0377378463745117
100.48688507080078 442.31817626953125 -1.0536754131317139
102.35893249511719 438.9647521972656 -1.069612979888916
104.17729187011719 435.5819091796875 -1.0855505466461182
105.94151306152344 432.1705017089844 -1.1014881134033203
107.65113830566406 428.7314147949219 -1.1174256801605225
109.30574035644531 425.2655334472656 -1.1333632469177246
110.90489959716797 421.7737121582031 -1.1493008136749268
112.44820404052734 418.2568664550781 -1.165238380432129
113.93526458740234 414.7158508300781 -1.181175947189331
115.36570739746094 411.1515808105469 -1.1971135139465332
116.73916625976562 407.5649719238281 -1.2130510807037354
118.05529022216797 403.9569396972656 -1.2289886474609375
119.3137435913086 400.3283996582031 -1.2449262142181396
120.51420593261719 396.6802673339844 -1.2608637809753418
121.65637969970703 393.0134582519531 -1.276801347732544
122.7399673461914 389.32891845703125 -1.292738914489746
123.76470184326172 385.6275634765625 -1.3086764812469482
124.73031616210938 381.91033935546875 -1.3246140480041504
125.63656616210938 378.17822265625 -1.3405516147613525
126.48322296142578 374.43212890625 -1.3564891815185547
127.27007293701172 370.6730041503906 -1.3724267482757568
127.99691009521484 366.9018249511719 -1.388364315032959
128.66355895996094 363.1195373535156 -1.4043018817901611
129.26983642578125 359.3271179199219 -1.4202394485473633
129.8155975341797 355.5255126953125 -1.4361770153045654
130.3007049560547 351.7156982421875 -1.4521145820617676
130.72503662109375 347.89862060546875 -1.4680521488189697
131.08848571777344 344.0752868652344 -1.4839897155761719
131.39096069335938 340.24664306640625 -1.499927282333374
131.6323699951172 336.4136657714844 -1.5158648490905762
131.8126678466797 332.5773010253906 -1.5318024158477783
131.9318084716797 328.7385559082031 -1.5477399826049805
131.98974609375 324.8984069824219 -1.5636775493621826
131.98648071289062 321.0578308105469 -1.5796151161193848
131.92201232910156 317.2177734375 -1.595552682876587
131.79635620117188 313.3792419433594 -1.611490249633789
131.6095428466797 309.543212890625 -1.6274278163909912
131.3616180419922 305.71063232421875 -1.6433653831481934
131.05264282226562 301.88250732421875 -1.6593029499053955
130.6826934814453 298.0597839355469 -1.6752405166625977
130.2518768310547 294.2434387207031 -1.6911780834197998
129.76028442382812 290.4344482421875 -1.707115650177002
129.2080535888672 286.6337585449219 -1.723053216934204
128.59532165527344 282.8423767089844 -1.7389907836914062
127.92224884033203 279.06121826171875 -1.7549283504486084
127.18899536132812 275.2912902832031 -1.7708659172058105
126.39575958251953 271.53350830078125 -1.7868034839630127
125.54273223876953 267.7888488769531 -1.8027410507202148
124.63013458251953 264.0582580566406 -1.818678617477417
123.658203125 260.3426818847656 -1.8346161842346191
122.62718200683594 256.64306640625 -1.8505537509918213
121.5373306274414 252.96035766601562 -1.8664913177490234
120.38892364501953 249.2954864501953 -1.8824288845062256
119.18225860595703 245.64938354492188 -1.8983664512634277
117.91764068603516 242.02297973632812 -1.9143040180206299
116.59539031982422 238.4171905517578 -1.930241584777832
115.2158432006836 234.8329315185547 -1.9461791515350342
113.77934265136719 231.2711181640625 -1.9621167182922363
112.28626251220703 227.73265075683594 -1.9780542850494385
110.73698425292969 224.21841430664062 -1.9939918518066406
109.13189697265625 220.7293243408203 -2.0099294185638428
107.47140502929688 217.26625061035156 -2.025866985321045
105.75593566894531 213.830078125 -2.041804552078247
103.98591613769531 210.42169189453125 -2.057742118835449
102.16180419921875 207.0419464111328 -2.0736796855926514
100.28406524658203 203.6916961669922 -2.0896172523498535
98.3531723022461 200.37179565429688 -2.1055548191070557
96.36961364746094 197.0830841064453 -2.121492385864258
94.33389282226562 193.82640075683594 -2.13742995262146
92.24652862548828 190.6025848388672 -2.153367519378662
90.1080551147461 187.41244506835938 -2.1693050861358643
87.91901397705078 184.2567901611328 -2.1852426528930664
85.6799545288086 181.13641357421875 -2.2011802196502686
83.32213592529297 177.90521240234375 -2.2011802196502686
83.32213592529297 177.90521240234375 -2.6011803150177
80.0132064819336 175.95558166503906 -2.6171178817749023
76.67362976074219 174.05892944335938 -2.6330554485321045
73.30424499511719 172.2157440185547 -2.6489930152893066
69.90591430664062 170.42648315429688 -2.664930582046509
66.47949981689453 168.6916046142578 -2.680868148803711
63.02587127685547 167.01156616210938 -2.696805715560913
59.5459098815918 165.38677978515625 -2.7127432823181152
56.040496826171875 163.81765747070312 -2.7286808490753174
52.510520935058594 162.30459594726562 -2.7446184158325195
48.956878662109375 160.84799194335938 -2.7605559825897217
45.38047409057617 159.4481964111328 -2.776493549346924
41.7822151184082 158.10557556152344 -2.792431116104126
38.16301727294922 156.82046508789062 -2.808368682861328
34.52379608154297 155.59320068359375 -2.8243062496185303
34.52379608154297 155.59320068359375 -2.8402438163757324
34.52379608154297 155.59320068359375 -2.8561813831329346
30.830080032348633 154.54127502441406 -2.8721189498901367
30.830080032348633 154.54127502441406 -2.888056516647339
30.830080032348633 154.54127502441406 -2.903994083404541
30.830080032348633 154.54127502441406 -2.919931650161743
30.830080032348633 154.54127502441406 -2.9358692169189453
30.830080032348633 154.54127502441406 -2.9518067836761475
30.830080032348633 154.54127502441406 -2.9677443504333496
30.830080032348633 154.54127502441406 -2.9836819171905518
30.830080032348633 154.54127502441406 -2.999619483947754
30.830080032348633 154.54127502441406 -3.015557050704956
30.830080032348633 154.54127502441406 -3.031494617462158
