62.828426361083984 452.82843017578125 0.7853981852531433
65.65685272216797 455.6568603515625 0.7853981852531433
68.48528289794922 458.48529052734375 0.7853981852531433
71.31371307373047 461.313720703125 0.7853981852531433
74.14214324951172 464.14215087890625 0.7853981852531433
76.97057342529297 466.9705810546875 0.7853981852531433
79.79900360107422 469.79901123046875 0.7853981852531433
82.62743377685547 472.62744140625 0.7853981852531433
85.45586395263672 475.45587158203125 0.7853981852531433
88.28429412841797 478.2843017578125 0.7853981852531433
91.11272430419922 481.11273193359375 0.7853981852531433
93.94115447998047 483.941162109375 0.7853981852531433
96.76958465576172 486.76959228515625 0.7853981852531433
99.59801483154297 489.5980224609375 0.7853981852531433
102.42644500732422 492.42645263671875 0.7853981852531433
105.25487518310547 495.2548828125 0.7853981852531433
108.08330535888672 498.08331298828125 0.7853981852531433
110.91173553466797 500.9117431640625 0.7853981852531433
113.74016571044922 503.74017333984375 0.7853981852531433
116.56859588623047 506.568603515625 0.7853981852531433
119.39702606201172 509.39703369140625 0.7853981852531433
122.22545623779297 512.2254638671875 0.7853981852531433
125.05388641357422 515.0538940429688 0.7853981852531433
127.88231658935547 517.88232421875 0.7853981852531433
130.7107391357422 520.7107543945312 0.7853981852531433
133.53916931152344 523.5391845703125 0.7853981852531433
136.3675994873047 526.3676147460938 0.7853981852531433
139.19602966308594 529.196044921875 0.7853981852531433
142.0244598388672 532.0244750976562 0.7853981852531433
144.85289001464844 534.8529052734375 0.7853981852531433
147.6813201904297 537.6813354492188 0.7853981852531433
150.50975036621094 540.509765625 0.7853981852531433
153.3381805419922 543.3381958007812 0.7853981852531433
153.3381805419922 543.3381958007812 1.1853982210159302
153.3381805419922 543.3381958007812 1.5853981971740723
153.27976989746094 547.3377685546875 1.5853981971740723
153.2213592529297 551.3373413085938 1.5853981971740723
153.16294860839844 555.3369140625 1.5853981971740723
153.1045379638672 559.3364868164062 1.5853981971740723
153.1045379638672 559.3364868164062 1.9853981733322144
153.1045379638672 559.3364868164062 2.3853981494903564
153.1045379638672 559.3364868164062 2.785398244857788
149.35562133789062 560.7313232421875 2.785398244857788
145.60670471191406 562.1261596679688 2.785398244857788
141.8577880859375 563.52099609375 2.785398244857788
138.10887145996094 564.9158325195312 2.785398244857788
134.35995483398438 566.3106689453125 2.785398244857788
134.35995483398438 566.3106689453125 -3.0977869033813477
130.36378479003906 566.135498046875 -3.0977869033813477
126.36762237548828 565.9603271484375 -3.0977869033813477
122.3714599609375 565.78515625 -3.0977869033813477
118.37529754638672 565.6099853515625 -3.0977869033813477
114.37913513183594 565.434814453125 -3.0977869033813477
110.38297271728516 565.2596435546875 -3.0977869033813477
106.38681030273438 565.08447265625 -3.0977869033813477
102.3906478881836 564.9093017578125 -3.0977869033813477
98.39448547363281 564.734130859375 -3.0977869033813477
94.39832305908203 564.5589599609375 -3.0977869033813477
90.40216064453125 564.3837890625 -3.0977869033813477
86.40599822998047 564.2086181640625 -3.0977869033813477
82.40983581542969 564.033447265625 -3.0977869033813477
78.4136734008789 563.8582763671875 -3.0977869033813477
74.41751098632812 563.68310546875 -3.0977869033813477
74.41751098632812 563.68310546875 -2.697786808013916
70.80501556396484 561.965576171875 -2.697786808013916
67.19252014160156 560.248046875 -2.697786808013916
63.58002471923828 558.530517578125 -2.697786808013916
63.58002471923828 558.530517578125 -2.2977867126464844
60.92152786254883 555.5418090820312 -2.2977867126464844
58.263031005859375 552.5531005859375 -2.2977867126464844
55.60453414916992 549.5643920898438 -2.2977867126464844
52.94603729248047 546.57568359375 -2.2977867126464844
50.287540435791016 543.5869750976562 -2.2977867126464844
50.287540435791016 543.5869750976562 -1.8977867364883423
49.00276184082031 539.7989501953125 -1.8977867364883423
47.71798324584961 536.0109252929688 -1.8977867364883423
46.433204650878906 532.222900390625 -1.8977867364883423
45.1484260559082 528.4348754882812 -1.8977867364883423
43.8636474609375 524.6468505859375 -1.8977867364883423
42.5788688659668 520.8588256835938 -1.8977867364883423
41.294090270996094 517.07080078125 -1.8977867364883423
40.00931167602539 513.2827758789062 -1.8977867364883423
38.72453308105469 509.4947204589844 -1.8977867364883423
37.439754486083984 505.7066650390625 -1.8977867364883423
36.15497589111328 501.9186096191406 -1.8977867364883423
34.87019729614258 498.13055419921875 -1.8977867364883423
33.585418701171875 494.3424987792969 -1.8977867364883423
32.30064010620117 490.554443359375 -1.8977867364883423
31.0158634185791 486.7663879394531 -1.8977867364883423
29.73108673095703 482.97833251953125 -1.8977867364883423
29.73108673095703 482.97833251953125 -1.4977867603302002
30.022865295410156 478.9889831542969 -1.4977867603302002
30.31464385986328 474.9996337890625 -1.4977867603302002
30.606422424316406 471.0102844238281 -1.4977867603302002
30.89820098876953 467.02093505859375 -1.4977867603302002
31.189979553222656 463.0315856933594 -1.4977867603302002
31.48175811767578 459.042236328125 -1.4977867603302002
31.773536682128906 455.0528869628906 -1.4977867603302002
32.06531524658203 451.06353759765625 -1.4977867603302002
32.357093811035156 447.0741882324219 -1.4977867603302002
32.64887237548828 443.0848388671875 -1.4977867603302002
32.940650939941406 439.0954895019531 -1.4977867603302002
33.23242950439453 435.10614013671875 -1.4977867603302002
33.524208068847656 431.1167907714844 -1.4977867603302002
33.81598663330078 427.12744140625 -1.4977867603302002
34.107765197753906 423.1380920410156 -1.4977867603302002
34.39954376220703 419.14874267578125 -1.4977867603302002
34.691322326660156 415.1593933105469 -1.4977867603302002
34.98310089111328 411.1700439453125 -1.4977867603302002
35.274879455566406 407.1806945800781 -1.4977867603302002
35.56665802001953 403.19134521484375 -1.4977867603302002
35.858436584472656 399.2019958496094 -1.4977867603302002
36.15021514892578 395.212646484375 -1.4977867603302002
36.441993713378906 391.2232971191406 -1.4977867603302002
36.73377227783203 387.23394775390625 -1.4977867603302002
37.025550842285156 383.2445983886719 -1.4977867603302002
37.31732940673828 379.2552490234375 -1.4977867603302002
37.609107971191406 375.2658996582031 -1.4977867603302002
37.90088653564453 371.27655029296875 -1.4977867603302002
38.192665100097656 367.2872009277344 -1.4977867603302002
38.48444366455078 363.2978515625 -1.4977867603302002
38.776222229003906 359.3085021972656 -1.4977867603302002
39.06800079345703 355.31915283203125 -1.4977867603302002
39.359779357910156 351.3298034667969 -1.4977867603302002
39.65155792236328 347.3404541015625 -1.4977867603302002
39.943336486816406 343.3511047363281 -1.4977867603302002
40.23511505126953 339.36175537109375 -1.4977867603302002
40.526893615722656 335.3724060058594 -1.4977867603302002
40.81867218017578 331.383056640625 -1.4977867603302002
41.110450744628906 327.3937072753906 -1.4977867603302002
41.40222930908203 323.40435791015625 -1.4977867603302002
41.694007873535156 319.4150085449219 -1.4977867603302002
41.98578643798828 315.4256591796875 -1.4977867603302002
41.98578643798828 315.4256591796875 -1.097786784172058
41.98578643798828 315.4256591796875 -0.697786808013916
41.98578643798828 315.4256591796875 -0.29778680205345154
41.98578643798828 315.4256591796875 0.10221320390701294
41.98578643798828 315.4256591796875 0.5022132396697998
41.98578643798828 315.4256591796875 0.9022132158279419
44.46528625488281 318.564453125 0.9022132158279419
46.944786071777344 321.7032470703125 0.9022132158279419
49.424285888671875 324.842041015625 0.9022132158279419
51.903785705566406 327.9808349609375 0.9022132158279419
54.38328552246094 331.11962890625 0.9022132158279419
56.86278533935547 334.2584228515625 0.9022132158279419
59.34228515625 337.397216796875 0.9022132158279419
61.82178497314453 340.5360107421875 0.9022132158279419
64.30128479003906 343.6748046875 0.9022132158279419
66.7807846069336 346.8135986328125 0.9022132158279419
69.26028442382812 349.952392578125 0.9022132158279419
71.73978424072266 353.0911865234375 0.9022132158279419
74.21928405761719 356.22998046875 0.9022132158279419
76.69878387451172 359.3687744140625 0.9022132158279419
79.17828369140625 362.507568359375 0.9022132158279419
81.65778350830078 365.6463623046875 0.9022132158279419
84.13728332519531 368.78515625 0.9022132158279419
86.61678314208984 371.9239501953125 0.9022132158279419
89.09628295898438 375.062744140625 0.9022132158279419
91.5757827758789 378.2015380859375 0.9022132158279419
94.05528259277344 381.34033203125 0.9022132158279419
96.53478240966797 384.4791259765625 0.9022132158279419
99.0142822265625 387.617919921875 0.9022132158279419
101.49378204345703 390.7567138671875 0.9022132158279419
103.97328186035156 393.8955078125 0.9022132158279419
106.4527816772461 397.0343017578125 0.9022132158279419
108.93228149414062 400.173095703125 0.9022132158279419
111.41178131103516 403.3118896484375 0.9022132158279419
113.89128112792969 406.45068359375 0.9022132158279419
116.37078094482422 409.5894775390625 0.9022132158279419
118.85028076171875 412.728271484375 0.9022132158279419
121.32978057861328 415.8670654296875 0.9022132158279419
123.80928039550781 419.005859375 0.9022132158279419
126.28878021240234 422.1446533203125 0.9022132158279419
128.76828002929688 425.283447265625 0.9022132158279419
131.24777221679688 428.4222412109375 0.9022132158279419
133.72726440429688 431.56103515625 0.9022132158279419
136.20675659179688 434.6998291015625 0.9022132158279419
138.68624877929688 437.838623046875 0.9022132158279419
141.16574096679688 440.9774169921875 0.9022132158279419
143.64523315429688 444.1162109375 0.9022132158279419
146.12472534179688 447.2550048828125 0.9022132158279419
146.12472534179688 447.2550048828125 1.302213191986084
147.18618774414062 451.1116027832031 1.302213191986084
148.24765014648438 454.96820068359375 1.302213191986084
149.30911254882812 458.8247985839844 1.302213191986084
150.37057495117188 462.681396484375 1.302213191986084
151.43203735351562 466.5379943847656 1.302213191986084
152.49349975585938 470.39459228515625 1.302213191986084
153.55496215820312 474.2511901855469 1.302213191986084
154.61642456054688 478.1077880859375 1.302213191986084
155.67788696289062 481.9643859863281 1.302213191986084
156.73934936523438 485.82098388671875 1.302213191986084
157.80081176757812 489.6775817871094 1.302213191986084
158.86227416992188 493.5341796875 1.302213191986084
159.92373657226562 497.3907775878906 1.302213191986084
160.98519897460938 501.24737548828125 1.302213191986084
162.04666137695312 505.1039733886719 1.302213191986084
163.10812377929688 508.9605712890625 1.302213191986084
164.16958618164062 512.817138671875 1.302213191986084
165.23104858398438 516.6737060546875 1.302213191986084
166.29251098632812 520.5302734375 1.302213191986084
167.35397338867188 524.3868408203125 1.302213191986084
168.41543579101562 528.243408203125 1.302213191986084
169.47689819335938 532.0999755859375 1.302213191986084
170.53836059570312 535.95654296875 1.302213191986084
171.59982299804688 539.8131103515625 1.302213191986084
172.66128540039062 543.669677734375 1.302213191986084
173.72274780273438 547.5262451171875 1.302213191986084
174.78421020507812 551.3828125 1.302213191986084
175.84567260742188 555.2393798828125 1.302213191986084
176.90713500976562 559.095947265625 1.302213191986084
176.90713500976562 559.095947265625 1.702213168144226
176.90713500976562 559.095947265625 2.102213144302368
176.90713500976562 559.095947265625 2.5022132396698
176.90713500976562 559.095947265625 2.9022133350372314
173.0211944580078 560.0443725585938 2.9022133350372314
169.13525390625 560.9927978515625 2.9022133350372314
165.2493133544922 561.9412231445312 2.9022133350372314
161.36337280273438 562.8896484375 2.9022133350372314
157.47743225097656 563.8380737304688 2.9022133350372314
153.59149169921875 564.7864990234375 2.9022133350372314
149.70555114746094 565.7349243164062 2.9022133350372314
145.81961059570312 566.683349609375 2.9022133350372314
141.9336700439453 567.6317749023438 2.9022133350372314
138.0477294921875 568.5802001953125 2.9022133350372314
134.1617889404297 569.5286254882812 2.9022133350372314
130.27584838867188 570.47705078125 2.9022133350372314
126.38990783691406 571.4254760742188 2.9022133350372314
126.38990783691406 571.4254760742188 -2.9809718132019043
122.44139862060547 570.7857666015625 -2.9809718132019043
118.49288940429688 570.1460571289062 -2.9809718132019043
114.54438018798828 569.50634765625 -2.9809718132019043
110.59587097167969 568.8666381835938 -2.9809718132019043
106.6473617553711 568.2269287109375 -2.9809718132019043
102.6988525390625 567.5872192382812 -2.9809718132019043
98.7503433227539 566.947509765625 -2.9809718132019043
94.80183410644531 566.3078002929688 -2.9809718132019043
90.85332489013672 565.6680908203125 -2.9809718132019043
86.90481567382812 565.0283813476562 -2.9809718132019043
82.95630645751953 564.388671875 -2.9809718132019043
79.00779724121094 563.7489624023438 -2.9809718132019043
75.05928802490234 563.1092529296875 -2.9809718132019043
71.11077880859375 562.4695434570312 -2.9809718132019043
71.11077880859375 562.4695434570312 -2.5809717178344727
67.72307586669922 560.3427124023438 -2.5809717178344727
64.33537292480469 558.2158813476562 -2.5809717178344727
60.94767379760742 556.0890502929688 -2.5809717178344727
60.94767379760742 556.0890502929688 -2.180971622467041
58.6556282043457 552.8108520507812 -2.180971622467041
56.363582611083984 549.5326538085938 -2.180971622467041
54.071537017822266 546.2544555664062 -2.180971622467041
51.77949142456055 542.9762573242188 -2.180971622467041
49.48744583129883 539.6980590820312 -2.180971622467041
47.19540023803711 536.4198608398438 -2.180971622467041
44.90335464477539 533.1416625976562 -2.180971622467041
44.90335464477539 533.1416625976562 -1.780971646308899
44.06882858276367 529.2296752929688 -1.780971646308899
43.23430252075195 525.3176879882812 -1.780971646308899
42.399776458740234 521.4057006835938 -1.780971646308899
41.565250396728516 517.4937133789062 -1.780971646308899
40.7307243347168 513.5817260742188 -1.780971646308899
39.89619827270508 509.66973876953125 -1.780971646308899
39.06167221069336 505.75775146484375 -1.780971646308899
38.22714614868164 501.84576416015625 -1.780971646308899
37.39262008666992 497.93377685546875 -1.780971646308899
36.5580940246582 494.02178955078125 -1.780971646308899
35.723567962646484 490.10980224609375 -1.780971646308899
34.889041900634766 486.19781494140625 -1.780971646308899
34.05451583862305 482.28582763671875 -1.780971646308899
33.21998977661133 478.37384033203125 -1.780971646308899
32.38546371459961 474.46185302734375 -1.780971646308899
31.55093765258789 470.54986572265625 -1.780971646308899
30.716411590576172 466.63787841796875 -1.780971646308899
29.881885528564453 462.72589111328125 -1.780971646308899
29.047359466552734 458.81390380859375 -1.780971646308899
28.212833404541016 454.90191650390625 -1.780971646308899
27.378307342529297 450.98992919921875 -1.780971646308899
26.543781280517578 447.07794189453125 -1.780971646308899
25.70925521850586 443.16595458984375 -1.780971646308899
25.70925521850586 443.16595458984375 -1.3809716701507568
26.46400260925293 439.23779296875 -1.3809716701507568
27.21875 435.30963134765625 -1.3809716701507568
27.97349739074707 431.3814697265625 -1.3809716701507568
28.72824478149414 427.45330810546875 -1.3809716701507568
29.48299217224121 423.525146484375 -1.3809716701507568
30.23773956298828 419.59698486328125 -1.3809716701507568
30.99248695373535 415.6688232421875 -1.3809716701507568
31.747234344482422 411.74066162109375 -1.3809716701507568
32.50197982788086 407.8125 -1.3809716701507568
33.2567253112793 403.88433837890625 -1.3809716701507568
34.011470794677734 399.9561767578125 -1.3809716701507568
34.76621627807617 396.02801513671875 -1.3809716701507568
35.52096176147461 392.099853515625 -1.3809716701507568
36.27570724487305 388.17169189453125 -1.3809716701507568
37.030452728271484 384.2435302734375 -1.3809716701507568
37.78519821166992 380.31536865234375 -1.3809716701507568
38.53994369506836 376.38720703125 -1.3809716701507568
39.2946891784668 372.45904541015625 -1.3809716701507568
40.049434661865234 368.5308837890625 -1.3809716701507568
40.80418014526367 364.60272216796875 -1.3809716701507568
41.55892562866211 360.674560546875 -1.3809716701507568
42.31367111206055 356.74639892578125 -1.3809716701507568
43.068416595458984 352.8182373046875 -1.3809716701507568
43.82316207885742 348.89007568359375 -1.3809716701507568
44.57790756225586 344.9619140625 -1.3809716701507568
45.3326530456543 341.03375244140625 -1.3809716701507568
46.087398529052734 337.1055908203125 -1.3809716701507568
46.087398529052734 337.1055908203125 -0.9809716939926147
46.087398529052734 337.1055908203125 -0.5809717178344727
49.43111801147461 334.9102478027344 -0.5809717178344727
52.774837493896484 332.71490478515625 -0.5809717178344727
52.774837493896484 332.71490478515625 -0.18097171187400818
52.774837493896484 332.71490478515625 0.2190282940864563
52.774837493896484 332.71490478515625 0.6190283298492432
56.03260803222656 335.035888671875 0.6190283298492432
59.29037857055664 337.35687255859375 0.6190283298492432
62.54814910888672 339.6778564453125 0.6190283298492432
65.80592346191406 341.99884033203125 0.6190283298492432
69.06369018554688 344.31982421875 0.6190283298492432
72.32145690917969 346.64080810546875 0.6190283298492432
75.5792236328125 348.9617919921875 0.6190283298492432
75.5792236328125 348.9617919921875 1.0190283060073853
77.67599487304688 352.3681945800781 1.0190283060073853
79.77276611328125 355.77459716796875 1.0190283060073853
81.86953735351562 359.1809997558594 1.0190283060073853
83.96630859375 362.58740234375 1.0190283060073853
86.06307983398438 365.9938049316406 1.0190283060073853
88.15985107421875 369.40020751953125 1.0190283060073853
90.25662231445312 372.8066101074219 1.0190283060073853
92.3533935546875 376.2130126953125 1.0190283060073853
94.45016479492188 379.6194152832031 1.0190283060073853
96.54693603515625 383.02581787109375 1.0190283060073853
98.64370727539062 386.4322204589844 1.0190283060073853
100.740478515625 389.838623046875 1.0190283060073853
102.83724975585938 393.2450256347656 1.0190283060073853
104.93402099609375 396.65142822265625 1.0190283060073853
107.03079223632812 400.0578308105469 1.0190283060073853
109.1275634765625 403.4642333984375 1.0190283060073853
111.22433471679688 406.8706359863281 1.0190283060073853
113.32110595703125 410.27703857421875 1.0190283060073853
115.41787719726562 413.6834411621094 1.0190283060073853
117.5146484375 417.08984375 1.0190283060073853
119.61141967773438 420.4962463378906 1.0190283060073853
121.70819091796875 423.90264892578125 1.0190283060073853
123.80496215820312 427.3090515136719 1.0190283060073853
125.9017333984375 430.7154541015625 1.0190283060073853
127.99850463867188 434.1218566894531 1.0190283060073853
130.09527587890625 437.52825927734375 1.0190283060073853
132.19204711914062 440.9346618652344 1.0190283060073853
134.288818359375 444.341064453125 1.0190283060073853
136.38558959960938 447.7474670410156 1.0190283060073853
138.48236083984375 451.15386962890625 1.0190283060073853
140.57913208007812 454.5602722167969 1.0190283060073853
142.6759033203125 457.9666748046875 1.0190283060073853
144.77267456054688 461.3730773925781 1.0190283060073853
146.86944580078125 464.77947998046875 1.0190283060073853
148.96621704101562 468.1858825683594 1.0190283060073853
151.06298828125 471.59228515625 1.0190283060073853
153.15975952148438 474.9986877441406 1.0190283060073853
155.25653076171875 478.40509033203125 1.0190283060073853
157.35330200195312 481.8114929199219 1.0190283060073853
159.4500732421875 485.2178955078125 1.0190283060073853
161.54684448242188 488.6242980957031 1.0190283060073853
163.64361572265625 492.03070068359375 1.0190283060073853
165.74038696289062 495.4371032714844 1.0190283060073853
167.837158203125 498.843505859375 1.0190283060073853
169.93392944335938 502.2499084472656 1.0190283060073853
172.03070068359375 505.65631103515625 1.0190283060073853
174.12747192382812 509.0627136230469 1.0190283060073853
176.2242431640625 512.4691162109375 1.0190283060073853
178.32101440429688 515.87548828125 1.0190283060073853
180.41778564453125 519.2818603515625 1.0190283060073853
182.51455688476562 522.688232421875 1.0190283060073853
184.611328125 526.0946044921875 1.0190283060073853
186.70809936523438 529.5009765625 1.0190283060073853
188.80487060546875 532.9073486328125 1.0190283060073853
190.90164184570312 536.313720703125 1.0190283060073853
192.9984130859375 539.7200927734375 1.0190283060073853
195.09518432617188 543.12646484375 1.0190283060073853
197.19195556640625 546.5328369140625 1.0190283060073853
199.28872680664062 549.939208984375 1.0190283060073853
201.385498046875 553.3455810546875 1.0190283060073853
203.48226928710938 556.751953125 1.0190283060073853
205.57904052734375 560.1583251953125 1.0190283060073853
207.67581176757812 563.564697265625 1.0190283060073853
209.7725830078125 566.9710693359375 1.0190283060073853
209.7725830078125 566.9710693359375 1.4190282821655273
210.37733459472656 570.9251098632812 1.4190282821655273
210.98208618164062 574.879150390625 1.4190282821655273
210.98208618164062 574.879150390625 1.8190282583236694
210.98208618164062 574.879150390625 2.2190282344818115
210.98208618164062 574.879150390625 2.619028329849243
210.98208618164062 574.879150390625 3.019028425216675
210.98208618164062 574.879150390625 -2.864156723022461
207.13504028320312 573.7835693359375 -2.864156723022461
203.28799438476562 572.68798828125 -2.864156723022461
199.44094848632812 571.5924072265625 -2.864156723022461
195.59390258789062 570.496826171875 -2.864156723022461
191.74685668945312 569.4012451171875 -2.864156723022461
187.89981079101562 568.3056640625 -2.864156723022461
184.05276489257812 567.2100830078125 -2.864156723022461
180.20571899414062 566.114501953125 -2.864156723022461
176.35867309570312 565.0189208984375 -2.864156723022461
172.51162719726562 563.92333984375 -2.864156723022461
168.66458129882812 562.8277587890625 -2.864156723022461
164.81753540039062 561.732177734375 -2.864156723022461
160.97048950195312 560.6365966796875 -2.864156723022461
157.12344360351562 559.541015625 -2.864156723022461
153.27639770507812 558.4454345703125 -2.864156723022461
149.42935180664062 557.349853515625 -2.864156723022461
145.58230590820312 556.2542724609375 -2.864156723022461
141.73526000976562 555.15869140625 -2.864156723022461
137.88821411132812 554.0631103515625 -2.864156723022461
134.04116821289062 552.967529296875 -2.864156723022461
130.19412231445312 551.8719482421875 -2.864156723022461
126.34707641601562 550.7763671875 -2.864156723022461
122.50003051757812 549.6807861328125 -2.864156723022461
118.65298461914062 548.585205078125 -2.864156723022461
114.80593872070312 547.4896240234375 -2.864156723022461
110.95889282226562 546.39404296875 -2.864156723022461
107.11184692382812 545.2984619140625 -2.864156723022461
103.26480102539062 544.202880859375 -2.864156723022461
99.41775512695312 543.1072998046875 -2.864156723022461
95.57070922851562 542.01171875 -2.864156723022461
91.72366333007812 540.9161376953125 -2.864156723022461
87.87661743164062 539.820556640625 -2.864156723022461
84.02957153320312 538.7249755859375 -2.864156723022461
80.18252563476562 537.62939453125 -2.864156723022461
76.33547973632812 536.5338134765625 -2.864156723022461
72.48843383789062 535.438232421875 -2.864156723022461
68.64138793945312 534.3426513671875 -2.864156723022461
68.64138793945312 534.3426513671875 -2.4641566276550293
65.524658203125 531.83544921875 -2.4641566276550293
62.407928466796875 529.3282470703125 -2.4641566276550293
59.29119873046875 526.821044921875 -2.4641566276550293
56.174468994140625 524.3138427734375 -2.4641566276550293
56.174468994140625 524.3138427734375 -2.0641565322875977
54.28011703491211 520.7908325195312 -2.0641565322875977
52.385765075683594 517.267822265625 -2.0641565322875977
50.49141311645508 513.7448120117188 -2.0641565322875977
48.59706115722656 510.2218322753906 -2.0641565322875977
46.70270919799805 506.6988525390625 -2.0641565322875977
44.80835723876953 503.1758728027344 -2.0641565322875977
42.914005279541016 499.65289306640625 -2.0641565322875977
41.0196533203125 496.1299133300781 -2.0641565322875977
39.125301361083984 492.60693359375 -2.0641565322875977
39.125301361083984 492.60693359375 -1.6641565561294556
38.752403259277344 488.6243591308594 -1.6641565561294556
38.3795051574707 484.64178466796875 -1.6641565561294556
38.00660705566406 480.6592102050781 -1.6641565561294556
37.63370895385742 476.6766357421875 -1.6641565561294556
37.26081085205078 472.6940612792969 -1.6641565561294556
36.88791275024414 468.71148681640625 -1.6641565561294556
36.5150146484375 464.7289123535156 -1.6641565561294556
36.14211654663086 460.746337890625 -1.6641565561294556
35.76921844482422 456.7637634277344 -1.6641565561294556
35.39632034301758 452.78118896484375 -1.6641565561294556
35.02342224121094 448.7986145019531 -1.6641565561294556
34.6505241394043 444.8160400390625 -1.6641565561294556
34.277626037597656 440.8334655761719 -1.6641565561294556
33.904727935791016 436.85089111328125 -1.6641565561294556
33.531829833984375 432.8683166503906 -1.6641565561294556
33.158931732177734 428.8857421875 -1.6641565561294556
32.786033630371094 424.9031677246094 -1.6641565561294556
32.41313552856445 420.92059326171875 -1.6641565561294556
32.04023742675781 416.9380187988281 -1.6641565561294556
31.667339324951172 412.9554443359375 -1.6641565561294556
31.29444122314453 408.9728698730469 -1.6641565561294556
30.92154312133789 404.99029541015625 -1.6641565561294556
30.54864501953125 401.0077209472656 -1.6641565561294556
30.17574691772461 397.025146484375 -1.6641565561294556
29.80284881591797 393.0425720214844 -1.6641565561294556
29.429950714111328 389.05999755859375 -1.6641565561294556
29.057052612304688 385.0774230957031 -1.6641565561294556
28.684154510498047 381.0948486328125 -1.6641565561294556
28.311256408691406 377.1122741699219 -1.6641565561294556
27.938358306884766 373.12969970703125 -1.6641565561294556
27.565460205078125 369.1471252441406 -1.6641565561294556
27.192562103271484 365.16455078125 -1.6641565561294556
26.819664001464844 361.1819763183594 -1.6641565561294556
26.446765899658203 357.19940185546875 -1.6641565561294556
26.073867797851562 353.2168273925781 -1.6641565561294556
25.700969696044922 349.2342529296875 -1.6641565561294556
25.32807159423828 345.2516784667969 -1.6641565561294556
24.95517349243164 341.26910400390625 -1.6641565561294556
24.582275390625 337.2865295410156 -1.6641565561294556
24.20937728881836 333.303955078125 -1.6641565561294556
23.83647918701172 329.3213806152344 -1.6641565561294556
23.463581085205078 325.33880615234375 -1.6641565561294556
23.090682983398438 321.3562316894531 -1.6641565561294556
22.717784881591797 317.3736572265625 -1.6641565561294556
22.344886779785156 313.3910827636719 -1.6641565561294556
21.971988677978516 309.40850830078125 -1.6641565561294556
21.599090576171875 305.4259338378906 -1.6641565561294556
21.226192474365234 301.443359375 -1.6641565561294556
20.853294372558594 297.4607849121094 -1.6641565561294556
20.480396270751953 293.47821044921875 -1.6641565561294556
20.107498168945312 289.4956359863281 -1.6641565561294556
19.734600067138672 285.5130615234375 -1.6641565561294556
19.36170196533203 281.5304870605469 -1.6641565561294556
18.98880386352539 277.54791259765625 -1.6641565561294556
18.61590576171875 273.5653381347656 -1.6641565561294556
18.24300765991211 269.582763671875 -1.6641565561294556
17.87010955810547 265.6001892089844 -1.6641565561294556
17.497211456298828 261.61761474609375 -1.6641565561294556
17.497211456298828 261.61761474609375 -1.6641565561294556
17.497211456298828 261.61761474609375 -1.6641565561294556
17.497211456298828 261.61761474609375 -1.6641565561294556
17.497211456298828 261.61761474609375 -1.6641565561294556
17.497211456298828 261.61761474609375 -1.6641565561294556
17.497211456298828 261.61761474609375 -1.6641565561294556
17.497211456298828 261.61761474609375 -1.6641565561294556
17.497211456298828 261.61761474609375 -1.6641565561294556
17.497211456298828 261.61761474609375 -1.6641565561294556
17.497211456298828 261.61761474609375 -1.6641565561294556
