-390.0
-390.0
-388.1381908678769
-388.1381908678769
-386.2769776054953
-384.42013251334936
-384.42013251334936
-382.55500105214674
-380.70438039537004
-380.70438039537004
-378.83648558868714
-376.993387216929
-376.993387216929
-375.1239810846181
-373.28974173941316
-373.28974173941316
-371.4201142002078
-369.596080356928
-369.596080356928
-367.7274999562773
-365.915090184202
-365.915090184202
-364.04895841102496
-364.04895841102496
-362.1940395311912
-360.3313732073466
-360.3313732073466
-358.471129260647
-356.6131777573019
-356.6131777573019
-354.74874987220517
-352.89677052459996
-352.89677052459996
-351.02933630602377
-349.1845961892517
-349.1845961892517
-347.31540234733006
-345.47927151980724
-345.47927151980724
-343.60957489210466
-341.7834365741922
-341.7834365741922
-339.91456726404886
-338.09981942101206
-338.09981942101206
-336.23309131249516
-334.43117879317026
-334.43117879317026
-332.56804420843423
-332.56804420843423
-330.7083656146772
-328.84977319984284
-328.84977319984284
-326.98577684005056
-325.13301436597163
-325.13301436597163
-323.2658725327172
-321.4202103420954
-321.4202103420954
-319.5511673841993
-317.71398246468215
-317.71398246468215
-315.8442961513735
-314.0169827640176
-314.0169827640176
-312.14795740584464
-310.331929099609
-310.331929099609
-308.4649179566684
-306.66164000904485
-306.66164000904485
-304.79807835221
-303.009100403046
-303.009100403046
-301.15044704546403
-299.3773132119308
-299.3773132119308
-297.5251138165186
-297.5251138165186
-295.6577582037534
-293.8127951825873
-293.8127951825873
-291.9436223880633
-290.10729047016713
-290.10729047016713
-288.2376001827816
-286.41128607998564
-286.41128607998564
-284.54239888245843
-282.727605816201
-282.727605816201
-280.860896579482
-279.05909430361635
-279.05909430361635
-277.1960260180495
-275.40880586024116
-275.40880586024116
-273.55087152292157
-271.77985729537636
-271.77985729537636
-269.92861376901834
-268.17546426282405
-264.60177615109245
-261.0404567050523
-257.49201913067054
-253.95700340792885
-250.43597790377046
-246.92954108821954
-243.438323359732
-239.96298898599764
-236.5042381665252
-233.06280922339536
-229.63948092654044
-226.2350749597837
-226.2350749597837
-224.4305149227411
-222.7724736106487
-219.45710740612006
-216.16491177523136
-212.8969616359141
-209.65439075796218
-206.43839505687595
-206.43839505687595
-206.43839505687595
-206.43839505687595
-206.43839505687595
-206.43839505687595
-206.43839505687595
-206.43839505687595
-206.43839505687595
-206.43839505687595
-206.43839505687595
