-392.83861260070745
-395.6972973447963
-398.57562242630917
-401.47316538979356
-404.3895131339564
-407.324261745324
-410.2770163548833
-413.2473909909103
-416.23500842860443
-419.2395000371072
-422.2605056244355
-425.29767328082255
-428.3506592209188
-431.41912762526795
-434.50275048143925
-437.6012074251642
-440.7141855817944
-443.8413794083695
-446.9824905365546
-450.1372276166848
-453.3053061631269
-456.4864484011485
-459.6803831154639
-462.8868455006061
-466.1055758558366
-469.33632403122084
-472.57884245426635
-475.8328905033011
-475.8328905033011
-477.9446785944005
-480.0805056191354
-482.24005217441885
-484.423001036996
-484.423001036996
-485.1579411997361
-485.9246977389378
-486.7231202893735
-487.55305328118317
-488.4143360830217
-488.4143360830217
-487.71809789607477
-487.05371617101133
-486.4213214419158
-485.82103862151513
-485.25298688205555
-484.71727954066756
-484.21402394946756
-483.74332139063796
-483.3052669767185
-482.89994955633284
-482.5274516255641
-482.1878492451816
-481.8812119639107
-481.6076027479233
-481.3671064931737
-481.3671064931737
-479.6190482467878
-477.89807674409866
-476.2044856542954
-474.53856813313433
-472.9006166431045
-471.29092276853936
-469.70977702579694
-468.1574686686481
-466.6342854890308
-465.14052005563445
-463.67644384746035
-462.2423453638121
-460.83850447077253
-459.4651985137595
-458.1227020948955
-456.81128684740054
-455.5312212073257
-454.2827701829629
-453.0661951222863
-451.8817534787992
-450.7296985761784
-449.6102793721256
-449.29198559099433
-449.05928279671673
-448.86210621391587
-448.7005026774224
-448.57451063389465
-448.7264743287696
-449.4979961465011
-450.06275598348543
-451.6905253233809
-453.34774400170323
-455.0340902580998
-456.7492414702621
-458.4928743735978
-459.4911219368121
-461.9889349023281
-464.5077619900166
-464.5077619900166
-464.5077619900166
-468.49301959032
-472.47852644531173
-476.46427630012874
-480.45026310709085
-484.4364810172076
-488.4229243720988
-492.40958769630555
-496.3964656899699
-500.38355322186237
-504.3708453227391
-508.35833717900954
-512.3460241266988
-516.3339016456881
-520.3219653542195
-524.3102110036492
-528.2986344734386
-532.2872317663684
-536.2759990039667
-540.2649324221372
-544.2540283669802
-548.243283290794
-552.2326937482505
-556.2222563927332
-560.2119679728318
-564.2018253289842
-568.1918253902614
-572.1819651712838
-576.1722417692666
-580.1626523611867
-584.1531942010652
-588.1438646173593
-592.1346610104606
-592.1346610104606
-595.7079083034998
-599.2865483914164
-602.8704852393031
-606.459624941889
-610.0538756690669
-613.6531476129252
-617.2573529362453
-620.8664057224219
-624.4802219267686
-628.0987193291688
-631.7218174880353
-635.3494376955407
-638.9815029340846
-642.6179378339606
-646.2586686321903
-649.9036231324911
-649.9036231324911
-652.6296140540641
-655.3686802581607
-658.1206584887296
-660.8853874457387
-663.6627077758087
-663.6627077758087
-665.1183522694873
-666.5948210004001
-668.0919759052276
-668.0919759052276
-668.0495926744335
-668.0311581936977
-668.0366744456185
-668.0661408369092
-668.1195541987169
-668.1195541987169
-666.632651760264
-665.1664799258491
-663.7211760783007
-662.2968768357392
-660.893717999937
-659.5118345041128
-658.1513603601944
-658.1513603601944
-655.4484626769332
-652.7588844781345
-650.082791083355
-650.082791083355
-646.4663409844825
-642.854435200502
-639.2471507609549
-635.6445663442681
-632.0467623190056
-628.453820786248
-624.8658256231338
-621.2828625275921
-621.2828625275921
-617.290651721113
-613.2985421485357
-609.3065357996804
-605.3146347168062
-601.3228409963476
-597.3311337038368
-593.3395381190642
-589.3480565117859
-585.3566912136013
-581.365444620071
-577.3743191929232
-573.3833174623514
-569.3924420294084
-565.401695568501
-561.4110808299922
-557.4206006429125
-553.4302579177905
-549.4400556496042
-545.4499969208632
-541.4600849048251
-537.4703228688561
-533.4807141779409
-529.4912622983504
-525.5019708014772
-525.5019708014772
-521.7148997654915
-517.9310301132017
-514.1504325259806
-510.37317971745813
-506.5993465046021
-502.8290098816856
-499.0622490972723
-495.29914573435786
-491.53978379381124
-487.7842497812675
-484.03263279763115
-480.28502463335684
-476.5415198666818
-472.80221596599495
-469.0672133965331
-465.33661573160924
-461.61052976858235
-457.8890656497929
-454.1723369886971
-450.46046100144486
-446.75355864415786
-443.0517547561786
-439.3551782095714
-435.6639620651733
-431.97824373550395
-428.2981651548619
-424.6238729569471
-420.95551866036743
-417.2932588624043
-413.6372554414283
-409.98767576837537
-406.34469292771234
-402.70848594834
-399.07924004490275
-395.45714686999287
-391.8424047777606
-388.2352190994614
-384.63580243149556
-381.044374936515
-377.4611646581984
-373.8864078503161
-370.3203493207301
-366.7632427909964
-363.21535127226167
-359.6769474581638
-356.1483141354712
-352.62974461321187
-349.1215431710638
-349.1215431710638
-345.14334467709244
-341.1656560368831
-337.188495294108
-333.2118813514517
-329.23583402218617
-325.26037408549536
-321.28552334587005
-317.311304696924
-313.33774219002095
-309.3648706561409
-305.39270710494117
-301.4212795260493
-297.45061739858585
-293.4807517911897
-289.5117154701803
-285.54354301663733
-281.57627095326154
-277.60993788198164
-273.64458463337746
-269.6802544291154
-265.7169930587315
-261.7548490722537
-257.7938739903364
-255.92470888271876
-251.93509464638103
-247.94581499507666
-243.95688634260722
-239.96832619264976
-235.98015323060397
-234.14163977744778
-234.14163977744778
-231.07491455925344
-228.03711296554744
-225.02940636938715
-222.05301768374395
-219.10922318368253
-216.19935429149157
-213.32479930416054
-210.48700503941862
-207.6874783730822
-204.92778763670904
-202.20956384054674
-199.53450168252493
-196.9043602996245
-195.84879868874154
-195.1573529148798
-194.13674447201402
-193.1935782332794
-192.32899351346245
-192.1486510860827
-192.24855970962344
-192.4315811716399
-192.69747865392404
-193.0459097015808
-193.4332068880152
-194.72710553875507
-194.72710553875507
-197.44381642549854
-200.20358534181688
-203.00465622408277
-205.8453430114113
-208.72402821956268
-211.63916130717328
-211.63916130717328
-215.40402995657894
-219.177228790427
-222.9583348855857
-226.7469526711223
-230.5427118178164
-234.3452653137475
-238.15428770780937
-241.9694735049088
-245.79053569829912
-249.61720442600975
-253.4492257396759
-257.2863604752717
-261.1283832163158
-264.97508134107267
-268.82625414612033
-272.6817120394146
-276.5412757966582
-280.40477587538686
-284.2720517817287
-288.14295148527776
-292.01733087795634
-295.8950532731324
-299.77598894160843
-303.66001468141
-307.54701341859
-311.43687383651275
-315.32949003131773
-319.2247611914641
-323.1225912994463
-327.0228888539396
-330.9255666107843
-334.8305413413575
-338.73773360700426
-342.6470675483134
-346.5584706881256
-350.47187374725496
-354.3872104719873
-358.3044174724989
-362.2234340714062
-366.14420216172107
-370.0666660735463
-373.9907724488952
-377.9164701240717
-381.8437100190873
-385.77244503363465
-389.7026299491728
-393.6342213367132
-397.56717746992706
-401.50145824322215
-405.4370250944635
-409.373840932037
-413.31187006597605
-417.2510781428913
-421.19143208446377
-425.13290002927687
-429.0754512777795
-433.0190562401874
-436.96368638714176
-440.9093142029589
-444.8559131413138
-448.8034575832121
-452.7519227971157
-456.70128490109386
-460.651520826883
-464.60260828574314
-468.5545257360092
-468.5545257360092
-468.5545257360092
-470.8777727926335
-473.2234253019203
-475.5911517476856
-477.9806240934614
-477.9806240934614
-478.961056689702
-479.97282292376264
-481.01572507460077
-482.08956107369806
-483.194124681754
-484.32920566619833
-485.4945899792123
-486.6900599359565
-487.9153943927114
-489.1703689246456
-490.45475600293776
-491.76832517098666
-493.110843219455
-494.4820743599056
-494.4820743599056
-494.31310034453054
-494.1764466502342
-494.0721400951128
-494.0002011691502
-493.960644014116
-493.9534764096743
-493.97869976573713
-494.0158845433193
-494.0158845433193
-492.5041514567298
-491.0203500096136
-491.0203500096136
-488.22626471528037
-485.4490567846581
-482.68901753551546
-479.94644316495953
-479.94644316495953
-476.2941538100584
-472.6474937969925
-469.0065944349943
-465.3715909318479
-461.7426225305194
-458.1198326511078
-454.5033690383284
-450.8933839147539
-447.2900341400409
-443.6934813763833
-440.1038922604363
-436.5214385819683
-432.94629746950284
-429.3786515832221
-425.8186893154122
-422.26660499873736
-418.7225991226394
-418.7225991226394
-414.7369418022169
-410.7515636193949
-406.7664727788976
-402.7816778095534
-398.79718758042617
-394.81301131791713
-390.8291586239074
-386.8456394950141
-382.8624643430417
-378.87964401671525
-374.8971898247895
-370.9151135606382
-366.9334275284325
-362.9521445710318
-358.971278099717
-354.9908421259104
-351.01085129503775
-347.0313209227038
-343.0522670333657
-339.0737064017086
-335.0956565969454
-331.11813603028344
-327.141164005825
-323.16476077519394
-319.18894759620986
-315.2137467959625
-311.2391818386749
-307.2652773987841
-303.29205943971107
-299.31955529884135
-295.34779377929425
-291.37680524911787
-287.4066217486188
-283.437277106612
-279.4688070664641
-275.50124942290216
-271.5346441706716
-267.5690336662517
-263.6044628039816
-259.6409792081079
-255.6786334424525
-251.7174792396037
-247.75757375177471
-243.79897782574335
-239.84175630459754
-235.88597835936764
-231.93171785403484
-227.97905374787533
-224.0280705396426
-220.0788587587163
-216.13151550907227
-212.18614507277132
-208.24285958064303
-204.30177975898573
-200.3630357624386
-196.4267832206007
-192.49315891693843
-188.56232733562348
-184.6344668462749
-180.7097711856385
-176.78845113100488
-172.87073639459584
-168.95687808986216
-165.04715024635016
-161.14185351210304
-157.2413180448985
-153.34590717063108
-149.45602159089057
-145.5721042366144
-141.69464588431265
-137.8241916754524
-133.96134870927872
-130.10679491606942
-126.26128946340353
-122.42568500480871
-118.60094215113962
-114.78814663407252
-110.98852974311693
-107.20349275885658
-103.43463628380837
-99.68379559855899
-95.95308345755699
-92.24494210197409
-88.56220672547774
-84.90818320445919
-81.28674362024725
-77.70244397695387
-74.16066956214426
-70.66781458433177
-67.23150395946446
-63.86086618175112
-60.56686662377055
-57.36270943797675
-57.36270943797675
-55.525489054126545
-53.92290269210963
-52.57641043466298
-51.50610093041572
-50.72945822027691
-50.72945822027691
-50.72945822027691
-50.72945822027691
-50.72945822027691
-50.72945822027691
-50.72945822027691
-50.72945822027691
-50.72945822027691
-50.72945822027691
-50.72945822027691
