60.0 450.0
60.0 450.0
296.2174377441406 477.298095703125
60.0 450.0
326.40460205078125 409.13079833984375
17.573604583740234 407.57354736328125
190.10777282714844 580.1077880859375
190.10777282714844 580.1077880859375
17.573604583740234 407.57354736328125
60.0 450.0
17.573604583740234 407.57354736328125
60.0 450.0
17.573604583740234 407.57354736328125
302.8294372558594 394.7984313964844
60.0 450.0
17.573604583740234 407.57354736328125
60.0 450.0
29.593530654907227 578.9828491210938
60.0 450.0
60.0 450.0
59.566314697265625 449.7488708496094
190.10777282714844 580.1077880859375
17.573604583740234 407.57354736328125
17.573604583740234 407.57354736328125
17.573604583740234 407.57354736328125
17.573604583740234 407.57354736328125
190.10777282714844 580.1077880859375
190.10777282714844 580.1077880859375
61.927425384521484 318.01409912109375
17.573604583740234 407.57354736328125
60.0 450.0
61.927425384521484 318.01409912109375
60.0 450.0
60.0 450.0
60.0 450.0
73.31746673583984 441.7210693359375
17.573604583740234 407.57354736328125
190.10777282714844 580.1077880859375
17.573604583740234 407.57354736328125
60.0 450.0
74.44998168945312 456.8701171875
60.0 450.0
17.573604583740234 407.57354736328125
190.10777282714844 580.1077880859375
60.0 450.0
60.0 450.0
17.573604583740234 407.57354736328125
60.0 450.0
60.0 450.0
68.43306732177734 443.547607421875
60.0 450.0
17.573604583740234 407.57354736328125
60.0 450.0
17.573604583740234 407.57354736328125
60.0 450.0
60.0 450.0
17.573604583740234 407.57354736328125
190.10777282714844 580.1077880859375
17.30722999572754 408.1153259277344
17.573604583740234 407.57354736328125
60.0 450.0
17.573604583740234 407.57354736328125
60.0 450.0
190.10777282714844 580.1077880859375
190.10777282714844 580.1077880859375
60.0 450.0
17.573604583740234 407.57354736328125
190.10777282714844 580.1077880859375
17.573604583740234 407.57354736328125
17.573604583740234 407.57354736328125
190.10777282714844 580.1077880859375
190.10777282714844 580.1077880859375
60.0 450.0
60.0 450.0
66.28317260742188 461.00677490234375
60.0 450.0
74.99569702148438 444.420654296875
17.123889923095703 319.91290283203125
17.573604583740234 407.57354736328125
154.7700653076172 580.0164184570312
79.73291778564453 466.09222412109375
60.0 450.0
184.8411407470703 465.96490478515625
19.775169372558594 414.0108337402344
190.10777282714844 580.1077880859375
17.573604583740234 407.57354736328125
60.0 450.0
60.0 450.0
60.0 450.0
17.573604583740234 407.57354736328125
60.0 450.0
16.502399444580078 311.35028076171875
60.0 450.0
190.10777282714844 580.1077880859375
190.10777282714844 580.1077880859375
60.0 450.0
190.10777282714844 580.1077880859375
17.573604583740234 407.57354736328125
17.573604583740234 407.57354736328125
60.0 450.0
60.0 450.0
17.573604583740234 407.57354736328125
17.573604583740234 407.57354736328125
60.0 450.0
17.573604583740234 407.57354736328125
17.573604583740234 407.57354736328125
190.10777282714844 580.1077880859375
17.573604583740234 407.57354736328125
60.0 450.0
60.0 450.0
60.0 450.0
65.8514404296875 358.99005126953125
190.10777282714844 580.1077880859375
17.573604583740234 407.57354736328125
73.31746673583984 441.7210693359375
190.10777282714844 580.1077880859375
17.485095977783203 262.62908935546875
67.22499084472656 453.43505859375
60.0 450.0
60.0 450.0
60.0 450.0
17.573604583740234 407.57354736328125
60.0 450.0
190.10777282714844 580.1077880859375
190.10777282714844 580.1077880859375
17.573604583740234 407.57354736328125
190.10777282714844 580.1077880859375
83.59330749511719 452.5933837890625
60.0 450.0
190.10777282714844 580.1077880859375
17.573604583740234 407.57354736328125
17.573604583740234 407.57354736328125
17.573604583740234 407.57354736328125
284.0123596191406 383.84027099609375
17.573604583740234 407.57354736328125
37.96821594238281 288.5108947753906
17.573604583740234 407.57354736328125
16.794658660888672 404.1095886230469
184.8411407470703 465.96490478515625
74.99569702148438 444.420654296875
17.573604583740234 407.57354736328125
17.573604583740234 407.57354736328125
190.10777282714844 580.1077880859375
60.0 450.0
60.0 450.0
74.35287475585938 456.51287841796875
190.10777282714844 580.1077880859375
60.0 450.0
60.0 450.0
73.31746673583984 441.7210693359375
17.573604583740234 407.57354736328125
17.573604583740234 407.57354736328125
71.24677276611328 445.81549072265625
60.0 450.0
17.573604583740234 407.57354736328125
72.63957214355469 580.3519897460938
19.83087921142578 413.9289855957031
74.99569702148438 444.420654296875
190.10777282714844 580.1077880859375
190.10777282714844 580.1077880859375
17.573604583740234 407.57354736328125
190.10777282714844 580.1077880859375
190.10777282714844 580.1077880859375
60.0 450.0
60.0 450.0
60.0 450.0
127.00627136230469 577.8759155273438
60.0 450.0
60.0 450.0
17.573604583740234 407.57354736328125
17.573604583740234 407.57354736328125
17.573604583740234 407.57354736328125
38.82096481323242 434.78021240234375
190.10777282714844 580.1077880859375
79.73291778564453 466.09222412109375
60.0 450.0
60.0 450.0
190.10777282714844 580.1077880859375
112.86959075927734 504.9366149902344
61.927425384521484 318.01409912109375
73.31746673583984 441.7210693359375
17.573604583740234 407.57354736328125
67.22499084472656 453.43505859375
60.0 450.0
60.0 450.0
17.573604583740234 407.57354736328125
60.0 450.0
184.8411407470703 465.96490478515625
17.573604583740234 407.57354736328125
17.573604583740234 407.57354736328125
17.573604583740234 407.57354736328125
60.0 450.0
60.0 450.0
60.0 450.0
17.573604583740234 407.57354736328125
17.573604583740234 407.57354736328125
60.0 450.0
20.063798904418945 397.7620849609375
60.0 450.0
17.573604583740234 407.57354736328125
17.573604583740234 407.57354736328125
17.573604583740234 407.57354736328125
60.0 450.0
17.573604583740234 407.57354736328125
17.573604583740234 407.57354736328125
17.573604583740234 407.57354736328125
17.573604583740234 407.57354736328125
190.10777282714844 580.1077880859375
60.0 450.0
17.30722999572754 408.1153259277344
79.73291778564453 466.09222412109375
60.0 450.0
60.0 450.0
180.18093872070312 580.4998168945312
60.0 450.0
190.10777282714844 580.1077880859375
60.0 450.0
17.573604583740234 407.57354736328125
60.0 450.0
60.0 450.0
190.10777282714844 580.1077880859375
19.177490234375 413.0653076171875
17.573604583740234 407.57354736328125
326.40460205078125 409.13079833984375
60.0 450.0
17.573604583740234 407.57354736328125
180.18093872070312 580.4998168945312
302.8294372558594 394.7984313964844
60.0 450.0
60.0 450.0
60.0 450.0
60.0 450.0
60.0 450.0
190.10777282714844 580.1077880859375
190.10777282714844 580.1077880859375
190.10777282714844 580.1077880859375
60.0 450.0
17.573604583740234 407.57354736328125
17.573604583740234 407.57354736328125
190.10777282714844 580.1077880859375
66.213134765625 444.4406433105469
17.573604583740234 407.57354736328125
17.573604583740234 407.57354736328125
17.573604583740234 407.57354736328125
17.573604583740234 407.57354736328125
190.10777282714844 580.1077880859375
190.10777282714844 580.1077880859375
184.8411407470703 465.96490478515625
17.573604583740234 407.57354736328125
190.10777282714844 580.1077880859375
190.10777282714844 580.1077880859375
60.0 450.0
60.0 450.0
19.262672424316406 488.4248046875
17.573604583740234 407.57354736328125
190.10777282714844 580.1077880859375
190.10777282714844 580.1077880859375
190.10777282714844 580.1077880859375
60.0 450.0
17.573604583740234 407.57354736328125
17.573604583740234 407.57354736328125
60.0 450.0
17.573604583740234 407.57354736328125
190.10777282714844 580.1077880859375
17.464061737060547 402.1806640625
17.573604583740234 407.57354736328125
65.60530853271484 577.876953125
17.573604583740234 407.57354736328125
60.0 450.0
190.10777282714844 580.1077880859375
190.10777282714844 580.1077880859375
190.10777282714844 580.1077880859375
65.60530853271484 577.876953125
190.10777282714844 580.1077880859375
190.10777282714844 580.1077880859375
17.573604583740234 407.57354736328125
17.573604583740234 407.57354736328125
60.0 450.0
17.573604583740234 407.57354736328125
74.44998168945312 456.8701171875
190.10777282714844 580.1077880859375
60.0 450.0
190.10777282714844 580.1077880859375
190.10777282714844 580.1077880859375
17.573604583740234 407.57354736328125
17.573604583740234 407.57354736328125
17.573604583740234 407.57354736328125
190.10777282714844 580.1077880859375
17.573604583740234 407.57354736328125
60.0 450.0
190.10777282714844 580.1077880859375
16.502399444580078 311.35028076171875
60.0 450.0
78.0624771118164 458.587646484375
17.573604583740234 407.57354736328125
17.573604583740234 407.57354736328125
17.573604583740234 407.57354736328125
60.0 450.0
190.10777282714844 580.1077880859375
17.573604583740234 407.57354736328125
184.8411407470703 465.96490478515625
60.0 450.0
17.835430145263672 270.62139892578125
60.0 450.0
116.56859588623047 506.568603515625
184.8411407470703 465.96490478515625
184.8411407470703 465.96490478515625
144.85289001464844 534.8529052734375
60.0 450.0
296.2174377441406 477.298095703125
60.0 450.0
61.927425384521484 318.01409912109375
190.10777282714844 580.1077880859375
296.2174377441406 477.298095703125
190.10777282714844 580.1077880859375
190.10777282714844 580.1077880859375
60.0 450.0
61.927425384521484 318.01409912109375
112.41545104980469 504.61834716796875
112.97613525390625 505.0067443847656
190.10777282714844 580.1077880859375
190.10777282714844 580.1077880859375
61.927425384521484 318.01409912109375
165.4408721923828 507.9046630859375
61.927425384521484 318.01409912109375
190.10777282714844 580.1077880859375
61.927425384521484 318.01409912109375
65.60530853271484 577.876953125
60.0 450.0
296.2174377441406 477.298095703125
60.0 450.0
190.10777282714844 580.1077880859375
184.8411407470703 465.96490478515625
296.2174377441406 477.298095703125
60.0 450.0
165.4408721923828 507.9046630859375
61.927425384521484 318.01409912109375
110.91173553466797 500.9117431640625
184.8411407470703 465.96490478515625
17.573604583740234 407.57354736328125
110.91173553466797 500.9117431640625
296.2174377441406 477.298095703125
184.8411407470703 465.96490478515625
183.2897491455078 464.94586181640625
190.10777282714844 580.1077880859375
61.927425384521484 318.01409912109375
184.8411407470703 465.96490478515625
184.8411407470703 465.96490478515625
184.8411407470703 465.96490478515625
17.062053680419922 359.68780517578125
61.927425384521484 318.01409912109375
112.86959075927734 504.9366149902344
171.3785858154297 467.04412841796875
296.2174377441406 477.298095703125
60.0 450.0
181.74740600585938 465.32952880859375
60.0 450.0
112.59840393066406 504.7504577636719
61.927425384521484 318.01409912109375
61.927425384521484 318.01409912109375
60.0 450.0
60.0 450.0
137.7550506591797 510.4313049316406
17.161705017089844 435.3550720214844
188.73477172851562 459.51605224609375
60.0 450.0
112.56283569335938 504.72515869140625
61.927425384521484 318.01409912109375
17.573604583740234 407.57354736328125
17.573604583740234 407.57354736328125
61.927425384521484 318.01409912109375
190.10777282714844 580.1077880859375
99.70655822753906 504.60797119140625
60.0 450.0
348.34063720703125 419.96197509765625
60.0 450.0
190.10777282714844 580.1077880859375
60.0 450.0
60.0 450.0
190.10777282714844 580.1077880859375
59.370670318603516 449.1172790527344
17.573604583740234 407.57354736328125
190.10777282714844 580.1077880859375
60.0 450.0
184.8411407470703 465.96490478515625
112.87110900878906 504.9376525878906
110.91173553466797 500.9117431640625
60.0 450.0
47.04835891723633 300.2577819824219
190.10777282714844 580.1077880859375
190.10777282714844 580.1077880859375
79.9808120727539 450.8758544921875
61.927425384521484 318.01409912109375
60.992916107177734 382.00726318359375
60.0 450.0
184.8411407470703 465.96490478515625
190.10777282714844 580.1077880859375
296.2174377441406 477.298095703125
112.86959075927734 504.9366149902344
60.0 450.0
60.0 450.0
20.038375854492188 448.248291015625
296.2174377441406 477.298095703125
296.2174377441406 477.298095703125
113.32550048828125 505.225341796875
112.41545104980469 504.61834716796875
184.8411407470703 465.96490478515625
61.927425384521484 318.01409912109375
113.10591125488281 505.0899353027344
60.0 450.0
184.8411407470703 465.96490478515625
184.8411407470703 465.96490478515625
296.2174377441406 477.298095703125
60.0 450.0
165.4408721923828 507.9046630859375
60.0 450.0
296.2174377441406 477.298095703125
61.927425384521484 318.01409912109375
184.8411407470703 465.96490478515625
60.0 450.0
60.0 450.0
61.927425384521484 318.01409912109375
184.8411407470703 465.96490478515625
61.927425384521484 318.01409912109375
190.10777282714844 580.1077880859375
190.10777282714844 580.1077880859375
60.0 450.0
17.573604583740234 407.57354736328125
184.8411407470703 465.96490478515625
60.0 450.0
60.0 450.0
60.0 450.0
190.10777282714844 580.1077880859375
60.0 450.0
184.8411407470703 465.96490478515625
18.15802764892578 412.7808837890625
184.8411407470703 465.96490478515625
296.2174377441406 477.298095703125
296.2174377441406 477.298095703125
61.927425384521484 318.01409912109375
190.10777282714844 580.1077880859375
61.927425384521484 318.01409912109375
60.0 450.0
184.5933380126953 489.8121643066406
296.2174377441406 477.298095703125
190.10777282714844 580.1077880859375
113.67301940917969 505.4263610839844
296.2174377441406 477.298095703125
296.2174377441406 477.298095703125
61.927425384521484 318.01409912109375
348.34063720703125 419.96197509765625
60.0 450.0
60.0 450.0
61.927425384521484 318.01409912109375
60.0 450.0
162.8973846435547 579.3321533203125
61.927425384521484 318.01409912109375
19.419490814208984 262.3193664550781
190.10777282714844 580.1077880859375
60.0 450.0
112.41545104980469 504.61834716796875
20.038375854492188 448.248291015625
190.10777282714844 580.1077880859375
296.2174377441406 477.298095703125
60.0 450.0
184.8411407470703 465.96490478515625
61.927425384521484 318.01409912109375
190.10777282714844 580.1077880859375
17.573604583740234 407.57354736328125
61.927425384521484 318.01409912109375
17.573604583740234 407.57354736328125
60.0 450.0
17.573604583740234 407.57354736328125
112.41545104980469 504.61834716796875
61.927425384521484 318.01409912109375
184.8411407470703 465.96490478515625
61.927425384521484 318.01409912109375
184.8411407470703 465.96490478515625
112.41545104980469 504.61834716796875
60.0 450.0
296.2174377441406 477.298095703125
60.0 450.0
296.2174377441406 477.298095703125
190.10777282714844 580.1077880859375
184.22923278808594 465.7088623046875
61.927425384521484 318.01409912109375
175.24221801757812 470.09539794921875
190.10777282714844 580.1077880859375
275.0667419433594 500.810791015625
61.927425384521484 318.01409912109375
184.8411407470703 465.96490478515625
60.0 450.0
61.927425384521484 318.01409912109375
60.0 450.0
190.10777282714844 580.1077880859375
296.2174377441406 477.298095703125
48.756690979003906 390.074462890625
61.927425384521484 318.01409912109375
60.0 450.0
344.341064453125 420.0203857421875
60.0 450.0
17.573604583740234 407.57354736328125
181.25518798828125 467.4095764160156
112.86959075927734 504.9366149902344
171.37742614746094 467.0434875488281
61.927425384521484 318.01409912109375
170.6639862060547 467.0003967285156
348.34063720703125 419.96197509765625
19.246875762939453 431.6329040527344
60.0 450.0
60.0 450.0
16.650054931640625 429.3896484375
60.0 450.0
112.86959075927734 504.9366149902344
275.0667419433594 500.810791015625
112.41545104980469 504.61834716796875
275.0667419433594 500.810791015625
90.7254867553711 352.9866943359375
19.457883834838867 410.7994079589844
275.0667419433594 500.810791015625
60.0 450.0
171.3785858154297 467.04412841796875
61.176639556884766 459.08837890625
200.15542602539062 579.14111328125
115.76710510253906 504.3342590332031
60.0 450.0
190.10777282714844 580.1077880859375
296.2174377441406 477.298095703125
338.0711364746094 412.5685729980469
60.0 450.0
144.85289001464844 534.8529052734375
60.0 450.0
297.0956115722656 475.9733581542969
17.80400848388672 377.43634033203125
17.573604583740234 407.57354736328125
60.0 450.0
60.0 450.0
60.0 450.0
113.19380950927734 505.14495849609375
144.85289001464844 534.8529052734375
297.0956115722656 475.9733581542969
60.0 450.0
296.2174377441406 477.298095703125
110.91173553466797 500.9117431640625
60.0 450.0
60.0 450.0
61.927425384521484 318.01409912109375
180.8589630126953 469.2397155761719
17.573604583740234 407.57354736328125
60.0 450.0
296.2174377441406 477.298095703125
296.2174377441406 477.298095703125
144.85289001464844 534.8529052734375
348.34063720703125 419.96197509765625
275.0667419433594 500.810791015625
53.63751220703125 434.51702880859375
29.12380599975586 281.29852294921875
275.0667419433594 500.810791015625
296.2174377441406 477.298095703125
60.0 450.0
61.927425384521484 318.01409912109375
348.34063720703125 419.96197509765625
60.0 450.0
17.573604583740234 407.57354736328125
60.0 450.0
60.0 450.0
343.53448486328125 418.608642578125
275.0667419433594 500.810791015625
144.85289001464844 534.8529052734375
171.37864685058594 467.04412841796875
296.2174377441406 477.298095703125
190.10777282714844 580.1077880859375
296.2174377441406 477.298095703125
60.0 450.0
60.0 450.0
112.41545104980469 504.61834716796875
60.0 450.0
144.85289001464844 534.8529052734375
60.0 450.0
60.0 450.0
296.2174377441406 477.298095703125
61.927425384521484 318.01409912109375
296.2174377441406 477.298095703125
60.0 450.0
275.0667419433594 500.810791015625
61.927425384521484 318.01409912109375
300.1300964355469 396.2170715332031
190.10777282714844 580.1077880859375
200.15542602539062 579.14111328125
113.9279556274414 505.56402587890625
171.3785858154297 467.04412841796875
348.34063720703125 419.96197509765625
60.0 450.0
60.0 450.0
112.86959075927734 504.9366149902344
275.0667419433594 500.810791015625
60.0 450.0
190.10777282714844 580.1077880859375
61.927425384521484 318.01409912109375
129.44471740722656 508.43035888671875
144.85289001464844 534.8529052734375
185.92611694335938 466.03070068359375
61.927425384521484 318.01409912109375
171.3785858154297 467.04412841796875
60.0 450.0
60.0 450.0
60.0 450.0
296.2174377441406 477.298095703125
178.39395141601562 467.88226318359375
60.0 450.0
113.45172882080078 505.3002014160156
171.3785858154297 467.04412841796875
296.2174377441406 477.298095703125
171.3785858154297 467.04412841796875
60.0 450.0
60.0 450.0
336.00115966796875 413.17254638671875
60.0 450.0
60.0 450.0
171.379150390625 467.0442199707031
275.0667419433594 500.810791015625
144.85289001464844 534.8529052734375
296.2174377441406 477.298095703125
61.927425384521484 318.01409912109375
296.2174377441406 477.298095703125
171.37857055664062 467.04412841796875
297.0956115722656 475.9733581542969
296.2174377441406 477.298095703125
17.573604583740234 407.57354736328125
144.85289001464844 534.8529052734375
60.0 450.0
171.3785858154297 467.04412841796875
165.4408721923828 507.9046630859375
17.660263061523438 266.625244140625
101.14697265625 488.8728332519531
190.10777282714844 580.1077880859375
171.3785858154297 467.04412841796875
61.927425384521484 318.01409912109375
190.10777282714844 580.1077880859375
190.10777282714844 580.1077880859375
275.0667419433594 500.810791015625
144.85289001464844 534.8529052734375
171.3785858154297 467.04412841796875
275.0667419433594 500.810791015625
112.41545104980469 504.61834716796875
171.3785858154297 467.04412841796875
60.0 450.0
144.85289001464844 534.8529052734375
312.4022521972656 400.3499755859375
190.10777282714844 580.1077880859375
61.927425384521484 318.01409912109375
336.00115966796875 413.17254638671875
61.927425384521484 318.01409912109375
185.46209716796875 466.293701171875
60.0 450.0
110.09880828857422 500.2773742675781
171.3785858154297 467.04412841796875
296.2174377441406 477.298095703125
112.41545104980469 504.61834716796875
144.85289001464844 534.8529052734375
171.3785858154297 467.04412841796875
199.2772674560547 580.4658203125
60.0 450.0
52.96989822387695 310.49481201171875
60.0 450.0
348.34063720703125 419.96197509765625
296.2174377441406 477.298095703125
60.0 450.0
60.0 450.0
113.0398941040039 505.04791259765625
60.0 450.0
144.85289001464844 534.8529052734375
285.38824462890625 490.492919921875
60.0 450.0
274.8200378417969 502.12628173828125
275.0667419433594 500.810791015625
296.2174377441406 477.298095703125
274.8200378417969 502.12628173828125
144.85289001464844 534.8529052734375
275.0667419433594 500.810791015625
17.573604583740234 407.57354736328125
293.3530578613281 393.3460693359375
275.0667419433594 500.810791015625
60.0 450.0
275.0667419433594 500.810791015625
19.08192253112793 411.35528564453125
275.0667419433594 500.810791015625
144.85289001464844 534.8529052734375
296.2174377441406 477.298095703125
165.4408721923828 507.9046630859375
144.85289001464844 534.8529052734375
17.573604583740234 407.57354736328125
61.927425384521484 318.01409912109375
61.927425384521484 318.01409912109375
60.0 450.0
61.927425384521484 318.01409912109375
60.0 450.0
144.85289001464844 534.8529052734375
144.85289001464844 534.8529052734375
296.2174377441406 477.298095703125
171.3785858154297 467.04412841796875
296.2174377441406 477.298095703125
144.85289001464844 534.8529052734375
296.2174377441406 477.298095703125
296.2174377441406 477.298095703125
19.52318572998047 411.49871826171875
60.0 450.0
199.2772674560547 580.4658203125
112.32267761230469 502.601806640625
60.0 450.0
61.927425384521484 318.01409912109375
196.99974060058594 351.64324951171875
60.0 450.0
275.0667419433594 500.810791015625
275.0667419433594 500.810791015625
61.927425384521484 318.01409912109375
296.2174377441406 477.298095703125
105.25487518310547 495.2548828125
190.10777282714844 580.1077880859375
60.0 450.0
171.3787841796875 467.04412841796875
17.519248962402344 298.9781494140625
60.0 450.0
60.0 450.0
61.927425384521484 318.01409912109375
110.57571411132812 500.3713684082031
275.0667419433594 500.810791015625
171.37857055664062 467.04412841796875
60.0 450.0
275.0667419433594 500.810791015625
60.0 450.0
60.0 450.0
112.79743957519531 504.88818359375
183.33824157714844 467.4389953613281
65.60530853271484 577.876953125
275.0667419433594 500.810791015625
60.0 450.0
60.0 450.0
61.927425384521484 318.01409912109375
112.80387115478516 504.89251708984375
190.10777282714844 580.1077880859375
180.2309112548828 470.1195068359375
61.927425384521484 318.01409912109375
61.927425384521484 318.01409912109375
18.15802764892578 412.7808837890625
274.8200378417969 502.12628173828125
329.48602294921875 410.15789794921875
275.0667419433594 500.810791015625
61.927425384521484 318.01409912109375
296.2174377441406 477.298095703125
17.506732940673828 436.9119873046875
17.573604583740234 407.57354736328125
295.8741455078125 478.1229248046875
60.0 450.0
178.92173767089844 467.15655517578125
60.0 450.0
60.0 450.0
20.03018569946289 434.0165100097656
144.85289001464844 534.8529052734375
110.91173553466797 500.9117431640625
171.3785858154297 467.04412841796875
73.24968719482422 444.09417724609375
296.2174377441406 477.298095703125
323.446533203125 409.45684814453125
60.0 450.0
336.00115966796875 413.17254638671875
132.72142028808594 579.533203125
174.00794982910156 491.5649719238281
61.927425384521484 318.01409912109375
61.927425384521484 318.01409912109375
60.0 450.0
17.358686447143555 414.15460205078125
144.85289001464844 534.8529052734375
61.927425384521484 318.01409912109375
17.573604583740234 407.57354736328125
18.161151885986328 422.5632019042969
60.0 450.0
275.0667419433594 500.810791015625
190.10777282714844 580.1077880859375
61.927425384521484 318.01409912109375
275.40521240234375 502.36370849609375
60.0 450.0
275.0667419433594 500.810791015625
60.0 450.0
190.10777282714844 580.1077880859375
61.927425384521484 318.01409912109375
110.91173553466797 500.9117431640625
60.0 450.0
112.41545104980469 504.61834716796875
61.927425384521484 318.01409912109375
296.2174377441406 477.298095703125
339.7158508300781 415.3216857910156
190.10777282714844 580.1077880859375
60.06364440917969 439.562744140625
60.0 450.0
171.3785858154297 467.04412841796875
348.34063720703125 419.96197509765625
190.10777282714844 580.1077880859375
296.2174377441406 477.298095703125
338.0711364746094 412.5685729980469
190.10777282714844 580.1077880859375
60.0 450.0
144.85289001464844 534.8529052734375
60.0 450.0
144.85289001464844 534.8529052734375
144.85289001464844 534.8529052734375
60.0 450.0
167.05148315429688 511.1071472167969
60.0 450.0
144.85289001464844 534.8529052734375
112.2057876586914 502.48760986328125
60.0 450.0
20.38509750366211 427.39654541015625
60.0 450.0
297.6330261230469 392.113037109375
275.0667419433594 500.810791015625
296.2174377441406 477.298095703125
139.19602966308594 529.196044921875
144.85289001464844 534.8529052734375
144.85289001464844 534.8529052734375
60.0 450.0
113.18907928466797 505.14202880859375
171.3767547607422 467.04425048828125
144.85289001464844 534.8529052734375
275.0667419433594 500.810791015625
275.0667419433594 500.810791015625
190.10777282714844 580.1077880859375
61.927425384521484 318.01409912109375
190.10777282714844 580.1077880859375
275.0667419433594 500.810791015625
296.2174377441406 477.298095703125
275.0667419433594 500.810791015625
302.42230224609375 394.7144470214844
348.34063720703125 419.96197509765625
190.10777282714844 580.1077880859375
296.2174377441406 477.298095703125
60.0 450.0
170.8173370361328 513.009521484375
190.10777282714844 580.1077880859375
17.573604583740234 407.57354736328125
275.0667419433594 500.810791015625
60.0 450.0
165.4408721923828 507.9046630859375
99.59801483154297 489.5980224609375
296.2174377441406 477.298095703125
61.927425384521484 318.01409912109375
68.96012115478516 327.4136047363281
275.0667419433594 500.810791015625
36.398345947265625 534.0667724609375
60.0 450.0
60.0 450.0
60.0 450.0
19.24734878540039 431.6309509277344
60.0 450.0
60.0 450.0
112.41545104980469 504.61834716796875
61.927425384521484 318.01409912109375
144.85289001464844 534.8529052734375
190.10777282714844 580.1077880859375
17.573604583740234 407.57354736328125
112.67375946044922 504.1535949707031
61.927425384521484 318.01409912109375
341.0785217285156 420.7347412109375
276.17340087890625 501.03509521484375
199.2772674560547 580.4658203125
144.85289001464844 534.8529052734375
19.08216094970703 411.35479736328125
144.85289001464844 534.8529052734375
199.2772674560547 580.4658203125
179.77313232421875 469.9091796875
91.39306640625 531.745849609375
60.0 450.0
60.0 450.0
61.927425384521484 318.01409912109375
171.37623596191406 467.04278564453125
61.927425384521484 318.01409912109375
296.2174377441406 477.298095703125
296.2174377441406 477.298095703125
60.0 450.0
60.0 450.0
61.927425384521484 318.01409912109375
144.85289001464844 534.8529052734375
171.37911987304688 467.0444641113281
60.0 450.0
17.573604583740234 407.57354736328125
275.0667419433594 500.810791015625
61.927425384521484 318.01409912109375
333.1287841796875 413.46038818359375
133.53916931152344 523.5391845703125
60.0 450.0
112.86959075927734 504.9366149902344
112.41545104980469 504.61834716796875
61.927425384521484 318.01409912109375
144.85289001464844 534.8529052734375
275.0667419433594 500.810791015625
296.2174377441406 477.298095703125
296.2174377441406 477.298095703125
60.0 450.0
144.85289001464844 534.8529052734375
144.85289001464844 534.8529052734375
348.34063720703125 419.96197509765625
296.2174377441406 477.298095703125
19.08216094970703 411.35479736328125
60.0 450.0
348.34063720703125 419.96197509765625
60.0 450.0
150.50975036621094 540.509765625
193.67893981933594 391.3004455566406
296.2174377441406 477.298095703125
17.573604583740234 407.57354736328125
171.3785858154297 467.04412841796875
275.0667419433594 500.810791015625
112.41545104980469 504.61834716796875
60.0 450.0
171.3785858154297 467.04412841796875
190.10777282714844 580.1077880859375
16.677566528320312 315.346435546875
19.0823917388916 411.35430908203125
144.85289001464844 534.8529052734375
294.3106689453125 390.49530029296875
281.2503967285156 382.72100830078125
296.2174377441406 477.298095703125
144.85289001464844 534.8529052734375
60.0 450.0
60.0 450.0
60.0 450.0
296.2174377441406 477.298095703125
144.85289001464844 534.8529052734375
60.0 450.0
184.45091247558594 574.450927734375
192.72625732421875 339.8492126464844
192.45083618164062 343.1274108886719
296.2174377441406 477.298095703125
60.0 450.0
17.573604583740234 407.57354736328125
17.573604583740234 407.57354736328125
17.573604583740234 407.57354736328125
311.97174072265625 401.96240234375
171.3785858154297 467.04412841796875
61.927425384521484 318.01409912109375
61.927425384521484 318.01409912109375
296.2174377441406 477.298095703125
28.205039978027344 273.5895080566406
190.10777282714844 580.1077880859375
144.85289001464844 534.8529052734375
164.22210693359375 578.4539794921875
61.927425384521484 318.01409912109375
110.91173553466797 500.9117431640625
60.0 450.0
116.56859588623047 506.568603515625
296.2174377441406 477.298095703125
60.0 450.0
171.37835693359375 467.0441589355469
331.8403015136719 414.791015625
199.2772674560547 580.4658203125
196.99974060058594 351.64324951171875
60.0 450.0
60.0 450.0
17.573604583740234 407.57354736328125
171.3785858154297 467.04412841796875
296.2174377441406 477.298095703125
285.7777404785156 383.28631591796875
19.08216094970703 411.35479736328125
297.0956115722656 475.9733581542969
112.41545104980469 504.61834716796875
333.7857971191406 412.1389465332031
296.2174377441406 477.298095703125
191.70257568359375 335.4670104980469
60.0 450.0
144.85289001464844 534.8529052734375
171.38037109375 467.0440368652344
275.0667419433594 500.810791015625
171.3785858154297 467.04412841796875
296.2174377441406 477.298095703125
324.8648681640625 409.9990234375
274.8200378417969 502.12628173828125
60.0 450.0
172.0877227783203 468.00018310546875
17.573604583740234 407.57354736328125
191.26864624023438 579.18408203125
60.0 450.0
290.2923278808594 484.43585205078125
17.573604583740234 407.57354736328125
171.77491760253906 466.6703186035156
60.0 450.0
191.09962463378906 333.8503723144531
60.0 450.0
60.0 450.0
19.247203826904297 431.6317138671875
296.2174377441406 477.298095703125
191.8111114501953 339.17889404296875
61.57633590698242 318.5016174316406
16.613462448120117 421.42266845703125
165.4408721923828 507.9046630859375
144.85289001464844 534.8529052734375
75.83917236328125 437.33319091796875
60.0 450.0
60.0 450.0
60.0 450.0
321.3244934082031 409.81732177734375
60.0 450.0
60.0 450.0
60.0 450.0
60.0 450.0
190.10777282714844 580.1077880859375
192.45242309570312 338.1983337402344
17.573604583740234 407.57354736328125
144.85289001464844 534.8529052734375
60.0 450.0
144.85289001464844 534.8529052734375
61.927425384521484 318.01409912109375
61.927425384521484 318.01409912109375
144.85289001464844 534.8529052734375
19.08216094970703 411.35479736328125
290.2923278808594 484.43585205078125
60.0 450.0
60.0 450.0
60.0 450.0
296.2174377441406 477.298095703125
296.2174377441406 477.298095703125
61.927425384521484 318.01409912109375
60.0 450.0
60.0 450.0
60.0 450.0
319.8376159667969 406.624267578125
180.425537109375 470.1041564941406
171.3785858154297 467.04412841796875
171.37831115722656 467.04412841796875
296.2174377441406 477.298095703125
296.2174377441406 477.298095703125
112.8680648803711 504.93560791015625
60.0 450.0
171.37574768066406 467.04254150390625
193.02676391601562 333.0894775390625
171.77450561523438 466.6702575683594
18.15802764892578 412.7808837890625
191.2423858642578 334.4573669433594
193.39051818847656 337.9298095703125
192.92457580566406 334.9466247558594
296.2174377441406 477.298095703125
348.34063720703125 419.96197509765625
275.0667419433594 500.810791015625
150.50975036621094 540.509765625
17.573604583740234 407.57354736328125
333.0904541015625 410.8371887207031
192.72625732421875 339.8492126464844
80.08240509033203 441.2223205566406
234.9288787841797 548.5081787109375
348.34063720703125 419.96197509765625
190.10777282714844 580.1077880859375
112.90869140625 504.9625549316406
144.85289001464844 534.8529052734375
60.0 450.0
274.8200378417969 502.12628173828125
17.573604583740234 407.57354736328125
60.0 450.0
144.85289001464844 534.8529052734375
60.0 450.0
171.3785858154297 467.04412841796875
165.4408721923828 507.9046630859375
60.0 450.0
17.573604583740234 407.57354736328125
60.0 450.0
190.10777282714844 580.1077880859375
190.10777282714844 580.1077880859375
60.0 450.0
171.3785858154297 467.04412841796875
61.927425384521484 318.01409912109375
191.62924194335938 339.87115478515625
60.0 450.0
190.10777282714844 580.1077880859375
144.85289001464844 534.8529052734375
60.0 450.0
171.37869262695312 467.04412841796875
245.96743774414062 363.47076416015625
61.927425384521484 318.01409912109375
61.927425384521484 318.01409912109375
275.0667419433594 500.810791015625
291.80987548828125 385.7427978515625
191.32443237304688 339.53045654296875
275.0667419433594 500.810791015625
190.10777282714844 580.1077880859375
144.85289001464844 534.8529052734375
60.0 450.0
60.0 450.0
181.08349609375 467.0595397949219
171.3785858154297 467.04412841796875
61.927425384521484 318.01409912109375
297.0956115722656 475.9733581542969
144.85289001464844 534.8529052734375
275.0667419433594 500.810791015625
191.40940856933594 337.47662353515625
61.927425384521484 318.01409912109375
334.0069274902344 412.1356506347656
60.0 450.0
61.927425384521484 318.01409912109375
296.2174377441406 477.298095703125
110.91173553466797 500.9117431640625
60.0 450.0
60.0 450.0
60.0 450.0
61.927425384521484 318.01409912109375
60.0 450.0
112.86959075927734 504.9366149902344
171.3785858154297 467.04412841796875
324.8648681640625 409.9990234375
171.37869262695312 467.04412841796875
60.0 450.0
190.80877685546875 338.0152893066406
60.0 450.0
331.60565185546875 411.6785583496094
60.0 450.0
113.15904235839844 505.1233215332031
190.10777282714844 580.1077880859375
296.2174377441406 477.298095703125
60.0 450.0
191.20034790039062 333.4423522949219
296.2174377441406 477.298095703125
60.0 450.0
112.69597625732422 504.8187255859375
112.41545104980469 504.61834716796875
19.247318267822266 431.63128662109375
190.10777282714844 580.1077880859375
60.0 450.0
296.2174377441406 477.298095703125
20.138748168945312 424.96649169921875
171.7743682861328 466.6703186035156
17.573604583740234 407.57354736328125
275.0667419433594 500.810791015625
18.15802764892578 412.7808837890625
144.85289001464844 534.8529052734375
16.55615997314453 443.8703308105469
61.927425384521484 318.01409912109375
60.0 450.0
144.85289001464844 534.8529052734375
275.0667419433594 500.810791015625
144.85289001464844 534.8529052734375
60.0 450.0
199.5296173095703 580.0784301757812
60.0 450.0
165.4408721923828 507.9046630859375
60.0 450.0
60.0 450.0
113.78363800048828 447.925537109375
144.85289001464844 534.8529052734375
293.7770690917969 392.9071044921875
171.37840270996094 467.0442199707031
348.34063720703125 419.96197509765625
19.08216094970703 411.35479736328125
296.2174377441406 477.298095703125
296.2174377441406 477.298095703125
190.10777282714844 580.1077880859375
61.927425384521484 318.01409912109375
112.41545104980469 504.61834716796875
60.0 450.0
296.2174377441406 477.298095703125
144.85289001464844 534.8529052734375
112.41545104980469 504.61834716796875
144.85289001464844 534.8529052734375
165.4408721923828 507.9046630859375
50.03322982788086 444.9747619628906
171.3785858154297 467.04412841796875
112.86959075927734 504.9366149902344
60.0 450.0
19.71636962890625 420.608154296875
275.0667419433594 500.810791015625
191.72154235839844 333.87921142578125
60.0 450.0
60.34507751464844 313.895263671875
60.0 450.0
144.85289001464844 534.8529052734375
144.85289001464844 534.8529052734375
112.86959075927734 504.9366149902344
294.78143310546875 391.84515380859375
17.573604583740234 407.57354736328125
61.927425384521484 318.01409912109375
144.85289001464844 534.8529052734375
61.927425384521484 318.01409912109375
60.0 450.0
60.0 450.0
275.0667419433594 500.810791015625
191.49923706054688 351.039306640625
61.927425384521484 318.01409912109375
171.77452087402344 466.6702575683594
171.3699951171875 467.0409240722656
60.0 450.0
60.0 450.0
60.0 450.0
274.8200378417969 502.12628173828125
144.85289001464844 534.8529052734375
45.05643844604492 436.70745849609375
274.8200378417969 502.12628173828125
219.6741180419922 407.9317626953125
60.0 450.0
17.573604583740234 407.57354736328125
17.573604583740234 407.57354736328125
296.2174377441406 477.298095703125
192.6070098876953 334.9765930175781
60.0 450.0
60.0 450.0
61.927425384521484 318.01409912109375
190.10777282714844 580.1077880859375
190.10777282714844 580.1077880859375
61.927425384521484 318.01409912109375
296.2174377441406 477.298095703125
274.4137268066406 379.4140319824219
144.85289001464844 534.8529052734375
171.3785858154297 467.04412841796875
192.02366638183594 333.92626953125
60.0 450.0
296.2174377441406 477.298095703125
17.573604583740234 407.57354736328125
296.2174377441406 477.298095703125
348.34063720703125 419.96197509765625
60.0 450.0
61.7175178527832 453.61248779296875
275.0667419433594 500.810791015625
61.927425384521484 318.01409912109375
61.927425384521484 318.01409912109375
184.59329223632812 489.812255859375
275.0667419433594 500.810791015625
144.85289001464844 534.8529052734375
17.573604583740234 407.57354736328125
296.2174377441406 477.298095703125
296.2174377441406 477.298095703125
144.85289001464844 534.8529052734375
60.0 450.0
145.70700073242188 578.1219482421875
144.85289001464844 534.8529052734375
17.573604583740234 407.57354736328125
60.0 450.0
193.11476135253906 334.3560791015625
171.37869262695312 467.04412841796875
191.34315490722656 333.1877746582031
60.0 450.0
208.15457153320312 579.0242919921875
190.10777282714844 580.1077880859375
16.643413543701172 278.99737548828125
190.10777282714844 580.1077880859375
17.573604583740234 407.57354736328125
60.0 450.0
190.10777282714844 580.1077880859375
61.927425384521484 318.01409912109375
152.01345825195312 544.2163696289062
297.0956115722656 475.9733581542969
61.927425384521484 318.01409912109375
61.927425384521484 318.01409912109375
196.99974060058594 351.64324951171875
61.927425384521484 318.01409912109375
17.573604583740234 407.57354736328125
190.10777282714844 580.1077880859375
296.2174377441406 477.298095703125
299.7088623046875 391.6368408203125
61.927425384521484 318.01409912109375
348.34063720703125 419.96197509765625
336.00115966796875 413.17254638671875
190.10777282714844 580.1077880859375
190.10777282714844 580.1077880859375
321.7886962890625 406.8204650878906
61.927425384521484 318.01409912109375
196.991943359375 351.6665954589844
60.0 450.0
167.22317504882812 467.0011291503906
16.818580627441406 282.9935302734375
196.99974060058594 351.64324951171875
60.0 450.0
61.927425384521484 318.01409912109375
275.0667419433594 500.810791015625
275.0667419433594 500.810791015625
171.3785858154297 467.04412841796875
332.04736328125 412.4725646972656
190.10777282714844 580.1077880859375
60.0 450.0
190.10777282714844 580.1077880859375
60.0 450.0
60.0 450.0
60.0 450.0
60.0 450.0
144.85289001464844 534.8529052734375
113.2391128540039 505.1728820800781
64.61741638183594 322.8161315917969
165.4408721923828 507.9046630859375
61.927425384521484 318.01409912109375
60.0 450.0
61.927425384521484 318.01409912109375
296.2174377441406 477.298095703125
17.299541473388672 577.956787109375
144.85289001464844 534.8529052734375
321.3244934082031 409.81732177734375
62.87590026855469 426.3084716796875
60.0 450.0
61.927425384521484 318.01409912109375
60.0 450.0
274.8200378417969 502.12628173828125
190.10777282714844 580.1077880859375
190.10777282714844 580.1077880859375
60.0 450.0
296.2174377441406 477.298095703125
112.86959075927734 504.9366149902344
60.0 450.0
275.0667419433594 500.810791015625
296.2174377441406 477.298095703125
296.2174377441406 477.298095703125
104.1216812133789 508.6936340332031
144.85289001464844 534.8529052734375
112.41545104980469 504.61834716796875
330.03216552734375 411.7015075683594
191.0126190185547 427.3941650390625
113.01998901367188 505.0351257324219
144.85289001464844 534.8529052734375
113.03892517089844 505.04730224609375
190.10777282714844 580.1077880859375
296.2174377441406 477.298095703125
348.34063720703125 419.96197509765625
113.14412689208984 505.1139831542969
137.052978515625 463.8165588378906
190.10777282714844 580.1077880859375
190.10777282714844 580.1077880859375
206.49649047851562 576.6707153320312
61.927425384521484 318.01409912109375
275.0667419433594 500.810791015625
60.0 450.0
190.75332641601562 334.20648193359375
275.0667419433594 500.810791015625
193.1095733642578 378.6986999511719
112.8696060180664 504.9366149902344
190.52357482910156 579.2537231445312
61.927425384521484 318.01409912109375
116.96514129638672 508.9385986328125
348.34063720703125 419.96197509765625
60.0 450.0
296.2174377441406 477.298095703125
60.0 450.0
296.2174377441406 477.298095703125
60.0 450.0
42.84333038330078 292.3717041015625
221.87112426757812 396.032470703125
110.91173553466797 500.9117431640625
60.0 450.0
60.0 450.0
190.10777282714844 580.1077880859375
17.015024185180664 352.1479187011719
255.93919372558594 426.9902648925781
144.85289001464844 534.8529052734375
60.0 450.0
296.2174377441406 477.298095703125
191.83331298828125 333.0526123046875
192.49765014648438 334.96197509765625
60.0 450.0
61.927425384521484 318.01409912109375
296.2174377441406 477.298095703125
170.19467163085938 469.94769287109375
192.72625732421875 339.8492126464844
191.95416259765625 337.0975646972656
61.927425384521484 318.01409912109375
19.262672424316406 488.4248046875
53.8691520690918 310.13458251953125
110.91173553466797 500.9117431640625
63.748924255371094 448.60516357421875
16.581523895263672 376.81549072265625
306.9524230957031 396.66217041015625
165.4408721923828 507.9046630859375
219.6741180419922 407.9317626953125
61.927425384521484 318.01409912109375
60.0 450.0
275.0667419433594 500.810791015625
242.95614624023438 482.9555358886719
144.85289001464844 534.8529052734375
17.573604583740234 407.57354736328125
296.2174377441406 477.298095703125
61.927425384521484 318.01409912109375
61.927425384521484 318.01409912109375
219.66268920898438 407.9528503417969
60.0 450.0
296.2174377441406 477.298095703125
61.927425384521484 318.01409912109375
16.612285614013672 535.8890380859375
296.2174377441406 477.298095703125
112.86959075927734 504.9366149902344
60.0 450.0
88.09016418457031 487.477294921875
197.02687072753906 357.3859558105469
60.0 450.0
60.0 450.0
275.0667419433594 500.810791015625
275.0667419433594 500.810791015625
192.72625732421875 339.8492126464844
258.85845947265625 522.6484985351562
61.927425384521484 318.01409912109375
296.2174377441406 477.298095703125
159.31124877929688 513.3562622070312
144.85289001464844 534.8529052734375
192.61915588378906 335.8392333984375
60.0 450.0
267.301025390625 428.6811218261719
193.23362731933594 347.7303466796875
206.93862915039062 579.8471069335938
60.0 450.0
263.995361328125 371.088623046875
296.2174377441406 477.298095703125
144.85289001464844 534.8529052734375
275.0667419433594 500.810791015625
65.53083038330078 444.0057373046875
340.36572265625 413.1552734375
60.0 450.0
192.12005615234375 346.32537841796875
190.5802459716797 335.2770080566406
190.9942169189453 338.0250244140625
199.2772674560547 580.4658203125
192.36090087890625 337.3438415527344
60.0 450.0
99.59801483154297 489.5980224609375
61.927425384521484 318.01409912109375
61.927425384521484 318.01409912109375
247.55360412597656 473.89337158203125
17.573604583740234 407.57354736328125
296.2174377441406 477.298095703125
61.927425384521484 318.01409912109375
165.4408721923828 507.9046630859375
60.0 450.0
275.0667419433594 500.810791015625
60.0 450.0
18.15802764892578 412.7808837890625
275.0667419433594 500.810791015625
275.0667419433594 500.810791015625
144.85289001464844 534.8529052734375
296.2174377441406 477.298095703125
60.0 450.0
112.41545104980469 504.61834716796875
190.10777282714844 580.1077880859375
17.573604583740234 407.57354736328125
190.10777282714844 580.1077880859375
193.75132751464844 408.4995422363281
190.10777282714844 580.1077880859375
190.10777282714844 580.1077880859375
60.0 450.0
137.7550506591797 510.4313049316406
144.85289001464844 534.8529052734375
60.0 450.0
191.02505493164062 337.2235107421875
61.927425384521484 318.01409912109375
296.2174377441406 477.298095703125
61.927425384521484 318.01409912109375
275.0667419433594 500.810791015625
191.8111114501953 339.17889404296875
18.584156036376953 577.3397216796875
144.85289001464844 534.8529052734375
16.98807144165039 306.5890808105469
60.0 450.0
60.0 450.0
296.2174377441406 477.298095703125
60.0 450.0
190.999267578125 335.05731201171875
131.9056854248047 506.73101806640625
60.0 450.0
275.0667419433594 500.810791015625
60.0 450.0
191.7308349609375 336.9663391113281
192.49765014648438 334.96197509765625
176.7509765625 486.9325256347656
275.0667419433594 500.810791015625
339.0666198730469 412.8000793457031
112.86959075927734 504.9366149902344
191.98741149902344 336.5355224609375
190.10777282714844 580.1077880859375
190.9984893798828 337.8804931640625
165.8330841064453 464.1150817871094
138.3861846923828 480.0987854003906
18.74832534790039 453.907958984375
144.85289001464844 534.8529052734375
224.41017150878906 412.9527893066406
291.7204284667969 389.9152526855469
328.1025695800781 411.1559753417969
61.927425384521484 318.01409912109375
144.85289001464844 534.8529052734375
171.3785858154297 467.04412841796875
60.0 450.0
60.0 450.0
61.927425384521484 318.01409912109375
219.6741180419922 407.9317626953125
60.0 450.0
113.3012924194336 505.2107238769531
296.2174377441406 477.298095703125
192.72625732421875 339.8492126464844
17.573604583740234 407.57354736328125
150.50975036621094 540.509765625
296.2174377441406 477.298095703125
296.2174377441406 477.298095703125
60.0 450.0
299.7535400390625 396.647216796875
230.1341552734375 550.2418212890625
165.4408721923828 507.9046630859375
221.2329559326172 399.6761474609375
192.31015014648438 340.7894287109375
61.927425384521484 318.01409912109375
84.2537841796875 509.0864562988281
60.0 450.0
60.0 450.0
180.28370666503906 477.85577392578125
60.0 450.0
17.573604583740234 407.57354736328125
219.44598388671875 347.52142333984375
144.85289001464844 534.8529052734375
61.927425384521484 318.01409912109375
239.73130798339844 481.52264404296875
60.0 450.0
16.650054931640625 429.3896484375
61.927425384521484 318.01409912109375
192.72625732421875 339.8492126464844
237.77166748046875 476.5287780761719
245.20884704589844 476.185546875
191.802734375 336.5802001953125
60.0 450.0
324.8648681640625 409.9990234375
20.060588836669922 385.8520202636719
241.85079956054688 457.101318359375
37.33274459838867 285.659912109375
144.85289001464844 534.8529052734375
252.63568115234375 525.993408203125
61.927425384521484 318.01409912109375
60.0 450.0
60.0 450.0
73.29247283935547 464.94354248046875
60.0 450.0
192.69422912597656 343.24273681640625
61.927425384521484 318.01409912109375
144.85289001464844 534.8529052734375
60.0 450.0
257.0784912109375 425.8275146484375
60.0 450.0
235.68360900878906 483.09912109375
163.0126953125 476.84320068359375
191.8111114501953 339.17889404296875
60.0 450.0
18.37511444091797 486.8635559082031
243.7406005859375 460.8773193359375
60.0 450.0
60.0 450.0
61.927425384521484 318.01409912109375
227.40032958984375 435.5113220214844
112.86959075927734 504.9366149902344
257.8580017089844 432.45220947265625
191.77655029296875 334.7133483886719
192.84661865234375 334.11724853515625
60.0 450.0
17.573604583740234 407.57354736328125
61.927425384521484 318.01409912109375
60.0 450.0
190.5876007080078 336.3118896484375
206.98422241210938 578.5494384765625
17.587173461914062 506.12591552734375
172.33917236328125 488.72772216796875
60.0 450.0
112.86959075927734 504.9366149902344
190.10777282714844 580.1077880859375
60.0 450.0
60.0 450.0
105.78926086425781 510.8494567871094
60.0 450.0
190.10777282714844 580.1077880859375
257.3108215332031 440.5643310546875
190.10777282714844 580.1077880859375
17.573604583740234 407.57354736328125
112.86398315429688 504.9328918457031
196.99974060058594 351.64324951171875
112.86959075927734 504.9366149902344
60.0 450.0
274.4137268066406 379.4140319824219
61.927425384521484 318.01409912109375
113.26036071777344 505.1858825683594
191.7580108642578 335.9581604003906
112.41545104980469 504.61834716796875
60.0 450.0
230.22286987304688 414.7331237792969
144.85289001464844 534.8529052734375
191.65771484375 335.7179870605469
17.573604583740234 407.57354736328125
190.7054443359375 335.5142822265625
241.3426513671875 463.158447265625
61.927425384521484 318.01409912109375
17.881332397460938 329.75250244140625
192.72625732421875 339.8492126464844
65.60530853271484 577.876953125
61.927425384521484 318.01409912109375
193.0498809814453 351.44134521484375
60.0 450.0
243.0473175048828 463.13916015625
144.85289001464844 534.8529052734375
216.10731506347656 400.5906982421875
190.75759887695312 342.2891540527344
225.5057373046875 401.54156494140625
192.4649658203125 334.319580078125
312.65576171875 402.9384460449219
60.0 450.0
60.0 450.0
113.39000701904297 505.26385498046875
191.88771057128906 344.2204284667969
112.86959075927734 504.9366149902344
191.1682891845703 335.4031677246094
60.0 450.0
327.6094970703125 407.0892028808594
237.56980895996094 471.36114501953125
60.0 450.0
61.927425384521484 318.01409912109375
216.9842071533203 402.8742980957031
191.01133728027344 337.4251708984375
191.0550537109375 331.5169372558594
226.1982879638672 503.8035583496094
300.00103759765625 391.969970703125
242.95614624023438 482.9555358886719
17.573604583740234 407.57354736328125
192.3885955810547 338.3354797363281
219.67027282714844 407.9322814941406
144.85289001464844 534.8529052734375
17.601905822753906 505.830322265625
324.8648681640625 409.9990234375
60.0 450.0
61.927425384521484 318.01409912109375
190.10777282714844 580.1077880859375
144.85289001464844 534.8529052734375
60.0 450.0
144.85289001464844 534.8529052734375
219.6741180419922 407.9317626953125
144.85289001464844 534.8529052734375
156.60769653320312 486.968505859375
190.10777282714844 580.1077880859375
19.233051300048828 351.5352478027344
190.67196655273438 379.8307800292969
17.547683715820312 271.8362731933594
229.4981689453125 480.4713134765625
253.0286865234375 425.2024841308594
229.1134033203125 430.77288818359375
60.0 450.0
191.04006958007812 333.22772216796875
191.75030517578125 339.00439453125
211.0642547607422 378.8111572265625
61.927425384521484 318.01409912109375
191.86672973632812 340.1424255371094
17.573604583740234 407.57354736328125
144.85289001464844 534.8529052734375
219.6741180419922 407.9317626953125
60.0 450.0
61.927425384521484 318.01409912109375
190.10777282714844 580.1077880859375
271.4153137207031 432.1042175292969
20.073261260986328 456.65380859375
191.9322509765625 335.19329833984375
190.77040100097656 333.15631103515625
85.27871704101562 516.6626586914062
144.85289001464844 534.8529052734375
190.10777282714844 580.1077880859375
226.1299285888672 421.3619079589844
61.927425384521484 318.01409912109375
191.00872802734375 336.2367248535156
60.0 450.0
191.85606384277344 335.658935546875
190.10777282714844 580.1077880859375
244.197021484375 429.39752197265625
112.41545104980469 504.61834716796875
112.15560150146484 502.43743896484375
144.85289001464844 534.8529052734375
60.0 450.0
190.10777282714844 580.1077880859375
144.85289001464844 534.8529052734375
60.0 450.0
247.75022888183594 433.372314453125
60.0 450.0
192.01451110839844 338.1075134277344
139.19602966308594 529.196044921875
16.739036560058594 566.661376953125
236.63768005371094 487.43212890625
190.58460998535156 338.762939453125
243.824951171875 453.09088134765625
60.0 450.0
112.86959075927734 504.9366149902344
17.60016632080078 505.0392150878906
190.10777282714844 580.1077880859375
262.39422607421875 433.5968322753906
170.5859832763672 467.8966064453125
17.573604583740234 407.57354736328125
127.82353210449219 576.8602294921875
144.85289001464844 534.8529052734375
190.74937438964844 334.6677551269531
85.566650390625 506.3839111328125
118.80524444580078 460.28692626953125
245.56887817382812 453.55291748046875
192.57154846191406 380.30963134765625
60.0 450.0
191.84002685546875 353.76934814453125
112.85557556152344 504.92724609375
116.56859588623047 506.568603515625
206.96630859375 576.9461669921875
60.0 450.0
155.78485107421875 483.006103515625
266.91485595703125 429.90557861328125
60.0 450.0
192.49278259277344 342.129638671875
60.0 450.0
60.0 450.0
60.0 450.0
192.49765014648438 334.96197509765625
192.34291076660156 341.26885986328125
190.10777282714844 580.1077880859375
191.73838806152344 334.58746337890625
61.927425384521484 318.01409912109375
16.996150970458984 306.5873718261719
144.85289001464844 534.8529052734375
60.0 450.0
194.69252014160156 580.2868041992188
60.0 450.0
60.0 450.0
264.9646301269531 438.5022277832031
65.60530853271484 577.876953125
190.593505859375 353.8438415527344
61.927425384521484 318.01409912109375
113.17951965332031 516.90283203125
144.85289001464844 534.8529052734375
60.0 450.0
144.85289001464844 534.8529052734375
20.213422775268555 462.205322265625
60.0 450.0
131.2885284423828 507.17510986328125
60.0 450.0
17.573604583740234 407.57354736328125
192.8816375732422 336.4259033203125
174.97384643554688 580.2376098632812
60.0 450.0
144.85289001464844 534.8529052734375
60.0 450.0
191.8111114501953 339.17889404296875
191.8111114501953 339.17889404296875
197.42291259765625 353.27978515625
60.0 450.0
61.927425384521484 318.01409912109375
192.3615264892578 340.5873718261719
17.573604583740234 407.57354736328125
191.61990356445312 344.9521789550781
219.67373657226562 407.93353271484375
286.2656555175781 384.0158996582031
190.10777282714844 580.1077880859375
144.85289001464844 534.8529052734375
144.85289001464844 534.8529052734375
112.41545104980469 504.61834716796875
196.99974060058594 351.64324951171875
191.64251708984375 336.06011962890625
190.10777282714844 580.1077880859375
61.927425384521484 318.01409912109375
61.927425384521484 318.01409912109375
17.573604583740234 407.57354736328125
61.927425384521484 318.01409912109375
60.0 450.0
60.0 450.0
332.1474914550781 411.22802734375
60.0 450.0
266.381591796875 428.9878234863281
144.85289001464844 534.8529052734375
112.41545104980469 504.61834716796875
164.1571807861328 479.0807800292969
103.11087799072266 515.5785522460938
191.1666717529297 333.08837890625
60.0 450.0
192.2972412109375 341.79046630859375
60.0 450.0
190.7745819091797 334.3709411621094
112.41545104980469 504.61834716796875
238.3716278076172 422.4905700683594
191.37843322753906 336.16143798828125
17.055706024169922 360.876220703125
112.86956787109375 504.9366149902344
56.29420852661133 313.681640625
139.19602966308594 529.196044921875
61.927425384521484 318.01409912109375
61.927425384521484 318.01409912109375
190.6772918701172 342.8753356933594
61.927425384521484 318.01409912109375
191.33224487304688 339.45233154296875
17.573604583740234 407.57354736328125
144.85289001464844 534.8529052734375
239.67132568359375 472.23529052734375
196.99974060058594 351.64324951171875
17.601905822753906 505.830322265625
191.12850952148438 337.66192626953125
237.36318969726562 545.926513671875
235.31253051757812 480.58349609375
113.02135467529297 505.0360107421875
192.63656616210938 342.3600769042969
191.7538299560547 337.16082763671875
60.0 450.0
58.1309814453125 577.986328125
60.0 450.0
60.0 450.0
60.0 450.0
60.0 450.0
241.85079956054688 457.101318359375
60.0 450.0
60.0 450.0
18.257360458374023 397.88067626953125
61.927425384521484 318.01409912109375
219.67420959472656 407.93316650390625
252.6324462890625 433.5789489746094
61.927425384521484 318.01409912109375
190.10777282714844 580.1077880859375
190.10777282714844 580.1077880859375
60.0 450.0
241.85079956054688 457.101318359375
60.0 450.0
219.6911163330078 407.9236755371094
144.85289001464844 534.8529052734375
144.85289001464844 534.8529052734375
216.64590454101562 405.47369384765625
112.83674621582031 504.9146728515625
242.95614624023438 482.9555358886719
144.85289001464844 534.8529052734375
177.15203857421875 485.45526123046875
144.85289001464844 534.8529052734375
191.93890380859375 339.7713623046875
61.927425384521484 318.01409912109375
230.5066375732422 495.9828186035156
61.927425384521484 318.01409912109375
17.573604583740234 407.57354736328125
172.51605224609375 476.10675048828125
60.0 450.0
241.8502197265625 457.10198974609375
60.0 450.0
60.0 450.0
144.85289001464844 534.8529052734375
144.85289001464844 534.8529052734375
125.05388641357422 515.0538940429688
61.927425384521484 318.01409912109375
126.57379913330078 520.1376953125
17.60388946533203 347.650390625
60.0 450.0
61.927425384521484 318.01409912109375
167.7919921875 499.3149719238281
108.65805053710938 509.6299743652344
144.85289001464844 534.8529052734375
97.66169738769531 577.2931518554688
232.5294189453125 494.6674499511719
214.20840454101562 344.7553405761719
197.000244140625 351.64007568359375
17.573604583740234 407.57354736328125
60.0 450.0
192.4088134765625 339.8644714355469
60.0 450.0
60.0 450.0
144.85289001464844 534.8529052734375
61.927425384521484 318.01409912109375
181.80519104003906 464.90869140625
18.538864135742188 525.881591796875
144.85289001464844 534.8529052734375
144.85289001464844 534.8529052734375
191.42364501953125 337.769775390625
61.927425384521484 318.01409912109375
60.0 450.0
191.4736785888672 345.7489013671875
144.85289001464844 534.8529052734375
60.0 450.0
227.42303466796875 393.0942077636719
61.927425384521484 318.01409912109375
60.0 450.0
125.78131103515625 509.6854248046875
194.93431091308594 580.0720825195312
264.97137451171875 429.4341735839844
60.0 450.0
196.99974060058594 351.64324951171875
84.6537857055664 404.0168762207031
192.8269500732422 334.0733947753906
17.603256225585938 505.7497863769531
78.31625366210938 451.5374755859375
212.89291381835938 380.5569763183594
60.0 450.0
112.53131103515625 504.7026062011719
61.927425384521484 318.01409912109375
279.0101013183594 423.9142761230469
113.00920104980469 505.0281677246094
324.8648681640625 409.9990234375
16.818580627441406 282.9935302734375
238.1720733642578 426.8048400878906
114.18849182128906 505.6965026855469
221.4862518310547 474.3645324707031
61.927425384521484 318.01409912109375
144.85289001464844 534.8529052734375
192.72625732421875 339.8492126464844
144.85289001464844 534.8529052734375
310.87677001953125 398.7998962402344
254.4416961669922 425.9006652832031
241.135009765625 467.6191101074219
17.94937515258789 420.93426513671875
60.0 450.0
192.29061889648438 343.43792724609375
60.0 450.0
19.43803596496582 384.73333740234375
180.67587280273438 469.4999694824219
113.19666290283203 505.146728515625
60.0 450.0
191.14952087402344 342.94085693359375
176.3719482421875 468.5496826171875
61.927425384521484 318.01409912109375
273.2202453613281 432.8613586425781
144.85289001464844 534.8529052734375
60.0 450.0
192.79940795898438 350.8558349609375
60.0 450.0
112.41545104980469 504.61834716796875
190.76560974121094 344.15740966796875
60.0 450.0
324.8648681640625 409.9990234375
61.927425384521484 318.01409912109375
60.0 450.0
191.07861328125 348.4961853027344
284.5903625488281 383.5859069824219
61.927425384521484 318.01409912109375
192.72625732421875 339.8492126464844
209.56707763671875 387.9725646972656
192.72625732421875 339.8492126464844
184.45091247558594 574.450927734375
156.0313720703125 477.34930419921875
191.24293518066406 338.144775390625
61.927425384521484 318.01409912109375
255.93771362304688 426.99029541015625
60.0 450.0
170.0161895751953 503.4205322265625
219.6741180419922 407.9317626953125
112.6186752319336 504.7647705078125
144.85289001464844 534.8529052734375
71.09270477294922 446.1246337890625
191.0264434814453 332.4267883300781
246.6874237060547 455.0111083984375
16.502399444580078 311.35028076171875
180.6366729736328 485.3199768066406
230.01551818847656 551.2832641601562
69.18048858642578 578.218994140625
191.713623046875 340.6876525878906
144.85289001464844 534.8529052734375
122.22545623779297 512.2254638671875
17.573604583740234 407.57354736328125
190.10777282714844 580.1077880859375
17.573604583740234 407.57354736328125
193.31851196289062 334.5414123535156
190.54136657714844 337.6887512207031
193.75692749023438 360.6189270019531
207.56939697265625 578.786865234375
61.927425384521484 318.01409912109375
274.1585388183594 382.63262939453125
190.92784118652344 335.6114501953125
190.8631591796875 340.2344665527344
244.4969482421875 455.5498046875
144.85289001464844 534.8529052734375
196.03126525878906 356.4764709472656
244.79391479492188 448.0634460449219
111.77263641357422 519.9912719726562
191.9942626953125 334.1689147949219
31.756980895996094 577.0751342773438
61.927425384521484 318.01409912109375
112.86959075927734 504.9366149902344
61.927425384521484 318.01409912109375
116.56859588623047 506.568603515625
60.0 450.0
177.8847198486328 485.76251220703125
246.92897033691406 469.8833923339844
144.85289001464844 534.8529052734375
60.0 450.0
242.65472412109375 431.4002685546875
191.3686981201172 338.969482421875
144.85289001464844 534.8529052734375
60.0 450.0
293.1929626464844 393.6272277832031
237.44142150878906 492.4559020996094
60.0 450.0
191.75555419921875 339.0096740722656
191.73707580566406 331.869384765625
60.0 450.0
191.89767456054688 343.5644836425781
144.85289001464844 534.8529052734375
243.0664520263672 461.2928466796875
166.13690185546875 500.3786926269531
17.601905822753906 505.830322265625
110.91173553466797 500.9117431640625
17.573604583740234 407.57354736328125
60.0 450.0
190.10777282714844 580.1077880859375
190.10777282714844 580.1077880859375
190.10777282714844 580.1077880859375
192.72625732421875 339.8492126464844
168.5833282470703 507.72064208984375
60.0 450.0
192.40414428710938 336.30645751953125
190.80758666992188 340.0813293457031
190.84242248535156 340.6116943359375
321.4788818359375 406.0053405761719
285.5858459472656 383.8172912597656
191.29322814941406 335.5899353027344
236.62857055664062 451.9239196777344
210.94802856445312 340.5918273925781
191.46018981933594 347.1329345703125
192.52777099609375 342.2455139160156
61.927425384521484 318.01409912109375
144.85289001464844 534.8529052734375
60.0 450.0
70.30512237548828 471.6749267578125
190.10777282714844 580.1077880859375
236.8208465576172 422.9510803222656
257.0819091796875 425.8188171386719
327.6094970703125 407.0892028808594
192.07032775878906 337.058349609375
60.0 450.0
94.78833770751953 516.1801147460938
61.927425384521484 318.01409912109375
61.927425384521484 318.01409912109375
60.0 450.0
62.343284606933594 442.78369140625
60.0 450.0
60.0 450.0
60.0 450.0
60.0 450.0
144.85289001464844 534.8529052734375
60.0 450.0
60.0 450.0
60.0 450.0
61.927425384521484 318.01409912109375
144.85289001464844 534.8529052734375
61.927425384521484 318.01409912109375
46.78499984741211 464.2820739746094
258.9667053222656 425.9053955078125
219.6741180419922 407.9317626953125
230.91302490234375 416.0749206542969
60.0 450.0
303.21099853515625 395.8770751953125
274.5061340332031 434.63458251953125
191.8111114501953 339.17889404296875
196.99974060058594 351.64324951171875
60.0 450.0
77.42634582519531 469.26043701171875
144.85289001464844 534.8529052734375
164.1571807861328 479.0807800292969
17.573604583740234 407.57354736328125
110.4155044555664 500.083740234375
191.65478515625 339.8179626464844
257.3328552246094 426.59130859375
112.86959075927734 504.9366149902344
17.573604583740234 407.57354736328125
196.99974060058594 351.64324951171875
61.927425384521484 318.01409912109375
113.01793670654297 505.0338134765625
112.86959075927734 504.9366149902344
192.7082977294922 344.4228515625
267.09686279296875 428.0285949707031
144.85289001464844 534.8529052734375
112.41545104980469 504.61834716796875
16.57943344116211 395.8012390136719
192.6187744140625 337.19805908203125
60.0 450.0
240.29122924804688 543.361328125
61.927425384521484 318.01409912109375
17.573604583740234 407.57354736328125
112.41545104980469 504.61834716796875
144.85289001464844 534.8529052734375
60.0 450.0
112.86959075927734 504.9366149902344
112.41545104980469 504.61834716796875
60.0 450.0
228.58604431152344 412.9607238769531
292.0140380859375 386.4010925292969
61.927425384521484 318.01409912109375
17.573604583740234 407.57354736328125
19.044734954833984 367.48553466796875
192.7756805419922 334.62445068359375
