60.0 450.0 0.38539817929267883
60.0 450.0 -0.014601826667785645
60.0 450.0 -0.4146018326282501
60.0 450.0 -0.8146018385887146
60.0 450.0 -1.2146018743515015
60.0 450.0 -1.6146018505096436
60.0 450.0 -2.014601945877075
58.2824821472168 446.38751220703125 -2.014601945877075
56.564964294433594 442.7750244140625 -2.014601945877075
54.84744644165039 439.16253662109375 -2.014601945877075
53.12992858886719 435.550048828125 -2.014601945877075
51.412410736083984 431.93756103515625 -2.014601945877075
49.69489288330078 428.3250732421875 -2.014601945877075
47.97737503051758 424.71258544921875 -2.014601945877075
47.97737503051758 424.71258544921875 -1.614601969718933
47.802207946777344 420.7164306640625 -1.614601969718933
47.62704086303711 416.72027587890625 -1.614601969718933
47.451873779296875 412.72412109375 -1.614601969718933
47.27670669555664 408.72796630859375 -1.614601969718933
47.101539611816406 404.7318115234375 -1.614601969718933
46.92637252807617 400.73565673828125 -1.614601969718933
46.75120544433594 396.739501953125 -1.614601969718933
46.5760383605957 392.74334716796875 -1.614601969718933
46.40087127685547 388.7471923828125 -1.614601969718933
46.225704193115234 384.75103759765625 -1.614601969718933
46.050537109375 380.7548828125 -1.614601969718933
45.875370025634766 376.75872802734375 -1.614601969718933
45.70020294189453 372.7625732421875 -1.614601969718933
45.5250358581543 368.76641845703125 -1.614601969718933
45.34986877441406 364.770263671875 -1.614601969718933
45.17470169067383 360.77410888671875 -1.614601969718933
44.999534606933594 356.7779541015625 -1.614601969718933
44.82436752319336 352.78179931640625 -1.614601969718933
44.649200439453125 348.78564453125 -1.614601969718933
44.47403335571289 344.78948974609375 -1.614601969718933
44.298866271972656 340.7933349609375 -1.614601969718933
44.12369918823242 336.79718017578125 -1.614601969718933
43.94853210449219 332.801025390625 -1.614601969718933
43.77336502075195 328.80487060546875 -1.614601969718933
43.59819793701172 324.8087158203125 -1.614601969718933
43.423030853271484 320.81256103515625 -1.614601969718933
43.24786376953125 316.81640625 -1.614601969718933
43.24786376953125 316.81640625 -2.014601945877075
41.53034591674805 313.20391845703125 -2.014601945877075
39.812828063964844 309.5914306640625 -2.014601945877075
38.09531021118164 305.97894287109375 -2.014601945877075
36.37779235839844 302.366455078125 -2.014601945877075
34.660274505615234 298.75396728515625 -2.014601945877075
32.94275665283203 295.1414794921875 -2.014601945877075
31.225238800048828 291.52899169921875 -2.014601945877075
29.507720947265625 287.91650390625 -2.014601945877075
27.790203094482422 284.30401611328125 -2.014601945877075
26.07268524169922 280.6915283203125 -2.014601945877075
24.355167388916016 277.07904052734375 -2.014601945877075
22.637649536132812 273.466552734375 -2.014601945877075
20.92013168334961 269.85406494140625 -2.014601945877075
19.202613830566406 266.2415771484375 -2.014601945877075
17.485095977783203 262.62908935546875 -2.014601945877075
17.485095977783203 262.62908935546875 -2.014601945877075
17.485095977783203 262.62908935546875 -2.014601945877075
17.485095977783203 262.62908935546875 -2.014601945877075
17.485095977783203 262.62908935546875 -2.014601945877075
17.485095977783203 262.62908935546875 -2.014601945877075
17.485095977783203 262.62908935546875 -2.014601945877075
17.485095977783203 262.62908935546875 -2.014601945877075
17.485095977783203 262.62908935546875 -2.014601945877075
17.485095977783203 262.62908935546875 -2.014601945877075
17.485095977783203 262.62908935546875 -2.014601945877075
