-392.2742569175364
-394.39534949496294
-396.3560560572541
-398.14975949313714
-399.7704965620063
-401.2129502120562
-402.4723841095174
-403.5447661284028
-404.4266496316884
-405.11521458132637
-405.60828216314496
-405.90430316108433
-406.0023227766776
-405.90203839563077
-405.60377604981664
-405.1084670673281
-404.4176942653935
-403.53365090781637
-402.4591340791584
-401.1975729686778
-399.7530628513125
-398.1303122372621
-396.3346523793748
-394.3720887708104
-392.24919077833187
-389.97324093327705
-387.55210686385925
-384.9943225302073
-382.30906712281313
-379.50615477360174
-376.59600773175003
-373.589713397352
-370.49894240285914
-367.33599475092586
-364.11376445344723
-360.84573487955254
-357.54589698407443
-354.2287953336018
-350.9094315810975
-347.6032969848517
-344.326193450812
-341.0943105192626
-337.92402557196203
-334.8319141292901
-331.8346216957284
-328.94872563361173
-326.1906741745523
-323.5766082316594
-321.12221513802814
-318.8426255958881
-316.7522328746535
-314.6647956606667
-312.44434241164913
-310.259569763698
-308.11123673584274
-306.0001108232716
-303.9269673669102
-301.8925888621112
-300.3327689925408
-299.00564799267227
-297.9204668363282
-297.08492991812955
-296.50498603683155
-296.18484036484784
-296.1267735065371
-296.33123071895545
-296.7967220028494
-297.51990131420496
-298.49557858764507
-299.7167856321147
-301.17495367770897
-302.8600152027213
-302.8600152027213
-305.667938023006
-308.5981883256551
-311.6339919033962
-314.75851276814274
-317.95496941573055
-321.2066751810099
-324.49721589128836
-327.8104917857147
-331.1307768428556
-334.4427972955174
-337.7317388381733
-340.98330645559935
-344.1838055259724
-347.3200976622234
-350.3796408030476
-353.35052657274053
-356.22142376333215
-358.98164252673007
-361.62113609666034
-364.1305033010866
-366.5009619154949
-368.72438394427263
-370.7932420951089
-372.70061993144213
-374.4402862192735
-376.00658982496475
-377.3945415747375
-378.599717376788
-379.6183184742032
-380.4471752868557
-381.0836948033597
-381.52593595407996
-381.77250632295534
-381.8226774567904
-381.67629273179915
-381.33380116539166
-380.79626711805633
-380.0653248831792
-379.1432271955221
-378.03286961212063
-376.73773240395485
-375.26187942456147
-373.61002841852184
-371.787507006984
-369.80026189467554
-367.654854750146
-365.35848263048376
-362.9189753613428
-360.3447620267901
-357.1749032298246
-354.0218574766115
-351.34902935353955
-348.06408528871987
-345.2852379512107
-341.87697068981595
-338.999518500787
-335.4771424457941
-332.50904358562633
-328.8825860181047
-325.8324676342962
-322.7044957721583
-318.89724286204586
-315.09476568188694
-311.2972392374989
-308.11475005327327
-304.8773494012091
-300.951205431113
-297.02703206947444
-293.75089649121855
-289.7852303902947
-285.82052129375984
-282.51697105012636
-279.1985098030407
-275.198519967717
-271.19853014082423
-267.19854032274094
-263.8802267316039
-260.5776376862636
-257.30690629083387
-253.39451121722303
-250.1745791423229
-246.33555283250413
-242.5017303848797
-238.67336256929624
-234.85071613839503
-231.034075087221
-227.22374203019967
-223.42003970797742
-219.62331263809426
-215.83392892512146
-212.7330839351116
-209.0583927358423
-205.39585720580976
-201.74613937468638
-198.1099476531571
-194.48804070417336
-190.88123167568102
-187.29039282987026
-183.71646060703026
-180.16044116522127
-176.62341644013426
-173.10655077260452
-169.61109815415026
-166.13841014344203
-162.6899445085332
-159.26727465067623
-155.87209986518926
-152.50625649257285
-149.1717300081975
-145.87066809048352
-142.60539469443196
-139.37842513822113
-136.19248218360653
-133.05051305394704
-129.9557072843296
-126.91151523359675
-123.92166700488595
-121.56273252003875
-118.88230671037357
-116.27771834300945
-113.75417680493848
-111.31719418543675
-108.97257835539834
-106.72641654405443
-105.03806406644726
-103.23059711001984
-101.54859695822275
-100.35716180211568
-100.35716180211568
-100.35716180211568
-100.35716180211568
-100.35716180211568
-100.35716180211568
-100.35716180211568
-100.35716180211568
-100.35716180211568
-100.35716180211568
-100.35716180211568
