-391.8531485918244
-393.45388892819955
-394.7819489975725
-395.8206926119558
-396.5572217842056
-396.9824263068185
-397.0910769851524
-396.8818395576821
-396.3572672959487
-395.523817301831
-394.3918093269577
-392.9753355952757
-391.2922107699053
-388.7081466596337
-386.14822595789644
-383.61293200541354
-381.1027562923751
-378.61819840836614
-376.15976597563485
-373.7279745646396
-371.91795213900576
-369.15989794183736
-366.4247501495442
-364.41239551283184
-361.377709179682
-358.36197271544495
-355.36566856275255
-352.38929241053165
-350.21778903252545
-346.96821184898437
-343.73446176117443
-340.5169896796902
-338.18811070440074
-334.7287814007747
-331.2816263724947
-327.8470296398684
-324.4253900561519
-321.01712194244385
-317.622655749012
-314.24243874375543
-311.8092309429462
-308.21359246278405
-304.6280362010594
-301.05292239725554
-297.48862753298187
-293.93554518346656
-290.39408691717784
-286.86468324618903
-283.34778462999594
-279.84386253557886
-276.35341055657807
-272.8769455945087
-270.38333503062427
-266.71064140372664
-263.0474946316233
-259.3942991745245
-255.75148147135684
-252.1194913600038
-248.49880360022354
-244.88991950699014
-241.2933687025401
-237.7097109959583
-234.13953839970358
-230.58347729304614
-227.04219074295727
-223.51638099354653
-220.0067921356641
-216.51419929322662
-213.03945284245935
-209.58344042721393
-206.1471042660223
-202.73144490998598
-199.33752525648737
-195.96647483061096
-193.54158746448323
-190.97744392526445
-188.30405616860475
-185.55676330399533
-182.7734409918589
-179.9941823053713
-177.2608830838367
-173.39633289947056
-169.53806586100632
-166.9048604089809
-163.22277811010446
-159.55600310351997
-157.08516169450098
-153.67940284996115
-150.302926363081
-146.95775060725052
-143.64606235825576
-140.37023180066686
-137.1328286653709
-135.00770369000688
-132.16733269693088
-129.38828226394227
-126.67458829862382
-124.03054072468579
-121.46068797232256
-118.96983815817234
-116.56305606183032
-114.2456549019915
-112.02318183267394
-109.90139603420688
-107.88623828384553
-105.98379097876085
-104.20022777249818
-102.54175229569266
-101.01452587782481
-99.62458477299741
-98.37774810638031
-97.27951856476543
-96.33497869581187
-96.33497869581187
-96.33497869581187
-96.33497869581187
-96.33497869581187
-96.33497869581187
-96.33497869581187
-96.33497869581187
-96.33497869581187
-96.33497869581187
-96.33497869581187
