62.484466552734375 452.3433837890625 0.7269739508628845
65.10153198242188 454.5377197265625 0.6685497164726257
67.84225463867188 456.57550048828125 0.6101254820823669
70.6972885131836 458.44976806640625 0.5517012476921082
73.65689086914062 460.15411376953125 0.49327704310417175
76.71096801757812 461.6827392578125 0.43485283851623535
79.84909057617188 463.0304260253906 0.37642863392829895
83.06055450439453 464.19256591796875 0.31800442934036255
86.33439636230469 465.16522216796875 0.25958022475242615
89.6594467163086 465.9450378417969 0.20115602016448975
93.02436065673828 466.5293884277344 0.14273181557655334
96.41764831542969 466.916259765625 0.08430760353803635
99.8277359008789 467.1043395996094 0.025883391499519348
103.24298858642578 467.09295654296875 -0.03254082053899765
106.65174865722656 466.8822021484375 -0.09096503257751465
110.04238891601562 466.4727478027344 -0.14938923716545105
113.40333557128906 465.86602783203125 -0.20781344175338745
116.7231216430664 465.0640869140625 -0.26623764634132385
119.99041748046875 464.0696716308594 -0.32466185092926025
123.1940689086914 462.88616943359375 -0.38308605551719666
126.32315063476562 461.5176086425781 -0.44151026010513306
129.36697387695312 459.96868896484375 -0.49993446469306946
132.31517028808594 458.2446594238281 -0.5583586692810059
135.1576690673828 456.3514404296875 -0.6167829036712646
137.884765625 454.29547119140625 -0.6752071380615234
139.53530883789062 452.7232666015625 -0.8469767570495605
140.89283752441406 450.89208984375 -1.0187463760375977
142.5982208251953 447.9330749511719 -1.0771706104278564
144.12791442871094 444.8795471191406 -1.1355948448181152
145.47669982910156 441.74188232421875 -1.194019079208374
146.6399688720703 438.53082275390625 -1.2524433135986328
147.61376953125 435.25732421875 -1.3108675479888916
148.39476013183594 431.93255615234375 -1.3692917823791504
148.98028564453125 428.5678405761719 -1.4277160167694092
149.3683319091797 425.1746826171875 -1.486140251159668
149.55758666992188 421.7646484375 -1.5445644855499268
149.5474090576172 418.3493957519531 -1.6029887199401855
149.33782958984375 414.9405517578125 -1.6614129543304443
148.9295654296875 411.5497741699219 -1.7198371887207031
148.32400512695312 408.1886291503906 -1.778261423110962
147.52320861816406 404.8685607910156 -1.8366856575012207
146.52992248535156 401.6009216308594 -1.8951098918914795
145.3475341796875 398.3968505859375 -1.9535341262817383
143.98007202148438 395.2673034667969 -2.011958360671997
142.4322052001953 392.2229309082031 -2.070382595062256
140.70921325683594 389.2741394042969 -2.1288068294525146
138.81698608398438 386.43096923828125 -2.1872310638427734
136.761962890625 383.7031555175781 -2.2456552982330322
134.55116271972656 381.0999755859375 -2.304079532623291
132.192138671875 378.6303405761719 -2.36250376701355
129.69293212890625 376.30267333984375 -2.4209280014038086
127.06208038330078 374.1249084472656 -2.4793522357940674
124.30855560302734 372.1044616699219 -2.537776470184326
121.4417495727539 370.2482604980469 -2.596200704574585
118.47145080566406 368.5626220703125 -2.6546249389648438
115.40779113769531 367.05328369140625 -2.7130491733551025
112.26123046875 365.72540283203125 -2.7714734077453613
108.53209686279297 364.27850341796875 -2.7714734077453613
104.80296325683594 362.83160400390625 -2.7714734077453613
101.0738296508789 361.38470458984375 -2.7714734077453613
97.34469604492188 359.93780517578125 -2.7714734077453613
94.12596893310547 358.7959289550781 -2.82989764213562
90.84605407714844 357.8439636230469 -2.888321876525879
87.51615142822266 357.08514404296875 -2.9467461109161377
84.14762115478516 356.52203369140625 -3.0051703453063965
80.75196075439453 356.1565856933594 -3.0635945796966553
77.34075164794922 355.9900207519531 -3.122018814086914
73.9256362915039 356.02294921875 3.1027421951293945
70.51827239990234 356.2552185058594 3.0443179607391357
67.13028717041016 356.6860656738281 2.985893726348877
63.77323532104492 357.3139953613281 2.927469491958618
60.45857620239258 358.1368713378906 2.8690452575683594
57.19762420654297 359.1518859863281 2.8106210231781006
54.001502990722656 360.3555908203125 2.752196788787842
50.88111877441406 361.7438659667969 2.693772554397583
47.84712219238281 363.3119812011719 2.635348320007324
44.90986633300781 365.0545654296875 2.5769238471984863
43.0959587097168 366.4350891113281 2.405154228210449
40.63378143310547 368.8018798828125 2.3467299938201904
38.314002990722656 371.30841064453125 2.2883057594299316
36.968055725097656 373.14813232421875 2.1165361404418945
35.281375885009766 376.11785888671875 2.0581119060516357
33.77098083496094 379.1809997558594 1.999687671661377
32.442020416259766 382.32708740234375 1.9412634372711182
31.29903221130371 385.54541015625 1.8828392028808594
30.345914840698242 388.8249816894531 1.8244149684906006
29.585922241210938 392.1546325683594 1.7659907341003418
29.02164649963379 395.5229797363281 1.707566499710083
28.655014038085938 398.91851806640625 1.6491422653198242
28.487276077270508 402.3296813964844 1.5907180309295654
28.519004821777344 405.74481201171875 1.5322937965393066
28.750091552734375 409.1522521972656 1.4738695621490479
29.17974853515625 412.5404052734375 1.415445327758789
29.806509017944336 415.8976745605469 1.3570210933685303
30.62823486328125 419.2126159667969 1.2985968589782715
31.642122268676758 422.4739074707031 1.2401726245880127
32.84471130371094 425.6704406738281 1.181748390197754
34.231895446777344 428.79132080078125 1.1233241558074951
35.79894256591797 431.82586669921875 1.0648999214172363
37.54050827026367 434.76373291015625 1.0064756870269775
39.450645446777344 437.5948791503906 0.9480514526367188
41.5228385925293 440.3096618652344 0.88962721824646
43.75001525878906 442.8988342285156 0.8312029838562012
46.124576568603516 445.3535461425781 0.7727787494659424
48.6384162902832 447.6654052734375 0.7143545150756836
51.282958984375 449.8265380859375 0.6559302806854248
54.0491828918457 451.8295593261719 0.597506046295166
56.927642822265625 453.6676330566406 0.5390818119049072
59.90851974487305 455.3345031738281 0.4806576073169708
62.98163986206055 456.824462890625 0.4222334027290344
66.13652038574219 458.1324462890625 0.363809198141098
69.36238861083984 459.2539978027344 0.3053849935531616
72.64823913574219 460.1852722167969 0.24696078896522522
75.98286437988281 460.923095703125 0.18853658437728882
79.3548812866211 461.4649353027344 0.13011237978935242
82.7527847290039 461.8089599609375 0.07168816775083542
86.16497802734375 461.9539794921875 0.01326395571231842
89.57981872558594 461.8995056152344 -0.04516025632619858
92.98564910888672 461.645751953125 -0.10358446836471558
96.370849609375 461.19354248046875 -0.16200867295265198
99.72386932373047 460.54443359375 -0.22043287754058838
103.03327178955078 459.7006530761719 -0.2788570821285248
106.28775787353516 458.6650695800781 -0.3372812867164612
109.4762191772461 457.44122314453125 -0.3957054913043976
112.58778381347656 456.0332946777344 -0.454129695892334
115.61182403564453 454.4460754394531 -0.5125539302825928
118.53802490234375 452.68499755859375 -0.5709781646728516
121.35640716552734 450.75604248046875 -0.6294023990631104
124.05734252929688 448.66583251953125 -0.6878266334533691
126.63162231445312 446.4214782714844 -0.7462508678436279
129.07046508789062 444.0306396484375 -0.8046751022338867
131.36553955078125 441.50146484375 -0.8630993366241455
133.50901794433594 438.84259033203125 -0.9215235710144043
135.4935760498047 436.0630798339844 -0.9799478054046631
137.3124542236328 433.1724548339844 -1.0383720397949219
138.95944213867188 430.1805419921875 -1.0967962741851807
140.42892456054688 427.0975646972656 -1.1552205085754395
141.71588134765625 423.9340515136719 -1.2136447429656982
142.81591796875 420.7007751464844 -1.272068977355957
143.72528076171875 417.4087829589844 -1.3304932117462158
144.67726135253906 413.5237121582031 -1.3304932117462158
145.62924194335938 409.6386413574219 -1.3304932117462158
146.5812225341797 405.7535705566406 -1.3304932117462158
147.533203125 401.8684997558594 -1.3304932117462158
148.4851837158203 397.9834289550781 -1.3304932117462158
149.20077514648438 394.6439514160156 -1.3889174461364746
149.92428588867188 390.7099304199219 -1.3889174461364746
150.44366455078125 387.3343811035156 -1.4473416805267334
150.76504516601562 383.93426513671875 -1.5057659149169922
151.0249786376953 379.9427185058594 -1.5057659149169922
151.284912109375 375.951171875 -1.5057659149169922
151.40721130371094 372.5380859375 -1.564190149307251
151.4336395263672 368.5381774902344 -1.564190149307251
151.3564453125 365.123779296875 -1.6226143836975098
151.0800018310547 361.7197265625 -1.6810386180877686
150.63992309570312 357.7440185546875 -1.6810386180877686
150.19984436035156 353.768310546875 -1.6810386180877686
149.759765625 349.7926025390625 -1.6810386180877686
149.2850341796875 346.4104919433594 -1.7394628524780273
148.61355590820312 342.4672546386719 -1.7394628524780273
147.94207763671875 338.5240173339844 -1.7394628524780273
147.2706756591797 335.1753845214844 -1.7978870868682861
146.40487670898438 331.8716735839844 -1.856311321258545
145.2782745361328 328.0335998535156 -1.856311321258545
144.22105407714844 324.78607177734375 -1.9147355556488037
142.8722686767578 321.02032470703125 -1.9147355556488037
141.5234832763672 317.25457763671875 -1.9147355556488037
140.2784423828125 314.0743408203125 -1.9731597900390625
138.84982299804688 310.97222900390625 -2.0315840244293213
137.2425079345703 307.9588317871094 -2.09000825881958
135.46197509765625 305.04443359375 -2.148432493209839
133.27780151367188 301.69342041015625 -2.148432493209839
131.0936279296875 298.3424072265625 -2.148432493209839
129.14596557617188 295.53692626953125 -2.2068567276000977
126.76984405517578 292.31915283203125 -2.2068567276000977
124.66168975830078 289.6322021484375 -2.2652809619903564
122.10173034667969 286.55865478515625 -2.2652809619903564
119.5417709350586 283.485107421875 -2.2652809619903564
116.9818115234375 280.41156005859375 -2.2652809619903564
114.4218521118164 277.3380126953125 -2.2652809619903564
111.86189270019531 274.26446533203125 -2.2652809619903564
109.30193328857422 271.19091796875 -2.2652809619903564
106.74197387695312 268.11737060546875 -2.2652809619903564
104.18201446533203 265.0438232421875 -2.2652809619903564
101.62205505371094 261.97027587890625 -2.2652809619903564
99.06209564208984 258.896728515625 -2.2652809619903564
96.50213623046875 255.8231964111328 -2.2652809619903564
93.94217681884766 252.74966430664062 -2.2652809619903564
91.38221740722656 249.67613220214844 -2.2652809619903564
88.82225799560547 246.60260009765625 -2.2652809619903564
86.26229858398438 243.52906799316406 -2.2652809619903564
83.70233917236328 240.45553588867188 -2.2652809619903564
81.14237976074219 237.3820037841797 -2.2652809619903564
78.5824203491211 234.3084716796875 -2.2652809619903564
76.0224609375 231.2349395751953 -2.2652809619903564
73.4625015258789 228.16140747070312 -2.2652809619903564
70.90254211425781 225.08787536621094 -2.2652809619903564
68.34258270263672 222.01434326171875 -2.2652809619903564
65.78262329101562 218.94081115722656 -2.2652809619903564
63.22266387939453 215.86727905273438 -2.2652809619903564
60.66270446777344 212.7937469482422 -2.2652809619903564
58.102745056152344 209.72021484375 -2.2652809619903564
55.54278564453125 206.6466827392578 -2.2652809619903564
52.982826232910156 203.57315063476562 -2.2652809619903564
50.42286682128906 200.49961853027344 -2.2652809619903564
47.86290740966797 197.42608642578125 -2.2652809619903564
45.302947998046875 194.35255432128906 -2.2652809619903564
42.74298858642578 191.27902221679688 -2.2652809619903564
40.18302917480469 188.2054901123047 -2.2652809619903564
37.623069763183594 185.1319580078125 -2.2652809619903564
35.0631103515625 182.0584259033203 -2.2652809619903564
32.503150939941406 178.98489379882812 -2.2652809619903564
29.943193435668945 175.91136169433594 -2.2652809619903564
27.383235931396484 172.83782958984375 -2.2652809619903564
24.823278427124023 169.76429748535156 -2.2652809619903564
22.56065559387207 167.203125 -2.323486566543579
20.154150009155273 164.7797393798828 -2.381910800933838
17.610246658325195 162.50100708007812 -2.4403350353240967
17.610246658325195 162.50100708007812 -2.4987592697143555
17.610246658325195 162.50100708007812 -2.5571835041046143
17.610246658325195 162.50100708007812 -2.615607738494873
17.610246658325195 162.50100708007812 -2.674031972885132
17.610246658325195 162.50100708007812 -2.7324562072753906
17.610246658325195 162.50100708007812 -2.7908804416656494
17.610246658325195 162.50100708007812 -2.849304676055908
17.610246658325195 162.50100708007812 -2.907728910446167
17.610246658325195 162.50100708007812 -2.966153144836426
17.610246658325195 162.50100708007812 -3.0245773792266846
