-390.0
-390.0
-390.0
-390.0
-390.0
-390.0
-386.00388495992144
-382.0078510730543
-378.01190091305557
-374.01603716351383
-370.0202626238791
-366.0245802157804
-362.028992989761
-358.0335041324636
-354.038116974302
-350.0428349976565
-346.0476618456364
-342.0526013314554
-338.05765744847065
-334.06283438094067
-330.068136515563
-326.0735684538586
-322.0791350254754
-318.0848413024926
-314.0906926148142
-310.0966945667493
-306.10285305488776
-302.10917428739054
-298.11566480482696
-294.1223315027053
-290.12918165585984
-286.13622294487436
-282.143463484744
-278.15091185599886
-274.1585771385395
-274.1585771385395
-270.5844153461512
-267.0223326035977
-263.4728188280002
-259.93638891955095
-256.41358423289086
-252.9049741405604
-249.41115769382733
-245.9327653863365
-242.4704610261308
-239.02494372164583
-235.59694998727267
-232.18725597399376
-228.79667983040818
-225.42608419914868
-222.0763788532292
-218.74852347621055
-215.44353058919978
-212.16246862655666
-212.16246862655666
-210.07701906175222
-208.0475784943266
-208.0475784943266
-208.0475784943266
-208.0475784943266
-208.0475784943266
-208.16381224851247
-208.16381224851247
-211.99617226215577
-215.83461591325502
-219.67882430421926
-223.5285000119465
-223.5285000119465
-226.67104913163894
-229.84024594018305
-233.03500324159165
-236.2542841100078
-239.49709962213484
-242.76250665425277
-246.0496059615707
-249.35753925121756
-252.6854885258741
-256.03267327482956
-259.39834887583703
-262.78180484448336
-266.18236316047813
-269.59937666958365
-273.0322275595287
-276.4803259079519
-276.4803259079519
-278.89688656491575
-281.3495622230199
-283.8374166606858
-286.359532993375
-288.91501394320306
-291.50298213881763
-294.1225799956868
-296.7729699354159
-299.4533343590086
-302.1628755930182
-304.9008157877381
-307.66639677236026
-310.4588798717462
-313.2775456891605
-313.2775456891605
-313.2775456891605
-313.2775456891605
-311.69175307745604
-310.1494434957191
-308.65126878994556
-307.19787468554335
-305.789899698664
-304.4279740182491
-303.1127183618746
-301.8447428088272
-300.6246456141971
-299.4530120081091
-299.4530120081091
-299.4530120081091
-295.91064386990297
-292.3800791220546
-288.8617523497178
-285.3561162212803
-281.86364425098947
-278.38483189142374
-274.92019768506736
-271.4702844776739
-268.03566069609883
-264.6169216932501
-261.214691162732
-257.8296226256472
-254.4624009918522
-251.1137441977343
-251.1137441977343
-247.18164425358657
-243.25175857943196
-239.32419625529727
-235.39907357438764
-231.47651464304977
-227.55665204095058
-223.63962754855547
-219.72559294994545
-215.81471092011262
-211.90715600714518
-208.00311572118218
-204.10279174372062
-200.206401272836
-196.31417852217703
-192.42637639427895
-188.54326835187297
-184.66515051454127
-180.79234401237278
-176.92519763333948
-173.0640908070836
-169.20943697485333
-169.20943697485333
-165.2421395889935
-161.27645806859388
-157.31251461646147
-153.35044401422138
-149.39039527481097
-145.43253356099746
-141.47704242094545
-141.47704242094545
-138.08581326776186
-134.72798569615247
-131.40612026822953
-131.40612026822953
-129.28625902933607
-127.25684711219282
-125.3222786792305
-123.48701131316064
-121.75553550472301
-120.13233920269067
-118.6218675112732
-117.22847783152791
-115.9563909873676
-114.80963914330867
-113.79201159528513
-112.90699977800097
-112.15774305914314
-111.54697705745006
-111.07698630442341
-110.74956304913397
-110.56597387061895
-110.52693551178345
-110.52693551178345
-110.52693551178345
-113.45313399027799
-116.44322124356029
-116.44322124356029
-116.44322124356029
-116.44322124356029
-119.99638859783634
-123.57686951431106
-127.18235719186471
-130.81078389142448
-130.81078389142448
-133.54882466944406
-136.34924273786655
-139.20827366248096
-142.12238019849485
-145.0882437924646
-148.10275506072315
-151.16300361751968
-154.26626755406627
-157.4100028071725
-160.59183260285727
-163.80953711561793
-167.06104344706063
-170.34441599743485
-173.6578472793337
-176.9996492035406
-180.36824468698208
-183.76216032209828
-187.180018812161
-190.62053226316473
-194.08249586080245
-197.564781983833
-201.06633473203667
-204.58616484583277
-208.12334499419325
-211.67700540756098
-215.24632983293375
-218.83055178900068
-222.4289511001295
-226.040850689038
-229.66561360908827
-233.30264029828078
-236.95136603816792
-240.61125860203126
-244.28181607775923
-247.96256485191006
-251.65305774244447
-255.3528722685558
-255.3528722685558
-255.3528722685558
-255.3528722685558
-255.3528722685558
-253.76246412052683
-252.22546851699587
-250.74286767940296
-250.74286767940296
-247.9682454290534
-245.22747781179874
-242.52171261643667
-242.52171261643667
-238.89835350953877
-235.2871982298968
-231.6888174132021
-228.1038156189602
-224.53283369626863
-220.97655132970786
-217.43568977886991
-213.91101482579626
-210.40333994530187
-206.91352971379524
-203.44250347273095
-199.99123926319825
-196.560778048304
-193.15222823986937
-189.76677054544004
-186.40566315059192
-186.40566315059192
-182.47081777772166
-178.53886800411672
-174.610009443258
-170.68445555826176
-166.76243972348257
-166.76243972348257
-162.84400341031767
-158.92963129365972
-155.01963456479928
-151.11434920282693
-151.11434920282693
-147.87923541382747
-144.68237628089315
-141.526364166247
-138.41399318736467
-135.34827399767593
-132.33244895471236
-129.37000744638073
-126.46470106367674
-123.62055820816009
-120.84189760340796
-120.84189760340796
-119.50616010808267
-118.29066061174711
-117.19914022272982
-116.23509171816112
-115.40170978503856
-114.70184258628933
-114.13794619173862
-113.71204345118966
-113.42568883467695
-113.2799406170191
-113.27534154249317
-113.41190878272123
-113.41190878272123
-113.41190878272123
-116.45153044094513
-119.54771760430646
-122.69618812669847
-125.89301984629539
-125.89301984629539
-125.89301984629539
-125.89301984629539
-129.28954774011592
-132.71971199944537
-136.1809701326439
-136.1809701326439
-138.6482431326915
-141.18574289939892
-143.78975154400865
-146.4567215148545
-149.1832761452533
-151.96620829230915
-154.80247743757664
-157.68920557742908
-160.6236721882217
-163.603308510486
-166.6256913584593
-169.68853650261696
-172.78969227492786
-175.92713272510704
-179.09895096744557
-182.30335263716464
-185.53864951597066
-188.80325336714637
-192.09567000892136
-195.41449364538659
-198.75840146654966
-202.12614852300112
-205.51656287583089
-208.92854101868724
-212.3610435660177
-215.81309119941668
-219.2837608624868
-222.77218219358923
-226.2775341852125
-229.79904205834973
-229.79904205834973
-229.79904205834973
-229.79904205834973
-229.79904205834973
-227.84077736439892
-225.93636250559945
-224.08717042186808
-224.08717042186808
-221.03789720250393
-218.0193659516332
-215.03287129744083
-212.079764194261
-209.16146375666628
-206.27943047356152
-203.43522077925897
-200.63044328281302
-200.63044328281302
-196.95363801704968
-193.28966964730498
-189.6392822294416
-186.00327535974085
-182.38250911895474
-178.77790950903278
-175.19047443349902
-171.62128027715357
-168.07148914561444
-164.54235683008721
-161.03524156747602
-157.5516136702866
-154.0930661043753
-154.0930661043753
-154.0930661043753
-154.0930661043753
-150.97098174256993
-147.8911820116945
-144.85636739650386
-141.86942095630906
-138.9334300962828
-136.05169371540993
-133.22773245843933
-130.46529805996695
-127.76838133281372
-125.14121826005746
-122.58829354994761
-120.11434090914236
-117.72433918803692
-115.4235034607554
-113.21727003298929
-111.11127433777084
-109.11132069990116
-107.22334304368029
-105.45335580588015
-103.8073945465928
-102.2914468542465
-100.9113723109096
-99.67281499465946
-98.58110904935556
-97.64118034413032
-96.85744763177351
-96.85744763177351
-96.85744763177351
-96.85744763177351
-96.85744763177351
-96.85744763177351
-96.85744763177351
-96.85744763177351
-96.85744763177351
-96.85744763177351
-96.85744763177351
