-392.83861260070745
-395.6972973447963
-398.57562242630917
-401.47316538979356
-404.3895131339564
-407.324261745324
-410.2770163548833
-413.2473909909103
-416.23500842860443
-419.2395000371072
-422.2605056244355
-425.29767328082255
-428.3506592209188
-431.41912762526795
-434.50275048143925
-437.6012074251642
-440.7141855817944
-440.7141855817944
-444.564059945386
-448.41656254470536
-452.2716262168997
-456.1291860257715
-459.98917917204443
-463.85154490784436
-467.71622445517244
-471.583160928158
-475.4522992588943
-475.4522992588943
-478.6296397234768
-481.81923502711925
-482.6039419997527
-484.9996382232837
-487.4163860423207
-489.85387387589606
-492.31179366608023
-494.78984091938383
-495.39779318420983
-496.94536892500474
-498.52023614786276
-500.1221370330656
-500.4219241476284
-500.4219241476284
-500.84155619626176
-501.82037869626686
-502.8291167135706
-502.9577004590081
-502.86442407863694
-502.802953023351
-502.7732989590856
-502.77546751560874
-502.80945828117916
-502.6586148919582
-501.6258032855626
-500.62282215135
-499.64985113156087
-498.7070658742585
-497.7946378881008
-496.91273439859754
-496.0615182061084
-495.2411475458393
-494.4517759500946
-493.6935521130469
-492.96661975828073
-492.27111750937127
-491.906314822427
-490.1859040426515
-488.4921885602779
-486.8254470023896
-485.1859573566722
-483.573996804535
-481.98984154988375
-480.4337666436649
-478.90604580431494
-477.406957553164
-475.93675985977336
-474.4957275401312
-473.08412711083963
-471.7022228026697
-470.3502763601841
-469.02854683866684
-467.7372903986266
-466.4767600981582
-465.2472056834601
-464.0488733778251
-462.8820056694335
-461.74684109829485
-460.64361404269806
-459.5725545055429
-459.5725545055429
-460.120525380736
-460.7025751131603
-461.3185747100458
-461.9683883627509
-461.9683883627509
-461.9683883627509
-465.2676957399357
-468.5779183969917
-468.5779183969917
-472.5037739449127
-476.43086303053275
-480.3591554001622
-484.28862177259737
-488.21923380071
-492.150964034826
-496.0837858877981
-500.01767360168236
-503.9526022159348
-507.88854753704743
-511.8254861095498
-515.7633951883053
-519.7022527120359
-523.6420372780125
-527.5827281178525
-531.5243050743683
-531.5243050743683
-535.4201901589319
-539.3175996101636
-543.216500617494
-547.1168612932416
-551.0186254415189
-554.9217880712173
-558.8263198789554
-562.7321923645025
-566.6393778037896
-566.6393778037896
-570.571669752955
-574.5048969262047
-578.4390402457354
-579.4941065789415
-583.0653847366447
-586.6421961311006
-590.2244401666312
-593.8120185240183
-597.4048351011131
-601.002795955119
-601.9979052185354
-604.9858615001141
-607.9854499585726
-610.996499275064
-614.018840843016
-617.052308733045
-620.0967396577116
-623.1519729361601
-626.2178504586851
-629.2942166512624
-632.3809184400793
-635.4778052161012
-638.5847287997028
-641.7015434053977
-644.8281056066892
-647.9642743010728
-651.1099106752122
-654.264878170311
-657.429042447703
-660.6022713546765
-663.7844348905556
-666.9754051730492
-670.1750564048878
-670.9922851020528
-673.4074927397405
-675.837743762102
-676.4288855343104
-677.9117824496203
-679.4149928755996
-680.9383618653658
-682.481795004383
-684.0451363223185
-684.3226266961568
-684.3226266961568
-684.7262500045841
-685.6398900881638
-686.5756186894174
-686.5756186894174
-685.9456322704424
-685.3384130998926
-684.7540217456939
-684.1925167018173
-683.6539543598591
-683.3330667956783
-681.7473637358808
-680.1814875128017
-678.6355753711265
-677.1097640511028
-675.6041897422249
-674.1189880362549
-672.6542938796039
-671.210241525098
-670.6300546775682
-668.2333542897529
-665.852056631214
-665.0144512221043
-661.851595692472
-658.6978436760791
-655.5533265591528
-652.4181778724717
-649.2925333241644
-648.3331513199004
-644.632839076412
-640.9361275096056
-637.2430792831535
-633.553758458991
-629.8682305345486
-628.711026284158
-624.7405043009772
-620.7703606314111
-616.8006025807026
-612.8312376426616
-608.8622735057639
-604.8937180594884
-600.9255794009011
-596.9578658415002
-592.9905859143305
-589.0237483813844
-585.0573622412974
-583.8645763205997
-579.909927654203
-575.9559051935155
-572.0025219246589
-568.0497911931377
-564.0977267162792
-560.1463425961915
-556.1956533332628
-552.2456738402299
-548.296419456842
-544.3479059651523
-540.4001496054647
-536.453167092972
-532.5069756351187
-528.5615929497251
-524.6170372839126
-520.6733274338708
-516.7304827655096
-512.7885232360449
-508.84746941656306
-504.90734251562014
-500.9681644039276
-497.0299576401857
-493.09274549812454
-489.1565519948199
-485.2214019203532
-481.2873208688902
-477.35433527125804
-473.4224724291025
-469.4917605507187
-465.5622287886461
-461.6339072791331
-457.70682718357614
-453.78102073205105
-449.85652126905694
-445.93336330160594
-442.01158254979697
-438.09121600002334
-434.1723019609744
-430.25488012260035
-426.33899161822404
-422.4246790899939
-418.51198675788703
-414.6009604924867
-410.6916478917736
-406.7840983621875
-402.87836320423605
-398.97449570294606
-395.0725512234749
-391.172587312224
-387.2746638038217
-383.3788429343695
-379.4851894613781
-375.5937707908499
-371.7046571120008
-367.81792154015557
-363.9336402683863
-360.0518927285172
-356.1727617621614
-352.2963338025139
-348.4226990676821
-344.55195176639774
-340.68419031702786
-336.8195175808743
-332.95804111083754
-329.09987341661
-325.2451322476642
-321.393940895409
-317.5464285160078
-313.70273047548
-309.86298871885384
-306.02735216529044
-302.1959771312751
-298.3690277841566
-294.5466766285248
-290.7290948400968
-286.9164834856559
-283.10904337482157
-279.30698598681323
-275.51053416715035
-271.7199228777649
-271.7199228777649
-267.73064769084453
-263.7416969992157
-259.75308575241127
-255.76481829453465
-251.77692307227056
-247.78941805777475
-243.80232239715886
-239.81565650776977
-239.81565650776977
-239.81565650776977
-239.81565650776977
-238.70861569128354
-237.66374821161705
-236.68187749063222
-235.76379060563156
-234.91023540648723
-234.1219176977588
-233.399498508396
-232.7435914718493
-232.15476033932435
-231.63351664850424
-231.63351664850424
-232.76253944832956
-233.95451130271533
-235.20847518812846
-236.52344512697135
-237.89840949891467
-239.33233430205388
-239.33233430205388
-242.1465225427103
-244.99369481479113
-247.8727145147227
-250.78248480547825
-253.72194771430617
-256.69008317636815
-259.68590803634106
-262.70847501868997
-265.7568716760694
-268.8302193241572
-271.9276719701704
-275.04841524134844
-278.19166531881643
-281.35666788145255
-284.54269706367467
-287.74905443042684
-290.9750679720822
-294.22009112147566
-297.4835017948382
-300.7647014580137
-304.06311421899755
-307.37818594754043
-310.7093834222983
-314.0561935057918
-317.4181223472415
-320.794694613187
-324.18545274565594
-327.58995624753584
-331.0077809947033
-334.43851857438756
-337.8817756491802
-341.337173346053
-344.80434666970547
-348.28294393953587
-351.77262624950777
-355.2730669501705
-358.7839511520872
-362.3049752499194
-365.83584646642356
-369.37628241561896
-372.92601068439836
-376.4847684318655
-380.05230200569673
-383.62836657484246
-387.2127257779018
-390.8051513865215
-394.40542298319104
-398.0133276528265
-401.62865968755403
-405.25122030412746
-408.88081737343254
-412.5172651615525
-416.1603840818891
-419.8100004578533
-423.46594629565976
-427.1280590667779
-430.7961814996109
-434.4701613799928
-438.1498513601103
-441.8351087754741
-445.52579546957975
-449.221777625915
-452.9229256069854
-456.6291138000435
-460.3402505278026
-464.05618776442805
-467.7768111067234
-471.50200962049286
-475.2316757155594
-478.9657050258827
-478.9657050258827
-479.6503471091575
-481.647262712218
-483.66901455127953
-485.7152914640462
-487.78578591925685
-488.2618755603578
-489.34402997363253
-490.45642047603053
-491.59884181280864
-492.7710851170525
-493.97293807797655
-495.2041851090801
-496.4646075158995
-497.75398366310714
-499.07208914071504
-500.418696929153
-501.7935775629991
-503.1964992931531
-504.62722824725125
-506.0855285881341
-507.5711626701888
-509.0838911933985
-509.3833026636558
-509.3535226308058
-509.01740830032287
-509.01740830032287
-506.0197431487613
-505.0901182676484
-501.4725328097275
-497.8607988610414
-494.25504470008235
-490.6554021606014
-487.0620067468386
-483.4749977528398
-479.8945183860036
-476.3207158950104
-475.18698276907037
-471.25859895592805
-467.33142975557155
-463.40550604801865
-459.4808597587116
-455.55752390267946
-451.6355021490611
-447.71486032078155
-443.795634990034
-439.87786401896403
-435.9615866164048
-432.04684339759746
-428.1336764470781
-424.22212938492817
-420.312247436596
-416.4040775065129
-412.4976682557441
-408.59307005122423
-404.690335442178
-400.78951886954303
-396.8906768872459
-392.9938682642669
-389.0991540925872
-385.2065979014134
-381.31626577810005
-377.4282264962272
-373.54255165132037
-369.65931580474285
-365.77859663632734
-361.9004751063624
-358.02503562759387
-354.15236624795847
-350.28255884482115
-346.4157093315521
-345.27034961120387
-341.2714873175843
-337.27265186365617
-333.27384421553955
-329.2750653862789
-325.27631643872655
-321.27759848864144
-317.278912708022
-313.28026032869417
-309.2816426461776
-305.2830610238558
-301.2845168974775
-297.28601178002197
-293.2875472669614
-289.2891250419598
-285.2907468830509
-281.2924146693422
-277.29413038829927
-273.2958961436686
-269.2977143614768
-265.29958700908776
-261.30151679227447
-257.3035063744136
-253.30555858698852
-249.30767644306192
-245.30986315206417
-241.31212213605068
-237.31445704760137
-233.31687178955838
-229.3193705368267
-225.32195776049306
-221.32463825455636
-217.32741716560486
-213.33030002582672
-209.33329278979838
-205.33640187556483
-201.3396342106076
-197.3429972833921
-193.34649920130005
-189.35014875588965
-185.35395549658648
-181.35792981410378
-177.36208303512345
-177.36208303512345
-173.61556797558504
-169.88061245279044
-166.1579959860752
-162.44856685057343
-158.75324945469643
-155.07305262994
-151.40907895642997
-147.7625352646061
-144.13474447244388
-140.52715893866443
-136.941375535416
-133.37915226548037
-129.84242864135413
-128.71938428097934
-124.815797241559
-120.91851226629976
-117.02815897305393
-113.14545237360298
-109.27120759518455
-105.40635769283726
-101.5519753185952
-97.70929923208213
-93.87976692567116
-90.06505502074539
-86.2671296035705
-82.48830935633451
-78.73134526458466
-74.99952193283576
-71.29678723066255
-67.62791927120483
-63.99874277490621
-60.416410890273866
-56.88977367887813
-53.42986065753238
-50.05051135413561
-46.76919263805361
-43.60803927601032
-40.59513290110686
-39.61922776254331
-36.133085820095644
-32.76456240689861
-29.55390304172622
-28.599405196814487
-28.599405196814487
-27.732566071484182
-24.404412698954165
-21.30857676926129
-18.561666020633613
-16.340607329217136
-16.340607329217136
-16.340607329217136
-16.340607329217136
-16.340607329217136
-16.340607329217136
-16.340607329217136
-16.340607329217136
-16.340607329217136
-16.340607329217136
-16.340607329217136
