57.674964904785156 447.5293884277344 0.8460873961448669
55.504058837890625 444.9223327636719 0.9067766070365906
53.49527359008789 442.1883850097656 0.9674658179283142
51.656005859375 439.337646484375 1.0281550884246826
49.99302673339844 436.3805847167969 1.0888442993164062
48.51245880126953 433.328125 1.1495335102081299
47.219757080078125 430.19146728515625 1.2102227210998535
46.11967849731445 426.982177734375 1.2709119319915771
45.21627426147461 423.71209716796875 1.3316011428833008
44.51287078857422 420.3932189941406 1.3922903537750244
44.01205825805664 417.0378112792969 1.452979564666748
43.71567916870117 413.658203125 1.5136687755584717
43.62482833862305 410.266845703125 1.5743579864501953
43.739837646484375 406.876220703125 1.635047197341919
44.06028366088867 403.4988098144531 1.6957364082336426
44.58498764038086 400.14703369140625 1.7564256191253662
45.312015533447266 396.833251953125 1.8171148300170898
46.23868942260742 393.5696716308594 1.8778040409088135
47.361602783203125 390.3683166503906 1.938493251800537
48.67661666870117 387.240966796875 1.9991824626922607
50.178890228271484 384.1991271972656 2.0598716735839844
51.862892150878906 381.2539978027344 2.120560884475708
53.72241973876953 378.41644287109375 2.1812500953674316
55.75062942504883 375.6968688964844 2.2419393062591553
57.9400520324707 373.1053161621094 2.302628517150879
60.28262710571289 370.6513366699219 2.3633177280426025
62.76972579956055 368.3439636230469 2.424006938934326
65.39219665527344 366.1916809082031 2.48469614982605
68.14037322998047 364.2024230957031 2.5453853607177734
71.00414276123047 362.3835144042969 2.606074571609497
73.97296142578125 360.74163818359375 2.6667637825012207
77.03589630126953 359.2828369140625 2.7274529933929443
80.18167114257812 358.01251220703125 2.788142204284668
83.3987045288086 356.9353332519531 2.8488314151763916
87.22850799560547 355.78094482421875 2.8488314151763916
90.50495910644531 354.9008483886719 2.909519910812378
90.50495910644531 354.9008483886719 2.909519910812378
90.50495910644531 354.9008483886719 2.909519910812378
90.50495910644531 354.9008483886719 2.909519910812378
90.50495910644531 354.9008483886719 2.909519910812378
90.50495910644531 354.9008483886719 2.909519910812378
90.50495910644531 354.9008483886719 2.909519910812378
90.50495910644531 354.9008483886719 2.909519910812378
90.50495910644531 354.9008483886719 2.909519910812378
90.50495910644531 354.9008483886719 2.909519910812378
90.50495910644531 354.9008483886719 2.909519910812378
