60.0 450.0 0.38539817929267883
60.0 450.0 -0.014601826667785645
60.0 450.0 -0.4146018326282501
60.0 450.0 -0.8146018385887146
60.0 450.0 -1.2146018743515015
60.0 450.0 -1.6146018505096436
59.824832916259766 446.00384521484375 -1.6146018505096436
59.64966583251953 442.0076904296875 -1.6146018505096436
59.4744987487793 438.01153564453125 -1.6146018505096436
59.29933166503906 434.015380859375 -1.6146018505096436
59.12416458129883 430.01922607421875 -1.6146018505096436
58.948997497558594 426.0230712890625 -1.6146018505096436
58.77383041381836 422.02691650390625 -1.6146018505096436
58.598663330078125 418.03076171875 -1.6146018505096436
58.42349624633789 414.03460693359375 -1.6146018505096436
58.248329162597656 410.0384521484375 -1.6146018505096436
58.07316207885742 406.04229736328125 -1.6146018505096436
57.89799499511719 402.046142578125 -1.6146018505096436
57.72282791137695 398.04998779296875 -1.6146018505096436
57.54766082763672 394.0538330078125 -1.6146018505096436
57.252986907958984 391.8009948730469 -1.787117600440979
56.39443588256836 387.89422607421875 -1.787117600440979
55.535884857177734 383.9874572753906 -1.787117600440979
54.67733383178711 380.0806884765625 -1.787117600440979
53.818782806396484 376.1739196777344 -1.787117600440979
52.96023178100586 372.26715087890625 -1.787117600440979
52.101680755615234 368.3603820800781 -1.787117600440979
51.24312973022461 364.45361328125 -1.787117600440979
50.384578704833984 360.5468444824219 -1.787117600440979
49.52602767944336 356.64007568359375 -1.787117600440979
48.667476654052734 352.7333068847656 -1.787117600440979
47.80892562866211 348.8265380859375 -1.787117600440979
46.950374603271484 344.9197692871094 -1.787117600440979
46.09182357788086 341.01300048828125 -1.787117600440979
45.233272552490234 337.1062316894531 -1.787117600440979
44.37472152709961 333.199462890625 -1.787117600440979
43.516170501708984 329.2926940917969 -1.787117600440979
42.65761947631836 325.38592529296875 -1.787117600440979
41.799068450927734 321.4791564941406 -1.787117600440979
41.122074127197266 319.3105163574219 -1.9596500396728516
39.60556411743164 315.609130859375 -1.9596500396728516
38.089054107666016 311.9077453613281 -1.9596500396728516
36.57254409790039 308.20635986328125 -1.9596500396728516
35.056034088134766 304.5049743652344 -1.9596500396728516
33.53952407836914 300.8035888671875 -1.9596500396728516
32.023014068603516 297.1022033691406 -1.9596500396728516
30.506502151489258 293.40081787109375 -1.9596500396728516
28.989990234375 289.6994323730469 -1.9596500396728516
27.473478317260742 285.998046875 -1.9596500396728516
25.956966400146484 282.2966613769531 -1.9596500396728516
24.440454483032227 278.59527587890625 -1.9596500396728516
22.92394256591797 274.8938903808594 -1.9596500396728516
21.40743064880371 271.1925048828125 -1.9596500396728516
19.890918731689453 267.4911193847656 -1.9596500396728516
18.374406814575195 263.78973388671875 -1.9596500396728516
16.857894897460938 260.0883483886719 -1.9596500396728516
16.857894897460938 260.0883483886719 -1.9596500396728516
16.857894897460938 260.0883483886719 -1.9596500396728516
16.857894897460938 260.0883483886719 -1.9596500396728516
16.857894897460938 260.0883483886719 -1.9596500396728516
16.857894897460938 260.0883483886719 -1.9596500396728516
16.857894897460938 260.0883483886719 -1.9596500396728516
16.857894897460938 260.0883483886719 -1.9596500396728516
16.857894897460938 260.0883483886719 -1.9596500396728516
16.857894897460938 260.0883483886719 -1.9596500396728516
16.857894897460938 260.0883483886719 -1.9596500396728516
