-392.83861260070745
-395.6972973447963
-398.57562242630917
-401.47316538979356
-404.3895131339564
-407.324261745324
-410.2770163548833
-413.2473909909103
-416.23500842860443
-419.2395000371072
-422.2605056244355
-425.29767328082255
-428.3506592209188
-431.41912762526795
-434.50275048143925
-437.6012074251642
-440.7141855817944
-443.8413794083695
-446.9824905365546
-450.1372276166848
-453.3053061631269
-456.4864484011485
-459.6803831154639
-462.8868455006061
-466.1055758558366
-469.33632403122084
-472.57884245426635
-475.8328905033011
-479.0982332497959
-479.0982332497959
-481.2263160112941
-483.3781307706935
-485.55336201058174
-485.55336201058174
-486.2792120408789
-487.03683305726634
-487.8260770334437
-488.6467907407778
-489.4988158889846
-490.3819892698028
-491.2961429033758
-492.24110418705783
-492.24110418705783
-492.24110418705783
-490.136426656609
-488.0554564308588
-485.99849804291296
-483.96585765920463
-481.9578429608348
-479.97476301876617
-478.0169281627898
-476.0846498441927
-474.17821153828226
-472.2979556011545
-470.44419596741335
-468.61724707999343
-466.81742372071653
-465.0450408344036
-463.3004133465747
-461.58385597478554
-459.89568303367
-458.23620823377763
-456.60574447431543
-455.00460362992743
-453.4330963316647
-451.89153174232393
-450.380217326357
-448.8994586145756
-447.4495589639031
-446.03081931244776
-444.6435379302
-443.28801016567854
-443.28801016567854
-443.28801016567854
-439.654159288706
-436.0267187672015
-432.40584993007064
-428.79171925822266
-425.1844985778754
-425.1844985778754
-421.1893265190626
-417.1942469235688
-413.19926970994385
-409.2043904414869
-405.2096120150626
-401.21493744283373
-397.2203698580514
-393.225912521197
-389.23156882650176
-385.2373423088709
-381.2432366512425
-381.2432366512425
-377.4819874594185
-373.72569661454884
-369.9745151405254
-366.2286000391338
-362.4881145768792
-358.7532285876985
-355.0241187925323
-351.3009691367939
-347.58397114683964
-343.8733243066164
-340.1692364557377
-336.47192421032054
-332.78161340800017
-329.0985395786307
-325.4229484422747
-321.75509643618545
-318.09525127259377
-318.09525127259377
-318.09525127259377
-318.09525127259377
-318.09525127259377
-318.09525127259377
-318.09525127259377
-318.09525127259377
-318.09525127259377
-321.65521538249436
-325.22540843666934
-328.8054972355133
-332.3951620304411
-335.99409589998527
-339.60200415708533
-343.21860378601974
-346.8436229074939
-350.4768002704632
-354.1178847693289
-357.76663498521003
-361.4228187500515
-365.08621273238987
-368.7566020436548
-372.43377986393796
-376.1175470862178
-379.8077119780766
-383.50408985999763
-387.20650279937706
-390.9147793194292
-394.6287541222096
-398.3482601460755
-402.07315125564094
-405.80327916092
-409.5385007697661
-413.2786779711939
-417.02367742895115
-420.77337038480937
-424.527632471075
-428.2863435318458
-432.04938745256703
-435.8166519974616
-439.58802865443533
-443.36341248707794
-447.1427019934005
-447.1427019934005
-450.1252898071575
-453.1235562201438
-456.13719205826214
-459.1658946999393
-462.2093679621708
-465.2673219859491
-468.33947312132256
-471.42554381231076
-474.5252624818848
-477.6383634172031
-480.76458665527815
-483.9036778692331
-487.0553882552931
-490.21947442064345
-493.3956982722724
-496.58382690690644
-499.7836325021332
-502.9948922087977
-506.2173880447475
-509.45090678999355
-512.695239883345
-515.9501833205687
-519.2155375541164
-522.4911073944564
-525.7767019130407
-529.0721343469313
-532.3772220051061
-535.6917861764584
-539.0156520395012
-542.348648573781
-545.6906084730049
-549.0413680598793
-552.4007672026562
-555.7686492333804
-559.1448608678282
-562.529252127126
-565.9216762610336
-569.3219896728795
-572.7300518461277
-576.1457252725597
-579.5688753820492
-582.9993704739111
-586.4370816497994
-589.8818827481349
-593.3336502800333
-596.7922633667157
-600.2576036783703
-603.7295553744452
-607.2080050453427
-610.6928416554908
-614.1839564877657
-617.6812430892383
-621.1845972182193
-621.1845972182193
-623.6724307323482
-623.6724307323482
-624.7657120432848
-625.8826479378879
-627.0231120062195
-628.1869761031492
-629.3741104118484
-630.5843835072551
-631.817662419449
-633.0738126968777
-634.3526984693754
-635.6541825109213
-636.9781263020807
-638.3243900920784
-639.6928329604535
-641.0833128782484
-642.4956867686833
-643.9298105672747
-645.3855392813532
-646.8627270489408
-648.3612271969494
-649.8808922986647
-649.8808922986647
-649.8808922986647
-649.8808922986647
-649.8808922986647
-649.8808922986647
-649.8808922986647
-649.8808922986647
-647.2078984146509
-644.5486433161647
-641.9032977529454
-639.2720344004603
-636.6550278619488
-634.0524546694013
-631.46449328342
-628.891324091912
-626.3331294075613
-623.790093464026
-621.2624024108062
-618.7502443067262
-616.2538091119754
-613.7732886786484
-611.308876739727
-608.8607688964438
-606.4291626039677
-604.0142571553498
-601.6162536636683
-599.2353550423109
-596.8717659833309
-594.5256929338165
-592.1973440702077
-589.8869292705001
-589.8869292705001
-589.8869292705001
-590.6435567472536
-591.4262700555295
-592.2349657681739
-593.0695375982043
-593.9298764646796
-594.8158705596508
-595.7274054161054
-596.6643639768159
-597.6266266640031
-598.6140714497254
-599.6265739269085
-600.6640073809245
-601.7262658484254
-602.8131954850718
-603.9246630830797
-605.0605334172392
-606.2206693179896
-607.4049317445515
-608.6131798580359
-609.8452710944566
-611.1010612375724
-611.1010612375724
-611.1010612375724
-611.1010612375724
-611.1010612375724
-611.1010612375724
-614.0293656865281
-616.9697047728362
-619.9219072527839
-619.9219072527839
-621.6085523829057
-623.3163030124771
-625.0449861479098
-626.794428595267
-628.564457020457
-630.3548980080225
-632.165578118514
-633.9963239444323
-635.8469621647337
-637.717319597888
-639.6072232534882
-641.5165003824048
-643.4449785254888
-645.3924855608201
-645.3924855608201
-645.84871274837
-646.3293733372524
-646.8344128583219
-647.3637742540592
-647.9173979101014
-648.4952216880079
-649.0971809592198
-649.7232086401713
-649.7232086401713
-648.7847839032635
-647.8696963860747
-647.8696963860747
-645.528297844099
-643.2032518790171
-640.8947364631046
-640.8947364631046
-637.5052721847355
-634.1229226424002
-630.7478022932219
-627.3800278100215
-624.0197181276097
-624.0197181276097
-620.0812729352994
-616.1436209292326
-612.2067774144905
-608.2707580891998
-604.3355790571238
-600.4012568407343
-600.4012568407343
-596.4964958339228
-592.5930051482175
-588.6908100533523
-584.7899364850418
-580.8904110667667
-576.992261132405
-573.095514749753
-569.2002007449696
-565.3063487279916
-561.4139891189603
-557.523153175709
-553.6338730223582
-549.7461816790716
-545.8601130930263
-541.975702170655
-538.0929848112204
-534.2119979417838
-530.3327795536377
-526.4553687402689
-522.5798057369308
-518.7061319618988
-514.8343900594944
-510.96462394496456
-507.0968788513069
-503.2312013781394
-499.36763954271663
-495.50624283319996
-491.64706226429774
-487.7901504353946
-483.9355615912991
-480.08335168574405
-476.23357844778235
-472.3863014512305
-468.54158218731897
-464.69948414071865
-460.8600728691241
-457.0234160865823
-453.18958375076846
-449.3586481544233
-445.5306840211764
-441.7057686059968
-437.8839818005244
-434.06540624355233
-430.2501274369466
-426.43823386730696
-422.6298171336918
-418.82497208174925
-415.0237969446196
-411.22639349099444
-407.4328671807444
-403.6433273285519
-399.8578872760139
-396.0766645727074
-392.2997811667437
-388.52736360537017
-384.75954324621324
-380.9964564797949
-377.23824496399675
-373.48505587118626
-369.7370421487687
-365.9943627939755
-362.2571831437528
-358.52567518066996
-354.8000178558263
-351.08039742979753
-347.3670078327316
-343.660051044773
-339.95973749807126
-336.2662865017092
-332.5799266909718
-328.9008965024651
-325.2294446766912
-321.56583078978264
-317.9103258162085
-314.26321272437076
-310.6247871071285
-306.9953578494067
-303.37524783517216
-299.76479469619096
-296.1643516051138
-292.57428811557577
-288.9949910521373
-288.9949910521373
-286.41918349071375
-283.8763681406979
-281.3674394897579
-278.89331207523736
-276.45492025748536
-274.05321791187396
-274.05321791187396
-273.137014673638
-272.27649799866344
-271.4721974357967
-271.4721974357967
-271.4721974357967
-271.4721974357967
-271.4721974357967
-271.4721974357967
-271.4721974357967
-271.4721974357967
-271.4721974357967
-271.4721974357967
-272.7818991695423
-274.14371223772804
-275.5568640325257
-277.02056887966853
-277.02056887966853
-277.02056887966853
-275.41871108018506
-273.86591121002533
-272.3630083397821
-270.91083289537664
-269.5102048669195
-269.5102048669195
-266.7973585884426
-264.1172285668178
-261.4708208491892
-258.85916970230437
-256.28333768715737
-253.74440390429774
-251.24349930415903
-248.78177076631684
-246.36039268076996
-243.98056642117183
-241.6435196601436
-239.35050551327916
-237.1028014983291
-234.90170829609457
-232.74854829980075
-230.64466394018214
-228.5914157742327
-226.5901803265764
-224.6423476737331
-222.7493187632143
-220.9125024614031
-220.9125024614031
-220.9125024614031
-217.09645572016916
-213.28715023945762
-209.48495377183582
-205.69026054924691
-201.90349363335844
-198.12510751139993
-194.35559096656212
-190.59547025579877
-190.59547025579877
-186.60024145586473
-182.6052217992711
-178.61042531988724
-174.61586733500786
-170.6215645953909
-170.6215645953909
-170.6215645953909
-167.0360262923124
-167.0360262923124
-167.0360262923124
-167.0360262923124
-167.0360262923124
-167.0360262923124
-167.0360262923124
-170.8869784583946
-174.74462704466282
-178.60853815689083
-182.47831397546804
-186.3535891453186
-190.23402758334183
-194.11931964913194
-198.0091796324827
-198.0091796324827
-201.95451959024302
-205.9019686782362
-209.8514078739318
-213.80272689144934
-217.75582339909647
-221.71060231903152
-225.6669751992246
-229.62485964920606
-229.62485964920606
-233.05670539478822
-236.50640529040777
-239.97318935804086
-243.45631533249176
-246.95510351179075
-250.46889754300236
-253.99707465428972
-257.5390437197994
-261.09424344079815
-264.6621406366594
-268.24222863948376
-271.8340257863562
-275.4370740034823
-279.0509374766985
-282.6752014031137
-286.3094708189018
-289.9533694985288
-293.6065389209567
-297.2686372986196
-300.9393386652123
-304.61833201856797
-308.30532051512796
-312.00002071272235
-315.70216185858567
-319.4114852197275
-323.1277434529599
-326.85070001206
-330.58012858970744
-334.3158125919913
-338.05754464342533
-341.80512612054497
-345.5583667122877
-349.31708400547524
-353.0811030938284
-356.85025620904804
-360.6243823725926
-364.40332706687326
-368.1869419246715
-371.97508443566267
-375.76761766900216
-379.564410011
-383.3653349169715
-387.17027067641317
-390.97910019070645
-394.7917107626045
-398.60799389680534
-402.4278451109581
-406.25116375649327
-410.07785284870357
-413.90781890554206
-417.7409717946339
-421.5772245880336
-425.416493424286
-429.25869737737867
-433.1037583321974
-436.95160086612225
-440.8021521364224
-444.65534177312935
-448.51110177708796
-452.3693664229026
-456.2300721665127
-460.09315755714795
-463.9585631534284
-467.8262314433888
-471.6961067682185
-471.6961067682185
-474.87531608053524
-478.0668515706816
-478.0668515706816
-480.0886532683744
-482.1351629308462
-484.2060961327426
-486.30111249798955
-488.4199021214925
-490.5621569657291
-492.7275709682618
-494.91584014316277
-494.91584014316277
-494.91584014316277
-494.06711489219697
-493.24936816090957
-492.46275427114705
-491.7074226381602
-490.9835176363367
-490.2911784680509
-489.63053903589355
-489.00172781854235
-488.4048677505276
-487.8400761061472
-487.30746438777544
-486.80713821880744
-486.3391972414702
-485.9037350197266
-485.50083894748747
-485.1305901623378
-484.7930634649723
-484.48832724452467
-484.21644340996215
-483.97746732770423
-483.7714477656112
-483.59842684347353
-483.45843999011936
-483.35151590724087
-483.2776765400261
-483.23693705466576
-483.22930582278883
-483.2547844128646
-483.31336758859106
-483.4050433142743
-483.5297927671848
-483.5297927671848
-483.5297927671848
-480.7692666234981
-478.02626985985336
-475.301105966275
-472.5940834369519
-469.9055157972407
-469.9055157972407
-466.28423658216286
-462.66919542656404
-462.66919542656404
-458.6731075203764
-454.6770887621081
-450.68117150839447
-446.6853271471327
-442.68955765216793
-438.69386506922166
-434.6982515191911
-430.7027192016328
-426.70727039844104
-422.71190747773494
-418.7166328979673
-414.721449212271
-410.72635907305795
-406.73136523688936
-402.73647056963495
-398.7416780519414
-394.74699078503295
-390.75241199686633
-386.7579450486671
-382.76359344187375
-378.7693608255205
-374.77525100409144
-370.78126794588115
-366.7874157918999
-362.793698865366
-358.8001216818312
-354.806688959987
-350.8134056332086
-346.8202768618936
-342.8273080466608
-338.8345048424801
-334.8418731738108
-330.84941925083274
-326.8571495868636
-322.8650710170651
-318.87319071855
-314.8815162320141
-310.8900554850295
-306.8988168171497
-302.90780900699343
-298.91704130149077
-294.9265234474957
-290.93626572599095
-286.94627898913717
-282.9565747004445
-278.96716497837843
-274.9780626437472
-270.9892812712569
-267.00083524567
-263.01273982305025
-259.0250111976424
-255.03766657499662
-251.05072425202974
-247.06420370480083
-243.0781256848816
-243.0781256848816
-239.27926498720427
-235.48706600943837
-231.70185584329204
-227.92398268565995
-224.1538175091729
-220.39175588745016
-216.63821999117903
-212.89366077296614
-209.15856036093365
-205.4334347822213
-201.7188366021276
-198.01535827642854
-194.3236508235035
-190.64438191470705
-186.97828583057364
-183.32615285024647
-179.68883436607126
-176.06724852463643
-172.46238645127235
-168.8753191207441
-165.30720494289275
-161.75929813820025
-158.2329579845109
-154.7296590221993
-151.25100231058755
-147.79872783289403
-144.37472814976877
-140.98106340161652
-137.61997775619218
-134.2939173887346
-131.0055500650371
-127.75778637056469
-124.55380258749217
-121.39706516194833
-118.29135662041381
-115.24080268071171
-112.24990015195905
-109.32354502113462
-106.46705987339253
-103.68621948173384
-100.98727302475912
-98.37696095007931
-95.86252400601002
-93.4517014401851
-91.15271485568255
-88.97423379434338
-86.92531306040728
-86.92531306040728
-86.92531306040728
-86.92531306040728
-86.92531306040728
-86.92531306040728
-86.92531306040728
-86.92531306040728
-86.92531306040728
-86.92531306040728
-87.25548262894505
-87.76689230021412
-88.45640434097787
-89.31989422016623
-90.35237400167597
-91.54812625961118
-92.90084663350824
-94.40378773369986
-96.04989808108195
-97.83195108947247
-99.74266056321922
-101.77478060971751
-103.92118912788011
-106.17495505541339
-108.52939031412372
-110.97808789378965
-113.51494779471962
-116.13419265136375
-118.83037483068104
-121.59837668195314
-124.43340544500946
-127.33098412903273
-130.28693947423812
-133.29738791712884
-136.35872030480925
-136.35872030480925
-136.35872030480925
-136.35872030480925
-136.35872030480925
-136.35872030480925
-136.35872030480925
-136.35872030480925
-132.60572120678088
-128.86758310168167
-125.1456377036779
-121.44137384822614
-117.75646017150005
-114.09277157731147
-110.45242018333553
-106.83779156559106
-103.25158726606722
-99.69687469226378
-96.17714571529267
-92.69638545579525
-89.25915322445104
-85.87067604083869
-82.53695890122974
-79.26491138709414
-76.06249260530758
-72.93887438841536
-69.90462090844623
-66.97187964546093
-64.15457359944504
-61.468577141455775
-58.93184749735553
-56.56447060386952
-54.38856526447862
-52.42797669135118
-50.70768639917677
-49.25288003308671
-48.087658861063176
-47.233459427722686
-46.70734905633848
-46.52046037840708
-46.67686818280789
-47.173157881145556
-47.9987878721091
-49.13715968075436
-50.567156310990605
-52.264846166963345
-54.20508282366618
-56.36282351490794
-56.36282351490794
-56.36282351490794
-56.36282351490794
-56.36282351490794
-56.36282351490794
-56.36282351490794
-56.36282351490794
-56.36282351490794
-56.36282351490794
-52.91299882251468
-49.54596840397371
-46.27980657544953
-43.13743129941583
-40.147919837969866
-37.3479981136372
-34.78347979217148
-32.51012115302733
-30.592899435859106
-29.102285511220966
-28.106236952616317
-27.658237414422636
-27.78480962116676
-28.478293524583844
-29.699002778480406
-31.38547972512097
-33.46738586582065
-35.87594602771395
-38.549981811294245
-41.43813098457445
-44.49872255373565
-44.49872255373565
-44.49872255373565
-44.49872255373565
-44.49872255373565
-44.49872255373565
-44.49872255373565
-40.509957379975
-36.523649840924975
-32.540703146054874
-28.562523304828854
-24.59142384247353
-20.631493606220538
-20.631493606220538
-16.779318670842425
-13.016624308274846
-9.450896698133462
-6.419217639692262
-5.009308886071103
-6.401560737382062
-9.42691721511854
-12.990517327458171
-16.752322126716336
-20.60405389207509
-24.503341830978595
-28.430625545914786
-32.375718693586485
-34.22816347613807
-38.22140217943526
-42.215921473932326
-46.21138927734677
-46.21138927734677
-46.21138927734677
-46.21138927734677
-46.21138927734677
-46.21138927734677
-46.21138927734677
-46.21138927734677
-42.40150328971377
-38.630073698177796
-34.90956345802784
-31.25816176441065
-27.70320851646289
-24.287092795963595
-21.07742916034681
-18.1838717740666
-15.781267203191268
-14.122451116499269
-13.484764947668502
-14.00836089649297
-15.576568732409722
-17.91716610128794
-20.770657617980362
-23.954449472499167
-27.353447377202915
-30.89670726054875
-34.539860421119634
-38.2543775078951
-42.0213379292285
-45.82781127708401
-49.66471316511737
-53.52550030909081
-57.40535371499179
-61.300653252538076
-65.20863091242013
-69.12713652391734
-73.0544686569359
-76.9892828267631
-80.9304877181188
-84.87719309147188
-88.82866578173171
-92.78429670326416
-96.7435757947642
-100.70607277158801
-104.67142218044353
-108.63931167932756
-108.63931167932756
-108.63931167932756
-108.63931167932756
-108.63931167932756
-108.63931167932756
-108.63931167932756
-108.63931167932756
-108.63931167932756
-104.70850823202176
-100.7831503689846
-96.86390013066816
-92.95153009421337
-89.0469471306656
-85.15122246822037
-81.2656300687927
-77.39169607411426
-73.53126314760944
-69.68657508475071
-65.86038932550366
-62.05612834584459
-58.27808590327637
-54.53171165411998
-50.82400912375187
-47.16409947193993
-43.564029917944666
-40.03994473633566
-36.6137910409555
-33.31579598925103
-30.187992290126545
-27.288962646944185
-24.69939481485325
-22.526267869529423
-20.899890001521474
-19.954399967368353
-19.78764190286029
-20.418704271575706
-21.77834308596228
-23.741712994877034
-26.17329954770243
-28.95538373805159
-31.99666936640906
-35.230092514641406
-38.60740798808565
-42.093995408469155
-45.66483233582885
-49.30161599777347
-52.99077025903549
-56.722077626099555
-60.48773770540655
-60.48773770540655
-64.47923193828775
-64.47923193828775
-64.47923193828775
-64.47923193828775
-64.47923193828775
-64.47923193828775
-64.47923193828775
-64.47923193828775
-64.47923193828775
-60.64324587529897
-56.82987918632582
-53.044010458041114
-49.29197603782108
-45.582132847638334
-41.925680932239
-38.3378998093219
-34.840010841169885
-31.462010465029135
-28.246943251543286
-25.25710706070168
-22.582140389279378
-20.346612138438072
-18.708718286630017
-17.83388930689179
-17.834770230030735
-18.711237371458044
