-392.83861260070745
-395.6972973447963
-398.57562242630917
-401.47316538979356
-404.3895131339564
-407.324261745324
-410.2770163548833
-413.2473909909103
-416.23500842860443
-419.2395000371072
-422.2605056244355
-425.29767328082255
-428.3506592209188
-431.41912762526795
-434.50275048143925
-437.6012074251642
-440.7141855817944
-443.8413794083695
-446.9824905365546
-450.1372276166848
-453.3053061631269
-456.4864484011485
-459.6803831154639
-462.8868455006061
-466.1055758558366
-469.33632403122084
-472.57884245426635
-475.8328905033011
-479.0982332497959
-479.0982332497959
-481.2263160112941
-483.3781307706935
-485.55336201058174
-485.55336201058174
-486.2792120408789
-487.03683305726634
-487.8260770334437
-488.6467907407778
-489.4988158889846
-490.3819892698028
-491.2961429033758
-492.24110418705783
-492.24110418705783
-492.24110418705783
-490.136426656609
-488.0554564308588
-485.99849804291296
-483.96585765920463
-481.9578429608348
-479.97476301876617
-478.0169281627898
-476.0846498441927
-474.17821153828226
-472.2979556011545
-470.44419596741335
-468.61724707999343
-466.81742372071653
-465.0450408344036
-463.3004133465747
-461.58385597478554
-459.89568303367
-458.23620823377763
-456.60574447431543
-455.00460362992743
-453.4330963316647
-451.89153174232393
-450.380217326357
-448.8994586145756
-447.4495589639031
-446.03081931244776
-444.6435379302
-443.28801016567854
-443.28801016567854
-443.28801016567854
-439.654159288706
-436.0267187672015
-432.40584993007064
-428.79171925822266
-425.1844985778754
-425.1844985778754
-421.1893265190626
-417.1942469235688
-413.19926970994385
-409.2043904414869
-405.2096120150626
-401.21493744283373
-397.2203698580514
-393.225912521197
-389.23156882650176
-385.2373423088709
-381.2432366512425
-381.2432366512425
-377.4819874594185
-373.72569661454884
-369.9745151405254
-366.2286000391338
-362.4881145768792
-358.7532285876985
-355.0241187925323
-351.3009691367939
-347.58397114683964
-343.8733243066164
-340.1692364557377
-336.47192421032054
-332.78161340800017
-329.0985395786307
-325.4229484422747
-321.75509643618545
-318.09525127259377
-318.09525127259377
-318.09525127259377
-318.09525127259377
-318.09525127259377
-318.09525127259377
-318.09525127259377
-318.09525127259377
-318.09525127259377
-321.65521538249436
-325.22540843666934
-328.8054972355133
-332.3951620304411
-335.99409589998527
-339.60200415708533
-343.21860378601974
-346.8436229074939
-350.4768002704632
-354.1178847693289
-357.76663498521003
-361.4228187500515
-365.08621273238987
-368.7566020436548
-372.43377986393796
-376.1175470862178
-379.8077119780766
-383.50408985999763
-387.20650279937706
-390.9147793194292
-394.6287541222096
-398.3482601460755
-402.07315125564094
-405.80327916092
-409.5385007697661
-413.2786779711939
-417.02367742895115
-420.77337038480937
-424.527632471075
-428.2863435318458
-432.04938745256703
-435.8166519974616
-439.58802865443533
-443.36341248707794
-447.1427019934005
-447.1427019934005
-450.1252898071575
-453.1235562201438
-456.13719205826214
-459.1658946999393
-462.2093679621708
-465.2673219859491
-468.33947312132256
-471.42554381231076
-474.5252624818848
-477.6383634172031
-480.76458665527815
-483.9036778692331
-487.0553882552931
-490.21947442064345
-493.3956982722724
-496.58382690690644
-499.7836325021332
-502.9948922087977
-506.2173880447475
-509.45090678999355
-512.695239883345
-515.9501833205687
-519.2155375541164
-522.4911073944564
-525.7767019130407
-529.0721343469313
-532.3772220051061
-535.6917861764584
-539.0156520395012
-542.348648573781
-545.6906084730049
-549.0413680598793
-552.4007672026562
-555.7686492333804
-559.1448608678282
-562.529252127126
-565.9216762610336
-569.3219896728795
-572.7300518461277
-576.1457252725597
-579.5688753820492
-582.9993704739111
-586.4370816497994
-589.8818827481349
-593.3336502800333
-596.7922633667157
-600.2576036783703
-603.7295553744452
-607.2080050453427
-610.6928416554908
-614.1839564877657
-617.6812430892383
-621.1845972182193
-621.1845972182193
-623.6724307323482
-623.6724307323482
-624.7657120432848
-625.8826479378879
-627.0231120062195
-628.1869761031492
-629.3741104118484
-630.5843835072551
-631.817662419449
-633.0738126968777
-634.3526984693754
-635.6541825109213
-636.9781263020807
-638.3243900920784
-639.6928329604535
-641.0833128782484
-642.4956867686833
-643.9298105672747
-645.3855392813532
-646.8627270489408
-648.3612271969494
-649.8808922986647
-649.8808922986647
-649.8808922986647
-649.8808922986647
-649.8808922986647
-649.8808922986647
-649.8808922986647
-649.8808922986647
-647.2078984146509
-644.5486433161647
-641.9032977529454
-639.2720344004603
-636.6550278619488
-634.0524546694013
-631.46449328342
-628.891324091912
-626.3331294075613
-623.790093464026
-621.2624024108062
-618.7502443067262
-616.2538091119754
-613.7732886786484
-611.308876739727
-608.8607688964438
-606.4291626039677
-604.0142571553498
-601.6162536636683
-599.2353550423109
-596.8717659833309
-594.5256929338165
-592.1973440702077
-589.8869292705001
-589.8869292705001
-589.8869292705001
-590.6435567472536
-591.4262700555295
-592.2349657681739
-593.0695375982043
-593.9298764646796
-594.8158705596508
-595.7274054161054
-596.6643639768159
-597.6266266640031
-598.6140714497254
-599.6265739269085
-600.6640073809245
-601.7262658484254
-602.8131954850718
-603.9246630830797
-605.0605334172392
-606.2206693179896
-607.4049317445515
-608.6131798580359
-609.8452710944566
-611.1010612375724
-611.1010612375724
-611.1010612375724
-611.1010612375724
-611.1010612375724
-611.1010612375724
-614.0293656865281
-616.9697047728362
-619.9219072527839
-619.9219072527839
-621.6085523829057
-623.3163030124771
-625.0449861479098
-626.794428595267
-628.564457020457
-630.3548980080225
-632.165578118514
-633.9963239444323
-635.8469621647337
-637.717319597888
-639.6072232534882
-641.5165003824048
-643.4449785254888
-645.3924855608201
-645.3924855608201
-645.84871274837
-646.3293733372524
-646.8344128583219
-647.3637742540592
-647.9173979101014
-648.4952216880079
-649.0971809592198
-649.7232086401713
-649.7232086401713
-648.7847839032635
-647.8696963860747
-647.8696963860747
-645.528297844099
-643.2032518790171
-640.8947364631046
-640.8947364631046
-637.5052721847355
-634.1229226424002
-630.7478022932219
-627.3800278100215
-624.0197181276097
-624.0197181276097
-620.0812729352994
-616.1436209292326
-612.2067774144905
-608.2707580891998
-604.3355790571238
-600.4012568407343
-600.4012568407343
-596.4964958339228
-592.5930051482175
-588.6908100533523
-584.7899364850418
-580.8904110667667
-576.992261132405
-573.095514749753
-569.2002007449696
-565.3063487279916
-561.4139891189603
-557.523153175709
-553.6338730223582
-549.7461816790716
-545.8601130930263
-541.975702170655
-538.0929848112204
-534.2119979417838
-530.3327795536377
-526.4553687402689
-522.5798057369308
-518.7061319618988
-514.8343900594944
-510.96462394496456
-507.0968788513069
-503.2312013781394
-499.36763954271663
-495.50624283319996
-491.64706226429774
-487.7901504353946
-483.9355615912991
-480.08335168574405
-476.23357844778235
-472.3863014512305
-468.54158218731897
-464.69948414071865
-460.8600728691241
-457.0234160865823
-453.18958375076846
-449.3586481544233
-445.5306840211764
-441.7057686059968
-437.8839818005244
-434.06540624355233
-430.2501274369466
-426.43823386730696
-422.6298171336918
-418.82497208174925
-415.0237969446196
-411.22639349099444
-407.4328671807444
-403.6433273285519
-399.8578872760139
-396.0766645727074
-392.2997811667437
-388.52736360537017
-384.75954324621324
-380.9964564797949
-377.23824496399675
-373.48505587118626
-369.7370421487687
-365.9943627939755
-362.2571831437528
-358.52567518066996
-354.8000178558263
-351.08039742979753
-347.3670078327316
-343.660051044773
-339.95973749807126
-336.2662865017092
-332.5799266909718
-328.9008965024651
-325.2294446766912
-321.56583078978264
-317.9103258162085
-314.26321272437076
-310.6247871071285
-306.9953578494067
-303.37524783517216
-299.76479469619096
-296.1643516051138
-292.57428811557577
-288.9949910521373
-288.9949910521373
-286.41918349071375
-283.8763681406979
-281.3674394897579
-278.89331207523736
-276.45492025748536
-274.05321791187396
-274.05321791187396
-273.137014673638
-272.27649799866344
-271.4721974357967
-271.4721974357967
-271.4721974357967
-271.4721974357967
-271.4721974357967
-271.4721974357967
-271.4721974357967
-271.4721974357967
-271.4721974357967
-271.4721974357967
-272.800950711827
-274.1816248105113
-275.6134394473285
-277.0956018597901
-277.0956018597901
-277.0956018597901
-275.5119757872162
-273.97759943092603
-272.4933047495138
-271.05991446968125
-269.67824029189217
-269.67824029189217
-266.9803509402891
-264.3154600241754
-261.6845756740472
-259.0887338383203
-256.5289983150149
-254.00647241438722
-251.5222633473522
-249.07751759126464
-246.67340849503157
-244.31113569946967
-241.99192439842008
-239.71702442758345
-237.48770916798333
-235.3052742510814
-233.17103605288253
-231.0863299649087
-229.0525084307192
-227.07093873773616
-225.14300055552863
-223.2700832134364
-221.45358271249728
-219.69489846909266
-219.69489846909266
-219.69489846909266
-215.90641261780982
-212.12569306994706
-208.35316260159155
-204.58927422162563
-200.8345138210667
-200.8345138210667
-196.8385677655052
-192.84278992725703
-188.84719098414644
-184.85178253670924
-180.85657720999995
-176.86158876917335
-172.86683225106364
-168.87232411440377
-168.87232411440377
-168.87232411440377
-165.28511654970762
-165.28511654970762
-165.28511654970762
-165.28511654970762
-165.28511654970762
-165.28511654970762
-165.28511654970762
-165.28511654970762
-169.1351447800807
-172.99197844728138
-176.85517231573365
-180.72431851565628
-184.5990427696371
-188.47900105948563
-192.36387667567485
-196.25337759999002
-196.25337759999002
-200.1989677648644
-204.146675745995
-208.09638101484106
-212.04797196417053
-216.0013451024592
-219.95640433353142
-223.91306031116304
-227.87122985975077
-227.87122985975077
-231.30413761499233
-234.75500176418862
-238.2230419675268
-241.70750649662435
-245.20770689816092
-248.72297883504476
-252.2526922191057
-255.7962492216816
-259.35308240477775
-262.9226529660829
-266.5044490913278
-270.09798440770714
-273.7027965323426
-277.3184457100336
-280.944513534822
-284.58060175017516
-288.2263311228709
-291.8813403859432
-295.545285246312
-299.21783745298006
-302.8986839219298
-306.5875259140875
-310.2840782629532
-313.9880686487062
-317.6992369158035
-321.41733443127816
-325.14212348112846
-328.87337670235894
-332.61087654839406
-336.35441478573665
-340.1037920198844
-343.8588172486481
-347.61930744114113
-351.385087140822
-355.1559880910817
-358.93184888196686
-362.7125146167232
-366.4978365969316
-370.2876720250902
-374.08188372357114
-377.8803398689525
-381.6829137407905
-385.4894834839589
-389.2999318837394
-393.1141461529004
-396.93201773004995
-400.75344208859707
-404.5783185556949
-408.4065501405838
-412.23804337178547
-416.072708142637
-419.9104575646848
-423.7512078284886
-427.5948780714146
-431.4413902520224
-435.29066903067536
-439.1426416560262
-442.9972378570527
-446.85438974033616
-450.71403169229535
-454.57610028610566
-458.44053419304976
-462.30727409806025
-466.17626261923107
-470.04744423108457
-473.92076519139766
-473.92076519139766
-477.1081645759989
-477.1081645759989
-479.12413821906927
-481.16491848996964
-483.2302198924412
-485.31970109284936
-487.4330511363851
-489.5699609158191
-491.7301232808755
-493.91323314146086
-493.91323314146086
-494.6478014878409
-494.6478014878409
-493.8242000579597
-493.0316803766326
-492.27038810247075
-491.5404683294523
-490.8420610175399
-490.17530086468486
-489.54031718240657
-488.93723377520257
-488.36616882404115
-487.8272347741827
-487.3205382275697
-486.8461798400187
-486.40425422343947
-485.99484985329815
-485.61804898153054
-485.27392755510317
-484.96255514040644
-484.68399485365404
-484.4383032974489
-484.22552949291236
-484.0457179861656
-483.898905522491
-483.7851221441786
-483.70439115985073
-483.6567291206201
-483.64214580313705
-483.66064419956666
-483.7122205145201
-483.79686416894697
-483.91455781098006
-484.06527733370535
-484.06527733370535
-484.06527733370535
-481.3236304237229
-478.59970935289226
-475.893818498789
-473.20626716298744
-470.53736959308975
-470.53736959308975
-466.92745291566075
-466.92745291566075
-462.9319643631098
-458.93655396293667
-454.9412237742041
-450.9459454118301
-446.9507516009209
-442.9556446292866
-438.960626867975
-434.96570077508903
-430.9708688998167
-426.9761338866865
-422.9814984800639
-418.9869655289039
-414.99253799177825
-410.9982189421945
-407.00401157422834
-403.0099192084893
-399.0159452984449
-395.0220934371266
-391.0283673642469
-387.0347709737548
-383.0413083218639
-379.0479836355861
-375.0548013218093
-371.0617659769599
-367.0688823972939
-363.0761555898661
-359.0835907842279
-355.0911934449136
-351.09896928477474
-347.1069242792332
-343.1150646815255
-339.12339703902103
-335.13192821070265
-331.14066538590754
-327.1496161044356
-323.1587882781428
-319.1681902141495
-315.1778306398047
-311.1877187295657
-307.1978641339636
-303.2082770108478
-299.21896805912024
-295.2299485551942
-291.24123039243665
-287.25282612388355
-283.26474900854816
-279.27701306167944
-275.2896331093692
-271.3026248479523
-267.3160049086967
-263.32979092834125
-259.3440016261056
-255.35865688787402
-251.37377785834477
-247.38938704203528
-247.38938704203528
-243.5842263672428
-239.78540801687933
-235.99323827117013
-232.2080428637305
-228.43016849902685
-224.65998450855093
-220.89788466001608
-217.14428913548713
-213.3996466961489
-209.66443705341436
-205.93917346830352
-202.22440560350208
-198.52072265526914
-194.82875679542207
-191.14918695701536
-187.48274300106974
-183.8302103058177
-180.19243482442883
-176.57032866206532
-172.96487622839024
-169.37714102727617
-165.8082731513844
-162.25951755540652
-158.73222318792523
-155.2278530678312
-151.7479953966903
-148.29437580292296
-144.86887081648013
-141.4735226729876
-138.11055554288933
-134.78239327236167
-131.49167870661805
-128.24129463999589
-125.03438639749811
-121.87438599498397
-118.76503774473652
-115.71042506343969
-112.71499809348335
-109.78360155808734
-106.92150202795816
-104.13441347490897
-101.42851962150884
-98.81049116595447
-96.28749547735879
-93.86719584149975
-91.55773683304656
-89.36771196484338
-87.3061095151529
-87.3061095151529
-87.3061095151529
-87.3061095151529
-87.3061095151529
-87.3061095151529
-87.3061095151529
-87.3061095151529
-87.3061095151529
-87.3061095151529
-87.65108921756591
-88.176357944536
-88.87871925654412
-89.75401578752698
-90.79724632539862
-92.00269837100427
-93.3640886626131
-94.8747046005308
-96.52754048073064
-98.31542374654961
-100.23112789274369
-102.26747003726494
-104.41739239215674
-106.67402784706218
-109.0307506038428
-111.48121327982733
-114.0193721629388
-116.63950239735483
-119.33620479218328
-122.10440634895674
-124.93935467413884
-127.83660924742664
-130.79202958245622
-133.80176142953738
-136.86222174846296
-136.86222174846296
-136.86222174846296
-136.86222174846296
-136.86222174846296
-136.86222174846296
-136.86222174846296
-136.86222174846296
-133.1097140665866
-129.3720381163073
-125.65051748545218
-121.94663124856059
-118.26203630877805
-114.59859345315235
-110.95839779619602
-107.34381440992628
-103.75752008005178
-100.20255228669491
-96.68236684167624
-93.20090474000217
-89.76267186930933
-86.37283084625318
-83.0373083992338
-79.76291929524204
-76.5575080140737
-73.43010828445273
-70.39111877590653
-67.45249019048104
-64.62791419956187
-61.932997547274866
-59.385394728934905
-57.00485996428635
-54.81316486484077
-52.83381545912017
-51.091497335196074
-49.61119001245749
-48.416931743634976
-47.53028944788035
-46.96868723997506
-46.743842135726695
-46.86060183873775
-47.31643754852554
-48.10171047264489
-49.200649071131416
-50.59281811621185
-52.25478539565003
-54.16172010227021
-54.16172010227021
-54.16172010227021
-54.16172010227021
-54.16172010227021
-54.16172010227021
-54.16172010227021
-54.16172010227021
-54.16172010227021
-52.0490960935679
-50.166970163702636
-48.54216156858776
-47.201249883115565
-46.16897814369858
-45.466373361704136
-45.10884261456952
-45.10459254791787
-45.45372226043688
-46.14821207015222
-47.17281101166341
-48.506605032098925
-50.12491771829194
-52.00119260477198
-54.10860097894981
-56.42124935702316
-58.914973221101654
-61.56777380908316
-64.3599835728482
-67.27424626642585
-70.29539105561781
-73.41021668699958
-76.60729692285003
-79.87675561164626
-83.21006158922786
-86.59984265188278
-90.03972030187998
-93.52416695064896
-97.04838207124887
-100.60818658808782
-104.19993302062171
-107.82042924011556
-111.46687386217324
-115.13680151346342
-118.8280364390402
-122.53865313535651
-126.26694289305783
-130.0113853089505
-133.77062397779352
-137.5434457032621
-141.32876267591942
-145.12559754502956
-148.9330690892397
-148.9330690892397
-148.9330690892397
-148.9330690892397
-148.9330690892397
-148.9330690892397
-148.9330690892397
-148.9330690892397
-148.9330690892397
-145.20475241141577
-141.49127621016297
-137.79383997591162
-134.11377076920027
-130.4525383710872
-126.8117743267016
-123.19329336945475
-119.59911804624114
-116.03150704254789
-112.49298777519817
-108.98639389170037
-105.51490838427894
-102.08211308583215
-98.69204535166145
-95.34926272509983
-92.05891630714406
-88.82683335553132
-85.65960926362459
-82.56470842510305
-79.55057245769925
-76.62673268692177
-73.8039215021682
-71.09417401463622
-68.51091450605942
-66.0689731630445
-63.784582807375266
-61.67525252264507
-59.759522456947956
-58.05656083133243
-56.58558091573547
-55.365076179028186
-54.41190433882322
-53.740292034694136
-53.36087164674578
-53.27988587221307
-53.49869003013933
-53.49869003013933
-53.49869003013933
-53.49869003013933
-53.49869003013933
-53.49869003013933
-53.49869003013933
-53.49869003013933
-53.49869003013933
-53.04654697453481
-52.89387893274581
-53.043271796074706
-53.49219483964348
-54.2332103635987
-55.254567915894164
-56.54107724877387
-58.07511970699079
-59.83766049204003
-61.80915521983639
-63.970287606582254
-66.3025165102933
-68.788441371908
-71.41202053904136
-74.15863913467784
-77.01513428471797
-79.96973258193238
-83.01195949563697
-86.13253031887335
-89.32323442814229
-92.57682057634597
-95.88688793099871
-99.24778544585126
-102.65452072103989
-106.10267858435033
-109.5883490651646
-113.1080641184776
-116.65874230497163
-120.23764058510454
-123.8423123997394
-123.8423123997394
-123.8423123997394
-123.8423123997394
-123.8423123997394
-123.8423123997394
-123.8423123997394
-123.8423123997394
-119.86283289348745
-115.88476664406156
-111.90826436507793
-107.93349891678113
-103.96066951396801
-99.9900069273186
-96.02177996172027
-92.05630359116036
-88.09394926371392
-84.13515807940686
-80.18045781469958
-76.23048516087194
-72.28601512400633
-68.34800798405894
-64.41764008144543
-60.49640036670817
-56.586186533359864
-52.6894534118555
-48.80942983363696
-44.9504430002877
-41.118416269990774
-37.32165500852173
-33.57212614641398
-29.88761149371251
-26.295455335255784
-22.839277242648123
-19.59117561131628
-16.673203108254274
-14.289058930998321
-12.742004220952154
-12.350711696385511
-13.218226387061536
-15.12953931234823
-15.12953931234823
-18.653304846021687
-22.338053665170634
-26.1157335606751
-29.951201566397994
-33.82480523409607
