60.0 450.0 0.38539817929267883
60.0 450.0 -0.014601826667785645
60.0 450.0 -0.4146018326282501
60.0 450.0 -0.8146018385887146
60.0 450.0 -1.2146018743515015
60.0 450.0 -1.6146018505096436
59.824832916259766 446.00384521484375 -1.6146018505096436
59.64966583251953 442.0076904296875 -1.6146018505096436
59.4744987487793 438.01153564453125 -1.6146018505096436
59.29933166503906 434.015380859375 -1.6146018505096436
59.12416458129883 430.01922607421875 -1.6146018505096436
58.948997497558594 426.0230712890625 -1.6146018505096436
58.77383041381836 422.02691650390625 -1.6146018505096436
58.598663330078125 418.03076171875 -1.6146018505096436
58.42349624633789 414.03460693359375 -1.6146018505096436
58.248329162597656 410.0384521484375 -1.6146018505096436
58.07316207885742 406.04229736328125 -1.6146018505096436
57.89799499511719 402.046142578125 -1.6146018505096436
57.72282791137695 398.04998779296875 -1.6146018505096436
57.54766082763672 394.0538330078125 -1.6146018505096436
57.372493743896484 390.05767822265625 -1.6146018505096436
57.19732666015625 386.0615234375 -1.6146018505096436
57.022159576416016 382.06536865234375 -1.6146018505096436
56.84699249267578 378.0692138671875 -1.6146018505096436
56.67182540893555 374.07305908203125 -1.6146018505096436
56.49665832519531 370.076904296875 -1.6146018505096436
56.32149124145508 366.08074951171875 -1.6146018505096436
56.146324157714844 362.0845947265625 -1.6146018505096436
55.97115707397461 358.08843994140625 -1.6146018505096436
55.795989990234375 354.09228515625 -1.6146018505096436
55.62082290649414 350.09613037109375 -1.6146018505096436
55.62082290649414 350.09613037109375 -2.014601945877075
55.62082290649414 350.09613037109375 -2.414602041244507
52.632110595703125 347.4376220703125 -2.414602041244507
49.64339828491211 344.77911376953125 -2.414602041244507
46.654685974121094 342.12060546875 -2.414602041244507
43.66597366333008 339.46209716796875 -2.414602041244507
43.66597366333008 339.46209716796875 -2.8146021366119385
43.66597366333008 339.46209716796875 3.0685830116271973
43.66597366333008 339.46209716796875 2.6685829162597656
43.66597366333008 339.46209716796875 2.268582820892334
43.66597366333008 339.46209716796875 1.868582844734192
43.66597366333008 339.46209716796875 1.4685828685760498
44.07411575317383 343.44122314453125 1.4685828685760498
44.48225784301758 347.42034912109375 1.4685828685760498
44.89039993286133 351.39947509765625 1.4685828685760498
45.29854202270508 355.37860107421875 1.4685828685760498
45.70668411254883 359.35772705078125 1.4685828685760498
46.11482620239258 363.33685302734375 1.4685828685760498
46.52296829223633 367.31597900390625 1.4685828685760498
46.93111038208008 371.29510498046875 1.4685828685760498
47.33925247192383 375.27423095703125 1.4685828685760498
47.74739456176758 379.25335693359375 1.4685828685760498
48.15553665161133 383.23248291015625 1.4685828685760498
48.56367874145508 387.21160888671875 1.4685828685760498
48.97182083129883 391.19073486328125 1.4685828685760498
49.37996292114258 395.16986083984375 1.4685828685760498
49.78810501098633 399.14898681640625 1.4685828685760498
50.19624710083008 403.12811279296875 1.4685828685760498
50.60438919067383 407.10723876953125 1.4685828685760498
51.01253128051758 411.08636474609375 1.4685828685760498
51.42067337036133 415.06549072265625 1.4685828685760498
51.82881546020508 419.04461669921875 1.4685828685760498
52.23695755004883 423.02374267578125 1.4685828685760498
52.64509963989258 427.00286865234375 1.4685828685760498
53.05324172973633 430.98199462890625 1.4685828685760498
53.46138381958008 434.96112060546875 1.4685828685760498
53.86952590942383 438.94024658203125 1.4685828685760498
54.27766799926758 442.91937255859375 1.4685828685760498
54.68581008911133 446.89849853515625 1.4685828685760498
55.09395217895508 450.87762451171875 1.4685828685760498
55.50209426879883 454.85675048828125 1.4685828685760498
55.91023635864258 458.83587646484375 1.4685828685760498
56.31837844848633 462.81500244140625 1.4685828685760498
56.72652053833008 466.79412841796875 1.4685828685760498
57.13466262817383 470.77325439453125 1.4685828685760498
57.54280471801758 474.75238037109375 1.4685828685760498
57.95094680786133 478.73150634765625 1.4685828685760498
58.35908889770508 482.71063232421875 1.4685828685760498
58.76723098754883 486.68975830078125 1.4685828685760498
59.17537307739258 490.66888427734375 1.4685828685760498
59.58351516723633 494.64801025390625 1.4685828685760498
59.99165725708008 498.62713623046875 1.4685828685760498
59.99165725708008 498.62713623046875 1.0685828924179077
59.99165725708008 498.62713623046875 0.6685829162597656
63.130462646484375 501.10662841796875 0.6685829162597656
66.2692642211914 503.58612060546875 0.6685829162597656
69.40806579589844 506.06561279296875 0.6685829162597656
72.54686737060547 508.54510498046875 0.6685829162597656
75.6856689453125 511.02459716796875 0.6685829162597656
78.82447052001953 513.5040893554688 0.6685829162597656
81.96327209472656 515.9835815429688 0.6685829162597656
85.1020736694336 518.4630737304688 0.6685829162597656
88.24087524414062 520.9425659179688 0.6685829162597656
91.37967681884766 523.4220581054688 0.6685829162597656
94.51847839355469 525.9015502929688 0.6685829162597656
97.65727996826172 528.3810424804688 0.6685829162597656
100.79608154296875 530.8605346679688 0.6685829162597656
103.93488311767578 533.3400268554688 0.6685829162597656
107.07368469238281 535.8195190429688 0.6685829162597656
110.21248626708984 538.2990112304688 0.6685829162597656
110.21248626708984 538.2990112304688 0.26858291029930115
114.06907653808594 539.3604736328125 0.26858291029930115
117.92566680908203 540.4219360351562 0.26858291029930115
121.78225708007812 541.4833984375 0.26858291029930115
125.63884735107422 542.5448608398438 0.26858291029930115
125.63884735107422 542.5448608398438 -0.13141709566116333
129.60435485839844 542.0206909179688 -0.13141709566116333
133.5698699951172 541.4965209960938 -0.13141709566116333
137.53538513183594 540.9723510742188 -0.13141709566116333
141.5009002685547 540.4481811523438 -0.13141709566116333
145.46641540527344 539.9240112304688 -0.13141709566116333
149.4319305419922 539.3998413085938 -0.13141709566116333
153.39744567871094 538.8756713867188 -0.13141709566116333
157.3629608154297 538.3515014648438 -0.13141709566116333
161.32847595214844 537.8273315429688 -0.13141709566116333
165.2939910888672 537.3031616210938 -0.13141709566116333
169.25950622558594 536.7789916992188 -0.13141709566116333
173.2250213623047 536.2548217773438 -0.13141709566116333
177.19053649902344 535.7306518554688 -0.13141709566116333
181.1560516357422 535.2064819335938 -0.13141709566116333
181.1560516357422 535.2064819335938 -0.5314171314239502
184.6044158935547 533.179443359375 -0.5314171314239502
188.0527801513672 531.1524047851562 -0.5314171314239502
191.5011444091797 529.1253662109375 -0.5314171314239502
194.9495086669922 527.0983276367188 -0.5314171314239502
198.3978729248047 525.0712890625 -0.5314171314239502
201.8462371826172 523.0442504882812 -0.5314171314239502
205.2946014404297 521.0172119140625 -0.5314171314239502
208.7429656982422 518.9901733398438 -0.5314171314239502
212.1913299560547 516.963134765625 -0.5314171314239502
212.1913299560547 516.963134765625 -0.9314171075820923
214.578125 513.7532958984375 -0.9314171075820923
216.9649200439453 510.5434265136719 -0.9314171075820923
219.35171508789062 507.33355712890625 -0.9314171075820923
221.73851013183594 504.1236877441406 -0.9314171075820923
224.12530517578125 500.913818359375 -0.9314171075820923
226.51210021972656 497.7039489746094 -0.9314171075820923
228.89889526367188 494.49407958984375 -0.9314171075820923
231.2856903076172 491.2842102050781 -0.9314171075820923
233.6724853515625 488.0743408203125 -0.9314171075820923
236.0592803955078 484.8644714355469 -0.9314171075820923
238.44607543945312 481.65460205078125 -0.9314171075820923
240.83287048339844 478.4447326660156 -0.9314171075820923
240.83287048339844 478.4447326660156 -1.3314170837402344
240.83287048339844 478.4447326660156 -1.7314170598983765
240.19314575195312 474.4962158203125 -1.7314170598983765
239.5534210205078 470.5476989746094 -1.7314170598983765
238.9136962890625 466.59918212890625 -1.7314170598983765
238.2739715576172 462.6506652832031 -1.7314170598983765
237.63424682617188 458.7021484375 -1.7314170598983765
236.99452209472656 454.7536315917969 -1.7314170598983765
236.35479736328125 450.80511474609375 -1.7314170598983765
235.71507263183594 446.8565979003906 -1.7314170598983765
235.07534790039062 442.9080810546875 -1.7314170598983765
234.4356231689453 438.9595642089844 -1.7314170598983765
233.7958984375 435.01104736328125 -1.7314170598983765
233.1561737060547 431.0625305175781 -1.7314170598983765
232.51644897460938 427.114013671875 -1.7314170598983765
231.87672424316406 423.1654968261719 -1.7314170598983765
231.23699951171875 419.21697998046875 -1.7314170598983765
230.59727478027344 415.2684631347656 -1.7314170598983765
229.95755004882812 411.3199462890625 -1.7314170598983765
229.3178253173828 407.3714294433594 -1.7314170598983765
228.6781005859375 403.42291259765625 -1.7314170598983765
228.0383758544922 399.4743957519531 -1.7314170598983765
227.39865112304688 395.52587890625 -1.7314170598983765
226.75892639160156 391.5773620605469 -1.7314170598983765
226.11920166015625 387.62884521484375 -1.7314170598983765
225.47947692871094 383.6803283691406 -1.7314170598983765
225.47947692871094 383.6803283691406 -2.1314170360565186
225.47947692871094 383.6803283691406 -2.53141713142395
222.2012939453125 381.3882751464844 -2.53141713142395
218.92311096191406 379.0962219238281 -2.53141713142395
215.64492797851562 376.8041687011719 -2.53141713142395
215.64492797851562 376.8041687011719 -2.931417226791382
215.64492797851562 376.8041687011719 2.951767921447754
215.64492797851562 376.8041687011719 2.5517678260803223
212.8283233642578 378.8027648925781 2.4971745014190674
210.12489318847656 380.9521179199219 2.44258975982666
207.54275512695312 383.2457580566406 2.388005018234253
205.089599609375 385.6768493652344 2.3334202766418457
202.77273559570312 388.2381591796875 2.2788355350494385
202.77273559570312 388.2381591796875 1.8788355588912964
202.77273559570312 388.2381591796875 1.4788355827331543
202.77273559570312 388.2381591796875 1.0788356065750122
202.77273559570312 388.2381591796875 0.6788356304168701
205.88595581054688 390.74969482421875 0.6788356304168701
208.99917602539062 393.26123046875 0.6788356304168701
212.11239624023438 395.77276611328125 0.6788356304168701
215.22561645507812 398.2843017578125 0.6788356304168701
218.33883666992188 400.79583740234375 0.6788356304168701
218.33883666992188 400.79583740234375 0.27883562445640564
222.18434143066406 401.89678955078125 0.27883562445640564
226.02984619140625 402.99774169921875 0.27883562445640564
229.87535095214844 404.09869384765625 0.27883562445640564
233.72085571289062 405.19964599609375 0.27883562445640564
237.5663604736328 406.30059814453125 0.27883562445640564
241.411865234375 407.40155029296875 0.27883562445640564
245.2573699951172 408.50250244140625 0.27883562445640564
249.10287475585938 409.60345458984375 0.27883562445640564
252.94837951660156 410.70440673828125 0.27883562445640564
256.79388427734375 411.80535888671875 0.27883562445640564
260.639404296875 412.90631103515625 0.27883562445640564
264.48492431640625 414.00726318359375 0.27883562445640564
268.3304443359375 415.10821533203125 0.27883562445640564
272.17596435546875 416.20916748046875 0.27883562445640564
276.021484375 417.31011962890625 0.27883562445640564
279.86700439453125 418.41107177734375 0.27883562445640564
283.7125244140625 419.51202392578125 0.27883562445640564
287.55804443359375 420.61297607421875 0.27883562445640564
291.403564453125 421.71392822265625 0.27883562445640564
295.24908447265625 422.81488037109375 0.27883562445640564
299.0946044921875 423.91583251953125 0.27883562445640564
302.94012451171875 425.01678466796875 0.27883562445640564
306.78564453125 426.11773681640625 0.27883562445640564
310.63116455078125 427.21868896484375 0.27883562445640564
314.4766845703125 428.31964111328125 0.27883562445640564
318.32220458984375 429.42059326171875 0.27883562445640564
322.167724609375 430.52154541015625 0.27883562445640564
326.01324462890625 431.62249755859375 0.27883562445640564
329.8587646484375 432.72344970703125 0.27883562445640564
333.70428466796875 433.82440185546875 0.27883562445640564
337.5498046875 434.92535400390625 0.27883562445640564
341.39532470703125 436.02630615234375 0.27883562445640564
345.2408447265625 437.12725830078125 0.27883562445640564
349.08636474609375 438.22821044921875 0.27883562445640564
352.931884765625 439.32916259765625 0.27883562445640564
356.77740478515625 440.43011474609375 0.27883562445640564
360.6229248046875 441.53106689453125 0.27883562445640564
364.46844482421875 442.63201904296875 0.27883562445640564
368.31396484375 443.73297119140625 0.27883562445640564
372.15948486328125 444.83392333984375 0.27883562445640564
376.0050048828125 445.93487548828125 0.27883562445640564
379.85052490234375 447.03582763671875 0.27883562445640564
383.696044921875 448.13677978515625 0.27883562445640564
387.54156494140625 449.23773193359375 0.27883562445640564
391.3870849609375 450.33868408203125 0.27883562445640564
395.23260498046875 451.43963623046875 0.27883562445640564
395.23260498046875 451.43963623046875 -0.12116438150405884
395.23260498046875 451.43963623046875 -0.5211644172668457
395.23260498046875 451.43963623046875 -0.9211643934249878
395.23260498046875 451.43963623046875 -1.3211643695831299
395.23260498046875 451.43963623046875 -1.721164345741272
394.6222229003906 448.040283203125 -1.7757492065429688
394.6222229003906 448.040283203125 -2.1757493019104004
394.6222229003906 448.040283203125 -2.575749397277832
394.6222229003906 448.040283203125 -2.9757494926452637
394.6222229003906 448.040283203125 2.907435655593872
394.6222229003906 448.040283203125 2.5074355602264404
394.6222229003906 448.040283203125 2.107435464859009
392.57720947265625 451.4779968261719 2.107435464859009
390.5321960449219 454.91571044921875 2.107435464859009
388.4871826171875 458.3534240722656 2.107435464859009
386.4421691894531 461.7911376953125 2.107435464859009
384.39715576171875 465.2288513183594 2.107435464859009
382.3521423339844 468.66656494140625 2.107435464859009
380.30712890625 472.1042785644531 2.107435464859009
378.2621154785156 475.5419921875 2.107435464859009
376.21710205078125 478.9797058105469 2.107435464859009
374.1720886230469 482.41741943359375 2.107435464859009
372.1270751953125 485.8551330566406 2.107435464859009
370.0820617675781 489.2928466796875 2.107435464859009
368.03704833984375 492.7305603027344 2.107435464859009
365.9920349121094 496.16827392578125 2.107435464859009
363.947021484375 499.6059875488281 2.107435464859009
361.9020080566406 503.043701171875 2.107435464859009
359.85699462890625 506.4814147949219 2.107435464859009
357.8119812011719 509.91912841796875 2.107435464859009
355.7669677734375 513.3568725585938 2.107435464859009
353.7219543457031 516.7946166992188 2.107435464859009
351.67694091796875 520.2323608398438 2.107435464859009
349.6319274902344 523.6701049804688 2.107435464859009
349.6319274902344 523.6701049804688 1.7074354887008667
349.6319274902344 523.6701049804688 1.3074355125427246
349.6319274902344 523.6701049804688 0.9074355363845825
349.6319274902344 523.6701049804688 0.5074355602264404
353.1278991699219 525.6138305664062 0.5074355602264404
356.6238708496094 527.5575561523438 0.5074355602264404
360.1198425292969 529.5012817382812 0.5074355602264404
363.6158142089844 531.4450073242188 0.5074355602264404
367.1117858886719 533.3887329101562 0.5074355602264404
370.6077575683594 535.3324584960938 0.5074355602264404
374.1037292480469 537.2761840820312 0.5074355602264404
377.5997009277344 539.2199096679688 0.5074355602264404
377.5997009277344 539.2199096679688 0.10743555426597595
381.5766296386719 539.6488037109375 0.10743555426597595
385.5535583496094 540.0776977539062 0.10743555426597595
389.5304870605469 540.506591796875 0.10743555426597595
393.5074157714844 540.9354858398438 0.10743555426597595
397.4843444824219 541.3643798828125 0.10743555426597595
401.4612731933594 541.7932739257812 0.10743555426597595
405.4382019042969 542.22216796875 0.10743555426597595
409.4151306152344 542.6510620117188 0.10743555426597595
413.3920593261719 543.0799560546875 0.10743555426597595
417.3689880371094 543.5088500976562 0.10743555426597595
421.3459167480469 543.937744140625 0.10743555426597595
425.3228454589844 544.3666381835938 0.10743555426597595
429.2997741699219 544.7955322265625 0.10743555426597595
433.2767028808594 545.2244262695312 0.10743555426597595
437.2536315917969 545.6533203125 0.10743555426597595
441.2305603027344 546.0822143554688 0.10743555426597595
445.2074890136719 546.5111083984375 0.10743555426597595
449.1844177246094 546.9400024414062 0.10743555426597595
453.1613464355469 547.368896484375 0.10743555426597595
457.1382751464844 547.7977905273438 0.10743555426597595
457.1382751464844 547.7977905273438 -0.2925644516944885
460.9682922363281 546.6441650390625 -0.2925644516944885
464.7983093261719 545.4905395507812 -0.2925644516944885
468.6283264160156 544.3369140625 -0.2925644516944885
468.6283264160156 544.3369140625 -0.6925644874572754
468.6283264160156 544.3369140625 -1.0925644636154175
470.46917724609375 540.78564453125 -1.0925644636154175
472.3100280761719 537.234375 -1.0925644636154175
474.15087890625 533.68310546875 -1.0925644636154175
475.9917297363281 530.1318359375 -1.0925644636154175
477.83258056640625 526.58056640625 -1.0925644636154175
479.6734313964844 523.029296875 -1.0925644636154175
481.5142822265625 519.47802734375 -1.0925644636154175
483.3551330566406 515.9267578125 -1.0925644636154175
483.3551330566406 515.9267578125 -1.4925644397735596
483.6677551269531 511.9389953613281 -1.4925644397735596
483.9803771972656 507.95123291015625 -1.4925644397735596
484.2929992675781 503.9634704589844 -1.4925644397735596
484.6056213378906 499.9757080078125 -1.4925644397735596
484.9182434082031 495.9879455566406 -1.4925644397735596
485.2308654785156 492.00018310546875 -1.4925644397735596
485.5434875488281 488.0124206542969 -1.4925644397735596
485.8561096191406 484.024658203125 -1.4925644397735596
485.8561096191406 484.024658203125 -1.8925644159317017
484.59112548828125 480.2299499511719 -1.8925644159317017
483.3261413574219 476.43524169921875 -1.8925644159317017
482.0611572265625 472.6405334472656 -1.8925644159317017
480.7961730957031 468.8458251953125 -1.8925644159317017
479.53118896484375 465.0511169433594 -1.8925644159317017
478.2662048339844 461.25640869140625 -1.8925644159317017
477.001220703125 457.4617004394531 -1.8925644159317017
475.7362365722656 453.6669921875 -1.8925644159317017
474.47125244140625 449.8722839355469 -1.8925644159317017
473.2062683105469 446.07757568359375 -1.8925644159317017
471.9412841796875 442.2828674316406 -1.8925644159317017
471.9412841796875 442.2828674316406 -2.2925643920898438
469.2984313964844 439.2803039550781 -2.2925643920898438
466.65557861328125 436.2777404785156 -2.2925643920898438
464.0127258300781 433.2751770019531 -2.2925643920898438
461.369873046875 430.2726135253906 -2.2925643920898438
458.7270202636719 427.2700500488281 -2.2925643920898438
456.08416748046875 424.2674865722656 -2.2925643920898438
453.4413146972656 421.2649230957031 -2.2925643920898438
450.7984619140625 418.2623596191406 -2.2925643920898438
450.7984619140625 418.2623596191406 -2.6925644874572754
447.1949768066406 416.5260009765625 -2.6925644874572754
443.59149169921875 414.7896423339844 -2.6925644874572754
439.9880065917969 413.05328369140625 -2.6925644874572754
436.384521484375 411.3169250488281 -2.6925644874572754
432.7810363769531 409.58056640625 -2.6925644874572754
429.17755126953125 407.8442077636719 -2.6925644874572754
425.5740661621094 406.10784912109375 -2.6925644874572754
421.9705810546875 404.3714904785156 -2.6925644874572754
418.3670959472656 402.6351318359375 -2.6925644874572754
414.76361083984375 400.8987731933594 -2.6925644874572754
411.1601257324219 399.16241455078125 -2.6925644874572754
407.556640625 397.4260559082031 -2.6925644874572754
403.9531555175781 395.689697265625 -2.6925644874572754
400.34967041015625 393.9533386230469 -2.6925644874572754
396.7461853027344 392.21697998046875 -2.6925644874572754
393.1427001953125 390.4806213378906 -2.6925644874572754
389.5392150878906 388.7442626953125 -2.6925644874572754
385.93572998046875 387.0079040527344 -2.6925644874572754
382.3322448730469 385.27154541015625 -2.6925644874572754
378.728759765625 383.5351867675781 -2.6925644874572754
375.1252746582031 381.798828125 -2.6925644874572754
371.52178955078125 380.0624694824219 -2.6925644874572754
367.9183044433594 378.32611083984375 -2.6925644874572754
364.3148193359375 376.5897521972656 -2.6925644874572754
360.7113342285156 374.8533935546875 -2.6925644874572754
357.10784912109375 373.1170349121094 -2.6925644874572754
353.5043640136719 371.38067626953125 -2.6925644874572754
349.90087890625 369.6443176269531 -2.6925644874572754
346.2973937988281 367.907958984375 -2.6925644874572754
342.69390869140625 366.1716003417969 -2.6925644874572754
339.0904235839844 364.43524169921875 -2.6925644874572754
335.4869384765625 362.6988830566406 -2.6925644874572754
331.8834533691406 360.9625244140625 -2.6925644874572754
328.27996826171875 359.2261657714844 -2.6925644874572754
324.6764831542969 357.48980712890625 -2.6925644874572754
321.072998046875 355.7534484863281 -2.6925644874572754
317.4695129394531 354.01708984375 -2.6925644874572754
313.86602783203125 352.2807312011719 -2.6925644874572754
310.2625427246094 350.54437255859375 -2.6925644874572754
306.6590576171875 348.8080139160156 -2.6925644874572754
303.0555725097656 347.0716552734375 -2.6925644874572754
299.45208740234375 345.3352966308594 -2.6925644874572754
295.8486022949219 343.59893798828125 -2.6925644874572754
292.2451171875 341.8625793457031 -2.6925644874572754
288.6416320800781 340.126220703125 -2.6925644874572754
285.03814697265625 338.3898620605469 -2.6925644874572754
281.4346618652344 336.65350341796875 -2.6925644874572754
277.8311767578125 334.9171447753906 -2.6925644874572754
274.2276916503906 333.1807861328125 -2.6925644874572754
270.62420654296875 331.4444274902344 -2.6925644874572754
267.0207214355469 329.70806884765625 -2.6925644874572754
263.417236328125 327.9717102050781 -2.6925644874572754
259.8137512207031 326.2353515625 -2.6925644874572754
256.21026611328125 324.4989929199219 -2.6925644874572754
252.60678100585938 322.76263427734375 -2.6925644874572754
249.0032958984375 321.0262756347656 -2.6925644874572754
245.39981079101562 319.2899169921875 -2.6925644874572754
241.79632568359375 317.5535583496094 -2.6925644874572754
238.19284057617188 315.81719970703125 -2.6925644874572754
234.58935546875 314.0808410644531 -2.6925644874572754
234.58935546875 314.0808410644531 -3.092564582824707
230.5941619873047 313.8847961425781 -3.092564582824707
230.5941619873047 313.8847961425781 2.7906205654144287
230.5941619873047 313.8847961425781 2.390620470046997
230.5941619873047 313.8847961425781 1.990620493888855
230.5941619873047 313.8847961425781 1.590620517730713
230.6199493408203 317.3384094238281 1.5360356569290161
230.6199493408203 317.3384094238281 1.4814507961273193
230.6199493408203 317.3384094238281 1.4268659353256226
230.6199493408203 317.3384094238281 1.3717139959335327
230.6199493408203 317.3384094238281 0.9717140197753906
230.6199493408203 317.3384094238281 0.5717140436172485
230.6199493408203 317.3384094238281 0.17171403765678406
230.6199493408203 317.3384094238281 -0.22828596830368042
234.51617431640625 316.43316650390625 -0.22828596830368042
238.4123992919922 315.5279235839844 -0.22828596830368042
242.30862426757812 314.6226806640625 -0.22828596830368042
246.20484924316406 313.7174377441406 -0.22828596830368042
246.20484924316406 313.7174377441406 -0.6282860040664673
246.20484924316406 313.7174377441406 -1.0282859802246094
246.20484924316406 313.7174377441406 -1.4282859563827515
246.77296447753906 309.75799560546875 -1.4282859563827515
246.77296447753906 309.75799560546875 -1.8282859325408936
246.77296447753906 309.75799560546875 -2.228286027908325
244.32843017578125 306.5918884277344 -2.228286027908325
241.88389587402344 303.42578125 -2.228286027908325
239.43936157226562 300.2596740722656 -2.228286027908325
236.9948272705078 297.09356689453125 -2.228286027908325
234.55029296875 293.9274597167969 -2.228286027908325
232.1057586669922 290.7613525390625 -2.228286027908325
229.66122436523438 287.5952453613281 -2.228286027908325
227.21669006347656 284.42913818359375 -2.228286027908325
224.77215576171875 281.2630310058594 -2.228286027908325
223.60984802246094 280.0743408203125 -2.461656332015991
223.60984802246094 280.0743408203125 -2.861656427383423
223.60984802246094 280.0743408203125 3.021528720855713
223.60984802246094 280.0743408203125 2.6215286254882812
220.13870239257812 282.06207275390625 2.6215286254882812
216.6675567626953 284.0498046875 2.6215286254882812
213.1964111328125 286.03753662109375 2.6215286254882812
209.7252655029297 288.0252685546875 2.6215286254882812
209.7252655029297 288.0252685546875 2.2215285301208496
209.7252655029297 288.0252685546875 1.8215285539627075
209.7252655029297 288.0252685546875 1.4215285778045654
210.33189392089844 291.42529296875 1.3669437170028687
211.12310791015625 294.78717041015625 1.3123588562011719
212.0965576171875 298.1008605957031 1.2577720880508423
212.0965576171875 298.1008605957031 0.8577721118927002
212.0965576171875 298.1008605957031 0.4577721059322357
212.0965576171875 298.1008605957031 0.05777209997177124
216.0898895263672 298.3318176269531 0.05777209997177124
220.08322143554688 298.5627746582031 0.05777209997177124
224.07655334472656 298.7937316894531 0.05777209997177124
228.06988525390625 299.0246887207031 0.05777209997177124
232.06321716308594 299.2556457519531 0.05777209997177124
236.05654907226562 299.4866027832031 0.05777209997177124
240.0498809814453 299.7175598144531 0.05777209997177124
244.043212890625 299.9485168457031 0.05777209997177124
248.0365447998047 300.1794738769531 0.05777209997177124
252.02987670898438 300.4104309082031 0.05777209997177124
256.023193359375 300.6413879394531 0.05777209997177124
260.0165100097656 300.8723449707031 0.05777209997177124
264.00982666015625 301.1033020019531 0.05777209997177124
268.0031433105469 301.3342590332031 0.05777209997177124
268.0031433105469 301.3342590332031 -0.34222790598869324
268.0031433105469 301.3342590332031 -0.7422279119491577
268.0031433105469 301.3342590332031 -1.1422278881072998
269.3521423339844 298.1548767089844 -1.1968127489089966
270.5256652832031 294.9066467285156 -1.2513976097106934
271.5202331542969 291.5992126464844 -1.3059824705123901
271.5202331542969 291.5992126464844 -1.7059824466705322
270.9615478515625 288.19097900390625 -1.760567307472229
270.2177429199219 284.81829833984375 -1.8151521682739258
270.2177429199219 284.81829833984375 -2.2151522636413574
270.2177429199219 284.81829833984375 -2.615152359008789
270.2177429199219 284.81829833984375 -3.0151524543762207
266.2496643066406 284.3138732910156 -3.0151524543762207
262.2815856933594 283.8094482421875 -3.0151524543762207
258.3135070800781 283.3050231933594 -3.0151524543762207
258.3135070800781 283.3050231933594 2.868032693862915
254.46224975585938 284.38568115234375 2.868032693862915
250.61099243164062 285.4663391113281 2.868032693862915
246.75973510742188 286.5469970703125 2.868032693862915
242.90847778320312 287.6276550292969 2.868032693862915
239.05722045898438 288.70831298828125 2.868032693862915
235.20596313476562 289.7889709472656 2.868032693862915
231.35470581054688 290.86962890625 2.868032693862915
227.50344848632812 291.9502868652344 2.868032693862915
227.50344848632812 291.9502868652344 2.4680325984954834
227.50344848632812 291.9502868652344 2.0680325031280518
227.50344848632812 291.9502868652344 1.6680325269699097
227.50344848632812 291.9502868652344 1.2680325508117676
228.62278747558594 295.21759033203125 1.2134476900100708
229.91871643066406 298.4189758300781 1.158862829208374
229.91871643066406 298.4189758300781 0.7588628530502319
229.91871643066406 298.4189758300781 0.35886284708976746
229.91871643066406 298.4189758300781 -0.04113715887069702
233.9153289794922 298.2544860839844 -0.04113715887069702
237.9119415283203 298.0899963378906 -0.04113715887069702
241.90855407714844 297.9255065917969 -0.04113715887069702
245.90516662597656 297.7610168457031 -0.04113715887069702
249.9017791748047 297.5965270996094 -0.04113715887069702
249.9017791748047 297.5965270996094 -0.4411371648311615
249.9017791748047 297.5965270996094 -0.841137170791626
249.9017791748047 297.5965270996094 -1.241137146949768
250.93023681640625 294.29949951171875 -1.2957220077514648
251.77728271484375 290.9512634277344 -1.3503068685531616
252.4403839111328 287.5617980957031 -1.4048917293548584
252.91758728027344 284.1412048339844 -1.4594765901565552
252.91758728027344 284.1412048339844 -1.8594765663146973
252.91758728027344 284.1412048339844 -2.259476661682129
250.37551879882812 281.0528564453125 -2.259476661682129
247.8334503173828 277.9645080566406 -2.259476661682129
245.2913818359375 274.87615966796875 -2.259476661682129
242.7493133544922 271.7878112792969 -2.259476661682129
240.20724487304688 268.699462890625 -2.259476661682129
237.66517639160156 265.6111145019531 -2.259476661682129
235.12310791015625 262.52276611328125 -2.259476661682129
232.58103942871094 259.4344177246094 -2.259476661682129
230.03897094726562 256.3460693359375 -2.259476661682129
230.03897094726562 256.3460693359375 -2.6594767570495605
230.03897094726562 256.3460693359375 -3.059476852416992
230.03897094726562 256.3460693359375 2.8237082958221436
230.03897094726562 256.3460693359375 2.423708200454712
227.0261688232422 258.97723388671875 2.423708200454712
224.01336669921875 261.6083984375 2.423708200454712
221.0005645751953 264.23956298828125 2.423708200454712
217.98776245117188 266.8707275390625 2.423708200454712
214.97496032714844 269.50189208984375 2.423708200454712
211.962158203125 272.133056640625 2.423708200454712
208.94935607910156 274.76422119140625 2.423708200454712
205.93655395507812 277.3953857421875 2.423708200454712
202.9237518310547 280.02655029296875 2.423708200454712
199.91094970703125 282.65771484375 2.423708200454712
196.8981475830078 285.28887939453125 2.423708200454712
193.88534545898438 287.9200439453125 2.423708200454712
193.88534545898438 287.9200439453125 2.0237081050872803
193.88534545898438 287.9200439453125 1.6237081289291382
193.796875 291.37261962890625 1.5691232681274414
193.8968963623047 294.82489013671875 1.5145384073257446
194.18511962890625 298.2665710449219 1.4599535465240479
194.18511962890625 298.2665710449219 1.405368685722351
194.18511962890625 298.2665710449219 1.005368709564209
194.18511962890625 298.2665710449219 0.6053687334060669
194.18511962890625 298.2665710449219 0.20536872744560242
194.18511962890625 298.2665710449219 -0.19463127851486206
194.18511962890625 298.2665710449219 -0.5946313142776489
194.18511962890625 298.2665710449219 -0.994631290435791
196.36436462402344 294.912353515625 -0.994631290435791
198.54360961914062 291.5581359863281 -0.994631290435791
200.7228546142578 288.20391845703125 -0.994631290435791
202.902099609375 284.8497009277344 -0.994631290435791
205.0813446044922 281.4954833984375 -0.994631290435791
207.26058959960938 278.1412658691406 -0.994631290435791
209.43983459472656 274.78704833984375 -0.994631290435791
209.43983459472656 274.78704833984375 -1.394631266593933
210.14085388183594 270.8489685058594 -1.394631266593933
210.8418731689453 266.910888671875 -1.394631266593933
211.5428924560547 262.9728088378906 -1.394631266593933
212.24391174316406 259.03472900390625 -1.394631266593933
212.94493103027344 255.0966339111328 -1.394631266593933
213.6459503173828 251.15853881835938 -1.394631266593933
214.3469696044922 247.22044372558594 -1.394631266593933
215.04798889160156 243.2823486328125 -1.394631266593933
215.74900817871094 239.34425354003906 -1.394631266593933
216.4500274658203 235.40615844726562 -1.394631266593933
217.1510467529297 231.4680633544922 -1.394631266593933
217.85206604003906 227.52996826171875 -1.394631266593933
218.55308532714844 223.5918731689453 -1.394631266593933
219.2541046142578 219.65377807617188 -1.394631266593933
219.9551239013672 215.71568298339844 -1.394631266593933
219.9551239013672 215.71568298339844 -1.7946312427520752
219.9551239013672 215.71568298339844 -2.194631338119507
217.61851501464844 212.46910095214844 -2.194631338119507
215.2819061279297 209.22251892089844 -2.194631338119507
212.94529724121094 205.97593688964844 -2.194631338119507
210.6086883544922 202.72935485839844 -2.194631338119507
208.27207946777344 199.48277282714844 -2.194631338119507
205.9354705810547 196.23619079589844 -2.194631338119507
203.59886169433594 192.98960876464844 -2.194631338119507
201.2622528076172 189.74302673339844 -2.194631338119507
198.92564392089844 186.49644470214844 -2.194631338119507
198.92564392089844 186.49644470214844 -2.5946314334869385
198.92564392089844 186.49644470214844 -2.99463152885437
198.92564392089844 186.49644470214844 2.8885536193847656
198.92564392089844 186.49644470214844 2.488553524017334
196.2408447265625 188.66900634765625 2.4339687824249268
193.67922973632812 190.98440551757812 2.379307746887207
193.67922973632812 190.98440551757812 1.979307770729065
193.67922973632812 190.98440551757812 1.5793077945709229
193.67922973632812 190.98440551757812 1.1793078184127808
193.67922973632812 190.98440551757812 0.7793078422546387
193.67922973632812 190.98440551757812 0.3793078362941742
193.67922973632812 190.98440551757812 -0.020692169666290283
197.67837524414062 190.90164184570312 -0.020692169666290283
201.67752075195312 190.81887817382812 -0.020692169666290283
205.67666625976562 190.73611450195312 -0.020692169666290283
209.67581176757812 190.65335083007812 -0.020692169666290283
213.67495727539062 190.57058715820312 -0.020692169666290283
213.67495727539062 190.57058715820312 -0.42069217562675476
217.32618713378906 188.93701171875 -0.42069217562675476
220.9774169921875 187.30343627929688 -0.42069217562675476
224.62864685058594 185.66986083984375 -0.42069217562675476
228.27987670898438 184.03628540039062 -0.42069217562675476
231.9311065673828 182.4027099609375 -0.42069217562675476
235.58233642578125 180.76913452148438 -0.42069217562675476
239.2335662841797 179.13555908203125 -0.42069217562675476
242.88479614257812 177.50198364257812 -0.42069217562675476
246.53602600097656 175.868408203125 -0.42069217562675476
250.187255859375 174.23483276367188 -0.42069217562675476
253.83848571777344 172.60125732421875 -0.42069217562675476
257.4897155761719 170.96768188476562 -0.42069217562675476
261.14093017578125 169.3341064453125 -0.42069217562675476
264.7921447753906 167.70053100585938 -0.42069217562675476
268.443359375 166.06695556640625 -0.42069217562675476
272.0945739746094 164.43338012695312 -0.42069217562675476
275.74578857421875 162.7998046875 -0.42069217562675476
279.3970031738281 161.16622924804688 -0.42069217562675476
283.0482177734375 159.53265380859375 -0.42069217562675476
286.6994323730469 157.89907836914062 -0.42069217562675476
290.35064697265625 156.2655029296875 -0.42069217562675476
294.0018615722656 154.63192749023438 -0.42069217562675476
297.653076171875 152.99835205078125 -0.42069217562675476
301.3042907714844 151.36477661132812 -0.42069217562675476
304.95550537109375 149.731201171875 -0.42069217562675476
308.6067199707031 148.09762573242188 -0.42069217562675476
312.2579345703125 146.46405029296875 -0.42069217562675476
315.9091491699219 144.83047485351562 -0.42069217562675476
319.56036376953125 143.1968994140625 -0.42069217562675476
323.2115783691406 141.56332397460938 -0.42069217562675476
326.86279296875 139.92974853515625 -0.42069217562675476
330.5140075683594 138.29617309570312 -0.42069217562675476
334.16522216796875 136.66259765625 -0.42069217562675476
337.8164367675781 135.02902221679688 -0.42069217562675476
341.4676513671875 133.39544677734375 -0.42069217562675476
345.1188659667969 131.76187133789062 -0.42069217562675476
348.77008056640625 130.1282958984375 -0.42069217562675476
352.4212951660156 128.49472045898438 -0.42069217562675476
356.072509765625 126.86115264892578 -0.42069217562675476
359.7237243652344 125.22758483886719 -0.42069217562675476
363.37493896484375 123.5940170288086 -0.42069217562675476
367.0261535644531 121.96044921875 -0.42069217562675476
370.6773681640625 120.3268814086914 -0.42069217562675476
374.3285827636719 118.69331359863281 -0.42069217562675476
377.97979736328125 117.05974578857422 -0.42069217562675476
381.6310119628906 115.42617797851562 -0.42069217562675476
385.2822265625 113.79261016845703 -0.42069217562675476
388.9334411621094 112.15904235839844 -0.42069217562675476
388.9334411621094 112.15904235839844 -0.8206921815872192
391.6603088378906 109.23257446289062 -0.8206921815872192
394.3871765136719 106.30610656738281 -0.8206921815872192
397.1140441894531 103.379638671875 -0.8206921815872192
399.8409118652344 100.45317077636719 -0.8206921815872192
402.5677795410156 97.52670288085938 -0.8206921815872192
405.2946472167969 94.60023498535156 -0.8206921815872192
408.0215148925781 91.67376708984375 -0.8206921815872192
410.7483825683594 88.74729919433594 -0.8206921815872192
413.4752502441406 85.82083129882812 -0.8206921815872192
416.2021179199219 82.89436340332031 -0.8206921815872192
418.9289855957031 79.9678955078125 -0.8206921815872192
421.6558532714844 77.04142761230469 -0.8206921815872192
424.3827209472656 74.11495971679688 -0.8206921815872192
427.1095886230469 71.18849182128906 -0.8206921815872192
429.8364562988281 68.26202392578125 -0.8206921815872192
432.5633239746094 65.33555603027344 -0.8206921815872192
432.5633239746094 65.33555603027344 -1.2206921577453613
432.5633239746094 65.33555603027344 -1.6206921339035034
432.5633239746094 65.33555603027344 -2.0206921100616455
432.5633239746094 65.33555603027344 -2.420692205429077
429.5584716796875 62.6953125 -2.420692205429077
429.5584716796875 62.6953125 -2.820692300796509
425.7626647949219 61.43362808227539 -2.820692300796509
421.96685791015625 60.17194366455078 -2.820692300796509
418.1710510253906 58.91025924682617 -2.820692300796509
414.375244140625 57.64857482910156 -2.820692300796509
410.5794372558594 56.38689041137695 -2.820692300796509
406.78363037109375 55.125205993652344 -2.820692300796509
402.9878234863281 53.863521575927734 -2.820692300796509
399.1920166015625 52.601837158203125 -2.820692300796509
399.1920166015625 52.601837158203125 3.062492847442627
395.20452880859375 52.91790771484375 3.062492847442627
391.217041015625 53.233978271484375 3.062492847442627
387.22955322265625 53.550048828125 3.062492847442627
383.2420654296875 53.866119384765625 3.062492847442627
379.25457763671875 54.18218994140625 3.062492847442627
375.26708984375 54.498260498046875 3.062492847442627
371.27960205078125 54.8143310546875 3.062492847442627
367.2921142578125 55.130401611328125 3.062492847442627
363.30462646484375 55.44647216796875 3.062492847442627
359.317138671875 55.762542724609375 3.062492847442627
355.32965087890625 56.07861328125 3.062492847442627
351.3421630859375 56.394683837890625 3.062492847442627
347.35467529296875 56.71075439453125 3.062492847442627
343.3671875 57.026824951171875 3.062492847442627
339.37969970703125 57.3428955078125 3.062492847442627
335.3922119140625 57.658966064453125 3.062492847442627
331.40472412109375 57.97503662109375 3.062492847442627
327.417236328125 58.291107177734375 3.062492847442627
323.42974853515625 58.607177734375 3.062492847442627
319.4422607421875 58.923248291015625 3.062492847442627
315.45477294921875 59.23931884765625 3.062492847442627
311.46728515625 59.555389404296875 3.062492847442627
307.47979736328125 59.8714599609375 3.062492847442627
303.4923095703125 60.187530517578125 3.062492847442627
299.50482177734375 60.50360107421875 3.062492847442627
295.517333984375 60.819671630859375 3.062492847442627
291.52984619140625 61.1357421875 3.062492847442627
287.5423583984375 61.451812744140625 3.062492847442627
283.55487060546875 61.76788330078125 3.062492847442627
279.5673828125 62.083953857421875 3.062492847442627
275.57989501953125 62.4000244140625 3.062492847442627
271.5924072265625 62.716094970703125 3.062492847442627
267.60491943359375 63.03216552734375 3.062492847442627
263.617431640625 63.348236083984375 3.062492847442627
259.62994384765625 63.664306640625 3.062492847442627
255.6424560546875 63.980377197265625 3.062492847442627
251.65496826171875 64.29644775390625 3.062492847442627
247.66748046875 64.61251831054688 3.062492847442627
243.67999267578125 64.9285888671875 3.062492847442627
239.6925048828125 65.24465942382812 3.062492847442627
235.70501708984375 65.56072998046875 3.062492847442627
231.717529296875 65.87680053710938 3.062492847442627
227.73004150390625 66.19287109375 3.062492847442627
223.7425537109375 66.50894165039062 3.062492847442627
219.75506591796875 66.82501220703125 3.062492847442627
215.767578125 67.14108276367188 3.062492847442627
211.78009033203125 67.4571533203125 3.062492847442627
207.7926025390625 67.77322387695312 3.062492847442627
203.80511474609375 68.08929443359375 3.062492847442627
199.817626953125 68.40536499023438 3.062492847442627
195.83013916015625 68.721435546875 3.062492847442627
191.8426513671875 69.03750610351562 3.062492847442627
187.85516357421875 69.35357666015625 3.062492847442627
183.86767578125 69.66964721679688 3.062492847442627
179.88018798828125 69.9857177734375 3.062492847442627
175.8927001953125 70.30178833007812 3.062492847442627
171.90521240234375 70.61785888671875 3.062492847442627
167.917724609375 70.93392944335938 3.062492847442627
163.93023681640625 71.25 3.062492847442627
159.9427490234375 71.56607055664062 3.062492847442627
155.95526123046875 71.88214111328125 3.062492847442627
151.9677734375 72.19821166992188 3.062492847442627
147.98028564453125 72.5142822265625 3.062492847442627
143.9927978515625 72.83035278320312 3.062492847442627
140.00531005859375 73.14642333984375 3.062492847442627
136.017822265625 73.46249389648438 3.062492847442627
132.03033447265625 73.778564453125 3.062492847442627
128.0428466796875 74.09463500976562 3.062492847442627
124.05535125732422 74.41070556640625 3.062492847442627
120.06785583496094 74.72677612304688 3.062492847442627
116.08036041259766 75.0428466796875 3.062492847442627
112.09286499023438 75.35891723632812 3.062492847442627
108.1053695678711 75.67498779296875 3.062492847442627
104.11787414550781 75.99105834960938 3.062492847442627
100.13037872314453 76.30712890625 3.062492847442627
96.14288330078125 76.62319946289062 3.062492847442627
92.15538787841797 76.93927001953125 3.062492847442627
88.16789245605469 77.25534057617188 3.062492847442627
88.16789245605469 77.25534057617188 2.6624927520751953
84.61824798583984 79.0992660522461 2.6624927520751953
81.068603515625 80.94319152832031 2.6624927520751953
77.51895904541016 82.78711700439453 2.6624927520751953
73.96931457519531 84.63104248046875 2.6624927520751953
70.41967010498047 86.47496795654297 2.6624927520751953
66.87002563476562 88.31889343261719 2.6624927520751953
63.32038497924805 90.1628189086914 2.6624927520751953
59.77074432373047 92.00674438476562 2.6624927520751953
56.22110366821289 93.85066986083984 2.6624927520751953
52.67146301269531 95.69459533691406 2.6624927520751953
49.121822357177734 97.53852081298828 2.6624927520751953
45.572181701660156 99.3824462890625 2.6624927520751953
42.02254104614258 101.22637176513672 2.6624927520751953
38.472900390625 103.07029724121094 2.6624927520751953
34.92325973510742 104.91422271728516 2.6624927520751953
31.373619079589844 106.75814819335938 2.6624927520751953
27.823978424072266 108.6020736694336 2.6624927520751953
24.274337768554688 110.44599914550781 2.6624927520751953
20.72469711303711 112.28992462158203 2.6624927520751953
20.72469711303711 112.28992462158203 2.2624926567077637
18.17331886291504 115.3705825805664 2.2624926567077637
18.17331886291504 115.3705825805664 2.2624926567077637
18.17331886291504 115.3705825805664 2.2624926567077637
18.17331886291504 115.3705825805664 2.2624926567077637
18.17331886291504 115.3705825805664 2.2624926567077637
18.17331886291504 115.3705825805664 2.2624926567077637
18.17331886291504 115.3705825805664 2.2624926567077637
18.17331886291504 115.3705825805664 2.2624926567077637
18.17331886291504 115.3705825805664 2.2624926567077637
18.17331886291504 115.3705825805664 2.2624926567077637
18.17331886291504 115.3705825805664 2.2624926567077637
