-390.0
-390.0
-390.0
-390.0
-390.0
-390.0
-386.00388495992144
-382.0078510730543
-378.01190091305557
-374.01603716351383
-370.0202626238791
-366.0245802157804
-362.028992989761
-358.0335041324636
-354.038116974302
-350.0428349976565
-346.0476618456364
-342.0526013314554
-338.05765744847065
-334.06283438094067
-330.068136515563
-326.0735684538586
-322.0791350254754
-318.0848413024926
-314.0906926148142
-310.0966945667493
-306.10285305488776
-302.10917428739054
-298.11566480482696
-294.1223315027053
-290.12918165585984
-290.12918165585984
-290.12918165585984
-287.5320371292732
-284.9673715330311
-282.436069644979
-279.9390365238229
-279.9390365238229
-279.9390365238229
-279.9390365238229
-279.9390365238229
-279.9390365238229
-279.9390365238229
-283.8882892384102
-287.8389435266569
-291.79094245945754
-295.74423213178756
-299.6987614656899
-303.6544820283773
-307.6113478641212
-311.56931533873234
-315.52834299554956
-319.4883914219633
-323.44942312558817
-327.411402419286
-331.3742953143126
-335.3380694209301
-339.3026938558867
-343.26813915621744
-347.23437719887227
-351.20138112571664
-355.16912527349376
-359.13758510837084
-363.1067371647235
-367.07655898784463
-371.0470290802869
-375.0181268515746
-378.98983257104123
-382.9621273235693
-386.93499296802725
-390.9084120982133
-394.8823680061336
-398.85684464745276
-402.83182660896927
-406.8072990779797
-410.7832478134042
-414.75965911855775
-418.73651981545805
-422.7138172205712
-426.6915391219015
-430.66967375733987
-434.6482097941917
-438.62713630980875
-438.62713630980875
-438.62713630980875
-441.1177364725306
-443.63042058416664
-446.1648155316449
-448.7205534436274
-451.2972717187535
-453.8946130463459
-456.51222541993354
-459.1497621440034
-461.8068818343833
-464.483248412646
-467.1785310949102
-469.89240437540457
-472.62454800514325
-475.3746469660532
-478.1423914408761
-480.9274767791572
-480.9274767791572
-482.4001748747151
-483.9014563927707
-485.4310561355065
-486.9887072659096
-486.9887072659096
-487.0202384791517
-487.0846184211119
-487.1818330412205
-487.3118626887511
-487.4746811043317
-487.6702554464159
-487.8985463243239
-488.15950783777356
-488.45308762281286
-488.77922690404347
-489.1378605530168
-489.5289171526681
-489.9523190676396
-490.4079825203354
-490.4079825203354
-489.31078679920995
-488.2438970835479
-487.20751246616686
-486.20182802050635
-485.2270346346809
-484.2833188466452
-483.370862680767
-482.48984348610725
-481.6404337767122
-481.6404337767122
-479.36045964097895
-477.1030971384304
-474.86869809985654
-472.657588191622
-470.4700957757966
-468.3065518093375
-466.16728973611424
-464.0526453715946
-461.96295678001474
-459.89856414386713
-457.8598096255509
-455.8470372210385
-455.8470372210385
-455.8470372210385
-451.96978074351796
-448.0946821080498
-444.22179778541977
-440.3511862002102
-436.4829078144752
-432.6170252156666
-428.75360320905935
-424.89270891493993
-421.0344118708422
-417.1787841391286
-413.325900420241
-409.47583817196096
-405.628677735047
-401.7845024656388
-397.9433988748461
-394.1054567759681
-390.2707694398207
-386.43943375868173
-382.61155041940003
-378.78722408625305
-374.96656359417847
-371.1496821530507
-367.3366975637197
-363.52773244658306
-363.52773244658306
-363.52773244658306
-359.9995599430172
-356.4813516074492
-352.97340538895827
-352.97340538895827
-352.97340538895827
-352.97340538895827
-353.5416339533639
-354.3272697844966
-355.32562486576563
-356.53197646053457
-357.9407048118175
-357.9407048118175
-357.9407048118175
-357.9407048118175
-357.9407048118175
-361.492459528597
-365.0534871314113
-368.6235188827324
-372.2022956889014
-375.7895677032615
-375.7895677032615
-378.4237328031019
-381.0816760580696
-383.7629034057178
-386.4669302257436
-389.1932813017178
-391.94149077030744
-394.71110205904864
-397.5016678136724
-400.31274981593873
-403.1439188928815
-405.99475481831894
-408.8648462074335
-411.7537904051818
-414.6611933692436
-417.58666954817994
-420.52984175542304
-423.490341039682
-426.467806552307
-429.4618854121172
-432.47223256816125
-435.49851066084454
-438.5403898818243
-441.5975478330421
-444.6696693852349
-447.75644653623584
-450.8575782693518
-453.97277041207775
-457.1017354953864
-460.2441926138081
-463.3998672864966
-466.5684913194567
-469.74980266909114
-472.9435453072077
-476.1494690876137
-479.36732961440606
-482.5968881120574
-485.8379112973805
-489.0901712534467
-492.35344530551936
-495.62751589905594
-498.9121704798227
-502.20720137615615
-505.5124056834008
-508.827585150542
-512.1525460690493
-515.4870991639383
-518.8310594870541
-518.8310594870541
-518.8310594870541
-518.8310594870541
-518.8310594870541
-518.8310594870541
-515.8616910666216
-515.8616910666216
-515.8616910666216
-515.8616910666216
-515.8616910666216
-515.8616910666216
-515.8616910666216
-517.1233689747405
-518.4128404320982
-519.7298985678868
-521.0743341993686
-522.4459359710478
-523.8444904925816
-525.2697824752726
-526.7215948669917
-528.1997089853932
-529.7039046492862
-531.2339603080413
-532.789653168913
-534.3707593221723
-535.9770538639493
-537.6083110166938
-539.2643042471706
-540.9448063819148
-542.649589720078
-544.3784516301375
-546.1311384180311
-547.9074214454619
-549.707071971015
-549.707071971015
-549.707071971015
-549.707071971015
-549.707071971015
-553.2224116781996
-556.7442938246542
-560.2725950327708
-563.807194791243
-567.3479753794483
-570.8948217939275
-574.4476216769067
-574.4476216769067
-577.0173890597443
-579.6033682336366
-582.2053431750786
-584.823100380643
-587.4564288689219
-590.1051201806403
-592.7689683770325
-595.4477700365643
-598.1413242500848
-600.8494326144906
-603.5718992249787
-606.308530665966
-609.0591360007496
-611.8235267599791
-614.6015169290102
-617.3929229342075
-620.1975636282606
-623.0152602745768
-625.84583653081
-628.6891184315839
-631.5449343704668
-631.5449343704668
-633.1035867341292
-634.6836211483344
-636.2848783241886
-636.2848783241886
-636.2848783241886
-634.7924946340024
-633.3218578747284
-631.8731198893814
-630.4464316452181
-629.0419431709162
-627.6598034930234
-626.300160571722
-626.300160571722
-623.59868160401
-620.9112178397218
-618.237952050022
-615.5790692069187
-612.9347564881269
-610.3052032807149
-607.6906011834657
-605.0911440078935
-602.5070277778449
-602.5070277778449
-598.9452374642378
-595.3890127482885
-591.8384539572946
-588.2936636788041
-584.7547468192018
-581.2218106639131
-577.694964939263
-574.1743218760352
-570.6599962747724
-567.1521055728626
-567.1521055728626
-563.1734371218095
-559.1950730725092
-555.2170199684626
-551.239284541538
-547.2618737187786
-543.2847946295065
-539.3080546127388
-535.3316612249306
-535.3316612249306
-531.5009456101194
-527.6727422727334
-523.8471062909199
-520.0240943261016
-516.2037646787966
-512.3861773467457
-508.57139408545913
-504.75947847129356
-500.9504959671817
-497.14451399113995
-493.3416019876859
-489.54183150230796
-485.7452762591317
-481.9520122419393
-478.1621177787058
-474.3756736298223
-470.5927630801888
-466.8134720353665
-463.03788912199116
-459.26610579265815
-455.4982164355037
-451.7343184887165
-447.9745125602276
-444.2189025528407
-440.46759579507665
-436.72070317802445
-432.9783392985029
-429.2406226088568
-425.50767557372785
-421.77962483415774
-418.0566013794031
-414.33874072685944
-410.6261831105153
-406.9190736783782
-403.21756269934053
-399.521805779975
-395.8319640917794
-392.1482046094151
-388.47070036051343
-384.7996306876557
-381.13518152316095
-377.47754567735245
-373.8269231410049
-370.183521402712
-366.54755578194994
-362.9192497786519
-359.2988354401466
-355.6865537463566
-352.0826550141917
-348.4873993221176
-344.90105695592183
-341.32390887674313
-337.7562472124752
-334.1983757736988
-330.65061059533866
-327.11328951581163
-323.58674559911725
-320.07133507358674
-316.567428840897
-313.0754131656976
-309.5956903989394
-309.5956903989394
-307.1853861405416
-307.1853861405416
-307.1853861405416
-307.1853861405416
-307.1853861405416
-310.07278763571776
-310.07278763571776
-310.07278763571776
-310.07278763571776
-310.07278763571776
-310.07278763571776
-310.07278763571776
-310.07278763571776
-311.5027828961467
-312.9773697831161
-314.49592106277845
-316.05780303347655
-317.6623765509929
-317.6623765509929
-317.6623765509929
-317.6623765509929
-317.6623765509929
-317.6623765509929
-317.6623765509929
-313.9990240539859
-310.34398429423607
-306.6975544707213
-303.0600453688273
-303.0600453688273
-303.0600453688273
-303.0600453688273
-303.0600453688273
-303.0600453688273
-303.0600453688273
-303.0600453688273
-303.0600453688273
-303.0600453688273
-305.5930553418581
-308.1571675647288
-310.75161213417533
-313.3756356843807
-316.0284919236215
-318.7094699014201
-321.4178659199994
-324.152992722088
-326.9141793792405
-329.70077115183597
-332.5121293237665
-335.3476310146412
-335.3476310146412
-335.3476310146412
-335.3476310146412
-335.3476310146412
-332.79322440348557
-330.13117297784964
-327.3667720296758
-324.5056913923392
-321.5538730912762
-321.5538730912762
-321.5538730912762
-321.5538730912762
-321.5538730912762
-319.67765351888477
-319.67765351888477
-319.67765351888477
-319.67765351888477
-319.67765351888477
-319.67765351888477
-323.67201267947223
-327.66650975421345
-331.6611397600314
-335.6558979509007
-339.65077980392624
-339.65077980392624
-343.41147293756467
-347.1775152965804
-350.9487346728779
-354.7249659498297
-358.50605075277144
-362.2918371192163
-366.0821791875587
-369.8769369031192
-373.67597574045794
-377.479166440957
-381.28638476473714
-385.0975112560373
-388.9124310212409
-392.73103351878905
-396.55321236026833
-400.37886512200794
-404.2078931665648
-408.0402014735144
-411.87569847900284
-415.7142959235511
-419.5559087076337
-423.4004547545855
-427.24785488041766
-431.0980326701505
-434.9509143602953
-438.8064287271403
-442.66450698051665
-446.52508266274134
-450.3880915524512
-454.2534715730607
-458.12116270559136
-461.9911069056366
-465.8632480242404
-469.73753173247894
-473.61390544955015
-477.4923182741857
-481.3727209192107
-485.2550656490866
-489.13930622028477
-493.02539782434206
-496.9132970334635
-500.80296174854095
-504.6943511494666
-508.58742564762525
-512.4821468404567
-516.378477467986
-520.276381371223
-524.1758234523414
-528.0767696365496
-531.9791868355693
-535.8830429126499
-539.7883066490375
-543.6949477118367
-547.6029366231936
-551.5122447307414
-555.4228441792468
-559.3347078834048
-563.2478095017244
-567.1621234114589
-571.077624684531
-574.9942890644082
-578.9120929438852
-582.8310372522612
-586.7510757608105
-590.6721866843187
-594.5943488063484
-598.5175414609844
-602.4417445152694
-602.4417445152694
-602.4417445152694
-602.4417445152694
-602.4417445152694
-602.4417445152694
-602.4417445152694
-599.4452165630341
-599.4452165630341
-599.4452165630341
-599.4452165630341
-596.4024912425374
-593.3711278956124
-590.3513015482573
-587.343190153028
-584.3469746292476
-584.3469746292476
-584.3469746292476
-584.1832390152516
-584.0468532335686
-583.9378364478564
-583.8562039890134
-583.8019673444104
-583.7751341498151
-583.7751341498151
-583.7751341498151
-583.7751341498151
-583.7751341498151
-587.7738074380806
-591.7724987656171
-595.7712077691975
-599.7699340952794
-603.7686773996849
-607.7674373472925
-611.7662136117415
-615.7650058751473
-619.7638138278282
-623.7626371680425
-627.7614756017358
-627.7614756017358
-627.7614756017358
-627.7614756017358
-629.1318939078292
-630.524710020151
-631.9397758422073
-633.3769422457397
-634.8360591343146
-636.3169755062103
-637.819539516559
-639.3435985387041
-639.3435985387041
-639.3435985387041
-639.3435985387041
-639.3435985387041
-639.3435985387041
-639.3435985387041
-635.7190637030129
-632.0990579190246
-628.4836594474584
-624.8729482594736
-621.267006080455
-617.6659164350293
-614.0697646933487
-610.4786381186748
-606.8926259163038
-603.3118192838665
-599.7363114630448
-596.1661977927423
-592.6015757637499
-589.042545074947
-585.4892076910812
-581.9416679021673
-578.4000323845514
-574.8644102636823
-571.3349131786363
-567.8116553484401
-564.2947536402398
-560.7843276393605
-557.2804997213052
-553.7833951257414
-550.2931420325224
-546.8098716397922
-543.3337182442237
-543.3337182442237
-543.3337182442237
-543.3337182442237
-543.3337182442237
-545.2233405820618
-547.2817337851892
-547.2817337851892
-547.2817337851892
-547.2817337851892
-547.2817337851892
-547.2817337851892
-547.2817337851892
-547.2817337851892
-547.2817337851892
-549.733513558629
-552.2033827115345
-554.6910996046003
-557.1964251832677
-559.7191229960064
-562.2589592098798
-564.81570262351
-567.3891246775484
-569.9789994627635
-569.9789994627635
-569.9789994627635
-569.9789994627635
-569.9789994627635
-569.9789994627635
-569.9789994627635
-566.0090781092557
-562.0395832208928
-558.0705238978752
-554.1019095001312
-550.1337496566113
-546.1660542749825
-542.198833551744
-538.232097982784
-538.232097982784
-534.7837190986922
-531.3430729364679
-527.9103106897688
-524.485587159483
-521.0690608488925
-517.6608940612821
-514.2612530000338
-510.8703078712478
-507.48823298892563
-504.1152068827526
-500.75141240851104
-497.39703686115456
-497.39703686115456
-497.39703686115456
-497.39703686115456
-497.39703686115456
-497.39703686115456
-500.371780042377
-500.371780042377
-500.371780042377
-500.371780042377
-500.371780042377
-502.2182732284185
-502.2182732284185
-502.2182732284185
-502.2182732284185
-502.2182732284185
-502.2182732284185
-498.2241857650238
-494.2301939307079
-490.23630006276267
-486.24250657521367
-482.24881596199293
-478.25523080026966
-478.25523080026966
-474.49031988538263
-470.7292867694624
-466.972225148864
-463.2192316591751
-459.4704059869277
-455.72585098621335
-451.9856728004385
-448.24998098947236
-444.51888866245054
-440.7925126165126
-437.0709734817645
-433.3543958727737
-429.64290854691944
-425.93664456993724
-422.23574148901463
-418.54034151381336
-414.8505917058111
-411.16664417637793
-407.4886562940216
-403.81679090125874
-400.1512165415908
-396.4921076970888
-392.8396450371132
-389.194015678724
-385.5554134593589
-381.9240392223878
-378.30010111617923
-374.683814907342
-371.07540430883824
-367.47510132369075
-363.8831466050417
-360.29978983335025
-356.72529011154637
-353.159916378994
-349.6039478451433
-346.0576744437867
-342.52139730886097
-338.99542927276735
-335.4800953882087
-331.97573347456574
-328.4826946898585
-325.001344129353
-321.5320614518902
-318.0752415350156
-314.63129515999435
-311.20064972778096
-307.7837500069993
-307.7837500069993
-307.7837500069993
-307.7837500069993
-307.7837500069993
-307.7837500069993
-310.70994692049106
-310.70994692049106
-310.70994692049106
-310.70994692049106
-310.70994692049106
-310.70994692049106
-310.70994692049106
-310.70994692049106
-312.0635988133616
-313.46245098875755
-314.9059010909957
-316.39333872650496
-316.39333872650496
-316.39333872650496
-316.39333872650496
-313.49965768852303
-313.49965768852303
-313.49965768852303
-309.5019411445373
-305.5042842825905
-301.50668947664315
-297.5091592282123
-293.5116961750527
-289.51430310055645
-285.5169829439417
-281.51973881130806
-277.52257398764687
-277.52257398764687
-277.52257398764687
-277.52257398764687
-276.24131296531334
-275.0122669893391
-273.8361391237011
-272.7136140266535
-272.7136140266535
-272.7136140266535
-272.7136140266535
-275.53212364399866
-278.4678178207921
-281.50850444487264
-284.64200535480956
-284.64200535480956
-284.64200535480956
-284.64200535480956
-284.64200535480956
-284.64200535480956
-284.64200535480956
-283.0232883743555
-281.45211400192284
-279.92928277363325
-278.45558783450844
-277.03181334001005
-277.03181334001005
-277.03181334001005
-273.37384522309407
-269.7255880543888
-266.08744126721047
-262.4598253039808
-258.84318292487575
-255.23798060708936
-251.64471004117846
-248.06388973135992
-244.49606670704424
-240.94181835330747
-237.4017543684137
-233.8765188569017
-230.36679256712412
-226.8732952824676
-223.39678837576585
-219.93807753662696
-216.49801568150133
-213.07750605628812
-209.6775055410738
-209.6775055410738
-209.6775055410738
-209.6775055410738
-209.6775055410738
-209.6775055410738
-209.3487285124705
-209.2640535925708
-209.42402801102173
-209.8276240812578
-209.8276240812578
-209.8276240812578
-209.8276240812578
-209.8276240812578
-209.8276240812578
-209.8276240812578
-209.8276240812578
-210.61671042241318
-211.47852297037878
-212.41217651845847
-213.41672820068686
-214.4911818827625
-215.6344926537592
-216.84557137655662
-218.12328925680507
-219.46648239262356
-220.87395627003428
-222.3444901722632
-223.87684147439552
-225.4697497983731
-227.1219410068778
-228.8321310181849
-230.59902942752638
-232.42134292382005
-234.29776554826032
-236.2270202794029
-238.2078234526431
-240.23889999912177
-242.31898577353107
-244.44682966776182
-246.62119551593503
-248.84086379769025
-251.10463314768703
-253.41132168013058
-255.7597681377762
-258.1488328753197
-260.57739868736263
-263.0443714912714
-265.5486808752504
-268.0892805218355
-270.6651485168113
-273.27528755326915
-275.9187250401803
-278.5945131244648
-281.30172863510603
-284.03947295740846
-286.80687184502426
-289.6030751768984
-292.4272566658017
-295.27861352464953
-298.15636609633924
-301.05975745238936
-303.98805296522926
-306.9405415160171
-309.9165299256151
-312.91534770694403
-315.9363447823228
-318.9788909829394
-322.04237554308156
-325.12620659151816
-328.2298106421536
-331.3526320858362
-334.49413268497426
-337.65379107240733
-337.65379107240733
-339.639404968508
-341.66031111007885
-343.715886986607
-345.8055143354781
-347.9285796271119
-350.0844745151304
-352.2725962524063
-354.4923480739283
-356.74313954749556
-359.0243868933154
-361.33551327363136
-361.33551327363136
-361.33551327363136
-361.33551327363136
-361.33551327363136
-358.02166508228134
-354.7219643494565
-351.4368095741568
-348.16661247664047
-344.91179859062385
-341.6728075430381
-338.4500936111968
-338.4500936111968
-334.5636775005218
-330.6799699954188
-326.7990676637889
-322.92107164433367
-319.04608791549344
-319.04608791549344
-315.09024878010615
-311.13553869694647
-307.1820012728129
-303.2296823754285
-299.2786302809433
-295.3288958330581
-291.3805326148445
-287.43359713444977
-283.48814902600304
-279.54425126718473
-275.6019704150788
-271.6613768621121
-267.72254511408727
-263.7855540925468
-259.85048746396626
-255.91743399856773
-251.98648796188084
-248.05774954255398
-244.13132538949662
-240.2073288601276
-236.28588096118688
-232.36711072544736
-228.45115594800987
-224.53816393404705
-220.62829232345865
-216.7217100016967
-212.8185981072965
-208.91915114812215
-205.02357824004122
-201.13210448372024
-197.24497249753028
-193.36244412722513
-189.4848023561745
-185.61235344357934
-181.74542932236673
-177.88439029347134
-174.0296280591042
-170.18156914455133
-166.34067876624388
-162.50746521353793
-158.68248482313732
-154.86634763873857
-151.05972386470694
-147.2633512419226
-143.47804349698836
-139.70470004350952
-135.94431714702793
-132.19800080446723
-128.46698163584912
-124.75263214199023
-121.05648674848175
-117.38026513523218
-113.72589944401817
-110.09556606551386
-106.4917228333845
-102.91715259644675
-99.37501429886537
-95.86890286761681
-92.40291937478416
-88.98175308863408
-85.61077711522005
-82.29615930053232
