62.828426361083984 452.82843017578125 0.7853981852531433
65.65685272216797 455.6568603515625 0.7853981852531433
68.48528289794922 458.48529052734375 0.7853981852531433
71.31371307373047 461.313720703125 0.7853981852531433
74.14214324951172 464.14215087890625 0.7853981852531433
76.97057342529297 466.9705810546875 0.7853981852531433
79.79900360107422 469.79901123046875 0.7853981852531433
82.62743377685547 472.62744140625 0.7853981852531433
85.45586395263672 475.45587158203125 0.7853981852531433
88.28429412841797 478.2843017578125 0.7853981852531433
91.11272430419922 481.11273193359375 0.7853981852531433
93.94115447998047 483.941162109375 0.7853981852531433
96.76958465576172 486.76959228515625 0.7853981852531433
99.59801483154297 489.5980224609375 0.7853981852531433
102.42644500732422 492.42645263671875 0.7853981852531433
105.25487518310547 495.2548828125 0.7853981852531433
108.08330535888672 498.08331298828125 0.7853981852531433
110.91173553466797 500.9117431640625 0.7853981852531433
113.74016571044922 503.74017333984375 0.7853981852531433
116.56859588623047 506.568603515625 0.7853981852531433
119.39702606201172 509.39703369140625 0.7853981852531433
122.22545623779297 512.2254638671875 0.7853981852531433
125.05388641357422 515.0538940429688 0.7853981852531433
127.88231658935547 517.88232421875 0.7853981852531433
130.7107391357422 520.7107543945312 0.7853981852531433
133.53916931152344 523.5391845703125 0.7853981852531433
133.53916931152344 523.5391845703125 0.38539817929267883
137.24575805664062 525.0429077148438 0.38539817929267883
140.9523468017578 526.546630859375 0.38539817929267883
144.658935546875 528.0503540039062 0.38539817929267883
148.3655242919922 529.5540771484375 0.38539817929267883
148.3655242919922 529.5540771484375 -0.014601826667785645
152.36509704589844 529.4956665039062 -0.014601826667785645
156.3646697998047 529.437255859375 -0.014601826667785645
160.36424255371094 529.3788452148438 -0.014601826667785645
164.3638153076172 529.3204345703125 -0.014601826667785645
168.36338806152344 529.2620239257812 -0.014601826667785645
172.3629608154297 529.20361328125 -0.014601826667785645
172.3629608154297 529.20361328125 -0.4146018326282501
176.02406311035156 527.59228515625 -0.4146018326282501
179.68516540527344 525.98095703125 -0.4146018326282501
183.3462677001953 524.36962890625 -0.4146018326282501
187.0073699951172 522.75830078125 -0.4146018326282501
190.66847229003906 521.14697265625 -0.4146018326282501
194.32957458496094 519.53564453125 -0.4146018326282501
197.9906768798828 517.92431640625 -0.4146018326282501
201.6517791748047 516.31298828125 -0.4146018326282501
201.6517791748047 516.31298828125 -0.8146018385887146
204.3964080810547 513.4031982421875 -0.8146018385887146
207.1410369873047 510.4933776855469 -0.8146018385887146
209.8856658935547 507.58355712890625 -0.8146018385887146
212.6302947998047 504.6737365722656 -0.8146018385887146
215.3749237060547 501.763916015625 -0.8146018385887146
218.1195526123047 498.8540954589844 -0.8146018385887146
220.8641815185547 495.94427490234375 -0.8146018385887146
223.6088104248047 493.0344543457031 -0.8146018385887146
226.3534393310547 490.1246337890625 -0.8146018385887146
229.0980682373047 487.2148132324219 -0.8146018385887146
231.8426971435547 484.30499267578125 -0.8146018385887146
234.5873260498047 481.3951721191406 -0.8146018385887146
237.3319549560547 478.4853515625 -0.8146018385887146
240.0765838623047 475.5755310058594 -0.8146018385887146
242.8212127685547 472.66571044921875 -0.8146018385887146
245.5658416748047 469.7558898925781 -0.8146018385887146
248.3104705810547 466.8460693359375 -0.8146018385887146
251.0550994873047 463.9362487792969 -0.8146018385887146
253.7997283935547 461.02642822265625 -0.8146018385887146
256.54437255859375 458.1166076660156 -0.8146018385887146
259.28900146484375 455.206787109375 -0.8146018385887146
262.03363037109375 452.2969665527344 -0.8146018385887146
264.77825927734375 449.38714599609375 -0.8146018385887146
267.52288818359375 446.4773254394531 -0.8146018385887146
270.26751708984375 443.5675048828125 -0.8146018385887146
270.26751708984375 443.5675048828125 -0.4146018326282501
270.26751708984375 443.5675048828125 -0.014601826667785645
274.26708984375 443.50909423828125 -0.014601826667785645
278.26666259765625 443.45068359375 -0.014601826667785645
282.2662353515625 443.39227294921875 -0.014601826667785645
286.26580810546875 443.3338623046875 -0.014601826667785645
290.265380859375 443.27545166015625 -0.014601826667785645
294.26495361328125 443.217041015625 -0.014601826667785645
298.2645263671875 443.15863037109375 -0.014601826667785645
302.26409912109375 443.1002197265625 -0.014601826667785645
306.263671875 443.04180908203125 -0.014601826667785645
306.263671875 443.04180908203125 0.38539817929267883
309.97027587890625 444.5455322265625 0.38539817929267883
313.6768798828125 446.04925537109375 0.38539817929267883
317.38348388671875 447.552978515625 0.38539817929267883
321.090087890625 449.05670166015625 0.38539817929267883
324.79669189453125 450.5604248046875 0.38539817929267883
328.5032958984375 452.06414794921875 0.38539817929267883
332.20989990234375 453.56787109375 0.38539817929267883
335.91650390625 455.07159423828125 0.38539817929267883
339.62310791015625 456.5753173828125 0.38539817929267883
343.3297119140625 458.07904052734375 0.38539817929267883
347.03631591796875 459.582763671875 0.38539817929267883
350.742919921875 461.08648681640625 0.38539817929267883
354.44952392578125 462.5902099609375 0.38539817929267883
358.1561279296875 464.09393310546875 0.38539817929267883
361.86273193359375 465.59765625 0.38539817929267883
361.86273193359375 465.59765625 0.7853981852531433
364.691162109375 468.42608642578125 0.7853981852531433
367.51959228515625 471.2545166015625 0.7853981852531433
370.3480224609375 474.08294677734375 0.7853981852531433
373.17645263671875 476.911376953125 0.7853981852531433
376.0048828125 479.73980712890625 0.7853981852531433
378.83331298828125 482.5682373046875 0.7853981852531433
381.6617431640625 485.39666748046875 0.7853981852531433
384.49017333984375 488.22509765625 0.7853981852531433
387.318603515625 491.05352783203125 0.7853981852531433
390.14703369140625 493.8819580078125 0.7853981852531433
392.9754638671875 496.71038818359375 0.7853981852531433
395.80389404296875 499.538818359375 0.7853981852531433
398.63232421875 502.36724853515625 0.7853981852531433
401.46075439453125 505.1956787109375 0.7853981852531433
404.2891845703125 508.02410888671875 0.7853981852531433
407.11761474609375 510.8525390625 0.7853981852531433
409.946044921875 513.6809692382812 0.7853981852531433
412.77447509765625 516.5093994140625 0.7853981852531433
415.6029052734375 519.3378295898438 0.7853981852531433
418.43133544921875 522.166259765625 0.7853981852531433
421.259765625 524.9946899414062 0.7853981852531433
421.259765625 524.9946899414062 0.38539817929267883
424.96636962890625 526.4984130859375 0.38539817929267883
428.6729736328125 528.0021362304688 0.38539817929267883
432.37957763671875 529.505859375 0.38539817929267883
436.086181640625 531.0095825195312 0.38539817929267883
439.79278564453125 532.5133056640625 0.38539817929267883
443.4993896484375 534.0170288085938 0.38539817929267883
447.20599365234375 535.520751953125 0.38539817929267883
450.91259765625 537.0244750976562 0.38539817929267883
450.91259765625 537.0244750976562 -0.014601826667785645
454.91217041015625 536.966064453125 -0.014601826667785645
458.9117431640625 536.9076538085938 -0.014601826667785645
462.91131591796875 536.8492431640625 -0.014601826667785645
466.910888671875 536.7908325195312 -0.014601826667785645
470.91046142578125 536.732421875 -0.014601826667785645
474.9100341796875 536.6740112304688 -0.014601826667785645
478.90960693359375 536.6156005859375 -0.014601826667785645
482.9091796875 536.5571899414062 -0.014601826667785645
486.90875244140625 536.498779296875 -0.014601826667785645
490.9083251953125 536.4403686523438 -0.014601826667785645
494.90789794921875 536.3819580078125 -0.014601826667785645
498.907470703125 536.3235473632812 -0.014601826667785645
502.90704345703125 536.26513671875 -0.014601826667785645
502.90704345703125 536.26513671875 -0.4146018326282501
506.5681457519531 534.65380859375 -0.4146018326282501
510.229248046875 533.04248046875 -0.4146018326282501
513.890380859375 531.43115234375 -0.4146018326282501
513.890380859375 531.43115234375 -0.8146018385887146
516.635009765625 528.5213623046875 -0.8146018385887146
519.379638671875 525.611572265625 -0.8146018385887146
522.124267578125 522.7017822265625 -0.8146018385887146
524.868896484375 519.7919921875 -0.8146018385887146
524.868896484375 519.7919921875 -1.2146018743515015
526.2637329101562 516.0430908203125 -1.2146018743515015
527.6585693359375 512.294189453125 -1.2146018743515015
529.0534057617188 508.5452575683594 -1.2146018743515015
529.0534057617188 508.5452575683594 -1.6146018505096436
528.8782348632812 504.5491027832031 -1.6146018505096436
528.7030639648438 500.5529479980469 -1.6146018505096436
528.5278930664062 496.5567932128906 -1.6146018505096436
528.3527221679688 492.5606384277344 -1.6146018505096436
528.1775512695312 488.5644836425781 -1.6146018505096436
528.1775512695312 488.5644836425781 -2.014601945877075
526.4600219726562 484.9519958496094 -2.014601945877075
524.7424926757812 481.3395080566406 -2.014601945877075
523.0249633789062 477.7270202636719 -2.014601945877075
521.3074340820312 474.1145324707031 -2.014601945877075
519.5899047851562 470.5020446777344 -2.014601945877075
517.8723754882812 466.8895568847656 -2.014601945877075
517.8723754882812 466.8895568847656 -2.414602041244507
514.8836669921875 464.2310485839844 -2.414602041244507
511.89495849609375 461.5725402832031 -2.414602041244507
508.90625 458.9140319824219 -2.414602041244507
505.91754150390625 456.2555236816406 -2.414602041244507
502.9288330078125 453.5970153808594 -2.414602041244507
499.94012451171875 450.9385070800781 -2.414602041244507
496.951416015625 448.2799987792969 -2.414602041244507
493.96270751953125 445.6214904785156 -2.414602041244507
490.9739990234375 442.9629821777344 -2.414602041244507
487.98529052734375 440.3044738769531 -2.414602041244507
484.99658203125 437.6459655761719 -2.414602041244507
482.00787353515625 434.9874572753906 -2.414602041244507
479.0191650390625 432.3289489746094 -2.414602041244507
476.03045654296875 429.6704406738281 -2.414602041244507
473.041748046875 427.0119323730469 -2.414602041244507
470.05303955078125 424.3534240722656 -2.414602041244507
467.0643310546875 421.6949157714844 -2.414602041244507
464.07562255859375 419.0364074707031 -2.414602041244507
461.0869140625 416.3778991699219 -2.414602041244507
458.09820556640625 413.7193908691406 -2.414602041244507
455.1094970703125 411.0608825683594 -2.414602041244507
452.12078857421875 408.4023742675781 -2.414602041244507
449.132080078125 405.7438659667969 -2.414602041244507
446.14337158203125 403.0853576660156 -2.414602041244507
443.1546630859375 400.4268493652344 -2.414602041244507
440.16595458984375 397.7683410644531 -2.414602041244507
437.17724609375 395.1098327636719 -2.414602041244507
434.18853759765625 392.4513244628906 -2.414602041244507
431.1998291015625 389.7928161621094 -2.414602041244507
428.21112060546875 387.1343078613281 -2.414602041244507
425.222412109375 384.4757995605469 -2.414602041244507
422.23370361328125 381.8172912597656 -2.414602041244507
419.2449951171875 379.1587829589844 -2.414602041244507
416.25628662109375 376.5002746582031 -2.414602041244507
416.25628662109375 376.5002746582031 -2.8146021366119385
412.4682312011719 375.2154846191406 -2.8146021366119385
408.68017578125 373.9306945800781 -2.8146021366119385
404.8921203613281 372.6459045410156 -2.8146021366119385
401.10406494140625 371.3611145019531 -2.8146021366119385
397.3160095214844 370.0763244628906 -2.8146021366119385
393.5279541015625 368.7915344238281 -2.8146021366119385
389.7398986816406 367.5067443847656 -2.8146021366119385
385.95184326171875 366.2219543457031 -2.8146021366119385
382.1637878417969 364.9371643066406 -2.8146021366119385
378.375732421875 363.6523742675781 -2.8146021366119385
374.5876770019531 362.3675842285156 -2.8146021366119385
370.79962158203125 361.0827941894531 -2.8146021366119385
367.0115661621094 359.7980041503906 -2.8146021366119385
363.2235107421875 358.5132141113281 -2.8146021366119385
359.4354553222656 357.2284240722656 -2.8146021366119385
355.64739990234375 355.9436340332031 -2.8146021366119385
351.8593444824219 354.6588439941406 -2.8146021366119385
348.0712890625 353.3740539550781 -2.8146021366119385
344.2832336425781 352.0892639160156 -2.8146021366119385
340.49517822265625 350.8044738769531 -2.8146021366119385
336.7071228027344 349.5196838378906 -2.8146021366119385
332.9190673828125 348.2348937988281 -2.8146021366119385
329.1310119628906 346.9501037597656 -2.8146021366119385
325.34295654296875 345.6653137207031 -2.8146021366119385
321.5549011230469 344.3805236816406 -2.8146021366119385
317.766845703125 343.0957336425781 -2.8146021366119385
313.9787902832031 341.8109436035156 -2.8146021366119385
310.19073486328125 340.5261535644531 -2.8146021366119385
306.4026794433594 339.2413635253906 -2.8146021366119385
302.6146240234375 337.9565734863281 -2.8146021366119385
298.8265686035156 336.6717834472656 -2.8146021366119385
295.03851318359375 335.3869934082031 -2.8146021366119385
291.2504577636719 334.1022033691406 -2.8146021366119385
287.46240234375 332.8174133300781 -2.8146021366119385
287.46240234375 332.8174133300781 -2.414602041244507
284.47369384765625 330.1589050292969 -2.414602041244507
281.4849853515625 327.5003967285156 -2.414602041244507
278.49627685546875 324.8418884277344 -2.414602041244507
275.507568359375 322.1833801269531 -2.414602041244507
272.51885986328125 319.5248718261719 -2.414602041244507
269.5301513671875 316.8663635253906 -2.414602041244507
266.54144287109375 314.2078552246094 -2.414602041244507
263.552734375 311.5493469238281 -2.414602041244507
260.56402587890625 308.8908386230469 -2.414602041244507
257.5753173828125 306.2323303222656 -2.414602041244507
254.58660888671875 303.5738220214844 -2.414602041244507
251.597900390625 300.9153137207031 -2.414602041244507
248.60919189453125 298.2568054199219 -2.414602041244507
245.6204833984375 295.5982971191406 -2.414602041244507
245.6204833984375 295.5982971191406 -2.014601945877075
243.90296936035156 291.9858093261719 -2.014601945877075
242.18545532226562 288.3733215332031 -2.014601945877075
240.4679412841797 284.7608337402344 -2.014601945877075
238.75042724609375 281.1483459472656 -2.014601945877075
237.0329132080078 277.5358581542969 -2.014601945877075
235.31539916992188 273.9233703613281 -2.014601945877075
233.59788513183594 270.3108825683594 -2.014601945877075
231.88037109375 266.6983947753906 -2.014601945877075
231.88037109375 266.6983947753906 -1.614601969718933
231.7052001953125 262.7022399902344 -1.614601969718933
231.530029296875 258.7060852050781 -1.614601969718933
231.3548583984375 254.7099151611328 -1.614601969718933
231.1796875 250.7137451171875 -1.614601969718933
231.0045166015625 246.7175750732422 -1.614601969718933
230.829345703125 242.72140502929688 -1.614601969718933
230.6541748046875 238.72523498535156 -1.614601969718933
230.47900390625 234.72906494140625 -1.614601969718933
230.3038330078125 230.73289489746094 -1.614601969718933
230.128662109375 226.73672485351562 -1.614601969718933
229.9534912109375 222.7405548095703 -1.614601969718933
229.9534912109375 222.7405548095703 -1.214601993560791
231.34832763671875 218.99163818359375 -1.214601993560791
232.7431640625 215.2427215576172 -1.214601993560791
234.13800048828125 211.49380493164062 -1.214601993560791
235.5328369140625 207.74488830566406 -1.214601993560791
236.92767333984375 203.9959716796875 -1.214601993560791
236.92767333984375 203.9959716796875 -0.8146020174026489
239.67230224609375 201.08616638183594 -0.8146020174026489
242.41693115234375 198.17636108398438 -0.8146020174026489
245.16156005859375 195.2665557861328 -0.8146020174026489
247.90618896484375 192.35675048828125 -0.8146020174026489
250.65081787109375 189.4469451904297 -0.8146020174026489
253.39544677734375 186.53713989257812 -0.8146020174026489
256.14007568359375 183.62733459472656 -0.8146020174026489
256.14007568359375 183.62733459472656 -0.41460201144218445
259.8011779785156 182.0160369873047 -0.41460201144218445
263.4622802734375 180.4047393798828 -0.41460201144218445
267.1233825683594 178.79344177246094 -0.41460201144218445
270.78448486328125 177.18214416503906 -0.41460201144218445
274.4455871582031 175.5708465576172 -0.41460201144218445
278.106689453125 173.9595489501953 -0.41460201144218445
281.7677917480469 172.34825134277344 -0.41460201144218445
285.42889404296875 170.73695373535156 -0.41460201144218445
289.0899963378906 169.1256561279297 -0.41460201144218445
292.7510986328125 167.5143585205078 -0.41460201144218445
296.4122009277344 165.90306091308594 -0.41460201144218445
300.07330322265625 164.29176330566406 -0.41460201144218445
303.7344055175781 162.6804656982422 -0.41460201144218445
307.3955078125 161.0691680908203 -0.41460201144218445
311.0566101074219 159.45787048339844 -0.41460201144218445
314.71771240234375 157.84657287597656 -0.41460201144218445
318.3788146972656 156.2352752685547 -0.41460201144218445
322.0399169921875 154.6239776611328 -0.41460201144218445
325.7010192871094 153.01268005371094 -0.41460201144218445
329.36212158203125 151.40138244628906 -0.41460201144218445
333.0232238769531 149.7900848388672 -0.41460201144218445
336.684326171875 148.1787872314453 -0.41460201144218445
340.3454284667969 146.56748962402344 -0.41460201144218445
340.3454284667969 146.56748962402344 -0.01460200548171997
344.3450012207031 146.5090789794922 -0.01460200548171997
348.3445739746094 146.45066833496094 -0.01460200548171997
352.3441467285156 146.3922576904297 -0.01460200548171997
356.3437194824219 146.33384704589844 -0.01460200548171997
360.3432922363281 146.2754364013672 -0.01460200548171997
364.3428649902344 146.21702575683594 -0.01460200548171997
368.3424377441406 146.1586151123047 -0.01460200548171997
372.3420104980469 146.10020446777344 -0.01460200548171997
376.3415832519531 146.0417938232422 -0.01460200548171997
380.3411560058594 145.98338317871094 -0.01460200548171997
384.3407287597656 145.9249725341797 -0.01460200548171997
388.3403015136719 145.86656188964844 -0.01460200548171997
392.3398742675781 145.8081512451172 -0.01460200548171997
396.3394470214844 145.74974060058594 -0.01460200548171997
400.3390197753906 145.6913299560547 -0.01460200548171997
404.3385925292969 145.63291931152344 -0.01460200548171997
408.3381652832031 145.5745086669922 -0.01460200548171997
412.3377380371094 145.51609802246094 -0.01460200548171997
416.3373107910156 145.4576873779297 -0.01460200548171997
420.3368835449219 145.39927673339844 -0.01460200548171997
424.3364562988281 145.3408660888672 -0.01460200548171997
428.3360290527344 145.28245544433594 -0.01460200548171997
432.3356018066406 145.2240447998047 -0.01460200548171997
436.3351745605469 145.16563415527344 -0.01460200548171997
440.3347473144531 145.1072235107422 -0.01460200548171997
444.3343200683594 145.04881286621094 -0.01460200548171997
448.3338928222656 144.9904022216797 -0.01460200548171997
452.3334655761719 144.93199157714844 -0.01460200548171997
456.3330383300781 144.8735809326172 -0.01460200548171997
460.3326110839844 144.81517028808594 -0.01460200548171997
464.3321838378906 144.7567596435547 -0.01460200548171997
468.3317565917969 144.69834899902344 -0.01460200548171997
472.3313293457031 144.6399383544922 -0.01460200548171997
476.3309020996094 144.58152770996094 -0.01460200548171997
480.3304748535156 144.5231170654297 -0.01460200548171997
484.3300476074219 144.46470642089844 -0.01460200548171997
488.3296203613281 144.4062957763672 -0.01460200548171997
492.3291931152344 144.34788513183594 -0.01460200548171997
496.3287658691406 144.2894744873047 -0.01460200548171997
500.3283386230469 144.23106384277344 -0.01460200548171997
504.3279113769531 144.1726531982422 -0.01460200548171997
508.3274841308594 144.11424255371094 -0.01460200548171997
512.3270874023438 144.0558319091797 -0.01460200548171997
516.32666015625 143.99742126464844 -0.01460200548171997
520.3262329101562 143.9390106201172 -0.01460200548171997
524.3258056640625 143.88059997558594 -0.01460200548171997
528.3253784179688 143.8221893310547 -0.01460200548171997
532.324951171875 143.76377868652344 -0.01460200548171997
536.3245239257812 143.7053680419922 -0.01460200548171997
540.3240966796875 143.64695739746094 -0.01460200548171997
544.3236694335938 143.5885467529297 -0.01460200548171997
548.3232421875 143.53013610839844 -0.01460200548171997
552.3228149414062 143.4717254638672 -0.01460200548171997
556.3223876953125 143.41331481933594 -0.01460200548171997
560.3219604492188 143.3549041748047 -0.01460200548171997
564.321533203125 143.29649353027344 -0.01460200548171997
568.3211059570312 143.2380828857422 -0.01460200548171997
572.3206787109375 143.17967224121094 -0.01460200548171997
576.3202514648438 143.1212615966797 -0.01460200548171997
580.31982421875 143.06285095214844 -0.01460200548171997
580.31982421875 143.06285095214844 -0.3716645836830139
580.31982421875 143.06285095214844 -0.7716646194458008
580.31982421875 143.06285095214844 -1.1716645956039429
580.31982421875 143.06285095214844 -1.571664571762085
580.31982421875 143.06285095214844 -1.971664547920227
580.31982421875 143.06285095214844 -2.371664524078369
577.447998046875 140.2785186767578 -2.371664524078369
574.576171875 137.4941864013672 -2.371664524078369
571.704345703125 134.70985412597656 -2.371664524078369
568.83251953125 131.92552185058594 -2.371664524078369
565.960693359375 129.1411895751953 -2.371664524078369
563.0888671875 126.35685729980469 -2.371664524078369
560.217041015625 123.57252502441406 -2.371664524078369
557.34521484375 120.78819274902344 -2.371664524078369
554.473388671875 118.00386047363281 -2.371664524078369
551.6015625 115.21952819824219 -2.371664524078369
548.729736328125 112.43519592285156 -2.371664524078369
545.85791015625 109.65086364746094 -2.371664524078369
542.986083984375 106.86653137207031 -2.371664524078369
540.1142578125 104.08219909667969 -2.371664524078369
537.242431640625 101.29786682128906 -2.371664524078369
534.37060546875 98.51353454589844 -2.371664524078369
531.498779296875 95.72920227050781 -2.371664524078369
528.626953125 92.94486999511719 -2.371664524078369
525.755126953125 90.16053771972656 -2.371664524078369
522.88330078125 87.37620544433594 -2.371664524078369
520.011474609375 84.59187316894531 -2.371664524078369
517.1396484375 81.80754089355469 -2.371664524078369
514.267822265625 79.02320861816406 -2.371664524078369
511.3959655761719 76.23887634277344 -2.371664524078369
508.52410888671875 73.45454406738281 -2.371664524078369
508.52410888671875 73.45454406738281 -2.771664619445801
504.7947082519531 72.00835418701172 -2.771664619445801
501.0653076171875 70.56216430664062 -2.771664619445801
497.3359069824219 69.11597442626953 -2.771664619445801
493.60650634765625 67.66978454589844 -2.771664619445801
489.8771057128906 66.22359466552734 -2.771664619445801
486.147705078125 64.77740478515625 -2.771664619445801
482.4183044433594 63.33121109008789 -2.771664619445801
478.68890380859375 61.88501739501953 -2.771664619445801
474.9595031738281 60.43882369995117 -2.771664619445801
474.9595031738281 60.43882369995117 3.111520528793335
470.9613037109375 60.5590934753418 3.111520528793335
466.9631042480469 60.67936325073242 3.111520528793335
462.96490478515625 60.79963302612305 3.111520528793335
458.9667053222656 60.91990280151367 3.111520528793335
454.968505859375 61.0401725769043 3.111520528793335
450.9703063964844 61.16044235229492 3.111520528793335
446.97210693359375 61.28071212768555 3.111520528793335
442.9739074707031 61.40098190307617 3.111520528793335
438.9757080078125 61.5212516784668 3.111520528793335
434.9775085449219 61.64152145385742 3.111520528793335
430.97930908203125 61.76179122924805 3.111520528793335
426.9811096191406 61.88206100463867 3.111520528793335
422.98291015625 62.0023307800293 3.111520528793335
418.9847106933594 62.12260055541992 3.111520528793335
414.98651123046875 62.24287033081055 3.111520528793335
410.9883117675781 62.36314010620117 3.111520528793335
410.9883117675781 62.36314010620117 -2.771664619445801
407.2589111328125 60.91694641113281 -2.771664619445801
403.5295104980469 59.47075271606445 -2.771664619445801
399.80010986328125 58.024559020996094 -2.771664619445801
396.0707092285156 56.578365325927734 -2.771664619445801
392.34130859375 55.132171630859375 -2.771664619445801
392.34130859375 55.132171630859375 3.111520528793335
388.3431091308594 55.25244140625 3.111520528793335
384.34490966796875 55.372711181640625 3.111520528793335
380.3467102050781 55.49298095703125 3.111520528793335
376.3485107421875 55.613250732421875 3.111520528793335
372.3503112792969 55.7335205078125 3.111520528793335
368.35211181640625 55.853790283203125 3.111520528793335
364.3539123535156 55.97406005859375 3.111520528793335
360.355712890625 56.094329833984375 3.111520528793335
356.3575134277344 56.214599609375 3.111520528793335
352.35931396484375 56.334869384765625 3.111520528793335
348.3611145019531 56.45513916015625 3.111520528793335
344.3629150390625 56.575408935546875 3.111520528793335
340.3647155761719 56.6956787109375 3.111520528793335
336.36651611328125 56.815948486328125 3.111520528793335
332.3683166503906 56.93621826171875 3.111520528793335
328.3701171875 57.056488037109375 3.111520528793335
324.3719177246094 57.1767578125 3.111520528793335
320.37371826171875 57.297027587890625 3.111520528793335
316.3755187988281 57.41729736328125 3.111520528793335
312.3773193359375 57.537567138671875 3.111520528793335
308.3791198730469 57.6578369140625 3.111520528793335
304.38092041015625 57.778106689453125 3.111520528793335
300.3827209472656 57.89837646484375 3.111520528793335
296.384521484375 58.018646240234375 3.111520528793335
292.3863220214844 58.138916015625 3.111520528793335
288.38812255859375 58.259185791015625 3.111520528793335
284.3899230957031 58.37945556640625 3.111520528793335
280.3917236328125 58.499725341796875 3.111520528793335
276.3935241699219 58.6199951171875 3.111520528793335
272.39532470703125 58.740264892578125 3.111520528793335
268.3971252441406 58.86053466796875 3.111520528793335
264.39892578125 58.980804443359375 3.111520528793335
260.4007263183594 59.10107421875 3.111520528793335
256.40252685546875 59.221343994140625 3.111520528793335
252.4043426513672 59.34161376953125 3.111520528793335
248.40615844726562 59.461883544921875 3.111520528793335
244.40797424316406 59.5821533203125 3.111520528793335
240.4097900390625 59.702423095703125 3.111520528793335
236.41160583496094 59.82269287109375 3.111520528793335
232.41342163085938 59.942962646484375 3.111520528793335
228.4152374267578 60.063232421875 3.111520528793335
224.41705322265625 60.183502197265625 3.111520528793335
220.4188690185547 60.30377197265625 3.111520528793335
216.42068481445312 60.424041748046875 3.111520528793335
212.42250061035156 60.5443115234375 3.111520528793335
208.42431640625 60.664581298828125 3.111520528793335
204.42613220214844 60.78485107421875 3.111520528793335
200.42794799804688 60.905120849609375 3.111520528793335
196.4297637939453 61.025390625 3.111520528793335
192.43157958984375 61.145660400390625 3.111520528793335
188.4333953857422 61.26593017578125 3.111520528793335
184.43521118164062 61.386199951171875 3.111520528793335
180.43702697753906 61.5064697265625 3.111520528793335
176.4388427734375 61.626739501953125 3.111520528793335
172.44065856933594 61.74700927734375 3.111520528793335
168.44247436523438 61.867279052734375 3.111520528793335
164.4442901611328 61.987548828125 3.111520528793335
160.44610595703125 62.107818603515625 3.111520528793335
156.4479217529297 62.22808837890625 3.111520528793335
152.44973754882812 62.348358154296875 3.111520528793335
148.45155334472656 62.4686279296875 3.111520528793335
144.453369140625 62.588897705078125 3.111520528793335
140.45518493652344 62.70916748046875 3.111520528793335
136.45700073242188 62.829437255859375 3.111520528793335
132.4588165283203 62.94970703125 3.111520528793335
128.46063232421875 63.069976806640625 3.111520528793335
124.46244049072266 63.19024658203125 3.111520528793335
120.46424865722656 63.310516357421875 3.111520528793335
116.46605682373047 63.4307861328125 3.111520528793335
112.46786499023438 63.551055908203125 3.111520528793335
108.46967315673828 63.67132568359375 3.111520528793335
104.47148132324219 63.791595458984375 3.111520528793335
100.4732894897461 63.911865234375 3.111520528793335
96.47509765625 64.03213500976562 3.111520528793335
92.4769058227539 64.15240478515625 3.111520528793335
88.47871398925781 64.27267456054688 3.111520528793335
84.48052215576172 64.3929443359375 3.111520528793335
80.48233032226562 64.51321411132812 3.111520528793335
76.48413848876953 64.63348388671875 3.111520528793335
72.48594665527344 64.75375366210938 3.111520528793335
68.48775482177734 64.8740234375 3.111520528793335
64.48956298828125 64.99429321289062 3.111520528793335
60.491371154785156 65.11456298828125 3.111520528793335
56.49317932128906 65.23483276367188 3.111520528793335
52.49498748779297 65.3551025390625 3.111520528793335
48.496795654296875 65.47537231445312 3.111520528793335
44.49860382080078 65.59564208984375 3.111520528793335
40.50041198730469 65.71591186523438 3.111520528793335
36.502220153808594 65.836181640625 3.111520528793335
32.5040283203125 65.95645141601562 3.111520528793335
28.505836486816406 66.07672119140625 3.111520528793335
24.507644653320312 66.19699096679688 3.111520528793335
20.50945281982422 66.3172607421875 3.111520528793335
16.511260986328125 66.43753051757812 3.111520528793335
16.511260986328125 66.43753051757812 3.111520528793335
16.511260986328125 66.43753051757812 3.111520528793335
16.511260986328125 66.43753051757812 3.111520528793335
16.511260986328125 66.43753051757812 3.111520528793335
16.511260986328125 66.43753051757812 3.111520528793335
16.511260986328125 66.43753051757812 3.111520528793335
16.511260986328125 66.43753051757812 3.111520528793335
16.511260986328125 66.43753051757812 3.111520528793335
16.511260986328125 66.43753051757812 3.111520528793335
16.511260986328125 66.43753051757812 3.111520528793335
