62.643028259277344 452.55963134765625 0.7533456683158875
65.36672973632812 455.03326416015625 0.7212931513786316
68.16830444335938 457.4183349609375 0.6892406344413757
71.04487609863281 459.71240234375 0.6571881175041199
73.99348449707031 461.9131164550781 0.625135600566864
77.0111083984375 464.0181884765625 0.5930830836296082
80.09464263916016 466.0254821777344 0.5610305666923523
83.24092102050781 467.93292236328125 0.5289780497550964
86.44670867919922 469.7385559082031 0.4969255328178406
86.44670867919922 469.7385559082031 0.0969255268573761
90.1139907836914 470.035888671875 0.06487302482128143
93.7889175415039 470.2155456542969 0.03282051905989647
97.46771240234375 470.27734375 0.0007680132985115051
101.14659881591797 470.22119140625 -0.03128449246287346
104.8218002319336 470.04718017578125 -0.06333699822425842
108.48954010009766 469.7554931640625 -0.09538950026035309
112.14604187011719 469.3464050292969 -0.12744200229644775
115.78755950927734 468.8203430175781 -0.15949450433254242
119.41034698486328 468.1778564453125 -0.19154700636863708
119.41034698486328 468.1778564453125 -0.5915470123291016
119.41034698486328 468.1778564453125 -0.9915469884872437
121.37478637695312 465.0668640136719 -1.0235995054244995
123.23851776123047 461.8945007324219 -1.0556520223617554
124.99962615966797 458.6640319824219 -1.0877045392990112
126.65630340576172 455.3787841796875 -1.119757056236267
128.20684814453125 452.0421447753906 -1.151809573173523
129.64967346191406 448.65753173828125 -1.1838620901107788
130.98329162597656 445.2284240722656 -1.2159146070480347
132.20632934570312 441.7583312988281 -1.2479671239852905
133.318603515625 438.2488098144531 -1.279794692993164
134.31863403320312 434.7056579589844 -1.3116222620010376
135.20541381835938 431.1324768066406 -1.3434498310089111
135.97802734375 427.53289794921875 -1.3752774000167847
136.63571166992188 423.9105529785156 -1.4071049690246582
137.1777801513672 420.26910400390625 -1.4389325380325317
137.60369873046875 416.61224365234375 -1.4707601070404053
137.9130401611328 412.9436950683594 -1.5025876760482788
138.10548400878906 409.26715087890625 -1.5344152450561523
138.1803741455078 405.58856201171875 -1.5664658546447754
138.13734436035156 401.90948486328125 -1.5985183715820312
137.97642517089844 398.2336730957031 -1.630570888519287
137.6977996826172 394.5649108886719 -1.662623405456543
137.30174255371094 390.906982421875 -1.6946759223937988
136.78866577148438 387.26361083984375 -1.7267284393310547
136.15908813476562 383.6385498046875 -1.7587809562683105
135.41366577148438 380.0355224609375 -1.7908334732055664
134.55316162109375 376.458251953125 -1.8228859901428223
133.57846069335938 372.910400390625 -1.8549385070800781
132.4905548095703 369.3955993652344 -1.886991024017334
131.2905731201172 365.91748046875 -1.9190435409545898
129.979736328125 362.4795837402344 -1.9510960578918457
128.49493408203125 358.765380859375 -1.9510960578918457
127.01013946533203 355.0511779785156 -1.9510960578918457
125.52534484863281 351.33697509765625 -1.9510960578918457
124.0405502319336 347.6227722167969 -1.9510960578918457
122.55575561523438 343.9085693359375 -1.9510960578918457
121.07096099853516 340.1943664550781 -1.9510960578918457
119.58616638183594 336.48016357421875 -1.9510960578918457
118.10137176513672 332.7659606933594 -1.9510960578918457
116.6165771484375 329.0517578125 -1.9510960578918457
115.13178253173828 325.3375549316406 -1.9510960578918457
113.64698791503906 321.62335205078125 -1.9510960578918457
112.16219329833984 317.9091491699219 -1.9510960578918457
110.67739868164062 314.1949462890625 -1.9510960578918457
109.1926040649414 310.4807434082031 -1.9510960578918457
107.70780944824219 306.76654052734375 -1.9510960578918457
106.22301483154297 303.0523376464844 -1.9510960578918457
104.73822021484375 299.338134765625 -1.9510960578918457
103.25342559814453 295.6239318847656 -1.9510960578918457
101.76863098144531 291.90972900390625 -1.9510960578918457
101.76863098144531 291.90972900390625 -1.5510960817337036
101.78215026855469 288.2304382324219 -1.5831485986709595
101.67774963378906 284.5526123046875 -1.6152011156082153
101.4555435180664 280.8800048828125 -1.6472536325454712
101.11575317382812 277.2164001464844 -1.679306149482727
100.65872955322266 273.5655822753906 -1.711358666419983
100.08494567871094 269.9312744140625 -1.7434111833572388
99.39498138427734 266.3172302246094 -1.7754637002944946
98.58955383300781 262.7271423339844 -1.8075162172317505
97.66948699951172 259.16473388671875 -1.8395687341690063
96.63572692871094 255.6336212158203 -1.8716212511062622
95.48934173583984 252.137451171875 -1.903673768043518
94.23149871826172 248.67982482910156 -1.935726284980774
92.86349487304688 245.2642822265625 -1.9677788019180298
91.3867416381836 241.8943328857422 -1.9998313188552856
89.80274963378906 238.5734405517578 -2.031883716583252
88.11314392089844 235.3050079345703 -2.063936233520508
86.31966400146484 232.0924072265625 -2.0959887504577637
84.42414855957031 228.93893432617188 -2.1280412673950195
82.42855072021484 225.8478240966797 -2.1600937843322754
80.33491516113281 222.82225036621094 -2.1921463012695312
80.33491516113281 222.82225036621094 -1.7921463251113892
79.46971130371094 219.24610900878906 -1.824198842048645
78.49034881591797 215.69952392578125 -1.8562513589859009
77.3978271484375 212.1861572265625 -1.8883038759231567
76.19327545166016 208.7095947265625 -1.9203563928604126
74.8779296875 205.27342224121094 -1.9524089097976685
73.45314025878906 201.8811798095703 -1.9844614267349243
71.92037200927734 198.5363311767578 -2.0165138244628906
70.28119659423828 195.24232482910156 -2.0485663414001465
68.53730010986328 192.00253295898438 -2.0806188583374023
66.69047546386719 188.82029724121094 -2.112671375274658
64.74262237548828 185.69888305664062 -2.144723892211914
62.695735931396484 182.64149475097656 -2.17677640914917
60.551918029785156 179.65127563476562 -2.208828926086426
58.31337356567383 176.73129272460938 -2.2408814430236816
55.98240280151367 173.88455200195312 -2.2729339599609375
53.5614013671875 171.1139678955078 -2.3049864768981934
51.052852630615234 168.42239379882812 -2.337038993835449
48.45933532714844 165.81259155273438 -2.369091510772705
45.78351593017578 163.28724670410156 -2.401144027709961
43.028141021728516 160.8489532470703 -2.433196544647217
40.196041107177734 158.50021362304688 -2.4652490615844727
37.290122985839844 156.24343872070312 -2.4973015785217285
37.290122985839844 156.24343872070312 -2.5293540954589844
37.290122985839844 156.24343872070312 -2.5614066123962402
37.290122985839844 156.24343872070312 -2.593459129333496
37.290122985839844 156.24343872070312 -2.625511646270752
37.290122985839844 156.24343872070312 -2.657564163208008
34.006439208984375 154.58367919921875 -2.6896166801452637
34.006439208984375 154.58367919921875 -2.7214443683624268
34.006439208984375 154.58367919921875 -2.7533977031707764
34.006439208984375 154.58367919921875 -2.7854502201080322
34.006439208984375 154.58367919921875 -2.817502737045288
34.006439208984375 154.58367919921875 -2.849555253982544
34.006439208984375 154.58367919921875 -2.8816077709198
34.006439208984375 154.58367919921875 -2.9136602878570557
34.006439208984375 154.58367919921875 -2.9457128047943115
34.006439208984375 154.58367919921875 -2.9777653217315674
34.006439208984375 154.58367919921875 -3.0098178386688232
