-392.38776927894315
-394.6541542176151
-396.7946541106215
-398.8051396402608
-400.681740075915
-402.4156127504331
-402.4156127504331
-402.6916969057319
-402.81105397822046
-402.7734565554722
-402.5789890227498
-402.2279866072029
-401.721072151906
-401.0590989496247
-400.2432509339757
-399.274961430952
-398.15595346987243
-396.8882226290481
-395.47405325649277
-393.91600218306
-392.21691838612463
-390.37993225083466
-388.40850535363853
-386.3063310477023
-384.0774255490834
-381.72614257464375
-379.2570855072011
-376.67519602909744
-373.9857492519381
-371.1943229875641
-368.3067981285448
-365.3294229419998
-362.2687454323148
-358.6897750901554
-355.1197901843044
-351.5590644487177
-348.0078820957451
-344.46653828009124
-341.3684923155753
-337.74831756193737
-334.5846537964434
-331.3549177001832
-328.066682621334
-324.2370175618971
-320.90149785857744
-317.5231535798171
-313.59754759841223
-309.6738455121702
-305.75212061888186
-302.3439803825796
-298.9093056780709
-294.9275305680185
-290.946255738908
-287.494902211477
-283.4988873562672
-283.4988873562672
-279.75173060612036
-276.0116711535174
-272.27900146679656
-268.5540296802757
-264.83708061038817
-261.12849684764836
-257.4286419206308
-253.73789549991398
-250.05666090065873
-246.38536447054977
-242.72445716536507
-239.07441624647643
-235.43574711033725
-231.80898526081498
-228.19469843607595
-224.5934889026203
-221.00599592999293
-217.43289846065508
-213.87491799047382
-210.3328216762641
-206.8074256877716
-203.2995988223885
-199.81026640170893
-196.34042959791842
-192.89112460904164
-189.463472823283
-186.0586709579787
-182.6779966665725
-179.32281454585632
-175.9945825593938
-172.69485888970576
-169.42530922706885
-166.18771449632737
-162.98397901453427
-159.8161390610469
-156.68637182736097
-153.5970046958487
-150.55052477398914
-147.5495885828994
-144.597031765229
-141.69587863702603
-138.84935136036964
-136.0608784579328
-133.33410232707067
-130.67288533991874
-128.08131403848785
-125.56370085205498
-123.12458268183232
-120.76871562022502
-118.50106500624628
-116.32678997437709
-114.25122164311188
-114.25122164311188
-114.25122164311188
-114.25122164311188
-114.25122164311188
-114.25122164311188
-114.25122164311188
-114.25122164311188
-114.25122164311188
-114.25122164311188
-114.25122164311188
