-392.35744375547097
-394.58480984429684
-396.6769412063096
-398.6290655479827
-400.4367997526805
-402.0960946827075
-402.0960946827075
-402.28907036432656
-402.31386231566745
-402.17043298423783
-401.859048903118
-401.3803771114519
-400.7354304500307
-399.92551675912387
-398.95234129716835
-397.8179592713068
-396.5247923049967
-395.07558789072544
-393.4734683862039
-391.7219242048105
-389.824808417934
-387.7863348138949
-385.6111059643472
-383.3040814574791
-380.8705819723265
-378.31638271022615
-375.6475652962323
-372.8706499338481
-369.99255953461596
-366.57919996394486
-363.1778154391311
-360.2257837301468
-356.7286772676903
-353.2422439364349
-349.76680290198215
-346.30268511554266
-343.2988500288156
-339.7439305224085
-336.66525662494723
-333.5110443436359
-329.78781612551046
-326.5717129409636
-323.29670484471
-319.44090613008353
-315.5886972337382
-312.2696244185021
-308.3667181735733
-305.0083647200988
-301.0645364366024
-297.12221025736096
-293.73438519293785
-289.7612396295618
-286.3517715420175
-282.3591144948084
-278.36666789259954
-274.9457131496362
-270.9457618358378
-266.9458118054531
-263.5239774908211
-259.52972412947514
-255.5356508696014
-251.5417662903535
-247.54807952412293
-244.13792871928973
-240.1650456162915
-236.1930757401734
-232.22206826483813
-228.25207342029321
-224.28314497972121
-220.3153405761712
-216.93523098240516
-213.00721578384147
-209.0819300442241
-205.15953043056737
-201.24018570455374
-201.24018570455374
-197.95892180952512
-194.7045381536439
-191.4784053184734
-188.281975507575
-185.1167873824853
-181.98447107552104
-178.88675335672494
-175.82546292397475
-172.80253577536993
-169.82002061127446
-166.88008419963435
-163.98501662221497
-161.13723630107003
-158.3392946837687
-155.59388044266876
-152.90382301796564
-150.27209530667662
-147.701815270687
-145.19624620733518
-142.75879539696928
-140.39301081511883
-138.10257557454204
-135.89129974710607
-133.76310921042938
-131.72203117311992
-129.77217605924312
-127.91771548138948
-126.16285610611358
-124.51180931852942
-122.9687567260214
-121.53781170385096
-121.53781170385096
-121.53781170385096
-121.53781170385096
-121.53781170385096
-121.53781170385096
-121.53781170385096
-121.53781170385096
-121.53781170385096
-121.53781170385096
-121.53781170385096
