62.828426361083984 452.82843017578125 0.7853981852531433
65.65685272216797 455.6568603515625 0.7853981852531433
68.48528289794922 458.48529052734375 0.7853981852531433
71.31371307373047 461.313720703125 0.7853981852531433
74.14214324951172 464.14215087890625 0.7853981852531433
76.97057342529297 466.9705810546875 0.7853981852531433
79.79900360107422 469.79901123046875 0.7853981852531433
82.62743377685547 472.62744140625 0.7853981852531433
85.45586395263672 475.45587158203125 0.7853981852531433
88.28429412841797 478.2843017578125 0.7853981852531433
91.11272430419922 481.11273193359375 0.7853981852531433
93.94115447998047 483.941162109375 0.7853981852531433
96.76958465576172 486.76959228515625 0.7853981852531433
99.59801483154297 489.5980224609375 0.7853981852531433
102.42644500732422 492.42645263671875 0.7853981852531433
105.25487518310547 495.2548828125 0.7853981852531433
108.08330535888672 498.08331298828125 0.7853981852531433
110.91173553466797 500.9117431640625 0.7853981852531433
113.74016571044922 503.74017333984375 0.7853981852531433
116.56859588623047 506.568603515625 0.7853981852531433
119.39702606201172 509.39703369140625 0.7853981852531433
122.22545623779297 512.2254638671875 0.7853981852531433
125.05388641357422 515.0538940429688 0.7853981852531433
127.88231658935547 517.88232421875 0.7853981852531433
130.7107391357422 520.7107543945312 0.7853981852531433
133.53916931152344 523.5391845703125 0.7853981852531433
133.53916931152344 523.5391845703125 0.38539817929267883
137.24575805664062 525.0429077148438 0.38539817929267883
140.9523468017578 526.546630859375 0.38539817929267883
144.658935546875 528.0503540039062 0.38539817929267883
148.3655242919922 529.5540771484375 0.38539817929267883
148.3655242919922 529.5540771484375 -0.014601826667785645
152.36509704589844 529.4956665039062 -0.014601826667785645
156.3646697998047 529.437255859375 -0.014601826667785645
160.36424255371094 529.3788452148438 -0.014601826667785645
164.3638153076172 529.3204345703125 -0.014601826667785645
168.36338806152344 529.2620239257812 -0.014601826667785645
172.3629608154297 529.20361328125 -0.014601826667785645
172.3629608154297 529.20361328125 -0.4146018326282501
176.02406311035156 527.59228515625 -0.4146018326282501
179.68516540527344 525.98095703125 -0.4146018326282501
183.3462677001953 524.36962890625 -0.4146018326282501
187.0073699951172 522.75830078125 -0.4146018326282501
190.66847229003906 521.14697265625 -0.4146018326282501
194.32957458496094 519.53564453125 -0.4146018326282501
197.9906768798828 517.92431640625 -0.4146018326282501
201.6517791748047 516.31298828125 -0.4146018326282501
205.31288146972656 514.70166015625 -0.4146018326282501
208.97398376464844 513.09033203125 -0.4146018326282501
212.6350860595703 511.4790344238281 -0.4146018326282501
216.2961883544922 509.86773681640625 -0.4146018326282501
219.95729064941406 508.2564392089844 -0.4146018326282501
223.61839294433594 506.6451416015625 -0.4146018326282501
227.2794952392578 505.0338439941406 -0.4146018326282501
230.9405975341797 503.42254638671875 -0.4146018326282501
230.9405975341797 503.42254638671875 -0.8146018385887146
233.6852264404297 500.5127258300781 -0.8146018385887146
236.4298553466797 497.6029052734375 -0.8146018385887146
239.1744842529297 494.6930847167969 -0.8146018385887146
241.9191131591797 491.78326416015625 -0.8146018385887146
244.6637420654297 488.8734436035156 -0.8146018385887146
247.4083709716797 485.963623046875 -0.8146018385887146
250.1529998779297 483.0538024902344 -0.8146018385887146
252.8976287841797 480.14398193359375 -0.8146018385887146
255.6422576904297 477.2341613769531 -0.8146018385887146
258.38690185546875 474.3243408203125 -0.8146018385887146
261.13153076171875 471.4145202636719 -0.8146018385887146
263.87615966796875 468.50469970703125 -0.8146018385887146
266.62078857421875 465.5948791503906 -0.8146018385887146
269.36541748046875 462.68505859375 -0.8146018385887146
272.11004638671875 459.7752380371094 -0.8146018385887146
274.85467529296875 456.86541748046875 -0.8146018385887146
277.59930419921875 453.9555969238281 -0.8146018385887146
277.59930419921875 453.9555969238281 -0.4146018326282501
281.2604064941406 452.34429931640625 -0.4146018326282501
281.2604064941406 452.34429931640625 -0.014601826667785645
285.2599792480469 452.285888671875 -0.014601826667785645
289.2595520019531 452.22747802734375 -0.014601826667785645
293.2591247558594 452.1690673828125 -0.014601826667785645
297.2586975097656 452.11065673828125 -0.014601826667785645
301.2582702636719 452.05224609375 -0.014601826667785645
305.2578430175781 451.99383544921875 -0.014601826667785645
305.2578430175781 451.99383544921875 0.38539817929267883
308.9644470214844 453.49755859375 0.38539817929267883
312.6710510253906 455.00128173828125 0.38539817929267883
316.3776550292969 456.5050048828125 0.38539817929267883
320.0842590332031 458.00872802734375 0.38539817929267883
323.7908630371094 459.512451171875 0.38539817929267883
327.4974670410156 461.01617431640625 0.38539817929267883
331.2040710449219 462.5198974609375 0.38539817929267883
334.9106750488281 464.02362060546875 0.38539817929267883
338.6172790527344 465.52734375 0.38539817929267883
342.3238830566406 467.03106689453125 0.38539817929267883
342.3238830566406 467.03106689453125 0.7853981852531433
345.1523132324219 469.8594970703125 0.7853981852531433
347.9807434082031 472.68792724609375 0.7853981852531433
350.8091735839844 475.516357421875 0.7853981852531433
353.6376037597656 478.34478759765625 0.7853981852531433
356.4660339355469 481.1732177734375 0.7853981852531433
359.2944641113281 484.00164794921875 0.7853981852531433
362.1228942871094 486.830078125 0.7853981852531433
364.9513244628906 489.65850830078125 0.7853981852531433
367.7797546386719 492.4869384765625 0.7853981852531433
370.6081848144531 495.31536865234375 0.7853981852531433
373.4366149902344 498.143798828125 0.7853981852531433
376.2650451660156 500.97222900390625 0.7853981852531433
379.0934753417969 503.8006591796875 0.7853981852531433
381.9219055175781 506.62908935546875 0.7853981852531433
384.7503356933594 509.45751953125 0.7853981852531433
387.5787658691406 512.2859497070312 0.7853981852531433
390.4071960449219 515.1143798828125 0.7853981852531433
393.2356262207031 517.9428100585938 0.7853981852531433
396.0640563964844 520.771240234375 0.7853981852531433
398.8924865722656 523.5996704101562 0.7853981852531433
401.7209167480469 526.4281005859375 0.7853981852531433
401.7209167480469 526.4281005859375 0.38539817929267883
405.4275207519531 527.9318237304688 0.38539817929267883
409.1341247558594 529.435546875 0.38539817929267883
412.8407287597656 530.9392700195312 0.38539817929267883
416.5473327636719 532.4429931640625 0.38539817929267883
420.2539367675781 533.9467163085938 0.38539817929267883
423.9605407714844 535.450439453125 0.38539817929267883
427.6671447753906 536.9541625976562 0.38539817929267883
431.3737487792969 538.4578857421875 0.38539817929267883
435.0803527832031 539.9616088867188 0.38539817929267883
438.7869567871094 541.46533203125 0.38539817929267883
442.4935607910156 542.9690551757812 0.38539817929267883
446.2001647949219 544.4727783203125 0.38539817929267883
449.9067687988281 545.9765014648438 0.38539817929267883
453.6133728027344 547.480224609375 0.38539817929267883
453.6133728027344 547.480224609375 -0.014601826667785645
457.6129455566406 547.4218139648438 -0.014601826667785645
461.6125183105469 547.3634033203125 -0.014601826667785645
465.6120910644531 547.3049926757812 -0.014601826667785645
469.6116638183594 547.24658203125 -0.014601826667785645
473.6112365722656 547.1881713867188 -0.014601826667785645
477.6108093261719 547.1297607421875 -0.014601826667785645
481.6103820800781 547.0713500976562 -0.014601826667785645
485.6099548339844 547.012939453125 -0.014601826667785645
489.6095275878906 546.9545288085938 -0.014601826667785645
493.6091003417969 546.8961181640625 -0.014601826667785645
497.6086730957031 546.8377075195312 -0.014601826667785645
497.6086730957031 546.8377075195312 -0.4146018326282501
501.269775390625 545.2263793945312 -0.4146018326282501
504.9308776855469 543.6150512695312 -0.4146018326282501
508.59197998046875 542.0037231445312 -0.4146018326282501
512.2531127929688 540.3923950195312 -0.4146018326282501
515.9142456054688 538.7810668945312 -0.4146018326282501
519.5753784179688 537.1697387695312 -0.4146018326282501
523.2365112304688 535.5584106445312 -0.4146018326282501
526.8976440429688 533.9470825195312 -0.4146018326282501
526.8976440429688 533.9470825195312 -0.8146018385887146
526.8976440429688 533.9470825195312 -1.2146018743515015
528.29248046875 530.1981811523438 -1.2146018743515015
529.6873168945312 526.4492797851562 -1.2146018743515015
531.0821533203125 522.7003784179688 -1.2146018743515015
532.4769897460938 518.9514770507812 -1.2146018743515015
533.871826171875 515.2025756835938 -1.2146018743515015
535.2666625976562 511.4536437988281 -1.2146018743515015
535.2666625976562 511.4536437988281 -1.6146018505096436
535.0914916992188 507.4574890136719 -1.6146018505096436
534.9163208007812 503.4613342285156 -1.6146018505096436
534.7411499023438 499.4651794433594 -1.6146018505096436
534.5659790039062 495.4690246582031 -1.6146018505096436
534.3908081054688 491.4728698730469 -1.6146018505096436
534.2156372070312 487.4767150878906 -1.6146018505096436
534.0404663085938 483.4805603027344 -1.6146018505096436
533.8652954101562 479.4844055175781 -1.6146018505096436
533.8652954101562 479.4844055175781 -2.014601945877075
532.1477661132812 475.8719177246094 -2.014601945877075
530.4302368164062 472.2594299316406 -2.014601945877075
528.7127075195312 468.6469421386719 -2.014601945877075
528.7127075195312 468.6469421386719 -2.414602041244507
525.7239990234375 465.9884338378906 -2.414602041244507
522.7352905273438 463.3299255371094 -2.414602041244507
519.74658203125 460.6714172363281 -2.414602041244507
516.7578735351562 458.0129089355469 -2.414602041244507
513.7691650390625 455.3544006347656 -2.414602041244507
510.78045654296875 452.6958923339844 -2.414602041244507
507.791748046875 450.0373840332031 -2.414602041244507
504.80303955078125 447.3788757324219 -2.414602041244507
501.8143310546875 444.7203674316406 -2.414602041244507
498.82562255859375 442.0618591308594 -2.414602041244507
495.8369140625 439.4033508300781 -2.414602041244507
492.84820556640625 436.7448425292969 -2.414602041244507
489.8594970703125 434.0863342285156 -2.414602041244507
486.87078857421875 431.4278259277344 -2.414602041244507
483.882080078125 428.7693176269531 -2.414602041244507
480.89337158203125 426.1108093261719 -2.414602041244507
477.9046630859375 423.4523010253906 -2.414602041244507
474.91595458984375 420.7937927246094 -2.414602041244507
471.92724609375 418.1352844238281 -2.414602041244507
468.93853759765625 415.4767761230469 -2.414602041244507
465.9498291015625 412.8182678222656 -2.414602041244507
462.96112060546875 410.1597595214844 -2.414602041244507
459.972412109375 407.5012512207031 -2.414602041244507
456.98370361328125 404.8427429199219 -2.414602041244507
453.9949951171875 402.1842346191406 -2.414602041244507
451.00628662109375 399.5257263183594 -2.414602041244507
448.017578125 396.8672180175781 -2.414602041244507
445.02886962890625 394.2087097167969 -2.414602041244507
442.0401611328125 391.5502014160156 -2.414602041244507
439.05145263671875 388.8916931152344 -2.414602041244507
436.062744140625 386.2331848144531 -2.414602041244507
433.07403564453125 383.5746765136719 -2.414602041244507
430.0853271484375 380.9161682128906 -2.414602041244507
430.0853271484375 380.9161682128906 -2.8146021366119385
426.2972717285156 379.6313781738281 -2.8146021366119385
422.50921630859375 378.3465881347656 -2.8146021366119385
418.7211608886719 377.0617980957031 -2.8146021366119385
414.93310546875 375.7770080566406 -2.8146021366119385
411.1450500488281 374.4922180175781 -2.8146021366119385
407.35699462890625 373.2074279785156 -2.8146021366119385
403.5689392089844 371.9226379394531 -2.8146021366119385
399.7808837890625 370.6378479003906 -2.8146021366119385
395.9928283691406 369.3530578613281 -2.8146021366119385
392.20477294921875 368.0682678222656 -2.8146021366119385
388.4167175292969 366.7834777832031 -2.8146021366119385
384.628662109375 365.4986877441406 -2.8146021366119385
380.8406066894531 364.2138977050781 -2.8146021366119385
377.05255126953125 362.9291076660156 -2.8146021366119385
373.2644958496094 361.6443176269531 -2.8146021366119385
369.4764404296875 360.3595275878906 -2.8146021366119385
365.6883850097656 359.0747375488281 -2.8146021366119385
361.90032958984375 357.7899475097656 -2.8146021366119385
358.1122741699219 356.5051574707031 -2.8146021366119385
354.32421875 355.2203674316406 -2.8146021366119385
350.5361633300781 353.9355773925781 -2.8146021366119385
346.74810791015625 352.6507873535156 -2.8146021366119385
342.9600524902344 351.3659973144531 -2.8146021366119385
339.1719970703125 350.0812072753906 -2.8146021366119385
335.3839416503906 348.7964172363281 -2.8146021366119385
331.59588623046875 347.5116271972656 -2.8146021366119385
327.8078308105469 346.2268371582031 -2.8146021366119385
324.019775390625 344.9420471191406 -2.8146021366119385
320.2317199707031 343.6572570800781 -2.8146021366119385
316.44366455078125 342.3724670410156 -2.8146021366119385
312.6556091308594 341.0876770019531 -2.8146021366119385
308.8675537109375 339.8028869628906 -2.8146021366119385
305.0794982910156 338.5180969238281 -2.8146021366119385
301.29144287109375 337.2333068847656 -2.8146021366119385
297.5033874511719 335.9485168457031 -2.8146021366119385
293.71533203125 334.6637268066406 -2.8146021366119385
289.9272766113281 333.3789367675781 -2.8146021366119385
286.13922119140625 332.0941467285156 -2.8146021366119385
286.13922119140625 332.0941467285156 -2.414602041244507
283.1505126953125 329.4356384277344 -2.414602041244507
280.16180419921875 326.7771301269531 -2.414602041244507
277.173095703125 324.1186218261719 -2.414602041244507
274.18438720703125 321.4601135253906 -2.414602041244507
271.1956787109375 318.8016052246094 -2.414602041244507
268.20697021484375 316.1430969238281 -2.414602041244507
265.21826171875 313.4845886230469 -2.414602041244507
262.22955322265625 310.8260803222656 -2.414602041244507
259.2408447265625 308.1675720214844 -2.414602041244507
259.2408447265625 308.1675720214844 -2.014601945877075
257.5233154296875 304.5550842285156 -2.014601945877075
255.80580139160156 300.9425964355469 -2.014601945877075
254.08828735351562 297.3301086425781 -2.014601945877075
252.3707733154297 293.7176208496094 -2.014601945877075
250.65325927734375 290.1051330566406 -2.014601945877075
248.9357452392578 286.4926452636719 -2.014601945877075
247.21823120117188 282.8801574707031 -2.014601945877075
245.50071716308594 279.2676696777344 -2.014601945877075
243.783203125 275.6551818847656 -2.014601945877075
243.783203125 275.6551818847656 -1.614601969718933
243.6080322265625 271.6590270996094 -1.614601969718933
243.432861328125 267.6628723144531 -1.614601969718933
243.2576904296875 263.6667175292969 -1.614601969718933
243.08251953125 259.6705627441406 -1.614601969718933
242.9073486328125 255.6743927001953 -1.614601969718933
242.732177734375 251.67822265625 -1.614601969718933
242.5570068359375 247.6820526123047 -1.614601969718933
242.3818359375 243.68588256835938 -1.614601969718933
242.2066650390625 239.68971252441406 -1.614601969718933
242.031494140625 235.69354248046875 -1.614601969718933
241.8563232421875 231.69737243652344 -1.614601969718933
241.68115234375 227.70120239257812 -1.614601969718933
241.5059814453125 223.7050323486328 -1.614601969718933
241.330810546875 219.7088623046875 -1.614601969718933
241.330810546875 219.7088623046875 -1.214601993560791
242.72564697265625 215.95994567871094 -1.214601993560791
244.1204833984375 212.21102905273438 -1.214601993560791
245.51531982421875 208.4621124267578 -1.214601993560791
245.51531982421875 208.4621124267578 -0.8146020174026489
248.25994873046875 205.55230712890625 -0.8146020174026489
251.00457763671875 202.6425018310547 -0.8146020174026489
253.74920654296875 199.73269653320312 -0.8146020174026489
256.49383544921875 196.82289123535156 -0.8146020174026489
259.23846435546875 193.9130859375 -0.8146020174026489
259.23846435546875 193.9130859375 -0.41460201144218445
262.8995666503906 192.30178833007812 -0.41460201144218445
266.5606689453125 190.69049072265625 -0.41460201144218445
270.2217712402344 189.07919311523438 -0.41460201144218445
273.88287353515625 187.4678955078125 -0.41460201144218445
277.5439758300781 185.85659790039062 -0.41460201144218445
281.205078125 184.24530029296875 -0.41460201144218445
284.8661804199219 182.63400268554688 -0.41460201144218445
288.52728271484375 181.022705078125 -0.41460201144218445
292.1883850097656 179.41140747070312 -0.41460201144218445
295.8494873046875 177.80010986328125 -0.41460201144218445
299.5105895996094 176.18881225585938 -0.41460201144218445
303.17169189453125 174.5775146484375 -0.41460201144218445
306.8327941894531 172.96621704101562 -0.41460201144218445
310.493896484375 171.35491943359375 -0.41460201144218445
314.1549987792969 169.74362182617188 -0.41460201144218445
317.81610107421875 168.13232421875 -0.41460201144218445
321.4772033691406 166.52102661132812 -0.41460201144218445
325.1383056640625 164.90972900390625 -0.41460201144218445
328.7994079589844 163.29843139648438 -0.41460201144218445
332.46051025390625 161.6871337890625 -0.41460201144218445
336.1216125488281 160.07583618164062 -0.41460201144218445
336.1216125488281 160.07583618164062 -0.01460200548171997
340.1211853027344 160.01742553710938 -0.01460200548171997
344.1207580566406 159.95901489257812 -0.01460200548171997
348.1203308105469 159.90060424804688 -0.01460200548171997
352.1199035644531 159.84219360351562 -0.01460200548171997
356.1194763183594 159.78378295898438 -0.01460200548171997
360.1190490722656 159.72537231445312 -0.01460200548171997
364.1186218261719 159.66696166992188 -0.01460200548171997
368.1181945800781 159.60855102539062 -0.01460200548171997
372.1177673339844 159.55014038085938 -0.01460200548171997
376.1173400878906 159.49172973632812 -0.01460200548171997
380.1169128417969 159.43331909179688 -0.01460200548171997
384.1164855957031 159.37490844726562 -0.01460200548171997
388.1160583496094 159.31649780273438 -0.01460200548171997
392.1156311035156 159.25808715820312 -0.01460200548171997
396.1152038574219 159.19967651367188 -0.01460200548171997
400.1147766113281 159.14126586914062 -0.01460200548171997
404.1143493652344 159.08285522460938 -0.01460200548171997
408.1139221191406 159.02444458007812 -0.01460200548171997
412.1134948730469 158.96603393554688 -0.01460200548171997
416.1130676269531 158.90762329101562 -0.01460200548171997
420.1126403808594 158.84921264648438 -0.01460200548171997
424.1122131347656 158.79080200195312 -0.01460200548171997
428.1117858886719 158.73239135742188 -0.01460200548171997
432.1113586425781 158.67398071289062 -0.01460200548171997
436.1109313964844 158.61557006835938 -0.01460200548171997
440.1105041503906 158.55715942382812 -0.01460200548171997
444.1100769042969 158.49874877929688 -0.01460200548171997
448.1096496582031 158.44033813476562 -0.01460200548171997
452.1092224121094 158.38192749023438 -0.01460200548171997
456.1087951660156 158.32351684570312 -0.01460200548171997
460.1083679199219 158.26510620117188 -0.01460200548171997
464.1079406738281 158.20669555664062 -0.01460200548171997
468.1075134277344 158.14828491210938 -0.01460200548171997
472.1070861816406 158.08987426757812 -0.01460200548171997
476.1066589355469 158.03146362304688 -0.01460200548171997
480.1062316894531 157.97305297851562 -0.01460200548171997
484.1058044433594 157.91464233398438 -0.01460200548171997
488.1053771972656 157.85623168945312 -0.01460200548171997
492.1049499511719 157.79782104492188 -0.01460200548171997
496.1045227050781 157.73941040039062 -0.01460200548171997
500.1040954589844 157.68099975585938 -0.01460200548171997
504.1036682128906 157.62258911132812 -0.01460200548171997
508.1032409667969 157.56417846679688 -0.01460200548171997
512.1028442382812 157.50576782226562 -0.01460200548171997
516.1024169921875 157.44735717773438 -0.01460200548171997
513.9202270507812 157.6767578125 -0.19488343596458435
517.844482421875 156.9021453857422 -0.19488343596458435
521.7687377929688 156.12753295898438 -0.19488343596458435
525.6929931640625 155.35292053222656 -0.19488343596458435
529.6172485351562 154.57830810546875 -0.19488343596458435
533.54150390625 153.80369567871094 -0.19488343596458435
537.4657592773438 153.02908325195312 -0.19488343596458435
541.3900146484375 152.2544708251953 -0.19488343596458435
545.3142700195312 151.4798583984375 -0.19488343596458435
549.238525390625 150.7052459716797 -0.19488343596458435
549.238525390625 150.7052459716797 -0.5948834419250488
549.238525390625 150.7052459716797 -0.9948834180831909
549.238525390625 150.7052459716797 -1.394883394241333
549.9385375976562 146.76698303222656 -1.394883394241333
550.6385498046875 142.82872009277344 -1.394883394241333
550.6385498046875 142.82872009277344 -1.794883370399475
549.7496948242188 138.92872619628906 -1.794883370399475
548.86083984375 135.0287322998047 -1.794883370399475
547.9719848632812 131.1287384033203 -1.794883370399475
547.0831298828125 127.22875213623047 -1.794883370399475
546.1942749023438 123.32876586914062 -1.794883370399475
545.305419921875 119.42877960205078 -1.794883370399475
544.4165649414062 115.52879333496094 -1.794883370399475
543.5277099609375 111.6288070678711 -1.794883370399475
542.6388549804688 107.72882080078125 -1.794883370399475
541.75 103.8288345336914 -1.794883370399475
540.8611450195312 99.92884826660156 -1.794883370399475
539.9722900390625 96.02886199951172 -1.794883370399475
539.0834350585938 92.12887573242188 -1.794883370399475
538.194580078125 88.22888946533203 -1.794883370399475
537.3057250976562 84.32890319824219 -1.794883370399475
536.4168701171875 80.42891693115234 -1.794883370399475
535.5280151367188 76.5289306640625 -1.794883370399475
534.63916015625 72.62894439697266 -1.794883370399475
533.7503051757812 68.72895812988281 -1.794883370399475
532.8614501953125 64.82897186279297 -1.794883370399475
531.9725952148438 60.92898178100586 -1.794883370399475
531.9725952148438 60.92898178100586 -2.194883346557617
531.9725952148438 60.92898178100586 -2.594883441925049
528.5556640625 58.849464416503906 -2.594883441925049
525.1387329101562 56.76994705200195 -2.594883441925049
525.1387329101562 56.76994705200195 -2.9948835372924805
521.1817016601562 56.18521499633789 -2.9948835372924805
517.2246704101562 55.60048294067383 -2.9948835372924805
513.2676391601562 55.015750885009766 -2.9948835372924805
509.31060791015625 54.4310188293457 -2.9948835372924805
505.35357666015625 53.84628677368164 -2.9948835372924805
501.39654541015625 53.26155471801758 -2.9948835372924805
497.43951416015625 52.676822662353516 -2.9948835372924805
493.48248291015625 52.09209060668945 -2.9948835372924805
489.52545166015625 51.50735855102539 -2.9948835372924805
485.56842041015625 50.92262649536133 -2.9948835372924805
481.61138916015625 50.337894439697266 -2.9948835372924805
477.65435791015625 49.7531623840332 -2.9948835372924805
473.69732666015625 49.16843032836914 -2.9948835372924805
469.74029541015625 48.58369827270508 -2.9948835372924805
465.78326416015625 47.998966217041016 -2.9948835372924805
461.82623291015625 47.41423416137695 -2.9948835372924805
457.86920166015625 46.82950210571289 -2.9948835372924805
453.91217041015625 46.24477005004883 -2.9948835372924805
449.95513916015625 45.660037994384766 -2.9948835372924805
445.99810791015625 45.0753059387207 -2.9948835372924805
442.04107666015625 44.49057388305664 -2.9948835372924805
438.08404541015625 43.90584182739258 -2.9948835372924805
434.12701416015625 43.321109771728516 -2.9948835372924805
430.16998291015625 42.73637771606445 -2.9948835372924805
426.21295166015625 42.15164566040039 -2.9948835372924805
422.25592041015625 41.56691360473633 -2.9948835372924805
418.29888916015625 40.982181549072266 -2.9948835372924805
414.34185791015625 40.3974494934082 -2.9948835372924805
410.38482666015625 39.81271743774414 -2.9948835372924805
406.42779541015625 39.22798538208008 -2.9948835372924805
402.47076416015625 38.643253326416016 -2.9948835372924805
398.51373291015625 38.05852127075195 -2.9948835372924805
394.55670166015625 37.47378921508789 -2.9948835372924805
390.59967041015625 36.88905715942383 -2.9948835372924805
390.59967041015625 36.88905715942383 2.8883016109466553
386.727294921875 37.891422271728516 2.8883016109466553
382.85491943359375 38.8937873840332 2.8883016109466553
378.9825439453125 39.89615249633789 2.8883016109466553
375.11016845703125 40.89851760864258 2.8883016109466553
371.23779296875 41.900882720947266 2.8883016109466553
367.36541748046875 42.90324783325195 2.8883016109466553
363.4930419921875 43.90561294555664 2.8883016109466553
359.62066650390625 44.90797805786133 2.8883016109466553
355.748291015625 45.910343170166016 2.8883016109466553
351.87591552734375 46.9127082824707 2.8883016109466553
348.0035400390625 47.91507339477539 2.8883016109466553
344.13116455078125 48.91743850708008 2.8883016109466553
340.2587890625 49.919803619384766 2.8883016109466553
336.38641357421875 50.92216873168945 2.8883016109466553
332.5140380859375 51.92453384399414 2.8883016109466553
328.64166259765625 52.92689895629883 2.8883016109466553
328.64166259765625 52.92689895629883 -2.9948835372924805
324.68463134765625 52.342166900634766 -2.9948835372924805
320.72760009765625 51.7574348449707 -2.9948835372924805
316.77056884765625 51.17270278930664 -2.9948835372924805
312.81353759765625 50.58797073364258 -2.9948835372924805
308.85650634765625 50.003238677978516 -2.9948835372924805
304.89947509765625 49.41850662231445 -2.9948835372924805
300.94244384765625 48.83377456665039 -2.9948835372924805
296.98541259765625 48.24904251098633 -2.9948835372924805
293.02838134765625 47.664310455322266 -2.9948835372924805
289.07135009765625 47.0795783996582 -2.9948835372924805
285.11431884765625 46.49484634399414 -2.9948835372924805
281.15728759765625 45.91011428833008 -2.9948835372924805
277.20025634765625 45.325382232666016 -2.9948835372924805
273.24322509765625 44.74065017700195 -2.9948835372924805
269.28619384765625 44.15591812133789 -2.9948835372924805
269.28619384765625 44.15591812133789 2.8883016109466553
265.413818359375 45.15828323364258 2.8883016109466553
261.54144287109375 46.160648345947266 2.8883016109466553
257.6690673828125 47.16301345825195 2.8883016109466553
253.79669189453125 48.16537857055664 2.8883016109466553
249.92431640625 49.16774368286133 2.8883016109466553
246.05194091796875 50.170108795166016 2.8883016109466553
242.1795654296875 51.1724739074707 2.8883016109466553
238.30718994140625 52.17483901977539 2.8883016109466553
234.434814453125 53.17720413208008 2.8883016109466553
230.56243896484375 54.179569244384766 2.8883016109466553
226.6900634765625 55.18193435668945 2.8883016109466553
222.81768798828125 56.18429946899414 2.8883016109466553
218.9453125 57.18666458129883 2.8883016109466553
215.07293701171875 58.189029693603516 2.8883016109466553
211.2005615234375 59.1913948059082 2.8883016109466553
207.32818603515625 60.19375991821289 2.8883016109466553
203.455810546875 61.19612503051758 2.8883016109466553
199.58343505859375 62.198490142822266 2.8883016109466553
195.7110595703125 63.20085525512695 2.8883016109466553
191.83868408203125 64.2032241821289 2.8883016109466553
187.96630859375 65.2055892944336 2.8883016109466553
184.09393310546875 66.20795440673828 2.8883016109466553
180.2215576171875 67.21031951904297 2.8883016109466553
176.34918212890625 68.21268463134766 2.8883016109466553
172.476806640625 69.21504974365234 2.8883016109466553
168.60443115234375 70.21741485595703 2.8883016109466553
164.7320556640625 71.21977996826172 2.8883016109466553
160.85968017578125 72.2221450805664 2.8883016109466553
156.9873046875 73.2245101928711 2.8883016109466553
153.11492919921875 74.22687530517578 2.8883016109466553
149.2425537109375 75.22924041748047 2.8883016109466553
145.37017822265625 76.23160552978516 2.8883016109466553
145.37017822265625 76.23160552978516 -2.9948835372924805
141.41314697265625 75.6468734741211 -2.9948835372924805
137.45611572265625 75.06214141845703 -2.9948835372924805
133.49908447265625 74.47740936279297 -2.9948835372924805
129.54205322265625 73.8926773071289 -2.9948835372924805
125.58502197265625 73.30794525146484 -2.9948835372924805
121.62799072265625 72.72321319580078 -2.9948835372924805
117.67095947265625 72.13848114013672 -2.9948835372924805
113.71392822265625 71.55374908447266 -2.9948835372924805
109.75689697265625 70.9690170288086 -2.9948835372924805
105.79986572265625 70.38428497314453 -2.9948835372924805
101.84283447265625 69.79955291748047 -2.9948835372924805
97.88580322265625 69.2148208618164 -2.9948835372924805
93.92877197265625 68.63008880615234 -2.9948835372924805
89.97174072265625 68.04535675048828 -2.9948835372924805
86.01470947265625 67.46062469482422 -2.9948835372924805
82.05767822265625 66.87589263916016 -2.9948835372924805
78.10064697265625 66.2911605834961 -2.9948835372924805
74.14361572265625 65.70642852783203 -2.9948835372924805
70.18658447265625 65.12169647216797 -2.9948835372924805
66.22955322265625 64.5369644165039 -2.9948835372924805
62.27252197265625 63.952232360839844 -2.9948835372924805
58.31549072265625 63.36750030517578 -2.9948835372924805
62.27252197265625 63.952232360839844 -2.9948835372924805
58.31549072265625 63.36750030517578 -2.9948835372924805
62.27252197265625 63.952232360839844 -2.9948835372924805
58.31549072265625 63.36750030517578 -2.9948835372924805
62.27252197265625 63.952232360839844 -2.9948835372924805
58.31549072265625 63.36750030517578 -2.9948835372924805
62.27252197265625 63.952232360839844 -2.9948835372924805
58.31549072265625 63.36750030517578 -2.9948835372924805
62.27252197265625 63.952232360839844 -2.9948835372924805
58.31549072265625 63.36750030517578 -2.9948835372924805
62.27252197265625 63.952232360839844 -2.9948835372924805
58.31549072265625 63.36750030517578 -2.9948835372924805
62.27252197265625 63.952232360839844 -2.9948835372924805
58.31549072265625 63.36750030517578 -2.9948835372924805
62.27252197265625 63.952232360839844 -2.9948835372924805
58.31549072265625 63.36750030517578 -2.9948835372924805
62.27252197265625 63.952232360839844 -2.9948835372924805
58.31549072265625 63.36750030517578 -2.9948835372924805
62.27252197265625 63.952232360839844 -2.9948835372924805
58.31549072265625 63.36750030517578 -2.9948835372924805
62.27252197265625 63.952232360839844 -2.9948835372924805
58.31549072265625 63.36750030517578 -2.9948835372924805
62.27252197265625 63.952232360839844 -2.9948835372924805
58.31549072265625 63.36750030517578 -2.9948835372924805
62.27252197265625 63.952232360839844 -2.9948835372924805
58.31549072265625 63.36750030517578 -2.9948835372924805
62.27252197265625 63.952232360839844 -2.9948835372924805
58.31549072265625 63.36750030517578 -2.9948835372924805
62.27252197265625 63.952232360839844 -2.9948835372924805
58.31549072265625 63.36750030517578 -2.9948835372924805
62.27252197265625 63.952232360839844 -2.9948835372924805
58.31549072265625 63.36750030517578 -2.9948835372924805
62.27252197265625 63.952232360839844 -2.9948835372924805
58.31549072265625 63.36750030517578 -2.9948835372924805
62.27252197265625 63.952232360839844 -2.9948835372924805
58.31549072265625 63.36750030517578 -2.9948835372924805
62.27252197265625 63.952232360839844 -2.9948835372924805
58.31549072265625 63.36750030517578 -2.9948835372924805
62.27252197265625 63.952232360839844 -2.9948835372924805
58.31549072265625 63.36750030517578 -2.9948835372924805
62.27252197265625 63.952232360839844 -2.9948835372924805
58.31549072265625 63.36750030517578 -2.9948835372924805
62.27252197265625 63.952232360839844 -2.9948835372924805
58.31549072265625 63.36750030517578 -2.9948835372924805
62.27252197265625 63.952232360839844 -2.9948835372924805
58.31549072265625 63.36750030517578 -2.9948835372924805
62.27252197265625 63.952232360839844 -2.9948835372924805
58.31549072265625 63.36750030517578 -2.9948835372924805
62.27252197265625 63.952232360839844 -2.9948835372924805
58.31549072265625 63.36750030517578 -2.9948835372924805
62.27252197265625 63.952232360839844 -2.9948835372924805
58.31549072265625 63.36750030517578 -2.9948835372924805
62.27252197265625 63.952232360839844 -2.9948835372924805
58.31549072265625 63.36750030517578 -2.9948835372924805
62.27252197265625 63.952232360839844 -2.9948835372924805
58.31549072265625 63.36750030517578 -2.9948835372924805
62.27252197265625 63.952232360839844 -2.9948835372924805
58.31549072265625 63.36750030517578 -2.9948835372924805
62.27252197265625 63.952232360839844 -2.9948835372924805
58.31549072265625 63.36750030517578 -2.9948835372924805
62.27252197265625 63.952232360839844 -2.9948835372924805
58.31549072265625 63.36750030517578 -2.9948835372924805
62.27252197265625 63.952232360839844 -2.9948835372924805
58.31549072265625 63.36750030517578 -2.9948835372924805
62.27252197265625 63.952232360839844 -2.9948835372924805
58.31549072265625 63.36750030517578 -2.9948835372924805
62.27252197265625 63.952232360839844 -2.9948835372924805
58.31549072265625 63.36750030517578 -2.9948835372924805
62.27252197265625 63.952232360839844 -2.9948835372924805
58.31549072265625 63.36750030517578 -2.9948835372924805
62.27252197265625 63.952232360839844 -2.9948835372924805
58.31549072265625 63.36750030517578 -2.9948835372924805
62.27252197265625 63.952232360839844 -2.9948835372924805
58.31549072265625 63.36750030517578 -2.9948835372924805
62.27252197265625 63.952232360839844 -2.9948835372924805
58.31549072265625 63.36750030517578 -2.9948835372924805
62.27252197265625 63.952232360839844 -2.9948835372924805
58.31549072265625 63.36750030517578 -2.9948835372924805
62.27252197265625 63.952232360839844 -2.9948835372924805
58.31549072265625 63.36750030517578 -2.9948835372924805
62.27252197265625 63.952232360839844 -2.9948835372924805
58.31549072265625 63.36750030517578 -2.9948835372924805
62.27252197265625 63.952232360839844 -2.9948835372924805
58.31549072265625 63.36750030517578 -2.9948835372924805
62.27252197265625 63.952232360839844 -2.9948835372924805
58.31549072265625 63.36750030517578 -2.9948835372924805
62.27252197265625 63.952232360839844 -2.9948835372924805
58.31549072265625 63.36750030517578 -2.9948835372924805
62.27252197265625 63.952232360839844 -2.9948835372924805
58.31549072265625 63.36750030517578 -2.9948835372924805
62.27252197265625 63.952232360839844 -2.9948835372924805
58.31549072265625 63.36750030517578 -2.9948835372924805
62.27252197265625 63.952232360839844 -2.9948835372924805
58.31549072265625 63.36750030517578 -2.9948835372924805
62.27252197265625 63.952232360839844 -2.9948835372924805
58.31549072265625 63.36750030517578 -2.9948835372924805
62.27252197265625 63.952232360839844 -2.9948835372924805
58.31549072265625 63.36750030517578 -2.9948835372924805
62.27252197265625 63.952232360839844 -2.9948835372924805
58.31549072265625 63.36750030517578 -2.9948835372924805
62.27252197265625 63.952232360839844 -2.9948835372924805
58.31549072265625 63.36750030517578 -2.9948835372924805
62.27252197265625 63.952232360839844 -2.9948835372924805
58.31549072265625 63.36750030517578 -2.9948835372924805
62.27252197265625 63.952232360839844 -2.9948835372924805
58.31549072265625 63.36750030517578 -2.9948835372924805
62.27252197265625 63.952232360839844 -2.9948835372924805
58.31549072265625 63.36750030517578 -2.9948835372924805
62.27252197265625 63.952232360839844 -2.9948835372924805
58.31549072265625 63.36750030517578 -2.9948835372924805
62.27252197265625 63.952232360839844 -2.9948835372924805
58.31549072265625 63.36750030517578 -2.9948835372924805
62.27252197265625 63.952232360839844 -2.9948835372924805
58.31549072265625 63.36750030517578 -2.9948835372924805
62.27252197265625 63.952232360839844 -2.9948835372924805
58.31549072265625 63.36750030517578 -2.9948835372924805
62.27252197265625 63.952232360839844 -2.9948835372924805
58.31549072265625 63.36750030517578 -2.9948835372924805
62.27252197265625 63.952232360839844 -2.9948835372924805
58.31549072265625 63.36750030517578 -2.9948835372924805
62.27252197265625 63.952232360839844 -2.9948835372924805
58.31549072265625 63.36750030517578 -2.9948835372924805
62.27252197265625 63.952232360839844 -2.9948835372924805
58.31549072265625 63.36750030517578 -2.9948835372924805
62.27252197265625 63.952232360839844 -2.9948835372924805
58.31549072265625 63.36750030517578 -2.9948835372924805
62.27252197265625 63.952232360839844 -2.9948835372924805
58.31549072265625 63.36750030517578 -2.9948835372924805
62.27252197265625 63.952232360839844 -2.9948835372924805
58.31549072265625 63.36750030517578 -2.9948835372924805
62.27252197265625 63.952232360839844 -2.9948835372924805
58.31549072265625 63.36750030517578 -2.9948835372924805
62.27252197265625 63.952232360839844 -2.9948835372924805
58.31549072265625 63.36750030517578 -2.9948835372924805
62.27252197265625 63.952232360839844 -2.9948835372924805
58.31549072265625 63.36750030517578 -2.9948835372924805
62.27252197265625 63.952232360839844 -2.9948835372924805
58.31549072265625 63.36750030517578 -2.9948835372924805
62.27252197265625 63.952232360839844 -2.9948835372924805
58.31549072265625 63.36750030517578 -2.9948835372924805
62.27252197265625 63.952232360839844 -2.9948835372924805
58.31549072265625 63.36750030517578 -2.9948835372924805
62.27252197265625 63.952232360839844 -2.9948835372924805
58.31549072265625 63.36750030517578 -2.9948835372924805
62.27252197265625 63.952232360839844 -2.9948835372924805
58.31549072265625 63.36750030517578 -2.9948835372924805
62.27252197265625 63.952232360839844 -2.9948835372924805
58.31549072265625 63.36750030517578 -2.9948835372924805
62.27252197265625 63.952232360839844 -2.9948835372924805
58.31549072265625 63.36750030517578 -2.9948835372924805
62.27252197265625 63.952232360839844 -2.9948835372924805
58.31549072265625 63.36750030517578 -2.9948835372924805
62.27252197265625 63.952232360839844 -2.9948835372924805
58.31549072265625 63.36750030517578 -2.9948835372924805
62.27252197265625 63.952232360839844 -2.9948835372924805
58.31549072265625 63.36750030517578 -2.9948835372924805
62.27252197265625 63.952232360839844 -2.9948835372924805
58.31549072265625 63.36750030517578 -2.9948835372924805
62.27252197265625 63.952232360839844 -2.9948835372924805
58.31549072265625 63.36750030517578 -2.9948835372924805
62.27252197265625 63.952232360839844 -2.9948835372924805
58.31549072265625 63.36750030517578 -2.9948835372924805
62.27252197265625 63.952232360839844 -2.9948835372924805
58.31549072265625 63.36750030517578 -2.9948835372924805
62.27252197265625 63.952232360839844 -2.9948835372924805
58.31549072265625 63.36750030517578 -2.9948835372924805
62.27252197265625 63.952232360839844 -2.9948835372924805
58.31549072265625 63.36750030517578 -2.9948835372924805
62.27252197265625 63.952232360839844 -2.9948835372924805
58.31549072265625 63.36750030517578 -2.9948835372924805
62.27252197265625 63.952232360839844 -2.9948835372924805
58.31549072265625 63.36750030517578 -2.9948835372924805
62.27252197265625 63.952232360839844 -2.9948835372924805
58.31549072265625 63.36750030517578 -2.9948835372924805
62.27252197265625 63.952232360839844 -2.9948835372924805
58.31549072265625 63.36750030517578 -2.9948835372924805
62.27252197265625 63.952232360839844 -2.9948835372924805
58.31549072265625 63.36750030517578 -2.9948835372924805
62.27252197265625 63.952232360839844 -2.9948835372924805
58.31549072265625 63.36750030517578 -2.9948835372924805
62.27252197265625 63.952232360839844 -2.9948835372924805
58.31549072265625 63.36750030517578 -2.9948835372924805
62.27252197265625 63.952232360839844 -2.9948835372924805
58.31549072265625 63.36750030517578 -2.9948835372924805
62.27252197265625 63.952232360839844 -2.9948835372924805
58.31549072265625 63.36750030517578 -2.9948835372924805
62.27252197265625 63.952232360839844 -2.9948835372924805
58.31549072265625 63.36750030517578 -2.9948835372924805
62.27252197265625 63.952232360839844 -2.9948835372924805
58.31549072265625 63.36750030517578 -2.9948835372924805
62.27252197265625 63.952232360839844 -2.9948835372924805
58.31549072265625 63.36750030517578 -2.9948835372924805
62.27252197265625 63.952232360839844 -2.9948835372924805
58.31549072265625 63.36750030517578 -2.9948835372924805
62.27252197265625 63.952232360839844 -2.9948835372924805
58.31549072265625 63.36750030517578 -2.9948835372924805
62.27252197265625 63.952232360839844 -2.9948835372924805
58.31549072265625 63.36750030517578 -2.9948835372924805
62.27252197265625 63.952232360839844 -2.9948835372924805
58.31549072265625 63.36750030517578 -2.9948835372924805
62.27252197265625 63.952232360839844 -2.9948835372924805
58.31549072265625 63.36750030517578 -2.9948835372924805
62.27252197265625 63.952232360839844 -2.9948835372924805
58.31549072265625 63.36750030517578 -2.9948835372924805
62.27252197265625 63.952232360839844 -2.9948835372924805
58.31549072265625 63.36750030517578 -2.9948835372924805
62.27252197265625 63.952232360839844 -2.9948835372924805
58.31549072265625 63.36750030517578 -2.9948835372924805
62.27252197265625 63.952232360839844 -2.9948835372924805
58.31549072265625 63.36750030517578 -2.9948835372924805
62.27252197265625 63.952232360839844 -2.9948835372924805
58.31549072265625 63.36750030517578 -2.9948835372924805
62.27252197265625 63.952232360839844 -2.9948835372924805
58.31549072265625 63.36750030517578 -2.9948835372924805
62.27252197265625 63.952232360839844 -2.9948835372924805
58.31549072265625 63.36750030517578 -2.9948835372924805
62.27252197265625 63.952232360839844 -2.9948835372924805
58.31549072265625 63.36750030517578 -2.9948835372924805
62.27252197265625 63.952232360839844 -2.9948835372924805
58.31549072265625 63.36750030517578 -2.9948835372924805
62.27252197265625 63.952232360839844 -2.9948835372924805
58.31549072265625 63.36750030517578 -2.9948835372924805
62.27252197265625 63.952232360839844 -2.9948835372924805
58.31549072265625 63.36750030517578 -2.9948835372924805
62.27252197265625 63.952232360839844 -2.9948835372924805
58.31549072265625 63.36750030517578 -2.9948835372924805
62.27252197265625 63.952232360839844 -2.9948835372924805
58.31549072265625 63.36750030517578 -2.9948835372924805
62.27252197265625 63.952232360839844 -2.9948835372924805
58.31549072265625 63.36750030517578 -2.9948835372924805
62.27252197265625 63.952232360839844 -2.9948835372924805
58.31549072265625 63.36750030517578 -2.9948835372924805
62.27252197265625 63.952232360839844 -2.9948835372924805
58.31549072265625 63.36750030517578 -2.9948835372924805
62.27252197265625 63.952232360839844 -2.9948835372924805
58.31549072265625 63.36750030517578 -2.9948835372924805
62.27252197265625 63.952232360839844 -2.9948835372924805
58.31549072265625 63.36750030517578 -2.9948835372924805
62.27252197265625 63.952232360839844 -2.9948835372924805
58.31549072265625 63.36750030517578 -2.9948835372924805
62.27252197265625 63.952232360839844 -2.9948835372924805
58.31549072265625 63.36750030517578 -2.9948835372924805
62.27252197265625 63.952232360839844 -2.9948835372924805
58.31549072265625 63.36750030517578 -2.9948835372924805
62.27252197265625 63.952232360839844 -2.9948835372924805
58.31549072265625 63.36750030517578 -2.9948835372924805
62.27252197265625 63.952232360839844 -2.9948835372924805
58.31549072265625 63.36750030517578 -2.9948835372924805
62.27252197265625 63.952232360839844 -2.9948835372924805
58.31549072265625 63.36750030517578 -2.9948835372924805
62.27252197265625 63.952232360839844 -2.9948835372924805
58.31549072265625 63.36750030517578 -2.9948835372924805
62.27252197265625 63.952232360839844 -2.9948835372924805
58.31549072265625 63.36750030517578 -2.9948835372924805
62.27252197265625 63.952232360839844 -2.9948835372924805
58.31549072265625 63.36750030517578 -2.9948835372924805
62.27252197265625 63.952232360839844 -2.9948835372924805
58.31549072265625 63.36750030517578 -2.9948835372924805
62.27252197265625 63.952232360839844 -2.9948835372924805
58.31549072265625 63.36750030517578 -2.9948835372924805
62.27252197265625 63.952232360839844 -2.9948835372924805
58.31549072265625 63.36750030517578 -2.9948835372924805
62.27252197265625 63.952232360839844 -2.9948835372924805
58.31549072265625 63.36750030517578 -2.9948835372924805
62.27252197265625 63.952232360839844 -2.9948835372924805
58.31549072265625 63.36750030517578 -2.9948835372924805
62.27252197265625 63.952232360839844 -2.9948835372924805
58.31549072265625 63.36750030517578 -2.9948835372924805
62.27252197265625 63.952232360839844 -2.9948835372924805
58.31549072265625 63.36750030517578 -2.9948835372924805
62.27252197265625 63.952232360839844 -2.9948835372924805
58.31549072265625 63.36750030517578 -2.9948835372924805
62.27252197265625 63.952232360839844 -2.9948835372924805
58.31549072265625 63.36750030517578 -2.9948835372924805
62.27252197265625 63.952232360839844 -2.9948835372924805
58.31549072265625 63.36750030517578 -2.9948835372924805
62.27252197265625 63.952232360839844 -2.9948835372924805
58.31549072265625 63.36750030517578 -2.9948835372924805
62.27252197265625 63.952232360839844 -2.9948835372924805
58.31549072265625 63.36750030517578 -2.9948835372924805
62.27252197265625 63.952232360839844 -2.9948835372924805
58.31549072265625 63.36750030517578 -2.9948835372924805
62.27252197265625 63.952232360839844 -2.9948835372924805
58.31549072265625 63.36750030517578 -2.9948835372924805
62.27252197265625 63.952232360839844 -2.9948835372924805
58.31549072265625 63.36750030517578 -2.9948835372924805
62.27252197265625 63.952232360839844 -2.9948835372924805
58.31549072265625 63.36750030517578 -2.9948835372924805
62.27252197265625 63.952232360839844 -2.9948835372924805
58.31549072265625 63.36750030517578 -2.9948835372924805
62.27252197265625 63.952232360839844 -2.9948835372924805
58.31549072265625 63.36750030517578 -2.9948835372924805
62.27252197265625 63.952232360839844 -2.9948835372924805
58.31549072265625 63.36750030517578 -2.9948835372924805
62.27252197265625 63.952232360839844 -2.9948835372924805
58.31549072265625 63.36750030517578 -2.9948835372924805
62.27252197265625 63.952232360839844 -2.9948835372924805
58.31549072265625 63.36750030517578 -2.9948835372924805
62.27252197265625 63.952232360839844 -2.9948835372924805
58.31549072265625 63.36750030517578 -2.9948835372924805
62.27252197265625 63.952232360839844 -2.9948835372924805
58.31549072265625 63.36750030517578 -2.9948835372924805
62.27252197265625 63.952232360839844 -2.9948835372924805
58.31549072265625 63.36750030517578 -2.9948835372924805
62.27252197265625 63.952232360839844 -2.9948835372924805
58.31549072265625 63.36750030517578 -2.9948835372924805
62.27252197265625 63.952232360839844 -2.9948835372924805
58.31549072265625 63.36750030517578 -2.9948835372924805
62.27252197265625 63.952232360839844 -2.9948835372924805
58.31549072265625 63.36750030517578 -2.9948835372924805
62.27252197265625 63.952232360839844 -2.9948835372924805
58.31549072265625 63.36750030517578 -2.9948835372924805
62.27252197265625 63.952232360839844 -2.9948835372924805
58.31549072265625 63.36750030517578 -2.9948835372924805
62.27252197265625 63.952232360839844 -2.9948835372924805
58.31549072265625 63.36750030517578 -2.9948835372924805
62.27252197265625 63.952232360839844 -2.9948835372924805
58.31549072265625 63.36750030517578 -2.9948835372924805
62.27252197265625 63.952232360839844 -2.9948835372924805
58.31549072265625 63.36750030517578 -2.9948835372924805
62.27252197265625 63.952232360839844 -2.9948835372924805
58.31549072265625 63.36750030517578 -2.9948835372924805
62.27252197265625 63.952232360839844 -2.9948835372924805
58.31549072265625 63.36750030517578 -2.9948835372924805
62.27252197265625 63.952232360839844 -2.9948835372924805
58.31549072265625 63.36750030517578 -2.9948835372924805
62.27252197265625 63.952232360839844 -2.9948835372924805
58.31549072265625 63.36750030517578 -2.9948835372924805
62.27252197265625 63.952232360839844 -2.9948835372924805
58.31549072265625 63.36750030517578 -2.9948835372924805
62.27252197265625 63.952232360839844 -2.9948835372924805
58.31549072265625 63.36750030517578 -2.9948835372924805
62.27252197265625 63.952232360839844 -2.9948835372924805
58.31549072265625 63.36750030517578 -2.9948835372924805
62.27252197265625 63.952232360839844 -2.9948835372924805
58.31549072265625 63.36750030517578 -2.9948835372924805
62.27252197265625 63.952232360839844 -2.9948835372924805
58.31549072265625 63.36750030517578 -2.9948835372924805
62.27252197265625 63.952232360839844 -2.9948835372924805
58.31549072265625 63.36750030517578 -2.9948835372924805
62.27252197265625 63.952232360839844 -2.9948835372924805
58.31549072265625 63.36750030517578 -2.9948835372924805
62.27252197265625 63.952232360839844 -2.9948835372924805
58.31549072265625 63.36750030517578 -2.9948835372924805
62.27252197265625 63.952232360839844 -2.9948835372924805
58.31549072265625 63.36750030517578 -2.9948835372924805
62.27252197265625 63.952232360839844 -2.9948835372924805
58.31549072265625 63.36750030517578 -2.9948835372924805
62.27252197265625 63.952232360839844 -2.9948835372924805
58.31549072265625 63.36750030517578 -2.9948835372924805
62.27252197265625 63.952232360839844 -2.9948835372924805
58.31549072265625 63.36750030517578 -2.9948835372924805
62.27252197265625 63.952232360839844 -2.9948835372924805
58.31549072265625 63.36750030517578 -2.9948835372924805
62.27252197265625 63.952232360839844 -2.9948835372924805
58.31549072265625 63.36750030517578 -2.9948835372924805
62.27252197265625 63.952232360839844 -2.9948835372924805
58.31549072265625 63.36750030517578 -2.9948835372924805
62.27252197265625 63.952232360839844 -2.9948835372924805
58.31549072265625 63.36750030517578 -2.9948835372924805
62.27252197265625 63.952232360839844 -2.9948835372924805
58.31549072265625 63.36750030517578 -2.9948835372924805
62.27252197265625 63.952232360839844 -2.9948835372924805
58.31549072265625 63.36750030517578 -2.9948835372924805
62.27252197265625 63.952232360839844 -2.9948835372924805
58.31549072265625 63.36750030517578 -2.9948835372924805
62.27252197265625 63.952232360839844 -2.9948835372924805
58.31549072265625 63.36750030517578 -2.9948835372924805
62.27252197265625 63.952232360839844 -2.9948835372924805
58.31549072265625 63.36750030517578 -2.9948835372924805
62.27252197265625 63.952232360839844 -2.9948835372924805
58.31549072265625 63.36750030517578 -2.9948835372924805
62.27252197265625 63.952232360839844 -2.9948835372924805
58.31549072265625 63.36750030517578 -2.9948835372924805
62.27252197265625 63.952232360839844 -2.9948835372924805
58.31549072265625 63.36750030517578 -2.9948835372924805
62.27252197265625 63.952232360839844 -2.9948835372924805
58.31549072265625 63.36750030517578 -2.9948835372924805
62.27252197265625 63.952232360839844 -2.9948835372924805
58.31549072265625 63.36750030517578 -2.9948835372924805
62.27252197265625 63.952232360839844 -2.9948835372924805
58.31549072265625 63.36750030517578 -2.9948835372924805
62.27252197265625 63.952232360839844 -2.9948835372924805
58.31549072265625 63.36750030517578 -2.9948835372924805
62.27252197265625 63.952232360839844 -2.9948835372924805
58.31549072265625 63.36750030517578 -2.9948835372924805
62.27252197265625 63.952232360839844 -2.9948835372924805
58.31549072265625 63.36750030517578 -2.9948835372924805
62.27252197265625 63.952232360839844 -2.9948835372924805
58.31549072265625 63.36750030517578 -2.9948835372924805
62.27252197265625 63.952232360839844 -2.9948835372924805
58.31549072265625 63.36750030517578 -2.9948835372924805
62.27252197265625 63.952232360839844 -2.9948835372924805
58.31549072265625 63.36750030517578 -2.9948835372924805
62.27252197265625 63.952232360839844 -2.9948835372924805
58.31549072265625 63.36750030517578 -2.9948835372924805
62.27252197265625 63.952232360839844 -2.9948835372924805
58.31549072265625 63.36750030517578 -2.9948835372924805
62.27252197265625 63.952232360839844 -2.9948835372924805
58.31549072265625 63.36750030517578 -2.9948835372924805
62.27252197265625 63.952232360839844 -2.9948835372924805
58.31549072265625 63.36750030517578 -2.9948835372924805
62.27252197265625 63.952232360839844 -2.9948835372924805
58.31549072265625 63.36750030517578 -2.9948835372924805
62.27252197265625 63.952232360839844 -2.9948835372924805
58.31549072265625 63.36750030517578 -2.9948835372924805
62.27252197265625 63.952232360839844 -2.9948835372924805
58.31549072265625 63.36750030517578 -2.9948835372924805
62.27252197265625 63.952232360839844 -2.9948835372924805
58.31549072265625 63.36750030517578 -2.9948835372924805
62.27252197265625 63.952232360839844 -2.9948835372924805
58.31549072265625 63.36750030517578 -2.9948835372924805
62.27252197265625 63.952232360839844 -2.9948835372924805
58.31549072265625 63.36750030517578 -2.9948835372924805
62.27252197265625 63.952232360839844 -2.9948835372924805
58.31549072265625 63.36750030517578 -2.9948835372924805
62.27252197265625 63.952232360839844 -2.9948835372924805
58.31549072265625 63.36750030517578 -2.9948835372924805
62.27252197265625 63.952232360839844 -2.9948835372924805
58.31549072265625 63.36750030517578 -2.9948835372924805
62.27252197265625 63.952232360839844 -2.9948835372924805
58.31549072265625 63.36750030517578 -2.9948835372924805
62.27252197265625 63.952232360839844 -2.9948835372924805
58.31549072265625 63.36750030517578 -2.9948835372924805
62.27252197265625 63.952232360839844 -2.9948835372924805
58.31549072265625 63.36750030517578 -2.9948835372924805
62.27252197265625 63.952232360839844 -2.9948835372924805
58.31549072265625 63.36750030517578 -2.9948835372924805
62.27252197265625 63.952232360839844 -2.9948835372924805
58.31549072265625 63.36750030517578 -2.9948835372924805
62.27252197265625 63.952232360839844 -2.9948835372924805
58.31549072265625 63.36750030517578 -2.9948835372924805
62.27252197265625 63.952232360839844 -2.9948835372924805
58.31549072265625 63.36750030517578 -2.9948835372924805
62.27252197265625 63.952232360839844 -2.9948835372924805
58.31549072265625 63.36750030517578 -2.9948835372924805
62.27252197265625 63.952232360839844 -2.9948835372924805
58.31549072265625 63.36750030517578 -2.9948835372924805
62.27252197265625 63.952232360839844 -2.9948835372924805
58.31549072265625 63.36750030517578 -2.9948835372924805
62.27252197265625 63.952232360839844 -2.9948835372924805
58.31549072265625 63.36750030517578 -2.9948835372924805
62.27252197265625 63.952232360839844 -2.9948835372924805
58.31549072265625 63.36750030517578 -2.9948835372924805
62.27252197265625 63.952232360839844 -2.9948835372924805
58.31549072265625 63.36750030517578 -2.9948835372924805
62.27252197265625 63.952232360839844 -2.9948835372924805
58.31549072265625 63.36750030517578 -2.9948835372924805
62.27252197265625 63.952232360839844 -2.9948835372924805
58.31549072265625 63.36750030517578 -2.9948835372924805
62.27252197265625 63.952232360839844 -2.9948835372924805
58.31549072265625 63.36750030517578 -2.9948835372924805
62.27252197265625 63.952232360839844 -2.9948835372924805
58.31549072265625 63.36750030517578 -2.9948835372924805
62.27252197265625 63.952232360839844 -2.9948835372924805
58.31549072265625 63.36750030517578 -2.9948835372924805
62.27252197265625 63.952232360839844 -2.9948835372924805
58.31549072265625 63.36750030517578 -2.9948835372924805
62.27252197265625 63.952232360839844 -2.9948835372924805
58.31549072265625 63.36750030517578 -2.9948835372924805
62.27252197265625 63.952232360839844 -2.9948835372924805
58.31549072265625 63.36750030517578 -2.9948835372924805
62.27252197265625 63.952232360839844 -2.9948835372924805
58.31549072265625 63.36750030517578 -2.9948835372924805
62.27252197265625 63.952232360839844 -2.9948835372924805
58.31549072265625 63.36750030517578 -2.9948835372924805
62.27252197265625 63.952232360839844 -2.9948835372924805
58.31549072265625 63.36750030517578 -2.9948835372924805
62.27252197265625 63.952232360839844 -2.9948835372924805
58.31549072265625 63.36750030517578 -2.9948835372924805
62.27252197265625 63.952232360839844 -2.9948835372924805
58.31549072265625 63.36750030517578 -2.9948835372924805
62.27252197265625 63.952232360839844 -2.9948835372924805
58.31549072265625 63.36750030517578 -2.9948835372924805
62.27252197265625 63.952232360839844 -2.9948835372924805
58.31549072265625 63.36750030517578 -2.9948835372924805
62.27252197265625 63.952232360839844 -2.9948835372924805
