61.600921630859375 451.3193664550781 0.5931712985038757
63.424415588378906 452.30859375 0.40094441175460815
65.40330505371094 452.93121337890625 0.20871751010417938
67.4646987915039 453.164306640625 0.01649060845375061
69.53266143798828 452.9992980957031 -0.17573629319667816
71.531005859375 452.4422607421875 -0.36796319484710693
73.38612365722656 451.5137023925781 -0.5601900815963745
75.02967834472656 450.2478332519531 -0.7524169683456421
76.401123046875 448.6912841796875 -0.9446438550949097
77.44993591308594 446.9013977050781 -1.1368707418441772
78.13748168945312 444.9441223144531 -1.3290976285934448
78.43843841552734 442.89154052734375 -1.5213245153427124
78.34171295166016 440.81927490234375 -1.71355140209198
78.35653686523438 440.4212646484375 -1.3535969257354736
78.60712432861328 438.3619079589844 -1.5458238124847412
78.45966339111328 436.2926330566406 -1.7380506992340088
78.46472930908203 435.8943786621094 -1.3780962228775024
78.66478729248047 433.82952880859375 -1.57032310962677
78.46668243408203 431.76446533203125 -1.7625499963760376
78.46199035644531 431.3662109375 -1.4025955200195312
78.61141204833984 429.29705810546875 -1.5948224067687988
78.36277770996094 427.23748779296875 -1.7870492935180664
78.34833526611328 426.8394470214844 -1.42709481716156
78.447021484375 424.76727294921875 -1.6193217039108276
78.14801025390625 422.71441650390625 -1.8115485906600952
78.12381744384766 422.3168640136719 -1.4515941143035889
78.17171478271484 420.2428894042969 -1.6438210010528564
77.82250213623047 418.1979675292969 -1.836047887802124
77.78858184814453 417.8011169433594 -1.4760934114456177
77.78565216064453 415.7265930175781 -1.6683202981948853
77.8184585571289 415.32965087890625 -1.308365821838379
77.8184585571289 415.32965087890625 -1.708365797996521
77.83534240722656 414.93170166015625 -1.3484113216400146
78.09706115722656 412.8717346191406 -1.5404390096664429
77.96074676513672 410.80169677734375 -1.7326658964157104
77.96795654296875 410.4034729003906 -1.372711420059204
78.12653350830078 410.00225830078125 -1.0160822868347168
79.04491424560547 408.14208984375 -1.2083091735839844
79.04491424560547 408.14208984375 -1.6083091497421265
78.76852416992188 406.0860595703125 -1.800536036491394
78.74871063232422 405.6882629394531 -1.4405815601348877
78.87977600097656 405.2770080566406 -1.0839743614196777
79.66984558105469 403.35882568359375 -1.2762012481689453
79.66984558105469 403.35882568359375 -1.6762012243270874
79.69951629638672 402.9616394042969 -1.316246747970581
79.69951629638672 402.9616394042969 -1.7162467241287231
79.71326446533203 402.5635681152344 -1.3562922477722168
79.71326446533203 402.5635681152344 -1.7562922239303589
79.71106719970703 402.165283203125 -1.3963377475738525
79.71106719970703 402.165283203125 -1.7963377237319946
79.69292449951172 401.76739501953125 -1.4363832473754883
79.69292449951172 401.76739501953125 -1.8363832235336304
79.65886688232422 401.37054443359375 -1.476428747177124
79.77496337890625 400.9554138183594 -1.1197634935379028
80.05860137939453 400.563720703125 -0.7683745622634888
80.3899154663086 400.3426513671875 -0.4084201157093048
80.77786254882812 400.25244140625 -0.04846566915512085
82.83074951171875 399.95355224609375 -0.24069257080554962
84.78872680664062 399.2679748535156 -0.4329194724559784
85.17434692382812 399.1683044433594 -0.07296502590179443
87.21929931640625 398.8192138671875 -0.265191912651062
89.15989685058594 398.08587646484375 -0.4574187994003296
89.54296112060547 397.9767761230469 -0.09746435284614563
91.57875061035156 397.57769775390625 -0.2896912693977356
93.50080108642578 396.7970275878906 -0.4819181561470032
93.8810806274414 396.6785888671875 -0.12196370959281921
95.90647888183594 396.2297668457031 -0.3141906261444092
97.80882263183594 395.4022521972656 -0.5064175128936768
101.30677032470703 393.4620666503906 -0.5064175128936768
104.80471801757812 391.5218811035156 -0.5064175128936768
108.30266571044922 389.5816955566406 -0.5064175128936768
111.80061340332031 387.6415100097656 -0.5064175128936768
115.2985610961914 385.7013244628906 -0.5064175128936768
118.7965087890625 383.7611389160156 -0.5064175128936768
122.2944564819336 381.8209533691406 -0.5064175128936768
122.2944564819336 381.8209533691406 -0.9064174890518188
124.76073455810547 378.6717529296875 -0.9064174890518188
127.22701263427734 375.5225524902344 -0.9064174890518188
129.69329833984375 372.37335205078125 -0.9064174890518188
132.15957641601562 369.2241516113281 -0.9064174890518188
134.6258544921875 366.074951171875 -0.9064174890518188
135.38682556152344 364.8017883300781 -1.1577026844024658
135.75808715820312 363.51251220703125 -1.423142433166504
136.3465576171875 359.5560302734375 -1.423142433166504
136.93502807617188 355.59954833984375 -1.423142433166504
137.4335174560547 351.90435791015625 -1.450263261795044
137.91448974609375 347.9333801269531 -1.450263261795044
138.3954620361328 343.96240234375 -1.450263261795044
138.3791046142578 342.6209411621094 -1.7157111167907715
137.8014678955078 338.6628723144531 -1.7157111167907715
137.2238311767578 334.7048034667969 -1.7157111167907715
136.6461944580078 330.7467346191406 -1.7157111167907715
136.0685577392578 326.7886657714844 -1.7157111167907715
135.4909210205078 322.8305969238281 -1.7157111167907715
134.9132843017578 318.8725280761719 -1.7157111167907715
134.3356475830078 314.9144592285156 -1.7157111167907715
133.7580108642578 310.9563903808594 -1.7157111167907715
133.1803741455078 306.9983215332031 -1.7157111167907715
132.6027374267578 303.0402526855469 -1.7157111167907715
132.0251007080078 299.0821838378906 -1.7157111167907715
131.4474639892578 295.1241149902344 -1.7157111167907715
130.8698272705078 291.1660461425781 -1.7157111167907715
130.2921905517578 287.2079772949219 -1.7157111167907715
129.7145538330078 283.2499084472656 -1.7157111167907715
129.1369171142578 279.2918395996094 -1.7157111167907715
128.5592803955078 275.3337707519531 -1.7157111167907715
127.98165130615234 271.3757019042969 -1.7157111167907715
127.40402221679688 267.4176330566406 -1.7157111167907715
126.8263931274414 263.4595642089844 -1.7157111167907715
126.24876403808594 259.5014953613281 -1.7157111167907715
125.67113494873047 255.54342651367188 -1.7157111167907715
125.093505859375 251.58535766601562 -1.7157111167907715
124.51587677001953 247.62728881835938 -1.7157111167907715
123.93824768066406 243.66921997070312 -1.7157111167907715
123.3606185913086 239.71115112304688 -1.7157111167907715
122.78298950195312 235.75308227539062 -1.7157111167907715
122.20536041259766 231.79501342773438 -1.7157111167907715
121.62773132324219 227.83694458007812 -1.7157111167907715
121.13253784179688 225.82237243652344 -1.907938003540039
120.26158905029297 223.93951416015625 -2.1001648902893066
118.24163818359375 220.4870147705078 -2.1001648902893066
116.22168731689453 217.03451538085938 -2.1001648902893066
114.20173645019531 213.58201599121094 -2.1001648902893066
112.1817855834961 210.1295166015625 -2.1001648902893066
110.16183471679688 206.67701721191406 -2.1001648902893066
108.14188385009766 203.22451782226562 -2.1001648902893066
106.12193298339844 199.7720184326172 -2.1001648902893066
104.10198211669922 196.31951904296875 -2.1001648902893066
102.08203125 192.8670196533203 -2.1001648902893066
100.06208038330078 189.41452026367188 -2.1001648902893066
98.04212951660156 185.96202087402344 -2.1001648902893066
98.04212951660156 185.96202087402344 -2.5001649856567383
94.837158203125 183.56866455078125 -2.5001649856567383
91.63218688964844 181.17530822753906 -2.5001649856567383
88.42721557617188 178.78195190429688 -2.5001649856567383
85.22224426269531 176.3885955810547 -2.5001649856567383
82.01727294921875 173.9952392578125 -2.5001649856567383
78.81230163574219 171.6018829345703 -2.5001649856567383
77.64051818847656 170.94842529296875 -2.7656030654907227
76.33844757080078 170.62527465820312 -3.03105092048645
72.36286163330078 170.1840057373047 -3.03105092048645
68.38727569580078 169.74273681640625 -3.03105092048645
64.41168975830078 169.3014678955078 -3.03105092048645
60.43610382080078 168.86019897460938 -3.03105092048645
56.46051788330078 168.41893005371094 -3.03105092048645
52.48493194580078 167.9776611328125 -3.03105092048645
48.50934600830078 167.53639221191406 -3.03105092048645
44.53376007080078 167.09512329101562 -3.03105092048645
40.55817413330078 166.6538543701172 -3.03105092048645
36.58258819580078 166.21258544921875 -3.03105092048645
34.508270263671875 166.18264770507812 3.0599074363708496
34.508270263671875 166.18264770507812 2.659907341003418
30.963409423828125 168.03573608398438 2.659907341003418
30.963409423828125 168.03573608398438 2.2599072456359863
30.963409423828125 168.03573608398438 1.8599072694778442
30.754459381103516 169.36093139648438 1.5944594144821167
30.900482177734375 170.6945343017578 1.3290115594863892
31.858224868774414 174.57818603515625 1.3290115594863892
32.81596755981445 178.4618377685547 1.3290115594863892
33.773712158203125 182.34548950195312 1.3290115594863892
34.7314567565918 186.22914123535156 1.3290115594863892
35.68920135498047 190.11279296875 1.3290115594863892
36.64694595336914 193.99644470214844 1.3290115594863892
37.60469055175781 197.88009643554688 1.3290115594863892
38.095458984375 199.12867736816406 1.0635637044906616
40.03849792480469 202.6250457763672 1.0635637044906616
40.83963394165039 203.70115661621094 0.7981158494949341
43.63186264038086 206.56532287597656 0.7981158494949341
46.42409133911133 209.4294891357422 0.7981158494949341
49.2163200378418 212.2936553955078 0.7981158494949341
52.008548736572266 215.15782165527344 0.7981158494949341
54.800777435302734 218.02198791503906 0.7981158494949341
57.5930061340332 220.8861541748047 0.7981158494949341
60.38523483276367 223.7503204345703 0.7981158494949341
63.17746353149414 226.61448669433594 0.7981158494949341
65.96968841552734 229.47865295410156 0.7981158494949341
68.76191711425781 232.3428192138672 0.7981158494949341
71.55414581298828 235.2069854736328 0.7981158494949341
74.34637451171875 238.07115173339844 0.7981158494949341
77.13860321044922 240.93531799316406 0.7981158494949341
79.93083190917969 243.7994842529297 0.7981158494949341
82.72306060791016 246.6636505126953 0.7981158494949341
85.51528930664062 249.52781677246094 0.7981158494949341
88.3075180053711 252.39198303222656 0.7981158494949341
91.09974670410156 255.2561492919922 0.7981158494949341
93.89197540283203 258.1203308105469 0.7981158494949341
96.6842041015625 260.9844970703125 0.7981158494949341
99.47643280029297 263.8486633300781 0.7981158494949341
102.26866149902344 266.71282958984375 0.7981158494949341
105.0608901977539 269.5769958496094 0.7981158494949341
107.85311889648438 272.441162109375 0.7981158494949341
110.64534759521484 275.3053283691406 0.7981158494949341
113.43757629394531 278.16949462890625 0.7981158494949341
113.66006469726562 278.4998474121094 1.1580703258514404
115.26449584960938 282.1639709472656 1.1580703258514404
116.86892700195312 285.8280944824219 1.1580703258514404
118.47335815429688 289.4922180175781 1.1580703258514404
120.07778930664062 293.1563415527344 1.1580703258514404
121.68222045898438 296.8204650878906 1.1580703258514404
123.28665161132812 300.4845886230469 1.1580703258514404
124.89108276367188 304.1487121582031 1.1580703258514404
126.49551391601562 307.8128356933594 1.1580703258514404
126.5873794555664 308.20037841796875 1.5180248022079468
126.79837036132812 312.19482421875 1.5180248022079468
127.00936126708984 316.18927001953125 1.5180248022079468
127.22035217285156 320.1837158203125 1.5180248022079468
127.43134307861328 324.17816162109375 1.5180248022079468
127.642333984375 328.172607421875 1.5180248022079468
127.59180450439453 328.56768798828125 1.8779792785644531
127.35894012451172 329.8888854980469 1.6125314235687256
127.48084259033203 331.22491455078125 1.347083568572998
127.49826049804688 331.6228332519531 1.7070380449295044
127.49353790283203 332.9643859863281 1.4415901899337769
127.47332763671875 333.3621826171875 1.8015446662902832
127.34203338623047 334.69732666015625 1.5360968112945557
127.28437042236328 335.0914306640625 1.896051287651062
127.02767181396484 336.408203125 1.6306034326553345
126.9330825805664 336.79510498046875 1.9905579090118408
126.55326843261719 338.081787109375 1.7251100540161133
126.4225845336914 338.4580383300781 2.08506441116333
125.92304229736328 339.7031555175781 1.8196165561676025
125.75743865966797 340.0653991699219 2.1795709133148193
125.14263153076172 341.2578125 1.9141230583190918
124.6349868774414 343.269287109375 1.7218961715698242
124.5055160522461 343.6459655761719 2.081850528717041
123.66919708251953 345.5444641113281 1.8896236419677734
123.21098327636719 347.5677490234375 1.6973967552185059
123.09077453613281 347.9474792480469 2.0573511123657227
122.30121612548828 349.8658752441406 1.865124225616455
121.8927001953125 351.8997802734375 1.6728973388671875
121.78182983398438 352.2823486328125 2.0328516960144043
121.03950500488281 354.2195129394531 1.8406248092651367
120.8663330078125 354.57818603515625 2.2005791664123535
119.81102752685547 356.3642578125 2.008352279663086
119.11637878417969 358.31903076171875 1.8161253929138184
118.95204162597656 358.6818542480469 2.176079750061035
117.94080352783203 360.49322509765625 1.9838528633117676
117.29425048828125 362.46441650390625 1.7916259765625
117.13884735107422 362.8311462402344 2.151580333709717
116.17228698730469 364.666748046875 1.9593534469604492
115.57421112060547 366.6531982421875 1.7671265602111816
115.42784118652344 367.02362060546875 2.1270809173583984
114.50653839111328 368.8823547363281 1.9348540306091309
113.95730590820312 370.88287353515625 1.7426271438598633
113.82005310058594 371.25677490234375 2.10258150100708
112.9445571899414 373.13751220703125 1.9103546142578125
112.44449615478516 375.15087890625 1.718127727508545
112.31644439697266 375.5280456542969 2.0780820846557617
111.48728942871094 377.4296875 1.8858551979064941
111.03669738769531 379.4546813964844 1.6936283111572266
110.91792297363281 379.8348693847656 2.0535826683044434
110.1355972290039 381.7562255859375 1.8613557815551758
109.73474884033203 383.7916564941406 1.6691288948059082
109.62532806396484 384.17462158203125 2.029083251953125
108.89030456542969 386.11456298828125 1.8368563652038574
108.53943634033203 388.1592102050781 1.6446294784545898
108.43942260742188 388.54473876953125 2.0045838356018066
107.75214385986328 390.5021057128906 1.812356948852539
107.45146942138672 392.55474853515625 1.6201300621032715
107.54847717285156 394.62701416015625 1.427903175354004
107.53370666503906 395.0250244140625 1.7878576517105103
107.28340911865234 397.08441162109375 1.5956307649612427
107.43115234375 399.1536865234375 1.403403878211975
107.42613983154297 399.55194091796875 1.7633583545684814
107.22636413574219 401.6168212890625 1.5711314678192139
107.42475891113281 403.6818542480469 1.3789045810699463
107.42950439453125 404.0801086425781 1.7388590574264526
107.2803726196289 406.1492614746094 1.546632170677185
107.52928924560547 408.20880126953125 1.3544052839279175
107.54379272460938 408.6068420410156 1.7143597602844238
107.44539642333984 410.6790466308594 1.5221328735351562
107.74468994140625 412.73187255859375 1.3299059867858887
107.76893615722656 413.1294250488281 1.689860463142395
107.72132873535156 415.2033996582031 1.4976335763931274
108.0708236694336 417.248291015625 1.3054066896438599
108.10480499267578 417.6451416015625 1.6653611660003662
108.10801696777344 419.71966552734375 1.4731342792510986
108.50749969482422 421.75537109375 1.280907392501831
108.55118560791016 422.1512756347656 1.6408618688583374
108.60521697998047 424.22509765625 1.4486349821090698
109.05445098876953 426.2503967285156 1.2564080953598022
109.10782623291016 426.6451110839844 1.6163625717163086
109.212646484375 428.71697998046875 1.424135684967041
109.71135711669922 430.7306823730469 1.2319087982177734
110.58558654785156 432.61199951171875 1.0396819114685059
110.72258758544922 432.9859924316406 1.3996363878250122
111.27047729492188 434.98687744140625 1.2074095010757446
112.19053649902344 436.8462219238281 1.015182614326477
112.33665466308594 437.21673583984375 1.3751370906829834
112.93339538574219 439.2035827636719 1.1829102039337158
113.89872741699219 441.0398254394531 0.9906833171844482
114.05387878417969 441.4066467285156 1.3506377935409546
114.69911193847656 443.3782958984375 1.158410906791687
115.70913696289062 445.1903381347656 0.9661840200424194
115.87322998046875 445.5532531738281 1.3261384963989258
116.56656646728516 447.50848388671875 1.1339116096496582
117.62067413330078 449.2952575683594 0.9416847229003906
117.79360961914062 449.654052734375 1.301639199256897
118.53463745117188 451.59173583984375 1.1094123125076294
119.6322021484375 453.3521423339844 0.9171854257583618
121.04586791992188 454.8704528808594 0.7249585390090942
121.29190826416016 455.18365478515625 1.0849130153656006
122.43226623535156 456.9166564941406 0.892686128616333
123.88269805908203 458.3998718261719 0.7004592418670654
124.13633728027344 458.70697021484375 1.0604137182235718
125.31880187988281 460.4114990234375 0.8681868314743042
126.80513763427734 461.8587341308594 0.6759599447250366
127.06622314453125 462.1595153808594 1.035914421081543
128.2900848388672 463.8345642089844 0.8436875343322754
129.81141662597656 465.2449645996094 0.6514606475830078
131.57418823242188 466.3387451171875 0.45923376083374023
131.8938446044922 466.57635498046875 0.8191882371902466
133.44927978515625 467.9490661621094 0.626961350440979
135.23831176757812 468.99932861328125 0.4347344636917114
135.56369018554688 469.2290344238281 0.7946889400482178
137.15228271484375 470.563232421875 0.6024620532989502
138.9665069580078 471.5693664550781 0.4102351665496826
139.29742431640625 471.7910461425781 0.770189642906189
140.91822814941406 473.0859069824219 0.5779627561569214
142.75656127929688 474.0472717285156 0.3857358694076538
144.74468994140625 474.6397399902344 0.19350896775722504
145.1155242919922 474.7850646972656 0.5534633994102478
146.9768524169922 475.70111083984375 0.3612365126609802
148.97889709472656 476.24468994140625 0.16900961101055145
149.35317993164062 476.3808898925781 0.5289640426635742
151.23638916015625 477.2510681152344 0.33673715591430664
153.25115966796875 477.7454528808594 0.14451025426387787
153.62867736816406 477.8724365234375 0.5044646859169006
155.5326385498047 478.69622802734375 0.31223779916763306
157.5589141845703 479.14111328125 0.12001089751720428
159.6328582763672 479.190673828125 -0.07221600413322449
160.02883911132812 479.2335205078125 0.2877384424209595
162.06539916992188 479.6286315917969 0.0955115407705307
164.1399383544922 479.62738037109375 -0.09671536087989807
166.176025390625 479.2298278808594 -0.28894227743148804
166.57196044921875 479.1865234375 0.07101216912269592
168.64584350585938 479.13446044921875 -0.12121473252773285
170.6715850830078 478.6871337890625 -0.3134416341781616
172.57455444335938 477.8610534667969 -0.5056685209274292
172.95191955566406 477.7336120605469 -0.14571407437324524
174.96609497070312 477.23681640625 -0.3379409909248352
176.84825134277344 476.3643798828125 -0.5301678776741028
178.52906799316406 475.1484069824219 -0.7223947644233704
178.8701934814453 474.94281005859375 -0.3624403178691864
180.73040771484375 474.0245056152344 -0.5546672344207764
182.3809356689453 472.7677307128906 -0.746894121170044
183.76095581054688 471.2187805175781 -0.9391210079193115
184.04989624023438 470.94464111328125 -0.5791665315628052
185.66912841796875 469.6478271484375 -0.7713934183120728
187.0107879638672 468.0655517578125 -0.9636203050613403
187.2929229736328 467.7843933105469 -0.603665828704834
188.87991333007812 466.44830322265625 -0.7958927154541016
190.1824188232422 464.8336181640625 -0.9881196022033691
190.45758056640625 464.545654296875 -0.6281651258468628
192.0113525390625 463.17108154296875 -0.8203920125961304
193.27391052246094 461.5249938964844 -1.012618899345398
193.54193115234375 461.2303771972656 -0.6526644229888916
195.0615692138672 459.8181457519531 -0.8448913097381592
196.28341674804688 458.1416015625 -1.0371181964874268
196.5441436767578 457.8404846191406 -0.6771637201309204
198.0287322998047 456.3914489746094 -0.869390606880188
199.2091522216797 454.68548583984375 -1.0616174936294556
199.46241760253906 454.3780822753906 -0.7016630172729492
200.91107177734375 452.89312744140625 -0.8938899040222168
202.04934692382812 451.15875244140625 -1.0861167907714844
202.29501342773438 450.8452453613281 -0.726162314414978
203.70684814453125 449.32525634765625 -0.9183892011642456
204.8022918701172 447.56353759765625 -1.1106160879135132
205.0402069091797 447.2441101074219 -0.7506616115570068
206.4143829345703 445.6899719238281 -0.9428884983062744
207.46633911132812 443.9019470214844 -1.135115385055542
207.69635009765625 443.5767822265625 -0.7751609086990356
209.03204345703125 441.98944091796875 -0.9673877954483032
210.03988647460938 440.1761779785156 -1.1596146821975708
210.26187133789062 439.845458984375 -0.7996602058410645
211.5582733154297 438.22589111328125 -0.991887092590332
212.52139282226562 436.38848876953125 -1.1841139793395996
212.73519897460938 436.0524597167969 -0.8241595029830933
213.99154663085938 434.401611328125 -1.0163863897323608
214.90936279296875 432.5411682128906 -1.2086132764816284
215.11488342285156 432.1999816894531 -0.8486588001251221
216.33041381835938 430.51885986328125 -1.0408856868743896
217.20237731933594 428.636474609375 -1.2331125736236572
217.39947509765625 428.2903747558594 -0.8731580972671509
218.57345581054688 426.5799865722656 -1.0653849840164185
219.3990478515625 424.67681884765625 -1.257611870765686
219.5876007080078 424.32598876953125 -0.8976573944091797
219.8876495361328 424.0640563964844 -0.5377029180526733
220.26072692871094 423.9245910644531 -0.17774847149848938
220.65902709960938 423.92547607421875 0.18220597505569458
221.03147888183594 424.06658935546875 0.5421603918075562
222.90304565429688 424.9615478515625 0.3499335050582886
223.24671936035156 425.1628723144531 0.7098879814147949
224.94261169433594 426.35772705078125 0.5176610946655273
226.83554077148438 427.2065734863281 0.32543420791625977
227.1840362548828 427.3994140625 0.6853886842727661
228.90869140625 428.5523681640625 0.49316179752349854
230.82183837890625 429.3545837402344 0.30093491077423096
231.17495727539062 429.538818359375 0.6608893871307373
232.92733764648438 430.649169921875 0.4686625003814697
234.85955810546875 431.4042663574219 0.27643561363220215
236.90045166015625 431.7763366699219 0.08420871198177338
238.97476196289062 431.75164794921875 -0.10802523791790009
239.3720245361328 431.7802734375 0.25192922353744507
241.4214324951172 432.1022033691406 0.059702321887016296
245.414306640625 432.34088134765625 0.059702321887016296
249.4071807861328 432.5795593261719 0.059702321887016296
253.40005493164062 432.8182373046875 0.059702321887016296
257.3929138183594 433.0569152832031 0.059702321887016296
261.3857727050781 433.29559326171875 0.059702321887016296
265.3786315917969 433.5342712402344 0.059702321887016296
269.3714904785156 433.77294921875 0.059702321887016296
273.3643493652344 434.0116271972656 0.059702321887016296
277.3572082519531 434.25030517578125 0.059702321887016296
281.3500671386719 434.4889831542969 0.059702321887016296
285.3429260253906 434.7276611328125 0.059702321887016296
289.3357849121094 434.9663391113281 0.059702321887016296
293.3286437988281 435.20501708984375 0.059702321887016296
293.7155456542969 435.299560546875 0.41965675354003906
297.36846923828125 436.9293518066406 0.41965675354003906
301.0213928222656 438.55914306640625 0.41965675354003906
304.67431640625 440.1889343261719 0.41965675354003906
308.3272399902344 441.8187255859375 0.41965675354003906
311.98016357421875 443.4485168457031 0.41965675354003906
315.6330871582031 445.07830810546875 0.41965675354003906
315.9618835449219 445.3030700683594 0.7796112298965454
317.03240966796875 446.11163330078125 0.5141633749008179
318.3619079589844 446.652099609375 0.2580735981464386
318.72259521484375 446.821044921875 0.6180280447006226
319.9092712402344 447.4468688964844 0.352580189704895
320.2524108886719 447.64910888671875 0.7125346660614014
321.3747253417969 448.3841247558594 0.44708681106567383
321.6972351074219 448.6178283691406 0.8070412874221802
322.74517822265625 449.4554748535156 0.5415934324264526
323.0442199707031 449.71856689453125 0.901547908782959
324.0084533691406 450.6513366699219 0.6361000537872314
324.28131103515625 450.94146728515625 0.9960545301437378
325.1532287597656 451.9610900878906 0.7306066751480103
326.2620849609375 452.71624755859375 0.4651588201522827
326.580322265625 452.95574951171875 0.8251132965087891
328.1275939941406 454.337646484375 0.6328864097595215
328.4013977050781 454.6269226074219 0.9928408861160278
329.2765808105469 455.64373779296875 0.7273930311203003
329.5218505859375 455.9575500488281 1.0873475074768066
330.29718017578125 457.0523986816406 0.8218996524810791
331.848876953125 458.4293212890625 0.6296727657318115
332.12359619140625 458.71771240234375 0.9896272420883179
333.42364501953125 460.3343505859375 0.7974003553390503
335.00860595703125 461.6728515625 0.6051734685897827
335.2903137207031 461.95440673828125 0.9651279449462891
336.62957763671875 463.5387268066406 0.7729010581970215
338.2468566894531 464.8379821777344 0.5806741714477539
338.5353698730469 465.1125793457031 0.9406286478042603
339.9130554199219 466.6636047363281 0.7484017610549927
341.5616760253906 467.9228515625 0.5561748743057251
341.8568420410156 468.1902770996094 0.9161293506622314
343.2720947265625 469.70709228515625 0.7239024639129639
344.9510803222656 470.92559814453125 0.5316755771636963
345.2527160644531 471.18572998046875 0.8916300535202026
346.7047119140625 472.66741943359375 0.6994031667709351
348.41302490234375 473.84442138671875 0.5071762800216675
348.7209167480469 474.0970764160156 0.8671307563781738
350.2087707519531 475.5427551269531 0.6749038696289062
351.9454040527344 476.67755126953125 0.48267698287963867
352.2593994140625 476.9225769042969 0.842631459236145
353.7822265625 478.33135986328125 0.6504045724868774
355.546142578125 479.42327880859375 0.45817768573760986
355.8660583496094 479.6605529785156 0.8181321620941162
357.4229431152344 481.0316162109375 0.6259052753448486
357.6987609863281 481.3189697265625 0.985859751701355
359.0049133300781 482.9306945800781 0.7936328649520874
360.59490966796875 484.2632141113281 0.6014059782028198
360.877685546875 484.5437316894531 0.9613604545593262
362.2229309082031 486.12298583984375 0.7691335678100586
363.8450927734375 487.4161376953125 0.576906681060791
364.1346435546875 487.68963623046875 0.9368611574172974
365.5181579589844 489.2354736328125 0.7446342706680298
367.1715087890625 490.4884948730469 0.5524073839187622
367.4678649902344 490.7549743652344 0.9123362302780151
368.8888854980469 492.26641845703125 0.7201093435287476
370.5724792480469 493.4785461425781 0.52788245677948
372.4566345214844 494.3466796875 0.3356555700302124
372.8031311035156 494.5430603027344 0.6956100463867188
374.5158996582031 495.71356201171875 0.5033831596374512
376.4207458496094 496.5352783203125 0.3111562728881836
376.77197265625 496.7231140136719 0.6711107492446899
378.5129089355469 497.851318359375 0.47888386249542236
380.43731689453125 498.6261291503906 0.2866569757461548
380.79302978515625 498.8053283691406 0.6466114521026611
382.5610656738281 499.8905334472656 0.45438456535339355
384.5038757324219 500.61798095703125 0.262157678604126
384.8638610839844 500.78839111328125 0.6221121549606323
386.657958984375 501.8299560546875 0.42988526821136475
388.6180114746094 502.50958251953125 0.23765836656093597
388.9820861816406 502.671142578125 0.5976127982139587
390.8011779785156 503.66845703125 0.4053855240345001
392.77728271484375 504.29986572265625 0.21315862238407135
393.14520263671875 504.45245361328125 0.5731130838394165
396.5060729980469 506.6214599609375 0.5731130838394165
399.866943359375 508.79046630859375 0.5731130838394165
403.2278137207031 510.95947265625 0.5731130838394165
406.58868408203125 513.1284790039062 0.5731130838394165
409.9495544433594 515.2974853515625 0.5731130838394165
413.3104248046875 517.4664916992188 0.5731130838394165
416.6712951660156 519.635498046875 0.5731130838394165
420.03216552734375 521.8045043945312 0.5731130838394165
423.3930358886719 523.9735107421875 0.5731130838394165
426.75390625 526.1425170898438 0.5731130838394165
430.1147766113281 528.3115234375 0.5731130838394165
433.47564697265625 530.4805297851562 0.5731130838394165
436.8365173339844 532.6495361328125 0.5731130838394165
440.1973876953125 534.8185424804688 0.5731130838394165
443.5582580566406 536.987548828125 0.5731130838394165
446.91912841796875 539.1565551757812 0.5731130838394165
450.2799987792969 541.3255615234375 0.5731130838394165
453.640869140625 543.4945678710938 0.5731130838394165
457.0017395019531 545.66357421875 0.5731130838394165
460.36260986328125 547.8325805664062 0.5731130838394165
463.7234802246094 550.0015869140625 0.5731130838394165
467.0843505859375 552.1705932617188 0.5731130838394165
470.4452209472656 554.339599609375 0.5731130838394165
473.80609130859375 556.5086059570312 0.5731130838394165
477.1669616699219 558.6776123046875 0.5731130838394165
478.3805236816406 559.24951171875 0.30766522884368896
479.7016296386719 559.4830322265625 0.042217373847961426
483.69805908203125 559.65185546875 0.042217373847961426
487.6944885253906 559.8206787109375 0.042217373847961426
491.69091796875 559.989501953125 0.042217373847961426
495.6873474121094 560.1583251953125 0.042217373847961426
499.68377685546875 560.3271484375 0.042217373847961426
503.6802062988281 560.4959716796875 0.042217373847961426
507.6766357421875 560.664794921875 0.042217373847961426
511.6730651855469 560.8336181640625 0.042217373847961426
515.6694946289062 561.00244140625 0.042217373847961426
519.6659545898438 561.1712646484375 0.042217373847961426
523.6624145507812 561.340087890625 0.042217373847961426
527.6588745117188 561.5089111328125 0.042217373847961426
531.6553344726562 561.677734375 0.042217373847961426
535.6517944335938 561.8465576171875 0.042217373847961426
539.6482543945312 562.015380859375 0.042217373847961426
543.6447143554688 562.1842041015625 0.042217373847961426
547.6411743164062 562.35302734375 0.042217373847961426
551.6376342773438 562.5218505859375 0.042217373847961426
555.6340942382812 562.690673828125 0.042217373847961426
557.7056274414062 562.5789184570312 -0.15000952780246735
557.7056274414062 562.5789184570312 -0.550009548664093
557.7056274414062 562.5789184570312 -0.9500095844268799
558.336669921875 561.390869140625 -1.215090036392212
558.6333618164062 560.08251953125 -1.4805378913879395
558.993896484375 556.0988159179688 -1.4805378913879395
559.3544311523438 552.1151123046875 -1.4805378913879395
559.7149658203125 548.1314086914062 -1.4805378913879395
560.0755004882812 544.147705078125 -1.4805378913879395
560.43603515625 540.1640014648438 -1.4805378913879395
560.7965698242188 536.1802978515625 -1.4805378913879395
560.7401733398438 534.8172607421875 -1.7437247037887573
560.0518798828125 530.8768920898438 -1.7437247037887573
559.3635864257812 526.9365234375 -1.7437247037887573
558.67529296875 522.9961547851562 -1.7437247037887573
557.9869995117188 519.0557861328125 -1.7437247037887573
557.2987060546875 515.1154174804688 -1.7437247037887573
556.6104125976562 511.1750793457031 -1.7437247037887573
555.922119140625 507.2347412109375 -1.7437247037887573
555.2338256835938 503.2944030761719 -1.7437247037887573
554.5455322265625 499.35406494140625 -1.7437247037887573
553.8572387695312 495.4137268066406 -1.7437247037887573
553.1689453125 491.473388671875 -1.7437247037887573
552.4806518554688 487.5330505371094 -1.7437247037887573
551.7923583984375 483.59271240234375 -1.7437247037887573
551.1040649414062 479.6523742675781 -1.7437247037887573
550.415771484375 475.7120361328125 -1.7437247037887573
549.7274780273438 471.7716979980469 -1.7437247037887573
549.0391845703125 467.83135986328125 -1.7437247037887573
548.3508911132812 463.8910217285156 -1.7437247037887573
547.66259765625 459.95068359375 -1.7437247037887573
547.66259765625 459.95068359375 -2.1437246799468994
545.4942016601562 456.58941650390625 -2.1437246799468994
543.3258056640625 453.2281494140625 -2.1437246799468994
541.1574096679688 449.86688232421875 -2.1437246799468994
538.989013671875 446.505615234375 -2.1437246799468994
538.1189575195312 445.48443603515625 -2.409172534942627
535.1447143554688 442.80975341796875 -2.409172534942627
534.0372314453125 442.0525817871094 -2.6746203899383545
530.4655151367188 440.2518310546875 -2.6746203899383545
526.893798828125 438.4510803222656 -2.6746203899383545
523.3220825195312 436.65032958984375 -2.6746203899383545
519.7503662109375 434.8495788574219 -2.6746203899383545
516.1786499023438 433.048828125 -2.6746203899383545
512.60693359375 431.2480773925781 -2.6746203899383545
509.0351867675781 429.44732666015625 -2.6746203899383545
505.46343994140625 427.6465759277344 -2.6746203899383545
501.8916931152344 425.8458251953125 -2.6746203899383545
498.3199462890625 424.0450744628906 -2.6746203899383545
494.7481994628906 422.24432373046875 -2.6746203899383545
491.17645263671875 420.4435729980469 -2.6746203899383545
487.6047058105469 418.642822265625 -2.6746203899383545
484.032958984375 416.8420715332031 -2.6746203899383545
480.4612121582031 415.04132080078125 -2.6746203899383545
476.88946533203125 413.2405700683594 -2.6746203899383545
473.3177185058594 411.4398193359375 -2.6746203899383545
469.7459716796875 409.6390686035156 -2.6746203899383545
466.1742248535156 407.83831787109375 -2.6746203899383545
462.60247802734375 406.0375671386719 -2.6746203899383545
459.0307312011719 404.23681640625 -2.6746203899383545
455.458984375 402.4360656738281 -2.6746203899383545
451.8872375488281 400.63531494140625 -2.6746203899383545
448.31549072265625 398.8345642089844 -2.6746203899383545
444.7437438964844 397.0338134765625 -2.6746203899383545
441.1719970703125 395.2330627441406 -2.6746203899383545
437.6002502441406 393.43231201171875 -2.6746203899383545
434.02850341796875 391.6315612792969 -2.6746203899383545
430.4567565917969 389.830810546875 -2.6746203899383545
426.885009765625 388.0300598144531 -2.6746203899383545
423.3132629394531 386.22930908203125 -2.6746203899383545
419.74151611328125 384.4285583496094 -2.6746203899383545
416.1697692871094 382.6278076171875 -2.6746203899383545
412.5980224609375 380.8270568847656 -2.6746203899383545
409.0262756347656 379.02630615234375 -2.6746203899383545
405.45452880859375 377.2255554199219 -2.6746203899383545
401.8827819824219 375.4248046875 -2.6746203899383545
398.31103515625 373.6240539550781 -2.6746203899383545
394.7392883300781 371.82330322265625 -2.6746203899383545
391.16754150390625 370.0225524902344 -2.6746203899383545
387.5957946777344 368.2218017578125 -2.6746203899383545
384.0240478515625 366.4210510253906 -2.6746203899383545
380.4523010253906 364.62030029296875 -2.6746203899383545
376.88055419921875 362.8195495605469 -2.6746203899383545
373.3088073730469 361.018798828125 -2.6746203899383545
369.737060546875 359.2180480957031 -2.6746203899383545
366.1653137207031 357.41729736328125 -2.6746203899383545
362.59356689453125 355.6165466308594 -2.6746203899383545
359.0218200683594 353.8157958984375 -2.6746203899383545
355.4500732421875 352.0150451660156 -2.6746203899383545
351.8783264160156 350.21429443359375 -2.6746203899383545
348.30657958984375 348.4135437011719 -2.6746203899383545
344.7348327636719 346.61279296875 -2.6746203899383545
341.1630859375 344.8120422363281 -2.6746203899383545
337.5913391113281 343.01129150390625 -2.6746203899383545
334.01959228515625 341.2105407714844 -2.6746203899383545
330.4478454589844 339.4097900390625 -2.6746203899383545
326.8760986328125 337.6090393066406 -2.6746203899383545
323.3043518066406 335.80828857421875 -2.6746203899383545
319.73260498046875 334.0075378417969 -2.6746203899383545
316.1608581542969 332.206787109375 -2.6746203899383545
312.589111328125 330.4060363769531 -2.6746203899383545
309.0173645019531 328.60528564453125 -2.6746203899383545
305.44561767578125 326.8045349121094 -2.6746203899383545
301.8738708496094 325.0037841796875 -2.6746203899383545
298.3021240234375 323.2030334472656 -2.6746203899383545
294.7303771972656 321.40228271484375 -2.6746203899383545
291.15863037109375 319.6015319824219 -2.6746203899383545
287.5868835449219 317.80078125 -2.6746203899383545
284.01513671875 316.0000305175781 -2.6746203899383545
280.4433898925781 314.19927978515625 -2.6746203899383545
276.87164306640625 312.3985290527344 -2.6746203899383545
273.2998962402344 310.5977783203125 -2.6746203899383545
269.7281494140625 308.7970275878906 -2.6746203899383545
269.41033935546875 308.55694580078125 -2.3146660327911377
266.7017822265625 305.613525390625 -2.3146660327911377
263.99322509765625 302.67010498046875 -2.3146660327911377
261.28466796875 299.7266845703125 -2.3146660327911377
258.57611083984375 296.78326416015625 -2.3146660327911377
255.8675537109375 293.83984375 -2.3146660327911377
254.8364715576172 292.9815368652344 -2.5801138877868652
254.54273986816406 292.7125549316406 -2.2201595306396484
253.5972442626953 291.7607727050781 -2.485607385635376
253.3302001953125 291.46527099609375 -2.125653028488159
252.47874450683594 290.42852783203125 -2.3911008834838867
252.24078369140625 290.109130859375 -2.03114652633667
251.490966796875 288.9966735839844 -2.2965943813323975
251.28421020507812 288.65625 -1.9366399049758911
250.64271545410156 287.4779968261719 -2.202087879180908
249.51913452148438 286.2684326171875 -2.4366183280944824
249.26687622070312 285.960205078125 -2.0766639709472656
248.4672088623047 284.88299560546875 -2.342111825942993
248.2451629638672 284.5523376464844 -1.9821573495864868
247.55072021484375 283.40447998046875 -2.247605323791504
247.36087036132812 283.0543518066406 -1.8876508474349976
246.77784729003906 281.8460998535156 -2.1530985832214355
246.62188720703125 281.4796142578125 -1.7931441068649292
246.1554718017578 280.2217102050781 -2.058591842651367
246.0347900390625 279.8421325683594 -1.6986373662948608
245.6891632080078 278.54583740234375 -1.9640852212905884
245.0155792236328 277.3856201171875 -2.2295331954956055
244.83209228515625 277.0321044921875 -1.8695787191390991
244.27099609375 275.8135070800781 -2.135026454925537
244.12168884277344 275.4442443847656 -1.7750719785690308
243.67808532714844 274.1781311035156 -2.0405197143554688
243.5642852783203 273.79644775390625 -1.6805652379989624
243.2421417236328 272.4941101074219 -1.94601309299469
243.1648712158203 272.1033935546875 -1.5860586166381836
242.96705627441406 270.7764892578125 -1.8515064716339111
242.927001953125 270.3802185058594 -1.4915519952774048
242.85528564453125 269.0405578613281 -1.7569998502731323
242.85279846191406 268.64227294921875 -1.397045373916626
242.90782165527344 267.30181884765625 -1.6624932289123535
242.94293212890625 266.9050598144531 -1.3025387525558472
243.12420654296875 265.5757751464844 -1.5679866075515747
242.95040893554688 264.2455139160156 -1.8334344625473022
242.9175262451172 263.84857177734375 -1.473479986190796
242.92002868652344 261.7740478515625 -1.6657068729400635
242.95387268066406 261.377197265625 -1.3057523965835571
243.13087463378906 260.04736328125 -1.5712002515792847
243.20201110839844 259.65545654296875 -1.2112457752227783
243.5037078857422 258.3482360839844 -1.4766936302185059
243.49954223632812 256.2737121582031 -1.6689205169677734
243.5321044921875 255.8767547607422 -1.308966040611267
243.8743133544922 253.8306427001953 -1.5011929273605347
243.81932067871094 251.7568359375 -1.6934198141098022
243.84214782714844 251.35919189453125 -1.333465337753296
244.13414001464844 249.30531311035156 -1.5256922245025635
244.0283660888672 247.2334747314453 -1.717919111251831
244.04144287109375 246.83538818359375 -1.3579646348953247
244.2830352783203 244.77496337890625 -1.5501915216445923
244.36239624023438 244.38465881347656 -1.190237045288086
244.94456481933594 242.3934783935547 -1.3824639320373535
245.13560485839844 240.3277587890625 -1.574690818786621
245.20538330078125 239.9356231689453 -1.2147363424301147
245.7386016845703 237.9307861328125 -1.4069632291793823
245.8789825439453 235.8610076904297 -1.59919011592865
245.9391326904297 235.46728515625 -1.2392356395721436
246.42308044433594 233.44998168945312 -1.4314625263214111
246.51271057128906 231.37738037109375 -1.6236894130706787
246.5631866455078 230.9822998046875 -1.2637349367141724
246.99757385253906 228.95375061035156 -1.45596182346344
247.03640747070312 226.87957763671875 -1.6481887102127075
247.0771942138672 226.48336791992188 -1.2882342338562012
247.2549591064453 226.12684631347656 -0.9282874464988708
247.54684448242188 225.85585021972656 -0.5683330297470093
249.18003845214844 224.57664489746094 -0.7605599164962769
250.53851318359375 223.0092315673828 -0.9528219103813171
250.82366943359375 222.7311553955078 -0.5928674936294556
252.42498779296875 221.41226196289062 -0.7850943803787231
252.7525634765625 221.18568420410156 -0.4251399338245392
254.5515899658203 220.1526336669922 -0.6173668503761292
256.1201171875 218.794921875 -0.8095937371253967
256.4420471191406 218.56039428710938 -0.44963929057121277
258.2152404785156 217.48358154296875 -0.6418662071228027
259.74981689453125 216.0880126953125 -0.8341197967529297
260.0658874511719 215.8456573486328 -0.4741653501987457
261.8121337890625 214.72569274902344 -0.6663922667503357
262.16424560546875 214.5395050048828 -0.30643782019615173
264.07293701171875 213.72677612304688 -0.4986647367477417
265.7912292480469 212.56436157226562 -0.6908916234970093
266.138671875 212.36959838867188 -0.3309371769428253
268.0268859863281 211.51034545898438 -0.5231640934944153
269.7161865234375 210.30618286132812 -0.7153909802436829
270.0587463378906 210.10296630859375 -0.3554365336894989
271.92535400390625 209.19772338867188 -0.5476634502410889
272.3276062011719 209.04200744628906 -0.1910279095172882
274.31719970703125 208.4544677734375 -0.3832548260688782
276.15789794921875 207.49765014648438 -0.5754817128181458
277.7818908691406 206.20681762695312 -0.7677114605903625
278.11334228515625 205.98597717285156 -0.4077570140361786
279.9300537109375 204.98435974121094 -0.5999839305877686
280.2937316894531 204.8219451904297 -0.2400294840335846
282.2521667480469 204.13766479492188 -0.43225640058517456
284.0437927246094 203.0918426513672 -0.6244832873344421
284.40338134765625 202.92056274414062 -0.2645288407802582
286.3444519042969 202.18850708007812 -0.45675575733184814
288.10992431640625 201.09910583496094 -0.6489826440811157
288.4652099609375 200.91908264160156 -0.28902819752693176
290.3877868652344 200.1396942138672 -0.48125511407852173
292.12603759765625 199.0073699951172 -0.6734820008277893
292.476806640625 198.81869506835938 -0.31352755427360535
294.37969970703125 197.99244689941406 -0.5057544708251953
294.7570495605469 197.86497497558594 -0.14580002427101135
296.77117919921875 197.3679962158203 -0.3380269408226013
298.65325927734375 196.49537658691406 -0.5302538275718689
299.0273742675781 196.35870361328125 -0.17029938101768494
301.0287170410156 195.81253051757812 -0.3625262975692749
302.88885498046875 194.89407348632812 -0.5547531843185425
303.2594909667969 194.74827575683594 -0.19479873776435852
305.2468566894531 194.1532440185547 -0.3870256543159485
307.0839538574219 193.1894989013672 -0.5792525410652161
307.450927734375 193.03466796875 -0.2192980945110321
309.4231262207031 192.39112854003906 -0.41152501106262207
311.2360534667969 191.38265991210938 -0.6037518978118896
311.59912109375 191.2188720703125 -0.2437974512577057
313.5549621582031 190.5272216796875 -0.43602436780929565
315.3426513671875 189.4746551513672 -0.6282512545585632
315.70159912109375 189.30203247070312 -0.2682968080043793
317.639892578125 188.5626678466797 -0.46052372455596924
318.02301025390625 188.4522705078125 -0.10061028599739075
320.0575256347656 188.04678344726562 -0.2928372025489807
321.97711181640625 187.2600860595703 -0.4850640892982483
322.3570251464844 187.14044189453125 -0.12510964274406433
324.3810119628906 186.68524169921875 -0.3173365592956543
326.2807312011719 185.8517608642578 -0.5095634460449219
326.6575927734375 185.7228546142578 -0.14960899949073792
328.6697998046875 185.2182159423828 -0.3418359160423279
330.5485534667969 184.33843994140625 -0.5340628027915955
330.9221496582031 184.20033264160156 -0.1741083562374115
332.9214172363281 183.64654541015625 -0.36633527278900146
334.7780456542969 182.72100830078125 -0.558562159538269
335.14813232421875 182.57379150390625 -0.19860771298408508
337.1332092285156 181.97119140625 -0.39083462953567505
338.96661376953125 181.00045776367188 -0.5830615162849426
339.3329772949219 180.84422302246094 -0.22310706973075867
341.3027038574219 180.19317626953125 -0.41533398628234863
343.1117858886719 179.1778106689453 -0.6075608730316162
343.4742126464844 179.0126495361328 -0.24760642647743225
345.4273986816406 178.3135528564453 -0.4398333430290222
345.81231689453125 178.21121215820312 -0.07987889647483826
347.85479736328125 177.84799194335938 -0.2721058130264282
349.790283203125 177.10125732421875 -0.4643326997756958
350.1725769042969 176.98951721191406 -0.10437825322151184
352.20556640625 176.5763702392578 -0.2966051697731018
354.1221618652344 175.78244018554688 -0.4888320565223694
354.5016174316406 175.661376953125 -0.12887760996818542
356.52386474609375 175.19854736328125 -0.3211045265197754
358.4204406738281 174.35791015625 -0.513331413269043
358.79681396484375 174.2275848388672 -0.153376966714859
360.80712890625 173.71536254882812 -0.345603883266449
362.68255615234375 172.82852172851562 -0.5378307700157166
363.0556335449219 172.6890106201172 -0.1778763234615326
365.05279541015625 172.12770080566406 -0.37010324001312256
366.9059143066406 171.19517517089844 -0.5623301267623901
367.27545166015625 171.04656982421875 -0.20237568020820618
369.25823974609375 170.43649291992188 -0.39460259675979614
371.0879821777344 169.45884704589844 -0.5868294835090637
371.4537658691406 169.30123901367188 -0.22687503695487976
373.4210205078125 168.6427764892578 -0.4191019535064697
375.22625732421875 167.62060546875 -0.6113288402557373
375.58807373046875 167.45407104492188 -0.25137439370155334
377.5386047363281 166.74761962890625 -0.4436013102531433
379.3182678222656 165.68153381347656 -0.6358281970024109
379.6759033203125 165.50619506835938 -0.27587375044822693
381.6085510253906 164.75216674804688 -0.4681006669998169
383.3615417480469 163.64280700683594 -0.6603275537490845
383.7147521972656 163.45875549316406 -0.3003731071949005
385.62835693359375 162.65760803222656 -0.4926000237464905
387.3536682128906 161.50563049316406 -0.6848269104957581
387.7022705078125 161.31298828125 -0.3248724639415741
389.5956726074219 160.4652099609375 -0.5170993804931641
391.292236328125 159.2713165283203 -0.7093262672424316
391.6360168457031 159.0701904296875 -0.3493718206882477
393.5080871582031 158.17628479003906 -0.5415987372398376
395.1748962402344 156.94119262695312 -0.7338256239891052
396.5750427246094 155.41041564941406 -0.9260525107383728
396.8675231933594 155.1400604248047 -0.5660980939865112
398.5035705566406 153.864501953125 -0.7583249807357788
399.86578369140625 152.2998809814453 -0.9505518674850464
400.1515808105469 152.02244567871094 -0.59059739112854
401.7558898925781 150.7071990966797 -0.7828242778778076
403.0793762207031 149.10968017578125 -0.9750511646270752
403.3582763671875 148.82533264160156 -0.6150966882705688
404.9299011230469 147.47117614746094 -0.8073235750198364
406.2138671875 145.8417205810547 -0.999550461769104
406.4857177734375 145.55062866210938 -0.6395959854125977
408.023681640625 144.15838623046875 -0.8318228721618652
409.267333984375 142.49795532226562 -1.0240497589111328
409.531982421875 142.20028686523438 -0.6640952825546265
411.0353698730469 140.77078247070312 -0.856322169303894
412.23797607421875 139.08038330078125 -1.0485490560531616
412.4952392578125 138.7763214111328 -0.6885945796966553
413.9631652832031 137.3104248046875 -0.8808214664459229
415.1239929199219 135.59107971191406 -1.0730483531951904
415.3737487792969 135.2808074951172 -0.7130938768386841
416.8053283691406 133.77938842773438 -0.9053207635879517
417.9237060546875 132.03211975097656 -1.0975476503372192
418.68768310546875 130.10337829589844 -1.2897745370864868
418.8648681640625 129.7466583251953 -0.9298200607299805
419.9400939941406 127.97251892089844 -1.122046947479248
420.6565856933594 126.02564239501953 -1.3142738342285156
420.8249816894531 125.66468811035156 -0.9543193578720093
421.8564453125 123.86474609375 -1.1465462446212769
422.5250244140625 121.9009017944336 -1.3387731313705444
422.68450927734375 121.53593444824219 -0.9788186550140381
423.67156982421875 119.71126556396484 -1.1710455417633057
424.2918395996094 117.73162841796875 -1.3632724285125732
424.4423522949219 117.36286163330078 -1.003317952156067
425.3843994140625 115.51455688476562 -1.1955448389053345
425.95599365234375 113.52032470703125 -1.387771725654602
426.1360778808594 111.45362091064453 -1.5799986124038696
426.2037658691406 111.06111907958984 -1.2200441360473633
426.726318359375 109.05348205566406 -1.4122710227966309
426.855712890625 106.98298645019531 -1.6044979095458984
426.91375732421875 106.58894348144531 -1.244543433189392
427.3869934082031 104.56910705566406 -1.4367703199386597
427.46563720703125 102.49606323242188 -1.6289972066879272
427.5140075683594 102.10071563720703 -1.269042730331421
427.9376220703125 100.06989288330078 -1.4612696170806885
427.9654541015625 97.99554443359375 -1.653496503829956
427.5964660644531 95.95408630371094 -1.8457233905792236
427.5587158203125 95.55758666992188 -1.4857689142227173
427.53570556640625 93.4831771850586 -1.6779958009719849
427.1168212890625 91.45137023925781 -1.8702226877212524
427.0693664550781 91.055908203125 -1.510268211364746
426.99554443359375 88.9826889038086 -1.7024950981140137
426.5270080566406 86.96175384521484 -1.8947219848632812
425.6810302734375 85.06755065917969 -2.086948871612549
425.5496520996094 84.6915512084961 -1.7269943952560425
425.0317687988281 82.68270111083984 -1.91922128200531
424.1396484375 80.8097915649414 -2.111448287963867
423.99908447265625 80.43711853027344 -1.7514938116073608
423.43212890625 78.44155883789062 -1.9437206983566284
422.494384765625 76.591064453125 -2.1359477043151855
420.3522033691406 73.2130355834961 -2.1359477043151855
418.21002197265625 69.83500671386719 -2.1359477043151855
416.0678405761719 66.45697784423828 -2.1359477043151855
413.9256591796875 63.078948974609375 -2.1359477043151855
411.7834777832031 59.70092010498047 -2.1359477043151855
409.64129638671875 56.32289123535156 -2.1359477043151855
407.4991149902344 52.944862365722656 -2.1359477043151855
405.35693359375 49.56683349609375 -2.1359477043151855
403.2147521972656 46.188804626464844 -2.1359477043151855
403.2147521972656 46.188804626464844 -2.535947799682617
399.92620849609375 43.91163635253906 -2.535947799682617
396.6376647949219 41.63446807861328 -2.535947799682617
393.34912109375 39.3572998046875 -2.535947799682617
390.8214111328125 37.79236602783203 -2.6385250091552734
389.57080078125 37.306800842285156 -2.903972864151001
388.2366027832031 37.16633224487305 3.113764524459839
384.2381591796875 37.27762985229492 3.113764524459839
380.2397155761719 37.3889274597168 3.113764524459839
376.24127197265625 37.50022506713867 3.113764524459839
372.2428283691406 37.61152267456055 3.113764524459839
368.244384765625 37.72282028198242 3.113764524459839
364.2459411621094 37.8341178894043 3.113764524459839
360.24749755859375 37.94541549682617 3.113764524459839
356.2490539550781 38.05671310424805 3.113764524459839
352.2506103515625 38.16801071166992 3.113764524459839
348.2521667480469 38.2793083190918 3.113764524459839
344.25372314453125 38.39060592651367 3.113764524459839
340.2552795410156 38.50190353393555 3.113764524459839
336.2568359375 38.61320114135742 3.113764524459839
332.2583923339844 38.7244987487793 3.113764524459839
328.25994873046875 38.83579635620117 3.113764524459839
324.2615051269531 38.94709396362305 3.113764524459839
320.2630615234375 39.05839157104492 3.113764524459839
316.2646179199219 39.1696891784668 3.113764524459839
312.26617431640625 39.28098678588867 3.113764524459839
308.2677307128906 39.39228439331055 3.113764524459839
304.269287109375 39.50358200073242 3.113764524459839
300.2708435058594 39.6148796081543 3.113764524459839
296.27239990234375 39.72617721557617 3.113764524459839
292.2739562988281 39.83747482299805 3.113764524459839
288.2755126953125 39.94877243041992 3.113764524459839
284.2770690917969 40.0600700378418 3.113764524459839
280.27862548828125 40.17136764526367 3.113764524459839
276.2801818847656 40.28266525268555 3.113764524459839
272.28173828125 40.39396286010742 3.113764524459839
268.2832946777344 40.5052604675293 3.113764524459839
264.28485107421875 40.61655807495117 3.113764524459839
260.2864074707031 40.72785568237305 3.113764524459839
256.2879638671875 40.83915328979492 3.113764524459839
252.28952026367188 40.9504508972168 3.113764524459839
248.29107666015625 41.06174850463867 3.113764524459839
244.29263305664062 41.17304611206055 3.113764524459839
240.294189453125 41.28434371948242 3.113764524459839
236.29574584960938 41.3956413269043 3.113764524459839
232.29730224609375 41.50693893432617 3.113764524459839
228.29885864257812 41.61823654174805 3.113764524459839
224.3004150390625 41.72953414916992 3.113764524459839
220.30197143554688 41.8408317565918 3.113764524459839
216.30352783203125 41.95212936401367 3.113764524459839
212.30508422851562 42.06342697143555 3.113764524459839
208.306640625 42.17472457885742 3.113764524459839
204.30819702148438 42.2860221862793 3.113764524459839
200.30975341796875 42.39731979370117 3.113764524459839
196.31130981445312 42.50861740112305 3.113764524459839
192.3128662109375 42.61991500854492 3.113764524459839
188.31442260742188 42.7312126159668 3.113764524459839
184.31597900390625 42.84251022338867 3.113764524459839
180.31753540039062 42.95380783081055 3.113764524459839
176.319091796875 43.06510543823242 3.113764524459839
172.32064819335938 43.1764030456543 3.113764524459839
168.32220458984375 43.28770065307617 3.113764524459839
164.32376098632812 43.39899826049805 3.113764524459839
160.3253173828125 43.51029586791992 3.113764524459839
156.32687377929688 43.6215934753418 3.113764524459839
152.32843017578125 43.73289108276367 3.113764524459839
148.32998657226562 43.84418869018555 3.113764524459839
144.33154296875 43.95548629760742 3.113764524459839
140.33309936523438 44.0667839050293 3.113764524459839
136.33465576171875 44.17808151245117 3.113764524459839
132.33621215820312 44.28937911987305 3.113764524459839
128.3377685546875 44.40067672729492 3.113764524459839
124.33931732177734 44.5119743347168 3.113764524459839
120.34086608886719 44.62327194213867 3.113764524459839
116.34241485595703 44.73456954956055 3.113764524459839
112.34396362304688 44.84586715698242 3.113764524459839
108.34551239013672 44.9571647644043 3.113764524459839
104.34706115722656 45.06846237182617 3.113764524459839
100.3486099243164 45.17975997924805 3.113764524459839
96.35015869140625 45.29105758666992 3.113764524459839
92.3517074584961 45.4023551940918 3.113764524459839
88.35325622558594 45.51365280151367 3.113764524459839
84.35480499267578 45.62495040893555 3.113764524459839
80.35635375976562 45.73624801635742 3.113764524459839
76.35790252685547 45.8475456237793 3.113764524459839
72.35945129394531 45.95884323120117 3.113764524459839
68.36100006103516 46.07014083862305 3.113764524459839
64.362548828125 46.18143844604492 3.113764524459839
62.303932189941406 46.43790054321289 2.921537160873413
62.303932189941406 46.43790054321289 2.5215370655059814
59.048545837402344 48.76222229003906 2.5215370655059814
55.79315948486328 51.086544036865234 2.5215370655059814
52.53777313232422 53.410865783691406 2.5215370655059814
