-390.15259082985807
-390.2134997729258
-390.174405409314
-390.04065343582795
-389.8305508792516
-389.5728378574137
-386.07447184004997
-382.56352623747136
-379.0480041326296
-375.53610172689713
-372.0363104721034
-368.55800529328627
-368.55800529328627
-368.2877335901467
-368.2877335901467
-368.0179040183474
-364.5365447013541
-364.5365447013541
-364.2663508483426
-364.2663508483426
-363.9966206063004
-360.5150110324077
-360.5150110324077
-360.2448614760567
-360.2448614760567
-359.9752278295761
-356.48942935419893
-356.48942935419893
-356.2193822438865
-356.2193822438865
-355.94984261869746
-352.4649200667721
-352.4649200667721
-352.19494239963564
-352.19494239963564
-351.92891357904375
-348.439107431871
-344.9747882593482
-341.5449964752451
-338.1589178478786
-334.8259430638956
-331.55563185773985
-328.3575813875891
-325.2415642146231
-322.2173566567124
-319.2947449797544
-319.2947449797544
-315.88169092579244
-312.51640878791875
-309.2084548069748
-305.96756436214054
-302.803610060694
-299.726554183043
-296.7464269765661
-296.7464269765661
-296.7464269765661
-296.47599457286566
-293.0201406446467
-293.0201406446467
-292.74961806820943
-289.30660291563447
-289.30660291563447
-289.03613390123155
-289.03613390123155
-288.765603824056
-285.3231470341707
-285.3231470341707
-285.0526583697028
-281.62818894286454
-281.62818894286454
-281.35786720194056
-277.95366633635905
-277.95366633635905
-274.4663916669604
-274.19759886211045
-274.19759886211045
-273.92805356639104
-273.92805356639104
-273.65799693142543
-270.27073370027455
-270.27073370027455
-270.00113424007264
-270.00113424007264
-269.73102764998043
-266.3358878394516
-266.3358878394516
-266.0662439114351
-262.7005007259987
-262.7005007259987
-262.4314783058961
-262.4314783058961
-262.16177269110153
-258.7940622491833
-255.4756798638704
-255.4756798638704
-255.20842377676254
-255.20842377676254
-254.94015113121387
-254.94015113121387
-254.67100997609742
-251.32767106525563
-251.32767106525563
-251.059324511379
-247.74538301669108
-247.74538301669108
-247.47802635112788
-247.47802635112788
-243.97323280530819
-243.5059855599925
-240.22591432341096
-237.01896667203047
-237.01896667203047
-236.75593147501624
-236.75593147501624
-236.49128638676947
-236.49128638676947
-236.16775354272266
-236.16775354272266
-232.66100797843768
-229.1563214059415
-225.66246735463847
-225.66246735463847
-225.66246735463847
-222.25354626795985
-222.25354626795985
-222.25354626795985
-222.25354626795985
-222.25354626795985
-222.25354626795985
-222.25354626795985
-222.25354626795985
-222.25354626795985
-222.25354626795985
-222.25354626795985
