62.828426361083984 452.82843017578125 0.7853981852531433
65.65685272216797 455.6568603515625 0.7853981852531433
68.48528289794922 458.48529052734375 0.7853981852531433
71.31371307373047 461.313720703125 0.7853981852531433
74.14214324951172 464.14215087890625 0.7853981852531433
76.97057342529297 466.9705810546875 0.7853981852531433
79.79900360107422 469.79901123046875 0.7853981852531433
82.62743377685547 472.62744140625 0.7853981852531433
85.45586395263672 475.45587158203125 0.7853981852531433
88.28429412841797 478.2843017578125 0.7853981852531433
91.11272430419922 481.11273193359375 0.7853981852531433
93.94115447998047 483.941162109375 0.7853981852531433
96.76958465576172 486.76959228515625 0.7853981852531433
99.59801483154297 489.5980224609375 0.7853981852531433
102.42644500732422 492.42645263671875 0.7853981852531433
105.25487518310547 495.2548828125 0.7853981852531433
108.08330535888672 498.08331298828125 0.7853981852531433
110.91173553466797 500.9117431640625 0.7853981852531433
110.91173553466797 500.9117431640625 1.1853982210159302
112.41545104980469 504.61834716796875 1.1853982210159302
113.9191665649414 508.324951171875 1.1853982210159302
115.42288208007812 512.0315551757812 1.1853982210159302
115.42288208007812 512.0315551757812 1.5853981971740723
115.42288208007812 512.0315551757812 1.9853981733322144
115.42288208007812 512.0315551757812 2.3853981494903564
112.51306915283203 514.7761840820312 2.3853981494903564
109.60325622558594 517.5208129882812 2.3853981494903564
106.69344329833984 520.2654418945312 2.3853981494903564
103.78363037109375 523.0100708007812 2.3853981494903564
100.87381744384766 525.7546997070312 2.3853981494903564
97.96400451660156 528.4993286132812 2.3853981494903564
95.05419158935547 531.2439575195312 2.3853981494903564
92.14437866210938 533.9885864257812 2.3853981494903564
89.23456573486328 536.7332153320312 2.3853981494903564
86.32475280761719 539.4778442382812 2.3853981494903564
83.4149398803711 542.2224731445312 2.3853981494903564
80.505126953125 544.9671020507812 2.3853981494903564
77.5953140258789 547.7117309570312 2.3853981494903564
77.5953140258789 547.7117309570312 2.785398244857788
73.84638977050781 549.1065673828125 2.785398244857788
70.09746551513672 550.5014038085938 2.785398244857788
66.34854125976562 551.896240234375 2.785398244857788
62.59961700439453 553.2910766601562 2.785398244857788
58.85069274902344 554.6859130859375 2.785398244857788
55.101768493652344 556.0807495117188 2.785398244857788
51.35284423828125 557.4755859375 2.785398244857788
47.603919982910156 558.8704223632812 2.785398244857788
43.85499572753906 560.2652587890625 2.785398244857788
40.10607147216797 561.6600952148438 2.785398244857788
36.357147216796875 563.054931640625 2.785398244857788
32.60822296142578 564.4497680664062 2.785398244857788
28.85930061340332 565.8446044921875 2.785398244857788
25.11037826538086 567.2394409179688 2.785398244857788
26.388980865478516 566.950927734375 3.0539286136627197
30.373620986938477 566.6007080078125 3.0539286136627197
30.373620986938477 566.6007080078125 -2.829256534576416
30.373620986938477 566.6007080078125 -2.4292564392089844
33.400970458984375 569.2151489257812 -2.4292564392089844
33.400970458984375 569.2151489257812 -2.0292563438415527
33.400970458984375 569.2151489257812 -1.6292563676834106
33.16726303100586 565.2219848632812 -1.6292563676834106
32.933555603027344 561.2288208007812 -1.6292563676834106
32.69984817504883 557.2356567382812 -1.6292563676834106
32.46614074707031 553.2424926757812 -1.6292563676834106
32.2324333190918 549.2493286132812 -1.6292563676834106
31.99872589111328 545.2561645507812 -1.6292563676834106
31.765018463134766 541.2630004882812 -1.6292563676834106
31.53131103515625 537.2698364257812 -1.6292563676834106
31.297603607177734 533.2766723632812 -1.6292563676834106
31.06389617919922 529.2835083007812 -1.6292563676834106
30.830188751220703 525.2903442382812 -1.6292563676834106
30.596481323242188 521.2971801757812 -1.6292563676834106
30.362773895263672 517.3040161132812 -1.6292563676834106
30.129066467285156 513.3108520507812 -1.6292563676834106
29.89535903930664 509.31768798828125 -1.6292563676834106
29.661651611328125 505.32452392578125 -1.6292563676834106
29.42794418334961 501.33135986328125 -1.6292563676834106
29.194236755371094 497.33819580078125 -1.6292563676834106
28.960529327392578 493.34503173828125 -1.6292563676834106
28.726821899414062 489.35186767578125 -1.6292563676834106
28.493114471435547 485.35870361328125 -1.6292563676834106
28.25940704345703 481.36553955078125 -1.6292563676834106
28.025699615478516 477.37237548828125 -1.6292563676834106
27.7919921875 473.37921142578125 -1.6292563676834106
27.558284759521484 469.38604736328125 -1.6292563676834106
27.32457733154297 465.39288330078125 -1.6292563676834106
27.090869903564453 461.39971923828125 -1.6292563676834106
26.857162475585938 457.40655517578125 -1.6292563676834106
26.623455047607422 453.41339111328125 -1.6292563676834106
26.389747619628906 449.42022705078125 -1.6292563676834106
26.15604019165039 445.42706298828125 -1.6292563676834106
25.922332763671875 441.43389892578125 -1.6292563676834106
25.68862533569336 437.44073486328125 -1.6292563676834106
25.454917907714844 433.44757080078125 -1.6292563676834106
25.221210479736328 429.45440673828125 -1.6292563676834106
24.987503051757812 425.46124267578125 -1.6292563676834106
24.753795623779297 421.46807861328125 -1.6292563676834106
24.52008819580078 417.47491455078125 -1.6292563676834106
24.286380767822266 413.48175048828125 -1.6292563676834106
24.05267333984375 409.48858642578125 -1.6292563676834106
23.818965911865234 405.49542236328125 -1.6292563676834106
23.58525848388672 401.50225830078125 -1.6292563676834106
23.351551055908203 397.50909423828125 -1.6292563676834106
23.117843627929688 393.51593017578125 -1.6292563676834106
22.884136199951172 389.52276611328125 -1.6292563676834106
22.650428771972656 385.52960205078125 -1.6292563676834106
22.41672134399414 381.53643798828125 -1.6292563676834106
22.183013916015625 377.54327392578125 -1.6292563676834106
21.94930648803711 373.55010986328125 -1.6292563676834106
21.715599060058594 369.55694580078125 -1.6292563676834106
21.481891632080078 365.56378173828125 -1.6292563676834106
21.248184204101562 361.57061767578125 -1.6292563676834106
21.014476776123047 357.57745361328125 -1.6292563676834106
20.78076934814453 353.58428955078125 -1.6292563676834106
20.547061920166016 349.59112548828125 -1.6292563676834106
20.3133544921875 345.59796142578125 -1.6292563676834106
20.079647064208984 341.60479736328125 -1.6292563676834106
19.84593963623047 337.61163330078125 -1.6292563676834106
19.612232208251953 333.61846923828125 -1.6292563676834106
19.378524780273438 329.62530517578125 -1.6292563676834106
19.144817352294922 325.63214111328125 -1.6292563676834106
18.911109924316406 321.63897705078125 -1.6292563676834106
18.67740249633789 317.64581298828125 -1.6292563676834106
18.443695068359375 313.65264892578125 -1.6292563676834106
18.20998764038086 309.65948486328125 -1.6292563676834106
17.976280212402344 305.66632080078125 -1.6292563676834106
17.742572784423828 301.67315673828125 -1.6292563676834106
17.508865356445312 297.67999267578125 -1.6292563676834106
17.275157928466797 293.68682861328125 -1.6292563676834106
17.04145050048828 289.69366455078125 -1.6292563676834106
16.807743072509766 285.70050048828125 -1.6292563676834106
16.57403564453125 281.70733642578125 -1.6292563676834106
16.57403564453125 281.70733642578125 -1.6292563676834106
16.57403564453125 281.70733642578125 -1.6292563676834106
16.57403564453125 281.70733642578125 -1.6292563676834106
16.57403564453125 281.70733642578125 -1.6292563676834106
16.57403564453125 281.70733642578125 -1.6292563676834106
16.57403564453125 281.70733642578125 -1.6292563676834106
16.57403564453125 281.70733642578125 -1.6292563676834106
16.57403564453125 281.70733642578125 -1.6292563676834106
16.57403564453125 281.70733642578125 -1.6292563676834106
16.57403564453125 281.70733642578125 -1.6292563676834106
