-390.0
-390.0
-390.0
-390.0
-390.0
-390.0
-386.00388495992144
-382.0078510730543
-378.01190091305557
-374.01603716351383
-370.0202626238791
-366.0245802157804
-362.028992989761
-358.0335041324636
-354.038116974302
-350.0428349976565
-346.0476618456364
-342.0526013314554
-338.05765744847065
-334.06283438094067
-330.068136515563
-326.0735684538586
-326.0735684538586
-322.4807168134338
-318.8975591942292
-315.3244260675434
-311.7616621088494
-308.2096269070404
-304.6686957118169
-301.13926022118113
-297.6217294110744
-294.11653040925
-290.62410941552963
-287.1449326706326
-283.6794874757998
-280.22828326544914
-276.791852735096
-273.37075302674805
-269.96556697392623
-266.57690440837814
-263.20540353042077
-259.8517323446732
-256.516590162706
-253.2007091738363
-249.90485608491787
-249.90485608491787
-249.90485608491787
-249.90485608491787
-249.90485608491787
-249.90485608491787
-249.90485608491787
-249.90485608491787
-249.90485608491787
-249.90485608491787
-251.8659587673274
-253.8749401070541
-255.9306726059798
-258.03203887182656
-260.17793338546477
-262.3672633366773
-264.5989505544002
-266.8719324167849
-269.1851628580494
-271.5376132465384
-273.9282731409908
-276.356150932181
-278.820274377173
-281.3196910334223
-283.8534685998832
-286.42069517214713
-289.02047941845524
-291.6519506832038
-294.31425902431
-297.0065751905265
-299.72809054449607
-302.47801693703275
-305.2555865378006
-308.0600516272435
-310.8906843543076
-313.7467764641831
-316.6276389999914
-319.5326019820485
-322.46101406804837
-325.41224219724194
-328.3856712214242
-331.3807035252969
-334.39675863854103
-337.4332728417147
-337.4332728417147
-337.4332728417147
-337.4332728417147
-337.4332728417147
-337.4332728417147
-333.81283158440385
-330.2011502865293
-326.59851956357613
-323.0052422517554
-319.4216340098676
-319.4216340098676
-315.4296966846132
-311.4379663650307
-307.4464511140933
-303.45515941855524
-299.4641002171323
-295.47328293095836
-291.4827174965359
-287.4924144014206
-283.50238472290954
-279.51264017003007
-275.52319312916376
-271.5340567136761
-267.5452448179689
-263.5567721764205
-263.5567721764205
-259.7673441680244
-255.98432362491857
-252.20799887562688
-248.43867525313433
-244.67667632154775
-240.9223452059387
-237.1760460350972
-233.43816550791033
-229.7091145951712
-225.98933038982045
-222.27927811994604
-218.57945334031783
-214.89038431982715
-211.2126346439455
-207.5468060532216
-203.89354154090634
-200.25352873504127
-196.62750359276208
-193.0162544371595
-189.4206263697855
-185.84152609477906
-182.27992719357218
-178.73687589217417
-175.21349736603608
-171.71100263036251
-168.2306960663058
-164.7739836355428
-161.34238183701595
-157.93752745975146
-154.56118818416547
-151.2152740805149
-147.90185004634807
-144.62314921395745
-141.38158734267955
-138.17977818788037
-135.02054980672713
-131.9069617181478
-128.842322778107
-125.83020955853912
-122.87448492578433
-119.97931639891392
-117.14919372692053
-114.3889454466799
-111.70375112640123
-109.0991526859122
-106.58105902846202
-104.1557444226796
-101.82983833153288
-101.82983833153288
-101.82983833153288
-101.82983833153288
-101.82983833153288
-101.82983833153288
-101.82983833153288
-101.82983833153288
-101.82983833153288
-101.82983833153288
-101.82983833153288
