-390.0
-390.0
-390.0
-390.0
-390.0
-390.0
-386.00388495992144
-382.0078510730543
-378.01190091305557
-374.01603716351383
-370.0202626238791
-366.0245802157804
-362.028992989761
-358.0335041324636
-354.038116974302
-350.0428349976565
-346.0476618456364
-342.0526013314554
-340.9056715271828
-337.1284480559762
-333.35642193404186
-329.5897716063214
-325.82868350891323
-322.07335250467446
-318.3239823463719
-314.580786169325
-310.8439870156284
-307.11381839220127
-303.390524865079
-299.6743626925442
-295.96560049989125
-292.2645199988261
-288.57141675472894
-284.8866010052473
-281.21039853394257
-277.54315160298745
-273.8852199492029
-270.2369818480289
-266.598835250353
-262.97119920972153
-259.3545145690505
-255.7492459372874
-252.1558829855631
-248.57494203471396
-245.00696775293633
-241.4525349711821
-237.91225062431317
-234.38675582642597
-230.87672808912947
-227.3828836918944
-223.90598021387433
-223.90598021387433
-223.90598021387433
-223.90598021387433
-223.90598021387433
-223.90598021387433
-223.90598021387433
-223.90598021387433
-223.90598021387433
-223.90598021387433
-223.90598021387433
