-392.30918115371145
-394.47479005561723
-396.4904813474597
-398.3504469593384
-400.0493810611296
-401.5825094666368
-402.9455601519489
-404.13476793487996
-405.14685263801147
-405.9790914230818
-406.6292122157101
-407.0954735333548
-407.3766261841153
-407.4719091836989
-407.381051175349
-407.1043332422501
-406.64247677708687
-405.99671374343126
-405.16880253043354
-404.1609574217628
-402.97592842348223
-401.6169693789057
-400.087835492972
-398.39278535026773
-396.53665003541556
-394.24930096445576
-391.98942329086583
-389.7574948658978
-389.7574948658978
-386.42474190931335
-383.10476024425185
-379.79788478942197
-376.504460884356
-373.22484462815055
-369.9594032271404
-369.9594032271404
-366.05581217989095
-362.1543254165096
-358.25501168553717
-354.3579427223712
-350.46319341090305
-346.57084195560145
-342.6809700648267
-338.7936631462232
-334.90901051511315
-331.02710561689287
-327.1480462645202
-323.2719348922784
-319.39887882710553
-315.5289905788949
-311.66238815129805
-307.79919537470226
-303.9395422632067
-300.083565397592
-296.2314083364622
-292.3832220579466
-288.5391654345714
-284.69940574416574
-280.86411921994056
-277.03349164318496
-273.2077189823633
-269.3870080827713
-265.5715774113222
-261.76165786149517
-257.95749362398595
-254.15934312916528
-250.3674800680762
-246.5821944993961
-242.80379405056098
-239.03260522210394
-235.26897480521072
-231.51327142354776
-227.76588721158717
-224.02723964294907
-220.2977735237171
-216.57796316727217
-212.86832869807188
-209.16939676837015
-205.48174535681932
-201.80599285956063
-198.1428014889482
-194.4928809968423
-190.85699275562942
-187.23595423342258
-184.15604140100814
-180.458618275543
-177.31939699006017
-174.11615804584224
-170.8586417583171
-167.55722713887852
-164.2230325821529
-160.86791184978225
-157.50453047366693
-154.1463800339493
-150.80785650689288
-147.5042329309611
-144.25172779986985
-141.06747524655796
-137.4234165854977
-133.72076193783357
-130.03572205523025
-126.36983792662816
-122.72482615496457
-122.72482615496457
-120.06507916401569
-117.48133236217251
-114.97870938376347
-112.56262127613876
-110.23875790569197
-108.01307198510229
-105.8917543237566
-103.88119890962737
-101.98795653936362
-100.21867595554974
-98.58003185496877
-97.07863971958321
-95.72095810228228
-94.5131808138002
-94.5131808138002
-94.5131808138002
-94.5131808138002
-94.5131808138002
-94.5131808138002
-94.5131808138002
-94.5131808138002
-94.5131808138002
-94.5131808138002
-94.5131808138002
