-392.83861260070745
-395.6972973447963
-398.57562242630917
-401.47316538979356
-404.3895131339564
-407.324261745324
-410.2770163548833
-413.2473909909103
-416.23500842860443
-419.2395000371072
-422.2605056244355
-425.29767328082255
-428.3506592209188
-431.41912762526795
-434.50275048143925
-437.6012074251642
-440.7141855817944
-443.8413794083695
-446.9824905365546
-446.9824905365546
-448.9345807917173
-450.9137044878617
-452.9195072408079
-454.9516350308692
-457.00973771037735
-457.00973771037735
-457.6016903645056
-458.2277967068695
-458.8879169396878
-459.58190449548147
-460.3096061936751
-461.070862402617
-461.8655072066371
-462.69336857775437
-462.69336857775437
-461.96527890467917
-461.2707278823506
-460.60986722902084
-459.9828421542981
-459.9828421542981
-457.89412458235324
-455.8309375906192
-453.7936294059847
-451.7825501291291
-449.7980515741611
-447.84048709965253
-445.91021143096305
-444.0075804737662
-442.13295111870997
-440.2866810371635
-438.469128468028
-436.6806519956121
-434.92161031859916
-433.1923620101626
-431.4932652693131
-429.8246776635953
-428.18695586328073
-426.5804553672407
-425.0055302207154
-423.4625327252344
-421.9518131409779
-420.47371938190975
-419.02859670404956
-417.6167873872921
-416.2386304112224
-414.8944611254137
-413.584610914737
-413.584610914737
-413.584610914737
-413.584610914737
-409.5881398758409
-405.59173822140303
-401.5954080228229
-397.5991514347419
-393.60297069926537
-389.606868150444
-385.6108462190332
-381.61490743755155
-377.61905444565946
-377.61905444565946
-373.87002521956055
-370.1262505208671
-366.3878914228967
-362.6551154026604
-358.92809664867053
-355.2070163857659
-351.4920632179879
-347.78343349061083
-344.081331672496
-340.3859707600155
-336.69757270387015
-333.0163688602073
-333.0163688602073
-333.0163688602073
-333.0163688602073
-333.0163688602073
-333.0163688602073
-333.0163688602073
-333.0163688602073
-333.0163688602073
-336.6004962531866
-340.1938950604502
-343.7962745644067
-347.4073553939014
-351.0268690124153
-354.6545572313846
-358.29017174739084
-361.9334737020264
-365.584233263295
-369.2422292274577
-372.9072486402869
-376.5790864367409
-380.257545098118
-383.9424343257976
-387.63357073071825
-391.3307775377876
-395.03388430445716
-398.74271906833945
-402.4571307471594
-406.1769663414429
-409.9020781861408
-413.6323237298731
-417.36756532451113
-421.1076700245717
-424.8525093959256
-428.6019593333476
-432.35589988646166
-436.11421509365823
-439.8767928235827
-439.8767928235827
-442.826211435488
-445.7920078954396
-448.77385749638046
-451.7714423693792
-454.7844513705705
-457.8125799668966
-460.85553012094266
-463.9130101751382
-466.9847347355741
-470.07042455566676
-473.1698064198824
-476.28261302771364
-479.40858287809004
-482.54746015438104
-485.69899461014245
-488.8629414557378
-492.0390612459573
-495.22711976874155
-498.42688793510905
-501.6381416703736
-504.86066180672833
-508.09423397726465
-511.3386485114857
-514.5937003323651
-517.8591888549945
-521.1349178868593
-524.4206955297703
-527.7163340834793
-531.0216499509962
-534.3364635456243
-537.6605991997218
-540.9938850751986
-544.3361530757481
-544.3361530757481
-544.3361530757481
-544.3361530757481
-544.3361530757481
-544.3361530757481
-544.3361530757481
-544.3361530757481
-544.3361530757481
-544.3361530757481
-542.3153951914722
-540.3166927025851
-538.3402912651399
-536.3864373945432
-536.3864373945432
-535.9736896301644
-535.5904981663617
-535.2369264837486
-534.9130333173852
-534.6188726085161
-534.3544934600566
-534.3544934600566
-534.3544934600566
-537.0527010563279
-539.7670636291896
-542.4973386864621
-545.2432871855889
-548.0046735166001
-548.0046735166001
-548.0046735166001
-552.004611163267
-552.004611163267
-552.004611163267
-554.816334571473
-557.642573044336
-560.4831070050714
-563.3377202060738
-566.2061996995996
-569.0883358072952
-571.9839220886706
-574.8927553086122
-577.8146354040239
-580.7493654496835
-583.6967516233946
-586.6566031705117
-589.6287323679127
-592.6129544874864
-595.6090877592042
-598.6169533338351
-601.6363752453655
-604.6671803731779
-607.7091984040427
-610.7622617939707
-613.8262057299745
-616.9008680917827
-616.9008680917827
-618.7540030523885
-620.6273853418356
-622.5208321663296
-624.4341610032267
-626.3671896551382
-628.319736302367
-630.2916195536826
-632.2826584954393
-634.2926727390476
-634.2926727390476
-634.2926727390476
-633.2345209585973
-633.2345209585973
-630.7751376488295
-628.3315925257608
-625.9040710874477
-623.4927604948964
-621.0978495559897
-621.0978495559897
-617.6529099795097
-614.214698355132
-614.214698355132
-614.214698355132
-614.214698355132
-611.0644454713304
-607.9241871005684
-604.7940789257058
-601.6742793607705
-598.564949595293
-595.4662536388881
-592.3783583660475
-589.3014335611085
-589.3014335611085
-589.3014335611085
-589.0133255474645
-588.7522535210014
-588.5182534619462
-588.3113576738167
-588.1315947612298
-587.9789896102016
-587.8535633709704
-587.7553334433721
-587.6843134647884
-587.6405133006893
-587.623939037786
-587.6345929798022
-587.6724736458735
-587.7375757715768
-587.8298665859683
-587.949356737756
-588.096029647745
-588.2698649835619
-588.47083867372
-588.6989229242407
-588.9540862378046
-589.2362934354012
-589.5455056804432
-589.881680505307
-589.881680505307
-589.881680505307
-589.881680505307
-589.881680505307
-589.881680505307
-589.881680505307
-589.881680505307
-590.8997150843883
-591.9430289201453
-593.0114885875306
-594.1049584170634
-595.2233005721304
-596.3663751264983
-597.5340401419456
-598.7261517459312
-599.9425642092132
-601.1831300233387
-602.447699977923
-603.7361232376435
-605.0482474188708
-606.3839186658677
-607.742981726485
-609.1252800272881
-610.5306557480502
-611.9589498955504
-613.410002376619
-614.8836520703744
-616.3797368995977
-617.8980939011964
-619.4385592957099
-621.0009685558116
-622.5851564737679
-624.1909572278139
-625.8182044474111
-627.4667312773539
-629.1363704406947
-629.1363704406947
-629.1363704406947
-629.1363704406947
-626.3684913664415
-623.6139843079543
-620.8730272403525
-620.8730272403525
-617.2198816124621
-613.5710624555509
-609.9266474175353
-606.2867159184544
-602.6513491981947
-602.6513491981947
-598.653360118765
-594.655398220451
-590.6574640551923
-586.6595581899697
-582.6616812073214
-578.6638337058797
-574.6660163009311
-570.6682296249985
-566.6704743284497
-562.6727510801304
-558.6750605680253
-554.677403499947
-550.679780604256
-546.6821926306106
-542.6846403507518
-538.6871245593212
-534.6896460747173
-530.6922057399896
-526.694804423773
-522.6974430212659
-518.7001224552533
-514.7028436771767
-510.70560766825497
-506.7084154406586
-502.7112680387388
-502.7112680387388
-498.972552245497
-495.2379192010984
-491.5074619716999
-487.78127636479684
-484.0594610264926
-480.3421175427225
-476.62935054460786
-472.9212678181249
-469.2179804182812
-465.519602788001
-461.8262528819317
-458.13805229539
-454.45512639868093
-450.77760447702866
-447.1056198763731
-443.43931015529404
-439.7788172433391
-436.12428760604166
-432.4758724169296
-428.8337277368366
-425.19801470084275
-421.5688997131843
-417.94655465048584
-414.3311570736844
-410.7228904490284
-407.1219443785498
-403.5285148404228
-399.9428044396393
-396.36502266944507
-392.79538618399755
-389.2341190827209
-385.68145320685005
-382.1376284486696
-378.60289307396897
-375.0775040582477
-371.56172743721925
-368.05583867217194
-364.5601230307578
-361.07487598378617
-361.07487598378617
-361.07487598378617
-361.07487598378617
-361.07487598378617
-361.07487598378617
-361.07487598378617
-361.07487598378617
-361.07487598378617
-361.07487598378617
-363.3377898162923
-365.6304595165855
-367.95232886865983
-370.3028486107971
-372.68147664528635
-375.08767822415984
-375.08767822415984
-375.08767822415984
-375.08767822415984
-375.08767822415984
-375.08767822415984
-375.08767822415984
-371.15260940877715
-367.21894410524897
-363.286727905218
-359.35600837868583
-355.4268351814767
-351.4992601697126
-347.5733375218334
-343.64912386874147
-339.726678432703
-335.80606317569226
-331.8873429579277
-327.970585707416
-324.0558626013949
-320.1432482606482
-316.2328209577561
-312.324662840445
-308.4188601713121
-304.5155132903991
-300.6147077077658
-296.71654365151585
-292.8211266171632
-288.928567713118
-285.0389840332884
-285.0389840332884
-285.0389840332884
-283.0252354395537
-281.05398998188025
-279.1261481590168
-277.24261541054335
-275.4043008478662
-273.6121158932111
-271.866972826514
-270.16978324079747
-268.5214564073809
-266.92289755308923
-266.92289755308923
-266.92289755308923
-266.92289755308923
-266.92289755308923
-266.92289755308923
-266.92289755308923
-266.92289755308923
-266.92289755308923
-266.92289755308923
-266.73632650833144
-266.60964449330856
-266.5429368998633
-266.53624875845236
-266.58958458634055
-266.7029083723584
-266.87614369834284
-266.87614369834284
-266.87614369834284
-264.1682203476529
-261.4934436845027
-258.8528412444044
-256.24746951454557
-253.67840239580838
-251.14676620273465
-248.65370423263778
-246.20038831336728
-243.78801837910993
-241.41782189244714
-239.09105309879976
-236.80899209914415
-234.57294372678965
-232.38423621409953
-230.24421963534473
-228.15426411243556
-226.11575777111338
-224.1301044363347
-222.19872105707418
-222.19872105707418
-222.19872105707418
-218.35145425833545
-214.50977485165978
-210.6739884986727
-206.84442304741333
-203.02143053023985
-199.20538937519245
-195.39670685696925
-191.5958218172411
-191.5958218172411
-187.60885828937117
-183.62246177283527
-179.63667001603264
-175.65152418763492
-171.66706927214446
-167.6833545215292
-167.6833545215292
-167.6833545215292
-167.6833545215292
-167.6833545215292
-167.6833545215292
-167.6833545215292
-167.6833545215292
-167.6833545215292
-171.5616076353665
-175.44532761509242
-179.334159284281
-183.22777717128395
-187.12588250895857
-191.0282005858835
-194.93447840262013
-198.84448259335656
-202.75799757897312
-206.67482392238085
-210.59477686105242
-210.59477686105242
-214.51533368958619
-218.4387710727346
-222.36493653584998
-226.29368808350054
-226.29368808350054
-229.634027196906
-232.9951375113202
-236.3761444037799
-239.77620621008705
-243.19452372090072
-246.63033786052614
-250.08292748723727
-253.55160731102504
-257.03572592433466
-260.53466394114065
-264.0478322395859
-267.5746703033638
-271.11464465703654
-274.6672473905407
-278.2319947682325
-281.808425917947
-285.396101595695
-288.9946030217821
-292.6035307843065
-296.2225038061689
-299.85115837191097
-303.48914721087795
-307.13613863338026
-310.79181571670773
-314.45587553801727
-318.1280284512856
-321.807997405675
-325.4955173028161
-329.19033439065726
-332.8922056916707
-336.6008984633381
-340.3161896889645
-344.03786559698926
-347.7657212070747
-351.49955990135965
-355.2391930193658
-358.98443947513783
-362.7351253952883
-366.4910837767
-370.25215416271755
-374.01818233673254
-377.78902003213625
-381.56452465767615
-385.3445590373151
-389.1289911637467
-392.9176939647739
-396.71054508180663
-400.5074266597818
-404.3082251478503
-408.11283111021777
-411.9211390465624
-415.73304722149004
-419.5484575025177
-423.36727520611004
-427.1894089513202
-431.01477052061506
-434.84327472748913
-438.6748392904962
-442.50938471334905
-446.3468341707587
-450.1871133997049
-454.0301505958462
-457.8758763147964
-461.7242233780102
-465.5751267830344
-469.42852361789693
-473.2843529794179
-473.2843529794179
-473.2843529794179
-473.2843529794179
-473.71085683444943
-474.1707214244642
-474.66384978767036
-474.66384978767036
-473.60403444937856
-472.5757003306273
-471.5790533770729
-470.61429490595384
-469.68162142074357
-468.7812244275445
-467.913290253585
-467.07799986818276
-466.27552870654404
-465.50604649676774
-464.7697170904244
-464.06669829708113
-463.3971715102792
-462.76125230065475
-462.1590793977585
-461.59078487386125
-461.05649400363194
-460.55632512988586
-460.09038953572957
-459.65879132341615
-459.26162730021167
-458.8989868715592
-458.5709519418108
-458.2775968227815
-458.0189881503598
-457.7951848093918
-457.60623786703474
-457.45219051475465
-457.33307801912144
-457.24892768153154
-457.24892768153154
-457.24892768153154
-457.24892768153154
-453.4992494712839
-449.7538844791945
-446.0129413651928
-442.73464600129586
-442.73464600129586
-438.7496757107424
-434.76498164938533
-430.7805714825345
-426.79645316118496
-422.8126349354238
-418.8291253685974
-414.84593335228976
-410.86306812216714
-410.86306812216714
-407.3439370107921
-403.83375939204427
-400.33277078268094
-396.8412143829485
-393.3593413609187
-393.3593413609187
-390.9398695436652
-388.54651160668675
-386.1797530744165
-383.84008598307497
-381.52800873639205
-379.24402594266854
-376.98864823232464
-374.7623920550891
-372.56577945599645
-370.3993378293771
-368.26359965005065
-366.1591021809639
-364.08638715655275
-362.0460004411565
-360.03849166186313
-358.06441381523246
-356.12432284741175
-354.2187772072424
-352.3483373720464
-350.5135653458819
-348.7150241301673
-346.95327716669493
-345.22888775318427
-343.54241843166454
-341.8944303501273
-340.28548259804467
-338.71613151651815
-337.18692998399456
-335.6984266786668
-334.2511653188634
-332.8456838829205
-331.4825138102233
-330.1621791852993
-328.885195907039
-327.65207084531323
-326.463300987443
-325.31937257716214
-325.31937257716214
-325.31937257716214
-325.31937257716214
-325.31937257716214
-329.19163316841514
-333.0669130336551
-336.94510799689374
-340.8261185471243
-344.70984958418063
-348.5962101807599
-352.485113359442
-356.3764758836346
-360.27021806145586
-364.16626356164454
-365.37588400477097
-369.37069026558726
-373.36560766413635
-377.36063267074906
-381.35576190356824
-385.35099212089614
-389.3463202140116
-393.3417432004252
-397.3372582175395
-401.3328625166881
-405.32855345752654
-409.3243285027508
-413.32018521312216
-417.31612124277706
-421.31213433480366
-425.30822231706725
-429.30437604248493
-433.30060056353994
-437.29689393934086
-441.2932542992692
-445.2896798398291
-449.28616882166443
-453.28271956673404
-457.2793304556345
-461.2759999250622
-465.27272646540564
-469.2695086184612
-473.26634497526396
-477.26323417402756
-481.2601748981869
-485.257165874537
-489.25420587146306
-493.251293697257
-497.2484281985143
-501.2456082586081
-505.2428327962354
-509.240127918954
-513.2374383061587
-517.2347901253327
-521.2321824232455
-525.2296142756763
-525.2296142756763
-525.2296142756763
-525.2296142756763
-525.2296142756763
-525.2296142756763
-523.448710199674
-521.6923966795982
-521.6923966795982
-518.6909930160926
-515.7031469032202
-512.7290953543551
-509.769079806782
-506.82334618519513
-503.8921449643862
-500.9757312309738
-498.0743647440156
-495.18830999433686
-492.31783024375517
-489.46323390903257
-486.6247720447809
-483.80272863302355
-480.99739265827657
-478.20905815504887
-475.43802425257786
-472.6845952165439
-469.94908048749124
-467.23179471567033
-464.5330577920062
-461.85319487487993
-459.1925364124003
-456.5514181598285
-453.93018119180493
-451.3291719090142
-448.7487420389113
-446.18924863012063
-443.6510540401038
-441.1345259156847
-438.6400371660048
-436.16796592747323
-433.71869552026715
-431.29261439592517
-428.8901160755742
-426.51159907831834
-424.1574668393168
-421.82812761707265
-419.5239943894531
-417.24548473796057
-414.9930207197789
-412.7670287271202
-410.56793933340805
-408.3961871258399
-406.25221052388673
-404.13645280685233
-402.0493581047437
-399.9913750956865
-397.9629554152126
-395.9645533984744
-393.99662580619463
-392.059631534095
-390.15403130559173
-388.2802873475931
-386.43886304928594
-386.43886304928594
-383.3803413429291
-380.3392924953503
-377.3161389839469
-374.3113144080598
-371.32526373015924
-368.3584435151473
-365.41132216692233
-365.41132216692233
-361.65117576357994
-357.8962302323904
-354.1466510047887
-350.40261035162666
-346.6642877259427
-342.9318700921259
-339.2055524424254
-335.4855380388254
-331.7720389079979
-328.06527629677726
-328.06527629677726
-324.06559748439656
-320.0659264811052
-316.06626358336433
-312.0666091028332
-308.06696336735524
-304.0673267220231
-300.06769953032745
-296.0680821754
-292.0684750613581
-288.06887861476133
-284.06929328619145
-280.0697195519673
-276.07015791600907
-272.0706089118667
-268.07107310493035
-264.07155109484074
-260.072043518123
-256.07255105106645
-252.073074412879
-248.07361436914613
-244.07417173563044
-240.0747473824505
-236.07534223868456
-232.07595729745003
-228.07659362151756
-224.07725234952585
-220.07793470287407
-216.07864199337965
-212.079375631802
-208.0801371373491
-208.0801371373491
-204.4336067552912
-200.80053685455343
-197.18167137608825
-193.5778071079666
-189.9897976550619
-186.41855849543086
-182.86507217136398
-179.33039401948213
-175.81565842764982
-172.32208566441543
-168.8509893288784
-165.4037844705152
-161.98199642928552
-158.58727044591646
-155.2213820901496
-151.8862485503113
-148.58394082005785
-145.3166968065636
-142.0869353675551
-138.89727126094886
-135.75053095863825
-132.6497692330732
-129.59828636924067
-129.59828636924067
-129.59828636924067
-129.59828636924067
-130.9946475698494
-130.9946475698494
-130.9946475698494
-130.9946475698494
-130.9946475698494
-130.9946475698494
-130.9946475698494
-132.49599287290215
-134.09988284120837
-135.8026842293556
-137.6007250162328
-139.49032232133646
-141.4678074080826
-143.52954768831725
-145.6719657367131
-147.89155540059033
-150.18489515006567
-152.54865885640933
-154.97962421481304
-154.97962421481304
-154.97962421481304
-154.97962421481304
-154.97962421481304
-154.97962421481304
-154.97962421481304
-151.0358530567215
-147.09511856662724
-143.1576715179467
-139.22379083153209
-135.29378760059797
-131.36800981928928
-127.44684796101356
-123.53074158793909
-119.62018721807082
-115.7157477340837
-111.8180636926858
-107.92786699021077
-104.04599746690582
-100.17342319927862
-96.31126545109778
-92.46082954891507
-88.62364334480323
-84.80150546595206
-80.9965462821012
-77.21130552397675
-73.4488318665236
-69.71281170020673
-66.00773695932742
-62.33912553594806
-58.71381283338085
-55.14033979793303
-51.62947161632986
-48.19489201650894
-44.854129178216766
-41.6297754370716
-38.55105072883899
-35.65569845628715
-32.99203181475023
-30.620573229071965
-28.6140674710898
-27.05383929047509
-26.020291970331183
-25.577352850507467
-25.7555115307209
-26.54226403927301
-27.8861470483738
-29.711658062589198
-31.936312611266978
-31.936312611266978
-35.44886457462794
-39.05529319883156
-42.731836432029596
-42.731836432029596
-46.73147843807149
-46.73147843807149
-46.73147843807149
-46.73147843807149
-46.73147843807149
-46.73147843807149
-46.73147843807149
-46.73147843807149
-42.965239150692696
-39.24528632156763
-35.58613840478849
-32.008655385458376
-28.54356000085897
-25.23718764794466
-22.160696923829736
-19.42362893074913
-17.18889927966198
-15.672879217613918
-15.0937073615647
-15.556376033198694
-16.975913615446245
-19.14059626278648
-21.82986903153536
-24.87416155362961
-28.158562081207776
-31.608310590562848
-35.17479143819947
-38.825849397988215
-38.825849397988215
-38.825849397988215
-38.825849397988215
-38.825849397988215
-38.825849397988215
-38.825849397988215
-38.825849397988215
-34.83325665855268
-30.842582834896135
-26.854683407847833
-22.871009694928826
-18.894234742820412
-14.929872306538932
-14.929872306538932
-11.708961486160208
-9.126799612839228
