62.828426361083984 452.82843017578125 0.7853981852531433
65.65685272216797 455.6568603515625 0.7853981852531433
68.48528289794922 458.48529052734375 0.7853981852531433
71.31371307373047 461.313720703125 0.7853981852531433
74.14214324951172 464.14215087890625 0.7853981852531433
76.97057342529297 466.9705810546875 0.7853981852531433
79.79900360107422 469.79901123046875 0.7853981852531433
82.62743377685547 472.62744140625 0.7853981852531433
85.45586395263672 475.45587158203125 0.7853981852531433
88.28429412841797 478.2843017578125 0.7853981852531433
91.11272430419922 481.11273193359375 0.7853981852531433
93.94115447998047 483.941162109375 0.7853981852531433
96.76958465576172 486.76959228515625 0.7853981852531433
99.59801483154297 489.5980224609375 0.7853981852531433
102.42644500732422 492.42645263671875 0.7853981852531433
105.25487518310547 495.2548828125 0.7853981852531433
108.08330535888672 498.08331298828125 0.7853981852531433
110.91173553466797 500.9117431640625 0.7853981852531433
113.74016571044922 503.74017333984375 0.7853981852531433
113.74016571044922 503.74017333984375 0.38539817929267883
117.44676208496094 505.243896484375 0.38539817929267883
121.15335845947266 506.74761962890625 0.38539817929267883
124.85995483398438 508.2513427734375 0.38539817929267883
128.56654357910156 509.75506591796875 0.38539817929267883
132.27313232421875 511.2587890625 0.38539817929267883
132.27313232421875 511.2587890625 -0.014601826667785645
136.272705078125 511.20037841796875 -0.014601826667785645
140.27227783203125 511.1419677734375 -0.014601826667785645
144.2718505859375 511.08355712890625 -0.014601826667785645
148.27142333984375 511.025146484375 -0.014601826667785645
152.27099609375 510.96673583984375 -0.014601826667785645
156.27056884765625 510.9083251953125 -0.014601826667785645
160.2701416015625 510.84991455078125 -0.014601826667785645
164.26971435546875 510.79150390625 -0.014601826667785645
164.26971435546875 510.79150390625 -0.4146018326282501
167.93081665039062 509.1802062988281 -0.4146018326282501
171.5919189453125 507.56890869140625 -0.4146018326282501
175.25302124023438 505.9576110839844 -0.4146018326282501
178.91412353515625 504.3463134765625 -0.4146018326282501
178.91412353515625 504.3463134765625 -0.8146018385887146
181.65875244140625 501.4364929199219 -0.8146018385887146
184.40338134765625 498.52667236328125 -0.8146018385887146
187.14801025390625 495.6168518066406 -0.8146018385887146
189.89263916015625 492.70703125 -0.8146018385887146
192.63726806640625 489.7972106933594 -0.8146018385887146
195.38189697265625 486.88739013671875 -0.8146018385887146
198.12652587890625 483.9775695800781 -0.8146018385887146
200.87115478515625 481.0677490234375 -0.8146018385887146
203.61578369140625 478.1579284667969 -0.8146018385887146
206.36041259765625 475.24810791015625 -0.8146018385887146
209.10504150390625 472.3382873535156 -0.8146018385887146
211.84967041015625 469.428466796875 -0.8146018385887146
214.59429931640625 466.5186462402344 -0.8146018385887146
217.33892822265625 463.60882568359375 -0.8146018385887146
220.08355712890625 460.6990051269531 -0.8146018385887146
222.82818603515625 457.7891845703125 -0.8146018385887146
225.57281494140625 454.8793640136719 -0.8146018385887146
228.31744384765625 451.96954345703125 -0.8146018385887146
231.06207275390625 449.0597229003906 -0.8146018385887146
233.80670166015625 446.14990234375 -0.8146018385887146
236.55133056640625 443.2400817871094 -0.8146018385887146
239.29595947265625 440.33026123046875 -0.8146018385887146
242.04058837890625 437.4204406738281 -0.8146018385887146
244.78521728515625 434.5106201171875 -0.8146018385887146
247.52984619140625 431.6007995605469 -0.8146018385887146
250.27447509765625 428.69097900390625 -0.8146018385887146
253.01910400390625 425.7811584472656 -0.8146018385887146
253.01910400390625 425.7811584472656 -1.2146018743515015
253.01910400390625 425.7811584472656 -1.6146018505096436
253.01910400390625 425.7811584472656 -2.014601945877075
251.3015899658203 422.1686706542969 -2.014601945877075
249.58407592773438 418.5561828613281 -2.014601945877075
247.86656188964844 414.9436950683594 -2.014601945877075
246.1490478515625 411.3312072753906 -2.014601945877075
244.43153381347656 407.7187194824219 -2.014601945877075
242.71401977539062 404.1062316894531 -2.014601945877075
240.9965057373047 400.4937438964844 -2.014601945877075
239.27899169921875 396.8812561035156 -2.014601945877075
237.5614776611328 393.2687683105469 -2.014601945877075
237.5614776611328 393.2687683105469 -2.414602041244507
234.57276916503906 390.6102600097656 -2.414602041244507
231.5840606689453 387.9517517089844 -2.414602041244507
228.59535217285156 385.2932434082031 -2.414602041244507
225.6066436767578 382.6347351074219 -2.414602041244507
222.61793518066406 379.9762268066406 -2.414602041244507
219.6292266845703 377.3177185058594 -2.414602041244507
216.64051818847656 374.6592102050781 -2.414602041244507
213.6518096923828 372.0007019042969 -2.414602041244507
210.66310119628906 369.3421936035156 -2.414602041244507
207.6743927001953 366.6836853027344 -2.414602041244507
204.68568420410156 364.0251770019531 -2.414602041244507
201.6969757080078 361.3666687011719 -2.414602041244507
201.6969757080078 361.3666687011719 -2.8146021366119385
201.6969757080078 361.3666687011719 3.0685830116271973
201.6969757080078 361.3666687011719 2.6685829162597656
201.6969757080078 361.3666687011719 2.268582820892334
201.6969757080078 361.3666687011719 1.868582844734192
201.6969757080078 361.3666687011719 1.4685828685760498
201.6969757080078 361.3666687011719 1.0685828924179077
201.6969757080078 361.3666687011719 0.6685829162597656
204.83578491210938 363.8461608886719 0.6685829162597656
207.97459411621094 366.3256530761719 0.6685829162597656
211.1134033203125 368.8051452636719 0.6685829162597656
214.25221252441406 371.2846374511719 0.6685829162597656
217.39102172851562 373.7641296386719 0.6685829162597656
220.5298309326172 376.2436218261719 0.6685829162597656
223.66864013671875 378.7231140136719 0.6685829162597656
226.8074493408203 381.2026062011719 0.6685829162597656
229.94625854492188 383.6820983886719 0.6685829162597656
233.08506774902344 386.1615905761719 0.6685829162597656
236.223876953125 388.6410827636719 0.6685829162597656
239.36268615722656 391.1205749511719 0.6685829162597656
242.50149536132812 393.6000671386719 0.6685829162597656
245.6403045654297 396.0795593261719 0.6685829162597656
248.77911376953125 398.5590515136719 0.6685829162597656
251.9179229736328 401.0385437011719 0.6685829162597656
255.05673217773438 403.5180358886719 0.6685829162597656
258.1955261230469 405.9975280761719 0.6685829162597656
261.3343200683594 408.4770202636719 0.6685829162597656
264.4731140136719 410.9565124511719 0.6685829162597656
267.6119079589844 413.4360046386719 0.6685829162597656
270.7507019042969 415.9154968261719 0.6685829162597656
273.8894958496094 418.3949890136719 0.6685829162597656
277.0282897949219 420.8744812011719 0.6685829162597656
280.1670837402344 423.3539733886719 0.6685829162597656
283.3058776855469 425.8334655761719 0.6685829162597656
286.4446716308594 428.3129577636719 0.6685829162597656
289.5834655761719 430.7924499511719 0.6685829162597656
292.7222595214844 433.2719421386719 0.6685829162597656
292.7222595214844 433.2719421386719 0.26858291029930115
296.578857421875 434.3334045410156 0.26858291029930115
300.4354553222656 435.3948669433594 0.26858291029930115
304.29205322265625 436.4563293457031 0.26858291029930115
308.1486511230469 437.5177917480469 0.26858291029930115
312.0052490234375 438.5792541503906 0.26858291029930115
315.8618469238281 439.6407165527344 0.26858291029930115
319.71844482421875 440.7021789550781 0.26858291029930115
323.5750427246094 441.7636413574219 0.26858291029930115
327.431640625 442.8251037597656 0.26858291029930115
331.2882385253906 443.8865661621094 0.26858291029930115
335.14483642578125 444.9480285644531 0.26858291029930115
339.0014343261719 446.0094909667969 0.26858291029930115
342.8580322265625 447.0709533691406 0.26858291029930115
346.7146301269531 448.1324157714844 0.26858291029930115
350.57122802734375 449.1938781738281 0.26858291029930115
354.4278259277344 450.2553405761719 0.26858291029930115
358.284423828125 451.3168029785156 0.26858291029930115
362.1410217285156 452.3782653808594 0.26858291029930115
365.99761962890625 453.4397277832031 0.26858291029930115
369.8542175292969 454.5011901855469 0.26858291029930115
373.7108154296875 455.5626525878906 0.26858291029930115
377.5674133300781 456.6241149902344 0.26858291029930115
381.42401123046875 457.6855773925781 0.26858291029930115
385.2806091308594 458.7470397949219 0.26858291029930115
389.13720703125 459.8085021972656 0.26858291029930115
392.9938049316406 460.8699645996094 0.26858291029930115
396.85040283203125 461.9314270019531 0.26858291029930115
400.7070007324219 462.9928894042969 0.26858291029930115
404.5635986328125 464.0543518066406 0.26858291029930115
408.4201965332031 465.1158142089844 0.26858291029930115
412.27679443359375 466.1772766113281 0.26858291029930115
416.1333923339844 467.2387390136719 0.26858291029930115
419.989990234375 468.3002014160156 0.26858291029930115
419.989990234375 468.3002014160156 -0.13141709566116333
419.989990234375 468.3002014160156 -0.5314171314239502
419.989990234375 468.3002014160156 -0.9314171075820923
419.989990234375 468.3002014160156 -1.3314170837402344
419.989990234375 468.3002014160156 -1.7314170598983765
419.989990234375 468.3002014160156 -2.1314170360565186
419.989990234375 468.3002014160156 -2.53141713142395
419.989990234375 468.3002014160156 -2.931417226791382
419.989990234375 468.3002014160156 2.951767921447754
416.06182861328125 469.0549621582031 2.951767921447754
412.1336669921875 469.8097229003906 2.951767921447754
408.20550537109375 470.5644836425781 2.951767921447754
404.27734375 471.3192443847656 2.951767921447754
404.27734375 471.3192443847656 2.5517678260803223
400.95318603515625 473.5440979003906 2.5517678260803223
397.6290283203125 475.7689514160156 2.5517678260803223
394.30487060546875 477.9938049316406 2.5517678260803223
390.980712890625 480.2186584472656 2.5517678260803223
387.65655517578125 482.4435119628906 2.5517678260803223
384.3323974609375 484.6683654785156 2.5517678260803223
384.3323974609375 484.6683654785156 2.1517677307128906
384.3323974609375 484.6683654785156 1.7517677545547485
383.6124572753906 488.6030578613281 1.7517677545547485
382.89251708984375 492.5377502441406 1.7517677545547485
382.1725769042969 496.4724426269531 1.7517677545547485
381.45263671875 500.4071350097656 1.7517677545547485
380.7326965332031 504.3418273925781 1.7517677545547485
380.7326965332031 504.3418273925781 1.3517677783966064
380.7326965332031 504.3418273925781 0.9517678022384644
383.0536804199219 507.599609375 0.9517678022384644
383.0536804199219 507.599609375 0.5517678260803223
383.0536804199219 507.599609375 0.1517678201198578
387.0076904296875 508.204345703125 0.1517678201198578
390.9617004394531 508.80908203125 0.1517678201198578
394.91571044921875 509.413818359375 0.1517678201198578
398.8697204589844 510.0185546875 0.1517678201198578
402.82373046875 510.623291015625 0.1517678201198578
406.7777404785156 511.22802734375 0.1517678201198578
410.73175048828125 511.832763671875 0.1517678201198578
414.6857604980469 512.4375 0.1517678201198578
418.6397705078125 513.042236328125 0.1517678201198578
422.5937805175781 513.64697265625 0.1517678201198578
426.54779052734375 514.251708984375 0.1517678201198578
430.5018005371094 514.8564453125 0.1517678201198578
434.455810546875 515.461181640625 0.1517678201198578
438.4098205566406 516.06591796875 0.1517678201198578
442.36383056640625 516.670654296875 0.1517678201198578
446.3178405761719 517.275390625 0.1517678201198578
450.2718505859375 517.880126953125 0.1517678201198578
454.2258605957031 518.48486328125 0.1517678201198578
458.17987060546875 519.089599609375 0.1517678201198578
462.1338806152344 519.6943359375 0.1517678201198578
466.087890625 520.299072265625 0.1517678201198578
470.0419006347656 520.90380859375 0.1517678201198578
470.0419006347656 520.90380859375 -0.2482321858406067
473.9192810058594 519.9210205078125 -0.2482321858406067
477.7966613769531 518.938232421875 -0.2482321858406067
481.6740417480469 517.9554443359375 -0.2482321858406067
485.5514221191406 516.97265625 -0.2482321858406067
489.4288024902344 515.9898681640625 -0.2482321858406067
493.3061828613281 515.007080078125 -0.2482321858406067
497.1835632324219 514.0242919921875 -0.2482321858406067
501.0609436035156 513.04150390625 -0.2482321858406067
504.9383239746094 512.0587158203125 -0.2482321858406067
504.9383239746094 512.0587158203125 -0.6482322216033936
504.9383239746094 512.0587158203125 -1.0482321977615356
506.93475341796875 508.5925598144531 -1.0482321977615356
506.93475341796875 508.5925598144531 -1.4482321739196777
507.4237976074219 504.62255859375 -1.4482321739196777
507.912841796875 500.6525573730469 -1.4482321739196777
508.4018859863281 496.68255615234375 -1.4482321739196777
508.89093017578125 492.7125549316406 -1.4482321739196777
509.3799743652344 488.7425537109375 -1.4482321739196777
509.3799743652344 488.7425537109375 -1.8482321500778198
508.284423828125 484.8955078125 -1.8482321500778198
507.1888732910156 481.0484619140625 -1.8482321500778198
507.1888732910156 481.0484619140625 -2.248232126235962
507.1888732910156 481.0484619140625 -2.6482322216033936
507.1888732910156 481.0484619140625 -3.048232316970825
503.206298828125 480.6755676269531 -3.048232316970825
499.2237243652344 480.30267333984375 -3.048232316970825
495.24114990234375 479.9297790527344 -3.048232316970825
491.2585754394531 479.556884765625 -3.048232316970825
487.2760009765625 479.1839904785156 -3.048232316970825
483.2934265136719 478.81109619140625 -3.048232316970825
479.31085205078125 478.4382019042969 -3.048232316970825
475.3282775878906 478.0653076171875 -3.048232316970825
475.3282775878906 478.0653076171875 2.8349528312683105
475.3282775878906 478.0653076171875 2.434952735900879
472.28607177734375 480.6624450683594 2.434952735900879
469.2438659667969 483.25958251953125 2.434952735900879
466.20166015625 485.8567199707031 2.434952735900879
463.1594543457031 488.453857421875 2.434952735900879
460.11724853515625 491.0509948730469 2.434952735900879
457.0750427246094 493.64813232421875 2.434952735900879
454.0328369140625 496.2452697753906 2.434952735900879
450.9906311035156 498.8424072265625 2.434952735900879
447.94842529296875 501.4395446777344 2.434952735900879
444.9062194824219 504.03668212890625 2.434952735900879
441.864013671875 506.6338195800781 2.434952735900879
438.8218078613281 509.23095703125 2.434952735900879
435.77960205078125 511.8280944824219 2.434952735900879
432.7373962402344 514.4252319335938 2.434952735900879
429.6951904296875 517.0223388671875 2.434952735900879
426.6529846191406 519.6194458007812 2.434952735900879
423.61077880859375 522.216552734375 2.434952735900879
420.5685729980469 524.8136596679688 2.434952735900879
417.5263671875 527.4107666015625 2.434952735900879
414.4841613769531 530.0078735351562 2.434952735900879
411.44195556640625 532.60498046875 2.434952735900879
408.3997497558594 535.2020874023438 2.434952735900879
405.3575439453125 537.7991943359375 2.434952735900879
402.3153381347656 540.3963012695312 2.434952735900879
402.3153381347656 540.3963012695312 2.0349526405334473
402.3153381347656 540.3963012695312 1.6349526643753052
402.3153381347656 540.3963012695312 1.234952688217163
402.3153381347656 540.3963012695312 0.834952712059021
402.3153381347656 540.3963012695312 0.4349527060985565
402.3153381347656 540.3963012695312 0.03495270013809204
402.3153381347656 540.3963012695312 -0.36504730582237244
406.0517578125 538.9683227539062 -0.36504730582237244
409.7881774902344 537.5403442382812 -0.36504730582237244
413.52459716796875 536.1123657226562 -0.36504730582237244
417.2610168457031 534.6843872070312 -0.36504730582237244
420.9974365234375 533.2564086914062 -0.36504730582237244
424.7338562011719 531.8284301757812 -0.36504730582237244
428.47027587890625 530.4004516601562 -0.36504730582237244
432.2066955566406 528.9724731445312 -0.36504730582237244
435.943115234375 527.5444946289062 -0.36504730582237244
439.6795349121094 526.1165161132812 -0.36504730582237244
443.41595458984375 524.6885375976562 -0.36504730582237244
447.1523742675781 523.2605590820312 -0.36504730582237244
450.8887939453125 521.8325805664062 -0.36504730582237244
454.6252136230469 520.4046020507812 -0.36504730582237244
458.36163330078125 518.9766235351562 -0.36504730582237244
462.0980529785156 517.5486450195312 -0.36504730582237244
465.83447265625 516.1206665039062 -0.36504730582237244
469.5708923339844 514.6926879882812 -0.36504730582237244
473.30731201171875 513.2647094726562 -0.36504730582237244
477.0437316894531 511.83673095703125 -0.36504730582237244
480.7801513671875 510.40875244140625 -0.36504730582237244
484.5165710449219 508.98077392578125 -0.36504730582237244
488.25299072265625 507.55279541015625 -0.36504730582237244
491.9894104003906 506.12481689453125 -0.36504730582237244
495.725830078125 504.69683837890625 -0.36504730582237244
499.4622497558594 503.26885986328125 -0.36504730582237244
503.19866943359375 501.84088134765625 -0.36504730582237244
506.9350891113281 500.41290283203125 -0.36504730582237244
510.6715087890625 498.98492431640625 -0.36504730582237244
510.6715087890625 498.98492431640625 -0.7650473117828369
510.6715087890625 498.98492431640625 -1.165047287940979
510.6715087890625 498.98492431640625 -1.565047264099121
510.69451904296875 494.9849853515625 -1.565047264099121
510.717529296875 490.98504638671875 -1.565047264099121
510.74053955078125 486.985107421875 -1.565047264099121
510.74053955078125 486.985107421875 -1.9650472402572632
509.2040710449219 483.2919616699219 -1.9650472402572632
507.6676025390625 479.59881591796875 -1.9650472402572632
506.1311340332031 475.9056701660156 -1.9650472402572632
504.59466552734375 472.2125244140625 -1.9650472402572632
503.0581970214844 468.5193786621094 -1.9650472402572632
503.0581970214844 468.5193786621094 -2.3650472164154053
500.204833984375 465.7160949707031 -2.3650472164154053
497.3514709472656 462.9128112792969 -2.3650472164154053
494.49810791015625 460.1095275878906 -2.3650472164154053
491.6447448730469 457.3062438964844 -2.3650472164154053
488.7913818359375 454.5029602050781 -2.3650472164154053
485.9380187988281 451.6996765136719 -2.3650472164154053
483.08465576171875 448.8963928222656 -2.3650472164154053
480.2312927246094 446.0931091308594 -2.3650472164154053
477.3779296875 443.2898254394531 -2.3650472164154053
474.5245666503906 440.4865417480469 -2.3650472164154053
471.67120361328125 437.6832580566406 -2.3650472164154053
468.8178405761719 434.8799743652344 -2.3650472164154053
465.9644775390625 432.0766906738281 -2.3650472164154053
463.1111145019531 429.2734069824219 -2.3650472164154053
460.25775146484375 426.4701232910156 -2.3650472164154053
457.4043884277344 423.6668395996094 -2.3650472164154053
454.551025390625 420.8635559082031 -2.3650472164154053
451.6976623535156 418.0602722167969 -2.3650472164154053
448.84429931640625 415.2569885253906 -2.3650472164154053
445.9909362792969 412.4537048339844 -2.3650472164154053
443.1375732421875 409.6504211425781 -2.3650472164154053
440.2842102050781 406.8471374511719 -2.3650472164154053
437.43084716796875 404.0438537597656 -2.3650472164154053
434.5774841308594 401.2405700683594 -2.3650472164154053
431.72412109375 398.4372863769531 -2.3650472164154053
431.72412109375 398.4372863769531 -2.765047311782837
428.0043640136719 396.9664611816406 -2.765047311782837
424.28460693359375 395.4956359863281 -2.765047311782837
420.5648498535156 394.0248107910156 -2.765047311782837
416.8450927734375 392.5539855957031 -2.765047311782837
413.1253356933594 391.0831604003906 -2.765047311782837
409.40557861328125 389.6123352050781 -2.765047311782837
405.6858215332031 388.1415100097656 -2.765047311782837
401.966064453125 386.6706848144531 -2.765047311782837
398.2463073730469 385.1998596191406 -2.765047311782837
394.52655029296875 383.7290344238281 -2.765047311782837
390.8067932128906 382.2582092285156 -2.765047311782837
387.0870361328125 380.7873840332031 -2.765047311782837
383.3672790527344 379.3165588378906 -2.765047311782837
379.64752197265625 377.8457336425781 -2.765047311782837
375.9277648925781 376.3749084472656 -2.765047311782837
372.2080078125 374.9040832519531 -2.765047311782837
368.4882507324219 373.4332580566406 -2.765047311782837
364.76849365234375 371.9624328613281 -2.765047311782837
361.0487365722656 370.4916076660156 -2.765047311782837
357.3289794921875 369.0207824707031 -2.765047311782837
353.6092224121094 367.5499572753906 -2.765047311782837
349.88946533203125 366.0791320800781 -2.765047311782837
346.1697082519531 364.6083068847656 -2.765047311782837
342.449951171875 363.1374816894531 -2.765047311782837
338.7301940917969 361.6666564941406 -2.765047311782837
335.01043701171875 360.1958312988281 -2.765047311782837
331.2906799316406 358.7250061035156 -2.765047311782837
327.5709228515625 357.2541809082031 -2.765047311782837
323.8511657714844 355.7833557128906 -2.765047311782837
320.13140869140625 354.3125305175781 -2.765047311782837
316.4116516113281 352.8417053222656 -2.765047311782837
312.69189453125 351.3708801269531 -2.765047311782837
308.9721374511719 349.9000549316406 -2.765047311782837
305.25238037109375 348.4292297363281 -2.765047311782837
301.5326232910156 346.9584045410156 -2.765047311782837
297.8128662109375 345.4875793457031 -2.765047311782837
294.0931091308594 344.0167541503906 -2.765047311782837
290.37335205078125 342.5459289550781 -2.765047311782837
286.6535949707031 341.0751037597656 -2.765047311782837
286.6535949707031 341.0751037597656 3.118137836456299
286.6535949707031 341.0751037597656 2.718137741088867
286.6535949707031 341.0751037597656 2.3181376457214355
286.6535949707031 341.0751037597656 1.9181376695632935
286.6535949707031 341.0751037597656 1.5181376934051514
286.6535949707031 341.0751037597656 1.1181377172470093
286.6535949707031 341.0751037597656 0.7181377410888672
286.6535949707031 341.0751037597656 0.3181377351284027
286.6535949707031 341.0751037597656 -0.08186227083206177
290.64019775390625 340.7480163574219 -0.08186227083206177
294.6268005371094 340.4209289550781 -0.08186227083206177
298.6134033203125 340.0938415527344 -0.08186227083206177
302.6000061035156 339.7667541503906 -0.08186227083206177
306.58660888671875 339.4396667480469 -0.08186227083206177
310.5732116699219 339.1125793457031 -0.08186227083206177
310.5732116699219 339.1125793457031 -0.48186227679252625
310.5732116699219 339.1125793457031 -0.8818622827529907
310.5732116699219 339.1125793457031 -1.2818622589111328
310.5732116699219 339.1125793457031 -1.681862235069275
310.5732116699219 339.1125793457031 -2.081862211227417
310.5732116699219 339.1125793457031 -2.4818623065948486
307.4125671386719 336.66094970703125 -2.4818623065948486
304.2519226074219 334.2093200683594 -2.4818623065948486
301.0912780761719 331.7576904296875 -2.4818623065948486
297.9306335449219 329.3060607910156 -2.4818623065948486
294.7699890136719 326.85443115234375 -2.4818623065948486
291.6093444824219 324.4028015136719 -2.4818623065948486
288.4486999511719 321.951171875 -2.4818623065948486
285.2880554199219 319.4995422363281 -2.4818623065948486
282.1274108886719 317.04791259765625 -2.4818623065948486
278.9667663574219 314.5962829589844 -2.4818623065948486
275.8061218261719 312.1446533203125 -2.4818623065948486
272.6454772949219 309.6930236816406 -2.4818623065948486
269.4848327636719 307.24139404296875 -2.4818623065948486
266.3241882324219 304.7897644042969 -2.4818623065948486
263.1635437011719 302.338134765625 -2.4818623065948486
260.0028991699219 299.8865051269531 -2.4818623065948486
256.8422546386719 297.43487548828125 -2.4818623065948486
253.68162536621094 294.9832458496094 -2.4818623065948486
250.52099609375 292.5316162109375 -2.4818623065948486
247.36036682128906 290.0799865722656 -2.4818623065948486
244.19973754882812 287.62835693359375 -2.4818623065948486
241.0391082763672 285.1767272949219 -2.4818623065948486
237.87847900390625 282.72509765625 -2.4818623065948486
237.87847900390625 282.72509765625 -2.8818624019622803
237.87847900390625 282.72509765625 3.0013227462768555
233.9177703857422 283.2843322753906 3.0013227462768555
229.95706176757812 283.84356689453125 3.0013227462768555
225.99635314941406 284.4028015136719 3.0013227462768555
222.03564453125 284.9620361328125 3.0013227462768555
218.07493591308594 285.5212707519531 3.0013227462768555
214.11422729492188 286.08050537109375 3.0013227462768555
210.1535186767578 286.6397399902344 3.0013227462768555
206.19281005859375 287.198974609375 3.0013227462768555
202.2321014404297 287.7582092285156 3.0013227462768555
198.27139282226562 288.31744384765625 3.0013227462768555
198.27139282226562 288.31744384765625 2.601322650909424
198.27139282226562 288.31744384765625 2.201322555541992
198.27139282226562 288.31744384765625 1.80132257938385
198.27139282226562 288.31744384765625 1.401322603225708
198.27139282226562 288.31744384765625 1.001322627067566
198.27139282226562 288.31744384765625 0.6013226509094238
198.27139282226562 288.31744384765625 0.20132264494895935
198.27139282226562 288.31744384765625 -0.19867736101150513
198.27139282226562 288.31744384765625 -0.598677396774292
201.57571411132812 286.063232421875 -0.598677396774292
204.88003540039062 283.80902099609375 -0.598677396774292
208.18435668945312 281.5548095703125 -0.598677396774292
211.48867797851562 279.30059814453125 -0.598677396774292
214.79299926757812 277.04638671875 -0.598677396774292
218.09732055664062 274.79217529296875 -0.598677396774292
221.40164184570312 272.5379638671875 -0.598677396774292
221.40164184570312 272.5379638671875 -0.9986773729324341
221.40164184570312 272.5379638671875 -1.3986773490905762
222.08673095703125 268.5970764160156 -1.3986773490905762
222.77182006835938 264.65618896484375 -1.3986773490905762
223.4569091796875 260.7153015136719 -1.3986773490905762
224.14199829101562 256.7744140625 -1.3986773490905762
224.82708740234375 252.83351135253906 -1.3986773490905762
225.51217651367188 248.89260864257812 -1.3986773490905762
226.197265625 244.9517059326172 -1.3986773490905762
226.88235473632812 241.01080322265625 -1.3986773490905762
227.56744384765625 237.0699005126953 -1.3986773490905762
228.25253295898438 233.12899780273438 -1.3986773490905762
228.9376220703125 229.18809509277344 -1.3986773490905762
229.62271118164062 225.2471923828125 -1.3986773490905762
230.30780029296875 221.30628967285156 -1.3986773490905762
230.99288940429688 217.36538696289062 -1.3986773490905762
231.677978515625 213.4244842529297 -1.3986773490905762
232.36306762695312 209.48358154296875 -1.3986773490905762
233.04815673828125 205.5426788330078 -1.3986773490905762
233.73324584960938 201.60177612304688 -1.3986773490905762
234.4183349609375 197.66087341308594 -1.3986773490905762
234.4183349609375 197.66087341308594 -1.7986773252487183
234.4183349609375 197.66087341308594 -2.1986773014068604
232.068603515625 194.4237823486328 -2.1986773014068604
229.7188720703125 191.1866912841797 -2.1986773014068604
227.369140625 187.94960021972656 -2.1986773014068604
225.0194091796875 184.71250915527344 -2.1986773014068604
222.669677734375 181.4754180908203 -2.1986773014068604
220.3199462890625 178.2383270263672 -2.1986773014068604
217.97021484375 175.00123596191406 -2.1986773014068604
215.6204833984375 171.76414489746094 -2.1986773014068604
215.6204833984375 171.76414489746094 -2.598677396774292
212.19566345214844 169.69760131835938 -2.598677396774292
208.77084350585938 167.6310577392578 -2.598677396774292
205.3460235595703 165.56451416015625 -2.598677396774292
201.92120361328125 163.4979705810547 -2.598677396774292
198.4963836669922 161.43142700195312 -2.598677396774292
195.07156372070312 159.36488342285156 -2.598677396774292
195.07156372070312 159.36488342285156 -2.598677396774292
195.07156372070312 159.36488342285156 -2.9986774921417236
195.07156372070312 159.36488342285156 2.884507656097412
195.07156372070312 159.36488342285156 2.4845075607299805
195.07156372070312 159.36488342285156 2.084507465362549
195.07156372070312 159.36488342285156 1.6845074892044067
195.07156372070312 159.36488342285156 1.2845075130462646
195.07156372070312 159.36488342285156 0.8845075368881226
197.6062469482422 162.45928955078125 0.8845075368881226
200.14093017578125 165.55369567871094 0.8845075368881226
202.6756134033203 168.64810180664062 0.8845075368881226
205.21029663085938 171.7425079345703 0.8845075368881226
207.74497985839844 174.8369140625 0.8845075368881226
210.2796630859375 177.9313201904297 0.8845075368881226
212.81434631347656 181.02572631835938 0.8845075368881226
215.34902954101562 184.12013244628906 0.8845075368881226
217.8837127685547 187.21453857421875 0.8845075368881226
220.41839599609375 190.30894470214844 0.8845075368881226
222.9530792236328 193.40335083007812 0.8845075368881226
222.9530792236328 193.40335083007812 0.4845075309276581
226.49269104003906 195.26644897460938 0.4845075309276581
230.0323028564453 197.12954711914062 0.4845075309276581
233.57191467285156 198.99264526367188 0.4845075309276581
237.1115264892578 200.85574340820312 0.4845075309276581
237.1115264892578 200.85574340820312 0.0845075249671936
241.09725952148438 201.19337463378906 0.0845075249671936
245.08297729492188 201.531005859375 0.0845075249671936
249.06869506835938 201.86863708496094 0.0845075249671936
253.05441284179688 202.20626831054688 0.0845075249671936
257.0401306152344 202.5438995361328 0.0845075249671936
261.0258483886719 202.88153076171875 0.0845075249671936
265.0115661621094 203.2191619873047 0.0845075249671936
268.9972839355469 203.55679321289062 0.0845075249671936
272.9830017089844 203.89442443847656 0.0845075249671936
276.9687194824219 204.2320556640625 0.0845075249671936
280.9544372558594 204.56968688964844 0.0845075249671936
284.9401550292969 204.90731811523438 0.0845075249671936
288.9258728027344 205.2449493408203 0.0845075249671936
292.9115905761719 205.58258056640625 0.0845075249671936
296.8973083496094 205.9202117919922 0.0845075249671936
300.8830261230469 206.25784301757812 0.0845075249671936
304.8687438964844 206.59547424316406 0.0845075249671936
308.8544616699219 206.93310546875 0.0845075249671936
312.8401794433594 207.27073669433594 0.0845075249671936
316.8258972167969 207.60836791992188 0.0845075249671936
320.8116149902344 207.9459991455078 0.0845075249671936
324.7973327636719 208.28363037109375 0.0845075249671936
328.7830505371094 208.6212615966797 0.0845075249671936
332.7687683105469 208.95889282226562 0.0845075249671936
336.7544860839844 209.29652404785156 0.0845075249671936
340.7402038574219 209.6341552734375 0.0845075249671936
344.7259216308594 209.97178649902344 0.0845075249671936
348.7116394042969 210.30941772460938 0.0845075249671936
352.6973571777344 210.6470489501953 0.0845075249671936
356.6830749511719 210.98468017578125 0.0845075249671936
360.6687927246094 211.3223114013672 0.0845075249671936
364.6545104980469 211.65994262695312 0.0845075249671936
368.6402282714844 211.99757385253906 0.0845075249671936
372.6259460449219 212.335205078125 0.0845075249671936
376.6116638183594 212.67283630371094 0.0845075249671936
380.5973815917969 213.01046752929688 0.0845075249671936
384.5830993652344 213.3480987548828 0.0845075249671936
388.5688171386719 213.68572998046875 0.0845075249671936
392.5545349121094 214.0233612060547 0.0845075249671936
396.5402526855469 214.36099243164062 0.0845075249671936
400.5259704589844 214.69862365722656 0.0845075249671936
404.5116882324219 215.0362548828125 0.0845075249671936
408.4974060058594 215.37388610839844 0.0845075249671936
412.4831237792969 215.71151733398438 0.0845075249671936
416.4688415527344 216.0491485595703 0.0845075249671936
420.4545593261719 216.38677978515625 0.0845075249671936
424.4402770996094 216.7244110107422 0.0845075249671936
428.4259948730469 217.06204223632812 0.0845075249671936
432.4117126464844 217.39967346191406 0.0845075249671936
436.3974304199219 217.7373046875 0.0845075249671936
440.3831481933594 218.07493591308594 0.0845075249671936
444.3688659667969 218.41256713867188 0.0845075249671936
448.3545837402344 218.7501983642578 0.0845075249671936
452.3403015136719 219.08782958984375 0.0845075249671936
456.3260192871094 219.4254608154297 0.0845075249671936
460.3117370605469 219.76309204101562 0.0845075249671936
464.2974548339844 220.10072326660156 0.0845075249671936
468.2831726074219 220.4383544921875 0.0845075249671936
472.2688903808594 220.77598571777344 0.0845075249671936
476.2546081542969 221.11361694335938 0.0845075249671936
480.2403259277344 221.4512481689453 0.0845075249671936
484.2260437011719 221.78887939453125 0.0845075249671936
488.2117614746094 222.1265106201172 0.0845075249671936
492.1974792480469 222.46414184570312 0.0845075249671936
496.1831970214844 222.80177307128906 0.0845075249671936
500.1689147949219 223.139404296875 0.0845075249671936
504.1546325683594 223.47703552246094 0.0845075249671936
504.1546325683594 223.47703552246094 -0.3154924809932709
504.1546325683594 223.47703552246094 -0.7154924869537354
504.1546325683594 223.47703552246094 -1.1154924631118774
505.91357421875 219.884521484375 -1.1154924631118774
507.6725158691406 216.29200744628906 -1.1154924631118774
509.43145751953125 212.69949340820312 -1.1154924631118774
509.43145751953125 212.69949340820312 -1.5154924392700195
509.6525573730469 208.7056121826172 -1.5154924392700195
509.8736572265625 204.71173095703125 -1.5154924392700195
510.0947570800781 200.7178497314453 -1.5154924392700195
510.31585693359375 196.72396850585938 -1.5154924392700195
510.5369567871094 192.73008728027344 -1.5154924392700195
510.758056640625 188.7362060546875 -1.5154924392700195
510.9791564941406 184.74232482910156 -1.5154924392700195
511.20025634765625 180.74844360351562 -1.5154924392700195
511.4213562011719 176.7545623779297 -1.5154924392700195
511.6424560546875 172.76068115234375 -1.5154924392700195
511.8635559082031 168.7667999267578 -1.5154924392700195
512.0846557617188 164.77291870117188 -1.5154924392700195
512.3057861328125 160.77903747558594 -1.5154924392700195
512.5269165039062 156.78515625 -1.5154924392700195
512.748046875 152.79127502441406 -1.5154924392700195
512.9691772460938 148.79739379882812 -1.5154924392700195
513.1903076171875 144.8035125732422 -1.5154924392700195
513.4114379882812 140.80963134765625 -1.5154924392700195
513.632568359375 136.8157501220703 -1.5154924392700195
513.8536987304688 132.82186889648438 -1.5154924392700195
514.0748291015625 128.82798767089844 -1.5154924392700195
514.2959594726562 124.8341064453125 -1.5154924392700195
514.51708984375 120.84022521972656 -1.5154924392700195
514.7382202148438 116.84634399414062 -1.5154924392700195
514.9593505859375 112.85246276855469 -1.5154924392700195
515.1804809570312 108.85858154296875 -1.5154924392700195
515.401611328125 104.86470031738281 -1.5154924392700195
515.6227416992188 100.87081909179688 -1.5154924392700195
515.8438720703125 96.87693786621094 -1.5154924392700195
516.0650024414062 92.883056640625 -1.5154924392700195
516.0650024414062 92.883056640625 -1.9154924154281616
516.0650024414062 92.883056640625 -2.3154923915863037
516.0650024414062 92.883056640625 -2.7154924869537354
512.4226684570312 91.22976684570312 -2.7154924869537354
508.78033447265625 89.57647705078125 -2.7154924869537354
505.13800048828125 87.92318725585938 -2.7154924869537354
501.9366455078125 86.57006072998047 -2.767895460128784
501.9366455078125 86.57006072998047 3.1152896881103516
497.9380187988281 86.67526245117188 3.1152896881103516
493.93939208984375 86.78046417236328 3.1152896881103516
489.9407653808594 86.88566589355469 3.1152896881103516
485.942138671875 86.9908676147461 3.1152896881103516
481.9435119628906 87.0960693359375 3.1152896881103516
477.94488525390625 87.2012710571289 3.1152896881103516
473.9462585449219 87.30647277832031 3.1152896881103516
469.9476318359375 87.41167449951172 3.1152896881103516
469.9476318359375 87.41167449951172 2.71528959274292
466.3056335449219 89.06570434570312 2.71528959274292
462.66363525390625 90.71973419189453 2.71528959274292
459.0216369628906 92.37376403808594 2.71528959274292
455.379638671875 94.02779388427734 2.71528959274292
451.7376403808594 95.68182373046875 2.71528959274292
451.7376403808594 95.68182373046875 2.3152894973754883
449.0272521972656 98.62355041503906 2.3152894973754883
446.3168640136719 101.56527709960938 2.3152894973754883
443.6064758300781 104.50700378417969 2.3152894973754883
440.8960876464844 107.44873046875 2.3152894973754883
438.1856994628906 110.39045715332031 2.3152894973754883
435.4753112792969 113.33218383789062 2.3152894973754883
432.7649230957031 116.27391052246094 2.3152894973754883
430.0545349121094 119.21563720703125 2.3152894973754883
427.3441467285156 122.15736389160156 2.3152894973754883
424.6337585449219 125.09909057617188 2.3152894973754883
421.9233703613281 128.0408172607422 2.3152894973754883
419.2129821777344 130.9825439453125 2.3152894973754883
416.5025939941406 133.9242706298828 2.3152894973754883
413.7922058105469 136.86599731445312 2.3152894973754883
411.0818176269531 139.80772399902344 2.3152894973754883
408.3714294433594 142.74945068359375 2.3152894973754883
405.6610412597656 145.69117736816406 2.3152894973754883
402.9506530761719 148.63290405273438 2.3152894973754883
400.2402648925781 151.5746307373047 2.3152894973754883
397.5298767089844 154.516357421875 2.3152894973754883
394.8194885253906 157.4580841064453 2.3152894973754883
392.1091003417969 160.39981079101562 2.3152894973754883
389.3987121582031 163.34153747558594 2.3152894973754883
386.6883239746094 166.28326416015625 2.3152894973754883
383.9779357910156 169.22499084472656 2.3152894973754883
381.2675476074219 172.16671752929688 2.3152894973754883
378.5571594238281 175.1084442138672 2.3152894973754883
375.8467712402344 178.0501708984375 2.3152894973754883
373.1363830566406 180.9918975830078 2.3152894973754883
370.4259948730469 183.93362426757812 2.3152894973754883
367.7156066894531 186.87535095214844 2.3152894973754883
365.0052185058594 189.81707763671875 2.3152894973754883
362.2948303222656 192.75880432128906 2.3152894973754883
359.5844421386719 195.70053100585938 2.3152894973754883
356.8740539550781 198.6422576904297 2.3152894973754883
354.1636657714844 201.583984375 2.3152894973754883
351.4532775878906 204.5257110595703 2.3152894973754883
351.4532775878906 204.5257110595703 1.9152895212173462
351.4532775878906 204.5257110595703 1.515289545059204
351.4532775878906 204.5257110595703 1.115289568901062
351.4532775878906 204.5257110595703 0.7152895927429199
354.472900390625 207.1490478515625 0.7152895927429199
357.4925231933594 209.7723846435547 0.7152895927429199
360.51214599609375 212.39572143554688 0.7152895927429199
363.5317687988281 215.01905822753906 0.7152895927429199
366.5513916015625 217.64239501953125 0.7152895927429199
369.5710144042969 220.26573181152344 0.7152895927429199
372.59063720703125 222.88906860351562 0.7152895927429199
375.6102600097656 225.5124053955078 0.7152895927429199
378.6298828125 228.1357421875 0.7152895927429199
381.6495056152344 230.7590789794922 0.7152895927429199
382.6677551269531 231.4207000732422 0.4371144771575928
386.2916564941406 233.114013671875 0.4371144771575928
389.9155578613281 234.8073272705078 0.4371144771575928
393.5394592285156 236.50064086914062 0.4371144771575928
397.1633605957031 238.19395446777344 0.4371144771575928
400.7872619628906 239.88726806640625 0.4371144771575928
404.4111633300781 241.58058166503906 0.4371144771575928
408.0350646972656 243.27389526367188 0.4371144771575928
411.6589660644531 244.9672088623047 0.4371144771575928
415.2828674316406 246.6605224609375 0.4371144771575928
418.9067687988281 248.3538360595703 0.4371144771575928
422.5306701660156 250.04714965820312 0.4371144771575928
426.1545715332031 251.74046325683594 0.4371144771575928
429.7784729003906 253.43377685546875 0.4371144771575928
433.4023742675781 255.12709045410156 0.4371144771575928
437.0262756347656 256.8204040527344 0.4371144771575928
440.6501770019531 258.5137023925781 0.4371144771575928
444.2740783691406 260.2070007324219 0.4371144771575928
447.8979797363281 261.9002990722656 0.4371144771575928
451.5218811035156 263.5935974121094 0.4371144771575928
455.1457824707031 265.2868957519531 0.4371144771575928
458.7696838378906 266.9801940917969 0.4371144771575928
462.3935852050781 268.6734924316406 0.4371144771575928
466.0174865722656 270.3667907714844 0.4371144771575928
469.6413879394531 272.0600891113281 0.4371144771575928
473.2652893066406 273.7533874511719 0.4371144771575928
476.8891906738281 275.4466857910156 0.4371144771575928
480.5130920410156 277.1399841308594 0.4371144771575928
484.1369934082031 278.8332824707031 0.4371144771575928
487.7608947753906 280.5265808105469 0.4371144771575928
491.3847961425781 282.2198791503906 0.4371144771575928
495.0086975097656 283.9131774902344 0.4371144771575928
498.6325988769531 285.6064758300781 0.4371144771575928
502.2565002441406 287.2997741699219 0.4371144771575928
505.8804016113281 288.9930725097656 0.4371144771575928
509.5043029785156 290.6863708496094 0.4371144771575928
513.1282348632812 292.3796691894531 0.4371144771575928
516.7521362304688 294.0729675292969 0.4371144771575928
520.3760375976562 295.7662658691406 0.4371144771575928
523.9999389648438 297.4595642089844 0.4371144771575928
527.6238403320312 299.1528625488281 0.4371144771575928
527.6238403320312 299.1528625488281 0.037114471197128296
527.6238403320312 299.1528625488281 -0.3628855347633362
527.6238403320312 299.1528625488281 -0.762885570526123
527.6238403320312 299.1528625488281 -1.1628855466842651
527.6238403320312 299.1528625488281 -1.5628855228424072
527.6554565429688 295.1529846191406 -1.5628855228424072
527.6870727539062 291.1531066894531 -1.5628855228424072
527.6870727539062 291.1531066894531 -1.9628854990005493
526.1585693359375 287.4566650390625 -1.9628854990005493
524.6300659179688 283.7602233886719 -1.9628854990005493
523.1015625 280.06378173828125 -1.9628854990005493
521.5730590820312 276.3673400878906 -1.9628854990005493
520.0445556640625 272.6708984375 -1.9628854990005493
518.5160522460938 268.9744567871094 -1.9628854990005493
516.987548828125 265.27801513671875 -1.9628854990005493
515.4590454101562 261.5815734863281 -1.9628854990005493
513.9305419921875 257.8851318359375 -1.9628854990005493
512.4020385742188 254.1886749267578 -1.9628854990005493
510.8735656738281 250.49221801757812 -1.9628854990005493
509.3450927734375 246.79576110839844 -1.9628854990005493
507.8166198730469 243.09930419921875 -1.9628854990005493
506.28814697265625 239.40284729003906 -1.9628854990005493
504.7596740722656 235.70639038085938 -1.9628854990005493
503.231201171875 232.0099334716797 -1.9628854990005493
501.7027282714844 228.3134765625 -1.9628854990005493
500.17425537109375 224.6170196533203 -1.9628854990005493
498.6457824707031 220.92056274414062 -1.9628854990005493
497.1173095703125 217.22410583496094 -1.9628854990005493
495.5888366699219 213.52764892578125 -1.9628854990005493
494.06036376953125 209.83119201660156 -1.9628854990005493
492.5318908691406 206.13473510742188 -1.9628854990005493
491.00341796875 202.4382781982422 -1.9628854990005493
489.4749450683594 198.7418212890625 -1.9628854990005493
487.94647216796875 195.0453643798828 -1.9628854990005493
486.4179992675781 191.34890747070312 -1.9628854990005493
484.8895263671875 187.65245056152344 -1.9628854990005493
483.3610534667969 183.95599365234375 -1.9628854990005493
481.83258056640625 180.25953674316406 -1.9628854990005493
480.3041076660156 176.56307983398438 -1.9628854990005493
478.775634765625 172.8666229248047 -1.9628854990005493
477.2471618652344 169.170166015625 -1.9628854990005493
475.71868896484375 165.4737091064453 -1.9628854990005493
474.1902160644531 161.77725219726562 -1.9628854990005493
472.6617431640625 158.08079528808594 -1.9628854990005493
471.1332702636719 154.38433837890625 -1.9628854990005493
469.60479736328125 150.68788146972656 -1.9628854990005493
468.0763244628906 146.99142456054688 -1.9628854990005493
466.5478515625 143.2949676513672 -1.9628854990005493
465.0193786621094 139.5985107421875 -1.9628854990005493
463.49090576171875 135.9020538330078 -1.9628854990005493
461.9624328613281 132.20559692382812 -1.9628854990005493
460.4339599609375 128.50914001464844 -1.9628854990005493
458.9054870605469 124.81269073486328 -1.9628854990005493
457.37701416015625 121.11624145507812 -1.9628854990005493
455.8485412597656 117.41979217529297 -1.9628854990005493
454.320068359375 113.72334289550781 -1.9628854990005493
452.7915954589844 110.02689361572266 -1.9628854990005493
451.26312255859375 106.3304443359375 -1.9628854990005493
449.7346496582031 102.63399505615234 -1.9628854990005493
448.2061767578125 98.93754577636719 -1.9628854990005493
446.6777038574219 95.24109649658203 -1.9628854990005493
445.14923095703125 91.54464721679688 -1.9628854990005493
445.14923095703125 91.54464721679688 -2.3628854751586914
442.30194091796875 88.7352066040039 -2.3628854751586914
439.45465087890625 85.92576599121094 -2.3628854751586914
436.60736083984375 83.11632537841797 -2.3628854751586914
433.76007080078125 80.306884765625 -2.3628854751586914
430.91278076171875 77.49744415283203 -2.3628854751586914
428.06549072265625 74.68800354003906 -2.3628854751586914
425.21820068359375 71.8785629272461 -2.3628854751586914
425.21820068359375 71.8785629272461 -2.762885570526123
421.5016174316406 70.39968872070312 -2.762885570526123
417.7850341796875 68.92081451416016 -2.762885570526123
414.0684509277344 67.44194030761719 -2.762885570526123
410.35186767578125 65.96306610107422 -2.762885570526123
406.6352844238281 64.48419189453125 -2.762885570526123
402.918701171875 63.005313873291016 -2.762885570526123
399.2021179199219 61.52643585205078 -2.762885570526123
395.48553466796875 60.04755783081055 -2.762885570526123
391.7689514160156 58.56867980957031 -2.762885570526123
388.0523681640625 57.08980178833008 -2.762885570526123
388.0523681640625 57.08980178833008 3.1202995777130127
384.05328369140625 57.17496871948242 3.1202995777130127
380.05419921875 57.260135650634766 3.1202995777130127
376.05511474609375 57.34530258178711 3.1202995777130127
372.0560302734375 57.43046951293945 3.1202995777130127
368.05694580078125 57.5156364440918 3.1202995777130127
364.057861328125 57.60080337524414 3.1202995777130127
360.05877685546875 57.685970306396484 3.1202995777130127
356.0596923828125 57.77113723754883 3.1202995777130127
352.06060791015625 57.85630416870117 3.1202995777130127
348.0615234375 57.941471099853516 3.1202995777130127
344.06243896484375 58.02663803100586 3.1202995777130127
340.0633544921875 58.1118049621582 3.1202995777130127
336.06427001953125 58.19697189331055 3.1202995777130127
332.065185546875 58.28213882446289 3.1202995777130127
328.06610107421875 58.367305755615234 3.1202995777130127
324.0670166015625 58.45247268676758 3.1202995777130127
320.06793212890625 58.53763961791992 3.1202995777130127
316.06884765625 58.622806549072266 3.1202995777130127
312.06976318359375 58.70797348022461 3.1202995777130127
308.0706787109375 58.79314041137695 3.1202995777130127
304.07159423828125 58.8783073425293 3.1202995777130127
300.072509765625 58.96347427368164 3.1202995777130127
296.07342529296875 59.048641204833984 3.1202995777130127
292.0743408203125 59.13380813598633 3.1202995777130127
288.07525634765625 59.21897506713867 3.1202995777130127
284.076171875 59.304141998291016 3.1202995777130127
280.07708740234375 59.38930892944336 3.1202995777130127
276.0780029296875 59.4744758605957 3.1202995777130127
272.07891845703125 59.55964279174805 3.1202995777130127
268.079833984375 59.64480972290039 3.1202995777130127
268.079833984375 59.64480972290039 2.720299482345581
264.4295959472656 61.280574798583984 2.720299482345581
260.77935791015625 62.91633987426758 2.720299482345581
257.1291198730469 64.5521011352539 2.720299482345581
253.4788818359375 66.1878662109375 2.720299482345581
249.82864379882812 67.8236312866211 2.720299482345581
246.17840576171875 69.45939636230469 2.720299482345581
242.52816772460938 71.09516143798828 2.720299482345581
238.8779296875 72.73092651367188 2.720299482345581
235.22769165039062 74.36669158935547 2.720299482345581
231.57745361328125 76.00245666503906 2.720299482345581
227.92721557617188 77.63822174072266 2.720299482345581
224.2769775390625 79.27398681640625 2.720299482345581
220.62673950195312 80.90975189208984 2.720299482345581
216.97650146484375 82.54551696777344 2.720299482345581
213.32626342773438 84.18128204345703 2.720299482345581
209.676025390625 85.81704711914062 2.720299482345581
206.02578735351562 87.45281219482422 2.720299482345581
202.37554931640625 89.08857727050781 2.720299482345581
198.72531127929688 90.7243423461914 2.720299482345581
195.0750732421875 92.360107421875 2.720299482345581
191.42483520507812 93.9958724975586 2.720299482345581
187.77459716796875 95.63163757324219 2.720299482345581
184.12435913085938 97.26740264892578 2.720299482345581
184.12435913085938 97.26740264892578 2.3202993869781494
184.12435913085938 97.26740264892578 1.9202994108200073
184.12435913085938 97.26740264892578 1.5202994346618652
184.32626342773438 101.2623062133789 1.5202994346618652
184.32626342773438 101.2623062133789 1.1202994585037231
184.32626342773438 101.2623062133789 0.720299482345581
184.32626342773438 101.2623062133789 0.3202994763851166
184.32626342773438 101.2623062133789 -0.0797005295753479
184.32626342773438 101.2623062133789 -0.4797005355358124
184.32626342773438 101.2623062133789 -0.8797005414962769
186.87579345703125 98.18011474609375 -0.8797005414962769
189.42532348632812 95.0979232788086 -0.8797005414962769
191.974853515625 92.01573181152344 -0.8797005414962769
194.52438354492188 88.93354034423828 -0.8797005414962769
197.07391357421875 85.85134887695312 -0.8797005414962769
199.62344360351562 82.76915740966797 -0.8797005414962769
202.1729736328125 79.68696594238281 -0.8797005414962769
204.72250366210938 76.60477447509766 -0.8797005414962769
207.27203369140625 73.5225830078125 -0.8797005414962769
209.82156372070312 70.44039154052734 -0.8797005414962769
212.37109375 67.35820007324219 -0.8797005414962769
214.92062377929688 64.27600860595703 -0.8797005414962769
214.92062377929688 64.27600860595703 -1.279700517654419
214.92062377929688 64.27600860595703 -1.679700493812561
214.92062377929688 64.27600860595703 -2.079700469970703
214.92062377929688 64.27600860595703 -2.4797005653381348
214.92062377929688 64.27600860595703 -2.8797006607055664
214.92062377929688 64.27600860595703 3.0034844875335693
210.95870971679688 64.8266830444336 3.0034844875335693
206.99679565429688 65.37735748291016 3.0034844875335693
203.03488159179688 65.92803192138672 3.0034844875335693
199.07296752929688 66.47870635986328 3.0034844875335693
195.11105346679688 67.02938079833984 3.0034844875335693
191.14913940429688 67.5800552368164 3.0034844875335693
187.18722534179688 68.13072967529297 3.0034844875335693
183.22531127929688 68.68140411376953 3.0034844875335693
179.26339721679688 69.2320785522461 3.0034844875335693
175.30148315429688 69.78275299072266 3.0034844875335693
171.33956909179688 70.33342742919922 3.0034844875335693
167.37765502929688 70.88410186767578 3.0034844875335693
163.41574096679688 71.43477630615234 3.0034844875335693
159.45382690429688 71.9854507446289 3.0034844875335693
155.49191284179688 72.53612518310547 3.0034844875335693
151.52999877929688 73.08679962158203 3.0034844875335693
147.56808471679688 73.6374740600586 3.0034844875335693
143.60617065429688 74.18814849853516 3.0034844875335693
139.64425659179688 74.73882293701172 3.0034844875335693
135.68234252929688 75.28949737548828 3.0034844875335693
131.72042846679688 75.84017181396484 3.0034844875335693
127.75851440429688 76.3908462524414 3.0034844875335693
123.79660034179688 76.94152069091797 3.0034844875335693
119.83468627929688 77.49219512939453 3.0034844875335693
115.87277221679688 78.0428695678711 3.0034844875335693
111.91085815429688 78.59354400634766 3.0034844875335693
107.94894409179688 79.14421844482422 3.0034844875335693
103.98703002929688 79.69489288330078 3.0034844875335693
100.02511596679688 80.24556732177734 3.0034844875335693
96.06320190429688 80.7962417602539 3.0034844875335693
92.10128784179688 81.34691619873047 3.0034844875335693
88.13937377929688 81.89759063720703 3.0034844875335693
84.17745971679688 82.4482650756836 3.0034844875335693
80.21554565429688 82.99893951416016 3.0034844875335693
76.25363159179688 83.54961395263672 3.0034844875335693
72.29171752929688 84.10028839111328 3.0034844875335693
68.32980346679688 84.65096282958984 3.0034844875335693
64.36788940429688 85.2016372680664 3.0034844875335693
60.405975341796875 85.75231170654297 3.0034844875335693
56.444061279296875 86.30298614501953 3.0034844875335693
52.482147216796875 86.8536605834961 3.0034844875335693
48.520233154296875 87.40433502197266 3.0034844875335693
44.558319091796875 87.95500946044922 3.0034844875335693
44.558319091796875 87.95500946044922 2.6034843921661377
41.123600006103516 90.00505828857422 2.6034843921661377
37.688880920410156 92.05510711669922 2.6034843921661377
34.2541618347168 94.10515594482422 2.6034843921661377
34.2541618347168 94.10515594482422 2.203484296798706
31.888904571533203 97.33091735839844 2.203484296798706
31.888904571533203 97.33091735839844 1.803484320640564
31.888904571533203 97.33091735839844 1.4034843444824219
31.888904571533203 97.33091735839844 1.0034843683242798
31.888904571533203 97.33091735839844 0.6034843921661377
31.888904571533203 97.33091735839844 0.20348438620567322
31.888904571533203 97.33091735839844 -0.19651561975479126
31.888904571533203 97.33091735839844 -0.5965156555175781
35.198097229003906 95.0838623046875 -0.5965156555175781
38.50728988647461 92.83680725097656 -0.5965156555175781
41.81648254394531 90.58975219726562 -0.5965156555175781
45.125675201416016 88.34269714355469 -0.5965156555175781
48.43486785888672 86.09564208984375 -0.5965156555175781
51.74406051635742 83.84858703613281 -0.5965156555175781
55.053253173828125 81.60153198242188 -0.5965156555175781
58.36244583129883 79.35447692871094 -0.5965156555175781
61.67163848876953 77.107421875 -0.5965156555175781
64.98082733154297 74.86036682128906 -0.5965156555175781
68.2900161743164 72.61331176757812 -0.5965156555175781
71.59920501708984 70.36625671386719 -0.5965156555175781
74.90839385986328 68.11920166015625 -0.5965156555175781
78.21758270263672 65.87214660644531 -0.5965156555175781
81.52677154541016 63.625091552734375 -0.5965156555175781
84.8359603881836 61.37803649902344 -0.5965156555175781
88.14514923095703 59.1309814453125 -0.5965156555175781
91.45433807373047 56.88392639160156 -0.5965156555175781
94.7635269165039 54.636871337890625 -0.5965156555175781
98.07271575927734 52.38981628417969 -0.5965156555175781
98.07271575927734 52.38981628417969 -0.9965156316757202
98.07271575927734 52.38981628417969 -1.3965156078338623
98.07271575927734 52.38981628417969 -1.7965155839920044
98.07271575927734 52.38981628417969 -2.1965155601501465
98.07271575927734 52.38981628417969 -2.596515655517578
98.07271575927734 52.38981628417969 -2.9965157508850098
98.07271575927734 52.38981628417969 2.886669397354126
94.20198822021484 53.398502349853516 2.886669397354126
90.33126068115234 54.407188415527344 2.886669397354126
86.46053314208984 55.41587448120117 2.886669397354126
82.58980560302734 56.424560546875 2.886669397354126
78.71907806396484 57.43324661254883 2.886669397354126
74.84835052490234 58.441932678222656 2.886669397354126
74.84835052490234 58.441932678222656 2.4866693019866943
71.67597198486328 60.878326416015625 2.4866693019866943
68.50359344482422 63.314720153808594 2.4866693019866943
