-390.0
-390.0
-390.0
-390.0
-390.0
-390.0
-386.00388495992144
-382.0078510730543
-378.01190091305557
-374.01603716351383
-370.0202626238791
-366.0245802157804
-362.028992989761
-358.0335041324636
-354.038116974302
-350.0428349976565
-346.0476618456364
-342.0526013314554
-338.05765744847065
-334.06283438094067
-330.068136515563
-326.0735684538586
-322.0791350254754
-318.0848413024926
-318.0848413024926
-314.49444286123673
-310.91404404758794
-307.3439943332375
-303.78465858342946
-300.23641784408903
-296.6996701722265
-293.17483151188725
-289.66233661799555
-286.16264003050503
-282.67621710132914
-279.2035650765676
-275.7452042365749
-272.3016790964273
-268.8735596693264
-265.461442795435
-262.0659535385532
-258.68774665292165
-255.32750812225305
-251.98595677285306
-251.98595677285306
-251.98595677285306
-251.98595677285306
-251.98595677285306
-252.78223337228215
-253.78335412172837
-254.90725711515637
-256.06297671033946
-257.1581327509538
-258.1063408790827
-261.0454191606961
-264.0123831825386
-264.0123831825386
-264.0123831825386
-264.0123831825386
-264.0123831825386
-264.0123831825386
-262.89746615918835
-262.89746615918835
-259.04586427363824
-255.19882851826347
-251.35656854829776
-247.5193067684204
-243.6872792932099
-239.86073699335955
-236.03994663643599
-232.22519213196637
-228.41677589176558
-224.61502031768188
-220.820269430366
-217.03289065427265
-213.25327677590957
-209.48184809438538
-205.71905478559543
-205.71905478559543
-205.71905478559543
-205.71905478559543
-205.71905478559543
-205.71905478559543
-205.71905478559543
-205.71905478559543
-205.71905478559543
-205.71905478559543
-205.71905478559543
