60.0 450.0 0.38539817929267883
60.0 450.0 -0.014601826667785645
60.0 450.0 -0.4146018326282501
60.0 450.0 -0.8146018385887146
60.0 450.0 -1.2146018743515015
60.0 450.0 -1.6146018505096436
60.0 450.0 -2.014601945877075
58.2824821472168 446.38751220703125 -2.014601945877075
56.564964294433594 442.7750244140625 -2.014601945877075
54.84744644165039 439.16253662109375 -2.014601945877075
53.12992858886719 435.550048828125 -2.014601945877075
51.412410736083984 431.93756103515625 -2.014601945877075
49.69489288330078 428.3250732421875 -2.014601945877075
47.97737503051758 424.71258544921875 -2.014601945877075
46.259857177734375 421.10009765625 -2.014601945877075
44.54233932495117 417.48760986328125 -2.014601945877075
42.82482147216797 413.8751220703125 -2.014601945877075
41.107303619384766 410.26263427734375 -2.014601945877075
39.38978576660156 406.650146484375 -2.014601945877075
37.67226791381836 403.03765869140625 -2.014601945877075
35.954750061035156 399.4251708984375 -2.014601945877075
34.23723220825195 395.81268310546875 -2.014601945877075
34.23723220825195 395.81268310546875 -2.414602041244507
34.23723220825195 395.81268310546875 -2.8146021366119385
34.23723220825195 395.81268310546875 3.0685830116271973
34.23723220825195 395.81268310546875 2.6685829162597656
34.23723220825195 395.81268310546875 2.268582820892334
34.23723220825195 395.81268310546875 1.868582844734192
33.06361389160156 399.6366271972656 1.868582844734192
33.06361389160156 399.6366271972656 1.4685828685760498
33.06361389160156 399.6366271972656 1.0685828924179077
33.06361389160156 399.6366271972656 0.6685829162597656
33.06361389160156 399.6366271972656 0.26858291029930115
33.06361389160156 399.6366271972656 -0.13141709566116333
33.06361389160156 399.6366271972656 -0.5314171314239502
33.06361389160156 399.6366271972656 -0.9314171075820923
33.06361389160156 399.6366271972656 -1.3314170837402344
34.01201248168945 395.75067138671875 -1.3314170837402344
34.960411071777344 391.8647155761719 -1.3314170837402344
35.908809661865234 387.978759765625 -1.3314170837402344
36.857208251953125 384.0928039550781 -1.3314170837402344
37.805606842041016 380.20684814453125 -1.3314170837402344
38.754005432128906 376.3208923339844 -1.3314170837402344
39.7024040222168 372.4349365234375 -1.3314170837402344
40.65080261230469 368.5489807128906 -1.3314170837402344
40.65080261230469 368.5489807128906 -1.7314170598983765
40.011077880859375 364.6004638671875 -1.7314170598983765
39.37135314941406 360.6519470214844 -1.7314170598983765
38.73162841796875 356.70343017578125 -1.7314170598983765
38.09190368652344 352.7549133300781 -1.7314170598983765
37.452178955078125 348.806396484375 -1.7314170598983765
36.81245422363281 344.8578796386719 -1.7314170598983765
36.1727294921875 340.90936279296875 -1.7314170598983765
35.53300476074219 336.9608459472656 -1.7314170598983765
34.893280029296875 333.0123291015625 -1.7314170598983765
34.25355529785156 329.0638122558594 -1.7314170598983765
33.61383056640625 325.11529541015625 -1.7314170598983765
32.97410583496094 321.1667785644531 -1.7314170598983765
32.334381103515625 317.21826171875 -1.7314170598983765
31.694656372070312 313.2697448730469 -1.7314170598983765
31.054931640625 309.32122802734375 -1.7314170598983765
30.415206909179688 305.3727111816406 -1.7314170598983765
29.775482177734375 301.4241943359375 -1.7314170598983765
29.135757446289062 297.4756774902344 -1.7314170598983765
28.49603271484375 293.52716064453125 -1.7314170598983765
27.856307983398438 289.5786437988281 -1.7314170598983765
27.216583251953125 285.630126953125 -1.7314170598983765
26.576858520507812 281.6816101074219 -1.7314170598983765
25.9371337890625 277.73309326171875 -1.7314170598983765
25.297409057617188 273.7845764160156 -1.7314170598983765
25.297409057617188 273.7845764160156 -2.1314170360565186
23.170560836791992 270.3968811035156 -2.1314170360565186
21.043712615966797 267.0091857910156 -2.1314170360565186
18.9168643951416 263.6214904785156 -2.1314170360565186
16.790016174316406 260.2337951660156 -2.1314170360565186
16.790016174316406 260.2337951660156 -2.1314170360565186
16.790016174316406 260.2337951660156 -2.1314170360565186
16.790016174316406 260.2337951660156 -2.1314170360565186
16.790016174316406 260.2337951660156 -2.1314170360565186
16.790016174316406 260.2337951660156 -2.1314170360565186
16.790016174316406 260.2337951660156 -2.1314170360565186
16.790016174316406 260.2337951660156 -2.1314170360565186
16.790016174316406 260.2337951660156 -2.1314170360565186
16.790016174316406 260.2337951660156 -2.1314170360565186
16.790016174316406 260.2337951660156 -2.1314170360565186
