60.0 450.0 0.38539817929267883
60.0 450.0 -0.014601826667785645
60.0 450.0 -0.4146018326282501
60.0 450.0 -0.8146018385887146
60.0 450.0 -1.2146018743515015
60.0 450.0 -1.6146018505096436
59.906673431396484 450.8041076660156 -1.295896291732788
59.906673431396484 450.8041076660156 -1.6958962678909302
59.87895202636719 451.6131286621094 -1.3771905899047852
60.64854431152344 447.6878662109375 -1.3771905899047852
60.64854431152344 447.6878662109375 -1.7771905660629272
60.68661117553711 448.4964904785156 -1.4584848880767822
60.469390869140625 449.27630615234375 -1.1397793292999268
60.469390869140625 449.27630615234375 -1.5397793054580688
60.31621551513672 450.0711975097656 -1.2210736274719238
60.31621551513672 450.0711975097656 -1.621073603630066
60.228092193603516 450.8758850097656 -1.302367925643921
60.228092193603516 450.8758850097656 -1.702367901802063
60.205604553222656 451.6850891113281 -1.383662223815918
60.94977951049805 447.7549133300781 -1.383662223815918
60.94977951049805 447.7549133300781 -1.78366219997406
60.99307632446289 448.5632629394531 -1.464956521987915
60.780906677246094 449.344482421875 -1.1462509632110596
60.780906677246094 449.344482421875 -1.5462509393692017
60.632877349853516 450.1403503417969 -1.2275452613830566
60.632877349853516 450.1403503417969 -1.6275452375411987
60.549964904785156 450.9455871582031 -1.3088395595550537
60.549964904785156 450.9455871582031 -1.7088395357131958
60.53271484375 451.7549133300781 -1.3901338577270508
61.251441955566406 447.82000732421875 -1.3901338577270508
61.97016906738281 443.8851013183594 -1.3901338577270508
61.97016906738281 443.8851013183594 -1.7901338338851929
62.018699645996094 444.6931457519531 -1.4714281558990479
61.81159210205078 445.4757080078125 -1.1527225971221924
61.81159210205078 445.4757080078125 -1.5527225732803345
61.66871643066406 446.27252197265625 -1.2340168952941895
61.66871643066406 446.27252197265625 -1.6340168714523315
61.59101486206055 447.0782775878906 -1.3153111934661865
61.59101486206055 447.0782775878906 -1.7153111696243286
61.579002380371094 447.8876953125 -1.3966054916381836
62.272247314453125 443.9482421875 -1.3966054916381836
62.272247314453125 443.9482421875 -1.7966054677963257
62.32600402832031 444.7559509277344 -1.4778997898101807
62.123966217041016 445.5398254394531 -1.1591942310333252
62.123966217041016 445.5398254394531 -1.5591942071914673
61.98625183105469 446.3375244140625 -1.2404885292053223
61.98625183105469 446.3375244140625 -1.6404885053634644
61.91376876831055 447.1437683105469 -1.3217828273773193
61.91376876831055 447.1437683105469 -1.7217828035354614
61.90699768066406 447.9532470703125 -1.4030771255493164
62.57473373413086 444.0093688964844 -1.4030771255493164
62.57473373413086 444.0093688964844 -1.8030771017074585
62.63371658325195 444.81671142578125 -1.4843714237213135
62.4367561340332 445.6018981933594 -1.165665864944458
62.4367561340332 445.6018981933594 -1.5656658411026
62.30420684814453 446.4004821777344 -1.246960163116455
62.30420684814453 446.4004821777344 -1.6469601392745972
62.236942291259766 447.2071838378906 -1.3282544612884521
62.236942291259766 447.2071838378906 -1.7282544374465942
62.235408782958984 448.0166931152344 -1.4095487594604492
62.87760925292969 444.0685729980469 -1.4095487594604492
63.51980972290039 440.1204528808594 -1.4095487594604492
63.51980972290039 440.1204528808594 -1.8095487356185913
63.58401870727539 440.9273986816406 -1.4908430576324463
63.39214324951172 441.7138366699219 -1.1721374988555908
63.39214324951172 441.7138366699219 -1.572137475013733
63.26476287841797 442.51324462890625 -1.253431797027588
63.26476287841797 442.51324462890625 -1.65343177318573
63.202720642089844 443.32037353515625 -1.334726095199585
63.202720642089844 443.32037353515625 -1.734726071357727
63.206424713134766 444.1298828125 -1.416020393371582
63.82305908203125 440.1777038574219 -1.416020393371582
63.82305908203125 440.1777038574219 -1.8160203695297241
63.892486572265625 440.9842224121094 -1.497314691543579
63.70570373535156 441.7718811035156 -1.1786091327667236
63.70570373535156 441.7718811035156 -1.5786091089248657
63.583499908447266 442.5721130371094 -1.2599034309387207
63.583499908447266 442.5721130371094 -1.6599034070968628
63.52668380737305 443.379638671875 -1.3411977291107178
63.52668380737305 443.379638671875 -1.7411977052688599
63.53562927246094 444.1890869140625 -1.4224920272827148
64.12667083740234 440.2330017089844 -1.4224920272827148
64.12667083740234 440.2330017089844 -1.822492003440857
64.2013168334961 441.0390625 -1.503786325454712
64.01963806152344 441.8279113769531 -1.1850807666778564
64.01963806152344 441.8279113769531 -1.5850807428359985
63.90261459350586 442.62890625 -1.2663750648498535
63.90261459350586 442.62890625 -1.6663750410079956
63.85102462768555 443.436767578125 -1.3476693630218506
63.85102462768555 443.436767578125 -1.7476693391799927
63.86520767211914 444.24615478515625 -1.4289636611938477
64.4306411743164 440.28631591796875 -1.4289636611938477
64.9960708618164 436.32647705078125 -1.4289636611938477
64.9960708618164 436.32647705078125 -1.8289636373519897
65.07593536376953 437.1320495605469 -1.5102579593658447
64.89936065673828 437.92205810546875 -1.1915524005889893
64.89936065673828 437.92205810546875 -1.5915523767471313
64.78752136230469 438.72381591796875 -1.2728466987609863
64.78752136230469 438.72381591796875 -1.6728466749191284
64.74115753173828 439.531982421875 -1.3541409969329834
64.74115753173828 439.531982421875 -1.7541409730911255
64.76057434082031 440.34124755859375 -1.4354352951049805
64.76057434082031 440.34124755859375 -1.8354352712631226
64.84564971923828 441.1462707519531 -1.5167295932769775
64.6741943359375 441.9374084472656 -1.198024034500122
64.6741943359375 441.9374084472656 -1.5980240106582642
64.56755065917969 442.7398681640625 -1.2793183326721191
64.56755065917969 442.7398681640625 -1.6793183088302612
64.52642059326172 443.54833984375 -1.3606126308441162
64.52642059326172 443.54833984375 -1.7606126070022583
64.55107879638672 444.35748291015625 -1.4419069290161133
64.55107879638672 444.35748291015625 -1.8419069051742554
64.641357421875 445.16192626953125 -1.5232012271881104
64.47502136230469 445.95416259765625 -1.2044956684112549
64.47502136230469 445.95416259765625 -1.604495644569397
64.37357330322266 446.7572937011719 -1.285789966583252
64.37357330322266 446.7572937011719 -1.685789942741394
64.33767700195312 447.5660095214844 -1.367084264755249
64.33767700195312 447.5660095214844 -1.7670842409133911
64.36756896972656 448.3749694824219 -1.448378562927246
64.36756896972656 448.3749694824219 -1.8483785390853882
64.46305084228516 449.1788330078125 -1.5296728610992432
64.30184936523438 449.9721374511719 -1.2109673023223877
64.30184936523438 449.9721374511719 -1.6109672784805298
64.20559692382812 450.7759094238281 -1.2922616004943848
64.20559692382812 450.7759094238281 -1.6922615766525269
64.17493438720703 451.5848388671875 -1.3735558986663818
64.17493438720703 451.5848388671875 -1.773555874824524
64.2100601196289 452.3935852050781 -1.454850196838379
64.67280578613281 448.4204406738281 -1.454850196838379
64.67280578613281 448.4204406738281 -1.854850172996521
64.77349090576172 449.2236633300781 -1.536144495010376
64.61742401123047 450.0179748535156 -1.2174389362335205
64.61742401123047 450.0179748535156 -1.6174389123916626
64.52637481689453 450.8223571777344 -1.2987332344055176
64.52637481689453 450.8223571777344 -1.6987332105636597
64.50094604492188 451.6314697265625 -1.3800275325775146
64.50094604492188 451.6314697265625 -1.7800275087356567
64.54130554199219 452.4399719238281 -1.4613218307495117
64.97833251953125 448.46392822265625 -1.4613218307495117
64.97833251953125 448.46392822265625 -1.8613218069076538
65.08421325683594 449.2664794921875 -1.5426161289215088
64.93328857421875 450.0617980957031 -1.2239105701446533
64.93328857421875 450.0617980957031 -1.6239105463027954
64.84745025634766 450.8667297363281 -1.3052048683166504
64.84745025634766 450.8667297363281 -1.7052048444747925
64.82726287841797 451.6759948730469 -1.3864991664886475
64.82726287841797 451.6759948730469 -1.7864991426467896
64.87285614013672 452.4842224121094 -1.4677934646606445
65.28414154052734 448.50543212890625 -1.4677934646606445
65.69542694091797 444.5266418457031 -1.4677934646606445
65.69542694091797 444.5266418457031 -1.8677934408187866
65.80650329589844 445.3284912109375 -1.5490877628326416
65.66072845458984 446.124755859375 -1.2303822040557861
65.66072845458984 446.124755859375 -1.6303821802139282
65.5801010131836 446.93023681640625 -1.3116765022277832
65.5801010131836 446.93023681640625 -1.7116764783859253
65.56514739990234 447.7395935058594 -1.3929708003997803
65.56514739990234 447.7395935058594 -1.7929707765579224
65.615966796875 448.5475158691406 -1.4742650985717773
66.00149536132812 444.5661315917969 -1.4742650985717773
66.00149536132812 444.5661315917969 -1.8742650747299194
66.11775207519531 445.36724853515625 -1.5555593967437744
65.97713470458984 446.1644592285156 -1.236853837966919
65.97713470458984 446.1644592285156 -1.636853814125061
65.90171813964844 446.970458984375 -1.318148136138916
65.90171813964844 446.970458984375 -1.718148112297058
65.89200592041016 447.7799072265625 -1.399442434310913
65.89200592041016 447.7799072265625 -1.7994424104690552
65.94805145263672 448.58746337890625 -1.4807367324829102
66.30780029296875 444.6036682128906 -1.4807367324829102
66.66754913330078 440.619873046875 -1.4807367324829102
66.66754913330078 440.619873046875 -1.8807367086410522
66.78899383544922 441.42022705078125 -1.5620310306549072
66.6535415649414 442.21832275390625 -1.2433254718780518
66.6535415649414 442.21832275390625 -1.6433254480361938
66.58334350585938 443.0247802734375 -1.3246197700500488
66.58334350585938 443.0247802734375 -1.724619746208191
66.57886505126953 443.83428955078125 -1.405914068222046
66.57886505126953 443.83428955078125 -1.805914044380188
66.64013671875 444.6414794921875 -1.487208366394043
66.9740982055664 440.65545654296875 -1.487208366394043
66.9740982055664 440.65545654296875 -1.887208342552185
67.10071563720703 441.4549865722656 -1.56850266456604
66.97042846679688 442.2539367675781 -1.2497971057891846
66.97042846679688 442.2539367675781 -1.6497970819473267
66.90545654296875 443.0608215332031 -1.3310914039611816
66.90545654296875 443.0608215332031 -1.7310913801193237
66.90621948242188 443.8703308105469 -1.4123857021331787
66.90621948242188 443.8703308105469 -1.8123856782913208
66.97271728515625 444.6770935058594 -1.4936800003051758
67.28087615966797 440.6889953613281 -1.4936800003051758
67.58903503417969 436.7008972167969 -1.4936800003051758
67.58903503417969 436.7008972167969 -1.8936799764633179
67.7208251953125 437.4996032714844 -1.5749742984771729
67.59571075439453 438.29937744140625 -1.2562687397003174
67.59571075439453 438.29937744140625 -1.6562687158584595
67.53595733642578 439.106689453125 -1.3375630378723145
67.53595733642578 439.106689453125 -1.7375630140304565
67.54196166992188 439.9161682128906 -1.4188573360443115
67.54196166992188 439.9161682128906 -1.8188573122024536
67.61367797851562 440.7225036621094 -1.5001516342163086
67.8960189819336 436.73248291015625 -1.5001516342163086
67.8960189819336 436.73248291015625 -1.9001516103744507
68.03297424316406 437.53033447265625 -1.5814459323883057
67.91304016113281 438.3309020996094 -1.2627403736114502
67.91304016113281 438.3309020996094 -1.6627403497695923
67.85851287841797 439.1385803222656 -1.3440346717834473
67.85851287841797 439.1385803222656 -1.7440346479415894
67.8697509765625 439.947998046875 -1.4253289699554443
67.8697509765625 439.947998046875 -1.8253289461135864
67.94668579101562 440.75384521484375 -1.5066232681274414
68.20320129394531 436.7620849609375 -1.5066232681274414
68.459716796875 432.77032470703125 -1.5066232681274414
68.459716796875 432.77032470703125 -1.9066232442855835
68.60183715820312 433.5672607421875 -1.5879175662994385
68.48709106445312 434.36859130859375 -1.269212007522583
68.48709106445312 434.36859130859375 -1.669211983680725
68.43778991699219 435.1766052246094 -1.35050630569458
68.43778991699219 435.1766052246094 -1.7505062818527222
68.45426940917969 435.9859313964844 -1.4318006038665771
68.45426940917969 435.9859313964844 -1.8318005800247192
68.53641510009766 436.791259765625 -1.5130949020385742
68.76708984375 432.79791259765625 -1.5130949020385742
68.76708984375 432.79791259765625 -1.9130948781967163
68.91436004638672 433.5939025878906 -1.5943892002105713
68.80480194091797 434.3959655761719 -1.2756836414337158
68.80480194091797 434.3959655761719 -1.675683617591858
68.76073455810547 435.20428466796875 -1.356977939605713
68.76073455810547 435.20428466796875 -1.756977915763855
68.7824478149414 436.01348876953125 -1.43827223777771
68.7824478149414 436.01348876953125 -1.838272213935852
68.86980438232422 436.8182678222656 -1.519566535949707
69.07463073730469 432.8235168457031 -1.519566535949707
69.27945709228516 428.8287658691406 -1.519566535949707
69.27945709228516 428.8287658691406 -1.9195665121078491
69.43187713623047 429.6238098144531 -1.600860834121704
69.32750701904297 430.42657470703125 -1.2821552753448486
69.32750701904297 430.42657470703125 -1.6821552515029907
69.2886734008789 431.2351379394531 -1.3634495735168457
69.2886734008789 431.2351379394531 -1.7634495496749878
69.31562805175781 432.044189453125 -1.4447438716888428
69.31562805175781 432.044189453125 -1.8447438478469849
69.40818786621094 432.848388671875 -1.5260381698608398
69.587158203125 428.8523864746094 -1.5260381698608398
69.587158203125 428.8523864746094 -1.926038146018982
69.74472045898438 429.64642333984375 -1.607332468032837
69.64554595947266 430.4498291015625 -1.2886269092559814
69.64554595947266 430.4498291015625 -1.6886268854141235
69.61194610595703 431.2586364746094 -1.3699212074279785
69.61194610595703 431.2586364746094 -1.7699211835861206
69.64413452148438 432.0675048828125 -1.4512155055999756
69.64413452148438 432.0675048828125 -1.8512154817581177
69.74189758300781 432.87109375 -1.5325098037719727
69.89500427246094 428.8740234375 -1.5325098037719727
70.04811096191406 424.876953125 -1.5325098037719727
70.04811096191406 424.876953125 -1.9325097799301147
70.21080780029297 425.6699523925781 -1.6138041019439697
70.11683654785156 426.4739990234375 -1.2950985431671143
70.11683654785156 426.4739990234375 -1.6950985193252563
70.08847045898438 427.28302001953125 -1.3763928413391113
70.08847045898438 427.28302001953125 -1.7763928174972534
70.12589263916016 428.0916748046875 -1.4576871395111084
70.12589263916016 428.0916748046875 -1.8576871156692505
70.2288589477539 428.8946228027344 -1.5389814376831055
70.35609436035156 424.8966369628906 -1.5389814376831055
70.35609436035156 424.8966369628906 -1.9389814138412476
70.52391815185547 425.6885681152344 -1.6202757358551025
70.43515014648438 426.4931945800781 -1.301570177078247
70.43515014648438 426.4931945800781 -1.7015701532363892
70.41201782226562 427.3023681640625 -1.3828644752502441
70.41201782226562 427.3023681640625 -1.7828644514083862
70.45467376708984 428.1107482910156 -1.4641587734222412
70.45467376708984 428.1107482910156 -1.8641587495803833
70.56282806396484 428.9129943847656 -1.5454530715942383
70.66419219970703 424.9142761230469 -1.5454530715942383
70.66419219970703 424.9142761230469 -1.9454530477523804
70.8371353149414 425.705078125 -1.6267473697662354
70.75357818603516 426.51025390625 -1.3080418109893799
70.75357818603516 426.51025390625 -1.708041787147522
70.73568725585938 427.3195495605469 -1.389336109161377
70.73568725585938 427.3195495605469 -1.789336085319519
70.7835693359375 428.12762451171875 -1.470630407333374
70.7835693359375 428.12762451171875 -1.8706303834915161
70.89691925048828 428.9291687011719 -1.551924705505371
70.97240447998047 424.92987060546875 -1.551924705505371
71.04788970947266 420.9305725097656 -1.551924705505371
71.04788970947266 420.9305725097656 -1.9519246816635132
69.56002044677734 417.21759033203125 -1.9519246816635132
68.07215118408203 413.5046081542969 -1.9519246816635132
66.58428192138672 409.7916259765625 -1.9519246816635132
65.0964126586914 406.0786437988281 -1.9519246816635132
63.60853958129883 402.36566162109375 -1.9519246816635132
62.12066650390625 398.6526794433594 -1.9519246816635132
60.63279342651367 394.939697265625 -1.9519246816635132
59.144920349121094 391.2267150878906 -1.9519246816635132
57.657047271728516 387.51373291015625 -1.9519246816635132
56.16917419433594 383.8007507324219 -1.9519246816635132
54.68130111694336 380.0877685546875 -1.9519246816635132
53.19342803955078 376.3747863769531 -1.9519246816635132
51.7055549621582 372.66180419921875 -1.9519246816635132
50.217681884765625 368.9488220214844 -1.9519246816635132
48.72980880737305 365.23583984375 -1.9519246816635132
47.24193572998047 361.5228576660156 -1.9519246816635132
45.75406265258789 357.80987548828125 -1.9519246816635132
44.26618957519531 354.0968933105469 -1.9519246816635132
42.778316497802734 350.3839111328125 -1.9519246816635132
41.290443420410156 346.6709289550781 -1.9519246816635132
39.80257034301758 342.95794677734375 -1.9519246816635132
39.98063278198242 343.74761962890625 -1.6332190036773682
39.73110580444336 339.7554016113281 -1.6332190036773682
39.4815788269043 335.76318359375 -1.6332190036773682
39.4815788269043 335.76318359375 -2.0332190990448
39.72317886352539 336.5357971191406 -1.7145135402679443
39.15028762817383 332.5770263671875 -1.7145135402679443
38.577396392822266 328.6182556152344 -1.7145135402679443
38.0045051574707 324.65948486328125 -1.7145135402679443
38.0045051574707 324.65948486328125 -2.114513635635376
38.30804443359375 325.4099426269531 -1.7958080768585205
37.41557312011719 321.5107727050781 -1.7958080768585205
36.523101806640625 317.6116027832031 -1.7958080768585205
35.63063049316406 313.7124328613281 -1.7958080768585205
34.7381591796875 309.8132629394531 -1.7958080768585205
33.84568786621094 305.9140930175781 -1.7958080768585205
32.953216552734375 302.0149230957031 -1.7958080768585205
32.953216552734375 302.0149230957031 -2.195808172225952
30.612789154052734 298.7710876464844 -2.195808172225952
28.272361755371094 295.5272521972656 -2.195808172225952
28.635839462280273 296.2505798339844 -1.8771026134490967
27.429683685302734 292.436767578125 -1.8771026134490967
26.223527908325195 288.6229553222656 -1.8771026134490967
25.017372131347656 284.80914306640625 -1.8771026134490967
23.811216354370117 280.9953308105469 -1.8771026134490967
22.605060577392578 277.1815185546875 -1.8771026134490967
21.39890480041504 273.3677062988281 -1.8771026134490967
20.1927490234375 269.55389404296875 -1.8771026134490967
18.98659324645996 265.7400817871094 -1.8771026134490967
17.780437469482422 261.92626953125 -1.8771026134490967
17.780437469482422 261.92626953125 -1.8771026134490967
17.780437469482422 261.92626953125 -1.8771026134490967
17.780437469482422 261.92626953125 -1.8771026134490967
17.780437469482422 261.92626953125 -1.8771026134490967
17.780437469482422 261.92626953125 -1.8771026134490967
17.780437469482422 261.92626953125 -1.8771026134490967
17.780437469482422 261.92626953125 -1.8771026134490967
17.780437469482422 261.92626953125 -1.8771026134490967
17.780437469482422 261.92626953125 -1.8771026134490967
17.780437469482422 261.92626953125 -1.8771026134490967
