-392.83861260070745
-395.6972973447963
-398.57562242630917
-401.47316538979356
-404.3895131339564
-407.324261745324
-410.2770163548833
-413.2473909909103
-416.23500842860443
-419.2395000371072
-422.2605056244355
-425.29767328082255
-428.3506592209188
-431.41912762526795
-434.50275048143925
-437.6012074251642
-440.7141855817944
-443.8413794083695
-446.9824905365546
-450.1372276166848
-453.3053061631269
-456.4864484011485
-459.6803831154639
-462.8868455006061
-466.1055758558366
-469.33632403122084
-472.57884245426635
-475.8328905033011
-479.0982332497959
-482.3746413219317
-485.6618907706118
-488.9597629379602
-492.2680443283353
-492.2680443283353
-496.1931285470678
-500.1194000127418
-500.1194000127418
-500.1194000127418
-500.1194000127418
-500.1194000127418
-500.1194000127418
-500.1194000127418
-497.7484876981849
-495.3985263532024
-493.0698155336505
-490.7626577463091
-488.4773583866737
-486.214225671148
-483.9735705634495
-481.7557077631582
-479.56095231049954
-477.38962290737885
-475.2420406471527
-473.11852890942134
-471.01941324799384
-468.94502127187394
-466.89568251912186
-464.8717283234585
-462.87349167348805
-462.87349167348805
-462.87349167348805
-459.00038681717416
-455.1294765892647
-451.2607870211403
-447.3944069449915
-443.5303967583093
-439.66881894410784
-439.66881894410784
-435.7055242796239
-431.74290672810633
-427.78098510623846
-423.81977893093955
-419.8593084520746
-415.8995946870052
-411.9406594571035
-407.9825254263576
-404.0252161422117
-400.06875607879005
-396.11317068266874
-392.15848642137126
-388.20473083477714
-384.2519325896486
-384.2519325896486
-380.8572876879581
-377.47450151780794
-374.10389577248236
-370.7458026641979
-367.40056529492944
-364.0685380390461
-360.75008693787476
-357.44559010627245
-354.1554381512442
-350.8800346025967
-347.6197963555592
-344.3751541252398
-341.1465529127126
-337.93445248244666
-334.739327850698
-331.5616697843773
-328.40198530979234
-325.26079823053215
-322.1386496536144
-319.0360985228577
-315.9537204781705
-312.8921133180561
-309.8518927465356
-309.8518927465356
-306.04693985042064
-302.2470238582681
-298.45233716077877
-294.6630817874186
-290.8794699980799
-287.101724917225
-283.3300812139529
-279.5647858317308
-275.8060987718636
-272.05429393513646
-268.3096600264579
-264.57250152776334
-260.84313974490567
-257.1219139347706
-253.4091825194105
-249.70532439459393
-246.01074034082333
-242.32585454558446
-238.65111624635796
-234.9870015047528
-231.33401512301185
-227.69269271509393
-224.06360294555574
-220.4473499505364
-216.84457595628717
-213.25596411187865
-209.68224155394967
-206.12418272262005
-202.58261294895067
-199.05841233556998
-195.55251995325548
-192.0659383773086
-188.59973858842162
-185.15506526331646
-181.73314248062218
-181.73314248062218
-177.7790578675518
-173.82707434938726
-169.87733856421616
-165.93001102469708
-165.93001102469708
-165.93001102469708
-163.68337922994067
-161.50457795453656
-159.39638876422921
-157.36164967534356
-155.40324582413885
-153.5240985105395
-151.72715255000955
-150.01536189689983
-148.3916735394736
-146.85900971100656
-146.85900971100656
-146.85900971100656
-146.85900971100656
-146.85900971100656
-146.85900971100656
-146.85900971100656
-146.85900971100656
-146.85900971100656
-146.85900971100656
-146.85900971100656
