-392.597959736282
-395.30974256888084
-398.1284866890469
-401.0472919484165
-404.0591191076528
-407.156931442838
-410.33365055663955
-413.5821719563385
-416.8954385052684
-420.26645114664456
-423.6882162753286
-427.1538438743099
-430.6565527307948
-434.1896414162146
-437.7465208670184
-441.32071381483007
-444.9058832326682
-448.49582900491674
-452.08448300401113
-455.6659349200602
-459.234395363479
-462.78431008541696
-466.3101688505773
-469.80665053735987
-473.2686125484383
-476.6910826612064
-480.06924889610224
-483.3983875811965
-486.6740375633466
-489.89180544838143
-493.04741727739315
-496.13689088969346
-499.1562810197621
-502.10185254575646
-504.9700094666587
-507.7572848267678
-507.7572848267678
-509.32963035065654
-510.7894661015037
-512.1353313971586
-513.3659065436133
-514.4799472523858
-515.4763413586663
-516.3541052478791
-517.1123198312931
-517.75031048109
-518.2674620965807
-518.6632171880779
-518.9371968057251
-519.0891386928138
-519.1189576356006
-519.1189576356006
-519.1189576356006
-519.1189576356006
-519.1189576356006
-519.1189576356006
-519.1189576356006
-519.1189576356006
-519.1189576356006
-515.5625539104466
-511.98927558496524
-508.404845324348
-504.81512453277895
-501.2260588663388
-497.6437434456281
-494.07436618376147
-490.52433194401254
-487.0000213229257
-483.50803434898654
-480.054946427424
-476.6474885816115
-473.2923613101106
-469.9964116007975
-466.7665044974972
-463.60945360763014
-460.5321324816907
-457.54134067608794
-454.6438508202117
-451.8463930307821
-449.1555464936783
-446.57781206874654
-444.1195003808197
-441.78674131948065
-439.5854918496709
-437.5214824143724
-435.6001319173685
-433.82655425907495
-432.2055953692431
-430.74168782049213
-429.43891943614034
-428.30095086893175
-427.3309952266917
-426.53186213954314
-425.9058183491288
-425.4546975102018
-425.1798288971956
-425.08199829931425
-425.1615061022861
-425.4181040576898
-425.8510603374995
-426.45910190288123
-427.24045581040104
-428.19289128878836
-429.31367262122865
-430.5995771771032
-432.0470365160258
-433.65197407543883
-435.4100122961471
-437.3163476045797
-439.3658888523523
-441.5532018702822
-443.8726449016866
-446.31828703774244
-448.8839762872099
-451.5634431426757
-454.3501868722143
-457.23762422880924
-460.21908512932345
-463.2877862123781
-466.4368932026259
-469.6595906488754
-472.949030769389
-476.298325111021
-479.70069369739167
-483.14941606226995
-486.6377258847972
-490.1589843858968
-493.70668993273205
-497.27435682234676
-500.8556405629133
-504.4443282836689
-508.0342885283612
-511.6195146656627
-515.1941869104498
-518.7526116165236
-522.289148110444
-525.7984418218969
-529.2751844864437
-532.714216582341
-536.1105858274566
-536.1105858274566
-536.1105858274566
-536.1105858274566
-536.1105858274566
-536.1105858274566
-536.1105858274566
-536.1105858274566
-536.1105858274566
-536.1105858274566
-535.251150012662
-534.272058417145
-533.1743138783245
-531.9590420483552
-530.6274949912407
-529.1810517077779
-527.6211564707754
-525.9494494533776
-524.1676401613747
-522.2776391286366
-520.2815011320491
-518.181305886129
-515.9793477038977
-513.6780197779394
-511.2798768106406
-508.7875853967388
-506.20398997310684
-503.53206319225956
-500.774903474726
-497.9357552869439
-495.01794810089126
-492.0250907800124
-488.9608363993705
-485.82907569117907
-482.63376078332345
-479.3790402552342
-476.06920436241734
-472.7086971752486
-469.30212519124905
-465.85426683553
-462.37008493153036
-458.8546104213704
-455.313076557932
-451.7508955242915
-448.1736383838932
-444.58698037330095
-440.9968004129099
-437.4091279548135
-433.8300867724518
-430.26596146600485
-426.7232013610806
-423.20836165330854
-419.7281054070964
-416.28920329670564
-412.8985324936926
-409.56304099273916
-406.28974356337153
-403.08571500858005
-399.95807860655697
-396.9139361966923
-393.577816145828
-390.2541762560243
-386.94333812148597
-383.64563317742943
-380.3614030153486
-377.09099970654273
-373.83478613384386
-370.59313633144285
-367.366435832665
-364.514367619679
-361.4152904713267
-358.33406248388064
-355.2711480691319
-352.2270249838102
-352.2270249838102
-348.41929121527784
-344.6159138512534
-341.22988365356645
-337.9005212810985
-334.6351842585158
-331.4413326912695
-327.9313344938953
-324.43267894960746
-320.94573700016787
-317.47089461466004
-314.0085534774078
-310.5591317079654
-307.1230646143765
-303.70080548088345
-303.70080548088345
-299.74485538993304
-295.79008989961596
-291.83655716858095
-287.88430798550746
-283.9333959499572
-279.9838776682549
-276.0358129658651
-272.0892651178953
-268.1443010995444
-264.2009918585214
-260.25941261169856
-256.3196431685305
-252.38176828407353
-248.44587804478726
-244.51206829069068
-240.5804410778939
-236.65110518603782
-232.72417667575675
-228.7997795019503
-224.87804618941766
-220.95911857829083
-217.0431486477218
-213.1302994274523
-209.22073171946573
-205.31464813099026
-201.41225136968842
-197.513759964189
-193.61940981551024
-189.7294559317352
-185.84417437124176
-181.96386442377863
-178.0888510633739
-174.21948771259883
-170.3561593642528
-166.49928611428794
-162.64932716899526
-158.80678540042524
-158.80678540042524
-154.83388480366793
-150.8624165002177
-150.8624165002177
-147.40674258653794
-143.9792584857143
-140.5820260725103
-137.2172922835944
-133.88750731515
-130.5953444611288
-130.5953444611288
-128.52185392737255
-126.54086226268781
-124.6567794012336
-122.8740632616939
-121.1971870029884
-119.63060141821394
-118.17869265302207
-116.8457356599674
-115.63584405325258
-114.55291718207056
-113.60058645380441
-112.78216017210379
-112.1005712127983
-111.55832771289224
-111.15746893785528
-110.84595983329787
-110.50336186554176
-110.12994218029058
-109.72603347712285
-109.2919649313767
-108.82810992960637
-108.33487522836282
-107.81269119980543
-107.81269119980543
-107.81269119980543
-107.81269119980543
-107.81269119980543
-107.81269119980543
-107.81269119980543
-107.81269119980543
-107.81269119980543
-107.81269119980543
-107.81269119980543
