60.37975311279297 450.2646484375 0.43192824721336365
60.82764434814453 450.3815002441406 0.07845830917358398
61.288291931152344 450.3360900878906 -0.2750116288661957
61.70473861694336 450.134033203125 -0.6284815669059753
62.02549362182617 449.80029296875 -0.9819514751434326
62.210899353027344 449.37615966796875 -1.3354214429855347
62.2380256652832 448.9140625 -1.6888914108276367
61.76674270629883 444.9419250488281 -1.6888914108276367
61.29545974731445 440.96978759765625 -1.6888914108276367
60.82417678833008 436.9976501464844 -1.6888914108276367
60.3528938293457 433.0255126953125 -1.6888914108276367
59.88161087036133 429.0533752441406 -1.6888914108276367
59.41032791137695 425.08123779296875 -1.6888914108276367
58.93904495239258 421.1091003417969 -1.6888914108276367
58.4677619934082 417.136962890625 -1.6888914108276367
57.99647903442383 413.1648254394531 -1.6888914108276367
57.52519607543945 409.19268798828125 -1.6888914108276367
57.05391311645508 405.2205505371094 -1.6888914108276367
56.5826301574707 401.2484130859375 -1.6888914108276367
56.11134719848633 397.2762756347656 -1.6888914108276367
55.64006423950195 393.30413818359375 -1.6888914108276367
55.16878128051758 389.3320007324219 -1.6888914108276367
54.6974983215332 385.35986328125 -1.6888914108276367
54.22621536254883 381.3877258300781 -1.6888914108276367
53.75493240356445 377.41558837890625 -1.6888914108276367
53.28364944458008 373.4434509277344 -1.6888914108276367
52.8123664855957 369.4713134765625 -1.6888914108276367
52.34108352661133 365.4991760253906 -1.6888914108276367
51.86980056762695 361.52703857421875 -1.6888914108276367
51.39851760864258 357.5549011230469 -1.6888914108276367
50.9272346496582 353.582763671875 -1.6888914108276367
50.45595169067383 349.6106262207031 -1.6888914108276367
49.98466873168945 345.63848876953125 -1.6888914108276367
49.51338577270508 341.6663513183594 -1.6888914108276367
49.0421028137207 337.6942138671875 -1.6888914108276367
48.57081985473633 333.7220764160156 -1.6888914108276367
48.09953689575195 329.74993896484375 -1.6888914108276367
47.62825393676758 325.7778015136719 -1.6888914108276367
47.1569709777832 321.8056640625 -1.6888914108276367
46.68568801879883 317.8335266113281 -1.6888914108276367
46.21440505981445 313.86138916015625 -1.6888914108276367
45.74312210083008 309.8892517089844 -1.6888914108276367
45.74312210083008 309.8892517089844 -2.0888915061950684
43.7622184753418 306.4141845703125 -2.0888915061950684
41.781314849853516 302.9391174316406 -2.0888915061950684
39.800411224365234 299.46405029296875 -2.0888915061950684
37.81950759887695 295.9889831542969 -2.0888915061950684
35.83860397338867 292.513916015625 -2.0888915061950684
33.85770034790039 289.0388488769531 -2.0888915061950684
31.876794815063477 285.56378173828125 -2.0888915061950684
29.895889282226562 282.0887145996094 -2.0888915061950684
27.91498374938965 278.6136474609375 -2.0888915061950684
25.934078216552734 275.1385803222656 -2.0888915061950684
23.95317268371582 271.66351318359375 -2.0888915061950684
21.972267150878906 268.1884460449219 -2.0888915061950684
19.991361618041992 264.71337890625 -2.0888915061950684
18.010456085205078 261.2383117675781 -2.0888915061950684
18.010456085205078 261.2383117675781 -2.0888915061950684
18.010456085205078 261.2383117675781 -2.0888915061950684
18.010456085205078 261.2383117675781 -2.0888915061950684
18.010456085205078 261.2383117675781 -2.0888915061950684
18.010456085205078 261.2383117675781 -2.0888915061950684
18.010456085205078 261.2383117675781 -2.0888915061950684
18.010456085205078 261.2383117675781 -2.0888915061950684
18.010456085205078 261.2383117675781 -2.0888915061950684
18.010456085205078 261.2383117675781 -2.0888915061950684
18.010456085205078 261.2383117675781 -2.0888915061950684
