-392.4895397902662
-394.88757154356944
-397.19168379688307
-399.3995491193107
-401.5089453099255
-403.5178083370109
-403.5178083370109
-404.0940903381806
-404.5540430295478
-404.8972663442558
-405.1234789029041
-405.2324575161664
-405.2241264255132
-405.09849903416887
-404.8556774187989
-404.4958551130477
-404.01937862183854
-403.4266292552421
-402.7181167638679
-401.8944846338295
-400.9564199377528
-399.9047814764441
-398.7404869308724
-397.4645419607816
-397.4645419607816
-397.4645419607816
-393.768165313518
-390.0777794158948
-386.3935559181573
-382.71567278790945
-379.04431458776355
-375.379672766779
-371.7219459664198
-368.0713403418026
-364.4280698990428
-360.79235684955046
-357.1644319821704
-353.54453505410146
-349.9329152015804
-346.3298313713582
-342.7355527740471
-342.7355527740471
-338.7420842190686
-334.748771817902
-330.7556212264238
-326.76263837674213
-322.7698294942542
-318.7772011159812
-314.7847601102948
-310.79251369816063
-306.8004694760346
-302.80863544056587
-298.8170200152731
-294.825632079382
-290.8344809990288
-286.8435766610614
-282.8529295096911
-278.8625505862821
-274.8724515725932
-270.88264483782785
-266.89314348988876
-262.90396143128066
-258.9151134201606
-254.92661513709643
-250.93848325816495
-246.95073553510173
-242.96339299452333
-238.97647372073087
-234.9899992575848
-231.41310065285307
-227.82999207945102
-224.24674762639992
-220.6697117737283
-217.1054992585945
-213.56109857503657
-210.04377352238328
-206.13807769518965
-202.23608350732155
-198.3379938817886
-194.87917296256535
-191.03344163346898
-187.1941761130324
-183.36178254887363
-179.9569289694189
-176.68945358945584
-173.00903897669787
-169.34311973825206
-165.69265799929303
-162.05869832934212
-158.442376183501
-154.84492731210378
-151.2676982539586
-148.1160840867936
-144.66413768529793
-141.63532444253394
-138.3329997543019
-135.068399666948
-131.84432650911444
-128.6638269024298
-125.5302128979304
-122.44708417804772
-119.41835107594203
-116.4482580383788
-113.54140699821201
-110.70277992254425
-107.93775955850563
-105.25214710838515
-102.6521752318254
-100.14451440398767
-100.14451440398767
-99.18326940690889
-98.37539350942835
-98.37539350942835
-98.37539350942835
-98.37539350942835
-98.37539350942835
-98.37539350942835
-98.37539350942835
-98.37539350942835
-98.37539350942835
-98.37539350942835
-98.37539350942835
