-391.96765345292897
-393.706652487738
-395.2004331328317
-396.43497855782203
-397.39877809584834
-398.08293160666534
-398.48112755324115
-398.5897416922775
-398.40778276249756
-397.9369007403012
-397.18142527074883
-396.14828504045573
-394.84704487509805
-393.289881054635
-391.49145514806406
-388.8960475157181
-386.3246199445583
-383.7776544561028
-381.2556413050291
-378.7590789361369
-376.28847392493077
-373.8443409007504
-371.4272024513557
-369.0375890078475
-366.6760387087902
-364.34309724238796
-364.34309724238796
-360.9444372330886
-357.5582201878106
-354.1848029931092
-350.82455488703926
-347.47785792067356
-344.1451074352494
-344.1451074352494
-340.2172744016675
-336.2911427818704
-332.3667728704688
-328.44422781604777
-324.5235737902358
-320.6048801687989
-316.68821972575785
-312.77366884161853
-308.8613077269143
-304.95122066236996
-301.04349625712877
-297.1382277266239
-293.23551319183474
-289.33545600184397
-285.4381650818053
-281.54375530865093
-277.65234791710964
-273.76407093887707
-269.87905967808234
-265.9974572265344
-262.1194150226089
-258.2450934580636
-254.37466253754505
-250.5083025960866
-246.6462050804992
-242.78857340123622
-238.93562386207694
-235.08758667583655
-231.2447070752856
-227.4072465295619
-223.575484077606
-219.7497177915626
-215.93026638469092
-212.11747098014436
-208.3116970590413
-204.51333660859345
-200.7228104937217
-196.9405710786221
-193.16710512819134
-189.40293702314722
-185.6486323271449
-181.90480174927
-178.1721055510644
-174.45125845380042
-170.74303510915556
-167.04827620485827
-163.3678952863736
-159.7028863863802
-156.96424778741567
-154.13363498205484
-150.22896739622436
-146.32944999411083
-142.4355057726504
-138.54760464306509
-134.66627001012552
-130.79208646947106
-126.9257088462529
-123.06787284949122
-119.21940768080474
-119.21940768080474
-119.21940768080474
-119.21940768080474
-119.21940768080474
-119.21940768080474
-119.21940768080474
-119.21940768080474
-119.21940768080474
-119.21940768080474
-119.21940768080474
