-392.0395177258373
-393.86657534554297
-395.4669973548739
-396.828438955414
-397.94052249178816
-398.7948976856711
-399.38513804602604
-399.7068386412123
-399.75758489900096
-399.5370317638461
-399.04682618344634
-398.2905797837274
-397.27398467963883
-396.00467876920106
-394.4923099659724
-392.74843968640425
-390.3097184365042
-387.89691389452037
-385.5105126774552
-383.15100813361744
-380.8189002082381
-378.5146952904845
-376.23890604098386
-373.9920511989738
-371.77465536820426
-371.77465536820426
-368.4524425573526
-365.14382147860556
-361.849164966162
-358.56885795423744
-355.3032978846269
-352.0528951251021
-352.0528951251021
-348.1553079480491
-344.26007021336045
-340.36726258364956
-336.47696940286784
-332.5892789054723
-328.70428343977795
-324.8220797066079
-320.94276901445556
-317.06645755248
-313.1932566827761
-309.3232832534922
-305.4566599345139
-301.59351557759084
-297.7339856029608
-293.87821241471744
-290.02634584738627
-286.1785436464059
-282.3349719854772
-278.4958060240311
-274.6612305083874
-270.8314404205326
-267.0066416788386
-263.18705189548194
-259.3729011958087
-255.56443310542758
-251.7619055114149
-247.96559170467756
-244.1757815112615
-240.39278252121463
-236.6169214245272
-232.84854546469035
-229.08802402154348
-225.33575033633878
-221.59214339334895
-217.85764997389572
-214.13274690039964
-210.4179434899623
-206.7137842391057
-203.02085176363124
-199.33977002013754
-195.67120783856916
-192.01588279827257
-188.37456548342075
-184.74808415733955
-181.13732989922167
-177.54326225093342
-173.96691542606655
-170.40940513800544
-166.87193610847143
-163.3558103226294
-159.86243610119354
-156.3933380637606
-152.95016806043546
-149.5347171501568
-146.8948406779991
-143.33455556887557
-139.7980523472443
-136.28718236753622
-132.80397860352204
-130.11712041764267
-127.5211977526428
-127.5211977526428
-127.5211977526428
-127.5211977526428
-127.5211977526428
-127.5211977526428
-127.5211977526428
-127.5211977526428
-127.5211977526428
-127.5211977526428
-127.5211977526428
