60.263580322265625 450.180908203125 0.4175474941730499
60.574581146240234 450.2549133300781 0.04969680309295654
60.891387939453125 450.2121276855469 -0.31815388798713684
61.17161560058594 450.05828857421875 -0.6860045790672302
61.37777328491211 449.81396484375 -1.053855299949646
61.482276916503906 449.5118408203125 -1.421705961227417
61.47114181518555 449.1923522949219 -1.789556622505188
60.60306167602539 445.2876892089844 -1.789556622505188
59.734981536865234 441.3830261230469 -1.789556622505188
58.86690139770508 437.4783630371094 -1.789556622505188
57.99882125854492 433.5736999511719 -1.789556622505188
57.130741119384766 429.6690368652344 -1.789556622505188
56.26266098022461 425.7643737792969 -1.789556622505188
55.39458084106445 421.8597106933594 -1.789556622505188
54.5265007019043 417.9550476074219 -1.789556622505188
53.65842056274414 414.0503845214844 -1.789556622505188
52.790340423583984 410.1457214355469 -1.789556622505188
51.92226028442383 406.2410583496094 -1.789556622505188
51.05418014526367 402.3363952636719 -1.789556622505188
50.186100006103516 398.4317321777344 -1.789556622505188
49.31801986694336 394.5270690917969 -1.789556622505188
48.4499397277832 390.6224060058594 -1.789556622505188
47.58185958862305 386.7177429199219 -1.789556622505188
46.71377944946289 382.8130798339844 -1.789556622505188
45.845699310302734 378.9084167480469 -1.789556622505188
44.97761917114258 375.0037536621094 -1.789556622505188
44.10953903198242 371.0990905761719 -1.789556622505188
43.241458892822266 367.1944274902344 -1.789556622505188
42.37337875366211 363.2897644042969 -1.789556622505188
41.50529861450195 359.3851013183594 -1.789556622505188
40.6372184753418 355.4804382324219 -1.789556622505188
39.76913833618164 351.5757751464844 -1.789556622505188
38.901058197021484 347.6711120605469 -1.789556622505188
38.03297805786133 343.7664489746094 -1.789556622505188
37.16489791870117 339.8617858886719 -1.789556622505188
36.296817779541016 335.9571228027344 -1.789556622505188
35.42873764038086 332.0524597167969 -1.789556622505188
34.5606575012207 328.1477966308594 -1.789556622505188
33.69257736206055 324.2431335449219 -1.789556622505188
32.82449722290039 320.3384704589844 -1.789556622505188
31.956418991088867 316.4338073730469 -1.789556622505188
31.088340759277344 312.5291442871094 -1.789556622505188
30.22026252746582 308.6244812011719 -1.789556622505188
29.352184295654297 304.7198181152344 -1.789556622505188
28.484106063842773 300.8151550292969 -1.789556622505188
27.61602783203125 296.9104919433594 -1.789556622505188
26.747949600219727 293.0058288574219 -1.789556622505188
25.879871368408203 289.1011657714844 -1.789556622505188
25.01179313659668 285.1965026855469 -1.789556622505188
24.143714904785156 281.2918395996094 -1.789556622505188
23.275636672973633 277.3871765136719 -1.789556622505188
22.40755844116211 273.4825134277344 -1.789556622505188
21.539480209350586 269.5778503417969 -1.789556622505188
20.671401977539062 265.6731872558594 -1.789556622505188
20.671401977539062 265.6731872558594 -1.789556622505188
20.671401977539062 265.6731872558594 -1.789556622505188
20.671401977539062 265.6731872558594 -1.789556622505188
20.671401977539062 265.6731872558594 -1.789556622505188
20.671401977539062 265.6731872558594 -1.789556622505188
20.671401977539062 265.6731872558594 -1.789556622505188
20.671401977539062 265.6731872558594 -1.789556622505188
20.671401977539062 265.6731872558594 -1.789556622505188
20.671401977539062 265.6731872558594 -1.789556622505188
20.671401977539062 265.6731872558594 -1.789556622505188
