62.828426361083984 452.82843017578125 0.7853981852531433
65.65685272216797 455.6568603515625 0.7853981852531433
68.48528289794922 458.48529052734375 0.7853981852531433
71.31371307373047 461.313720703125 0.7853981852531433
74.14214324951172 464.14215087890625 0.7853981852531433
76.97057342529297 466.9705810546875 0.7853981852531433
79.79900360107422 469.79901123046875 0.7853981852531433
82.62743377685547 472.62744140625 0.7853981852531433
85.45586395263672 475.45587158203125 0.7853981852531433
88.28429412841797 478.2843017578125 0.7853981852531433
91.11272430419922 481.11273193359375 0.7853981852531433
93.94115447998047 483.941162109375 0.7853981852531433
96.76958465576172 486.76959228515625 0.7853981852531433
99.59801483154297 489.5980224609375 0.7853981852531433
102.42644500732422 492.42645263671875 0.7853981852531433
105.25487518310547 495.2548828125 0.7853981852531433
108.08330535888672 498.08331298828125 0.7853981852531433
110.91173553466797 500.9117431640625 0.7853981852531433
113.74016571044922 503.74017333984375 0.7853981852531433
116.56859588623047 506.568603515625 0.7853981852531433
119.39702606201172 509.39703369140625 0.7853981852531433
122.22545623779297 512.2254638671875 0.7853981852531433
125.05388641357422 515.0538940429688 0.7853981852531433
127.88231658935547 517.88232421875 0.7853981852531433
130.7107391357422 520.7107543945312 0.7853981852531433
133.53916931152344 523.5391845703125 0.7853981852531433
136.3675994873047 526.3676147460938 0.7853981852531433
139.19602966308594 529.196044921875 0.7853981852531433
142.0244598388672 532.0244750976562 0.7853981852531433
144.85289001464844 534.8529052734375 0.7853981852531433
147.6813201904297 537.6813354492188 0.7853981852531433
150.50975036621094 540.509765625 0.7853981852531433
153.3381805419922 543.3381958007812 0.7853981852531433
153.3381805419922 543.3381958007812 0.38539817929267883
157.04476928710938 544.8419189453125 0.38539817929267883
160.75135803222656 546.3456420898438 0.38539817929267883
160.75135803222656 546.3456420898438 -0.014601826667785645
164.7509307861328 546.2872314453125 -0.014601826667785645
168.75050354003906 546.2288208007812 -0.014601826667785645
172.7500762939453 546.17041015625 -0.014601826667785645
176.74964904785156 546.1119995117188 -0.014601826667785645
180.7492218017578 546.0535888671875 -0.014601826667785645
180.7492218017578 546.0535888671875 -0.4146018326282501
184.4103240966797 544.4422607421875 -0.4146018326282501
188.07142639160156 542.8309326171875 -0.4146018326282501
191.73252868652344 541.2196044921875 -0.4146018326282501
195.3936309814453 539.6082763671875 -0.4146018326282501
199.0547332763672 537.9969482421875 -0.4146018326282501
202.71583557128906 536.3856201171875 -0.4146018326282501
206.37693786621094 534.7742919921875 -0.4146018326282501
210.0380401611328 533.1629638671875 -0.4146018326282501
213.6991424560547 531.5516357421875 -0.4146018326282501
217.36024475097656 529.9403076171875 -0.4146018326282501
221.02134704589844 528.3289794921875 -0.4146018326282501
224.6824493408203 526.7176513671875 -0.4146018326282501
224.6824493408203 526.7176513671875 -0.8146018385887146
227.4270782470703 523.807861328125 -0.8146018385887146
230.1717071533203 520.8980712890625 -0.8146018385887146
232.9163360595703 517.98828125 -0.8146018385887146
235.6609649658203 515.0784912109375 -0.8146018385887146
238.4055938720703 512.168701171875 -0.8146018385887146
241.1502227783203 509.2588806152344 -0.8146018385887146
243.8948516845703 506.34906005859375 -0.8146018385887146
246.6394805908203 503.4392395019531 -0.8146018385887146
249.3841094970703 500.5294189453125 -0.8146018385887146
252.1287384033203 497.6195983886719 -0.8146018385887146
254.8733673095703 494.70977783203125 -0.8146018385887146
257.6180114746094 491.7999572753906 -0.8146018385887146
260.3626403808594 488.89013671875 -0.8146018385887146
263.1072692871094 485.9803161621094 -0.8146018385887146
265.8518981933594 483.07049560546875 -0.8146018385887146
268.5965270996094 480.1606750488281 -0.8146018385887146
271.3411560058594 477.2508544921875 -0.8146018385887146
274.0857849121094 474.3410339355469 -0.8146018385887146
276.8304138183594 471.43121337890625 -0.8146018385887146
279.5750427246094 468.5213928222656 -0.8146018385887146
282.3196716308594 465.611572265625 -0.8146018385887146
285.0643005371094 462.7017517089844 -0.8146018385887146
287.8089294433594 459.79193115234375 -0.8146018385887146
290.5535583496094 456.8821105957031 -0.8146018385887146
293.2981872558594 453.9722900390625 -0.8146018385887146
296.0428161621094 451.0624694824219 -0.8146018385887146
298.7874450683594 448.15264892578125 -0.8146018385887146
301.5320739746094 445.2428283691406 -0.8146018385887146
304.2767028808594 442.3330078125 -0.8146018385887146
307.0213317871094 439.4231872558594 -0.8146018385887146
309.7659606933594 436.51336669921875 -0.8146018385887146
312.5105895996094 433.6035461425781 -0.8146018385887146
315.2552185058594 430.6937255859375 -0.8146018385887146
317.9998474121094 427.7839050292969 -0.8146018385887146
320.7444763183594 424.87408447265625 -0.8146018385887146
323.4891052246094 421.9642639160156 -0.8146018385887146
326.2337341308594 419.054443359375 -0.8146018385887146
328.9783630371094 416.1446228027344 -0.8146018385887146
328.9783630371094 416.1446228027344 -0.4146018326282501
328.9783630371094 416.1446228027344 -0.014601826667785645
328.9783630371094 416.1446228027344 0.38539817929267883
328.9783630371094 416.1446228027344 0.7853981852531433
328.9783630371094 416.1446228027344 1.1853982210159302
330.4820861816406 419.8512268066406 1.1853982210159302
331.9858093261719 423.5578308105469 1.1853982210159302
333.4895324707031 427.2644348144531 1.1853982210159302
334.9932556152344 430.9710388183594 1.1853982210159302
336.4969787597656 434.6776428222656 1.1853982210159302
338.0007019042969 438.3842468261719 1.1853982210159302
339.5044250488281 442.0908508300781 1.1853982210159302
341.0081481933594 445.7974548339844 1.1853982210159302
342.5118713378906 449.5040588378906 1.1853982210159302
344.0155944824219 453.2106628417969 1.1853982210159302
345.5193176269531 456.9172668457031 1.1853982210159302
347.0230407714844 460.6238708496094 1.1853982210159302
348.5267639160156 464.3304748535156 1.1853982210159302
350.0304870605469 468.0370788574219 1.1853982210159302
351.5342102050781 471.7436828613281 1.1853982210159302
353.0379333496094 475.4502868652344 1.1853982210159302
354.5416564941406 479.1568908691406 1.1853982210159302
356.0453796386719 482.8634948730469 1.1853982210159302
357.5491027832031 486.5700988769531 1.1853982210159302
359.0528259277344 490.2767028808594 1.1853982210159302
360.5565490722656 493.9833068847656 1.1853982210159302
362.0602722167969 497.6899108886719 1.1853982210159302
363.5639953613281 501.3965148925781 1.1853982210159302
365.0677185058594 505.1031188964844 1.1853982210159302
366.5714416503906 508.8097229003906 1.1853982210159302
368.0751647949219 512.5162963867188 1.1853982210159302
369.5788879394531 516.222900390625 1.1853982210159302
371.0826110839844 519.9295043945312 1.1853982210159302
372.5863342285156 523.6361083984375 1.1853982210159302
374.0900573730469 527.3427124023438 1.1853982210159302
375.5937805175781 531.04931640625 1.1853982210159302
375.5937805175781 531.04931640625 0.7853982448577881
378.4222106933594 533.8777465820312 0.7853982448577881
381.2506408691406 536.7061767578125 0.7853982448577881
384.0790710449219 539.5346069335938 0.7853982448577881
386.9075012207031 542.363037109375 0.7853982448577881
386.9075012207031 542.363037109375 0.3853982388973236
390.6141052246094 543.8667602539062 0.3853982388973236
394.3207092285156 545.3704833984375 0.3853982388973236
398.0273132324219 546.8742065429688 0.3853982388973236
401.7339172363281 548.3779296875 0.3853982388973236
405.4405212402344 549.8816528320312 0.3853982388973236
409.1471252441406 551.3853759765625 0.3853982388973236
412.8537292480469 552.8890991210938 0.3853982388973236
416.5603332519531 554.392822265625 0.3853982388973236
420.2669372558594 555.8965454101562 0.3853982388973236
423.9735412597656 557.4002685546875 0.3853982388973236
427.6801452636719 558.9039916992188 0.3853982388973236
431.3867492675781 560.40771484375 0.3853982388973236
435.0933532714844 561.9114379882812 0.3853982388973236
438.7999572753906 563.4151611328125 0.3853982388973236
438.7999572753906 563.4151611328125 -0.01460176706314087
442.7995300292969 563.3567504882812 -0.01460176706314087
446.7991027832031 563.29833984375 -0.01460176706314087
450.7986755371094 563.2399291992188 -0.01460176706314087
454.7982482910156 563.1815185546875 -0.01460176706314087
458.7978210449219 563.1231079101562 -0.01460176706314087
462.7973937988281 563.064697265625 -0.01460176706314087
466.7969665527344 563.0062866210938 -0.01460176706314087
470.7965393066406 562.9478759765625 -0.01460176706314087
474.7961120605469 562.8894653320312 -0.01460176706314087
478.7956848144531 562.8310546875 -0.01460176706314087
482.7952575683594 562.7726440429688 -0.01460176706314087
486.7948303222656 562.7142333984375 -0.01460176706314087
490.7944030761719 562.6558227539062 -0.01460176706314087
494.7939758300781 562.597412109375 -0.01460176706314087
498.7935485839844 562.5390014648438 -0.01460176706314087
502.7931213378906 562.4805908203125 -0.01460176706314087
506.7926940917969 562.4221801757812 -0.01460176706314087
510.7922668457031 562.36376953125 -0.01460176706314087
514.7918701171875 562.3053588867188 -0.01460176706314087
518.7914428710938 562.2469482421875 -0.01460176706314087
522.791015625 562.1885375976562 -0.01460176706314087
522.791015625 562.1885375976562 -0.41460177302360535
526.4521484375 560.5772094726562 -0.41460177302360535
530.11328125 558.9658813476562 -0.41460177302360535
530.11328125 558.9658813476562 -0.8146017789840698
532.85791015625 556.0560913085938 -0.8146017789840698
535.6025390625 553.1463012695312 -0.8146017789840698
538.34716796875 550.2365112304688 -0.8146017789840698
541.091796875 547.3267211914062 -0.8146017789840698
543.83642578125 544.4169311523438 -0.8146017789840698
543.83642578125 544.4169311523438 -1.214601755142212
545.2312622070312 540.6680297851562 -1.214601755142212
546.6260986328125 536.9191284179688 -1.214601755142212
548.0209350585938 533.1702270507812 -1.214601755142212
549.415771484375 529.4213256835938 -1.214601755142212
550.8106079101562 525.6724243164062 -1.214601755142212
552.2054443359375 521.9235229492188 -1.214601755142212
553.6002807617188 518.1746215820312 -1.214601755142212
554.9951171875 514.4257202148438 -1.214601755142212
556.3899536132812 510.6767883300781 -1.214601755142212
557.7847900390625 506.9278564453125 -1.214601755142212
559.1796264648438 503.1789245605469 -1.214601755142212
560.574462890625 499.42999267578125 -1.214601755142212
560.574462890625 499.42999267578125 -1.614601731300354
560.3992919921875 495.433837890625 -1.614601731300354
560.22412109375 491.43768310546875 -1.614601731300354
560.22412109375 491.43768310546875 -2.014601707458496
558.506591796875 487.8251953125 -2.014601707458496
556.7890625 484.21270751953125 -2.014601707458496
555.071533203125 480.6002197265625 -2.014601707458496
553.35400390625 476.98773193359375 -2.014601707458496
551.636474609375 473.375244140625 -2.014601707458496
549.9189453125 469.76275634765625 -2.014601707458496
548.201416015625 466.1502685546875 -2.014601707458496
546.48388671875 462.53778076171875 -2.014601707458496
544.766357421875 458.92529296875 -2.014601707458496
544.766357421875 458.92529296875 -2.4146018028259277
541.7776489257812 456.26678466796875 -2.4146018028259277
538.7889404296875 453.6082763671875 -2.4146018028259277
535.8002319335938 450.94976806640625 -2.4146018028259277
532.8115234375 448.291259765625 -2.4146018028259277
529.8228149414062 445.63275146484375 -2.4146018028259277
526.8341064453125 442.9742431640625 -2.4146018028259277
523.8453979492188 440.31573486328125 -2.4146018028259277
520.856689453125 437.6572265625 -2.4146018028259277
517.8679809570312 434.99871826171875 -2.4146018028259277
514.8792724609375 432.3402099609375 -2.4146018028259277
511.89056396484375 429.68170166015625 -2.4146018028259277
508.90185546875 427.023193359375 -2.4146018028259277
505.91314697265625 424.36468505859375 -2.4146018028259277
502.9244384765625 421.7061767578125 -2.4146018028259277
499.93572998046875 419.04766845703125 -2.4146018028259277
496.947021484375 416.38916015625 -2.4146018028259277
493.95831298828125 413.73065185546875 -2.4146018028259277
490.9696044921875 411.0721435546875 -2.4146018028259277
487.98089599609375 408.41363525390625 -2.4146018028259277
484.9921875 405.755126953125 -2.4146018028259277
482.00347900390625 403.09661865234375 -2.4146018028259277
479.0147705078125 400.4381103515625 -2.4146018028259277
479.0147705078125 400.4381103515625 -2.8146018981933594
475.2267150878906 399.1533203125 -2.8146018981933594
471.43865966796875 397.8685302734375 -2.8146018981933594
467.6506042480469 396.583740234375 -2.8146018981933594
463.862548828125 395.2989501953125 -2.8146018981933594
460.0744934082031 394.01416015625 -2.8146018981933594
456.28643798828125 392.7293701171875 -2.8146018981933594
452.4983825683594 391.444580078125 -2.8146018981933594
448.7103271484375 390.1597900390625 -2.8146018981933594
444.9222717285156 388.875 -2.8146018981933594
441.13421630859375 387.5902099609375 -2.8146018981933594
437.3461608886719 386.305419921875 -2.8146018981933594
433.55810546875 385.0206298828125 -2.8146018981933594
429.7700500488281 383.73583984375 -2.8146018981933594
425.98199462890625 382.4510498046875 -2.8146018981933594
422.1939392089844 381.166259765625 -2.8146018981933594
418.4058837890625 379.8814697265625 -2.8146018981933594
414.6178283691406 378.5966796875 -2.8146018981933594
410.82977294921875 377.3118896484375 -2.8146018981933594
407.0417175292969 376.027099609375 -2.8146018981933594
403.253662109375 374.7423095703125 -2.8146018981933594
399.4656066894531 373.45751953125 -2.8146018981933594
395.67755126953125 372.1727294921875 -2.8146018981933594
391.8894958496094 370.887939453125 -2.8146018981933594
388.1014404296875 369.6031494140625 -2.8146018981933594
384.3133850097656 368.318359375 -2.8146018981933594
380.52532958984375 367.0335693359375 -2.8146018981933594
376.7372741699219 365.748779296875 -2.8146018981933594
372.94921875 364.4639892578125 -2.8146018981933594
369.1611633300781 363.17919921875 -2.8146018981933594
365.37310791015625 361.8944091796875 -2.8146018981933594
361.5850524902344 360.609619140625 -2.8146018981933594
357.7969970703125 359.3248291015625 -2.8146018981933594
354.0089416503906 358.0400390625 -2.8146018981933594
350.22088623046875 356.7552490234375 -2.8146018981933594
346.4328308105469 355.470458984375 -2.8146018981933594
342.644775390625 354.1856689453125 -2.8146018981933594
338.8567199707031 352.90087890625 -2.8146018981933594
335.06866455078125 351.6160888671875 -2.8146018981933594
331.2806091308594 350.331298828125 -2.8146018981933594
327.4925537109375 349.0465087890625 -2.8146018981933594
323.7044982910156 347.76171875 -2.8146018981933594
319.91644287109375 346.4769287109375 -2.8146018981933594
316.1283874511719 345.192138671875 -2.8146018981933594
312.34033203125 343.9073486328125 -2.8146018981933594
308.5522766113281 342.62255859375 -2.8146018981933594
304.76422119140625 341.3377685546875 -2.8146018981933594
300.9761657714844 340.052978515625 -2.8146018981933594
297.1881103515625 338.7681884765625 -2.8146018981933594
293.4000549316406 337.4833984375 -2.8146018981933594
289.61199951171875 336.1986083984375 -2.8146018981933594
289.61199951171875 336.1986083984375 -2.4146018028259277
286.623291015625 333.54010009765625 -2.4146018028259277
283.63458251953125 330.881591796875 -2.4146018028259277
280.6458740234375 328.22308349609375 -2.4146018028259277
277.65716552734375 325.5645751953125 -2.4146018028259277
274.66845703125 322.90606689453125 -2.4146018028259277
271.67974853515625 320.24755859375 -2.4146018028259277
271.67974853515625 320.24755859375 -2.014601707458496
269.96221923828125 316.63507080078125 -2.014601707458496
268.24468994140625 313.0225830078125 -2.014601707458496
266.52716064453125 309.41009521484375 -2.014601707458496
264.80963134765625 305.797607421875 -2.014601707458496
263.09210205078125 302.18511962890625 -2.014601707458496
261.37457275390625 298.5726318359375 -2.014601707458496
259.65704345703125 294.96014404296875 -2.014601707458496
257.93951416015625 291.34765625 -2.014601707458496
256.22198486328125 287.73516845703125 -2.014601707458496
254.5044708251953 284.1226806640625 -2.014601707458496
252.78695678710938 280.51019287109375 -2.014601707458496
251.06944274902344 276.897705078125 -2.014601707458496
249.3519287109375 273.28521728515625 -2.014601707458496
247.63441467285156 269.6727294921875 -2.014601707458496
245.91690063476562 266.06024169921875 -2.014601707458496
244.1993865966797 262.44775390625 -2.014601707458496
242.48187255859375 258.83526611328125 -2.014601707458496
240.7643585205078 255.22276306152344 -2.014601707458496
239.04684448242188 251.61026000976562 -2.014601707458496
237.32933044433594 247.9977569580078 -2.014601707458496
235.61181640625 244.38525390625 -2.014601707458496
233.89430236816406 240.7727508544922 -2.014601707458496
232.17678833007812 237.16024780273438 -2.014601707458496
230.4592742919922 233.54774475097656 -2.014601707458496
228.74176025390625 229.93524169921875 -2.014601707458496
227.0242462158203 226.32273864746094 -2.014601707458496
225.30673217773438 222.71023559570312 -2.014601707458496
223.58921813964844 219.0977325439453 -2.014601707458496
221.8717041015625 215.4852294921875 -2.014601707458496
220.15419006347656 211.8727264404297 -2.014601707458496
218.43667602539062 208.26022338867188 -2.014601707458496
216.7191619873047 204.64772033691406 -2.014601707458496
215.00164794921875 201.03521728515625 -2.014601707458496
213.2841339111328 197.42271423339844 -2.014601707458496
211.56661987304688 193.81021118164062 -2.014601707458496
209.84910583496094 190.1977081298828 -2.014601707458496
208.131591796875 186.585205078125 -2.014601707458496
206.41407775878906 182.9727020263672 -2.014601707458496
204.69656372070312 179.36019897460938 -2.014601707458496
202.9790496826172 175.74769592285156 -2.014601707458496
201.26153564453125 172.13519287109375 -2.014601707458496
199.5440216064453 168.52268981933594 -2.014601707458496
197.82650756835938 164.91018676757812 -2.014601707458496
196.10899353027344 161.2976837158203 -2.014601707458496
194.3914794921875 157.6851806640625 -2.014601707458496
194.3914794921875 157.6851806640625 -2.014601707458496
194.3914794921875 157.6851806640625 -2.014601707458496
194.3914794921875 157.6851806640625 -2.014601707458496
194.3914794921875 157.6851806640625 -2.014601707458496
194.3914794921875 157.6851806640625 -2.014601707458496
194.3914794921875 157.6851806640625 -2.014601707458496
194.3914794921875 157.6851806640625 -2.014601707458496
194.3914794921875 157.6851806640625 -2.014601707458496
194.3914794921875 157.6851806640625 -2.014601707458496
194.3914794921875 157.6851806640625 -2.014601707458496
