-392.83861260070745
-395.6972973447963
-398.57562242630917
-401.47316538979356
-404.3895131339564
-407.324261745324
-410.2770163548833
-413.2473909909103
-416.23500842860443
-419.2395000371072
-422.2605056244355
-425.29767328082255
-428.3506592209188
-431.41912762526795
-434.50275048143925
-437.6012074251642
-440.7141855817944
-443.8413794083695
-446.9824905365546
-450.1372276166848
-453.3053061631269
-456.4864484011485
-459.6803831154639
-462.8868455006061
-466.1055758558366
-469.33632403122084
-472.57884245426635
-475.8328905033011
-479.0982332497959
-482.3746413219317
-485.6618907706118
-488.9597629379602
-492.2680443283353
-492.2680443283353
-494.45866724384683
-496.67184309674764
-496.67184309674764
-497.44148295785317
-498.2420478015984
-499.0733888074848
-499.9353524427711
-500.82778059568847
-500.82778059568847
-500.1622064239185
-499.5277767551695
-498.9246103989691
-498.35282087116184
-497.81251629042646
-497.30379927892017
-496.82676686725677
-496.38151040401885
-495.968115469996
-495.58666179733297
-495.23722319376344
-494.89653494520144
-494.89653494520144
-493.0040279837699
-491.1368065335556
-489.29516007420244
-487.4793784647738
-485.68972340070394
-483.92651361961003
-482.1900392265867
-480.48059008972683
-478.7984556730892
-477.143924864633
-475.5172857992085
-473.91882567671223
-472.34882413501475
-470.80757216422376
-469.29535302100845
-467.81244825416707
-466.359137500816
-464.93569827875655
-463.54240577525087
-462.17953263246346
-460.8473487298369
-459.54612096369607
-458.2761130243891
-457.03758517129404
-455.8307940060386
-454.65599224429667
-453.51342848654303
-452.40334698816525
-451.3259874293438
-450.28158468513095
-449.2703685961671
-448.2925637404902
-447.3483892069018
-446.43805837036393
-445.5617786699099
-444.7197513895573
-443.9121714427169
-443.1392271605946
-442.40110008508407
-442.40110008508407
-442.40110008508407
-442.40110008508407
-442.40110008508407
-442.40110008508407
-446.27973407654434
-450.1604919863598
-454.0433193544462
-457.92816353925826
-461.8149736436698
-465.70370044439323
-469.5942963247431
-473.4867152105663
-477.38091250916705
-481.2768450510683
-485.17447103445863
-489.07374997218506
-492.9746426411563
-496.8771110340343
-500.7811183130931
-504.68662876613644
-508.59360776436796
-512.502021722115
-516.4118380583143
-520.3230251596693
-524.2355523453983
-528.1493898334937
-532.0645087084182
-535.9808808901685
-539.8984791046399
-543.8172768552296
-547.7372483956184
-551.6583938186621
-555.5806637355109
-559.5040344971763
-563.4284831068323
-567.3539871977077
-571.2805250118626
-571.2805250118626
-575.1943335816128
-579.1093201502483
-583.0254609871603
-586.9427329881676
-586.9427329881676
-590.2415204671369
-593.5489308508577
-596.8648207928957
-600.1890497511392
-603.5214799303468
-606.8619762256959
-610.2104061673308
-613.5666398659082
-616.9305499591376
-620.3020115593109
-623.6809022018164
-627.0671017946296
-630.4604925687744
-633.8609590297445
-633.8609590297445
-636.1865181242405
-638.5286652804999
-640.8872186334066
-643.2619977204829
-645.6528235018756
-648.0595183788731
-650.4819062109914
-652.9198123316738
-655.3730635626448
-657.8414882269587
-660.3249161607856
-662.8231787239735
-665.3361088094283
-667.8635408513521
-670.4053108323762
-672.9612562896318
-675.5312163197931
-678.1150110118415
-680.7125029626077
-680.7125029626077
-681.9395728878478
-683.1878586254312
-684.4572440977183
-684.4572440977183
-684.1719745769386
-683.909981339138
-683.671291143794
-683.4559284059753
-683.4559284059753
-681.7221332478583
-680.0074468669746
-678.3120141770054
-676.6359799086835
-674.9794885660573
-673.3426843818845
-671.7257112721694
-670.1287127898604
-668.551832077725
-666.9952118204175
-665.4589941957643
-663.9433208252847
-663.9433208252847
-661.1196879061122
-658.3082485341748
-655.5091596016642
-655.5091596016642
-651.8234842308473
-648.1415361692029
-644.4633793013209
-640.7890789120498
-637.1187017229988
-633.4523159301077
-629.7899912423233
-626.1317989214135
-626.1317989214135
-622.1324197839979
-618.1330488050788
-614.1336861440461
-610.1343319644682
-606.1349864342302
-602.1356497256771
-598.1363220157631
-594.1370034862063
-590.1376943236504
-586.138394719833
-582.1391284596177
-578.1398721627033
-574.1406260372919
-570.1413902974272
-566.1421651631997
-562.1429508609632
-558.1437476235579
-554.144555690545
-550.1453753084506
-546.1462067310215
-542.14705021949
-538.1479060428534
-534.1487744781638
-530.1496558108322
-526.1505503349458
-526.1505503349458
-522.4364054910519
-518.7265118302422
-515.0209612212352
-511.3198480867282
-507.62326948844606
-503.9313252154101
-500.2441178755571
-496.56175299084833
-492.88433909600866
-489.2119878410477
-485.5448140977149
-481.88293607005295
-478.2264754092145
-474.5755573327185
-470.930310748327
-467.2908683827304
-467.2908683827304
-463.2926518679256
-459.29446617322367
-455.2963121105651
-451.2981905206565
-447.3001022742554
-443.30204827352526
-439.3040294534635
-435.3060467834086
-431.30810126863105
-427.3101939520133
-423.3123259158252
-419.31449828360024
-415.3167122221208
-415.3167122221208
-411.6898466687923
-408.06995525016373
-404.4572252217564
-400.85185021253125
-397.2540304793038
-393.66397317230945
-390.08189261241154
-386.5080105804642
-382.94255661935847
-379.385768349299
-375.8378917968762
-372.2991817385152
-368.7699020588998
-365.2503261249854
-361.7407371762281
-358.2414287316707
-354.75270501453764
-351.27488139499735
-347.80828485175914
-344.35325445317125
-340.9101418584868
-337.4793118399582
-334.06114282640686
-334.06114282640686
-330.1061476029161
-326.15224973253595
-322.19948961404907
-318.24790964139254
-314.2975543275531
-310.34847043774744
-306.4007071327033
-302.45430629946935
-298.50933223952654
-294.5658422770792
-290.62389682550946
-286.6835595966498
-282.7448978271572
-278.8079825236277
-278.8079825236277
-274.90658509679196
-271.0080623721131
-267.1125402189455
-263.22015185804383
-259.3310383979302
-259.3310383979302
-256.1284831372906
-252.94863585771918
-249.79236377592446
-246.6605718992349
-243.5542045807515
-240.4742471007625
-237.42172726775806
-234.39771703099814
-231.4033340950237
-228.4397435247499
-228.4397435247499
-226.80674430853267
-225.2329508180717
-223.71961253496056
-222.26796431237463
-220.87922246000957
-219.55458068031044
-218.29520587743716
-217.10223386376194
-217.10223386376194
-217.56153053088792
-218.0932350683174
-218.0932350683174
-220.18471467932397
-222.32849124769342
-224.52306676318474
-226.76696638449076
-229.05872729891968
-231.39694009472788
-233.78021097482022
-236.20717606898813
-238.67650247639924
-241.1868890861885
-243.73706719456177
-246.32580093641306
-246.32580093641306
-249.91509241160165
-253.5166793580642
-257.13004511314085
-260.75470000852965
-264.3901797395223
-268.0360438417969
-271.691874268504
-275.3572740608275
-279.0318661056348
-282.7152919742444
-286.4072108367347
-290.1072984465911
-293.81524619084576
-297.53076020119545
-301.2535605218989
-304.983380330548
-308.7199652080833
-312.46307245468023
-316.21247044837355
-319.96793804350835
-323.72926400631667
-327.4962464851081
-331.2686925127457
-335.0464175392412
-338.8292449924611
-342.6170058650753
-346.40953832601525
-350.2066873548293
-354.00830439743845
-357.81424704190005
-361.6243787128855
-365.43856838366855
-369.25669030450365
-373.0786237463534
-376.90425275899497
-380.73346594260096
-384.56615623195603
-388.4022206925224
-392.241560327626
-396.0840798960804
-399.9296877396135
-403.77829561950335
-407.6298185618705
-411.48417471110844
-415.3412851909701
-419.2010739728581
-423.0634677508975
-426.92839582339553
-430.7957899803191
-434.6655843964446
-438.5377155298554
-442.41212202548445
-446.28874462341764
-450.1675260716906
-454.0484110433297
-457.9313460574029
-461.8162794038593
-465.70313117596606
-469.59188286564665
-473.48248766035243
-477.37490025167534
-481.2690767762735
-485.1649747595191
-489.06255306172386
-492.9617718268088
-496.8625924332908
-500.7649774474675
-504.66889057868764
-508.57429663660025
-512.4811614902839
-516.3894520291606
-520.2991361256056
-524.2101825991697
-528.1225611823326
-528.1225611823326
-528.1225611823326
-526.578893038984
-525.2925613331256
-524.2751883176363
-525.4131507150967
-524.6518444120314
-525.4587145708558
-526.294749877385
-525.7718991848093
-525.7718991848093
-524.6861454069461
-523.6286970592358
-522.5997259645886
-521.5994006562214
-520.6278862526975
-519.6853443337905
-518.7719328173655
-517.8878058374769
-517.0331136238793
-516.2080023831543
-515.4126141816536
-514.6470868304625
-513.9115537725859
-513.2061439725575
-512.5309818086762
-511.88618696806606
-511.2718743447584
-510.68815394098874
-510.1351307719003
-510.1351307719003
-508.1080492488536
-506.1044632766326
-504.12465299648125
-502.16889961681045
-502.16889961681045
-499.02334049572534
-495.8900937905353
-492.76939436472514
-489.66148211646083
-486.5666020775769
-486.5666020775769
-482.73348615517926
-478.9031000279293
-475.07550972430033
-471.25078336896297
-467.42899126448435
-463.61020597676685
-459.7945024244217
-455.98195797228374
-452.17265252928354
-448.36666865090837
-444.5640916464951
-440.76500969161316
-436.96951394580947
-433.17769867600606
-429.3896613858549
-425.6055029513741
-421.8253277632102
-418.0492438758884
-414.2773630322206
-410.5098012119644
-406.74667843225296
-402.98811904903926
-399.2342519475534
-399.2342519475534
-395.238453253501
-391.2427405233395
-387.24711641805965
-383.25158370956177
-379.2561452864911
-375.26080416044624
-371.26556347258673
-367.2704265006724
-363.2753966665649
-359.28047739618194
-355.28567272131653
-351.2909863972378
-347.29642250784286
-343.30198532697676
-339.30767932959793
-335.31350920373995
-331.31947986333654
-327.325596461983
-323.3318644077164
-319.33828937890104
-315.3448773413188
-311.35163456657165
-307.3585676519143
-303.36568354165024
-299.3729895502345
-295.3804933872459
-291.38820318440605
-287.3961275248441
-283.4042754748277
-279.41265661820603
-275.4212810938379
-271.4301596363124
-267.4393036203039
-263.4487251089442
-259.4584369066437
-255.46845261684558
-251.4787867052567
-247.48945456917227
-243.50047261358782
-239.5118583348865
-235.52363041299427
-231.5358088130183
-227.5484148975252
-223.56147155077917
-219.57500331645056
-215.58903655052725
-211.6035995914194
-207.61872294955185
-203.6344395190943
-199.6507848148973
-195.66779723819923
-191.6855183752532
-187.70399333372183
-183.72327112251756
-179.74340508176144
-175.76445337072602
-171.78647952306937
-167.80955308040603
-163.8337503173786
-159.859155073973
-155.88585971398373
-151.91396623242693
-147.94358753951434
-143.97484895478377
-140.0078899524578
-136.0428662084937
-132.07995201165306
-128.11934311599828
-124.16126013151234
-120.20595257436764
-116.25370373056091
-112.30483652866786
-108.35972067278713
-104.41878153897603
-100.48251041647154
-96.55147823218545
-92.62635200500995
-88.70791571446036
-84.79709678263491
-80.89499998662008
-77.00295131109543
-73.12255524880516
-69.25577051280386
-65.4050188171117
-61.57329932899467
-57.76439959608235
-53.98315012835433
-50.235795022191766
-46.530524087845315
-42.8782486689242
-39.29374902685296
-35.79739072758204
-32.41770534550073
-29.19523974004834
-26.188096413003176
-23.479155236959933
-21.18313088739333
-19.44683275986793
-18.429149227101313
-18.250691380715615
-18.935204189360277
-20.395985063013953
-22.48222593223124
-25.038066742949127
-27.934908569031343
-27.934908569031343
-31.767510328619394
-35.63692347391674
-39.53234022140246
-43.446766721629466
-43.446766721629466
-47.371883383754316
-51.308567616816724
-55.254347025912764
-59.207403240098635
-59.207403240098635
-59.207403240098635
-59.207403240098635
-59.207403240098635
-59.207403240098635
-59.207403240098635
-59.207403240098635
-59.207403240098635
-59.207403240098635
-59.207403240098635
