-392.83861260070745
-395.6972973447963
-398.57562242630917
-401.47316538979356
-404.3895131339564
-407.324261745324
-410.2770163548833
-413.2473909909103
-416.23500842860443
-419.2395000371072
-422.2605056244355
-425.29767328082255
-428.3506592209188
-431.41912762526795
-434.50275048143925
-437.6012074251642
-440.7141855817944
-443.8413794083695
-446.9824905365546
-450.1372276166848
-453.3053061631269
-456.4864484011485
-459.6803831154639
-462.8868455006061
-466.1055758558366
-469.33632403122084
-472.57884245426635
-475.8328905033011
-479.0982332497959
-482.3746413219317
-483.127858740318
-485.61439935026465
-488.12105252897373
-490.64751001918796
-491.17935465519207
-492.7231549315155
-494.2945036139422
-494.561011383673
-495.0294235878943
-495.529682606677
-496.0616920911905
-496.62535000346685
-496.62365003149336
-496.0470158888461
-495.50200209062757
-494.98871308483064
-494.5072476606369
-494.0576988554934
-493.64015386700225
-493.2546939698143
-492.9013944377089
-492.58032447103074
-492.3510763448585
-490.9173926184535
-489.51219615840915
-488.13573298369045
-486.7882468367416
-485.46997900634403
-484.18113970722567
-482.92199339838635
-481.6927729325712
-480.4937079827199
-479.3250248572594
-478.8844673854674
-476.6818148357647
-474.5026576345922
-472.34732096687173
-470.2161387941594
-468.109428234321
-466.02752755213385
-463.9707707237214
-461.9394936035351
-459.93403378151316
-459.24531223790973
-458.3363307822501
-454.7863083352113
-451.24381473331414
-447.70902869234965
-444.18213422186477
-440.66332080490224
-437.15278358416936
-433.65072355484546
-432.68158093914263
-428.7713196346754
-424.86272900098004
-420.9558555747783
-417.0507476157561
-413.14745518599375
-412.11514389911497
-411.1056312990138
-410.2072766225281
-407.0759727021204
-403.9600120019653
-400.8597446673869
-400.1076716271983
-399.6233587079222
-399.4477007153106
-399.5888198627724
-400.73600109100516
-401.9197184684534
-403.13965015782736
-404.395468418297
-405.68683998546965
-407.01342644905725
-408.3748846274364
-409.7708669383485
-411.20102176502826
-412.6649938170969
-413.1868331088819
-415.70586127481533
-416.47240622845396
-419.80641141402486
-423.15195986191407
-426.5087799350567
-428.05334725313463
-429.15053501414485
-430.26543469754296
-431.30438920616376
-432.1850080552392
-432.83594086024857
-434.69484598321617
-436.58248550419125
-438.49848833754555
-440.442484327134
-442.41410446193134
-442.7907244716596
-443.7019667996693
-444.6473264079481
-445.6265861656614
-446.63952309403913
-446.7567049554766
-446.5710075424578
-445.301247080964
-444.8037743290562
-444.04448560057983
-443.0847151426621
-439.3933175788638
-435.7073678777645
-432.0270054789192
-428.35237439904273
-424.6836234111417
-421.02090623155317
-417.36438171526237
-416.3672613352424
-415.3324434617128
-411.39218691677434
-407.45309481003517
-403.51520124303227
-399.57854165101776
-395.64315286824245
-391.7090731970767
-387.77634248123246
-383.8450021833701
-379.91509546739616
-375.98666728578297
-372.0597644722678
-368.13443584031734
-364.21073228777595
-360.28870690815074
-356.36841510902264
-352.44991473811706
-348.5332662176099
-344.6185326872956
-340.7057801572993
-336.7950776710718
-332.8864974794751
-328.98011522683544
-325.07601014992053
-321.1742652908862
-320.1298879447535
-319.2438286199124
-318.59196013753643
-318.2277152612769
-318.1895484663796
-318.1895484663796
-318.1895484663796
-318.9700131091438
-319.91565139948347
-320.9431051229869
-321.96255212514245
-325.7594724362513
-326.76186385627307
-330.0614490268378
-333.3763709069458
-336.70617652041153
-340.05042863878725
-343.40870520470315
-346.78059877368844
-350.1657159743432
-353.5636769866643
-356.97411503826936
-360.3966759182168
-363.8310175080791
-367.2768093298943
-370.7337321105949
-374.2014773624931
-377.6797469793872
-381.1682528478399
-384.6667164731763
-388.1748686197428
-391.6924411620144
-395.21919003523846
-398.75487176197606
-402.29925081816685
-405.8520993378683
-409.41319682955975
-412.9823299035844
-416.5592920103145
-420.1438831886336
-423.7359098243412
-427.33518441809645
-430.9415253625288
-434.5547567281549
-438.1747080577529
-441.8012141688572
-445.43411496404724
-449.07325524871777
-452.71848455602543
-456.3696569787224
-460.0266310075945
-463.68926937623496
-467.35743891189315
-471.0310103921498
-474.7098584071785
-478.3938612273632
-482.08290067605185
-485.7768620072335
-489.47563378793615
-493.17910778515045
-496.88717885709286
-500.599744848629
-504.3167064906858
-508.037967303489
-511.7634335034671
-515.4930139136733
-519.2266198775789
-522.964165176102
-526.705565947738
-530.4507406116661
-534.1996097937094
-537.9520962550346
-541.7081248234781
-545.4676223273935
-549.230517531919
-552.9967410775648
-556.7662254210318
-560.5389047781674
-564.3147150689764
-568.0935938646033
-571.8754803362092
-575.6603152056665
-579.4480406980017
-583.238600495515
-587.0319396935138
-590.8280047575942
-594.6267434824122
-598.428104951886
-602.2320395007731
-606.0384986775712
-609.8474352086891
-613.6588029638428
-617.4725569226254
-621.2886531422103
-625.1070487261414
-628.9277017941727
-632.7505714531133
-636.5756177686443
-640.4028017380696
-644.2320852639642
-648.06343112869
-649.0007373213243
-652.3372062588808
-655.6810994051558
-659.0323037500965
-662.390729218524
-665.7562460979492
-669.12874738537
-672.5081280043327
-675.8942847676445
-679.2871163407532
-682.6865232057847
-686.0924076262361
-689.5046736123146
-692.9232268869185
-693.7861432875002
-694.4132786521429
-694.7245935867418
-694.7358618530069
-694.4460276277846
-692.7839753015579
-691.1410767276286
-689.5174688177221
-687.9132881609044
-686.3286709812384
-684.7637530947259
-683.2186698655512
-682.68532887578
-680.1502391941748
-677.6292772214065
-675.1226012194896
-672.6303709060318
-671.8750725257219
-668.5898676556636
-665.3124900204214
-662.0430558638241
-658.7816834527425
-655.5284931130988
-654.6080357668175
-650.8217526458154
-647.0380414432848
-643.256947544186
-639.4785173751159
-635.702798433356
-631.9298393168615
-628.1596897552243
-624.3924006416446
-623.3771116958636
-622.3471669908629
-618.4705026289303
-614.5954191595025
-610.7219466752786
-606.8501160246021
-602.9799588349007
-599.1115075369845
-595.2447953902429
-591.3798565087757
-587.5167258884995
-583.6554394352705
-579.796033994067
-575.938547379279
-572.0830184061514
-568.2294869234314
-564.3779938472737
-560.5285811964585
-556.6812921289797
-552.8361709800656
-548.9932633016952
-545.1526159036775
-541.3142768963654
-537.4782957350757
-533.6447232662965
-529.8136117757613
-525.9850150384764
-522.1589883707926
-518.3355886846156
-514.5148745438547
-510.69690622321616
-506.8817457694491
-503.0694570651637
-499.26010589534087
-495.4537600166634
-491.65048922980463
-487.8503654548156
-484.0534628097626
-480.25985769277185
-476.46962886764874
-472.6828575532463
-468.8996275167686
-465.1200251712028
-461.3441396770858
-457.5720630488217
-453.803890265777
-450.03971938839584
-446.2796516795864
-442.52379173164695
-438.77224759901264
-435.02513093712037
-431.2825571477037
-427.5446455308499
-423.81151944416524
-420.0833064694171
-416.3601385870393
-412.642152358909
-408.92948911982586
-405.22229517814617
-401.52072202605143
-397.8249265599542
-394.1350713115725
-390.4513246902332
-386.7738612369917
-383.10286189118926
-379.4385142701012
-375.781012962361
-372.13055983588424
-368.4873643610501
-364.85164394993774
-361.2236243124544
-357.6035398302321
-353.9916339492133
-350.38815959188656
-346.7933795901807
-343.20756714006626
-339.6310062789633
-336.0639923870951
-332.50683271397594
-328.959846931264
-325.42337683467736
-321.89775944603866
-318.3833552978653
-314.8805398457092
-311.38970417272213
-307.91125572878485
-304.445619105663
-300.99323684965975
-297.5545703132316
-294.13010054701977
-290.720329233715
-287.3257796651232
-283.94699776372664
-280.5845531499342
-277.2390402560835
-276.40623111115605
-275.8206854807617
-275.5338528584244
-275.5702404823989
-275.9261134159554
-276.5712182000437
-277.3887806133123
-278.3566750594527
-278.3566750594527
-278.3566750594527
-278.3566750594527
-278.3566750594527
-278.81023350057285
-278.9939170074212
-278.8615683709862
-277.8572747450682
-276.90712530863436
-276.01167922414527
-275.17147052897496
-274.3870066557998
-273.6587669954804
-272.98720151125895
-272.3727294130528
-271.8157379004917
-271.3165809831143
-270.8755783858157
-270.61975269599753
-270.08601228165224
-268.8817518020585
-267.90599757582737
-264.1795329512207
-260.4611824735307
-256.7512872050222
-253.0502311201976
-249.35840780121833
-245.6762334760033
-242.00414858298677
-238.3426194586706
-234.69214015831184
-231.05323442094547
-227.42645779085544
-223.81239990857256
-220.2116869854948
-216.62498447728495
-213.05299997229338
-209.49648631236707
-205.95624496451973
-202.43312966302324
-198.92805034250748
-195.44197738356945
-191.97594619314117
-190.9386381738364
-187.05796312953305
-183.18242184028415
-179.3123471793993
-175.4481008996979
-171.5900767709114
-170.47981493515132
-169.37499166622572
-168.36959741942368
-168.36959741942368
-168.36959741942368
-168.36959741942368
-168.36959741942368
-168.36959741942368
-168.98775055604577
-169.82389163770878
-170.80264767705083
-174.73774069393423
-178.67571645071354
-182.61638845557184
-186.55958585117568
-187.67624572123796
-191.64755143882022
-195.6200267111222
-199.59360170584944
-203.56821202450675
-207.54379818554924
-211.52030516525267
-215.49768198894253
-219.4758813662708
-223.45485936511548
-227.43457511942606
-231.41499056697333
-235.39607021350002
-239.37778092023052
-243.3600917120901
-247.34297360432154
-251.32639944547705
-255.31034377501243
-256.3166569427803
-260.02950921787664
-263.750758475034
-267.48005425175296
-271.2170646238632
-274.96147504359215
-278.71298726003096
-282.47131831563274
-286.23619961289296
-290.0073760458368
-293.7846051913713
-297.567656555963
-301.3563108734647
-305.1503594502554
-308.94960355416373
-312.7538538439277
-316.5629298362048
-320.3766594073826
-324.19487832765833
-328.0174298250559
-331.84416417723065
-335.67493832908235
-339.5096155343479
-343.34806501948907
-347.19016166831824
-351.0357857259252
-354.88482252057713
-358.73716220236287
-362.59269949744765
-366.45133347688534
-370.31296733901655
-374.1775082045509
-378.04486692349764
-381.914965807622
-385.78771464736263
-389.6630344312871
-393.5408492087291
-397.4210859454021
-401.3036743869702
-405.18854693008035
-409.0756385003904
-412.96488643716435
-416.8562303840303
-420.74961218552914
-424.6449757891035
-428.54226715220193
-432.44143415419364
-436.34242651281136
-440.2451957048552
-444.14969489091186
-448.05587884385545
-451.96370388091447
-455.87312779910155
-459.7841098138155
-463.6966105004384
-467.61059173876026
-471.5260166600752
-475.4428495968019
-479.36105603449124
-483.2806025660908
-487.201456848346
-491.12358756022235
-495.0469643632428
-496.1000778178587
-497.00539098182986
-497.68904190461785
-499.6733520971272
-501.681707085787
-503.7138192640002
-505.7694022724476
-507.8481711072894
-509.9498422232279
-512.0741336315066
-512.4967079308739
-513.5776230135527
-514.6873561031856
-515.8257212050335
-516.992529184772
-518.1875879071312
-519.4107023744535
-519.583086973304
-519.6795478209735
-519.8067722370828
-519.9647376400411
-520.1534160226562
-520.3727739769054
-520.6227727234182
-520.9033681456089
-521.2145108283911
-521.556146101393
-521.9282140865884
-522.3306497502448
-522.7633829590876
-522.727280896011
-522.0184059907442
-521.3392583830124
-521.0195658742448
-519.2524417420109
-517.5102012899401
-515.7930966735873
-514.1013797549692
-512.4353019734858
-510.7951142133335
-509.18106666747474
-507.5934086982439
-506.0323886946741
-504.4982539266446
-502.99125039595754
-501.5116226844645
-500.0596137993756
-498.635465015894
-497.23941571733144
-495.8717032328722
-494.5325626731635
-493.22222676392363
-491.9409256777691
-490.688886864475
-489.46633487989243
-488.27349121375875
-487.1105741166479
-485.97779842631525
-484.87537539370504
-483.80351250889515
-482.762413327263
-481.75227729616574
-480.77329958243376
-480.3526533178074
-478.34642860357985
-476.3653431346462
-474.4097118477088
-472.47985081346104
-471.85592840300234
-469.0113061787789
-466.18364802304603
-463.37326449711384
-462.5476249488584
-459.0414363399371
-455.5433844891696
-452.0536582865739
-448.57245204349516
-445.0999656683487
-441.6364048481837
-438.1819812362263
-434.73691264555913
-431.3014232490923
-430.3450422897516
-426.46549400714963
-422.5881918902188
-418.7131983377341
-414.84057804206304
-410.97039809360894
-407.10272809090077
-406.07399720859905
-402.0766988977557
-398.07945500839605
-394.08226719653925
-390.08513718605764
-386.08806677218627
-382.0910578252529
-378.0941122946445
-374.0972322130272
-370.1004197008399
-366.1036769710814
-362.1070063344148
-358.11041020461244
-354.1138911043699
-350.1174516715172
-346.1210946656598
-342.1248229752849
-338.12863962536994
-334.1325477855374
-330.13655077880037
-326.14065209095037
-322.1448553806425
-318.1491644902399
-314.1535834574839
-310.15811652806485
-306.16276816917656
-302.1675430841425
-298.17244622821727
-294.1774828256728
-290.18265838829313
-286.18797873541524
-282.19345001566927
-278.1990787305872
-274.2048717602712
-270.2108363913334
-266.2169803473456
-262.223311822065
-258.22983951573593
-254.23657267480502
-250.24352113542918
-246.25069537120586
-242.25810654561127
-238.26576656969615
-234.2736881656645
-230.28188493704616
-226.29037144627432
-225.27894150853584
-221.54392488672957
-217.81831801225366
-214.10261210367673
-210.39733172739494
-206.70303753660056
-203.02032935112467
-199.34984925024048
-195.692270051328
-192.04834497935352
-188.41886622760012
-184.80468495522072
-181.2067164925768
-177.62594605620666
-174.06343502419563
-170.52032782692194
-166.99785951232457
-163.49736404882455
-160.02028343259568
-156.56817766871163
-153.14273569736457
-149.7457873362823
-146.37931630791255
-143.0454744139057
-139.7465969086382
-136.48521910635623
-133.26409423094182
-130.08621248078225
-126.95482123068712
-123.8734462245837
-120.84591352260344
-117.87637184944604
-114.96931484263015
-112.12960251466768
-109.36248101853546
-106.67359953934387
-104.06902282884032
-101.55523756132759
-99.13915033650575
-96.82807481546612
-94.62970519458112
-92.55207305984979
-90.60348470040665
-88.79244193195505
-87.12751588974584
-85.61723122416264
-85.37858810456429
-85.47399252279493
-85.47399252279493
-85.47399252279493
-85.47399252279493
-85.47399252279493
-85.47399252279493
-85.47399252279493
-86.34529416082562
-87.02172148764377
-87.44946957390668
-87.59508839190296
-87.68214559969468
-87.95122416481561
-88.40066792715722
-89.02773986066875
-89.82872010823598
-90.79900640823224
-91.93323822216921
-93.22543178853897
-94.66911899430808
-94.92147800417727
-95.4177874699651
-95.48682407211986
-95.26163418475664
-94.74587234713331
-93.97769135342794
-90.88346787777122
-87.86240972332675
-84.92232567952775
-82.0719184787341
-79.32085636369756
-76.67983276775495
-75.90539813977003
-72.5971331758834
-69.36179096978643
-66.21006245500145
-63.154467115426506
-60.209642795413046
-59.36873304183837
-55.85042061878571
-52.40126390026071
-49.03585818706059
-45.7726804184061
-42.63520976818135
-39.65329628183998
-36.86470744223004
-34.31660470288846
-33.58564668089506
-30.497044883438566
-29.63735684556374
-28.651487709947283
-24.716106125827665
-20.80538563165495
-16.936418032434002
-13.146119407856457
-9.528833634326276
-6.385679337744593
-4.770235424705133
-4.674870432470606
-5.743755080189915
-8.725080060224956
-12.29891509316049
-16.074814202112133
-19.938305462303617
-23.846853706429947
-27.781448353094593
-28.767187787534056
-32.411727127720205
-36.13155186343408
-39.90561423130771
-43.71987050250215
-47.56465209368039
-51.433113878996664
-52.38998907967873
-53.1964957126184
-53.79055451682304
-54.12807559368614
-54.184605235431285
-53.95608433098426
-53.458970886003485
-51.169126790063856
-50.4868607707429
-47.531733487153026
-44.73933705324931
-42.14203228957859
-39.77805305553123
-37.691327094473166
-35.93019322599883
-34.54448503355916
-33.58071055042031
-33.07577284748164
-33.05070851805841
-33.50659447531896
-34.42432815352614
-35.768377374577554
-36.28539997689317
-36.38100084855083
-36.18981034770304
-35.724016775490284
-35.011469470925306
-34.097571294903695
-30.601082353499457
-27.243497761776585
-24.082984771033882
-21.20783338211209
-18.749781844550167
-16.891904618626
-16.394083534483542
-14.433119949953223
-13.411333942931696
-13.542996524141428
-14.797350494665
-16.926616087034347
-19.64838599120301
-20.313456039775296
-20.758322835764773
-22.337442303757616
-24.474776059972896
-27.03826862967005
-29.91857701473838
-33.03293059169469
-36.32117466653386
-39.740167684979106
-40.626327156487314
-41.3002829639639
-41.682466355324884
-41.79194629986098
-41.62132377920736
-41.18215607715243
-39.15145138415408
-37.43931531626652
-36.091114374013
-35.66241021176778
-33.70160192408056
-33.120049469055175
-30.592337180737662
-28.40500858098747
-26.642035071162343
-26.12663950042347
-23.911302848160624
-22.201338794608187
-21.11985894673518
-20.76529308407423
-21.174189691355547
-21.24995423642483
-21.423894320670207
-22.325007982656167
-23.87108618679508
-25.94709175993442
-28.43720145529154
-31.242556284154066
-34.2858609411745
-37.50924204160751
-40.8701144767611
-44.33722270170449
-47.88749750411733
-51.50374314807097
-52.37664287385076
-55.471099336068484
-58.6751475223425
-61.971791521505445
-65.34701894042922
-66.14368222542765
-68.88984699453215
-71.75399197814909
-74.72255172268315
-77.78357238116782
-80.92656272252161
-84.14233774424511
-87.42286584944209
-90.76112587926077
-94.15097712552445
-97.58704341145693
-101.06461109194785
-104.5795401300957
-108.12818706404202
-111.70733855467675
-115.3141542112694
-118.94611747018145
-122.60099341472943
-126.2767925495631
-129.97173966755543
-133.6842470640978
-137.41289145948872
-141.1563940836484
-144.913603458812
-148.68348048595013
-152.4650855005583
-156.25756701436168
-160.06015190259396
-163.8721368329397
-167.6928807629725
-171.52179835884957
-173.25883974692348
-174.08677552652657
-174.7008716625758
-175.08321452092918
-175.1579859801817
-174.92010194924305
-174.38792165724075
-172.03635110125805
-169.7464726064449
-167.52081603853773
-166.83369090318158
-163.79233012194737
-160.7929553612272
-157.83796020425558
-154.9298840734056
-154.0871689136481
-150.5381778195494
-147.01234753361445
-143.51138513081463
-140.03715573265757
-136.59169922776047
-133.17724880349564
-129.79625144246734
-126.4513905296064
-123.14561069698209
-122.2185409901621
-118.42152810529522
-114.63832211726344
-110.87033642489145
-107.11917719117669
-103.38667596600509
-99.67492881624594
-95.9863434233568
-92.32369595660921
-88.69019995709326
-87.69958729450227
-83.74542680844188
-79.79583569500683
-75.85152773962643
-71.91337226024427
-67.98243848583238
-64.0600558722349
-60.147897365261976
-56.24809632160613
-52.36341380564902
-48.497482967603034
-44.65517423813974
-40.843154891837784
-37.070770156998975
-33.35147195824795
-29.705207401479502
-26.1625303627609
-25.199946481540664
-21.331277136240548
-17.521686149616457
-13.82011600747986
-10.343198106326618
-9.42584436424668
-5.850738963415122
-3.4081899237752817
-4.58261698099453
