-391.5871713100958
-392.87796035764796
-393.8440032533078
-394.46425488381067
-394.7252565215271
-394.62137928058115
-394.15484431338194
-393.3357668792304
-392.1819484909076
-390.71864710377025
-388.09270475022606
-385.4903809533018
-382.9121572581985
-380.35852374590337
-377.829979008586
-375.32703010910916
-372.8501925235519
-370.39999006561186
-367.9769547917246
-365.5816268857156
-365.5816268857156
-362.1424626391775
-358.7149291185507
-355.29936292496063
-351.8961125295877
-348.50553873387275
-345.1280151467493
-341.76392867925665
-338.41368005685365
-335.07768434970757
-331.7563715211802
-328.45018699467
-325.15959223889627
-321.8850653716233
-321.8850653716233
-319.4723309958782
-317.0368978566088
-313.05558639728736
-309.0747560290923
-306.6771582086106
-304.3771922050115
-302.2336814757617
-302.2336814757617
-302.2336814757617
-302.2336814757617
-302.2336814757617
-303.7754021180701
-305.60100260807224
-307.66139702360596
-309.9023133061882
-312.2659241558955
-314.6926011071481
-317.1225248683595
-319.4971321375569
-321.76050393085796
-323.86041620583364
-325.74937623762895
-327.38545267536205
-328.7328409188244
-329.76244647697376
-330.45229042451524
-330.45229042451524
-330.45229042451524
-330.45229042451524
-330.45229042451524
-326.52017897377607
-322.5897368032746
-320.1687036883571
-317.73542691621594
-313.7665106430302
-309.7983937157029
-307.4140907844381
-305.13823717136654
-303.02924709616525
-303.02924709616525
-303.02924709616525
-303.02924709616525
-303.02924709616525
-304.62517277758974
-306.49660872390183
-308.5934573840448
-310.86067910912374
-313.2399917786472
-315.6716370543095
-318.0959006983726
-320.4546340395957
-322.6924479510011
-324.7579303544881
-326.60451215064035
-328.19127957725436
-329.48363744049004
-330.4537227055889
-331.0808400279543
-331.0808400279543
-331.0808400279543
-331.0808400279543
-331.0808400279543
-327.1304310392353
-323.1812417491137
-319.2333174237387
-315.28670558162634
-311.34145613449544
-307.39762153872306
-303.4552569583583
-299.5144204407289
-295.5751731057793
-291.637579350399
-287.7017070691315
-283.76762789280184
-279.83541744676666
-275.90515563067663
-271.97692692184904
-268.0508207045838
-264.1269316280191
-260.2053599954214
-256.28621218814055
-252.36960112784104
-248.45564678104978
-244.5444767105509
-240.63622667871056
-236.7310413084469
-232.82907480827777
-228.93049176870002
-225.0354680380901
-221.14419168738962
-217.25686407406965
-213.37370101728058
-209.4949340977202
-205.620797711676
-201.7515738775949
-197.88754813945397
-194.02903374805177
-190.17636616509506
-190.17636616509506
-186.20820679432217
-182.2414395242335
-178.27615728045004
-174.31246140770813
-170.35046264056578
-170.35046264056578
-166.93135630401846
-163.5386051267942
-160.17388385691925
-156.83899651067708
-153.53588713006636
-150.2666513263364
-147.03354861567826
-143.83901553431625
-140.68567949481388
-137.57637331179984
-134.5141502817154
-131.50229964555786
-128.54436219376657
-125.6441456861735
-122.805739655313
-120.03352903685965
-117.33220592604027
-117.33220592604027
-116.10189192067189
-114.99761769200066
-114.02304525533083
-113.18152513087288
-112.47604375950067
-111.90917395734508
-111.48303018410041
-111.1992303454942
-111.28675959771004
-111.80341381602744
-111.80341381602744
-111.80341381602744
-111.80341381602744
-111.80341381602744
-111.80341381602744
-114.81074277576451
-117.87709725656056
-120.99798935449718
-124.16930686493299
-127.38728380844486
-130.64847245244457
-133.94971669066553
-137.28812701086153
-140.66105716963685
-144.06608261245165
-147.50098061980518
-150.9637121218177
-154.45240509840713
-157.96533946741093
-161.50093335555303
-165.05773064495858
-168.63438968935463
-172.22967309795092
-174.6362474046405
-178.0265792420789
-181.44174549469466
-184.88036992106774
-188.3411676681551
-191.8229386114219
-195.32456117678214
-198.84497142182718
-202.3832033519648
-205.93833838474302
-209.50951604341466
-213.09592977631797
-216.69682309653683
-220.31148601795783
-223.93925176520662
-227.57949373634494
-231.23162269860987
-234.89508419884862
-238.56935617163157
-242.2539467292951
-245.94839211937168
-249.6522548359998
-253.36512187296907
-257.0866031070477
-260.81632980116024
-264.5539532178365
-266.76022249626556
-268.7851352113713
-270.5840153165684
-272.11797390222745
-273.3543752430969
-274.2673361286772
-274.83794480242085
-274.83794480242085
-274.83794480242085
-274.83794480242085
-271.40138089489636
-267.9804531733492
-264.5757681595755
-261.1879610440806
-257.81769717069034
-254.46567359337547
-251.13262070699156
-251.13262070699156
-247.20591513901934
-243.28159774538057
-239.3597859888688
-235.4406050811876
-231.52418862533827
-227.61067932220024
-223.70022974881473
-219.79300321688658
-215.88917472117706
-211.9889319887958
-208.09247664194024
-204.20002548841512
-200.31181195633246
-196.42808769179524
-192.5491243411636
-192.5491243411636
-188.59550439258692
-184.64387953726654
-180.69438369826895
-176.74715959717207
-172.8023629100179
-168.86016375968953
-168.86016375968953
-165.51150068131543
-162.19235154922308
-158.90456580855763
-155.65013093152044
-152.43118307500754
-149.25001835426102
-146.10910469338248
-143.01109418611597
-139.95883586530803
-136.95538873548608
-134.00403486857311
-131.10829229641115
-128.27192735418916
-125.49896603514051
-122.79370380876252
-120.16071323320537
-117.60484855993357
-115.13124639015673
-112.74532130581214
-110.45275527484333
-108.25947953741426
-106.17164763755424
-106.17164763755424
-106.17164763755424
-106.17164763755424
-106.17164763755424
-106.17164763755424
-106.17164763755424
-110.003828463757
-113.84755557058325
-117.70169777965434
-121.5652644842753
-125.43738484261061
-129.31729049619491
-133.20430114866414
-137.09781247647035
-140.99728594999806
-140.99728594999806
-144.26813090041946
-147.5749050162023
-150.91524653389806
-154.28697513262136
-157.68807744895537
-161.11669329497826
-164.57110305838984
-168.0497160967223
-171.55106007632097
-175.07377119722054
-178.61658524311426
-182.17832939565398
-185.7579147537429
-189.35432950084075
-192.96663266625615
-196.5939484297048
-200.23544587985245
-203.89039445631857
-207.55806929914766
-211.2378075194237
-214.92898951705686
-218.6310356715622
-222.34340331479007
-226.06558395999514
-229.7971007639795
-233.5375062011972
-237.28637993067494
-241.04332683839584
-244.80797523942223
-247.03402626374609
-249.08532550691186
-250.91681969482104
-252.48911446155626
-253.7691047681888
-254.73024039975195
-254.73024039975195
-254.73024039975195
-254.73024039975195
-254.73024039975195
-250.91496504914886
-247.10553181210423
-243.30221510232323
-239.50530630923097
-235.71511508998952
-231.93197077704173
-228.15622391288196
-224.3882479250524
-220.62844095581042
-216.877227862529
-213.13506240669597
-209.40242965138708
-205.6798343346265
-201.96784659712665
-198.26706223018329
-198.26706223018329
-194.26716374609467
-190.2672693971838
-186.26737944984635
-182.26749701728326
-178.26761958945906
-174.26774751098728
-174.26774751098728
-170.6033009998176
-166.95425944543058
-163.32165541460373
-159.70661054952484
-156.11034470695805
-156.11034470695805
-153.52663317881326
-151.00468355795644
-148.54764154363178
-146.15878061352365
-143.8414977786627
-141.59930722466822
-139.4358315510149
-137.35479032294467
-135.35998566606472
-133.455284664544
-131.6445983730125
-129.93185732224845
-128.3209834297754
-126.81585893202322
-125.42029106988825
-124.13797482861854
-122.97245311106273
-121.92707533956876
-121.53741392032826
-121.57494882861555
-122.03838698037903
-122.03838698037903
-122.03838698037903
-122.03838698037903
-122.03838698037903
-122.03838698037903
-125.10277118552922
-128.21871508382714
-131.38255026874393
-134.59089943385115
-137.84065432095738
-141.12895462933508
-144.45316806436196
-147.81087162592377
-151.19983417888542
-154.61800030576066
-158.06347541195146
-161.5345120337434
-165.0294972863252
-168.54694138161474
-172.08546701286576
-175.6438000981314
-179.220760841835
-182.81525584173136
-186.42627086375674
-190.05286426621808
-193.69416101513707
-197.34933205354037
-201.0176349176593
-204.6983636209394
-208.39085974577054
-212.0945086921456
-215.80873625605147
-219.53300550667882
-223.26681393446515
-227.00969084466158
-230.7611949735499
-234.52091230664848
-238.2884540802488
-242.06345494943494
-245.84557130737483
-249.6344797421463
-253.42987561869006
-257.23147177467905
-261.03899732017135
-264.8521965318836
-268.67082783379493
-270.9360474397665
-273.0392462167951
-274.9335152400058
-276.57746221969614
-277.9358473626716
-278.97996477725667
-279.6880265476972
-279.6880265476972
-279.6880265476972
-279.6880265476972
-276.37735976832414
-273.0851473726485
-273.0851473726485
-269.1727779789148
-265.2630225249661
-261.3559983205374
-257.45182971192565
-253.55064861041384
-249.65259506833547
-245.7578179077861
-241.86647540758594
-237.9787360547781
-234.0947793677182
-230.21479679868784
-226.33899272496365
-222.46758553841212
-218.6008088449808
-214.73891278694344
-210.8821655024595
-207.03085473896027
-203.1852896391168
-199.34580272072108
-195.5127520747817
-191.68652380955479
-191.68652380955479
-187.70740092042897
-183.72918450898607
-179.7519347609204
-175.77571729386875
-171.8006037823404
-171.8006037823404
-168.326722429911
-164.8766917048593
-161.4520405897846
-158.05441883476405
-154.68560752477234
-151.34753052806678
-148.0422668635672
-144.77206401369878
-141.53935219221785
-138.3467595526624
-135.1971282904153
-132.0935315477301
-132.0935315477301
-130.2996036492233
-128.60510259017482
-127.01400781018324
-125.53025139173579
-124.15768177439675
-122.90002392675602
-121.76083864398632
-120.74347925193058
-119.85104815945812
-119.08635403128669
-118.45187080200125
-118.31969713833615
-118.61701685844052
-118.61701685844052
-118.61701685844052
-118.61701685844052
-118.61701685844052
-118.61701685844052
-121.8491538182231
-125.12567997668658
-128.44319833540874
-131.7986134722967
-135.1891036045448
-138.61209492382187
-142.06523814969876
-145.5463872017454
-149.05357986314834
-152.58502029409456
-156.13906324769698
-159.71419984202143
-163.30904474668804
-166.92232465001234
-170.55286788161098
-170.55286788161098
-173.28266237355524
-176.06101613673832
-178.88566662570256
-181.75445535758135
-184.66532527176815
-187.61631770800938
-190.6055691213805
-193.63130761074223
-196.6918493257773
-199.7855948073598
-202.9110102631207
-206.0666690975492
-209.25120303932843
-212.46331369754753
-215.70176910439926
-217.57057300121113
-219.1878385723277
-220.5201370033228
-221.54043077344414
-222.22830941026845
-222.22830941026845
-222.22830941026845
-222.22830941026845
-218.902976862797
-215.6005683731911
-212.32215361024484
-209.06886131593657
-205.84188266140782
-202.64247474466902
-199.4719642232848
-196.3317510718721
-193.2233124501292
-193.2233124501292
-189.3905670001655
-189.3905670001655
-185.4138478564552
-181.43815208249396
-177.46354845760484
-173.49011204417408
-169.51792491921452
-169.51792491921452
-166.05726493743552
-162.62135028576358
-159.21178304292226
-155.83029266264708
-152.47874712111226
-149.15916497688005
-145.87372837579187
-142.62479701856424
-139.41492308787164
-136.24686710264513
-133.12361462810676
-133.12361462810676
-131.3005998843208
-129.57545414945437
-127.95213611275595
-126.43456799199386
-125.02660061183795
-123.7319755257588
-122.55428472390076
-121.49692864674365
-120.56307339613538
-119.7556081884141
-119.07710421469362
-118.5297761470175
-118.45133837235936
-118.80186471674028
-118.80186471674028
-118.80186471674028
-118.80186471674028
-118.80186471674028
-118.80186471674028
-121.98207422209238
-125.20930386536676
-128.48001046447553
-131.79095710643438
-135.139186147781
-138.52199414502914
-141.93690874019578
-145.38166746569576
-148.85419839247368
-152.35260251995035
-155.87513779212625
-159.42020461786834
-162.98633277262226
-166.57216956175247
-170.17646913109573
-170.17646913109573
-172.86190656399944
-175.59739974317446
-178.3806458470111
-181.20944453763616
-184.0816957958876
-186.99539733680623
-189.9486417003807
-192.93961309979457
-195.96658409786727
-199.0279272520208
-202.12205126675718
-205.24748805024825
-208.40282880566
-211.58673568556915
-214.79793840388186
-216.64889034027968
-218.2456281943468
-219.55519060026268
-220.5510806501106
-221.21340942542005
-221.21340942542005
-221.21340942542005
-221.21340942542005
-217.86396683514363
-214.5368114749368
-211.232996493641
-207.95363433874985
-204.69990024147148
-201.47303586387
-198.27435310372866
-195.10523804952513
-195.10523804952513
-191.2450654624012
-187.39075805956972
-187.39075805956972
-183.42337764047463
-179.45744553296694
-175.49305992737465
-171.53032805135683
-171.53032805135683
-168.10829069758506
-164.712298819829
-161.343997053354
-158.00515627404056
-154.69768406348703
-151.42363594043078
-148.1852273663775
-144.98484651583786
-141.82506777790843
-138.7086659246162
-135.63863084076178
-132.61818265802512
-129.65078707076705
-126.74017053015449
-123.8903349149848
-121.10557116034242
-118.39047118830814
-118.39047118830814
-117.14107397324715
-116.01620036241125
-115.01950388071491
-114.15434197134017
-113.4237245921805
-112.83026544914799
-112.37613756397232
-112.0630348410113
-111.89214115954634
-112.04807230305298
-112.63090445007789
-112.63090445007789
-112.63090445007789
-112.63090445007789
-112.63090445007789
-112.63090445007789
-115.5646565177253
-118.56078174415097
-121.61467030097849
-124.72207875277353
-127.87910607583109
-131.08216720606032
-134.32796914442176
-137.61348762325287
-140.93594503727178
-144.29278976305744
-147.6816769203484
-151.10045057758668
-154.5471273684391
-158.01988146200668
-161.38003066683018
-161.38003066683018
-163.84932451578712
-166.3781475944116
-168.96382706375735
-171.6037927430493
-174.29557806320804
-177.03681929867497
-179.82525475808717
-182.65872307843833
-185.53516106359925
-188.4526011270771
-191.40916842889771
-194.40307778463404
-197.43263041364318
-200.49622560102185
-203.59231216404413
-205.36893456124855
-206.88142950313932
-208.0990885435382
-208.99765044782853
-209.55946662066572
-209.55946662066572
-209.55946662066572
-209.55946662066572
-206.1204488452756
-202.70201993289245
-199.30523928996064
-195.93123284162505
-192.58119759755
-189.25640650776126
-185.95821361588807
-185.95821361588807
-182.04584647700418
-182.04584647700418
-178.11791246256243
-174.19325831547425
-170.2721108318988
-166.35471797874484
-166.35471797874484
-163.0829021890215
-159.844217178837
-156.64071798594227
-153.47460794314745
-150.34824914833283
-147.2641733319769
-144.22509302769387
-141.23391291420907
-138.29374115188608
-135.40790048230707
-132.57993879461142
-129.81363878674102
-127.11302626340495
-124.48237651628725
-121.92621812784715
-119.44933343175698
-117.05675475656149
-114.75375548320645
-112.54583487351417
-110.43869559066756
-108.43821285264242
-106.55039425594286
-104.78132950117484
-103.13712956295474
-101.62385583579143
-100.24743720403521
-99.01358122810981
-99.01358122810981
-99.01358122810981
-99.01358122810981
-99.01358122810981
-99.01358122810981
-99.01358122810981
-99.01358122810981
-99.01358122810981
-99.01358122810981
-99.01358122810981
