-392.83861260070745
-395.6972973447963
-398.57562242630917
-401.47316538979356
-404.3895131339564
-407.324261745324
-410.2770163548833
-413.2473909909103
-416.23500842860443
-419.2395000371072
-422.2605056244355
-425.29767328082255
-428.3506592209188
-431.41912762526795
-434.50275048143925
-437.6012074251642
-440.7141855817944
-443.8413794083695
-446.9824905365546
-450.1372276166848
-453.3053061631269
-456.4864484011485
-459.6803831154639
-462.8868455006061
-466.1055758558366
-469.33632403122084
-472.57884245426635
-472.57884245426635
-474.67406126798704
-476.79363094814596
-478.9372281955439
-478.9372281955439
-479.6266089861971
-480.3483106367718
-481.102187693672
-481.8880891490349
-482.7058585845147
-483.5553343185795
-484.4363495570159
-484.4363495570159
-483.760285933353
-483.1163957238381
-482.50480773226025
-481.9256449380748
-481.3790243767315
-480.8650570248258
-480.3838476903284
-479.9354949081397
-479.5200908412054
-479.13772118742156
-478.78846509254316
-478.4724238431986
-478.1896342990767
-477.9401554836872
-477.7240395839889
-477.5413318961043
-477.5413318961043
-475.8458423437955
-474.17803383292346
-472.53819946163895
-470.92663145998443
-469.3436209996446
-467.78945799887134
-466.26443092274087
-464.7688265789205
-463.30292990914234
-461.86702377660004
-460.4613887495052
-459.08630288106093
-457.74204148612915
-456.42887691488903
-455.1470783238034
-453.8969114442305
-452.6786383490374
-451.49251721758947
-450.33880209951013
-449.2177426776217
-448.12958403049436
-448.12958403049436
-448.12958403049436
-450.1607593190072
-452.2181933160371
-454.30152926158047
-456.41041245882525
-456.41041245882525
-459.69076475523286
-462.98243378635976
-466.28517988598514
-469.5987693349977
-472.9229742079122
-476.2575722226841
-479.60234659382877
-482.957085888843
-486.3215838879186
-489.6956394469312
-493.079056363681
-496.4716432473578
-499.8732133911955
-499.8732133911955
-503.8274847015517
-507.78247240760686
-511.73815989928755
-515.6945310732631
-519.6515703138725
-523.6092624749027
-527.5675928621722
-531.5265472168807
-535.4861116996856
-539.4462728754686
-543.4070176987577
-547.3683334997728
-551.3302079710634
-555.2926291547103
-559.255585430063
-563.2190655019867
-567.1830583895971
-571.1475534154551
-575.112540195204
-579.0780086276263
-583.0439488851003
-587.0103514044389
-587.0103514044389
-590.4665272593933
-593.9295304702799
-597.3992423066845
-600.8755465532183
-604.3583294501128
-607.8474796352353
-611.3428880874945
-614.8444480716113
-618.3520550842246
-621.8656068013072
-625.3850030268607
-628.9101456428647
-632.4409385604528
-635.9772876722861
-639.5191008061007
-643.0662876793991
-646.618759855263
-650.176430699258
-650.176430699258
-652.7527490189287
-655.3433540173763
-657.9480769375
-657.9480769375
-659.1848075443078
-660.4434488624883
-661.723875865312
-663.0259623361096
-664.3496018279588
-665.694645246456
-665.694645246456
-665.4898491796519
-665.309039277474
-665.15223510057
-665.15223510057
-663.4721241080695
-661.8119239919255
-660.171784967781
-658.5518569235297
-656.9522893692839
-655.3732103797619
-655.3732103797619
-652.5013199920071
-649.6413627340618
-646.7934969017911
-643.9578829160699
-641.1346833395207
-638.3240628926732
-638.3240628926732
-634.6322405040193
-630.944175071276
-627.2599328631431
-623.5795816449224
-619.9031907187752
-616.2308309651991
-616.2308309651991
-612.2309830521308
-608.2311372131625
-604.2312934894843
-600.231451923384
-596.2316125582842
-592.2317754387803
-588.2319406106811
-584.2321081210496
-580.2322780182463
-576.2324503519749
-572.2326251733282
-568.232802534838
-564.2329824905254
-560.2331650959543
-556.2333504082867
-552.2335384863408
-548.2337293906512
-544.2339231835319
-540.2341199291426
-536.2343196935569
-532.2345225448348
-528.2347285530975
-524.2349377906063
-520.2351503318447
-516.2353662536043
-512.2355856350757
-508.2358085579417
-504.2360351064772
-500.2362653676521
-496.2364994312405
-492.2367373899341
-488.2369793394619
-484.23722537871595
-480.23747560988244
-480.23747560988244
-476.53818388893484
-472.8437887154635
-469.15440576428705
-465.4701542181909
-461.791156894964
-458.1175403796387
-454.44943516216216
-450.78697578073877
-447.1303009710907
-443.4795538218981
-439.8348819366867
-436.19643760244793
-432.5643779652817
-428.9388652133701
-425.320066767598
-421.7081554801521
-418.10330984144093
-414.505714195693
-410.91555896560163
-407.3330408864004
-403.75836324976444
-400.1917361579488
-396.633376788585
-393.08350967057333
-389.54236697151896
-386.01018879717293
-382.487223503351
-378.9737280208134
-375.469968193599
-371.976219131316
-368.4927655758972
-365.0199022833346
-361.5579344209099
-358.10717798043714
-354.6679602080343
-351.2406200509286
-349.71160107968495
-345.9108999614928
-342.11474318920773
-338.3232837323789
-334.53668130161225
-330.75510271185186
-330.75510271185186
-326.763939700195
-322.7729951977498
-318.7822774112914
-314.79179496327635
-310.8015569184656
-306.8115631754697
-302.82183338691897
-298.83237812503063
-294.8432085334752
-290.8543363664605
-286.86577403106253
-282.87753463312316
-278.8896320270685
-274.902080870044
-274.902080870044
-271.35941263031066
-267.829624330958
-264.31323199050183
-260.8107774442527
-257.32282982023594
-253.84998710285683
-250.39287778879606
-246.95216263964411
-243.52853653575679
-243.52853653575679
-241.2162966427879
-238.94864596090778
-236.72686587862563
-234.55225991782328
-232.42615218188163
-230.34988557685034
-228.3248197943812
-226.3523290462924
-224.4337995420947
-222.57062670262005
-222.57062670262005
-222.30032397375726
-222.10174298414336
-222.10174298414336
-223.53968153363226
-225.0395392508726
-226.60008661705396
-228.22007866529123
-229.8982457230282
-231.63333586899176
-233.4240797428697
-233.4240797428697
-236.5001802672014
-239.60356749520662
-242.7331948330088
-245.88806034178828
-249.06720496856371
-252.26971080662113
-255.49469939209717
-258.7413300419128
-262.00879823711284
-265.29633405467985
-268.60320065004174
-271.92869279176665
-275.27213544932135
-278.6328824342492
-282.0103150946874
-285.403841062782
-288.81289305426225
-292.2369277191946
-295.6754245427459
-299.1278847946314
-302.5938305258151
-306.0728036109371
-309.5643648348933
-313.0680930219506
-316.5835842057648
-320.11045083866685
-323.64832103859067
-327.1968378720382
-330.7556586715051
-334.3244543858251
-337.9029089619327
-341.4907187565877
-345.08759197665114
-348.69324814655437
-352.3074176016502
-355.92984100618855
-359.5602688947096
-363.1984612356986
-366.84418701639623
-370.4972238477102
-374.1573575882185
-377.8243819863056
-381.49809833951684
-385.17831517025945
-388.86484791702355
-392.55751864033647
-396.25615574270194
-399.96059370181575
-403.6706728163833
-407.3862389639005
-411.1071433697924
-414.83324238733326
-418.56439728780447
-422.3004740603735
-426.04134322120365
-429.7868796313318
-433.5369623228732
-437.2914743331385
-441.05030254626706
-444.81333754200256
-448.58047345125874
-452.3516078181369
-456.12664146807924
-459.9054482045717
-463.68796519516724
-467.4741023764947
-471.2637724946324
-475.05689099972443
-475.05689099972443
-475.05689099972443
-476.80721934786897
-478.58457864540236
-480.3886688621782
-480.3886688621782
-480.6915174501277
-481.0274385749512
-481.39636300203966
-481.7982149171432
-482.2329120033606
-482.2329120033606
-482.2329120033606
-479.70603215091364
-477.1993013903637
-474.7130389147473
-472.2475680050062
-469.8032159961837
-469.8032159961837
-466.3296586875984
-462.8646014402775
-459.4082365877671
-455.9607618055927
-452.5223802768555
-449.0933008629336
-445.6737382794051
-442.26391327730295
-438.86405282981167
-435.4743903245075
-432.095165761242
-432.095165761242
-428.15137118579736
-424.2086291369057
-420.2669692374578
-416.3264222239023
-412.3870199986449
-408.44879568540995
-404.51178368775845
-400.57601975097464
-396.641541027545
-392.70838614647545
-388.77659528670705
-384.8462102549146
-380.91727456799197
-376.9898335405548
-373.0639343778149
-369.13962627421233
-365.21696051821965
-361.2959906037703
-357.37677234879675
-353.4593640214089
-349.54382647428514
-345.6302232878986
-341.718620923255
-337.8090888848775
-333.9016998948373
-329.9965300787026
-326.0936591643532
-322.19317069469633
-318.2951522554142
-314.39969571897495
-310.50689750625816
-306.6168588672693
-302.72968618255976
-298.84549128712393
-294.9643918187159
-291.08651159271983
-287.2119810059173
-283.34093747173097
-279.47352588978174
-275.6098991528874
-271.7502186949519
-267.8946550835511
-264.04338866142155
-260.1966102415045
-256.35452186069097
-252.51733759797304
-248.68528446332536
-244.8586033643347
-241.03755015837524
-237.22239679899764
-233.4134325861776
-229.61096553116582
-225.8153238479123
-225.8153238479123
-221.82714702141945
-217.83940333179768
-213.8521170094209
-209.8653141232127
-205.87902275808645
-201.89327321330165
-197.90808314795922
-193.92350305219443
-189.9395713141041
-185.95632960497227
-181.97382295774509
-177.99210101877566
-174.01121765511823
-170.0312317666182
-166.05220788609694
-162.07421686727125
-158.09733667569677
-154.12165330113598
-150.14726181359458
-146.174267590032
-142.20278774469247
-138.232952803445
-134.26490867190296
-130.2988189589877
-126.33486773277309
-122.37326280493261
-118.41423966529761
-114.45806622083737
-110.50504853640965
-106.5555378315577
-102.60993906356444
-98.66872152917509
-94.73243205625516
-90.8017115472044
-86.87731590022817
-82.96014270522907
-79.05126563713902
-75.15197922551789
-71.26385778014993
-67.38883387790453
-63.52930425131224
-59.68827462245324
-55.86956074350866
-52.07807186770091
-48.32021665797311
-44.60449700651733
-40.94238653828417
-37.34965762374591
-33.848410312549674
-30.47019664651519
-27.260794808347047
-24.287219486866054
-21.646874465809606
-19.47576352261299
-17.94501608675441
-17.22619768938913
-17.420109889560074
-18.49806903293161
-20.319864049303572
-22.707161418142462
-25.5016366535424
-28.584117128246906
-31.871147134135303
-31.871147134135303
-35.820137648941554
-35.820137648941554
-39.708764834277694
-43.61753975287881
-47.54149313472498
-51.47715406682257
-55.42202845543293
-59.37427988081534
-63.33252727130912
-67.29571261032889
-67.29571261032889
-67.29571261032889
-67.29571261032889
-67.29571261032889
-67.29571261032889
-67.29571261032889
-67.29571261032889
-67.29571261032889
-67.29571261032889
-67.29571261032889
