-391.5086193347361
-392.7112751422471
-393.57751514575926
-394.0855858669908
-394.22280794489825
-393.9857412309678
-393.3802511591344
-392.42152106762376
-391.1332757447766
-389.5486422599917
-386.7201443086924
-383.8614639882195
-380.9728871453029
-378.05472085037707
-375.10729391571124
-372.13089592484573
-369.1258687833758
-366.0925477924662
-363.03126079880224
-359.9423597682864
-356.82619007087993
-353.68312211927184
-350.51349140880325
-347.3176597096794
-344.0960144788324
-340.84894134084254
-337.5768225699438
-334.1396771735019
-330.71518963237656
-327.30375725359386
-323.9057925351663
-320.5217238037429
-317.1519958776634
-313.7970707559616
-310.5918401569085
-307.36231246058924
-304.1088282936116
-300.83175910083946
-297.5314136647766
-294.20818889667044
-290.8624477503442
-287.4945627056786
-284.1048978505025
-280.69382462579966
-277.26177374162535
-273.8091221233693
-270.3363072345382
-266.84371465279986
-263.3317918977845
-259.80096578251636
-256.25166826952864
-252.68437571066377
-249.0995379283879
-245.4976465798091
-241.87917359474903
-238.24464516577842
-234.59456083805435
-230.92946720638676
-227.24993072190506
-223.55651088889712
-219.8497857571923
-216.13038767801504
-212.39891438135484
-208.65605101818088
-204.90248159318858
-201.13891163082465
-197.36608007218197
-193.58477387493227
-189.7958093920341
-186.00005051793886
-182.19841077763667
-179.86936123832956
-176.07313091776777
-172.2856965532516
-168.50898689457145
-164.74507237134256
-160.9961744613706
-157.26468515104048
-153.55318530864074
-149.8644793086153
-146.20158372876136
-142.56780315406786
-138.96668029665736
-135.4021122849338
-131.8783281194563
-128.39992330565397
-124.97192192350225
-121.59980658881915
-118.28955949307856
-115.04768571703264
-111.8812884064366
-108.79807646696752
-105.80641396028602
-102.91534676661949
-100.1346170695663
-100.1346170695663
-100.1346170695663
-100.1346170695663
-100.1346170695663
-100.1346170695663
-100.1346170695663
-100.1346170695663
-100.1346170695663
-97.91147221239129
-95.84825482887193
-95.84825482887193
-95.84825482887193
-95.84825482887193
-95.84825482887193
-95.84825482887193
-95.84825482887193
-95.84825482887193
-95.84825482887193
-95.84825482887193
-94.53482207220264
-94.53482207220264
-94.53482207220264
-94.53482207220264
-94.53482207220264
-94.53482207220264
-94.53482207220264
-94.53482207220264
-94.53482207220264
-94.53482207220264
-94.53482207220264
