62.828426361083984 452.82843017578125 0.7853981852531433
65.65685272216797 455.6568603515625 0.7853981852531433
68.48528289794922 458.48529052734375 0.7853981852531433
71.31371307373047 461.313720703125 0.7853981852531433
74.14214324951172 464.14215087890625 0.7853981852531433
76.97057342529297 466.9705810546875 0.7853981852531433
79.79900360107422 469.79901123046875 0.7853981852531433
82.62743377685547 472.62744140625 0.7853981852531433
85.45586395263672 475.45587158203125 0.7853981852531433
88.28429412841797 478.2843017578125 0.7853981852531433
91.11272430419922 481.11273193359375 0.7853981852531433
93.94115447998047 483.941162109375 0.7853981852531433
96.76958465576172 486.76959228515625 0.7853981852531433
99.59801483154297 489.5980224609375 0.7853981852531433
102.42644500732422 492.42645263671875 0.7853981852531433
105.25487518310547 495.2548828125 0.7853981852531433
108.08330535888672 498.08331298828125 0.7853981852531433
110.91173553466797 500.9117431640625 0.7853981852531433
113.74016571044922 503.74017333984375 0.7853981852531433
116.56859588623047 506.568603515625 0.7853981852531433
119.39702606201172 509.39703369140625 0.7853981852531433
122.22545623779297 512.2254638671875 0.7853981852531433
125.05388641357422 515.0538940429688 0.7853981852531433
127.88231658935547 517.88232421875 0.7853981852531433
130.7107391357422 520.7107543945312 0.7853981852531433
132.0077667236328 521.7345581054688 0.5510178208351135
133.50729370117188 522.4292602539062 0.3166586458683014
137.3084259033203 523.6748046875 0.3166586458683014
141.10955810546875 524.9203491210938 0.3166586458683014
144.9106903076172 526.1658935546875 0.3166586458683014
148.71182250976562 527.4114379882812 0.3166586458683014
150.3314666748047 527.7388305664062 0.0822782814502716
154.31793212890625 528.0675659179688 0.0822782814502716
158.3043975830078 528.3963012695312 0.0822782814502716
162.29086303710938 528.7250366210938 0.0822782814502716
166.27732849121094 529.0537719726562 0.0822782814502716
170.2637939453125 529.3825073242188 0.0822782814502716
171.91519165039062 529.3248291015625 -0.15210208296775818
173.50804138183594 528.8851928710938 -0.38648244738578796
177.21299743652344 527.37744140625 -0.38648244738578796
178.6602325439453 526.5798950195312 -0.6208598017692566
181.9137420654297 524.2529296875 -0.6208598017692566
185.16725158691406 521.9259643554688 -0.6208598017692566
188.42076110839844 519.5989990234375 -0.6208598017692566
191.6742706298828 517.2720336914062 -0.6208598017692566
194.9277801513672 514.945068359375 -0.6208598017692566
198.18128967285156 512.6181030273438 -0.6208598017692566
201.43479919433594 510.2911682128906 -0.6208598017692566
202.6572265625 509.1793518066406 -0.8552401661872864
205.2813720703125 506.1604309082031 -0.8552401661872864
207.905517578125 503.1415100097656 -0.8552401661872864
210.5296630859375 500.1225891113281 -0.8552401661872864
213.15380859375 497.1036682128906 -0.8552401661872864
215.7779541015625 494.0847473144531 -0.8552401661872864
218.402099609375 491.0658264160156 -0.8552401661872864
221.0262451171875 488.0469055175781 -0.8552401661872864
223.650390625 485.0279846191406 -0.8552401661872864
226.2745361328125 482.0090637207031 -0.8552401661872864
228.898681640625 478.9901428222656 -0.8552401661872864
231.5228271484375 475.9712219238281 -0.8552401661872864
234.14697265625 472.9523010253906 -0.8552401661872864
236.7711181640625 469.9333801269531 -0.8552401661872864
239.395263671875 466.9144592285156 -0.8552401661872864
242.0194091796875 463.8955383300781 -0.8552401661872864
244.6435546875 460.8766174316406 -0.8552401661872864
247.2677001953125 457.8576965332031 -0.8552401661872864
249.891845703125 454.8387756347656 -0.8552401661872864
252.5159912109375 451.8198547363281 -0.8552401661872864
255.14013671875 448.8009338378906 -0.8552401661872864
257.7642822265625 445.7820129394531 -0.8552401661872864
259.58172607421875 443.970947265625 -0.7120331525802612
261.6390380859375 442.43780517578125 -0.5688260793685913
263.89410400390625 441.2139892578125 -0.4256190359592438
266.30072021484375 440.32452392578125 -0.28241199254989624
270.14227294921875 439.2098388671875 -0.28241199254989624
272.6512145996094 438.6729431152344 -0.1392049491405487
272.6512145996094 438.6729431152344 0.26079505681991577
272.6512145996094 438.6729431152344 0.6607950925827026
274.0654296875 439.5276184082031 0.42641472816467285
277.7072448730469 441.18206787109375 0.42641472816467285
277.7072448730469 441.18206787109375 0.8264147043228149
278.9612121582031 442.2581787109375 0.5920343399047852
280.4308166503906 443.013671875 0.35765397548675537
280.4308166503906 443.013671875 0.7576539516448975
281.7557373046875 444.0010986328125 0.5232735872268677
283.2737731933594 444.65380859375 0.2888932228088379
283.2737731933594 444.65380859375 0.68889319896698
284.6634216308594 445.5478820800781 0.4545128345489502
285.4938049316406 445.80303955078125 0.14173758029937744
285.4938049316406 445.80303955078125 0.5417375564575195
286.2987976074219 446.12957763671875 0.22896230220794678
286.2987976074219 446.12957763671875 0.6289622783660889
287.739501953125 446.9388122558594 0.3945819139480591
288.58367919921875 447.1437683105469 0.08180665969848633
288.58367919921875 447.1437683105469 0.4818066656589508
289.4067687988281 447.4215087890625 0.16903141140937805
290.275390625 447.4324951171875 -0.1437438428401947
290.275390625 447.4324951171875 0.2562561631202698
291.17559814453125 447.52435302734375 -0.05289483070373535
291.17559814453125 447.52435302734375 0.3471051752567291
292.0285339355469 447.68902587890625 0.03432992100715637
292.0285339355469 447.68902587890625 0.43432992696762085
292.8638916015625 447.9273681640625 0.1215546727180481
296.8343811035156 448.4123840332031 0.1215546727180481
296.8343811035156 448.4123840332031 0.521554708480835
297.64581298828125 448.72259521484375 0.2087794542312622
298.5133056640625 448.7680969238281 -0.10399580001831055
301.07769775390625 448.68499755859375 0.03921124339103699
301.07769775390625 448.68499755859375 0.43921124935150146
301.9118957519531 448.92742919921875 0.1264359951019287
301.9118957519531 448.92742919921875 0.5264359712600708
302.7218017578125 449.2416076660156 0.21366071701049805
303.5890808105469 449.29132080078125 -0.09911453723907471
306.1538391113281 449.2207336425781 0.04409250617027283
308.7024230957031 449.51690673828125 0.18729954957962036
308.7024230957031 449.51690673828125 0.5872995853424072
309.49169921875 449.8797607421875 0.2745243310928345
310.3543395996094 449.9821472167969 -0.03825092315673828
312.91864013671875 450.0677185058594 0.10495612025260925
315.4444885253906 450.51837158203125 0.2481631636619568
317.8801574707031 451.32489013671875 0.3913702070713043
320.17578125 452.47076416015625 0.5345772504806519
322.2843933105469 453.93255615234375 0.6777843236923218
323.03765869140625 454.365234375 0.365009069442749
325.3627014160156 455.4502258300781 0.508216142654419
327.50909423828125 456.8559265136719 0.6514232158660889
329.4328918457031 458.5535583496094 0.7946302890777588
332.2350769042969 461.4079895019531 0.7946302890777588
335.0372619628906 464.2624206542969 0.7946302890777588
337.8394470214844 467.1168518066406 0.7946302890777588
340.6416320800781 469.9712829589844 0.7946302890777588
343.4438171386719 472.8257141113281 0.7946302890777588
346.2460021972656 475.6801452636719 0.7946302890777588
349.0481872558594 478.5345764160156 0.7946302890777588
351.8503723144531 481.3890075683594 0.7946302890777588
354.6525573730469 484.2434387207031 0.7946302890777588
357.4547424316406 487.0978698730469 0.7946302890777588
360.2569274902344 489.9523010253906 0.7946302890777588
363.0591125488281 492.8067321777344 0.7946302890777588
365.8612976074219 495.6611633300781 0.7946302890777588
368.6634826660156 498.5155944824219 0.7946302890777588
371.4656677246094 501.3700256347656 0.7946302890777588
374.2678527832031 504.2244567871094 0.7946302890777588
377.0700378417969 507.0788879394531 0.7946302890777588
379.8722229003906 509.9333190917969 0.7946302890777588
382.6744079589844 512.7877197265625 0.7946302890777588
385.4765930175781 515.6421508789062 0.7946302890777588
388.2787780761719 518.49658203125 0.7946302890777588
391.0809631347656 521.3510131835938 0.7946302890777588
392.3684997558594 522.38671875 0.560249924659729
393.8613586425781 523.0950927734375 0.3258695602416992
397.6508483886719 524.3756103515625 0.3258695602416992
401.4403381347656 525.6561279296875 0.3258695602416992
405.2298278808594 526.9366455078125 0.3258695602416992
406.84637451171875 527.2789916992188 0.09148919582366943
410.82965087890625 527.6444091796875 0.09148919582366943
414.81292724609375 528.0098266601562 0.09148919582366943
418.79620361328125 528.375244140625 0.09148919582366943
422.77947998046875 528.7406616210938 0.09148919582366943
426.76275634765625 529.1060791015625 0.09148919582366943
430.74603271484375 529.4714965820312 0.09148919582366943
434.72930908203125 529.8369140625 0.09148919582366943
438.71258544921875 530.2023315429688 0.09148919582366943
442.69586181640625 530.5677490234375 0.09148919582366943
446.67913818359375 530.9331665039062 0.09148919582366943
450.66241455078125 531.298583984375 0.09148919582366943
454.64569091796875 531.6640014648438 0.09148919582366943
458.62896728515625 532.0294189453125 0.09148919582366943
462.61224365234375 532.3948364257812 0.09148919582366943
466.59552001953125 532.76025390625 0.09148919582366943
470.57879638671875 533.1256713867188 0.09148919582366943
474.56207275390625 533.4910888671875 0.09148919582366943
478.54534912109375 533.8565063476562 0.09148919582366943
482.52862548828125 534.221923828125 0.09148919582366943
486.51190185546875 534.5873413085938 0.09148919582366943
488.1751708984375 534.5455322265625 -0.14175379276275635
492.1350402832031 533.9804077148438 -0.14175379276275635
496.09490966796875 533.415283203125 -0.14175379276275635
500.0547790527344 532.8501586914062 -0.14175379276275635
504.0146484375 532.2850341796875 -0.14175379276275635
507.9745178222656 531.7199096679688 -0.14175379276275635
511.93438720703125 531.15478515625 -0.14175379276275635
515.894287109375 530.5896606445312 -0.14175379276275635
519.8541870117188 530.0245361328125 -0.14175379276275635
523.8140869140625 529.4594116210938 -0.14175379276275635
525.411376953125 529.0363159179688 -0.37613415718078613
526.8667602539062 528.2537841796875 -0.6105145215988159
528.1006469726562 527.1546630859375 -0.8448948860168457
529.0455322265625 525.799072265625 -1.0792752504348755
529.6497192382812 524.2611083984375 -1.3136556148529053
529.8802490234375 522.6248779296875 -1.548035979270935
529.9712524414062 518.6259155273438 -1.548035979270935
530.062255859375 514.626953125 -1.548035979270935
530.1532592773438 510.62799072265625 -1.548035979270935
530.2442626953125 506.6290283203125 -1.548035979270935
530.3352661132812 502.63006591796875 -1.548035979270935
530.42626953125 498.631103515625 -1.548035979270935
530.5172729492188 494.63214111328125 -1.548035979270935
530.6082763671875 490.6331787109375 -1.548035979270935
530.6992797851562 486.63421630859375 -1.548035979270935
530.54345703125 484.9891662597656 -1.7824163436889648
530.0098876953125 483.42529296875 -2.016796588897705
528.284423828125 479.81658935546875 -2.016796588897705
526.5589599609375 476.2078857421875 -2.016796588897705
524.83349609375 472.59918212890625 -2.016796588897705
523.9512939453125 471.20196533203125 -2.2511768341064453
521.4349365234375 468.0926208496094 -2.2511768341064453
521.4349365234375 468.0926208496094 -1.8511768579483032
520.795166015625 466.569091796875 -2.085557222366333
518.8258666992188 463.08746337890625 -2.085557222366333
517.8497314453125 461.7541809082031 -2.3199377059936523
517.8497314453125 461.7541809082031 -1.9199377298355103
517.1068115234375 460.2781982421875 -2.15431809425354
514.9029541015625 456.9400939941406 -2.15431809425354
512.6990966796875 453.60198974609375 -2.15431809425354
511.8500671386719 452.6317138671875 -2.4249935150146484
511.8500671386719 452.6317138671875 -2.024993419647217
510.9564514160156 451.2417907714844 -2.259373664855957
510.9564514160156 451.2417907714844 -1.859373688697815
510.30419921875 449.72357177734375 -2.0937540531158447
509.31719970703125 448.3983154296875 -2.328134536743164
509.31719970703125 448.3983154296875 -1.928134560585022
508.56219482421875 446.9284973144531 -2.1625149250030518
507.4864807128906 445.6741943359375 -2.396895408630371
507.4864807128906 445.6741943359375 -1.996895432472229
506.63226318359375 444.25970458984375 -2.231275796890259
505.9989929199219 443.6650695800781 -2.544051170349121
505.9989929199219 443.6650695800781 -2.1440510749816895
504.94659423828125 442.39111328125 -2.3784313201904297
504.94659423828125 442.39111328125 -1.9784313440322876
504.1186218261719 440.9610900878906 -2.2128117084503174
502.981201171875 439.762451171875 -2.4471921920776367
502.981201171875 439.762451171875 -2.047192096710205
502.05694580078125 438.3927001953125 -2.2815723419189453
501.3945617675781 437.8306579589844 -2.5943474769592285
501.3945617675781 437.8306579589844 -2.194347381591797
500.2794494628906 436.6112365722656 -2.428727626800537
500.2794494628906 436.6112365722656 -2.0287275314331055
499.3806457519531 435.22467041015625 -2.2631077766418457
498.728759765625 434.6504821777344 -2.575882911682129
498.728759765625 434.6504821777344 -2.1758828163146973
497.6363525390625 433.4106750488281 -2.4102630615234375
497.6363525390625 433.4106750488281 -2.010262966156006
496.7633056640625 432.00775146484375 -2.244643211364746
495.61663818359375 430.8788146972656 -2.4833455085754395
495.61663818359375 430.8788146972656 -2.083345413208008
494.64349365234375 429.5433654785156 -2.317725658416748
493.96124267578125 429.0056457519531 -2.6305007934570312
493.96124267578125 429.0056457519531 -2.2305006980895996
492.80279541015625 427.82733154296875 -2.46488094329834
492.80279541015625 427.82733154296875 -2.064880847930908
491.8544616699219 426.4741516113281 -2.2992610931396484
491.1822509765625 425.9239196777344 -2.6120362281799316
491.1822509765625 425.9239196777344 -2.2120361328125
490.0457458496094 424.7243957519531 -2.4464163780212402
490.0457458496094 424.7243957519531 -2.0464162826538086
489.12255859375 423.35394287109375 -2.280796527862549
488.4606018066406 422.7913818359375 -2.593571662902832
488.4606018066406 422.7913818359375 -2.1935715675354004
487.346435546875 421.57110595703125 -2.4279518127441406
486.6091613769531 421.1116943359375 -2.740726947784424
486.6091613769531 421.1116943359375 -2.340726852416992
485.9147033691406 420.58978271484375 -2.6535019874572754
485.9147033691406 420.58978271484375 -2.2535018920898438
484.7294616699219 419.43841552734375 -2.487882137298584
484.7294616699219 419.43841552734375 -2.0878820419311523
483.750244140625 418.1073913574219 -2.3222622871398926
483.0655517578125 417.57275390625 -2.635037422180176
483.0655517578125 417.57275390625 -2.235037326812744
481.9017639160156 416.3996887207031 -2.4694175720214844
481.1460876464844 415.9712219238281 -2.7821927070617676
481.1460876464844 415.9712219238281 -2.382192611694336
480.43060302734375 415.47857666015625 -2.694967746734619
480.43060302734375 415.47857666015625 -2.2949676513671875
479.7607421875 414.9254455566406 -2.6077427864074707
479.7607421875 414.9254455566406 -2.207742691040039
478.62939453125 413.7210693359375 -2.4421229362487793
477.88568115234375 413.27215576171875 -2.7548980712890625
477.88568115234375 413.27215576171875 -2.354897975921631
477.18389892578125 412.7601623535156 -2.667673110961914
477.18389892578125 412.7601623535156 -2.2676730155944824
475.9824523925781 411.6257019042969 -2.5020532608032227
475.21319580078125 411.2221374511719 -2.814828395843506
475.21319580078125 411.2221374511719 -2.414828300476074
474.4820251464844 410.7530822753906 -2.7276034355163574
474.4820251464844 410.7530822753906 -2.327603340148926
473.79449462890625 410.22210693359375 -2.640378475189209
473.79449462890625 410.22210693359375 -2.2403783798217773
472.62445068359375 409.0552978515625 -2.4747586250305176
471.8664855957031 408.6308898925781 -2.787533760070801
471.8664855957031 408.6308898925781 -2.387533664703369
471.14837646484375 408.1420593261719 -2.7003087997436523
471.14837646484375 408.1420593261719 -2.3003087043762207
469.9105529785156 407.04742431640625 -2.534688949584961
469.1285400390625 406.6691589355469 -2.847464084625244
469.1285400390625 406.6691589355469 -2.4474639892578125
468.3824462890625 406.2242126464844 -2.7602391242980957
468.3824462890625 406.2242126464844 -2.360239028930664
467.6779479980469 405.7159729003906 -2.6730141639709473
467.6779479980469 405.7159729003906 -2.2730140686035156
466.470458984375 404.58795166015625 -2.507394313812256
465.6990661621094 404.1885070800781 -2.820169448852539
465.6990661621094 404.1885070800781 -2.4201693534851074
464.96539306640625 403.7233581542969 -2.7329444885253906
464.96539306640625 403.7233581542969 -2.332944393157959
463.6925354003906 402.669677734375 -2.5673258304595947
462.8985900878906 402.317138671875 -2.880101203918457
462.8985900878906 402.317138671875 -2.4801011085510254
462.13836669921875 401.89678955078125 -2.7928762435913086
462.13836669921875 401.89678955078125 -2.392876148223877
461.41766357421875 401.41180419921875 -2.70565128326416
461.41766357421875 401.41180419921875 -2.3056511878967285
460.17401123046875 400.32379150390625 -2.5400314331054688
459.3899841308594 399.94970703125 -2.852806568145752
459.3899841308594 399.94970703125 -2.4528064727783203
458.6415100097656 399.5087585449219 -2.7655816078186035
458.6415100097656 399.5087585449219 -2.365581512451172
457.9342956542969 399.0042724609375 -2.678356647491455
457.9342956542969 399.0042724609375 -2.2783565521240234
456.7207946777344 397.8827209472656 -2.5127367973327637
455.947265625 397.4873962402344 -2.825511932373047
455.947265625 397.4873962402344 -2.4255118370056152
455.21112060546875 397.02618408203125 -2.7382869720458984
455.21112060546875 397.02618408203125 -2.338286876678467
453.9326171875 395.97930908203125 -2.572667121887207
453.1368103027344 395.6310119628906 -2.8854422569274902
453.1368103027344 395.6310119628906 -2.4854421615600586
452.3743591308594 395.2147216796875 -2.798217296600342
452.3743591308594 395.2147216796875 -2.39821720123291
451.65106201171875 394.73358154296875 -2.7109923362731934
451.65106201171875 394.73358154296875 -2.3109922409057617
450.401611328125 393.6522216796875 -2.545372486114502
449.6156005859375 393.2823486328125 -2.858147621154785
449.6156005859375 393.2823486328125 -2.4581475257873535
448.86480712890625 392.84539794921875 -2.7709226608276367
448.86480712890625 392.84539794921875 -2.370922565460205
448.1549072265625 392.3446960449219 -2.6836977005004883
448.1549072265625 392.3446960449219 -2.2836976051330566
446.9354553222656 391.2296447753906 -2.518077850341797
446.1598205566406 390.83843994140625 -2.83085298538208
446.1598205566406 390.83843994140625 -2.4308528900146484
445.42120361328125 390.38116455078125 -2.7436280250549316
445.42120361328125 390.38116455078125 -2.3436279296875
444.13714599609375 389.3411560058594 -2.5780081748962402
443.3394775390625 388.99713134765625 -2.8907833099365234
443.3394775390625 388.99713134765625 -2.490783214569092
442.5747985839844 388.5849304199219 -2.803558349609375
442.5747985839844 388.5849304199219 -2.4035582542419434
441.84893798828125 388.107666015625 -2.7163333892822266
441.84893798828125 388.107666015625 -2.316333293914795
440.59375 387.0329895019531 -2.550713539123535
439.8057556152344 386.66729736328125 -2.8634886741638184
439.8057556152344 386.66729736328125 -2.4634885787963867
439.0526123046875 386.234375 -2.77626371383667
439.0526123046875 386.234375 -2.3762636184692383
438.3400573730469 385.73748779296875 -2.6890387535095215
438.3400573730469 385.73748779296875 -2.28903865814209
437.1146545410156 384.62896728515625 -2.52341890335083
436.3369445800781 384.2419128417969 -2.8361940383911133
436.3369445800781 384.2419128417969 -2.4361939430236816
435.5959167480469 383.78857421875 -2.748969078063965
435.5959167480469 383.78857421875 -2.348968982696533
434.3063049316406 382.75543212890625 -2.5833492279052734
433.5068054199219 382.4156494140625 -2.8961243629455566
433.5068054199219 382.4156494140625 -2.496124267578125
432.7399597167969 382.0075378417969 -2.808899402618408
432.7399597167969 382.0075378417969 -2.4088993072509766
432.0115661621094 381.5341491699219 -2.7216744422912598
430.0875549316406 380.8934020996094 -2.9185571670532227
430.0875549316406 380.8934020996094 -2.518557071685791
429.3117370605469 380.5025939941406 -2.831332206726074
429.3117370605469 380.5025939941406 -2.4313321113586426
428.5729064941406 380.0456848144531 -2.744107246398926
428.5729064941406 380.0456848144531 -2.344107151031494
427.2883605957031 379.00628662109375 -2.5784873962402344
426.49053955078125 378.6626281738281 -2.8912625312805176
426.49053955078125 378.6626281738281 -2.491262435913086
425.7256774902344 378.25079345703125 -2.804037570953369
425.7256774902344 378.25079345703125 -2.4040374755859375
424.9996032714844 377.77386474609375 -2.7168126106262207
424.9996032714844 377.77386474609375 -2.316812515258789
423.743896484375 376.6997985839844 -2.5511927604675293
422.95574951171875 376.3345031738281 -2.8639678955078125
422.95574951171875 376.3345031738281 -2.463967800140381
422.2024230957031 375.9019470214844 -2.776742935180664
422.2024230957031 375.9019470214844 -2.3767428398132324
420.8846435546875 374.9049987792969 -2.6111230850219727
420.0760192871094 374.5875549316406 -2.923898220062256
420.0760192871094 374.5875549316406 -2.523898124694824
419.2981262207031 374.2008972167969 -2.8366732597351074
419.2981262207031 374.2008972167969 -2.436673164367676
418.556884765625 373.7479248046875 -2.749448299407959
418.556884765625 373.7479248046875 -2.3494482040405273
417.26678466796875 372.71539306640625 -2.5838284492492676
416.4671325683594 372.3760070800781 -2.896603584289551
416.4671325683594 372.3760070800781 -2.496603488922119
415.7000732421875 371.96826171875 -2.8093786239624023
415.7000732421875 371.96826171875 -2.4093785285949707
414.9714660644531 371.4952392578125 -2.722153663635254
414.9714660644531 371.4952392578125 -2.3221535682678223
413.71002197265625 370.4278869628906 -2.5565338134765625
412.919921875 370.0668029785156 -2.8693089485168457
412.919921875 370.0668029785156 -2.469308853149414
412.1642761230469 369.6382751464844 -2.7820839881896973
412.1642761230469 369.6382751464844 -2.3820838928222656
410.8411865234375 368.6484069824219 -2.6164653301239014
410.0308837890625 368.3352966308594 -2.9292407035827637
410.0308837890625 368.3352966308594 -2.529240608215332
409.2509460449219 367.9527893066406 -2.8420157432556152
409.2509460449219 367.9527893066406 -2.4420156478881836
408.5072937011719 367.5037841796875 -2.754790782928467
408.5072937011719 367.5037841796875 -2.354790687561035
407.2117004394531 366.4781494140625 -2.5891709327697754
406.4102478027344 366.1430358886719 -2.9019460678100586
406.4102478027344 366.1430358886719 -2.501945972442627
405.6410217285156 365.7393798828125 -2.81472110748291
405.6410217285156 365.7393798828125 -2.4147210121154785
404.9098815917969 365.270263671875 -2.7274961471557617
404.06988525390625 365.0488586425781 -3.040271282196045
404.06988525390625 365.0488586425781 -2.6402711868286133
403.2523498535156 364.755126953125 -2.9530463218688965
403.2523498535156 364.755126953125 -2.553046226501465
402.4635314941406 364.39129638671875 -2.865821361541748
402.4635314941406 364.39129638671875 -2.4658212661743164
401.7093811035156 363.9601135253906 -2.7785964012145996
401.7093811035156 363.9601135253906 -2.378596305847168
400.3897399902344 362.96563720703125 -2.612976551055908
399.5805358886719 362.6496887207031 -2.9257516860961914
399.5805358886719 362.6496887207031 -2.5257515907287598
398.80194091796875 362.26446533203125 -2.838526725769043
398.80194091796875 362.26446533203125 -2.4385266304016113
398.0598449707031 361.8128662109375 -2.7513017654418945
397.2144470214844 361.6114196777344 -3.064039468765259
397.2144470214844 361.6114196777344 -2.664039373397827
396.3901672363281 361.3371887207031 -2.9768147468566895
396.3901672363281 361.3371887207031 -2.576814651489258
395.5929260253906 360.9921875 -2.889589786529541
395.5929260253906 360.9921875 -2.4895896911621094
394.8287658691406 360.5790710449219 -2.8023648262023926
394.8287658691406 360.5790710449219 -2.402364730834961
394.1034851074219 360.1009521484375 -2.715139865875244
394.1034851074219 360.1009521484375 -2.3151397705078125
392.8495788574219 359.0247802734375 -2.5495200157165527
392.0620422363281 358.6581726074219 -2.862295150756836
392.0620422363281 358.6581726074219 -2.4622950553894043
391.3094177246094 358.2243347167969 -2.7750701904296875
391.3094177246094 358.2243347167969 -2.375070095062256
389.9932861328125 357.2251892089844 -2.609450340270996
389.1852111816406 356.9064025878906 -2.9222254753112793
389.1852111816406 356.9064025878906 -2.5222253799438477
388.407958984375 356.5184326171875 -2.835000514984131
388.407958984375 356.5184326171875 -2.435000419616699
387.66748046875 356.0642395019531 -2.7477755546569824
387.66748046875 356.0642395019531 -2.347775459289551
386.3791198730469 355.0295715332031 -2.582155704498291
385.5800476074219 354.6888427734375 -2.894930839538574
385.5800476074219 354.6888427734375 -2.4949307441711426
384.8136901855469 354.2798156738281 -2.807705879211426
384.8136901855469 354.2798156738281 -2.407705783843994
384.08587646484375 353.8055725097656 -2.7204809188842773
383.2474365234375 353.5782775878906 -3.0332560539245605
383.2474365234375 353.5782775878906 -2.633255958557129
382.4319763183594 353.27880859375 -2.946031093597412
382.4319763183594 353.27880859375 -2.5460309982299805
381.6457214355469 352.9094543457031 -2.8588061332702637
381.6457214355469 352.9094543457031 -2.458806037902832
380.8946228027344 352.4729919433594 -2.7715811729431152
380.8946228027344 352.4729919433594 -2.3715810775756836
379.5820007324219 351.4692687988281 -2.605961322784424
378.7750244140625 351.1476745605469 -2.918736457824707
378.7750244140625 351.1476745605469 -2.5187363624572754
377.9991455078125 350.7569885253906 -2.8315114974975586
377.9991455078125 350.7569885253906 -2.431511402130127
377.26025390625 350.3002014160156 -2.74428653717041
375.7116394042969 349.85821533203125 -2.982858419418335
375.7116394042969 349.85821533203125 -2.5828583240509033
374.9123229980469 349.51806640625 -2.8956336975097656
374.9123229980469 349.51806640625 -2.495633602142334
374.1456604003906 349.10955810546875 -2.808408737182617
374.1456604003906 349.10955810546875 -2.4084086418151855
373.4175109863281 348.6358337402344 -2.7211837768554688
373.4175109863281 348.6358337402344 -2.321183681488037
372.1571044921875 347.5672607421875 -2.5555639266967773
371.36737060546875 347.2054138183594 -2.8683390617370605
371.36737060546875 347.2054138183594 -2.468338966369629
370.6121520996094 346.7761535644531 -2.781114101409912
370.6121520996094 346.7761535644531 -2.3811140060424805
369.8971862792969 346.28271484375 -2.6938891410827637
369.0650939941406 346.033203125 -3.006664276123047
369.0650939941406 346.033203125 -2.6066641807556152
368.2579040527344 345.712158203125 -2.9194393157958984
368.2579040527344 345.712158203125 -2.519439220428467
367.48175048828125 345.322021484375 -2.83221435546875
367.48175048828125 345.322021484375 -2.4322142601013184
366.7425231933594 344.8657531738281 -2.7449893951416016
366.7425231933594 344.8657531738281 -2.34498929977417
365.45703125 343.8274841308594 -2.57936954498291
364.6589050292969 343.4845275878906 -2.8921446800231934
364.6589050292969 343.4845275878906 -2.4921445846557617
363.8936767578125 343.0733642578125 -2.804919719696045
363.8936767578125 343.0733642578125 -2.4049196243286133
363.16717529296875 342.5970764160156 -2.7176947593688965
362.3293762207031 342.3674621582031 -3.0304698944091797
362.3293762207031 342.3674621582031 -2.630469799041748
361.5147705078125 342.06573486328125 -2.9432449340820312
361.5147705078125 342.06573486328125 -2.5432448387145996
360.72955322265625 341.6941833496094 -2.856019973754883
360.72955322265625 341.6941833496094 -2.456019878387451
359.97967529296875 341.2556457519531 -2.7687950134277344
359.97967529296875 341.2556457519531 -2.3687949180603027
358.66986083984375 340.2482604980469 -2.603175163269043
357.8638000488281 339.9244079589844 -2.915950298309326
357.8638000488281 339.9244079589844 -2.5159502029418945
357.0890197753906 339.53155517578125 -2.8287253379821777
357.0890197753906 339.53155517578125 -2.428725242614746
356.35137939453125 339.0727233886719 -2.7415003776550293
356.35137939453125 339.0727233886719 -2.3415002822875977
355.06951904296875 338.02996826171875 -2.575880527496338
354.2725830078125 337.6842346191406 -2.888655662536621
354.2725830078125 337.6842346191406 -2.4886555671691895
353.5087890625 337.2703857421875 -2.8014307022094727
353.5087890625 337.2703857421875 -2.401430606842041
352.7839660644531 336.79156494140625 -2.714205741882324
351.94696044921875 336.55902099609375 -3.0269808769226074
351.94696044921875 336.55902099609375 -2.626980781555176
351.1334228515625 336.25445556640625 -2.939755916595459
351.1334228515625 336.25445556640625 -2.5397558212280273
350.3494873046875 335.8801574707031 -2.8525309562683105
350.3494873046875 335.8801574707031 -2.452530860900879
349.60113525390625 335.4389953613281 -2.765305995941162
349.60113525390625 335.4389953613281 -2.3653059005737305
348.2948303222656 334.42706298828125 -2.5996861457824707
347.4898986816406 334.10040283203125 -2.912461280822754
347.4898986816406 334.10040283203125 -2.5124611854553223
346.71649169921875 333.7048645019531 -2.8252363204956055
346.71649169921875 333.7048645019531 -2.425236225128174
345.98046875 333.2434387207031 -2.738011360168457
345.1368408203125 333.0304870605469 -3.0506465435028076
345.1368408203125 333.0304870605469 -2.650646448135376
344.3163146972656 332.7452392578125 -2.9634218215942383
344.3163146972656 332.7452392578125 -2.5634217262268066
343.52374267578125 332.3896179199219 -2.87619686126709
343.52374267578125 332.3896179199219 -2.476196765899658
342.7651672363281 331.9662780761719 -2.7889719009399414
342.7651672363281 331.9662780761719 -2.3889718055725098
341.43572998046875 330.9859313964844 -2.623411178588867
340.6232604980469 330.678466796875 -2.9361863136291504
340.6232604980469 330.678466796875 -2.5361862182617188
339.8406677246094 330.3013916015625 -2.848961353302002
339.8406677246094 330.3013916015625 -2.4489612579345703
339.0939025878906 329.8575744628906 -2.7617363929748535
338.2364807128906 329.6622314453125 -3.0734405517578125
338.2364807128906 329.6622314453125 -2.673440456390381
337.40966796875 329.3957824707031 -2.986215591430664
337.40966796875 329.3957824707031 -2.5862154960632324
336.60919189453125 329.0583190917969 -2.8989906311035156
336.60919189453125 329.0583190917969 -2.498990535736084
335.8411560058594 328.65240478515625 -2.811765670776367
335.8411560058594 328.65240478515625 -2.4117655754089355
335.1114196777344 328.1811218261719 -2.7245407104492188
334.2720642089844 327.9572448730469 -3.037315845489502
334.2720642089844 327.9572448730469 -2.6373157501220703
333.4554138183594 327.6611022949219 -2.9500908851623535
333.4554138183594 327.6611022949219 -2.550090789794922
332.66766357421875 327.294921875 -2.862865924835205
332.66766357421875 327.294921875 -2.4628658294677734
331.914794921875 326.86151123046875 -2.7756409645080566
331.914794921875 326.86151123046875 -2.375640869140625
330.5981140136719 325.8631286621094 -2.6100211143493652
329.78985595703125 325.5447998046875 -2.9227962493896484
329.78985595703125 325.5447998046875 -2.522796154022217
329.01239013671875 325.1572570800781 -2.8355712890625
329.01239013671875 325.1572570800781 -2.4355711936950684
328.2716369628906 324.7034606933594 -2.7483463287353516
328.2716369628906 324.7034606933594 -2.34834623336792
326.9826965332031 323.6695251464844 -2.58272647857666
326.18341064453125 323.3292541503906 -2.8955016136169434
326.18341064453125 323.3292541503906 -2.4955015182495117
325.41680908203125 322.920654296875 -2.808276653289795
325.41680908203125 322.920654296875 -2.4082765579223633
324.688720703125 322.4468078613281 -2.7210516929626465
323.85015869140625 322.2200012207031 -3.0338268280029297
323.85015869140625 322.2200012207031 -2.633826732635498
323.0345458984375 321.9209899902344 -2.9466018676757812
323.0345458984375 321.9209899902344 -2.5466017723083496
322.2480773925781 321.55206298828125 -2.859376907348633
322.2480773925781 321.55206298828125 -2.459376811981201
321.4967346191406 321.11602783203125 -2.7721519470214844
321.4967346191406 321.11602783203125 -2.3721518516540527
320.18353271484375 320.1130676269531 -2.606532096862793
319.3763732910156 319.79193115234375 -2.919307231903076
319.3763732910156 319.79193115234375 -2.5193071365356445
318.6002502441406 319.4017028808594 -2.8320822715759277
318.6002502441406 319.4017028808594 -2.432082176208496
317.861083984375 318.9453430175781 -2.7448573112487793
317.861083984375 318.9453430175781 -2.3448572158813477
316.57574462890625 317.9068908691406 -2.579237461090088
315.77764892578125 317.5638427734375 -2.892012596130371
315.77764892578125 317.5638427734375 -2.4920125007629395
315.0124816894531 317.1525573730469 -2.8047876358032227
315.0124816894531 317.1525573730469 -2.404787540435791
314.2860412597656 316.6761779785156 -2.717562675476074
313.4480895996094 316.4463806152344 -3.0303187370300293
313.4480895996094 316.4463806152344 -2.6303186416625977
312.6335144042969 316.14453125 -2.943093776702881
312.6335144042969 316.14453125 -2.543093681335449
311.84832763671875 315.7728576660156 -2.8558688163757324
311.84832763671875 315.7728576660156 -2.455868721008301
311.0985107421875 315.3341979980469 -2.768643856048584
311.0985107421875 315.3341979980469 -2.3686437606811523
309.7888488769531 314.3266296386719 -2.6030240058898926
308.9828186035156 314.0026550292969 -2.915799140930176
308.9828186035156 314.0026550292969 -2.515799045562744
308.20806884765625 313.60968017578125 -2.8285741806030273
308.20806884765625 313.60968017578125 -2.4285740852355957
307.47052001953125 313.1507263183594 -2.741349220275879
307.47052001953125 313.1507263183594 -2.3413491249084473
306.1888427734375 312.1077880859375 -2.5757293701171875
305.3919677734375 311.7619323730469 -2.8885045051574707
305.3919677734375 311.7619323730469 -2.488504409790039
304.62823486328125 311.34796142578125 -2.8012795448303223
304.62823486328125 311.34796142578125 -2.4012794494628906
303.9034729003906 310.8690490722656 -2.714054584503174
303.0665283203125 310.6363830566406 -3.026829719543457
303.0665283203125 310.6363830566406 -2.6268296241760254
302.2530212402344 310.3316955566406 -2.9396047592163086
302.2530212402344 310.3316955566406 -2.539604663848877
301.4691467285156 309.957275390625 -2.85237979888916
301.4691467285156 309.957275390625 -2.4523797035217285
300.72088623046875 309.5159912109375 -2.7651548385620117
300.72088623046875 309.5159912109375 -2.36515474319458
300.0138854980469 309.0111999511719 -2.6779298782348633
299.1858825683594 308.7484436035156 -2.9907050132751465
299.1858825683594 308.7484436035156 -2.590704917907715
298.3839111328125 308.41455078125 -2.903480052947998
298.3839111328125 308.41455078125 -2.5034799575805664
297.61407470703125 308.0120849609375 -2.8162550926208496
297.61407470703125 308.0120849609375 -2.416254997253418
296.8822326660156 307.5440673828125 -2.729030132293701
296.8822326660156 307.5440673828125 -2.3290300369262695
295.6134948730469 306.48541259765625 -2.5634102821350098
294.8209228515625 306.1297607421875 -2.876185417175293
294.8209228515625 306.1297607421875 -2.4761853218078613
294.0623474121094 305.7064208984375 -2.7889604568481445
294.0623474121094 305.7064208984375 -2.388960361480713
293.3435363769531 305.2186279296875 -2.701735496520996
292.509521484375 304.9756774902344 -3.0145106315612793
292.509521484375 304.9756774902344 -2.6145105361938477
291.6998291015625 304.6609802246094 -2.927285671234131
291.6998291015625 304.6609802246094 -2.527285575866699
290.9206237792969 304.2769470214844 -2.8400607109069824
290.9206237792969 304.2769470214844 -2.440060615539551
290.1778564453125 303.82647705078125 -2.752835750579834
290.1778564453125 303.82647705078125 -2.3528356552124023
289.4771423339844 303.3130187988281 -2.6656107902526855
288.6524353027344 303.04010009765625 -2.9783859252929688
288.6524353027344 303.04010009765625 -2.578385829925537
287.8546447753906 302.6963806152344 -2.8911609649658203
287.8546447753906 302.6963806152344 -2.4911608695983887
287.0898132324219 302.2844543457031 -2.803936004638672
287.0898132324219 302.2844543457031 -2.4039359092712402
286.3638000488281 301.8074645996094 -2.7167110443115234
285.5262145996094 301.5770263671875 -3.0294861793518066
283.003662109375 301.10833740234375 -2.8862791061401367
283.003662109375 301.10833740234375 -2.486279010772705
282.2408752441406 300.69268798828125 -2.7990541458129883
282.2408752441406 300.69268798828125 -2.3990540504455566
281.5171813964844 300.212158203125 -2.71182918548584
281.5171813964844 300.212158203125 -2.311829090118408
280.8381042480469 299.67041015625 -2.6246042251586914
280.0252685546875 299.3638916015625 -2.9373793601989746
280.0252685546875 299.3638916015625 -2.537379264831543
279.24224853515625 298.98773193359375 -2.850154399871826
279.24224853515625 298.98773193359375 -2.4501543045043945
278.4949645996094 298.5447998046875 -2.7629294395446777
278.4949645996094 298.5447998046875 -2.362929344177246
277.7890930175781 298.0384521484375 -2.6757044792175293
276.961669921875 297.77386474609375 -2.9884796142578125
274.46044921875 297.2021484375 -2.8452725410461426
274.46044921875 297.2021484375 -2.445272445678711
273.71533203125 296.7555847167969 -2.758047580718994
273.71533203125 296.7555847167969 -2.3580474853515625
273.011962890625 296.24578857421875 -2.6708226203918457
273.011962890625 296.24578857421875 -2.270822525024414
272.35565185546875 295.6766662597656 -2.5835976600646973
271.5560607910156 295.33709716796875 -2.8963727951049805
269.1180114746094 294.5377502441406 -2.7531657218933105
269.1180114746094 294.5377502441406 -2.353165626525879
268.4171142578125 294.0245361328125 -2.665940761566162
266.2331237792969 293.116455078125 -2.8291525840759277
263.8542785644531 292.1551513671875 -2.685945510864258
261.6369934082031 290.8641662597656 -2.542738437652588
259.62664794921875 289.26995849609375 -2.399531364440918
258.9027404785156 288.7897644042969 -2.712306499481201
256.6521911621094 287.55767822265625 -2.5690994262695312
254.60052490234375 286.01702880859375 -2.4258923530578613
252.78973388671875 284.1993408203125 -2.2826852798461914
251.25689697265625 282.1418151855469 -2.1394782066345215
250.6807861328125 281.49163818359375 -2.4522533416748047
248.82272338867188 279.7222900390625 -2.3090462684631348
247.23619079589844 277.70587158203125 -2.165839195251465
245.95367431640625 275.4836730957031 -2.022632122039795
245.00143432617188 273.1011962890625 -1.879425048828125
244.3989715576172 270.6072082519531 -1.736217975616455
244.1586151123047 268.0527648925781 -1.5930109024047852
244.2852783203125 265.49017333984375 -1.4498038291931152
244.25453186035156 264.62200927734375 -1.762579083442688
243.94692993164062 262.07476806640625 -1.619372010231018
244.00601196289062 259.50970458984375 -1.4761649370193481
244.38397216796875 255.52760314941406 -1.4761649370193481
244.76193237304688 251.54550170898438 -1.4761649370193481
245.139892578125 247.5634002685547 -1.4761649370193481
245.51785278320312 243.581298828125 -1.4761649370193481
245.89581298828125 239.5991973876953 -1.4761649370193481
246.27377319335938 235.61709594726562 -1.4761649370193481
246.6517333984375 231.63499450683594 -1.4761649370193481
247.02969360351562 227.65289306640625 -1.4761649370193481
247.40765380859375 223.67079162597656 -1.4761649370193481
247.78561401367188 219.68869018554688 -1.4761649370193481
248.16357421875 215.7065887451172 -1.4761649370193481
248.588134765625 213.1762237548828 -1.3329578638076782
249.36947631835938 210.7323455810547 -1.1897507905960083
250.49159240722656 208.4250030517578 -1.0465437173843384
251.93153381347656 206.30142211914062 -0.9033366441726685
253.65980529785156 204.40509033203125 -0.7601295709609985
255.64102172851562 202.7748260498047 -0.6169224977493286
257.8346252441406 201.44400024414062 -0.4737154543399811
260.1957092285156 200.4398651123047 -0.33050841093063354
263.9792175292969 199.1417694091797 -0.33050841093063354
267.7627258300781 197.8436737060547 -0.33050841093063354
271.5462341308594 196.5455780029297 -0.33050841093063354
275.3297424316406 195.2474822998047 -0.33050841093063354
279.1132507324219 193.9493865966797 -0.33050841093063354
282.8967590332031 192.6512908935547 -0.33050841093063354
286.6802673339844 191.3531951904297 -0.33050841093063354
290.4637756347656 190.0550994873047 -0.33050841093063354
294.2472839355469 188.7570037841797 -0.33050841093063354
298.0307922363281 187.4589080810547 -0.33050841093063354
301.8143005371094 186.1608123779297 -0.33050841093063354
305.5978088378906 184.8627166748047 -0.33050841093063354
309.3813171386719 183.5646209716797 -0.33050841093063354
313.1648254394531 182.2665252685547 -0.33050841093063354
316.9483337402344 180.9684295654297 -0.33050841093063354
320.7318420410156 179.6703338623047 -0.33050841093063354
324.5153503417969 178.3722381591797 -0.33050841093063354
328.2988586425781 177.0741424560547 -0.33050841093063354
332.0823669433594 175.7760467529297 -0.33050841093063354
335.8658752441406 174.4779510498047 -0.33050841093063354
339.6493835449219 173.1798553466797 -0.33050841093063354
341.4388427734375 172.775146484375 -0.11433222889900208
345.4127197265625 172.31881713867188 -0.11433222889900208
349.3865966796875 171.86248779296875 -0.11433222889900208
353.3604736328125 171.40615844726562 -0.11433222889900208
357.3343505859375 170.9498291015625 -0.11433222889900208
361.3082275390625 170.49349975585938 -0.11433222889900208
365.2821044921875 170.03717041015625 -0.11433222889900208
369.2559814453125 169.58084106445312 -0.11433222889900208
373.2298583984375 169.12451171875 -0.11433222889900208
377.2037353515625 168.66818237304688 -0.11433222889900208
381.1776123046875 168.21185302734375 -0.11433222889900208
385.1514892578125 167.75552368164062 -0.11433222889900208
389.1253662109375 167.2991943359375 -0.11433222889900208
393.0992431640625 166.84286499023438 -0.11433222889900208
397.0731201171875 166.38653564453125 -0.11433222889900208
401.0469970703125 165.93020629882812 -0.11433222889900208
405.0208740234375 165.473876953125 -0.11433222889900208
408.9947509765625 165.01754760742188 -0.11433222889900208
412.9686279296875 164.56121826171875 -0.11433222889900208
416.9425048828125 164.10488891601562 -0.11433222889900208
420.9163818359375 163.6485595703125 -0.11433222889900208
424.8902587890625 163.19223022460938 -0.11433222889900208
428.8641357421875 162.73590087890625 -0.11433222889900208
432.8380126953125 162.27957153320312 -0.11433222889900208
436.8118896484375 161.8232421875 -0.11433222889900208
440.7857666015625 161.36691284179688 -0.11433222889900208
444.7596435546875 160.91058349609375 -0.11433222889900208
448.7335205078125 160.45425415039062 -0.11433222889900208
452.7073974609375 159.9979248046875 -0.11433222889900208
456.6812744140625 159.54159545898438 -0.11433222889900208
460.6551513671875 159.08526611328125 -0.11433222889900208
464.6290283203125 158.62893676757812 -0.11433222889900208
468.6029052734375 158.172607421875 -0.11433222889900208
472.5767822265625 157.71627807617188 -0.11433222889900208
476.5506591796875 157.25994873046875 -0.11433222889900208
480.5245361328125 156.80361938476562 -0.11433222889900208
484.4984130859375 156.3472900390625 -0.11433222889900208
488.4722900390625 155.89096069335938 -0.11433222889900208
492.4461669921875 155.43463134765625 -0.11433222889900208
496.4200439453125 154.97830200195312 -0.11433222889900208
500.3939208984375 154.52197265625 -0.11433222889900208
504.3677978515625 154.06564331054688 -0.11433222889900208
508.3416748046875 153.60931396484375 -0.11433222889900208
512.3155517578125 153.15298461914062 -0.11433222889900208
516.2894287109375 152.6966552734375 -0.11433222889900208
520.2633056640625 152.24032592773438 -0.11433222889900208
524.2371826171875 151.78399658203125 -0.11433222889900208
525.8455200195312 151.4048309326172 -0.34871259331703186
527.3218383789062 150.6625213623047 -0.5830929279327393
528.5853881835938 149.59765625 -0.817473292350769
529.5670776367188 148.26846313476562 -1.0518536567687988
530.2131958007812 146.74761962890625 -1.2862340211868286
530.4884643554688 145.11830139160156 -1.5206143856048584
530.6890869140625 141.1233367919922 -1.5206143856048584
530.8897094726562 137.1283721923828 -1.5206143856048584
531.09033203125 133.13340759277344 -1.5206143856048584
531.2909545898438 129.13844299316406 -1.5206143856048584
531.4915771484375 125.14347839355469 -1.5206143856048584
531.6921997070312 121.14851379394531 -1.5206143856048584
531.892822265625 117.15354919433594 -1.5206143856048584
532.0934448242188 113.15858459472656 -1.5206143856048584
532.2940673828125 109.16361999511719 -1.5206143856048584
532.4946899414062 105.16865539550781 -1.5206143856048584
532.6953125 101.17369079589844 -1.5206143856048584
532.8959350585938 97.17872619628906 -1.5206143856048584
533.0965576171875 93.18376159667969 -1.5206143856048584
532.9859008789062 91.53506469726562 -1.7549947500228882
532.2532958984375 87.60272979736328 -1.7549947500228882
531.5206909179688 83.67039489746094 -1.7549947500228882
530.7880859375 79.7380599975586 -1.7549947500228882
530.0554809570312 75.80572509765625 -1.7549947500228882
529.56494140625 74.22779846191406 -1.989375114440918
528.7213745117188 72.80693054199219 -2.223755359649658
527.5709228515625 71.62081909179688 -2.4581356048583984
526.1764526367188 70.73432922363281 -2.6925158500671387
524.6141967773438 70.19593048095703 -2.926896095275879
520.7060546875 69.3437271118164 -2.926896095275879
516.7979125976562 68.49152374267578 -2.926896095275879
512.8897705078125 67.63932037353516 -2.926896095275879
508.9815979003906 66.78711700439453 -2.926896095275879
507.3359375 66.62605285644531 3.1220192909240723
503.3367004394531 66.70433807373047 3.1220192909240723
499.33746337890625 66.78262329101562 3.1220192909240723
495.3382263183594 66.86090850830078 3.1220192909240723
491.3389892578125 66.93919372558594 3.1220192909240723
487.3397521972656 67.0174789428711 3.1220192909240723
483.34051513671875 67.09576416015625 3.1220192909240723
479.3412780761719 67.1740493774414 3.1220192909240723
475.342041015625 67.25233459472656 3.1220192909240723
471.3428039550781 67.33061981201172 3.1220192909240723
467.34356689453125 67.40890502929688 3.1220192909240723
463.3443298339844 67.48719024658203 3.1220192909240723
459.3450927734375 67.56547546386719 3.1220192909240723
455.3458557128906 67.64376068115234 3.1220192909240723
451.34661865234375 67.7220458984375 3.1220192909240723
447.3473815917969 67.80033111572266 3.1220192909240723
443.34814453125 67.87861633300781 3.1220192909240723
439.3489074707031 67.95690155029297 3.1220192909240723
435.34967041015625 68.03518676757812 3.1220192909240723
431.3504333496094 68.11347198486328 3.1220192909240723
427.3511962890625 68.19175720214844 3.1220192909240723
423.3519592285156 68.2700424194336 3.1220192909240723
419.35272216796875 68.34832763671875 3.1220192909240723
415.3534851074219 68.4266128540039 3.1220192909240723
411.354248046875 68.50489807128906 3.1220192909240723
407.3550109863281 68.58318328857422 3.1220192909240723
407.3550109863281 68.58318328857422 -2.7611658573150635
407.3550109863281 68.58318328857422 -2.361165761947632
406.05291748046875 67.56584167480469 -2.595546245574951
406.05291748046875 67.56584167480469 -2.1955461502075195
404.93634033203125 66.3477554321289 -2.4299263954162598
403.5674133300781 65.42228698730469 -2.664306640625
403.5674133300781 65.42228698730469 -2.2643065452575684
402.36981201171875 64.2837905883789 -2.4986867904663086
400.9405517578125 63.454559326171875 -2.733067035675049
400.9405517578125 63.454559326171875 -2.333066940307617
399.66754150390625 62.401039123535156 -2.5674471855163574
398.1846618652344 61.671966552734375 -2.8018274307250977
398.1846618652344 61.671966552734375 -2.401827335357666
396.84228515625 60.70840072631836 -2.6362075805664062
395.3128356933594 60.08293533325195 -2.8705878257751465
395.3128356933594 60.08293533325195 -2.470587730407715
393.90740966796875 59.21387481689453 -2.704967975616455
392.3385925292969 58.694969177246094 -2.9393482208251953
392.3385925292969 58.694969177246094 -2.5393481254577637
390.8768005371094 57.924522399902344 -2.773728370666504
389.2760314941406 57.51462936401367 -3.008108615875244
389.2760314941406 57.51462936401367 -2.6081085205078125
387.7647399902344 56.846439361572266 -2.8424887657165527
387.7647399902344 56.846439361572266 -2.442488670349121
386.3843078613281 55.938236236572266 -2.6768689155578613
384.8306884765625 55.375457763671875 -2.9112491607666016
384.8306884765625 55.375457763671875 -2.51124906539917
383.39111328125 54.564247131347656 -2.74562931060791
381.802490234375 54.10954284667969 -2.9800095558166504
381.802490234375 54.10954284667969 -2.5800094604492188
380.3105773925781 53.39915466308594 -2.814389705657959
378.6944885253906 53.05467224121094 -3.048769950866699
378.6944885253906 53.05467224121094 -2.6487698554992676
377.15728759765625 52.44846725463867 -2.883150100708008
375.5213317871094 52.21583557128906 -3.117530345916748
375.5213317871094 52.21583557128906 -2.7175302505493164
373.94610595703125 51.716678619384766 -2.9519104957580566
373.94610595703125 51.716678619384766 -2.551910400390625
372.4747314453125 50.964656829833984 -2.7862906455993652
370.86895751953125 50.57490539550781 -3.0206708908081055
370.86895751953125 50.57490539550781 -2.620670795440674
369.3493957519531 49.925750732421875 -2.855051040649414
367.7206115722656 49.647247314453125 -3.0894312858581543
367.7206115722656 49.647247314453125 -2.6894311904907227
366.2012939453125 49.12221145629883 -2.928300380706787
364.5565185546875 48.96365737915039 3.12050461769104
364.5565185546875 48.96365737915039 -2.7626805305480957
362.9608459472656 48.53627014160156 -2.9971089363098145
362.0227355957031 48.54417419433594 2.9802567958831787
362.0227355957031 48.54417419433594 -2.902928352355957
360.38250732421875 48.34394454956055 -3.1373085975646973
360.38250732421875 48.34394454956055 -2.7373085021972656
359.5403747558594 48.13079833984375 -3.050083637237549
359.5403747558594 48.13079833984375 -2.650083541870117
358.00238037109375 47.526615142822266 -2.8844637870788574
356.3661193847656 47.29613494873047 -3.1188440322875977
356.3661193847656 47.29613494873047 -2.718843936920166
355.5280456542969 47.067474365234375 -3.031619071960449
354.6602783203125 47.10778045654297 2.938791036605835
352.1166076660156 47.44343566894531 3.081998109817505
352.1166076660156 47.44343566894531 -2.801187038421631
350.5148620605469 47.080692291259766 -3.036576271057129
348.89892578125 47.10329818725586 3.008601427078247
348.89892578125 47.10329818725586 -2.8745837211608887
347.2650146484375 46.85666275024414 -3.108963966369629
347.2650146484375 46.85666275024414 -2.7089638710021973
346.42926025390625 46.61973190307617 -3.0217390060424805
344.77685546875 46.61532974243164 3.0270659923553467
340.8030700683594 47.07243728637695 3.0270659923553467
336.82928466796875 47.529544830322266 3.0270659923553467
332.8554992675781 47.98665237426758 3.0270659923553467
328.8817138671875 48.44375991821289 3.0270659923553467
324.9079284667969 48.9008674621582 3.0270659923553467
320.93414306640625 49.357975006103516 3.0270659923553467
316.9603576660156 49.81508255004883 3.0270659923553467
312.986572265625 50.27219009399414 3.0270659923553467
309.0127868652344 50.72929763793945 3.0270659923553467
305.03900146484375 51.186405181884766 3.0270659923553467
301.0652160644531 51.64351272583008 3.0270659923553467
297.0914306640625 52.10062026977539 3.0270659923553467
293.1176452636719 52.5577278137207 3.0270659923553467
289.14385986328125 53.014835357666016 3.0270659923553467
285.1700744628906 53.47194290161133 3.0270659923553467
281.1962890625 53.92905044555664 3.0270659923553467
277.2225036621094 54.38615798950195 3.0270659923553467
273.24871826171875 54.843265533447266 3.0270659923553467
269.2749328613281 55.30037307739258 3.0270659923553467
265.3011474609375 55.75748062133789 3.0270659923553467
261.3273620605469 56.2145881652832 3.0270659923553467
257.35357666015625 56.671695709228516 3.0270659923553467
253.37977600097656 57.12880325317383 3.0270659923553467
249.40597534179688 57.58591079711914 3.0270659923553467
245.4321746826172 58.04301834106445 3.0270659923553467
241.4583740234375 58.500125885009766 3.0270659923553467
237.4845733642578 58.95723342895508 3.0270659923553467
233.51077270507812 59.41434097290039 3.0270659923553467
229.53697204589844 59.8714485168457 3.0270659923553467
225.56317138671875 60.328556060791016 3.0270659923553467
221.58937072753906 60.78566360473633 3.0270659923553467
217.61557006835938 61.24277114868164 3.0270659923553467
213.6417694091797 61.69987869262695 3.0270659923553467
209.66796875 62.156986236572266 3.0270659923553467
205.6941680908203 62.61409378051758 3.0270659923553467
201.72036743164062 63.07120132446289 3.0270659923553467
197.74656677246094 63.5283088684082 3.0270659923553467
193.77276611328125 63.985416412353516 3.0270659923553467
189.79896545410156 64.44252014160156 3.0270659923553467
185.82516479492188 64.89962768554688 3.0270659923553467
181.8513641357422 65.35673522949219 3.0270659923553467
177.8775634765625 65.8138427734375 3.0270659923553467
175.31419372558594 65.92393493652344 -3.112912178039551
171.3158416748047 65.8092269897461 -3.112912178039551
167.31748962402344 65.69451904296875 -3.112912178039551
163.3191375732422 65.5798110961914 -3.112912178039551
159.32078552246094 65.46510314941406 -3.112912178039551
155.3224334716797 65.35039520263672 -3.112912178039551
151.32408142089844 65.23568725585938 -3.112912178039551
147.3257293701172 65.12097930908203 -3.112912178039551
143.32737731933594 65.00627136230469 -3.112912178039551
139.3290252685547 64.89156341552734 -3.112912178039551
135.33067321777344 64.77685546875 -3.112912178039551
131.3323211669922 64.66214752197266 -3.112912178039551
127.33396911621094 64.54743957519531 -3.112912178039551
123.33561706542969 64.43273162841797 -3.112912178039551
119.33726501464844 64.31802368164062 -3.112912178039551
115.33891296386719 64.20331573486328 -3.112912178039551
111.34056091308594 64.08860778808594 -3.112912178039551
107.34220886230469 63.973899841308594 -3.112912178039551
103.34385681152344 63.85919189453125 -3.112912178039551
99.34550476074219 63.744483947753906 -3.112912178039551
95.34715270996094 63.62977600097656 -3.112912178039551
91.34880065917969 63.51506805419922 -3.112912178039551
87.35044860839844 63.400360107421875 -3.112912178039551
83.35209655761719 63.28565216064453 -3.112912178039551
79.35374450683594 63.17094421386719 -3.112912178039551
75.35539245605469 63.056236267089844 -3.112912178039551
71.35704040527344 62.9415283203125 -3.112912178039551
69.71109771728516 63.08759307861328 2.9358928203582764
65.79542541503906 63.90460205078125 2.9358928203582764
61.87975311279297 64.72161102294922 2.9358928203582764
57.964080810546875 65.53861999511719 2.9358928203582764
56.39702606201172 66.06295013427734 2.701516628265381
52.77814865112305 67.76698303222656 2.701516628265381
49.159271240234375 69.47101593017578 2.701516628265381
47.756866455078125 70.34492492675781 2.4671363830566406
