60.0 450.0 1.1853982210159302
60.0 450.0 1.5853981971740723
59.941593170166016 453.99957275390625 1.5853981971740723
59.88318634033203 457.9991455078125 1.5853981971740723
59.82477951049805 461.99871826171875 1.5853981971740723
59.76637268066406 465.998291015625 1.5853981971740723
59.70796585083008 469.99786376953125 1.5853981971740723
59.649559020996094 473.9974365234375 1.5853981971740723
59.59115219116211 477.99700927734375 1.5853981971740723
59.532745361328125 481.99658203125 1.5853981971740723
59.47433853149414 485.99615478515625 1.5853981971740723
59.415931701660156 489.9957275390625 1.5853981971740723
59.35752487182617 493.99530029296875 1.5853981971740723
59.29911804199219 497.994873046875 1.5853981971740723
59.2407112121582 501.99444580078125 1.5853981971740723
59.2407112121582 501.99444580078125 1.9853981733322144
57.62940979003906 505.6555480957031 1.9853981733322144
56.01810836791992 509.316650390625 1.9853981733322144
54.40680694580078 512.977783203125 1.9853981733322144
52.79550552368164 516.638916015625 1.9853981733322144
51.1842041015625 520.300048828125 1.9853981733322144
49.57290267944336 523.961181640625 1.9853981733322144
47.96160125732422 527.622314453125 1.9853981733322144
46.35029983520508 531.283447265625 1.9853981733322144
44.73899841308594 534.944580078125 1.9853981733322144
43.1276969909668 538.605712890625 1.9853981733322144
41.516395568847656 542.266845703125 1.9853981733322144
39.905094146728516 545.927978515625 1.9853981733322144
38.293792724609375 549.589111328125 1.9853981733322144
36.682491302490234 553.250244140625 1.9853981733322144
36.682491302490234 553.250244140625 2.3853981494903564
36.682491302490234 553.250244140625 2.785398244857788
36.682491302490234 553.250244140625 -3.0977869033813477
36.682491302490234 553.250244140625 -2.697786808013916
36.682491302490234 553.250244140625 -2.2977867126464844
34.02399444580078 550.2615356445312 -2.2977867126464844
34.02399444580078 550.2615356445312 -1.8977867364883423
32.73921585083008 546.4735107421875 -1.8977867364883423
31.454439163208008 542.6854858398438 -1.8977867364883423
30.169662475585938 538.8974609375 -1.8977867364883423
28.884885787963867 535.1094360351562 -1.8977867364883423
27.600109100341797 531.3214111328125 -1.8977867364883423
26.315332412719727 527.5333862304688 -1.8977867364883423
25.030555725097656 523.745361328125 -1.8977867364883423
23.745779037475586 519.9573364257812 -1.8977867364883423
22.461002349853516 516.1693115234375 -1.8977867364883423
22.461002349853516 516.1693115234375 -1.4977867603302002
22.75278091430664 512.1799926757812 -1.4977867603302002
23.044559478759766 508.1906433105469 -1.4977867603302002
23.33633804321289 504.2012939453125 -1.4977867603302002
23.628116607666016 500.2119445800781 -1.4977867603302002
23.91989517211914 496.22259521484375 -1.4977867603302002
24.211673736572266 492.2332458496094 -1.4977867603302002
24.50345230102539 488.243896484375 -1.4977867603302002
24.795230865478516 484.2545471191406 -1.4977867603302002
25.08700942993164 480.26519775390625 -1.4977867603302002
25.378787994384766 476.2758483886719 -1.4977867603302002
25.67056655883789 472.2864990234375 -1.4977867603302002
25.962345123291016 468.2971496582031 -1.4977867603302002
26.25412368774414 464.30780029296875 -1.4977867603302002
26.545902252197266 460.3184509277344 -1.4977867603302002
26.83768081665039 456.3291015625 -1.4977867603302002
27.129459381103516 452.3397521972656 -1.4977867603302002
27.42123794555664 448.35040283203125 -1.4977867603302002
27.713016510009766 444.3610534667969 -1.4977867603302002
28.00479507446289 440.3717041015625 -1.4977867603302002
28.296573638916016 436.3823547363281 -1.4977867603302002
28.58835220336914 432.39300537109375 -1.4977867603302002
28.880130767822266 428.4036560058594 -1.4977867603302002
29.17190933227539 424.414306640625 -1.4977867603302002
29.463687896728516 420.4249572753906 -1.4977867603302002
29.75546646118164 416.43560791015625 -1.4977867603302002
30.047245025634766 412.4462585449219 -1.4977867603302002
30.33902359008789 408.4569091796875 -1.4977867603302002
30.630802154541016 404.4675598144531 -1.4977867603302002
30.92258071899414 400.47821044921875 -1.4977867603302002
31.214359283447266 396.4888610839844 -1.4977867603302002
31.50613784790039 392.49951171875 -1.4977867603302002
31.797916412353516 388.5101623535156 -1.4977867603302002
32.08969497680664 384.52081298828125 -1.4977867603302002
32.381473541259766 380.5314636230469 -1.4977867603302002
32.67325210571289 376.5421142578125 -1.4977867603302002
32.965030670166016 372.5527648925781 -1.4977867603302002
33.25680923461914 368.56341552734375 -1.4977867603302002
33.548587799072266 364.5740661621094 -1.4977867603302002
33.84036636352539 360.584716796875 -1.4977867603302002
34.132144927978516 356.5953674316406 -1.4977867603302002
34.42392349243164 352.60601806640625 -1.4977867603302002
34.715702056884766 348.6166687011719 -1.4977867603302002
35.00748062133789 344.6273193359375 -1.4977867603302002
35.299259185791016 340.6379699707031 -1.4977867603302002
35.59103775024414 336.64862060546875 -1.4977867603302002
35.882816314697266 332.6592712402344 -1.4977867603302002
35.882816314697266 332.6592712402344 -1.097786784172058
35.882816314697266 332.6592712402344 -0.697786808013916
35.882816314697266 332.6592712402344 -0.29778680205345154
35.882816314697266 332.6592712402344 0.10221320390701294
35.882816314697266 332.6592712402344 0.5022132396697998
39.388893127441406 334.5847473144531 0.5022132396697998
42.89496994018555 336.5102233886719 0.5022132396697998
46.40104675292969 338.4356994628906 0.5022132396697998
49.90712356567383 340.3611755371094 0.5022132396697998
53.41320037841797 342.2866516113281 0.5022132396697998
56.91927719116211 344.2121276855469 0.5022132396697998
60.42535400390625 346.1376037597656 0.5022132396697998
63.93143081665039 348.0630798339844 0.5022132396697998
67.43750762939453 349.9885559082031 0.5022132396697998
70.94358825683594 351.9140319824219 0.5022132396697998
74.44966888427734 353.8395080566406 0.5022132396697998
77.95574951171875 355.7649841308594 0.5022132396697998
81.46183013916016 357.6904602050781 0.5022132396697998
84.96791076660156 359.6159362792969 0.5022132396697998
88.47399139404297 361.5414123535156 0.5022132396697998
91.98007202148438 363.4668884277344 0.5022132396697998
95.48615264892578 365.3923645019531 0.5022132396697998
98.99223327636719 367.3178405761719 0.5022132396697998
102.4983139038086 369.2433166503906 0.5022132396697998
106.00439453125 371.1687927246094 0.5022132396697998
109.5104751586914 373.0942687988281 0.5022132396697998
113.01655578613281 375.0197448730469 0.5022132396697998
116.52263641357422 376.9452209472656 0.5022132396697998
120.02871704101562 378.8706970214844 0.5022132396697998
123.53479766845703 380.7961730957031 0.5022132396697998
123.53479766845703 380.7961730957031 0.9022132158279419
126.01429748535156 383.9349670410156 0.9022132158279419
128.49378967285156 387.0737609863281 0.9022132158279419
130.97328186035156 390.2125549316406 0.9022132158279419
133.45277404785156 393.3513488769531 0.9022132158279419
135.93226623535156 396.4901428222656 0.9022132158279419
138.41175842285156 399.6289367675781 0.9022132158279419
140.89125061035156 402.7677307128906 0.9022132158279419
143.37074279785156 405.9065246582031 0.9022132158279419
143.37074279785156 405.9065246582031 1.302213191986084
144.4322052001953 409.76312255859375 1.302213191986084
145.49366760253906 413.6197204589844 1.302213191986084
146.5551300048828 417.476318359375 1.302213191986084
147.61659240722656 421.3329162597656 1.302213191986084
148.6780548095703 425.18951416015625 1.302213191986084
149.73951721191406 429.0461120605469 1.302213191986084
150.8009796142578 432.9027099609375 1.302213191986084
151.86244201660156 436.7593078613281 1.302213191986084
152.9239044189453 440.61590576171875 1.302213191986084
153.98536682128906 444.4725036621094 1.302213191986084
155.0468292236328 448.3291015625 1.302213191986084
156.10829162597656 452.1856994628906 1.302213191986084
156.10829162597656 452.1856994628906 1.702213168144226
156.10829162597656 452.1856994628906 2.102213144302368
156.10829162597656 452.1856994628906 2.5022132396698
156.10829162597656 452.1856994628906 2.9022133350372314
156.10829162597656 452.1856994628906 -2.9809718132019043
156.10829162597656 452.1856994628906 -2.5809717178344727
156.10829162597656 452.1856994628906 -2.180971622467041
153.81625366210938 448.9075012207031 -2.180971622467041
151.5242156982422 445.6293029785156 -2.180971622467041
151.5242156982422 445.6293029785156 -1.780971646308899
150.689697265625 441.7173156738281 -1.780971646308899
149.8551788330078 437.8053283691406 -1.780971646308899
149.02066040039062 433.8933410644531 -1.780971646308899
148.18614196777344 429.9813537597656 -1.780971646308899
147.35162353515625 426.0693664550781 -1.780971646308899
146.51710510253906 422.1573791503906 -1.780971646308899
145.68258666992188 418.2453918457031 -1.780971646308899
144.8480682373047 414.3334045410156 -1.780971646308899
144.0135498046875 410.4214172363281 -1.780971646308899
143.1790313720703 406.5094299316406 -1.780971646308899
142.34451293945312 402.5974426269531 -1.780971646308899
141.50999450683594 398.6854553222656 -1.780971646308899
140.67547607421875 394.7734680175781 -1.780971646308899
139.84095764160156 390.8614807128906 -1.780971646308899
139.00643920898438 386.9494934082031 -1.780971646308899
138.1719207763672 383.0375061035156 -1.780971646308899
137.33740234375 379.1255187988281 -1.780971646308899
136.5028839111328 375.2135314941406 -1.780971646308899
135.66836547851562 371.3015441894531 -1.780971646308899
134.83384704589844 367.3895568847656 -1.780971646308899
133.99932861328125 363.4775695800781 -1.780971646308899
133.16481018066406 359.5655822753906 -1.780971646308899
132.33029174804688 355.6535949707031 -1.780971646308899
131.4957733154297 351.7416076660156 -1.780971646308899
130.6612548828125 347.8296203613281 -1.780971646308899
129.8267364501953 343.9176330566406 -1.780971646308899
128.99221801757812 340.0056457519531 -1.780971646308899
128.15769958496094 336.0936584472656 -1.780971646308899
127.32317352294922 332.1816711425781 -1.780971646308899
126.4886474609375 328.2696838378906 -1.780971646308899
125.65412139892578 324.3576965332031 -1.780971646308899
124.81959533691406 320.4457092285156 -1.780971646308899
123.98506927490234 316.5337219238281 -1.780971646308899
123.15054321289062 312.6217346191406 -1.780971646308899
122.3160171508789 308.7097473144531 -1.780971646308899
121.48149108886719 304.7977600097656 -1.780971646308899
121.48149108886719 304.7977600097656 -1.3809716701507568
122.23623657226562 300.8695983886719 -1.3809716701507568
122.99098205566406 296.9414367675781 -1.3809716701507568
123.7457275390625 293.0132751464844 -1.3809716701507568
124.50047302246094 289.0851135253906 -1.3809716701507568
125.25521850585938 285.1569519042969 -1.3809716701507568
126.00996398925781 281.2287902832031 -1.3809716701507568
126.76470947265625 277.3006286621094 -1.3809716701507568
127.51945495605469 273.3724670410156 -1.3809716701507568
128.27420043945312 269.4443054199219 -1.3809716701507568
129.02894592285156 265.5161437988281 -1.3809716701507568
129.78369140625 261.5879821777344 -1.3809716701507568
130.53843688964844 257.6598205566406 -1.3809716701507568
131.29318237304688 253.73167419433594 -1.3809716701507568
132.0479278564453 249.80352783203125 -1.3809716701507568
132.80267333984375 245.87538146972656 -1.3809716701507568
133.5574188232422 241.94723510742188 -1.3809716701507568
134.31216430664062 238.0190887451172 -1.3809716701507568
135.06690979003906 234.0909423828125 -1.3809716701507568
135.8216552734375 230.1627960205078 -1.3809716701507568
135.8216552734375 230.1627960205078 -0.9809716939926147
135.8216552734375 230.1627960205078 -0.5809717178344727
135.8216552734375 230.1627960205078 -0.18097171187400818
135.8216552734375 230.1627960205078 0.2190282940864563
139.72608947753906 231.03192138671875 0.2190282940864563
143.63052368164062 231.9010467529297 0.2190282940864563
147.5349578857422 232.77017211914062 0.2190282940864563
151.43939208984375 233.63929748535156 0.2190282940864563
155.3438262939453 234.5084228515625 0.2190282940864563
155.3438262939453 234.5084228515625 0.6190283298492432
155.3438262939453 234.5084228515625 1.0190283060073853
155.3438262939453 234.5084228515625 1.4190282821655273
155.94857788085938 238.4624481201172 1.4190282821655273
155.94857788085938 238.4624481201172 1.8190282583236694
154.9658203125 242.33984375 1.8190282583236694
153.98306274414062 246.2172393798828 1.8190282583236694
153.00030517578125 250.09463500976562 1.8190282583236694
152.01754760742188 253.97203063964844 1.8190282583236694
151.0347900390625 257.84942626953125 1.8190282583236694
150.05203247070312 261.726806640625 1.8190282583236694
149.06927490234375 265.60418701171875 1.8190282583236694
148.08651733398438 269.4815673828125 1.8190282583236694
147.103759765625 273.35894775390625 1.8190282583236694
146.12100219726562 277.236328125 1.8190282583236694
145.13824462890625 281.11370849609375 1.8190282583236694
144.15548706054688 284.9910888671875 1.8190282583236694
143.1727294921875 288.86846923828125 1.8190282583236694
142.18997192382812 292.745849609375 1.8190282583236694
141.20721435546875 296.62322998046875 1.8190282583236694
140.22445678710938 300.5006103515625 1.8190282583236694
139.24169921875 304.37799072265625 1.8190282583236694
139.24169921875 304.37799072265625 2.2190282344818115
139.24169921875 304.37799072265625 2.619028329849243
139.24169921875 304.37799072265625 3.019028425216675
135.27169799804688 304.8670349121094 3.019028425216675
135.27169799804688 304.8670349121094 -2.864156723022461
131.42465209960938 303.771484375 -2.864156723022461
127.57760620117188 302.6759338378906 -2.864156723022461
123.73056030273438 301.58038330078125 -2.864156723022461
119.88351440429688 300.4848327636719 -2.864156723022461
116.03646850585938 299.3892822265625 -2.864156723022461
112.18942260742188 298.2937316894531 -2.864156723022461
108.34237670898438 297.19818115234375 -2.864156723022461
104.49533081054688 296.1026306152344 -2.864156723022461
104.49533081054688 296.1026306152344 -2.4641566276550293
101.37860107421875 293.5954284667969 -2.4641566276550293
98.26187133789062 291.0882263183594 -2.4641566276550293
95.1451416015625 288.5810241699219 -2.4641566276550293
92.02841186523438 286.0738220214844 -2.4641566276550293
88.91168212890625 283.5666198730469 -2.4641566276550293
85.79495239257812 281.0594177246094 -2.4641566276550293
82.67822265625 278.5522155761719 -2.4641566276550293
79.56149291992188 276.0450134277344 -2.4641566276550293
76.44476318359375 273.5378112792969 -2.4641566276550293
76.44476318359375 273.5378112792969 -2.0641565322875977
74.55040740966797 270.01483154296875 -2.0641565322875977
72.65605163574219 266.4918518066406 -2.0641565322875977
70.7616958618164 262.9688720703125 -2.0641565322875977
68.86734008789062 259.4458923339844 -2.0641565322875977
66.97298431396484 255.92291259765625 -2.0641565322875977
65.07862854003906 252.39993286132812 -2.0641565322875977
63.18427658081055 248.876953125 -2.0641565322875977
61.28992462158203 245.35397338867188 -2.0641565322875977
59.395572662353516 241.83099365234375 -2.0641565322875977
57.501220703125 238.30801391601562 -2.0641565322875977
55.606868743896484 234.7850341796875 -2.0641565322875977
53.71251678466797 231.26205444335938 -2.0641565322875977
51.81816482543945 227.73907470703125 -2.0641565322875977
49.92381286621094 224.21609497070312 -2.0641565322875977
48.02946090698242 220.693115234375 -2.0641565322875977
46.135108947753906 217.17013549804688 -2.0641565322875977
44.24075698852539 213.64715576171875 -2.0641565322875977
42.346405029296875 210.12417602539062 -2.0641565322875977
40.45205307006836 206.6011962890625 -2.0641565322875977
38.557701110839844 203.07821655273438 -2.0641565322875977
36.66334915161133 199.55523681640625 -2.0641565322875977
34.76899719238281 196.03225708007812 -2.0641565322875977
32.8746452331543 192.50927734375 -2.0641565322875977
30.98029327392578 188.98629760742188 -2.0641565322875977
29.085941314697266 185.46331787109375 -2.0641565322875977
27.19158935546875 181.94033813476562 -2.0641565322875977
25.297237396240234 178.4173583984375 -2.0641565322875977
23.40288543701172 174.89437866210938 -2.0641565322875977
21.508533477783203 171.37139892578125 -2.0641565322875977
19.614181518554688 167.84841918945312 -2.0641565322875977
17.719829559326172 164.325439453125 -2.0641565322875977
17.719829559326172 164.325439453125 -2.0641565322875977
17.719829559326172 164.325439453125 -2.0641565322875977
17.719829559326172 164.325439453125 -2.0641565322875977
17.719829559326172 164.325439453125 -2.0641565322875977
17.719829559326172 164.325439453125 -2.0641565322875977
17.719829559326172 164.325439453125 -2.0641565322875977
17.719829559326172 164.325439453125 -2.0641565322875977
17.719829559326172 164.325439453125 -2.0641565322875977
17.719829559326172 164.325439453125 -2.0641565322875977
17.719829559326172 164.325439453125 -2.0641565322875977
