-387.7753686206644
-385.37028702148183
-382.80516590981034
-380.1021772110798
-377.2851539907356
-374.3794525510631
-370.4711507500893
-366.56482747349907
-362.6605466550999
-358.75837497763683
-354.8583820201131
-350.9606404145476
-347.06522601287105
-343.1722180647207
-339.28169940695915
-335.3937566658139
-331.5084804726106
-327.6259656941591
-323.7463116789447
-319.8696225203787
-315.99600733847535
-312.1255805814464
-308.25846234884006
-304.39477873800087
-300.53466221579305
-296.6782520177106
-292.8256945766997
-288.9771439842397
-285.13276248647486
-281.29272101845794
-277.4571997798697
-273.6263888559071
-269.80048888740123
-265.9797117946336
-262.16428155977127
-258.3544350733402
-254.55042305071404
-250.75251102521244
-246.9609804250868
-243.1761297424358
-239.3982758029365
-235.6277551462195
-231.8649255277601
-228.11016755431953
-224.3638864662599
-220.62651408148758
-216.89851091736875
-213.180368508721
-209.47261194193203
-205.7758026274116
-205.7758026274116
-205.7758026274116
-205.7758026274116
-205.7758026274116
-205.7758026274116
-205.7758026274116
-205.7758026274116
-205.7758026274116
-205.7758026274116
-205.7758026274116
