60.0 450.0 0.38539817929267883
60.0 450.0 -0.014601826667785645
60.0 450.0 -0.4146018326282501
60.0 450.0 -0.8146018385887146
60.0 450.0 -1.2146018743515015
60.0 450.0 -1.6146018505096436
60.08892822265625 447.6307373046875 -1.4519575834274292
60.08892822265625 447.6307373046875 -1.8519575595855713
59.61826705932617 445.3069763183594 -1.689313292503357
59.53010177612305 442.93768310546875 -1.5266690254211426
59.82675552368164 440.58538818359375 -1.3640247583389282
59.82675552368164 440.58538818359375 -1.7640247344970703
59.56198501586914 438.2292785644531 -1.601380467414856
59.68223190307617 435.86138916015625 -1.4387362003326416
59.68223190307617 435.86138916015625 -1.8387361764907837
59.24233627319336 433.5316162109375 -1.6760919094085693
59.18550109863281 431.1613464355469 -1.513447642326355
59.51322937011719 428.81317138671875 -1.3508033752441406
59.51322937011719 428.81317138671875 -1.7508033514022827
59.279632568359375 426.4537658691406 -1.5881590843200684
59.431175231933594 424.0876770019531 -1.425514817237854
59.431175231933594 424.0876770019531 -1.825514793395996
59.02212142944336 421.7522888183594 -1.6628705263137817
58.99662780761719 419.3814697265625 -1.5002262592315674
59.35537338256836 417.0378112792969 -1.337581992149353
59.35537338256836 417.0378112792969 -1.7375819683074951
59.152992248535156 414.675537109375 -1.5749377012252808
59.33580017089844 412.3116455078125 -1.4122934341430664
59.33580017089844 412.3116455078125 -1.8122934103012085
58.95765686035156 409.9710388183594 -1.6496491432189941
58.9635124206543 407.60009765625 -1.4870048761367798
59.35321044921875 405.26141357421875 -1.3243606090545654
60.32900619506836 401.38226318359375 -1.3243606090545654
61.30480194091797 397.50311279296875 -1.3243606090545654
62.28059768676758 393.62396240234375 -1.3243606090545654
63.25639343261719 389.74481201171875 -1.3243606090545654
64.23218536376953 385.86566162109375 -1.3243606090545654
64.23218536376953 385.86566162109375 -1.7243605852127075
64.06105041503906 383.50091552734375 -1.5617163181304932
64.06105041503906 383.50091552734375 -1.9617162942886353
63.338680267333984 381.2427062988281 -1.799072027206421
62.99151611328125 378.8973083496094 -1.6364277601242065
62.99151611328125 378.8973083496094 -2.0364277362823486
62.102603912353516 376.6993103027344 -1.8737834692001343
61.58134078979492 374.3863830566406 -1.71113920211792
61.44148635864258 372.0195617675781 -1.5484949350357056
61.44148635864258 372.0195617675781 -1.9484949111938477
60.74903869628906 369.7519836425781 -1.7858506441116333
60.43291091918945 367.4022216796875 -1.623206377029419
60.43291091918945 367.4022216796875 -2.0232064723968506
59.57313919067383 365.1926574707031 -1.8605622053146362
59.08250045776367 362.873046875 -1.6979179382324219
58.96084976196289 360.42706298828125 -1.543062448501587
58.96084976196289 360.42706298828125 -1.943062424659729
58.28072738647461 358.15576171875 -1.7804181575775146
57.97737121582031 355.8043212890625 -1.6177738904953003
57.97737121582031 355.8043212890625 -2.0177738666534424
57.129615783691406 353.5901184082031 -1.855129599571228
56.651588439941406 351.2678527832031 -1.6924853324890137
56.651588439941406 351.2678527832031 -2.0924854278564453
55.64092254638672 349.12310791015625 -1.929841160774231
54.99089050292969 346.843017578125 -1.7671968936920166
54.99089050292969 346.843017578125 -2.1671969890594482
53.82295608520508 344.7796936035156 -2.0045528411865234
53.004547119140625 342.5544738769531 -1.841908574104309
52.5572624206543 340.2261047363281 -1.6792643070220947
52.5572624206543 340.2261047363281 -2.0792644023895264
51.575042724609375 338.06817626953125 -1.916620135307312
50.9552116394043 335.7796936035156 -1.7539758682250977
50.9552116394043 335.7796936035156 -2.1539759635925293
49.814659118652344 333.70111083984375 -1.991331696510315
48.181663513183594 330.04962158203125 -1.991331696510315
46.548667907714844 326.39813232421875 -1.991331696510315
44.915672302246094 322.74664306640625 -1.991331696510315
43.282676696777344 319.09515380859375 -1.991331696510315
41.649681091308594 315.44366455078125 -1.991331696510315
40.016685485839844 311.79217529296875 -1.991331696510315
38.383689880371094 308.14068603515625 -1.991331696510315
36.750694274902344 304.48919677734375 -1.991331696510315
35.117698669433594 300.83770751953125 -1.991331696510315
33.484703063964844 297.18621826171875 -1.991331696510315
31.85170555114746 293.53472900390625 -1.991331696510315
30.218708038330078 289.88323974609375 -1.991331696510315
28.585710525512695 286.23175048828125 -1.991331696510315
26.952713012695312 282.58026123046875 -1.991331696510315
25.31971549987793 278.92877197265625 -1.991331696510315
23.686717987060547 275.27728271484375 -1.991331696510315
22.053720474243164 271.62579345703125 -1.991331696510315
20.42072296142578 267.97430419921875 -1.991331696510315
18.7877254486084 264.32281494140625 -1.991331696510315
17.154727935791016 260.67132568359375 -1.991331696510315
17.154727935791016 260.67132568359375 -1.991331696510315
17.154727935791016 260.67132568359375 -1.8296133279800415
17.154727935791016 260.67132568359375 -1.6669690608978271
17.154727935791016 260.67132568359375 -1.5043247938156128
17.154727935791016 260.67132568359375 -1.3416805267333984
17.154727935791016 260.67132568359375 -1.3416805267333984
17.154727935791016 260.67132568359375 -1.3416805267333984
17.154727935791016 260.67132568359375 -1.3416805267333984
17.154727935791016 260.67132568359375 -1.3416805267333984
17.154727935791016 260.67132568359375 -1.3416805267333984
