-388.7246873457068
-387.25008045669694
-385.656971608714
-384.033607641456
-382.47107934192894
-382.47107934192894
-382.47107934192894
-382.0634605507109
-382.0435275873659
-382.41243395067073
-383.14847171707896
-384.208483885156
-385.5307637851519
-387.0390230636125
-388.6471643503013
-390.2645243015551
-391.8009667038334
-393.1719511461795
-394.3027962705252
-395.1324830227999
-395.61655252418547
-395.72923767791883
-395.46451700960483
-394.83650069652873
-393.87870900158066
-392.6425692784469
-391.1950399201406
-389.6152645932414
-387.990636172774
-386.4121163464992
-386.4121163464992
-386.4121163464992
-385.9439103013276
-385.86098273738213
-386.1682233672447
-386.84754642009057
-387.85907737400663
-389.14387685143515
-390.6277322162217
-392.22582104027913
-393.8478476245152
-395.40329929440253
-396.8063263693973
-397.98039857060604
-398.8620678964732
-399.40402660899434
-399.5773533274535
-399.37282134701377
-398.80131701995816
-397.89336263449394
-396.6976796717629
-395.27895050442044
-393.7146243968585
-392.0910848858199
-392.0910848858199
-392.0910848858199
-392.0910848858199
-391.8186850905655
-391.93683186452967
-392.43858998752484
-393.2944949564619
-394.4545033688616
-395.8513606202749
-397.4048086696408
-399.02659634588736
-400.62564235746845
-402.1132478320058
-403.40777622340727
-404.43892507583683
-405.1511814630091
-405.5064100710344
-405.48566944361596
-405.0900773634439
-404.3407119705878
-403.27772359611606
-401.9583786984893
-400.45444510044473
-398.8485076701163
-398.8485076701163
-395.1167458673841
-391.3902829850666
-387.6692718304835
-383.9538709066123
-383.9538709066123
-383.9538709066123
-383.5224760224698
-383.4779112416044
-383.82278730914805
-384.5367814099405
-385.578031644092
-386.88591018631143
-388.3848856146141
-389.98939999370896
-391.608877078485
-393.15300392751953
-394.5367346727423
-395.68465887716644
-396.53480034957937
-397.0415796910953
-397.1779843174433
-396.93675456602585
-396.3307189773807
-395.392234057848
-394.17171866835685
-392.7351885892302
-391.1611818567422
-389.5367186311682
-389.5367186311682
-389.5367186311682
-389.5367186311682
-389.3014959457728
-389.457205695382
-389.9946947141867
-390.8824001004099
-392.06844159968864
-393.4840635616124
-395.0480305152295
-396.67157402659063
-398.2636428801368
-399.7359939252443
-401.00797568818507
-402.01055503101907
-402.6897920478122
-403.009345295944
-402.9521922269012
-402.5214095101802
-401.73993273687574
-400.6496437667471
-399.30931837995763
-397.79189706218483
-396.18078685499694
-396.18078685499694
-396.18078685499694
-396.18078685499694
-395.7614366462843
-395.7291435885304
-396.0857996074056
-396.8104130158955
-397.8605941644744
-399.1752389099324
-400.678552629188
-402.2847717541158
-403.9033193285735
-405.44396378429593
-406.821800100383
-407.9616949493961
-408.80207485332164
-409.2978443804633
-409.42249942037483
-409.1694486025305
-408.55214613273296
-407.603594129897
-406.374828791907
-404.9324147688565
-403.35530369228104
-399.38648566484693
-395.41829599340076
-391.45075378713386
-387.48387893470976
-383.5176921442416
-379.5522149857443
-375.5874699362413
-371.6234804277203
-367.6602708981491
-363.69786684578105
-359.73629488699845
-355.77558281796473
-351.81575968037924
-347.85685583165554
-343.8989030198714
-339.9419344638722
-335.98598493894235
-332.0310908684994
-328.0772904223076
-324.1246236217538
-320.17313262119484
-316.2228613314746
-312.27385604070497
-308.3261653931872
-304.3798405401929
-300.43493530238726
-296.49150634494765
-292.5496133665413
-288.609319303448
-284.67069055025064
-280.73379719866944
-276.7987132962885
-272.86551712711577
-268.9342915161357
-265.0051241602576
-261.07810798834015
-257.15334155328287
-253.23092945953007
-249.31098282972968
-245.3936198147462
-241.4789661517391
-237.56715577560686
-233.65833148976375
-229.7526457029806
-225.85026123989422
-221.95135223378966
-218.05610511140753
-214.1647196808494
-214.1647196808494
-214.1647196808494
-214.1647196808494
-214.1647196808494
-214.1647196808494
-214.1647196808494
-214.1647196808494
-214.1647196808494
-214.1647196808494
-214.1647196808494
