62.25304412841797 452.04766845703125 0.6899670958518982
64.69094848632812 453.871337890625 0.5945360064506531
67.29153442382812 455.45440673828125 0.49910491704940796
70.03113555908203 456.782470703125 0.40367382764816284
72.88481903076172 457.84344482421875 0.3082427382469177
75.82661437988281 458.627685546875 0.2128116488456726
78.82975006103516 459.1280517578125 0.11738055944442749
81.86689758300781 459.3399658203125 0.021949470043182373
84.9104232788086 459.26153564453125 -0.07348161935806274
87.93262481689453 458.8934631347656 -0.16891270875930786
90.90599060058594 458.23907470703125 -0.2643445134162903
93.79559326171875 457.3056335449219 -0.36056432127952576
96.5821533203125 456.0989074707031 -0.45678412914276123
99.2398910522461 454.6300354003906 -0.5530039072036743
101.75141143798828 452.9091491699219 -0.6484357118606567
104.08753204345703 450.956787109375 -0.7438668012619019
106.22698974609375 448.79071044921875 -0.839297890663147
108.15031433105469 446.4306335449219 -0.9347289800643921
109.84000396728516 443.89801025390625 -1.0301600694656372
111.28067779541016 441.2159118652344 -1.1255911588668823
112.459228515625 438.40875244140625 -1.2210222482681274
113.36493682861328 435.5020446777344 -1.3164533376693726
113.98955535888672 432.52227783203125 -1.4118844270706177
114.32740020751953 429.4965515136719 -1.5073155164718628
114.37539672851562 426.452392578125 -1.602746605873108
114.13311004638672 423.4175109863281 -1.698177695274353
113.60274505615234 420.4195251464844 -1.7936087846755981
112.79008483886719 417.49365234375 -1.8898285627365112
111.69837188720703 414.6515808105469 -1.9852596521377563
110.34081268310547 411.9264831542969 -2.080690860748291
108.72976684570312 409.3431396484375 -2.176121950149536
106.87989807128906 406.925048828125 -2.2715530395507812
104.80802917480469 404.6942443847656 -2.3669841289520264
102.53302001953125 402.6709899902344 -2.4624152183532715
100.07530975341797 400.87347412109375 -2.557809352874756
96.73777770996094 398.6687316894531 -2.557809352874756
93.4002456665039 396.4639892578125 -2.557809352874756
90.06271362304688 394.2592468261719 -2.557809352874756
86.72518157958984 392.05450439453125 -2.557809352874756
83.38764953613281 389.8497619628906 -2.557809352874756
80.05011749267578 387.64501953125 -2.557809352874756
76.71258544921875 385.4402770996094 -2.557809352874756
73.37505340576172 383.23553466796875 -2.557809352874756
70.03752136230469 381.0307922363281 -2.557809352874756
67.40606689453125 379.4642639160156 -2.6514530181884766
64.63965606689453 378.1506652832031 -2.7450966835021973
61.76255416870117 377.10150146484375 -2.838742256164551
58.82392120361328 376.3363037109375 -2.934962034225464
55.82536315917969 375.85693359375 -3.031181812286377
52.79462432861328 375.6678771972656 -3.12740159034729
49.759742736816406 375.7708435058594 3.0595638751983643
46.7487907409668 376.1649169921875 2.963344097137451
43.781654357910156 376.8470458984375 2.867913007736206
40.89301300048828 377.80877685546875 2.772481918334961
38.10915756225586 379.0413818359375 2.677050828933716
35.455421447753906 380.5336608886719 2.5816197395324707
32.95595169067383 382.2720031738281 2.4861886501312256
30.633493423461914 384.2406005859375 2.3907575607299805
28.509183883666992 386.4215393066406 2.2953264713287354
26.602352142333984 388.79498291015625 2.1998953819274902
24.93035316467285 391.3393249511719 2.104464292526245
23.50840187072754 394.0314025878906 2.009033203125
22.349437713623047 396.8467102050781 1.9136021137237549
21.464008331298828 399.7596435546875 1.8181710243225098
20.860170364379883 402.7436828613281 1.7227399349212646
20.543418884277344 405.7716979980469 1.6273088455200195
20.517906188964844 408.8081970214844 1.5310869216918945
20.784238815307617 411.8330993652344 1.4348649978637695
21.339954376220703 414.81842041015625 1.3386430740356445
22.179908752441406 417.7365417480469 1.2424211502075195
23.298126220703125 420.56829833984375 1.1469900608062744
24.68108367919922 423.2806091308594 1.0515589714050293
26.316192626953125 425.8487854003906 0.9561278820037842
28.188575744628906 428.2494812011719 0.8606967926025391
30.281192779541016 430.4608459472656 0.765265703201294
32.57500076293945 432.4627380371094 0.6698346138000488
35.04912567138672 434.2369689941406 0.5744035243988037
37.681053161621094 435.7673645019531 0.4789724349975586
40.44683074951172 437.0400085449219 0.3835413455963135
43.321292877197266 438.0433349609375 0.28811025619506836
46.27827835083008 438.7681884765625 0.19267916679382324
49.29087829589844 439.2079772949219 0.09724807739257812
52.3316764831543 439.3587341308594 0.0018169879913330078
55.37300491333008 439.21905517578125 -0.09361410140991211
58.387184143066406 438.7901916503906 -0.18904519081115723
61.34678268432617 438.0760803222656 -0.28447628021240234
64.22486877441406 437.0832214355469 -0.37990736961364746
67.93966674804688 435.5998840332031 -0.37990736961364746
71.65446472167969 434.1165466308594 -0.37990736961364746
75.3692626953125 432.6332092285156 -0.37990736961364746
78.1396484375 431.37060546875 -0.4753384590148926
81.69619750976562 429.5400390625 -0.4753384590148926
85.25274658203125 427.70947265625 -0.4753384590148926
87.89022064208984 426.1886291503906 -0.5707695484161377
91.25616455078125 424.0274963378906 -0.5707695484161377
94.62210845947266 421.8663635253906 -0.5707695484161377
97.10266876220703 420.10113525390625 -0.6662006378173828
100.24736785888672 417.6291198730469 -0.6662006378173828
103.3920669555664 415.1571044921875 -0.6662006378173828
105.6931381225586 413.1635437011719 -0.7616317272186279
108.58798217773438 410.40313720703125 -0.7616317272186279
110.6886215209961 408.19940185546875 -0.857062816619873
113.30726623535156 405.17572021484375 -0.857062816619873
115.92591094970703 402.15203857421875 -0.857062816619873
117.8070068359375 399.7581481933594 -0.9524939060211182
120.12561798095703 396.4986877441406 -0.9524939060211182
122.44422912597656 393.2392272949219 -0.9524939060211182
124.08866119384766 390.677001953125 -1.0479249954223633
125.4814682006836 387.9697265625 -1.1433560848236084
127.13964080810547 384.3296203613281 -1.1433560848236084
128.7978057861328 380.68951416015625 -1.1433560848236084
129.92630004882812 377.8618469238281 -1.2387871742248535
130.7802276611328 374.93951416015625 -1.3342182636260986
131.71774291992188 371.0509338378906 -1.3342182636260986
132.28932189941406 368.060546875 -1.4296493530273438
132.85203552246094 364.1003112792969 -1.4296493530273438
133.13607788085938 361.0690612792969 -1.5250804424285889
133.31887817382812 357.0732421875 -1.5250804424285889
133.50167846679688 353.0774230957031 -1.5250804424285889
133.49559020996094 350.03289794921875 -1.620511531829834
133.29681396484375 346.037841796875 -1.620511531829834
133.09803771972656 342.04278564453125 -1.620511531829834
132.89926147460938 338.0477294921875 -1.620511531829834
132.6031036376953 335.01763916015625 -1.715942621231079
132.02455139160156 331.0596923828125 -1.715942621231079
131.4459991455078 327.10174560546875 -1.715942621231079
130.86744689941406 323.143798828125 -1.715942621231079
130.2888946533203 319.18585205078125 -1.715942621231079
129.70535278320312 316.19775390625 -1.8113737106323242
128.75230407714844 312.3129577636719 -1.8113737106323242
127.79924774169922 308.42816162109375 -1.8113737106323242
126.84619140625 304.5433654785156 -1.8113737106323242
125.98058319091797 301.6244812011719 -1.9068048000335693
124.66169738769531 297.8481750488281 -1.9068048000335693
123.34281158447266 294.0718688964844 -1.9068048000335693
122.02392578125 290.2955627441406 -1.9068048000335693
120.70503997802734 286.5192565917969 -1.9068048000335693
119.38615417480469 282.7429504394531 -1.9068048000335693
118.06726837158203 278.9666442871094 -1.9068048000335693
116.74838256835938 275.1903381347656 -1.9068048000335693
115.60858154296875 272.3672180175781 -2.0022358894348145
113.93586730957031 268.7337646484375 -2.0022358894348145
112.26315307617188 265.1003112792969 -2.0022358894348145
110.59043884277344 261.46685791015625 -2.0022358894348145
108.917724609375 257.8334045410156 -2.0022358894348145
107.24501037597656 254.199951171875 -2.0022358894348145
105.57229614257812 250.56649780273438 -2.0022358894348145
103.89958190917969 246.93304443359375 -2.0022358894348145
102.49596405029297 244.2313690185547 -2.0976669788360596
100.4846420288086 240.77383422851562 -2.0976669788360596
98.47332000732422 237.31629943847656 -2.0976669788360596
96.46199798583984 233.8587646484375 -2.0976669788360596
94.45067596435547 230.40122985839844 -2.0976669788360596
92.4393539428711 226.94369506835938 -2.0976669788360596
90.42803192138672 223.4861602783203 -2.0976669788360596
88.41670989990234 220.02862548828125 -2.0976669788360596
86.40538787841797 216.5710906982422 -2.0976669788360596
84.75072479248047 214.0154571533203 -2.1930980682373047
82.41909790039062 210.7653045654297 -2.1930980682373047
80.08747100830078 207.51515197753906 -2.1930980682373047
77.75584411621094 204.26499938964844 -2.1930980682373047
75.4242172241211 201.0148468017578 -2.1930980682373047
73.53356170654297 198.62850952148438 -2.28852915763855
70.90284729003906 195.6153106689453 -2.28852915763855
68.27213287353516 192.60211181640625 -2.28852915763855
66.15164947509766 190.39109802246094 -2.3820676803588867
63.25099563598633 187.6367950439453 -2.3820676803588867
60.350341796875 184.8824920654297 -2.3820676803588867
57.44968795776367 182.12818908691406 -2.3820676803588867
54.549034118652344 179.37388610839844 -2.3820676803588867
51.648380279541016 176.6195831298828 -2.3820676803588867
48.74772644042969 173.8652801513672 -2.3820676803588867
45.84707260131836 171.11097717285156 -2.3820676803588867
42.94641876220703 168.35667419433594 -2.3820676803588867
40.0457649230957 165.6023712158203 -2.3820676803588867
37.145111083984375 162.8480682373047 -2.3820676803588867
34.839847564697266 160.85935974121094 -2.477498769760132
31.689945220947266 158.39398193359375 -2.477498769760132
28.540042877197266 155.92860412597656 -2.477498769760132
28.540042877197266 155.92860412597656 -2.572929859161377
25.1695556640625 153.7745819091797 -2.572929859161377
21.799068450927734 151.6205596923828 -2.572929859161377
21.799068450927734 151.6205596923828 -2.572929859161377
21.799068450927734 151.6205596923828 -2.572929859161377
21.799068450927734 151.6205596923828 -2.572929859161377
21.799068450927734 151.6205596923828 -2.572929859161377
21.799068450927734 151.6205596923828 -2.572929859161377
21.799068450927734 151.6205596923828 -2.572929859161377
21.799068450927734 151.6205596923828 -2.572929859161377
21.799068450927734 151.6205596923828 -2.572929859161377
21.799068450927734 151.6205596923828 -2.572929859161377
21.799068450927734 151.6205596923828 -2.572929859161377
