61.77743911743164 452.0256042480469 0.9157200455665588
63.276573181152344 454.2650146484375 1.0460418462753296
64.47197723388672 456.68023681640625 1.1763637065887451
65.34337615966797 459.2303466796875 1.3066855669021606
65.87599182128906 461.8720703125 1.4370074272155762
66.060791015625 464.56060791015625 1.5673292875289917
65.89463806152344 467.2503662109375 1.6976511478424072
65.38035583496094 469.8957214355469 1.8279730081558228
64.52666473388672 472.4518127441406 1.9582948684692383
63.01517105102539 476.1552429199219 1.9582948684692383
61.50367736816406 479.8586730957031 1.9582948684692383
59.992183685302734 483.5621032714844 1.9582948684692383
58.480690002441406 487.2655334472656 1.9582948684692383
56.96919631958008 490.9689636230469 1.9582948684692383
55.45770263671875 494.6723937988281 1.9582948684692383
53.94620895385742 498.3758239746094 1.9582948684692383
52.434715270996094 502.0792541503906 1.9582948684692383
50.923221588134766 505.7826843261719 1.9582948684692383
49.41172790527344 509.4861145019531 1.9582948684692383
47.90023422241211 513.1895141601562 1.9582948684692383
46.38874053955078 516.8929443359375 1.9582948684692383
44.87724685668945 520.5963745117188 1.9582948684692383
43.365753173828125 524.2998046875 1.9582948684692383
41.8542594909668 528.0032348632812 1.9582948684692383
40.34276580810547 531.7066650390625 1.9582948684692383
38.83127212524414 535.4100952148438 1.9582948684692383
37.31977844238281 539.113525390625 1.9582948684692383
35.808284759521484 542.8169555664062 1.9582948684692383
34.49555587768555 545.6793212890625 2.043299674987793
32.675086975097656 549.2410278320312 2.043299674987793
30.8546199798584 552.802734375 2.043299674987793
29.09756088256836 556.1488037109375 2.0653555393218994
27.263046264648438 559.4677124023438 2.0861284732818604
25.291749954223633 562.9482421875 2.0861284732818604
23.811939239501953 565.2055053710938 2.2160279750823975
22.046024322509766 567.2615966796875 2.34480619430542
20.04079818725586 569.06201171875 2.475127935409546
17.8186092376709 570.5865478515625 2.605449676513672
17.8186092376709 570.5865478515625 3.0054497718811035
17.8186092376709 570.5865478515625 3.1357715129852295
17.8186092376709 570.5865478515625 -3.017091989517212
17.8186092376709 570.5865478515625 -2.6170918941497803
17.8186092376709 570.5865478515625 -2.2170917987823486
17.8186092376709 570.5865478515625 -1.8170918226242065
17.8186092376709 570.5865478515625 -1.4170918464660645
17.8186092376709 570.5865478515625 -1.0170918703079224
17.8186092376709 570.5865478515625 -0.6170918941497803
20.113330841064453 569.1735229492188 -0.48677003383636475
22.57221794128418 568.0706787109375 -0.3564481735229492
26.320785522460938 566.6748657226562 -0.3564481735229492
30.069355010986328 565.279052734375 -0.3564481735229492
33.81792449951172 563.8832397460938 -0.3564481735229492
37.56649398803711 562.4874267578125 -0.3564481735229492
40.14784622192383 561.7135009765625 -0.22612632811069489
44.046016693115234 560.8167114257812 -0.22612632811069489
47.94418716430664 559.919921875 -0.22612632811069489
51.84235763549805 559.0231323242188 -0.22612632811069489
55.74052810668945 558.1263427734375 -0.22612632811069489
59.63869857788086 557.2295532226562 -0.22612632811069489
62.43803787231445 556.7542724609375 -0.11022501438856125
66.41376495361328 556.3142700195312 -0.11022501438856125
70.38948822021484 555.874267578125 -0.11022501438856125
74.3652114868164 555.4342651367188 -0.11022501438856125
78.34093475341797 554.9942626953125 -0.11022501438856125
82.31665802001953 554.5542602539062 -0.11022501438856125
86.2923812866211 554.1142578125 -0.11022501438856125
90.26810455322266 553.6742553710938 -0.11022501438856125
94.24382781982422 553.2342529296875 -0.11022501438856125
98.21955108642578 552.7942504882812 -0.11022501438856125
102.19527435302734 552.354248046875 -0.11022501438856125
106.1709976196289 551.9142456054688 -0.11022501438856125
110.14672088623047 551.4742431640625 -0.11022501438856125
114.12244415283203 551.0342407226562 -0.11022501438856125
118.0981674194336 550.59423828125 -0.11022501438856125
120.82833862304688 550.4658813476562 0.01627437025308609
124.82781219482422 550.531005859375 0.01627437025308609
128.82728576660156 550.5961303710938 0.01627437025308609
132.82675170898438 550.6612548828125 0.01627437025308609
136.8262176513672 550.7263793945312 0.01627437025308609
140.82568359375 550.79150390625 0.01627437025308609
144.8251495361328 550.8566284179688 0.01627437025308609
148.82461547851562 550.9217529296875 0.01627437025308609
152.82408142089844 550.9868774414062 0.01627437025308609
156.82354736328125 551.052001953125 0.01627437025308609
160.82301330566406 551.1171264648438 0.01627437025308609
163.5089569091797 551.3363647460938 0.14659622311592102
163.5089569091797 551.3363647460938 0.5465962290763855
163.5089569091797 551.3363647460938 0.9465962648391724
163.5089569091797 551.3363647460938 1.3465962409973145
163.9357452392578 553.9972534179688 1.47691810131073
164.01312255859375 556.6910400390625 1.6072399616241455
163.73977661132812 559.3720092773438 1.737561821937561
163.73977661132812 559.3720092773438 2.137561798095703
163.73977661132812 559.3720092773438 2.5375618934631348
163.73977661132812 559.3720092773438 2.9375619888305664
163.73977661132812 559.3720092773438 -2.9456231594085693
163.73977661132812 559.3720092773438 -2.5456230640411377
161.6127166748047 557.7173461914062 -2.4153013229370117
159.71871948242188 555.80029296875 -2.2849795818328857
158.0899200439453 553.6533813476562 -2.1546578407287598
156.75393676757812 551.31298828125 -2.024336099624634
155.73341369628906 548.81884765625 -1.8940142393112183
155.04566955566406 546.2131958007812 -1.7636923789978027
154.70237731933594 543.540283203125 -1.6333705186843872
154.7093505859375 540.8453979492188 -1.5030486583709717
155.06646728515625 538.17431640625 -1.3727267980575562
155.76766967773438 535.572265625 -1.2424049377441406
156.8010711669922 533.0834350585938 -1.112083077430725
158.14915466308594 530.75 -0.9817612171173096
159.78904724121094 528.6115112304688 -0.851439356803894
161.69293212890625 526.7042846679688 -0.7211174964904785
161.69293212890625 526.7042846679688 -0.32111749053001404
164.30001831054688 526.0220336914062 -0.1907956451177597
166.97364807128906 525.684326171875 -0.06047379970550537
169.66848754882812 525.6969604492188 0.06984804570674896
172.33883666992188 526.0596923828125 0.2001698911190033
174.9394073486328 526.766357421875 0.33049172163009644
177.42608642578125 527.8049926757812 0.46081358194351196
179.7567138671875 529.157958984375 0.5911354422569275
179.7567138671875 529.157958984375 0.9911354780197144
181.08285522460938 531.5039672851562 1.1214573383331299
182.09288024902344 534.0023803710938 1.2517791986465454
182.76966857910156 536.6109008789062 1.382101058959961
183.10836791992188 539.310302734375 1.5098562240600586
183.1778564453125 542.5225219726562 1.5884792804718018
183.1778564453125 542.5225219726562 1.9884792566299438
183.1778564453125 542.5225219726562 2.388479232788086
183.1778564453125 542.5225219726562 2.7884793281555176
183.1778564453125 542.5225219726562 -3.094705820083618
183.1778564453125 542.5225219726562 -2.6947057247161865
180.82861328125 541.2021484375 -2.5643839836120605
178.67088317871094 539.587646484375 -2.4340622425079346
176.7412567138672 537.7064208984375 -2.3037405014038086
175.0724639892578 535.5903930664062 -2.1734187602996826
173.69281005859375 533.2754516601562 -2.0430970191955566
172.6256866455078 530.8008422851562 -1.9127751588821411
171.88919067382812 528.2085571289062 -1.7824532985687256
171.49581909179688 525.5425415039062 -1.65213143825531
171.45223999023438 522.8480224609375 -1.5218095779418945
171.75918579101562 520.1707153320312 -1.391487717628479
172.4114532470703 517.5559692382812 -1.2611658573150635
173.3979949951172 515.0481567382812 -1.130843997001648
174.70205688476562 512.6898193359375 -1.0005221366882324
176.30154418945312 510.52093505859375 -0.8702002763748169
176.30154418945312 510.52093505859375 -0.4702002704143524
178.7783660888672 509.4590148925781 -0.3398784399032593
181.3721923828125 508.72796630859375 -0.20955659449100494
184.0390167236328 508.3401794433594 -0.07923474907875061
186.73362731933594 508.30224609375 0.05108709633350372
189.41030883789062 508.61480712890625 0.18140894174575806
192.023681640625 509.2725830078125 0.3117308020591736
194.52940368652344 510.2643737792969 0.4420526623725891
196.88499450683594 511.5733947753906 0.5723745226860046
199.05050659179688 513.1774291992188 0.7026963829994202
200.98919677734375 515.0492553710938 0.8330182433128357
202.66819763183594 517.1571655273438 0.9633401036262512
204.0590362548828 519.4653930664062 1.093661904335022
204.0590362548828 519.4653930664062 1.493661880493164
204.0590362548828 519.4653930664062 1.8936618566513062
204.0590362548828 519.4653930664062 2.2936618328094482
204.0590362548828 519.4653930664062 2.69366192817688
204.0590362548828 519.4653930664062 3.0936620235443115
201.36456298828125 519.4189453125 -3.05920147895813
198.698974609375 519.0227661132812 -2.928879737854004
196.1074676513672 518.2835083007812 -2.798557996749878
193.63400268554688 517.2137451171875 -2.668236255645752
191.29869079589844 515.8223266601562 -2.5402629375457764
188.00035095214844 513.5593872070312 -2.5402629375457764
184.70201110839844 511.2964172363281 -2.5402629375457764
181.40367126464844 509.033447265625 -2.5402629375457764
178.10533142089844 506.7704772949219 -2.5402629375457764
174.80699157714844 504.50750732421875 -2.5402629375457764
172.68882751464844 502.8414611816406 -2.4099411964416504
169.71253967285156 500.1690673828125 -2.4099411964416504
166.7362518310547 497.4966735839844 -2.4099411964416504
164.85256958007812 495.5694885253906 -2.2796194553375244
162.24880981445312 492.5329895019531 -2.2796194553375244
159.64505004882812 489.4964904785156 -2.2796194553375244
158.0277862548828 487.3408508300781 -2.1492977142333984
155.84071350097656 483.9917297363281 -2.1492977142333984
153.6536407470703 480.6426086425781 -2.1492977142333984
152.33018493652344 478.2950439453125 -2.018982172012329
150.59686279296875 474.6900939941406 -2.018982172012329
148.86354064941406 471.08514404296875 -2.018982172012329
147.13021850585938 467.4801940917969 -2.018982172012329
145.3968963623047 463.875244140625 -2.018982172012329
144.38973999023438 461.3756408691406 -1.8886603116989136
143.13958740234375 457.5760192871094 -1.8886603116989136
141.88943481445312 453.7763977050781 -1.8886603116989136
140.6392822265625 449.9767761230469 -1.8886603116989136
139.38912963867188 446.1771545410156 -1.8886603116989136
138.71534729003906 443.56787109375 -1.758338451385498
137.96957397460938 439.63800048828125 -1.758338451385498
137.2238006591797 435.7081298828125 -1.758338451385498
136.47802734375 431.77825927734375 -1.758338451385498
135.7322540283203 427.848388671875 -1.758338451385498
134.98648071289062 423.91851806640625 -1.758338451385498
134.24070739746094 419.9886474609375 -1.758338451385498
133.49493408203125 416.05877685546875 -1.758338451385498
132.74916076660156 412.12890625 -1.758338451385498
132.00338745117188 408.19903564453125 -1.758338451385498
131.2576141357422 404.2691650390625 -1.758338451385498
130.5118408203125 400.33929443359375 -1.758338451385498
130.182861328125 397.6645812988281 -1.6280165910720825
129.9541015625 393.671142578125 -1.6280165910720825
129.725341796875 389.6777038574219 -1.6280165910720825
129.49658203125 385.68426513671875 -1.6280165910720825
129.267822265625 381.6908264160156 -1.6280165910720825
129.0390625 377.6973876953125 -1.6280165910720825
128.810302734375 373.7039489746094 -1.6280165910720825
128.58154296875 369.71051025390625 -1.6280165910720825
128.352783203125 365.7170715332031 -1.6280165910720825
128.1240234375 361.7236328125 -1.6280165910720825
127.895263671875 357.7301940917969 -1.6280165910720825
127.66650390625 353.73675537109375 -1.6280165910720825
127.437744140625 349.7433166503906 -1.6280165910720825
127.208984375 345.7498779296875 -1.6280165910720825
127.30951690673828 344.1822204589844 -1.3854899406433105
128.0465087890625 340.2507019042969 -1.3854899406433105
128.7834930419922 336.3191833496094 -1.3854899406433105
129.52047729492188 332.3876647949219 -1.3854899406433105
130.25746154785156 328.4561462402344 -1.3854899406433105
130.99444580078125 324.5246276855469 -1.3854899406433105
131.73143005371094 320.5931091308594 -1.3854899406433105
132.46841430664062 316.6615905761719 -1.3854899406433105
133.2053985595703 312.7300720214844 -1.3854899406433105
133.9423828125 308.7985534667969 -1.3854899406433105
134.6793670654297 304.8670349121094 -1.3854899406433105
135.41635131835938 300.9355163574219 -1.3854899406433105
136.15333557128906 297.0039978027344 -1.3854899406433105
136.89031982421875 293.0724792480469 -1.3854899406433105
137.62730407714844 289.1409606933594 -1.3854899406433105
138.36428833007812 285.2094421386719 -1.3854899406433105
139.1012725830078 281.2779235839844 -1.3854899406433105
139.8382568359375 277.3464050292969 -1.3854899406433105
140.5752410888672 273.4148864746094 -1.3854899406433105
141.31222534179688 269.4833679199219 -1.3854899406433105
142.04920959472656 265.5518493652344 -1.3854899406433105
142.78619384765625 261.6203308105469 -1.3854899406433105
143.52317810058594 257.6888122558594 -1.3854899406433105
144.26016235351562 253.75729370117188 -1.3854899406433105
144.9971466064453 249.82577514648438 -1.3854899406433105
145.734130859375 245.89425659179688 -1.3854899406433105
146.4711151123047 241.96273803710938 -1.3854899406433105
147.20809936523438 238.03121948242188 -1.3854899406433105
147.94508361816406 234.09970092773438 -1.3854899406433105
148.68206787109375 230.16818237304688 -1.3854899406433105
149.41905212402344 226.23666381835938 -1.3854899406433105
150.15603637695312 222.30514526367188 -1.3854899406433105
150.8930206298828 218.37362670898438 -1.3854899406433105
151.6300048828125 214.44210815429688 -1.3854899406433105
152.3669891357422 210.51058959960938 -1.3854899406433105
153.10397338867188 206.57907104492188 -1.3854899406433105
153.84095764160156 202.64755249023438 -1.3854899406433105
154.57794189453125 198.71603393554688 -1.3854899406433105
155.31492614746094 194.78451538085938 -1.3854899406433105
156.05191040039062 190.85299682617188 -1.3854899406433105
156.05191040039062 190.85299682617188 -0.9854899644851685
156.05191040039062 190.85299682617188 -0.9854899644851685
156.05191040039062 190.85299682617188 -0.9854899644851685
156.05191040039062 190.85299682617188 -0.9854899644851685
156.05191040039062 190.85299682617188 -0.9854899644851685
156.05191040039062 190.85299682617188 -0.9854899644851685
156.05191040039062 190.85299682617188 -0.9854899644851685
156.05191040039062 190.85299682617188 -0.9854899644851685
156.05191040039062 190.85299682617188 -0.9854899644851685
156.05191040039062 190.85299682617188 -0.9854899644851685
