-388.25166598987784
-386.7984038545483
-385.6695099964513
-384.88803054373244
-384.4699903564368
-384.4240082298684
-384.7510449649749
-385.444327203905
-386.4896295532741
-387.8655716982587
-389.5443649155492
-391.49243270459135
-393.6714213576317
-396.03911156655806
-392.3697032480367
-388.7068179389648
-385.05064192388545
-387.6360676166804
-383.808669695951
-379.98482735474624
-376.1646490241284
-372.34824747897466
-368.53574005172214
-364.7272488584668
-360.9229010382274
-357.1228290062438
-359.70249371190687
-355.77072403581775
-351.84049268689785
-347.9118517988881
-343.98485586561424
-340.0595618747204
-342.7013467742643
-338.7086804093599
-334.7161894200221
-330.7238801576403
-326.731759283736
-322.7398337891065
-318.74811101440247
-314.75659867226693
-310.76530487117446
-306.77423814112626
-302.78340746136956
-298.792822290332
-294.8024925979782
-290.8124289008208
-286.8226422998432
-282.8331445216199
-278.84394796295317
-274.85506573938136
-277.83169824648655
-273.8332081267526
-269.8347625956668
-265.8363636652032
-268.48781948090016
-264.54030540985855
-260.5943922439985
-256.6501538235301
-252.7076685662889
-248.76701982522107
-244.82829627961613
-244.82829627961613
-244.82829627961613
-244.82829627961613
-244.82829627961613
-244.82829627961613
-244.82829627961613
-244.82829627961613
-244.82829627961613
-244.82829627961613
-244.82829627961613
