-392.7112060729341
-395.40036287476886
-398.06730662486814
-400.7118653778113
-403.3339200832379
-405.9333122963548
-408.5098755735954
-411.0634955887405
-413.59398783764584
-416.1012207884322
-418.5850834144558
-421.04539517751476
-423.4820272481398
-425.8948414928246
-428.28371992413435
-430.64850528767505
-432.98906195225976
-435.3052437617319
-437.5969541626989
-439.86402897288434
-442.10635249434483
-444.32379980066486
-446.5162356654237
-448.683544540424
-450.82560022614626
-452.9422971595444
-455.03349044418644
-457.0990530592358
-459.13890826286064
-461.1529099638644
-463.14095915537524
-465.10291727420866
-467.03869213310463
-468.9481886680658
-470.8312322568471
-472.6877642390169
-474.5177122719156
-476.32093108302183
-476.32093108302183
-476.6288054622415
-476.90990155628214
-477.1642012869806
-477.39174634788463
-477.5924997512623
-477.76641292024925
-477.9134933197658
-478.0337322132697
-478.0337322132697
-476.62005953622156
-475.17948415899457
-473.71208600576773
-472.21794497759305
-470.6971537540235
-469.14980529216945
-467.57597653351326
-465.9757453084701
-464.34920150459646
-462.6964702240211
-461.0176043654294
-459.3127365378709
-457.581933049367
-455.82529056859846
-454.0429233894257
-452.23494205479705
-450.4014128185012
-448.542466752796
-446.6582248898502
-444.7487710464975
-442.81420603055875
-440.8546493470557
-438.870196681792
-436.8609603207702
-434.8270723574187
-432.76864035062016
-430.68578799655796
-430.68578799655796
-430.68578799655796
-430.68578799655796
-426.9231561898113
-423.174924149431
-419.442335619324
-415.72663212420963
-412.02915900853594
-408.35125675334154
-404.69426599245105
-401.05961883337307
-397.2975244628347
-393.5401224708857
-389.78754855572197
-386.0399435140561
-382.2974534732982
-378.56023013594324
-374.82843103687406
-371.1022198143359
-367.53491837217643
-363.99339784899223
-360.4816028978785
-357.00121862585263
-353.55398587523143
-350.1416744031842
-346.7660762083768
-343.4290398582369
-340.127729518243
-340.127729518243
-340.127729518243
-340.127729518243
-340.127729518243
-340.127729518243
-340.127729518243
-343.91495724219317
-347.7133256375256
-351.5216650924919
-355.3387709694276
-359.1635416771146
-362.9948858718296
-366.8317419074731
-370.67308260735086
-374.517928587935
-378.3653041412274
-382.2142847739714
-386.0639403693241
-389.9134169802339
-393.7618587314671
-397.6084556075401
-401.45238679916565
-405.29288136037394
-409.1291765628085
-412.96055085424587
-416.7862526402454
-420.60562485828274
-424.41795268645194
-428.2226055202826
-432.0189273167151
-435.80627637184193
-439.6514588594865
-439.6514588594865
-439.6514588594865
-441.7395288379056
-443.80268305499993
-445.8407916612329
-447.8537496835484
-449.8414559009817
-451.80377271753287
-453.7405928320756
-455.7528966449758
-457.6893703018117
-459.7010859305971
-461.73868909808385
-463.80183861214795
-465.89019508436354
-468.0034210742792
-470.1411812258708
-472.3031423963115
-474.48897377720937
-476.69834700847593
-476.69834700847593
-479.90277881728446
-483.0845289167591
-486.24333234450523
-489.3789464726367
-492.4910909841069
-495.57951600693076
-498.6439759900432
-501.68422132291965
-504.836538296451
-508.0007904298324
-511.17675608242956
-511.17675608242956
-514.899419095824
-518.6089203361495
-522.3047337969525
-525.9863233346063
-529.6531538256766
-533.3047282035068
-536.9405375394041
-540.5600543532521
-544.1628239197105
-547.7483782682667
-551.3162355664174
-554.8659609033328
-558.3970804662158
-561.9091722083022
-565.4017929727207
-568.8745264851559
-572.3269399928649
-575.7586504503721
-579.1692476092145
-582.5583514347092
-585.9255872814609
-589.2705291896943
-592.5928507205087
-595.892130873199
-599.1680622157468
-602.4202704068917
-605.6484075144419
-608.8521637738086
-612.0311688833382
-615.1851104692066
-618.3136810111547
-621.4165247346524
-624.4933754229556
-627.5438725888777
-630.567764963001
-633.5647121388402
-636.5344568866459
-639.476697644715
-642.3911738546124
-645.2775729354173
-648.1356268817756
-650.9650841707689
-653.7656679849898
-656.5371832333518
-659.2799846450068
-659.2799846450068
-660.7171106829016
-660.7171106829016
-660.6138110737251
-660.475095198732
-660.300983779915
-660.0914871820725
-660.0914871820725
-658.3687894957106
-656.6124167231335
-654.8224925760868
-652.999108166988
-651.1424135861629
-651.1424135861629
-648.0938730546706
-645.0186630223919
-641.9170957604726
-638.7895224084286
-635.636251129049
-632.4576287958278
-629.2539855637067
-629.2539855637067
-625.3204260018588
-621.3877147691458
-617.4558680751483
-613.5249025413615
-609.5948352142412
-605.6656835787439
-601.7374655723831
-597.9523350112787
-594.0148841790759
-590.078274975946
-586.2853399889023
-582.483585876558
-578.6737010119147
-574.8563893929704
-571.0324108187286
-567.2024523644392
-563.3673045787099
-559.5277062037546
-555.6844576666923
-551.8383320994757
-547.9901852777148
-544.1408235897778
-540.2911213180327
-536.4419439985145
-532.594179714811
-528.5973042160792
-524.7519150786528
-520.7580283751836
-516.9159938995413
-513.0782117329935
-509.2456585504187
-505.2667207505323
-501.440702621663
-497.46919801119793
-493.49815364770853
-489.5275807317558
-485.55749082891265
-481.5878958846962
-477.77163761018556
-473.81106783955755
-470.00459315569873
-466.0544957133508
-462.105256471653
-458.1568976232631
-454.20944212747145
-450.2629137433584
-446.3173370646763
-442.3727375565579
-438.429141594166
-434.4865765034012
-430.5450706037976
-426.6046532537437
-422.81847307593097
-418.89134194321207
-414.965602717372
-411.0412952795402
-407.11846103370954
-403.1971429793538
-399.2773857881942
-395.3592358853894
-395.3592358853894
-392.0727368700501
-388.7996099156786
-385.5401955974448
-382.29484465392403
-379.0639182955028
-375.847788519543
-372.6468384321037
-369.46146257596814
-366.29206726466845
-363.1390709221401
-360.00290442756926
-356.88401146492373
-353.78284887657554
-350.69988702033504
-350.69988702033504
-346.8739550103267
-343.05199383740666
-339.23413771319883
-335.420526812386
-331.61130759831326
-327.80663316948187
-324.0066636284552
-320.2115664748201
-316.42151702398
-316.42151702398
-312.58489463855574
-308.5916604007552
-304.59860397369357
-300.60573244314713
-296.6130532760973
-292.6205743466902
-288.77661668241535
-284.93003954416963
-280.93224021008155
-276.9345046676007
-276.9345046676007
-273.43419641508166
-269.9192515968785
-266.264496727849
-262.61980513618147
-258.9856016822414
-255.36233415399133
-255.36233415399133
-252.7896723643684
-250.20639410044697
-247.61275140845598
-245.00900365998618
-242.39542833365334
-239.77231047964452
-237.13993242942885
-234.498574909728
-231.84854853200704
-229.19017485387883
-226.52374147690722
-223.84959188186687
-223.84959188186687
-220.29984019517306
-216.73779729505947
-213.16367492519086
-209.57767660238198
-205.98003332475702
-202.3709418450546
-198.75060768767707
-195.11925761332412
-191.47710637784633
-187.82436942390288
-184.1612809646267
-180.48804260402179
-180.48804260402179
-176.66121131245112
-172.84233986558755
-169.0328623338434
-169.0328623338434
-169.0328623338434
-169.0328623338434
-169.0328623338434
-169.0328623338434
-169.0328623338434
-172.26541212006177
-175.5530437551643
-178.89200159602066
-182.2787205171602
-185.7098565649951
-189.18222802496152
-192.69285297146615
-196.23891375040193
-199.8177329638759
-203.42679750813713
-207.06372793716702
-210.72627967178704
-214.4123462788211
-218.11991969732827
-221.84709251182687
-221.84709251182687
-225.64587334751
-229.43678213521017
-233.2193709765281
-236.9932056266579
-240.75786425897644
-244.51294636749438
-248.25804846194603
-248.25804846194603
-251.3407125991513
-254.4099200753366
-257.46547802418934
-260.5071542136707
-263.53477727374656
-266.54816780358254
-269.5471254579739
-272.5314432575425
-275.5009504879559
-278.4554452562197
-281.39477769844524
-284.31872548471074
-287.22713450015993
-290.11981938140275
-292.9965958601801
-295.8572805655199
-298.70171748206985
-301.52973455412626
-304.34113424754196
-307.1357714559765
-309.9134752512407
-312.6740594276605
-315.41737962260515
-318.14325700612966
-320.8515389475726
-323.54207225088123
-326.2146687008063
-328.8691934338197
-331.50545612990044
-334.1233262165649
-336.7226583876771
-339.3032783845003
-341.8650440492062
-344.40780472811116
-346.93140750835204
-349.4356909782163
-351.92052525412913
-354.3857718680003
-356.8312610754413
-359.2568766295457
-361.6624651630233
-364.04786984252405
-366.412958797884
-368.7575962938108
-371.0816664902887
-373.3849916342251
-375.66747646427774
-377.9289585738191
-380.1693292496757
-382.3884500184053
-384.58619372609667
-386.7624366750588
-388.9170454614849
-391.04990677012927
-393.1608757830128
-395.24985354761446
-397.3167057777211
-399.36132179447264
-401.3835546288075
-403.38330712188247
-405.3604755412059
-407.31494639068023
-409.24660184188326
-411.15530866904896
-413.0409906670672
-414.90350244190995
-416.7427476298196
-418.55865351729716
-420.3510767573692
-422.11992535176347
-423.86509813329087
-425.5865149806083
-427.2840567121177
-428.95762341664425
-430.60710632996313
-432.2324477573909
-433.8335192297942
-435.41024270407723
-436.9625302043539
-438.4903141506299
-439.9934862199429
-441.4719275054045
-441.4719275054045
-441.42395778634
-441.3516981211873
-441.25517236055487
-441.1343927362578
-441.1343927362578
-441.1343927362578
-441.1343927362578
-437.49262385269395
-433.8358700548487
-430.16457844794746
-426.47923332326087
-422.78029566514255
-419.0682341543602
-415.34358714946353
-411.60684101186246
-407.8585227024468
-404.0991696168996
-400.32933045906856
-396.40786361851156
-392.4879817454419
-388.56973280720115
-384.65316670520286
-380.7383353722776
-376.82529287588545
-372.9140955276057
-369.0048019993494
-365.09747344677345
-361.1921736404145
-357.2889691051051
-353.38792926827824
-349.4891266178191
-345.7325442017523
-341.96560155929217
-338.1888104590303
-334.4027265517163
-330.6078898349205
-326.8048862722513
-322.994257678047
-319.17665528827564
-315.352658609065
-311.52295868253844
-307.68817762194533
-303.84902142539323
-300.00622182912383
-296.16050713106193
-292.31266460798724
-288.4634813222581
-284.6137780080318
-280.76443986477113
-276.9163595738654
-273.0704694644478
-269.22777492228
-265.3892653702604
-261.5560395664308
-257.7292173354752
-253.90997375394966
-250.09951240635164
-246.29912946476685
-242.51018814555087
-238.73412256179645
-234.97241321707796
-231.22662097335657
-227.4983932954526
-223.78946963993647
-220.10171815386497
-216.43705033574884
-212.79751891497136
-209.18526442762942
-205.60255238456278
-202.0518115614587
-198.38630539884412
-194.73395087807864
-191.0955182209199
-187.47181801116514
-183.86372131949906
-180.272165048437
-180.272165048437
-176.43160694673958
-172.59602118299793
-168.7666441099235
-164.94478975560182
-161.13189123832802
-157.32949661708867
-153.53928263153628
-149.76305441353185
-146.0027771789154
-142.26060982378368
-138.53889716668024
-134.84019268519546
-131.1673330514539
-127.52340551108544
-123.91181623666925
-120.33634073074916
-116.80113996635593
-113.3108062416321
-109.72308423852083
-106.16483222704069
-102.63911521479112
-99.14940406100254
-99.14940406100254
-95.33242560747107
-91.52663132215767
-87.73439380951648
-83.95846440609503
-80.20206351732627
-76.46896192309674
-72.7636725944123
-69.09156352803839
-65.45912196211007
-61.874223032126125
-58.34651789175635
-54.74040368035304
-51.19284520681171
-47.71690440435939
-44.47472889024964
-44.47472889024964
-44.47472889024964
-44.47472889024964
-44.47472889024964
-44.47472889024964
-44.47472889024964
-44.47472889024964
-44.47472889024964
-44.47472889024964
-44.47472889024964
