60.0 450.0 1.1853982210159302
60.0 450.0 1.5853981971740723
60.0 450.0 1.9853981733322144
60.0 450.0 2.3853981494903564
60.0 450.0 2.785398244857788
60.0 450.0 -3.0977869033813477
60.0 450.0 -2.697786808013916
60.0 450.0 -2.2977867126464844
57.34150314331055 447.01129150390625 -2.2977867126464844
54.683006286621094 444.0225830078125 -2.2977867126464844
54.683006286621094 444.0225830078125 -1.8977867364883423
53.39822769165039 440.2345275878906 -1.8977867364883423
52.11344909667969 436.44647216796875 -1.8977867364883423
50.828670501708984 432.6584167480469 -1.8977867364883423
49.54389190673828 428.870361328125 -1.8977867364883423
48.25911331176758 425.0823059082031 -1.8977867364883423
46.974334716796875 421.29425048828125 -1.8977867364883423
45.68955612182617 417.5061950683594 -1.8977867364883423
44.40477752685547 413.7181396484375 -1.8977867364883423
43.119998931884766 409.9300842285156 -1.8977867364883423
41.83522033691406 406.14202880859375 -1.8977867364883423
40.55044174194336 402.3539733886719 -1.8977867364883423
39.265663146972656 398.56591796875 -1.8977867364883423
37.98088455200195 394.7778625488281 -1.8977867364883423
36.69610595703125 390.98980712890625 -1.8977867364883423
35.41132736206055 387.2017517089844 -1.8977867364883423
34.126548767089844 383.4136962890625 -1.8977867364883423
32.84177017211914 379.6256408691406 -1.8977867364883423
31.55699348449707 375.83758544921875 -1.8977867364883423
30.272216796875 372.0495300292969 -1.8977867364883423
30.272216796875 372.0495300292969 -1.4977867603302002
30.563995361328125 368.0601806640625 -1.4977867603302002
30.85577392578125 364.0708312988281 -1.4977867603302002
31.147552490234375 360.08148193359375 -1.4977867603302002
31.4393310546875 356.0921325683594 -1.4977867603302002
31.731109619140625 352.102783203125 -1.4977867603302002
32.02288818359375 348.1134338378906 -1.4977867603302002
32.314666748046875 344.12408447265625 -1.4977867603302002
32.6064453125 340.1347351074219 -1.4977867603302002
32.898223876953125 336.1453857421875 -1.4977867603302002
33.19000244140625 332.1560363769531 -1.4977867603302002
33.481781005859375 328.16668701171875 -1.4977867603302002
33.481781005859375 328.16668701171875 -1.097786784172058
35.30405044555664 324.60589599609375 -1.097786784172058
37.126319885253906 321.04510498046875 -1.097786784172058
38.94858932495117 317.48431396484375 -1.097786784172058
40.77085876464844 313.92352294921875 -1.097786784172058
42.5931282043457 310.36273193359375 -1.097786784172058
44.41539764404297 306.80194091796875 -1.097786784172058
46.237667083740234 303.24114990234375 -1.097786784172058
48.0599365234375 299.68035888671875 -1.097786784172058
48.0599365234375 299.68035888671875 -0.697786808013916
48.0599365234375 299.68035888671875 -0.29778680205345154
48.0599365234375 299.68035888671875 0.10221320390701294
48.0599365234375 299.68035888671875 0.5022132396697998
48.0599365234375 299.68035888671875 0.9022132158279419
48.0599365234375 299.68035888671875 1.302213191986084
49.12139892578125 303.5369567871094 1.302213191986084
50.182861328125 307.3935546875 1.302213191986084
51.24432373046875 311.2501525878906 1.302213191986084
52.3057861328125 315.10675048828125 1.302213191986084
53.36724853515625 318.9633483886719 1.302213191986084
54.4287109375 322.8199462890625 1.302213191986084
55.49017333984375 326.6765441894531 1.302213191986084
55.49017333984375 326.6765441894531 1.702213168144226
55.49017333984375 326.6765441894531 2.102213144302368
55.49017333984375 326.6765441894531 2.5022132396698
55.49017333984375 326.6765441894531 2.9022133350372314
55.49017333984375 326.6765441894531 -2.9809718132019043
51.54166030883789 326.0368347167969 -2.9809718132019043
47.59314727783203 325.3971252441406 -2.9809718132019043
43.64463424682617 324.7574157714844 -2.9809718132019043
39.69612121582031 324.1177062988281 -2.9809718132019043
39.69612121582031 324.1177062988281 -2.5809717178344727
39.69612121582031 324.1177062988281 -2.180971622467041
37.404075622558594 320.8395080566406 -2.180971622467041
35.112030029296875 317.5613098144531 -2.180971622467041
32.819984436035156 314.2831115722656 -2.180971622467041
30.527938842773438 311.0049133300781 -2.180971622467041
28.23589324951172 307.7267150878906 -2.180971622467041
25.94384765625 304.4485168457031 -2.180971622467041
23.65180206298828 301.1703186035156 -2.180971622467041
23.65180206298828 301.1703186035156 -1.780971646308899
22.817276000976562 297.2583312988281 -1.780971646308899
21.982749938964844 293.3463439941406 -1.780971646308899
21.148223876953125 289.4343566894531 -1.780971646308899
20.313697814941406 285.5223693847656 -1.780971646308899
19.479171752929688 281.6103820800781 -1.780971646308899
18.64464569091797 277.6983947753906 -1.780971646308899
17.81011962890625 273.7864074707031 -1.780971646308899
16.97559356689453 269.8744201660156 -1.780971646308899
16.97559356689453 269.8744201660156 -1.780971646308899
16.97559356689453 269.8744201660156 -1.780971646308899
16.97559356689453 269.8744201660156 -1.780971646308899
16.97559356689453 269.8744201660156 -1.780971646308899
16.97559356689453 269.8744201660156 -1.780971646308899
16.97559356689453 269.8744201660156 -1.780971646308899
16.97559356689453 269.8744201660156 -1.780971646308899
16.97559356689453 269.8744201660156 -1.780971646308899
16.97559356689453 269.8744201660156 -1.780971646308899
16.97559356689453 269.8744201660156 -1.780971646308899
