-392.71482443647534
-395.40877815887126
-398.08170471782756
-400.73347067519796
-403.3639348575138
-405.97294861040865
-408.5603853359662
-411.1260805853586
-413.6699220069954
-416.19175939828256
-418.69146371575164
-421.16889852080874
-423.6239494163389
-426.0564616117985
-428.4663032933993
-430.8533642430682
-433.21749410431516
-435.5585958426794
-437.87653110882576
-440.1711542226641
-442.44237073505155
-444.6900441965029
-446.9140645070527
-449.1143060695165
-451.29066840110056
-453.4430099385901
-455.571240638033
-457.67522895366113
-459.75486452064143
-461.8100282481936
-463.84061895407143
-465.8465298188529
-467.82767171893903
-469.783946560469
-471.71518449551314
-473.62132514296457
-475.5022436727999
-477.35801974581705
-477.35801974581705
-477.7248789624831
-478.06655874042247
-478.38300700416244
-478.67422419416135
-478.9402539220178
-479.18101709997603
-479.3964827736693
-479.3964827736693
-478.0718433840832
-476.7217566246046
-475.34631486192706
-473.9456106211231
-472.51969821396756
-471.06864545061507
-469.59254944320264
-468.0914748495678
-466.5654994700069
-465.014725046126
-463.439227233245
-461.8390664790038
-460.2143555687419
-458.56516951661746
-456.8916141366905
-455.193751685381
-453.4716822984734
-451.7255110381503
-449.9553192677373
-448.16120636818204
-446.3432762367355
-444.50160941442175
-442.63630569067624
-440.74746833690745
-438.83520579748
-436.8996173653114
-434.94079303930556
-432.9588552134205
-430.9539067181728
-428.926062253401
-428.926062253401
-428.926062253401
-428.926062253401
-425.14505417897146
-421.3768182764125
-417.6225024415185
-413.8833093040358
-410.1604438190913
-406.4551776172035
-402.7687920339207
-399.1026315299932
-395.4580105703483
-391.6892930958182
-387.9251996949817
-384.16587422660365
-380.41145804457506
-376.66209795029545
-372.91794644726605
-369.17916200942824
-365.44590936406837
-361.71835979016566
-357.99669143311115
-354.42715605835076
-350.7400552027717
-347.0598849235085
-343.5320890069076
-340.03475882057313
-336.56958897296005
-333.13832623124466
-329.7427979149422
-326.3848372922967
-326.3848372922967
-326.3848372922967
-326.3848372922967
-326.3848372922967
-326.3848372922967
-326.3848372922967
-330.15423858655987
-333.93670028782293
-337.730989166964
-341.5359096816131
-345.3503426424957
-349.1731409158293
-353.00325109856885
-356.8396159829219
-360.68124750971197
-364.5271781686913
-368.3764381884751
-372.2281435127677
-376.0814112426748
-379.93537314193776
-383.78920841296195
-387.64209977436656
-391.49329616393635
-395.3420071097357
-399.18751880052804
-403.02908224041454
-406.86603778801634
-410.6976821060159
-414.5233907838789
-418.3424939425229
-422.15437940074776
-425.95842183876937
-429.7540648335977
-433.5407032111094
-437.3177925580302
-441.0847723788884
-441.0847723788884
-441.0847723788884
-443.0924020511798
-445.0764394659101
-447.03680132485744
-448.9733612439002
-450.88599727806127
-452.7746468331841
-454.639197119684
-456.57527298127485
-458.53806847791003
-460.527241967521
-462.542453132902
-464.58336314533074
-466.6496348202598
-468.74093276517846
-470.85692351975615
-472.9972756883929
-475.16166006531483
-477.3497497523616
-477.3497497523616
-480.54461892696906
-483.71763120437225
-486.86851824407506
-489.997041954193
-493.10107521276046
-496.1820456299648
-499.3748802915986
-502.5792670895995
-502.5792670895995
-506.31758483554364
-510.0436943503518
-513.7570817470846
-517.4572517067909
-521.1436806161814
-524.8158943324497
-528.4734252321647
-532.1157756191188
-535.7425203887902
-539.353190471811
-542.9473523369775
-546.5245705891338
-550.0844258880603
-553.6264962770632
-557.1503631594634
-560.6556407550199
-564.1419214102236
-567.6088425480506
-571.0560059879655
-574.4830577775119
-577.8896213392022
-581.2753499688129
-584.6398736106754
-587.9828463996209
-591.3039225927934
-594.6028035681039
-597.8791236028725
-601.1325359945772
-604.3627675308749
-607.5695163317552
-610.7524596858697
-613.9112734515602
-617.045658166194
-620.1553520035056
-623.2400509835625
-626.2994889798512
-629.3333369553274
-632.3413490292274
-635.3232763132874
-638.2788462954322
-641.2078036988207
-644.1098486365806
-646.984763661727
-649.8323275286227
-652.6522731316521
-655.4443710385935
-658.2083455769709
-658.2083455769709
-659.67316482707
-661.1052290249614
-661.1052290249614
-660.9962966950251
-660.853577219254
-660.677133230949
-660.4668876577049
-660.2432348273622
-660.2432348273622
-658.5405783273178
-656.8056349904808
-655.038560104749
-655.038560104749
-652.0523844223716
-649.0398420356877
-646.0012603317904
-642.9368984507349
-639.8470128583825
-636.7319690120352
-633.592018835491
-633.592018835491
-629.8197530638596
-625.899709536914
-621.9806842769951
-618.0626966540519
-614.1457665271266
-610.2299142597149
-606.3151607357016
-602.4015273758974
-598.6260652936584
-594.8405852565182
-591.045800059815
-587.2422176119618
-583.43055532701
-579.6114722323381
-575.7856227459013
-571.9537130624163
-568.1164226267462
-564.2744908216678
-560.4286476447497
-556.5796375151007
-552.7282001604248
-548.8751375595119
-545.021221228469
-541.167563823724
-537.3144353655017
-533.4629716109737
-529.466833015505
-525.617949848126
-521.6249983765215
-517.7796800690663
-513.7909054337533
-509.9501197263366
-505.9666114458385
-502.13141863643733
-498.1542729604919
-494.1774963178845
-490.3493986972884
-486.3802317753014
-482.41157441785157
-478.5919174414658
-474.63222538205673
-470.67321483786714
-466.7149031522
-462.7573082586451
-458.9021415760994
-454.95216231641183
-451.00306466911957
-447.0548719976199
-443.10760849255286
-439.1612992084817
-435.3647007600544
-431.4305619001508
-427.4976452588897
-423.5659848820945
-419.6356160804388
-415.70657548817735
-411.77890112514694
-407.85263246224963
-403.9278104906467
-400.004477794907
-396.0826786303742
-396.0826786303742
-392.7856410806709
-389.501773483238
-386.2314117641318
-382.97490191830275
-379.7326003184946
-376.5048740312004
-373.29210113950614
-370.09467107260156
-366.9129849416883
-363.74745588195486
-360.59850940022255
-357.4665837277979
-354.3521301779852
-351.2556135076298
-351.2556135076298
-347.4234419435358
-343.595095846831
-339.770704527215
-335.95040304585837
-332.13433253016296
-328.3226405087937
-324.51548126846563
-320.7130162340916
-316.9154143740267
-316.9154143740267
-313.07130163158126
-309.0798190472352
-305.08855944946913
-301.09753170581496
-297.106745159745
-293.11620966299785
-289.2696847000403
-285.42021309635186
-281.5684945458987
-277.5700115036062
-277.5700115036062
-274.0562800899795
-270.52862586135996
-266.98726967421
-263.30939998530795
-259.6410564631073
-259.6410564631073
-256.9872098791846
-254.32293212981855
-251.64846830554092
-248.96407057562345
-246.2699987206806
-243.566510125057
-240.8538706751586
-238.13235508587275
-235.40224749433236
-232.66384352722713
-229.91742555481412
-227.16330979799957
-224.4018030215273
-224.4018030215273
-220.80367928560844
-217.1940676348858
-213.5731745734993
-209.9412183396651
-206.29839335618675
-202.64491597306755
-198.98100360189062
-195.30686878200765
-191.62272865441625
-187.92879918897447
-184.2252988131623
-180.51245405997858
-176.79050700723937
-176.79050700723937
-172.98028711680777
-169.18119676883992
-169.18119676883992
-169.18119676883992
-169.18119676883992
-169.18119676883992
-169.18119676883992
-169.18119676883992
-172.4665741577543
-175.80327307841063
-179.1877470366048
-182.61663216844184
-186.0867616646889
-189.5951622313309
-193.1390182965231
-196.71567582448066
-200.32262784947406
-203.95753195717813
-207.61815433148394
-211.30240803336162
-215.00831702473815
-218.73400505297724
-222.47770014086703
-222.47770014086703
-226.27263369525576
-230.0595651739395
-233.8380936778206
-237.60783958116622
-241.36842021486757
-245.11948324645542
-248.86068434515735
-252.59167293008878
-252.59167293008878
-255.63312042724246
-258.6619598181195
-261.67800347959655
-264.68108067075633
-267.67096771740086
-270.6474780643954
-273.6104350939329
-276.55965996596
-279.4949589492905
-282.4161503330038
-285.32305493306984
-288.21547878215443
-291.0932645536567
-293.95625748205606
-296.80424525356136
-299.63706860693503
-302.45457817772245
-305.25658393163775
-308.04294972675706
-310.8134694538758
-313.5680089102212
-316.3064083530607
-319.02850113331635
-321.73412103990125
-324.42310895400334
-327.09531848857335
-329.7506103455993
-332.38881059255584
-335.0097720004163
-337.61334656139786
-340.1993851200787
-342.76772462854274
-345.3182412333157
-347.8507692290083
-350.36516942036457
-352.8613066654942
-355.3390321035416
-357.7982288774909
-360.2387437454015
-362.6604207347669
-365.06315312897465
-367.44680304397616
-369.81120060404174
-372.1562591092315
-374.4818258424824
-376.78776890936587
-379.07395741759615
-381.3402854710817
-383.58660089236815
-385.81278940478506
-388.018719698889
-390.20428579539254
-392.3693513985552
-394.51379721143184
-396.6375323567345
-398.74039762003866
-400.82231426725383
-402.88313865721585
-404.9227511075389
-406.9410828597434
-408.93796656034823
-410.91332138548984
-412.86705487700937
-414.799039434776
-416.7091684003156
-418.5973282971332
-420.46342664968256
-422.307362950562
-424.129059696903
-425.92836941409433
-427.7052263876959
-429.45952769950156
-431.19116022773227
-432.9000332452427
-434.5860775451986
-436.2491835289477
-437.88926407659227
-439.50622204671714
-441.0999820136044
-442.67042841479423
-444.2174971861609
-445.7411151689651
-445.7411151689651
-445.74160991970604
-445.71918336504234
-445.6738304134947
-445.60556583397647
-445.51436339013554
-445.4002470555819
-445.4002470555819
-445.4002470555819
-445.4002470555819
-441.75711239652526
-438.099403566085
-434.42751451053226
-430.74190598315454
-427.0430149386563
-423.33128579909334
-419.60717063131295
-415.8711301747782
-412.12366472782844
-408.3652845789953
-404.59647924793086
-400.8211712168251
-396.8948521410601
-392.9700194003992
-389.04671797877427
-385.12499467522406
-381.2048981953884
-377.2864792485296
-373.36979065046955
-369.45488743286296
-365.5418269592593
-361.7675679890718
-357.98385866758355
-354.1911913164743
-350.25111961921016
-346.4513286501644
-342.64359594271735
-342.64359594271735
-338.7707223350636
-334.90083714150205
-331.03404516836406
-327.1704560909734
-323.3101847341252
-319.4533513717554
-315.60008204731463
-311.7505089164904
-307.90477061407034
-304.0630126469007
-300.2253878150693
-296.3920566636389
-292.56318796746837
-292.56318796746837
-288.7276064866482
-284.8873355708165
-281.0429904685016
-277.19527230280215
-273.34487806368116
-269.4925030396337
-265.63890340175925
-261.7848991706671
-257.93128435188214
-254.07892187792615
-250.22868481740986
-246.38155104671839
-242.53848490949534
-238.70053191127232
-234.868761395363
-231.04433203481793
-227.22846558838017
-223.422421393154
-219.62753143997236
-215.84523718083568
-212.07700351830835
-208.32444743006263
-204.58922295843664
-200.87315078216616
-197.17810406618753
-193.50610847083306
-189.85930591356282
-186.23997927500204
-182.65054775285216
-179.09359302604855
-175.57187086377112
-172.08832320762326
-168.50285502057253
-164.93645258291212
-161.39037984361025
-161.39037984361025
-157.55381580444995
-153.7240743768559
-149.90254563086057
-146.09072316727534
-142.29022153178627
-138.50280561696422
-134.73044242991799
-130.9752484930942
-127.23958871669957
-123.52607944050251
-119.8375891258441
-116.17733868614397
-112.54888673680387
-108.95622667697597
-105.40382929381926
-101.89669598821457
-98.29704159505178
-94.72951068301923
-91.1978732045291
-91.1978732045291
-87.36656347019685
-83.54428642126908
-79.73320650215256
-75.93587788604637
-72.15535123036697
-68.3952907344528
-64.66013336844014
-60.95532281130497
-57.28761565275517
-53.66547729035594
-50.09965027841576
-46.60390918710036
-43.19610230719494
-39.89958676030702
-36.74512359437779
-36.74512359437779
-34.923336496533565
-34.923336496533565
-34.923336496533565
-34.923336496533565
-34.923336496533565
-34.923336496533565
-34.923336496533565
-34.923336496533565
-34.923336496533565
-34.923336496533565
-34.923336496533565
