62.74348831176758 452.7030334472656 0.7705386281013489
65.52684020996094 455.364990234375 0.7556790709495544
68.34943389892578 457.98529052734375 0.74081951379776
71.21065521240234 460.5633544921875 0.7259599566459656
74.10986328125 463.0986328125 0.7111003994941711
77.04642486572266 465.5905456542969 0.6962408423423767
80.01969146728516 468.0385437011719 0.6813812851905823
83.02900695800781 470.4421081542969 0.6665217280387878
86.07369995117188 472.8006896972656 0.6516621708869934
89.15310668945312 475.11376953125 0.636802613735199
92.26654052734375 477.3808288574219 0.6219430565834045
95.41331481933594 479.60137939453125 0.6070834994316101
98.59274291992188 481.7749328613281 0.5922239422798157
101.80411529541016 483.9010009765625 0.5773643851280212
105.04672241210938 485.9791259765625 0.5625048279762268
108.3198471069336 488.0088195800781 0.5476452708244324
111.62277221679688 489.9896545410156 0.5327857136726379
114.95476531982422 491.92120361328125 0.5179261565208435
118.31509399414062 493.8030090332031 0.5030665993690491
121.70301055908203 495.6346740722656 0.48820704221725464
125.1177749633789 497.4158020019531 0.4733474850654602
128.55862426757812 499.14599609375 0.45848792791366577
132.02481079101562 500.82489013671875 0.44362837076187134
135.5155487060547 502.45208740234375 0.4287688136100769
139.03009033203125 504.0272216796875 0.41390925645828247
142.56764221191406 505.5499572753906 0.39904969930648804
146.12742614746094 507.01995849609375 0.3841901421546936
149.7086639404297 508.4369201660156 0.36933058500289917
153.31056213378906 509.8005065917969 0.35447102785110474
156.9323272705078 511.11041259765625 0.3396114706993103
160.57315063476562 512.3663940429688 0.32475191354751587
164.23223876953125 513.568115234375 0.30989235639572144
167.90878295898438 514.71533203125 0.295032799243927
171.60195922851562 515.8078002929688 0.28017324209213257
175.3109588623047 516.8452758789062 0.26531368494033813
179.03497314453125 517.8275146484375 0.2504541277885437
182.77316284179688 518.7543334960938 0.23559457063674927
186.52471923828125 519.62548828125 0.22073501348495483
186.52471923828125 519.62548828125 -0.17926499247550964
190.3091583251953 518.91064453125 -0.19412454962730408
194.0825653076172 518.1396484375 -0.2089841067790985
197.84410095214844 517.3126220703125 -0.22384366393089294
201.59292602539062 516.4298095703125 -0.23870322108268738
205.32821655273438 515.4913940429688 -0.2535627782344818
209.04916381835938 514.49755859375 -0.26842233538627625
212.7549285888672 513.4485473632812 -0.2832818925380707
216.4447021484375 512.3446044921875 -0.2981414496898651
216.4447021484375 512.3446044921875 -0.6981414556503296
219.37652587890625 509.84710693359375 -0.713001012802124
222.2709197998047 507.30633544921875 -0.7278605699539185
225.12722778320312 504.72283935546875 -0.7427201271057129
227.94483947753906 502.09716796875 -0.7575796842575073
230.72312927246094 499.429931640625 -0.7724392414093018
233.4614715576172 496.7217102050781 -0.7872987985610962
236.15927124023438 493.97308349609375 -0.8021583557128906
238.81593322753906 491.1846923828125 -0.8170179128646851
241.4308624267578 488.35711669921875 -0.8318774700164795
244.0034942626953 485.4909973144531 -0.8467370271682739
246.5332489013672 482.58697509765625 -0.8615965843200684
249.0195770263672 479.64569091796875 -0.8764561414718628
251.46192932128906 476.66778564453125 -0.8913156986236572
253.85975646972656 473.6539001464844 -0.9061752557754517
256.2125549316406 470.604736328125 -0.9210348129272461
258.519775390625 467.52093505859375 -0.9358943700790405
260.7809143066406 464.4031982421875 -0.950753927230835
262.9954833984375 461.252197265625 -0.9656134843826294
265.1629943847656 458.0686340332031 -0.9804730415344238
267.282958984375 454.8532409667969 -0.9953325986862183
269.3548889160156 451.606689453125 -1.0101921558380127
271.37835693359375 448.3297119140625 -1.0250517129898071
273.3529052734375 445.0230407714844 -1.0399112701416016
275.2781066894531 441.6873779296875 -1.054770827293396
277.1535339355469 438.323486328125 -1.0696303844451904
278.978759765625 434.9320983886719 -1.0844899415969849
280.75341796875 431.5139465332031 -1.0993494987487793
282.4770812988281 428.06982421875 -1.1142090559005737
282.4770812988281 428.06982421875 -1.5142090320587158
282.4770812988281 428.06982421875 -1.914209008216858
282.4770812988281 428.06982421875 -2.314208984375
279.8494567871094 425.2540283203125 -2.329068660736084
277.1802978515625 422.47760009765625 -2.343928337097168
274.4701843261719 419.7411193847656 -2.358788013458252
271.7196960449219 417.04522705078125 -2.373647689819336
268.929443359375 414.3905029296875 -2.38850736618042
266.1000671386719 411.77752685546875 -2.403367042541504
263.232177734375 409.2068786621094 -2.418226718902588
260.3263854980469 406.67913818359375 -2.433086395263672
257.38336181640625 404.1948547363281 -2.447946310043335
254.30767822265625 401.6374816894531 -2.447946310043335
251.23199462890625 399.0801086425781 -2.447946310043335
248.15631103515625 396.5227355957031 -2.447946310043335
245.08062744140625 393.9653625488281 -2.447946310043335
242.00494384765625 391.4079895019531 -2.447946310043335
238.92926025390625 388.8506164550781 -2.447946310043335
235.85357666015625 386.2932434082031 -2.447946310043335
232.77789306640625 383.7358703613281 -2.447946310043335
229.70220947265625 381.1784973144531 -2.447946310043335
226.62652587890625 378.6211242675781 -2.447946310043335
223.6469268798828 376.18084716796875 -2.462806224822998
220.6313934326172 373.78509521484375 -2.477665901184082
217.58058166503906 371.4344177246094 -2.492525577545166
214.49517822265625 369.12933349609375 -2.50738525390625
211.37586975097656 366.870361328125 -2.522244930267334
208.2233428955078 364.6579895019531 -2.537104606628418
205.0382843017578 362.4927062988281 -2.551964282989502
205.0382843017578 362.4927062988281 -2.9519643783569336
205.0382843017578 362.4927062988281 2.931220769882202
205.0382843017578 362.4927062988281 2.5312206745147705
205.0382843017578 362.4927062988281 2.131220579147339
205.0382843017578 362.4927062988281 1.7312206029891968
205.0382843017578 362.4927062988281 1.3312206268310547
205.97994995117188 366.2271728515625 1.3163610696792603
206.9770050048828 369.9472351074219 1.3015015125274658
208.0292205810547 373.6520690917969 1.2866419553756714
209.13636779785156 377.34088134765625 1.271782398223877
210.29820251464844 381.0128173828125 1.2569228410720825
211.5144805908203 384.6670837402344 1.242063283920288
212.78492736816406 388.3028869628906 1.2272037267684937
214.1092529296875 391.9194030761719 1.2123441696166992
215.48716735839844 395.5158386230469 1.1974846124649048
216.91836547851562 399.0914001464844 1.1826250553131104
218.4025421142578 402.6452941894531 1.167765498161316
219.93936157226562 406.1767578125 1.1529059410095215
221.5284881591797 409.68499755859375 1.138046383857727
223.16957092285156 413.1692199707031 1.1231868267059326
224.86224365234375 416.6286926269531 1.1083272695541382
226.6061248779297 420.0626220703125 1.0934677124023438
228.40084838867188 423.47027587890625 1.0786081552505493
230.24600219726562 426.8508605957031 1.0637485980987549
232.1411895751953 430.20367431640625 1.0488890409469604
234.0859832763672 433.5279541015625 1.034029483795166
236.0799560546875 436.8229675292969 1.0191699266433716
238.12266540527344 440.0879821777344 1.0043103694915771
240.2136688232422 443.3222961425781 0.9894508123397827
242.3524932861328 446.5251770019531 0.9745912551879883
244.53868103027344 449.6959228515625 0.9597316980361938
246.77174377441406 452.8338317871094 0.9448721408843994
249.05117797851562 455.9382019042969 0.930012583732605
249.05117797851562 455.9382019042969 0.5300126075744629
249.05117797851562 455.9382019042969 0.1300126016139984
252.87364196777344 456.40911865234375 0.11515304446220398
256.70269775390625 456.8232116699219 0.10029348731040955
260.5374755859375 457.18035888671875 0.08543393015861511
264.37713623046875 457.48046875 0.07057437300682068
268.2208251953125 457.7235107421875 0.055714815855026245
272.0677185058594 457.9093933105469 0.04085525870323181
275.91693115234375 458.0381164550781 0.025995701551437378
279.91558837890625 458.14208984375 0.025995701551437378
283.91424560546875 458.2460632324219 0.025995701551437378
287.91290283203125 458.35003662109375 0.025995701551437378
291.91156005859375 458.4540100097656 0.025995701551437378
295.91021728515625 458.5579833984375 0.025995701551437378
299.90887451171875 458.6619567871094 0.025995701551437378
303.90753173828125 458.76593017578125 0.025995701551437378
307.90618896484375 458.8699035644531 0.025995701551437378
311.90484619140625 458.973876953125 0.025995701551437378
315.90350341796875 459.0778503417969 0.025995701551437378
319.90216064453125 459.18182373046875 0.025995701551437378
323.90081787109375 459.2857971191406 0.025995701551437378
327.89947509765625 459.3897705078125 0.025995701551437378
327.89947509765625 459.3897705078125 0.42599570751190186
331.4183654785156 460.9551696777344 0.4111361503601074
334.9601135253906 462.4681091308594 0.396276593208313
338.5239562988281 463.9282531738281 0.38141703605651855
342.1091003417969 465.33526611328125 0.3665574789047241
345.8433532714844 466.7688903808594 0.3665574789047241
349.5776062011719 468.2025146484375 0.3665574789047241
353.1832580566406 469.5561218261719 0.3516979217529297
356.93841552734375 470.93408203125 0.3516979217529297
360.6935729980469 472.3120422363281 0.3516979217529297
364.44873046875 473.69000244140625 0.3516979217529297
364.44873046875 473.69000244140625 0.7516978979110718
367.28173828125 476.2990417480469 0.7368383407592773
370.1531982421875 478.8656921386719 0.7219787836074829
373.0624694824219 481.389404296875 0.7071192264556885
376.0089416503906 483.8695983886719 0.692259669303894
378.991943359375 486.3057556152344 0.6774001121520996
382.01080322265625 488.69732666015625 0.6625405550003052
385.0648498535156 491.04376220703125 0.6476809978485107
388.1534423828125 493.34454345703125 0.6328214406967163
391.27587890625 495.59918212890625 0.6179618835449219
394.43145751953125 497.80718994140625 0.6031023263931274
397.6195068359375 499.9680480957031 0.588242769241333
400.8393249511719 502.081298828125 0.5733832120895386
404.0901794433594 504.146484375 0.5585236549377441
407.3713684082031 506.16314697265625 0.5436640977859497
410.6821594238281 508.1308288574219 0.5288045406341553
414.0218200683594 510.0491027832031 0.5139449834823608
417.3896179199219 511.91754150390625 0.4990854263305664
420.7847900390625 513.7357177734375 0.484225869178772
424.20660400390625 515.5032348632812 0.46936631202697754
427.6543273925781 517.2197265625 0.4545067548751831
431.1271667480469 518.884765625 0.43964719772338867
434.6243591308594 520.498046875 0.42478764057159424
438.1451416015625 522.0592041015625 0.4099280834197998
441.688720703125 523.56787109375 0.39506852626800537
445.25433349609375 525.023681640625 0.38020896911621094
448.8411865234375 526.4263916015625 0.3653494119644165
452.448486328125 527.775634765625 0.35048985481262207
456.075439453125 529.0711059570312 0.33563029766082764
459.72125244140625 530.3125610351562 0.3207707405090332
463.3851013183594 531.4996948242188 0.30591118335723877
467.0661926269531 532.6322631835938 0.29105162620544434
470.7637023925781 533.7100219726562 0.2761920690536499
474.476806640625 534.7327270507812 0.26133251190185547
478.2047119140625 535.7001342773438 0.24647295475006104
481.9465637207031 536.612060546875 0.2316133975982666
485.7015686035156 537.46826171875 0.21675384044647217
489.4688720703125 538.2685546875 0.20189428329467773
493.2476501464844 539.0128173828125 0.1870347261428833
497.0370788574219 539.7008056640625 0.17217516899108887
500.8363037109375 540.3324584960938 0.15731561183929443
504.6445007324219 540.9075927734375 0.1424560546875
508.4608154296875 541.426025390625 0.12759649753570557
508.4608154296875 541.426025390625 -0.2724035084247589
512.162353515625 540.3623046875 -0.28726306557655334
515.8477172851562 539.2437133789062 -0.3021226227283478
519.5160522460938 538.0704345703125 -0.3169821798801422
523.16650390625 536.8428344726562 -0.33184173703193665
523.16650390625 536.8428344726562 -0.7318417429924011
526.0125122070312 534.2479858398438 -0.7467013001441956
528.8196411132812 531.6111450195312 -0.76156085729599
531.5872802734375 528.932861328125 -0.7764204144477844
531.5872802734375 528.932861328125 -1.1764204502105713
533.0406494140625 525.3662109375 -1.1912800073623657
534.4408569335938 521.7783813476562 -1.2061395645141602
535.78759765625 518.170166015625 -1.2209991216659546
537.08056640625 514.5422973632812 -1.235858678817749
538.3195190429688 510.8956298828125 -1.2507182359695435
539.504150390625 507.23095703125 -1.265577793121338
540.6341552734375 503.5491027832031 -1.2804373502731323
540.6341552734375 503.5491027832031 -1.6804373264312744
540.184326171875 499.7240905761719 -1.6952968835830688
539.6776733398438 495.90618896484375 -1.7101564407348633
539.1143798828125 492.09625244140625 -1.7250159978866577
538.4945068359375 488.29510498046875 -1.7398755550384521
537.8182373046875 484.5035705566406 -1.7547351121902466
537.085693359375 480.7225036621094 -1.769594669342041
536.2970581054688 476.9527587890625 -1.7844542264938354
536.2970581054688 476.9527587890625 -2.1844542026519775
533.9935913085938 473.68255615234375 -2.1844542026519775
531.6901245117188 470.412353515625 -2.1844542026519775
529.3866577148438 467.14215087890625 -2.1844542026519775
527.0831909179688 463.8719482421875 -2.1844542026519775
524.7797241210938 460.60174560546875 -2.1844542026519775
522.5385131835938 457.4696350097656 -2.1993136405944824
520.2510375976562 454.3711853027344 -2.2141733169555664
517.9177856445312 451.30706787109375 -2.2290329933166504
515.5392456054688 448.2779541015625 -2.2438926696777344
513.115966796875 445.2845153808594 -2.2587523460388184
510.6484680175781 442.3274230957031 -2.2736120223999023
508.1372985839844 439.4073181152344 -2.2884716987609863
505.5830078125 436.52484130859375 -2.3033313751220703
502.9861755371094 433.6806335449219 -2.3181910514831543
500.3473815917969 430.8753356933594 -2.3330507278442383
497.66717529296875 428.10955810546875 -2.3479104042053223
494.9461669921875 425.3839111328125 -2.3627700805664062
492.1849670410156 422.698974609375 -2.3776297569274902
489.3841857910156 420.0553894042969 -2.392489433288574
486.54443359375 417.4537048339844 -2.407349109649658
483.66632080078125 414.8945007324219 -2.422208786010742
480.75048828125 412.37835693359375 -2.437068462371826
477.797607421875 409.9057922363281 -2.45192813873291
474.8083190917969 407.4773864746094 -2.466787815093994
471.78326416015625 405.0936584472656 -2.481647491455078
468.7231140136719 402.7551574707031 -2.496507167816162
465.6330871582031 400.4673156738281 -2.512023448944092
462.39996337890625 398.11212158203125 -2.512023448944092
459.1668395996094 395.7569274902344 -2.512023448944092
456.0370788574219 393.512451171875 -2.526883125305176
452.7693176269531 391.20556640625 -2.526883125305176
449.6065673828125 389.0078430175781 -2.5417428016662598
446.30487060546875 386.749755859375 -2.5417428016662598
443.10980224609375 384.5992736816406 -2.5566024780273438
439.7749328613281 382.3905029296875 -2.5566024780273438
436.4400634765625 380.1817321777344 -2.5566024780273438
433.2134094238281 378.0789489746094 -2.5714621543884277
429.8460998535156 375.91998291015625 -2.5714621543884277
426.5885314941406 373.8653869628906 -2.586322069168091
423.18951416015625 371.7566833496094 -2.586322069168091
419.7904968261719 369.6479797363281 -2.586322069168091
416.3914794921875 367.5392761230469 -2.586322069168091
412.9924621582031 365.4305725097656 -2.586322069168091
409.59344482421875 363.3218688964844 -2.586322069168091
406.1944274902344 361.2131652832031 -2.586322069168091
402.79541015625 359.1044616699219 -2.586322069168091
399.3963928222656 356.9957580566406 -2.586322069168091
395.99737548828125 354.8870544433594 -2.586322069168091
392.5983581542969 352.7783508300781 -2.586322069168091
389.1993408203125 350.6696472167969 -2.586322069168091
385.91162109375 348.6636657714844 -2.6011815071105957
382.48162841796875 346.605712890625 -2.6011815071105957
379.0516357421875 344.5477600097656 -2.6011815071105957
375.62164306640625 342.48980712890625 -2.6011815071105957
372.191650390625 340.4318542480469 -2.6011815071105957
368.76165771484375 338.3739013671875 -2.6011815071105957
365.3316650390625 336.3159484863281 -2.6011815071105957
361.90167236328125 334.25799560546875 -2.6011815071105957
358.4716796875 332.2000427246094 -2.6011815071105957
355.04168701171875 330.14208984375 -2.6011815071105957
351.6116943359375 328.0841369628906 -2.6011815071105957
351.6116943359375 328.0841369628906 -3.0011816024780273
347.65106201171875 327.5243225097656 -3.0011816024780273
343.6904296875 326.9645080566406 -3.0011816024780273
339.72979736328125 326.4046936035156 -3.0011816024780273
335.7691650390625 325.8448791503906 -3.0011816024780273
331.80853271484375 325.2850646972656 -3.0011816024780273
327.847900390625 324.7252502441406 -3.0011816024780273
323.88726806640625 324.1654357910156 -3.0011816024780273
319.9266357421875 323.6056213378906 -3.0011816024780273
315.96600341796875 323.0458068847656 -3.0011816024780273
312.00537109375 322.4859924316406 -3.0011816024780273
308.04473876953125 321.9261779785156 -3.0011816024780273
304.0841064453125 321.3663635253906 -3.0011816024780273
300.12347412109375 320.8065490722656 -3.0011816024780273
296.162841796875 320.2467346191406 -3.0011816024780273
296.162841796875 320.2467346191406 -2.6011815071105957
292.73284912109375 318.18878173828125 -2.6011815071105957
289.3028564453125 316.1308288574219 -2.6011815071105957
285.87286376953125 314.0728759765625 -2.6011815071105957
282.44287109375 312.0149230957031 -2.6011815071105957
279.01287841796875 309.95697021484375 -2.6011815071105957
275.5828857421875 307.8990173339844 -2.6011815071105957
272.15289306640625 305.841064453125 -2.6011815071105957
268.722900390625 303.7831115722656 -2.6011815071105957
265.29290771484375 301.72515869140625 -2.6011815071105957
265.29290771484375 301.72515869140625 -2.201181411743164
262.9996337890625 298.6309814453125 -2.216041088104248
260.59405517578125 295.4351806640625 -2.216041088104248
258.1884765625 292.2393798828125 -2.216041088104248
255.78289794921875 289.0435791015625 -2.216041088104248
253.3773193359375 285.8477783203125 -2.216041088104248
250.97174072265625 282.6519775390625 -2.216041088104248
248.63275146484375 279.59222412109375 -2.230900764465332
246.24855041503906 276.5675354003906 -2.245760440826416
243.81967163085938 273.57861328125 -2.2606201171875
241.27406311035156 270.4931945800781 -2.2606201171875
241.27406311035156 270.4931945800781 -1.860620141029358
240.14601135253906 266.81072998046875 -1.8754796981811523
238.96336364746094 263.14544677734375 -1.8903392553329468
237.7068328857422 259.3479309082031 -1.8903392553329468
236.45030212402344 255.5504150390625 -1.8903392553329468
235.1937713623047 251.75289916992188 -1.8903392553329468
235.1937713623047 251.75289916992188 -1.4903392791748047
235.4747772216797 247.9117889404297 -1.5051988363265991
235.69866943359375 244.0669403076172 -1.5200583934783936
235.86541748046875 240.21917724609375 -1.534917950630188
235.9749755859375 236.36936950683594 -1.5497775077819824
236.02731323242188 232.5183563232422 -1.5646370649337769
236.0224151611328 228.6669921875 -1.5794966220855713
235.96029663085938 224.81613159179688 -1.5943561792373657
235.84095764160156 220.96661376953125 -1.6092157363891602
235.66444396972656 217.11929321289062 -1.6240752935409546
235.43077087402344 213.2750244140625 -1.638934850692749
235.13999938964844 209.4346466064453 -1.6537944078445435
234.79220581054688 205.59901428222656 -1.668653964996338
234.387451171875 201.7689666748047 -1.6835135221481323
234.387451171875 201.7689666748047 -2.0835134983062744
232.47329711914062 198.4269561767578 -2.0983729362487793
230.5096893310547 195.11375427246094 -2.1132326126098633
228.4970703125 191.83009338378906 -2.1280922889709473
226.43588256835938 188.5767059326172 -2.1429519653320312
224.32656860351562 185.35430908203125 -2.1578116416931152
222.16961669921875 182.16360473632812 -2.172671318054199
219.96548461914062 179.00531005859375 -2.187530994415283
217.7146759033203 175.88011169433594 -2.202390670776367
215.4176788330078 172.7886962890625 -2.217250347137451
213.0749969482422 169.7317657470703 -2.232110023498535
210.68714904785156 166.70997619628906 -2.246969699859619
208.25465393066406 163.7239990234375 -2.261829376220703
205.77806091308594 160.77450561523438 -2.276689052581787
205.77806091308594 160.77450561523438 -2.6766891479492188
202.32272338867188 159.07342529296875 -2.6915488243103027
198.8424835205078 157.4238739013672 -2.7064085006713867
198.8424835205078 157.4238739013672 -3.1064085960388184
198.8424835205078 157.4238739013672 2.7767765522003174
198.8424835205078 157.4238739013672 2.3767764568328857
198.8424835205078 157.4238739013672 1.9767764806747437
198.8424835205078 157.4238739013672 1.5767765045166016
198.8424835205078 157.4238739013672 1.1767765283584595
200.347412109375 160.9690399169922 1.161916971206665
201.9048614501953 164.491455078125 1.1470574140548706
203.5144805908203 167.99034118652344 1.1321978569030762
205.1759033203125 171.4649200439453 1.1173382997512817
206.88877868652344 174.9144287109375 1.1024787425994873
208.6527099609375 178.33810424804688 1.0876191854476929
210.4673309326172 181.73519897460938 1.0727596282958984
212.3322296142578 185.10494995117188 1.057900071144104
214.2469940185547 188.44662475585938 1.0430405139923096
216.21119689941406 191.7594757080078 1.0281809568405151
218.2244110107422 195.0427703857422 1.0133213996887207
220.2861785888672 198.29579162597656 0.9984618425369263
222.39605712890625 201.517822265625 0.9836022853851318
224.5535888671875 204.70814514160156 0.9687427282333374
226.75828552246094 207.86605834960938 0.953883171081543
226.75828552246094 207.86605834960938 0.5538831949234009
230.04879760742188 209.86746215820312 0.5390236377716064
233.36868286132812 211.8197479248047 0.524164080619812
236.7172088623047 213.7224884033203 0.5093045234680176
240.0936279296875 215.5752716064453 0.49444496631622314
243.49720764160156 217.37767028808594 0.4795854091644287
246.9272003173828 219.12930297851562 0.4647258520126343
250.38284301757812 220.82977294921875 0.44986629486083984
253.86337280273438 222.4787139892578 0.4350067377090454
257.3680114746094 224.07574462890625 0.420147180557251
260.89599609375 225.6205291748047 0.40528762340545654
264.446533203125 227.1127166748047 0.3904265761375427
268.01885986328125 228.55198669433594 0.3755670189857483
271.6121826171875 229.93800354003906 0.36070746183395386
275.2257080078125 231.27047729492188 0.3458479046821594
278.858642578125 232.5491180419922 0.330988347530365
282.5101623535156 233.7736358642578 0.31612879037857056
286.1794738769531 234.94375610351562 0.3012692332267761
289.86578369140625 236.05921936035156 0.2864096760749817
293.5682373046875 237.1197967529297 0.27155011892318726
297.2860412597656 238.12522888183594 0.2566905617713928
301.01837158203125 239.0753173828125 0.2418310046195984
304.764404296875 239.96983337402344 0.22697144746780396
308.5233154296875 240.80859375 0.21211189031600952
312.2942810058594 241.59140014648438 0.1972523331642151
316.07647705078125 242.31809997558594 0.18239277601242065
319.8690490722656 242.98851013183594 0.16753321886062622
323.6711730957031 243.6024932861328 0.1526736617088318
327.48199462890625 244.159912109375 0.13781410455703735
331.3006591796875 244.66064453125 0.12295454740524292
335.1263427734375 245.10458374023438 0.10809499025344849
338.9582214355469 245.4916229248047 0.09323543310165405
342.79541015625 245.82168579101562 0.07837587594985962
346.6370849609375 246.09469604492188 0.06351631879806519
350.4823913574219 246.3105926513672 0.04865676164627075
354.3304748535156 246.46932983398438 0.03379720449447632
358.1805114746094 246.57086181640625 0.018937647342681885
362.0316162109375 246.6151885986328 0.004078090190887451
365.8829650878906 246.60227966308594 -0.010781466960906982
369.73370361328125 246.5321502685547 -0.025641024112701416
373.5829772949219 246.40480041503906 -0.04050058126449585
377.429931640625 246.22027587890625 -0.05536013841629028
381.2737121582031 245.97860717773438 -0.07021969556808472
385.11346435546875 245.6798553466797 -0.08507925271987915
388.9483642578125 245.32408142089844 -0.09993880987167358
392.7775573730469 244.91136169433594 -0.11479836702346802
396.6001892089844 244.44178771972656 -0.12965792417526245
400.4154357910156 243.91546630859375 -0.14451748132705688
404.2224426269531 243.33250427246094 -0.15937703847885132
408.0203552246094 242.6930389404297 -0.17423659563064575
411.808349609375 241.99722290039062 -0.18909615278244019
415.5855712890625 241.2451934814453 -0.20395570993423462
419.3512268066406 240.43711853027344 -0.21881526708602905
423.10443115234375 239.57318115234375 -0.2336748242378235
426.8443908691406 238.653564453125 -0.24853438138961792
430.5702819824219 237.67848205566406 -0.26339393854141235
434.2812805175781 236.6481475830078 -0.2782534956932068
437.9765625 235.56277465820312 -0.2931130528450012
441.6553039550781 234.42262268066406 -0.30797260999679565
445.3166809082031 233.22793579101562 -0.3228321671485901
448.95989990234375 231.97897338867188 -0.3376917243003845
452.58416748046875 230.67601013183594 -0.35255128145217896
456.1886901855469 229.3193359375 -0.3674108386039734
459.77264404296875 227.9092559814453 -0.3822703957557678
463.3352355957031 226.44607543945312 -0.39712995290756226
466.8757019042969 224.9301300048828 -0.4119895100593567
470.39324951171875 223.3617401123047 -0.4268490672111511
473.8871154785156 221.7412567138672 -0.44170862436294556
477.35650634765625 220.06903076171875 -0.45656818151474
480.8006591796875 218.34544372558594 -0.4714277386665344
484.2188415527344 216.57086181640625 -0.48628729581832886
487.6102600097656 214.7456817626953 -0.5011468529701233
490.97418212890625 212.8703155517578 -0.5160064101219177
494.30987548828125 210.94517517089844 -0.5308659672737122
497.6166076660156 208.97067260742188 -0.5457255244255066
500.89361572265625 206.947265625 -0.560585081577301
504.14019775390625 204.87538146972656 -0.5754446387290955
507.35565185546875 202.7554931640625 -0.5903041958808899
510.53924560546875 200.5880584716797 -0.6051637530326843
513.6903076171875 198.37355041503906 -0.6200233101844788
516.80810546875 196.1124725341797 -0.6348828673362732
519.8919677734375 193.80531311035156 -0.6497424244880676
522.941162109375 191.4525909423828 -0.6646019816398621
525.955078125 189.0548095703125 -0.6794615387916565
528.9330444335938 186.61251831054688 -0.6943210959434509
528.9330444335938 186.61251831054688 -1.0943211317062378
530.6740112304688 183.17709350585938 -1.1091806888580322
532.3637084960938 179.7161865234375 -1.1240402460098267
534.0018310546875 176.2305450439453 -1.138899803161621
535.5879516601562 172.720947265625 -1.1537593603134155
537.1217651367188 169.18817138671875 -1.16861891746521
538.6029052734375 165.63299560546875 -1.1834784746170044
540.0310668945312 162.0561981201172 -1.1983380317687988
541.4058837890625 158.45858764648438 -1.2131975889205933
542.7271118164062 154.8409423828125 -1.2280571460723877
543.9944458007812 151.2040557861328 -1.2429167032241821
545.2075805664062 147.5487518310547 -1.2577762603759766
546.3662719726562 143.87582397460938 -1.272635817527771
547.4702758789062 140.1860809326172 -1.2874953746795654
548.5193481445312 136.4803466796875 -1.3023549318313599
549.5132446289062 132.75942993164062 -1.3172144889831543
550.4517211914062 129.02415466308594 -1.3320740461349487
551.3345947265625 125.27534484863281 -1.3469336032867432
552.1616821289062 121.51383209228516 -1.3617931604385376
552.9327392578125 117.74044036865234 -1.376652717590332
553.6476440429688 113.95600891113281 -1.3915122747421265
554.3062744140625 110.161376953125 -1.406371831893921
554.908447265625 106.35737609863281 -1.4212313890457153
555.4540405273438 102.54484558105469 -1.4360909461975098
555.9429321289062 98.7246322631836 -1.4509505033493042
555.9429321289062 98.7246322631836 -1.8509504795074463
554.8505249023438 95.03143310546875 -1.8658100366592407
553.703369140625 91.35487365722656 -1.8806695938110352
552.501708984375 87.69576263427734 -1.8955291509628296
551.245849609375 84.0549087524414 -1.910388708114624
549.9359741210938 80.43312072753906 -1.9252482652664185
548.5724487304688 76.8311996459961 -1.940107822418213
547.1555786132812 73.24993133544922 -1.9549673795700073
547.1555786132812 73.24993133544922 -2.3549673557281494
544.4154052734375 70.54354858398438 -2.3698267936706543
541.6353149414062 67.87818145751953 -2.3846864700317383
538.81591796875 65.2544174194336 -2.3995461463928223
535.9578857421875 62.67283248901367 -2.4144058227539062
535.9578857421875 62.67283248901367 -2.814405918121338
532.3017578125 61.46221160888672 -2.829265594482422
528.6280517578125 60.30604934692383 -2.844125270843506
524.9375610351562 59.20460510253906 -2.85898494720459
521.2310791015625 58.158119201660156 -2.873844623565674
517.5094604492188 57.16682434082031 -2.888704299926758
513.7735595703125 56.23093795776367 -2.903563976287842
510.0241394042969 55.35066604614258 -2.918423652648926
506.2620544433594 54.526206970214844 -2.9332833290100098
502.4881286621094 53.75774002075195 -2.9481430053710938
498.7032165527344 53.045433044433594 -2.9630026817321777
494.9081115722656 52.38944625854492 -2.9778623580932617
491.10369873046875 51.78992462158203 -2.9927220344543457
487.2908020019531 51.24699783325195 -3.0075817108154297
483.4702453613281 50.76078796386719 -3.0224413871765137
479.64288330078125 50.33140182495117 -3.0373010635375977
475.8095703125 49.95893478393555 -3.0521607398986816
471.97113037109375 49.64346694946289 -3.0670204162597656
468.1284484863281 49.38507080078125 -3.0818800926208496
464.2823486328125 49.18380355834961 -3.0967397689819336
460.4336853027344 49.03970718383789 -3.1115994453430176
456.5832824707031 48.952816009521484 -3.1264591217041016
452.7320251464844 48.92314529418945 -3.1413187980651855
448.8807678222656 48.950706481933594 3.127006769180298
445.03033447265625 49.035491943359375 3.112147331237793
441.18157958984375 49.1774787902832 3.097287654876709
437.3353576660156 49.37664031982422 3.082427978515625
433.4925231933594 49.632930755615234 3.067568302154541
429.6539306640625 49.946292877197266 3.052708625793457
425.6697082519531 50.301361083984375 3.052708625793457
421.68548583984375 50.656429290771484 3.052708625793457
417.7012634277344 51.011497497558594 3.052708625793457
417.7012634277344 51.011497497558594 -2.8304765224456787
413.8932800292969 49.787010192871094 -2.8304765224456787
410.0852966308594 48.562522888183594 -2.8304765224456787
406.41015625 47.41080856323242 -2.8453359603881836
402.71832275390625 46.3138313293457 -2.8601956367492676
399.0105895996094 45.27183151245117 -2.8750553131103516
395.28778076171875 44.28504180908203 -2.8899149894714355
391.55072021484375 43.35367965698242 -2.9047746658325195
387.80023193359375 42.47794723510742 -2.9196343421936035
384.0371398925781 41.658042907714844 -2.9344940185546875
380.2622985839844 40.89414596557617 -2.9493536949157715
376.47650146484375 40.186424255371094 -2.9642133712768555
372.68060302734375 39.5350341796875 -2.9790730476379395
368.8754577636719 38.94011688232422 -2.9939327239990234
365.0618896484375 38.40180969238281 -3.0087924003601074
361.2407531738281 37.92022705078125 -3.0236520767211914
357.4128723144531 37.49547576904297 -3.0385117530822754
353.5791015625 37.12765121459961 -3.0533714294433594
349.74029541015625 36.81683349609375 -3.0682311058044434
345.8973083496094 36.56309127807617 -3.0830907821655273
342.05096435546875 36.36648178100586 -3.0979504585266113
338.2021179199219 36.227046966552734 -3.1128101348876953
334.35162353515625 36.14481735229492 -3.1276698112487793
330.5003356933594 36.11981201171875 3.140655755996704
326.64910888671875 36.152034759521484 3.125796318054199
322.79876708984375 36.241477966308594 3.1109366416931152
318.9501953125 36.388126373291016 3.0960769653320312
315.1042175292969 36.59194564819336 3.0812172889709473
311.2616882324219 36.85289001464844 3.0663576126098633
307.4234619140625 37.170902252197266 3.0514979362487793
303.59039306640625 37.5459098815918 3.0366382598876953
299.7633056640625 37.97783279418945 3.0217785835266113
295.9430847167969 38.466575622558594 3.0069189071655273
292.1305236816406 39.012027740478516 2.9920592308044434
288.3265075683594 39.614070892333984 2.9771995544433594
284.5318603515625 40.2725715637207 2.9623398780822754
280.7474060058594 40.98738479614258 2.9474802017211914
276.9739990234375 41.75835418701172 2.9326205253601074
273.21246337890625 42.58530807495117 2.9177608489990234
269.463623046875 43.46806335449219 2.9029011726379395
265.7283020019531 44.40642547607422 2.8880414962768555
262.0073547363281 45.40018844604492 2.8731818199157715
258.30157470703125 46.44913101196289 2.8583221435546875
254.61180114746094 47.55302429199219 2.8434624671936035
250.93882751464844 48.71162033081055 2.8286027908325195
247.28347778320312 49.92466735839844 2.8137431144714355
243.6465606689453 51.19189453125 2.7988834381103516
240.02886962890625 52.513023376464844 2.7840237617492676
236.43121337890625 53.88776397705078 2.7691640853881836
232.85438537597656 55.3158073425293 2.7543044090270996
229.29916381835938 56.796844482421875 2.7394447326660156
225.76634216308594 58.330543518066406 2.7245850563049316
222.25669860839844 59.916568756103516 2.7097253799438477
218.77101135253906 61.554569244384766 2.6948657035827637
215.31004333496094 63.24418258666992 2.6800060272216797
211.87457275390625 64.98503875732422 2.6651463508605957
208.46534729003906 66.77674865722656 2.6502866744995117
205.08311462402344 68.6189193725586 2.6354269981384277
201.7286376953125 70.51114654541016 2.6205673217773438
198.4026641845703 72.4530029296875 2.6057064533233643
194.96339416503906 74.49541473388672 2.6057064533233643
191.5241241455078 76.53782653808594 2.6057064533233643
191.5241241455078 76.53782653808594 3.005706548690796
187.7122344970703 77.08789825439453 2.990847110748291
183.90895080566406 77.69454956054688 2.975987434387207
180.11509704589844 78.35765075683594 2.961127758026123
176.33151245117188 79.0770492553711 2.946268081665039
172.5590362548828 79.85259246826172 2.931408405303955
168.64706420898438 80.68714904785156 2.931408405303955
164.73509216308594 81.52171325683594 2.931408405303955
160.8231201171875 82.35627746582031 2.931408405303955
156.91114807128906 83.19084167480469 2.931408405303955
152.99917602539062 84.02540588378906 2.931408405303955
152.99917602539062 84.02540588378906 -2.9517767429351807
149.21168518066406 83.32685852050781 -2.9666361808776855
145.4142303466797 82.6846694946289 -2.9814958572387695
141.60765075683594 82.0989761352539 -2.9963555335998535
137.7928009033203 81.56990814208984 -3.0112152099609375
133.9705047607422 81.09758758544922 -3.0260748863220215
130.14161682128906 80.68211364746094 -3.0409345626831055
126.30697631835938 80.32357788085938 -3.0557942390441895
122.4674301147461 80.02206420898438 -3.0706539154052734
118.62382507324219 79.77763366699219 -3.0855135917663574
114.77701568603516 79.59033966064453 -3.1003732681274414
110.92784881591797 79.4602279663086 -3.1152329444885254
107.0771713256836 79.3873291015625 -3.1300926208496094
103.22583770751953 79.37165069580078 3.138232946395874
99.37469482421875 79.4132080078125 3.123373508453369
95.52458953857422 79.51197814941406 3.108513832092285
91.67637634277344 79.6679458618164 3.093654155731201
87.81687927246094 79.87916564941406 3.080183982849121
87.81687927246094 79.87916564941406 2.6801838874816895
87.81687927246094 79.87916564941406 3.080183982849121
87.81687927246094 79.87916564941406 2.6801838874816895
87.81687927246094 79.87916564941406 3.080183982849121
87.81687927246094 79.87916564941406 2.6801838874816895
87.81687927246094 79.87916564941406 3.080183982849121
87.81687927246094 79.87916564941406 2.6801838874816895
87.81687927246094 79.87916564941406 3.080183982849121
87.81687927246094 79.87916564941406 2.6801838874816895
87.81687927246094 79.87916564941406 3.080183982849121
