62.54502487182617 452.632568359375 0.8192164897918701
64.99958038330078 455.3497009277344 0.8530347943305969
67.3608627319336 458.14825439453125 0.8868530988693237
69.62616729736328 461.0250549316406 0.9206714034080505
71.79290771484375 463.976806640625 0.9544897079467773
73.85860443115234 467.0001220703125 0.9883080124855042
75.8208999633789 470.091552734375 1.022126317024231
77.67754364013672 473.2475891113281 1.055944561958313
79.4264144897461 476.464599609375 1.089762806892395
81.06551361083984 479.7388916015625 1.123581051826477
82.59296417236328 483.0667419433594 1.157399296760559
84.00701904296875 486.4443359375 1.1912175416946411
85.30606842041016 489.8677978515625 1.2250357866287231
86.48861694335938 493.3332214355469 1.2588540315628052
87.5533218383789 496.8366394042969 1.2926722764968872
88.49895477294922 500.3740539550781 1.3264905214309692
89.3244400024414 503.9414367675781 1.3603087663650513
90.0286636352539 507.53424072265625 1.394174337387085
90.61083221435547 511.1488342285156 1.4280400276184082
91.07028198242188 514.7810668945312 1.4619057178497314
91.40647888183594 518.4267578125 1.4957714080810547
91.6190414428711 522.0817260742188 1.529637098312378
91.70773315429688 525.7418212890625 1.5635027885437012
91.67243957519531 529.40283203125 1.5973684787750244
91.51321411132812 533.060546875 1.6312341690063477
91.23023223876953 536.7107543945312 1.665099859237671
90.82381439208984 540.3493041992188 1.6989655494689941
90.29443359375 543.9719848632812 1.7328312397003174
89.64269256591797 547.57470703125 1.7666969299316406
89.64269256591797 547.57470703125 2.1666970252990723
89.64269256591797 547.57470703125 2.566697120666504
86.53643798828125 549.5134887695312 2.600515365600586
83.36640930175781 551.3461303710938 2.634333610534668
80.13622283935547 553.0704956054688 2.66815185546875
76.84957885742188 554.6846923828125 2.701970100402832
73.51023864746094 556.1868286132812 2.735788345336914
70.12201690673828 557.5751953125 2.769606590270996
66.68878936767578 558.8482055664062 2.803424835205078
63.214481353759766 560.00439453125 2.83724308013916
59.703067779541016 561.04248046875 2.871061325073242
56.15856170654297 561.9612426757812 2.904879570007324
52.585018157958984 562.7596435546875 2.9386978149414062
48.98652267456055 563.436767578125 2.9725160598754883
45.367191314697266 563.9918212890625 3.0063343048095703
41.73162078857422 564.4240112304688 3.0401999950408936
38.08350372314453 564.7328491210938 3.074065685272217
34.42702102661133 564.9180297851562 3.10793137550354
30.76636505126953 564.979248046875 -3.141388177871704
27.10573387145996 564.91650390625 -3.107522487640381
23.449325561523438 564.7298583984375 -3.0736567974090576
19.801334381103516 564.4194946289062 -3.0397911071777344
19.801334381103516 564.4194946289062 -3.005924940109253
19.801334381103516 564.4194946289062 -2.9720587730407715
19.801334381103516 564.4194946289062 -2.57205867767334
19.801334381103516 564.4194946289062 -2.172058582305908
19.801334381103516 564.4194946289062 -1.7720586061477661
19.801334381103516 564.4194946289062 -1.372058629989624
20.584850311279297 560.8426513671875 -1.338240385055542
21.48885726928711 557.2943725585938 -1.30442214012146
22.51232147216797 553.7786865234375 -1.270603895187378
23.65407371520996 550.2996215820312 -1.236785650253296
24.91280746459961 546.8611450195312 -1.2029674053192139
26.28708267211914 543.4671630859375 -1.1691491603851318
27.775327682495117 540.12158203125 -1.1353309154510498
29.37584114074707 536.8282470703125 -1.1015126705169678
31.0867919921875 533.5909423828125 -1.0676944255828857
32.90622329711914 530.413330078125 -1.0338761806488037
34.83205795288086 527.299072265625 -1.0000579357147217
36.862091064453125 524.251708984375 -0.9662396311759949
38.99399948120117 521.2747192382812 -0.9324213266372681
41.22534942626953 518.3715209960938 -0.8986030220985413
43.553585052490234 515.54541015625 -0.8647847175598145
45.97604751586914 512.7996215820312 -0.8309664130210876
48.48996353149414 510.1373291015625 -0.7971481084823608
51.09246063232422 507.5615539550781 -0.763329803943634
53.78055953979492 505.07525634765625 -0.7295114994049072
56.55118942260742 502.6812438964844 -0.6956931948661804
59.401180267333984 500.3822937011719 -0.6618748903274536
62.327274322509766 498.1810302734375 -0.6280565857887268
65.32612609863281 496.0799560546875 -0.59423828125
68.39430236816406 494.08148193359375 -0.5604199767112732
71.5282974243164 492.1878967285156 -0.5266016721725464
74.72452545166016 490.4013366699219 -0.4927833676338196
77.97933197021484 488.723876953125 -0.4589650630950928
81.28899383544922 487.1574401855469 -0.42514675855636597
84.64972686767578 485.70379638671875 -0.39132845401763916
88.05728149414062 484.3648681640625 -0.3574628233909607
91.50821685791016 483.14208984375 -0.3235971927642822
94.99857330322266 482.036865234375 -0.28973156213760376
98.52435302734375 481.0504455566406 -0.2558659315109253
102.08195495605469 480.18377685546875 -0.22204764187335968
105.66682434082031 479.4378967285156 -0.18822935223579407
109.27486419677734 478.81365966796875 -0.15441106259822845
112.90194702148438 478.311767578125 -0.12059277296066284
116.5439224243164 477.93280029296875 -0.08677448332309723
120.1966323852539 477.67718505859375 -0.05295618996024132
123.85589599609375 477.54522705078125 -0.019137896597385406
127.51753234863281 477.5370788574219 0.014680396765470505
131.17735290527344 477.6527404785156 0.048498690128326416
134.83116149902344 477.8920593261719 0.08231697976589203
138.47479248046875 478.2547912597656 0.11613526940345764
142.1040802001953 478.7405090332031 0.14995355904102325
145.71485900878906 479.3486633300781 0.18377184867858887
149.30300903320312 480.07855224609375 0.21759013831615448
152.86444091796875 480.9293518066406 0.2514084279537201
156.3950653076172 481.90008544921875 0.2852267324924469
159.89085388183594 482.9896545410156 0.3190450370311737
163.34779357910156 484.19677734375 0.3528633415699005
166.76194763183594 485.5201110839844 0.3866816461086273
170.12939453125 486.9581298828125 0.4204999506473541
173.44630432128906 488.5091857910156 0.45431825518608093
176.70887756347656 490.1715087890625 0.48813655972480774
179.9133758544922 491.94317626953125 0.5219548344612122
183.05567932128906 493.822021484375 0.5558204650878906
186.132568359375 495.8061828613281 0.5896860957145691
189.14051818847656 497.8934020996094 0.6235517263412476
192.07606506347656 500.0812683105469 0.657417356967926
194.93585205078125 502.3672790527344 0.6912829875946045
197.7165985107422 504.7488098144531 0.725148618221283
200.4151153564453 507.2231140136719 0.7590142488479614
203.02830505371094 509.787353515625 0.7928798794746399
205.5531768798828 512.4385986328125 0.8267455101013184
207.98683166503906 515.173828125 0.8606111407279968
210.32647705078125 517.9898681640625 0.8944767713546753
212.56942749023438 520.883544921875 0.9283424019813538
214.71311950683594 523.8515014648438 0.9622080326080322
216.7550811767578 526.8903198242188 0.9960736632347107
216.7550811767578 526.8903198242188 1.3960736989974976
216.7550811767578 526.8903198242188 1.7960736751556396
215.876953125 530.4446411132812 1.829939365386963
215.876953125 530.4446411132812 2.2299394607543945
213.58602905273438 533.3004760742188 2.2638051509857178
211.19972229003906 536.0770874023438 2.297670841217041
208.72076416015625 538.7713012695312 2.3315365314483643
206.15200805664062 541.3800659179688 2.3654022216796875
203.4963836669922 543.9003295898438 2.3992679119110107
200.7569580078125 546.3292236328125 2.433133602142334
197.93685913085938 548.6640014648438 2.4669992923736572
195.03932189941406 550.9019775390625 2.5008649826049805
195.03932189941406 550.9019775390625 2.900865077972412
191.46900939941406 551.7147216796875 2.934683322906494
187.87326049804688 552.40625 2.968501567840576
184.2561798095703 552.975830078125 3.002319812774658
180.62191772460938 553.4227905273438 3.0361380577087402
176.97462463378906 553.74658203125 3.0699563026428223
173.31846618652344 553.9468994140625 3.1037745475769043
169.65762329101562 554.0234375 3.1375927925109863
165.9962921142578 553.9761962890625 -3.111774206161499
162.33865356445312 553.80517578125 -3.077955961227417
158.6888885498047 553.5105590820312 -3.044137716293335
155.05116271972656 553.0927124023438 -3.010319471359253
151.4296417236328 552.5521240234375 -2.976501226425171
147.82847595214844 551.889404296875 -2.942682981491089
144.2517852783203 551.1052856445312 -2.908864736557007
140.70364379882812 550.20068359375 -2.875046491622925
137.18812561035156 549.1766357421875 -2.8412282466888428
133.70924377441406 548.0343017578125 -2.8074100017547607
130.27096557617188 546.7749633789062 -2.7735917568206787
126.87723541259766 545.4000854492188 -2.7397735118865967
123.53193664550781 543.9112548828125 -2.7059552669525146
120.2388916015625 542.3101806640625 -2.6721370220184326
117.00186157226562 540.5986938476562 -2.6383187770843506
113.82455444335938 538.7786865234375 -2.6045005321502686
110.7105941772461 536.852294921875 -2.5706822872161865
107.6635513305664 534.8217163085938 -2.5368640422821045
104.68690490722656 532.6892700195312 -2.5030457973480225
101.78406524658203 530.4573974609375 -2.4692275524139404
98.95834350585938 528.128662109375 -2.4354093074798584
96.21298217773438 525.7057495117188 -2.4015910625457764
93.55110931396484 523.19140625 -2.3677728176116943
90.97577667236328 520.5884399414062 -2.3339545726776123
88.48992919921875 517.89990234375 -2.3001363277435303
86.09640502929688 515.1288452148438 -2.2663180828094482
83.79794311523438 512.2784423828125 -2.232499837875366
81.59716796875 509.3519592285156 -2.198681592941284
79.4966049194336 506.3527526855469 -2.164863348007202
77.49864959716797 503.28424072265625 -2.13104510307312
75.6055908203125 500.1499328613281 -2.097226858139038
73.81958770751953 496.9533996582031 -2.063408613204956
72.14268493652344 493.69830322265625 -2.029590368270874
70.5768051147461 490.38836669921875 -1.995772123336792
69.12373352050781 487.0273742675781 -1.96195387840271
67.7851333618164 483.6191711425781 -1.928135633468628
66.56253814697266 480.16766357421875 -1.894317388534546
65.45734405517578 476.6767883300781 -1.8604991436004639
64.47081756591797 473.1505432128906 -1.8266808986663818
63.60408020019531 469.59295654296875 -1.7928626537322998
62.85812759399414 466.0080871582031 -1.7590444087982178
62.23381042480469 462.4000549316406 -1.7252261638641357
61.73184585571289 458.7729797363281 -1.6914079189300537
61.352806091308594 455.1310119628906 -1.6575896739959717
61.09712219238281 451.4783020019531 -1.6237714290618896
60.965091705322266 447.81903076171875 -1.5899531841278076
60.95686340332031 444.15740966796875 -1.5561349391937256
61.072444915771484 440.4975891113281 -1.5223166942596436
61.31170654296875 436.8437805175781 -1.4884984493255615
61.674373626708984 433.20013427734375 -1.4546802043914795
62.160030364990234 429.5708312988281 -1.4208619594573975
62.76811981201172 425.96002197265625 -1.3870437145233154
63.49795150756836 422.3718566894531 -1.3532254695892334
64.34868621826172 418.8104248046875 -1.3194072246551514
65.3193130493164 415.2802734375 -1.2855415344238281
66.4089126586914 411.7850036621094 -1.2516758441925049
67.6162338256836 408.32861328125 -1.2178101539611816
68.93989562988281 404.91510009765625 -1.1839444637298584
70.37837219238281 401.5483703613281 -1.1500787734985352
71.93002319335938 398.2322692871094 -1.116213083267212
73.59306335449219 394.9706115722656 -1.0823473930358887
75.36558532714844 391.7671203613281 -1.0484817028045654
77.24555969238281 388.62548828125 -1.0146160125732422
79.23082733154297 385.54931640625 -0.9807503819465637
79.23082733154297 385.54931640625 -0.5807503461837769
82.32567596435547 383.5924072265625 -0.54693204164505
85.48492431640625 381.7412414550781 -0.5131137371063232
88.7049560546875 379.9979553222656 -0.47929543256759644
91.98209381103516 378.36456298828125 -0.44547712802886963
95.31258392333984 376.8428955078125 -0.4116588234901428
98.69261932373047 375.4347229003906 -0.377840518951416
102.117919921875 374.1418762207031 -0.34397488832473755
105.58503723144531 372.96575927734375 -0.3101092576980591
109.0899887084961 371.90771484375 -0.2762436270713806
112.62875366210938 370.96893310546875 -0.24237799644470215
112.62875366210938 370.96893310546875 -0.6423779726028442
112.62875366210938 370.96893310546875 -1.0423779487609863
114.52803802490234 367.83837890625 -1.0085597038269043
116.53208923339844 364.7738342285156 -0.9747413992881775
116.53208923339844 364.7738342285156 -1.3747414350509644
117.3060073852539 361.1949157714844 -1.3409231901168823
118.20049285888672 357.6441955566406 -1.3071049451828003
119.21452331542969 354.1257629394531 -1.2732867002487183
119.21452331542969 354.1257629394531 -1.6732866764068604
118.90153503417969 350.4775085449219 -1.6394684314727783
118.71208190917969 346.8207702636719 -1.6056501865386963
118.64637756347656 343.15972900390625 -1.5718319416046143
118.70449829101562 339.49853515625 -1.5380136966705322
118.8863754272461 335.8414001464844 -1.5041954517364502
118.8863754272461 335.8414001464844 -1.9041954278945923
117.74674987792969 332.3616027832031 -1.8703771829605103
116.72543334960938 328.84527587890625 -1.8365589380264282
115.82359313964844 325.2964172363281 -1.8027406930923462
115.04226684570312 321.7191162109375 -1.7689224481582642
114.38233947753906 318.117431640625 -1.7351042032241821
113.84456634521484 314.4954833984375 -1.7012859582901
113.4295654296875 310.857421875 -1.667467713356018
113.1378173828125 307.2074279785156 -1.633649468421936
112.96964263916016 303.5496520996094 -1.599831223487854
112.92524719238281 299.8882751464844 -1.566012978553772
113.00466918945312 296.2275085449219 -1.53219473361969
113.20782470703125 292.5715026855469 -1.498376488685608
113.20782470703125 292.5715026855469 -1.89837646484375
112.08847045898438 289.08514404296875 -1.864558219909668
111.08763885498047 285.56292724609375 -1.830739974975586
110.20646667480469 282.0088806152344 -1.796921730041504
109.44596862792969 278.4270935058594 -1.7631034851074219
108.80701446533203 274.8216247558594 -1.7292852401733398
108.29032897949219 271.1966247558594 -1.6954669952392578
107.8965072631836 267.55621337890625 -1.6616487503051758
107.6259994506836 263.9045715332031 -1.6278305053710938
107.47911834716797 260.2458801269531 -1.5940122604370117
107.45602416992188 256.5843200683594 -1.5601940155029297
107.55674743652344 252.92405700683594 -1.5263757705688477
107.78117370605469 249.26930236816406 -1.4925575256347656
108.12904357910156 245.6242218017578 -1.4587392807006836
108.59996032714844 241.99298095703125 -1.4249210357666016
109.19338989257812 238.37974548339844 -1.3911027908325195
109.90865325927734 234.78863525390625 -1.3572845458984375
109.90865325927734 234.78863525390625 -1.7572845220565796
109.29085540771484 231.17996215820312 -1.723418951034546
108.79559326171875 227.5524444580078 -1.6895532608032227
108.4234390258789 223.9102325439453 -1.6556875705718994
108.17481994628906 220.25750732421875 -1.6218218803405762
108.0500259399414 216.5984649658203 -1.587956190109253
108.0491943359375 212.9373016357422 -1.5540904998779297
108.17232513427734 209.2781982421875 -1.5202248096466064
108.41928100585938 205.6253662109375 -1.4863591194152832
108.78977966308594 201.9829864501953 -1.45249342918396
109.28339385986328 198.35523986816406 -1.4186277389526367
109.8995590209961 194.7462921142578 -1.3847620487213135
110.63756561279297 191.1602783203125 -1.3508963584899902
111.49656677246094 187.60130310058594 -1.317030668258667
112.47557830810547 184.07345581054688 -1.2831649780273438
112.47557830810547 184.07345581054688 -0.8831650018692017
114.846923828125 181.28402709960938 -0.8492993712425232
117.31135559082031 178.5764923095703 -0.8154337406158447
119.86605072021484 175.95396423339844 -0.7815681099891663
122.5080795288086 173.41943359375 -0.7477024793624878
125.23440551757812 170.97581481933594 -0.7138368487358093
128.0419158935547 168.6259002685547 -0.6799712181091309
130.92738342285156 166.37240600585938 -0.6461055874824524
133.8874969482422 164.2178955078125 -0.6122399568557739
133.8874969482422 164.2178955078125 -0.21223995089530945
137.47950744628906 163.5072021484375 -0.17842166125774384
141.09349060058594 162.91836547851562 -0.14460337162017822
144.72532653808594 162.45205688476562 -0.11078508198261261
148.370849609375 162.10882568359375 -0.076966792345047
148.370849609375 162.10882568359375 -0.04310116171836853
148.370849609375 162.10882568359375 -0.009235531091690063
148.370849609375 162.10882568359375 0.3907644748687744
148.370849609375 162.10882568359375 0.7907644510269165
148.370849609375 162.10882568359375 1.1907644271850586
148.370849609375 162.10882568359375 1.5907644033432007
148.23585510253906 165.76797485351562 1.6245826482772827
147.97720336914062 169.42047119140625 1.6584008932113647
147.59521484375 173.0621337890625 1.6922191381454468
147.09030151367188 176.6887969970703 1.7260373830795288
146.4630584716797 180.2963104248047 1.7598556280136108
145.71420288085938 183.88055419921875 1.7936738729476929
144.84457397460938 187.43743896484375 1.827492117881775
143.8551788330078 190.96287536621094 1.861310362815857
142.7471466064453 194.45285034179688 1.895128607749939
141.52175903320312 197.9033660888672 1.928946852684021
140.18038940429688 201.3104705810547 1.962765097618103
138.72459411621094 204.67027282714844 1.996583342552185
137.15603637695312 207.9789276123047 2.0304017066955566
135.47650146484375 211.232666015625 2.0642199516296387
133.6879119873047 214.42774963378906 2.0980381965637207
131.7923126220703 217.56053161621094 2.1318564414978027
129.7918701171875 220.62742614746094 2.1656746864318848
127.68887329101562 223.6249237060547 2.199492931365967
125.48572540283203 226.5496063232422 2.233311176300049
123.1851806640625 229.397705078125 2.267176866531372
120.78952026367188 232.16627502441406 2.3010425567626953
118.3014907836914 234.85214233398438 2.3349082469940186
115.72394561767578 237.4522247314453 2.368773937225342
113.05984497070312 239.9635467529297 2.402639627456665
110.31224060058594 242.3832244873047 2.4365053176879883
107.48428344726562 244.70848083496094 2.4703710079193115
104.57921600341797 246.9366455078125 2.5042366981506348
101.60037231445312 249.06517028808594 2.538102388381958
98.55116271972656 251.09161376953125 2.5719680786132812
95.43508911132812 253.01365661621094 2.6058337688446045
92.25572204589844 254.82908630371094 2.6396994590759277
89.01670837402344 256.53582763671875 2.673565149307251
85.72176361083984 258.1319274902344 2.707430839538574
85.72176361083984 258.1319274902344 3.107430934906006
85.72176361083984 258.1319274902344 -2.77575421333313
85.72176361083984 258.1319274902344 -2.3757541179656982
83.12574005126953 255.54962158203125 -2.341935873031616
80.6185073852539 252.8810272216797 -2.308117628097534
78.20294189453125 250.12918090820312 -2.274299383163452
75.88180541992188 247.29722595214844 -2.24048113822937
73.65774536132812 244.38841247558594 -2.206662893295288
71.53330993652344 241.40606689453125 -2.172844648361206
69.51092529296875 238.3535919189453 -2.139026403427124
67.59291076660156 235.23448181152344 -2.105208158493042
65.78145599365234 232.05230712890625 -2.07138991355896
64.07862854003906 228.81069946289062 -2.037571668624878
62.48638153076172 225.51336669921875 -2.003753423690796
61.006534576416016 222.16409301757812 -1.9699351787567139
59.640777587890625 218.76669311523438 -1.9361169338226318
58.39067459106445 215.32505798339844 -1.9022986888885498
57.257652282714844 211.84312438964844 -1.8684804439544678
56.243011474609375 208.3248748779297 -1.8346621990203857
55.34790802001953 204.77432250976562 -1.8008439540863037
54.573368072509766 201.19554138183594 -1.7670257091522217
53.92028045654297 197.59262084960938 -1.7332061529159546
53.38954162597656 193.97012329101562 -1.699340581893921
52.98176193237305 190.3317413330078 -1.6654748916625977
52.69740676879883 186.68162536621094 -1.6316092014312744
52.536808013916016 183.02398681640625 -1.5977435111999512
52.500144958496094 179.36300659179688 -1.563877820968628
52.587459564208984 175.702880859375 -1.5300121307373047
52.79865264892578 172.0478057861328 -1.4961464405059814
53.13348388671875 168.4019775390625 -1.4622807502746582
53.59156799316406 164.7695770263672 -1.428415060043335
54.17237854003906 161.15476989746094 -1.3945493698120117
54.87525177001953 157.56170654296875 -1.3606836795806885
54.87525177001953 157.56170654296875 -1.3268179893493652
54.87525177001953 157.56170654296875 -1.292952299118042
54.87525177001953 157.56170654296875 -1.2590866088867188
54.87525177001953 157.56170654296875 -0.8590866327285767
57.487770080566406 154.53271484375 -0.8590866327285767
57.487770080566406 154.53271484375 -0.4590866267681122
57.487770080566406 154.53271484375 -0.4590866267681122
57.487770080566406 154.53271484375 -0.4590866267681122
57.487770080566406 154.53271484375 -0.4590866267681122
57.487770080566406 154.53271484375 -0.4590866267681122
57.487770080566406 154.53271484375 -0.4590866267681122
57.487770080566406 154.53271484375 -0.4590866267681122
57.487770080566406 154.53271484375 -0.4590866267681122
57.487770080566406 154.53271484375 -0.4590866267681122
57.487770080566406 154.53271484375 -0.4590866267681122
