-392.83861260070745
-395.6972973447963
-398.57562242630917
-401.47316538979356
-404.3895131339564
-407.324261745324
-410.2770163548833
-413.2473909909103
-416.23500842860443
-419.2395000371072
-422.2605056244355
-425.29767328082255
-428.3506592209188
-431.41912762526795
-434.50275048143925
-437.6012074251642
-440.7141855817944
-443.8413794083695
-446.9824905365546
-450.1372276166848
-453.3053061631269
-456.4864484011485
-459.6803831154639
-462.8868455006061
-466.1055758558366
-469.33632403122084
-472.57884245426635
-475.8328905033011
-479.0982332497959
-479.0982332497959
-479.0982332497959
-479.74170152165624
-480.41761337688934
-481.1258320799592
-481.86621518275615
-482.6386146616428
-483.4428770583963
-484.2788436247488
-485.14635047022927
-486.0452287130031
-486.9753046334104
-487.93639982990055
-487.93639982990055
-487.93639982990055
-485.8461073690848
-483.77985648870174
-481.7379565433622
-479.72071847766665
-477.728454700672
-475.76147895396514
-473.82007712460984
-471.9045943867128
-470.0153476294305
-468.15265448158107
-466.3168331468387
-464.50820223226657
-462.72708057019713
-460.97378703348517
-459.2486403441798
-457.5519588756806
-455.884060448462
-454.2452621194756
-452.63587996535915
-451.0562288596053
-449.50662224386866
-447.98737189361174
-446.4987876783184
-445.0411773165273
-443.61484612596433
-442.22010357967486
-440.8572359209721
-439.52654641642596
-438.22832819505334
-436.9628706738387
-435.7304592858091
-435.7304592858091
-435.7304592858091
-437.63129373765264
-439.5603091221902
-441.5171360669182
-443.50140643960316
-445.5127535493378
-447.5508123379448
-447.5508123379448
-450.78364837449453
-454.02870597833333
-457.2857249641346
-460.5544515610101
-463.834638252067
-463.834638252067
-467.75010478963776
-471.66699003433075
-475.58525893304443
-479.5048775662385
-483.4258131029548
-487.3480337579394
-491.2715087507553
-495.19620826677806
-499.12210341997695
-503.0491662173859
-506.9773695251783
-510.9066870362614
-514.8370932393125
-518.768563389184
-522.7010734786071
-526.634600211129
-530.5691209752225
-534.5046138195084
-538.441057429038
-542.3784311025803
-546.3167147308686
-550.2558887757579
-554.1959092831547
-558.1368077538813
-562.0785412575724
-566.0210923488851
-569.9644440615982
-573.908579892395
-577.8534837852943
-577.8534837852943
-581.7448544795985
-585.6376891024445
-589.5319586537171
-593.4276348839838
-597.3246902706969
-601.2230979952813
-601.2230979952813
-601.2230979952813
-601.2230979952813
-601.2230979952813
-602.0145534840321
-602.831511905934
-603.6738697208042
-604.5415207554129
-605.4343562662468
-606.3522650031604
-607.295133273832
-608.262845008949
-609.2552818280367
-610.272323105858
-611.3138460393006
-612.3797257146773
-613.4698351753618
-614.5840454896859
-615.7222258190228
-616.8842434859847
-618.0699640426642
-619.2792513388491
-620.5119675901434
-621.7679734459291
-623.0471280571034
-624.3492891435307
-625.6743130611486
-627.0220548686697
-628.3923683938232
-629.7851281394582
-631.2001635738509
-632.6373252232796
-634.0964626424455
-635.5774244776526
-637.0800804768451
-638.6042559535767
-640.1497971963752
-641.716549830219
-643.3043588755953
-644.9130688066278
-646.5425236082502
-648.1925668323945
-649.8630416531721
-651.5537909210241
-653.2646572158206
-654.9954828988904
-656.7461101639647
-658.5163810870214
-660.3061376750157
-662.115221913488
-662.115221913488
-662.115221913488
-662.115221913488
-662.115221913488
-662.115221913488
-662.115221913488
-658.3692096034341
-654.6262023890919
-650.8862521140607
-647.1494117775455
-643.4157355654028
-639.6852788821423
-635.9580983839189
-632.2342520125487
-628.5137990305815
-624.7968000574682
-621.0833171068597
-617.3734136250756
-613.667154530783
-609.9646062559267
-606.2658367879538
-602.5709157133778
-598.8798913982187
-595.1928597330815
-591.5098953795808
-587.8310747870511
-584.1564762435269
-580.4861799283653
-577.2517283393713
-573.9571306385592
-570.6099350599939
-567.217929039944
-564.7479426420965
-562.2538624513448
-558.7836700017255
-555.3381362190165
-551.9267098864281
-551.9267098864281
-548.4660891140727
-544.9864738100298
-541.4965350560676
-538.0051802661067
-534.5214684230846
-531.05351439895
-527.0960600109215
-523.1392526923337
-519.1831072375572
-519.1831072375572
-515.7804961036303
-512.3432779563901
-508.87970287465447
-505.3982481651751
-501.4037522966396
-497.40934484110414
-493.4150279457927
-489.4208038279767
-485.4266747778523
-481.43264316156126
-477.4387114243629
-473.4448820939661
-469.4511577840312
-465.4575411978515
-461.4640351322262
-457.4706424815343
-453.47736624202486
-449.4842095163342
-445.4911755182459
-441.49826757770836
-437.5054891461266
-433.5128438019451
-429.5203352565421
-425.52796736045383
-421.5357441099522
-417.5436696539982
-413.5517483015974
-409.5599845295837
-405.56838299086183
-401.5769485231397
-397.5856861581852
-393.59460113164397
-393.59460113164397
-390.0272631134122
-386.46839686750707
-382.91823860555957
-379.37703279200855
-375.8450324764109
-372.3224996399777
-368.80970555690266
-365.3069311710612
-361.8144674886686
-358.33261598749334
-354.8616890432287
-351.40201037362755
-347.9539155010073
-344.51775223372516
-341.0938811672175
-337.68267620518316
-334.669470515555
-331.57036209338787
-327.99491774152796
-324.4293869601675
-324.4293869601675
-320.4402172032314
-316.45132120959977
-312.4627094638522
-308.47439299206883
-304.4863833971926
-300.49870273047406
-296.5113540079972
-292.5243508037857
-292.5243508037857
-288.7286275539106
-284.9384932595877
-281.1541739487679
-277.3759076280322
-277.3759076280322
-274.4268101275566
-271.5046115910062
-268.6101899177804
-265.7444527252352
-262.90833800944625
-260.1028147668332
-257.32888356819876
-254.58757707588063
-251.87996049381363
-249.20713193937397
-246.57022272492225
-243.97039753599776
-241.40885449215318
-238.88682507547412
-236.4055739109223
-233.96639838179908
-231.57062806287558
-231.57062806287558
-231.57062806287558
-232.26005060217483
-233.0161073457081
-233.0161073457081
-235.2932407014192
-237.61589184976634
-239.98272641793162
-242.39246228303566
-244.8438327536698
-247.33559989739916
-249.8665551628123
-252.43551983522488
-255.04134534081888
-257.68291341347134
-260.35913613791126
-263.06895588215906
-265.81134513147555
-268.58530623529015
-271.3898710778092
-274.22410068223445
-277.0870847577631
-279.97794119779576
-282.8958155370668
-285.8398803747178
-288.80933476968664
-291.8034036141628
-294.82133699027986
-297.86240951467414
-300.92591967503205
-304.0111891622829
-307.11756220166245
-310.2444048854769
-313.3911045100364
-316.55706891889577
-319.74172585424253
-322.9445223180009
-326.1649239439751
-329.4024143821376
-332.6564946959686
-335.92668277358024
-339.21251275319923
-342.513534463446
-345.8293128787237
-349.1594275899238
-352.5034722905597
-355.8610542783584
-359.2317939722668
-362.61532444477115
-366.01129096937063
-369.4193505830048
-372.83917166319566
-376.27043351963204
-379.71282599990076
-383.16604910904505
-386.62981264261606
-390.10383583287006
-393.58784700775294
-397.0815832623102
-400.58479014215294
-404.0972213386125
-407.61863839521317
-411.14881042509734
-414.6875138390386
-418.23453208368403
-421.7896553896723
-425.3526805292804
-428.92341058325866
-432.501654716523
-436.08722796237834
-439.6799510149596
-443.27965002958166
-446.88615643070057
-450.49930672719785
-454.11897273518076
-457.74493981486705
-461.37708907942294
-465.0152756651252
-468.6593589694418
-472.3092025046823
-475.964673757197
-479.62564405190636
-483.29198842194995
-486.963585483251
-490.6403173138036
-494.32206933749313
-498.0087302122705
-501.7001917225065
-505.39634867536057
-509.09709880100337
-512.8023426565402
-516.5119835334876
-516.5119835334876
-516.5119835334876
-516.5119835334876
-516.5119835334876
-516.5119835334876
-513.6191726889629
-510.7413041450965
-507.8786319113215
-505.0314143996783
-505.0314143996783
-505.0314143996783
-501.032080986712
-497.03275867503675
-493.0334477348024
-489.03414844499525
-485.034861093802
-481.03558597899246
-477.036323408321
-473.03707369994834
-469.0378371828857
-465.03861419746073
-461.0394050958084
-457.04021024238745
-453.04103001452444
-449.04189531826256
-445.0427760429956
-441.04367260820845
-437.0445854487382
-433.0455150154824
-429.0464617761479
-425.0474262160411
-421.0484088389035
-417.04941016779554
-413.05043074603134
-409.0514711381688
-405.0525319310575
-401.0536137349504
-397.05471718468146
-393.0558429409162
-389.05699169147846
-385.0581641527605
-381.0593610712216
-377.06058322498143
-373.0618314255169
-369.06310651946865
-365.0644093905659
-361.0657409616799
-357.0671021970147
-353.57582121622545
-350.0889609278634
-346.6158023653854
-343.1658552485601
-339.7488955804514
-337.37317068747524
-334.17520148016814
-334.17520148016814
-330.69164243275014
-327.2247471608119
-324.7908202248501
-321.4800184675803
-321.4800184675803
-317.9897707500128
-315.5028758710643
-312.0664393874754
-308.66771382652183
-308.66771382652183
-305.20032333789436
-302.7064833654091
-299.22685701589324
-295.7671301883967
-291.82022600756636
-287.87478721240853
-283.93087489092693
-279.98855354874814
-279.98855354874814
-276.09428243029095
-272.2030774354143
-268.31507196234594
-264.4304071419235
-260.54923239680414
-256.67170604903083
-252.79799598080712
-248.9282803538804
-245.06274839355703
-241.20160132577405
-237.34505310006165
-233.49333159014236
-229.6466796626873
-225.80535640274192
-221.969638458239
-218.1398215169184
-214.31622193064234
-210.4991785039916
-206.68905446618587
-202.8862396478288
-199.0911528867773
-195.30424469062547
-191.52600018693263
-187.75694239647646
-187.75694239647646
-183.7631169871542
-179.7695662799655
-175.77630899820068
-171.7833656046667
-167.79075850830966
-163.79851230097555
-159.8066540295598
-155.81521350986768
-151.82422368982995
-147.8337210713612
-143.8437462021974
-139.8543442516212
-135.86556568723145
-131.8774670740361
-127.89011202242023
-123.90357231832564
-119.91792927777543
-115.9332753793672
-111.94971624349242
-107.96737304714046
-103.9863854900917
-100.00691546477752
-96.0291516319706
-92.05331533619703
-88.07966737609178
-84.10851791137993
-80.14023836302952
-76.17527724915595
-72.21418117348335
-68.2576230218713
-66.24914071769716
-66.24914071769716
-62.25409903628191
-58.25973746615564
-54.26620618996495
-50.27370307326115
-46.28249419559509
-42.2929459727315
-38.30557728268439
-34.32114777636747
-30.340815418096927
-26.366435815313196
-22.401177575994968
-18.450922410538624
-14.52791384295765
-10.662269236767184
-6.950370619359127
-3.864099145106882
-3.6816973572855263
-6.646694774753317
-10.334516447201832
-14.192460383488822
-18.11214025273145
-22.06067398989403
-26.02493167710947
-29.998678425548526
-33.978586416176256
-37.962717914876386
-41.94986957319686
-41.94986957319686
-41.94986957319686
-41.94986957319686
-41.94986957319686
-41.94986957319686
-41.94986957319686
-41.94986957319686
-41.94986957319686
-41.94986957319686
-41.94986957319686
