62.486358642578125 452.3459167480469 0.7272831797599792
65.10477447509766 454.54345703125 0.6691681742668152
67.84640502929688 456.585205078125 0.6110531687736511
70.70199584960938 458.4642639160156 0.5529381632804871
73.66191101074219 460.1742858886719 0.4948231875896454
76.71614837646484 461.7095031738281 0.4367082118988037
79.85440063476562 463.0647277832031 0.37859323620796204
83.06607055664062 464.2353820800781 0.32047826051712036
86.3403091430664 465.217529296875 0.2623632848262787
89.66606903076172 466.0078430175781 0.204248309135437
93.03211212158203 466.6036376953125 0.14613333344459534
96.42707824707031 467.0029296875 0.08801835030317307
99.83950805664062 467.2043762207031 0.029903367161750793
103.25787353515625 467.207275390625 -0.02821161597967148
106.67063903808594 467.0116271972656 -0.08632659912109375
110.06627655029297 466.6180725097656 -0.14444157481193542
110.06627655029297 466.6180725097656 -0.5444415807723999
110.06627655029297 466.6180725097656 -0.944441556930542
112.41105651855469 463.37738037109375 -0.944441556930542
114.7558364868164 460.1366882324219 -0.944441556930542
117.10061645507812 456.89599609375 -0.944441556930542
119.44539642333984 453.6553039550781 -0.944441556930542
121.79017639160156 450.41461181640625 -0.944441556930542
124.13495635986328 447.1739196777344 -0.944441556930542
126.479736328125 443.9332275390625 -0.944441556930542
126.479736328125 443.9332275390625 -1.344441533088684
127.37744140625 440.0352783203125 -1.344441533088684
128.275146484375 436.1373291015625 -1.344441533088684
129.1728515625 432.2393798828125 -1.344441533088684
130.070556640625 428.3414306640625 -1.344441533088684
130.96826171875 424.4434814453125 -1.344441533088684
131.865966796875 420.5455322265625 -1.344441533088684
132.763671875 416.6475830078125 -1.344441533088684
133.661376953125 412.7496337890625 -1.344441533088684
134.55908203125 408.8516845703125 -1.344441533088684
135.456787109375 404.9537353515625 -1.344441533088684
136.3544921875 401.0557861328125 -1.344441533088684
137.252197265625 397.1578369140625 -1.344441533088684
138.14990234375 393.2598876953125 -1.344441533088684
139.047607421875 389.3619384765625 -1.344441533088684
139.9453125 385.4639892578125 -1.344441533088684
139.9453125 385.4639892578125 -1.7444415092468262
139.25421142578125 381.5241394042969 -1.7444415092468262
138.5631103515625 377.58428955078125 -1.7444415092468262
137.87200927734375 373.6444396972656 -1.7444415092468262
137.180908203125 369.70458984375 -1.7444415092468262
136.48980712890625 365.7647399902344 -1.7444415092468262
135.7987060546875 361.82489013671875 -1.7444415092468262
135.10760498046875 357.8850402832031 -1.7444415092468262
134.41650390625 353.9451904296875 -1.7444415092468262
133.72540283203125 350.0053405761719 -1.7444415092468262
133.0343017578125 346.06549072265625 -1.7444415092468262
132.34320068359375 342.1256408691406 -1.7444415092468262
131.652099609375 338.185791015625 -1.7444415092468262
130.96099853515625 334.2459411621094 -1.7444415092468262
130.2698974609375 330.30609130859375 -1.7444415092468262
129.57879638671875 326.3662414550781 -1.7444415092468262
128.8876953125 322.4263916015625 -1.7444415092468262
128.19659423828125 318.4865417480469 -1.7444415092468262
127.50550079345703 314.54669189453125 -1.7444415092468262
126.81440734863281 310.6068420410156 -1.7444415092468262
126.1233139038086 306.6669921875 -1.7444415092468262
125.43222045898438 302.7271423339844 -1.7444415092468262
124.74112701416016 298.78729248046875 -1.7444415092468262
124.05003356933594 294.8474426269531 -1.7444415092468262
123.35894012451172 290.9075927734375 -1.7444415092468262
122.6678466796875 286.9677429199219 -1.7444415092468262
121.97675323486328 283.02789306640625 -1.7444415092468262
121.28565979003906 279.0880432128906 -1.7444415092468262
120.59456634521484 275.148193359375 -1.7444415092468262
119.90347290039062 271.2083435058594 -1.7444415092468262
119.2123794555664 267.26849365234375 -1.7444415092468262
118.52128601074219 263.3286437988281 -1.7444415092468262
117.83019256591797 259.3887939453125 -1.7444415092468262
117.13909912109375 255.44894409179688 -1.7444415092468262
116.44800567626953 251.50909423828125 -1.7444415092468262
115.75691223144531 247.56924438476562 -1.7444415092468262
115.0658187866211 243.62939453125 -1.7444415092468262
114.37472534179688 239.68954467773438 -1.7444415092468262
113.68363189697266 235.74969482421875 -1.7444415092468262
113.68363189697266 235.74969482421875 -2.144441604614258
111.5128402709961 232.38998413085938 -2.144441604614258
109.34204864501953 229.0302734375 -2.144441604614258
107.17125701904297 225.67056274414062 -2.144441604614258
105.0004653930664 222.31085205078125 -2.144441604614258
102.82967376708984 218.95114135742188 -2.144441604614258
100.65888214111328 215.5914306640625 -2.144441604614258
98.48809051513672 212.23171997070312 -2.144441604614258
96.31729888916016 208.87200927734375 -2.144441604614258
94.1465072631836 205.51229858398438 -2.144441604614258
91.97571563720703 202.152587890625 -2.144441604614258
89.80492401123047 198.79287719726562 -2.144441604614258
87.6341323852539 195.43316650390625 -2.144441604614258
85.46334075927734 192.07345581054688 -2.144441604614258
83.29254913330078 188.7137451171875 -2.144441604614258
81.12175750732422 185.35403442382812 -2.144441604614258
78.95096588134766 181.99432373046875 -2.144441604614258
76.7801742553711 178.63461303710938 -2.144441604614258
76.7801742553711 178.63461303710938 -2.5444416999816895
73.472412109375 176.3854522705078 -2.5444416999816895
70.1646499633789 174.13629150390625 -2.5444416999816895
66.85688781738281 171.8871307373047 -2.5444416999816895
63.54912567138672 169.63796997070312 -2.5444416999816895
60.241363525390625 167.38880920410156 -2.5444416999816895
60.241363525390625 167.38880920410156 -2.944441795349121
56.31884765625 166.6053009033203 -2.944441795349121
52.396331787109375 165.82179260253906 -2.944441795349121
48.47381591796875 165.0382843017578 -2.944441795349121
44.551300048828125 164.25477600097656 -2.944441795349121
40.6287841796875 163.4712677001953 -2.944441795349121
36.706268310546875 162.68775939941406 -2.944441795349121
32.78375244140625 161.9042510986328 -2.944441795349121
28.861238479614258 161.12074279785156 -2.944441795349121
24.938724517822266 160.3372344970703 -2.944441795349121
24.938724517822266 160.3372344970703 2.9387433528900146
24.938724517822266 160.3372344970703 2.538743257522583
24.938724517822266 160.3372344970703 2.1387431621551514
24.938724517822266 160.3372344970703 1.7387431859970093
24.938724517822266 160.3372344970703 1.3387432098388672
24.938724517822266 160.3372344970703 0.9387432336807251
27.30193519592285 163.5644989013672 0.9387432336807251
29.665145874023438 166.79176330566406 0.9387432336807251
32.02835464477539 170.01902770996094 0.9387432336807251
34.391563415527344 173.2462921142578 0.9387432336807251
36.7547721862793 176.4735565185547 0.9387432336807251
39.11798095703125 179.70082092285156 0.9387432336807251
41.4811897277832 182.92808532714844 0.9387432336807251
43.844398498535156 186.1553497314453 0.9387432336807251
46.20760726928711 189.3826141357422 0.9387432336807251
48.57081604003906 192.60987854003906 0.9387432336807251
50.934024810791016 195.83714294433594 0.9387432336807251
53.29723358154297 199.0644073486328 0.9387432336807251
55.66044235229492 202.2916717529297 0.9387432336807251
58.023651123046875 205.51893615722656 0.9387432336807251
60.38685989379883 208.74620056152344 0.9387432336807251
62.75006866455078 211.9734649658203 0.9387432336807251
65.11328125 215.2007293701172 0.9387432336807251
67.47649383544922 218.42799377441406 0.9387432336807251
69.83970642089844 221.65525817871094 0.9387432336807251
72.20291900634766 224.8825225830078 0.9387432336807251
74.56613159179688 228.1097869873047 0.9387432336807251
76.9293441772461 231.33705139160156 0.9387432336807251
79.29255676269531 234.56431579589844 0.9387432336807251
81.65576934814453 237.7915802001953 0.9387432336807251
84.01898193359375 241.0188446044922 0.9387432336807251
86.38219451904297 244.24610900878906 0.9387432336807251
88.74540710449219 247.47337341308594 0.9387432336807251
91.1086196899414 250.7006378173828 0.9387432336807251
93.47183227539062 253.9279022216797 0.9387432336807251
95.83504486083984 257.1551818847656 0.9387432336807251
98.19825744628906 260.3824462890625 0.9387432336807251
100.56147003173828 263.6097106933594 0.9387432336807251
102.9246826171875 266.83697509765625 0.9387432336807251
105.28789520263672 270.0642395019531 0.9387432336807251
107.65110778808594 273.29150390625 0.9387432336807251
110.01432037353516 276.5187683105469 0.9387432336807251
112.37753295898438 279.74603271484375 0.9387432336807251
114.7407455444336 282.9732971191406 0.9387432336807251
117.10395812988281 286.2005615234375 0.9387432336807251
119.46717071533203 289.4278259277344 0.9387432336807251
119.46717071533203 289.4278259277344 0.538743257522583
119.46717071533203 289.4278259277344 0.13874325156211853
119.46717071533203 289.4278259277344 -0.26125675439834595
119.46717071533203 289.4278259277344 -0.6612567901611328
122.62405395507812 286.97137451171875 -0.6612567901611328
122.62405395507812 286.97137451171875 -1.061256766319275
124.57515716552734 283.4794921875 -1.061256766319275
126.52626037597656 279.98760986328125 -1.061256766319275
128.47735595703125 276.4957275390625 -1.061256766319275
128.47735595703125 276.4957275390625 -1.461256742477417
128.91464233398438 272.51971435546875 -1.461256742477417
129.3519287109375 268.543701171875 -1.461256742477417
129.78921508789062 264.56768798828125 -1.461256742477417
130.22650146484375 260.5916748046875 -1.461256742477417
130.66378784179688 256.61566162109375 -1.461256742477417
131.10107421875 252.63963317871094 -1.461256742477417
131.53836059570312 248.66360473632812 -1.461256742477417
131.97564697265625 244.6875762939453 -1.461256742477417
132.41293334960938 240.7115478515625 -1.461256742477417
132.8502197265625 236.7355194091797 -1.461256742477417
133.28750610351562 232.75949096679688 -1.461256742477417
133.72479248046875 228.78346252441406 -1.461256742477417
134.16207885742188 224.80743408203125 -1.461256742477417
134.16207885742188 224.80743408203125 -1.861256718635559
133.01651000976562 220.97499084472656 -1.861256718635559
131.87094116210938 217.14254760742188 -1.861256718635559
131.87094116210938 217.14254760742188 -2.261256694793701
129.32337951660156 214.05873107910156 -2.261256694793701
126.77581024169922 210.97491455078125 -2.261256694793701
124.22824096679688 207.89109802246094 -2.261256694793701
121.68067169189453 204.80728149414062 -2.261256694793701
119.13310241699219 201.7234649658203 -2.261256694793701
116.58553314208984 198.6396484375 -2.261256694793701
114.0379638671875 195.5558319091797 -2.261256694793701
114.0379638671875 195.5558319091797 -2.661256790161133
110.49060821533203 193.70751953125 -2.661256790161133
106.94325256347656 191.8592071533203 -2.661256790161133
103.3958969116211 190.01089477539062 -2.661256790161133
99.84854125976562 188.16258239746094 -2.661256790161133
96.30118560791016 186.31427001953125 -2.661256790161133
92.75382995605469 184.46595764160156 -2.661256790161133
89.20647430419922 182.61764526367188 -2.661256790161133
85.65911865234375 180.7693328857422 -2.661256790161133
82.11176300048828 178.9210205078125 -2.661256790161133
78.56440734863281 177.0727081298828 -2.661256790161133
75.01705169677734 175.22439575195312 -2.661256790161133
71.46969604492188 173.37608337402344 -2.661256790161133
67.9223403930664 171.52777099609375 -2.661256790161133
64.37498474121094 169.67945861816406 -2.661256790161133
60.8276252746582 167.83114624023438 -2.661256790161133
57.28026580810547 165.9828338623047 -2.661256790161133
53.732906341552734 164.134521484375 -2.661256790161133
50.185546875 162.2862091064453 -2.661256790161133
46.638187408447266 160.43789672851562 -2.661256790161133
43.09082794189453 158.58958435058594 -2.661256790161133
39.5434684753418 156.74127197265625 -2.661256790161133
35.99610900878906 154.89295959472656 -2.661256790161133
35.99610900878906 154.89295959472656 -2.661256790161133
35.99610900878906 154.89295959472656 -2.661256790161133
35.99610900878906 154.89295959472656 -2.661256790161133
35.99610900878906 154.89295959472656 -2.661256790161133
35.99610900878906 154.89295959472656 -2.661256790161133
35.99610900878906 154.89295959472656 -2.661256790161133
35.99610900878906 154.89295959472656 -2.661256790161133
35.99610900878906 154.89295959472656 -2.661256790161133
35.99610900878906 154.89295959472656 -2.661256790161133
35.99610900878906 154.89295959472656 -2.661256790161133
