-390.0
-390.0
-390.0
-393.6643999046978
-397.3352733262243
-401.012442488632
-404.6957357778126
-408.3849874901934
-412.0800375928921
-415.78073149477103
-419.4869198278631
-423.19845823866467
-423.19845823866467
-423.19845823866467
-423.19845823866467
-423.19845823866467
-423.19845823866467
-423.19845823866467
-419.4590356367288
-415.72446420533305
-411.9948758663547
-408.2704071828617
-404.55119955599116
-400.83739943140046
-397.129158515803
-393.4266340041259
-389.72998881785844
-386.0393918551897
-382.35501811072817
-378.6770493639517
-378.6770493639517
-374.67711876038334
-370.67718977076703
-366.67726244792055
-362.67733684699175
-358.67741302558846
-354.6774910439172
-350.6775709649314
-346.67765285448985
-342.6777367815263
-338.6778228182308
-334.67791104024485
-330.6780015268695
-326.67809436128965
-322.678189630815
-318.6782874271384
-314.678387846615
-310.6784909905618
-306.6785969655817
-302.6787058839123
-298.6788178638038
-294.67893302992627
-294.67893302992627
-294.67893302992627
-294.67893302992627
-294.67893302992627
-294.67893302992627
-294.67893302992627
-294.67893302992627
-298.44038220787786
-302.20795818890423
-305.98143465351376
-305.98143465351376
-305.98143465351376
-305.98143465351376
-305.98143465351376
-305.98143465351376
-305.98143465351376
-305.98143465351376
-305.98143465351376
-302.13652150260515
-298.29568728965273
-294.4590916279523
-290.6269023782068
-286.7992961748427
-282.97645899201393
-279.1585867527151
-275.3458859847516
-271.5385745276772
-267.73688229520866
-263.9410520980667
-260.15134053268054
-256.3680189417305
-252.59137445309707
-248.82171110444187
-245.05935106137125
-241.30463593793402
-237.55792822909066
-233.81961286576697
-230.0900989041834
-226.3698213623386
-222.65924321783208
-218.95885758264896
-215.26919007210535
-211.59080138688003
-207.92429012894198
-204.2702958742342
-204.2702958742342
-204.2702958742342
-204.2702958742342
-204.2702958742342
-204.2702958742342
-204.2702958742342
-204.2702958742342
-204.2702958742342
-204.2702958742342
-204.2702958742342
