60.0 450.0 1.1853982210159302
60.0 450.0 1.5853981971740723
60.0 450.0 1.9853981733322144
58.38869857788086 453.6611022949219 1.9853981733322144
56.77739715576172 457.32220458984375 1.9853981733322144
55.16609573364258 460.9833068847656 1.9853981733322144
53.55479431152344 464.6444091796875 1.9853981733322144
53.55479431152344 464.6444091796875 2.3853981494903564
53.55479431152344 464.6444091796875 2.785398244857788
53.55479431152344 464.6444091796875 -3.0977869033813477
53.55479431152344 464.6444091796875 -2.697786808013916
53.55479431152344 464.6444091796875 -2.2977867126464844
50.896297454833984 461.65570068359375 -2.2977867126464844
48.23780059814453 458.6669921875 -2.2977867126464844
45.57930374145508 455.67828369140625 -2.2977867126464844
42.920806884765625 452.6895751953125 -2.2977867126464844
40.26231002807617 449.70086669921875 -2.2977867126464844
37.60381317138672 446.712158203125 -2.2977867126464844
34.945316314697266 443.72344970703125 -2.2977867126464844
34.945316314697266 443.72344970703125 -1.8977867364883423
33.66053771972656 439.9353942871094 -1.8977867364883423
32.37575912475586 436.1473388671875 -1.8977867364883423
31.09098243713379 432.3592834472656 -1.8977867364883423
29.80620574951172 428.57122802734375 -1.8977867364883423
29.80620574951172 428.57122802734375 -1.4977867603302002
30.097984313964844 424.5818786621094 -1.4977867603302002
30.38976287841797 420.592529296875 -1.4977867603302002
30.681541442871094 416.6031799316406 -1.4977867603302002
30.97332000732422 412.61383056640625 -1.4977867603302002
31.265098571777344 408.6244812011719 -1.4977867603302002
31.55687713623047 404.6351318359375 -1.4977867603302002
31.848655700683594 400.6457824707031 -1.4977867603302002
32.14043426513672 396.65643310546875 -1.4977867603302002
32.432212829589844 392.6670837402344 -1.4977867603302002
32.72399139404297 388.677734375 -1.4977867603302002
33.015769958496094 384.6883850097656 -1.4977867603302002
33.30754852294922 380.69903564453125 -1.4977867603302002
33.599327087402344 376.7096862792969 -1.4977867603302002
33.89110565185547 372.7203369140625 -1.4977867603302002
34.182884216308594 368.7309875488281 -1.4977867603302002
34.47466278076172 364.74163818359375 -1.4977867603302002
34.766441345214844 360.7522888183594 -1.4977867603302002
35.05821990966797 356.762939453125 -1.4977867603302002
35.349998474121094 352.7735900878906 -1.4977867603302002
35.349998474121094 352.7735900878906 -1.097786784172058
35.349998474121094 352.7735900878906 -0.697786808013916
35.349998474121094 352.7735900878906 -0.29778680205345154
35.349998474121094 352.7735900878906 0.10221320390701294
39.32912063598633 353.1817321777344 0.10221320390701294
43.30824279785156 353.5898742675781 0.10221320390701294
47.2873649597168 353.9980163574219 0.10221320390701294
51.26648712158203 354.4061584472656 0.10221320390701294
55.245609283447266 354.8143005371094 0.10221320390701294
59.2247314453125 355.2224426269531 0.10221320390701294
63.203853607177734 355.6305847167969 0.10221320390701294
67.18297576904297 356.0387268066406 0.10221320390701294
71.16210174560547 356.4468688964844 0.10221320390701294
75.14122772216797 356.8550109863281 0.10221320390701294
79.12035369873047 357.2631530761719 0.10221320390701294
83.09947967529297 357.6712951660156 0.10221320390701294
87.07860565185547 358.0794372558594 0.10221320390701294
91.05773162841797 358.4875793457031 0.10221320390701294
95.03685760498047 358.8957214355469 0.10221320390701294
95.03685760498047 358.8957214355469 0.5022132396697998
98.54293823242188 360.8211975097656 0.5022132396697998
102.04901885986328 362.7466735839844 0.5022132396697998
105.55509948730469 364.6721496582031 0.5022132396697998
109.0611801147461 366.5976257324219 0.5022132396697998
112.5672607421875 368.5231018066406 0.5022132396697998
112.5672607421875 368.5231018066406 0.9022132158279419
112.5672607421875 368.5231018066406 1.302213191986084
113.62872314453125 372.37969970703125 1.302213191986084
114.690185546875 376.2362976074219 1.302213191986084
115.75164794921875 380.0928955078125 1.302213191986084
116.8131103515625 383.9494934082031 1.302213191986084
117.87457275390625 387.80609130859375 1.302213191986084
118.93603515625 391.6626892089844 1.302213191986084
119.99749755859375 395.519287109375 1.302213191986084
121.0589599609375 399.3758850097656 1.302213191986084
122.12042236328125 403.23248291015625 1.302213191986084
123.181884765625 407.0890808105469 1.302213191986084
124.24334716796875 410.9456787109375 1.302213191986084
125.3048095703125 414.8022766113281 1.302213191986084
126.36627197265625 418.65887451171875 1.302213191986084
127.427734375 422.5154724121094 1.302213191986084
128.48919677734375 426.3720703125 1.302213191986084
129.5506591796875 430.2286682128906 1.302213191986084
130.61212158203125 434.08526611328125 1.302213191986084
131.673583984375 437.9418640136719 1.302213191986084
132.73504638671875 441.7984619140625 1.302213191986084
132.73504638671875 441.7984619140625 1.702213168144226
132.73504638671875 441.7984619140625 2.102213144302368
132.73504638671875 441.7984619140625 2.5022132396698
132.73504638671875 441.7984619140625 2.9022133350372314
132.73504638671875 441.7984619140625 -2.9809718132019043
132.73504638671875 441.7984619140625 -2.5809717178344727
132.73504638671875 441.7984619140625 -2.180971622467041
132.73504638671875 441.7984619140625 -1.780971646308899
132.73504638671875 441.7984619140625 -1.3809716701507568
133.4897918701172 437.87030029296875 -1.3809716701507568
134.24453735351562 433.942138671875 -1.3809716701507568
134.99928283691406 430.01397705078125 -1.3809716701507568
135.7540283203125 426.0858154296875 -1.3809716701507568
136.50877380371094 422.15765380859375 -1.3809716701507568
137.26351928710938 418.2294921875 -1.3809716701507568
138.0182647705078 414.30133056640625 -1.3809716701507568
138.77301025390625 410.3731689453125 -1.3809716701507568
139.5277557373047 406.44500732421875 -1.3809716701507568
140.28250122070312 402.516845703125 -1.3809716701507568
141.03724670410156 398.58868408203125 -1.3809716701507568
141.7919921875 394.6605224609375 -1.3809716701507568
142.54673767089844 390.73236083984375 -1.3809716701507568
143.30148315429688 386.80419921875 -1.3809716701507568
144.0562286376953 382.87603759765625 -1.3809716701507568
144.81097412109375 378.9478759765625 -1.3809716701507568
145.5657196044922 375.01971435546875 -1.3809716701507568
146.32046508789062 371.091552734375 -1.3809716701507568
147.07521057128906 367.16339111328125 -1.3809716701507568
147.8299560546875 363.2352294921875 -1.3809716701507568
148.58470153808594 359.30706787109375 -1.3809716701507568
149.33944702148438 355.37890625 -1.3809716701507568
150.0941925048828 351.45074462890625 -1.3809716701507568
150.84893798828125 347.5225830078125 -1.3809716701507568
150.84893798828125 347.5225830078125 -1.780971646308899
150.01441955566406 343.610595703125 -1.780971646308899
149.17990112304688 339.6986083984375 -1.780971646308899
148.3453826904297 335.78662109375 -1.780971646308899
147.5108642578125 331.8746337890625 -1.780971646308899
146.6763458251953 327.962646484375 -1.780971646308899
145.84182739257812 324.0506591796875 -1.780971646308899
145.00730895996094 320.138671875 -1.780971646308899
144.17279052734375 316.2266845703125 -1.780971646308899
143.33827209472656 312.314697265625 -1.780971646308899
142.50375366210938 308.4027099609375 -1.780971646308899
141.6692352294922 304.49072265625 -1.780971646308899
140.834716796875 300.5787353515625 -1.780971646308899
140.834716796875 300.5787353515625 -1.3809716701507568
141.58946228027344 296.65057373046875 -1.3809716701507568
142.34420776367188 292.722412109375 -1.3809716701507568
143.0989532470703 288.79425048828125 -1.3809716701507568
143.85369873046875 284.8660888671875 -1.3809716701507568
144.6084442138672 280.93792724609375 -1.3809716701507568
145.36318969726562 277.009765625 -1.3809716701507568
146.11793518066406 273.08160400390625 -1.3809716701507568
146.8726806640625 269.1534423828125 -1.3809716701507568
147.62742614746094 265.22528076171875 -1.3809716701507568
148.38217163085938 261.297119140625 -1.3809716701507568
149.1369171142578 257.36895751953125 -1.3809716701507568
149.89166259765625 253.44081115722656 -1.3809716701507568
150.6464080810547 249.51266479492188 -1.3809716701507568
150.6464080810547 249.51266479492188 -1.780971646308899
149.8118896484375 245.60069274902344 -1.780971646308899
148.9773712158203 241.688720703125 -1.780971646308899
148.14285278320312 237.77674865722656 -1.780971646308899
147.30833435058594 233.86477661132812 -1.780971646308899
146.47381591796875 229.9528045654297 -1.780971646308899
145.63929748535156 226.04083251953125 -1.780971646308899
145.63929748535156 226.04083251953125 -1.3809716701507568
145.63929748535156 226.04083251953125 -1.780971646308899
145.63929748535156 226.04083251953125 -1.3809716701507568
145.63929748535156 226.04083251953125 -1.780971646308899
145.63929748535156 226.04083251953125 -1.3809716701507568
145.63929748535156 226.04083251953125 -1.780971646308899
145.63929748535156 226.04083251953125 -1.3809716701507568
145.63929748535156 226.04083251953125 -1.780971646308899
145.63929748535156 226.04083251953125 -1.3809716701507568
145.63929748535156 226.04083251953125 -1.780971646308899
