-387.8832613890781
-385.56935218508755
-383.0859999599614
-380.4634732574155
-377.73438674797615
-374.9333637277595
-370.9575940192721
-366.9823507257956
-363.0076511414101
-359.0335133235972
-355.059956135688
-351.0869992921652
-347.1146634070448
-343.14297004558364
-339.1719417795813
-335.20160224657064
-331.2319762132178
-327.2630896432843
-323.2949697705364
-319.32764517702634
-315.3611458772097
-311.395503408411
-307.43075092820135
-303.46692331930825
-299.50405730274366
-295.5421915599065
-291.58136686449785
-287.62162622517513
-283.66301503997477
-279.70558126364335
-275.7493755891486
-271.79445164478096
-267.84086620842254
-263.88867944074093
-259.937955139274
-255.98876101560666
-252.04116899810762
-248.0952555629974
-244.15110209686628
-240.20879529415436
-236.2684275935584
-232.3300976578481
-228.39391090216705
-228.39391090216705
-228.39391090216705
-228.39391090216705
-228.39391090216705
-228.39391090216705
-228.39391090216705
-228.39391090216705
-228.39391090216705
-228.39391090216705
-228.39391090216705
