62.828426361083984 452.82843017578125 0.7853981852531433
65.65685272216797 455.6568603515625 0.7853981852531433
68.48528289794922 458.48529052734375 0.7853981852531433
71.31371307373047 461.313720703125 0.7853981852531433
74.14214324951172 464.14215087890625 0.7853981852531433
76.97057342529297 466.9705810546875 0.7853981852531433
79.79900360107422 469.79901123046875 0.7853981852531433
82.62743377685547 472.62744140625 0.7853981852531433
85.45586395263672 475.45587158203125 0.7853981852531433
88.28429412841797 478.2843017578125 0.7853981852531433
91.11272430419922 481.11273193359375 0.7853981852531433
93.94115447998047 483.941162109375 0.7853981852531433
96.76958465576172 486.76959228515625 0.7853981852531433
99.59801483154297 489.5980224609375 0.7853981852531433
102.42644500732422 492.42645263671875 0.7853981852531433
105.25487518310547 495.2548828125 0.7853981852531433
108.08330535888672 498.08331298828125 0.7853981852531433
110.91173553466797 500.9117431640625 0.7853981852531433
113.74016571044922 503.74017333984375 0.7853981852531433
113.97506713867188 503.9007873535156 0.4140181839466095
117.63711547851562 505.50994873046875 0.4140181839466095
121.29916381835938 507.1191101074219 0.4140181839466095
124.96121215820312 508.728271484375 0.4140181839466095
125.24089813232422 508.7933044433594 0.0428985059261322
125.24089813232422 508.7933044433594 0.4428985118865967
125.51625061035156 508.86572265625 0.07153472304344177
129.5060272216797 509.151611328125 0.07153472304344177
133.4958038330078 509.4375 0.07153472304344177
137.48558044433594 509.723388671875 0.07153472304344177
141.47535705566406 510.00927734375 0.07153472304344177
145.4651336669922 510.295166015625 0.07153472304344177
149.4549102783203 510.5810546875 0.07153472304344177
153.44468688964844 510.866943359375 0.07153472304344177
157.43446350097656 511.15283203125 0.07153472304344177
161.4242401123047 511.438720703125 0.07153472304344177
165.4140167236328 511.724609375 0.07153472304344177
165.69842529296875 511.6920166015625 -0.29967308044433594
169.52015686035156 510.5111999511719 -0.29967308044433594
169.7718505859375 510.3784484863281 -0.6710530519485474
169.7718505859375 510.3784484863281 -0.2710530459880829
173.6258087158203 509.3074645996094 -0.2710530459880829
173.88119506835938 509.1819763183594 -0.6424330472946167
177.08375549316406 506.785400390625 -0.6424330472946167
180.28631591796875 504.3888244628906 -0.6424330472946167
183.48887634277344 501.99224853515625 -0.6424330472946167
186.69143676757812 499.5956726074219 -0.6424330472946167
189.8939971923828 497.1990966796875 -0.6424330472946167
193.0965576171875 494.8025207519531 -0.6424330472946167
196.2991180419922 492.40594482421875 -0.6424330472946167
199.50167846679688 490.0093688964844 -0.6424330472946167
202.70423889160156 487.61279296875 -0.6424330472946167
205.90679931640625 485.2162170410156 -0.6424330472946167
209.10935974121094 482.81964111328125 -0.6424330472946167
209.30178833007812 482.6100158691406 -1.0138130187988281
211.4163055419922 479.214599609375 -1.0138130187988281
213.53082275390625 475.8191833496094 -1.0138130187988281
215.6453399658203 472.42376708984375 -1.0138130187988281
217.75985717773438 469.0283508300781 -1.0138130187988281
219.87437438964844 465.6329345703125 -1.0138130187988281
221.9888916015625 462.2375183105469 -1.0138130187988281
224.10340881347656 458.84210205078125 -1.0138130187988281
226.21792602539062 455.4466857910156 -1.0138130187988281
228.3324432373047 452.05126953125 -1.0138130187988281
230.44696044921875 448.6558532714844 -1.0138130187988281
232.5614776611328 445.26043701171875 -1.0138130187988281
234.67599487304688 441.8650207519531 -1.0138130187988281
236.79051208496094 438.4696044921875 -1.0138130187988281
238.905029296875 435.0741882324219 -1.0138130187988281
241.01954650878906 431.67877197265625 -1.0138130187988281
243.13406372070312 428.2833557128906 -1.0138130187988281
245.2485809326172 424.887939453125 -1.0138130187988281
245.2485809326172 424.887939453125 -0.613813042640686
245.2485809326172 424.887939453125 -0.21381303668022156
245.2485809326172 424.887939453125 0.18618696928024292
245.2485809326172 424.887939453125 0.5861870050430298
248.580810546875 427.1007080078125 0.5861870050430298
251.9130401611328 429.3134765625 0.5861870050430298
255.24526977539062 431.5262451171875 0.5861870050430298
255.24526977539062 431.5262451171875 0.9861869812011719
257.4527587890625 434.8619689941406 0.9861869812011719
257.4527587890625 434.8619689941406 1.386186957359314
257.4527587890625 434.8619689941406 1.786186933517456
257.4527587890625 434.8619689941406 2.1861870288848877
255.14364624023438 438.128173828125 2.1861870288848877
252.83453369140625 441.3943786621094 2.1861870288848877
250.52542114257812 444.66058349609375 2.1861870288848877
248.21630859375 447.9267883300781 2.1861870288848877
245.90719604492188 451.1929931640625 2.1861870288848877
243.59808349609375 454.4591979980469 2.1861870288848877
241.28897094726562 457.72540283203125 2.1861870288848877
238.9798583984375 460.9916076660156 2.1861870288848877
236.67074584960938 464.2578125 2.1861870288848877
234.36163330078125 467.5240173339844 2.1861870288848877
232.05252075195312 470.79022216796875 2.1861870288848877
229.743408203125 474.0564270019531 2.1861870288848877
227.43429565429688 477.3226318359375 2.1861870288848877
225.12518310546875 480.5888366699219 2.1861870288848877
225.12518310546875 480.5888366699219 2.5861871242523193
221.7264404296875 482.697998046875 2.5861871242523193
218.32769775390625 484.8071594238281 2.5861871242523193
214.928955078125 486.91632080078125 2.5861871242523193
211.53021240234375 489.0254821777344 2.5861871242523193
208.1314697265625 491.1346435546875 2.5861871242523193
204.73272705078125 493.2438049316406 2.5861871242523193
201.333984375 495.35296630859375 2.5861871242523193
197.93524169921875 497.4621276855469 2.5861871242523193
194.5364990234375 499.5712890625 2.5861871242523193
191.13775634765625 501.6804504394531 2.5861871242523193
187.739013671875 503.78961181640625 2.5861871242523193
184.34027099609375 505.8987731933594 2.5861871242523193
180.9415283203125 508.0079345703125 2.5861871242523193
177.54278564453125 510.1170959472656 2.5861871242523193
174.14404296875 512.2262573242188 2.5861871242523193
170.74530029296875 514.3353881835938 2.5861871242523193
170.74530029296875 514.3353881835938 2.986187219619751
166.7935028076172 514.9545288085938 2.986187219619751
162.84170532226562 515.5736694335938 2.986187219619751
158.88990783691406 516.1928100585938 2.986187219619751
154.9381103515625 516.8119506835938 2.986187219619751
150.98631286621094 517.4310913085938 2.986187219619751
147.03451538085938 518.0502319335938 2.986187219619751
143.0827178955078 518.6693725585938 2.986187219619751
139.13092041015625 519.2885131835938 2.986187219619751
135.1791229248047 519.9076538085938 2.986187219619751
131.22732543945312 520.5267944335938 2.986187219619751
127.27552795410156 521.1459350585938 2.986187219619751
123.32373046875 521.7650756835938 2.986187219619751
119.37193298339844 522.3842163085938 2.986187219619751
115.42013549804688 523.0033569335938 2.986187219619751
111.46833801269531 523.6224975585938 2.986187219619751
107.51654052734375 524.2416381835938 2.986187219619751
103.56474304199219 524.8607788085938 2.986187219619751
99.61294555664062 525.4799194335938 2.986187219619751
95.66114807128906 526.0990600585938 2.986187219619751
91.7093505859375 526.7182006835938 2.986187219619751
87.75755310058594 527.3373413085938 2.986187219619751
83.80575561523438 527.9564819335938 2.986187219619751
79.85395812988281 528.5756225585938 2.986187219619751
75.90216064453125 529.1947631835938 2.986187219619751
71.95036315917969 529.8139038085938 2.986187219619751
67.99856567382812 530.4330444335938 2.986187219619751
64.04676818847656 531.0521850585938 2.986187219619751
60.094974517822266 531.6713256835938 2.986187219619751
60.094974517822266 531.6713256835938 -2.8969979286193848
60.094974517822266 531.6713256835938 -2.496997833251953
60.094974517822266 531.6713256835938 -2.0969977378845215
60.094974517822266 531.6713256835938 -1.6969977617263794
60.094974517822266 531.6713256835938 -1.2969977855682373
61.176536560058594 527.8203125 -1.2969977855682373
62.25809860229492 523.9692993164062 -1.2969977855682373
63.33966064453125 520.1182861328125 -1.2969977855682373
64.42121887207031 516.2672729492188 -1.2969977855682373
65.50277709960938 512.416259765625 -1.2969977855682373
66.58433532714844 508.56524658203125 -1.2969977855682373
67.6658935546875 504.7142333984375 -1.2969977855682373
68.74745178222656 500.86322021484375 -1.2969977855682373
69.82901000976562 497.01220703125 -1.2969977855682373
70.91056823730469 493.16119384765625 -1.2969977855682373
71.99212646484375 489.3101806640625 -1.2969977855682373
73.07368469238281 485.45916748046875 -1.2969977855682373
74.15524291992188 481.608154296875 -1.2969977855682373
75.23680114746094 477.75714111328125 -1.2969977855682373
76.318359375 473.9061279296875 -1.2969977855682373
77.39991760253906 470.05511474609375 -1.2969977855682373
78.48147583007812 466.2041015625 -1.2969977855682373
79.56303405761719 462.35308837890625 -1.2969977855682373
80.64459228515625 458.5020751953125 -1.2969977855682373
81.72615051269531 454.65106201171875 -1.2969977855682373
82.80770874023438 450.800048828125 -1.2969977855682373
83.88926696777344 446.94903564453125 -1.2969977855682373
84.9708251953125 443.0980224609375 -1.2969977855682373
86.05238342285156 439.24700927734375 -1.2969977855682373
87.13394165039062 435.39599609375 -1.2969977855682373
88.21549987792969 431.54498291015625 -1.2969977855682373
89.29705810546875 427.6939697265625 -1.2969977855682373
90.37861633300781 423.84295654296875 -1.2969977855682373
91.46017456054688 419.991943359375 -1.2969977855682373
91.48521423339844 419.70849609375 -1.6683777570724487
91.09550476074219 415.7275390625 -1.6683777570724487
90.70579528808594 411.74658203125 -1.6683777570724487
90.31608581542969 407.765625 -1.6683777570724487
89.92637634277344 403.78466796875 -1.6683777570724487
89.92637634277344 403.78466796875 -1.2683777809143066
89.92637634277344 403.78466796875 -0.8683778047561646
90.57732391357422 402.7545166015625 -1.146127700805664
90.6446762084961 402.4780578613281 -1.5175087451934814
90.6446762084961 402.4780578613281 -1.1175087690353394
91.4356689453125 400.40435791015625 -1.2952723503112793
91.4356689453125 400.40435791015625 -0.8952723741531372
91.99095153808594 399.4579162597656 -1.1851558685302734
92.04747009277344 399.17901611328125 -1.5565354824066162
92.04747009277344 399.17901611328125 -1.1565355062484741
93.65752410888672 395.5173645019531 -1.1565355062484741
95.267578125 391.855712890625 -1.1565355062484741
96.87763214111328 388.1940612792969 -1.1565355062484741
98.48768615722656 384.53240966796875 -1.1565355062484741
98.76578521728516 383.5162353515625 -1.4507999420166016
98.76578521728516 383.5162353515625 -1.0507999658584595
98.76578521728516 383.5162353515625 -0.6507999897003174
98.76578521728516 383.5162353515625 -0.2507999837398529
98.76578521728516 383.5162353515625 0.14920002222061157
102.72134399414062 384.1108093261719 0.14920002222061157
106.6769027709961 384.70538330078125 0.14920002222061157
110.63246154785156 385.2999572753906 0.14920002222061157
114.58802032470703 385.89453125 0.14920002222061157
118.5435791015625 386.4891052246094 0.14920002222061157
122.49913787841797 387.08367919921875 0.14920002222061157
126.45469665527344 387.6782531738281 0.14920002222061157
130.41026306152344 388.2728271484375 0.14920002222061157
134.36582946777344 388.8674011230469 0.14920002222061157
138.32139587402344 389.46197509765625 0.14920002222061157
142.27696228027344 390.0565490722656 0.14920002222061157
146.23252868652344 390.651123046875 0.14920002222061157
150.18809509277344 391.2456970214844 0.14920002222061157
154.14366149902344 391.84027099609375 0.14920002222061157
154.14366149902344 391.84027099609375 0.14920002222061157
154.14366149902344 391.84027099609375 0.5492000579833984
154.14366149902344 391.84027099609375 0.9492000341415405
154.14366149902344 391.84027099609375 1.3492000102996826
154.14366149902344 391.84027099609375 1.7491999864578247
154.14366149902344 391.84027099609375 2.149199962615967
154.14366149902344 391.84027099609375 2.5492000579833984
150.82522583007812 394.07366943359375 2.5492000579833984
147.5067901611328 396.30706787109375 2.5492000579833984
144.1883544921875 398.54046630859375 2.5492000579833984
140.8699188232422 400.77386474609375 2.5492000579833984
137.55148315429688 403.00726318359375 2.5492000579833984
134.23304748535156 405.24066162109375 2.5492000579833984
130.91461181640625 407.47406005859375 2.5492000579833984
127.59618377685547 409.70745849609375 2.5492000579833984
124.27775573730469 411.94085693359375 2.5492000579833984
120.9593276977539 414.17425537109375 2.5492000579833984
117.64089965820312 416.40765380859375 2.5492000579833984
114.32247161865234 418.64105224609375 2.5492000579833984
111.00404357910156 420.87445068359375 2.5492000579833984
107.68561553955078 423.10784912109375 2.5492000579833984
104.3671875 425.34124755859375 2.5492000579833984
101.04875946044922 427.57464599609375 2.5492000579833984
97.73033142089844 429.80804443359375 2.5492000579833984
94.41190338134766 432.04144287109375 2.5492000579833984
91.09347534179688 434.27484130859375 2.5492000579833984
90.89079284667969 434.4745788574219 2.1778199672698975
90.7744140625 434.7342529296875 1.806439995765686
89.84053802490234 438.62371826171875 1.806439995765686
88.90666198730469 442.51318359375 1.806439995765686
87.97278594970703 446.40264892578125 1.806439995765686
87.03890991210938 450.2921142578125 1.806439995765686
86.10503387451172 454.18157958984375 1.806439995765686
85.17115783691406 458.071044921875 1.806439995765686
84.2372817993164 461.96051025390625 1.806439995765686
83.30340576171875 465.8499755859375 1.806439995765686
82.3695297241211 469.73944091796875 1.806439995765686
81.43565368652344 473.62890625 1.806439995765686
81.42041015625 473.9289855957031 1.4366586208343506
81.95535278320312 477.89306640625 1.4366586208343506
82.49029541015625 481.8571472167969 1.4366586208343506
83.02523803710938 485.82122802734375 1.4366586208343506
83.5601806640625 489.7853088378906 1.4366586208343506
84.09512329101562 493.7493896484375 1.4366586208343506
84.63006591796875 497.7134704589844 1.4366586208343506
85.16500854492188 501.67755126953125 1.4366586208343506
85.699951171875 505.6416320800781 1.4366586208343506
86.23489379882812 509.605712890625 1.4366586208343506
86.76983642578125 513.5697631835938 1.4366586208343506
87.30477905273438 517.5338134765625 1.4366586208343506
87.8397216796875 521.4978637695312 1.4366586208343506
87.8397216796875 521.4978637695312 1.8366585969924927
86.78875732421875 525.3572998046875 1.8366585969924927
85.73779296875 529.2167358398438 1.8366585969924927
84.68682861328125 533.076171875 1.8366585969924927
83.6358642578125 536.9356079101562 1.8366585969924927
83.6358642578125 536.9356079101562 2.2366585731506348
83.6358642578125 536.9356079101562 2.6366586685180664
83.6358642578125 536.9356079101562 3.036658763885498
83.6358642578125 536.9356079101562 -2.8465263843536377
79.80873107910156 535.7723999023438 -2.8465263843536377
75.98159790039062 534.6091918945312 -2.8465263843536377
72.15446472167969 533.4459838867188 -2.8465263843536377
68.32733154296875 532.2827758789062 -2.8465263843536377
68.32733154296875 532.2827758789062 -2.446526288986206
68.32733154296875 532.2827758789062 -2.0465261936187744
68.32733154296875 532.2827758789062 -1.6465262174606323
68.02470397949219 528.2942504882812 -1.6465262174606323
67.72207641601562 524.3057250976562 -1.6465262174606323
67.41944885253906 520.3171997070312 -1.6465262174606323
67.1168212890625 516.3286743164062 -1.6465262174606323
66.81419372558594 512.3401489257812 -1.6465262174606323
66.51156616210938 508.35162353515625 -1.6465262174606323
66.20893859863281 504.36309814453125 -1.6465262174606323
65.90631103515625 500.37457275390625 -1.6465262174606323
65.60368347167969 496.38604736328125 -1.6465262174606323
65.60368347167969 496.38604736328125 -1.2465262413024902
66.8781509399414 492.5945129394531 -1.2465262413024902
68.15261840820312 488.802978515625 -1.2465262413024902
69.42708587646484 485.0114440917969 -1.2465262413024902
70.70155334472656 481.21990966796875 -1.2465262413024902
71.97602081298828 477.4283752441406 -1.2465262413024902
73.25048828125 473.6368408203125 -1.2465262413024902
74.52495574951172 469.8453063964844 -1.2465262413024902
75.79942321777344 466.05377197265625 -1.2465262413024902
77.07389068603516 462.2622375488281 -1.2465262413024902
78.34835815429688 458.470703125 -1.2465262413024902
79.6228256225586 454.6791687011719 -1.2465262413024902
80.89729309082031 450.88763427734375 -1.2465262413024902
82.17176055908203 447.0960998535156 -1.2465262413024902
83.44622802734375 443.3045654296875 -1.2465262413024902
84.72069549560547 439.5130310058594 -1.2465262413024902
85.99516296386719 435.72149658203125 -1.2465262413024902
87.2696304321289 431.9299621582031 -1.2465262413024902
88.54409790039062 428.138427734375 -1.2465262413024902
88.61442565917969 427.6673583984375 -1.5986512899398804
88.50302124023438 423.6689147949219 -1.5986512899398804
88.39161682128906 419.67047119140625 -1.5986512899398804
88.28021240234375 415.6720275878906 -1.5986512899398804
88.16880798339844 411.673583984375 -1.5986512899398804
88.05740356445312 407.6751403808594 -1.5986512899398804
87.94599914550781 403.67669677734375 -1.5986512899398804
87.94599914550781 403.67669677734375 -1.1986513137817383
87.99874877929688 403.3970642089844 -1.5700312852859497
87.99874877929688 403.3970642089844 -1.1700313091278076
88.05947875976562 403.1190490722656 -1.541411280632019
88.05947875976562 403.1190490722656 -1.141411304473877
88.12814331054688 402.8428955078125 -1.5127912759780884
88.12814331054688 402.8428955078125 -1.1127912998199463
88.20468139648438 402.5688171386719 -1.4841712713241577
88.20468139648438 402.5688171386719 -1.0841712951660156
88.28903198242188 402.29705810546875 -1.4555511474609375
88.28903198242188 402.29705810546875 -1.0555511713027954
88.38248443603516 402.0240173339844 -1.4265249967575073
88.38248443603516 402.0240173339844 -1.0265250205993652
88.51079559326172 401.6856384277344 -1.3901371955871582
88.51079559326172 401.6856384277344 -0.9901372194290161
90.70509338378906 398.34124755859375 -0.9901372194290161
92.8993911743164 394.9968566894531 -0.9901372194290161
95.09368896484375 391.6524658203125 -0.9901372194290161
95.09368896484375 391.6524658203125 -0.590137243270874
95.09368896484375 391.6524658203125 -0.19013723731040955
99.02159881591797 390.896484375 -0.19013723731040955
99.02159881591797 390.896484375 0.20986276865005493
102.933837890625 391.72979736328125 0.20986276865005493
106.84607696533203 392.5631103515625 0.20986276865005493
110.75831604003906 393.39642333984375 0.20986276865005493
110.75831604003906 393.39642333984375 0.6098628044128418
110.75831604003906 393.39642333984375 1.0098627805709839
110.75831604003906 393.39642333984375 1.409862756729126
110.75831604003906 393.39642333984375 1.809862732887268
109.8111343383789 397.28265380859375 1.809862732887268
108.86395263671875 401.16888427734375 1.809862732887268
107.9167709350586 405.05511474609375 1.809862732887268
106.96958923339844 408.94134521484375 1.809862732887268
106.02240753173828 412.82757568359375 1.809862732887268
105.07522583007812 416.71380615234375 1.809862732887268
104.12804412841797 420.60003662109375 1.809862732887268
103.18086242675781 424.48626708984375 1.809862732887268
102.23368072509766 428.37249755859375 1.809862732887268
101.2864990234375 432.25872802734375 1.809862732887268
100.33931732177734 436.14495849609375 1.809862732887268
99.39213562011719 440.03118896484375 1.809862732887268
98.44495391845703 443.91741943359375 1.809862732887268
97.49777221679688 447.80364990234375 1.809862732887268
96.55059051513672 451.68988037109375 1.809862732887268
95.60340881347656 455.57611083984375 1.809862732887268
94.6562271118164 459.46234130859375 1.809862732887268
93.70904541015625 463.34857177734375 1.809862732887268
92.7618637084961 467.23480224609375 1.809862732887268
91.81468200683594 471.12103271484375 1.809862732887268
90.86750030517578 475.00726318359375 1.809862732887268
89.92031860351562 478.89349365234375 1.809862732887268
88.97313690185547 482.77972412109375 1.809862732887268
88.02595520019531 486.66595458984375 1.809862732887268
87.07877349853516 490.55218505859375 1.809862732887268
86.131591796875 494.43841552734375 1.809862732887268
85.18441009521484 498.32464599609375 1.809862732887268
84.23722839355469 502.21087646484375 1.809862732887268
83.29004669189453 506.09710693359375 1.809862732887268
82.34286499023438 509.98333740234375 1.809862732887268
81.39568328857422 513.8695678710938 1.809862732887268
80.44850158691406 517.7557983398438 1.809862732887268
79.5013198852539 521.6420288085938 1.809862732887268
78.55413818359375 525.5282592773438 1.809862732887268
77.6069564819336 529.4144897460938 1.809862732887268
76.65977478027344 533.3007202148438 1.809862732887268
75.71259307861328 537.1869506835938 1.809862732887268
74.76541137695312 541.0731811523438 1.809862732887268
73.81822967529297 544.9594116210938 1.809862732887268
73.81822967529297 544.9594116210938 2.20986270904541
73.81822967529297 544.9594116210938 2.609862804412842
73.81822967529297 544.9594116210938 3.0098628997802734
73.81822967529297 544.9594116210938 -2.8733222484588623
69.9613037109375 543.899169921875 -2.8733222484588623
66.10437774658203 542.8389282226562 -2.8733222484588623
66.10437774658203 542.8389282226562 -2.4733221530914307
66.10437774658203 542.8389282226562 -2.073322057723999
66.10437774658203 542.8389282226562 -1.673322081565857
66.10437774658203 542.8389282226562 -1.2733221054077148
67.27680206298828 539.0145874023438 -1.2733221054077148
68.44922637939453 535.1902465820312 -1.2733221054077148
69.62165069580078 531.3659057617188 -1.2733221054077148
70.79407501220703 527.5415649414062 -1.2733221054077148
71.96649932861328 523.7172241210938 -1.2733221054077148
73.13892364501953 519.8928833007812 -1.2733221054077148
74.31134796142578 516.0685424804688 -1.2733221054077148
75.48377227783203 512.2442016601562 -1.2733221054077148
76.65619659423828 508.4198913574219 -1.2733221054077148
77.82862091064453 504.5955810546875 -1.2733221054077148
79.00104522705078 500.7712707519531 -1.2733221054077148
80.17346954345703 496.94696044921875 -1.2733221054077148
81.34589385986328 493.1226501464844 -1.2733221054077148
82.51831817626953 489.29833984375 -1.2733221054077148
83.69074249267578 485.4740295410156 -1.2733221054077148
84.86316680908203 481.64971923828125 -1.2733221054077148
86.03559112548828 477.8254089355469 -1.2733221054077148
87.20801544189453 474.0010986328125 -1.2733221054077148
88.38043975830078 470.1767883300781 -1.2733221054077148
89.55286407470703 466.35247802734375 -1.2733221054077148
90.6030502319336 462.7617492675781 -1.2991969585418701
91.67613983154297 458.90838623046875 -1.2991969585418701
91.70055389404297 458.6248779296875 -1.6705769300460815
91.30209350585938 454.644775390625 -1.6705769300460815
90.90363311767578 450.6646728515625 -1.6705769300460815
90.50517272949219 446.6845703125 -1.6705769300460815
90.1067123413086 442.7044677734375 -1.6705769300460815
89.708251953125 438.724365234375 -1.6705769300460815
89.3097915649414 434.7442626953125 -1.6705769300460815
88.91133117675781 430.76416015625 -1.6705769300460815
88.51287078857422 426.7840576171875 -1.6705769300460815
88.11441040039062 422.803955078125 -1.6705769300460815
87.71595001220703 418.8238525390625 -1.6705769300460815
87.31748962402344 414.84375 -1.6705769300460815
86.91902923583984 410.8636474609375 -1.6705769300460815
86.52056884765625 406.883544921875 -1.6705769300460815
86.12210845947266 402.9034423828125 -1.6705769300460815
85.72364807128906 398.92333984375 -1.6705769300460815
85.32518768310547 394.9432373046875 -1.6705769300460815
84.92672729492188 390.963134765625 -1.6705769300460815
84.92672729492188 390.963134765625 -1.2705769538879395
84.92672729492188 390.963134765625 -0.8705769777297974
84.92672729492188 390.963134765625 -0.4705769717693329
84.92672729492188 390.963134765625 -0.07057696580886841
88.9167709350586 390.6810607910156 -0.07057696580886841
92.90681457519531 390.39898681640625 -0.07057696580886841
96.89685821533203 390.1169128417969 -0.07057696580886841
96.89685821533203 390.1169128417969 0.32942304015159607
100.68177795410156 391.410888671875 0.32942304015159607
104.4666976928711 392.7048645019531 0.32942304015159607
104.4666976928711 392.7048645019531 0.7294230461120605
104.4666976928711 392.7048645019531 1.1294230222702026
104.4666976928711 392.7048645019531 1.5294229984283447
104.63214111328125 396.7014465332031 1.5294229984283447
104.7975845336914 400.6980285644531 1.5294229984283447
104.96302795410156 404.6946105957031 1.5294229984283447
105.12847137451172 408.6911926269531 1.5294229984283447
105.29391479492188 412.6877746582031 1.5294229984283447
105.45935821533203 416.6843566894531 1.5294229984283447
105.62480163574219 420.6809387207031 1.5294229984283447
105.79024505615234 424.6775207519531 1.5294229984283447
105.9556884765625 428.6741027832031 1.5294229984283447
106.12113189697266 432.6706848144531 1.5294229984283447
106.28657531738281 436.6672668457031 1.5294229984283447
106.45201873779297 440.6638488769531 1.5294229984283447
106.61746215820312 444.6604309082031 1.5294229984283447
106.78290557861328 448.6570129394531 1.5294229984283447
106.94834899902344 452.6535949707031 1.5294229984283447
107.1137924194336 456.6501770019531 1.5294229984283447
107.27923583984375 460.6467590332031 1.5294229984283447
107.4446792602539 464.6433410644531 1.5294229984283447
107.61012268066406 468.6399230957031 1.5294229984283447
107.77556610107422 472.6365051269531 1.5294229984283447
107.94100952148438 476.6330871582031 1.5294229984283447
108.10645294189453 480.6296691894531 1.5294229984283447
108.27189636230469 484.6262512207031 1.5294229984283447
108.43733978271484 488.6228332519531 1.5294229984283447
108.602783203125 492.6194152832031 1.5294229984283447
108.76822662353516 496.6159973144531 1.5294229984283447
108.93367004394531 500.6125793457031 1.5294229984283447
109.09911346435547 504.6091613769531 1.5294229984283447
109.26455688476562 508.6057434082031 1.5294229984283447
109.43000030517578 512.602294921875 1.5294229984283447
109.59544372558594 516.598876953125 1.5294229984283447
109.7608871459961 520.595458984375 1.5294229984283447
109.7608871459961 520.595458984375 1.9294229745864868
108.35693359375 524.3410034179688 1.9294229745864868
106.9529800415039 528.0865478515625 1.9294229745864868
106.9529800415039 528.0865478515625 2.329422950744629
106.9529800415039 528.0865478515625 2.7294230461120605
106.9529800415039 528.0865478515625 3.129423141479492
102.95327758789062 528.13525390625 3.129423141479492
98.95357513427734 528.1839599609375 3.129423141479492
94.95387268066406 528.232666015625 3.129423141479492
90.95417022705078 528.2813720703125 3.129423141479492
86.9544677734375 528.330078125 3.129423141479492
82.95476531982422 528.3787841796875 3.129423141479492
78.95506286621094 528.427490234375 3.129423141479492
74.95536041259766 528.4761962890625 3.129423141479492
70.95565795898438 528.52490234375 3.129423141479492
70.95565795898438 528.52490234375 -2.7537620067596436
70.95565795898438 528.52490234375 -2.353761911392212
70.95565795898438 528.52490234375 -1.9537619352340698
70.95565795898438 528.52490234375 -1.5537619590759277
71.02378845214844 524.5255126953125 -1.5537619590759277
71.0919189453125 520.526123046875 -1.5537619590759277
71.16004943847656 516.5267333984375 -1.5537619590759277
71.22817993164062 512.52734375 -1.5537619590759277
71.29631042480469 508.5279235839844 -1.5537619590759277
71.36444091796875 504.52850341796875 -1.5537619590759277
71.43257141113281 500.5290832519531 -1.5537619590759277
71.50070190429688 496.5296630859375 -1.5537619590759277
71.56883239746094 492.5302429199219 -1.5537619590759277
71.636962890625 488.53082275390625 -1.5537619590759277
71.70509338378906 484.5314025878906 -1.5537619590759277
71.77322387695312 480.531982421875 -1.5537619590759277
71.84135437011719 476.5325622558594 -1.5537619590759277
71.90948486328125 472.53314208984375 -1.5537619590759277
71.97761535644531 468.5337219238281 -1.5537619590759277
72.04574584960938 464.5343017578125 -1.5537619590759277
72.11387634277344 460.5348815917969 -1.5537619590759277
72.1820068359375 456.53546142578125 -1.5537619590759277
72.25013732910156 452.5360412597656 -1.5537619590759277
72.31826782226562 448.53662109375 -1.5537619590759277
72.38639831542969 444.5372009277344 -1.5537619590759277
72.45452880859375 440.53778076171875 -1.5537619590759277
72.52265930175781 436.5383605957031 -1.5537619590759277
72.59078979492188 432.5389404296875 -1.5537619590759277
72.65892028808594 428.5395202636719 -1.5537619590759277
72.72705078125 424.54010009765625 -1.5537619590759277
72.79518127441406 420.5406799316406 -1.5537619590759277
72.86331176757812 416.541259765625 -1.5537619590759277
72.93144226074219 412.5418395996094 -1.5537619590759277
72.99957275390625 408.54241943359375 -1.5537619590759277
73.06770324707031 404.5429992675781 -1.5537619590759277
73.13583374023438 400.5435791015625 -1.5537619590759277
73.20396423339844 396.5441589355469 -1.5537619590759277
73.2720947265625 392.54473876953125 -1.5537619590759277
73.34022521972656 388.5453186035156 -1.5537619590759277
73.34022521972656 388.5453186035156 -1.1537619829177856
73.34022521972656 388.5453186035156 -0.7537620067596436
73.34022521972656 388.5453186035156 -0.3537620007991791
73.34022521972656 388.5453186035156 0.0462380051612854
77.33595275878906 388.7301940917969 0.0462380051612854
81.33168029785156 388.9150695800781 0.0462380051612854
85.32740783691406 389.0999450683594 0.0462380051612854
89.32313537597656 389.2848205566406 0.0462380051612854
93.31886291503906 389.4696960449219 0.0462380051612854
97.31459045410156 389.6545715332031 0.0462380051612854
97.31459045410156 389.6545715332031 0.4462380111217499
100.92289733886719 391.380859375 0.4462380111217499
100.92289733886719 391.380859375 0.8462380170822144
100.92289733886719 391.380859375 1.2462379932403564
100.92289733886719 391.380859375 1.6462379693984985
100.62141418457031 395.3694763183594 1.6462379693984985
100.31993103027344 399.35809326171875 1.6462379693984985
100.01844787597656 403.3467102050781 1.6462379693984985
99.71696472167969 407.3353271484375 1.6462379693984985
99.41548156738281 411.3239440917969 1.6462379693984985
99.11399841308594 415.31256103515625 1.6462379693984985
98.81251525878906 419.3011779785156 1.6462379693984985
98.51103210449219 423.289794921875 1.6462379693984985
98.20954895019531 427.2784118652344 1.6462379693984985
97.90806579589844 431.26702880859375 1.6462379693984985
97.60658264160156 435.2556457519531 1.6462379693984985
97.30509948730469 439.2442626953125 1.6462379693984985
97.00361633300781 443.2328796386719 1.6462379693984985
96.70213317871094 447.22149658203125 1.6462379693984985
96.40065002441406 451.2101135253906 1.6462379693984985
96.09916687011719 455.19873046875 1.6462379693984985
95.79768371582031 459.1873474121094 1.6462379693984985
95.49620056152344 463.17596435546875 1.6462379693984985
95.19471740722656 467.1645812988281 1.6462379693984985
94.89323425292969 471.1531982421875 1.6462379693984985
94.59175109863281 475.1418151855469 1.6462379693984985
94.29026794433594 479.13043212890625 1.6462379693984985
93.98878479003906 483.1190490722656 1.6462379693984985
93.68730163574219 487.107666015625 1.6462379693984985
93.38581848144531 491.0962829589844 1.6462379693984985
93.08433532714844 495.08489990234375 1.6462379693984985
92.78285217285156 499.0735168457031 1.6462379693984985
92.48136901855469 503.0621337890625 1.6462379693984985
92.17988586425781 507.0507507324219 1.6462379693984985
91.87840270996094 511.03936767578125 1.6462379693984985
91.57691955566406 515.0280151367188 1.6462379693984985
91.27543640136719 519.0166625976562 1.6462379693984985
90.97395324707031 523.0053100585938 1.6462379693984985
90.67247009277344 526.9939575195312 1.6462379693984985
90.37098693847656 530.9826049804688 1.6462379693984985
90.06950378417969 534.9712524414062 1.6462379693984985
89.76802062988281 538.9598999023438 1.6462379693984985
89.46653747558594 542.9485473632812 1.6462379693984985
89.16505432128906 546.9371948242188 1.6462379693984985
88.86357116699219 550.9258422851562 1.6462379693984985
88.56208801269531 554.9144897460938 1.6462379693984985
88.26060485839844 558.9031372070312 1.6462379693984985
87.95912170410156 562.8917846679688 1.6462379693984985
87.65763854980469 566.8804321289062 1.6462379693984985
87.35615539550781 570.8690795898438 1.6462379693984985
87.05467224121094 574.8577270507812 1.6462379693984985
86.75318908691406 578.8463745117188 1.6462379693984985
86.75318908691406 578.8463745117188 2.0462379455566406
86.75318908691406 578.8463745117188 2.4462380409240723
86.75318908691406 578.8463745117188 2.846238136291504
86.75318908691406 578.8463745117188 -3.036947011947632
86.75318908691406 578.8463745117188 -2.6369469165802
86.75318908691406 578.8463745117188 -2.2369468212127686
84.28133392333984 575.7015380859375 -2.2369468212127686
84.28133392333984 575.7015380859375 -1.8369468450546265
83.22925567626953 571.8423461914062 -1.8369468450546265
82.17717742919922 567.983154296875 -1.8369468450546265
81.1250991821289 564.1239624023438 -1.8369468450546265
80.0730209350586 560.2647705078125 -1.8369468450546265
79.02094268798828 556.4055786132812 -1.8369468450546265
77.96886444091797 552.54638671875 -1.8369468450546265
76.91678619384766 548.6871948242188 -1.8369468450546265
75.86470794677734 544.8280029296875 -1.8369468450546265
75.86470794677734 544.8280029296875 -1.4369468688964844
76.39850616455078 540.86376953125 -1.4369468688964844
76.93230438232422 536.8995361328125 -1.4369468688964844
77.46610260009766 532.935302734375 -1.4369468688964844
77.9999008178711 528.9710693359375 -1.4369468688964844
78.53369903564453 525.0068359375 -1.4369468688964844
79.06749725341797 521.0426025390625 -1.4369468688964844
79.6012954711914 517.078369140625 -1.4369468688964844
80.13509368896484 513.1141357421875 -1.4369468688964844
80.66889190673828 509.14990234375 -1.4369468688964844
81.20269012451172 505.1856689453125 -1.4369468688964844
81.73648834228516 501.221435546875 -1.4369468688964844
82.2702865600586 497.2572021484375 -1.4369468688964844
82.80408477783203 493.29296875 -1.4369468688964844
83.33788299560547 489.3287353515625 -1.4369468688964844
83.8716812133789 485.364501953125 -1.4369468688964844
84.40547943115234 481.4002685546875 -1.4369468688964844
84.93927764892578 477.43603515625 -1.4369468688964844
85.47307586669922 473.4718017578125 -1.4369468688964844
86.00687408447266 469.507568359375 -1.4369468688964844
86.5406723022461 465.5433349609375 -1.4369468688964844
87.07447052001953 461.5791015625 -1.4369468688964844
87.60826873779297 457.6148681640625 -1.4369468688964844
88.1420669555664 453.650634765625 -1.4369468688964844
88.67586517333984 449.6864013671875 -1.4369468688964844
89.20966339111328 445.72216796875 -1.4369468688964844
89.74346160888672 441.7579345703125 -1.4369468688964844
90.27725982666016 437.793701171875 -1.4369468688964844
90.8110580444336 433.8294677734375 -1.4369468688964844
91.34485626220703 429.865234375 -1.4369468688964844
91.87865447998047 425.9010009765625 -1.4369468688964844
92.4124526977539 421.936767578125 -1.4369468688964844
92.94625091552734 417.9725341796875 -1.4369468688964844
92.94625091552734 417.9725341796875 -1.0369468927383423
94.98165130615234 414.52911376953125 -1.0369468927383423
97.01705169677734 411.085693359375 -1.0369468927383423
99.05245208740234 407.64227294921875 -1.0369468927383423
101.08785247802734 404.1988525390625 -1.0369468927383423
103.12325286865234 400.75543212890625 -1.0369468927383423
103.52059936523438 399.7796936035156 -1.3312113285064697
104.46979522705078 395.8939514160156 -1.3312113285064697
105.41899108886719 392.0082092285156 -1.3312113285064697
106.3681869506836 388.1224670410156 -1.3312113285064697
107.3173828125 384.2367248535156 -1.3312113285064697
108.2665786743164 380.3509826660156 -1.3312113285064697
109.21577453613281 376.4652404785156 -1.3312113285064697
109.21577453613281 376.4652404785156 -0.9312113523483276
109.21577453613281 376.4652404785156 -0.5312113761901855
112.66455078125 374.4389343261719 -0.5312113761901855
116.11332702636719 372.4126281738281 -0.5312113761901855
119.56210327148438 370.3863220214844 -0.5312113761901855
123.01087951660156 368.3600158691406 -0.5312113761901855
126.45965576171875 366.3337097167969 -0.5312113761901855
129.90843200683594 364.3074035644531 -0.5312113761901855
131.31260681152344 363.2547607421875 -0.7553502321243286
132.46983337402344 361.8945007324219 -0.9763941764831543
133.30067443847656 360.3135986328125 -1.19743812084198
134.7492218017578 356.6054382324219 -1.1993329524993896
136.1907501220703 352.89453125 -1.2012277841567993
137.625244140625 349.180908203125 -1.203122615814209
139.0526885986328 345.4645690917969 -1.2050174474716187
140.4730987548828 341.74554443359375 -1.2069122791290283
140.92076110839844 340.0166320800781 -1.427956223487854
141.48374938964844 336.0755920410156 -1.4298510551452637
142.03927612304688 332.13348388671875 -1.4317458868026733
142.5873260498047 328.1903381347656 -1.433640718460083
143.12789916992188 324.24615478515625 -1.4355355501174927
143.66099548339844 320.30096435546875 -1.4374303817749023
144.18661499023438 316.3547668457031 -1.439325213432312
144.7047576904297 312.4075927734375 -1.4412200450897217
145.21542358398438 308.4594421386719 -1.4431148767471313
145.71861267089844 304.51031494140625 -1.445009708404541
146.2143096923828 300.56024169921875 -1.4469045400619507
146.70252990722656 296.6092529296875 -1.4487993717193604
147.18325805664062 292.6573486328125 -1.45069420337677
147.656494140625 288.70452880859375 -1.4525890350341797
148.1222381591797 284.7508239746094 -1.4544838666915894
148.5804901123047 280.7962341308594 -1.456378698348999
149.03125 276.8407897949219 -1.4582735300064087
149.47451782226562 272.8844909667969 -1.4601683616638184
149.91029357910156 268.9273681640625 -1.462063193321228
150.33856201171875 264.96942138671875 -1.4639580249786377
150.75933837890625 261.01068115234375 -1.4658528566360474
151.172607421875 257.0511474609375 -1.467747688293457
151.578369140625 253.09083557128906 -1.4696425199508667
151.97662353515625 249.1297607421875 -1.4715373516082764
152.36737060546875 245.16793823242188 -1.473432183265686
152.7506103515625 241.20538330078125 -1.4753270149230957
153.1263427734375 237.24209594726562 -1.4772218465805054
153.49456787109375 233.27810668945312 -1.479116678237915
153.85528564453125 229.3134307861328 -1.4810115098953247
154.20848083496094 225.34808349609375 -1.4829063415527344
154.16806030273438 223.5626220703125 -1.70395028591156
153.6357879638672 219.6173095703125 -1.7058451175689697
153.2016143798828 217.8849639892578 -1.9268890619277954
152.38084411621094 216.24594116210938 -2.143226385116577
152.18519592285156 216.03932189941406 -2.514606475830078
148.9459991455078 213.69248962402344 -2.514606475830078
145.70680236816406 211.3456573486328 -2.514606475830078
142.4676055908203 208.9988250732422 -2.514606475830078
139.22840881347656 206.65199279785156 -2.514606475830078
135.9892120361328 204.30516052246094 -2.514606475830078
132.76315307617188 201.97250366210938 -2.5165014266967773
129.5326690673828 199.64596557617188 -2.5183963775634766
126.29779052734375 197.3255615234375 -2.520291328430176
123.05851745605469 195.01129150390625 -2.522186279296875
119.81486511230469 192.70315551757812 -2.524081230163574
116.56684112548828 190.4011688232422 -2.5259761810302734
113.31446075439453 188.1053466796875 -2.5278711318969727
110.0577392578125 185.81568908691406 -2.529766082763672
108.49156951904297 184.95742797851562 -2.750810146331787
104.80921173095703 183.44448852539062 -2.7527050971984863
101.12399291992188 181.9385223388672 -2.7546000480651855
97.43592834472656 180.43954467773438 -2.7564949989318848
93.74502563476562 178.9475555419922 -2.758389949798584
90.05130004882812 177.4625701904297 -2.760284900665283
86.35476684570312 175.98458862304688 -2.7621798515319824
82.65544128417969 174.51361083984375 -2.7640748023986816
78.95333862304688 173.04965209960938 -2.765969753265381
75.24846649169922 171.59271240234375 -2.76786470413208
71.54084014892578 170.14279174804688 -2.7697596549987793
67.83047485351562 168.69989013671875 -2.7716546058654785
64.11737823486328 167.26402282714844 -2.7735495567321777
60.40156936645508 165.835205078125 -2.775444507598877
56.68305969238281 164.41342163085938 -2.777339458465576
52.96186447143555 162.99868774414062 -2.7792344093322754
49.23799514770508 161.5910186767578 -2.7811293601989746
45.5114631652832 160.19039916992188 -2.783024311065674
41.782283782958984 158.79684448242188 -2.784919261932373
38.050472259521484 157.4103546142578 -2.7868142127990723
34.3160400390625 156.03094482421875 -2.7887091636657715
30.578998565673828 154.6586151123047 -2.7906041145324707
30.578998565673828 154.6586151123047 -2.7924816608428955
30.578998565673828 154.6586151123047 -2.7943766117095947
30.578998565673828 154.6586151123047 -2.796271562576294
30.578998565673828 154.6586151123047 -2.798166513442993
30.578998565673828 154.6586151123047 -2.8000614643096924
30.578998565673828 154.6586151123047 -2.8019564151763916
30.578998565673828 154.6586151123047 -2.803851366043091
30.578998565673828 154.6586151123047 -2.80574631690979
30.578998565673828 154.6586151123047 -2.8076412677764893
30.578998565673828 154.6586151123047 -2.8095362186431885
