62.473453521728516 452.32879638671875 0.7251746654510498
65.08258819580078 454.5045166015625 0.6649511456489563
67.81793975830078 456.5192565917969 0.6047276258468628
70.66959381103516 458.3656921386719 0.5445041060447693
73.62721252441406 460.03717041015625 0.4842805862426758
76.68006896972656 461.527587890625 0.4240570664405823
79.81710052490234 462.8315734863281 0.36383354663848877
83.02692413330078 463.94439697265625 0.30361002683639526
86.29790496826172 464.86199951171875 0.24338652193546295
89.6181869506836 465.5810546875 0.18316301703453064
92.97572326660156 466.0989685058594 0.12293951213359833
96.35834503173828 466.41387939453125 0.06271600723266602
99.75379180908203 466.5246276855469 0.002492498606443405
103.14974975585938 466.4308166503906 -0.057731010019779205
106.53390502929688 466.1327819824219 -0.11795452237129211
109.89398193359375 465.631591796875 -0.17817802727222443
113.21780395507812 464.9290771484375 -0.23840153217315674
116.49331665039062 464.0278015136719 -0.29862505197525024
119.70864868164062 462.9309997558594 -0.35884857177734375
122.85213470458984 461.6426696777344 -0.41907209157943726
125.91238403320312 460.16748046875 -0.47929561138153076
128.8782958984375 458.5107727050781 -0.5395191311836243
131.7391357421875 456.6785583496094 -0.5997412800788879
132.8188018798828 455.7176208496094 -0.8548126220703125
132.8188018798828 455.7176208496094 -1.2548125982284546
134.0618133544922 451.9156494140625 -1.2548125982284546
135.30482482910156 448.1136779785156 -1.2548125982284546
136.54783630371094 444.31170654296875 -1.2548125982284546
137.7908477783203 440.5097351074219 -1.2548125982284546
139.0338592529297 436.707763671875 -1.2548125982284546
140.27687072753906 432.9057922363281 -1.2548125982284546
141.51988220214844 429.10382080078125 -1.2548125982284546
142.7628936767578 425.3018493652344 -1.2548125982284546
144.0059051513672 421.4998779296875 -1.2548125982284546
145.24891662597656 417.6979064941406 -1.2548125982284546
146.49192810058594 413.89593505859375 -1.2548125982284546
146.49192810058594 413.89593505859375 -1.6548125743865967
146.15626525878906 409.9100341796875 -1.6548125743865967
145.8206024169922 405.92413330078125 -1.6548125743865967
145.4849395751953 401.938232421875 -1.6548125743865967
145.14927673339844 397.95233154296875 -1.6548125743865967
144.81361389160156 393.9664306640625 -1.6548125743865967
144.4779510498047 389.98052978515625 -1.6548125743865967
144.1422882080078 385.99462890625 -1.6548125743865967
143.80662536621094 382.00872802734375 -1.6548125743865967
143.47096252441406 378.0228271484375 -1.6548125743865967
143.1352996826172 374.03692626953125 -1.6548125743865967
142.7996368408203 370.051025390625 -1.6548125743865967
142.46397399902344 366.06512451171875 -1.6548125743865967
142.12831115722656 362.0792236328125 -1.6548125743865967
141.7926483154297 358.09332275390625 -1.6548125743865967
141.4569854736328 354.107421875 -1.6548125743865967
141.12132263183594 350.12152099609375 -1.6548125743865967
140.78565979003906 346.1356201171875 -1.6548125743865967
140.4499969482422 342.14971923828125 -1.6548125743865967
140.1143341064453 338.163818359375 -1.6548125743865967
139.77867126464844 334.17791748046875 -1.6548125743865967
139.44300842285156 330.1920166015625 -1.6548125743865967
139.1073455810547 326.20611572265625 -1.6548125743865967
138.7716827392578 322.22021484375 -1.6548125743865967
138.43601989746094 318.23431396484375 -1.6548125743865967
138.10035705566406 314.2484130859375 -1.6548125743865967
137.7646942138672 310.26251220703125 -1.6548125743865967
137.4290313720703 306.276611328125 -1.6548125743865967
137.09336853027344 302.29071044921875 -1.6548125743865967
136.75770568847656 298.3048095703125 -1.6548125743865967
136.4220428466797 294.31890869140625 -1.6548125743865967
136.0863800048828 290.3330078125 -1.6548125743865967
135.75071716308594 286.34710693359375 -1.6548125743865967
135.41505432128906 282.3612060546875 -1.6548125743865967
135.0793914794922 278.37530517578125 -1.6548125743865967
134.7437286376953 274.389404296875 -1.6548125743865967
134.40806579589844 270.40350341796875 -1.6548125743865967
134.07240295410156 266.4176025390625 -1.6548125743865967
133.7367401123047 262.43170166015625 -1.6548125743865967
133.4010772705078 258.44580078125 -1.6548125743865967
133.06541442871094 254.4599151611328 -1.6548125743865967
132.72975158691406 250.47402954101562 -1.6548125743865967
132.3940887451172 246.48814392089844 -1.6548125743865967
132.0584259033203 242.50225830078125 -1.6548125743865967
131.67153930664062 239.12710571289062 -1.7150360345840454
131.08221435546875 235.78135681152344 -1.7752594947814941
130.29258728027344 232.47714233398438 -1.8354829549789429
129.30552673339844 229.2264404296875 -1.8957064151763916
128.12460327148438 226.04104614257812 -1.9559298753738403
126.75410461425781 222.9324951171875 -2.016153335571289
125.1989974975586 219.91207885742188 -2.0763769149780273
123.46492004394531 216.99072265625 -2.1366004943847656
121.55815124511719 214.17904663085938 -2.196824073791504
119.4856185913086 211.4872283935547 -2.257047653198242
117.25482940673828 208.92501831054688 -2.3172712326049805
114.87387084960938 206.50172424316406 -2.3774948120117188
112.35137939453125 204.2261199951172 -2.437718391418457
109.69649505615234 202.10647583007812 -2.4979419708251953
106.9188461303711 200.15045166015625 -2.5581648349761963
103.58052825927734 197.9468994140625 -2.5581648349761963
100.2422103881836 195.74334716796875 -2.5581648349761963
96.90389251708984 193.539794921875 -2.5581648349761963
93.5655746459961 191.33624267578125 -2.5581648349761963
90.22725677490234 189.1326904296875 -2.5581648349761963
86.8889389038086 186.92913818359375 -2.5581648349761963
83.55062103271484 184.7255859375 -2.5581648349761963
80.2123031616211 182.52203369140625 -2.5581648349761963
76.87398529052734 180.3184814453125 -2.5581648349761963
73.5356674194336 178.11492919921875 -2.5581648349761963
70.19734954833984 175.911376953125 -2.5581648349761963
66.8590316772461 173.70782470703125 -2.5581648349761963
63.520713806152344 171.5042724609375 -2.5581648349761963
60.182395935058594 169.30072021484375 -2.5581648349761963
56.844078063964844 167.09716796875 -2.5581648349761963
53.505760192871094 164.89361572265625 -2.5581648349761963
50.167442321777344 162.6900634765625 -2.5581648349761963
46.829124450683594 160.48651123046875 -2.5581648349761963
46.54518127441406 160.3668212890625 -2.927175521850586
42.63677978515625 159.51571655273438 -2.927175521850586
38.72837829589844 158.66461181640625 -2.927175521850586
34.819976806640625 157.81350708007812 -2.927175521850586
30.911575317382812 156.96240234375 -2.927175521850586
27.571861267089844 156.33981323242188 -2.987399101257324
24.200729370117188 155.9193572998047 -3.0476226806640625
20.810401916503906 155.7025604248047 -3.107846260070801
17.41317367553711 155.69021606445312 3.1151154041290283
17.41317367553711 155.69021606445312 3.05489182472229
17.41317367553711 155.69021606445312 2.9946682453155518
17.41317367553711 155.69021606445312 2.9344446659088135
17.41317367553711 155.69021606445312 2.9344446659088135
17.41317367553711 155.69021606445312 2.874230146408081
17.41317367553711 155.69021606445312 2.6191201210021973
17.41317367553711 155.69021606445312 2.2191200256347656
17.41317367553711 155.69021606445312 1.8191200494766235
17.41317367553711 155.69021606445312 1.4191200733184814
17.41317367553711 155.69021606445312 1.0191200971603394
