-390.0
-390.0
-390.0
-390.0
-390.0
-390.0
-386.00388495992144
-382.0078510730543
-378.01190091305557
-374.01603716351383
-370.0202626238791
-366.0245802157804
-362.028992989761
-358.0335041324636
-354.038116974302
-350.0428349976565
-346.0476618456364
-342.0526013314554
-338.05765744847065
-334.7366727068374
-330.76484358083184
-327.4712338072059
-323.5423351886276
-319.6152000887753
-315.689894321384
-311.76648698326505
-307.84505065943046
-303.9256616436153
-300.68602828671493
-296.83462976710285
-292.98721370089817
-289.14393906248046
-285.30497321643014
-281.4704924651913
-277.64068263904613
-273.81573973214665
-270.6675365625051
-266.94178603199526
-263.22408493829056
-259.514779220301
-255.8142340770644
-252.12283526015838
-248.44099046517897
-244.769130830523
-241.76434111123663
-238.2304633674802
-234.7115480995179
-231.20827826828747
-227.72137594399206
-224.25160462612004
-220.79977193484578
-217.36673248014685
-214.58112750409921
-211.33546077391966
-208.11605844406412
-204.92415837630028
-204.92415837630028
-204.92415837630028
-204.92415837630028
-204.92415837630028
-204.92415837630028
-204.92415837630028
-204.92415837630028
-204.92415837630028
-204.92415837630028
-204.92415837630028
