-390.21533438139414
-390.3067433708795
-390.26247403251125
-390.0882036916272
-389.80634863582975
-389.4532782592037
-389.07459600180675
-385.13470748728975
-381.1960708825893
-377.2587253980755
-373.3227118851594
-369.3880729223016
-365.45485290643796
-361.5230981502198
-357.59285698550167
-353.6641798735435
-349.7371195224371
-345.811731012309
-341.8880719288994
-337.9662025061733
-334.04618577867325
-330.1280877443916
-326.211977539008
-322.2979276224166
-318.3860139785531
-314.47631632962606
-310.5689183659616
-306.66390799278673
-302.7613775954028
-298.8614243243454
-294.9641504022812
-291.0696634545678
-287.1780768655989
-283.2895101632692
-279.4040894341364
-275.5219477721248
-271.64322576391396
-267.76807201448923
-263.89664371670466
-260.02910726912614
-256.1656389468907
-252.30642563084177
-248.4516656007903
-244.60156939941137
-244.26190881956384
-241.06401468926265
-237.89039136349842
-234.7420232406144
-231.61994019116997
-228.52521952789027
-225.45898800763086
-222.422423855206
-219.41675879674756
-216.44328008778783
-216.44328008778783
-216.44328008778783
-216.44328008778783
-216.44328008778783
-216.44328008778783
-216.44328008778783
-216.44328008778783
-216.44328008778783
-216.44328008778783
-216.44328008778783
