-392.83861260070745
-395.6972973447963
-398.57562242630917
-401.47316538979356
-404.3895131339564
-407.324261745324
-410.2770163548833
-413.2473909909103
-416.23500842860443
-419.2395000371072
-422.2605056244355
-425.29767328082255
-428.3506592209188
-431.41912762526795
-434.50275048143925
-437.6012074251642
-440.7141855817944
-443.8413794083695
-446.9824905365546
-450.1372276166848
-453.3053061631269
-456.4864484011485
-459.6803831154639
-462.8868455006061
-466.1055758558366
-469.33632403122084
-472.57884245426635
-475.8328905033011
-479.0982332497959
-479.0982332497959
-481.2263160112941
-483.3781307706935
-485.55336201058174
-485.55336201058174
-486.2792120408789
-487.03683305726634
-487.8260770334437
-488.6467907407778
-489.4988158889846
-490.3819892698028
-491.2961429033758
-491.2961429033758
-490.6531647491835
-490.04199434510207
-489.46275084192195
-488.915547716002
-488.4004926613155
-487.91768748619245
-487.4672280149841
-487.04920399486514
-486.6636990079819
-486.310790389142
-485.99054914923306
-485.7030399045437
-485.44832081215094
-485.2264435115216
-485.2264435115216
-483.4950126670044
-481.7905698038343
-480.1134023508921
-478.4637971351706
-476.84204020626316
-475.2484166561179
-473.68321043418075
-472.14670415806927
-470.6391789199367
-469.16091408870227
-467.7121871083444
-466.29327329246877
-464.90444561538527
-463.54597449994344
-462.2181276023967
-460.9211695945831
-459.6553619437297
-458.42096269020425
-457.2182262235571
-456.04740305721265
-454.908739602186
-453.80247794021676
-452.728855596727
-451.6881053140242
-450.6804548251829
-450.6804548251829
-450.6804548251829
-450.6804548251829
-453.93925930811537
-457.2098316025602
-460.49192097142907
-463.7852829046504
-463.7852829046504
-467.70537638492846
-471.6268118214079
-475.54955601632184
-479.47357684741405
-483.39884322515957
-487.3253250519911
-491.25299318342303
-495.1818193909716
-499.11177632677675
-503.0428374898356
-506.97497719376344
-510.9081705360033
-514.8423933684091
-518.7776222691326
-522.7138345157463
-526.6510080595423
-530.5891215009467
-534.5281540659928
-538.4680855838034
-542.40889646503
-546.3505676812043
-550.2930807449553
-554.2364176910525
-558.1805361971936
-562.12546903166
-566.0711748073542
-570.0176374732009
-573.9648414165435
-577.9127714483766
-581.8614127891677
-581.8614127891677
-585.2545650785052
-588.6553392185691
-592.0636038711563
-595.4792304189531
-598.9020929040656
-602.3320679678826
-605.7690347922515
-609.2128750419516
-612.663472808441
-616.1207145548611
-619.5844890622749
-623.054687377121
-626.5312027598612
-630.0139306347986
-633.5027685410489
-636.9976160846389
-640.4983748917141
-644.004948562831
-647.5172426283156
-647.5172426283156
-650.0190186016777
-652.5357228342626
-655.0671832673452
-657.6132294904261
-660.1736927475046
-662.7484059422244
-665.3372036419404
-667.9399220807427
-670.5563991614835
-670.5563991614835
-671.8074606792978
-673.0799685691132
-674.3738221567565
-674.3738221567565
-674.1146369917752
-673.8790954871668
-673.6672224432921
-673.4790401980799
-673.3145686152965
-673.1738250740945
-673.1738250740945
-671.5080838061943
-669.8620859023727
-668.2359772581237
-666.6299034209256
-665.0440095422986
-663.4784403290226
-661.9333191915259
-660.4088108499548
-658.905058379775
-658.905058379775
-656.0907025781759
-653.2887140739654
-650.4992526814517
-650.4992526814517
-646.8188930298411
-643.1423504726235
-639.4696908473713
-635.8009814425378
-632.1362910354349
-628.4756899313271
-624.8192500036783
-621.1670447355854
-621.1670447355854
-617.1679616267517
-613.1688905523652
-609.1698317494368
-605.1707854612413
-601.171751937526
-597.1727314347271
-593.1737242161953
-589.1747305524306
-585.1757507213257
-581.1767850084216
-577.1778337071712
-573.1788971192159
-569.1799755546732
-565.1810693324361
-561.182178780486
-557.1833042362186
-553.1844460467845
-549.1856045694433
-545.1867801719351
-541.1879732328674
-537.1891841421191
-533.1904133012636
-529.1916611240098
-525.1929280366646
-521.194214478616
-517.1955209028379
-513.1968477764199
-509.1981955811213
-509.1981955811213
-505.47663767958227
-501.75936483065186
-498.04647298146836
-494.33806084694663
-490.63423000558805
-486.93508499906926
-483.2407334357722
-479.55128609842455
-475.86685705602656
-472.1875637802486
-468.5135272664916
-464.8448721598105
-461.1817268859092
-457.5242237874251
-453.87249926573
-450.2266939284832
-446.58695274318285
-442.9534251969718
-439.3262654629638
-435.7056325733666
-435.7056325733666
-431.7090187815464
-427.71246840396583
-423.71598323502184
-419.7195651374248
-415.7232160454797
-411.7269379685571
-407.7307329947688
-403.7346032948609
-399.73855112634044
-395.7425788378513
-391.7466888738179
-387.75088377937544
-383.7551662056075
-383.7551662056075
-380.1513131597141
-376.55545979740407
-372.96783749813
-369.3886860902028
-365.81825421031
-362.2567996796324
-358.7045898973101
-355.1619022520339
-351.6290245525629
-348.1062554779908
-344.59390504860545
-341.0922951182042
-337.6017598887463
-334.1226464482332
-330.65531533272093
-327.20014111336957
-327.20014111336957
-323.2348940646125
-319.27051418355796
-315.30703417910865
-311.34448841811474
-307.3829130312377
-303.422346026988
-299.46282741467746
-295.5043993371071
-291.54710621389455
-291.54710621389455
-287.6759236362325
-283.80831344989485
-283.80831344989485
-280.65852091634
-277.53063221641446
-274.4253963279619
-271.3435909633695
-268.28602356413376
-265.25352123205175
-262.2469651528454
-259.26725797423876
-256.31533606635946
-253.39217049441106
-250.49876796633978
-247.63617174630843
-244.8054625236287
-242.0077592255586
-239.24421976104605
-236.51604168109824
-233.82446273999196
-231.1707613400197
-228.55625684091515
-225.98230971353482
-223.45032151582404
-220.96173466759777
-220.96173466759777
-220.96173466759777
-220.96173466759777
-220.96173466759777
-224.19408501854812
-227.4508459323211
-230.73098374814623
-234.03351553886577
-237.35750655416
-240.7020677679568
-244.06635353109692
-247.44955932916324
-250.85091964444166
-254.26970592023255
-257.7052246251429
-261.1568154145388
-264.62384938600303
-268.10572742540006
-271.60187863999425
-275.1117588749703
-278.6348493096651
-282.1706551298241
-285.7187042722315
-289.2785462381301
-292.8497509719335
-296.4319078018344
-300.0246244390308
-303.6275260324104
-307.2402542756677
-310.86246656395537
-314.4938351973055
-318.13404662819096
-321.7828007507244
-325.4398102291223
-329.1047998631869
-332.7775059886768
-336.4576759105574
-340.14506736723075
-343.8394480239528
-347.54059499374966
-351.24829438423876
-354.9623408688569
-358.6825372810818
-362.4086942303193
-366.1406297382058
-369.87816889414967
-373.62114352900676
-377.3693919058494
-381.12275842685233
-384.8810933553758
-388.6442525523831
-392.41209722638
-396.18449369611335
-399.9613131653108
-403.7424315087879
-407.52772906928817
-411.3170904644595
-415.11040440340685
-418.90756351229317
-422.70846416849315
-426.51300634283234
-430.3210934494729
-434.1326322030325
-437.94753248254665
-441.7657072019097
-445.587072186447
-449.41154605529533
-453.2390501092841
-457.06950822402905
-460.9028467479668
-464.7389944050727
-468.5778822020208
-468.5778822020208
-471.68590601668615
-471.68590601668615
-473.59058770598875
-475.52128816913597
-477.4776917823218
-479.4594839054935
-481.46635102931066
-483.49798091558296
-485.5540627312476
-485.5540627312476
-486.14182800895975
-486.76175479798343
-487.4137203825695
-488.0975963773942
-488.8132488493412
-489.56053844336026
-490.3393205121368
-491.1494452493066
-491.99075782594304
-492.86309752301497
-493.76630101422535
-494.7001992500252
-495.66461873146955
-496.6593816589654
-497.68430608265425
-498.7392060541608
-499.8238917794453
-500.938169772499
-502.08184300962904
-503.2547110840841
-504.45657036077796
-504.45657036077796
-504.45657036077796
-502.58278122041537
-500.73393397937565
-500.73393397937565
-497.6653532592131
-494.6100837611693
-491.5683736870206
-488.54047630450395
-485.5266500086779
-482.52715852839845
-482.52715852839845
-478.73914199086397
-474.9546009969846
-471.1736192951159
-467.39628326347497
-463.62268201066263
-459.85290748064995
-456.087054562451
-452.32522120471555
-448.56747802695844
-444.8139599752259
-441.06477491863126
-437.32003429869167
-433.57985327249673
-429.84435086249044
-426.1136501132024
-422.3878782552864
-418.6671668772386
-414.95165210519343
-411.2414747912112
-407.53678071049774
-403.8377207680174
-400.14445121498693
-400.14445121498693
-396.14447683804553
-392.1445030937086
-388.1445300015339
-384.1445575818936
-380.1445858560175
-376.1446148460383
-372.1446445750403
-368.144675067111
-364.14470634739644
-360.1447384421596
-356.1447713788435
-352.14480518613783
-348.1448398940509
-344.14487553398624
-340.1449121388244
-336.144949743011
-332.144988382651
-328.1450280956097
-324.14506892162143
-320.14511090240643
-316.14515408179614
-312.1451985058689
-308.1452442230954
-304.14529128449624
-300.1453397438117
-296.1453896576855
-292.1454410858635
-288.1454940914091
-284.1455487409365
-280.14560510486456
-276.14566325769204
-272.14572327829757
-268.1457852502663
-264.1458492622462
-260.14591540833726
-256.14598378851736
-252.14605450910824
-248.14612768328684
-244.146203431647
-240.1462818828169
-236.1463631741397
-232.14644745242424
-228.1465348747747
-224.14662560950933
-220.14671983717915
-216.1468177516997
-212.14691956161104
-208.14702549148276
-204.14713578348446
-200.1472506991441
-196.14737052132202
-192.14749555643098
-188.14762613693986
-184.1477626242031
-180.14790541166767
-176.14805492851633
-172.14821164381925
-168.14837607127794
-164.14854877466257
-160.14873037406443
-156.1489215531088
-152.14912306730596
-148.14933575375437
-144.14956054245957
-140.14979846959082
-136.15005069307455
-132.15031851101895
-128.15060338358884
-124.15090695910827
-120.15123110537641
-116.15157794745245
-112.15194991352497
-108.1523497909576
-104.15278079524626
-100.15324665549656
-96.15375172123024
-92.15430109699915
-88.1549008136355
-84.15555804832256
-80.15628141053205
-76.15708131803214
-72.15797049789758
-68.15896466384076
-64.16009106715521
-60.16136693823188
-56.162824202843346
-52.16450457384187
-48.166463611741605
-44.16877698918165
-40.17155049299035
-36.17493665141184
-32.17916373817726
-28.184589414698962
-24.191807425115538
-20.201880529905274
-16.216916224339084
-12.241761766260385
-12.241761766260385
-9.015771228816519
-6.686370093582853
-6.334904936653498
-8.219156791282845
-11.268455903011796
-14.7784201047246
-18.488519286857763
-22.29908142333381
-22.29908142333381
-26.274855697072166
-30.25701600871655
-34.24333453204817
-38.23251061947234
-42.22373567077491
-46.21647785804745
-50.210375253445655
-54.20517250651253
-58.200684323384486
-62.19677299378353
-62.19677299378353
-62.19677299378353
-62.19677299378353
-62.19677299378353
-62.19677299378353
-62.19677299378353
-62.19677299378353
-62.19677299378353
-62.19677299378353
-62.19677299378353
