62.66511535644531 452.5907287597656 0.7570915818214417
65.4024887084961 455.10498046875 0.72878497838974
68.20992279052734 457.5407409667969 0.7004783749580383
71.08517456054688 459.8960876464844 0.6721717715263367
74.02593231201172 462.1690979003906 0.643865168094635
77.02984619140625 464.35797119140625 0.6155585646629333
80.09451293945312 466.4609375 0.5872519612312317
83.21746826171875 468.4763488769531 0.55894535779953
86.3962173461914 470.4025573730469 0.5306387543678284
89.62820434570312 472.2380065917969 0.5023321509361267
92.91085052490234 473.98126220703125 0.47402554750442505
96.24151611328125 475.63092041015625 0.4457189440727234
99.61753845214844 477.1856384277344 0.41741234064102173
103.03620910644531 478.6441955566406 0.38910573720932007
106.49479675292969 480.0054016113281 0.3607991337776184
110.02252960205078 481.2870178222656 0.3361411988735199
110.02252960205078 481.2870178222656 -0.06385880708694458
113.72803497314453 480.9973449707031 -0.09216539561748505
117.42385864257812 480.6029357910156 -0.12047198414802551
121.10704040527344 480.10406494140625 -0.14877857267856598
124.77462768554688 479.50115966796875 -0.17708516120910645
128.42367553710938 478.794677734375 -0.2053917497396469
132.05126953125 477.9851989746094 -0.23369833827018738
135.65452575683594 477.0733947753906 -0.2620025873184204
135.65452575683594 477.0733947753906 -0.6620025634765625
138.4748077392578 474.7901306152344 -0.6991139650344849
141.20843505859375 472.40380859375 -0.7362253665924072
143.8516387939453 469.9176940917969 -0.7733367681503296
146.40078735351562 467.3352355957031 -0.810448169708252
148.85235595703125 464.65997314453125 -0.8475595712661743
151.20297241210938 461.89556884765625 -0.8846709728240967
153.4494171142578 459.0458679199219 -0.921782374382019
153.4494171142578 459.0458679199219 -1.3217823505401611
154.43521118164062 455.16925048828125 -1.3217823505401611
155.42100524902344 451.2926330566406 -1.3217823505401611
155.42100524902344 451.2926330566406 -1.7217823266983032
154.81935119628906 447.338134765625 -1.7217823266983032
154.2176971435547 443.3836364746094 -1.7217823266983032
153.6160430908203 439.42913818359375 -1.7217823266983032
153.01438903808594 435.4746398925781 -1.7217823266983032
152.41273498535156 431.5201416015625 -1.7217823266983032
151.8110809326172 427.5656433105469 -1.7217823266983032
151.2094268798828 423.61114501953125 -1.7217823266983032
150.60777282714844 419.6566467285156 -1.7217823266983032
150.00611877441406 415.7021484375 -1.7217823266983032
149.4044647216797 411.7476501464844 -1.7217823266983032
148.8028106689453 407.79315185546875 -1.7217823266983032
148.20115661621094 403.8386535644531 -1.7217823266983032
147.59950256347656 399.8841552734375 -1.7217823266983032
146.9978485107422 395.9296569824219 -1.7217823266983032
146.3961944580078 391.97515869140625 -1.7217823266983032
145.79454040527344 388.0206604003906 -1.7217823266983032
145.19288635253906 384.066162109375 -1.7217823266983032
144.5912322998047 380.1116638183594 -1.7217823266983032
143.9895782470703 376.15716552734375 -1.7217823266983032
143.38792419433594 372.2026672363281 -1.7217823266983032
142.78627014160156 368.2481689453125 -1.7217823266983032
142.1846160888672 364.2936706542969 -1.7217823266983032
141.5829620361328 360.33917236328125 -1.7217823266983032
140.98130798339844 356.3846740722656 -1.7217823266983032
140.37965393066406 352.43017578125 -1.7217823266983032
139.7779998779297 348.4756774902344 -1.7217823266983032
139.1763458251953 344.52117919921875 -1.7217823266983032
138.57469177246094 340.5666809082031 -1.7217823266983032
137.97303771972656 336.6121826171875 -1.7217823266983032
137.3713836669922 332.6576843261719 -1.7217823266983032
136.7697296142578 328.70318603515625 -1.7217823266983032
136.16807556152344 324.7486877441406 -1.7217823266983032
135.56642150878906 320.794189453125 -1.7217823266983032
134.9647674560547 316.8396911621094 -1.7217823266983032
134.3631134033203 312.88519287109375 -1.7217823266983032
133.76145935058594 308.9306945800781 -1.7217823266983032
133.15980529785156 304.9761962890625 -1.7217823266983032
132.5581512451172 301.0216979980469 -1.7217823266983032
131.9564971923828 297.06719970703125 -1.7217823266983032
131.35484313964844 293.1127014160156 -1.7217823266983032
130.75318908691406 289.158203125 -1.7217823266983032
130.1515350341797 285.2037048339844 -1.7217823266983032
129.5498809814453 281.24920654296875 -1.7217823266983032
128.94822692871094 277.2947082519531 -1.7217823266983032
128.34657287597656 273.3402099609375 -1.7217823266983032
127.74491882324219 269.3857116699219 -1.7217823266983032
127.14326477050781 265.43121337890625 -1.7217823266983032
126.54161071777344 261.4767150878906 -1.7217823266983032
125.93995666503906 257.522216796875 -1.7217823266983032
125.33830261230469 253.56771850585938 -1.7217823266983032
124.73664855957031 249.61322021484375 -1.7217823266983032
124.13499450683594 245.65872192382812 -1.7217823266983032
123.53334045410156 241.7042236328125 -1.7217823266983032
122.93168640136719 237.74972534179688 -1.7217823266983032
122.33003234863281 233.79522705078125 -1.7217823266983032
121.72837829589844 229.84072875976562 -1.7217823266983032
121.12672424316406 225.88623046875 -1.7217823266983032
120.52507019042969 221.93173217773438 -1.7217823266983032
119.92341613769531 217.97723388671875 -1.7217823266983032
119.32176208496094 214.02273559570312 -1.7217823266983032
118.72010803222656 210.0682373046875 -1.7217823266983032
118.11845397949219 206.11373901367188 -1.7217823266983032
117.51679992675781 202.15924072265625 -1.7217823266983032
116.91514587402344 198.20474243164062 -1.7217823266983032
116.31349182128906 194.250244140625 -1.7217823266983032
115.71183776855469 190.29574584960938 -1.7217823266983032
115.11018371582031 186.34124755859375 -1.7217823266983032
114.50852966308594 182.38674926757812 -1.7217823266983032
113.90687561035156 178.4322509765625 -1.7217823266983032
113.30522155761719 174.47775268554688 -1.7217823266983032
112.70356750488281 170.52325439453125 -1.7217823266983032
112.10191345214844 166.56875610351562 -1.7217823266983032
111.50025939941406 162.6142578125 -1.7217823266983032
111.50025939941406 162.6142578125 -1.7217823266983032
111.50025939941406 162.6142578125 -1.7217823266983032
111.50025939941406 162.6142578125 -1.7217823266983032
111.50025939941406 162.6142578125 -1.7217823266983032
111.50025939941406 162.6142578125 -1.7217823266983032
111.50025939941406 162.6142578125 -1.7217823266983032
111.50025939941406 162.6142578125 -1.7217823266983032
111.50025939941406 162.6142578125 -1.7217823266983032
111.50025939941406 162.6142578125 -1.7217823266983032
111.50025939941406 162.6142578125 -1.7217823266983032
