-390.0
-390.0
-390.0
-390.0
-390.0
-390.0
-390.0
-390.0
-387.02042240308003
-384.05938952477175
-381.1173336063914
-378.1946975254596
-375.29193498598613
-372.40951070387644
-369.5479005865126
-366.70759190548625
-363.8890834613833
-363.8890834613833
-360.19695636366976
-356.5114720801312
-352.83283877161716
-349.16127281739364
-345.49699967624855
-341.8402538688501
-338.19127956668694
-334.55033106363686
-330.9176732733203
-330.9176732733203
-326.92006929811316
-322.9225247970717
-318.9250420066207
-314.9276232767004
-310.9302710780586
-306.93298801011247
-302.9357768094317
-298.9386403589019
-294.9415816976324
-290.9446040316791
-286.9477107456637
-282.9509054153755
-278.9541918214558
-274.95757396427456
-270.96105608012124
-266.96464265884885
-262.96833846312416
-258.9721485494584
-254.97607829121222
-254.97607829121222
-254.97607829121222
-254.97607829121222
-254.97607829121222
-254.97607829121222
-256.50325958916966
-258.0834049768215
-259.7155477333801
-261.39871386433356
-263.1319242335759
-264.9141965944056
-266.74454751524536
-268.62199419709674
-270.5455561808319
-270.5455561808319
-273.71010302652206
-276.8962674395038
-280.10331172375544
-283.3305268566161
-286.5772313925623
-289.84277039448637
-289.84277039448637
-289.84277039448637
-289.84277039448637
-289.84277039448637
-289.84277039448637
-289.84277039448637
-289.84277039448637
-289.84277039448637
-286.4472212826815
-283.06746497013995
-279.7040739462096
-276.35764572927104
-273.0288040434145
-269.71820004434727
-266.42651359498956
-263.15445459089824
-259.9027643352768
-256.67221696287487
-253.4636209115405
-250.27782043955565
-247.11569718614226
-243.9781717716673
-240.86620543307973
-237.78080168897003
-234.7230080273371
-231.6939176076635
-228.6946709672211
-225.72645771964264
-222.79051823168564
-219.8881452617713
-217.02068554129573
-214.189541276878
-211.39617154863103
-208.64209357622542
-208.64209357622542
-208.64209357622542
-208.64209357622542
-208.64209357622542
-208.64209357622542
-208.64209357622542
-208.64209357622542
-208.64209357622542
-208.64209357622542
-208.64209357622542
