-392.83861260070745
-395.6972973447963
-398.57562242630917
-401.47316538979356
-404.3895131339564
-407.324261745324
-410.2770163548833
-413.2473909909103
-416.23500842860443
-419.2395000371072
-422.2605056244355
-425.29767328082255
-428.3506592209188
-431.41912762526795
-434.50275048143925
-437.6012074251642
-440.7141855817944
-440.7141855817944
-442.62733338281953
-444.5682391063321
-446.53654079658696
-448.53187778687146
-448.53187778687146
-448.53187778687146
-447.46657442959867
-446.43456856807535
-445.4360927151668
-444.47137283984097
-443.5406292042458
-443.5406292042458
-441.19439561007096
-438.87207676905473
-436.57405431889794
-434.3007139394394
-432.05244524152766
-432.05244524152766
-432.05244524152766
-428.1160532434371
-424.1808512015987
-420.24687254435264
-416.3141519529778
-412.38272542041085
-408.4526303132666
-404.5239054373762
-400.59659110707577
-396.6707292184958
-392.7463633271198
-388.8235387299024
-384.90230255225936
-380.9827038402653
-377.0647936584225
-373.14862519339306
-369.2342538641169
-365.3217374387734
-361.41113615908165
-357.50251287247414
-353.59593317272476
-349.69146554965806
-345.78918154862293
-341.88915594046927
-337.9914669028313
-334.09619621359064
-330.2034294574688
-326.3132562467824
-322.4257704574871
-318.5410704817374
-314.6592594983014
-310.7804457622918
-306.9047429158099
-303.03227032124994
-299.16315341917357
-295.29752411284807
-291.43552118174154
-287.5772907264928
-283.7229866481166
-279.8727711644813
-276.0268153673952
-272.1852998239751
-268.34841522634247
-264.51636309410605
-260.68935653454974
-256.86762106595575
-253.05139551006314
-249.2409329602956
-245.43650183309714
-241.63838701050463
-237.84689108296138
-234.06233570235716
-230.28506305637143
-226.51543747641608
-222.75384719283423
-219.00070625252806
-215.25645661588132
-211.5215564777032
-207.79652478904245
-204.08190192612292
-200.3782667678602
-196.68624001624363
-193.00648784507382
-189.33972591239652
-185.68672377582575
-182.0483097541577
-178.42537628324976
-174.81888581906804
-171.2298773460666
-167.65947355459886
-164.10888875679169
-160.57943761609204
-157.0725447713232
-157.0725447713232
-153.09640291783833
-149.12153740276025
-145.14805308334147
-141.17606658334893
-137.2057079845725
-133.23712281751423
-129.2704744145813
-125.30594670482492
-121.3437433451877
-121.3437433451877
-121.3437433451877
-121.3437433451877
-121.3437433451877
-121.3437433451877
-121.3437433451877
-121.3437433451877
-121.3437433451877
-121.3437433451877
-121.3437433451877
