62.239463806152344 452.031005859375 0.6878452301025391
64.66609954833984 453.834228515625 0.5902922749519348
67.25682830810547 455.39251708984375 0.49273931980133057
69.98701477050781 456.6910705566406 0.3951863646507263
72.83069610595703 457.717529296875 0.29763340950012207
75.76083374023438 458.462158203125 0.20008046925067902
78.74956512451172 458.9178466796875 0.10252752900123596
81.76847076416016 459.08026123046875 0.004974588751792908
84.7888412475586 458.9478759765625 -0.09257835149765015
87.7819595336914 458.5219421386719 -0.1901312917470932
90.7193603515625 457.8065185546875 -0.28768423199653625
93.57311248779297 456.8083801269531 -0.3852371573448181
96.31608581542969 455.53704833984375 -0.48279011249542236
98.92218780517578 454.0046081542969 -0.5803430676460266
101.36663818359375 452.2256164550781 -0.6778960227966309
103.6261978149414 450.2170104980469 -0.7754489779472351
105.67938232421875 447.99786376953125 -0.8730019330978394
108.24949645996094 444.9328308105469 -0.8730019330978394
110.07679748535156 442.52423095703125 -0.9705520272254944
112.33617401123047 439.22344970703125 -0.9705520272254944
114.59555053710938 435.92266845703125 -0.9705520272254944
116.85492706298828 432.62188720703125 -0.9705520272254944
119.11430358886719 429.32110595703125 -0.9705520272254944
121.3736801147461 426.02032470703125 -0.9705520272254944
123.633056640625 422.71954345703125 -0.9705520272254944
125.8924331665039 419.41876220703125 -0.9705520272254944
127.4764404296875 416.8436584472656 -1.0681049823760986
129.40357971191406 413.3385009765625 -1.0681049823760986
131.33071899414062 409.8333435058594 -1.0681049823760986
133.2578582763672 406.32818603515625 -1.0681049823760986
134.58352661132812 403.6110534667969 -1.165657877922058
136.1601104736328 399.93487548828125 -1.165657877922058
137.21482849121094 397.1015625 -1.2632107734680176
138.4258575439453 393.289306640625 -1.2632107734680176
139.6368865966797 389.47705078125 -1.2632107734680176
140.84791564941406 385.664794921875 -1.2632107734680176
142.05894470214844 381.8525390625 -1.2632107734680176
143.2699737548828 378.040283203125 -1.2632107734680176
144.04371643066406 375.1177062988281 -1.360763669013977
144.877685546875 371.2055969238281 -1.360763669013977
145.71165466308594 367.2934875488281 -1.360763669013977
146.54562377929688 363.3813781738281 -1.360763669013977
147.3795928955078 359.4692687988281 -1.360763669013977
148.21356201171875 355.5571594238281 -1.360763669013977
149.0475311279297 351.6450500488281 -1.360763669013977
149.0475311279297 351.6450500488281 -1.7607636451721191
148.29222106933594 347.7170104980469 -1.7607636451721191
147.5369110107422 343.7889709472656 -1.7607636451721191
146.78160095214844 339.8609313964844 -1.7607636451721191
146.0262908935547 335.9328918457031 -1.7607636451721191
145.27098083496094 332.0048522949219 -1.7607636451721191
144.5156707763672 328.0768127441406 -1.7607636451721191
143.76036071777344 324.1487731933594 -1.7607636451721191
143.0050506591797 320.2207336425781 -1.7607636451721191
142.24974060058594 316.2926940917969 -1.7607636451721191
141.4944305419922 312.3646545410156 -1.7607636451721191
140.73912048339844 308.4366149902344 -1.7607636451721191
139.9838104248047 304.5085754394531 -1.7607636451721191
139.22850036621094 300.5805358886719 -1.7607636451721191
138.4731903076172 296.6524963378906 -1.7607636451721191
137.71788024902344 292.7244567871094 -1.7607636451721191
136.9625701904297 288.7964172363281 -1.7607636451721191
136.20726013183594 284.8683776855469 -1.7607636451721191
135.4519500732422 280.9403381347656 -1.7607636451721191
134.69664001464844 277.0122985839844 -1.7607636451721191
133.9413299560547 273.0842590332031 -1.7607636451721191
133.18601989746094 269.1562194824219 -1.7607636451721191
132.4307098388672 265.2281799316406 -1.7607636451721191
131.67539978027344 261.3001403808594 -1.7607636451721191
130.9200897216797 257.3721008300781 -1.7607636451721191
130.16477966308594 253.44406127929688 -1.7607636451721191
129.4094696044922 249.51602172851562 -1.7607636451721191
128.65415954589844 245.58798217773438 -1.7607636451721191
127.93920135498047 242.6503448486328 -1.8583052158355713
126.94157409667969 239.79641723632812 -1.9558581113815308
125.67072296142578 237.05322265625 -2.0534110069274902
124.13873291015625 234.4468536376953 -2.1509640216827393
122.36016845703125 232.00209045410156 -2.2485170364379883
120.35194396972656 229.74217224121094 -2.3460700511932373
117.55229949951172 226.88525390625 -2.3460700511932373
114.75265502929688 224.02833557128906 -2.3460700511932373
111.95301055908203 221.17141723632812 -2.3460700511932373
109.15336608886719 218.3144989013672 -2.3460700511932373
106.35372161865234 215.45758056640625 -2.3460700511932373
103.5540771484375 212.6006622314453 -2.3460700511932373
100.75443267822266 209.74374389648438 -2.3460700511932373
97.95478820800781 206.88682556152344 -2.3460700511932373
95.73571014404297 204.83290100097656 -2.443577289581299
92.67123413085938 202.26210021972656 -2.443577289581299
89.60675811767578 199.69129943847656 -2.443577289581299
86.54228210449219 197.12049865722656 -2.443577289581299
83.4778060913086 194.54969787597656 -2.443577289581299
80.413330078125 191.97889709472656 -2.443577289581299
77.3488540649414 189.40809631347656 -2.443577289581299
74.28437805175781 186.83729553222656 -2.443577289581299
71.21990203857422 184.26649475097656 -2.443577289581299
68.22101593017578 181.77674865722656 -2.4538042545318604
65.13040924072266 179.2374267578125 -2.4538042545318604
62.03980255126953 176.69810485839844 -2.4538042545318604
58.949195861816406 174.15878295898438 -2.4538042545318604
55.85858917236328 171.6194610595703 -2.4538042545318604
53.43183135986328 169.8163604736328 -2.55135440826416
50.10860061645508 167.59011840820312 -2.55135440826416
46.785369873046875 165.36387634277344 -2.55135440826416
43.46213912963867 163.13763427734375 -2.55135440826416
40.13890838623047 160.91139221191406 -2.55135440826416
36.815677642822266 158.68515014648438 -2.55135440826416
33.49244689941406 156.4589080810547 -2.55135440826416
33.49244689941406 156.4589080810547 -2.55135440826416
33.49244689941406 156.4589080810547 -2.55135440826416
33.49244689941406 156.4589080810547 -2.55135440826416
33.49244689941406 156.4589080810547 -2.55135440826416
33.49244689941406 156.4589080810547 -2.55135440826416
33.49244689941406 156.4589080810547 -2.55135440826416
33.49244689941406 156.4589080810547 -2.55135440826416
33.49244689941406 156.4589080810547 -2.55135440826416
33.49244689941406 156.4589080810547 -2.55135440826416
33.49244689941406 156.4589080810547 -2.55135440826416
