62.320823669433594 452.1319885253906 0.7006376385688782
64.81381225585938 454.0598449707031 0.615877091884613
67.4610595703125 455.7697448730469 0.5311165452003479
70.24356079101562 457.2493896484375 0.44635602831840515
73.1413345336914 458.4881591796875 0.3615955114364624
76.13358306884766 459.4771423339844 0.27683499455451965
79.19881439208984 460.2092590332031 0.1920744776725769
82.31502532958984 460.67926025390625 0.10731395334005356
85.4598388671875 460.8837585449219 0.022553429007530212
88.61067199707031 460.8212890625 -0.062207095324993134
91.74490356445312 460.4922790527344 -0.14696761965751648
94.84002685546875 459.89910888671875 -0.23172813653945923
97.87382507324219 459.0460510253906 -0.316488653421402
100.82450866699219 457.939208984375 -0.4012491703033447
103.6708984375 456.5865478515625 -0.4860096871852875
106.3925552368164 454.9977722167969 -0.5707702040672302
108.96993255615234 453.18426513671875 -0.6555307507514954
111.38452911376953 451.1590881347656 -0.7402912974357605
113.61901092529297 448.936767578125 -0.8250518441200256
115.6573257446289 446.5332336425781 -0.9098123908042908
117.48484802246094 443.9657897949219 -0.9945729374885559
119.66429138183594 440.6116943359375 -0.9945729374885559
121.84373474121094 437.2575988769531 -0.9945729374885559
124.02317810058594 433.90350341796875 -0.9945729374885559
126.20262145996094 430.5494079589844 -0.9945729374885559
128.38206481933594 427.1953125 -0.9945729374885559
128.38206481933594 427.1953125 -1.3945729732513428
129.08331298828125 423.25726318359375 -1.3945729732513428
129.78456115722656 419.3192138671875 -1.3945729732513428
130.48580932617188 415.38116455078125 -1.3945729732513428
131.1870574951172 411.443115234375 -1.3945729732513428
131.8883056640625 407.50506591796875 -1.3945729732513428
132.5895538330078 403.5670166015625 -1.3945729732513428
133.29080200195312 399.62896728515625 -1.3945729732513428
133.99205017089844 395.69091796875 -1.3945729732513428
134.69329833984375 391.75286865234375 -1.3945729732513428
135.39454650878906 387.8148193359375 -1.3945729732513428
136.09579467773438 383.87677001953125 -1.3945729732513428
136.7970428466797 379.938720703125 -1.3945729732513428
137.498291015625 376.00067138671875 -1.3945729732513428
138.1995391845703 372.0626220703125 -1.3945729732513428
138.90078735351562 368.12457275390625 -1.3945729732513428
139.60203552246094 364.1865234375 -1.3945729732513428
140.30328369140625 360.24847412109375 -1.3945729732513428
141.00453186035156 356.3104248046875 -1.3945729732513428
141.70578002929688 352.37237548828125 -1.3945729732513428
142.4070281982422 348.434326171875 -1.3945729732513428
143.1082763671875 344.49627685546875 -1.3945729732513428
143.8095245361328 340.5582275390625 -1.3945729732513428
144.51077270507812 336.62017822265625 -1.3945729732513428
145.21202087402344 332.68212890625 -1.3945729732513428
145.91326904296875 328.74407958984375 -1.3945729732513428
146.61451721191406 324.8060302734375 -1.3945729732513428
147.31576538085938 320.86798095703125 -1.3945729732513428
148.0170135498047 316.929931640625 -1.3945729732513428
148.71826171875 312.99188232421875 -1.3945729732513428
149.4195098876953 309.0538330078125 -1.3945729732513428
150.12075805664062 305.11578369140625 -1.3945729732513428
150.12075805664062 305.11578369140625 -1.7945729494094849
149.2331085205078 301.21551513671875 -1.7945729494094849
148.345458984375 297.31524658203125 -1.7945729494094849
147.4578094482422 293.41497802734375 -1.7945729494094849
146.57015991210938 289.51470947265625 -1.7945729494094849
145.68251037597656 285.61444091796875 -1.7945729494094849
144.79486083984375 281.71417236328125 -1.7945729494094849
143.90721130371094 277.81390380859375 -1.7945729494094849
143.01956176757812 273.91363525390625 -1.7945729494094849
142.1319122314453 270.01336669921875 -1.7945729494094849
141.2442626953125 266.11309814453125 -1.7945729494094849
140.3566131591797 262.21282958984375 -1.7945729494094849
139.46896362304688 258.31256103515625 -1.7945729494094849
138.58131408691406 254.41229248046875 -1.7945729494094849
137.69366455078125 250.51202392578125 -1.7945729494094849
136.80601501464844 246.61175537109375 -1.7945729494094849
135.91836547851562 242.71148681640625 -1.7945729494094849
135.0307159423828 238.81121826171875 -1.7945729494094849
134.14306640625 234.91094970703125 -1.7945729494094849
133.31414794921875 231.87046813964844 -1.87933349609375
132.23080444335938 228.91107177734375 -1.9640940427780151
130.90081787109375 226.05401611328125 -2.0488545894622803
129.33372497558594 223.31980895996094 -2.133615016937256
127.54078674316406 220.72808837890625 -2.2183754444122314
125.53486633300781 218.29745483398438 -2.303135871887207
122.86042022705078 215.32301330566406 -2.303135871887207
120.18597412109375 212.34857177734375 -2.303135871887207
117.97682189941406 210.08993530273438 -2.38710355758667
115.06233215332031 207.3502655029297 -2.38710355758667
112.14784240722656 204.610595703125 -2.38710355758667
109.76223754882812 202.55133056640625 -2.4718639850616455
106.62627410888672 200.0682373046875 -2.4718639850616455
103.49031066894531 197.58514404296875 -2.4718639850616455
100.93730163574219 195.73361206054688 -2.5563971996307373
97.6028823852539 193.524169921875 -2.5563971996307373
94.26846313476562 191.31472778320312 -2.5563971996307373
90.93404388427734 189.10528564453125 -2.5563971996307373
87.59962463378906 186.89584350585938 -2.5563971996307373
84.26520538330078 184.6864013671875 -2.5563971996307373
80.9307861328125 182.47695922851562 -2.5563971996307373
77.59636688232422 180.26751708984375 -2.5563971996307373
74.26194763183594 178.05807495117188 -2.5563971996307373
70.92752838134766 175.8486328125 -2.5563971996307373
70.92752838134766 175.8486328125 -2.956397294998169
66.99592590332031 175.11207580566406 -2.956397294998169
63.87656021118164 174.6635284423828 -3.0411577224731445
60.73041915893555 174.48068237304688 -3.12591814994812
57.58009338378906 174.56483459472656 3.0725066661834717
54.44820022583008 174.91539001464844 2.987746238708496
51.35722732543945 175.5298309326172 2.9029858112335205
48.329368591308594 176.40374755859375 2.818225383758545
45.3863639831543 177.53085327148438 2.7334649562835693
42.549346923828125 178.90306091308594 2.6487045288085938
39.83868408203125 180.51052856445312 2.563944101333618
37.27383804321289 182.34170532226562 2.4791836738586426
34.873226165771484 184.38345336914062 2.394423246383667
32.65494155883789 186.62046813964844 2.3095576763153076
32.65494155883789 186.62046813964844 1.9095577001571655
31.325664520263672 190.3931427001953 1.9095577001571655
29.996387481689453 194.1658172607422 1.9095577001571655
28.667110443115234 197.93849182128906 1.9095577001571655
27.337833404541016 201.71116638183594 1.9095577001571655
26.008556365966797 205.4838409423828 1.9095577001571655
24.679279327392578 209.2565155029297 1.9095577001571655
23.35000228881836 213.02919006347656 1.9095577001571655
23.35000228881836 213.02919006347656 1.9095577001571655
23.35000228881836 213.02919006347656 1.9095577001571655
23.35000228881836 213.02919006347656 1.9095577001571655
23.35000228881836 213.02919006347656 1.9095577001571655
23.35000228881836 213.02919006347656 1.9095577001571655
23.35000228881836 213.02919006347656 1.9095577001571655
23.35000228881836 213.02919006347656 1.9095577001571655
23.35000228881836 213.02919006347656 1.9095577001571655
23.35000228881836 213.02919006347656 1.9095577001571655
23.35000228881836 213.02919006347656 1.9095577001571655
