62.32871627807617 452.1419372558594 0.7018887400627136
64.8279800415039 454.0821533203125 0.6183792948722839
67.48037719726562 455.8071594238281 0.5348698496818542
70.26741027832031 457.3049011230469 0.45136040449142456
73.16966247558594 458.56494140625 0.3678509593009949
76.16690826416016 459.5785217285156 0.2843415141105652
79.23825073242188 460.33856201171875 0.2008320689201355
82.36228942871094 460.8397521972656 0.11732262372970581
85.51724243164062 461.07861328125 0.03381317853927612
88.6811294555664 461.0534973144531 -0.049696266651153564
91.83189392089844 460.7645568847656 -0.13320571184158325
94.94757843017578 460.21380615234375 -0.21671515703201294
98.00646209716797 459.40509033203125 -0.3002246022224426
100.98722839355469 458.34405517578125 -0.3837340474128723
103.86910247802734 457.0380554199219 -0.467243492603302
106.63199615478516 455.4962463378906 -0.5507529377937317
109.25666046142578 453.7293395996094 -0.6342623829841614
111.72479248046875 451.7496643066406 -0.7177718281745911
114.01919555664062 449.5710144042969 -0.8012812733650208
116.1238784790039 447.2085876464844 -0.8847907185554504
118.024169921875 444.6788330078125 -0.9683001637458801
120.29096984863281 441.3831481933594 -0.9683001637458801
122.55776977539062 438.08746337890625 -0.9683001637458801
123.1080551147461 436.98828125 -1.2449837923049927
124.38836669921875 433.19873046875 -1.2449837923049927
125.6686782836914 429.4091796875 -1.2449837923049927
126.94898986816406 425.61962890625 -1.2449837923049927
128.22930908203125 421.830078125 -1.2449837923049927
129.50962829589844 418.04052734375 -1.2449837923049927
130.78994750976562 414.2509765625 -1.2449837923049927
132.0702667236328 410.46142578125 -1.2449837923049927
133.3505859375 406.671875 -1.2449837923049927
134.6309051513672 402.88232421875 -1.2449837923049927
135.91122436523438 399.0927734375 -1.2449837923049927
137.19154357910156 395.30322265625 -1.2449837923049927
138.47186279296875 391.513671875 -1.2449837923049927
139.75218200683594 387.72412109375 -1.2449837923049927
141.03250122070312 383.9345703125 -1.2449837923049927
141.2615966796875 382.72686767578125 -1.52166748046875
141.45803833007812 378.731689453125 -1.52166748046875
141.65447998046875 374.73651123046875 -1.52166748046875
141.85092163085938 370.7413330078125 -1.52166748046875
142.04736328125 366.74615478515625 -1.52166748046875
142.24380493164062 362.7509765625 -1.52166748046875
142.44024658203125 358.75579833984375 -1.52166748046875
142.63668823242188 354.7606201171875 -1.52166748046875
142.8331298828125 350.76544189453125 -1.52166748046875
143.02957153320312 346.770263671875 -1.52166748046875
143.22601318359375 342.77508544921875 -1.52166748046875
143.42245483398438 338.7799072265625 -1.52166748046875
143.618896484375 334.78472900390625 -1.52166748046875
143.81533813476562 330.78955078125 -1.52166748046875
144.01177978515625 326.79437255859375 -1.52166748046875
144.20822143554688 322.7991943359375 -1.52166748046875
144.4046630859375 318.80401611328125 -1.52166748046875
144.60110473632812 314.808837890625 -1.52166748046875
144.79754638671875 310.81365966796875 -1.52166748046875
144.99398803710938 306.8184814453125 -1.52166748046875
145.1904296875 302.82330322265625 -1.52166748046875
145.38687133789062 298.828125 -1.52166748046875
145.58331298828125 294.83294677734375 -1.52166748046875
145.77975463867188 290.8377685546875 -1.52166748046875
145.9761962890625 286.84259033203125 -1.52166748046875
146.17263793945312 282.847412109375 -1.52166748046875
146.36907958984375 278.85223388671875 -1.52166748046875
146.56552124023438 274.8570556640625 -1.52166748046875
146.761962890625 270.86187744140625 -1.52166748046875
146.95840454101562 266.86669921875 -1.52166748046875
147.15484619140625 262.87152099609375 -1.52166748046875
147.35128784179688 258.8763427734375 -1.52166748046875
147.5477294921875 254.88116455078125 -1.52166748046875
147.74417114257812 250.885986328125 -1.52166748046875
147.94061279296875 246.89080810546875 -1.52166748046875
148.13705444335938 242.8956298828125 -1.52166748046875
148.33349609375 238.90045166015625 -1.52166748046875
148.52993774414062 234.9052734375 -1.52166748046875
148.72637939453125 230.91009521484375 -1.52166748046875
148.92282104492188 226.9149169921875 -1.52166748046875
149.1192626953125 222.91973876953125 -1.52166748046875
149.31570434570312 218.924560546875 -1.52166748046875
149.51214599609375 214.92938232421875 -1.52166748046875
149.70858764648438 210.9342041015625 -1.52166748046875
149.61509704589844 210.0626220703125 -1.8336524963378906
149.1350555419922 208.93099975585938 -2.1103360652923584
147.39768981933594 206.2866973876953 -2.193845510482788
145.44581604003906 203.79652404785156 -2.2773549556732178
143.29302978515625 201.4778289794922 -2.3608644008636475
140.95436096191406 199.34681701660156 -2.4443767070770264
139.9121551513672 198.69503784179688 -2.721060276031494
136.2606658935547 197.0620574951172 -2.721060276031494
132.6091766357422 195.4290771484375 -2.721060276031494
128.9576873779297 193.7960968017578 -2.721060276031494
125.30619812011719 192.16311645507812 -2.721060276031494
121.65470886230469 190.53013610839844 -2.721060276031494
118.00321960449219 188.89715576171875 -2.721060276031494
114.35173034667969 187.26417541503906 -2.721060276031494
110.70024108886719 185.63119506835938 -2.721060276031494
107.04875183105469 183.9982147216797 -2.721060276031494
103.39726257324219 182.365234375 -2.721060276031494
99.74577331542969 180.7322540283203 -2.721060276031494
96.09428405761719 179.09927368164062 -2.721060276031494
92.44279479980469 177.46629333496094 -2.721060276031494
88.79130554199219 175.83331298828125 -2.721060276031494
85.13981628417969 174.20033264160156 -2.721060276031494
81.48832702636719 172.56735229492188 -2.721060276031494
77.83683776855469 170.9343719482422 -2.721060276031494
74.18534851074219 169.3013916015625 -2.721060276031494
70.53385925292969 167.6684112548828 -2.721060276031494
66.88236999511719 166.03543090820312 -2.721060276031494
63.23088455200195 164.40245056152344 -2.721060276031494
59.57939910888672 162.76947021484375 -2.721060276031494
55.927913665771484 161.13648986816406 -2.721060276031494
52.27642822265625 159.50350952148438 -2.721060276031494
48.624942779541016 157.8705291748047 -2.721060276031494
44.97345733642578 156.237548828125 -2.721060276031494
41.32197189331055 154.6045684814453 -2.721060276031494
41.32197189331055 154.6045684814453 -2.721060276031494
41.32197189331055 154.6045684814453 -2.721060276031494
41.32197189331055 154.6045684814453 -2.721060276031494
41.32197189331055 154.6045684814453 -2.721060276031494
41.32197189331055 154.6045684814453 -2.721060276031494
41.32197189331055 154.6045684814453 -2.721060276031494
41.32197189331055 154.6045684814453 -2.721060276031494
41.32197189331055 154.6045684814453 -2.721060276031494
41.32197189331055 154.6045684814453 -2.721060276031494
41.32197189331055 154.6045684814453 -2.721060276031494
