62.09040069580078 451.8525085449219 0.6648803949356079
64.38835906982422 453.4402770996094 0.5443626046180725
66.86053466796875 454.740234375 0.4238448143005371
69.4710693359375 455.7335510253906 0.3033270239830017
72.18209075927734 456.4057922363281 0.1828092485666275
74.95427703857422 456.7472229003906 0.062291473150253296
77.74740600585938 456.7528991699219 -0.05822630226612091
80.52095031738281 456.4227294921875 -0.17874407768249512
83.23468780517578 455.7615051269531 -0.2992618680000305
85.8492431640625 454.77880859375 -0.4197796583175659
88.3266830444336 453.4888916015625 -0.5402974486351013
90.63107299804688 451.9104919433594 -0.6608152389526367
92.72898864746094 450.0664978027344 -0.7813330292701721
93.62416076660156 448.9188537597656 -1.0353928804397583
94.20215606689453 447.58306884765625 -1.2894527912139893
94.81465911865234 444.85791015625 -1.4099705219268799
95.09508514404297 442.0788879394531 -1.5304882526397705
95.03936004638672 439.28631591796875 -1.6510059833526611
94.64830017089844 436.52069091796875 -1.7715237140655518
93.92758178710938 433.8221435546875 -1.8920414447784424
92.88764953613281 431.2298278808594 -2.012559175491333
91.5436019897461 428.7813415527344 -2.1330769062042236
91.5436019897461 428.7813415527344 -1.7330769300460815
90.92713928222656 426.0570983886719 -1.8535946607589722
89.98761749267578 423.4267272949219 -1.9741123914718628
88.7386703491211 420.9283752441406 -2.094630241394043
87.19841766357422 418.5982971191406 -2.2151479721069336
85.38920593261719 416.4703063964844 -2.335665702819824
83.33727264404297 414.57525634765625 -2.456183433532715
83.33727264404297 414.57525634765625 -2.056183338165283
81.8877182006836 412.1877136230469 -2.176701068878174
80.16163635253906 409.99176025390625 -2.2972187995910645
78.1840591430664 408.0192565917969 -2.417736530303955
78.1840591430664 408.0192565917969 -2.0177364349365234
76.82734680175781 405.5777587890625 -2.138254165649414
75.18694305419922 403.31707763671875 -2.2587718963623047
73.28665161132812 401.27001953125 -2.3792896270751953
73.28665161132812 401.27001953125 -1.9792896509170532
72.02478790283203 398.7781677246094 -2.0998075008392334
70.47249603271484 396.45611572265625 -2.220325231552124
68.65229034423828 394.3375244140625 -2.3408429622650146
68.65229034423828 394.3375244140625 -1.9408429861068726
67.48713684082031 391.79901123046875 -2.0613608360290527
66.0252456665039 389.41900634765625 -2.1818785667419434
64.2878189086914 387.2320251464844 -2.302396297454834
64.2878189086914 387.2320251464844 -1.902396321296692
63.22110366821289 384.6506042480469 -2.022914171218872
61.85177230834961 382.2161560058594 -2.1434319019317627
60.19968795776367 379.9639892578125 -2.2639496326446533
60.19968795776367 379.9639892578125 -1.8639496564865112
59.23298263549805 377.3434753417969 -1.9844673871994019
57.95823669433594 374.8581848144531 -2.104985237121582
56.39393997192383 372.544189453125 -2.2255029678344727
56.39393997192383 372.544189453125 -1.8255029916763306
55.5286750793457 369.8884582519531 -1.9460207223892212
54.35039520263672 367.35601806640625 -2.0665385723114014
52.876197814941406 364.9836120605469 -2.187056303024292
52.876197814941406 364.9836120605469 -1.78705632686615
52.1136474609375 362.2966003417969 -1.9075740575790405
51.0335807800293 359.7207336425781 -2.0280919075012207
49.65166091918945 357.2934265136719 -2.1486096382141113
49.65166091918945 357.2934265136719 -1.7486096620559692
48.992958068847656 354.5790710449219 -1.8691273927688599
48.0126953125 351.9635925292969 -1.9896451234817505
46.72509765625 349.4849548339844 -2.1101629734039307
46.72509765625 349.4849548339844 -1.7101629972457886
46.17121124267578 346.7472839355469 -1.8306807279586792
45.292205810546875 344.0960693359375 -1.9511984586715698
44.100830078125 341.56976318359375 -2.07171630859375
44.100830078125 341.56976318359375 -1.671716332435608
43.652584075927734 338.8128356933594 -1.7922340631484985
42.87613296508789 336.1297912597656 -1.9127517938613892
41.78274154663086 333.5595703125 -2.0332696437835693
40.38827133178711 331.1394348144531 -2.15378737449646
40.38827133178711 331.1394348144531 -1.7537873983383179
39.71552276611328 328.42852783203125 -1.8743051290512085
38.72173309326172 325.81817626953125 -1.9948228597640991
37.42131805419922 323.3462219238281 -2.1153407096862793
37.42131805419922 323.3462219238281 -1.7153407335281372
36.853267669677734 320.6114501953125 -1.8358584642410278
35.960548400878906 317.9648132324219 -1.9563761949539185
34.756107330322266 315.4447021484375 -2.0768940448760986
34.756107330322266 315.4447021484375 -1.6768940687179565
34.32877731323242 313.2983093261719 -1.8577425479888916
33.37835693359375 310.6718444824219 -1.9782602787017822
32.11906051635742 308.1787109375 -2.098778009414673
32.11906051635742 308.1787109375 -1.6987780332565308
31.59638023376465 305.4349060058594 -1.8192957639694214
30.74761390686035 302.77386474609375 -1.939813494682312
29.5850772857666 300.2341613769531 -2.060331344604492
28.125633239746094 297.8526611328125 -2.180849075317383
28.125633239746094 297.8526611328125 -1.7808490991592407
27.379777908325195 295.16094970703125 -1.9013668298721313
26.315719604492188 292.57843017578125 -2.0218846797943115
24.948894500732422 290.142578125 -2.142402410507202
24.948894500732422 290.142578125 -1.74240243434906
24.307052612304688 287.4241943359375 -1.8629201650619507
23.34304428100586 284.8027038574219 -1.9834378957748413
21.738922119140625 281.1384582519531 -1.9834378957748413
21.738922119140625 281.1384582519531 -1.5834379196166992
21.53548240661621 278.3527526855469 -1.7039556503295898
20.99860191345215 275.6116943359375 -1.8244733810424805
20.136070251464844 272.955078125 -1.944991111755371
20.136070251464844 272.955078125 -1.544991135597229
20.039180755615234 270.17010498046875 -1.6661540269851685
19.617948532104492 267.75396728515625 -1.8206521272659302
18.765575408935547 265.0940856933594 -1.9411698579788208
17.599594116210938 262.55596923828125 -2.061687707901001
17.599594116210938 262.55596923828125 -1.6616877317428589
17.179018020629883 259.794677734375 -1.7822054624557495
17.179018020629883 259.794677734375 -2.0362653732299805
17.179018020629883 259.794677734375 -2.156783103942871
17.179018020629883 259.794677734375 -2.2773008346557617
17.179018020629883 259.794677734375 -1.8773008584976196
17.179018020629883 259.794677734375 -1.9978185892105103
17.179018020629883 259.794677734375 -2.118337869644165
17.179018020629883 259.794677734375 -2.2388556003570557
17.179018020629883 259.794677734375 -1.8388556241989136
17.179018020629883 259.794677734375 -1.8388556241989136
17.179018020629883 259.794677734375 -2.0929155349731445
