62.21067428588867 451.9958801269531 0.6833634972572327
64.61315155029297 453.7561950683594 0.581328809261322
67.18243408203125 455.2626647949219 0.4792941212654114
69.89179992675781 456.4996032714844 0.37725943326950073
72.71305847167969 457.4541320800781 0.2752247452735901
75.61687469482422 458.1163330078125 0.17319005727767944
78.57303619384766 458.47930908203125 0.0711553692817688
81.55079650878906 458.5392761230469 -0.030879318714141846
84.51917266845703 458.2956237792969 -0.1329140067100525
87.44729614257812 457.7508850097656 -0.23494869470596313
90.30470275878906 456.9107360839844 -0.3369833827018738
93.06167602539062 455.7839050292969 -0.4390180706977844
95.68952941894531 454.3821105957031 -0.5410527586936951
98.16093444824219 452.7199401855469 -0.6430874466896057
100.45018005371094 450.814697265625 -0.7451221346855164
100.45018005371094 450.814697265625 -1.1451221704483032
102.10192108154297 447.1716613769531 -1.1451221704483032
103.753662109375 443.52862548828125 -1.1451221704483032
105.40540313720703 439.8855895996094 -1.1451221704483032
107.05714416503906 436.2425537109375 -1.1451221704483032
108.7088851928711 432.5995178222656 -1.1451221704483032
110.36062622070312 428.95648193359375 -1.1451221704483032
112.01236724853516 425.3134460449219 -1.1451221704483032
113.66410827636719 421.67041015625 -1.1451221704483032
115.31584930419922 418.0273742675781 -1.1451221704483032
116.96759033203125 414.38433837890625 -1.1451221704483032
118.61933135986328 410.7413024902344 -1.1451221704483032
120.27107238769531 407.0982666015625 -1.1451221704483032
121.92281341552734 403.4552307128906 -1.1451221704483032
123.57455444335938 399.81219482421875 -1.1451221704483032
123.57455444335938 399.81219482421875 -1.5451221466064453
123.67723846435547 395.8135070800781 -1.5451221466064453
123.77992248535156 391.8148193359375 -1.5451221466064453
123.88260650634766 387.8161315917969 -1.5451221466064453
123.98529052734375 383.81744384765625 -1.5451221466064453
124.08797454833984 379.8187561035156 -1.5451221466064453
124.19065856933594 375.820068359375 -1.5451221466064453
124.29334259033203 371.8213806152344 -1.5451221466064453
124.39602661132812 367.82269287109375 -1.5451221466064453
124.49871063232422 363.8240051269531 -1.5451221466064453
124.60139465332031 359.8253173828125 -1.5451221466064453
124.7040786743164 355.8266296386719 -1.5451221466064453
124.8067626953125 351.82794189453125 -1.5451221466064453
124.9094467163086 347.8292541503906 -1.5451221466064453
124.9094467163086 347.8292541503906 -1.9451221227645874
123.44686889648438 344.1062316894531 -1.9451221227645874
121.98429107666016 340.3832092285156 -1.9451221227645874
120.52171325683594 336.6601867675781 -1.9451221227645874
119.05913543701172 332.9371643066406 -1.9451221227645874
117.5965576171875 329.2141418457031 -1.9451221227645874
116.13397979736328 325.4911193847656 -1.9451221227645874
114.67140197753906 321.7680969238281 -1.9451221227645874
113.20882415771484 318.0450744628906 -1.9451221227645874
111.74624633789062 314.3220520019531 -1.9451221227645874
110.2836685180664 310.5990295410156 -1.9451221227645874
108.82109069824219 306.8760070800781 -1.9451221227645874
107.35851287841797 303.1529846191406 -1.9451221227645874
105.89593505859375 299.4299621582031 -1.9451221227645874
104.43335723876953 295.7069396972656 -1.9451221227645874
102.97077941894531 291.9839172363281 -1.9451221227645874
101.5082015991211 288.2608947753906 -1.9451221227645874
100.04562377929688 284.5378723144531 -1.9451221227645874
98.58304595947266 280.8148498535156 -1.9451221227645874
97.12046813964844 277.0918273925781 -1.9451221227645874
95.65789031982422 273.3688049316406 -1.9451221227645874
94.1953125 269.6457824707031 -1.9451221227645874
92.73273468017578 265.9227600097656 -1.9451221227645874
91.27015686035156 262.1997375488281 -1.9451221227645874
89.80757904052734 258.4767150878906 -1.9451221227645874
88.34500122070312 254.75369262695312 -1.9451221227645874
86.8824234008789 251.03067016601562 -1.9451221227645874
85.41984558105469 247.30764770507812 -1.9451221227645874
84.19087219238281 244.59466552734375 -2.047156810760498
82.35668182373047 241.0399932861328 -2.047156810760498
80.52249145507812 237.48532104492188 -2.047156810760498
78.68830108642578 233.93064880371094 -2.047156810760498
76.85411071777344 230.3759765625 -2.047156810760498
75.0199203491211 226.82130432128906 -2.047156810760498
73.18572998046875 223.26663208007812 -2.047156810760498
71.3515396118164 219.7119598388672 -2.047156810760498
69.51734924316406 216.15728759765625 -2.047156810760498
67.68315887451172 212.6026153564453 -2.047156810760498
65.84896850585938 209.04794311523438 -2.047156810760498
64.01477813720703 205.49327087402344 -2.047156810760498
62.18058776855469 201.9385986328125 -2.047156810760498
60.681671142578125 199.3649139404297 -2.149191379547119
58.49494934082031 196.0155487060547 -2.149191379547119
56.3082275390625 192.6661834716797 -2.149191379547119
56.3082275390625 192.6661834716797 -2.549191474914551
52.98981857299805 190.43276977539062 -2.549191474914551
49.671409606933594 188.19935607910156 -2.549191474914551
46.35300064086914 185.9659423828125 -2.549191474914551
43.03459167480469 183.73252868652344 -2.549191474914551
39.716182708740234 181.49911499023438 -2.549191474914551
39.716182708740234 181.49911499023438 -2.149191379547119
37.52946090698242 178.14974975585938 -2.149191379547119
35.34273910522461 174.80038452148438 -2.149191379547119
33.1560173034668 171.45101928710938 -2.149191379547119
30.96929359436035 168.10165405273438 -2.149191379547119
28.782569885253906 164.75228881835938 -2.149191379547119
26.59584617614746 161.40292358398438 -2.149191379547119
24.409122467041016 158.05355834960938 -2.149191379547119
22.22239875793457 154.70419311523438 -2.149191379547119
22.22239875793457 154.70419311523438 -2.149191379547119
22.22239875793457 154.70419311523438 -2.149191379547119
22.22239875793457 154.70419311523438 -2.149191379547119
22.22239875793457 154.70419311523438 -2.149191379547119
22.22239875793457 154.70419311523438 -2.149191379547119
22.22239875793457 154.70419311523438 -2.149191379547119
22.22239875793457 154.70419311523438 -2.149191379547119
22.22239875793457 154.70419311523438 -2.149191379547119
22.22239875793457 154.70419311523438 -2.149191379547119
22.22239875793457 154.70419311523438 -2.149191379547119
