62.199947357177734 451.9828796386719 0.681699275970459
64.59333038330078 453.7273864746094 0.5780003666877747
67.15443420410156 455.21478271484375 0.47430145740509033
69.85574340820312 456.4290771484375 0.370602548122406
72.6682357788086 457.3572082519531 0.2669036388397217
75.56169891357422 457.9892272949219 0.16320474445819855
78.50503540039062 458.318359375 0.059505850076675415
81.46662902832031 458.3410339355469 -0.04419304430484772
84.41466522216797 458.0570373535156 -0.14789193868637085
87.31746673583984 457.4693908691406 -0.2515908479690552
90.14384460449219 456.58441162109375 -0.3552897572517395
92.86343383789062 455.41162109375 -0.45898866653442383
95.44701385498047 453.963623046875 -0.5626875758171082
97.86682891845703 452.2559814453125 -0.6663864850997925
100.09687805175781 450.3070373535156 -0.7700853943824768
102.9682846069336 447.5222473144531 -0.7700853943824768
105.83969116210938 444.7374572753906 -0.7700853943824768
108.71109771728516 441.9526672363281 -0.7700853943824768
108.71109771728516 441.9526672363281 -1.1700854301452637
110.27139282226562 438.26953125 -1.1700854301452637
111.8316879272461 434.5863952636719 -1.1700854301452637
113.39198303222656 430.90325927734375 -1.1700854301452637
114.95227813720703 427.2201232910156 -1.1700854301452637
116.5125732421875 423.5369873046875 -1.1700854301452637
118.07286834716797 419.8538513183594 -1.1700854301452637
119.63316345214844 416.17071533203125 -1.1700854301452637
121.1934585571289 412.4875793457031 -1.1700854301452637
122.75375366210938 408.804443359375 -1.1700854301452637
124.31404876708984 405.1213073730469 -1.1700854301452637
125.87434387207031 401.43817138671875 -1.1700854301452637
125.87434387207031 401.43817138671875 -1.5700854063034058
125.87718963623047 397.43817138671875 -1.5700854063034058
125.88003540039062 393.43817138671875 -1.5700854063034058
125.88288116455078 389.43817138671875 -1.5700854063034058
125.88572692871094 385.43817138671875 -1.5700854063034058
125.8885726928711 381.43817138671875 -1.5700854063034058
125.89141845703125 377.43817138671875 -1.5700854063034058
125.8942642211914 373.43817138671875 -1.5700854063034058
125.89710998535156 369.43817138671875 -1.5700854063034058
125.89995574951172 365.43817138671875 -1.5700854063034058
125.90280151367188 361.43817138671875 -1.5700854063034058
125.90564727783203 357.43817138671875 -1.5700854063034058
125.90849304199219 353.43817138671875 -1.5700854063034058
125.91133880615234 349.43817138671875 -1.5700854063034058
125.9141845703125 345.43817138671875 -1.5700854063034058
125.9141845703125 345.43817138671875 -1.9700853824615479
124.359130859375 341.7528076171875 -1.9700853824615479
122.8040771484375 338.06744384765625 -1.9700853824615479
121.2490234375 334.382080078125 -1.9700853824615479
119.6939697265625 330.69671630859375 -1.9700853824615479
118.138916015625 327.0113525390625 -1.9700853824615479
116.5838623046875 323.32598876953125 -1.9700853824615479
115.02880859375 319.640625 -1.9700853824615479
113.4737548828125 315.95526123046875 -1.9700853824615479
111.918701171875 312.2698974609375 -1.9700853824615479
110.3636474609375 308.58453369140625 -1.9700853824615479
108.80859375 304.899169921875 -1.9700853824615479
107.2535400390625 301.21380615234375 -1.9700853824615479
105.698486328125 297.5284423828125 -1.9700853824615479
104.1434326171875 293.84307861328125 -1.9700853824615479
102.58837890625 290.15771484375 -1.9700853824615479
101.0333251953125 286.47235107421875 -1.9700853824615479
99.478271484375 282.7869873046875 -1.9700853824615479
97.9232177734375 279.10162353515625 -1.9700853824615479
96.3681640625 275.416259765625 -1.9700853824615479
94.8131103515625 271.73089599609375 -1.9700853824615479
93.258056640625 268.0455322265625 -1.9700853824615479
91.7030029296875 264.36016845703125 -1.9700853824615479
90.14794921875 260.6748046875 -1.9700853824615479
88.5928955078125 256.98944091796875 -1.9700853824615479
87.037841796875 253.30409240722656 -1.9700853824615479
85.4827880859375 249.61874389648438 -1.9700853824615479
83.927734375 245.9333953857422 -1.9700853824615479
82.3726806640625 242.248046875 -1.9700853824615479
80.817626953125 238.5626983642578 -1.9700853824615479
79.2625732421875 234.87734985351562 -1.9700853824615479
77.70751953125 231.19200134277344 -1.9700853824615479
76.1524658203125 227.50665283203125 -1.9700853824615479
74.597412109375 223.82130432128906 -1.9700853824615479
73.0423583984375 220.13595581054688 -1.9700853824615479
71.4873046875 216.4506072998047 -1.9700853824615479
69.9322509765625 212.7652587890625 -1.9700853824615479
68.377197265625 209.0799102783203 -1.9700853824615479
66.8221435546875 205.39456176757812 -1.9700853824615479
65.26708984375 201.70921325683594 -1.9700853824615479
63.97582244873047 199.04383850097656 -2.073784351348877
62.04764175415039 195.5392608642578 -2.073784351348877
60.11946105957031 192.03468322753906 -2.073784351348877
58.191280364990234 188.5301055908203 -2.073784351348877
56.263099670410156 185.02552795410156 -2.073784351348877
54.7028694152832 182.5081329345703 -2.177483320236206
52.42227554321289 179.2219696044922 -2.177483320236206
50.14168167114258 175.93580627441406 -2.177483320236206
48.32925033569336 173.59344482421875 -2.281182289123535
45.72074508666992 170.56100463867188 -2.281182289123535
43.112239837646484 167.528564453125 -2.281182289123535
40.50373458862305 164.49612426757812 -2.281182289123535
37.89522933959961 161.46368408203125 -2.281182289123535
35.28672409057617 158.43124389648438 -2.281182289123535
35.28672409057617 158.43124389648438 -1.881182312965393
35.28672409057617 158.43124389648438 -1.481182336807251
35.39854431152344 155.47166442871094 -1.5848811864852905
35.39854431152344 155.47166442871094 -1.68858003616333
35.39854431152344 155.47166442871094 -1.288580060005188
35.39854431152344 155.47166442871094 -0.8885800838470459
35.39854431152344 155.47166442871094 -0.8885800838470459
35.39854431152344 155.47166442871094 -0.8885800838470459
35.39854431152344 155.47166442871094 -0.8885800838470459
35.39854431152344 155.47166442871094 -0.8885800838470459
35.39854431152344 155.47166442871094 -0.8885800838470459
35.39854431152344 155.47166442871094 -0.8885800838470459
35.39854431152344 155.47166442871094 -0.8885800838470459
