62.61442184448242 452.5197448730469 0.7485206127166748
65.31996154785156 454.9413757324219 0.7116430401802063
68.11295318603516 457.2616271972656 0.6747654676437378
70.98958587646484 459.4773254394531 0.6378878951072693
74.20301055908203 461.85931396484375 0.6378878951072693
77.41643524169922 464.2413024902344 0.6378878951072693
80.6298599243164 466.623291015625 0.6378878951072693
83.8432846069336 469.0052795410156 0.6378878951072693
87.05670928955078 471.38726806640625 0.6378878951072693
90.27013397216797 473.7692565917969 0.6378878951072693
93.22650146484375 475.87738037109375 0.6010103225708008
96.25858306884766 477.87506103515625 0.5641327500343323
99.36225891113281 479.7596130371094 0.5272551774978638
102.81902313232422 481.77227783203125 0.5272551774978638
105.99006652832031 483.5411071777344 0.4903775751590729
109.22417449951172 485.19183349609375 0.453499972820282
112.5169448852539 486.7221984863281 0.4166223704814911
115.86389923095703 488.1300964355469 0.3797447681427002
119.26048278808594 489.41363525390625 0.3428671658039093
122.70207977294922 490.5710754394531 0.3059895634651184
126.18401336669922 491.6008605957031 0.2691119611263275
129.70155334472656 492.5015563964844 0.23223435878753662
133.24990844726562 493.2719421386719 0.19535675644874573
136.82424926757812 493.9109802246094 0.15847915410995483
140.4197235107422 494.4178161621094 0.12160155922174454
144.03143310546875 494.791748046875 0.08472396433353424
147.65447998046875 495.0322570800781 0.047846369445323944
151.283935546875 495.1390075683594 0.010968774557113647
154.91485595703125 495.11187744140625 -0.02590882033109665
158.54229736328125 494.9508972167969 -0.06278641521930695
162.16134643554688 494.6562805175781 -0.09966401010751724
165.76707458496094 494.22845458984375 -0.13654160499572754
169.3545684814453 493.66796875 -0.17341920733451843
173.29457092285156 492.9777526855469 -0.17341920733451843
177.2345733642578 492.28753662109375 -0.17341920733451843
181.17457580566406 491.5973205566406 -0.17341920733451843
185.1145782470703 490.9071044921875 -0.17341920733451843
189.05458068847656 490.2168884277344 -0.17341920733451843
192.9945831298828 489.52667236328125 -0.17341920733451843
196.93458557128906 488.8364562988281 -0.17341920733451843
200.8745880126953 488.146240234375 -0.17341920733451843
204.81459045410156 487.4560241699219 -0.17341920733451843
208.7545928955078 486.76580810546875 -0.17341920733451843
212.69459533691406 486.0755920410156 -0.17341920733451843
216.6345977783203 485.3853759765625 -0.17341920733451843
220.57460021972656 484.6951599121094 -0.17341920733451843
224.5146026611328 484.00494384765625 -0.17341920733451843
228.45460510253906 483.3147277832031 -0.17341920733451843
232.3946075439453 482.62451171875 -0.17341920733451843
236.33460998535156 481.9342956542969 -0.17341920733451843
240.2746124267578 481.24407958984375 -0.17341920733451843
244.21461486816406 480.5538635253906 -0.17341920733451843
244.21461486816406 480.5538635253906 -0.5734192132949829
247.57481384277344 478.3838195800781 -0.5734192132949829
250.9350128173828 476.2137756347656 -0.5734192132949829
254.2952117919922 474.0437316894531 -0.5734192132949829
257.6554260253906 471.8736877441406 -0.5734192132949829
257.6554260253906 471.8736877441406 -0.973419189453125
259.64208984375 468.8343811035156 -1.0102968215942383
261.5153503417969 465.723876953125 -1.0471744537353516
263.27264404296875 462.5464172363281 -1.0840520858764648
264.9115905761719 459.30633544921875 -1.1209297180175781
266.4299621582031 456.0080261230469 -1.1578073501586914
267.8257141113281 452.6559753417969 -1.1946849822998047
269.096923828125 449.2547607421875 -1.231562614440918
270.241943359375 445.808837890625 -1.2684252262115479
270.311767578125 445.2727966308594 -1.6140968799591064
270.0877380371094 441.648681640625 -1.6509745121002197
269.730224609375 438.0353088378906 -1.687852144241333
269.23974609375 434.43756103515625 -1.7247297763824463
268.616943359375 430.8603515625 -1.7616074085235596
267.8626708984375 427.30853271484375 -1.7984850406646729
266.97796630859375 423.7869567871094 -1.8353626728057861
265.9640197753906 420.3003845214844 -1.8722403049468994
264.8222351074219 416.8535461425781 -1.9091179370880127
263.55413818359375 413.451171875 -1.945995569229126
262.1614685058594 410.09783935546875 -1.9828732013702393
260.6460876464844 406.79815673828125 -2.0197508335113525
258.9100036621094 403.1945495605469 -2.0197508335113525
257.2740173339844 399.9529724121094 -2.056628465652466
255.51962280273438 396.77392578125 -2.093506097793579
253.522705078125 393.30804443359375 -2.093506097793579
251.52578735351562 389.8421630859375 -2.093506097793579
249.65538024902344 386.7299499511719 -2.1303837299346924
247.67149353027344 383.6888122558594 -2.1672613620758057
247.67149353027344 383.6888122558594 -2.5672614574432373
247.67149353027344 383.6888122558594 -2.967261552810669
244.08450317382812 383.12506103515625 -3.0041391849517822
240.4791717529297 382.6939392089844 -3.0410168170928955
239.93724060058594 382.73309326171875 2.8967745304107666
239.44033813476562 382.9535217285156 2.5514044761657715
236.46133422851562 385.0295104980469 2.514526844024658
233.56089782714844 387.21392822265625 2.477649211883545
230.7429656982422 389.5038146972656 2.4407715797424316
230.3939208984375 389.9205017089844 2.095400094985962
228.39044189453125 393.3825988769531 2.095400094985962
228.39044189453125 393.3825988769531 1.6954001188278198
227.893310546875 397.3515930175781 1.6954001188278198
227.39617919921875 401.3205871582031 1.6954001188278198
226.8990478515625 405.2895812988281 1.6954001188278198
226.40191650390625 409.2585754394531 1.6954001188278198
225.90478515625 413.2275695800781 1.6954001188278198
225.40765380859375 417.1965637207031 1.6954001188278198
224.9105224609375 421.1655578613281 1.6954001188278198
224.41339111328125 425.1345520019531 1.6954001188278198
224.02862548828125 428.7451171875 1.6585224866867065
223.77757263183594 432.3661193847656 1.6215134859085083
223.57479858398438 436.3609619140625 1.6215134859085083
223.37200927734375 440.3558044433594 1.6215134859085083
223.16921997070312 444.35064697265625 1.6215134859085083
222.9664306640625 448.3454895019531 1.6215134859085083
222.76364135742188 452.34033203125 1.6215134859085083
222.56085205078125 456.3351745605469 1.6215134859085083
222.35806274414062 460.33001708984375 1.6215134859085083
222.1552734375 464.3248596191406 1.6215134859085083
221.95248413085938 468.3197021484375 1.6215134859085083
221.74969482421875 472.3145446777344 1.6215134859085083
221.54690551757812 476.30938720703125 1.6215134859085083
221.3441162109375 480.3042297363281 1.6215134859085083
221.14132690429688 484.299072265625 1.6215134859085083
220.93853759765625 488.2939147949219 1.6215134859085083
220.73574829101562 492.28875732421875 1.6215134859085083
220.532958984375 496.2835998535156 1.6215134859085083
220.33016967773438 500.2784423828125 1.6215134859085083
220.12738037109375 504.2732849121094 1.6215134859085083
219.92459106445312 508.26812744140625 1.6215134859085083
219.7218017578125 512.2630004882812 1.6215134859085083
219.51901245117188 516.2578735351562 1.6215134859085083
219.31622314453125 520.2527465820312 1.6215134859085083
219.11343383789062 524.2476196289062 1.6215134859085083
218.997314453125 527.871826171875 1.5841394662857056
219.0158233642578 531.5028076171875 1.5472618341445923
219.10995483398438 535.501708984375 1.5472618341445923
219.20408630371094 539.5006103515625 1.5472618341445923
219.3564453125 543.12841796875 1.510384202003479
219.6424560546875 546.7481689453125 1.4735065698623657
220.06173706054688 550.3549194335938 1.4366289377212524
220.61370849609375 553.9437255859375 1.3997513055801392
221.29766845703125 557.5146484375 1.363355278968811
221.49935913085938 558.0194091796875 1.0179851055145264
221.8600311279297 558.4260864257812 0.6726149320602417
222.33709716796875 558.6866455078125 0.3272447884082794
222.87420654296875 558.7703247070312 -0.01812535524368286
222.87420654296875 558.7703247070312 -0.41812536120414734
222.87420654296875 558.7703247070312 -0.8181253671646118
222.87420654296875 558.7703247070312 -1.218125343322754
222.87420654296875 558.7703247070312 -1.618125319480896
222.6355743408203 555.1471557617188 -1.6550029516220093
222.26351928710938 551.5352783203125 -1.6918805837631226
221.758544921875 547.9395751953125 -1.7287582159042358
221.12135314941406 544.3649291992188 -1.7656358480453491
220.35279846191406 540.816162109375 -1.8025134801864624
219.45391845703125 537.2981567382812 -1.8393911123275757
218.4259490966797 533.815673828125 -1.876268744468689
217.27027893066406 530.3734741210938 -1.9131463766098022
215.9884796142578 526.9761962890625 -1.9500240087509155
214.58230590820312 523.6285400390625 -1.9869016408920288
213.0536651611328 520.3349609375 -2.0237791538238525
212.73532104492188 519.8943481445312 -2.3691492080688477
210.08848571777344 517.40869140625 -2.406026840209961
207.35179138183594 515.0222778320312 -2.442904472351074
204.5289764404297 512.7384033203125 -2.4797821044921875
201.62388610839844 510.5601806640625 -2.516659736633301
198.6404571533203 508.49053955078125 -2.553537368774414
195.3123779296875 506.2715759277344 -2.553537368774414
191.9842987060547 504.0526123046875 -2.553537368774414
188.65621948242188 501.8336486816406 -2.553537368774414
188.65621948242188 501.8336486816406 -2.9535374641418457
185.07730102539062 501.220703125 -2.990415096282959
181.4782257080078 500.7401428222656 -3.0272927284240723
177.86387634277344 500.3926086425781 -3.0641703605651855
174.23916625976562 500.1785583496094 -3.101047992706299
170.60903930664062 500.0982971191406 -3.137925624847412
166.97842407226562 500.1519470214844 3.108381986618042
163.3522491455078 500.33941650390625 3.0715043544769287
159.73544311523438 500.6604309082031 3.0346267223358154
156.1329345703125 501.1145935058594 2.997749090194702
152.54962158203125 501.7012634277344 2.960871458053589
148.99037170410156 502.4196472167969 2.9239938259124756
145.4600372314453 503.2687683105469 2.8871161937713623
141.96340942382812 504.2474670410156 2.850238561630249
138.13198852539062 505.3964538574219 2.850238561630249
134.30056762695312 506.5454406738281 2.850238561630249
130.46914672851562 507.6944274902344 2.850238561630249
126.63772583007812 508.8434143066406 2.850238561630249
122.80630493164062 509.9924011230469 2.850238561630249
118.97488403320312 511.1413879394531 2.850238561630249
115.14346313476562 512.2904052734375 2.850238561630249
111.31204223632812 513.4393920898438 2.850238561630249
107.48062133789062 514.58837890625 2.850238561630249
103.64920043945312 515.7373657226562 2.850238561630249
99.81777954101562 516.8863525390625 2.850238561630249
95.98635864257812 518.0353393554688 2.850238561630249
92.15493774414062 519.184326171875 2.850238561630249
88.32351684570312 520.3333129882812 2.850238561630249
84.49209594726562 521.4822998046875 2.850238561630249
81.03392791748047 522.5892333984375 2.8133609294891357
77.24747467041016 523.8787231445312 2.8133609294891357
73.83246612548828 525.1124267578125 2.7764832973480225
70.47319793701172 526.4695434570312 2.738809823989868
66.79330444335938 528.0374755859375 2.738809823989868
63.479671478271484 529.5220947265625 2.701932191848755
59.860084533691406 531.224609375 2.701932191848755
56.60344314575195 532.8303833007812 2.6650545597076416
53.40822219848633 534.55517578125 2.6281769275665283
50.27876281738281 536.3966064453125 2.591299295425415
47.18919372558594 538.3644409179688 2.5576205253601074
44.19733810424805 540.421875 2.520742893218994
40.94380187988281 542.748779296875 2.520742893218994
38.02983474731445 544.9151611328125 2.483865261077881
35.197723388671875 547.1875 2.4469876289367676
32.45131301879883 549.5626831054688 2.4101099967956543
29.794342041015625 552.0375366210938 2.373232364654541
26.918136596679688 554.8173828125 2.373232364654541
24.354217529296875 557.3884887695312 2.3363547325134277
21.886837005615234 560.0523681640625 2.2994771003723145
19.51949119567871 562.8052978515625 2.2625815868377686
16.967838287353516 565.8857421875 2.2625815868377686
16.807077407836914 566.1742553710938 1.8957934379577637
16.807077407836914 566.1742553710938 1.4957934617996216
16.937114715576172 566.6868896484375 1.1489460468292236
16.937114715576172 566.6868896484375 0.7489460706710815
16.937114715576172 566.6868896484375 0.34894606471061707
20.37160301208496 567.865234375 0.3120671808719635
20.37160301208496 567.865234375 -0.08793282508850098
20.37160301208496 567.865234375 -0.48793283104896545
23.904817581176758 565.9900512695312 -0.48793283104896545
27.438032150268555 564.1148681640625 -0.48793283104896545
30.97124671936035 562.2396850585938 -0.48793283104896545
34.50446319580078 560.364501953125 -0.48793283104896545
38.03767776489258 558.4893188476562 -0.48793283104896545
41.21303939819336 556.728271484375 -0.5248104333877563
44.321311950683594 554.851318359375 -0.5616880059242249
47.35826873779297 552.8610229492188 -0.5985655784606934
50.31978225708008 550.7601318359375 -0.6354431509971619
53.20182418823242 548.551513671875 -0.6723207235336304
56.0004768371582 546.2380981445312 -0.7091982960700989
58.71193313598633 543.8230590820312 -0.7460758686065674
61.33250427246094 541.3096923828125 -0.7829534411430359
63.8586311340332 538.701416015625 -0.8198310136795044
66.28687286376953 536.0018310546875 -0.8567085862159729
68.61392974853516 533.2145385742188 -0.8935861587524414
70.83663940429688 530.3433227539062 -0.9304637312889099
72.95198059082031 527.39208984375 -0.9673413038253784
74.95707702636719 524.3648681640625 -1.0042189359664917
76.84919738769531 521.2658081054688 -1.041096568107605
78.62577056884766 518.09912109375 -1.0779742002487183
80.28438568115234 514.8690795898438 -1.1148518323898315
81.8227767944336 511.5800476074219 -1.1517294645309448
83.23886108398438 508.2365417480469 -1.188607096672058
84.53070831298828 504.8431091308594 -1.2254847288131714
85.69656372070312 501.40435791015625 -1.2623623609542847
86.73484802246094 497.9249572753906 -1.299239993095398
87.80776977539062 494.071533203125 -1.299239993095398
88.88069152832031 490.2181091308594 -1.299239993095398
89.95361328125 486.36468505859375 -1.299239993095398
91.02653503417969 482.5112609863281 -1.299239993095398
92.09945678710938 478.6578369140625 -1.299239993095398
93.17237854003906 474.8044128417969 -1.299239993095398
94.24530029296875 470.95098876953125 -1.299239993095398
95.31822204589844 467.0975646972656 -1.299239993095398
96.39114379882812 463.244140625 -1.299239993095398
97.46406555175781 459.3907165527344 -1.299239993095398
98.5369873046875 455.53729248046875 -1.299239993095398
99.60990905761719 451.6838684082031 -1.299239993095398
100.68283081054688 447.8304443359375 -1.299239993095398
101.75575256347656 443.9770202636719 -1.299239993095398
102.82867431640625 440.12359619140625 -1.299239993095398
103.90159606933594 436.2701721191406 -1.299239993095398
104.97451782226562 432.416748046875 -1.299239993095398
106.04743957519531 428.5633239746094 -1.299239993095398
107.120361328125 424.70989990234375 -1.299239993095398
108.19328308105469 420.8564758300781 -1.299239993095398
109.26620483398438 417.0030517578125 -1.299239993095398
110.33912658691406 413.1496276855469 -1.299239993095398
111.41204833984375 409.29620361328125 -1.299239993095398
112.48497009277344 405.4427795410156 -1.299239993095398
113.55789184570312 401.58935546875 -1.299239993095398
114.63081359863281 397.7359313964844 -1.299239993095398
115.7037353515625 393.88250732421875 -1.299239993095398
116.77665710449219 390.0290832519531 -1.299239993095398
117.7010269165039 386.4812316894531 -1.332594871520996
118.5065689086914 382.904541015625 -1.3659497499465942
119.1923828125 379.302978515625 -1.3993046283721924
119.7577133178711 375.6805419921875 -1.4326595067977905
120.20191955566406 372.041259765625 -1.4660143852233887
120.52452087402344 368.3891906738281 -1.4993692636489868
120.72515106201172 364.7283935546875 -1.532724142074585
120.80358123779297 361.0629577636719 -1.566079020500183
120.75973510742188 357.3969421386719 -1.5994338989257812
120.59365844726562 353.73443603515625 -1.6327887773513794
120.30552673339844 350.0794982910156 -1.6661436557769775
119.89566802978516 346.4361877441406 -1.6994985342025757
119.36355590820312 342.8371887207031 -1.7356678247451782
118.70164489746094 339.2597961425781 -1.7718371152877808
117.91080474853516 335.70867919921875 -1.8080064058303833
116.99207305908203 332.1884765625 -1.8441756963729858
115.94664764404297 328.70379638671875 -1.8803449869155884
114.77589416503906 325.25921630859375 -1.916514277458191
113.4813461303711 321.8592224121094 -1.9526835680007935
112.064697265625 318.5082702636719 -1.988852858543396
110.52779388427734 315.2107238769531 -2.025022268295288
108.8726577758789 311.9709167480469 -2.0611915588378906
107.10144805908203 308.7930908203125 -2.097360849380493
105.21647644042969 305.681396484375 -2.1335301399230957
103.22021484375 302.639892578125 -2.1696994304656982
101.11527252197266 299.67254638671875 -2.205868721008301
98.90440368652344 296.78326416015625 -2.2420380115509033
96.59049987792969 293.975830078125 -2.278207302093506
94.17658996582031 291.25390625 -2.3143765926361084
91.66583251953125 288.6210632324219 -2.350545883178711
89.06150817871094 286.0807189941406 -2.3867151737213135
86.36702728271484 283.63623046875 -2.422884464263916
83.58590698242188 281.290771484375 -2.4590537548065186
80.72179412841797 279.0473937988281 -2.495223045349121
77.52869415283203 276.6382141113281 -2.495223045349121
74.3355941772461 274.2290344238281 -2.495223045349121
71.14249420166016 271.8198547363281 -2.495223045349121
68.20410919189453 269.6867370605469 -2.5321006774902344
65.18907928466797 267.66339111328125 -2.5689783096313477
65.18907928466797 267.66339111328125 -2.605855941772461
65.18907928466797 267.66339111328125 -2.6426994800567627
64.67415618896484 267.48919677734375 -2.988069534301758
64.67415618896484 267.48919677734375 2.9497456550598145
64.67415618896484 267.48919677734375 2.6043756008148193
64.67415618896484 267.48919677734375 2.259005546569824
64.67415618896484 267.48919677734375 1.9136353731155396
64.67415618896484 267.48919677734375 1.5136353969573975
64.67415618896484 267.48919677734375 1.1136354207992554
64.67415618896484 267.48919677734375 0.7136354446411133
64.67415618896484 267.48919677734375 0.3136354386806488
64.67415618896484 267.48919677734375 -0.08636456727981567
68.28524780273438 267.1093444824219 -0.12324216216802597
71.8798828125 266.59661865234375 -0.16011975705623627
75.45317077636719 265.95172119140625 -0.19699734449386597
79.00025177001953 265.1755065917969 -0.23387494683265686
82.51630401611328 264.26904296875 -0.27075254917144775
85.99654388427734 263.2335510253906 -0.30763015151023865
89.43624114990234 262.0704650878906 -0.34450775384902954
92.83071899414062 260.7813415527344 -0.38138535618782043
96.17535400390625 259.3679504394531 -0.41826295852661133
99.46560668945312 257.83221435546875 -0.4551405608654022
102.6969985961914 256.17620849609375 -0.4920181632041931
105.86514282226562 254.4021759033203 -0.5288957357406616
108.9657211303711 252.51254272460938 -0.5657733082771301
111.99452209472656 250.5098876953125 -0.6026508808135986
112.38272857666016 250.12942504882812 -0.9480236768722534
114.71588897705078 246.88037109375 -0.9480236768722534
117.0490493774414 243.63131713867188 -0.9480236768722534
119.38220977783203 240.38226318359375 -0.9480236768722534
121.71537017822266 237.13320922851562 -0.9480236768722534
124.04853057861328 233.8841552734375 -0.9480236768722534
126.3816909790039 230.63510131835938 -0.9480236768722534
128.71484375 227.38604736328125 -0.9480236768722534
131.04800415039062 224.13699340820312 -0.9480236768722534
133.11105346679688 221.1492462158203 -0.9849216341972351
135.32276916503906 217.8163299560547 -0.9849216341972351
137.53448486328125 214.48341369628906 -0.9849216341972351
139.74620056152344 211.15049743652344 -0.9849216341972351
141.69776916503906 208.08853149414062 -1.0217992067337036
143.78509521484375 204.6763458251953 -1.0217992067337036
145.87242126464844 201.26416015625 -1.0217992067337036
147.70977783203125 198.13232421875 -1.058676838874817
149.6698760986328 194.64549255371094 -1.058676838874817
151.3905029296875 191.4480438232422 -1.0955544710159302
153.22071838378906 187.8913116455078 -1.0955544710159302
155.05093383789062 184.33457946777344 -1.0955544710159302
156.6525115966797 181.07586669921875 -1.1324321031570435
156.6525115966797 181.07586669921875 -1.5324320793151855
156.7254180908203 177.44276428222656 -1.5690276622772217
156.63296508789062 176.9071044921875 -1.9143978357315063
156.63296508789062 176.9071044921875 -2.3143978118896484
156.63296508789062 176.9071044921875 -2.71439790725708
153.30108642578125 175.46389770507812 -2.7512755393981934
153.30108642578125 175.46389770507812 3.1319096088409424
153.30108642578125 175.46389770507812 2.7319095134735107
149.63209533691406 177.0571746826172 2.7319095134735107
145.96310424804688 178.65045166015625 2.7319095134735107
142.2941131591797 180.2437286376953 2.7319095134735107
138.99085998535156 181.7511749267578 2.6950268745422363
135.74539184570312 183.37942504882812 2.658149242401123
132.56214904785156 185.126220703125 2.6212716102600098
129.4454803466797 186.98919677734375 2.5843939781188965
126.39962005615234 188.9658203125 2.547516345977783
123.42870330810547 191.0533905029297 2.51063871383667
120.53677368164062 193.24908447265625 2.4737610816955566
117.72776794433594 195.54989624023438 2.4368834495544434
115.00550079345703 197.9527130126953 2.40000581741333
112.37367248535156 200.4542694091797 2.363128185272217
109.83586120605469 203.05116271972656 2.3262505531311035
107.39552307128906 205.73985290527344 2.2893729209899902
105.05597686767578 208.51669311523438 2.252495288848877
102.82039642333984 211.37789916992188 2.2156176567077637
100.69182586669922 214.319580078125 2.1787400245666504
98.67316436767578 217.33773803710938 2.141862392425537
98.46229553222656 217.83876037597656 1.7964922189712524
97.71511840820312 221.39207458496094 1.7596145868301392
97.09945678710938 224.97052001953125 1.7227369546890259
96.61614990234375 228.56922912597656 1.6858593225479126
96.26585388183594 232.1833038330078 1.6489816904067993
96.04904174804688 235.80784606933594 1.612104058265686
95.96601104736328 239.4379119873047 1.5752264261245728
96.01687622070312 243.06857299804688 1.5383487939834595
96.14664459228516 247.06646728515625 1.5383487939834595
96.33133697509766 250.69277954101562 1.5014711618423462
96.64959716796875 254.30982971191406 1.464593529701233
97.0736083984375 258.28729248046875 1.464593529701233
97.49761962890625 262.2647705078125 1.464593529701233
97.94902801513672 265.86761474609375 1.4277158975601196
98.51940155029297 269.8267517089844 1.4277158975601196
99.08977508544922 273.785888671875 1.4277158975601196
99.6737060546875 277.3696594238281 1.3908382654190063
99.6737060546875 277.3696594238281 0.9908382892608643
101.73365020751953 280.40252685546875 0.9574834108352661
103.89359283447266 283.364990234375 0.924128532409668
106.15113067626953 286.2537841796875 0.8907736539840698
108.50374603271484 289.0657043457031 0.8574187755584717
110.9488296508789 291.7975769042969 0.8240638971328735
113.66580963134766 294.73321533203125 0.8240638971328735
116.3827896118164 297.6688537597656 0.8240638971328735
119.09976959228516 300.6044921875 0.8240638971328735
121.8167495727539 303.5401306152344 0.8240638971328735
124.53372955322266 306.47576904296875 0.8240638971328735
127.2507095336914 309.4114074707031 0.8240638971328735
129.76576232910156 312.0303039550781 0.78718501329422
132.37567138671875 314.5547180175781 0.7503074407577515
135.07688903808594 316.9811706542969 0.713429868221283
137.86572265625 319.306396484375 0.6765522956848145
137.86572265625 319.306396484375 0.27655228972435
138.40638732910156 319.3627624511719 -0.0688178539276123
138.9342041015625 319.2327575683594 -0.4141879975795746
138.9342041015625 319.2327575683594 -0.8141880035400391
138.9342041015625 319.2327575683594 -1.2141879796981812
138.9342041015625 319.2327575683594 -1.6141879558563232
138.9342041015625 319.2327575683594 -2.014188051223755
137.2181854248047 315.6195373535156 -2.014188051223755
135.50216674804688 312.0063171386719 -2.014188051223755
133.78614807128906 308.3930969238281 -2.014188051223755
132.07012939453125 304.7798767089844 -2.014188051223755
130.35411071777344 301.1666564941406 -2.014188051223755
128.63809204101562 297.5534362792969 -2.014188051223755
126.92206573486328 293.9402160644531 -2.014188051223755
125.20603942871094 290.3269958496094 -2.014188051223755
123.4900131225586 286.7137756347656 -2.014188051223755
121.77398681640625 283.1005554199219 -2.014188051223755
120.0579605102539 279.4873352050781 -2.014188051223755
118.34193420410156 275.8741149902344 -2.014188051223755
116.62590789794922 272.2608947753906 -2.014188051223755
114.90988159179688 268.6476745605469 -2.014188051223755
113.19385528564453 265.0344543457031 -2.014188051223755
111.47782897949219 261.4212341308594 -2.014188051223755
109.76180267333984 257.8080139160156 -2.014188051223755
108.0457763671875 254.19480895996094 -2.014188051223755
106.32975006103516 250.58160400390625 -2.014188051223755
104.61372375488281 246.96839904785156 -2.014188051223755
102.99578857421875 243.7177734375 -2.051065683364868
101.25914001464844 240.52911376953125 -2.087953567504883
99.281494140625 237.0522003173828 -2.087953567504883
97.30384826660156 233.57528686523438 -2.087953567504883
95.32620239257812 230.09837341308594 -2.087953567504883
93.34855651855469 226.6214599609375 -2.087953567504883
91.37091064453125 223.14454650878906 -2.087953567504883
89.39326477050781 219.66763305664062 -2.087953567504883
87.41561889648438 216.1907196044922 -2.087953567504883
85.43797302246094 212.71380615234375 -2.087953567504883
83.4603271484375 209.2368927001953 -2.087953567504883
81.48268127441406 205.75997924804688 -2.087953567504883
79.62957763671875 202.63743591308594 -2.124831199645996
77.66260528564453 199.5853271484375 -2.1617088317871094
75.43412780761719 196.2635955810547 -2.1617088317871094
73.35596466064453 193.2860870361328 -2.1985864639282227
71.16944122314453 190.38722229003906 -2.235464096069336
68.8777084350586 187.5712890625 -2.2723796367645264
66.2959976196289 184.51600646972656 -2.2723796367645264
63.904197692871094 181.7904052734375 -2.309734344482422
61.41114044189453 179.15428161621094 -2.3468849658966064
58.60916519165039 176.29965209960938 -2.3468849658966064
56.01874542236328 173.75628662109375 -2.383836030960083
53.11322784423828 171.00711059570312 -2.383836030960083
50.43305969238281 168.5643768310547 -2.421182155609131
47.426918029785156 165.92559814453125 -2.421182155609131
44.654380798339844 163.58096313476562 -2.458059787750244
41.55299377441406 161.05482482910156 -2.458059787750244
38.45160675048828 158.5286865234375 -2.458059787750244
35.3502197265625 156.00254821777344 -2.458059787750244
35.3502197265625 156.00254821777344 -2.458059787750244
35.3502197265625 156.00254821777344 -2.458059787750244
35.3502197265625 156.00254821777344 -2.458059787750244
35.3502197265625 156.00254821777344 -2.458059787750244
35.3502197265625 156.00254821777344 -2.458059787750244
35.3502197265625 156.00254821777344 -2.458059787750244
35.3502197265625 156.00254821777344 -2.458059787750244
35.3502197265625 156.00254821777344 -2.458059787750244
35.3502197265625 156.00254821777344 -2.458059787750244
35.3502197265625 156.00254821777344 -2.458059787750244
