-390.0
-390.0
-390.0
-390.0
-390.0
-390.0
-386.00388495992144
-382.0078510730543
-378.01190091305557
-374.01603716351383
-370.0202626238791
-366.0245802157804
-362.028992989761
-358.0335041324636
-354.038116974302
-350.0428349976565
-346.0476618456364
-342.0526013314554
-338.05765744847065
-334.06283438094067
-330.068136515563
-326.0735684538586
-322.0791350254754
-318.0848413024926
-314.0906926148142
-310.0966945667493
-306.10285305488776
-302.10917428739054
-301.1818317883755
-297.4444975141044
-293.71408292997387
-289.9908550788005
-286.2750943676955
-282.56709537575813
-278.8671677177387
-275.17563696790967
-271.492845648715
-267.8191542891209
-264.1549425579685
-260.50061047803354
-256.85657972692354
-253.22329503140003
-249.60122566218757
-245.9908670368351
-242.39274243871714
-238.80740486080288
-235.23543898337542
-231.6774632954445
-228.13413237015524
-224.60613930504164
-221.09421833849206
-217.59914765426495
-214.12175238629348
-210.66290783631686
-207.223542917036
-203.80464383346512
-203.80464383346512
-203.80464383346512
-203.80464383346512
-203.80464383346512
-203.80464383346512
-203.80464383346512
-203.80464383346512
-203.80464383346512
-203.80464383346512
-203.80464383346512
