60.0 450.0 0.38539817929267883
60.0 450.0 -0.014601826667785645
60.0 450.0 -0.4146018326282501
60.0 450.0 -0.8146018385887146
60.0 450.0 -1.2146018743515015
60.0 450.0 -1.6146018505096436
60.0 450.0 -2.014601945877075
58.2824821472168 446.38751220703125 -2.014601945877075
56.564964294433594 442.7750244140625 -2.014601945877075
54.84744644165039 439.16253662109375 -2.014601945877075
53.12992858886719 435.550048828125 -2.014601945877075
51.412410736083984 431.93756103515625 -2.014601945877075
49.69489288330078 428.3250732421875 -2.014601945877075
47.97737503051758 424.71258544921875 -2.014601945877075
46.259857177734375 421.10009765625 -2.014601945877075
44.54233932495117 417.48760986328125 -2.014601945877075
42.82482147216797 413.8751220703125 -2.014601945877075
41.107303619384766 410.26263427734375 -2.014601945877075
39.38978576660156 406.650146484375 -2.014601945877075
37.67226791381836 403.03765869140625 -2.014601945877075
35.954750061035156 399.4251708984375 -2.014601945877075
34.23723220825195 395.81268310546875 -2.014601945877075
32.51971435546875 392.2001953125 -2.014601945877075
30.802196502685547 388.58770751953125 -2.014601945877075
29.084678649902344 384.9752197265625 -2.014601945877075
27.36716079711914 381.36273193359375 -2.014601945877075
25.649642944335938 377.750244140625 -2.014601945877075
23.932125091552734 374.13775634765625 -2.014601945877075
22.21460723876953 370.5252685546875 -2.014601945877075
22.21460723876953 370.5252685546875 -2.414602041244507
22.21460723876953 370.5252685546875 -2.8146021366119385
22.21460723876953 370.5252685546875 3.0685830116271973
22.21460723876953 370.5252685546875 2.6685829162597656
22.21460723876953 370.5252685546875 2.268582820892334
22.21460723876953 370.5252685546875 1.868582844734192
21.040987014770508 374.3492126464844 1.868582844734192
19.867366790771484 378.17315673828125 1.868582844734192
18.69374656677246 381.9971008300781 1.868582844734192
18.69374656677246 381.9971008300781 1.4685828685760498
19.10188865661621 385.9762268066406 1.4685828685760498
19.51003074645996 389.9553527832031 1.4685828685760498
19.91817283630371 393.9344787597656 1.4685828685760498
20.32631492614746 397.9136047363281 1.4685828685760498
20.73445701599121 401.8927307128906 1.4685828685760498
21.14259910583496 405.8718566894531 1.4685828685760498
21.55074119567871 409.8509826660156 1.4685828685760498
21.95888328552246 413.8301086425781 1.4685828685760498
22.36702537536621 417.8092346191406 1.4685828685760498
22.77516746520996 421.7883605957031 1.4685828685760498
22.77516746520996 421.7883605957031 1.0685828924179077
22.77516746520996 421.7883605957031 0.6685829162597656
22.77516746520996 421.7883605957031 0.26858291029930115
22.77516746520996 421.7883605957031 -0.13141709566116333
22.77516746520996 421.7883605957031 -0.5314171314239502
22.77516746520996 421.7883605957031 -0.9314171075820923
22.77516746520996 421.7883605957031 -1.3314170837402344
23.72356605529785 417.90240478515625 -1.3314170837402344
24.671964645385742 414.0164489746094 -1.3314170837402344
25.620363235473633 410.1304931640625 -1.3314170837402344
26.568761825561523 406.2445373535156 -1.3314170837402344
27.517160415649414 402.35858154296875 -1.3314170837402344
28.465559005737305 398.4726257324219 -1.3314170837402344
29.413957595825195 394.586669921875 -1.3314170837402344
30.362356185913086 390.7007141113281 -1.3314170837402344
31.310754776000977 386.81475830078125 -1.3314170837402344
32.259151458740234 382.9288024902344 -1.3314170837402344
33.207550048828125 379.0428466796875 -1.3314170837402344
34.155948638916016 375.1568908691406 -1.3314170837402344
35.104347229003906 371.27093505859375 -1.3314170837402344
36.0527458190918 367.3849792480469 -1.3314170837402344
36.0527458190918 367.3849792480469 -1.7314170598983765
35.413021087646484 363.43646240234375 -1.7314170598983765
34.77329635620117 359.4879455566406 -1.7314170598983765
34.13357162475586 355.5394287109375 -1.7314170598983765
33.49384689331055 351.5909118652344 -1.7314170598983765
32.854122161865234 347.64239501953125 -1.7314170598983765
32.21439743041992 343.6938781738281 -1.7314170598983765
31.57467269897461 339.745361328125 -1.7314170598983765
30.934947967529297 335.7968444824219 -1.7314170598983765
30.295223236083984 331.84832763671875 -1.7314170598983765
29.655498504638672 327.8998107910156 -1.7314170598983765
29.01577377319336 323.9512939453125 -1.7314170598983765
28.376049041748047 320.0027770996094 -1.7314170598983765
27.736324310302734 316.05426025390625 -1.7314170598983765
27.096599578857422 312.1057434082031 -1.7314170598983765
26.45687484741211 308.1572265625 -1.7314170598983765
25.817150115966797 304.2087097167969 -1.7314170598983765
25.177425384521484 300.26019287109375 -1.7314170598983765
24.537700653076172 296.3116760253906 -1.7314170598983765
23.89797592163086 292.3631591796875 -1.7314170598983765
23.258251190185547 288.4146423339844 -1.7314170598983765
22.618526458740234 284.46612548828125 -1.7314170598983765
21.978801727294922 280.5176086425781 -1.7314170598983765
21.33907699584961 276.569091796875 -1.7314170598983765
20.699352264404297 272.6205749511719 -1.7314170598983765
20.059627532958984 268.67205810546875 -1.7314170598983765
19.419902801513672 264.7235412597656 -1.7314170598983765
18.78017807006836 260.7750244140625 -1.7314170598983765
18.78017807006836 260.7750244140625 -1.7314170598983765
18.78017807006836 260.7750244140625 -1.7314170598983765
18.78017807006836 260.7750244140625 -1.7314170598983765
18.78017807006836 260.7750244140625 -1.7314170598983765
18.78017807006836 260.7750244140625 -1.7314170598983765
18.78017807006836 260.7750244140625 -1.7314170598983765
18.78017807006836 260.7750244140625 -1.7314170598983765
18.78017807006836 260.7750244140625 -1.7314170598983765
18.78017807006836 260.7750244140625 -1.7314170598983765
18.78017807006836 260.7750244140625 -1.7314170598983765
