-391.3375019350831
-392.3541320233681
-393.0158386657441
-393.3005964194211
-393.19892511320955
-392.71422591066306
-391.8626148075442
-390.67248874350446
-389.18391641325286
-387.4474350644367
-385.5227986462866
-383.47708190498446
-381.3827357571596
-379.31506890995956
-375.4486484950304
-371.5850557100135
-367.7243796826288
-363.8667132544908
-360.01215317259624
-356.160800292513
-352.3127597940914
-348.4681414105834
-344.62705967212577
-340.78963416461903
-336.95598980511716
-333.1262571791148
-329.3005726932204
-325.47907909310817
-321.66192574784213
-317.84926902797883
-314.04127270906343
-310.23810840245574
-306.43995601559055
-302.6470042439508
-298.85945109722815
-295.0775044623577
-291.30138270634177
-287.53131532203264
-283.767543620315
-280.01032147243126
-276.58301266036506
-272.8870626706399
-269.1998047755011
-265.52160109256295
-261.8528331711925
-258.193903239861
-254.54523554394234
-250.9072777809355
-247.2805026406045
-243.6654094580775
-240.0625259885165
-236.47241031256445
-232.8956528823854
-229.33287871873785
-225.78474977014315
-222.25196744582723
-218.73527533470224
-215.23546212319891
-211.7533647252342
-208.28987163796796
-204.8459265372303
-204.8459265372303
-204.8459265372303
-204.8459265372303
-204.8459265372303
-204.8459265372303
-204.8459265372303
-204.8459265372303
-204.8459265372303
-204.8459265372303
-204.8459265372303
