-390.0
-390.0
-393.99957708304515
-397.9991626503503
-401.9987564486794
-405.99835823477474
-409.99796777487006
-413.99758484423245
-417.99720922672986
-421.9968407144239
-425.99647910718494
-429.99612421232916
-433.9957758442753
-437.9954338242206
-441.99509797983404
-445.99476814496614
-449.99444415937427
-453.9941258684626
-453.9941258684626
-457.66137765849123
-461.3341600715843
-465.0123420610764
-468.69579650428733
-472.38440006411776
-476.0780330561073
-479.7765793207239
-483.4799261006657
-487.18796392296355
-490.90058648568333
-494.6176905490343
-498.3391758306987
-502.0649449052056
-502.0649449052056
-502.17464495028975
-502.17464495028975
-502.17464495028975
-502.17464495028975
-502.17464495028975
-498.4776115745972
-498.4776115745972
-494.4777301449543
-490.4778502210608
-486.4779718400581
-482.4780950403191
-478.4782198615
-474.47834634459406
-470.47847453198864
-466.4786044675248
-462.47873619656036
-458.478869766036
-454.4790052245448
-450.4791121374481
-446.47922104163655
-442.47933199111196
-438.4794450418469
-434.47956025187483
-430.4796776813863
-426.47979739282977
-422.47991945101865
-418.48004392324424
-414.4801708793955
-410.4803003920852
-406.48043253678435
-402.48056739196403
-398.4807050392459
-394.48084556356196
-390.48098905332427
-386.4811356006048
-382.48128530132686
-378.48143825546856
-374.48159456727956
-370.4817543455113
-366.48191770366304
-362.48208476024337
-358.4822556390501
-354.48243046946834
-350.4826093867895
-346.4827925325519
-342.48298005490597
-342.2951552983
-342.2951552983
-342.2951552983
-340.8312906628445
-339.4082556245045
-338.0265658409011
-336.6867303284652
-335.38925069433543
-334.1346203557758
-332.9233237492449
-331.75583553141337
-330.6326197745821
-329.554129159105
-328.520804165557
-327.533072269516
-327.533072269516
-327.533072269516
-327.533072269516
-330.80957025621825
-334.10182566715605
-337.40937724576764
-340.73177954346124
-344.06860235505087
-347.4194301712117
-350.7838616479496
-354.1615090930032
-357.5519979690311
-360.954966413382
-364.3700647741971
-367.79695516255504
-371.23531102033866
-374.6848167034737
-378.1451670801717
-381.61606714378956
-385.0972316399103
-388.58838470723657
-392.08925953188634
-395.59959801467653
-399.11915045097936
-402.6476752227392
-406.18493850224
-406.47961946203367
-406.47961946203367
-406.47961946203367
-406.47961946203367
-406.47961946203367
-406.47961946203367
-406.47961946203367
-406.47961946203367
-406.47961946203367
-402.48590111490586
-398.4923090665613
-394.49884715264466
-390.50551936557247
-386.51232986261795
-382.5192829745015
-378.52638321452343
-374.5336352882791
-370.5410441040006
-366.5486147835729
-362.5563526742749
-358.5642633613034
-354.57235268114044
-350.58062673583066
-346.58909190824295
-342.59775487839534
-338.60662264093054
-334.61570252383837
-330.62500220852957
-326.6345297513757
-322.6442936068425
-318.65430265235454
-314.66456621504466
-310.67509410055703
-306.68589662408937
-302.6969846438798
-302.19828199646685
-302.01731629113846
-298.8543538520414
-295.71166717753636
-292.5899096098363
-289.4897582265106
-286.4119165017509
-283.3571096256242
-280.32609065441943
-277.31963957284245
-274.338564093808
-271.38370045069627
-268.45591417697204
-265.5561008673949
-262.68518691432513
-259.84413021185134
-257.033920819632
-254.2555815774589
-251.51016866061414
-248.79877206511483
-246.12251601092302
-246.12251601092302
-246.12251601092302
-246.12251601092302
-246.12251601092302
-246.12251601092302
-246.12251601092302
-246.12251601092302
-249.6359165064795
-249.79278237014856
-249.88584463315175
-249.88584463315175
-249.88584463315175
-249.88584463315175
-246.8084737528751
-243.7578927062881
-240.73511993305735
-237.7412161446631
-234.7772857643813
-231.844478347066
-228.94398996554372
-226.07706677009367
-223.24499941165124
-220.4491312529022
-217.6908570494471
-214.97162389626843
-212.29293201420282
-209.65633534593596
-207.0634419280732
-204.51591400286162
-202.01546783022238
-199.56387315797843
-197.16296741890025
-194.81460910682537
-194.81460910682537
-191.4193905238999
-188.0479571302518
-184.70161141258177
-181.3817419178989
-178.08982932543287
-174.82745288534045
-171.5962972234939
-168.39815950441675
-165.2349569351471
-162.10873458104732
-159.02167344988095
-155.97609878233365
-152.97448846502357
-150.01948145537153
-147.11388607594148
-144.2606879985508
-141.46305769524758
-138.72435708406175
-136.04814504250768
-136.04814504250768
-132.4555257740574
-128.88690713310334
-125.34433906751774
-121.83009365031288
-118.34669440613006
-114.89694691467935
-111.48397516779767
-108.11126214949296
-104.78269543842354
-101.50261818578495
-98.27588569552469
-98.27588569552469
-98.27588569552469
-98.27588569552469
-98.27588569552469
-98.27588569552469
-98.2570171022863
-98.2570171022863
-98.2570171022863
-98.2570171022863
-98.2570171022863
-98.2570171022863
-98.2570171022863
-98.2570171022863
-98.2570171022863
-98.2570171022863
-98.2570171022863
