57.94166564941406 448.184814453125 0.6600157618522644
55.6724967956543 446.64129638671875 0.5346333384513855
53.22811508178711 445.3936462402344 0.4092509150505066
50.64690017700195 444.46148681640625 0.2838684916496277
47.96937561035156 443.85943603515625 0.15848606824874878
45.237579345703125 443.5969543457031 0.03310364484786987
42.49440383911133 443.6781311035156 -0.09227877855300903
39.78291320800781 444.1017150878906 -0.21766120195388794
37.14568328857422 444.8610534667969 -0.34304362535476685
34.624114990234375 445.9442443847656 -0.46842604875564575
32.25779724121094 447.3342590332031 -0.5938084721565247
30.083885192871094 449.00927734375 -0.7191908955574036
28.136507034301758 450.9430236816406 -0.8445733189582825
26.446237564086914 453.1051025390625 -0.9699557423591614
25.039613723754883 455.4615783691406 -1.0953381061553955
25.039613723754883 455.4615783691406 -1.4953380823135376
24.738067626953125 459.4501953125 -1.4953380823135376
24.738067626953125 459.4501953125 -1.8953380584716797
24.738067626953125 459.4501953125 -2.2953381538391113
24.738067626953125 459.4501953125 -2.695338249206543
27.26599884033203 460.4674987792969 -2.822659492492676
29.90264129638672 461.15557861328125 -2.9499807357788086
32.60529708862305 461.5032958984375 -3.077303409576416
35.34967041015625 461.5076904296875 3.0804994106292725
38.07304763793945 461.1688537597656 2.9551169872283936
40.73267364501953 460.4920959472656 2.8297345638275146
43.29008865356445 459.48724365234375 2.7046875953674316
46.91435241699219 457.7947082519531 2.7046875953674316
50.53861618041992 456.1021728515625 2.7046875953674316
54.162879943847656 454.4096374511719 2.7046875953674316
57.78714370727539 452.71710205078125 2.7046875953674316
60.07243728637695 451.4503173828125 2.566187858581543
63.38240051269531 449.2919921875 2.5613369941711426
65.57881164550781 447.6465759277344 2.4359545707702637
67.55221557617188 445.7394104003906 2.3105721473693848
69.2716293334961 443.6004333496094 2.185189723968506
70.7100601196289 441.26324462890625 2.059807300567627
71.84492492675781 438.7644958496094 1.934424877166748
72.65840148925781 436.1434631347656 1.8090424537658691
73.1377182006836 433.4412536621094 1.6836600303649902
73.27535247802734 430.7003173828125 1.5582776069641113
73.06914520263672 427.96368408203125 1.4328951835632324
72.52233123779297 425.2743225097656 1.3075127601623535
71.64349365234375 422.6744689941406 1.1821303367614746
70.4464340209961 420.2049255371094 1.0567479133605957
68.94994354248047 417.90447998046875 0.9313654899597168
67.17752075195312 415.8092346191406 0.8059830665588379
65.15699005126953 413.95208740234375 0.680600643157959
62.92007064819336 412.3621826171875 0.5552182197570801
60.501888275146484 411.0644836425781 0.42983579635620117
57.940406799316406 410.0793762207031 0.30445337295532227
55.275840759277344 409.4223327636719 0.17907094955444336
52.550025939941406 409.1036682128906 0.05368852615356445
49.80575942993164 409.1283874511719 -0.07169389724731445
48.26173400878906 409.4299011230469 -0.3139897286891937
46.835147857666016 410.0930480957031 -0.556285560131073
44.59992980957031 411.6853332519531 -0.6816679835319519
42.58137893676758 413.5446472167969 -0.8070504069328308
40.811187744140625 415.64178466796875 -0.9324328303337097
39.3171501159668 417.94384765625 -1.0578153133392334
38.12272262573242 420.4146728515625 -1.1831977367401123
37.70848846435547 421.9323425292969 -1.425493597984314
37.70848846435547 421.9323425292969 -1.825493574142456
37.70848846435547 421.9323425292969 -2.2254936695098877
37.70848846435547 421.9323425292969 -2.6254937648773193
40.15925979614258 423.1235656738281 -2.752815008163452
42.741455078125 423.99395751953125 -2.880136251449585
45.41326904296875 424.5294189453125 -3.0074574947357178
48.1506462097168 424.7253112792969 -3.1328399181365967
50.89103317260742 424.5773620605469 3.024962902069092
53.59140396118164 424.0878601074219 2.899580478668213
56.20936584472656 423.2645263671875 2.774198055267334
58.70384216308594 422.1202392578125 2.6488184928894043
61.040306091308594 420.6709289550781 2.5239436626434326
63.32305145263672 418.8558654785156 2.4157252311706543
65.2224349975586 416.9360656738281 2.2859749794006348
67.84544372558594 413.9161682128906 2.2859749794006348
69.51173400878906 411.7355651855469 2.160592555999756
70.89225006103516 409.3636779785156 2.035210132598877
71.96531677246094 406.8377685546875 1.909827709197998
72.71408081054688 404.197509765625 1.7844452857971191
73.12679290771484 401.4843444824219 1.6590628623962402
73.19697570800781 398.7408752441406 1.5336804389953613
72.92352294921875 396.0101623535156 1.4082980155944824
72.31072998046875 393.3350830078125 1.2829155921936035
71.36821746826172 390.75762939453125 1.1575331687927246
70.11077880859375 388.3182678222656 1.0321507453918457
68.55815887451172 386.0552978515625 0.9067683219909668
66.73473358154297 384.0042724609375 0.7813858985900879
64.66913604736328 382.1973571777344 0.656003475189209
62.39379119873047 380.6629333496094 0.5306210517883301
59.94442367553711 379.42510986328125 0.40523862838745117
57.35948944091797 378.5032958984375 0.27985620498657227
54.67957305908203 377.9119873046875 0.15447378158569336
54.67957305908203 377.9119873046875 -0.24552622437477112
54.67957305908203 377.9119873046875 -0.6455262303352356
52.595157623291016 379.6971435546875 -0.7709086537361145
50.75034713745117 381.7289733886719 -0.8962910771369934
49.17410659790039 383.9755554199219 -1.0216734409332275
47.89118194580078 386.401611328125 -1.1470558643341064
46.921714782714844 388.96905517578125 -1.2724382877349854
46.28092575073242 391.6375732421875 -1.3978207111358643
46.19942855834961 393.2086486816406 -1.640116572380066
46.47648620605469 397.19903564453125 -1.640116572380066
46.753543853759766 401.1894226074219 -1.640116572380066
47.030601501464844 405.1798095703125 -1.640116572380066
47.30765914916992 409.1701965332031 -1.640116572380066
47.584716796875 413.16058349609375 -1.640116572380066
47.584716796875 413.16058349609375 -2.040116548538208
47.584716796875 413.16058349609375 -2.4401166439056396
47.584716796875 413.16058349609375 -2.8401167392730713
50.232967376708984 413.8025207519531 -2.967437982559204
52.960304260253906 414.1077880859375 -3.0928215980529785
55.70441436767578 414.069580078125 3.06498122215271
58.42220687866211 413.6885070800781 2.939598798751831
61.07101058959961 412.9705505371094 2.814216375350952
63.60923767089844 411.927001953125 2.6888339519500732
65.99703979492188 410.57421875 2.5634515285491943
68.19692993164062 408.9334716796875 2.4380691051483154
70.17436218261719 407.0304870605469 2.3126866817474365
71.89830017089844 404.8951416015625 2.1873042583465576
73.34166717529297 402.56097412109375 2.0619218349456787
74.4818115234375 400.06463623046875 1.9365394115447998
75.30082702636719 397.4453125 1.811156988143921
75.78585815429688 394.744140625 1.685774564743042
75.92929077148438 392.0035095214844 1.560392141342163
75.72886657714844 389.2664489746094 1.4350097179412842
75.18773651123047 386.5759582519531 1.3096272945404053
74.31439971923828 383.9742431640625 1.1842448711395264
73.12255859375 381.5021667480469 1.0588624477386475
71.63093566894531 379.19854736328125 0.9334800243377686
69.86294555664062 377.09954833984375 0.8080976009368896
67.84634399414062 375.2381286621094 0.6827151775360107
65.61279296875 373.64349365234375 0.5573327541351318
63.19736099243164 372.3406982421875 0.43195033073425293
60.637969970703125 371.3501892089844 0.306567907333374
60.637969970703125 371.3501892089844 -0.09343209862709045
60.637969970703125 371.3501892089844 -0.49343210458755493
58.32504653930664 372.7909240722656 -0.6207534074783325
56.21378707885742 374.513671875 -0.7480747103691101
54.32306671142578 376.5028381347656 -0.873457133769989
52.69594192504883 378.71282958984375 -0.9988395571708679
51.35795974731445 381.10894775390625 -1.1242220401763916
50.33012390136719 383.6535949707031 -1.2496044635772705
49.62857437133789 386.3067932128906 -1.3749868869781494
49.26432418823242 389.0268859863281 -1.5003693103790283
49.26432418823242 389.0268859863281 -1.9003692865371704
50.55887985229492 392.8116149902344 -1.9003692865371704
51.85343551635742 396.5963439941406 -1.9003692865371704
53.14799118041992 400.3810729980469 -1.9003692865371704
54.44254684448242 404.1658020019531 -1.9003692865371704
55.73710250854492 407.9505310058594 -1.9003692865371704
57.03165817260742 411.7352600097656 -1.9003692865371704
58.32621383666992 415.5199890136719 -1.9003692865371704
59.62076950073242 419.3047180175781 -1.9003692865371704
60.278846740722656 420.6518249511719 -2.1500542163848877
60.278846740722656 420.6518249511719 -2.5500543117523193
60.278846740722656 420.6518249511719 -2.950054407119751
63.00047302246094 421.00445556640625 -3.07543683052063
65.74483489990234 421.01397705078125 3.0823659896850586
68.46884155273438 420.6802062988281 2.9569835662841797
71.12972259521484 420.0084228515625 2.831601142883301
73.68570709228516 419.0091552734375 2.706218719482422
76.09666442871094 417.6980895996094 2.580836296081543
78.32474517822266 416.0958251953125 2.455453872680664
80.3349609375 414.2275085449219 2.330071449279785
82.09575653076172 412.1224670410156 2.2046890258789062
83.57948303222656 409.8137512207031 2.0793066024780273
84.76284790039062 407.3376159667969 1.9539241790771484
85.62727355957031 404.7329406738281 1.8285417556762695
86.15918731689453 402.0406188964844 1.7031593322753906
86.35023498535156 399.3028869628906 1.5777769088745117
86.19742584228516 396.5627746582031 1.4523944854736328
85.7031478881836 393.86328125 1.327012062072754
84.87516784667969 391.2467956542969 1.201629638671875
83.72648620605469 388.75439453125 1.076247215270996
82.81792449951172 387.4700927734375 0.8339513540267944
81.62776184082031 386.4412841796875 0.5916554927825928
80.22551727294922 385.72808837890625 0.3493596613407135
77.59313201904297 384.95208740234375 0.2239772379398346
74.88436889648438 384.5113830566406 0.09859481453895569
72.14176177978516 384.4128723144531 -0.026787608861923218
72.14176177978516 384.4128723144531 -0.4267876148223877
72.14176177978516 384.4128723144531 -0.8267875909805298
70.4133071899414 386.5445556640625 -0.9521700143814087
68.96499633789062 388.8756408691406 -1.0775524377822876
67.81956481933594 391.36956787109375 -1.2029348611831665
66.99500274658203 393.9871520996094 -1.3283172845840454
66.5042495727539 396.6872863769531 -1.4536997079849243
66.35501098632812 399.4276123046875 -1.5790821313858032
66.55806732177734 400.9876403808594 -1.8213779926300049
66.55806732177734 400.9876403808594 -2.2213780879974365
68.98066711425781 404.1705627441406 -2.2213780879974365
68.98066711425781 404.1705627441406 -2.621378183364868
71.42410278320312 405.3702697753906 -2.7489869594573975
74.0203628540039 406.25927734375 -2.8743815422058105
76.7075424194336 406.816650390625 -2.9997639656066895
79.44332885742188 407.0335998535156 -3.1251463890075684
82.18476867675781 406.90673828125 3.03265643119812
84.88882446289062 406.43804931640625 2.907274007797241
87.5130386352539 405.6348876953125 2.7818915843963623
90.0162124633789 404.5098571777344 2.6565091609954834
92.35904693603516 403.08062744140625 2.5311267375946045
94.5047607421875 401.36962890625 2.4057443141937256
96.41966247558594 399.4037170410156 2.2803618907928467
98.07368469238281 397.2137756347656 2.1549794673919678
99.44086456298828 394.8341979980469 2.029597043991089
100.4997329711914 392.30230712890625 1.90421462059021
101.2336654663086 389.65789794921875 1.778832197189331
101.63114166259766 386.94244384765625 1.6534497737884521
101.68592071533203 384.1986083984375 1.5280673503875732
101.39714050292969 381.4694519042969 1.4026849269866943
100.94840240478516 379.96160888671875 1.1603890657424927
100.94840240478516 379.96160888671875 0.7603890895843506
100.94840240478516 379.96160888671875 0.3603890836238861
98.32473754882812 379.1566162109375 0.2350066602230072
95.62100219726562 378.6860656738281 0.1096242368221283
92.87964630126953 378.55731201171875 -0.01575818657875061
90.14370727539062 378.77239990234375 -0.14114060997962952
87.45614624023438 379.3279113769531 -0.2665230333805084
87.45614624023438 379.3279113769531 -0.6665230393409729
84.31224060058594 381.8009338378906 -0.6665230393409729
81.1683349609375 384.2739562988281 -0.6665230393409729
78.02442932128906 386.7469787597656 -0.6665230393409729
78.02442932128906 386.7469787597656 -1.0665230751037598
76.8515625 389.2281188964844 -1.1919054985046387
75.99817657470703 391.83642578125 -1.3172879219055176
75.47767639160156 394.531005859375 -1.4426703453063965
75.29822540283203 397.2695007324219 -1.5680527687072754
75.462646484375 400.0089416503906 -1.6934351921081543
75.96852111816406 402.7096862792969 -1.818485975265503
75.96852111816406 402.7096862792969 -2.2184860706329346
75.96852111816406 402.7096862792969 -2.618486166000366
77.44352722167969 403.3393859863281 -2.8577234745025635
80.12104797363281 403.9414367675781 -2.9831058979034424
82.85284423828125 404.2039489746094 -3.1084883213043213
85.59602355957031 404.1227722167969 3.049314498901367
88.30751037597656 403.6991882324219 2.9239320755004883
90.94474029541016 402.9398498535156 2.7985496520996094
93.46630859375 401.8566589355469 2.6731672286987305
95.83262634277344 400.4666442871094 2.5477848052978516
98.00653839111328 398.7916259765625 2.4224023818969727
99.95391845703125 396.8578796386719 2.2970199584960938
101.6441879272461 394.69580078125 2.171637535095215
103.05081176757812 392.3393249511719 2.046255111694336
104.1517105102539 389.825439453125 1.920872688293457
104.9295883178711 387.193603515625 1.7954902648925781
105.37224578857422 384.48516845703125 1.6701078414916992
105.47272491455078 381.7426452636719 1.5447254180908203
105.24195861816406 380.18646240234375 1.3024295568466187
105.24195861816406 380.18646240234375 0.9024295806884766
105.24195861816406 380.18646240234375 0.5024296045303345
102.77513885498047 379.0288391113281 0.37510719895362854
100.16360473632812 378.1853332519531 0.24972477555274963
97.46708679199219 377.6750183105469 0.12434235215187073
94.72792053222656 377.50592041015625 -0.0010400712490081787
91.9891128540039 377.6806945800781 -0.12642249464988708
89.29366302490234 378.19659423828125 -0.251804918050766
89.29366302490234 378.19659423828125 -0.6518049240112305
86.11370086669922 380.6230773925781 -0.6518049240112305
82.9337387084961 383.049560546875 -0.6518049240112305
79.75377655029297 385.4760437011719 -0.6518049240112305
79.75377655029297 385.4760437011719 -1.0518049001693726
78.54452514648438 387.93963623046875 -1.1771873235702515
77.65284729003906 390.5351257324219 -1.3025697469711304
77.09274291992188 393.22174072265625 -1.4279521703720093
76.87300872802734 395.9573059082031 -1.5533345937728882
76.9970932006836 398.6988830566406 -1.678717017173767
77.46305084228516 401.4034118652344 -1.804099440574646
78.00906372070312 402.8788146972656 -2.0463953018188477
78.00906372070312 402.8788146972656 -2.4463953971862793
79.33008575439453 403.7331237792969 -2.6886911392211914
81.8681640625 404.77703857421875 -2.8140735626220703
84.5168685913086 405.495361328125 -2.939455986022949
87.23460388183594 405.8768005371094 -3.064838409423828
89.97870635986328 405.9154052734375 3.0929644107818604
92.70610046386719 405.61053466796875 2.9675819873809814
95.37395477294922 404.96697998046875 2.8421995639801025
97.94039154052734 403.9948425292969 2.7168171405792236
100.3651123046875 402.70941162109375 2.5914347171783447
102.61004638671875 401.130859375 2.466052293777466
104.63995361328125 399.283935546875 2.340669870376587
106.42295837402344 397.1976623535156 2.215287446975708
107.93107604980469 394.9048156738281 2.089905023574829
109.14061737060547 392.4413757324219 1.9645226001739502
110.03260040283203 389.84600830078125 1.8391401767730713
110.593017578125 387.1594543457031 1.7137577533721924
110.81307220458984 384.4239196777344 1.5883753299713135
110.65042877197266 382.8591613769531 1.3460794687271118
110.65042877197266 382.8591613769531 0.9460794925689697
110.65042877197266 382.8591613769531 0.5460795164108276
110.65042877197266 382.8591613769531 0.14607951045036316
107.91558837890625 382.6305847167969 0.020697087049484253
105.17362976074219 382.74578857421875 -0.10468533635139465
102.46760559082031 383.2030029296875 -0.23006775975227356
99.83999633789062 383.9950256347656 -0.35545018315315247
97.33206176757812 385.1094055175781 -0.48083260655403137
97.33206176757812 385.1094055175781 -0.8808326125144958
94.78602600097656 388.1944885253906 -0.8808326125144958
92.239990234375 391.2795715332031 -0.8808326125144958
89.69395446777344 394.3646545410156 -0.8808326125144958
89.69395446777344 394.3646545410156 -1.2808326482772827
89.07559204101562 397.0384521484375 -1.4062150716781616
88.79644775390625 399.7685852050781 -1.5315974950790405
88.86091613769531 402.51220703125 -1.6569799184799194
89.26797485351562 405.2262268066406 -1.7823623418807983
90.01123809814453 407.8680419921875 -1.9077447652816772
91.07904052734375 410.39617919921875 -2.0331273078918457
91.94599151611328 411.7095031738281 -2.2753748893737793
91.94599151611328 411.7095031738281 -2.675374984741211
94.4699478149414 412.787109375 -2.80075740814209
97.10884857177734 413.5406494140625 -2.9261398315429688
99.8212661743164 413.958251953125 -3.0515222549438477
102.56461334228516 414.03338623046875 3.106280565261841
105.29582214355469 413.7648620605469 2.980898141860962
107.97200775146484 413.1568908691406 2.855515718460083
110.55115509033203 412.2190246582031 2.730133295059204
112.9927749633789 410.96600341796875 2.604750871658325
115.25852966308594 409.41748046875 2.4793684482574463
117.31285095214844 407.5977478027344 2.3539860248565674
119.12348175048828 405.535400390625 2.2286036014556885
120.66199493408203 403.2628173828125 2.1032211780548096
121.90423583984375 400.815673828125 1.9778387546539307
122.83069610595703 398.2323913574219 1.8524563312530518
123.42684173583984 395.5535583496094 1.7270739078521729
123.48209381103516 393.9813232421875 1.4847795963287354
123.48209381103516 393.9813232421875 1.0847796201705933
123.48209381103516 393.9813232421875 0.6847796440124512
123.48209381103516 393.9813232421875 0.2847796380519867
120.82349395751953 393.3836975097656 0.1574583351612091
118.0914306640625 393.1240234375 0.0320759117603302
115.34834289550781 393.2080383300781 -0.0933065116405487
112.63729095458984 393.6344299316406 -0.2186889350414276
110.00083923339844 394.396484375 -0.3440713584423065
107.48038482666016 395.4822692871094 -0.4694537818431854
105.1155014038086 396.8747253417969 -0.5948362350463867
102.94331359863281 398.5519714355469 -0.7202186584472656
99.9366683959961 401.1901550292969 -0.7202186584472656
96.93002319335938 403.8283386230469 -0.7202186584472656
93.92337799072266 406.4665222167969 -0.7202186584472656
93.92337799072266 406.4665222167969 -1.1202186346054077
92.88536834716797 409.00701904296875 -1.2456010580062866
92.17320251464844 411.6573791503906 -1.3709834814071655
91.79806518554688 414.3760070800781 -1.4963659048080444
91.7658462524414 417.1202087402344 -1.6217483282089233
92.07705688476562 419.8468933105469 -1.7471307516098022
92.726806640625 422.51324462890625 -1.8725131750106812
93.70489501953125 425.0774230957031 -1.99789559841156
94.99596405029297 427.4991455078125 -2.1232781410217285
96.57975006103516 429.74041748046875 -2.24865984916687
98.43159484863281 431.766357421875 -2.3740036487579346
100.52192687988281 433.5445861816406 -2.4993860721588135
102.81822204589844 435.0474548339844 -2.6247684955596924
105.28443145751953 436.2513732910156 -2.7501509189605713
107.8818359375 437.1374206542969 -2.87553334236145
110.56965637207031 437.69171142578125 -3.000915765762329
113.30569458007812 437.905517578125 -3.126298189163208
116.04698944091797 437.7754821777344 3.0315046310424805
118.75050354003906 437.3036804199219 2.9061222076416016
121.37379455566406 436.49749755859375 2.7807397842407227
123.87567138671875 435.36956787109375 2.6553573608398438
126.21685791015625 433.9376220703125 2.529974937438965
128.360595703125 432.2241516113281 2.404592514038086
130.27322387695312 430.25604248046875 2.279210090637207
131.9247283935547 428.064208984375 2.153827667236328
133.28916931152344 425.68304443359375 2.028445243835449
134.34512329101562 423.14996337890625 1.9030628204345703
135.0760040283203 420.50469970703125 1.7776803970336914
135.47035217285156 417.788818359375 1.6522979736328125
135.47035217285156 417.788818359375 1.2522979974746704
135.47035217285156 417.788818359375 0.8522980213165283
135.47035217285156 417.788818359375 0.45229801535606384
132.9486083984375 416.7562561035156 0.32497671246528625
130.31617736816406 416.05224609375 0.19765540957450867
127.61566162109375 415.6882019042969 0.07033410668373108
124.89077758789062 415.6700134277344 -0.05698719620704651
122.16603088378906 415.9976806640625 -0.18236961960792542
119.50364685058594 416.66351318359375 -0.3077520430088043
116.94050598144531 417.6582336425781 -0.43263423442840576
114.52183532714844 418.9642333984375 -0.5575804710388184
111.17530059814453 421.0627136230469 -0.5625751614570618
108.95014190673828 422.6690368652344 -0.6879575848579407
106.94332885742188 424.541015625 -0.8133400082588196
106.03343200683594 425.7774658203125 -1.0594356060028076
104.84300994873047 428.2502136230469 -1.1848180294036865
103.97116088867188 430.8524169921875 -1.3102004528045654
103.43157196044922 433.543212890625 -1.4355828762054443
103.23271942138672 436.2803649902344 -1.5609652996063232
103.37772369384766 439.0209045410156 -1.6863477230072021
103.86430358886719 441.7218017578125 -1.811730146408081
104.68482208251953 444.34063720703125 -1.93711256980896
105.8263931274414 446.8363037109375 -2.062494993209839
107.27110290527344 449.1696472167969 -2.1878774166107178
108.99626159667969 451.3039855957031 -2.3132598400115967
110.97478485107422 453.2058410644531 -2.4386422634124756
113.17561340332031 454.8453369140625 -2.5640246868133545
115.56419372558594 456.1967468261719 -2.6894071102142334
118.10301971435547 457.23883056640625 -2.8147895336151123
120.75223541259766 457.95526123046875 -2.940171957015991
123.47024536132812 458.33477783203125 -3.06555438041687
126.2143783569336 458.37139892578125 3.0922484397888184
128.94154357910156 458.0645751953125 2.9668660163879395
131.6089324951172 457.41912841796875 2.8414835929870605
134.17466735839844 456.4451599121094 2.7161011695861816
136.5984649658203 455.1579895019531 2.5907187461853027
138.84226989746094 453.57781982421875 2.465336322784424
140.870849609375 451.7294616699219 2.339953899383545
142.65235900878906 449.6419372558594 2.214571475982666
144.15882873535156 447.3479919433594 2.089189052581787
145.36660766601562 444.8836669921875 1.9638066291809082
146.25672912597656 442.28765869140625 1.8384242057800293
146.8152313232422 439.6007080078125 1.7130417823791504
147.0333251953125 436.8650207519531 1.5876593589782715
146.9075927734375 434.12353515625 1.4622769355773926
146.9075927734375 434.12353515625 1.0622769594192505
144.96005249023438 430.6296691894531 1.0622769594192505
143.01251220703125 427.13580322265625 1.0622769594192505
141.06497192382812 423.6419372558594 1.0622769594192505
139.117431640625 420.1480712890625 1.0622769594192505
139.117431640625 420.1480712890625 0.6622769832611084
139.117431640625 420.1480712890625 0.2622769773006439
136.44606018066406 419.61041259765625 0.13495567440986633
133.72804260253906 419.4162902832031 0.007634371519088745
130.98782348632812 419.56732177734375 -0.11774805188179016
128.28799438476562 420.0598449707031 -0.24313047528266907
125.67095947265625 420.8861083984375 -0.368512898683548
121.93950653076172 422.3270263671875 -0.368512898683548
118.20805358886719 423.7679443359375 -0.368512898683548
115.71151733398438 424.916015625 -0.4935474395751953
112.77378845214844 426.61322021484375 -0.5542202591896057
110.5340576171875 428.2015380859375 -0.6794657707214355
108.51139068603516 430.0564270019531 -0.8048452734947205
106.73657989501953 432.149658203125 -0.9302276968955994
106.73657989501953 432.149658203125 -1.3302277326583862
106.25098419189453 434.8507385253906 -1.4556101560592651
106.10698699951172 437.5913391113281 -1.580992579460144
106.30683898925781 440.32843017578125 -1.706375002861023
106.847412109375 443.01904296875 -1.8317574262619019
107.72020721435547 445.6209411621094 -1.9571398496627808
108.91152954101562 448.09326171875 -2.082522392272949
110.40267181396484 450.3971862792969 -2.207904815673828
112.17022705078125 452.4965515136719 -2.333287239074707
114.18643951416016 454.3583984375 -2.458669662475586
116.41966247558594 455.9534912109375 -2.584052085876465
118.83482360839844 457.2568054199219 -2.7094345092773438
121.39401245117188 458.24786376953125 -2.8348169326782227
124.05704498291016 458.9111022949219 -2.9601993560791016
126.78211212158203 459.2361145019531 -3.0855817794799805
129.52642822265625 459.2177734375 3.072221040725708
132.2469024658203 458.85638427734375 2.946838617324829
134.9008331298828 458.1576232910156 2.82145619392395
137.44654846191406 457.1324768066406 2.6960737705230713
139.84408569335938 455.7970275878906 2.5706913471221924
142.05580139160156 454.1722412109375 2.4453089237213135
144.04696655273438 452.28363037109375 2.3199265003204346
145.78631591796875 450.16082763671875 2.1945440769195557
147.24655151367188 447.8371887207031 2.0691616535186768
148.4047393798828 445.34918212890625 1.9437792301177979
149.24269104003906 442.7358703613281 1.818396806716919
149.7472686767578 440.03826904296875 1.69301438331604
149.91053771972656 437.29876708984375 1.5676319599151611
149.8978729248047 433.2987976074219 1.5676319599151611
149.8852081298828 429.298828125 1.5676319599151611
149.87254333496094 425.2988586425781 1.5676319599151611
149.85987854003906 421.29888916015625 1.5676319599151611
149.8472137451172 417.2989196777344 1.5676319599151611
149.8345489501953 413.2989501953125 1.5676319599151611
149.82188415527344 409.2989807128906 1.5676319599151611
149.80921936035156 405.29901123046875 1.5676319599151611
149.7965545654297 401.2990417480469 1.5676319599151611
149.7838897705078 397.299072265625 1.5676319599151611
149.77122497558594 393.2991027832031 1.5676319599151611
149.75856018066406 389.29913330078125 1.5676319599151611
149.7458953857422 385.2991638183594 1.5676319599151611
149.7332305908203 381.2991943359375 1.5676319599151611
149.72056579589844 377.2992248535156 1.5676319599151611
149.70790100097656 373.29925537109375 1.5676319599151611
149.6952362060547 369.2992858886719 1.5676319599151611
149.6825714111328 365.29931640625 1.5676319599151611
149.66990661621094 361.2993469238281 1.5676319599151611
149.65724182128906 357.29937744140625 1.5676319599151611
149.6445770263672 353.2994079589844 1.5676319599151611
149.6319122314453 349.2994384765625 1.5676319599151611
149.61924743652344 345.2994689941406 1.5676319599151611
149.60658264160156 341.29949951171875 1.5676319599151611
149.5939178466797 337.2995300292969 1.5676319599151611
149.5812530517578 333.299560546875 1.5676319599151611
149.56858825683594 329.2995910644531 1.5676319599151611
149.55592346191406 325.29962158203125 1.5676319599151611
149.5432586669922 321.2996520996094 1.5676319599151611
149.5305938720703 317.2996826171875 1.5676319599151611
149.51792907714844 313.2997131347656 1.5676319599151611
149.50526428222656 309.29974365234375 1.5676319599151611
149.4925994873047 305.2997741699219 1.5676319599151611
149.4799346923828 301.2998046875 1.5676319599151611
149.46726989746094 297.2998352050781 1.5676319599151611
149.45460510253906 293.29986572265625 1.5676319599151611
149.4419403076172 289.2998962402344 1.5676319599151611
149.4292755126953 285.2999267578125 1.5676319599151611
149.41661071777344 281.2999572753906 1.5676319599151611
149.40394592285156 277.29998779296875 1.5676319599151611
149.3912811279297 273.3000183105469 1.5676319599151611
149.3786163330078 269.300048828125 1.5676319599151611
149.36595153808594 265.3000793457031 1.5676319599151611
149.35328674316406 261.30010986328125 1.5676319599151611
149.3406219482422 257.3001403808594 1.5676319599151611
149.3279571533203 253.30015563964844 1.5676319599151611
149.31529235839844 249.3001708984375 1.5676319599151611
149.30262756347656 245.30018615722656 1.5676319599151611
149.2899627685547 241.30020141601562 1.5676319599151611
149.2772979736328 237.3002166748047 1.5676319599151611
149.26463317871094 233.30023193359375 1.5676319599151611
149.25196838378906 229.3002471923828 1.5676319599151611
149.2393035888672 225.30026245117188 1.5676319599151611
149.2266387939453 221.30027770996094 1.5676319599151611
149.21397399902344 217.30029296875 1.5676319599151611
149.20130920410156 213.30030822753906 1.5676319599151611
149.1886444091797 209.30032348632812 1.5676319599151611
149.1759796142578 205.3003387451172 1.5676319599151611
149.16331481933594 201.30035400390625 1.5676319599151611
149.15065002441406 197.3003692626953 1.5676319599151611
149.1379852294922 193.30038452148438 1.5676319599151611
149.1253204345703 189.30039978027344 1.5676319599151611
149.11265563964844 185.3004150390625 1.5676319599151611
149.09999084472656 181.30043029785156 1.5676319599151611
149.0873260498047 177.30044555664062 1.5676319599151611
149.0746612548828 173.3004608154297 1.5676319599151611
149.06199645996094 169.30047607421875 1.5676319599151611
149.04933166503906 165.3004913330078 1.5676319599151611
149.0366668701172 161.30050659179688 1.5676319599151611
149.0366668701172 161.30050659179688 1.5676319599151611
149.0366668701172 161.30050659179688 1.5676319599151611
149.0366668701172 161.30050659179688 1.5676319599151611
149.0366668701172 161.30050659179688 1.5676319599151611
149.0366668701172 161.30050659179688 1.5676319599151611
149.0366668701172 161.30050659179688 1.5676319599151611
149.0366668701172 161.30050659179688 1.5676319599151611
149.0366668701172 161.30050659179688 1.5676319599151611
149.0366668701172 161.30050659179688 1.5676319599151611
149.0366668701172 161.30050659179688 1.5676319599151611
