-390.0
-390.0
-390.0
-390.0
-390.0
-390.0
-389.2650144604714
-385.5366513382196
-381.81378627269623
-378.09658167103794
-374.3852061385211
-370.6798347631947
-366.980649415447
-363.28783906335815
-359.60160010474516
-355.92213671685136
-352.24966122469505
-348.5843944891441
-344.9265663158484
-341.276415886224
-337.6341922117484
-334.00015461289865
-330.37457322413286
-326.75772952639244
-323.14991690867805
-319.551441260332
-315.9626214209046
-315.9626214209046
-315.9626214209046
-315.9626214209046
-315.9626214209046
-315.9626214209046
-315.9626214209046
-315.9626214209046
-315.9626214209046
-319.4428707852802
-322.93515995299873
-326.43910234478653
-329.9543267074166
-329.9543267074166
-329.9543267074166
-329.9543267074166
-329.48448388497087
-329.06259689916794
-328.68885015124306
-328.36340802244047
-328.08641425868353
-327.857991656102
-327.6782417907362
-327.5472447937962
-327.46505917363055
-327.46505917363055
-325.87493443510886
-324.32634912658267
-322.819901049585
-321.3561827952654
-319.93578083580866
-318.55927459185284
-317.2272354782148
-315.9402259304889
-315.9402259304889
-313.3122756488944
-310.71359458040126
-308.1449232347726
-305.60701832117434
-303.1006526757374
-300.62661514121163
-298.18571039466514
-298.18571039466514
-294.72064015675636
-291.269280249744
-291.269280249744
-287.30529714061186
-283.3423267428707
-279.3804121520139
-275.41959893143337
-271.4599352907001
-267.5014722794392
-263.5442639984052
-259.58836782955365
-255.6338446871212
-251.6807592919725
-247.72918047175105
-243.77918148969167
-239.83084040531503
-235.88424047064348
-231.93947056605532
-227.99662568044457
-224.05580744098665
-220.11712469854146
-216.1806941755693
-212.246641184415
-208.3151004249515
-204.3862168718979
-200.46016142957686
-196.5370880048831
-192.61717880398916
-188.70063101982018
-188.70063101982018
-188.70063101982018
-185.39757508394285
-182.12246840993964
-178.8768461971757
-175.66234276065532
-172.48069798058913
-169.33376403002381
-166.22351235091773
-163.15204083605866
-160.12158115838582
-157.13450617018356
-154.19333727184423
-151.30075162306795
-148.4595890381528
-145.67285837123018
-142.94374315690447
-140.27560622704507
-137.67199302267338
-135.13663281677782
-132.6734385663906
-130.28650344051215
-127.98009439842953
-125.75864205476643
-123.62672626272354
-121.58905685615574
-119.65044903238828
-117.81579293917434
-116.09001763964534
-114.47804704236259
-114.47804704236259
-114.47804704236259
-114.47804704236259
-114.47804704236259
-114.47804704236259
-114.47804704236259
-114.47804704236259
-114.47804704236259
-115.8750362128318
-115.8750362128318
-115.83603723460077
-115.93511597814572
-116.17191868140428
-116.54560584584021
-117.05486650469304
-117.69794085493382
-118.47264987816351
-119.37643082040425
-120.4063772409337
-121.55928256935078
-122.83168449277943
-124.21991100448172
-124.21991100448172
-124.16261952302602
-124.23415749136693
-124.23415749136693
-124.23415749136693
-124.23415749136693
-124.23415749136693
-124.23415749136693
-124.23415749136693
-124.23415749136693
-122.82331095129283
-121.52779735952956
-120.35134125406535
-119.29746495554215
-118.36944259629604
-117.57025443907801
-116.90254278566385
-116.90254278566385
-116.90254278566385
-116.90254278566385
-116.90254278566385
-116.90254278566385
-120.7536037328919
-124.61404882059988
-128.48303217429785
-132.35980505499663
-136.24370251849444
-140.1341321804062
-144.03056457984474
-147.93252547348223
-151.83958864958933
-151.83958864958933
-155.12803552403108
-158.44921642498332
-161.8011156380418
-165.18186314973067
-168.58972347505446
-172.02308526779748
-175.48045168789065
-178.9604314925451
-182.46173081303198
-185.98314557629777
-189.52355452950695
-193.08191282567418
-196.6572461294551
-200.24864520365313
-203.85524603945996
-207.47628491911638
-211.1110047480841
-214.75871089092152
-218.41875271412215
-222.09052034414455
-225.77344168912015
-225.77344168912015
-225.77344168912015
-225.77344168912015
-225.77344168912015
-225.77344168912015
-225.77344168912015
-222.01219339308298
-218.25943471593342
-214.51561121299295
-210.7811989953162
-207.05670728082254
-203.34266662766203
-199.63967576639467
-195.94836114794205
-192.2693952781042
-188.60350079529775
-184.95145495904134
-181.31409459355652
-181.31409459355652
-181.31409459355652
-177.58529123901025
-173.8685432734384
-170.16464064261837
-166.47444073927946
-162.7988753748035
-159.13895857572467
-155.49579531052322
-151.87059126558555
-148.26466380390664
-144.67945425606524
-141.1165417100376
-137.57765848417827
-134.0647074855948
-134.0647074855948
-131.63384644383166
-129.28106313429421
-127.01069663537567
-124.82724403594132
-122.73534399898188
-120.73975525328575
-118.8453294230478
-117.05697854790088
-115.37963512637867
-113.81820702800758
-112.3775261085867
-111.06229140236277
-109.87700779891203
-108.82592149016051
-107.91295384505307
-107.14163518225945
-106.51504315391536
-106.51504315391536
-106.51504315391536
-106.51504315391536
-106.51504315391536
-106.51504315391536
-106.51504315391536
-109.62854447215707
-112.79796636883631
-116.0187259870779
-116.0187259870779
-118.14624446787184
-120.3691212040868
-122.68217292015439
-125.0803970283182
-127.55898966555549
-130.11335797533394
-132.73912745728754
-135.43214517983233
-138.18847959683492
-141.00441763981394
-143.87645967977463
-146.8013130104518
-149.77588353872864
-152.79726775504037
-155.86274324670637
-158.9697593467275
-162.11592764595565
-165.29901258521033
-168.51692224274345
-171.76769940263128
-175.04951296522668
-178.36064974101762
-181.69950665342324
-185.06458336359594
-188.4544753206191
-191.86786723311133
-195.3035269527419
-198.7602997561697
-198.7602997561697
-198.7602997561697
-198.7602997561697
-198.7602997561697
-196.69440248542801
-194.68877516336823
-194.68877516336823
-191.53069275762766
-188.40459997918103
-185.3121157666382
-182.2549509286232
-179.2349127753185
-176.25390976841177
-173.31395613516267
-170.41717637986198
-167.56580961175558
-164.76221359248453
-162.00886838825247
-159.30837949236368
-156.66348026268935
-154.07703349638905
-151.55203194141265
-151.55203194141265
-151.55203194141265
-151.55203194141265
-151.55203194141265
-151.55203194141265
-149.78793030694928
-148.11086979620427
-146.52383916624962
-145.02979398153312
-143.6316359536263
-142.3321908676469
-141.13418534761038
-140.04022278032534
-139.052758782675
-138.17407665645027
-137.4062633242478
-136.75118627522977
-136.23498555575313
-136.23498555575313
-136.23498555575313
-136.23498555575313
-136.23498555575313
-140.2210651021067
-144.20791516893644
-148.19547356914123
-152.1836846228985
-156.17249832934922
-160.161869661503
-164.15175796352258
-168.14212643347435
-172.13294167774797
-176.12417332583408
-180.11579369614103
-180.11579369614103
-183.89684223192205
-187.68696834630967
-191.48563301527213
-195.29233798478862
-199.1066220896356
-202.9280430126953
-206.7562191761436
-210.5907821845453
-214.43138940047362
-218.27772177977846
-222.12948191664486
-225.9863922756802
-229.84819359097003
-233.7146434144004
-237.58551479760396
-241.46059509368916
-245.33968486648956
-249.22259689645355
-253.10915527351003
-256.9991945683124
-256.9991945683124
-256.9991945683124
-256.9991945683124
-256.9991945683124
-256.9991945683124
-256.9991945683124
-256.9991945683124
-253.02305120436642
-249.0476716587616
-245.07309310165002
-241.0993551464758
-237.12650005336752
-233.15457295311566
-229.1836220941988
-225.21369911566237
-221.24485934904897
-217.27716215303806
-213.31067128498637
-209.3454553141821
-205.3815880823539
-205.3815880823539
-205.3815880823539
-202.2469849818191
-199.1433883403481
-196.07227055232792
-193.03518180333842
-190.03375364019573
-187.06970253290442
-184.1448333876032
-181.26104296119172
-178.42032311886973
-175.6247638652842
-172.8765560683803
-170.1779937824597
-167.5314760634968
-164.93950815567857
-162.404701913745
-159.92977531147736
-157.51755087322474
-155.17095285345872
-155.17095285345872
-155.17095285345872
-155.17095285345872
-155.17095285345872
-155.17095285345872
-155.17095285345872
-155.17095285345872
-158.46007453178328
-161.78122832718282
-165.13248137366293
-168.51203797374401
-171.91822896765862
-175.3495022307117
-178.80441377552953
-182.28161950820362
-185.77986760498726
-189.29799147373436
-192.83490326318974
-196.38958788318646
-199.9610974994942
-203.54854646827366
-207.15110667665292
-210.76800325772277
-214.39851065015162
-218.0419489745706
-221.69768070082657
-225.36510758210196
-229.0436678337331
-232.73283353630373
-236.432108244237
-240.1410247826528
-243.85914321669605
-243.85914321669605
-243.85914321669605
-243.85914321669605
-243.85914321669605
-243.85914321669605
-243.85914321669605
-240.1297634948238
-236.40923149643322
-232.69797161200933
-228.99643465108372
-225.3050998278286
-221.62447691738106
-217.9551085988418
-214.29757300239845
-210.65248647964938
-207.02050661795474
-203.40232104548423
-199.7986945159505
-196.21042921088127
-192.63838353041348
-189.08347670950883
-185.5466938459221
-182.0290913755315
-178.53180303268974
-175.0560463350436
-175.0560463350436
-175.0560463350436
-171.21160089438936
-167.37444629489937
-163.54509571849096
-159.72411046538446
-159.72411046538446
-156.6964347966791
-153.7132199778956
-150.77710508531246
-147.89089540534005
-145.05756985979923
-142.2802878385452
-139.56239516846736
-136.90742889577263
-134.31912050223553
-131.80139711736192
-129.35838022963347
-126.99438134473414
-124.71389399173019
-122.52158144580369
-120.42225952593785
-118.42087390657368
-116.52247085634333
-114.73216245824275
-113.05508409809926
-111.49634536036798
-110.06097431521796
-108.7538558209232
-107.57966487597784
-106.54279649016031
-105.6472939703909
-104.89677789520104
-104.29437833618141
-104.29437833618141
-104.29437833618141
-104.29437833618141
-104.29437833618141
-104.29437833618141
-104.29437833618141
-104.29437833618141
-106.17925126124813
-108.17924650297972
-110.28810125843185
-112.49969384008234
-114.80808716601317
-117.20756192759055
-119.69264052975666
-122.25810300608133
-124.89899612883251
-127.61063688822776
-130.38861142650686
-133.22877039937939
-136.12722161350746
-139.08032066392383
-142.08466017635845
-145.13705815045003
-148.23454557812306
-151.3743546498983
-154.5539060565236
-157.770797037092
-161.02278971265167
-164.30779989003995
-167.62388639839187
-170.96924099565857
-174.3421788629968
-177.7411296900573
-181.16462934312918
-184.61131210005524
-188.07990343019011
-191.56921329391702
-195.07812993394703
-198.60561412945145
-202.15069388375156
-205.71245951658568
-209.29005913272275
-209.29005913272275
-209.29005913272275
-209.29005913272275
-209.29005913272275
-209.29005913272275
-206.20068908441579
-203.1431008851244
-200.11875131228044
-200.11875131228044
-196.32583855162173
-192.54130759023738
-188.76566256464446
-184.9994475335802
-184.9994475335802
-184.9994475335802
-181.41098038944003
-177.84007412011854
-174.28780812008705
-170.75534572780694
-167.24394180060762
-163.75495101660513
-160.28983696716404
-156.8501821055139
-153.43769861793837
-150.05424028286993
-146.70181537947238
-143.38260069987538
-140.09895670685978
-136.85344385986346
-133.64884010466605
-130.48815948354834
-127.37467177013204
-124.31192296299402
-121.30375638054004
-118.35433398217837
-118.35433398217837
-116.7885593130355
-115.34030847077022
-114.01406004313272
-112.81411691173376
-111.7445480517874
-110.80912878319519
-110.0112811567608
-109.35401638477498
-108.83988136193469
-108.83988136193469
-108.83988136193469
-108.83988136193469
-108.83988136193469
-108.83988136193469
-108.83988136193469
-111.88201174433722
-114.98282222587719
-118.13769229201581
-121.34240541181809
-121.34240541181809
-123.44389288703712
-125.63761375160708
-127.91882287373177
-130.28292466672582
-132.7254897604141
-135.2422669237663
-137.8291908534914
-137.8291908534914
-137.8291908534914
-137.54501278080565
-137.3767636385548
-137.3248695167213
-137.38946226263323
-137.38946226263323
-135.99679471129707
-134.70854474578238
-133.52773460279647
-132.45723767930485
-131.49974807564266
-130.6577502451796
-130.6577502451796
-130.6577502451796
-130.6577502451796
-130.6577502451796
-130.6577502451796
-130.6577502451796
-130.6577502451796
-130.14217747388173
-129.74792886160176
-129.47611269198487
-129.47611269198487
-129.47611269198487
-129.47611269198487
-133.1330412866214
-136.80917186967116
-136.80917186967116
-140.80917006737624
-144.80916830744377
-148.80916658645768
-152.80916490135948
-156.80916324940287
-160.80916162811474
-164.809160035262
-168.80915846882337
-172.8091569269646
-176.80915540801746
-180.80915391046133
-180.80915391046133
-184.49924582010848
-188.20200120165617
-191.91668708628495
-195.6426238982428
-199.3791808769185
-203.1257719400966
-206.88185194239907
-210.64691328790167
-214.42048286036538
-218.2021192384968
-221.99141016718988
-225.78797025885007
-229.59143890169906
-233.40147835444685
-237.2177720089232
-237.2177720089232
-237.2177720089232
-237.2177720089232
-237.2177720089232
-237.2177720089232
-237.2177720089232
-233.6047884961679
-230.00461496072447
-226.41786246131906
-222.84517904434088
-219.28725236202354
-219.28725236202354
-215.29988068763893
-211.31298607329393
-207.32659604061283
-203.34072574555793
-203.34072574555793
-203.34072574555793
-200.33772993957268
-197.37011237502128
-194.4394929315861
-191.54756979672842
-188.69612213702004
-185.88701260454496
-183.12218962078776
-180.40368937180213
-177.73363743923102
-175.11424998205825
-172.54783437399027
-170.03678919135587
-167.58360343671345
-165.19085487440913
-162.86120734668214
-160.59740693322635
-160.59740693322635
-160.59740693322635
-160.59740693322635
-160.59740693322635
-160.59740693322635
-160.59740693322635
-160.59740693322635
-163.82824039939575
-167.0923626499118
-170.38786055461398
-173.71294844573055
-177.0659593369686
-180.4453366507833
-183.84962645322273
-187.27747018754303
-190.7275978918209
-194.1988218816059
-197.69003087587595
-201.20016956036176
-204.72829348655614
-208.27347440708365
-211.83485594717484
-215.4116345780887
-219.00305590089204
-222.60841120931613
-226.22703431116327
-229.858298588922
-229.858298588922
-229.858298588922
-229.858298588922
-229.858298588922
-229.858298588922
-226.8464707786055
-226.8464707786055
-223.0582606932532
-219.2775733410487
-215.50480464534374
-211.74037788802974
-207.98474602516546
-204.23840878242535
-200.5018717346265
-196.7756931647992
-193.06047284768792
-189.3568557938833
-185.6655363830489
-181.98726293054696
-181.98726293054696
-181.98726293054696
-178.29705484814642
-174.62049040110958
-170.95844983549435
-167.31188682881034
-163.68183582825617
-160.06942021457422
-156.47586138884756
-152.90248889002396
-149.35075166190535
-145.82223059951633
-142.31865251572287
-138.8419056790629
-135.3940570820104
-131.97737160395997
-128.59433323316762
-125.24766850407373
-125.24766850407373
-123.09262731611518
-121.03144753952432
-119.0690037225984
-117.21025535985572
-115.46021061648877
-113.82388356463778
-112.30624499073689
-110.91216713306761
-109.6463630606987
-108.51332179402905
-107.51724066939855
-106.66195683372376
-105.9508800817051
-105.38692947717698
-105.38692947717698
-105.38692947717698
-105.38692947717698
-105.38692947717698
-105.38692947717698
-105.38692947717698
-108.46055906592963
-111.59292502222675
-114.77921863732303
-114.77921863732303
-116.85981903692343
-119.0385043696348
-121.30999003645827
-123.66916262998076
-126.11110114270126
-128.6310919650362
-131.22463850847353
-133.88746627713323
-136.61552416694963
-139.4049827071446
-142.2522298827584
-145.15386529909426
-148.1066922954052
-151.1077098657505
-154.15410356466546
-157.24323609474317
-160.37263774109488
-163.5399968243045
-166.74315030404807
-169.98007463261973
-173.2488769304764
-176.54778653384332
-179.87514694669585
-183.22940821538205
-183.22940821538205
-183.22940821538205
-183.22940821538205
-183.22940821538205
-181.0030272461928
-178.8384063527595
-176.73781479492524
-174.70356220569087
-172.73799232772137
-170.8434757801655
-169.0224018201904
-167.27716907774845
-165.61017525939408
-164.02380583747785
-162.52042176463817
-161.10234627988183
-159.77185090118934
-158.53114072977155
-157.3823392218937
-156.3274726144117
-155.36845421849927
-154.5070688210219
-154.5070688210219
-154.5070688210219
-154.5070688210219
-154.5070688210219
-154.5070688210219
-154.5070688210219
-152.49896629819636
-150.5703663341746
-148.7243618363559
-146.96406526389293
-145.29259184068167
-143.71304435491058
-142.2284815351408
-140.84190700884832
-139.55624152307942
-138.37429780948804
-137.2987545775689
-136.33213007540047
-135.47675572326838
-134.73475037929214
-134.10799583283614
-133.59811413673336
-133.59811413673336
-133.59811413673336
-133.59811413673336
-133.59811413673336
-137.58449305140851
-141.57164044215278
-145.5594931589794
-149.5479947771397
-153.53709472624362
-157.52674755112312
-161.5169122817877
-165.5075518941592
-169.49863284670045
-173.49012468077538
-177.48199967475313
-181.47423254361712
-185.4668001772507
-185.4668001772507
-189.24292854238743
-193.02807575090665
-196.8217214699233
-200.62339853251459
-204.43262982694785
-208.24901494767101
-212.07216768090152
-215.90172850759026
-219.73736238915248
-223.57875676460392
-227.42561973655873
-231.27767842616677
-235.13467747936434
-238.9963777088257
-242.86255485776798
-246.73299847331475
-246.73299847331475
-246.73299847331475
-246.73299847331475
-246.73299847331475
-246.73299847331475
-246.73299847331475
-246.73299847331475
-242.74888206337508
-238.76529703648418
-234.7822704408047
-230.79983118770755
-226.8180102146343
-222.83684066530404
-218.8563580894527
-214.8766006646138
-210.89760944282312
-206.91942862556846
-206.91942862556846
-206.91942862556846
-203.86195335949645
-200.83761627604946
-197.84792172703754
-194.8944639755998
-191.97891546034649
-189.10302961796108
-186.2686435673438
-183.47768060042338
-180.73215241613732
-178.0341610247733
-175.38590023997378
-172.7896566653897
-170.24781007245466
-167.7628330553464
-165.3372898393208
-162.97383410975277
-162.97383410975277
-162.97383410975277
-162.97383410975277
-162.97383410975277
-162.97383410975277
-162.97383410975277
-162.97383410975277
-162.97383410975277
-162.97383410975277
-162.97383410975277
