-391.816545498476
-393.37364577444
-394.6498875146288
-395.6278463977251
-396.29429920912366
-396.6402663498277
-396.6611364789188
-396.6611364789188
-395.3196133382287
-393.7016252668626
-391.16121414772385
-388.6453667583582
-386.1545632067825
-383.68929122607534
-381.25004609990555
-378.83733057112664
-376.45165473244896
-374.0935358981838
-371.76349845604454
-371.76349845604454
-368.3664170995534
-364.9815553886396
-361.6092564712949
-358.2498751181897
-354.90377814745517
-351.571344863516
-348.25296751012513
-344.9490517377007
-341.6600170850158
-338.3862974752248
-335.12834172614095
-331.8866140745941
-331.8866140745941
-327.9927005248692
-324.10137063707333
-320.21271860373963
-316.3268431826503
-312.4438479723027
-308.56384170721117
-304.6869385746974
-300.8132585549798
-296.9429277865427
-293.07607895895876
-289.2128517355458
-285.35339320847567
-281.4978583892072
-277.6464107374062
-273.79922273182933
-269.9564764870041
-266.1183644199288
-262.2850899714522
-258.45686838747895
-254.63392756568703
-250.81650897404583
-247.0048686480952
-243.199278274696
-239.40002637079718
-235.60741956669966
-231.82178400433907
-228.0434668622741
-224.2728380203695
-220.51029187861457
-216.75624934614407
-213.01116001834006
-209.27550456191733
-205.54978301216642
-201.83456067448734
-198.13042817444506
-198.13042817444506
-194.13059392512133
-191.3987553998535
-187.4366421813809
-183.47617314340886
-183.47617314340886
-180.06175581196845
-176.6719157172588
-173.308095029349
-169.97183856326308
-166.66480164938395
-163.38875853454377
-160.14561131816515
-156.93739941727287
-153.7663095402334
-150.63468613094244
-147.5450422219962
-144.500070606184
-141.50265519937113
-138.55588242341244
-135.66305238408611
-132.8276895552374
-130.0535526057485
-127.34464292049462
-124.70521127081578
-122.13976204667759
-119.65305379302876
-117.25009656982817
-114.93614341767699
-112.71667594585008
-110.59738271447897
-108.58412934108865
-106.68291934836519
-104.89984495258085
-103.24102729012044
-101.71254600697729
-100.32035869643677
-99.0702113513451
-99.0702113513451
-99.0702113513451
-99.0702113513451
-99.0702113513451
-99.0702113513451
-99.0702113513451
-99.0702113513451
-99.0702113513451
-99.0702113513451
-99.0702113513451
