-392.18521554017303
-394.1937088755116
-396.0157544819487
-397.6426191761575
-399.0666203500583
-400.2810989662296
-401.28040138918027
-402.05992918209785
-402.61613658550306
-402.9464475526683
-403.04939334933636
-402.9244861324809
-402.57228703244647
-401.9944184501378
-401.1935011097661
-400.17321495120535
-398.93825402232335
-397.4943755777643
-395.84831086819344
-395.84831086819344
-392.54497722153127
-389.25471510391037
-385.97785879959974
-382.71475265600156
-379.4657513948901
-376.23122043094185
-373.01153619740336
-369.8070864786949
-366.6182692670081
-363.4454974562163
-360.2891949426754
-360.2891949426754
-356.43024750730467
-352.5744444442102
-348.72189005497796
-344.8726932119104
-341.02696760564913
-337.18483200867763
-333.34641055587133
-329.51183304335905
-325.6812352470637
-325.6812352470637
-321.70404254649674
-317.7274222048989
-313.75139598524333
-309.7759867644922
-305.8012186055636
-301.82711683493176
-297.8537098510772
-293.88102401742964
-289.90908898021405
-285.93793602714464
-281.96759820218796
-277.9981104300509
-274.02950965136625
-270.06183496965826
-266.0951278112977
-262.1294320998006
-258.1647944459863
-254.20126435569497
-250.2388944569783
-246.27774074891286
-242.3178628744649
-238.35932442014607
-234.4021932455627
-230.4465418463749
-226.49244775465948
-222.53999398122238
-218.58926950504468
-214.64036981578477
-210.6933975161202
-206.74846299171386
-202.80568515775767
-198.8651922924175
-194.92710792052375
-194.92710792052375
-191.77181660793232
-188.58083467581895
-185.372734429998
-182.16713636621142
-178.98468682311616
-178.98468682311616
-175.8339214294345
-172.64577533579688
-169.43857389296645
-166.2317715477077
-163.0459717053526
-159.90286672822273
-156.8252007692775
-153.8366473531466
-153.8366473531466
-149.83720949623174
-145.8378023136744
-141.83842840024207
-137.839090651826
-133.8397923104243
-129.84053701743608
-125.84132887711557
-121.84217253251855
-117.84307325690874
-113.8440370644233
-109.84507084490365
-105.84618252927926
-101.84738129389773
-101.84738129389773
-101.84738129389773
-101.84738129389773
-101.84738129389773
-101.84738129389773
-101.84738129389773
-101.84738129389773
-101.84738129389773
-101.84738129389773
-101.84738129389773
