61.66205978393555 451.54925537109375 0.715173602104187
63.42873001098633 452.97808837890625 0.6449490189552307
65.29130554199219 454.2794189453125 0.5747244358062744
67.2406005859375 455.4468688964844 0.5044998526573181
69.26700592041016 456.4746398925781 0.4342752695083618
71.36053466796875 457.3576965332031 0.3640506863594055
73.5108642578125 458.0916748046875 0.2938261032104492
75.70738983154297 458.6729736328125 0.22360150516033173
77.93929290771484 459.0987243652344 0.15337690711021423
80.19556427001953 459.3668212890625 0.08315230906009674
82.465087890625 459.4759216308594 0.012927711009979248
84.7366714477539 459.4255065917969 -0.057296887040138245
86.9991226196289 459.2158508300781 -0.12752148509025574
89.24128723144531 458.84796142578125 -0.19774608314037323
91.45211029052734 458.3236389160156 -0.2679706811904907
93.62069702148438 457.6454772949219 -0.338195264339447
95.7363510131836 456.81683349609375 -0.4084198474884033
97.78865051269531 455.8417663574219 -0.4786444306373596
99.76747131347656 454.7251281738281 -0.5488690137863159
101.6630630493164 453.4723815917969 -0.6190935969352722
103.46607971191406 452.0897216796875 -0.6893181800842285
105.16764068603516 450.5839538574219 -0.7595427632331848
105.16764068603516 450.5839538574219 -1.1595427989959717
106.76667785644531 446.91748046875 -1.1595427989959717
108.36571502685547 443.2510070800781 -1.1595427989959717
109.96475219726562 439.58453369140625 -1.1595427989959717
111.56378936767578 435.9180603027344 -1.1595427989959717
113.16282653808594 432.2515869140625 -1.1595427989959717
114.7618637084961 428.5851135253906 -1.1595427989959717
116.36090087890625 424.91864013671875 -1.1595427989959717
117.9599380493164 421.2521667480469 -1.1595427989959717
119.55897521972656 417.585693359375 -1.1595427989959717
121.15801239013672 413.9192199707031 -1.1595427989959717
122.75704956054688 410.25274658203125 -1.1595427989959717
124.35608673095703 406.5862731933594 -1.1595427989959717
125.95512390136719 402.9197998046875 -1.1595427989959717
127.55416107177734 399.2533264160156 -1.1595427989959717
129.1531982421875 395.58685302734375 -1.1595427989959717
130.75222778320312 391.9203796386719 -1.1595427989959717
132.35125732421875 388.25390625 -1.1595427989959717
133.95028686523438 384.5874328613281 -1.1595427989959717
135.54931640625 380.92095947265625 -1.1595427989959717
137.14834594726562 377.2544860839844 -1.1595427989959717
138.74737548828125 373.5880126953125 -1.1595427989959717
140.34640502929688 369.9215393066406 -1.1595427989959717
141.9454345703125 366.25506591796875 -1.1595427989959717
143.54446411132812 362.5885925292969 -1.1595427989959717
145.14349365234375 358.922119140625 -1.1595427989959717
146.74252319335938 355.2556457519531 -1.1595427989959717
148.341552734375 351.58917236328125 -1.1595427989959717
149.94058227539062 347.9226989746094 -1.1595427989959717
151.53961181640625 344.2562255859375 -1.1595427989959717
151.53961181640625 344.2562255859375 -1.5595427751541138
151.58462524414062 340.2564697265625 -1.5595427751541138
151.629638671875 336.2567138671875 -1.5595427751541138
151.67465209960938 332.2569580078125 -1.5595427751541138
151.71966552734375 328.2572021484375 -1.5595427751541138
151.76467895507812 324.2574462890625 -1.5595427751541138
151.8096923828125 320.2576904296875 -1.5595427751541138
151.85470581054688 316.2579345703125 -1.5595427751541138
151.89971923828125 312.2581787109375 -1.5595427751541138
151.94473266601562 308.2584228515625 -1.5595427751541138
151.98974609375 304.2586669921875 -1.5595427751541138
152.03475952148438 300.2589111328125 -1.5595427751541138
152.07977294921875 296.2591552734375 -1.5595427751541138
152.12478637695312 292.2593994140625 -1.5595427751541138
152.1697998046875 288.2596435546875 -1.5595427751541138
152.21481323242188 284.2598876953125 -1.5595427751541138
152.25982666015625 280.2601318359375 -1.5595427751541138
152.30484008789062 276.2603759765625 -1.5595427751541138
152.349853515625 272.2606201171875 -1.5595427751541138
152.39486694335938 268.2608642578125 -1.5595427751541138
152.43988037109375 264.2611083984375 -1.5595427751541138
152.48489379882812 260.2613525390625 -1.5595427751541138
152.5299072265625 256.2615966796875 -1.5595427751541138
152.57492065429688 252.26185607910156 -1.5595427751541138
152.61993408203125 248.26211547851562 -1.5595427751541138
152.66494750976562 244.2623748779297 -1.5595427751541138
152.7099609375 240.26263427734375 -1.5595427751541138
152.75497436523438 236.2628936767578 -1.5595427751541138
152.79998779296875 232.26315307617188 -1.5595427751541138
152.84500122070312 228.26341247558594 -1.5595427751541138
152.8900146484375 224.263671875 -1.5595427751541138
152.93502807617188 220.26393127441406 -1.5595427751541138
152.98004150390625 216.26419067382812 -1.5595427751541138
153.02505493164062 212.2644500732422 -1.5595427751541138
153.070068359375 208.26470947265625 -1.5595427751541138
153.11508178710938 204.2649688720703 -1.5595427751541138
153.16009521484375 200.26522827148438 -1.5595427751541138
153.20510864257812 196.26548767089844 -1.5595427751541138
153.2501220703125 192.2657470703125 -1.5595427751541138
153.29513549804688 188.26600646972656 -1.5595427751541138
153.34014892578125 184.26626586914062 -1.5595427751541138
153.34014892578125 184.26626586914062 -1.9595427513122559
153.34014892578125 184.26626586914062 -2.3595428466796875
153.34014892578125 184.26626586914062 -2.759542942047119
149.6285400390625 182.7749786376953 -2.759542942047119
145.91693115234375 181.28369140625 -2.759542942047119
142.205322265625 179.7924041748047 -2.759542942047119
138.49371337890625 178.30111694335938 -2.759542942047119
134.7821044921875 176.80982971191406 -2.759542942047119
131.07049560546875 175.31854248046875 -2.759542942047119
127.35888671875 173.82725524902344 -2.759542942047119
123.64727783203125 172.33596801757812 -2.759542942047119
119.9356689453125 170.8446807861328 -2.759542942047119
116.22406005859375 169.3533935546875 -2.759542942047119
112.512451171875 167.8621063232422 -2.759542942047119
108.80084228515625 166.37081909179688 -2.759542942047119
105.0892333984375 164.87953186035156 -2.759542942047119
101.37762451171875 163.38824462890625 -2.759542942047119
97.666015625 161.89695739746094 -2.759542942047119
93.95440673828125 160.40567016601562 -2.759542942047119
90.2427978515625 158.9143829345703 -2.759542942047119
90.2427978515625 158.9143829345703 -2.759542942047119
90.2427978515625 158.9143829345703 -2.759542942047119
90.2427978515625 158.9143829345703 -2.759542942047119
90.2427978515625 158.9143829345703 -2.759542942047119
90.2427978515625 158.9143829345703 -2.759542942047119
90.2427978515625 158.9143829345703 -2.759542942047119
90.2427978515625 158.9143829345703 -2.759542942047119
90.2427978515625 158.9143829345703 -2.759542942047119
90.2427978515625 158.9143829345703 -2.759542942047119
90.2427978515625 158.9143829345703 -2.759542942047119
