62.49679183959961 452.59783935546875 0.8250593543052673
64.88861083984375 455.2926330566406 0.8647205233573914
67.17169952392578 458.08013916015625 0.9043816924095154
69.34246826171875 460.95599365234375 0.9440428614616394
71.39749908447266 463.9156494140625 0.9837040305137634
73.33356475830078 466.9544677734375 1.0233651399612427
75.14761352539062 470.0676574707031 1.0630263090133667
76.8367919921875 473.2503356933594 1.1026874780654907
78.39845275878906 476.4974670410156 1.1423486471176147
79.83013153076172 479.8039855957031 1.1820098161697388
81.12957763671875 483.1646728515625 1.2216709852218628
82.29474639892578 486.57421875 1.2613321542739868
83.32381439208984 490.02728271484375 1.3009933233261108
84.21514892578125 493.5184326171875 1.3406544923782349
84.96736145019531 497.0422058105469 1.3803156614303589
85.57926177978516 500.593017578125 1.419976830482483
86.04998779296875 504.1656188964844 1.459604024887085
86.0220718383789 505.52777099609375 1.722965955734253
85.64051818847656 506.835693359375 1.986327886581421
84.12092590332031 510.10272216796875 2.025989055633545
82.47299194335938 513.3069458007812 2.065650224685669
80.69930267333984 516.4432983398438 2.105311393737793
78.80265045166016 519.5068359375 2.144972562789917
76.78601837158203 522.4927978515625 2.184633731842041
74.65257263183594 525.3964233398438 2.224294900894165
72.40567779541016 528.2131958007812 2.263956069946289
70.04885864257812 530.9386596679688 2.303617238998413
67.58583068847656 533.5685424804688 2.343278408050537
65.02046203613281 536.0986938476562 2.382939577102661
62.356788635253906 538.525146484375 2.422600746154785
59.5989990234375 540.8440551757812 2.462261915206909
56.751434326171875 543.0517578125 2.501923084259033
53.81856918334961 545.1448364257812 2.5415842533111572
50.80501937866211 547.1199951171875 2.5812454223632812
47.71552276611328 548.97412109375 2.6209065914154053
44.55493927001953 550.7042846679688 2.6605677604675293
41.32823944091797 552.3077392578125 2.7002289295196533
38.040496826171875 553.781982421875 2.7398900985717773
34.69688415527344 555.124755859375 2.7795512676239014
34.69688415527344 555.124755859375 -3.1036338806152344
34.69688415527344 555.124755859375 -2.7036337852478027
33.549583435058594 554.3899536132812 -2.4402718544006348
32.63312911987305 553.3818359375 -2.176909923553467
32.01072311401367 552.1698608398438 -1.9135479927062988
30.867305755615234 548.7529296875 -1.8738868236541748
29.860271453857422 545.2933349609375 -1.8342256546020508
28.99120330810547 541.7965698242188 -1.7945644855499268
28.2614688873291 538.26806640625 -1.7549033164978027
27.67221450805664 534.7134399414062 -1.7152421474456787
27.224369049072266 531.1382446289062 -1.6755809783935547
26.91863441467285 527.548095703125 -1.6359198093414307
26.7554931640625 523.9486083984375 -1.5962586402893066
26.735200881958008 520.3455200195312 -1.5565974712371826
26.857789993286133 516.7444458007812 -1.5169363021850586
27.12306785583496 513.1510620117188 -1.4772751331329346
27.53061866760254 509.571044921875 -1.4376139640808105
28.07979965209961 506.0099792480469 -1.3979527950286865
28.769746780395508 502.4735107421875 -1.3582916259765625
29.599374771118164 498.9671630859375 -1.3186304569244385
30.567380905151367 495.4964904785156 -1.2789692878723145
31.6722412109375 492.0669250488281 -1.2393081188201904
32.91221618652344 488.6838684082031 -1.1996469497680664
34.28535842895508 485.3526306152344 -1.1599857807159424
35.78950881958008 482.0784606933594 -1.1203246116638184
37.422298431396484 478.8664855957031 -1.0806634426116943
39.18115997314453 475.7218017578125 -1.0410022735595703
41.06332778930664 472.6493225097656 -1.0013411045074463
43.06584167480469 469.6539001464844 -0.9616799354553223
45.18555450439453 466.740234375 -0.9220187664031982
47.41912841796875 463.91290283203125 -0.8823575973510742
49.76305389404297 461.1763610839844 -0.8426964282989502
52.21364212036133 458.534912109375 -0.8030352592468262
54.76703643798828 455.9927062988281 -0.7633740901947021
57.41922378540039 453.5537414550781 -0.7237129211425781
60.16603469848633 451.2218322753906 -0.6840517520904541
63.00314712524414 449.00067138671875 -0.6443905830383301
65.92610168457031 446.8937683105469 -0.604729413986206
68.9302978515625 444.9044189453125 -0.565068244934082
72.0110092163086 443.0357360839844 -0.525407075881958
75.16339111328125 441.2906799316406 -0.48574593663215637
78.38248443603516 439.6719970703125 -0.44608479738235474
81.6632308959961 438.1822204589844 -0.4064236581325531
85.0004653930664 436.8236999511719 -0.36676251888275146
86.32542419433594 436.50634765625 -0.10340061783790588
87.68731689453125 436.54486083984375 0.1599612832069397
88.99221801757812 436.93658447265625 0.4233231842517853
92.24732208251953 438.4815979003906 0.4629843235015869
95.43860626220703 440.1544494628906 0.5026454925537109
98.56105041503906 441.9525146484375 0.542306661605835
101.6097412109375 443.87298583984375 0.581967830657959
104.57988739013672 445.9128112792969 0.621628999710083
107.4668197631836 448.0688171386719 0.661290168762207
110.2659912109375 450.33758544921875 0.700951337814331
112.9729995727539 452.715576171875 0.7406125068664551
115.5835952758789 455.19903564453125 0.7802736759185791
118.09366607666016 457.7840270996094 0.8199348449707031
120.499267578125 460.4665222167969 0.8595960140228271
122.79661560058594 463.2423095703125 0.8992571830749512
124.98209381103516 466.10699462890625 0.9389183521270752
127.05226135253906 469.05609130859375 0.9785795211791992
129.00387573242188 472.0849304199219 1.0182406902313232
130.83384704589844 475.18878173828125 1.0579018592834473
132.53932189941406 478.3627624511719 1.0975630283355713
134.1175994873047 481.60186767578125 1.1372241973876953
135.5662078857422 484.9010009765625 1.1768853664398193
136.8828582763672 488.2549743652344 1.2165465354919434
138.06549072265625 491.65850830078125 1.2562077045440674
139.11224365234375 495.10626220703125 1.2958688735961914
140.02145385742188 498.5928039550781 1.3355300426483154
140.79171752929688 502.1126708984375 1.3751912117004395
140.87875366210938 503.4723205566406 1.6385531425476074
140.60882568359375 504.8077392578125 1.9019150733947754
139.37010192871094 508.1912536621094 1.9415762424468994
137.99818420410156 511.52301025390625 1.9812374114990234
136.82431030273438 513.754638671875 2.128856658935547
134.85606384277344 516.772705078125 2.168517827987671
132.76968383789062 519.7103271484375 2.208178997039795
130.56846618652344 522.5629272460938 2.247840166091919
128.25587463378906 525.3259887695312 2.287501335144043
125.8355484008789 527.9951782226562 2.327162504196167
123.31128692626953 530.5663452148438 2.366823673248291
120.68706512451172 533.035400390625 2.406484842300415
117.96700286865234 535.3984375 2.446146011352539
115.15538787841797 537.6517944335938 2.485807180404663
112.25663757324219 539.7918701171875 2.525468349456787
109.27530670166016 541.8153076171875 2.565129518508911
106.2160873413086 543.7189331054688 2.604790687561035
103.08379364013672 545.4998168945312 2.644451856613159
99.88335418701172 547.1550903320312 2.684113025665283
96.61979675292969 548.68212890625 2.7237741947174072
93.29825592041016 550.0785522460938 2.7634353637695312
89.92395782470703 551.3422241210938 2.8030965328216553
86.50220489501953 552.4710693359375 2.8427577018737793
83.03838348388672 553.46337890625 2.8824188709259033
79.5379409790039 554.3175659179688 2.9220800399780273
76.00638580322266 555.0322875976562 2.9617412090301514
72.44926452636719 555.6063842773438 3.0014023780822754
68.87217712402344 556.0390014648438 3.0410635471343994
65.28075408935547 556.3294677734375 3.0807247161865234
63.92173385620117 556.2330932617188 -2.939098596572876
62.634666442871094 555.7862548828125 -2.675736665725708
61.50830841064453 555.0197143554688 -2.41237473487854
60.62006759643555 553.9861450195312 -2.149050712585449
58.7109375 550.9303588867188 -2.109389543533325
56.92447280883789 547.80126953125 -2.069728374481201
55.263484954833984 544.6038208007812 -2.030067205429077
53.730587005615234 541.343017578125 -1.9904060363769531
52.32818603515625 538.0239868164062 -1.950744867324829
51.05849075317383 534.6519775390625 -1.911083698272705
49.92349624633789 531.2322387695312 -1.871422529220581
48.924991607666016 527.7702026367188 -1.831761360168457
48.064544677734375 524.2713012695312 -1.792100191116333
47.343505859375 520.7410278320312 -1.752439022064209
46.76301193237305 517.1849365234375 -1.712777853012085
46.323978424072266 513.608642578125 -1.673116683959961
46.02709197998047 510.0177307128906 -1.633455514907837
45.87282180786133 506.4178771972656 -1.593794345855713
45.86140823364258 502.8147277832031 -1.5541331768035889
45.99287033081055 499.2139892578125 -1.5144720077514648
46.26700210571289 495.62127685546875 -1.4748108386993408
46.683372497558594 492.0422668457031 -1.4351496696472168
47.24132537841797 488.4825744628906 -1.3954885005950928
47.93998336791992 484.94781494140625 -1.3558273315429688
48.77825164794922 481.44354248046875 -1.3161661624908447
49.75480651855469 477.9752502441406 -1.2765049934387207
50.86811447143555 474.54840087890625 -1.2368438243865967
52.116424560546875 471.16839599609375 -1.1971826553344727
53.497772216796875 467.8405456542969 -1.1575214862823486
55.00998306274414 464.5700988769531 -1.1178603172302246
56.65068435668945 461.3621826171875 -1.0781991481781006
58.41728973388672 458.2218322753906 -1.0385379791259766
60.30702590942383 455.15399169921875 -0.9988768100738525
62.316917419433594 452.16351318359375 -0.9592156410217285
64.44380187988281 449.25506591796875 -0.9195544719696045
66.68433380126953 446.4332275390625 -0.8798933029174805
69.03499603271484 443.70245361328125 -0.8402321338653564
71.4920883178711 441.0670471191406 -0.8005709648132324
74.05174255371094 438.5311279296875 -0.7609097957611084
76.70993041992188 436.09869384765625 -0.7212486267089844
79.46247863769531 433.7735595703125 -0.6815874576568604
82.3050537109375 431.5594177246094 -0.6419262886047363
85.23318481445312 429.459716796875 -0.6022651195526123
88.24227142333984 427.477783203125 -0.5626039505004883
91.32757568359375 425.61669921875 -0.5229427814483643
94.48424530029297 423.8794250488281 -0.4832816421985626
94.48424530029297 423.8794250488281 -0.8832816481590271
96.82563781738281 421.1407165527344 -0.8436204791069031
99.2737808227539 418.4969787597656 -0.803959310054779
101.8248291015625 415.952392578125 -0.764298141002655
104.47476196289062 413.5109558105469 -0.724636971950531
107.21941375732422 411.176513671875 -0.684975802898407
107.21941375732422 411.176513671875 -1.0849758386611938
108.9646987915039 408.0242614746094 -1.0453146696090698
110.83362579345703 404.9436340332031 -1.0056599378585815
112.48268127441406 402.6528015136719 -0.8880875706672668
114.81304168701172 399.8991394042969 -0.8488501310348511
114.81304168701172 399.8991394042969 -1.2488501071929932
116.02068328857422 396.50439453125 -1.2091889381408691
117.17266082763672 393.9275207519531 -1.0916165113449097
118.61895751953125 391.5035705566406 -0.974044144153595
120.33960723876953 389.2659912109375 -0.8564717769622803
120.33960723876953 389.2659912109375 -1.2564717531204224
121.36849975585938 386.6375427246094 -1.138899326324463
122.69861602783203 384.14794921875 -1.0213268995285034
122.69861602783203 384.14794921875 -1.4213268756866455
123.28221130371094 381.38629150390625 -1.303754448890686
124.18572235107422 378.712158203125 -1.1861820220947266
125.39667510986328 376.1624755859375 -1.068609595298767
125.39667510986328 376.1624755859375 -1.4686095714569092
125.84908294677734 373.3763122558594 -1.3510371446609497
126.62519073486328 370.6624450683594 -1.2334647178649902
127.8849105834961 367.28668212890625 -1.1938035488128662
129.27749633789062 363.9635314941406 -1.1541423797607422
129.27749633789062 363.9635314941406 -1.5541423559188843
129.490234375 361.1488952636719 -1.4365699291229248
130.0431365966797 357.5884094238281 -1.3969087600708008
130.7367706298828 354.0526428222656 -1.3572475910186768
131.57005310058594 350.54718017578125 -1.3175864219665527
132.54168701171875 347.0775146484375 -1.2779252529144287
133.65013122558594 343.64910888671875 -1.2382640838623047
134.8936309814453 340.267333984375 -1.1986029148101807
134.8936309814453 340.267333984375 -1.5986028909683228
134.86489868164062 336.664306640625 -1.5589417219161987
134.9790496826172 333.0629577636719 -1.5192805528640747
135.23590087890625 329.4689636230469 -1.4796193838119507
135.6350555419922 325.88800048828125 -1.4399582147598267
136.17588806152344 322.32568359375 -1.4002970457077026
136.8575439453125 318.78759765625 -1.3606358766555786
137.678955078125 315.2793273925781 -1.3209747076034546
138.63882446289062 311.8063659667969 -1.2813135385513306
138.63882446289062 311.8063659667969 -1.6813135147094727
138.31251525878906 308.218017578125 -1.6416523456573486
138.1287384033203 304.61956787109375 -1.6019911766052246
138.08779907226562 301.01666259765625 -1.5623300075531006
138.1897430419922 297.4149475097656 -1.5226688385009766
138.43441772460938 293.8200988769531 -1.4830076694488525
138.82144165039062 290.23779296875 -1.4433465003967285
139.35020446777344 286.67364501953125 -1.4036853313446045
140.01986694335938 283.1332702636719 -1.3640241622924805
140.82937622070312 279.6222229003906 -1.3243629932403564
141.7772216796875 276.1488342285156 -1.2844276428222656
141.7772216796875 276.1488342285156 -1.6844276189804077
141.4397430419922 272.5615234375 -1.6447664499282837
141.24476623535156 268.9636535644531 -1.6051052808761597
141.19259643554688 265.3608703613281 -1.5654441118240356
141.2833251953125 261.75885009765625 -1.5257829427719116
141.5167999267578 258.16326904296875 -1.4861217737197876
141.89266967773438 254.57977294921875 -1.4464606046676636
142.4103240966797 251.0139923095703 -1.4067994356155396
142.4103240966797 251.0139923095703 -1.8067994117736816
141.63748168945312 247.4947052001953 -1.7671382427215576
141.00477600097656 243.94754028320312 -1.7274770736694336
140.5132293701172 240.3780975341797 -1.6878139972686768
140.5132293701172 240.3780975341797 -2.0878140926361084
138.79469299316406 237.211181640625 -2.0481529235839844
137.2030792236328 233.97862243652344 -2.0084917545318604
135.7408905029297 230.6855010986328 -1.9688305854797363
134.41041564941406 227.3369903564453 -1.9291694164276123
133.21376037597656 223.9383544921875 -1.8895082473754883
133.21376037597656 223.9383544921875 -2.28950834274292
130.8956298828125 221.17991638183594 -2.249847173690796
128.68869018554688 218.33172607421875 -2.210186004638672
126.59642791748047 215.3982696533203 -2.170524835586548
126.59642791748047 215.3982696533203 -2.5705249309539795
123.6042251586914 213.39093017578125 -2.5308637619018555
120.6939697265625 211.2665252685547 -2.4912025928497314
117.87023162841797 209.0283966064453 -2.4515414237976074
115.13745880126953 206.68006896972656 -2.4118802547454834
112.49994659423828 204.2252197265625 -2.3722190856933594
112.49994659423828 204.2252197265625 -2.772219181060791
109.16626739501953 202.85800170898438 -2.732558012008667
105.88941955566406 201.3596649169922 -2.692896842956543
102.674560546875 199.7325897216797 -2.653235673904419
99.52674865722656 197.97930908203125 -2.613574504852295
96.450927734375 196.10260009765625 -2.573913335800171
93.45194244384766 194.10540771484375 -2.534252166748047
90.53450012207031 191.99087524414062 -2.494590997695923
87.70320129394531 189.7623291015625 -2.454929828643799
87.70320129394531 189.7623291015625 -2.8549299240112305
84.2679672241211 188.67520141601562 -2.8152687549591064
80.8785400390625 187.4527130126953 -2.7756075859069824
77.54024505615234 186.09678649902344 -2.7359464168548584
74.25833892822266 184.6095733642578 -2.6962852478027344
71.0379867553711 182.99339294433594 -2.6566240787506104
67.88424682617188 181.25079345703125 -2.6169629096984863
64.80208587646484 179.384521484375 -2.5773017406463623
61.796348571777344 177.3975067138672 -2.5376405715942383
58.871761322021484 175.29287719726562 -2.4979794025421143
56.03292465209961 173.0739288330078 -2.4583182334899902
53.2843017578125 170.74417114257812 -2.418657064437866
50.63024139404297 168.30726623535156 -2.378993272781372
50.63024139404297 168.30726623535156 -2.7789933681488037
47.28738021850586 166.96266174316406 -2.7393321990966797
44.00046157836914 165.48655700683594 -2.6996710300445557
40.774654388427734 163.88128662109375 -2.6600098609924316
37.61503601074219 162.14938354492188 -2.6203486919403076
34.526573181152344 160.29354858398438 -2.5806875228881836
31.511734008789062 158.31570434570312 -2.5412817001342773
28.578018188476562 156.2210235595703 -2.501781940460205
28.578018188476562 156.2210235595703 -2.462120771408081
28.578018188476562 156.2210235595703 -2.8621208667755127
25.135059356689453 155.1586151123047 -2.8224589824676514
21.736927032470703 153.9605255126953 -2.7827978134155273
18.388973236083984 152.62864685058594 -2.7431366443634033
18.388973236083984 152.62864685058594 -2.7034754753112793
18.388973236083984 152.62864685058594 -3.103475570678711
18.388973236083984 152.62864685058594 -2.7034754753112793
18.388973236083984 152.62864685058594 -2.6638143062591553
18.388973236083984 152.62864685058594 -3.063814401626587
18.388973236083984 152.62864685058594 -2.6638143062591553
18.388973236083984 152.62864685058594 -2.6241531372070312
18.388973236083984 152.62864685058594 -3.024153232574463
18.388973236083984 152.62864685058594 -2.6241531372070312
18.388973236083984 152.62864685058594 -2.5844919681549072
