61.58574676513672 451.8542175292969 0.9411698579788208
62.8646240234375 453.9320068359375 1.0969414710998535
63.805667877197266 456.18304443359375 1.2527130842208862
64.3860855102539 458.5528259277344 1.408484697341919
64.59182739257812 460.98394775390625 1.5642563104629517
64.41790771484375 463.41754150390625 1.7200279235839844
63.82319259643555 467.3730773925781 1.7200279235839844
63.228477478027344 471.32861328125 1.7200279235839844
62.63376235961914 475.2841491699219 1.7200279235839844
62.03904724121094 479.23968505859375 1.7200279235839844
61.444332122802734 483.1952209472656 1.7200279235839844
60.84961700439453 487.1507568359375 1.7200279235839844
60.25490188598633 491.1062927246094 1.7200279235839844
59.660186767578125 495.06182861328125 1.7200279235839844
59.06547164916992 499.0173645019531 1.7200279235839844
59.06547164916992 499.0173645019531 1.3200279474258423
59.48517608642578 501.4208068847656 1.475799560546875
59.526920318603516 503.8602600097656 1.6315711736679077
59.526920318603516 503.8602600097656 1.2315711975097656
60.15730667114258 506.21722412109375 1.3873428106307983
60.41439437866211 508.6434631347656 1.543114423751831
60.525108337402344 512.6419067382812 1.543114423751831
60.63582229614258 516.640380859375 1.543114423751831
60.63582229614258 516.640380859375 1.143114447593689
62.29487228393555 520.2800903320312 1.143114447593689
63.953922271728516 523.9197998046875 1.143114447593689
65.61297607421875 527.5595092773438 1.143114447593689
65.61297607421875 527.5595092773438 0.7431144714355469
65.61297607421875 527.5595092773438 0.3431144654750824
69.37982177734375 528.9052124023438 0.3431144654750824
73.14666748046875 530.2509155273438 0.3431144654750824
76.91351318359375 531.5966186523438 0.3431144654750824
80.68035888671875 532.9423217773438 0.3431144654750824
84.44720458984375 534.2880249023438 0.3431144654750824
88.21405029296875 535.6337280273438 0.3431144654750824
88.21405029296875 535.6337280273438 -0.05688554048538208
90.65332794189453 535.6849365234375 0.09888610243797302
94.6337890625 536.079833984375 0.09888610243797302
98.61425018310547 536.4747314453125 0.09888610243797302
102.59471130371094 536.86962890625 0.09888610243797302
106.5751724243164 537.2645263671875 0.09888610243797302
110.55563354492188 537.659423828125 0.09888610243797302
114.53609466552734 538.0543212890625 0.09888610243797302
118.51655578613281 538.44921875 0.09888610243797302
122.49701690673828 538.8441162109375 0.09888610243797302
126.47747802734375 539.239013671875 0.09888610243797302
130.4579315185547 539.6339111328125 0.09888610243797302
134.43838500976562 540.02880859375 0.09888610243797302
138.41883850097656 540.4237060546875 0.09888610243797302
142.3992919921875 540.818603515625 0.09888610243797302
146.37974548339844 541.2135009765625 0.09888610243797302
150.36019897460938 541.6083984375 0.09888610243797302
150.36019897460938 541.6083984375 -0.30111390352249146
152.73947143554688 541.0682983398438 -0.14534226059913635
155.17373657226562 540.9038696289062 0.01042938232421875
159.17352294921875 540.945556640625 0.01042938232421875
159.17352294921875 540.945556640625 -0.3895706236362457
161.49578857421875 540.1973266601562 -0.23379898071289062
165.386962890625 539.2706298828125 -0.23379898071289062
169.27813720703125 538.3439331054688 -0.23379898071289062
173.1693115234375 537.417236328125 -0.23379898071289062
177.06048583984375 536.4905395507812 -0.23379898071289062
180.95166015625 535.5638427734375 -0.23379898071289062
180.95166015625 535.5638427734375 -0.6337989568710327
184.17478942871094 533.1950073242188 -0.6337989568710327
187.39791870117188 530.826171875 -0.6337989568710327
190.6210479736328 528.4573364257812 -0.6337989568710327
193.84417724609375 526.0885009765625 -0.6337989568710327
197.0673065185547 523.7196655273438 -0.6337989568710327
200.29043579101562 521.350830078125 -0.6337989568710327
203.51356506347656 518.9819946289062 -0.6337989568710327
206.7366943359375 516.6131591796875 -0.6337989568710327
206.7366943359375 516.6131591796875 -1.0337989330291748
208.14413452148438 514.6202392578125 -0.8780273199081421
209.84371948242188 512.8698120117188 -0.7222557067871094
212.84498596191406 510.2254943847656 -0.7222557067871094
215.84625244140625 507.5811767578125 -0.7222557067871094
218.84751892089844 504.9368591308594 -0.7222557067871094
221.84878540039062 502.29254150390625 -0.7222557067871094
224.8500518798828 499.6482238769531 -0.7222557067871094
224.8500518798828 499.6482238769531 -1.1222556829452515
226.075927734375 497.5387268066406 -0.9664840698242188
227.61422729492188 495.64495849609375 -0.810712456703186
230.3701629638672 492.745849609375 -0.810712456703186
233.1260986328125 489.84674072265625 -0.810712456703186
235.8820343017578 486.9476318359375 -0.810712456703186
238.63796997070312 484.04852294921875 -0.810712456703186
241.39390563964844 481.1494140625 -0.810712456703186
244.14984130859375 478.25030517578125 -0.810712456703186
246.90577697753906 475.3511962890625 -0.810712456703186
249.66171264648438 472.45208740234375 -0.810712456703186
252.4176483154297 469.552978515625 -0.810712456703186
254.2311248779297 467.9208068847656 -0.6549408435821533
254.2311248779297 467.9208068847656 -1.0549408197402954
255.5961151123047 465.8985595703125 -0.8991692066192627
257.2583312988281 464.1125793457031 -0.74339759349823
259.177490234375 462.6060791015625 -0.5876259803771973
262.50653076171875 460.3885192871094 -0.5876259803771973
265.8355712890625 458.17095947265625 -0.5876259803771973
267.9652099609375 456.9804382324219 -0.43185433745384216
271.59796142578125 455.30621337890625 -0.43185433745384216
275.230712890625 453.6319885253906 -0.43185433745384216
278.86346435546875 451.957763671875 -0.43185433745384216
281.1520080566406 451.112060546875 -0.27608269453048706
285.0005187988281 450.0216979980469 -0.27608269453048706
288.8490295410156 448.93133544921875 -0.27608269453048706
291.2410888671875 448.450927734375 -0.12031105160713196
295.2121887207031 447.9708557128906 -0.12031105160713196
297.6498107910156 447.86737060546875 0.035460591316223145
301.6473083496094 448.0091857910156 0.035460591316223145
305.6448059082031 448.1510009765625 0.035460591316223145
308.0689697265625 448.42694091796875 0.19123223423957825
311.9960632324219 449.1872253417969 0.19123223423957825
314.3480529785156 449.8359375 0.34700387716293335
318.1096496582031 451.1962585449219 0.34700387716293335
320.33251953125 452.2019958496094 0.5027755498886108
322.3724365234375 453.5404357910156 0.6585471630096436
322.3724365234375 453.5404357910156 0.2585471570491791
324.67547607421875 454.34588623046875 0.4143187999725342
326.82568359375 455.4988708496094 0.5700904130935669
328.7709655761719 456.9714660644531 0.7258620262145996
330.4642333984375 458.72802734375 0.8816336393356323
331.8644714355469 460.7260437011719 1.037405252456665
332.9377746582031 462.9170837402344 1.1931768655776978
333.6581726074219 465.24810791015625 1.3489484786987305
333.6581726074219 465.24810791015625 0.9489485025405884
334.92083740234375 467.3357849121094 1.104720115661621
335.8443298339844 469.59405517578125 1.2604917287826538
336.40631103515625 471.96826171875 1.4162633419036865
336.5931396484375 474.4009094238281 1.5720349550247192
336.58819580078125 478.4009094238281 1.5720349550247192
336.3953552246094 480.8330993652344 1.727806568145752
336.3953552246094 480.8330993652344 1.3278065919876099
336.7963562011719 483.23974609375 1.4835782051086426
336.8191223144531 485.679443359375 1.6393498182296753
336.4631042480469 488.0931396484375 1.795121431350708
336.4631042480469 488.0931396484375 1.395121455192566
336.7013244628906 490.52130126953125 1.5508930683135986
336.5599365234375 492.95703125 1.7066646814346313
336.0423889160156 495.34130859375 1.862436294555664
336.0423889160156 495.34130859375 1.462436318397522
336.1167297363281 497.7799987792969 1.6182079315185547
335.81182861328125 500.20068359375 1.7739795446395874
335.13507080078125 502.5447692871094 1.9297511577606201
335.13507080078125 502.5447692871094 1.529751181602478
335.13507080078125 502.5447692871094 1.129751205444336
336.00177001953125 504.8254699707031 1.2855228185653687
336.504150390625 507.2130126953125 1.4412944316864014
336.504150390625 507.2130126953125 1.0412944555282593
337.5689392089844 509.4082336425781 1.197066068649292
338.2802734375 511.7420654296875 1.3528376817703247
338.2802734375 511.7420654296875 0.9528377056121826
339.5348205566406 513.8345947265625 1.1086093187332153
340.44952392578125 516.096435546875 1.264380931854248
341.6560974121094 519.9100952148438 1.264380931854248
341.6560974121094 519.9100952148438 0.864380955696106
344.2525329589844 522.952880859375 0.864380955696106
344.2525329589844 522.952880859375 0.4643809497356415
347.82891845703125 524.744384765625 0.4643809497356415
351.4053039550781 526.535888671875 0.4643809497356415
354.981689453125 528.327392578125 0.4643809497356415
358.5580749511719 530.118896484375 0.4643809497356415
362.13446044921875 531.910400390625 0.4643809497356415
365.7108459472656 533.701904296875 0.4643809497356415
365.7108459472656 533.701904296875 0.064380943775177
368.1260070800781 534.0478515625 0.2201525866985321
372.0294494628906 534.92138671875 0.2201525866985321
375.9328918457031 535.794921875 0.2201525866985321
379.8363342285156 536.66845703125 0.2201525866985321
383.7397766113281 537.5419921875 0.2201525866985321
387.6432189941406 538.41552734375 0.2201525866985321
391.5466613769531 539.2890625 0.2201525866985321
391.5466613769531 539.2890625 -0.17984741926193237
393.97381591796875 539.0407104492188 -0.02407577633857727
393.97381591796875 539.0407104492188 -0.42407578229904175
396.2688903808594 538.2128295898438 -0.26830413937568665
398.66461181640625 537.7510375976562 -0.11253249645233154
401.10296630859375 537.66650390625 0.04323914647102356
405.0992126464844 537.8394165039062 0.04323914647102356
409.095458984375 538.0123291015625 0.04323914647102356
413.0917053222656 538.1852416992188 0.04323914647102356
417.08795166015625 538.358154296875 0.04323914647102356
421.0841979980469 538.5310668945312 0.04323914647102356
425.0804443359375 538.7039794921875 0.04323914647102356
429.0766906738281 538.8768920898438 0.04323914647102356
433.07293701171875 539.0498046875 0.04323914647102356
437.0691833496094 539.2227172851562 0.04323914647102356
441.0654296875 539.3956298828125 0.04323914647102356
445.0616760253906 539.5685424804688 0.04323914647102356
449.05792236328125 539.741455078125 0.04323914647102356
453.0541687011719 539.9143676757812 0.04323914647102356
457.0504150390625 540.0872802734375 0.04323914647102356
461.0466613769531 540.2601928710938 0.04323914647102356
465.04290771484375 540.43310546875 0.04323914647102356
469.0391540527344 540.6060180664062 0.04323914647102356
473.035400390625 540.7789306640625 0.04323914647102356
477.0316467285156 540.9518432617188 0.04323914647102356
481.02789306640625 541.124755859375 0.04323914647102356
485.0241394042969 541.2976684570312 0.04323914647102356
489.0203857421875 541.4705810546875 0.04323914647102356
493.0166320800781 541.6434936523438 0.04323914647102356
497.01287841796875 541.81640625 0.04323914647102356
497.01287841796875 541.81640625 -0.3567608594894409
499.3584289550781 541.144775390625 -0.20098921656608582
501.77978515625 540.8451538085938 -0.04521757364273071
505.77569580078125 540.6643676757812 -0.04521757364273071
509.7716064453125 540.4835815429688 -0.04521757364273071
513.7675170898438 540.3027954101562 -0.04521757364273071
517.763427734375 540.1220092773438 -0.04521757364273071
521.7593383789062 539.9412231445312 -0.04521757364273071
525.7552490234375 539.7604370117188 -0.04521757364273071
529.7511596679688 539.5796508789062 -0.04521757364273071
533.7470703125 539.3988647460938 -0.04521757364273071
537.7429809570312 539.2180786132812 -0.04521757364273071
541.7388916015625 539.0372924804688 -0.04521757364273071
541.7388916015625 539.0372924804688 -0.4452175796031952
545.3489379882812 537.314697265625 -0.4452175796031952
548.958984375 535.5921020507812 -0.4452175796031952
548.958984375 535.5921020507812 -0.8452175855636597
548.958984375 535.5921020507812 -1.2452175617218018
548.958984375 535.5921020507812 -1.6452175378799438
548.6615600585938 531.6031494140625 -1.6452175378799438
548.3641357421875 527.6141967773438 -1.6452175378799438
548.0667114257812 523.625244140625 -1.6452175378799438
547.769287109375 519.6362915039062 -1.6452175378799438
547.4718627929688 515.6473388671875 -1.6452175378799438
547.1744384765625 511.6584167480469 -1.6452175378799438
546.8770141601562 507.66949462890625 -1.6452175378799438
546.57958984375 503.6805725097656 -1.6452175378799438
546.57958984375 503.6805725097656 -2.045217514038086
545.6372680664062 501.4300842285156 -1.8894459009170532
545.0554809570312 499.0606384277344 -1.7336742877960205
544.848388671875 496.629638671875 -1.5779026746749878
544.848388671875 496.629638671875 -1.9779026508331299
544.0595703125 494.32086181640625 -1.8221310377120972
543.6384887695312 491.91766357421875 -1.6663594245910645
543.2568359375 487.9359130859375 -1.6663594245910645
543.2568359375 487.9359130859375 -2.066359519958496
542.2671508789062 485.7058410644531 -1.9105879068374634
542.2671508789062 485.7058410644531 -2.3105878829956055
539.5706176757812 482.75140380859375 -2.3105878829956055
536.8740844726562 479.7969665527344 -2.3105878829956055
534.1775512695312 476.842529296875 -2.3105878829956055
531.4810180664062 473.8880920410156 -2.3105878829956055
529.9814453125 471.9635009765625 -2.154816150665283
528.7986450195312 469.82958984375 -1.9990445375442505
528.7986450195312 469.82958984375 -2.3990445137023926
525.8516235351562 467.1249084472656 -2.3990445137023926
522.9046020507812 464.42022705078125 -2.3990445137023926
521.2409057617188 462.6356506347656 -2.2432727813720703
519.8742065429688 460.61456298828125 -2.087501049041748
519.8742065429688 460.61456298828125 -2.4875011444091797
518.059326171875 458.98394775390625 -2.3317294120788574
516.5194091796875 457.09149169921875 -2.175957679748535
514.2438354492188 453.8018493652344 -2.175957679748535
511.96826171875 450.51220703125 -2.175957679748535
511.96826171875 450.51220703125 -2.575957775115967
510.0164489746094 449.04827880859375 -2.4201860427856445
508.31536865234375 447.29925537109375 -2.2644143104553223
505.7580871582031 444.2235107421875 -2.2644143104553223
503.2008056640625 441.14776611328125 -2.2644143104553223
500.6435241699219 438.072021484375 -2.2644143104553223
498.08624267578125 434.99627685546875 -2.2644143104553223
498.08624267578125 434.99627685546875 -2.664414405822754
496.0127258300781 433.71051025390625 -2.5086426734924316
492.7875671386719 431.34442138671875 -2.5086426734924316
489.5624084472656 428.97833251953125 -2.5086426734924316
486.3372497558594 426.61224365234375 -2.5086426734924316
483.1120910644531 424.24615478515625 -2.5086426734924316
479.8869323730469 421.88006591796875 -2.5086426734924316
476.6617736816406 419.51397705078125 -2.5086426734924316
473.4366149902344 417.14788818359375 -2.5086426734924316
470.2114562988281 414.78179931640625 -2.5086426734924316
466.9862976074219 412.41571044921875 -2.5086426734924316
463.7611389160156 410.04962158203125 -2.5086426734924316
460.5359802246094 407.68353271484375 -2.5086426734924316
457.3108215332031 405.31744384765625 -2.5086426734924316
454.0856628417969 402.95135498046875 -2.5086426734924316
450.8605041503906 400.58526611328125 -2.5086426734924316
447.6353454589844 398.21917724609375 -2.5086426734924316
444.4101867675781 395.85308837890625 -2.5086426734924316
441.1850280761719 393.48699951171875 -2.5086426734924316
437.9598693847656 391.12091064453125 -2.5086426734924316
434.7347106933594 388.75482177734375 -2.5086426734924316
431.5095520019531 386.38873291015625 -2.5086426734924316
428.2843933105469 384.02264404296875 -2.5086426734924316
425.0592346191406 381.65655517578125 -2.5086426734924316
421.8340759277344 379.29046630859375 -2.5086426734924316
418.6089172363281 376.92437744140625 -2.5086426734924316
415.3837585449219 374.55828857421875 -2.5086426734924316
412.1585998535156 372.19219970703125 -2.5086426734924316
408.9334411621094 369.82611083984375 -2.5086426734924316
408.9334411621094 369.82611083984375 -2.9086427688598633
405.0414733886719 368.9027099609375 -2.9086427688598633
401.1495056152344 367.97930908203125 -2.9086427688598633
397.2575378417969 367.055908203125 -2.9086427688598633
394.93463134765625 366.3096923828125 -2.752871036529541
391.2330627441406 364.7936706542969 -2.752871036529541
387.531494140625 363.27764892578125 -2.752871036529541
383.8299255371094 361.7616271972656 -2.752871036529541
380.12835693359375 360.24560546875 -2.752871036529541
376.4267883300781 358.7295837402344 -2.752871036529541
372.7252197265625 357.21356201171875 -2.752871036529541
369.0236511230469 355.6975402832031 -2.752871036529541
365.32208251953125 354.1815185546875 -2.752871036529541
361.6205139160156 352.6654968261719 -2.752871036529541
357.9189453125 351.14947509765625 -2.752871036529541
355.7399597167969 350.0519104003906 -2.5970993041992188
352.3183898925781 347.97998046875 -2.5970993041992188
348.8968200683594 345.9080505371094 -2.5970993041992188
345.4752502441406 343.83612060546875 -2.5970993041992188
342.0536804199219 341.7641906738281 -2.5970993041992188
338.6321105957031 339.6922607421875 -2.5970993041992188
335.2105407714844 337.6203308105469 -2.5970993041992188
331.7889709472656 335.54840087890625 -2.5970993041992188
328.3674011230469 333.4764709472656 -2.5970993041992188
324.9458312988281 331.404541015625 -2.5970993041992188
321.5242614746094 329.3326110839844 -2.5970993041992188
318.1026916503906 327.26068115234375 -2.5970993041992188
314.6811218261719 325.1887512207031 -2.5970993041992188
311.2595520019531 323.1168212890625 -2.5970993041992188
307.8379821777344 321.0448913574219 -2.5970993041992188
304.4164123535156 318.97296142578125 -2.5970993041992188
300.9948425292969 316.9010314941406 -2.5970993041992188
297.5732727050781 314.8291015625 -2.5970993041992188
294.1517028808594 312.7571716308594 -2.5970993041992188
290.7301330566406 310.68524169921875 -2.5970993041992188
287.3085632324219 308.6133117675781 -2.5970993041992188
283.8869934082031 306.5413818359375 -2.5970993041992188
280.4654235839844 304.4694519042969 -2.5970993041992188
277.0438537597656 302.39752197265625 -2.5970993041992188
273.6222839355469 300.3255920410156 -2.5970993041992188
270.2007141113281 298.253662109375 -2.5970993041992188
266.7791442871094 296.1817321777344 -2.5970993041992188
263.3575744628906 294.10980224609375 -2.5970993041992188
259.9360046386719 292.0378723144531 -2.5970993041992188
257.95367431640625 290.61553955078125 -2.4413275718688965
256.21600341796875 288.90289306640625 -2.285555839538574
253.59425354003906 285.88189697265625 -2.285555839538574
250.97250366210938 282.86090087890625 -2.285555839538574
249.52157592773438 280.8993835449219 -2.129784107208252
248.3925323486328 278.73651123046875 -1.9740124940872192
246.82301330566406 275.0572814941406 -1.9740124940872192
246.04319763183594 272.7454528808594 -1.8182408809661865
245.06349182128906 268.8672790527344 -1.8182408809661865
244.6517791748047 266.46246337890625 -1.6624692678451538
244.6517791748047 266.46246337890625 -2.062469244003296
243.6707763671875 264.2285461425781 -1.9066976308822632
243.04823303222656 261.8695068359375 -1.7509260177612305
242.79920959472656 259.44244384765625 -1.5951544046401978
242.92974853515625 257.0061340332031 -1.439382791519165
243.43667602539062 254.61956787109375 -1.2836111783981323
244.30772399902344 252.34054565429688 -1.1278395652770996
245.5218048095703 250.2242431640625 -0.9720679521560669
247.0495147705078 248.32192993164062 -0.8162963390350342
248.85385131835938 246.67965698242188 -0.6605247259140015
250.89112854003906 245.3372039794922 -0.5047531127929688
253.1120147705078 244.3270721435547 -0.34898146986961365
255.4627227783203 243.67372131347656 -0.19320982694625854
255.4627227783203 243.67372131347656 -0.5932098627090454
257.585693359375 242.47134399414062 -0.4374382197856903
259.8695068359375 241.61288452148438 -0.2816665768623352
262.25885009765625 241.11912536621094 -0.1258949339389801
262.25885009765625 241.11912536621094 -0.5258949398994446
264.4578857421875 240.06227111816406 -0.3701232969760895
266.79425048828125 239.359375 -0.21435165405273438
269.2113952636719 239.02745056152344 -0.05858001112937927
269.2113952636719 239.02745056152344 -0.45858001708984375
271.4765319824219 238.1208953857422 -0.30280837416648865
273.8548889160156 237.5767364501953 -0.14703673124313354
276.28887939453125 237.4081573486328 0.008734911680221558
276.28887939453125 237.4081573486328 -0.3912650942802429
278.60986328125 236.65602111816406 -0.23549345135688782
281.0194396972656 236.2730712890625 -0.07972180843353271
283.4592590332031 236.26858520507812 0.07604983448982239
283.4592590332031 236.26858520507812 -0.3239501714706421
285.8255920410156 235.6742706298828 -0.168178528547287
288.2554626464844 235.4542694091797 -0.012406885623931885
290.6900634765625 235.61390686035156 0.14336475729942322
290.6900634765625 235.61390686035156 -0.25663524866104126
293.09100341796875 235.18011474609375 -0.10086360573768616
295.5301818847656 235.12405395507812 0.054908037185668945
297.9485168457031 235.4470977783203 0.21067968010902405
301.8600769042969 236.28359985351562 0.21067968010902405
305.7716369628906 237.12010192871094 0.21067968010902405
309.6831970214844 237.95660400390625 0.21067968010902405
313.5947570800781 238.79310607910156 0.21067968010902405
317.5063171386719 239.62960815429688 0.21067968010902405
319.8453063964844 240.3239288330078 0.36644452810287476
319.8453063964844 240.3239288330078 -0.03355547785758972
322.28271484375 240.4320526123047 0.12221616506576538
324.6738586425781 240.91700744628906 0.2779878079891205
328.5202941894531 242.0146942138672 0.2779878079891205
328.5202941894531 242.0146942138672 -0.122012197971344
330.9577331542969 241.90707397460938 0.03375944495201111
333.3823547363281 242.1789093017578 0.1895310878753662
335.7354431152344 242.8236083984375 0.3453027307987213
339.49932861328125 244.1775360107422 0.3453027307987213
343.2632141113281 245.53146362304688 0.3453027307987213
347.027099609375 246.88539123535156 0.3453027307987213
350.7909851074219 248.23931884765625 0.3453027307987213
354.55487060546875 249.59324645996094 0.3453027307987213
358.3187561035156 250.94717407226562 0.3453027307987213
358.3187561035156 250.94717407226562 -0.054697275161743164
360.7579040527344 251.0037384033203 0.10107436776161194
363.15875244140625 251.4380340576172 0.25684601068496704
365.4631652832031 252.2395477294922 0.41261765360832214
369.1274719238281 253.8435821533203 0.41261765360832214
372.7917785644531 255.44761657714844 0.41261765360832214
376.4560852050781 257.0516662597656 0.41261765360832214
378.6082458496094 258.20098876953125 0.5683892965316772
378.6082458496094 258.20098876953125 0.16838929057121277
380.9744567871094 258.7958068847656 0.32416093349456787
383.2197265625 259.7505187988281 0.479932576417923
386.767822265625 261.5973815917969 0.479932576417923
390.31591796875 263.4442443847656 0.479932576417923
393.864013671875 265.2911071777344 0.479932576417923
397.412109375 267.1379699707031 0.479932576417923
400.960205078125 268.9848327636719 0.479932576417923
404.50830078125 270.8316955566406 0.479932576417923
408.056396484375 272.6785583496094 0.479932576417923
411.6044921875 274.5254211425781 0.479932576417923
415.152587890625 276.3722839355469 0.479932576417923
418.70068359375 278.2191467285156 0.479932576417923
422.248779296875 280.0660095214844 0.479932576417923
425.796875 281.9128723144531 0.479932576417923
429.344970703125 283.7597351074219 0.479932576417923
432.89306640625 285.6065979003906 0.479932576417923
436.441162109375 287.4534606933594 0.479932576417923
439.9892578125 289.3003234863281 0.479932576417923
443.537353515625 291.1471862792969 0.479932576417923
447.08544921875 292.9940490722656 0.479932576417923
450.633544921875 294.8409118652344 0.479932576417923
454.181640625 296.6877746582031 0.479932576417923
457.729736328125 298.5346374511719 0.479932576417923
461.27783203125 300.3815002441406 0.479932576417923
464.825927734375 302.2283630371094 0.479932576417923
468.3740234375 304.0752258300781 0.479932576417923
471.922119140625 305.9220886230469 0.479932576417923
475.47021484375 307.7689514160156 0.479932576417923
479.018310546875 309.6158142089844 0.479932576417923
482.56640625 311.4626770019531 0.479932576417923
486.114501953125 313.3095397949219 0.479932576417923
489.66259765625 315.1564025878906 0.479932576417923
493.210693359375 317.0032653808594 0.479932576417923
496.7587890625 318.8501281738281 0.479932576417923
500.306884765625 320.6969909667969 0.479932576417923
503.85498046875 322.5438537597656 0.479932576417923
505.9249572753906 323.8353271484375 0.6357042193412781
509.1435852050781 326.2102966308594 0.6357042193412781
512.3621826171875 328.58526611328125 0.6357042193412781
515.580810546875 330.9602355957031 0.6357042193412781
515.580810546875 330.9602355957031 0.2357042133808136
515.580810546875 330.9602355957031 -0.16429579257965088
515.580810546875 330.9602355957031 -0.564295768737793
517.7376708984375 329.8197326660156 -0.40852412581443787
521.4085083007812 328.230712890625 -0.40852412581443787
525.079345703125 326.6416931152344 -0.40852412581443787
528.7501831054688 325.05267333984375 -0.40852412581443787
532.4210205078125 323.4636535644531 -0.40852412581443787
536.0918579101562 321.8746337890625 -0.40852412581443787
539.7626953125 320.2856140136719 -0.40852412581443787
543.4335327148438 318.69659423828125 -0.40852412581443787
547.1043701171875 317.1075744628906 -0.40852412581443787
550.7752075195312 315.5185546875 -0.40852412581443787
550.7752075195312 315.5185546875 -0.8085241317749023
550.7752075195312 315.5185546875 -1.2085241079330444
550.7752075195312 315.5185546875 -1.6085240840911865
550.7752075195312 315.5185546875 -2.008524179458618
549.9160766601562 313.2350158691406 -1.8527525663375854
549.421630859375 310.8458251953125 -1.6969809532165527
548.918212890625 306.87762451171875 -1.6969809532165527
548.414794921875 302.909423828125 -1.6969809532165527
547.911376953125 298.94122314453125 -1.6969809532165527
547.407958984375 294.9730224609375 -1.6969809532165527
546.904541015625 291.00482177734375 -1.6969809532165527
546.401123046875 287.03662109375 -1.6969809532165527
545.897705078125 283.06842041015625 -1.6969809532165527
545.394287109375 279.1002197265625 -1.6969809532165527
544.890869140625 275.13201904296875 -1.6969809532165527
544.7730712890625 272.6950378417969 -1.54120934009552
544.8914184570312 268.69677734375 -1.54120934009552
545.009765625 264.6985168457031 -1.54120934009552
545.1281127929688 260.70025634765625 -1.54120934009552
545.2464599609375 256.7019958496094 -1.54120934009552
545.2464599609375 256.7019958496094 -1.941209316253662
544.5429077148438 254.36582946777344 -1.7854377031326294
544.2102661132812 251.94879150390625 -1.6296660900115967
543.9749145507812 247.95571899414062 -1.6296660900115967
543.7395629882812 243.962646484375 -1.6296660900115967
543.5042114257812 239.96957397460938 -1.6296660900115967
543.2688598632812 235.97650146484375 -1.6296660900115967
543.0335083007812 231.98342895507812 -1.6296660900115967
542.7981567382812 227.9903564453125 -1.6296660900115967
542.5628051757812 223.99728393554688 -1.6296660900115967
542.3274536132812 220.00421142578125 -1.6296660900115967
542.0921020507812 216.01113891601562 -1.6296660900115967
541.8567504882812 212.01806640625 -1.6296660900115967
541.6213989257812 208.02499389648438 -1.6296660900115967
541.3860473632812 204.03192138671875 -1.6296660900115967
541.1506958007812 200.03884887695312 -1.6296660900115967
540.9153442382812 196.0457763671875 -1.6296660900115967
540.9617309570312 193.6063995361328 -1.473894476890564
541.3487548828125 189.6251678466797 -1.473894476890564
541.7357788085938 185.64393615722656 -1.473894476890564
542.122802734375 181.66270446777344 -1.473894476890564
542.5098266601562 177.6814727783203 -1.473894476890564
542.8968505859375 173.7002410888672 -1.473894476890564
543.2838745117188 169.71900939941406 -1.473894476890564
543.6708984375 165.73777770996094 -1.473894476890564
544.0579223632812 161.7565460205078 -1.473894476890564
544.0579223632812 161.7565460205078 -1.873894453048706
543.5130615234375 159.3783416748047 -1.7181228399276733
543.34375 156.9444122314453 -1.5623512268066406
543.3775024414062 152.94454956054688 -1.5623512268066406
543.4112548828125 148.94468688964844 -1.5623512268066406
543.4450073242188 144.94482421875 -1.5623512268066406
543.478759765625 140.94496154785156 -1.5623512268066406
543.5125122070312 136.94509887695312 -1.5623512268066406
543.5462646484375 132.9452362060547 -1.5623512268066406
543.5800170898438 128.94537353515625 -1.5623512268066406
543.61376953125 124.94551849365234 -1.5623512268066406
543.6475219726562 120.94566345214844 -1.5623512268066406
543.6812744140625 116.94580841064453 -1.5623512268066406
543.7150268554688 112.94595336914062 -1.5623512268066406
543.748779296875 108.94609832763672 -1.5623512268066406
543.7825317382812 104.94624328613281 -1.5623512268066406
543.8162841796875 100.9463882446289 -1.5623512268066406
543.8162841796875 100.9463882446289 -1.9623512029647827
543.0634765625 98.62561798095703 -1.80657958984375
542.6798095703125 96.21615600585938 -1.6508079767227173
542.6798095703125 96.21615600585938 -2.0508079528808594
541.7249145507812 93.97096252441406 -1.8950363397598267
541.1299438476562 91.60481262207031 -1.739264726638794
540.9092407226562 89.17500305175781 -1.5834931135177612
540.9092407226562 89.17500305175781 -1.9834930896759033
540.1075439453125 86.87066650390625 -1.8277214765548706
540.1075439453125 86.87066650390625 -2.2277214527130127
538.7723999023438 84.82856750488281 -2.0719497203826904
537.770263671875 82.60406494140625 -1.9161781072616577
536.416015625 78.84027862548828 -1.9161781072616577
535.061767578125 75.07649230957031 -1.9161781072616577
533.70751953125 71.31270599365234 -1.9161781072616577
532.353271484375 67.54891967773438 -1.9161781072616577
530.9990234375 63.785133361816406 -1.9161781072616577
529.644775390625 60.02134704589844 -1.9161781072616577
528.29052734375 56.25756072998047 -1.9161781072616577
526.936279296875 52.4937744140625 -1.9161781072616577
525.58203125 48.72998809814453 -1.9161781072616577
524.227783203125 44.96620178222656 -1.9161781072616577
524.227783203125 44.96620178222656 -2.3161780834198
524.227783203125 44.96620178222656 -2.7161781787872314
524.227783203125 44.96620178222656 -3.116178274154663
524.227783203125 44.96620178222656 2.7670068740844727
521.8945922851562 45.67951965332031 2.922778606414795
517.989990234375 46.54780960083008 2.922778606414795
515.5743408203125 46.89051055908203 3.078550338745117
511.582275390625 47.142513275146484 3.078550338745117
507.5902099609375 47.39451599121094 3.078550338745117
503.59814453125 47.64651870727539 3.078550338745117
499.6060791015625 47.898521423339844 3.078550338745117
495.614013671875 48.1505241394043 3.078550338745117
491.6219482421875 48.40252685546875 3.078550338745117
487.6298828125 48.6545295715332 3.078550338745117
483.6378173828125 48.906532287597656 3.078550338745117
479.645751953125 49.15853500366211 3.078550338745117
475.6536865234375 49.41053771972656 3.078550338745117
471.66162109375 49.662540435791016 3.078550338745117
467.6695556640625 49.91454315185547 3.078550338745117
463.677490234375 50.16654586791992 3.078550338745117
459.6854248046875 50.418548583984375 3.078550338745117
455.693359375 50.67055130004883 3.078550338745117
451.7012939453125 50.92255401611328 3.078550338745117
447.709228515625 51.174556732177734 3.078550338745117
443.7171630859375 51.42655944824219 3.078550338745117
439.72509765625 51.67856216430664 3.078550338745117
435.7330322265625 51.930564880371094 3.078550338745117
431.740966796875 52.18256759643555 3.078550338745117
427.7489013671875 52.4345703125 3.078550338745117
425.3093566894531 52.39835739135742 -3.048863172531128
422.90496826171875 51.98410415649414 -2.8930914402008057
420.5939636230469 51.20184326171875 -2.7373197078704834
420.5939636230469 51.20184326171875 -3.137319803237915
418.1623840332031 51.001617431640625 -2.9815480709075928
415.7912902832031 50.426570892333984 -2.8257763385772705
411.9891052246094 49.184200286865234 -2.8257763385772705
408.1869201660156 47.941829681396484 -2.8257763385772705
408.1869201660156 47.941829681396484 3.0574088096618652
405.7471618652344 47.95719528198242 -3.07000470161438
403.3345642089844 47.59386444091797 -2.9142329692840576
399.4375 46.69224166870117 -2.9142329692840576
395.5404357910156 45.790618896484375 -2.9142329692840576
391.64337158203125 44.88899612426758 -2.9142329692840576
387.7463073730469 43.98737335205078 -2.9142329692840576
387.7463073730469 43.98737335205078 2.968952178955078
385.31744384765625 44.21821212768555 3.1247239112854004
382.8821716308594 44.069435119628906 -3.0026895999908447
378.9206848144531 43.51560974121094 -3.0026895999908447
374.9591979980469 42.96178436279297 -3.0026895999908447
374.9591979980469 42.96178436279297 2.880495548248291
372.5602111816406 43.406288146972656 3.0362672805786133
370.1213073730469 43.473228454589844 -3.091146230697632
366.12640380859375 43.27153015136719 -3.091146230697632
362.1315002441406 43.06983184814453 -3.091146230697632
358.1365966796875 42.868133544921875 -3.091146230697632
354.1416931152344 42.66643524169922 -3.091146230697632
350.14678955078125 42.46473693847656 -3.091146230697632
346.1518859863281 42.263038635253906 -3.091146230697632
346.1518859863281 42.263038635253906 2.792038917541504
343.8015441894531 42.9177360534668 2.947810649871826
341.3780822753906 43.199867248535156 3.1035823822021484
337.3809814453125 43.351871490478516 3.1035823822021484
333.3838806152344 43.503875732421875 3.1035823822021484
329.38677978515625 43.655879974365234 3.1035823822021484
325.3896789550781 43.807884216308594 3.1035823822021484
321.392578125 43.95988845825195 3.1035823822021484
317.3954772949219 44.11189270019531 3.1035823822021484
313.39837646484375 44.26389694213867 3.1035823822021484
309.4012756347656 44.41590118408203 3.1035823822021484
309.4012756347656 44.41590118408203 2.703582286834717
307.11798095703125 45.27566909790039 2.859354019165039
304.72894287109375 45.770790100097656 3.0151257514953613
300.7608947753906 46.27531051635742 3.0151257514953613
296.7928466796875 46.77983093261719 3.0151257514953613
292.8247985839844 47.28435134887695 3.0151257514953613
288.85675048828125 47.78887176513672 3.0151257514953613
286.4197998046875 47.907352447509766 -3.112287759780884
286.4197998046875 47.907352447509766 2.770897388458252
284.0838317871094 48.61158752441406 2.926669120788574
281.6669006347656 48.944889068603516 3.0824408531188965
277.67388916015625 49.181358337402344 3.0824408531188965
273.6808776855469 49.41782760620117 3.0824408531188965
269.6878662109375 49.654296875 3.0824408531188965
265.6948547363281 49.89076614379883 3.0824408531188965
261.70184326171875 50.127235412597656 3.0824408531188965
257.7088317871094 50.363704681396484 3.0824408531188965
253.7158203125 50.60017395019531 3.0824408531188965
249.72280883789062 50.83664321899414 3.0824408531188965
245.72979736328125 51.07311248779297 3.0824408531188965
241.73678588867188 51.3095817565918 3.0824408531188965
237.7437744140625 51.546051025390625 3.0824408531188965
233.75076293945312 51.78252029418945 3.0824408531188965
229.75775146484375 52.01898956298828 3.0824408531188965
225.76473999023438 52.25545883178711 3.0824408531188965
221.771728515625 52.49192810058594 3.0824408531188965
217.77871704101562 52.728397369384766 3.0824408531188965
213.78570556640625 52.964866638183594 3.0824408531188965
209.79269409179688 53.20133590698242 3.0824408531188965
205.7996826171875 53.43780517578125 3.0824408531188965
201.80667114257812 53.67427444458008 3.0824408531188965
197.81365966796875 53.910743713378906 3.0824408531188965
193.82064819335938 54.147212982177734 3.0824408531188965
189.82763671875 54.38368225097656 3.0824408531188965
185.83462524414062 54.62015151977539 3.0824408531188965
181.84161376953125 54.85662078857422 3.0824408531188965
177.84860229492188 55.09309005737305 3.0824408531188965
173.8555908203125 55.329559326171875 3.0824408531188965
169.86257934570312 55.5660285949707 3.0824408531188965
165.86956787109375 55.80249786376953 3.0824408531188965
165.86956787109375 55.80249786376953 2.682440757751465
163.60494995117188 56.71034240722656 2.838212490081787
161.22689819335938 57.255855560302734 2.9939842224121094
158.7930145263672 57.42582702636719 -3.1334292888641357
154.79315185546875 57.39317321777344 -3.1334292888641357
150.7932891845703 57.36051940917969 -3.1334292888641357
146.79342651367188 57.32786560058594 -3.1334292888641357
142.79356384277344 57.29521179199219 -3.1334292888641357
138.793701171875 57.26255798339844 -3.1334292888641357
134.79383850097656 57.22990417480469 -3.1334292888641357
130.79397583007812 57.19725036621094 -3.1334292888641357
126.79410552978516 57.16459655761719 -3.1334292888641357
122.79423522949219 57.13194274902344 -3.1334292888641357
118.79436492919922 57.09928894042969 -3.1334292888641357
114.79449462890625 57.06663513183594 -3.1334292888641357
110.79462432861328 57.03398132324219 -3.1334292888641357
106.79475402832031 57.00132751464844 -3.1334292888641357
102.79488372802734 56.96867370605469 -3.1334292888641357
98.79501342773438 56.93601989746094 -3.1334292888641357
94.7951431274414 56.90336608886719 -3.1334292888641357
94.7951431274414 56.90336608886719 2.749755859375
92.4745864868164 57.65682601928711 2.9055275917053223
90.06523132324219 58.04114532470703 3.0612993240356445
87.62541961669922 58.047019958496094 -3.0661141872406006
87.62541961669922 58.047019958496094 2.817070960998535
85.25943756103516 58.64268493652344 2.9728426933288574
82.8296890258789 58.864070892333984 3.1286144256591797
78.83002471923828 58.91598129272461 3.1286144256591797
74.83036041259766 58.967891693115234 3.1286144256591797
74.83036041259766 58.967891693115234 2.728614330291748
72.5262451171875 59.770240783691406 2.8843860626220703
72.5262451171875 59.770240783691406 2.4843859672546387
70.4845199584961 61.10593032836914 2.640157699584961
68.26029968261719 62.10869216918945 2.795929431915283
65.90743255615234 62.75423812866211 2.9517011642456055
65.90743255615234 62.75423812866211 2.551701068878174
63.78049087524414 63.94956970214844 2.707472801208496
61.49385452270508 64.80044555664062 2.8632445335388184
61.49385452270508 64.80044555664062 2.4632444381713867
59.4808235168457 66.17900085449219 2.619016170501709
57.278297424316406 67.22855377197266 2.7747879028320312
54.939605712890625 67.92369842529297 2.9305596351623535
54.939605712890625 67.92369842529297 2.530559539794922
52.838409423828125 69.16372680664062 2.686331272125244
50.57027053833008 70.06275177001953 2.8421030044555664
46.748321533203125 71.24288177490234 2.8421030044555664
42.92637252807617 72.42301177978516 2.8421030044555664
39.10442352294922 73.60314178466797 2.8421030044555664
35.282474517822266 74.78327178955078 2.8421030044555664
31.460525512695312 75.9634017944336 2.8421030044555664
27.63857650756836 77.1435317993164 2.8421030044555664
23.816627502441406 78.32366180419922 2.8421030044555664
19.994678497314453 79.50379180908203 2.8421030044555664
19.994678497314453 79.50379180908203 2.8421030044555664
19.994678497314453 79.50379180908203 2.8421030044555664
19.994678497314453 79.50379180908203 2.8421030044555664
19.994678497314453 79.50379180908203 2.8421030044555664
19.994678497314453 79.50379180908203 2.8421030044555664
19.994678497314453 79.50379180908203 2.8421030044555664
19.994678497314453 79.50379180908203 2.8421030044555664
19.994678497314453 79.50379180908203 2.8421030044555664
19.994678497314453 79.50379180908203 2.8421030044555664
19.994678497314453 79.50379180908203 2.8421030044555664
