-392.25004271066473
-394.69454572699294
-397.3072795692297
-400.06079603438536
-402.9267241317463
-405.8761599303079
-408.8800566507104
-411.9094292200193
-414.9357100590974
-417.9309818372265
-420.86821311641734
-423.22368336170183
-426.20319764874836
-428.5872293760987
-431.5963224118044
-433.9781711781494
-437.004838460251
-440.0010576651348
-442.3958210180819
-445.41520903656055
-448.39483254344555
-450.7789361297645
-454.76813777698715
-458.75752706134216
-458.75752706134216
-462.54667575748164
-462.54667575748164
-464.2237377477108
-465.61390667173634
-466.68504932873134
-467.41258175455283
-468.25336288461205
-468.8636182550025
-469.5561842689371
-470.0479163447521
-470.59083041875834
-470.59083041875834
-470.2373938752781
-470.1958876786262
-470.46675797002615
-471.0469660787812
-471.9300593660877
-472.5737360360315
-473.3083803609182
-473.8336013138466
-474.4186666914083
-475.3062140123698
-475.95370965293216
-476.6930980698871
-477.22203634671615
-477.81162127178027
-478.22079010316776
-478.6593318074165
-479.4037949334358
-479.9366815721592
-480.5312186091105
-481.42777476856924
-482.08229680352423
-482.83035185132184
-483.36601469783466
-483.96394816536036
-484.8636431842677
-485.52064355091244
-486.2716481247917
-487.31974465734606
-487.31974465734606
-487.14504969191853
-486.60423191534323
-485.8496034087879
-485.18978709792833
-484.2865044689716
-483.6848779981556
-483.146251614601
-482.2538420792676
-481.0605249377356
-480.05421614130614
-478.71905020053873
-477.669465299979
-476.7766694453418
-475.58297374302225
-474.57647500741814
-473.2413010360183
-472.19189807302877
-471.2993710086254
-470.1061932900906
-469.1002484872825
-467.7658827635323
-466.6487523853655
-465.1761621177121
-463.9826327036958
-462.9765864884223
-461.6422847774624
-460.5253308118722
-459.05315812897084
-457.8602789830367
-456.8548860307132
-455.52160366470866
-454.4748405932804
-453.58487307142616
-452.3954673815652
-451.3929447399839
-450.0634173973146
-449.0208083390412
-448.1342727601295
-446.9493242899875
-446.05782250706704
-445.2907983606137
-444.2550377353825
-443.51842336790804
-443.0893284120182
-442.6887038277692
-442.11116466795426
-441.8442163383332
-441.8909121896539
-441.8684139866923
-441.76517759880113
-441.9757654498852
-442.4977431342542
-443.32516876753397
-443.9254836515899
-444.60643582807114
-445.5882901107293
-446.8599319463051
-448.4070597751174
-449.58464471741473
-450.99632594608454
-452.67511713603795
-454.60244572198724
-456.75725577350147
-459.116375419815
-460.951932323053
-463.20464218546516
-465.6501528061152
-468.2627867874728
-471.0155367574219
-473.8804224187707
-476.82892811818834
-479.83220257457094
-482.86138625224265
-485.88794360352745
-488.8839113773427
-491.822088258725
-494.67626915031383
-497.4214467361881
-500.0339436530342
-502.4916120539035
-504.4942279552006
-507.06650307288896
-509.4780450444037
-511.7087680532051
-513.5389324403726
-515.9053187829961
-518.0858441123931
-519.8777818982655
-522.1979380212045
-524.3273130763303
-526.248405099905
-527.8412429492919
-527.8412429492919
-527.8412429492919
-530.8723279914974
-533.8844192452824
-536.8498793430479
-536.8498793430479
-539.2023222499373
-541.4434245862896
-543.517961764978
-545.3760423962377
-547.6566791669578
-549.4270130772628
-551.5942879255042
-553.2679318993496
-555.3148762843995
-557.5759922803785
-559.3302926864455
-561.4767480625744
-563.1375297346914
-565.1636492313414
-566.7264168249707
-568.6267647096505
-570.755007155595
-572.4007427751327
-574.4074599339883
-575.9543696172735
-577.8342651740804
-579.9436579429621
-581.5740378595414
-583.5608679116277
-585.0915432828575
-586.9504975998302
-589.040627862933
-590.6552149972396
-592.62162473612
-594.1356639529889
-595.9731579507909
-598.0435305342105
-599.6419484232792
-601.5875566674406
-603.084581495799
-604.9001730326202
-606.9503773305685
-608.5323212191179
-610.4566277870449
-610.4566277870449
-611.6053508913027
-613.0316492306846
-614.72031547978
-616.6534975032545
-618.8108839278889
-620.479942567555
-622.5159822801529
-624.0861012861383
-625.9951875166881
-628.130560872294
-629.7816379100024
-631.79442491687
-634.0237790097348
-635.7514872122717
-637.8627861321136
-639.4941852632521
-641.4815934787964
-643.6878638495006
-645.3966285409691
-647.4834530112528
-649.0688269270216
-651.022416851543
-653.1979305041743
-653.1979305041743
-654.6534131091983
-654.6534131091983
-655.2610582499167
-656.1656856510799
-657.3575812348665
-657.3575812348665
-657.3024396342889
-656.8759194419059
-656.0880487178405
-655.0208924045543
-654.1110516505641
-652.3297997400684
-651.0968175545197
-649.4768005333311
-649.4768005333311
-647.1723359521828
-645.075866907002
-643.2091500843846
-641.5917242398777
-640.240657137597
-640.240657137597
-638.1491471490342
-636.2879573556932
-634.6765681267244
-632.7333784968567
-632.7333784968567
-630.7272520012818
-628.5357830938539
-625.7461060744184
-623.4995335381184
-620.645134165855
-618.3507399879727
-615.4410767331724
-613.1065335956868
-610.1513870968811
-607.7846781929254
-604.7942430618901
-602.5131444392508
-599.4947337723468
-596.5180390276266
-594.1366015719774
-591.1307078740297
-588.7302869170856
-585.7060305416602
-583.295418523153
-580.2639649083126
-577.85219369943
-574.8250919466554
-572.4227219595252
-569.4118332218467
-566.3809248148865
-563.9717046851463
-560.950530506301
-558.5537788637406
-555.5543229779703
-553.1796991495912
-550.2141981788546
-547.2020661594858
-544.8148885423628
-541.8304199321575
-539.4701286730531
-536.5257237765869
-533.5258620349264
-531.1508704404216
-528.1848391864623
-525.1724379745822
-522.7849899996792
-519.8001277749977
-517.4394930103995
-514.4946066585048
-510.60279946544307
-507.6017232274462
-505.2255750325524
-502.2578226195862
-499.91317673752144
-496.9913603863939
-493.99381797892073
-491.6332279989631
-488.68842346923896
-486.3647659090133
-483.47275095302723
-480.50745323437866
-478.1650907312309
-475.2465822537118
-472.26327712300593
-469.90417795706946
-466.9615709208269
-464.63993008683815
-461.7508493528736
-458.78763889021434
-456.4472410424453
-453.53158312926496
-451.23981485391283
-448.385296046895
-445.4469907307919
-443.1292751797332
-440.245822097206
-437.2866473148982
-434.9499778340548
-432.0397200372606
-429.7471668338758
-426.8989387139823
-423.96533844254736
-421.6519389835483
-418.774622464745
-415.81983454791265
-413.4872667192009
-410.5829161611992
-408.29568432702274
-405.4549718010301
-402.5270720357629
-400.21886098660235
-397.3489140219303
-394.3995387960074
-392.07192190982676
-389.1746876779627
-386.8938710658769
-384.0621754930611
-381.1411663812197
-378.83920699376193
-375.978104287448
-373.7292063964749
-370.94164740761033
-368.0546762808118
-365.7830334344169
-362.9642016081611
-360.0531065222691
-357.7600685524535
-354.91162542926884
-354.91162542926884
-352.5105467484253
-349.94989279359964
-347.2504025568637
-344.4343205486762
-341.52543938137984
-339.234490986936
-336.3890621908024
-333.45801074880336
-331.1472255015222
-328.274081931108
-326.0149003870308
-323.2136557956141
-320.3164042273076
-318.03590797725
-315.20524903435
-312.2854479426099
-309.3017120268584
-306.2804524623148
-303.2492026609174
-300.8371209519544
-297.8090682430423
-294.78110953610684
-291.78200885351174
-288.8411133985526
-285.98815289284386
-283.69605537750056
-280.790339748696
-277.98579830027427
-275.312126018946
-272.79852638268534
-270.4732680624308
-268.36325539379345
-266.49355001815036
-264.88688283282204
-263.56320505659255
-262.53925105885133
-261.8281559069366
-261.43914810243473
-261.377295368686
-261.6434210605526
-262.2340360343408
-263.14146452168956
-264.35400950800124
-265.85625635435446
-267.6294113330581
-269.65172225870276
-271.8989566313966
-273.64772494372346
-275.79468463504656
-278.15233259532243
-279.9905427606231
-282.251729279821
-284.70934279640653
-286.6288260568305
-288.9942052392673
-291.54178025121035
-294.24328511618427
-296.3631972009434
-298.98806934004295
-301.75292459954545
-303.92551323251786
-306.61925843700124
-309.43928316113517
-311.6581500544312
-314.4128877018329
-317.28051632603746
-319.5396831897945
-322.34802417060786
-325.2561506659555
-327.5500798692908
-330.40511450599575
-333.34719371165016
-335.6706780173426
-338.56597082118276
-341.5358722194153
-343.8841174254855
-346.81364901290357
-347.35571565254156
-350.0148397200777
-352.80659577321023
-355.702095190862
-358.6720786316268
-361.6872857658703
-364.0781235815563
-367.0691656303222
-369.43669007206296
-372.39343290658314
-375.401529736056
-375.401529736056
-378.1627064943519
-381.03469271690193
-383.98847314328015
-386.99489061097626
-390.02492190395213
-392.4326919515405
-395.4512883730284
-398.48279235769314
-400.8943699239567
-403.92102979502704
-403.92102979502704
-406.7598194055965
-409.68983785682985
-412.6820328089951
-415.70741828314806
-418.73729539403666
-421.1497062661652
-424.18000420111883
-427.20456159259595
-429.6153473412768
-432.6468253575269
-435.05847809339093
-438.08529892723226
-440.35524128928995
-443.36131095613223
-446.39126522859766
-448.79888258108053
-451.81719689461937
-454.8487243153061
-457.2602489558942
-460.2867363774056
-462.68974057474156
-465.699997091484
-468.7308324181441
-471.75382523643026
-474.1639237862194
-477.19521596794897
-479.60723225608547
-482.63518868222786
-484.9748271481829
-487.98598474443605
-491.01697748103396
-493.42641619331687
-496.44821201627775
-499.73136089781485
-502.1419262101878
-505.16610761690214
-507.55742047977736
-510.5628800189291
-513.592679920938
-516.6182726633693
-516.6182726633693
-516.6182726633693
-516.6182726633693
-518.1572206152341
-519.9531650592634
-521.9867275568356
-521.9867275568356
-523.2691974962363
-524.8242848088173
-527.058517351962
-527.058517351962
-527.3445039637801
-527.2597463320626
-526.8062701633902
-526.159709698976
-525.5844556091524
-524.785607899368
-524.0898793586329
-523.1405968688144
-522.3265672633958
-521.2281623344788
-520.4238536567268
-519.7238747017861
-518.769436373371
-517.9507968158528
-516.8483598103932
-516.0400397565387
-515.3369969108725
-514.3788346345805
-513.3247214196715
-512.5202993897343
-511.4357889023736
-510.64615405264567
-509.95802396748485
-509.018646005205
-508.2121341268797
-507.1250681684481
-506.333011073411
-505.64303889235515
-504.7014778953116
-503.8934677738521
-502.80433011539435
-502.0102633148129
-501.3188236533429
-500.3755405372255
-499.73221495348133
-499.16012523341107
-498.3660119904419
-497.67464768564275
-496.7315871333733
-496.0764104716814
-495.49690517009606
-494.69368821609606
-493.9951664762185
-493.0432444714283
-492.3912890146522
-491.8125515894345
-491.01038363014334
-490.5122945880556
-490.0555874312147
-489.4060877774547
-488.82940107717536
-488.02985425876176
-487.53460543620236
-487.08018155666963
-486.4336333286935
-486.4336333286935
-484.9473008472438
-483.738588554573
-482.8209612028621
-482.20462215134427
-481.8965429926024
-481.5908387208785
-481.1307070294848
-480.9810962019604
-480.8012323452644
-480.49896315176085
-480.197904692332
-479.74368208866287
-479.6000295558693
-479.4249784512627
-479.12883274765665
-478.83260134172895
-478.3845250619338
-478.2471563795099
-478.07716023187123
-477.78732677524886
-477.80946687712725
-477.7663394654543
-477.63579309283045
-477.8175437382472
-477.8175437382472
-477.8175437382472
-476.01303985691754
-474.46600585627044
-473.19351374291415
-472.2097272725798
-472.2097272725798
-470.42829067601895
-468.2576362378964
-468.2576362378964
-466.16746691754554
-463.9152712669049
-461.5582084043412
-458.57537175608724
-455.65546062905753
-453.3168100273422
-450.3572921692638
-447.98772861594296
-444.99438242351647
-442.60197879530966
-439.5851830102882
-438.5930061204601
-435.57816946973696
-432.5467461198867
-429.5270353583822
-426.54778855141006
-424.164757608463
-421.1573472723059
-418.7560602595237
-415.7310704684035
-413.3201524478669
-410.288625764505
-407.27268340902845
-404.8663642356883
-401.83733241263974
-399.4250328895651
-396.39414910579467
-393.37136446846023
-390.96145145328484
-387.9302543265431
-384.9177178719959
-382.5133790428163
-379.4858368562134
-377.07394346309866
-374.04256142989504
-371.0224797911297
-368.6139272638837
-365.58340295978434
-362.57491814695743
-359.6174624922937
-356.7403034762752
-353.9726310659218
-353.9726310659218
-350.96263738325257
-348.00251621211225
-345.12153640249403
-342.3490142294945
-342.3490142294945
-339.3376231124575
-336.37497525863273
-333.49040824305416
-333.49040824305416
-330.459044963762
-327.4452083789045
-324.4779473756421
-322.10323363559723
-319.1045814530349
-316.70886708965355
-313.68896470217055
-310.7095497862718
-308.32654455176396
-305.3192935486736
-302.91817740433174
-299.89335678070285
-297.4825171119707
-294.45101844594507
-291.4354756148471
-289.02944742841845
-286.00063845133207
-283.5883866360461
-280.55739836995843
-277.5350574549163
-275.12535971534265
-272.0942703571347
-269.6820900208892
-266.6536360124585
-263.62614006989946
-261.2142631119435
-258.1828620917457
-255.7724358928783
-252.74879790593016
-249.7181548956388
-247.3058004711654
-244.27642384572093
-241.86979181950463
-238.85372314020702
-235.82220830530605
-233.41136380177616
-230.38675660086372
-227.98625300121526
-224.98101048834036
-221.9514654709019
-219.54456679502832
-216.528054116116
-213.49652270972248
-211.0855636620217
-208.0606782699675
-205.6598949298902
-202.65418598443233
-199.62452215731804
-197.2174784811174
-194.2007214429156
-191.16919789939837
-188.75817369853783
-185.73315848002304
-183.36419897621735
-180.3596228118428
-177.33029592321807
-174.30397603873914
-171.89254660301077
-168.86101490757386
-166.44993574534328
-163.42479932309328
-160.3947566612359
-157.98233395208146
-154.9521855877956
-154.9521855877956
-152.0913608260812
-149.15121970971526
-146.1553172347844
-143.1290425139231
-140.0996348311925
-137.68727531966817
-134.65660864785798
-134.65660864785798
-131.78980870322752
-128.84583544230892
-125.84777806172532
-122.82073781841306
-119.791890222629
-117.37964941555708
-114.34866317372268
-111.32642882069248
-108.91692514481352
-105.88593094232056
-103.47368460942232
-100.44499095483538
-97.4177901148342
-95.0060589499848
-91.97458689640779
-88.95513531532231
-86.54744733159322
-83.51756706433228
-81.10515909793051
-78.07485083337379
-75.05053685286302
-72.64006173053869
-69.60868404815457
-67.1967878987271
-64.1695522180331
-61.14083744653185
-58.72864625238997
-55.69756858825084
-53.2905550225717
-50.26984754596198
-47.238457386510774
-44.82658250441694
-41.799543116558105
-38.77065361900977
-36.35843780558151
-33.327400400269724
-30.3059037401841
-30.3059037401841
-27.353873473375273
-24.358128822582913
-21.334211675019148
-18.30344546003115
-14.31698987312658
-11.323791960036353
-8.447395595643014
-5.907505051732023
-4.380577666447388
-4.937393544673879
-7.100371450086965
-9.85182152137056
-12.80121242642743
-15.818615392419355
-18.850034487598638
-21.86719157840658
-24.85217824233388
-24.85217824233388
-27.85772586593615
-30.88868098311979
-30.88868098311979
-33.07238019167171
-35.11304671825227
-36.98720304722741
-39.382622441831145
-42.001791436100184
-44.795545880453346
-47.70948693574603
-50.698057340292486
-53.723228144338194
-56.75313573592516
-59.760883170899085
-59.760883170899085
-59.760883170899085
-59.760883170899085
-59.760883170899085
-59.760883170899085
-59.760883170899085
-59.760883170899085
-59.760883170899085
-59.760883170899085
-59.760883170899085
