62.828426361083984 452.82843017578125 0.7853981852531433
65.65685272216797 455.6568603515625 0.7853981852531433
68.48528289794922 458.48529052734375 0.7853981852531433
71.31371307373047 461.313720703125 0.7853981852531433
74.14214324951172 464.14215087890625 0.7853981852531433
76.97057342529297 466.9705810546875 0.7853981852531433
79.79900360107422 469.79901123046875 0.7853981852531433
82.62743377685547 472.62744140625 0.7853981852531433
85.45586395263672 475.45587158203125 0.7853981852531433
88.28429412841797 478.2843017578125 0.7853981852531433
91.11272430419922 481.11273193359375 0.7853981852531433
93.94115447998047 483.941162109375 0.7853981852531433
96.76958465576172 486.76959228515625 0.7853981852531433
99.59801483154297 489.5980224609375 0.7853981852531433
102.42644500732422 492.42645263671875 0.7853981852531433
105.25487518310547 495.2548828125 0.7853981852531433
108.08330535888672 498.08331298828125 0.7853981852531433
110.91173553466797 500.9117431640625 0.7853981852531433
113.74016571044922 503.74017333984375 0.7853981852531433
116.56859588623047 506.568603515625 0.7853981852531433
119.39702606201172 509.39703369140625 0.7853981852531433
122.22545623779297 512.2254638671875 0.7853981852531433
125.05388641357422 515.0538940429688 0.7853981852531433
127.88231658935547 517.88232421875 0.7853981852531433
130.7107391357422 520.7107543945312 0.7853981852531433
133.53916931152344 523.5391845703125 0.7853981852531433
136.3675994873047 526.3676147460938 0.7853981852531433
139.19602966308594 529.196044921875 0.7853981852531433
142.0244598388672 532.0244750976562 0.7853981852531433
144.85289001464844 534.8529052734375 0.7853981852531433
147.6813201904297 537.6813354492188 0.7853981852531433
150.50975036621094 540.509765625 0.7853981852531433
153.3381805419922 543.3381958007812 0.7853981852531433
153.3381805419922 543.3381958007812 0.38539817929267883
157.04476928710938 544.8419189453125 0.38539817929267883
160.75135803222656 546.3456420898438 0.38539817929267883
164.45794677734375 547.849365234375 0.38539817929267883
164.45794677734375 547.849365234375 -0.014601826667785645
168.45751953125 547.7909545898438 -0.014601826667785645
172.45709228515625 547.7325439453125 -0.014601826667785645
176.4566650390625 547.6741333007812 -0.014601826667785645
180.45623779296875 547.61572265625 -0.014601826667785645
180.45623779296875 547.61572265625 -0.4146018326282501
184.11734008789062 546.00439453125 -0.4146018326282501
187.7784423828125 544.39306640625 -0.4146018326282501
191.43954467773438 542.78173828125 -0.4146018326282501
195.10064697265625 541.17041015625 -0.4146018326282501
198.76174926757812 539.55908203125 -0.4146018326282501
202.4228515625 537.94775390625 -0.4146018326282501
206.08395385742188 536.33642578125 -0.4146018326282501
209.74505615234375 534.72509765625 -0.4146018326282501
213.40615844726562 533.11376953125 -0.4146018326282501
217.0672607421875 531.50244140625 -0.4146018326282501
220.72836303710938 529.89111328125 -0.4146018326282501
224.38946533203125 528.27978515625 -0.4146018326282501
224.38946533203125 528.27978515625 -0.8146018385887146
227.13409423828125 525.3699951171875 -0.8146018385887146
229.87872314453125 522.460205078125 -0.8146018385887146
232.62335205078125 519.5504150390625 -0.8146018385887146
235.36798095703125 516.640625 -0.8146018385887146
238.11260986328125 513.7308349609375 -0.8146018385887146
240.85723876953125 510.8210144042969 -0.8146018385887146
243.60186767578125 507.91119384765625 -0.8146018385887146
246.34649658203125 505.0013732910156 -0.8146018385887146
249.09112548828125 502.091552734375 -0.8146018385887146
251.83575439453125 499.1817321777344 -0.8146018385887146
254.58038330078125 496.27191162109375 -0.8146018385887146
257.32501220703125 493.3620910644531 -0.8146018385887146
260.06964111328125 490.4522705078125 -0.8146018385887146
262.81427001953125 487.5424499511719 -0.8146018385887146
265.55889892578125 484.63262939453125 -0.8146018385887146
268.30352783203125 481.7228088378906 -0.8146018385887146
271.04815673828125 478.81298828125 -0.8146018385887146
273.79278564453125 475.9031677246094 -0.8146018385887146
276.53741455078125 472.99334716796875 -0.8146018385887146
279.28204345703125 470.0835266113281 -0.8146018385887146
282.02667236328125 467.1737060546875 -0.8146018385887146
284.77130126953125 464.2638854980469 -0.8146018385887146
287.51593017578125 461.35406494140625 -0.8146018385887146
290.26055908203125 458.4442443847656 -0.8146018385887146
293.00518798828125 455.534423828125 -0.8146018385887146
295.74981689453125 452.6246032714844 -0.8146018385887146
298.49444580078125 449.71478271484375 -0.8146018385887146
301.23907470703125 446.8049621582031 -0.8146018385887146
303.98370361328125 443.8951416015625 -0.8146018385887146
303.98370361328125 443.8951416015625 -0.4146018326282501
303.98370361328125 443.8951416015625 -0.014601826667785645
303.98370361328125 443.8951416015625 0.38539817929267883
307.6903076171875 445.39886474609375 0.38539817929267883
311.39691162109375 446.902587890625 0.38539817929267883
315.103515625 448.40631103515625 0.38539817929267883
318.81011962890625 449.9100341796875 0.38539817929267883
322.5167236328125 451.41375732421875 0.38539817929267883
326.22332763671875 452.91748046875 0.38539817929267883
329.929931640625 454.42120361328125 0.38539817929267883
329.929931640625 454.42120361328125 0.7853981852531433
332.75836181640625 457.2496337890625 0.7853981852531433
335.5867919921875 460.07806396484375 0.7853981852531433
338.41522216796875 462.906494140625 0.7853981852531433
341.24365234375 465.73492431640625 0.7853981852531433
344.07208251953125 468.5633544921875 0.7853981852531433
346.9005126953125 471.39178466796875 0.7853981852531433
349.72894287109375 474.22021484375 0.7853981852531433
352.557373046875 477.04864501953125 0.7853981852531433
355.38580322265625 479.8770751953125 0.7853981852531433
358.2142333984375 482.70550537109375 0.7853981852531433
361.04266357421875 485.533935546875 0.7853981852531433
363.87109375 488.36236572265625 0.7853981852531433
366.69952392578125 491.1907958984375 0.7853981852531433
369.5279541015625 494.01922607421875 0.7853981852531433
372.35638427734375 496.84765625 0.7853981852531433
375.184814453125 499.67608642578125 0.7853981852531433
378.01324462890625 502.5045166015625 0.7853981852531433
380.8416748046875 505.33294677734375 0.7853981852531433
383.67010498046875 508.161376953125 0.7853981852531433
386.49853515625 510.98980712890625 0.7853981852531433
389.32696533203125 513.8182373046875 0.7853981852531433
392.1553955078125 516.6466674804688 0.7853981852531433
394.98382568359375 519.47509765625 0.7853981852531433
397.812255859375 522.3035278320312 0.7853981852531433
400.64068603515625 525.1319580078125 0.7853981852531433
403.4691162109375 527.9603881835938 0.7853981852531433
406.29754638671875 530.788818359375 0.7853981852531433
409.1259765625 533.6172485351562 0.7853981852531433
411.95440673828125 536.4456787109375 0.7853981852531433
414.7828369140625 539.2741088867188 0.7853981852531433
417.61126708984375 542.1025390625 0.7853981852531433
420.439697265625 544.9309692382812 0.7853981852531433
420.439697265625 544.9309692382812 0.38539817929267883
424.14630126953125 546.4346923828125 0.38539817929267883
427.8529052734375 547.9384155273438 0.38539817929267883
431.55950927734375 549.442138671875 0.38539817929267883
435.26611328125 550.9458618164062 0.38539817929267883
438.97271728515625 552.4495849609375 0.38539817929267883
442.6793212890625 553.9533081054688 0.38539817929267883
446.38592529296875 555.45703125 0.38539817929267883
450.092529296875 556.9607543945312 0.38539817929267883
453.79913330078125 558.4644775390625 0.38539817929267883
457.5057373046875 559.9682006835938 0.38539817929267883
461.21234130859375 561.471923828125 0.38539817929267883
464.9189453125 562.9756469726562 0.38539817929267883
464.9189453125 562.9756469726562 -0.014601826667785645
468.91851806640625 562.917236328125 -0.014601826667785645
472.9180908203125 562.8588256835938 -0.014601826667785645
476.91766357421875 562.8004150390625 -0.014601826667785645
480.917236328125 562.7420043945312 -0.014601826667785645
484.91680908203125 562.68359375 -0.014601826667785645
488.9163818359375 562.6251831054688 -0.014601826667785645
492.91595458984375 562.5667724609375 -0.014601826667785645
496.91552734375 562.5083618164062 -0.014601826667785645
500.91510009765625 562.449951171875 -0.014601826667785645
504.9146728515625 562.3915405273438 -0.014601826667785645
508.91424560546875 562.3331298828125 -0.014601826667785645
512.913818359375 562.2747192382812 -0.014601826667785645
516.9133911132812 562.21630859375 -0.014601826667785645
520.9129638671875 562.1578979492188 -0.014601826667785645
524.9125366210938 562.0994873046875 -0.014601826667785645
524.9125366210938 562.0994873046875 -0.4146018326282501
528.5736694335938 560.4881591796875 -0.4146018326282501
528.5736694335938 560.4881591796875 -0.8146018385887146
531.3182983398438 557.578369140625 -0.8146018385887146
534.0629272460938 554.6685791015625 -0.8146018385887146
536.8075561523438 551.7587890625 -0.8146018385887146
539.5521850585938 548.8489990234375 -0.8146018385887146
542.2968139648438 545.939208984375 -0.8146018385887146
545.0414428710938 543.0294189453125 -0.8146018385887146
545.0414428710938 543.0294189453125 -1.2146018743515015
546.436279296875 539.280517578125 -1.2146018743515015
547.8311157226562 535.5316162109375 -1.2146018743515015
549.2259521484375 531.78271484375 -1.2146018743515015
550.6207885742188 528.0338134765625 -1.2146018743515015
552.015625 524.284912109375 -1.2146018743515015
553.4104614257812 520.5360107421875 -1.2146018743515015
554.8052978515625 516.787109375 -1.2146018743515015
556.2001342773438 513.0382080078125 -1.2146018743515015
557.594970703125 509.2892761230469 -1.2146018743515015
558.9898071289062 505.54034423828125 -1.2146018743515015
560.3846435546875 501.7914123535156 -1.2146018743515015
561.7794799804688 498.04248046875 -1.2146018743515015
563.17431640625 494.2935485839844 -1.2146018743515015
563.17431640625 494.2935485839844 -1.6146018505096436
562.9991455078125 490.2973937988281 -1.6146018505096436
562.823974609375 486.3012390136719 -1.6146018505096436
562.823974609375 486.3012390136719 -2.014601945877075
561.1064453125 482.6887512207031 -2.014601945877075
559.388916015625 479.0762634277344 -2.014601945877075
557.67138671875 475.4637756347656 -2.014601945877075
555.953857421875 471.8512878417969 -2.014601945877075
554.236328125 468.2388000488281 -2.014601945877075
552.518798828125 464.6263122558594 -2.014601945877075
550.80126953125 461.0138244628906 -2.014601945877075
550.80126953125 461.0138244628906 -2.414602041244507
547.8125610351562 458.3553161621094 -2.414602041244507
544.8238525390625 455.6968078613281 -2.414602041244507
541.8351440429688 453.0382995605469 -2.414602041244507
538.846435546875 450.3797912597656 -2.414602041244507
535.8577270507812 447.7212829589844 -2.414602041244507
532.8690185546875 445.0627746582031 -2.414602041244507
529.8803100585938 442.4042663574219 -2.414602041244507
526.8916015625 439.7457580566406 -2.414602041244507
523.9028930664062 437.0872497558594 -2.414602041244507
520.9141845703125 434.4287414550781 -2.414602041244507
517.9254760742188 431.7702331542969 -2.414602041244507
514.936767578125 429.1117248535156 -2.414602041244507
511.94805908203125 426.4532165527344 -2.414602041244507
508.9593505859375 423.7947082519531 -2.414602041244507
505.97064208984375 421.1361999511719 -2.414602041244507
502.98193359375 418.4776916503906 -2.414602041244507
499.99322509765625 415.8191833496094 -2.414602041244507
497.0045166015625 413.1606750488281 -2.414602041244507
494.01580810546875 410.5021667480469 -2.414602041244507
491.027099609375 407.8436584472656 -2.414602041244507
491.027099609375 407.8436584472656 -2.8146021366119385
487.2390441894531 406.5588684082031 -2.8146021366119385
483.45098876953125 405.2740783691406 -2.8146021366119385
479.6629333496094 403.9892883300781 -2.8146021366119385
475.8748779296875 402.7044982910156 -2.8146021366119385
472.0868225097656 401.4197082519531 -2.8146021366119385
468.29876708984375 400.1349182128906 -2.8146021366119385
464.5107116699219 398.8501281738281 -2.8146021366119385
460.72265625 397.5653381347656 -2.8146021366119385
456.9346008300781 396.2805480957031 -2.8146021366119385
453.14654541015625 394.9957580566406 -2.8146021366119385
449.3584899902344 393.7109680175781 -2.8146021366119385
445.5704345703125 392.4261779785156 -2.8146021366119385
441.7823791503906 391.1413879394531 -2.8146021366119385
437.99432373046875 389.8565979003906 -2.8146021366119385
434.2062683105469 388.5718078613281 -2.8146021366119385
430.418212890625 387.2870178222656 -2.8146021366119385
426.6301574707031 386.0022277832031 -2.8146021366119385
422.84210205078125 384.7174377441406 -2.8146021366119385
419.0540466308594 383.4326477050781 -2.8146021366119385
415.2659912109375 382.1478576660156 -2.8146021366119385
411.4779357910156 380.8630676269531 -2.8146021366119385
407.68988037109375 379.5782775878906 -2.8146021366119385
403.9018249511719 378.2934875488281 -2.8146021366119385
400.11376953125 377.0086975097656 -2.8146021366119385
396.3257141113281 375.7239074707031 -2.8146021366119385
392.53765869140625 374.4391174316406 -2.8146021366119385
388.7496032714844 373.1543273925781 -2.8146021366119385
384.9615478515625 371.8695373535156 -2.8146021366119385
381.1734924316406 370.5847473144531 -2.8146021366119385
377.38543701171875 369.2999572753906 -2.8146021366119385
373.5973815917969 368.0151672363281 -2.8146021366119385
369.809326171875 366.7303771972656 -2.8146021366119385
366.0212707519531 365.4455871582031 -2.8146021366119385
362.23321533203125 364.1607971191406 -2.8146021366119385
358.4451599121094 362.8760070800781 -2.8146021366119385
354.6571044921875 361.5912170410156 -2.8146021366119385
350.8690490722656 360.3064270019531 -2.8146021366119385
347.08099365234375 359.0216369628906 -2.8146021366119385
347.08099365234375 359.0216369628906 -2.414602041244507
344.09228515625 356.3631286621094 -2.414602041244507
341.10357666015625 353.7046203613281 -2.414602041244507
338.1148681640625 351.0461120605469 -2.414602041244507
335.12615966796875 348.3876037597656 -2.414602041244507
332.137451171875 345.7290954589844 -2.414602041244507
329.14874267578125 343.0705871582031 -2.414602041244507
326.1600341796875 340.4120788574219 -2.414602041244507
323.17132568359375 337.7535705566406 -2.414602041244507
320.1826171875 335.0950622558594 -2.414602041244507
317.19390869140625 332.4365539550781 -2.414602041244507
314.2052001953125 329.7780456542969 -2.414602041244507
311.21649169921875 327.1195373535156 -2.414602041244507
308.227783203125 324.4610290527344 -2.414602041244507
305.23907470703125 321.8025207519531 -2.414602041244507
302.2503662109375 319.1440124511719 -2.414602041244507
299.26165771484375 316.4855041503906 -2.414602041244507
296.27294921875 313.8269958496094 -2.414602041244507
293.28424072265625 311.1684875488281 -2.414602041244507
290.2955322265625 308.5099792480469 -2.414602041244507
287.30682373046875 305.8514709472656 -2.414602041244507
284.318115234375 303.1929626464844 -2.414602041244507
281.32940673828125 300.5344543457031 -2.414602041244507
278.3406982421875 297.8759460449219 -2.414602041244507
275.35198974609375 295.2174377441406 -2.414602041244507
272.36328125 292.5589294433594 -2.414602041244507
269.37457275390625 289.9004211425781 -2.414602041244507
266.3858642578125 287.2419128417969 -2.414602041244507
263.39715576171875 284.5834045410156 -2.414602041244507
260.408447265625 281.9248962402344 -2.414602041244507
257.41973876953125 279.2663879394531 -2.414602041244507
254.4310302734375 276.6078796386719 -2.414602041244507
251.44232177734375 273.9493713378906 -2.414602041244507
248.45361328125 271.2908630371094 -2.414602041244507
245.46490478515625 268.6323547363281 -2.414602041244507
242.4761962890625 265.9738464355469 -2.414602041244507
242.4761962890625 265.9738464355469 -2.014601945877075
240.75868225097656 262.3613586425781 -2.014601945877075
239.04116821289062 258.7488708496094 -2.014601945877075
237.3236541748047 255.13636779785156 -2.014601945877075
235.60614013671875 251.52386474609375 -2.014601945877075
235.60614013671875 251.52386474609375 -1.614601969718933
235.43096923828125 247.52769470214844 -1.614601969718933
235.25579833984375 243.53152465820312 -1.614601969718933
235.08062744140625 239.5353546142578 -1.614601969718933
234.90545654296875 235.5391845703125 -1.614601969718933
234.73028564453125 231.5430145263672 -1.614601969718933
234.55511474609375 227.54684448242188 -1.614601969718933
234.37994384765625 223.55067443847656 -1.614601969718933
234.20477294921875 219.55450439453125 -1.614601969718933
234.02960205078125 215.55833435058594 -1.614601969718933
233.85443115234375 211.56216430664062 -1.614601969718933
233.67926025390625 207.5659942626953 -1.614601969718933
233.50408935546875 203.56982421875 -1.614601969718933
233.32891845703125 199.5736541748047 -1.614601969718933
233.15374755859375 195.57748413085938 -1.614601969718933
232.97857666015625 191.58131408691406 -1.614601969718933
232.97857666015625 191.58131408691406 -1.214601993560791
232.97857666015625 191.58131408691406 -0.8146020174026489
232.97857666015625 191.58131408691406 -0.41460201144218445
236.63967895507812 189.9700164794922 -0.41460201144218445
240.30078125 188.3587188720703 -0.41460201144218445
243.96188354492188 186.74742126464844 -0.41460201144218445
247.62298583984375 185.13612365722656 -0.41460201144218445
251.28408813476562 183.5248260498047 -0.41460201144218445
254.9451904296875 181.9135284423828 -0.41460201144218445
258.6062927246094 180.30223083496094 -0.41460201144218445
262.26739501953125 178.69093322753906 -0.41460201144218445
265.9284973144531 177.0796356201172 -0.41460201144218445
269.589599609375 175.4683380126953 -0.41460201144218445
273.2507019042969 173.85704040527344 -0.41460201144218445
276.91180419921875 172.24574279785156 -0.41460201144218445
280.5729064941406 170.6344451904297 -0.41460201144218445
284.2340087890625 169.0231475830078 -0.41460201144218445
287.8951110839844 167.41184997558594 -0.41460201144218445
287.8951110839844 167.41184997558594 -0.01460200548171997
291.8946838378906 167.3534393310547 -0.01460200548171997
295.8942565917969 167.29502868652344 -0.01460200548171997
299.8938293457031 167.2366180419922 -0.01460200548171997
303.8934020996094 167.17820739746094 -0.01460200548171997
307.8929748535156 167.1197967529297 -0.01460200548171997
311.8925476074219 167.06138610839844 -0.01460200548171997
315.8921203613281 167.0029754638672 -0.01460200548171997
319.8916931152344 166.94456481933594 -0.01460200548171997
323.8912658691406 166.8861541748047 -0.01460200548171997
327.8908386230469 166.82774353027344 -0.01460200548171997
331.8904113769531 166.7693328857422 -0.01460200548171997
335.8899841308594 166.71092224121094 -0.01460200548171997
339.8895568847656 166.6525115966797 -0.01460200548171997
343.8891296386719 166.59410095214844 -0.01460200548171997
347.8887023925781 166.5356903076172 -0.01460200548171997
351.8882751464844 166.47727966308594 -0.01460200548171997
355.8878479003906 166.4188690185547 -0.01460200548171997
359.8874206542969 166.36045837402344 -0.01460200548171997
363.8869934082031 166.3020477294922 -0.01460200548171997
367.8865661621094 166.24363708496094 -0.01460200548171997
371.8861389160156 166.1852264404297 -0.01460200548171997
375.8857116699219 166.12681579589844 -0.01460200548171997
379.8852844238281 166.0684051513672 -0.01460200548171997
383.8848571777344 166.00999450683594 -0.01460200548171997
387.8844299316406 165.9515838623047 -0.01460200548171997
391.8840026855469 165.89317321777344 -0.01460200548171997
395.8835754394531 165.8347625732422 -0.01460200548171997
399.8831481933594 165.77635192871094 -0.01460200548171997
403.8827209472656 165.7179412841797 -0.01460200548171997
407.8822937011719 165.65953063964844 -0.01460200548171997
411.8818664550781 165.6011199951172 -0.01460200548171997
415.8814392089844 165.54270935058594 -0.01460200548171997
419.8810119628906 165.4842987060547 -0.01460200548171997
423.8805847167969 165.42588806152344 -0.01460200548171997
427.8801574707031 165.3674774169922 -0.01460200548171997
431.8797302246094 165.30906677246094 -0.01460200548171997
435.8793029785156 165.2506561279297 -0.01460200548171997
439.8788757324219 165.19224548339844 -0.01460200548171997
443.8784484863281 165.1338348388672 -0.01460200548171997
447.8780212402344 165.07542419433594 -0.01460200548171997
451.8775939941406 165.0170135498047 -0.01460200548171997
455.8771667480469 164.95860290527344 -0.01460200548171997
459.8767395019531 164.9001922607422 -0.01460200548171997
463.8763122558594 164.84178161621094 -0.01460200548171997
467.8758850097656 164.7833709716797 -0.01460200548171997
471.8754577636719 164.72496032714844 -0.01460200548171997
475.8750305175781 164.6665496826172 -0.01460200548171997
479.8746032714844 164.60813903808594 -0.01460200548171997
483.8741760253906 164.5497283935547 -0.01460200548171997
487.8737487792969 164.49131774902344 -0.01460200548171997
491.8733215332031 164.4329071044922 -0.01460200548171997
495.8728942871094 164.37449645996094 -0.01460200548171997
499.8724670410156 164.3160858154297 -0.01460200548171997
503.8720397949219 164.25767517089844 -0.01460200548171997
507.8716125488281 164.1992645263672 -0.01460200548171997
511.8711853027344 164.14085388183594 -0.01460200548171997
515.8707885742188 164.0824432373047 -0.01460200548171997
515.8707885742188 164.0824432373047 -0.41460201144218445
519.5319213867188 162.4711456298828 -0.41460201144218445
523.1930541992188 160.85984802246094 -0.41460201144218445
526.8541870117188 159.24855041503906 -0.41460201144218445
526.8541870117188 159.24855041503906 -0.8146020174026489
529.5988159179688 156.3387451171875 -0.8146020174026489
532.3434448242188 153.42893981933594 -0.8146020174026489
535.0880737304688 150.51913452148438 -0.8146020174026489
537.8327026367188 147.6093292236328 -0.8146020174026489
540.5773315429688 144.69952392578125 -0.8146020174026489
543.3219604492188 141.7897186279297 -0.8146020174026489
546.0665893554688 138.87991333007812 -0.8146020174026489
546.0665893554688 138.87991333007812 -1.214601993560791
547.46142578125 135.13099670410156 -1.214601993560791
548.8562622070312 131.382080078125 -1.214601993560791
550.2510986328125 127.6331558227539 -1.214601993560791
551.6459350585938 123.88423156738281 -1.214601993560791
553.040771484375 120.13530731201172 -1.214601993560791
554.4356079101562 116.38638305664062 -1.214601993560791
555.8304443359375 112.63745880126953 -1.214601993560791
557.2252807617188 108.88853454589844 -1.214601993560791
558.6201171875 105.13961029052734 -1.214601993560791
560.0149536132812 101.39068603515625 -1.214601993560791
561.4097900390625 97.64176177978516 -1.214601993560791
562.8046264648438 93.89283752441406 -1.214601993560791
564.199462890625 90.14391326904297 -1.214601993560791
565.5942993164062 86.39498901367188 -1.214601993560791
566.9891357421875 82.64606475830078 -1.214601993560791
568.3839721679688 78.89714050292969 -1.214601993560791
569.77880859375 75.1482162475586 -1.214601993560791
569.77880859375 75.1482162475586 -1.614601969718933
569.77880859375 75.1482162475586 -2.014601945877075
568.061279296875 71.53572082519531 -2.014601945877075
566.34375 67.92322540283203 -2.014601945877075
566.34375 67.92322540283203 -2.414602041244507
563.3550415039062 65.26473236083984 -2.414602041244507
560.3663330078125 62.60623550415039 -2.414602041244507
557.3776245117188 59.94773864746094 -2.414602041244507
554.388916015625 57.289241790771484 -2.414602041244507
551.4002075195312 54.63074493408203 -2.414602041244507
548.4114990234375 51.97224807739258 -2.414602041244507
548.4114990234375 51.97224807739258 -2.8146021366119385
544.6234741210938 50.687469482421875 -2.8146021366119385
540.83544921875 49.40269088745117 -2.8146021366119385
537.0474243164062 48.11791229248047 -2.8146021366119385
533.2593994140625 46.833133697509766 -2.8146021366119385
529.4713745117188 45.54835510253906 -2.8146021366119385
525.683349609375 44.26357650756836 -2.8146021366119385
521.8953247070312 42.978797912597656 -2.8146021366119385
518.1072998046875 41.69401931762695 -2.8146021366119385
514.3192749023438 40.40924072265625 -2.8146021366119385
510.5312194824219 39.12446212768555 -2.8146021366119385
506.7431640625 37.839683532714844 -2.8146021366119385
502.9551086425781 36.55490493774414 -2.8146021366119385
499.16705322265625 35.27012634277344 -2.8146021366119385
495.3789978027344 33.985347747802734 -2.8146021366119385
491.5909423828125 32.70056915283203 -2.8146021366119385
487.8028869628906 31.415790557861328 -2.8146021366119385
484.01483154296875 30.131011962890625 -2.8146021366119385
484.01483154296875 30.131011962890625 3.0685830116271973
480.0254821777344 30.42279052734375 3.0685830116271973
476.0361328125 30.714569091796875 3.0685830116271973
472.0467834472656 31.00634765625 3.0685830116271973
468.05743408203125 31.298126220703125 3.0685830116271973
464.0680847167969 31.58990478515625 3.0685830116271973
460.0787353515625 31.881683349609375 3.0685830116271973
456.0893859863281 32.1734619140625 3.0685830116271973
452.10003662109375 32.465240478515625 3.0685830116271973
448.1106872558594 32.75701904296875 3.0685830116271973
444.121337890625 33.048797607421875 3.0685830116271973
440.1319885253906 33.340576171875 3.0685830116271973
436.14263916015625 33.632354736328125 3.0685830116271973
432.1532897949219 33.92413330078125 3.0685830116271973
428.1639404296875 34.215911865234375 3.0685830116271973
424.1745910644531 34.5076904296875 3.0685830116271973
420.18524169921875 34.799468994140625 3.0685830116271973
416.1958923339844 35.09124755859375 3.0685830116271973
412.20654296875 35.383026123046875 3.0685830116271973
408.2171936035156 35.6748046875 3.0685830116271973
404.22784423828125 35.966583251953125 3.0685830116271973
400.2384948730469 36.25836181640625 3.0685830116271973
396.2491455078125 36.550140380859375 3.0685830116271973
392.2597961425781 36.8419189453125 3.0685830116271973
388.27044677734375 37.133697509765625 3.0685830116271973
384.2810974121094 37.42547607421875 3.0685830116271973
380.291748046875 37.717254638671875 3.0685830116271973
376.3023986816406 38.009033203125 3.0685830116271973
372.31304931640625 38.300811767578125 3.0685830116271973
368.3236999511719 38.59259033203125 3.0685830116271973
364.3343505859375 38.884368896484375 3.0685830116271973
360.3450012207031 39.1761474609375 3.0685830116271973
356.35565185546875 39.467926025390625 3.0685830116271973
352.3663024902344 39.75970458984375 3.0685830116271973
348.376953125 40.051483154296875 3.0685830116271973
344.3876037597656 40.34326171875 3.0685830116271973
340.39825439453125 40.635040283203125 3.0685830116271973
336.4089050292969 40.92681884765625 3.0685830116271973
332.4195556640625 41.218597412109375 3.0685830116271973
328.4302062988281 41.5103759765625 3.0685830116271973
324.44085693359375 41.802154541015625 3.0685830116271973
320.4515075683594 42.09393310546875 3.0685830116271973
316.462158203125 42.385711669921875 3.0685830116271973
312.4728088378906 42.677490234375 3.0685830116271973
308.48345947265625 42.969268798828125 3.0685830116271973
304.4941101074219 43.26104736328125 3.0685830116271973
300.5047607421875 43.552825927734375 3.0685830116271973
296.5154113769531 43.8446044921875 3.0685830116271973
292.52606201171875 44.136383056640625 3.0685830116271973
288.5367126464844 44.42816162109375 3.0685830116271973
284.54736328125 44.719940185546875 3.0685830116271973
280.5580139160156 45.01171875 3.0685830116271973
276.56866455078125 45.303497314453125 3.0685830116271973
272.5793151855469 45.59527587890625 3.0685830116271973
268.5899658203125 45.887054443359375 3.0685830116271973
264.6006164550781 46.1788330078125 3.0685830116271973
260.61126708984375 46.470611572265625 3.0685830116271973
256.6219177246094 46.76239013671875 3.0685830116271973
252.632568359375 47.054168701171875 3.0685830116271973
248.64321899414062 47.345947265625 3.0685830116271973
244.65386962890625 47.637725830078125 3.0685830116271973
240.66452026367188 47.92950439453125 3.0685830116271973
236.6751708984375 48.221282958984375 3.0685830116271973
232.68582153320312 48.5130615234375 3.0685830116271973
228.69647216796875 48.804840087890625 3.0685830116271973
224.70712280273438 49.09661865234375 3.0685830116271973
220.7177734375 49.388397216796875 3.0685830116271973
216.72842407226562 49.68017578125 3.0685830116271973
212.73907470703125 49.971954345703125 3.0685830116271973
208.74972534179688 50.26373291015625 3.0685830116271973
204.7603759765625 50.555511474609375 3.0685830116271973
200.77102661132812 50.8472900390625 3.0685830116271973
196.78167724609375 51.139068603515625 3.0685830116271973
192.79232788085938 51.43084716796875 3.0685830116271973
188.802978515625 51.722625732421875 3.0685830116271973
184.81362915039062 52.014404296875 3.0685830116271973
180.82427978515625 52.306182861328125 3.0685830116271973
176.83493041992188 52.59796142578125 3.0685830116271973
172.8455810546875 52.889739990234375 3.0685830116271973
168.85623168945312 53.1815185546875 3.0685830116271973
164.86688232421875 53.473297119140625 3.0685830116271973
160.87753295898438 53.76507568359375 3.0685830116271973
156.88818359375 54.056854248046875 3.0685830116271973
152.89883422851562 54.3486328125 3.0685830116271973
148.90948486328125 54.640411376953125 3.0685830116271973
144.92013549804688 54.93218994140625 3.0685830116271973
140.9307861328125 55.223968505859375 3.0685830116271973
136.94143676757812 55.5157470703125 3.0685830116271973
132.95208740234375 55.807525634765625 3.0685830116271973
128.96273803710938 56.09930419921875 3.0685830116271973
124.97339630126953 56.391082763671875 3.0685830116271973
120.98405456542969 56.682861328125 3.0685830116271973
116.99471282958984 56.974639892578125 3.0685830116271973
113.00537109375 57.26641845703125 3.0685830116271973
109.01602935791016 57.558197021484375 3.0685830116271973
105.02668762207031 57.8499755859375 3.0685830116271973
101.03734588623047 58.141754150390625 3.0685830116271973
97.04800415039062 58.43353271484375 3.0685830116271973
93.05866241455078 58.725311279296875 3.0685830116271973
89.06932067871094 59.01708984375 3.0685830116271973
85.0799789428711 59.308868408203125 3.0685830116271973
81.09063720703125 59.60064697265625 3.0685830116271973
77.1012954711914 59.892425537109375 3.0685830116271973
73.11195373535156 60.1842041015625 3.0685830116271973
73.11195373535156 60.1842041015625 -2.8146021366119385
69.32389831542969 58.8994255065918 -2.8146021366119385
65.53584289550781 57.614646911621094 -2.8146021366119385
61.7477912902832 56.32986831665039 -2.8146021366119385
57.959739685058594 55.04508972167969 -2.8146021366119385
54.171688079833984 53.760311126708984 -2.8146021366119385
50.383636474609375 52.47553253173828 -2.8146021366119385
46.595584869384766 51.19075393676758 -2.8146021366119385
42.807533264160156 49.905975341796875 -2.8146021366119385
39.01948165893555 48.62119674682617 -2.8146021366119385
35.23143005371094 47.33641815185547 -2.8146021366119385
31.443376541137695 46.051639556884766 -2.8146021366119385
31.443376541137695 46.051639556884766 -2.414602041244507
28.45466423034668 43.39314270019531 -2.414602041244507
28.45466423034668 43.39314270019531 -2.014601945877075
26.737146377563477 39.78064727783203 -2.014601945877075
25.019628524780273 36.16815185546875 -2.014601945877075
23.30211067199707 32.55565643310547 -2.014601945877075
21.584592819213867 28.943159103393555 -2.014601945877075
19.867074966430664 25.33066177368164 -2.014601945877075
18.14955711364746 21.718164443969727 -2.014601945877075
18.14955711364746 21.718164443969727 -2.014601945877075
18.14955711364746 21.718164443969727 -2.014601945877075
18.14955711364746 21.718164443969727 -2.014601945877075
18.14955711364746 21.718164443969727 -2.014601945877075
18.14955711364746 21.718164443969727 -2.014601945877075
18.14955711364746 21.718164443969727 -2.014601945877075
18.14955711364746 21.718164443969727 -2.014601945877075
18.14955711364746 21.718164443969727 -2.014601945877075
18.14955711364746 21.718164443969727 -2.014601945877075
18.14955711364746 21.718164443969727 -2.014601945877075
