62.828426361083984 452.82843017578125 0.7853981852531433
65.65685272216797 455.6568603515625 0.7853981852531433
68.48528289794922 458.48529052734375 0.7853981852531433
71.31371307373047 461.313720703125 0.7853981852531433
74.14214324951172 464.14215087890625 0.7853981852531433
76.97057342529297 466.9705810546875 0.7853981852531433
79.79900360107422 469.79901123046875 0.7853981852531433
82.62743377685547 472.62744140625 0.7853981852531433
85.45586395263672 475.45587158203125 0.7853981852531433
88.28429412841797 478.2843017578125 0.7853981852531433
91.11272430419922 481.11273193359375 0.7853981852531433
93.94115447998047 483.941162109375 0.7853981852531433
96.76958465576172 486.76959228515625 0.7853981852531433
99.59801483154297 489.5980224609375 0.7853981852531433
102.42644500732422 492.42645263671875 0.7853981852531433
105.25487518310547 495.2548828125 0.7853981852531433
108.08330535888672 498.08331298828125 0.7853981852531433
110.91173553466797 500.9117431640625 0.7853981852531433
113.74016571044922 503.74017333984375 0.7853981852531433
116.56859588623047 506.568603515625 0.7853981852531433
119.39702606201172 509.39703369140625 0.7853981852531433
122.22545623779297 512.2254638671875 0.7853981852531433
125.05388641357422 515.0538940429688 0.7853981852531433
127.88231658935547 517.88232421875 0.7853981852531433
130.7107391357422 520.7107543945312 0.7853981852531433
133.53916931152344 523.5391845703125 0.7853981852531433
136.3675994873047 526.3676147460938 0.7853981852531433
139.19602966308594 529.196044921875 0.7853981852531433
142.0244598388672 532.0244750976562 0.7853981852531433
144.85289001464844 534.8529052734375 0.7853981852531433
147.6813201904297 537.6813354492188 0.7853981852531433
150.50975036621094 540.509765625 0.7853981852531433
153.3381805419922 543.3381958007812 0.7853981852531433
156.16661071777344 546.1666259765625 0.7853981852531433
158.9950408935547 548.9950561523438 0.7853981852531433
161.82347106933594 551.823486328125 0.7853981852531433
164.6519012451172 554.6519165039062 0.7853981852531433
167.48033142089844 557.4803466796875 0.7853981852531433
170.3087615966797 560.3087768554688 0.7853981852531433
173.13719177246094 563.13720703125 0.7853981852531433
175.9656219482422 565.9656372070312 0.7853981852531433
178.79405212402344 568.7940673828125 0.7853981852531433
181.6224822998047 571.6224975585938 0.7853981852531433
184.45091247558594 574.450927734375 0.7853981852531433
187.2793426513672 577.2793579101562 0.7853981852531433
187.2793426513672 577.2793579101562 0.38539817929267883
187.2793426513672 577.2793579101562 -0.014601826667785645
187.2793426513672 577.2793579101562 -0.4146018326282501
190.94044494628906 575.6680297851562 -0.4146018326282501
190.94044494628906 575.6680297851562 -0.8146018385887146
193.68507385253906 572.7582397460938 -0.8146018385887146
196.42970275878906 569.8484497070312 -0.8146018385887146
199.17433166503906 566.9386596679688 -0.8146018385887146
201.91896057128906 564.0288696289062 -0.8146018385887146
204.66358947753906 561.1190795898438 -0.8146018385887146
207.40821838378906 558.2092895507812 -0.8146018385887146
210.15284729003906 555.2994995117188 -0.8146018385887146
212.89747619628906 552.3897094726562 -0.8146018385887146
215.64210510253906 549.4799194335938 -0.8146018385887146
218.38673400878906 546.5701293945312 -0.8146018385887146
221.13136291503906 543.6603393554688 -0.8146018385887146
223.87599182128906 540.7505493164062 -0.8146018385887146
226.62062072753906 537.8407592773438 -0.8146018385887146
229.36524963378906 534.9309692382812 -0.8146018385887146
232.10987854003906 532.0211791992188 -0.8146018385887146
234.85450744628906 529.1113891601562 -0.8146018385887146
237.59913635253906 526.2015991210938 -0.8146018385887146
240.34376525878906 523.2918090820312 -0.8146018385887146
243.08839416503906 520.3820190429688 -0.8146018385887146
245.83302307128906 517.4722290039062 -0.8146018385887146
248.57765197753906 514.5624389648438 -0.8146018385887146
251.32228088378906 511.6526184082031 -0.8146018385887146
254.06690979003906 508.7427978515625 -0.8146018385887146
256.8115539550781 505.8329772949219 -0.8146018385887146
259.5561828613281 502.92315673828125 -0.8146018385887146
262.3008117675781 500.0133361816406 -0.8146018385887146
265.0454406738281 497.103515625 -0.8146018385887146
267.7900695800781 494.1936950683594 -0.8146018385887146
270.5346984863281 491.28387451171875 -0.8146018385887146
273.2793273925781 488.3740539550781 -0.8146018385887146
276.0239562988281 485.4642333984375 -0.8146018385887146
278.7685852050781 482.5544128417969 -0.8146018385887146
281.5132141113281 479.64459228515625 -0.8146018385887146
284.2578430175781 476.7347717285156 -0.8146018385887146
287.0024719238281 473.824951171875 -0.8146018385887146
289.7471008300781 470.9151306152344 -0.8146018385887146
292.4917297363281 468.00531005859375 -0.8146018385887146
295.2363586425781 465.0954895019531 -0.8146018385887146
297.9809875488281 462.1856689453125 -0.8146018385887146
300.7256164550781 459.2758483886719 -0.8146018385887146
303.4702453613281 456.36602783203125 -0.8146018385887146
306.2148742675781 453.4562072753906 -0.8146018385887146
308.9595031738281 450.54638671875 -0.8146018385887146
308.9595031738281 450.54638671875 -0.4146018326282501
308.9595031738281 450.54638671875 -0.014601826667785645
312.9590759277344 450.48797607421875 -0.014601826667785645
316.9586486816406 450.4295654296875 -0.014601826667785645
320.9582214355469 450.37115478515625 -0.014601826667785645
324.9577941894531 450.312744140625 -0.014601826667785645
324.9577941894531 450.312744140625 0.38539817929267883
328.6643981933594 451.81646728515625 0.38539817929267883
332.3710021972656 453.3201904296875 0.38539817929267883
336.0776062011719 454.82391357421875 0.38539817929267883
339.7842102050781 456.32763671875 0.38539817929267883
343.4908142089844 457.83135986328125 0.38539817929267883
347.1974182128906 459.3350830078125 0.38539817929267883
350.9040222167969 460.83880615234375 0.38539817929267883
354.6106262207031 462.342529296875 0.38539817929267883
358.3172302246094 463.84625244140625 0.38539817929267883
362.0238342285156 465.3499755859375 0.38539817929267883
365.7304382324219 466.85369873046875 0.38539817929267883
369.4370422363281 468.357421875 0.38539817929267883
369.4370422363281 468.357421875 0.7853981852531433
372.2654724121094 471.18585205078125 0.7853981852531433
375.0939025878906 474.0142822265625 0.7853981852531433
377.9223327636719 476.84271240234375 0.7853981852531433
380.7507629394531 479.671142578125 0.7853981852531433
383.5791931152344 482.49957275390625 0.7853981852531433
386.4076232910156 485.3280029296875 0.7853981852531433
389.2360534667969 488.15643310546875 0.7853981852531433
392.0644836425781 490.98486328125 0.7853981852531433
394.8929138183594 493.81329345703125 0.7853981852531433
397.7213439941406 496.6417236328125 0.7853981852531433
400.5497741699219 499.47015380859375 0.7853981852531433
403.3782043457031 502.298583984375 0.7853981852531433
406.2066345214844 505.12701416015625 0.7853981852531433
409.0350646972656 507.9554443359375 0.7853981852531433
411.8634948730469 510.78387451171875 0.7853981852531433
414.6919250488281 513.6123046875 0.7853981852531433
417.5203552246094 516.4407348632812 0.7853981852531433
420.3487854003906 519.2691650390625 0.7853981852531433
423.1772155761719 522.0975952148438 0.7853981852531433
426.0056457519531 524.926025390625 0.7853981852531433
428.8340759277344 527.7544555664062 0.7853981852531433
431.6625061035156 530.5828857421875 0.7853981852531433
434.4909362792969 533.4113159179688 0.7853981852531433
437.3193664550781 536.23974609375 0.7853981852531433
440.1477966308594 539.0681762695312 0.7853981852531433
442.9762268066406 541.8966064453125 0.7853981852531433
445.8046569824219 544.7250366210938 0.7853981852531433
448.6330871582031 547.553466796875 0.7853981852531433
451.4615173339844 550.3818969726562 0.7853981852531433
454.2899475097656 553.2103271484375 0.7853981852531433
454.2899475097656 553.2103271484375 0.38539817929267883
457.9965515136719 554.7140502929688 0.38539817929267883
461.7031555175781 556.2177734375 0.38539817929267883
465.4097595214844 557.7214965820312 0.38539817929267883
469.1163635253906 559.2252197265625 0.38539817929267883
472.8229675292969 560.7289428710938 0.38539817929267883
476.5295715332031 562.232666015625 0.38539817929267883
480.2361755371094 563.7363891601562 0.38539817929267883
483.9427795410156 565.2401123046875 0.38539817929267883
487.6493835449219 566.7438354492188 0.38539817929267883
487.6493835449219 566.7438354492188 -0.014601826667785645
491.6489562988281 566.6854248046875 -0.014601826667785645
495.6485290527344 566.6270141601562 -0.014601826667785645
499.6481018066406 566.568603515625 -0.014601826667785645
503.6476745605469 566.5101928710938 -0.014601826667785645
507.6472473144531 566.4517822265625 -0.014601826667785645
511.6468200683594 566.3933715820312 -0.014601826667785645
515.6464233398438 566.3349609375 -0.014601826667785645
519.64599609375 566.2765502929688 -0.014601826667785645
523.6455688476562 566.2181396484375 -0.014601826667785645
527.6451416015625 566.1597290039062 -0.014601826667785645
531.6447143554688 566.101318359375 -0.014601826667785645
535.644287109375 566.0429077148438 -0.014601826667785645
539.6438598632812 565.9844970703125 -0.014601826667785645
543.6434326171875 565.9260864257812 -0.014601826667785645
547.6430053710938 565.86767578125 -0.014601826667785645
551.642578125 565.8092651367188 -0.014601826667785645
555.6421508789062 565.7508544921875 -0.014601826667785645
559.6417236328125 565.6924438476562 -0.014601826667785645
559.6417236328125 565.6924438476562 -0.4146018326282501
559.6417236328125 565.6924438476562 -0.8146018385887146
559.6417236328125 565.6924438476562 -1.2146018743515015
561.0365600585938 561.9435424804688 -1.2146018743515015
562.431396484375 558.1946411132812 -1.2146018743515015
563.8262329101562 554.4457397460938 -1.2146018743515015
565.2210693359375 550.6968383789062 -1.2146018743515015
566.6159057617188 546.9479370117188 -1.2146018743515015
568.0107421875 543.1990356445312 -1.2146018743515015
568.0107421875 543.1990356445312 -1.6146018505096436
567.8355712890625 539.202880859375 -1.6146018505096436
567.660400390625 535.2067260742188 -1.6146018505096436
567.4852294921875 531.2105712890625 -1.6146018505096436
567.31005859375 527.2144165039062 -1.6146018505096436
567.1348876953125 523.21826171875 -1.6146018505096436
566.959716796875 519.2221069335938 -1.6146018505096436
566.7845458984375 515.2259521484375 -1.6146018505096436
566.609375 511.22979736328125 -1.6146018505096436
566.4342041015625 507.233642578125 -1.6146018505096436
566.259033203125 503.23748779296875 -1.6146018505096436
566.0838623046875 499.2413330078125 -1.6146018505096436
565.90869140625 495.24517822265625 -1.6146018505096436
565.7335205078125 491.2490234375 -1.6146018505096436
565.558349609375 487.25286865234375 -1.6146018505096436
565.3831787109375 483.2567138671875 -1.6146018505096436
565.2080078125 479.26055908203125 -1.6146018505096436
565.0328369140625 475.264404296875 -1.6146018505096436
565.0328369140625 475.264404296875 -2.014601945877075
563.3153076171875 471.65191650390625 -2.014601945877075
561.5977783203125 468.0394287109375 -2.014601945877075
559.8802490234375 464.42694091796875 -2.014601945877075
558.1627197265625 460.814453125 -2.014601945877075
556.4451904296875 457.20196533203125 -2.014601945877075
556.4451904296875 457.20196533203125 -2.414602041244507
553.4564819335938 454.54345703125 -2.414602041244507
550.4677734375 451.88494873046875 -2.414602041244507
547.4790649414062 449.2264404296875 -2.414602041244507
544.4903564453125 446.56793212890625 -2.414602041244507
541.5016479492188 443.909423828125 -2.414602041244507
538.512939453125 441.25091552734375 -2.414602041244507
535.5242309570312 438.5924072265625 -2.414602041244507
532.5355224609375 435.93389892578125 -2.414602041244507
529.5468139648438 433.275390625 -2.414602041244507
526.55810546875 430.61688232421875 -2.414602041244507
523.5693969726562 427.9583740234375 -2.414602041244507
520.5806884765625 425.29986572265625 -2.414602041244507
517.5919799804688 422.641357421875 -2.414602041244507
514.603271484375 419.98284912109375 -2.414602041244507
511.61456298828125 417.3243408203125 -2.414602041244507
511.61456298828125 417.3243408203125 -2.8146021366119385
507.8265075683594 416.03955078125 -2.8146021366119385
504.0384521484375 414.7547607421875 -2.8146021366119385
500.2503967285156 413.469970703125 -2.8146021366119385
496.46234130859375 412.1851806640625 -2.8146021366119385
492.6742858886719 410.900390625 -2.8146021366119385
488.88623046875 409.6156005859375 -2.8146021366119385
485.0981750488281 408.330810546875 -2.8146021366119385
481.31011962890625 407.0460205078125 -2.8146021366119385
477.5220642089844 405.76123046875 -2.8146021366119385
473.7340087890625 404.4764404296875 -2.8146021366119385
469.9459533691406 403.191650390625 -2.8146021366119385
466.15789794921875 401.9068603515625 -2.8146021366119385
462.3698425292969 400.6220703125 -2.8146021366119385
458.581787109375 399.3372802734375 -2.8146021366119385
454.7937316894531 398.052490234375 -2.8146021366119385
451.00567626953125 396.7677001953125 -2.8146021366119385
447.2176208496094 395.48291015625 -2.8146021366119385
443.4295654296875 394.1981201171875 -2.8146021366119385
439.6415100097656 392.913330078125 -2.8146021366119385
435.85345458984375 391.6285400390625 -2.8146021366119385
432.0653991699219 390.34375 -2.8146021366119385
428.27734375 389.0589599609375 -2.8146021366119385
424.4892883300781 387.774169921875 -2.8146021366119385
420.70123291015625 386.4893798828125 -2.8146021366119385
416.9131774902344 385.20458984375 -2.8146021366119385
413.1251220703125 383.9197998046875 -2.8146021366119385
409.3370666503906 382.635009765625 -2.8146021366119385
405.54901123046875 381.3502197265625 -2.8146021366119385
401.7609558105469 380.0654296875 -2.8146021366119385
397.972900390625 378.7806396484375 -2.8146021366119385
394.1848449707031 377.495849609375 -2.8146021366119385
390.39678955078125 376.2110595703125 -2.8146021366119385
386.6087341308594 374.92626953125 -2.8146021366119385
382.8206787109375 373.6414794921875 -2.8146021366119385
379.0326232910156 372.356689453125 -2.8146021366119385
375.24456787109375 371.0718994140625 -2.8146021366119385
371.4565124511719 369.787109375 -2.8146021366119385
367.66845703125 368.5023193359375 -2.8146021366119385
363.8804016113281 367.217529296875 -2.8146021366119385
360.09234619140625 365.9327392578125 -2.8146021366119385
356.3042907714844 364.64794921875 -2.8146021366119385
352.5162353515625 363.3631591796875 -2.8146021366119385
348.7281799316406 362.078369140625 -2.8146021366119385
344.94012451171875 360.7935791015625 -2.8146021366119385
341.1520690917969 359.5087890625 -2.8146021366119385
341.1520690917969 359.5087890625 -2.414602041244507
338.1633605957031 356.85028076171875 -2.414602041244507
335.1746520996094 354.1917724609375 -2.414602041244507
332.1859436035156 351.53326416015625 -2.414602041244507
329.1972351074219 348.874755859375 -2.414602041244507
326.2085266113281 346.21624755859375 -2.414602041244507
323.2198181152344 343.5577392578125 -2.414602041244507
320.2311096191406 340.89923095703125 -2.414602041244507
317.2424011230469 338.24072265625 -2.414602041244507
314.2536926269531 335.58221435546875 -2.414602041244507
311.2649841308594 332.9237060546875 -2.414602041244507
308.2762756347656 330.26519775390625 -2.414602041244507
305.2875671386719 327.606689453125 -2.414602041244507
302.2988586425781 324.94818115234375 -2.414602041244507
299.3101501464844 322.2896728515625 -2.414602041244507
296.3214416503906 319.63116455078125 -2.414602041244507
293.3327331542969 316.97265625 -2.414602041244507
290.3440246582031 314.31414794921875 -2.414602041244507
287.3553161621094 311.6556396484375 -2.414602041244507
284.3666076660156 308.99713134765625 -2.414602041244507
281.3778991699219 306.338623046875 -2.414602041244507
278.3891906738281 303.68011474609375 -2.414602041244507
275.4004821777344 301.0216064453125 -2.414602041244507
272.4117736816406 298.36309814453125 -2.414602041244507
269.4230651855469 295.70458984375 -2.414602041244507
266.4343566894531 293.04608154296875 -2.414602041244507
263.4456481933594 290.3875732421875 -2.414602041244507
260.4569396972656 287.72906494140625 -2.414602041244507
257.4682312011719 285.070556640625 -2.414602041244507
254.47952270507812 282.41204833984375 -2.414602041244507
251.49081420898438 279.7535400390625 -2.414602041244507
248.50210571289062 277.09503173828125 -2.414602041244507
245.51339721679688 274.4365234375 -2.414602041244507
242.52468872070312 271.77801513671875 -2.414602041244507
239.53598022460938 269.1195068359375 -2.414602041244507
239.53598022460938 269.1195068359375 -2.014601945877075
237.81846618652344 265.50701904296875 -2.014601945877075
236.1009521484375 261.89453125 -2.014601945877075
234.38343811035156 258.28204345703125 -2.014601945877075
232.66592407226562 254.66954040527344 -2.014601945877075
230.9484100341797 251.05703735351562 -2.014601945877075
229.23089599609375 247.4445343017578 -2.014601945877075
229.23089599609375 247.4445343017578 -1.614601969718933
229.05572509765625 243.4483642578125 -1.614601969718933
228.88055419921875 239.4521942138672 -1.614601969718933
228.70538330078125 235.45602416992188 -1.614601969718933
228.53021240234375 231.45985412597656 -1.614601969718933
228.35504150390625 227.46368408203125 -1.614601969718933
228.17987060546875 223.46751403808594 -1.614601969718933
228.00469970703125 219.47134399414062 -1.614601969718933
227.82952880859375 215.4751739501953 -1.614601969718933
227.65435791015625 211.47900390625 -1.614601969718933
227.47918701171875 207.4828338623047 -1.614601969718933
227.47918701171875 207.4828338623047 -1.214601993560791
228.8740234375 203.73391723632812 -1.214601993560791
230.26885986328125 199.98500061035156 -1.214601993560791
231.6636962890625 196.236083984375 -1.214601993560791
231.6636962890625 196.236083984375 -0.8146020174026489
234.4083251953125 193.32627868652344 -0.8146020174026489
237.1529541015625 190.41647338867188 -0.8146020174026489
239.8975830078125 187.5066680908203 -0.8146020174026489
242.6422119140625 184.59686279296875 -0.8146020174026489
242.6422119140625 184.59686279296875 -0.41460201144218445
246.30331420898438 182.98556518554688 -0.41460201144218445
249.96441650390625 181.374267578125 -0.41460201144218445
253.62551879882812 179.76296997070312 -0.41460201144218445
257.28662109375 178.15167236328125 -0.41460201144218445
260.9477233886719 176.54037475585938 -0.41460201144218445
264.60882568359375 174.9290771484375 -0.41460201144218445
268.2699279785156 173.31777954101562 -0.41460201144218445
271.9310302734375 171.70648193359375 -0.41460201144218445
275.5921325683594 170.09518432617188 -0.41460201144218445
279.25323486328125 168.48388671875 -0.41460201144218445
282.9143371582031 166.87258911132812 -0.41460201144218445
286.575439453125 165.26129150390625 -0.41460201144218445
290.2365417480469 163.64999389648438 -0.41460201144218445
293.89764404296875 162.0386962890625 -0.41460201144218445
297.5587463378906 160.42739868164062 -0.41460201144218445
301.2198486328125 158.81610107421875 -0.41460201144218445
304.8809509277344 157.20480346679688 -0.41460201144218445
308.54205322265625 155.593505859375 -0.41460201144218445
312.2031555175781 153.98220825195312 -0.41460201144218445
312.2031555175781 153.98220825195312 -0.01460200548171997
316.2027282714844 153.92379760742188 -0.01460200548171997
320.2023010253906 153.86538696289062 -0.01460200548171997
324.2018737792969 153.80697631835938 -0.01460200548171997
328.2014465332031 153.74856567382812 -0.01460200548171997
332.2010192871094 153.69015502929688 -0.01460200548171997
336.2005920410156 153.63174438476562 -0.01460200548171997
340.2001647949219 153.57333374023438 -0.01460200548171997
344.1997375488281 153.51492309570312 -0.01460200548171997
348.1993103027344 153.45651245117188 -0.01460200548171997
352.1988830566406 153.39810180664062 -0.01460200548171997
356.1984558105469 153.33969116210938 -0.01460200548171997
360.1980285644531 153.28128051757812 -0.01460200548171997
364.1976013183594 153.22286987304688 -0.01460200548171997
368.1971740722656 153.16445922851562 -0.01460200548171997
372.1967468261719 153.10604858398438 -0.01460200548171997
376.1963195800781 153.04763793945312 -0.01460200548171997
380.1958923339844 152.98922729492188 -0.01460200548171997
384.1954650878906 152.93081665039062 -0.01460200548171997
388.1950378417969 152.87240600585938 -0.01460200548171997
392.1946105957031 152.81399536132812 -0.01460200548171997
396.1941833496094 152.75558471679688 -0.01460200548171997
400.1937561035156 152.69717407226562 -0.01460200548171997
404.1933288574219 152.63876342773438 -0.01460200548171997
408.1929016113281 152.58035278320312 -0.01460200548171997
412.1924743652344 152.52194213867188 -0.01460200548171997
416.1920471191406 152.46353149414062 -0.01460200548171997
420.1916198730469 152.40512084960938 -0.01460200548171997
424.1911926269531 152.34671020507812 -0.01460200548171997
428.1907653808594 152.28829956054688 -0.01460200548171997
432.1903381347656 152.22988891601562 -0.01460200548171997
436.1899108886719 152.17147827148438 -0.01460200548171997
440.1894836425781 152.11306762695312 -0.01460200548171997
444.1890563964844 152.05465698242188 -0.01460200548171997
448.1886291503906 151.99624633789062 -0.01460200548171997
452.1882019042969 151.93783569335938 -0.01460200548171997
456.1877746582031 151.87942504882812 -0.01460200548171997
460.1873474121094 151.82101440429688 -0.01460200548171997
464.1869201660156 151.76260375976562 -0.01460200548171997
468.1864929199219 151.70419311523438 -0.01460200548171997
472.1860656738281 151.64578247070312 -0.01460200548171997
476.1856384277344 151.58737182617188 -0.01460200548171997
480.1852111816406 151.52896118164062 -0.01460200548171997
484.1847839355469 151.47055053710938 -0.01460200548171997
488.1843566894531 151.41213989257812 -0.01460200548171997
492.1839294433594 151.35372924804688 -0.01460200548171997
496.1835021972656 151.29531860351562 -0.01460200548171997
500.1830749511719 151.23690795898438 -0.01460200548171997
504.1826477050781 151.17849731445312 -0.01460200548171997
508.1822204589844 151.12008666992188 -0.01460200548171997
512.1818237304688 151.06167602539062 -0.01460200548171997
516.181396484375 151.00326538085938 -0.01460200548171997
516.181396484375 151.00326538085938 -0.41460201144218445
519.842529296875 149.3919677734375 -0.41460201144218445
523.503662109375 147.78067016601562 -0.41460201144218445
527.164794921875 146.16937255859375 -0.41460201144218445
530.825927734375 144.55807495117188 -0.41460201144218445
534.487060546875 142.94677734375 -0.41460201144218445
538.148193359375 141.33547973632812 -0.41460201144218445
541.809326171875 139.72418212890625 -0.41460201144218445
545.470458984375 138.11288452148438 -0.41460201144218445
549.131591796875 136.5015869140625 -0.41460201144218445
549.131591796875 136.5015869140625 -0.8146020174026489
551.876220703125 133.59178161621094 -0.8146020174026489
554.620849609375 130.68197631835938 -0.8146020174026489
554.620849609375 130.68197631835938 -1.214601993560791
556.0156860351562 126.93305206298828 -1.214601993560791
557.4105224609375 123.18412780761719 -1.214601993560791
558.8053588867188 119.4352035522461 -1.214601993560791
560.2001953125 115.686279296875 -1.214601993560791
561.5950317382812 111.9373550415039 -1.214601993560791
562.9898681640625 108.18843078613281 -1.214601993560791
564.3847045898438 104.43950653076172 -1.214601993560791
565.779541015625 100.69058227539062 -1.214601993560791
567.1743774414062 96.94165802001953 -1.214601993560791
567.1743774414062 96.94165802001953 -1.614601969718933
566.9992065429688 92.94549560546875 -1.614601969718933
566.8240356445312 88.94933319091797 -1.614601969718933
566.6488647460938 84.95317077636719 -1.614601969718933
566.4736938476562 80.9570083618164 -1.614601969718933
566.2985229492188 76.96084594726562 -1.614601969718933
566.1233520507812 72.96468353271484 -1.614601969718933
565.9481811523438 68.96852111816406 -1.614601969718933
565.7730102539062 64.97235870361328 -1.614601969718933
565.5978393554688 60.9761962890625 -1.614601969718933
565.4226684570312 56.98003387451172 -1.614601969718933
565.2474975585938 52.98387145996094 -1.614601969718933
565.0723266601562 48.987709045410156 -1.614601969718933
564.8971557617188 44.991546630859375 -1.614601969718933
564.7219848632812 40.995384216308594 -1.614601969718933
564.5468139648438 36.99922180175781 -1.614601969718933
564.5468139648438 36.99922180175781 -2.014601945877075
564.5468139648438 36.99922180175781 -2.414602041244507
564.5468139648438 36.99922180175781 -2.8146021366119385
560.7587890625 35.71444320678711 -2.8146021366119385
556.9707641601562 34.429664611816406 -2.8146021366119385
553.1827392578125 33.1448860168457 -2.8146021366119385
549.3947143554688 31.860107421875 -2.8146021366119385
545.606689453125 30.575328826904297 -2.8146021366119385
541.8186645507812 29.290550231933594 -2.8146021366119385
538.0306396484375 28.00577163696289 -2.8146021366119385
538.0306396484375 28.00577163696289 3.0685830116271973
534.0413208007812 28.297550201416016 3.0685830116271973
530.052001953125 28.58932876586914 3.0685830116271973
526.0626831054688 28.881107330322266 3.0685830116271973
522.0733642578125 29.17288589477539 3.0685830116271973
518.0840454101562 29.464664459228516 3.0685830116271973
514.0947265625 29.75644302368164 3.0685830116271973
510.1053771972656 30.048221588134766 3.0685830116271973
506.11602783203125 30.34000015258789 3.0685830116271973
502.1266784667969 30.631778717041016 3.0685830116271973
498.1373291015625 30.92355728149414 3.0685830116271973
494.1479797363281 31.215335845947266 3.0685830116271973
490.15863037109375 31.50711441040039 3.0685830116271973
486.1692810058594 31.798892974853516 3.0685830116271973
482.179931640625 32.09067153930664 3.0685830116271973
478.1905822753906 32.382450103759766 3.0685830116271973
474.20123291015625 32.67422866821289 3.0685830116271973
470.2118835449219 32.966007232666016 3.0685830116271973
466.2225341796875 33.25778579711914 3.0685830116271973
462.2331848144531 33.549564361572266 3.0685830116271973
458.24383544921875 33.84134292602539 3.0685830116271973
454.2544860839844 34.133121490478516 3.0685830116271973
450.26513671875 34.42490005493164 3.0685830116271973
446.2757873535156 34.716678619384766 3.0685830116271973
442.28643798828125 35.00845718383789 3.0685830116271973
438.2970886230469 35.300235748291016 3.0685830116271973
434.3077392578125 35.59201431274414 3.0685830116271973
430.3183898925781 35.883792877197266 3.0685830116271973
426.32904052734375 36.17557144165039 3.0685830116271973
422.3396911621094 36.467350006103516 3.0685830116271973
418.350341796875 36.75912857055664 3.0685830116271973
414.3609924316406 37.050907135009766 3.0685830116271973
410.37164306640625 37.34268569946289 3.0685830116271973
406.3822937011719 37.634464263916016 3.0685830116271973
402.3929443359375 37.92624282836914 3.0685830116271973
398.4035949707031 38.218021392822266 3.0685830116271973
394.41424560546875 38.50979995727539 3.0685830116271973
390.4248962402344 38.801578521728516 3.0685830116271973
386.435546875 39.09335708618164 3.0685830116271973
382.4461975097656 39.385135650634766 3.0685830116271973
378.45684814453125 39.67691421508789 3.0685830116271973
374.4674987792969 39.968692779541016 3.0685830116271973
370.4781494140625 40.26047134399414 3.0685830116271973
366.4888000488281 40.552249908447266 3.0685830116271973
362.49945068359375 40.84402847290039 3.0685830116271973
358.5101013183594 41.135807037353516 3.0685830116271973
354.520751953125 41.42758560180664 3.0685830116271973
350.5314025878906 41.719364166259766 3.0685830116271973
346.54205322265625 42.01114273071289 3.0685830116271973
342.5527038574219 42.302921295166016 3.0685830116271973
338.5633544921875 42.59469985961914 3.0685830116271973
334.5740051269531 42.886478424072266 3.0685830116271973
330.58465576171875 43.17825698852539 3.0685830116271973
326.5953063964844 43.470035552978516 3.0685830116271973
322.60595703125 43.76181411743164 3.0685830116271973
318.6166076660156 44.053592681884766 3.0685830116271973
314.62725830078125 44.34537124633789 3.0685830116271973
310.6379089355469 44.637149810791016 3.0685830116271973
306.6485595703125 44.92892837524414 3.0685830116271973
302.6592102050781 45.220706939697266 3.0685830116271973
298.66986083984375 45.51248550415039 3.0685830116271973
294.6805114746094 45.804264068603516 3.0685830116271973
290.691162109375 46.09604263305664 3.0685830116271973
286.7018127441406 46.387821197509766 3.0685830116271973
282.71246337890625 46.67959976196289 3.0685830116271973
278.7231140136719 46.971378326416016 3.0685830116271973
274.7337646484375 47.26315689086914 3.0685830116271973
270.7444152832031 47.554935455322266 3.0685830116271973
266.75506591796875 47.84671401977539 3.0685830116271973
262.7657165527344 48.138492584228516 3.0685830116271973
258.7763671875 48.43027114868164 3.0685830116271973
254.78701782226562 48.722049713134766 3.0685830116271973
250.79766845703125 49.01382827758789 3.0685830116271973
246.80831909179688 49.305606842041016 3.0685830116271973
242.8189697265625 49.59738540649414 3.0685830116271973
238.82962036132812 49.889163970947266 3.0685830116271973
234.84027099609375 50.18094253540039 3.0685830116271973
230.85092163085938 50.472721099853516 3.0685830116271973
226.861572265625 50.76449966430664 3.0685830116271973
222.87222290039062 51.056278228759766 3.0685830116271973
218.88287353515625 51.34805679321289 3.0685830116271973
214.89352416992188 51.639835357666016 3.0685830116271973
210.9041748046875 51.93161392211914 3.0685830116271973
206.91482543945312 52.223392486572266 3.0685830116271973
202.92547607421875 52.51517105102539 3.0685830116271973
198.93612670898438 52.806949615478516 3.0685830116271973
194.94677734375 53.09872817993164 3.0685830116271973
190.95742797851562 53.390506744384766 3.0685830116271973
186.96807861328125 53.68228530883789 3.0685830116271973
182.97872924804688 53.974063873291016 3.0685830116271973
178.9893798828125 54.26584243774414 3.0685830116271973
175.00003051757812 54.557621002197266 3.0685830116271973
171.01068115234375 54.84939956665039 3.0685830116271973
167.02133178710938 55.141178131103516 3.0685830116271973
163.031982421875 55.43295669555664 3.0685830116271973
159.04263305664062 55.724735260009766 3.0685830116271973
155.05328369140625 56.01651382446289 3.0685830116271973
151.06393432617188 56.308292388916016 3.0685830116271973
147.0745849609375 56.60007095336914 3.0685830116271973
143.08523559570312 56.891849517822266 3.0685830116271973
139.09588623046875 57.18362808227539 3.0685830116271973
135.10653686523438 57.475406646728516 3.0685830116271973
131.1171875 57.76718521118164 3.0685830116271973
127.12784576416016 58.058963775634766 3.0685830116271973
123.13850402832031 58.35074234008789 3.0685830116271973
119.14916229248047 58.642520904541016 3.0685830116271973
115.15982055664062 58.93429946899414 3.0685830116271973
111.17047882080078 59.226078033447266 3.0685830116271973
107.18113708496094 59.51785659790039 3.0685830116271973
103.1917953491211 59.809635162353516 3.0685830116271973
99.20245361328125 60.10141372680664 3.0685830116271973
95.2131118774414 60.393192291259766 3.0685830116271973
91.22377014160156 60.68497085571289 3.0685830116271973
87.23442840576172 60.976749420166016 3.0685830116271973
83.24508666992188 61.26852798461914 3.0685830116271973
79.25574493408203 61.560306549072266 3.0685830116271973
75.26640319824219 61.85208511352539 3.0685830116271973
71.27706146240234 62.143863677978516 3.0685830116271973
67.2877197265625 62.43564224243164 3.0685830116271973
67.2877197265625 62.43564224243164 2.6685829162597656
63.72691345214844 64.2579116821289 2.6685829162597656
60.166107177734375 66.08018493652344 2.6685829162597656
56.60530090332031 67.90245819091797 2.6685829162597656
56.60530090332031 67.90245819091797 3.0685830116271973
56.60530090332031 67.90245819091797 2.6685829162597656
56.60530090332031 67.90245819091797 3.0685830116271973
56.60530090332031 67.90245819091797 2.6685829162597656
56.60530090332031 67.90245819091797 3.0685830116271973
56.60530090332031 67.90245819091797 2.6685829162597656
56.60530090332031 67.90245819091797 3.0685830116271973
56.60530090332031 67.90245819091797 2.6685829162597656
56.60530090332031 67.90245819091797 3.0685830116271973
56.60530090332031 67.90245819091797 2.6685829162597656
