-392.83861260070745
-395.6972973447963
-398.57562242630917
-401.47316538979356
-404.3895131339564
-407.324261745324
-410.2770163548833
-413.2473909909103
-416.23500842860443
-419.2395000371072
-422.2605056244355
-425.29767328082255
-428.3506592209188
-431.41912762526795
-434.50275048143925
-437.6012074251642
-440.7141855817944
-443.8413794083695
-446.9824905365546
-450.1372276166848
-453.3053061631269
-456.4864484011485
-459.6803831154639
-462.8868455006061
-466.1055758558366
-469.33632403122084
-472.57884245426635
-475.8328905033011
-479.0982332497959
-482.3746413219317
-485.6618907706118
-488.9597629379602
-488.9597629379602
-491.1351360993386
-493.33334979213294
-495.5541000635348
-495.5541000635348
-496.33270555558374
-497.1422765230352
-497.9826619440888
-498.85370608563153
-498.85370608563153
-498.1666510300594
-497.51080834321675
-496.88630161719846
-496.2932491461018
-495.73176381774493
-495.2019530094674
-494.7039184882304
-494.23775631522653
-493.80355675520343
-493.40140419069553
-493.0313770413517
-492.69354768853367
-492.3879824053547
-492.11474129231186
-492.11474129231186
-490.33660395651737
-488.5847434108345
-486.8594433097301
-485.1609586682512
-483.48960090051844
-481.8456522881558
-480.2293943169908
-478.6411075013711
-477.08107120407124
-475.5495634519275
-474.04686074735616
-472.573237875927
-471.1289677101817
-469.714321009904
-468.32956621906607
-466.9749692596936
-465.6507933229092
-464.35729865743184
-463.09474235582695
-461.86337813881926
-460.6634561379965
-459.4952226772499
-458.3589200533102
-457.25478631575635
-456.1830550468845
-455.1439551418424
-454.13771058944207
-454.13771058944207
-454.13771058944207
-454.13771058944207
-457.39723465708704
-460.66842800169763
-463.9510437925908
-467.24484128558134
-470.5495856685202
-473.86504790997014
-477.19100461104136
-477.19100461104136
-481.12207972935556
-485.05428190414204
-488.9875839456688
-492.92195952456734
-496.85738313835384
-500.7938300794887
-504.73127640489224
-508.6696989068414
-512.6090750851752
-516.5493831207409
-520.4906018500183
-524.432710740861
-528.3756898692993
-532.3195198973502
-536.264182051785
-540.2096581038066
-544.1559303495923
-548.1029815916587
-552.0507951210097
-555.9993547000294
-559.9486445460834
-563.898649315797
-567.8493540899747
-571.800744359134
-575.7528060096234
-579.705525310297
-583.6588888997211
-587.612883773887
-591.5674972744084
-595.5227170771809
-595.5227170771809
-598.9379774158414
-602.3604363004299
-605.7899717246761
-609.2264641801092
-612.6697965998375
-616.1198543035672
-619.5765249438409
-623.0396984534751
-626.5092669941786
-629.985124906329
-633.4671686598899
-636.9552968064447
-640.4494099323297
-643.949410612842
-647.4552033675059
-650.9666946163717
-654.4837926373311
-654.4837926373311
-656.9932472471535
-659.5174137350793
-662.056123828857
-664.609210865158
-667.1765097950915
-669.7578571886604
-672.3530912382023
-674.9620517608536
-677.5845802000739
-680.2205196262709
-682.8697147365608
-682.8697147365608
-684.1615376941367
-684.1615376941367
-683.899883437433
-683.6615326338556
-683.4465096645231
-683.2548365535181
-683.086532956652
-682.9416161514195
-682.9416161514195
-681.2717788510835
-679.6213812900222
-677.9905654317226
-676.3794729162967
-674.7882450153226
-673.2170225858981
-671.6659460239262
-670.135155216648
-668.6247689027771
-667.1349466496309
-665.6658265300858
-664.2175459114442
-662.7902414045661
-662.7902414045661
-660.0349675085962
-657.2924862211992
-657.2924862211992
-653.6381600206144
-649.987904485386
-646.3417885835266
-642.6998827689958
-639.062259019487
-635.4289908752814
-631.8001534792052
-628.175823617716
-628.175823617716
-624.1787571011855
-620.1817284834224
-616.1847385019448
-612.1877879135246
-608.1908774948198
-604.1940080430319
-600.1971803765888
-596.2003953358565
-592.2036537838782
-588.2069566071447
-584.210304716395
-580.2136990474517
-576.2171405620891
-572.2206302489396
-568.2241691244373
-564.2277582338006
-560.23139865206
-556.2350914851258
-552.2388378709063
-548.2426389804718
-544.2464960192713
-544.2464960192713
-540.4989381623927
-536.7550241764964
-533.0148308456023
-529.2784370467388
-525.5459238187743
-521.8173744338503
-518.0928744715208
-514.3725118957142
-510.65637713463246
-506.94456316371225
-503.23716559177535
-499.53428275050203
-495.83601578736784
-492.1424687621878
-488.4537487474211
-484.769965932394
-481.0912337316049
-477.4176688972862
-473.74939163639846
-470.0865257322467
-466.42919867091143
-462.77754177269736
-459.1316903288102
-455.491783743481
-451.8579656817653
-448.2303842232546
-444.60919202194555
-440.9945464725225
-437.38660988331833
-433.78554965622834
-430.1915384738616
-426.60475449422444
-423.0253815532406
-419.4536093754229
-415.88963379302044
-412.3336569739768
-408.78588765904266
-408.78588765904266
-404.79957835150157
-400.81354194642097
-396.8277866675129
-392.8423210716467
-388.85715406586047
-384.87229492542303
-380.8877533130242
-376.9035392991745
-372.9196633839057
-368.9361365198678
-364.95297013693073
-360.9701761684035
-356.987767078998
-353.0057558946731
-349.02415623450764
-345.0429823447658
-341.06224913533106
-337.08197221870347
-333.10216795177246
-329.1228534805973
-325.14404678845125
-321.1657667474077
-317.1880331737783
-313.2108668877397
-309.2342897775226
-305.25832486857433
-301.2829963981493
-297.3083298958277
-293.33435227051956
-289.36109190456847
-285.38857875563775
-281.4168444671383
-277.44592248804094
-277.44592248804094
-273.6022328094182
-269.7630877944736
-265.92868427375305
-262.09921906781506
-262.09921906781506
-259.0403131684968
-256.0073576611322
-253.00128581998234
-250.02306732823973
-247.0737094180726
-244.15425799014528
-241.2657987025062
-238.40945801734802
-235.5864041926456
-232.79784820406547
-230.0450445808238
-227.32929213735497
-224.65193458075564
-222.01436097200767
-219.41800601698418
-219.41800601698418
-219.41800601698418
-219.41800601698418
-221.36538703426743
-223.36742754748252
-225.42267122345044
-227.52967633660214
-229.68701841015996
-231.89329256890233
-234.14711561480107
-236.44712783834498
-238.79199457951142
-241.1804075531578
-243.6110859541091
-246.08277735745847
-248.59425842961008
-251.14433546540957
-253.73184476636692
-256.3556528745025
-259.0146566757723
-261.7077833863776
-261.7077833863776
-265.3546298418652
-269.0115151067883
-272.6780352900113
-276.3538068983778
-280.0384656308227
-283.73166525176464
-287.43307653825747
-291.1423862957616
-294.85929643775444
-298.5835231247347
-302.3147959584922
-306.05285722780786
-309.7974612020239
-313.54837346918004
-317.30537031564984
-321.0682381444314
-324.8367729294535
-328.61077970344746
-332.3900720771131
-336.17447178746863
-339.9638082734293
-343.7579182767968
-347.5566454669729
-351.35984008783316
-355.16735862530305
-358.97906349428786
-362.7948227436985
-366.614509778407
-370.4380030970447
-374.2651860446345
-378.0959465791164
-381.9301770508918
-385.76777399457234
-389.6086379321738
-393.45267318704845
-397.29978770789614
-401.1498929022401
-405.00290347879286
-408.85873729817797
-412.7173152315068
-416.57856102634446
-420.4424011796277
-424.30876481712767
-428.1775835790759
-432.0487915115963
-435.9223249636103
-439.7981224889012
-443.6761247530454
-447.5562744449369
-451.4385161926459
-455.32279648337214
-459.20906358726546
-463.0972674849015
-466.98738958450053
-470.87932352399866
-474.7730537866755
-474.7730537866755
-474.7730537866755
-476.8444703592537
-478.9403356701937
-481.0603301676072
-483.204136260717
-485.37143843387895
-487.56192335403796
-489.7752799717577
-489.7752799717577
-490.5455520390265
-491.3471809913835
-492.1800136130396
-493.0438907561421
-493.9386506715502
-494.86412584260256
-495.82014427426105
-496.8065296408546
-497.823101435524
-498.86967512110124
-499.9460622821592
-501.0520707779726
-502.18750489613603
-503.3521655065897
-504.54585021580976
-505.76835352092735
-507.0194669635472
-508.29897928304337
-509.6066765691187
-510.94234241342275
-512.3057580600307
-513.6967025545954
-515.1149528919934
-516.5602841622953
-518.0324696948987
-518.0324696948987
-518.0324696948987
-518.0324696948987
-518.0324696948987
-514.2786304445634
-510.5285294506794
-506.782249700607
-503.0398765679927
-499.30149789568225
-495.5672040819493
-491.8370881701852
-488.11124594220365
-484.38977601532014
-480.67277994337417
-476.96036232186896
-473.2526308974134
-469.5496966816569
-465.8516740699193
-465.8516740699193
-461.85180739135865
-457.8519426045726
-453.8520797595787
-449.8521884558826
-445.8522991991585
-441.8524120449974
-437.8525270510214
-433.8526442769779
-429.85276378483775
-425.85288563890026
-421.8530099059033
-417.85313665514013
-413.8532659585827
-409.8533978910126
-405.8535325301594
-401.8536699568473
-397.85381025515073
-393.8539535125594
-389.8540998201537
-385.8542492727902
-381.85440196930006
-377.85455801269916
-373.85471751041183
-369.8548805745093
-365.8550473219638
-361.8552178749194
-357.85539236098083
-353.8555709135223
-349.8557536720173
-345.85594078239103
-341.85613239739826
-337.856328677027
-333.8565297889324
-329.85673590890093
-325.85694722135
-321.8571639198638
-317.8573862077703
-313.8576142987618
-309.8578484175641
-305.85808880065787
-301.8583356970571
-297.8585893691509
-293.85885009361357
-289.85911816239
-285.8593938837642
-281.8596775835182
-277.8599696061917
-273.8602703164515
-269.86058010058287
-265.86089936811595
-261.8612285536005
-257.8615681185462
-253.8619185535464
-249.86228038060557
-245.86265415569406
-241.8630404715562
-237.86343996080186
-233.86385329931488
-229.86428121001774
-225.86472446703553
-221.86518390031094
-217.86566040072688
-213.86615492580412
-209.86666850605025
-205.86720225204854
-201.86775736238928
-197.86833513256292
-193.86893696495355
-189.86956438009534
-185.87021902938176
-181.8709027094512
-177.87161737851298
-173.87236517492573
-169.87314843839937
-165.87396973426345
-161.87483188133157
-157.8757379839997
-153.87669146934772
-149.877696130179
-145.87875617513626
-141.8798762872895
-137.88106169291504
-133.88231824259486
-129.88365250729052
-125.88507189271839
-121.88658477622671
-117.88820067151279
-113.88993042801711
-109.89178647381898
-105.89378311352094
-101.89593689621063
-97.89826707351264
-93.90079617454911
-89.90355073415492
-85.90656222420064
-81.90986825730639
-77.91351416060797
-73.91755505939283
-69.92205867420255
-65.92711676114295
-61.93282751552769
-57.93932592057668
-53.94678689806734
-49.95544124069115
-45.965599821070306
-41.97769155993915
-37.99232521081029
-34.010394375521905
-30.03326556778447
-26.06313718997735
-22.103781670430717
-18.16224580046568
-14.253320501938257
-10.41379290063854
-6.762912409293932
-3.8764461141163533
-6.762912409293932
-3.8764461141163533
-6.762912409293932
-3.8764461141163533
-6.762912409293932
-3.8764461141163533
-6.762912409293932
-3.8764461141163533
-6.762912409293932
-3.8764461141163533
-6.762912409293932
-3.8764461141163533
-6.762912409293932
-3.8764461141163533
-6.762912409293932
-3.8764461141163533
-6.762912409293932
-3.8764461141163533
-6.762912409293932
-3.8764461141163533
-6.762912409293932
-3.8764461141163533
-6.762912409293932
-3.8764461141163533
-6.762912409293932
-3.8764461141163533
-6.762912409293932
-3.8764461141163533
-6.762912409293932
-3.8764461141163533
-6.762912409293932
-3.8764461141163533
-6.762912409293932
-3.8764461141163533
-6.762912409293932
-3.8764461141163533
-6.762912409293932
-3.8764461141163533
-6.762912409293932
-3.8764461141163533
-6.762912409293932
-3.8764461141163533
-6.762912409293932
-3.8764461141163533
-6.762912409293932
-3.8764461141163533
-6.762912409293932
-3.8764461141163533
-6.762912409293932
-3.8764461141163533
-6.762912409293932
-3.8764461141163533
-6.762912409293932
-3.8764461141163533
-6.762912409293932
-3.8764461141163533
-6.762912409293932
-3.8764461141163533
-6.762912409293932
-3.8764461141163533
-6.762912409293932
-3.8764461141163533
-6.762912409293932
-3.8764461141163533
-6.762912409293932
-3.8764461141163533
-6.762912409293932
-3.8764461141163533
-6.762912409293932
-3.8764461141163533
-6.762912409293932
-3.8764461141163533
-6.762912409293932
-3.8764461141163533
-6.762912409293932
-3.8764461141163533
-6.762912409293932
-3.8764461141163533
-6.762912409293932
-3.8764461141163533
-6.762912409293932
-3.8764461141163533
-6.762912409293932
-3.8764461141163533
-6.762912409293932
-3.8764461141163533
-6.762912409293932
-3.8764461141163533
-6.762912409293932
-3.8764461141163533
-6.762912409293932
-3.8764461141163533
-6.762912409293932
-3.8764461141163533
-6.762912409293932
-3.8764461141163533
-6.762912409293932
-3.8764461141163533
-6.762912409293932
-3.8764461141163533
-6.762912409293932
-3.8764461141163533
-6.762912409293932
-3.8764461141163533
-6.762912409293932
-3.8764461141163533
-6.762912409293932
-3.8764461141163533
-6.762912409293932
-3.8764461141163533
-6.762912409293932
-3.8764461141163533
-6.762912409293932
-3.8764461141163533
-6.762912409293932
-3.8764461141163533
-6.762912409293932
-3.8764461141163533
-6.762912409293932
-3.8764461141163533
-6.762912409293932
-3.8764461141163533
-6.762912409293932
-3.8764461141163533
-6.762912409293932
-3.8764461141163533
-6.762912409293932
-3.8764461141163533
-6.762912409293932
-3.8764461141163533
-6.762912409293932
-3.8764461141163533
-6.762912409293932
-3.8764461141163533
-6.762912409293932
-3.8764461141163533
-6.762912409293932
-3.8764461141163533
-6.762912409293932
-3.8764461141163533
-6.762912409293932
-3.8764461141163533
-6.762912409293932
-3.8764461141163533
-6.762912409293932
-3.8764461141163533
-6.762912409293932
-3.8764461141163533
-6.762912409293932
-3.8764461141163533
-6.762912409293932
-3.8764461141163533
-6.762912409293932
-3.8764461141163533
-6.762912409293932
-3.8764461141163533
-6.762912409293932
-3.8764461141163533
-6.762912409293932
-3.8764461141163533
-6.762912409293932
-3.8764461141163533
-6.762912409293932
-3.8764461141163533
-6.762912409293932
-3.8764461141163533
-6.762912409293932
-3.8764461141163533
-6.762912409293932
-3.8764461141163533
-6.762912409293932
-3.8764461141163533
-6.762912409293932
-3.8764461141163533
-6.762912409293932
-3.8764461141163533
-6.762912409293932
-3.8764461141163533
-6.762912409293932
-3.8764461141163533
-6.762912409293932
-3.8764461141163533
-6.762912409293932
-3.8764461141163533
-6.762912409293932
-3.8764461141163533
-6.762912409293932
-3.8764461141163533
-6.762912409293932
-3.8764461141163533
-6.762912409293932
-3.8764461141163533
-6.762912409293932
-3.8764461141163533
-6.762912409293932
-3.8764461141163533
-6.762912409293932
-3.8764461141163533
-6.762912409293932
-3.8764461141163533
-6.762912409293932
-3.8764461141163533
-6.762912409293932
-3.8764461141163533
-6.762912409293932
-3.8764461141163533
-6.762912409293932
-3.8764461141163533
-6.762912409293932
-3.8764461141163533
-6.762912409293932
-3.8764461141163533
-6.762912409293932
-3.8764461141163533
-6.762912409293932
-3.8764461141163533
-6.762912409293932
-3.8764461141163533
-6.762912409293932
-3.8764461141163533
-6.762912409293932
-3.8764461141163533
-6.762912409293932
-3.8764461141163533
-6.762912409293932
-3.8764461141163533
-6.762912409293932
-3.8764461141163533
-6.762912409293932
-3.8764461141163533
-6.762912409293932
-3.8764461141163533
-6.762912409293932
-3.8764461141163533
-6.762912409293932
-3.8764461141163533
-6.762912409293932
-3.8764461141163533
-6.762912409293932
-3.8764461141163533
-6.762912409293932
-3.8764461141163533
-6.762912409293932
-3.8764461141163533
-6.762912409293932
-3.8764461141163533
-6.762912409293932
-3.8764461141163533
-6.762912409293932
-3.8764461141163533
-6.762912409293932
-3.8764461141163533
-6.762912409293932
-3.8764461141163533
-6.762912409293932
-3.8764461141163533
-6.762912409293932
-3.8764461141163533
-6.762912409293932
-3.8764461141163533
-6.762912409293932
-3.8764461141163533
-6.762912409293932
-3.8764461141163533
-6.762912409293932
-3.8764461141163533
-6.762912409293932
-3.8764461141163533
-6.762912409293932
-3.8764461141163533
-6.762912409293932
-3.8764461141163533
-6.762912409293932
-3.8764461141163533
-6.762912409293932
-3.8764461141163533
-6.762912409293932
-3.8764461141163533
-6.762912409293932
-3.8764461141163533
-6.762912409293932
-3.8764461141163533
-6.762912409293932
-3.8764461141163533
-6.762912409293932
-3.8764461141163533
-6.762912409293932
-3.8764461141163533
-6.762912409293932
-3.8764461141163533
-6.762912409293932
-3.8764461141163533
-6.762912409293932
-3.8764461141163533
-6.762912409293932
-3.8764461141163533
-6.762912409293932
-3.8764461141163533
-6.762912409293932
-3.8764461141163533
-6.762912409293932
-3.8764461141163533
-6.762912409293932
-3.8764461141163533
-6.762912409293932
-3.8764461141163533
-6.762912409293932
-3.8764461141163533
-6.762912409293932
-3.8764461141163533
-6.762912409293932
-3.8764461141163533
-6.762912409293932
-3.8764461141163533
-6.762912409293932
-3.8764461141163533
-6.762912409293932
-3.8764461141163533
-6.762912409293932
-3.8764461141163533
-6.762912409293932
-3.8764461141163533
-6.762912409293932
-3.8764461141163533
-6.762912409293932
-3.8764461141163533
-6.762912409293932
-3.8764461141163533
-6.762912409293932
-3.8764461141163533
-6.762912409293932
-3.8764461141163533
-6.762912409293932
-3.8764461141163533
-6.762912409293932
-3.8764461141163533
-6.762912409293932
-3.8764461141163533
-6.762912409293932
-3.8764461141163533
-6.762912409293932
-3.8764461141163533
-6.762912409293932
-3.8764461141163533
-6.762912409293932
-3.8764461141163533
-6.762912409293932
-3.8764461141163533
-6.762912409293932
-3.8764461141163533
-6.762912409293932
-3.8764461141163533
-6.762912409293932
-3.8764461141163533
-6.762912409293932
-3.8764461141163533
-6.762912409293932
-3.8764461141163533
-6.762912409293932
-3.8764461141163533
-6.762912409293932
-3.8764461141163533
-6.762912409293932
-3.8764461141163533
-6.762912409293932
-3.8764461141163533
-6.762912409293932
-3.8764461141163533
-6.762912409293932
-3.8764461141163533
-6.762912409293932
-3.8764461141163533
-6.762912409293932
-3.8764461141163533
-6.762912409293932
-3.8764461141163533
-6.762912409293932
-3.8764461141163533
-6.762912409293932
-3.8764461141163533
-6.762912409293932
-3.8764461141163533
-6.762912409293932
-3.8764461141163533
-6.762912409293932
-3.8764461141163533
-6.762912409293932
-3.8764461141163533
-6.762912409293932
-3.8764461141163533
-6.762912409293932
-3.8764461141163533
-6.762912409293932
-3.8764461141163533
-6.762912409293932
-3.8764461141163533
-6.762912409293932
-3.8764461141163533
-6.762912409293932
-3.8764461141163533
-6.762912409293932
-3.8764461141163533
-6.762912409293932
-3.8764461141163533
-6.762912409293932
-3.8764461141163533
-6.762912409293932
-3.8764461141163533
-6.762912409293932
-3.8764461141163533
-6.762912409293932
-3.8764461141163533
-6.762912409293932
-3.8764461141163533
-6.762912409293932
-3.8764461141163533
-6.762912409293932
-3.8764461141163533
-6.762912409293932
-3.8764461141163533
-6.762912409293932
-3.8764461141163533
-6.762912409293932
-3.8764461141163533
-6.762912409293932
-3.8764461141163533
-6.762912409293932
-3.8764461141163533
-6.762912409293932
-3.8764461141163533
-6.762912409293932
-3.8764461141163533
-6.762912409293932
-3.8764461141163533
-6.762912409293932
-3.8764461141163533
-6.762912409293932
-3.8764461141163533
-6.762912409293932
-3.8764461141163533
-6.762912409293932
-3.8764461141163533
-6.762912409293932
-3.8764461141163533
-6.762912409293932
-3.8764461141163533
-6.762912409293932
