-392.83861260070745
-395.6972973447963
-398.57562242630917
-401.47316538979356
-404.3895131339564
-407.324261745324
-410.2770163548833
-413.2473909909103
-416.23500842860443
-419.2395000371072
-422.2605056244355
-425.29767328082255
-428.3506592209188
-431.41912762526795
-434.50275048143925
-437.6012074251642
-440.7141855817944
-443.8413794083695
-446.9824905365546
-450.1372276166848
-453.3053061631269
-456.4864484011485
-459.6803831154639
-462.8868455006061
-466.1055758558366
-469.33632403122084
-472.57884245426635
-472.57884245426635
-474.67406126798704
-476.79363094814596
-478.9372281955439
-481.1045318404161
-481.1045318404161
-481.82139837203937
-482.57035682791724
-483.3512580276311
-484.16394741120314
-485.0082651839423
-485.88404646449413
-485.88404646449413
-485.20260157364186
-484.5532196112522
-483.93602965072887
-483.35115500976354
-482.79871313117064
-482.2788154684352
-481.79156737622554
-481.33706800611543
-480.9154102077497
-480.5266804356789
-480.17095866207757
-479.84831829554713
-479.5588548117762
-479.5588548117762
-477.7668012382634
-476.00161511229356
-474.2635964319754
-472.55304495758025
-470.87026003324934
-469.21554040322303
-467.5891840226922
-465.99148786338935
-464.4227477140556
-462.88325797594047
-461.37331145351106
-459.89319914056756
-458.44321660770754
-457.02363746918775
-455.6347524547743
-454.27684309294153
-452.9501879715521
-451.65506250173866
-450.3917386791684
-450.25881951410804
-450.39199030563555
-451.6564658208738
-452.9527360208485
-454.28052873129246
-455.63956837025546
-457.0295761868401
-457.4462697554987
-459.9596769603669
-462.49402046707996
-465.04895799063615
-467.6241519752837
-468.2630131948239
-471.674711228083
-475.09558716204447
-475.8763109553726
-475.8763109553726
-476.62781800592813
-476.62781800592813
-477.34489130751234
-478.1637678533535
-478.1637678533535
-478.9632184693983
-478.9632184693983
-479.73762307755896
-479.73762307755896
-480.4815793999667
-484.26775377890556
-488.05733931666396
-491.8502571668233
-495.6464308281596
-499.44578606064084
-503.2482508048921
-507.0537551049693
-510.8622310342889
-514.6736126245706
-518.4878357976553
-522.3048383000684
-526.1245596402044
-529.9469410280166
-533.7719253170959
-537.5994569490385
-541.4294818999953
-545.2619476293096
-549.0968030301514
-552.9339983820603
-556.7734853053133
-560.6152167170404
-564.4591467890097
-568.3052554147193
-572.1534745774895
-576.0037619765086
-579.8560764120513
-583.710377750609
-587.566626891309
-591.4247857335662
-595.2848171459191
-595.2848171459191
-598.4389175823239
-601.6030775009285
-604.7771390098211
-607.9609470254255
-611.1543492245078
-614.3571959966307
-617.5693403970804
-620.7906381002849
-624.0209473537443
-627.2601289324881
-630.5080460940766
-633.7645645341576
-637.0295523425912
-640.3028799601524
-643.5844201358203
-646.8740478846609
-650.1716404463089
-653.4770772440559
-653.4770772440559
-655.6587479662568
-657.8575051120786
-660.0731779327658
-660.0731779327658
-660.8386889670007
-661.627497382688
-662.4395408080269
-663.274713391425
-664.1329278754828
-664.1329278754828
-663.4252370585425
-662.7409329549203
-662.0800880798226
-661.4427727473224
-660.8290550343553
-660.2390007456274
-659.6726733794748
-659.6726733794748
-657.6283107161786
-655.6019783114305
-655.6019783114305
-652.4032871674542
-649.2134811457973
-646.0326918581569
-642.861053145277
-639.6987011133598
-636.5457741707908
-636.5457741707908
-632.6860475496934
-628.8280742920036
-624.9718868684427
-621.1175185408866
-617.2650033861071
-613.4143763203535
-609.5656731248085
-605.7189304719548
-601.8741859528881
-598.0314781056177
-594.1908464443922
-594.1908464443922
-590.2178271598182
-589.3763104549442
-585.4557020279361
-581.5361747213786
-577.6177505436737
-577.6177505436737
-573.695681454885
-569.7746957449983
-565.8548159352321
-561.9360651687651
-558.018467232119
-554.1020465774164
-550.1868283455619
-546.2728383903831
-542.3601033037845
-538.4486504419593
-534.5385079527126
-530.6297048039494
-526.7222708133861
-522.8162366795459
-518.911634014102
-515.0084953756366
-511.10685430488815
-507.20674536156224
-503.3082041627858
-499.4112674232908
-495.5159729974163
-491.6223599230248
-487.7304684674328
-483.8403401754633
-479.9520179197334
-476.0655459532957
-472.1809699647628
-468.29833713604876
-464.4176962028707
-460.53909751816377
-456.6625931185704
-452.78823679417576
-448.9160841616722
-445.0461927411467
-441.17862203669796
-437.3134336211028
-433.4506912247656
-429.59046082920054
-425.73281076531094
-421.8778118167494
-418.0255373286595
-414.17606332212125
-410.32946861464194
-406.4858349470599
-402.64524711725056
-398.8077931210529
-394.9735643008613
-391.1426555023603
-387.3151652399102
-383.4911958711297
-379.67085378125716
-375.8542495779151
-372.04149829694535
-368.2327196200301
-364.4280381048647
-360.6275834287044
-356.8314906461633
-353.0399004622113
-349.2529595213798
-345.470820714263
-341.69364350247974
-337.9215942633473
-334.1548466556101
-330.393582007665
-326.63798972983284
-322.88826775233946
-322.062885570603
-318.0666086926122
-314.0704264749429
-310.0743425774906
-306.0783608511891
-302.08247554903295
-301.2455260993676
-297.39240831260133
-293.5432200804634
-289.6981180377255
-285.8572670759774
-285.0964435273854
-281.8079760693628
-278.53812798589536
-275.2875627570072
-274.69186408756116
-274.69186408756116
-274.0491258967777
-271.46043116099173
-268.90632950686376
-266.3878044006236
-263.9058743940807
-261.46158162875884
-259.0559914723233
-256.6901920397295
-254.36529358948798
-252.08242778529427
-249.84274681322702
-247.64742234478612
-247.30787547661745
-247.22691508615532
-247.41276367802638
-248.93109206556315
-250.50409503335973
-252.13074926590153
-253.8100232214264
-255.54087953850131
-257.3222773261856
-259.15317433273253
-259.15317433273253
-262.2543059609917
-265.3794906611293
-268.5278886301543
-271.69869289509995
-274.89112810305886
-278.1044493329223
-281.33794093206257
-284.5909153805629
-287.86271218504464
-291.15269680365685
-294.46025960336925
-297.78481485034496
-301.12579973385544
-304.482673423929
-307.8549161626969
-311.2420283892078
-314.64352989731873
-318.058959026138
-321.48787188238583
-324.9298415939498
-328.38445759384297
-331.85132493371896
-335.3300636260581
-338.8203080141107
-342.3217061686662
-345.83391931070844
-349.3566212590134
-352.8894979017526
-356.4322466911734
-359.9845761604421
-363.5462054617514
-367.1168639248161
-370.6962906349011
-374.28423402955053
-377.8804515132118
-381.48470908897445
-385.09678100667014
-388.7164494266074
-392.3435040982409
-395.9777420531029
-399.61896731135045
-403.26699060130846
-406.92162909141433
-410.5827061339951
-414.2500510203321
-417.92349874649307
-421.60288978943385
-425.28806989289285
-428.97888986262706
-432.6752053705538
-436.37687676738676
-440.0837689033718
-443.7957509567468
-447.5126962695678
-451.2344821905605
-454.9609899246717
-458.6921043890121
-462.4277140748948
-466.16771091568984
-469.9120197144642
-469.9120197144642
-472.82483780317244
-472.82483780317244
-474.4648577340612
-476.1328333190995
-477.82847180050675
-479.55147973998135
-481.301563198446
-483.0784279106172
-483.0784279106172
-483.3508056286896
-483.6561123865889
-483.99428586875877
-484.3652572346684
-484.76895118819107
-485.20528605311654
-485.6741738546225
-486.1755204065186
-486.7092254040639
-487.2751825221496
-487.8732795186267
-488.5033983425515
-489.1654152471111
-489.8592009069865
-490.584620539902
-490.584620539902
-489.75223269225125
-489.75223269225125
-487.4861917705874
-485.24254212284967
-483.0215957735345
-480.8236673254434
-480.8236673254434
-477.51073179618874
-474.2083919392711
-470.916870663583
-467.6363964132697
-464.3672033101072
-461.10953129876503
-457.86362629492396
-454.62974033620304
-454.62974033620304
-450.7377041658536
-446.84757455859614
-442.9594017455213
-439.07323771126676
-435.18913626998244
-431.30715314521115
-427.4273460539162
-423.5497747949069
-419.67450134192427
-415.8015899416737
-411.9311072171038
-408.06312227625864
-404.19770682704643
-400.3349352982969
-396.47488496750276
-392.61763609567004
-388.7632720697311
-384.91187955300893
-381.06354864425265
-377.21837304580725
-373.376450241516
-369.5378816850029
-365.70277299902654
-361.8712341866514
-358.0433798550358
-354.2193294526981
-354.2193294526981
-353.0397448014322
-349.1058456861281
-345.17346609557075
-341.24265856142705
-337.31347804253
-333.385982065328
-329.4602308740998
-329.4602308740998
-325.5457089590905
-324.70456591395856
-320.72768992412006
-316.75139644970125
-312.7757077071238
-308.8006470534535
-304.82623906031125
-300.8525095935873
-300.8525095935873
-300.01706825042913
-296.01896628778746
-292.0209160222398
-288.0229196066105
-284.02497931490853
-280.0270975509738
-276.0292768578746
-272.0315199281325
-268.0338296148621
-264.0362089439214
-264.0362089439214
-263.2121265198409
-259.217323039381
-255.22268212351236
-251.22821152678435
-247.23391950455454
-243.239814854051
-239.2459069595383
-235.25220584207432
-231.25872221441068
-227.2654675416677
-223.27245410850455
-219.27969509360943
-215.28720465245718
-211.29499800942338
-207.30309156051214
-203.31150298815004
-199.32025138973108
-195.32935742187155
-191.3388434626579
-187.34873379455854
-183.3590548111323
-179.3698352512202
-175.38110646497395
-171.3929027168797
-167.40526153191138
-163.4182240921376
-159.4318356925591
-155.4461462667403
-151.46121099500385
-147.477091010692
-143.49385422341052
-139.51157628244852
-135.53034170896237
-131.55024523235738
-127.5713933750401
-123.59390634095067
-119.61792027782771
-115.64359000212853
-111.67109230046361
-107.70062995445998
-103.73243668017726
-99.7667832328829
-95.80398500938102
-91.84441159226273
-87.88849883682636
-83.93676432209719
-79.98982730289114
-76.04843475733088
-75.44560791260498
-71.50195913637144
-67.56494400569228
-63.635784723990355
-59.71603199456965
-55.80766791138649
-51.9132647695311
-48.03621822279507
-44.181097814079386
-40.35418798289988
-36.56434755679228
-36.56434755679228
-32.57172708525761
-28.581170681192436
-24.593683108203845
-23.75373530811712
-23.75373530811712
-23.653014264228215
-23.653014264228215
-23.653014264228215
-23.653014264228215
-23.653014264228215
-23.653014264228215
-23.653014264228215
-23.653014264228215
-23.653014264228215
-23.653014264228215
-23.653014264228215
