60.0 450.0 0.38539817929267883
60.0 450.0 -0.014601826667785645
60.0 450.0 -0.4146018326282501
60.0 450.0 -0.8146018385887146
60.0 450.0 -1.2146018743515015
60.0 450.0 -1.6146018505096436
59.824832916259766 446.00384521484375 -1.6146018505096436
59.64966583251953 442.0076904296875 -1.6146018505096436
59.4744987487793 438.01153564453125 -1.6146018505096436
59.29933166503906 434.015380859375 -1.6146018505096436
59.12416458129883 430.01922607421875 -1.6146018505096436
58.948997497558594 426.0230712890625 -1.6146018505096436
58.77383041381836 422.02691650390625 -1.6146018505096436
58.598663330078125 418.03076171875 -1.6146018505096436
58.42349624633789 414.03460693359375 -1.6146018505096436
58.248329162597656 410.0384521484375 -1.6146018505096436
58.07316207885742 406.04229736328125 -1.6146018505096436
57.89799499511719 402.046142578125 -1.6146018505096436
57.89799499511719 402.046142578125 -2.014601945877075
56.180477142333984 398.43365478515625 -2.014601945877075
54.46295928955078 394.8211669921875 -2.014601945877075
52.74544143676758 391.20867919921875 -2.014601945877075
51.027923583984375 387.59619140625 -2.014601945877075
49.31040573120117 383.98370361328125 -2.014601945877075
47.59288787841797 380.3712158203125 -2.014601945877075
45.875370025634766 376.75872802734375 -2.014601945877075
44.15785217285156 373.146240234375 -2.014601945877075
42.44033432006836 369.53375244140625 -2.014601945877075
40.722816467285156 365.9212646484375 -2.014601945877075
39.00529861450195 362.30877685546875 -2.014601945877075
37.28778076171875 358.6962890625 -2.014601945877075
35.57026290893555 355.08380126953125 -2.014601945877075
33.852745056152344 351.4713134765625 -2.014601945877075
32.13522720336914 347.85882568359375 -2.014601945877075
30.417709350585938 344.246337890625 -2.014601945877075
28.700191497802734 340.63385009765625 -2.014601945877075
26.98267364501953 337.0213623046875 -2.014601945877075
26.98267364501953 337.0213623046875 -2.414602041244507
26.98267364501953 337.0213623046875 -2.8146021366119385
26.98267364501953 337.0213623046875 3.0685830116271973
26.98267364501953 337.0213623046875 2.6685829162597656
26.98267364501953 337.0213623046875 2.268582820892334
26.98267364501953 337.0213623046875 1.868582844734192
26.98267364501953 337.0213623046875 1.4685828685760498
26.98267364501953 337.0213623046875 1.0685828924179077
26.98267364501953 337.0213623046875 0.6685829162597656
30.121477127075195 339.5008544921875 0.6685829162597656
33.26028060913086 341.9803466796875 0.6685829162597656
36.399085998535156 344.4598388671875 0.6685829162597656
39.53788757324219 346.9393310546875 0.6685829162597656
42.67668914794922 349.4188232421875 0.6685829162597656
45.81549072265625 351.8983154296875 0.6685829162597656
48.95429229736328 354.3778076171875 0.6685829162597656
52.09309387207031 356.8572998046875 0.6685829162597656
52.09309387207031 356.8572998046875 0.26858291029930115
55.949684143066406 357.91876220703125 0.26858291029930115
59.8062744140625 358.980224609375 0.26858291029930115
63.662864685058594 360.04168701171875 0.26858291029930115
67.51945495605469 361.1031494140625 0.26858291029930115
71.37604522705078 362.16461181640625 0.26858291029930115
75.23263549804688 363.22607421875 0.26858291029930115
79.08922576904297 364.28753662109375 0.26858291029930115
82.94581604003906 365.3489990234375 0.26858291029930115
86.80240631103516 366.41046142578125 0.26858291029930115
90.65899658203125 367.471923828125 0.26858291029930115
94.51558685302734 368.53338623046875 0.26858291029930115
98.37217712402344 369.5948486328125 0.26858291029930115
102.22876739501953 370.65631103515625 0.26858291029930115
106.08535766601562 371.7177734375 0.26858291029930115
109.94194793701172 372.77923583984375 0.26858291029930115
113.79853820800781 373.8406982421875 0.26858291029930115
117.6551284790039 374.90216064453125 0.26858291029930115
121.51171875 375.963623046875 0.26858291029930115
125.3683090209961 377.02508544921875 0.26858291029930115
125.3683090209961 377.02508544921875 -0.13141709566116333
125.3683090209961 377.02508544921875 -0.5314171314239502
125.3683090209961 377.02508544921875 -0.9314171075820923
125.3683090209961 377.02508544921875 -1.3314170837402344
126.31670379638672 373.1391296386719 -1.3314170837402344
127.26509857177734 369.253173828125 -1.3314170837402344
128.2135009765625 365.3672180175781 -1.3314170837402344
128.2135009765625 365.3672180175781 -1.7314170598983765
127.57377624511719 361.418701171875 -1.7314170598983765
126.93405151367188 357.4701843261719 -1.7314170598983765
126.29432678222656 353.52166748046875 -1.7314170598983765
125.65460205078125 349.5731506347656 -1.7314170598983765
125.01487731933594 345.6246337890625 -1.7314170598983765
124.37515258789062 341.6761169433594 -1.7314170598983765
123.73542785644531 337.72760009765625 -1.7314170598983765
123.095703125 333.7790832519531 -1.7314170598983765
122.45597839355469 329.83056640625 -1.7314170598983765
121.81625366210938 325.8820495605469 -1.7314170598983765
121.17652893066406 321.93353271484375 -1.7314170598983765
120.53680419921875 317.9850158691406 -1.7314170598983765
120.53680419921875 317.9850158691406 -2.1314170360565186
118.40995788574219 314.5973205566406 -2.1314170360565186
116.28311157226562 311.2096252441406 -2.1314170360565186
114.15626525878906 307.8219299316406 -2.1314170360565186
112.0294189453125 304.4342346191406 -2.1314170360565186
109.90257263183594 301.0465393066406 -2.1314170360565186
107.77572631835938 297.6588439941406 -2.1314170360565186
105.64888000488281 294.2711486816406 -2.1314170360565186
103.52203369140625 290.8834533691406 -2.1314170360565186
101.39518737792969 287.4957580566406 -2.1314170360565186
99.26834106445312 284.1080627441406 -2.1314170360565186
97.14149475097656 280.7203674316406 -2.1314170360565186
95.0146484375 277.3326721191406 -2.1314170360565186
92.88780212402344 273.9449768066406 -2.1314170360565186
90.76095581054688 270.5572814941406 -2.1314170360565186
88.63410949707031 267.1695861816406 -2.1314170360565186
86.50726318359375 263.7818908691406 -2.1314170360565186
84.38041687011719 260.3941955566406 -2.1314170360565186
82.25357055664062 257.0065002441406 -2.1314170360565186
80.12672424316406 253.61880493164062 -2.1314170360565186
77.9998779296875 250.23110961914062 -2.1314170360565186
75.87303161621094 246.84341430664062 -2.1314170360565186
73.74618530273438 243.45571899414062 -2.1314170360565186
71.61933898925781 240.06802368164062 -2.1314170360565186
69.49249267578125 236.68032836914062 -2.1314170360565186
67.36564636230469 233.29263305664062 -2.1314170360565186
65.23880004882812 229.90493774414062 -2.1314170360565186
63.11195373535156 226.51724243164062 -2.1314170360565186
60.985107421875 223.12954711914062 -2.1314170360565186
58.85826110839844 219.74185180664062 -2.1314170360565186
56.731414794921875 216.35415649414062 -2.1314170360565186
54.60456848144531 212.96646118164062 -2.1314170360565186
52.47772216796875 209.57876586914062 -2.1314170360565186
50.35087585449219 206.19107055664062 -2.1314170360565186
48.224029541015625 202.80337524414062 -2.1314170360565186
46.09718322753906 199.41567993164062 -2.1314170360565186
43.9703369140625 196.02798461914062 -2.1314170360565186
41.84349060058594 192.64028930664062 -2.1314170360565186
39.716644287109375 189.25259399414062 -2.1314170360565186
37.58979797363281 185.86489868164062 -2.1314170360565186
35.46295166015625 182.47720336914062 -2.1314170360565186
33.33610534667969 179.08950805664062 -2.1314170360565186
31.209257125854492 175.70181274414062 -2.1314170360565186
29.082408905029297 172.31411743164062 -2.1314170360565186
26.9555606842041 168.92642211914062 -2.1314170360565186
24.828712463378906 165.53872680664062 -2.1314170360565186
22.70186424255371 162.15103149414062 -2.1314170360565186
20.575016021728516 158.76333618164062 -2.1314170360565186
18.44816780090332 155.37564086914062 -2.1314170360565186
18.44816780090332 155.37564086914062 -2.1314170360565186
18.44816780090332 155.37564086914062 -2.1314170360565186
18.44816780090332 155.37564086914062 -2.1314170360565186
18.44816780090332 155.37564086914062 -2.1314170360565186
18.44816780090332 155.37564086914062 -2.1314170360565186
18.44816780090332 155.37564086914062 -2.1314170360565186
18.44816780090332 155.37564086914062 -2.1314170360565186
18.44816780090332 155.37564086914062 -2.1314170360565186
18.44816780090332 155.37564086914062 -2.1314170360565186
18.44816780090332 155.37564086914062 -2.1314170360565186
