60.0 450.0 0.38539817929267883
60.0 450.0 -0.014601826667785645
60.0 450.0 -0.4146018326282501
60.0 450.0 -0.8146018385887146
60.0 450.0 -1.2146018743515015
60.0 450.0 -1.6146018505096436
60.0 450.0 -2.014601945877075
58.2824821472168 446.38751220703125 -2.014601945877075
56.564964294433594 442.7750244140625 -2.014601945877075
54.84744644165039 439.16253662109375 -2.014601945877075
53.12992858886719 435.550048828125 -2.014601945877075
51.412410736083984 431.93756103515625 -2.014601945877075
49.69489288330078 428.3250732421875 -2.014601945877075
47.97737503051758 424.71258544921875 -2.014601945877075
46.259857177734375 421.10009765625 -2.014601945877075
44.54233932495117 417.48760986328125 -2.014601945877075
42.82482147216797 413.8751220703125 -2.014601945877075
41.107303619384766 410.26263427734375 -2.014601945877075
39.38978576660156 406.650146484375 -2.014601945877075
37.67226791381836 403.03765869140625 -2.014601945877075
35.954750061035156 399.4251708984375 -2.014601945877075
34.23723220825195 395.81268310546875 -2.014601945877075
32.51971435546875 392.2001953125 -2.014601945877075
30.802196502685547 388.58770751953125 -2.014601945877075
29.084678649902344 384.9752197265625 -2.014601945877075
27.36716079711914 381.36273193359375 -2.014601945877075
25.649642944335938 377.750244140625 -2.014601945877075
23.932125091552734 374.13775634765625 -2.014601945877075
23.932125091552734 374.13775634765625 -1.614601969718933
23.7569580078125 370.1416015625 -1.614601969718933
23.581790924072266 366.14544677734375 -1.614601969718933
23.40662384033203 362.1492919921875 -1.614601969718933
23.231456756591797 358.15313720703125 -1.614601969718933
23.056289672851562 354.156982421875 -1.614601969718933
22.881122589111328 350.16082763671875 -1.614601969718933
22.705955505371094 346.1646728515625 -1.614601969718933
22.53078842163086 342.16851806640625 -1.614601969718933
22.355621337890625 338.17236328125 -1.614601969718933
22.18045425415039 334.17620849609375 -1.614601969718933
22.005287170410156 330.1800537109375 -1.614601969718933
21.830120086669922 326.18389892578125 -1.614601969718933
21.654953002929688 322.187744140625 -1.614601969718933
21.479785919189453 318.19158935546875 -1.614601969718933
21.30461883544922 314.1954345703125 -1.614601969718933
21.129451751708984 310.19927978515625 -1.614601969718933
20.95428466796875 306.203125 -1.614601969718933
20.779117584228516 302.20697021484375 -1.614601969718933
20.60395050048828 298.2108154296875 -1.614601969718933
20.428783416748047 294.21466064453125 -1.614601969718933
20.253616333007812 290.218505859375 -1.614601969718933
20.078449249267578 286.22235107421875 -1.614601969718933
19.903282165527344 282.2261962890625 -1.614601969718933
19.72811508178711 278.23004150390625 -1.614601969718933
19.552947998046875 274.23388671875 -1.614601969718933
19.552947998046875 274.23388671875 -2.014601945877075
17.835430145263672 270.62139892578125 -2.014601945877075
17.835430145263672 270.62139892578125 -2.014601945877075
17.835430145263672 270.62139892578125 -2.014601945877075
17.835430145263672 270.62139892578125 -2.014601945877075
17.835430145263672 270.62139892578125 -2.014601945877075
17.835430145263672 270.62139892578125 -2.014601945877075
17.835430145263672 270.62139892578125 -2.014601945877075
17.835430145263672 270.62139892578125 -2.014601945877075
17.835430145263672 270.62139892578125 -2.014601945877075
17.835430145263672 270.62139892578125 -2.014601945877075
17.835430145263672 270.62139892578125 -2.014601945877075
