60.0 450.0 0.38539817929267883
60.0 450.0 -0.014601826667785645
60.0 450.0 -0.4146018326282501
60.0 450.0 -0.8146018385887146
60.0 450.0 -1.2146018743515015
60.0 450.0 -1.6146018505096436
59.824832916259766 446.00384521484375 -1.6146018505096436
59.64966583251953 442.0076904296875 -1.6146018505096436
59.4744987487793 438.01153564453125 -1.6146018505096436
59.29933166503906 434.015380859375 -1.6146018505096436
59.12416458129883 430.01922607421875 -1.6146018505096436
58.948997497558594 426.0230712890625 -1.6146018505096436
58.77383041381836 422.02691650390625 -1.6146018505096436
58.598663330078125 418.03076171875 -1.6146018505096436
58.42349624633789 414.03460693359375 -1.6146018505096436
58.248329162597656 410.0384521484375 -1.6146018505096436
58.07316207885742 406.04229736328125 -1.6146018505096436
57.89799499511719 402.046142578125 -1.6146018505096436
57.89799499511719 402.046142578125 -2.014601945877075
56.180477142333984 398.43365478515625 -2.014601945877075
54.46295928955078 394.8211669921875 -2.014601945877075
52.74544143676758 391.20867919921875 -2.014601945877075
51.027923583984375 387.59619140625 -2.014601945877075
49.31040573120117 383.98370361328125 -2.014601945877075
47.59288787841797 380.3712158203125 -2.014601945877075
45.875370025634766 376.75872802734375 -2.014601945877075
44.15785217285156 373.146240234375 -2.014601945877075
42.44033432006836 369.53375244140625 -2.014601945877075
40.722816467285156 365.9212646484375 -2.014601945877075
39.00529861450195 362.30877685546875 -2.014601945877075
37.28778076171875 358.6962890625 -2.014601945877075
35.57026290893555 355.08380126953125 -2.014601945877075
33.852745056152344 351.4713134765625 -2.014601945877075
32.13522720336914 347.85882568359375 -2.014601945877075
30.417709350585938 344.246337890625 -2.014601945877075
28.700191497802734 340.63385009765625 -2.014601945877075
26.98267364501953 337.0213623046875 -2.014601945877075
25.265155792236328 333.40887451171875 -2.014601945877075
25.265155792236328 333.40887451171875 -1.614601969718933
25.089988708496094 329.4127197265625 -1.614601969718933
24.91482162475586 325.41656494140625 -1.614601969718933
24.739654541015625 321.42041015625 -1.614601969718933
24.56448745727539 317.42425537109375 -1.614601969718933
24.389320373535156 313.4281005859375 -1.614601969718933
24.214153289794922 309.43194580078125 -1.614601969718933
24.038986206054688 305.435791015625 -1.614601969718933
23.863819122314453 301.43963623046875 -1.614601969718933
23.68865203857422 297.4434814453125 -1.614601969718933
23.513484954833984 293.44732666015625 -1.614601969718933
23.33831787109375 289.451171875 -1.614601969718933
23.33831787109375 289.451171875 -2.014601945877075
21.620800018310547 285.83868408203125 -2.014601945877075
19.903282165527344 282.2261962890625 -2.014601945877075
18.18576431274414 278.61370849609375 -2.014601945877075
18.18576431274414 278.61370849609375 -2.014601945877075
18.18576431274414 278.61370849609375 -2.014601945877075
18.18576431274414 278.61370849609375 -2.014601945877075
18.18576431274414 278.61370849609375 -2.014601945877075
18.18576431274414 278.61370849609375 -2.014601945877075
18.18576431274414 278.61370849609375 -2.014601945877075
18.18576431274414 278.61370849609375 -2.014601945877075
18.18576431274414 278.61370849609375 -2.014601945877075
18.18576431274414 278.61370849609375 -2.014601945877075
18.18576431274414 278.61370849609375 -2.014601945877075
