-391.96385190740466
-393.6982238418627
-395.1864622387193
-396.41439512889264
-397.3705039777816
-398.0458440333341
-398.4341434327571
-398.5318113527598
-398.3379449503084
-397.854338823522
-397.08546436943715
-396.03848227646785
-394.7231618907699
-393.1519485402741
-391.33981294533817
-389.30423994425
-387.0651424675427
-384.6447847211372
-382.0676165661652
-379.36019138618167
-376.55098918955184
-373.67011957404543
-370.7492178379794
-367.8210899310596
-364.9194058168799
-362.078317216874
-359.3320852144784
-356.714619010172
-354.25896499571905
-351.9968668773346
-349.0659874672932
-346.15651505952286
-343.2689939775678
-340.4039828368198
-337.5620547877812
-334.74379774763383
-331.9498146181877
-329.1807234881323
-326.43715781735375
-323.7197666009202
-321.0292145101708
-318.36618200817264
-315.7313654366401
-313.1254770712376
-310.54924514201565
-308.00341381556467
-305.4887431353058
-303.7928408467762
-302.382435446534
-301.27769288144555
-300.49468459208936
-300.0448919944515
-299.93495820982446
-300.1665169067218
-300.736140595204
-301.6354369357482
-302.8512305880229
-302.8512305880229
-302.8512305880229
-302.8512305880229
-304.92669549990376
-304.92669549990376
-304.92669549990376
-304.92669549990376
-304.92669549990376
-304.92669549990376
-307.8524583193084
-310.7462285939164
-313.57633034404347
-316.3125500239906
-318.9264636606089
-321.3915520733355
-323.68335185802596
-325.77965491238115
-327.6604600092364
-329.30813953794456
-330.70752490103587
-331.8458262126981
-332.71281656868837
-333.30070814057876
-333.6043011830948
-333.8470041666309
-334.13741873477755
-334.4754206081186
-334.5968972953347
-334.5903855584141
-334.6316909109186
-334.53568729039245
-334.2324001791012
-333.88451066351706
-333.23847137203035
-332.63928074923825
-332.07580024926284
-331.1373211982976
-330.24462739096
-329.46792055970445
-328.41725730832303
-326.82089375209307
-325.53521515373336
-323.6232524339335
-322.11077904719775
-320.35686300244384
-317.82042465991213
-315.8624413813595
-313.05640269810635
-310.9080724213437
-308.57008883134733
-306.06514119748743
-302.54951796159673
-299.9104573074144
-297.15449126256635
-293.3285445803199
-290.48714721891537
-286.5629012947727
-282.6407790846307
-278.72087024234827
-275.8239356803315
-271.84281855854584
-267.8622643379008
-263.88229849178316
-259.9029480500207
-256.97702297833985
-252.97705381810465
-248.97708565051917
-244.97711852420713
-242.05254500829153
-238.0778893027377
-234.10409699475707
-230.13121281052463
-226.15928460840092
-222.18836365694935
-218.2185049429819
-214.24976751347018
-211.36812637839154
-207.48079238719535
-203.59782287386162
-199.71947240263103
-195.8460153872051
-191.97774802762055
-188.11499047369634
-184.25808924585175
-181.48401594878584
-177.7804360963329
-174.08997326908087
-170.41347965340103
-166.7518792183608
-163.10617498627485
-159.47745713728844
-155.86691204942076
-152.2758323871254
-148.70562836384434
-146.1815102998016
-142.87701464937257
-139.60891331649034
-136.37982270267796
-133.19258013915305
-130.05026247010736
-126.95620557369845
-123.91402462799289
-120.92763483195536
-118.8887407957208
-116.32859954905173
-113.85145362711553
-111.46283662227016
-109.16855974899823
-106.97469309313468
-104.88753749603508
-102.91358567509943
-101.68477047765002
-100.32141554541585
-99.56373782053461
-99.56373782053461
-99.56373782053461
-99.56373782053461
-99.56373782053461
-99.56373782053461
-99.56373782053461
-99.56373782053461
-99.56373782053461
-99.56373782053461
-99.56373782053461
