62.828426361083984 452.82843017578125 0.7853981852531433
65.65685272216797 455.6568603515625 0.7853981852531433
68.48528289794922 458.48529052734375 0.7853981852531433
71.31371307373047 461.313720703125 0.7853981852531433
74.14214324951172 464.14215087890625 0.7853981852531433
76.97057342529297 466.9705810546875 0.7853981852531433
79.79900360107422 469.79901123046875 0.7853981852531433
82.62743377685547 472.62744140625 0.7853981852531433
85.45586395263672 475.45587158203125 0.7853981852531433
88.28429412841797 478.2843017578125 0.7853981852531433
91.11272430419922 481.11273193359375 0.7853981852531433
93.94115447998047 483.941162109375 0.7853981852531433
96.76958465576172 486.76959228515625 0.7853981852531433
99.59801483154297 489.5980224609375 0.7853981852531433
102.42644500732422 492.42645263671875 0.7853981852531433
105.25487518310547 495.2548828125 0.7853981852531433
108.08330535888672 498.08331298828125 0.7853981852531433
110.91173553466797 500.9117431640625 0.7853981852531433
113.74016571044922 503.74017333984375 0.7853981852531433
116.56859588623047 506.568603515625 0.7853981852531433
119.39702606201172 509.39703369140625 0.7853981852531433
122.22545623779297 512.2254638671875 0.7853981852531433
125.05388641357422 515.0538940429688 0.7853981852531433
127.88231658935547 517.88232421875 0.7853981852531433
130.7107391357422 520.7107543945312 0.7853981852531433
133.53916931152344 523.5391845703125 0.7853981852531433
133.53916931152344 523.5391845703125 1.1853982210159302
135.04287719726562 527.2457885742188 1.1853982210159302
136.5465850830078 530.952392578125 1.1853982210159302
138.05029296875 534.6589965820312 1.1853982210159302
139.5540008544922 538.3656005859375 1.1853982210159302
141.05770874023438 542.0722045898438 1.1853982210159302
142.56141662597656 545.77880859375 1.1853982210159302
144.06512451171875 549.4854125976562 1.1853982210159302
145.56883239746094 553.1920166015625 1.1853982210159302
147.07254028320312 556.8986206054688 1.1853982210159302
148.5762481689453 560.605224609375 1.1853982210159302
150.0799560546875 564.3118286132812 1.1853982210159302
151.5836639404297 568.0184326171875 1.1853982210159302
151.6845245361328 568.4922485351562 1.5367034673690796
151.6845245361328 568.4922485351562 1.9367034435272217
151.6845245361328 568.4922485351562 2.3367035388946533
151.6845245361328 568.4922485351562 2.736703634262085
151.6845245361328 568.4922485351562 3.1367037296295166
151.6845245361328 568.4922485351562 -2.746481418609619
151.6845245361328 568.4922485351562 -2.3464813232421875
148.88369750976562 565.636474609375 -2.3464813232421875
146.08287048339844 562.7807006835938 -2.3464813232421875
143.28204345703125 559.9249267578125 -2.3464813232421875
140.48121643066406 557.0691528320312 -2.3464813232421875
137.68038940429688 554.21337890625 -2.3464813232421875
134.8795623779297 551.3576049804688 -2.3464813232421875
132.0787353515625 548.5018310546875 -2.3464813232421875
129.2779083251953 545.6460571289062 -2.3464813232421875
126.47708892822266 542.790283203125 -2.3464813232421875
123.67626953125 539.9345092773438 -2.3464813232421875
120.87545013427734 537.0787353515625 -2.3464813232421875
118.07463073730469 534.2229614257812 -2.3464813232421875
115.27381134033203 531.3671875 -2.3464813232421875
112.47299194335938 528.5114135742188 -2.3464813232421875
109.67217254638672 525.6556396484375 -2.3464813232421875
106.87135314941406 522.7998657226562 -2.3464813232421875
104.0705337524414 519.944091796875 -2.3464813232421875
101.26971435546875 517.0883178710938 -2.3464813232421875
98.4688949584961 514.2325439453125 -2.3464813232421875
95.66807556152344 511.37677001953125 -2.3464813232421875
95.66807556152344 511.37677001953125 -1.9464813470840454
94.200439453125 507.6557312011719 -1.9464813470840454
92.73280334472656 503.9346923828125 -1.9464813470840454
91.26516723632812 500.2136535644531 -1.9464813470840454
89.79753112792969 496.49261474609375 -1.9464813470840454
89.79753112792969 496.49261474609375 -1.5464813709259033
89.89478302001953 492.4938049316406 -1.5464813709259033
89.99203491210938 488.4949951171875 -1.5464813709259033
90.08928680419922 484.4961853027344 -1.5464813709259033
90.18653869628906 480.49737548828125 -1.5464813709259033
90.2837905883789 476.4985656738281 -1.5464813709259033
90.38104248046875 472.499755859375 -1.5464813709259033
90.4782943725586 468.5009460449219 -1.5464813709259033
90.57554626464844 464.50213623046875 -1.5464813709259033
90.67279815673828 460.5033264160156 -1.5464813709259033
90.77005004882812 456.5045166015625 -1.5464813709259033
90.86730194091797 452.5057067871094 -1.5464813709259033
90.96455383300781 448.50689697265625 -1.5464813709259033
91.06180572509766 444.5080871582031 -1.5464813709259033
91.1590576171875 440.50927734375 -1.5464813709259033
91.25630950927734 436.5104675292969 -1.5464813709259033
91.35356140136719 432.51165771484375 -1.5464813709259033
91.35356140136719 432.51165771484375 -1.1464813947677612
93.00035095214844 428.8663635253906 -1.1464813947677612
94.64714050292969 425.2210693359375 -1.1464813947677612
96.29393005371094 421.5757751464844 -1.1464813947677612
97.94071960449219 417.93048095703125 -1.1464813947677612
99.58750915527344 414.2851867675781 -1.1464813947677612
101.23429870605469 410.639892578125 -1.1464813947677612
102.88108825683594 406.9945983886719 -1.1464813947677612
104.52787780761719 403.34930419921875 -1.1464813947677612
106.17466735839844 399.7040100097656 -1.1464813947677612
106.17466735839844 399.7040100097656 -0.7464814186096191
106.17466735839844 399.7040100097656 -0.34648141264915466
109.93695831298828 398.34564208984375 -0.34648141264915466
113.69924926757812 396.9872741699219 -0.34648141264915466
117.46154022216797 395.62890625 -0.34648141264915466
121.22383117675781 394.2705383300781 -0.34648141264915466
124.98612213134766 392.91217041015625 -0.34648141264915466
128.7484130859375 391.5538024902344 -0.34648141264915466
132.51071166992188 390.1954345703125 -0.34648141264915466
136.27301025390625 388.8370666503906 -0.34648141264915466
140.03530883789062 387.47869873046875 -0.34648141264915466
143.797607421875 386.1203308105469 -0.34648141264915466
147.55990600585938 384.761962890625 -0.34648141264915466
151.32220458984375 383.4035949707031 -0.34648141264915466
155.08450317382812 382.04522705078125 -0.34648141264915466
155.08450317382812 382.04522705078125 0.053518593311309814
155.08450317382812 382.04522705078125 0.4535185992717743
155.08450317382812 382.04522705078125 0.8535186052322388
155.08450317382812 382.04522705078125 1.2535185813903809
155.08450317382812 382.04522705078125 1.653518557548523
155.08450317382812 382.04522705078125 2.053518533706665
155.08450317382812 382.04522705078125 2.4535186290740967
151.99461364746094 384.5854187011719 2.4535186290740967
148.90472412109375 387.1256103515625 2.4535186290740967
145.81483459472656 389.6658020019531 2.4535186290740967
142.72494506835938 392.20599365234375 2.4535186290740967
139.6350555419922 394.7461853027344 2.4535186290740967
136.545166015625 397.286376953125 2.4535186290740967
133.4552764892578 399.8265686035156 2.4535186290740967
130.36538696289062 402.36676025390625 2.4535186290740967
127.27550506591797 404.9069519042969 2.4535186290740967
124.18562316894531 407.4471435546875 2.4535186290740967
121.09574127197266 409.9873352050781 2.4535186290740967
118.005859375 412.52752685546875 2.4535186290740967
114.91597747802734 415.0677185058594 2.4535186290740967
111.82609558105469 417.60791015625 2.4535186290740967
108.73621368408203 420.1481018066406 2.4535186290740967
105.64633178710938 422.68829345703125 2.4535186290740967
102.55644989013672 425.2284851074219 2.4535186290740967
99.46656799316406 427.7686767578125 2.4535186290740967
96.3766860961914 430.3088684082031 2.4535186290740967
93.28680419921875 432.84906005859375 2.4535186290740967
90.1969223022461 435.3892517089844 2.4535186290740967
87.10704040527344 437.929443359375 2.4535186290740967
84.01715850830078 440.4696350097656 2.4535186290740967
80.92727661132812 443.00982666015625 2.4535186290740967
77.83739471435547 445.5500183105469 2.4535186290740967
74.74751281738281 448.0902099609375 2.4535186290740967
71.65763092041016 450.6304016113281 2.4535186290740967
68.5677490234375 453.17059326171875 2.4535186290740967
65.47786712646484 455.7107849121094 2.4535186290740967
62.38798522949219 458.2509765625 2.4535186290740967
59.29810333251953 460.7911682128906 2.4535186290740967
58.21142578125 461.4605407714844 2.7254951000213623
54.552734375 463.07733154296875 2.7254951000213623
50.89404296875 464.6941223144531 2.7254951000213623
47.2353515625 466.3109130859375 2.7254951000213623
43.57666015625 467.9277038574219 2.7254951000213623
39.91796875 469.54449462890625 2.7254951000213623
39.91796875 469.54449462890625 3.125495195388794
39.91796875 469.54449462890625 -2.757689952850342
39.91796875 469.54449462890625 -2.35768985748291
39.91796875 469.54449462890625 -1.957689881324768
39.91796875 469.54449462890625 -1.557689905166626
39.91796875 469.54449462890625 -1.1576899290084839
41.52379608154297 465.8809814453125 -1.1576899290084839
43.12962341308594 462.21746826171875 -1.1576899290084839
44.735450744628906 458.553955078125 -1.1576899290084839
46.341278076171875 454.89044189453125 -1.1576899290084839
47.947105407714844 451.2269287109375 -1.1576899290084839
49.55293273925781 447.56341552734375 -1.1576899290084839
51.15876007080078 443.89990234375 -1.1576899290084839
52.76458740234375 440.23638916015625 -1.1576899290084839
54.37041473388672 436.5728759765625 -1.1576899290084839
55.97624206542969 432.90936279296875 -1.1576899290084839
57.582069396972656 429.245849609375 -1.1576899290084839
59.187896728515625 425.58233642578125 -1.1576899290084839
59.187896728515625 425.58233642578125 -0.7576899528503418
62.093597412109375 422.8333435058594 -0.7576899528503418
64.99929809570312 420.0843505859375 -0.7576899528503418
67.90499877929688 417.3353576660156 -0.7576899528503418
70.81069946289062 414.58636474609375 -0.7576899528503418
73.71640014648438 411.8373718261719 -0.7576899528503418
76.62210083007812 409.08837890625 -0.7576899528503418
79.52780151367188 406.3393859863281 -0.7576899528503418
82.43350219726562 403.59039306640625 -0.7576899528503418
85.33920288085938 400.8414001464844 -0.7576899528503418
88.24490356445312 398.0924072265625 -0.7576899528503418
88.24490356445312 398.0924072265625 -0.3576899468898773
91.99173736572266 396.69195556640625 -0.3576899468898773
95.73857116699219 395.29150390625 -0.3576899468898773
99.48540496826172 393.89105224609375 -0.3576899468898773
103.23223876953125 392.4906005859375 -0.3576899468898773
106.97907257080078 391.09014892578125 -0.3576899468898773
110.72590637207031 389.689697265625 -0.3576899468898773
114.47274017333984 388.28924560546875 -0.3576899468898773
118.21957397460938 386.8887939453125 -0.3576899468898773
121.9664077758789 385.48834228515625 -0.3576899468898773
125.71324157714844 384.087890625 -0.3576899468898773
129.46006774902344 382.68743896484375 -0.3576899468898773
133.20689392089844 381.2869873046875 -0.3576899468898773
136.95372009277344 379.88653564453125 -0.3576899468898773
140.70054626464844 378.486083984375 -0.3576899468898773
144.44737243652344 377.08563232421875 -0.3576899468898773
148.19419860839844 375.6851806640625 -0.3576899468898773
151.94102478027344 374.28472900390625 -0.3576899468898773
151.94102478027344 374.28472900390625 0.04231005907058716
151.94102478027344 374.28472900390625 0.44231006503105164
151.94102478027344 374.28472900390625 0.8423100709915161
151.94102478027344 374.28472900390625 1.2423100471496582
151.94102478027344 374.28472900390625 1.6423100233078003
151.94102478027344 374.28472900390625 2.0423099994659424
151.94102478027344 374.28472900390625 2.442310094833374
148.8798065185547 376.8594055175781 2.442310094833374
145.81858825683594 379.43408203125 2.442310094833374
142.7573699951172 382.0087585449219 2.442310094833374
139.69615173339844 384.58343505859375 2.442310094833374
136.6349334716797 387.1581115722656 2.442310094833374
133.57371520996094 389.7327880859375 2.442310094833374
130.5124969482422 392.3074645996094 2.442310094833374
127.45127868652344 394.88214111328125 2.442310094833374
124.39006042480469 397.4568176269531 2.442310094833374
121.32884216308594 400.031494140625 2.442310094833374
118.26762390136719 402.6061706542969 2.442310094833374
115.20640563964844 405.18084716796875 2.442310094833374
112.14518737792969 407.7555236816406 2.442310094833374
109.08396911621094 410.3302001953125 2.442310094833374
106.02275085449219 412.9048767089844 2.442310094833374
102.96153259277344 415.47955322265625 2.442310094833374
99.90031433105469 418.0542297363281 2.442310094833374
96.83909606933594 420.62890625 2.442310094833374
93.77787780761719 423.2035827636719 2.442310094833374
90.71665954589844 425.77825927734375 2.442310094833374
87.65544128417969 428.3529357910156 2.442310094833374
84.59422302246094 430.9276123046875 2.442310094833374
81.53300476074219 433.5022888183594 2.442310094833374
78.47178649902344 436.07696533203125 2.442310094833374
75.41056823730469 438.6516418457031 2.442310094833374
72.34934997558594 441.226318359375 2.442310094833374
69.28813171386719 443.8009948730469 2.442310094833374
66.22691345214844 446.37567138671875 2.442310094833374
63.16569519042969 448.9503479003906 2.442310094833374
60.10447692871094 451.5250244140625 2.442310094833374
60.10447692871094 451.5250244140625 2.8423101902008057
56.282283782958984 452.7043762207031 2.8423101902008057
52.46009063720703 453.88372802734375 2.8423101902008057
48.63789749145508 455.0630798339844 2.8423101902008057
44.815704345703125 456.242431640625 2.8423101902008057
40.99351119995117 457.4217834472656 2.8423101902008057
37.17131805419922 458.60113525390625 2.8423101902008057
33.349124908447266 459.7804870605469 2.8423101902008057
29.526931762695312 460.9598388671875 2.8423101902008057
25.70473861694336 462.1391906738281 2.8423101902008057
21.882545471191406 463.31854248046875 2.8423101902008057
18.060352325439453 464.4978942871094 2.8423101902008057
18.060352325439453 464.4978942871094 -3.04087495803833
18.060352325439453 464.4978942871094 -2.6408748626708984
18.060352325439453 464.4978942871094 -2.240874767303467
18.060352325439453 464.4978942871094 -1.8408747911453247
18.060352325439453 464.4978942871094 -1.4408748149871826
18.060352325439453 464.4978942871094 -1.0408748388290405
18.060352325439453 464.4978942871094 -0.6408748626708984
21.266643524169922 462.1062927246094 -0.6408748626708984
24.47293472290039 459.7146911621094 -0.6408748626708984
27.67922592163086 457.3230895996094 -0.6408748626708984
30.885517120361328 454.9314880371094 -0.6408748626708984
34.0918083190918 452.5398864746094 -0.6408748626708984
37.298099517822266 450.1482849121094 -0.6408748626708984
40.504390716552734 447.7566833496094 -0.6408748626708984
43.7106819152832 445.3650817871094 -0.6408748626708984
46.91697311401367 442.9734802246094 -0.6408748626708984
50.12326431274414 440.5818786621094 -0.6408748626708984
53.32955551147461 438.1902770996094 -0.6408748626708984
56.53584671020508 435.7986755371094 -0.6408748626708984
59.74213790893555 433.4070739746094 -0.6408748626708984
62.948429107666016 431.0154724121094 -0.6408748626708984
66.15472412109375 428.6238708496094 -0.6408748626708984
69.36101531982422 426.2322692871094 -0.6408748626708984
72.56730651855469 423.8406677246094 -0.6408748626708984
75.77359771728516 421.4490661621094 -0.6408748626708984
78.97988891601562 419.0574645996094 -0.6408748626708984
82.1861801147461 416.6658630371094 -0.6408748626708984
85.39247131347656 414.2742614746094 -0.6408748626708984
88.59876251220703 411.8826599121094 -0.6408748626708984
88.59876251220703 411.8826599121094 -0.24087485671043396
88.59876251220703 411.8826599121094 0.15912514925003052
88.59876251220703 411.8826599121094 0.5591251850128174
88.59876251220703 411.8826599121094 0.9591251611709595
88.59876251220703 411.8826599121094 1.3591251373291016
89.43914031982422 415.79339599609375 1.3591251373291016
90.2795181274414 419.7041320800781 1.3591251373291016
91.1198959350586 423.6148681640625 1.3591251373291016
91.96027374267578 427.5256042480469 1.3591251373291016
92.80065155029297 431.43634033203125 1.3591251373291016
93.64102935791016 435.3470764160156 1.3591251373291016
94.48140716552734 439.2578125 1.3591251373291016
95.32178497314453 443.1685485839844 1.3591251373291016
96.16216278076172 447.07928466796875 1.3591251373291016
97.0025405883789 450.9900207519531 1.3591251373291016
97.8429183959961 454.9007568359375 1.3591251373291016
98.68329620361328 458.8114929199219 1.3591251373291016
99.52367401123047 462.72222900390625 1.3591251373291016
100.36405181884766 466.6329650878906 1.3591251373291016
101.20442962646484 470.543701171875 1.3591251373291016
102.04480743408203 474.4544372558594 1.3591251373291016
102.88518524169922 478.36517333984375 1.3591251373291016
103.7255630493164 482.2759094238281 1.3591251373291016
104.5659408569336 486.1866455078125 1.3591251373291016
105.40631866455078 490.0973815917969 1.3591251373291016
106.24669647216797 494.00811767578125 1.3591251373291016
107.08707427978516 497.9188537597656 1.3591251373291016
107.92745208740234 501.82958984375 1.3591251373291016
107.92745208740234 501.82958984375 1.7591251134872437
107.92745208740234 501.82958984375 2.1591250896453857
107.92745208740234 501.82958984375 2.5591251850128174
107.92745208740234 501.82958984375 2.959125280380249
103.99385833740234 502.555419921875 2.959125280380249
100.06026458740234 503.28125 2.959125280380249
96.12667083740234 504.007080078125 2.959125280380249
96.12667083740234 504.007080078125 -2.9240598678588867
96.12667083740234 504.007080078125 -2.524059772491455
96.12667083740234 504.007080078125 -2.1240596771240234
94.0248031616211 500.60382080078125 -2.1240596771240234
94.0248031616211 500.60382080078125 -1.7240597009658813
93.41414642333984 496.65069580078125 -1.7240597009658813
92.8034896850586 492.69757080078125 -1.7240597009658813
92.19283294677734 488.74444580078125 -1.7240597009658813
91.5821762084961 484.79132080078125 -1.7240597009658813
90.97151947021484 480.83819580078125 -1.7240597009658813
90.3608627319336 476.88507080078125 -1.7240597009658813
89.75020599365234 472.93194580078125 -1.7240597009658813
89.1395492553711 468.97882080078125 -1.7240597009658813
88.52889251708984 465.02569580078125 -1.7240597009658813
87.9182357788086 461.07257080078125 -1.7240597009658813
87.30757904052734 457.11944580078125 -1.7240597009658813
86.6969223022461 453.16632080078125 -1.7240597009658813
86.08626556396484 449.21319580078125 -1.7240597009658813
85.4756088256836 445.26007080078125 -1.7240597009658813
84.86495208740234 441.30694580078125 -1.7240597009658813
84.2542953491211 437.35382080078125 -1.7240597009658813
83.64363861083984 433.40069580078125 -1.7240597009658813
83.0329818725586 429.44757080078125 -1.7240597009658813
82.42232513427734 425.49444580078125 -1.7240597009658813
81.8116683959961 421.54132080078125 -1.7240597009658813
81.20101165771484 417.58819580078125 -1.7240597009658813
80.5903549194336 413.63507080078125 -1.7240597009658813
79.97969818115234 409.68194580078125 -1.7240597009658813
79.3690414428711 405.72882080078125 -1.7240597009658813
79.3690414428711 405.72882080078125 -1.3240597248077393
79.3690414428711 405.72882080078125 -0.9240597486495972
81.77938079833984 402.5365905761719 -0.9240597486495972
84.1897201538086 399.3443603515625 -0.9240597486495972
86.60005950927734 396.1521301269531 -0.9240597486495972
89.0103988647461 392.95989990234375 -0.9240597486495972
91.42073822021484 389.7676696777344 -0.9240597486495972
91.42073822021484 389.7676696777344 -0.5240597724914551
91.42073822021484 389.7676696777344 -0.1240597665309906
91.42073822021484 389.7676696777344 0.2759402394294739
91.42073822021484 389.7676696777344 0.6759402751922607
91.42073822021484 389.7676696777344 1.0759402513504028
91.42073822021484 389.7676696777344 1.475940227508545
91.79959106445312 393.74969482421875 1.475940227508545
92.1784439086914 397.7317199707031 1.475940227508545
92.55729675292969 401.7137451171875 1.475940227508545
92.93614959716797 405.6957702636719 1.475940227508545
93.31500244140625 409.67779541015625 1.475940227508545
93.69385528564453 413.6598205566406 1.475940227508545
94.07270812988281 417.641845703125 1.475940227508545
94.4515609741211 421.6238708496094 1.475940227508545
94.83041381835938 425.60589599609375 1.475940227508545
95.20926666259766 429.5879211425781 1.475940227508545
95.58811950683594 433.5699462890625 1.475940227508545
95.96697235107422 437.5519714355469 1.475940227508545
96.3458251953125 441.53399658203125 1.475940227508545
96.72467803955078 445.5160217285156 1.475940227508545
97.10353088378906 449.498046875 1.475940227508545
97.48238372802734 453.4800720214844 1.475940227508545
97.86123657226562 457.46209716796875 1.475940227508545
98.2400894165039 461.4441223144531 1.475940227508545
98.61894226074219 465.4261474609375 1.475940227508545
98.99779510498047 469.4081726074219 1.475940227508545
99.37664794921875 473.39019775390625 1.475940227508545
99.75550079345703 477.3722229003906 1.475940227508545
100.13435363769531 481.354248046875 1.475940227508545
100.5132064819336 485.3362731933594 1.475940227508545
100.89205932617188 489.31829833984375 1.475940227508545
101.27091217041016 493.3003234863281 1.475940227508545
101.64976501464844 497.2823486328125 1.475940227508545
102.02861785888672 501.2643737792969 1.475940227508545
102.02861785888672 501.2643737792969 1.875940203666687
100.82689666748047 505.07958984375 1.875940203666687
100.82689666748047 505.07958984375 2.275940179824829
98.23432159423828 508.12567138671875 2.275940179824829
95.6417465209961 511.1717529296875 2.275940179824829
93.0491714477539 514.2178344726562 2.275940179824829
90.45659637451172 517.263916015625 2.275940179824829
87.86402130126953 520.3099975585938 2.275940179824829
85.27144622802734 523.3560791015625 2.275940179824829
82.67887115478516 526.4021606445312 2.275940179824829
80.08629608154297 529.4482421875 2.275940179824829
77.49372100830078 532.4943237304688 2.275940179824829
77.49372100830078 532.4943237304688 2.6759402751922607
77.49372100830078 532.4943237304688 3.0759403705596924
77.49372100830078 532.4943237304688 -2.8072447776794434
77.49372100830078 532.4943237304688 -2.4072446823120117
77.49372100830078 532.4943237304688 -2.00724458694458
77.49372100830078 532.4943237304688 -1.607244610786438
77.34796142578125 528.4970092773438 -1.607244610786438
77.20220184326172 524.4996948242188 -1.607244610786438
77.05644226074219 520.5023803710938 -1.607244610786438
76.91068267822266 516.5050659179688 -1.607244610786438
76.76492309570312 512.5077514648438 -1.607244610786438
76.6191635131836 508.5104064941406 -1.607244610786438
76.47340393066406 504.5130615234375 -1.607244610786438
76.32764434814453 500.5157165527344 -1.607244610786438
76.181884765625 496.51837158203125 -1.607244610786438
76.03612518310547 492.5210266113281 -1.607244610786438
75.89036560058594 488.523681640625 -1.607244610786438
75.7446060180664 484.5263366699219 -1.607244610786438
75.59884643554688 480.52899169921875 -1.607244610786438
75.45308685302734 476.5316467285156 -1.607244610786438
75.30732727050781 472.5343017578125 -1.607244610786438
75.16156768798828 468.5369567871094 -1.607244610786438
75.01580810546875 464.53961181640625 -1.607244610786438
74.87004852294922 460.5422668457031 -1.607244610786438
74.72428894042969 456.544921875 -1.607244610786438
74.57852935791016 452.5475769042969 -1.607244610786438
74.43276977539062 448.55023193359375 -1.607244610786438
74.2870101928711 444.5528869628906 -1.607244610786438
74.14125061035156 440.5555419921875 -1.607244610786438
73.99549102783203 436.5581970214844 -1.607244610786438
73.99549102783203 436.5581970214844 -1.207244634628296
75.41787719726562 432.81964111328125 -1.207244634628296
76.84026336669922 429.0810852050781 -1.207244634628296
76.84026336669922 429.0810852050781 -0.8072446584701538
79.60623168945312 426.1915588378906 -0.8072446584701538
82.37220001220703 423.3020324707031 -0.8072446584701538
85.13816833496094 420.4125061035156 -0.8072446584701538
87.90413665771484 417.5229797363281 -0.8072446584701538
90.67010498046875 414.6334533691406 -0.8072446584701538
93.43607330322266 411.7439270019531 -0.8072446584701538
96.20204162597656 408.8544006347656 -0.8072446584701538
96.20204162597656 408.8544006347656 -0.40724465250968933
99.8749008178711 407.27008056640625 -0.40724465250968933
103.54776000976562 405.6857604980469 -0.40724465250968933
107.22061920166016 404.1014404296875 -0.40724465250968933
110.89347839355469 402.5171203613281 -0.40724465250968933
114.56633758544922 400.93280029296875 -0.40724465250968933
118.23919677734375 399.3484802246094 -0.40724465250968933
121.91205596923828 397.76416015625 -0.40724465250968933
125.58491516113281 396.1798400878906 -0.40724465250968933
129.25778198242188 394.59552001953125 -0.40724465250968933
132.93064880371094 393.0111999511719 -0.40724465250968933
136.603515625 391.4268798828125 -0.40724465250968933
136.603515625 391.4268798828125 -0.0072446465492248535
136.603515625 391.4268798828125 0.3927553594112396
136.603515625 391.4268798828125 0.7927553653717041
136.603515625 391.4268798828125 1.1927553415298462
136.603515625 391.4268798828125 1.5927553176879883
136.603515625 391.4268798828125 1.9927552938461304
134.96531677246094 395.0760192871094 1.9927552938461304
133.32711791992188 398.72515869140625 1.9927552938461304
131.6889190673828 402.3742980957031 1.9927552938461304
130.05072021484375 406.0234375 1.9927552938461304
128.4125213623047 409.6725769042969 1.9927552938461304
126.77433013916016 413.32171630859375 1.9927552938461304
125.13613891601562 416.9708557128906 1.9927552938461304
123.4979476928711 420.6199951171875 1.9927552938461304
121.85975646972656 424.2691345214844 1.9927552938461304
120.22156524658203 427.91827392578125 1.9927552938461304
118.5833740234375 431.5674133300781 1.9927552938461304
116.94518280029297 435.216552734375 1.9927552938461304
115.30699157714844 438.8656921386719 1.9927552938461304
113.6688003540039 442.51483154296875 1.9927552938461304
112.03060913085938 446.1639709472656 1.9927552938461304
110.39241790771484 449.8131103515625 1.9927552938461304
108.75422668457031 453.4622497558594 1.9927552938461304
107.11603546142578 457.11138916015625 1.9927552938461304
105.47784423828125 460.7605285644531 1.9927552938461304
103.83965301513672 464.40966796875 1.9927552938461304
102.20146179199219 468.0588073730469 1.9927552938461304
100.56327056884766 471.70794677734375 1.9927552938461304
98.92507934570312 475.3570861816406 1.9927552938461304
97.2868881225586 479.0062255859375 1.9927552938461304
95.64869689941406 482.6553649902344 1.9927552938461304
94.01050567626953 486.30450439453125 1.9927552938461304
92.372314453125 489.9536437988281 1.9927552938461304
90.73412322998047 493.602783203125 1.9927552938461304
89.09593200683594 497.2519226074219 1.9927552938461304
87.4577407836914 500.90106201171875 1.9927552938461304
85.81954956054688 504.5502014160156 1.9927552938461304
84.18135833740234 508.1993408203125 1.9927552938461304
82.54316711425781 511.8484802246094 1.9927552938461304
80.90497589111328 515.4976196289062 1.9927552938461304
79.26678466796875 519.1467895507812 1.9927552938461304
77.62859344482422 522.7959594726562 1.9927552938461304
75.99040222167969 526.4451293945312 1.9927552938461304
75.99040222167969 526.4451293945312 2.3927552700042725
75.99040222167969 526.4451293945312 2.792755365371704
75.99040222167969 526.4451293945312 -3.0904297828674316
75.99040222167969 526.4451293945312 -2.6904296875
75.99040222167969 526.4451293945312 -2.2904295921325684
75.99040222167969 526.4451293945312 -1.8904296159744263
75.99040222167969 526.4451293945312 -1.4904296398162842
76.3115234375 522.4580688476562 -1.4904296398162842
76.63264465332031 518.4710083007812 -1.4904296398162842
76.95376586914062 514.4839477539062 -1.4904296398162842
77.27488708496094 510.4968566894531 -1.4904296398162842
77.59600830078125 506.509765625 -1.4904296398162842
77.91712951660156 502.5226745605469 -1.4904296398162842
78.23825073242188 498.53558349609375 -1.4904296398162842
78.55937194824219 494.5484924316406 -1.4904296398162842
78.8804931640625 490.5614013671875 -1.4904296398162842
79.20161437988281 486.5743103027344 -1.4904296398162842
79.52273559570312 482.58721923828125 -1.4904296398162842
79.84385681152344 478.6001281738281 -1.4904296398162842
80.16497802734375 474.613037109375 -1.4904296398162842
80.48609924316406 470.6259460449219 -1.4904296398162842
80.80722045898438 466.63885498046875 -1.4904296398162842
81.12834167480469 462.6517639160156 -1.4904296398162842
81.449462890625 458.6646728515625 -1.4904296398162842
81.77058410644531 454.6775817871094 -1.4904296398162842
82.09170532226562 450.69049072265625 -1.4904296398162842
82.41282653808594 446.7033996582031 -1.4904296398162842
82.73394775390625 442.71630859375 -1.4904296398162842
83.05506896972656 438.7292175292969 -1.4904296398162842
83.37619018554688 434.74212646484375 -1.4904296398162842
83.69731140136719 430.7550354003906 -1.4904296398162842
83.69731140136719 430.7550354003906 -1.090429663658142
85.54573059082031 427.2077331542969 -1.090429663658142
87.39414978027344 423.6604309082031 -1.090429663658142
89.24256896972656 420.1131286621094 -1.090429663658142
91.09098815917969 416.5658264160156 -1.090429663658142
92.93940734863281 413.0185241699219 -1.090429663658142
94.78782653808594 409.4712219238281 -1.090429663658142
96.63624572753906 405.9239196777344 -1.090429663658142
98.48466491699219 402.3766174316406 -1.090429663658142
100.33308410644531 398.8293151855469 -1.090429663658142
102.18150329589844 395.2820129394531 -1.090429663658142
102.18150329589844 395.2820129394531 -0.6904296875
102.18150329589844 395.2820129394531 -0.2904296815395355
106.01398468017578 394.1365661621094 -0.2904296815395355
109.84646606445312 392.9911193847656 -0.2904296815395355
113.67894744873047 391.8456726074219 -0.2904296815395355
117.51142883300781 390.7002258300781 -0.2904296815395355
121.34391021728516 389.5547790527344 -0.2904296815395355
125.1763916015625 388.4093322753906 -0.2904296815395355
129.00888061523438 387.2638854980469 -0.2904296815395355
132.84136962890625 386.1184387207031 -0.2904296815395355
136.67385864257812 384.9729919433594 -0.2904296815395355
140.50634765625 383.8275451660156 -0.2904296815395355
144.33883666992188 382.6820983886719 -0.2904296815395355
148.17132568359375 381.5366516113281 -0.2904296815395355
152.00381469726562 380.3912048339844 -0.2904296815395355
155.8363037109375 379.2457580566406 -0.2904296815395355
155.8363037109375 379.2457580566406 0.10957032442092896
155.8363037109375 379.2457580566406 0.5095703601837158
155.8363037109375 379.2457580566406 0.9095703363418579
155.8363037109375 379.2457580566406 1.3095703125
155.8363037109375 379.2457580566406 1.709570288658142
155.8363037109375 379.2457580566406 2.109570264816284
155.8363037109375 379.2457580566406 2.509570360183716
152.6089630126953 381.6088562011719 2.509570360183716
149.38162231445312 383.9719543457031 2.509570360183716
146.15428161621094 386.3350524902344 2.509570360183716
142.92694091796875 388.6981506347656 2.509570360183716
139.69960021972656 391.0612487792969 2.509570360183716
136.47225952148438 393.4243469238281 2.509570360183716
133.2449188232422 395.7874450683594 2.509570360183716
130.017578125 398.1505432128906 2.509570360183716
126.79023742675781 400.5136413574219 2.509570360183716
123.56289672851562 402.8767395019531 2.509570360183716
120.33555603027344 405.2398376464844 2.509570360183716
117.10821533203125 407.6029357910156 2.509570360183716
113.88087463378906 409.9660339355469 2.509570360183716
110.65353393554688 412.3291320800781 2.509570360183716
107.42619323730469 414.6922302246094 2.509570360183716
104.1988525390625 417.0553283691406 2.509570360183716
100.97151184082031 419.4184265136719 2.509570360183716
97.74417114257812 421.7815246582031 2.509570360183716
94.51683044433594 424.1446228027344 2.509570360183716
91.28948974609375 426.5077209472656 2.509570360183716
88.06214904785156 428.8708190917969 2.509570360183716
84.83480834960938 431.2339172363281 2.509570360183716
81.60746765136719 433.5970153808594 2.509570360183716
78.380126953125 435.9601135253906 2.509570360183716
75.15278625488281 438.3232116699219 2.509570360183716
71.92544555664062 440.6863098144531 2.509570360183716
68.69810485839844 443.0494079589844 2.509570360183716
65.47076416015625 445.4125061035156 2.509570360183716
62.24342727661133 447.7756042480469 2.509570360183716
59.016090393066406 450.1387023925781 2.509570360183716
55.788753509521484 452.5018005371094 2.509570360183716
55.788753509521484 452.5018005371094 2.9095704555511475
51.895938873291016 453.42156982421875 2.9095704555511475
48.00312423706055 454.3413391113281 2.9095704555511475
44.11030960083008 455.2611083984375 2.9095704555511475
40.21749496459961 456.1808776855469 2.9095704555511475
36.32468032836914 457.10064697265625 2.9095704555511475
32.43186569213867 458.0204162597656 2.9095704555511475
28.539052963256836 458.940185546875 2.9095704555511475
24.646240234375 459.8599548339844 2.9095704555511475
20.753427505493164 460.77972412109375 2.9095704555511475
16.860614776611328 461.6994934082031 2.9095704555511475
16.860614776611328 461.6994934082031 -2.9736146926879883
16.860614776611328 461.6994934082031 -2.5736145973205566
16.860614776611328 461.6994934082031 -2.173614501953125
16.860614776611328 461.6994934082031 -1.773614525794983
16.860614776611328 461.6994934082031 -1.3736145496368408
16.860614776611328 461.6994934082031 -0.9736145734786987
16.860614776611328 461.6994934082031 -0.5736145973205566
20.220394134521484 459.52880859375 -0.5736145973205566
23.58017349243164 457.3581237792969 -0.5736145973205566
26.939952850341797 455.18743896484375 -0.5736145973205566
30.299732208251953 453.0167541503906 -0.5736145973205566
33.65951156616211 450.8460693359375 -0.5736145973205566
37.019290924072266 448.6753845214844 -0.5736145973205566
40.37907028198242 446.50469970703125 -0.5736145973205566
43.73884963989258 444.3340148925781 -0.5736145973205566
47.098628997802734 442.163330078125 -0.5736145973205566
50.45840835571289 439.9926452636719 -0.5736145973205566
53.81818771362305 437.82196044921875 -0.5736145973205566
57.1779670715332 435.6512756347656 -0.5736145973205566
60.53774642944336 433.4805908203125 -0.5736145973205566
63.897525787353516 431.3099060058594 -0.5736145973205566
67.25730895996094 429.13922119140625 -0.5736145973205566
70.6170883178711 426.9685363769531 -0.5736145973205566
70.6170883178711 426.9685363769531 -0.17361459136009216
74.55695343017578 426.2775573730469 -0.17361459136009216
78.49681854248047 425.5865783691406 -0.17361459136009216
78.49681854248047 425.5865783691406 0.22638541460037231
78.49681854248047 425.5865783691406 0.6263854503631592
78.49681854248047 425.5865783691406 1.0263854265213013
80.56847381591797 429.00830078125 1.0263854265213013
80.56847381591797 429.00830078125 1.4263854026794434
81.14411163330078 432.9666748046875 1.4263854026794434
81.7197494506836 436.925048828125 1.4263854026794434
82.2953872680664 440.8834228515625 1.4263854026794434
82.87102508544922 444.841796875 1.4263854026794434
83.44666290283203 448.8001708984375 1.4263854026794434
84.02230072021484 452.758544921875 1.4263854026794434
84.59793853759766 456.7169189453125 1.4263854026794434
85.17357635498047 460.67529296875 1.4263854026794434
85.74921417236328 464.6336669921875 1.4263854026794434
86.3248519897461 468.592041015625 1.4263854026794434
86.9004898071289 472.5504150390625 1.4263854026794434
87.47612762451172 476.5087890625 1.4263854026794434
88.05176544189453 480.4671630859375 1.4263854026794434
88.62740325927734 484.425537109375 1.4263854026794434
89.20304107666016 488.3839111328125 1.4263854026794434
89.77867889404297 492.34228515625 1.4263854026794434
90.35431671142578 496.3006591796875 1.4263854026794434
90.9299545288086 500.259033203125 1.4263854026794434
90.9299545288086 500.259033203125 1.8263853788375854
89.91869354248047 504.12908935546875 1.8263853788375854
88.90743255615234 507.9991455078125 1.8263853788375854
88.90743255615234 507.9991455078125 2.2263853549957275
86.46892547607422 511.1698913574219 2.2263853549957275
84.0304183959961 514.3406372070312 2.2263853549957275
81.59191131591797 517.5114135742188 2.2263853549957275
79.15340423583984 520.6821899414062 2.2263853549957275
76.71489715576172 523.8529663085938 2.2263853549957275
74.2763900756836 527.0237426757812 2.2263853549957275
71.83788299560547 530.1945190429688 2.2263853549957275
69.39937591552734 533.3652954101562 2.2263853549957275
66.96086883544922 536.5360717773438 2.2263853549957275
64.5223617553711 539.7068481445312 2.2263853549957275
62.08385467529297 542.8776245117188 2.2263853549957275
59.645347595214844 546.0484008789062 2.2263853549957275
59.645347595214844 546.0484008789062 2.626385450363159
56.16458511352539 548.019287109375 2.626385450363159
52.68382263183594 549.9901733398438 2.626385450363159
49.203060150146484 551.9610595703125 2.626385450363159
45.72229766845703 553.9319458007812 2.626385450363159
42.24153518676758 555.90283203125 2.626385450363159
38.760772705078125 557.8737182617188 2.626385450363159
35.28001022338867 559.8446044921875 2.626385450363159
31.79924774169922 561.8154907226562 2.626385450363159
28.318485260009766 563.786376953125 2.626385450363159
24.837722778320312 565.7572631835938 2.626385450363159
21.35696029663086 567.7281494140625 2.626385450363159
21.35696029663086 567.7281494140625 3.026385545730591
21.35696029663086 567.7281494140625 -2.856799602508545
21.35696029663086 567.7281494140625 -2.4567995071411133
21.35696029663086 567.7281494140625 -2.0567994117736816
21.35696029663086 567.7281494140625 -1.6567994356155396
21.35696029663086 567.7281494140625 -1.2567994594573975
21.35696029663086 567.7281494140625 -0.8567994832992554
23.976398468017578 564.7051391601562 -0.8567994832992554
26.595836639404297 561.68212890625 -0.8567994832992554
29.215274810791016 558.6591186523438 -0.8567994832992554
31.834712982177734 555.6361083984375 -0.8567994832992554
34.45415115356445 552.6130981445312 -0.8567994832992554
37.07358932495117 549.590087890625 -0.8567994832992554
39.69302749633789 546.5670776367188 -0.8567994832992554
42.31246566772461 543.5440673828125 -0.8567994832992554
44.93190383911133 540.5210571289062 -0.8567994832992554
47.55134201049805 537.498046875 -0.8567994832992554
50.170780181884766 534.4750366210938 -0.8567994832992554
52.790218353271484 531.4520263671875 -0.8567994832992554
55.4096565246582 528.4290161132812 -0.8567994832992554
58.02909469604492 525.406005859375 -0.8567994832992554
60.64853286743164 522.3829956054688 -0.8567994832992554
63.26797103881836 519.3599853515625 -0.8567994832992554
65.88741302490234 516.3369750976562 -0.8567994832992554
68.50685119628906 513.31396484375 -0.8567994832992554
71.12628936767578 510.29095458984375 -0.8567994832992554
73.7457275390625 507.2679443359375 -0.8567994832992554
76.36516571044922 504.24493408203125 -0.8567994832992554
78.98460388183594 501.221923828125 -0.8567994832992554
81.60404205322266 498.19891357421875 -0.8567994832992554
84.22348022460938 495.1759033203125 -0.8567994832992554
86.8429183959961 492.15289306640625 -0.8567994832992554
89.46235656738281 489.1298828125 -0.8567994832992554
92.08179473876953 486.10687255859375 -0.8567994832992554
94.70123291015625 483.0838623046875 -0.8567994832992554
97.32067108154297 480.06085205078125 -0.8567994832992554
99.94010925292969 477.037841796875 -0.8567994832992554
102.5595474243164 474.01483154296875 -0.8567994832992554
105.17898559570312 470.9918212890625 -0.8567994832992554
107.79842376708984 467.96881103515625 -0.8567994832992554
107.79842376708984 467.96881103515625 -0.4567994773387909
107.79842376708984 467.96881103515625 -0.056799471378326416
107.79842376708984 467.96881103515625 0.34320053458213806
107.79842376708984 467.96881103515625 0.7432005405426025
110.74365234375 470.6754150390625 0.7432005405426025
113.68888092041016 473.38201904296875 0.7432005405426025
116.63410949707031 476.088623046875 0.7432005405426025
119.57933807373047 478.79522705078125 0.7432005405426025
122.52456665039062 481.5018310546875 0.7432005405426025
125.46979522705078 484.20843505859375 0.7432005405426025
128.41502380371094 486.9150390625 0.7432005405426025
131.36024475097656 489.62164306640625 0.7432005405426025
134.3054656982422 492.3282470703125 0.7432005405426025
137.2506866455078 495.03485107421875 0.7432005405426025
140.19590759277344 497.741455078125 0.7432005405426025
143.14112854003906 500.44805908203125 0.7432005405426025
146.0863494873047 503.1546630859375 0.7432005405426025
149.0315704345703 505.86126708984375 0.7432005405426025
151.97679138183594 508.56787109375 0.7432005405426025
154.92201232910156 511.27447509765625 0.7432005405426025
157.8672332763672 513.9810791015625 0.7432005405426025
160.8124542236328 516.6876831054688 0.7432005405426025
163.75767517089844 519.394287109375 0.7432005405426025
166.70289611816406 522.1008911132812 0.7432005405426025
169.6481170654297 524.8074951171875 0.7432005405426025
172.5933380126953 527.5140991210938 0.7432005405426025
175.53855895996094 530.220703125 0.7432005405426025
178.48377990722656 532.9273071289062 0.7432005405426025
181.4290008544922 535.6339111328125 0.7432005405426025
184.3742218017578 538.3405151367188 0.7432005405426025
187.31944274902344 541.047119140625 0.7432005405426025
190.26466369628906 543.7537231445312 0.7432005405426025
193.2098846435547 546.4603271484375 0.7432005405426025
196.1551055908203 549.1669311523438 0.7432005405426025
199.10032653808594 551.87353515625 0.7432005405426025
202.04554748535156 554.5801391601562 0.7432005405426025
204.9907684326172 557.2867431640625 0.7432005405426025
204.9907684326172 557.2867431640625 1.1432005167007446
204.9907684326172 557.2867431640625 1.5432004928588867
204.9907684326172 557.2867431640625 1.9432004690170288
204.9907684326172 557.2867431640625 2.343200445175171
204.9907684326172 557.2867431640625 2.7432005405426025
204.9907684326172 557.2867431640625 -3.139984607696533
204.9907684326172 557.2867431640625 -2.7399845123291016
204.9907684326172 557.2867431640625 -2.33998441696167
202.20855712890625 554.412841796875 -2.33998441696167
199.4263458251953 551.5389404296875 -2.33998441696167
196.64413452148438 548.6650390625 -2.33998441696167
193.86192321777344 545.7911376953125 -2.33998441696167
191.0797119140625 542.917236328125 -2.33998441696167
188.29750061035156 540.0433349609375 -2.33998441696167
185.51528930664062 537.16943359375 -2.33998441696167
182.7330780029297 534.2955322265625 -2.33998441696167
179.95086669921875 531.421630859375 -2.33998441696167
177.1686553955078 528.5477294921875 -2.33998441696167
174.38644409179688 525.673828125 -2.33998441696167
174.38644409179688 525.673828125 -1.9399844408035278
172.94300842285156 521.943359375 -1.9399844408035278
171.49957275390625 518.212890625 -1.9399844408035278
170.05613708496094 514.482421875 -1.9399844408035278
168.61270141601562 510.751953125 -1.9399844408035278
167.1692657470703 507.021484375 -1.9399844408035278
165.725830078125 503.291015625 -1.9399844408035278
164.2823944091797 499.560546875 -1.9399844408035278
162.83895874023438 495.830078125 -1.9399844408035278
161.39552307128906 492.099609375 -1.9399844408035278
159.95208740234375 488.369140625 -1.9399844408035278
158.50865173339844 484.638671875 -1.9399844408035278
157.06521606445312 480.908203125 -1.9399844408035278
155.6217803955078 477.177734375 -1.9399844408035278
154.1783447265625 473.447265625 -1.9399844408035278
152.7349090576172 469.716796875 -1.9399844408035278
151.29147338867188 465.986328125 -1.9399844408035278
149.84803771972656 462.255859375 -1.9399844408035278
148.40460205078125 458.525390625 -1.9399844408035278
146.96116638183594 454.794921875 -1.9399844408035278
145.51773071289062 451.064453125 -1.9399844408035278
144.0742950439453 447.333984375 -1.9399844408035278
142.630859375 443.603515625 -1.9399844408035278
141.1874237060547 439.873046875 -1.9399844408035278
139.74398803710938 436.142578125 -1.9399844408035278
138.30055236816406 432.412109375 -1.9399844408035278
136.85711669921875 428.681640625 -1.9399844408035278
135.41368103027344 424.951171875 -1.9399844408035278
133.97024536132812 421.220703125 -1.9399844408035278
132.5268096923828 417.490234375 -1.9399844408035278
131.0833740234375 413.759765625 -1.9399844408035278
131.0833740234375 413.759765625 -1.5399844646453857
131.20660400390625 409.76165771484375 -1.5399844646453857
131.329833984375 405.7635498046875 -1.5399844646453857
131.45306396484375 401.76544189453125 -1.5399844646453857
131.5762939453125 397.767333984375 -1.5399844646453857
131.69952392578125 393.76922607421875 -1.5399844646453857
131.82275390625 389.7711181640625 -1.5399844646453857
131.94598388671875 385.77301025390625 -1.5399844646453857
132.0692138671875 381.77490234375 -1.5399844646453857
132.19244384765625 377.77679443359375 -1.5399844646453857
132.315673828125 373.7786865234375 -1.5399844646453857
132.43890380859375 369.78057861328125 -1.5399844646453857
132.5621337890625 365.782470703125 -1.5399844646453857
132.68536376953125 361.78436279296875 -1.5399844646453857
132.80859375 357.7862548828125 -1.5399844646453857
132.93182373046875 353.78814697265625 -1.5399844646453857
133.0550537109375 349.7900390625 -1.5399844646453857
133.17828369140625 345.79193115234375 -1.5399844646453857
133.301513671875 341.7938232421875 -1.5399844646453857
133.42474365234375 337.79571533203125 -1.5399844646453857
133.5479736328125 333.797607421875 -1.5399844646453857
133.67120361328125 329.79949951171875 -1.5399844646453857
133.79443359375 325.8013916015625 -1.5399844646453857
133.91766357421875 321.80328369140625 -1.5399844646453857
134.0408935546875 317.80517578125 -1.5399844646453857
134.16412353515625 313.80706787109375 -1.5399844646453857
134.287353515625 309.8089599609375 -1.5399844646453857
134.41058349609375 305.81085205078125 -1.5399844646453857
134.5338134765625 301.812744140625 -1.5399844646453857
134.65704345703125 297.81463623046875 -1.5399844646453857
134.7802734375 293.8165283203125 -1.5399844646453857
134.90350341796875 289.81842041015625 -1.5399844646453857
135.0267333984375 285.8203125 -1.5399844646453857
135.14996337890625 281.82220458984375 -1.5399844646453857
135.273193359375 277.8240966796875 -1.5399844646453857
135.39642333984375 273.82598876953125 -1.5399844646453857
135.5196533203125 269.827880859375 -1.5399844646453857
135.64288330078125 265.82977294921875 -1.5399844646453857
135.76611328125 261.8316650390625 -1.5399844646453857
135.88934326171875 257.83355712890625 -1.5399844646453857
136.0125732421875 253.83544921875 -1.5399844646453857
136.13580322265625 249.83734130859375 -1.5399844646453857
136.259033203125 245.8392333984375 -1.5399844646453857
136.38226318359375 241.84112548828125 -1.5399844646453857
136.5054931640625 237.843017578125 -1.5399844646453857
136.62872314453125 233.84490966796875 -1.5399844646453857
136.751953125 229.8468017578125 -1.5399844646453857
136.87518310546875 225.84869384765625 -1.5399844646453857
136.9984130859375 221.8505859375 -1.5399844646453857
137.12164306640625 217.85247802734375 -1.5399844646453857
137.244873046875 213.8543701171875 -1.5399844646453857
137.36810302734375 209.85626220703125 -1.5399844646453857
137.4913330078125 205.858154296875 -1.5399844646453857
137.61456298828125 201.86004638671875 -1.5399844646453857
137.73779296875 197.8619384765625 -1.5399844646453857
137.86102294921875 193.86383056640625 -1.5399844646453857
137.9842529296875 189.86572265625 -1.5399844646453857
138.10748291015625 185.86761474609375 -1.5399844646453857
138.230712890625 181.8695068359375 -1.5399844646453857
138.230712890625 181.8695068359375 -1.1399844884872437
139.90115356445312 178.23500061035156 -1.1399844884872437
139.90115356445312 178.23500061035156 -0.7399845123291016
142.85507202148438 175.5378875732422 -0.7399845123291016
145.80899047851562 172.8407745361328 -0.7399845123291016
145.80899047851562 172.8407745361328 -0.3399845063686371
145.80899047851562 172.8407745361328 0.06001549959182739
145.80899047851562 172.8407745361328 0.46001550555229187
145.80899047851562 172.8407745361328 0.8600155115127563
145.80899047851562 172.8407745361328 1.2600154876708984
145.80899047851562 172.8407745361328 1.6600154638290405
145.80899047851562 172.8407745361328 2.0600154399871826
145.80899047851562 172.8407745361328 2.4600155353546143
142.70266723632812 175.36085510253906 2.4600155353546143
139.59634399414062 177.8809356689453 2.4600155353546143
136.49002075195312 180.40101623535156 2.4600155353546143
133.38369750976562 182.9210968017578 2.4600155353546143
130.27737426757812 185.44117736816406 2.4600155353546143
127.17105102539062 187.9612579345703 2.4600155353546143
124.06472778320312 190.48133850097656 2.4600155353546143
120.95840454101562 193.0014190673828 2.4600155353546143
117.85208129882812 195.52149963378906 2.4600155353546143
114.74575805664062 198.0415802001953 2.4600155353546143
111.63943481445312 200.56166076660156 2.4600155353546143
111.63943481445312 200.56166076660156 2.860015630722046
111.63943481445312 200.56166076660156 -3.02316951751709
111.63943481445312 200.56166076660156 -2.623169422149658
108.16503143310547 198.57962036132812 -2.623169422149658
104.69062805175781 196.5975799560547 -2.623169422149658
101.21622467041016 194.61553955078125 -2.623169422149658
97.7418212890625 192.6334991455078 -2.623169422149658
94.26741790771484 190.65145874023438 -2.623169422149658
90.79301452636719 188.66941833496094 -2.623169422149658
87.31861114501953 186.6873779296875 -2.623169422149658
83.84420776367188 184.70533752441406 -2.623169422149658
80.36980438232422 182.72329711914062 -2.623169422149658
76.89540100097656 180.7412567138672 -2.623169422149658
73.4209976196289 178.75921630859375 -2.623169422149658
69.94659423828125 176.7771759033203 -2.623169422149658
66.4721908569336 174.79513549804688 -2.623169422149658
62.99778366088867 172.81309509277344 -2.623169422149658
59.52337646484375 170.8310546875 -2.623169422149658
56.04896926879883 168.84901428222656 -2.623169422149658
52.574562072753906 166.86697387695312 -2.623169422149658
49.100154876708984 164.8849334716797 -2.623169422149658
45.62574768066406 162.90289306640625 -2.623169422149658
42.15134048461914 160.9208526611328 -2.623169422149658
38.67693328857422 158.93881225585938 -2.623169422149658
35.2025260925293 156.95677185058594 -2.623169422149658
31.728118896484375 154.9747314453125 -2.623169422149658
31.728118896484375 154.9747314453125 -2.623169422149658
31.728118896484375 154.9747314453125 -2.623169422149658
31.728118896484375 154.9747314453125 -2.623169422149658
31.728118896484375 154.9747314453125 -2.623169422149658
31.728118896484375 154.9747314453125 -2.623169422149658
31.728118896484375 154.9747314453125 -2.623169422149658
31.728118896484375 154.9747314453125 -2.623169422149658
31.728118896484375 154.9747314453125 -2.623169422149658
31.728118896484375 154.9747314453125 -2.623169422149658
31.728118896484375 154.9747314453125 -2.623169422149658
