-392.83861260070745
-395.6972973447963
-398.57562242630917
-401.47316538979356
-404.3895131339564
-407.324261745324
-410.2770163548833
-413.2473909909103
-416.23500842860443
-419.2395000371072
-422.2605056244355
-425.29767328082255
-428.3506592209188
-431.41912762526795
-434.50275048143925
-437.6012074251642
-440.7141855817944
-443.8413794083695
-446.9824905365546
-450.1372276166848
-453.3053061631269
-456.4864484011485
-459.6803831154639
-462.8868455006061
-466.1055758558366
-469.33632403122084
-472.57884245426635
-475.8328905033011
-477.09843002627326
-479.7617017006389
-480.7478438903096
-482.69602513184117
-483.3571630890243
-484.5010282543792
-485.6751441549561
-486.87929194065083
-488.1132493506267
-489.37679089115994
-490.66968801275937
-491.04075642310096
-491.0302641487258
-490.57061308381657
-490.14317560387354
-489.7480360540726
-489.38527266842266
-489.0476562674021
-487.831356824089
-486.6448966512094
-485.4884945167526
-484.81980472525385
-482.8626287996905
-480.9307577178528
-479.0244976376409
-477.14418434091533
-475.29009646398845
-473.46254210461507
-471.66182969221524
-469.88826781914764
-468.1421650658875
-466.42382982015533
-464.73357009005997
-463.0716933113393
-461.43850614880023
-459.8343142920812
-458.2594222458798
-456.71413311481126
-455.1987483830842
-453.7135676892043
-452.2588952663659
-450.8350131395959
-449.4422205697106
-448.08080746859946
-446.7510607103453
-445.453263881804
-444.1876970303348
-444.1876970303348
-444.534588412981
-444.534588412981
-446.4356305483354
-448.36429826487426
-450.32023661155654
-452.3030918013886
-454.3125113973577
-456.3481444896265
-458.4096418640731
-460.4966561622813
-462.6088420331033
-464.74585627592967
-464.74585627592967
-468.0447230906143
-471.35444690182834
-474.674800604712
-478.005562685157
-481.3465170754016
-484.69745301282757
-488.0581649019514
-491.42845217959695
-494.8081191832288
-498.1969750224205
-501.59483345342784
-505.0015127568329
-508.41683561821907
-511.8406290118367
-515.2727240872139
-518.7129560586657
-522.1611640976532
-525.6171912279406
-529.0808842234978
-529.0808842234978
-533.0514296368793
-537.022412362025
-540.9938227691164
-544.9656515080201
-548.9378894982426
-552.9105279193137
-556.8835582015768
-560.8569720173665
-564.8307612725554
-568.8049180984508
-572.7794348440257
-576.7543040684682
-580.7295185340331
-584.7050711991835
-588.6809552120061
-592.6571639038905
-596.6336907834583
-600.6105295307309
-604.5876739915263
-606.2473040381265
-610.0256521818983
-613.8068089810055
-617.5907228480518
-619.1272940580823
-622.5252451859029
-625.9303118383868
-629.3423785195768
-630.6848071522049
-633.5479494091013
-636.4233516252135
-639.3108483772138
-642.2102765272799
-645.1214752023276
-648.0442857727697
-650.9785518308425
-653.924119168541
-655.0406308475401
-657.3148182187107
-659.6054219325126
-661.9122506275322
-664.2351557538665
-666.5739692400558
-668.928524222165
-669.7710181580567
-670.2589953101818
-670.3676003546864
-670.09139285316
-669.0100480984573
-667.9509067696724
-666.9140746521026
-666.2943744634559
-664.433790286888
-662.5921296827003
-661.6464639062294
-659.066977700386
-656.5017282626848
-653.9508831326175
-651.414611525744
-650.1962662644007
-647.0377227264986
-643.8885342195347
-640.7488386794238
-637.6187763389981
-636.1775616132625
-632.5710955281681
-630.9642736034702
-627.0612911481436
-623.1595392843154
-619.2590412726688
-615.3598209560735
-611.4619027776612
-607.5653117995681
-603.6700737223738
-599.7762149052655
-595.8837623869604
-594.1946865949523
-590.1947246877629
-586.1947632252073
-582.1948022164501
-578.1948416709092
-574.1948815982655
-570.194922008471
-566.1949629117593
-562.1950043186549
-558.1950462399843
-554.1950886868865
-550.1951316708243
-546.1951752035962
-542.1952192973492
-540.5045827197413
-536.6065482125978
-532.7100257153504
-528.8150486512961
-524.9216514222946
-521.0298694443135
-517.1397391845078
-513.251298199913
-509.3645851778315
-505.47963997799724
-501.59650367661055
-497.7152186123379
-493.83582843437716
-489.95837815269664
-486.08291419055985
-482.20948443945656
-478.3381383165666
-474.4689268248913
-470.6019026161946
-466.7371200569048
-462.8746352971373
-459.0145063430077
-455.15679313241645
-451.30155761449413
-447.4488638329131
-443.5987780132786
-439.75136865483006
-435.9067066266949
-432.06486526895435
-428.2259204987957
-424.3899509220442
-420.55703795038585
-416.72726592461225
-412.9007222442408
-409.077497503886
-405.25768563678224
-401.44138406588473
-397.6286938630037
-393.81971991645685
-390.01457110775704
-386.2133604978883
-382.41620552375775
-378.6232282054537
-374.8345553649799
-371.05031885718455
-367.2706558136485
-363.49570890035216
-359.7256265899952
-355.9605634499035
-352.20068044652305
-348.4461452675692
-344.69713266297276
-340.9538248058454
-337.2164116747703
-333.4850914588151
-329.76007098676047
-326.041566182144
-322.3298025458248
-318.6250156678983
-318.6250156678983
-316.9332077493434
-313.03000928282313
-309.1292853152993
-305.2311209502255
-301.3356257376322
-297.4429045481253
-297.4429045481253
-293.4988598101814
-289.55635025873613
-285.61543946690864
-281.67619453908924
-277.7386863575228
-273.8029898496619
-269.86918427834206
-265.9373535570615
-262.0075865929102
-258.07997765999056
-254.15462680650367
-254.15462680650367
-250.85206789557913
-247.5700820241399
-244.30949831106963
-241.07118517605906
-241.07118517605906
-239.0441774270639
-237.0673345309085
-235.14192170179695
-233.26921246031281
-231.4504861137936
-229.6870250209715
-227.98011164106762
-227.98011164106762
-227.88339340847597
-227.85686418520984
-227.90054848275034
-228.01440594538337
-228.1983315363635
-228.4521560213438
-228.7756467438943
-228.7756467438943
-230.68401740936324
-232.6455140814832
-234.65880453422096
-236.72256727591426
-238.83549392635865
-240.996291360414
-243.20368362542814
-245.4564136411168
-247.75324469160566
-250.09296172014948
-252.47437243762303
-254.89630825624943
-257.3576250602189
-259.8572038248803
-262.39395109608085
-264.966799341007
-267.57470718156526
-270.2166595209504
-272.8916675735996
-272.8916675735996
-276.527932939354
-280.1741123466225
-283.8298237176953
-287.49470343453675
-291.16840529683265
-294.85059954523257
-298.54097194549314
-302.239222929504
-305.94506678944066
-309.6582309215343
-313.378455116186
-317.1054908913666
-320.839100866456
-324.57905817386217
-328.32514590594644
-332.07715659494664
-335.8348917237495
-339.59816126550874
-343.3667832502448
-347.1405833566867
-350.9193945277392
-354.7030566080641
-358.4914160023725
-362.2843253531165
-366.08164323636004
-369.88323387468984
-373.68896686610583
-377.4987169278999
-381.3123636546001
-385.1297912891178
-388.95088850629327
-392.7755482080887
-396.60366732972653
-400.43514665611747
-404.26989064796595
-408.10780727697977
-411.9488078696487
-415.79280695909006
-419.6397221444934
-423.48947395772456
-427.3419857366779
-431.1971835049922
-435.0549958577684
-438.91535385295197
-442.77819090806094
-446.64344270196403
-450.5110470814274
-454.38094397216935
-458.2530752941757
-462.12735474062725
-466.00375810210926
-469.88223281342346
-473.76272800304474
-475.35583526034515
-476.7729953516044
-477.941815248723
-478.80292475549993
-480.43905760967823
-480.9614155889793
-481.7682904504686
-482.60697065487574
-483.4772906855936
-483.6646318622703
-483.67054783103805
-483.70954255937716
-483.78160804844754
-483.6272858067668
-482.833306173058
-482.07121001706656
-481.3411487799046
-480.64326843754355
-479.9777093616095
-479.34460618414977
-478.7440876666618
-478.30744134128963
-477.5131168196962
-476.40118165406625
-475.0279316162623
-471.5558982426126
-469.99428201332756
-466.16693956603035
-462.3425198274324
-458.52109593047686
-456.8462538366038
-452.8568961586786
-448.8677588230942
-444.87881641951134
-440.8900742388579
-436.90153776500773
-432.9132126836439
-428.92510489161367
-424.9372205068088
-420.94956587860406
-416.9621475988926
-412.97497251375745
-408.98804773582236
-405.0013806573286
-401.0149789639883
-397.0288506496677
-393.04300403195936
-389.05744776870677
-385.0721908755496
-381.0872427445636
-377.102613164076
-373.118312339743
-369.13435091698506
-365.150740004881
-361.167491201635
-357.184616621736
-353.20212892494357
-349.22004134724415
-345.23836773393526
-341.25712257501004
-337.2763210430307
-333.2959790336962
-329.3161132093314
-325.33674104554314
-321.3578808813174
-317.3795519728542
-313.4017745514707
-309.42456988593295
-305.44796034961644
-301.4719694929359
-297.49662212153095
-293.52194438074787
-289.54796384701314
-285.5747096267632
-281.60221246366575
-279.90122241062517
-275.92635511018193
-271.952224843029
-267.97886439980994
-264.0063085386507
-260.0345941344227
-256.0637603417513
-252.0938487732632
-248.1249036947544
-244.15697223917357
-240.1901046415634
-236.22435449738234
-232.25977904695407
-228.29643948916518
-224.3344013279626
-220.3737347557006
-216.41451507796694
-212.45682318518848
-208.50074607710278
-204.54637744709564
-200.59381833447938
-196.64317785404532
-192.6945740137082
-188.74813463281276
-184.8039983757482
-180.86231591798176
-176.92325126456197
-172.9869832446534
-169.05370720988003
-165.1236369693233
-161.19700700014587
-157.27407498023462
-153.3551246982866
-149.44046940779054
-145.53045570487885
-141.6254680266717
-137.72593388731514
-133.83232999446574
-129.94518942083704
-126.06511004533351
-122.19276452851885
-118.32891215065422
-114.47441292117472
-110.63024447136128
-106.79752237385422
-102.97752470247963
-99.17172186546371
-95.38181303019545
-91.60977082903663
-87.85789652060447
-84.12888841508043
-80.42592720102172
-76.75278289147707
-73.11394950543684
-69.5148153866217
-65.96187928981261
-62.463025030066404
-59.02787043104955
-55.668209011948875
-52.39856407218101
-49.23687189810164
-46.20529847375584
-46.20529847375584
-42.45308881321183
-38.75048177633165
-35.1131723345377
-31.56374265314317
-28.135471820009126
-24.878497627006713
-21.869486944169548
-19.225223525545772
-19.225223525545772
-15.888891128892766
-12.934622940706676
-10.68419615808991
-9.64362961154515
-10.19053993852324
-12.111752897824084
-14.884287558711247
-14.884287558711247
-17.065809447087638
-19.822756184426986
-22.948669855118055
-26.312377471452542
-29.83355397853624
-33.46252609247098
-37.167733961238845
-40.928477047260046
-44.73075015325917
-48.56479975670689
-52.42365431573153
-56.3022137974355
-56.3022137974355
-56.3022137974355
-56.3022137974355
-56.3022137974355
-56.3022137974355
-56.3022137974355
-56.3022137974355
-56.3022137974355
-56.3022137974355
-56.3022137974355
