60.0 450.0 1.1853982210159302
60.0 450.0 1.5853981971740723
60.0 450.0 1.9853981733322144
60.0 450.0 2.3853981494903564
60.0 450.0 2.785398244857788
60.0 450.0 -3.0977869033813477
60.0 450.0 -2.697786808013916
60.0 450.0 -2.2977867126464844
57.505653381347656 447.13775634765625 -2.277453899383545
55.07001495361328 444.2253723144531 -2.2571210861206055
52.694091796875 441.26409912109375 -2.236788272857666
50.378868103027344 438.255126953125 -2.2164554595947266
48.125301361083984 435.19970703125 -2.196122646331787
45.93431854248047 432.0990905761719 -2.1757898330688477
43.80683135986328 428.9545593261719 -2.155457019805908
41.743717193603516 425.7674255371094 -2.1351242065429688
39.745826721191406 422.53900146484375 -2.1147913932800293
37.813987731933594 419.2706298828125 -2.09445858001709
37.813987731933594 419.2706298828125 -1.6944586038589478
37.38401412963867 415.4984436035156 -1.6741259098052979
37.03082275390625 411.7182922363281 -1.653793215751648
36.75455856323242 407.9317626953125 -1.633460521697998
36.555335998535156 404.140380859375 -1.6131278276443481
36.4332389831543 400.3457336425781 -1.5927951335906982
36.3883171081543 396.54937744140625 -1.5724624395370483
36.420589447021484 392.7528991699219 -1.5521297454833984
36.5300407409668 388.9578552246094 -1.5317970514297485
36.71662902832031 385.16583251953125 -1.5114643573760986
36.98027420043945 381.3783874511719 -1.4911316633224487
37.32086944580078 377.5970764160156 -1.4707989692687988
37.73827362060547 373.823486328125 -1.450466275215149
38.2323112487793 370.0591735839844 -1.430133581161499
38.80278015136719 366.3056640625 -1.4098008871078491
39.44944763183594 362.5645446777344 -1.3894681930541992
40.17204284667969 358.83734130859375 -1.3691354990005493
40.97026824951172 355.1255798339844 -1.3488028049468994
40.97026824951172 355.1255798339844 -0.9488028287887573
40.97026824951172 355.1255798339844 -0.5488028526306152
40.97026824951172 355.1255798339844 -0.14880284667015076
40.97026824951172 355.1255798339844 0.2511971592903137
44.637939453125 356.10662841796875 0.2715298533439636
48.28490447998047 357.1620178222656 0.2918625473976135
51.90966033935547 358.2913513183594 0.3121952414512634
55.510704040527344 359.494140625 0.33252793550491333
59.0865478515625 360.7698974609375 0.35286062955856323
62.63571548461914 362.11810302734375 0.37319332361221313
66.15673828125 363.5381774902344 0.39352601766586304
69.64816284179688 365.029541015625 0.41385871171951294
69.64816284179688 365.029541015625 0.8138587474822998
69.64816284179688 365.029541015625 1.213858723640442
69.64816284179688 365.029541015625 1.613858699798584
69.64816284179688 365.029541015625 2.0138587951660156
69.64816284179688 365.029541015625 2.4138588905334473
69.64816284179688 365.029541015625 2.813858985900879
69.64816284179688 365.029541015625 -3.069326162338257
69.64816284179688 365.029541015625 -2.669326066970825
69.64816284179688 365.029541015625 -2.2693259716033936
67.23627471923828 362.09747314453125 -2.248993396759033
64.8844985961914 359.1169738769531 -2.2286605834960938
62.593807220458984 356.0892639160156 -2.2083277702331543
60.36514663696289 353.015625 -2.187994956970215
58.199440002441406 349.8973083496094 -2.1676621437072754
56.09757995605469 346.735595703125 -2.147329330444336
54.0604362487793 343.53179931640625 -2.1269965171813965
52.08885192871094 340.2872619628906 -2.106663703918457
50.18363952636719 337.0032958984375 -2.0863308906555176
48.345584869384766 333.6812744140625 -2.0659990310668945
46.5754508972168 330.32257080078125 -2.0456666946411133
44.873966217041016 326.9285583496094 -2.0253348350524902
43.241844177246094 323.50067138671875 -2.0050013065338135
41.679744720458984 320.0403137207031 -1.98466956615448
40.192359924316406 316.554931640625 -1.963625192642212
38.778648376464844 313.0390319824219 -1.9425806999206543
37.435462951660156 309.48797607421875 -1.9222462177276611
36.16474914550781 305.91033935546875 -1.9019138813018799
34.96703338623047 302.3075866699219 -1.8815815448760986
33.842811584472656 298.6812438964844 -1.8612498044967651
32.792545318603516 295.03277587890625 -1.8409180641174316
31.816675186157227 291.3637390136719 -1.8205853700637817
30.915603637695312 287.67559814453125 -1.8002526760101318
30.089702606201172 283.96990966796875 -1.779919981956482
29.339313507080078 280.2481994628906 -1.759587287902832
29.339313507080078 280.2481994628906 -1.35958731174469
29.339313507080078 280.2481994628906 -0.9595873355865479
29.339313507080078 280.2481994628906 -0.5595873594284058
29.339313507080078 280.2481994628906 -0.15958735346794128
29.339313507080078 280.2481994628906 0.2404126524925232
29.339313507080078 280.2481994628906 0.6404126882553101
29.339313507080078 280.2481994628906 1.0404126644134521
31.362770080566406 283.6986389160156 1.0404126644134521
33.24994659423828 286.9930114746094 1.060745358467102
35.06975173950195 290.3250732421875 1.081078052520752
36.82143783569336 293.69342041015625 1.1014107465744019
38.504276275634766 297.0967102050781 1.1217434406280518
40.117576599121094 300.53350830078125 1.1420761346817017
41.660667419433594 304.00238037109375 1.1624088287353516
43.132911682128906 307.5019226074219 1.1827415227890015
44.5337028503418 311.0306701660156 1.2030742168426514
45.86246109008789 314.587158203125 1.2234069108963013
47.11863708496094 318.169921875 1.2437396049499512
48.30171203613281 321.7774963378906 1.264072299003601
49.41119384765625 325.40838623046875 1.284404993057251
49.41119384765625 325.40838623046875 1.684404969215393
49.41119384765625 325.40838623046875 2.084404945373535
49.41119384765625 325.40838623046875 2.484405040740967
49.41119384765625 325.40838623046875 2.8844051361083984
49.41119384765625 325.40838623046875 -2.9987800121307373
49.41119384765625 325.40838623046875 -2.5987799167633057
49.41119384765625 325.40838623046875 -2.198779821395874
47.21198272705078 322.3135986328125 -2.1784472465515137
45.0761604309082 319.17474365234375 -2.1581127643585205
43.00458908081055 315.99310302734375 -2.13778018951416
40.998130798339844 312.77001953125 -2.1174473762512207
39.0576171875 309.5068054199219 -2.0971145629882812
37.18385314941406 306.2048034667969 -2.0767812728881836
35.377620697021484 302.8653869628906 -2.0564467906951904
33.63965606689453 299.48992919921875 -2.0361135005950928
31.970670700073242 296.079833984375 -2.0157816410064697
30.371362686157227 292.6365051269531 -1.9954493045806885
28.723344802856445 288.9917907714844 -1.9954493045806885
27.198476791381836 285.52264404296875 -1.9744048118591309
25.627519607543945 281.84405517578125 -1.9744048118591309
24.17599105834961 278.3435974121094 -1.9533603191375732
22.79459571838379 274.8072204589844 -1.933027982711792
21.485380172729492 271.24346923828125 -1.9126962423324585
20.248891830444336 267.65386962890625 -1.8923635482788086
19.08563995361328 264.03985595703125 -1.8720308542251587
17.996105194091797 260.4029541015625 -1.8516981601715088
17.996105194091797 260.4029541015625 -1.8313654661178589
17.996105194091797 260.4029541015625 -1.811032772064209
17.996105194091797 260.4029541015625 -1.790700078010559
17.996105194091797 260.4029541015625 -1.7703673839569092
17.996105194091797 260.4029541015625 -1.7500346899032593
17.996105194091797 260.4029541015625 -1.7297019958496094
17.996105194091797 260.4029541015625 -1.7093693017959595
17.996105194091797 260.4029541015625 -1.6890366077423096
17.996105194091797 260.4029541015625 -1.6687039136886597
17.996105194091797 260.4029541015625 -1.6483712196350098
