62.828426361083984 452.82843017578125 0.7853981852531433
65.65685272216797 455.6568603515625 0.7853981852531433
68.48528289794922 458.48529052734375 0.7853981852531433
71.31371307373047 461.313720703125 0.7853981852531433
74.14214324951172 464.14215087890625 0.7853981852531433
76.97057342529297 466.9705810546875 0.7853981852531433
79.79900360107422 469.79901123046875 0.7853981852531433
82.62743377685547 472.62744140625 0.7853981852531433
85.45586395263672 475.45587158203125 0.7853981852531433
88.28429412841797 478.2843017578125 0.7853981852531433
91.11272430419922 481.11273193359375 0.7853981852531433
93.94115447998047 483.941162109375 0.7853981852531433
96.76958465576172 486.76959228515625 0.7853981852531433
99.59801483154297 489.5980224609375 0.7853981852531433
102.42644500732422 492.42645263671875 0.7853981852531433
105.25487518310547 495.2548828125 0.7853981852531433
108.08330535888672 498.08331298828125 0.7853981852531433
110.91173553466797 500.9117431640625 0.7853981852531433
113.74016571044922 503.74017333984375 0.7853981852531433
116.56859588623047 506.568603515625 0.7853981852531433
119.39702606201172 509.39703369140625 0.7853981852531433
122.22545623779297 512.2254638671875 0.7853981852531433
125.05388641357422 515.0538940429688 0.7853981852531433
127.88231658935547 517.88232421875 0.7853981852531433
130.7107391357422 520.7107543945312 0.7853981852531433
133.53916931152344 523.5391845703125 0.7853981852531433
136.3675994873047 526.3676147460938 0.7853981852531433
139.19602966308594 529.196044921875 0.7853981852531433
142.0244598388672 532.0244750976562 0.7853981852531433
142.0244598388672 532.0244750976562 0.38539817929267883
145.73104858398438 533.5281982421875 0.38539817929267883
149.43763732910156 535.0319213867188 0.38539817929267883
153.14422607421875 536.53564453125 0.38539817929267883
153.14422607421875 536.53564453125 -0.014601826667785645
157.143798828125 536.4772338867188 -0.014601826667785645
161.14337158203125 536.4188232421875 -0.014601826667785645
165.1429443359375 536.3604125976562 -0.014601826667785645
169.14251708984375 536.302001953125 -0.014601826667785645
173.14208984375 536.2435913085938 -0.014601826667785645
177.14166259765625 536.1851806640625 -0.014601826667785645
177.14166259765625 536.1851806640625 -0.4146018326282501
180.80276489257812 534.5738525390625 -0.4146018326282501
184.4638671875 532.9625244140625 -0.4146018326282501
188.12496948242188 531.3511962890625 -0.4146018326282501
191.78607177734375 529.7398681640625 -0.4146018326282501
195.44717407226562 528.1285400390625 -0.4146018326282501
199.1082763671875 526.5172119140625 -0.4146018326282501
202.76937866210938 524.9058837890625 -0.4146018326282501
206.43048095703125 523.2945556640625 -0.4146018326282501
210.09158325195312 521.6832275390625 -0.4146018326282501
213.752685546875 520.0718994140625 -0.4146018326282501
217.41378784179688 518.4605712890625 -0.4146018326282501
221.07489013671875 516.8492431640625 -0.4146018326282501
224.73599243164062 515.2379150390625 -0.4146018326282501
224.73599243164062 515.2379150390625 -0.8146018385887146
227.48062133789062 512.328125 -0.8146018385887146
230.22525024414062 509.4183044433594 -0.8146018385887146
232.96987915039062 506.50848388671875 -0.8146018385887146
235.71450805664062 503.5986633300781 -0.8146018385887146
238.45913696289062 500.6888427734375 -0.8146018385887146
241.20376586914062 497.7790222167969 -0.8146018385887146
243.94839477539062 494.86920166015625 -0.8146018385887146
246.69302368164062 491.9593811035156 -0.8146018385887146
249.43765258789062 489.049560546875 -0.8146018385887146
252.18228149414062 486.1397399902344 -0.8146018385887146
254.92691040039062 483.22991943359375 -0.8146018385887146
257.6715393066406 480.3200988769531 -0.8146018385887146
260.4161682128906 477.4102783203125 -0.8146018385887146
263.1607971191406 474.5004577636719 -0.8146018385887146
265.9054260253906 471.59063720703125 -0.8146018385887146
268.6500549316406 468.6808166503906 -0.8146018385887146
271.3946838378906 465.77099609375 -0.8146018385887146
274.1393127441406 462.8611755371094 -0.8146018385887146
276.8839416503906 459.95135498046875 -0.8146018385887146
279.6285705566406 457.0415344238281 -0.8146018385887146
282.3731994628906 454.1317138671875 -0.8146018385887146
285.1178283691406 451.2218933105469 -0.8146018385887146
287.8624572753906 448.31207275390625 -0.8146018385887146
290.6070861816406 445.4022521972656 -0.8146018385887146
293.3517150878906 442.492431640625 -0.8146018385887146
296.0963439941406 439.5826110839844 -0.8146018385887146
298.8409729003906 436.67279052734375 -0.8146018385887146
301.5856018066406 433.7629699707031 -0.8146018385887146
301.5856018066406 433.7629699707031 -0.4146018326282501
301.5856018066406 433.7629699707031 -0.014601826667785645
301.5856018066406 433.7629699707031 0.38539817929267883
305.2922058105469 435.2666931152344 0.38539817929267883
308.9988098144531 436.7704162597656 0.38539817929267883
312.7054138183594 438.2741394042969 0.38539817929267883
312.7054138183594 438.2741394042969 0.7853981852531433
315.5338439941406 441.1025695800781 0.7853981852531433
318.3622741699219 443.9309997558594 0.7853981852531433
321.1907043457031 446.7594299316406 0.7853981852531433
324.0191345214844 449.5878601074219 0.7853981852531433
326.8475646972656 452.4162902832031 0.7853981852531433
329.6759948730469 455.2447204589844 0.7853981852531433
332.5044250488281 458.0731506347656 0.7853981852531433
335.3328552246094 460.9015808105469 0.7853981852531433
338.1612854003906 463.7300109863281 0.7853981852531433
340.9897155761719 466.5584411621094 0.7853981852531433
343.8181457519531 469.3868713378906 0.7853981852531433
346.6465759277344 472.2153015136719 0.7853981852531433
349.4750061035156 475.0437316894531 0.7853981852531433
352.3034362792969 477.8721618652344 0.7853981852531433
355.1318664550781 480.7005920410156 0.7853981852531433
357.9602966308594 483.5290222167969 0.7853981852531433
360.7887268066406 486.3574523925781 0.7853981852531433
363.6171569824219 489.1858825683594 0.7853981852531433
366.4455871582031 492.0143127441406 0.7853981852531433
369.2740173339844 494.8427429199219 0.7853981852531433
372.1024475097656 497.6711730957031 0.7853981852531433
374.9308776855469 500.4996032714844 0.7853981852531433
377.7593078613281 503.3280334472656 0.7853981852531433
380.5877380371094 506.1564636230469 0.7853981852531433
383.4161682128906 508.9848937988281 0.7853981852531433
386.2445983886719 511.8133239746094 0.7853981852531433
389.0730285644531 514.6417236328125 0.7853981852531433
391.9014587402344 517.4701538085938 0.7853981852531433
394.7298889160156 520.298583984375 0.7853981852531433
397.5583190917969 523.1270141601562 0.7853981852531433
400.3867492675781 525.9554443359375 0.7853981852531433
403.2151794433594 528.7838745117188 0.7853981852531433
406.0436096191406 531.6123046875 0.7853981852531433
406.0436096191406 531.6123046875 0.38539817929267883
409.7502136230469 533.1160278320312 0.38539817929267883
413.4568176269531 534.6197509765625 0.38539817929267883
417.1634216308594 536.1234741210938 0.38539817929267883
420.8700256347656 537.627197265625 0.38539817929267883
424.5766296386719 539.1309204101562 0.38539817929267883
428.2832336425781 540.6346435546875 0.38539817929267883
431.9898376464844 542.1383666992188 0.38539817929267883
435.6964416503906 543.64208984375 0.38539817929267883
439.4030456542969 545.1458129882812 0.38539817929267883
443.1096496582031 546.6495361328125 0.38539817929267883
446.8162536621094 548.1532592773438 0.38539817929267883
450.5228576660156 549.656982421875 0.38539817929267883
454.2294616699219 551.1607055664062 0.38539817929267883
457.9360656738281 552.6644287109375 0.38539817929267883
461.6426696777344 554.1681518554688 0.38539817929267883
465.3492736816406 555.671875 0.38539817929267883
469.0558776855469 557.1755981445312 0.38539817929267883
472.7624816894531 558.6793212890625 0.38539817929267883
472.7624816894531 558.6793212890625 -0.014601826667785645
476.7620544433594 558.6209106445312 -0.014601826667785645
480.7616271972656 558.5625 -0.014601826667785645
484.7611999511719 558.5040893554688 -0.014601826667785645
488.7607727050781 558.4456787109375 -0.014601826667785645
492.7603454589844 558.3872680664062 -0.014601826667785645
496.7599182128906 558.328857421875 -0.014601826667785645
500.7594909667969 558.2704467773438 -0.014601826667785645
500.7594909667969 558.2704467773438 -0.4146018326282501
504.42059326171875 556.6591186523438 -0.4146018326282501
508.0816955566406 555.0477905273438 -0.4146018326282501
511.7427978515625 553.4364624023438 -0.4146018326282501
515.4039306640625 551.8251342773438 -0.4146018326282501
519.0650634765625 550.2138061523438 -0.4146018326282501
522.7261962890625 548.6024780273438 -0.4146018326282501
522.7261962890625 548.6024780273438 -0.8146018385887146
525.4708251953125 545.6926879882812 -0.8146018385887146
528.2154541015625 542.7828979492188 -0.8146018385887146
530.9600830078125 539.8731079101562 -0.8146018385887146
533.7047119140625 536.9633178710938 -0.8146018385887146
533.7047119140625 536.9633178710938 -1.2146018743515015
535.0995483398438 533.2144165039062 -1.2146018743515015
536.494384765625 529.4655151367188 -1.2146018743515015
537.8892211914062 525.7166137695312 -1.2146018743515015
539.2840576171875 521.9677124023438 -1.2146018743515015
540.6788940429688 518.2188110351562 -1.2146018743515015
542.07373046875 514.4699096679688 -1.2146018743515015
543.4685668945312 510.7209777832031 -1.2146018743515015
544.8634033203125 506.9720458984375 -1.2146018743515015
544.8634033203125 506.9720458984375 -1.6146018505096436
544.688232421875 502.97589111328125 -1.6146018505096436
544.5130615234375 498.979736328125 -1.6146018505096436
544.337890625 494.98358154296875 -1.6146018505096436
544.1627197265625 490.9874267578125 -1.6146018505096436
544.1627197265625 490.9874267578125 -2.014601945877075
542.4451904296875 487.37493896484375 -2.014601945877075
540.7276611328125 483.762451171875 -2.014601945877075
539.0101318359375 480.14996337890625 -2.014601945877075
537.2926025390625 476.5374755859375 -2.014601945877075
535.5750732421875 472.92498779296875 -2.014601945877075
533.8575439453125 469.3125 -2.014601945877075
532.1400146484375 465.70001220703125 -2.014601945877075
530.4224853515625 462.0875244140625 -2.014601945877075
530.4224853515625 462.0875244140625 -2.414602041244507
527.4337768554688 459.42901611328125 -2.414602041244507
524.445068359375 456.7705078125 -2.414602041244507
521.4563598632812 454.11199951171875 -2.414602041244507
518.4676513671875 451.4534912109375 -2.414602041244507
515.4789428710938 448.79498291015625 -2.414602041244507
512.490234375 446.136474609375 -2.414602041244507
509.50152587890625 443.47796630859375 -2.414602041244507
506.5128173828125 440.8194580078125 -2.414602041244507
503.52410888671875 438.16094970703125 -2.414602041244507
500.535400390625 435.50244140625 -2.414602041244507
497.54669189453125 432.84393310546875 -2.414602041244507
494.5579833984375 430.1854248046875 -2.414602041244507
491.56927490234375 427.52691650390625 -2.414602041244507
488.58056640625 424.868408203125 -2.414602041244507
485.59185791015625 422.20989990234375 -2.414602041244507
482.6031494140625 419.5513916015625 -2.414602041244507
479.61444091796875 416.89288330078125 -2.414602041244507
476.625732421875 414.234375 -2.414602041244507
473.63702392578125 411.57586669921875 -2.414602041244507
470.6483154296875 408.9173583984375 -2.414602041244507
467.65960693359375 406.25885009765625 -2.414602041244507
464.6708984375 403.600341796875 -2.414602041244507
461.68218994140625 400.94183349609375 -2.414602041244507
458.6934814453125 398.2833251953125 -2.414602041244507
455.70477294921875 395.62481689453125 -2.414602041244507
452.716064453125 392.96630859375 -2.414602041244507
449.72735595703125 390.30780029296875 -2.414602041244507
446.7386474609375 387.6492919921875 -2.414602041244507
443.74993896484375 384.99078369140625 -2.414602041244507
440.76123046875 382.332275390625 -2.414602041244507
437.77252197265625 379.67376708984375 -2.414602041244507
434.7838134765625 377.0152587890625 -2.414602041244507
431.79510498046875 374.35675048828125 -2.414602041244507
428.806396484375 371.6982421875 -2.414602041244507
425.81768798828125 369.03973388671875 -2.414602041244507
422.8289794921875 366.3812255859375 -2.414602041244507
422.8289794921875 366.3812255859375 -2.8146021366119385
419.0409240722656 365.096435546875 -2.8146021366119385
415.25286865234375 363.8116455078125 -2.8146021366119385
411.4648132324219 362.52685546875 -2.8146021366119385
407.6767578125 361.2420654296875 -2.8146021366119385
403.8887023925781 359.957275390625 -2.8146021366119385
400.10064697265625 358.6724853515625 -2.8146021366119385
396.3125915527344 357.3876953125 -2.8146021366119385
392.5245361328125 356.1029052734375 -2.8146021366119385
388.7364807128906 354.818115234375 -2.8146021366119385
384.94842529296875 353.5333251953125 -2.8146021366119385
381.1603698730469 352.24853515625 -2.8146021366119385
377.372314453125 350.9637451171875 -2.8146021366119385
373.5842590332031 349.678955078125 -2.8146021366119385
369.79620361328125 348.3941650390625 -2.8146021366119385
366.0081481933594 347.109375 -2.8146021366119385
362.2200927734375 345.8245849609375 -2.8146021366119385
358.4320373535156 344.539794921875 -2.8146021366119385
354.64398193359375 343.2550048828125 -2.8146021366119385
350.8559265136719 341.97021484375 -2.8146021366119385
347.06787109375 340.6854248046875 -2.8146021366119385
343.2798156738281 339.400634765625 -2.8146021366119385
339.49176025390625 338.1158447265625 -2.8146021366119385
335.7037048339844 336.8310546875 -2.8146021366119385
331.9156494140625 335.5462646484375 -2.8146021366119385
328.1275939941406 334.261474609375 -2.8146021366119385
324.33953857421875 332.9766845703125 -2.8146021366119385
320.5514831542969 331.69189453125 -2.8146021366119385
316.763427734375 330.4071044921875 -2.8146021366119385
312.9753723144531 329.122314453125 -2.8146021366119385
309.18731689453125 327.8375244140625 -2.8146021366119385
305.3992614746094 326.552734375 -2.8146021366119385
301.6112060546875 325.2679443359375 -2.8146021366119385
297.8231506347656 323.983154296875 -2.8146021366119385
294.03509521484375 322.6983642578125 -2.8146021366119385
290.2470397949219 321.41357421875 -2.8146021366119385
286.458984375 320.1287841796875 -2.8146021366119385
282.6709289550781 318.843994140625 -2.8146021366119385
282.6709289550781 318.843994140625 -2.414602041244507
279.6822204589844 316.18548583984375 -2.414602041244507
276.6935119628906 313.5269775390625 -2.414602041244507
273.7048034667969 310.86846923828125 -2.414602041244507
270.7160949707031 308.2099609375 -2.414602041244507
267.7273864746094 305.55145263671875 -2.414602041244507
264.7386779785156 302.8929443359375 -2.414602041244507
261.7499694824219 300.23443603515625 -2.414602041244507
258.7612609863281 297.575927734375 -2.414602041244507
255.77255249023438 294.91741943359375 -2.414602041244507
252.78384399414062 292.2589111328125 -2.414602041244507
249.79513549804688 289.60040283203125 -2.414602041244507
246.80642700195312 286.94189453125 -2.414602041244507
243.81771850585938 284.28338623046875 -2.414602041244507
240.82901000976562 281.6248779296875 -2.414602041244507
240.82901000976562 281.6248779296875 -2.014601945877075
240.82901000976562 281.6248779296875 -1.614601969718933
240.65383911132812 277.62872314453125 -1.614601969718933
240.47866821289062 273.632568359375 -1.614601969718933
240.30349731445312 269.63641357421875 -1.614601969718933
240.12832641601562 265.6402587890625 -1.614601969718933
239.95315551757812 261.64410400390625 -1.614601969718933
239.77798461914062 257.64794921875 -1.614601969718933
239.60281372070312 253.6517791748047 -1.614601969718933
239.42764282226562 249.65560913085938 -1.614601969718933
239.25247192382812 245.65943908691406 -1.614601969718933
239.07730102539062 241.66326904296875 -1.614601969718933
238.90213012695312 237.66709899902344 -1.614601969718933
238.72695922851562 233.67092895507812 -1.614601969718933
238.55178833007812 229.6747589111328 -1.614601969718933
238.37661743164062 225.6785888671875 -1.614601969718933
238.20144653320312 221.6824188232422 -1.614601969718933
238.02627563476562 217.68624877929688 -1.614601969718933
237.85110473632812 213.69007873535156 -1.614601969718933
237.67593383789062 209.69390869140625 -1.614601969718933
237.50076293945312 205.69773864746094 -1.614601969718933
237.32559204101562 201.70156860351562 -1.614601969718933
237.15042114257812 197.7053985595703 -1.614601969718933
236.97525024414062 193.709228515625 -1.614601969718933
236.80007934570312 189.7130584716797 -1.614601969718933
236.62490844726562 185.71688842773438 -1.614601969718933
236.62490844726562 185.71688842773438 -1.214601993560791
236.62490844726562 185.71688842773438 -0.8146020174026489
236.62490844726562 185.71688842773438 -0.41460201144218445
240.2860107421875 184.1055908203125 -0.41460201144218445
240.2860107421875 184.1055908203125 -0.01460200548171997
244.28558349609375 184.04718017578125 -0.01460200548171997
248.28515625 183.98876953125 -0.01460200548171997
252.28472900390625 183.93035888671875 -0.01460200548171997
256.2843017578125 183.8719482421875 -0.01460200548171997
260.28387451171875 183.81353759765625 -0.01460200548171997
264.283447265625 183.755126953125 -0.01460200548171997
268.28302001953125 183.69671630859375 -0.01460200548171997
272.2825927734375 183.6383056640625 -0.01460200548171997
276.28216552734375 183.57989501953125 -0.01460200548171997
280.28173828125 183.521484375 -0.01460200548171997
284.28131103515625 183.46307373046875 -0.01460200548171997
288.2808837890625 183.4046630859375 -0.01460200548171997
292.28045654296875 183.34625244140625 -0.01460200548171997
296.280029296875 183.287841796875 -0.01460200548171997
300.27960205078125 183.22943115234375 -0.01460200548171997
304.2791748046875 183.1710205078125 -0.01460200548171997
308.27874755859375 183.11260986328125 -0.01460200548171997
312.2783203125 183.05419921875 -0.01460200548171997
316.27789306640625 182.99578857421875 -0.01460200548171997
320.2774658203125 182.9373779296875 -0.01460200548171997
324.27703857421875 182.87896728515625 -0.01460200548171997
328.276611328125 182.820556640625 -0.01460200548171997
332.27618408203125 182.76214599609375 -0.01460200548171997
336.2757568359375 182.7037353515625 -0.01460200548171997
340.27532958984375 182.64532470703125 -0.01460200548171997
344.27490234375 182.5869140625 -0.01460200548171997
348.27447509765625 182.52850341796875 -0.01460200548171997
352.2740478515625 182.4700927734375 -0.01460200548171997
356.27362060546875 182.41168212890625 -0.01460200548171997
360.273193359375 182.353271484375 -0.01460200548171997
364.27276611328125 182.29486083984375 -0.01460200548171997
368.2723388671875 182.2364501953125 -0.01460200548171997
372.27191162109375 182.17803955078125 -0.01460200548171997
376.271484375 182.11962890625 -0.01460200548171997
380.27105712890625 182.06121826171875 -0.01460200548171997
384.2706298828125 182.0028076171875 -0.01460200548171997
388.27020263671875 181.94439697265625 -0.01460200548171997
392.269775390625 181.885986328125 -0.01460200548171997
396.26934814453125 181.82757568359375 -0.01460200548171997
400.2689208984375 181.7691650390625 -0.01460200548171997
404.26849365234375 181.71075439453125 -0.01460200548171997
408.26806640625 181.65234375 -0.01460200548171997
412.26763916015625 181.59393310546875 -0.01460200548171997
416.2672119140625 181.5355224609375 -0.01460200548171997
420.26678466796875 181.47711181640625 -0.01460200548171997
424.266357421875 181.418701171875 -0.01460200548171997
428.26593017578125 181.36029052734375 -0.01460200548171997
432.2655029296875 181.3018798828125 -0.01460200548171997
436.26507568359375 181.24346923828125 -0.01460200548171997
440.2646484375 181.18505859375 -0.01460200548171997
444.26422119140625 181.12664794921875 -0.01460200548171997
448.2637939453125 181.0682373046875 -0.01460200548171997
452.26336669921875 181.00982666015625 -0.01460200548171997
456.262939453125 180.951416015625 -0.01460200548171997
460.26251220703125 180.89300537109375 -0.01460200548171997
464.2620849609375 180.8345947265625 -0.01460200548171997
468.26165771484375 180.77618408203125 -0.01460200548171997
472.26123046875 180.7177734375 -0.01460200548171997
476.26080322265625 180.65936279296875 -0.01460200548171997
480.2603759765625 180.6009521484375 -0.01460200548171997
484.25994873046875 180.54254150390625 -0.01460200548171997
488.259521484375 180.484130859375 -0.01460200548171997
492.25909423828125 180.42572021484375 -0.01460200548171997
496.2586669921875 180.3673095703125 -0.01460200548171997
500.25823974609375 180.30889892578125 -0.01460200548171997
504.2578125 180.25048828125 -0.01460200548171997
508.25738525390625 180.19207763671875 -0.01460200548171997
512.2569580078125 180.1336669921875 -0.01460200548171997
516.2565307617188 180.07525634765625 -0.01460200548171997
520.256103515625 180.016845703125 -0.01460200548171997
524.2556762695312 179.95843505859375 -0.01460200548171997
524.2556762695312 179.95843505859375 -0.41460201144218445
524.2556762695312 179.95843505859375 -0.8146020174026489
527.0003051757812 177.0486297607422 -0.8146020174026489
529.7449340820312 174.13882446289062 -0.8146020174026489
532.4895629882812 171.22901916503906 -0.8146020174026489
535.2341918945312 168.3192138671875 -0.8146020174026489
535.2341918945312 168.3192138671875 -1.214601993560791
536.6290283203125 164.57029724121094 -1.214601993560791
538.0238647460938 160.82138061523438 -1.214601993560791
539.418701171875 157.0724639892578 -1.214601993560791
540.8135375976562 153.32354736328125 -1.214601993560791
542.2083740234375 149.5746307373047 -1.214601993560791
543.6032104492188 145.82571411132812 -1.214601993560791
544.998046875 142.07679748535156 -1.214601993560791
546.3928833007812 138.327880859375 -1.214601993560791
547.7877197265625 134.57896423339844 -1.214601993560791
549.1825561523438 130.83004760742188 -1.214601993560791
550.577392578125 127.08112335205078 -1.214601993560791
551.9722290039062 123.33219909667969 -1.214601993560791
553.3670654296875 119.5832748413086 -1.214601993560791
554.7619018554688 115.8343505859375 -1.214601993560791
556.15673828125 112.0854263305664 -1.214601993560791
557.5515747070312 108.33650207519531 -1.214601993560791
558.9464111328125 104.58757781982422 -1.214601993560791
560.3412475585938 100.83865356445312 -1.214601993560791
561.736083984375 97.08972930908203 -1.214601993560791
563.1309204101562 93.34080505371094 -1.214601993560791
564.5257568359375 89.59188079833984 -1.214601993560791
564.5257568359375 89.59188079833984 -1.614601969718933
564.5257568359375 89.59188079833984 -2.014601945877075
562.8082275390625 85.97938537597656 -2.014601945877075
561.0906982421875 82.36688995361328 -2.014601945877075
559.3731689453125 78.75439453125 -2.014601945877075
557.6556396484375 75.14189910888672 -2.014601945877075
557.6556396484375 75.14189910888672 -2.414602041244507
554.6669311523438 72.48340606689453 -2.414602041244507
551.67822265625 69.82491302490234 -2.414602041244507
548.6895141601562 67.16641998291016 -2.414602041244507
545.7008056640625 64.50792694091797 -2.414602041244507
542.7120971679688 61.849430084228516 -2.414602041244507
542.7120971679688 61.849430084228516 -2.8146021366119385
538.924072265625 60.56465148925781 -2.8146021366119385
535.1360473632812 59.27987289428711 -2.8146021366119385
531.3480224609375 57.995094299316406 -2.8146021366119385
527.5599975585938 56.7103157043457 -2.8146021366119385
523.77197265625 55.425537109375 -2.8146021366119385
519.9839477539062 54.1407585144043 -2.8146021366119385
516.1959228515625 52.855979919433594 -2.8146021366119385
512.4078979492188 51.57120132446289 -2.8146021366119385
508.6198425292969 50.28642272949219 -2.8146021366119385
504.831787109375 49.001644134521484 -2.8146021366119385
501.0437316894531 47.71686553955078 -2.8146021366119385
497.25567626953125 46.43208694458008 -2.8146021366119385
493.4676208496094 45.147308349609375 -2.8146021366119385
489.6795654296875 43.86252975463867 -2.8146021366119385
485.8915100097656 42.57775115966797 -2.8146021366119385
482.10345458984375 41.292972564697266 -2.8146021366119385
478.3153991699219 40.00819396972656 -2.8146021366119385
474.52734375 38.72341537475586 -2.8146021366119385
470.7392883300781 37.438636779785156 -2.8146021366119385
466.95123291015625 36.15385818481445 -2.8146021366119385
463.1631774902344 34.86907958984375 -2.8146021366119385
459.3751220703125 33.58430099487305 -2.8146021366119385
455.5870666503906 32.299522399902344 -2.8146021366119385
451.79901123046875 31.01474380493164 -2.8146021366119385
448.0109558105469 29.729965209960938 -2.8146021366119385
448.0109558105469 29.729965209960938 3.0685830116271973
444.0216064453125 30.021743774414062 3.0685830116271973
440.0322570800781 30.313522338867188 3.0685830116271973
436.04290771484375 30.605300903320312 3.0685830116271973
432.0535583496094 30.897079467773438 3.0685830116271973
428.064208984375 31.188858032226562 3.0685830116271973
424.0748596191406 31.480636596679688 3.0685830116271973
420.08551025390625 31.772415161132812 3.0685830116271973
416.0961608886719 32.06419372558594 3.0685830116271973
412.1068115234375 32.35597229003906 3.0685830116271973
408.1174621582031 32.64775085449219 3.0685830116271973
404.12811279296875 32.93952941894531 3.0685830116271973
400.1387634277344 33.23130798339844 3.0685830116271973
396.1494140625 33.52308654785156 3.0685830116271973
392.1600646972656 33.81486511230469 3.0685830116271973
388.17071533203125 34.10664367675781 3.0685830116271973
384.1813659667969 34.39842224121094 3.0685830116271973
380.1920166015625 34.69020080566406 3.0685830116271973
376.2026672363281 34.98197937011719 3.0685830116271973
372.21331787109375 35.27375793457031 3.0685830116271973
368.2239685058594 35.56553649902344 3.0685830116271973
364.234619140625 35.85731506347656 3.0685830116271973
360.2452697753906 36.14909362792969 3.0685830116271973
356.25592041015625 36.44087219238281 3.0685830116271973
352.2665710449219 36.73265075683594 3.0685830116271973
348.2772216796875 37.02442932128906 3.0685830116271973
344.2878723144531 37.31620788574219 3.0685830116271973
340.29852294921875 37.60798645019531 3.0685830116271973
336.3091735839844 37.89976501464844 3.0685830116271973
332.31982421875 38.19154357910156 3.0685830116271973
328.3304748535156 38.48332214355469 3.0685830116271973
324.34112548828125 38.77510070800781 3.0685830116271973
320.3517761230469 39.06687927246094 3.0685830116271973
316.3624267578125 39.35865783691406 3.0685830116271973
312.3730773925781 39.65043640136719 3.0685830116271973
308.38372802734375 39.94221496582031 3.0685830116271973
304.3943786621094 40.23399353027344 3.0685830116271973
300.405029296875 40.52577209472656 3.0685830116271973
296.4156799316406 40.81755065917969 3.0685830116271973
292.42633056640625 41.10932922363281 3.0685830116271973
288.4369812011719 41.40110778808594 3.0685830116271973
284.4476318359375 41.69288635253906 3.0685830116271973
280.4582824707031 41.98466491699219 3.0685830116271973
276.46893310546875 42.27644348144531 3.0685830116271973
272.4795837402344 42.56822204589844 3.0685830116271973
268.490234375 42.86000061035156 3.0685830116271973
264.5008850097656 43.15177917480469 3.0685830116271973
260.51153564453125 43.44355773925781 3.0685830116271973
256.5221862792969 43.73533630371094 3.0685830116271973
252.5328369140625 44.02711486816406 3.0685830116271973
248.54348754882812 44.31889343261719 3.0685830116271973
244.55413818359375 44.61067199707031 3.0685830116271973
240.56478881835938 44.90245056152344 3.0685830116271973
236.575439453125 45.19422912597656 3.0685830116271973
232.58609008789062 45.48600769042969 3.0685830116271973
228.59674072265625 45.77778625488281 3.0685830116271973
224.60739135742188 46.06956481933594 3.0685830116271973
220.6180419921875 46.36134338378906 3.0685830116271973
216.62869262695312 46.65312194824219 3.0685830116271973
212.63934326171875 46.94490051269531 3.0685830116271973
208.64999389648438 47.23667907714844 3.0685830116271973
204.66064453125 47.52845764160156 3.0685830116271973
200.67129516601562 47.82023620605469 3.0685830116271973
196.68194580078125 48.11201477050781 3.0685830116271973
192.69259643554688 48.40379333496094 3.0685830116271973
188.7032470703125 48.69557189941406 3.0685830116271973
184.71389770507812 48.98735046386719 3.0685830116271973
180.72454833984375 49.27912902832031 3.0685830116271973
176.73519897460938 49.57090759277344 3.0685830116271973
172.745849609375 49.86268615722656 3.0685830116271973
168.75650024414062 50.15446472167969 3.0685830116271973
164.76715087890625 50.44624328613281 3.0685830116271973
160.77780151367188 50.73802185058594 3.0685830116271973
156.7884521484375 51.02980041503906 3.0685830116271973
152.79910278320312 51.32157897949219 3.0685830116271973
148.80975341796875 51.61335754394531 3.0685830116271973
144.82040405273438 51.90513610839844 3.0685830116271973
140.8310546875 52.19691467285156 3.0685830116271973
136.84170532226562 52.48869323730469 3.0685830116271973
132.85235595703125 52.78047180175781 3.0685830116271973
128.86300659179688 53.07225036621094 3.0685830116271973
124.87366485595703 53.36402893066406 3.0685830116271973
120.88432312011719 53.65580749511719 3.0685830116271973
116.89498138427734 53.94758605957031 3.0685830116271973
112.9056396484375 54.23936462402344 3.0685830116271973
108.91629791259766 54.53114318847656 3.0685830116271973
104.92695617675781 54.82292175292969 3.0685830116271973
100.93761444091797 55.11470031738281 3.0685830116271973
96.94827270507812 55.40647888183594 3.0685830116271973
92.95893096923828 55.69825744628906 3.0685830116271973
88.96958923339844 55.99003601074219 3.0685830116271973
84.9802474975586 56.28181457519531 3.0685830116271973
80.99090576171875 56.57359313964844 3.0685830116271973
77.0015640258789 56.86537170410156 3.0685830116271973
73.01222229003906 57.15715026855469 3.0685830116271973
69.02288055419922 57.44892883300781 3.0685830116271973
69.02288055419922 57.44892883300781 2.6685829162597656
65.46207427978516 59.27119827270508 2.6685829162597656
61.901268005371094 61.093467712402344 2.6685829162597656
58.34046173095703 62.91573715209961 2.6685829162597656
54.77965545654297 64.73800659179688 2.6685829162597656
51.218849182128906 66.5602798461914 2.6685829162597656
47.658042907714844 68.38255310058594 2.6685829162597656
47.658042907714844 68.38255310058594 2.268582820892334
45.08795166015625 71.44761657714844 2.268582820892334
42.517860412597656 74.51268005371094 2.268582820892334
39.94776916503906 77.57774353027344 2.268582820892334
37.37767791748047 80.64280700683594 2.268582820892334
34.807586669921875 83.70787048339844 2.268582820892334
32.23749542236328 86.77293395996094 2.268582820892334
29.667402267456055 89.83799743652344 2.268582820892334
27.097309112548828 92.90306091308594 2.268582820892334
24.5272159576416 95.96812438964844 2.268582820892334
21.957122802734375 99.03318786621094 2.268582820892334
19.38702964782715 102.09825134277344 2.268582820892334
19.38702964782715 102.09825134277344 1.868582844734192
18.213409423828125 105.92220306396484 1.868582844734192
17.0397891998291 109.74615478515625 1.868582844734192
17.0397891998291 109.74615478515625 1.868582844734192
17.0397891998291 109.74615478515625 1.868582844734192
17.0397891998291 109.74615478515625 1.868582844734192
17.0397891998291 109.74615478515625 1.868582844734192
17.0397891998291 109.74615478515625 1.868582844734192
17.0397891998291 109.74615478515625 1.868582844734192
17.0397891998291 109.74615478515625 1.868582844734192
17.0397891998291 109.74615478515625 1.868582844734192
17.0397891998291 109.74615478515625 1.868582844734192
17.0397891998291 109.74615478515625 1.868582844734192
