62.828426361083984 452.82843017578125 0.7853981852531433
65.65685272216797 455.6568603515625 0.7853981852531433
68.48528289794922 458.48529052734375 0.7853981852531433
71.31371307373047 461.313720703125 0.7853981852531433
74.14214324951172 464.14215087890625 0.7853981852531433
76.97057342529297 466.9705810546875 0.7853981852531433
79.79900360107422 469.79901123046875 0.7853981852531433
82.62743377685547 472.62744140625 0.7853981852531433
85.45586395263672 475.45587158203125 0.7853981852531433
88.28429412841797 478.2843017578125 0.7853981852531433
91.11272430419922 481.11273193359375 0.7853981852531433
93.94115447998047 483.941162109375 0.7853981852531433
96.76958465576172 486.76959228515625 0.7853981852531433
99.59801483154297 489.5980224609375 0.7853981852531433
102.42644500732422 492.42645263671875 0.7853981852531433
105.25487518310547 495.2548828125 0.7853981852531433
108.08330535888672 498.08331298828125 0.7853981852531433
110.91173553466797 500.9117431640625 0.7853981852531433
113.74016571044922 503.74017333984375 0.7853981852531433
116.56859588623047 506.568603515625 0.7853981852531433
119.39702606201172 509.39703369140625 0.7853981852531433
122.22545623779297 512.2254638671875 0.7853981852531433
125.05388641357422 515.0538940429688 0.7853981852531433
127.88231658935547 517.88232421875 0.7853981852531433
130.7107391357422 520.7107543945312 0.7853981852531433
133.53916931152344 523.5391845703125 0.7853981852531433
136.3675994873047 526.3676147460938 0.7853981852531433
139.19602966308594 529.196044921875 0.7853981852531433
142.0244598388672 532.0244750976562 0.7853981852531433
142.0244598388672 532.0244750976562 1.1853982210159302
142.0244598388672 532.0244750976562 1.5853981971740723
142.0244598388672 532.0244750976562 1.9853981733322144
142.0244598388672 532.0244750976562 2.3853981494903564
142.0244598388672 532.0244750976562 2.785398244857788
142.0244598388672 532.0244750976562 -3.0977869033813477
140.5233917236328 532.1458740234375 2.936384439468384
140.5233917236328 532.1458740234375 -2.946800708770752
136.5990447998047 531.3716430664062 -2.946800708770752
132.67469787597656 530.597412109375 -2.946800708770752
128.75035095214844 529.8231811523438 -2.946800708770752
124.82599639892578 529.0489501953125 -2.946800708770752
120.90164184570312 528.2747192382812 -2.946800708770752
116.97728729248047 527.50048828125 -2.946800708770752
113.05293273925781 526.7262573242188 -2.946800708770752
109.12857818603516 525.9520263671875 -2.946800708770752
105.2042236328125 525.1777954101562 -2.946800708770752
101.27986907958984 524.403564453125 -2.946800708770752
97.35551452636719 523.6293334960938 -2.946800708770752
95.853271484375 523.5235595703125 3.0873706340789795
94.37129974365234 523.791259765625 2.8383567333221436
94.37129974365234 523.791259765625 -3.044828414916992
92.86591339111328 523.8330078125 2.9893429279327393
92.86591339111328 523.8330078125 -2.8938422203063965
91.37137603759766 523.6478881835938 3.140329122543335
89.87731170654297 523.8367919921875 2.891315221786499
89.87731170654297 523.8367919921875 -2.9918699264526367
88.371826171875 523.798828125 3.0423014163970947
88.371826171875 523.798828125 -2.840883731842041
86.8891830444336 523.5348510742188 -3.089897632598877
85.38720703125 523.6444091796875 2.9442737102508545
85.38720703125 523.6444091796875 -2.9389114379882812
83.88582611083984 523.5267944335938 3.095261335372925
83.88582611083984 523.5267944335938 -2.787923812866211
83.88582611083984 523.5267944335938 -2.3879237174987793
82.66822052001953 522.6405639648438 -2.6369376182556152
82.66822052001953 522.6405639648438 -2.2369375228881836
81.59777069091797 521.581298828125 -2.4859514236450195
81.59777069091797 521.581298828125 -2.085951328277588
80.69882202148438 520.373046875 -2.334965229034424
80.69882202148438 520.373046875 -1.9349652528762817
79.99183654785156 519.0433349609375 -2.1839792728424072
79.99183654785156 519.0433349609375 -1.7839792966842651
79.4928970336914 517.6224365234375 -2.0329933166503906
78.65916442871094 516.3682861328125 -2.2820072174072266
78.65916442871094 516.3682861328125 -1.8820072412490845
78.0235595703125 515.0030517578125 -2.13102126121521
78.0235595703125 515.0030517578125 -1.7310212850570679
77.60053253173828 513.5577392578125 -1.9800351858139038
76.8264389038086 512.2451782226562 -2.227264165878296
76.8264389038086 512.2451782226562 -1.8272641897201538
76.26648712158203 510.8471984863281 -2.0762782096862793
76.26648712158203 510.8471984863281 -1.6762782335281372
75.92317199707031 509.380859375 -1.9252907037734985
75.2290267944336 508.04425048828125 -2.1742897033691406
75.2290267944336 508.04425048828125 -1.7742897272109985
74.74388122558594 506.6185607910156 -2.023303747177124
74.74388122558594 506.6185607910156 -1.623303771018982
74.47869110107422 505.1361389160156 -1.8723176717758179
73.75343322753906 503.4696044921875 -2.0902059078216553
73.75343322753906 503.4696044921875 -1.6902059316635132
73.38973236083984 502.0082092285156 -1.9392198324203491
73.38973236083984 502.0082092285156 -1.539219856262207
73.5160140991211 498.01019287109375 -1.539219856262207
73.64229583740234 494.0121765136719 -1.539219856262207
73.7685775756836 490.01416015625 -1.539219856262207
73.89485931396484 486.0161437988281 -1.539219856262207
74.0211410522461 482.01812744140625 -1.539219856262207
74.14742279052734 478.0201110839844 -1.539219856262207
74.2737045288086 474.0220947265625 -1.539219856262207
74.39998626708984 470.0240783691406 -1.539219856262207
74.5262680053711 466.02606201171875 -1.539219856262207
74.65254974365234 462.0280456542969 -1.539219856262207
74.7788314819336 458.030029296875 -1.539219856262207
74.90511322021484 454.0320129394531 -1.539219856262207
75.0313949584961 450.03399658203125 -1.539219856262207
75.15767669677734 446.0359802246094 -1.539219856262207
75.2839584350586 442.0379638671875 -1.539219856262207
75.41024017333984 438.0399475097656 -1.539219856262207
75.5365219116211 434.04193115234375 -1.539219856262207
75.66280364990234 430.0439147949219 -1.539219856262207
75.7890853881836 426.0458984375 -1.539219856262207
75.91536712646484 422.0478820800781 -1.539219856262207
76.0416488647461 418.04986572265625 -1.539219856262207
76.16793060302734 414.0518493652344 -1.539219856262207
76.02818298339844 412.5523986816406 -1.788233757019043
75.52320098876953 411.1336364746094 -2.037247657775879
73.72431945800781 407.5609436035156 -2.037247657775879
71.9254379272461 403.9882507324219 -2.037247657775879
70.12655639648438 400.4155578613281 -2.037247657775879
68.32767486572266 396.8428649902344 -2.037247657775879
66.52879333496094 393.2701721191406 -2.037247657775879
64.72991180419922 389.6974792480469 -2.037247657775879
62.931034088134766 386.1247863769531 -2.037247657775879
61.13215637207031 382.5520935058594 -2.037247657775879
59.33327865600586 378.9794006347656 -2.037247657775879
57.534400939941406 375.4067077636719 -2.037247657775879
55.73552322387695 371.8340148925781 -2.037247657775879
53.9366455078125 368.2613220214844 -2.037247657775879
52.13776779174805 364.6886291503906 -2.037247657775879
50.338890075683594 361.1159362792969 -2.037247657775879
48.54001235961914 357.5432434082031 -2.037247657775879
46.74113464355469 353.9705505371094 -2.037247657775879
44.942256927490234 350.3978576660156 -2.037247657775879
43.14337921142578 346.8251647949219 -2.037247657775879
41.34450149536133 343.2524719238281 -2.037247657775879
39.545623779296875 339.6797790527344 -2.037247657775879
37.74674606323242 336.1070861816406 -2.037247657775879
35.94786834716797 332.5343933105469 -2.037247657775879
34.148990631103516 328.9617004394531 -2.037247657775879
32.35011291503906 325.3890075683594 -2.037247657775879
30.55123519897461 321.8163146972656 -2.037247657775879
28.752357482910156 318.2436218261719 -2.037247657775879
28.752357482910156 318.2436218261719 -1.6372476816177368
28.48674774169922 314.25244140625 -1.6372476816177368
28.22113800048828 310.2612609863281 -1.6372476816177368
27.955528259277344 306.27008056640625 -1.6372476816177368
27.689918518066406 302.2789001464844 -1.6372476816177368
27.42430877685547 298.2877197265625 -1.6372476816177368
27.15869903564453 294.2965393066406 -1.6372476816177368
26.893089294433594 290.30535888671875 -1.6372476816177368
26.627479553222656 286.3141784667969 -1.6372476816177368
26.36186981201172 282.322998046875 -1.6372476816177368
26.09626007080078 278.3318176269531 -1.6372476816177368
25.830650329589844 274.34063720703125 -1.6372476816177368
25.830650329589844 274.34063720703125 -1.2372477054595947
25.830650329589844 274.34063720703125 -0.8372477293014526
25.830650329589844 274.34063720703125 -0.8372477293014526
25.830650329589844 274.34063720703125 -0.8372477293014526
25.830650329589844 274.34063720703125 -0.8372477293014526
25.830650329589844 274.34063720703125 -0.8372477293014526
25.830650329589844 274.34063720703125 -0.8372477293014526
25.830650329589844 274.34063720703125 -0.8372477293014526
25.830650329589844 274.34063720703125 -0.8372477293014526
25.830650329589844 274.34063720703125 -0.8372477293014526
