-390.0
-390.0
-390.0
-393.6643999046978
-397.3352733262243
-401.012442488632
-404.6957357778126
-408.3849874901934
-412.0800375928921
-415.78073149477103
-419.4869198278631
-423.19845823866467
-426.9152071888177
-430.6370317647254
-434.3638014956687
-438.0953901800131
-441.83167571911446
-445.57253995855393
-449.3178685363483
-453.06758119955333
-456.82154026870046
-460.5796419126765
-460.5796419126765
-460.5796419126765
-460.5796419126765
-460.5796419126765
-460.5796419126765
-460.5796419126765
-460.5796419126765
-456.57975196389464
-452.57983306728374
-448.57991571311624
-444.57999994302446
-440.5800858001527
-436.5801733292264
-432.5802625766251
-428.58035359045994
-424.58044642065477
-420.5805411190329
-416.58063773940773
-412.58073633767964
-408.58083697193797
-404.5809397025692
-400.58104459237165
-396.58115170667713
-392.58126111348014
-388.58137288357455
-384.5814870906995
-380.5816038116941
-376.58172312666187
-372.5818451191463
-368.5819698763171
-364.58209748916954
-360.5822280527362
-356.5823616663136
-352.58249843370425
-348.58263846347484
-344.5827818692328
-340.5829287699225
-336.58307929014205
-332.5832335604835
-328.58339171789765
-324.5835539060855
-320.5837202759199
-316.58389098589794
-312.58406620262923
-308.5842461013615
-304.5844308665476
-300.58462069245815
-296.58481578384334
-292.58501635664936
-288.5852226387942
-284.58543487100883
-280.5856533077504
-276.585878218195
-276.585878218195
-276.585878218195
-276.585878218195
-276.585878218195
-276.585878218195
-278.31321902962105
-280.08703613160674
-281.90645220853787
-283.7705901781927
-285.6785745708163
-287.6295328247877
-289.62259649871294
-291.65690254233294
-293.73159400629095
-295.8458212537777
-297.9987427962152
-300.18952610290137
-302.4173483360391
-304.68139701379033
-306.98087060418874
-309.31497905289586
-311.6829442478978
-311.6829442478978
-315.1364628944838
-318.60276623061645
-322.0814414825876
-325.57209207600755
-329.0743369263873
-332.5878097613933
-336.1121584735761
-339.6470445023746
-339.6470445023746
-343.6330201948594
-347.6193182158854
-351.6059276023474
-355.59283788193915
-359.5800390460359
-363.567521524352
-367.55527616124
-371.543294193509
-375.53156722965
-379.52008723036477
-381.13985551196083
-381.13985551196083
-381.13985551196083
-381.13985551196083
-381.13985551196083
-381.13985551196083
-381.13985551196083
-381.13985551196083
-381.13985551196083
-377.2375555330581
-373.3373234764133
-369.43922483624186
-365.54332786383986
-361.6497037120789
-357.75842658894067
-353.86957392074646
-349.983226525791
-346.0994687991472
-342.2183889094752
-338.3400790087365
-334.46463545579155
-330.5921590549438
-326.72275531058324
-322.8565346991841
-318.99361296002144
-315.13411140609117
-311.2781572568523
-307.42588399455394
-303.577431746071
-299.73294769234855
-295.89258650774633
-292.05651083179157
-288.22489177607974
-284.39790946932374
-280.57575364383615
-276.7586242670459
-272.9467322219949
-269.14030004114795
-265.33956269827
-261.54476846359483
-257.7561798280265
-253.97407450268756
-250.19874650076028
-246.43050730926757
-242.6696871592134
-238.91663640335778
-235.17172701184614
-231.43535419695615
-227.7079381793772
-223.98992610970666
-220.28179416024574
-216.58404980371515
-212.89723429719723
-209.22192539145956
-205.5587402878299
-201.90833886698633
-198.2714272164003
-194.64876148572617
-191.04115210216398
-187.44946838071704
-183.87464356729828
-180.3176803557676
-176.77965692314493
-173.26173353034744
-169.76515973872162
-166.29128229520174
-162.8415537408911
-162.8415537408911
-160.5048397178316
-158.23474781095862
-156.0341858395144
-153.90613626575822
-151.8536476471992
-149.8798242630305
-147.98781379669634
-146.18079298384586
-146.18079298384586
-146.18079298384586
-146.18079298384586
-146.18079298384586
-146.18079298384586
-146.18079298384586
-146.18079298384586
-149.07122304505728
-152.01195589936657
-155.00012847088632
-158.03304973666138
-161.1081924843906
-164.22318489039043
-167.37580207108132
-170.56395772780007
-173.78569597651668
-177.03918343053982
-180.32270158496658
-183.63463953592208
-186.9734870550199
-190.3378280294747
-193.7263342704874
-197.1377596865245
-200.5709348136008
-204.0247616913693
-207.49820907149274
-210.99030794321413
-214.50016135401384
-218.02689864442505
-218.02689864442505
-220.57555154693216
-220.57555154693216
-220.57555154693216
-220.20349207095924
-220.20349207095924
-218.37049619281626
-216.59586652769585
-214.88105155873828
-213.22749171240716
-211.6366227896533
-210.10986880802426
-210.10986880802426
-207.30809578875918
-204.54617120132943
-201.82573099387463
-199.14847524855958
-196.51616895555057
-193.93064247981255
-191.3937916674031
-188.9075775334165
-186.47402546946927
-184.095223904801
-181.77332235192102
-179.510528765524
-177.30910614242765
-175.17136829088645
-173.09967470016264
-173.09967470016264
-169.89892424095356
-166.73269500647783
-163.60299128980427
-160.51194965727348
-157.46184698378576
-154.4551086149951
-151.49431655330656
-148.5822175349247
-145.7217308303626
-142.91595556044933
-140.16817727385467
-137.48187348065883
-134.86071737976454
-132.30858127485607
-129.8295355306075
-127.42784602891545
-127.42784602891545
-124.01249711473459
-120.63309269423114
-117.29273967555581
-113.9948710403248
-110.74328233207962
-107.54217151957155
-104.39618213271515
-102.95065778016269
-102.95065778016269
-102.95065778016269
-102.95065778016269
-102.95065778016269
-101.35231705167004
-99.88867011696571
-99.88867011696571
-99.88867011696571
-99.88867011696571
-99.88867011696571
-99.88867011696571
-99.88867011696571
-99.88867011696571
-99.88867011696571
-99.88867011696571
-99.88867011696571
