61.46611785888672 451.1851806640625 0.5742743015289307
63.148048400878906 452.0368347167969 0.3631504476070404
64.97110748291016 452.51708984375 0.15202659368515015
66.85433197021484 452.6046447753906 -0.05909726023674011
68.7140884399414 452.2956237792969 -0.27022111415863037
70.46778869628906 451.6037292480469 -0.48134496808052063
72.03755950927734 450.5596923828125 -0.6924688220024109
73.35369110107422 449.2098693847656 -0.9035927057266235
74.35773468017578 447.6142272949219 -1.1147165298461914
75.0051040649414 445.8435974121094 -1.3258403539657593
75.26704406738281 443.97662353515625 -1.5369641780853271
75.13192749023438 442.0962219238281 -1.748088002204895
75.13192749023438 442.0962219238281 -1.348088026046753
75.3522720336914 440.223876953125 -1.5592118501663208
75.17536163330078 438.3469543457031 -1.7703356742858887
75.17536163330078 438.3469543457031 -1.3703356981277466
75.35400390625 436.4701843261719 -1.5814595222473145
75.13538360595703 434.59765625 -1.7925833463668823
75.13538360595703 434.59765625 -1.3925833702087402
75.27224731445312 432.7172546386719 -1.603694200515747
75.01204681396484 430.85003662109375 -1.814818024635315
75.01204681396484 430.85003662109375 -1.4148180484771729
75.01204681396484 430.85003662109375 -1.0148180723190308
75.83277130126953 429.1528015136719 -1.2259418964385986
75.83277130126953 429.1528015136719 -0.8259419202804565
76.95756530761719 427.6398620605469 -1.0370657444000244
77.7403335571289 425.9248046875 -1.2481895685195923
77.7403335571289 425.9248046875 -0.8481895923614502
78.83119201660156 424.38720703125 -1.059313416481018
79.57561492919922 422.6551513671875 -1.270437240600586
79.57561492919922 422.6551513671875 -0.8704372644424438
80.63200378417969 421.0936584472656 -1.0815610885620117
81.33770751953125 419.345458984375 -1.2926849126815796
81.33770751953125 419.345458984375 -0.8926849365234375
82.35909271240234 417.7608642578125 -1.1038087606430054
83.0257339477539 415.9974060058594 -1.3149325847625732
83.0257339477539 415.9974060058594 -0.9149326086044312
84.0116195678711 414.3904724121094 -1.126056432723999
84.63887023925781 412.61260986328125 -1.337180256843567
84.63887023925781 412.61260986328125 -0.9371802806854248
85.58876037597656 410.9841613769531 -1.1483041048049927
86.17630004882812 409.19281005859375 -1.3594279289245605
86.17630004882812 409.19281005859375 -0.9594279527664185
87.08972930908203 407.5436096191406 -1.1705517768859863
87.63727569580078 405.7396240234375 -1.3816756010055542
87.63727569580078 405.7396240234375 -0.9816756248474121
88.5137939453125 404.0705261230469 -1.19279944896698
89.02107238769531 402.2547912597656 -1.4039232730865479
89.02107238769531 402.2547912597656 -1.0039232969284058
89.86024475097656 400.56658935546875 -1.2150471210479736
90.3270034790039 398.7400207519531 -1.4261709451675415
89.75051879882812 402.6982727050781 -1.4261709451675415
89.17403411865234 406.6565246582031 -1.4261709451675415
88.59754943847656 410.6147766113281 -1.4261709451675415
88.02106475830078 414.5730285644531 -1.4261709451675415
88.02106475830078 414.5730285644531 -1.0261709690093994
88.82247161865234 412.8665771484375 -1.2372947931289673
89.24848175048828 411.03009033203125 -1.4484186172485352
89.24848175048828 411.03009033203125 -1.048418641090393
90.01172637939453 409.3062438964844 -1.259542465209961
90.39678192138672 407.4607238769531 -1.4706662893295288
89.99693298339844 411.440673828125 -1.4706662893295288
89.99693298339844 411.440673828125 -1.0706663131713867
90.72164154052734 409.7002868652344 -1.2817901372909546
91.06554412841797 407.8466491699219 -1.4929139614105225
90.75432586669922 411.83453369140625 -1.4929139614105225
90.75432586669922 411.83453369140625 -1.0929139852523804
91.44013977050781 410.07843017578125 -1.3040378093719482
91.44013977050781 410.07843017578125 -0.9040378332138062
92.44347381591797 408.4823303222656 -1.115161657333374
93.09004974365234 406.71142578125 -1.326285481452942
93.09004974365234 406.71142578125 -0.9262855052947998
94.05762481689453 405.0934143066406 -1.1374093294143677
94.6646499633789 403.3085632324219 -1.3485331535339355
94.6646499633789 403.3085632324219 -0.9485331773757935
95.59599304199219 401.66943359375 -1.1596570014953613
96.16316223144531 399.87152099609375 -1.3707808256149292
96.16316223144531 399.87152099609375 -0.9707808494567871
97.05781555175781 398.2120666503906 -1.181904673576355
97.58484649658203 396.4019775390625 -1.3930284976959229
97.58484649658203 396.4019775390625 -0.9930285215377808
98.4423599243164 394.7230224609375 -1.2041523456573486
98.92899322509766 392.9016418457031 -1.4152761697769165
98.92899322509766 392.9016418457031 -1.0152761936187744
99.74894714355469 391.20404052734375 -1.2264000177383423
100.19493865966797 389.372314453125 -1.4375238418579102
100.19493865966797 389.372314453125 -1.037523865699768
100.19493865966797 389.372314453125 -0.637523889541626
100.19493865966797 389.372314453125 -0.2375238835811615
101.97032165527344 388.7381286621094 -0.44864773750305176
103.5733871459961 387.7459716796875 -0.6597715616226196
104.93294525146484 386.4399108886719 -0.8708953857421875
104.93294525146484 386.4399108886719 -0.470895379781723
106.51354217529297 385.412353515625 -0.6820192337036133
107.84370422363281 384.07635498046875 -0.8931430578231812
107.84370422363281 384.07635498046875 -0.4931430518627167
109.40104675292969 383.0138854980469 -0.7042669057846069
110.70116424560547 381.6486511230469 -0.9153907299041748
110.70116424560547 381.6486511230469 -0.5153907537460327
112.23448944091797 380.5517883300781 -0.7265145778656006
113.50391387939453 379.157958984375 -0.9376384019851685
113.50391387939453 379.157958984375 -0.5376384258270264
115.01190185546875 378.027587890625 -0.7488270998001099
116.24990844726562 376.60577392578125 -0.9599509239196777
117.1624755859375 374.95611572265625 -1.1710747480392456
117.1624755859375 374.95611572265625 -0.7710747718811035
118.36854553222656 373.5071105957031 -0.9821985960006714
119.24418640136719 371.8375549316406 -1.1933224201202393
119.24418640136719 371.8375549316406 -0.7933224439620972
120.417724609375 370.3620910644531 -1.004446268081665
121.25601196289062 368.6734619140625 -1.215570092201233
121.25601196289062 368.6734619140625 -0.8155701160430908
122.39643859863281 367.1722717285156 -1.0266939401626587
123.19695281982422 365.4654235839844 -1.2378177642822266
123.19695281982422 365.4654235839844 -0.8378177881240845
124.30370330810547 363.939208984375 -1.0489416122436523
125.06604766845703 362.2149658203125 -1.2600654363632202
125.45013427734375 360.3692626953125 -1.471189260482788
125.45013427734375 360.3692626953125 -1.071189284324646
126.17393493652344 358.62847900390625 -1.2823131084442139
126.5168685913086 356.7746887207031 -1.4934369325637817
126.5168685913086 356.7746887207031 -1.0934369564056396
127.20176696777344 355.01824951171875 -1.3045607805252075
127.50337982177734 353.15728759765625 -1.5156846046447754
127.40830993652344 351.2744445800781 -1.7268084287643433
127.40830993652344 351.2744445800781 -1.3268084526062012
127.66844940185547 349.4072265625 -1.537932276725769
127.5315170288086 347.5269470214844 -1.749056100845337
127.5315170288086 347.5269470214844 -1.3490561246871948
127.75005340576172 345.6543884277344 -1.5601799488067627
127.57132720947266 343.7776184082031 -1.7713037729263306
127.57132720947266 343.7776184082031 -1.3713037967681885
127.74815368652344 341.9006652832031 -1.5824276208877563
127.52771759033203 340.0283508300781 -1.7935514450073242
127.52771759033203 340.0283508300781 -1.3935514688491821
127.6627426147461 338.14794921875 -1.60467529296875
127.40071105957031 336.281005859375 -1.8157991170883179
127.40071105957031 336.281005859375 -1.4157991409301758
127.4938735961914 334.3980407714844 -1.6269229650497437
127.19037628173828 332.5373840332031 -1.8380467891693115
127.19037628173828 332.5373840332031 -1.4380468130111694
127.24162292480469 330.65283203125 -1.6491706371307373
126.89680480957031 328.79937744140625 -1.8602944612503052
126.89680480957031 328.79937744140625 -1.460294485092163
126.90612030029297 326.9141540527344 -1.671418309211731
126.52015686035156 325.0688171386719 -1.8825421333312988
126.52015686035156 325.0688171386719 -1.4825421571731567
126.4875259399414 323.183837890625 -1.6936659812927246
126.06060791015625 321.3475646972656 -1.9047898054122925
126.06060791015625 321.3475646972656 -1.5047898292541504
125.98605346679688 319.4637756347656 -1.7159136533737183
125.51839447021484 317.637451171875 -1.9270374774932861
125.51839447021484 317.637451171875 -1.527037501335144
125.4019546508789 315.75579833984375 -1.738161325454712
124.89378356933594 313.9403381347656 -1.9492851495742798
124.89378356933594 313.9403381347656 -1.5492851734161377
124.73551177978516 312.0617370605469 -1.7604089975357056
124.18708038330078 310.2580261230469 -1.9715328216552734
124.18708038330078 310.2580261230469 -1.5715328454971313
123.987060546875 308.3834228515625 -1.7826566696166992
123.39863586425781 306.59234619140625 -1.993780493736267
123.39863586425781 306.59234619140625 -1.593780517578125
123.1569595336914 304.72265625 -1.8049043416976929
122.52883911132812 302.94512939453125 -2.0160281658172607
122.52883911132812 302.94512939453125 -1.6160281896591187
122.2456283569336 301.0812683105469 -1.8271520137786865
121.57811737060547 299.3181457519531 -2.038275957107544
121.57811737060547 299.3181457519531 -1.6382759809494019
121.2535171508789 297.4610595703125 -1.8493998050689697
120.54695129394531 295.7132263183594 -2.060523748397827
120.54695129394531 295.7132263183594 -1.660523772239685
120.18111419677734 293.8638000488281 -1.871647596359253
120.18111419677734 293.8638000488281 -1.4716476202011108
120.16902160644531 291.97857666015625 -1.6827714443206787
119.76213836669922 290.13775634765625 -1.8938952684402466
119.76213836669922 290.13775634765625 -1.4938952922821045
119.70811462402344 288.2532653808594 -1.7050191164016724
119.2603759765625 286.42193603515625 -1.9161429405212402
119.2603759765625 286.42193603515625 -1.5161429643630981
119.16444396972656 284.53912353515625 -1.727266788482666
118.67607879638672 282.7182312011719 -1.9383906126022339
118.67607879638672 282.7182312011719 -1.5383906364440918
118.53828430175781 280.8380126953125 -1.7495144605636597
118.00953674316406 279.0284118652344 -1.9606382846832275
118.00953674316406 279.0284118652344 -1.5606383085250854
117.82994842529297 277.1517333984375 -1.7717621326446533
117.26107025146484 275.3543701171875 -1.9828859567642212
117.26107025146484 275.3543701171875 -1.582885980606079
117.03977966308594 273.4821472167969 -1.794009804725647
116.43106079101562 271.6978759765625 -2.005133628845215
116.43106079101562 271.6978759765625 -1.6051336526870728
116.16817474365234 269.8310241699219 -1.8162574768066406
115.51991271972656 268.06072998046875 -2.027381420135498
115.51991271972656 268.06072998046875 -1.627381443977356
115.21556091308594 266.2001953125 -1.8385052680969238
114.528076171875 264.44476318359375 -2.0496292114257812
114.528076171875 264.44476318359375 -1.6496292352676392
114.18241119384766 262.5914611816406 -1.860753059387207
113.45604705810547 260.85174560546875 -2.0718770027160645
113.45604705810547 260.85174560546875 -1.6718770265579224
113.0692367553711 259.006591796875 -1.8830008506774902
112.30435180664062 257.2834777832031 -2.0941247940063477
112.30435180664062 257.2834777832031 -1.6941248178482056
111.87659454345703 255.4473876953125 -1.9052486419677734
111.07356262207031 253.74171447753906 -2.116372585296631
111.07356262207031 253.74171447753906 -1.7163726091384888
110.60506439208984 251.9156036376953 -1.9274964332580566
109.76428985595703 250.22821044921875 -2.138620376586914
109.76428985595703 250.22821044921875 -1.738620400428772
109.25528717041016 248.4129638671875 -1.9497442245483398
108.37718200683594 246.74468994140625 -2.1608681678771973
108.37718200683594 246.74468994140625 -1.7608681917190552
107.82791900634766 244.94122314453125 -1.971992015838623
106.91291809082031 243.29290771484375 -2.1831159591674805
106.91291809082031 243.29290771484375 -1.7831159830093384
106.32366943359375 241.50210571289062 -1.9942398071289062
105.37223052978516 239.87454223632812 -2.2053637504577637
105.37223052978516 239.87454223632812 -1.8053637742996216
104.74329376220703 238.0972900390625 -2.0164875984191895
103.7558822631836 236.49130249023438 -2.227611541748047
102.45384216308594 235.12789916992188 -2.4387354850769043
102.45384216308594 235.12789916992188 -2.0387353897094727
101.43094635009766 233.5442657470703 -2.24985933303833
100.0988998413086 232.2101593017578 -2.4609832763671875
100.0988998413086 232.2101593017578 -2.060983180999756
99.04103088378906 230.64967346191406 -2.2721071243286133
97.67963409423828 229.3455352783203 -2.4832310676574707
97.67963409423828 229.3455352783203 -2.083230972290039
96.58731079101562 227.80897521972656 -2.2943549156188965
95.1972427368164 226.5354461669922 -2.505478858947754
95.1972427368164 226.5354461669922 -2.1054787635803223
94.07100677490234 225.0235595703125 -2.3166027069091797
92.65294647216797 223.78126525878906 -2.527726650238037
92.65294647216797 223.78126525878906 -2.1277265548706055
91.49335479736328 222.29481506347656 -2.338850498199463
90.04801177978516 221.08436584472656 -2.5499744415283203
88.64356994628906 220.36990356445312 -2.7920165061950684
88.64356994628906 220.36990356445312 -2.3920164108276367
87.13594818115234 219.23797607421875 -2.603140354156494
87.13594818115234 219.23797607421875 -2.2031402587890625
85.86766052246094 217.84310913085938 -2.41426420211792
84.3352279663086 216.7449951171875 -2.6253881454467773
84.3352279663086 216.7449951171875 -2.2253880500793457
83.03622436523438 215.37869262695312 -2.436511993408203
81.47974395751953 214.31494140625 -2.6476359367370605
81.47974395751953 214.31494140625 -2.247635841369629
80.15066528320312 212.97787475585938 -2.4587597846984863
78.57090759277344 211.9490203857422 -2.6698837280273438
78.57090759277344 211.9490203857422 -2.269883632659912
77.21241760253906 210.641845703125 -2.4810075759887695
75.61016082763672 209.6483917236328 -2.692131519317627
75.61016082763672 209.6483917236328 -2.2921314239501953
74.2229232788086 208.37176513671875 -2.5032553672790527
72.59896087646484 207.41419982910156 -2.71437931060791
72.59896087646484 207.41419982910156 -2.3143792152404785
71.18367004394531 206.1687469482422 -2.525503158569336
69.53881072998047 205.24754333496094 -2.7366271018981934
69.53881072998047 205.24754333496094 -2.3366270065307617
68.09616088867188 204.0338897705078 -2.547750949859619
66.43121337890625 203.14950561523438 -2.7588748931884766
66.43121337890625 203.14950561523438 -2.358874797821045
64.96192169189453 201.96824645996094 -2.5699987411499023
63.277713775634766 201.12112426757812 -2.7811226844787598
63.277713775634766 201.12112426757812 -2.381122589111328
61.782508850097656 199.97283935546875 -2.5922465324401855
60.079872131347656 199.16339111328125 -2.803370475769043
60.079872131347656 199.16339111328125 -2.4033703804016113
58.55949401855469 198.0486602783203 -2.6144943237304688
56.839271545410156 197.27728271484375 -2.825618267059326
56.839271545410156 197.27728271484375 -2.4256181716918945
55.294471740722656 196.19664001464844 -2.636742115020752
55.294471740722656 196.19664001464844 -2.2367420196533203
53.98004150390625 194.8451690673828 -2.4478659629821777
52.411582946777344 193.79916381835938 -2.658989906311035
52.411582946777344 193.79916381835938 -2.2589898109436035
51.067413330078125 192.47727966308594 -2.470113754272461
49.47607421875 191.4664306640625 -2.6812376976013184
49.47607421875 191.4664306640625 -2.2812376022338867
48.10282897949219 190.17477416992188 -2.492361545562744
48.10282897949219 190.17477416992188 -2.0923614501953125
47.181297302246094 188.94912719726562 -2.3386294841766357
45.73622131347656 187.7383575439453 -2.549753427505493
45.73622131347656 187.7383575439453 -2.1497533321380615
44.54417419433594 186.27780151367188 -2.360877275466919
43.07252502441406 185.0994873046875 -2.5720014572143555
43.07252502441406 185.0994873046875 -2.172001361846924
41.84849548339844 183.66612243652344 -2.383162498474121
40.370025634765625 182.5384979248047 -2.596867084503174
40.370025634765625 182.5384979248047 -2.196866989135742
39.11051940917969 181.13571166992188 -2.407991647720337
39.11051940917969 181.13571166992188 -2.0079915523529053
39.11051940917969 181.13571166992188 -1.6079915761947632
39.11051940917969 181.13571166992188 -1.207991600036621
39.11051940917969 181.13571166992188 -1.6079915761947632
39.11051940917969 181.13571166992188 -1.207991600036621
39.11051940917969 181.13571166992188 -1.6079915761947632
39.11051940917969 181.13571166992188 -1.207991600036621
39.11051940917969 181.13571166992188 -1.6079915761947632
39.11051940917969 181.13571166992188 -1.207991600036621
39.11051940917969 181.13571166992188 -1.6079915761947632
