-390.0
-390.0
-390.0
-393.6643999046978
-397.3352733262243
-401.012442488632
-404.6957357778126
-408.3849874901934
-412.0800375928921
-415.78073149477103
-419.4869198278631
-423.19845823866467
-426.9152071888177
-430.6370317647254
-434.3638014956687
-438.0953901800131
-441.83167571911446
-445.57253995855393
-449.3178685363483
-453.06758119955333
-456.82154026870046
-460.5796419126765
-460.5796419126765
-460.5796419126765
-460.5796419126765
-460.53037918884786
-460.3755901050016
-460.1359633450876
-460.1359633450876
-456.15139007582826
-452.16711996203975
-448.18312983001186
-444.1994272131486
-440.2160199169923
-436.2329160315973
-432.25012394458355
-428.26765235491405
-424.28551028744255
-420.30370710828373
-416.3222525410584
-412.341156684074
-408.3604300285028
-404.38008347762593
-400.4001283672174
-396.4205764871458
-392.44144010428136
-388.4627319867993
-384.48446542998056
-380.5066542836174
-376.52931298114254
-372.55245657060755
-368.5761007476503
-364.6002618906
-360.6249570978838
-356.650204227912
-352.676021941635
-348.70242974798185
-344.7294480524115
-340.75709820882486
-336.7854025751139
-332.8143845726455
-328.84406875000866
-324.87448085138425
-324.87448085138425
-321.02757681432973
-317.18446053710005
-313.345271388047
-309.5101555044573
-309.5101555044573
-309.5101555044573
-309.4209114336063
-309.00467748506577
-308.63972683604237
-308.32624159116847
-308.0643788635352
-307.8542703844585
-307.69602217423983
-307.58971427582674
-307.5354005529291
-307.53310855377475
-307.5828394413064
-307.68456799023346
-307.8382426509548
-308.0437856799761
-308.3010933360526
-308.61003614090583
-308.61003614090583
-310.4907478863987
-310.6832950731634
-313.73882744138194
-316.81539420246025
-319.9123884997569
-323.02922279597334
-326.165328318805
-329.3201545108486
-332.49316848527377
-335.6838544885591
-338.8917133714068
-342.116262068776
-342.3929145572387
-346.25983025051073
-350.1297378783735
-354.002536372073
-357.87813331923803
-361.7564387780581
-365.6373665612181
-369.5208340450932
-373.4067619902714
-377.2950743726403
-381.18569822433295
-385.07856348387844
-388.9736028549517
-392.8707516731617
-396.7699477803574
-400.6711314059688
-404.57424505493407
-404.57424505493407
-404.57424505493407
-404.57424505493407
-404.57424505493407
-404.57424505493407
-404.57424505493407
-404.57424505493407
-404.57424505493407
-400.6265235165407
-396.67984955322066
-392.73425474692067
-388.78977195279913
-384.84643536355753
-380.9042805776815
-376.96334467186904
-373.02366627794606
-373.02366627794606
-369.1257374839393
-365.23001572112776
-361.33657237431686
-357.44548189584964
-353.556821969629
-349.67067368560276
-345.7871217254833
-341.90625456053976
-338.02816466237044
-334.152948727639
-330.2807079178456
-326.4115481152924
-322.5455801965081
-318.68292032450336
-314.8236902613541
-310.9680177027404
-307.1160366362171
-303.26788772515323
-299.4237187204541
-295.5836849023752
-291.74794955495264
-287.9166844758103
-284.0900705243655
-280.26829821174243
-276.45156833601965
-272.64009266678886
-268.83409468338846
-265.0338103716024
-261.2394890840882
-257.45139447031926
-253.66980548240258
-249.89501746377329
-246.12734332847032
-242.36711483947937
-238.61468399549014
-234.8704245363673
-231.13473357868727
-227.4080333938527
-223.69077334257676
-219.98343198093812
-216.2865193547567
-212.60057950074037
-208.92617915025144
-205.26395287459562
-201.61456408254435
-197.97872268451843
-194.3571889756112
-190.75077788129292
-187.16036360096163
-183.5868846875476
-180.03134960451345
-176.4948428047548
-172.97853137900256
-169.48367232422999
-166.01162048509212
-162.5638372233335
-162.5638372233335
-160.2304070187294
-157.96381038541116
-155.76696487717086
-153.6428625094269
-151.5945610851944
-149.62517367947163
-147.73785616452057
-145.93579268651783
-144.22217904148192
-144.22217904148192
-144.22217904148192
-144.22217904148192
-144.47208544620202
-144.7690282547476
-144.7690282547476
-144.7690282547476
-147.7498192020473
-150.77780579478377
-153.85020142976583
-156.9643983625192
-160.11795758213333
-163.3085987965061
-166.5341906490095
-169.79274125533524
-173.0823891229836
-176.40139449470553
-179.74813114041453
-183.12107860894852
-186.51881494094872
-189.940009836488
-193.38341826545667
-196.8478745046999
-200.33228658317088
-203.83563111463968
-207.3569484965559
-210.89533845332224
-214.44995590234436
-218.02000712166685
-221.6047324842767
-225.2034579740018
-228.81551000993412
-232.44026732131127
-236.07714467380603
-236.07714467380603
-238.80696497893322
-238.80696497893322
-238.80696497893322
-238.80696497893322
-237.12083409801977
-235.49058011116122
-233.91737129957085
-232.4023661393549
-230.94671007723773
-229.55153216802555
-228.21793932937692
-226.94701976822031
-225.73983204228168
-225.5729182818477
-223.14180403027413
-220.7563996523639
-218.41820278300068
-216.1287455761742
-213.88959315403378
-211.7023417271486
-209.56861636182919
-207.49006837137418
-205.4683723096972
-203.50522254804176
-201.60232941846803
-199.76141491156352
-199.76141491156352
-196.72262247401278
-193.71875894510026
-190.75147446350329
-187.82250270232527
-184.933664056394
-182.08686869149898
-179.28411939438737
-176.52751415221502
-176.52751415221502
-172.88062780370333
-169.24969600087402
-165.6357679745456
-162.03998141875442
-158.46357131343026
-154.90787971619284
-151.37436662945908
-147.8646220578704
-144.38037937928885
-140.92353015959202
-137.4961405462679
-134.10046937703171
-130.73898813554024
-127.41440287429516
-124.12967820172985
-120.88806339196755
-117.69312061628442
-114.54875520791018
-111.4592477478102
-108.42928758816636
-105.46400720051552
-105.46400720051552
-105.46400720051552
-105.1663921572671
-104.91381601196954
-104.91381601196954
-103.50225311016716
-102.22780445431302
-101.09565571377365
-100.11063480383534
-99.27712119837261
-98.59895730699326
-98.0793656514796
-97.72087569781309
-97.52526402773115
-97.49351104658378
-97.62577664061102
-97.62577664061102
-97.62577664061102
-97.62577664061102
-97.62577664061102
-97.62577664061102
-97.62577664061102
-97.62577664061102
-97.62577664061102
-97.62577664061102
-97.62577664061102
