-392.83861260070745
-395.6972973447963
-398.57562242630917
-401.47316538979356
-404.3895131339564
-407.324261745324
-410.2770163548833
-413.2473909909103
-416.23500842860443
-419.2395000371072
-422.2605056244355
-425.29767328082255
-428.3506592209188
-431.41912762526795
-434.50275048143925
-437.6012074251642
-437.6012074251642
-439.49437490668373
-441.41567086956667
-443.36472963441787
-445.34118668536513
-447.34467886945504
-447.34467886945504
-447.32880860842795
-446.99893276117723
-445.3014772099019
-443.6335923972954
-441.9956142194279
-440.387876380538
-438.81071126920045
-437.26444970300764
-435.7494206667836
-435.1872509801215
-434.3754663425252
-433.3797005345471
-429.5951734956113
-425.8145857019205
-422.03804301595295
-418.3788459702293
-414.70731033523924
-411.0237249292942
-407.32838176970745
-403.62158341284254
-399.90363284605405
-396.17486683087463
-392.43557824031336
-388.68609112704803
-384.9267349284095
-381.1578523758163
-377.3798183590976
-373.59296299107973
-369.79765335820474
-365.99429390432954
-362.18323838815013
-358.36492033538906
-354.53971613357265
-350.70804987347566
-346.87035669695564
-343.0270875342427
-339.1787058938479
-335.3256592518151
-335.3256592518151
-335.3256592518151
-334.59152687748195
-332.4453000496746
-330.3335664957432
-328.25699191981107
-326.2162477505592
-324.2120105894158
-322.2449600618712
-320.3157829991701
-318.4251677705686
-316.6550130338004
-314.96734298974474
-313.3637756581619
-311.84588706955867
-311.84588706955867
-311.9084515608325
-311.9084515608325
-311.9084515608325
-311.9084515608325
-315.67061346809925
-319.4385544762398
-323.2120724705478
-326.9909743736626
-330.7750756620901
-334.5641999123324
-338.3581783746189
-342.15684957237846
-345.9600589257286
-349.7676583973789
-353.5795061594648
-357.39546627993207
-361.21540842719133
-361.21540842719133
-365.1954498138781
-369.1759224727048
-373.15681260250096
-377.1381069833929
-381.11979294658767
-385.1018583460177
-389.08429153171477
-393.0670813247914
-397.05021699391824
-401.033688233194
-405.0174851413126
-409.00159820194074
-412.9860182652239
-416.9707365303464
-420.9557445290763
-424.9410341102304
-428.9265974250008
-432.91242691308724
-436.89851528958434
-440.88485553257647
-440.88485553257647
-440.88485553257647
-440.88485553257647
-441.04730938749225
-441.07822392758374
-440.9328704916023
-439.8710092093261
-438.84303945964825
-437.84919995132816
-436.8897236034951
-435.96483729670547
-435.0747603963148
-434.67848945539134
-434.00352190615376
-433.10461070379995
-429.585623422
-426.0751246249803
-426.0751246249803
-422.0961649352151
-418.1176069578353
-414.1394622703614
-410.1617428982475
-410.1617428982475
-406.33485505685684
-402.51133367136674
-398.6912755965505
-394.874781345661
-391.06195526008327
-387.25290568822317
-383.44774517420376
-379.64659065697816
-375.8495636805102
-372.05679061571954
-368.2684028949343
-364.4845372596465
-360.70533602242205
-356.93094734387336
-353.16152552566956
-349.39723132062477
-345.63823226097963
-341.8847030060696
-338.1368257106562
-337.15792159525944
-337.15792159525944
-337.15792159525944
-337.1838823566541
-337.87900353873084
-338.23695906612375
-338.23695906612375
-338.23695906612375
-342.061143249871
-345.8893047398038
-349.7213129253448
-353.55704272993216
-357.3963743275933
-361.2391928763397
-361.2391928763397
-365.21060196000633
-369.18262809045194
-373.1552515633374
-377.12845350167385
-381.1022158129924
-385.07652114913867
-389.05135286850674
-393.0266950005426
-397.0025322123596
-400.9788497773214
-404.9556335454584
-408.9328699155956
-412.9105458090761
-416.8886486449766
-420.86716631671607
-424.8460871699677
-428.8253999817911
-432.805093940906
-436.7851586290354
-440.765584003253
-440.765584003253
-440.765584003253
-440.765584003253
-440.91009443553327
-440.8761914485721
-440.71292052503236
-439.58863095431656
-438.49794808468755
-437.4411232934971
-436.4184025515835
-435.43002616572
-434.47622852267466
-434.0626426273649
-433.3732355062543
-432.4635648499564
-428.91380109557855
-425.372028454153
-421.8384482068487
-418.3132679623511
-414.89793414770566
-411.4672124930928
-408.0212876670986
-404.56033998371475
-401.08455465009274
-397.5941126805335
-394.08922702000683
-390.5700832260248
-387.03692916301156
-383.48991955017925
-379.9293013201952
-376.35526530271704
-372.7680357467857
-369.1678076375952
-365.4440568130518
-361.7262048001112
-358.0144353699741
-354.30893968759676
-350.60991666935956
-346.91757336047397
-343.23212533331264
-339.66239246768646
-336.08002246591604
-332.4852446748246
-328.8782251385935
-325.2591721468553
-321.62831437294966
-317.98583123169783
-314.33193649425664
-310.66686908327773
-306.990820054801
-303.3040060758938
-299.606683755666
-295.8990536932698
-292.18137641737576
-288.4538908675542
-284.7168150911193
-280.97042802275286
-277.2149598214696
-273.45070223841157
-269.67789939899365
-265.8968239443595
-262.1077700077049
-258.3110327444511
-254.50691958014508
-250.69572256069299
-246.75512131302617
-242.8164626467901
-238.87984265004275
-234.94536379940294
-231.0131354950922
-227.08327465013642
-223.1559063401643
-219.2311645211203
-215.30919282322404
-211.39014543068333
-207.47418805802823
-203.5614990355153
-199.65227051789213
-195.74670983295857
-191.84504098887416
-187.94750636210253
-184.0543685913425
-180.1659127068669
-176.28244852949607
-172.40431337912028
-168.53187513943115
-164.7835826658271
-164.7835826658271
-160.8301609327971
-157.01032176733412
-153.20178045926187
-149.40604418722435
-145.62478906923175
-141.85981854202927
-138.11311312029525
-134.38683799804645
-130.68339535337336
-127.00542139253939
-123.355838014961
-119.73786867148182
-116.15509622716516
-112.61149478895692
-109.11151015795744
-105.66008708920232
-102.26272201454407
-102.26272201454407
-102.26272201454407
-102.26272201454407
-102.26272201454407
-102.26272201454407
-102.26272201454407
-102.26272201454407
-102.26272201454407
-102.26272201454407
-102.26272201454407
