-392.83861260070745
-395.6972973447963
-398.57562242630917
-401.47316538979356
-404.3895131339564
-407.324261745324
-410.2770163548833
-413.2473909909103
-416.23500842860443
-419.2395000371072
-422.2605056244355
-425.29767328082255
-428.3506592209188
-431.41912762526795
-434.50275048143925
-437.6012074251642
-438.1446257686896
-440.3232581105281
-442.5273212462357
-442.8650219096487
-442.8650219096487
-442.3665199406131
-441.90366405296515
-441.47656636364604
-441.47656636364604
-441.47656636364604
-438.3441101885055
-435.2258727772904
-432.12215952578845
-429.0332868454808
-425.95957758849744
-425.95957758849744
-422.1368238265738
-418.3173846143384
-414.50135157795165
-410.68881966580597
-406.87988729625476
-403.07465651304466
-399.2732331489062
-395.4757269977874
-391.6822519962476
-387.89292641456024
-384.10787305811203
-380.3272194797236
-376.55109820355705
-372.7796469613219
-369.0130089415365
-365.25133305265445
-362.5033928857942
-358.61767179097257
-354.7344910967295
-350.8539351530012
-346.9760920248681
-343.1010536957964
-342.25328219088226
-341.4588703659666
-341.4588703659666
-338.62956490623566
-335.8240675367548
-333.042979923966
-330.2869186748085
-327.556515505529
-324.8524173896634
-322.1752866826571
-319.525801220428
-317.655384765209
-316.1447898926778
-314.9392614812848
-313.5042702062853
-313.34200486319537
-313.20672173048774
-313.12248261299294
-313.08932871208094
-313.10727625548947
-313.17631645763674
-313.2964155411114
-313.455648119581
-313.8584534085109
-314.46356642780626
-315.20925335458037
-316.0199354019556
-320.01171239805825
-324.0036922824514
-327.9958676471823
-331.98823144026807
-335.98077694458743
-339.9734977582558
-343.96638777636326
-347.9594411739662
-351.9526523902337
-355.9460161136589
-359.9395272682512
-363.933181000636
-367.9269726679927
-371.9208978267671
-375.9149522221027
-379.9091317779366
-383.9034325877121
-387.89785090566426
-391.89238313863723
-395.88702583839563
-399.88177569439597
-403.8766295269861
-407.87158428100406
-411.8666370197476
-415.86178491929195
-419.85702526313037
-423.8523554371179
-427.84777292469755
-431.8432753023911
-435.83886023553754
-439.8345254742637
-443.8302688496714
-447.8260882702291
-451.82198171835444
-455.81791680867263
-459.813952539818
-460.6115411156819
-461.3178698973603
-461.8625862460816
-462.191686619087
-462.2725514372199
-462.05493859702244
-461.8718662258957
-461.7233754095168
-461.6094995205318
-461.5302641811331
-461.5302641811331
-459.93030352735383
-458.35966627013084
-456.81868506392686
-455.3076316192205
-453.82680382034926
-452.37649849301977
-450.9570101237343
-449.5686306211676
-448.2116490737018
-448.2116490737018
-448.2116490737018
-444.57701194836324
-440.9487009933195
-437.3268736650534
-433.7116923934564
-430.1033247664283
-430.1033247664283
-426.10800866911836
-423.2373416543273
-419.2456385438132
-415.25409532688315
-411.2627166591172
-407.2715073784036
-403.2804725139409
-399.2896172957774
-395.2989471649273
-391.3084677841028
-390.5153633143693
-386.815816381069
-383.1223073687436
-379.435012601032
-375.7541150201002
-372.07980448356795
-368.4122766768657
-364.7517377060453
-361.09840011356295
-357.4524847042148
-353.8142209260475
-350.18384727088994
-346.56161169556117
-342.9477720648653
-339.3425966175359
-335.7463644563489
-332.1593660636807
-328.58190384384216
-325.0142926935807
-321.4568606021968
-317.90994928277837
-314.37391483611395
-310.84912844889345
-307.33597712785934
-303.8348644716113
-300.3462114818093
-296.87045741554675
-293.40806068068946
-289.95949977598127
-286.5252742777125
-283.98176913038367
-281.62139648292685
-281.1164661014416
-280.83869496373273
-280.83869496373273
-281.13531239509064
-281.6558706491886
-282.34704534300846
-283.13844194857444
-283.95013828850756
-287.83745371612434
-291.72781574202565
-295.6211040868975
-299.517204637081
-303.4160090598017
-307.317414446458
-311.2213229816462
-315.12764163581096
-319.0362818796035
-322.9471594182047
-326.8601939440234
-330.7753089063234
-334.6924312964584
-338.61149144751
-342.53242284722705
-346.4551619632586
-350.37964807975897
-354.3058231445195
-358.23363162585264
-362.1630203785174
-366.09393851803327
-370.02633730278234
-373.9601700233477
-377.8953918985803
-381.8319599779252
-385.7698330495762
-389.7089715540607
-393.64933750288634
-397.59089440190996
-401.5336071791151
-405.4774421165065
-409.42236678585306
-413.3683499880296
-417.3153616957258
-421.2633729993085
-425.2123560556377
-429.16228403965096
-433.1131310985451
-437.064872308394
-441.0174836330548
-444.97094188522306
-448.9252246895079
-452.8803104474067
-453.6562675156157
-454.31638858188944
-454.7949909336645
-455.0446317121206
-455.0446317121206
-454.0844440473971
-453.15753092972216
-452.26409694722014
-451.40434088887656
-450.5784555389124
-450.5784555389124
-448.32004582631777
-446.0860705251974
-443.87689856144897
-441.6929021044713
-439.53445643706823
-437.40193981555194
-435.29573331978133
-433.21622069288264
-431.1637881704148
-429.1388242987577
-427.14171974251997
-427.14171974251997
-427.14171974251997
-427.14171974251997
-424.3310721339939
-421.6056174452483
-419.00198337181484
-418.35485128775474
-415.61285915233054
-412.89140933211553
-410.1909106970268
-407.51177976515226
-404.8544407400982
-402.21932553931754
-399.6068738126752
-397.0175329504796
-394.4517580801752
-391.91001335521236
-389.39276789376464
-386.90049988620416
-384.4336951162904
-381.9928468881035
-379.5784559362321
-377.19103031823676
-374.8310852883933
-372.4991431517117
-370.19573309721835
-367.921391009489
-367.921391009489
-367.1463750998806
-366.41338885014153
-365.7226849695623
-365.7226849695623
-366.0337706687193
-366.5658560138468
-367.26468514689356
-368.0593780130002
-372.05207636146906
-376.04492961481014
-380.03793289051816
-384.03108150897333
-388.02437098302056
-392.0177970081832
-396.01135545346773
-400.005042352718
-403.99885389648074
-407.9927864243479
-411.9868364177434
-415.9810004931242
-419.9752753955691
-423.9696579927282
-427.96414526911127
-431.9587343206922
-435.9534223498091
-439.94820666034207
-443.9430846531505
-447.9380538217544
-451.9331117482441
-455.9282560994044
-459.92348462304096
-463.9187951444955
-463.9187951444955
-464.6293035686345
-465.1802709753098
-465.51703769232176
-465.60623426588927
-465.42958278107665
-465.2872529153485
-465.17927617263376
-465.10567647871056
-465.0664701547318
-465.0616658991415
-465.0912647780292
-465.1552602239478
-465.1552602239478
-463.68760332801156
-462.24990075753055
-460.84243286054175
-459.46547748824787
-458.1193086156126
-456.8041705554311
-455.5203614349305
-454.2681468707331
-453.047788842983
-453.047788842983
-450.4634205574078
-447.89986321305844
-447.89986321305844
-447.89986321305844
-447.0881831440304
-446.3379024514547
-442.95127402554857
-439.57495280445005
-436.2091781259283
-432.8541960125219
-429.5102593723241
-426.17762820518976
-422.85656981440684
-419.54735782476706
-416.25027608422874
-412.96561513347206
-409.6936737183698
-406.4347590291188
-403.18918694476224
-399.95728228301556
-396.7393790552809
-393.53582072670423
-390.3469604810934
-387.1731614904791
-384.0147971890585
-380.87225155121445
-377.74591937325573
-374.636206558466
-374.636206558466
-374.636206558466
-374.30899791871354
-374.02428339188685
-373.7821600828838
-373.7821600828838
-374.17603237087843
-374.77406649086527
-375.5154014666419
-376.3249973322542
-380.31976351926943
-384.3146383660024
-388.30961851882535
-392.30470076062875
-396.29988200394854
-400.29515928450456
-404.29052975512116
-408.2859906800042
-412.28153942935006
-416.27717347426494
-420.2728903819732
-424.2686878112963
-428.2645635083839
-432.26051530268217
-436.2565411031224
-440.2526388945177
-444.24880673415345
-448.2450427485597
-452.24134513045493
-456.23771213585
-460.2341725661848
-461.03213501206045
-461.73941497350114
-462.2855553208671
-462.61639804969036
-462.6991353139687
-462.49080638605255
-462.31699307326744
-462.1777343169548
-462.0730613590877
-462.0029977072924
-461.9675591084825
-461.96675353117524
-461.96675353117524
-460.4390785104352
-458.9411822363025
-457.473357220814
-456.03589383163825
-454.62908006447543
-453.2532013116205
-451.90854012698713
-450.5953759879126
-449.31398505408566
-449.31398505408566
-449.31398505408566
-445.713687506898
-442.1202612282003
-438.53387513129377
-434.9547033640721
-431.38292549783245
-427.81872672346947
-427.81872672346947
-423.8295635364539
-419.84060645738145
-416.96341185837156
-412.96620655333464
-408.9690561638333
-404.97196231594785
-400.9749267005733
-396.97795107667935
-392.98103727477036
-389.6378916814785
-388.8518409007597
-385.209086270748
-381.5734869875221
-377.9452495411552
-374.32458800120617
-370.7117243444787
-367.10688879845065
-363.5103202011417
-359.92226637821733
-356.3429845381632
-352.77274168639514
-349.2118150592042
-345.6604925784676
-342.1190733280903
-338.58786805317
-335.067199682911
-331.55740387833595
-328.0588296058704
-324.5718397378958
-321.09681168138127
-317.6341380357153
-314.1842272808623
-310.74750449696376
-307.3244121164894
-303.9154107100171
-300.52097980668213
-297.14161875027776
-293.77784759191746
-290.4302080200709
-289.8304902167081
-289.43481354992036
-289.43481354992036
-289.6073001141982
-290.02194644974145
-290.6362040858453
-291.38736182758083
-292.1992276905535
-296.1861231350333
-300.1733676222088
-304.16094742528287
-308.1488495268562
-312.1370615737514
-316.1255718352409
-320.11436916438424
-324.1034429622072
-328.0927831444836
-332.08238011090106
-336.07222471641455
-340.0623082446082
-344.05262238290373
-348.0431591994683
-352.0339111216863
-356.02487091607463
-360.016031669529
-364.0073867717995
-367.998929899103
-371.99065499878736
-375.98255627496894
-379.97462817507295
-383.96686537721075
-387.95926277833433
-391.95181548311217
-395.9445187934769
-399.9373681987966
-403.93035936662767
-407.92348813400974
-411.9167504992648
-415.91014261426835
-419.90366077715953
-423.8973014254633
-427.8910611295961
-431.88493658673116
-435.87892461500047
-439.8730221480116
-443.8672262296603
-447.8615340092193
-451.8559427366881
-455.8504193084459
-456.646664978514
-457.3497631974168
-457.8897200287058
-458.212940033142
-458.28747003785173
-458.038841061045
-457.82502619718616
-457.64607424233617
-457.5020261063858
-457.39291476643257
-457.39291476643257
-455.7658262158307
-454.16813875776495
-452.6001637516428
-451.0622110553745
-449.55458879333037
-448.07760311908623
-446.63155797321156
-445.2167548363818
-443.8334924781223
-442.48206670151484
-442.48206670151484
-442.48206670151484
-438.85006790350013
-435.22452225174317
-431.6055923681922
-427.9934460732158
-424.3882565807446
-421.73858093112744
-418.98322234668376
-416.15547685382455
-413.29011278171845
-410.42318090167123
-406.44671453092786
-402.4707146990967
-398.4951953709031
-394.5201710722321
-390.54565691850775
-389.7614790889608
-386.13312078300237
-382.5121743512815
-378.89885228855985
-375.2933748170208
-371.6959702160195
-368.1068751672881
-364.5263365267814
-360.95460739717174
-357.39195190190804
-353.83864411715183
-350.2949685057899
-346.7612203717128
-343.23770633525396
-339.72474483071113
-336.22266662689
-332.73181537163094
-329.2525481612932
-325.7852361361815
-322.33026510290597
-318.8880361846632
-315.4589665004178
-312.0434898739463
-308.64205757367364
-305.25513908419197
-301.88322291029544
-298.52681741428887
-295.18645168723526
-291.8626764546917
-288.5560650173393
-286.668735104579
-286.1777866948051
-285.9166751368158
-285.9166751368158
-286.2296319783059
-286.7635611890036
-287.4638133220088
-288.2591519022073
-289.0692451869498
-292.93570272807915
-296.8056999334462
-300.6791001275629
-304.5557734708173
-308.4355965443083
-312.3184519640611
-316.20422802227125
-320.09281835343035
-323.98412162337917
-327.8780412395006
-331.7744850804225
-335.67336524373815
-339.57459781037994
-343.47810262439623
-347.3838030869862
-351.2916259637417
-351.2916259637417
-351.2916259637417
-351.2916259637417
-351.9388666477468
-352.63029536892014
-352.63029536892014
-352.3292145214565
-350.3006814910072
-348.3062723019637
-347.7972746994847
-344.8468295969099
-341.9177204246113
-339.0105002213885
-336.1257369542245
-333.26401379140236
-330.42592936445305
-327.61209801690785
-324.82315003766064
-322.0597318765701
-319.9775115291598
-316.9442550653785
-313.93265643062443
-311.6806753155171
-308.4232509560582
-305.1834859471899
-302.7762275355255
-299.31774018035225
-295.87290396278314
-292.4422012958058
-289.02613547008474
-285.62523165413074
-282.24003794084354
-279.7369640017448
-276.15451466077195
-272.5836803071562
-269.9583765544381
-266.2217851669773
-262.49295727565783
-258.7722284894423
-255.05995324963817
-251.35650610689743
-247.66228309750682
-244.13599175819027
-240.4316907689113
-236.73701307720313
-233.96553863102926
-230.14182189694742
-226.32419866406042
-222.51298256855958
-218.70850856317253
-214.91113470465584
-211.12123008803368
-207.33921917214516
-203.56554192479115
-199.80067054577572
-196.0451123622774
-192.2994130280251
-189.56378127678562
-185.69474801184154
-181.83138288518347
-177.97405501989215
-174.12316564442986
-170.27915158168975
-167.48333247149262
-163.54555785619374
-160.69622369747083
-157.8256928755782
-154.96977684222134
-152.16659772813858
-149.4557192665919
-146.87762422806853
-143.4122670290348
-141.02987515727338
-137.8765492844223
-134.76817132620332
-132.6750459758756
-129.97166396780662
-127.33655811934088
-124.77405428237162
-122.28871656739337
-119.88534425275017
-117.56896411366681
-115.34481725756487
-113.21833951644716
-111.19513445651329
-109.2809381365421
-107.48157489757732
-105.80290371338778
-104.25075503681211
-102.83085796398179
-101.54876023750354
-100.40974053467897
-99.4187166232361
-98.58015199868215
-97.89796450109381
-97.89796450109381
-97.89796450109381
-97.89796450109381
-97.89796450109381
-97.89796450109381
-97.89796450109381
-97.89796450109381
-97.89796450109381
-97.89796450109381
-97.89796450109381
