-390.0
-390.0
-392.66607492288034
-395.281045930747
-397.8006053337864
-400.18290284036965
-402.3891025443932
-404.38377918081443
-406.1354156413593
-407.61668427734077
-408.8047728791207
-409.6814965791094
-409.6814965791094
-409.6814965791094
-409.6814965791094
-409.6814965791094
-405.79887902722777
-401.9185634247809
-398.04061709372553
-394.1651099634483
-390.2921146959926
-386.4217068184339
-382.5539648628709
-378.688970514541
-374.8268087685995
-374.8268087685995
-370.8637941599362
-366.9015819618752
-362.9401984541275
-358.97967107078375
-355.0200284640664
-351.0613005723313
-347.10351869264986
-343.14671555833445
-339.1909254218014
-335.2361841432028
-331.2825292852983
-331.2825292852983
-331.2825292852983
-331.2825292852983
-330.4423321092541
-329.6485333645201
-328.9014688316603
-328.2014576453555
-327.54880148172805
-326.9437839359618
-326.3866699289068
-325.87770514545093
-325.4171155073404
-325.00510668301496
-325.00510668301496
-325.00510668301496
-325.00510668301496
-325.00510668301496
-325.00510668301496
-325.00510668301496
-326.8774987435504
-328.49468572390197
-329.83235080119147
-329.83235080119147
-329.83235080119147
-329.83235080119147
-329.83235080119147
-327.33805553460377
-324.7380688130704
-322.0783606352875
-319.40452435771755
-319.40452435771755
-319.40452435771755
-316.9090298819426
-314.4446153196895
-312.012017122226
-309.61198522685174
-307.2452828048684
-304.9126859575936
-304.9126859575936
-304.9126859575936
-304.9126859575936
-304.9126859575936
-308.24869493333875
-311.6003365733574
-314.9671118250974
-318.34854054094217
-321.744160711493
-325.1535277274858
-328.57621366983557
-332.0118066272232
-335.45991004057487
-338.92014207373273
-342.39213500958004
-342.39213500958004
-346.3652354234951
-350.33894820021015
-354.31325273631455
-358.2881293395682
-362.2635591792367
-366.23952277770377
-370.21600433514095
-374.1929873387783
-378.1704559684246
-382.14839506063396
-386.12679007506796
-386.12679007506796
-386.12679007506796
-386.12679007506796
-386.12679007506796
-386.12679007506796
-386.12679007506796
-386.12679007506796
-386.12679007506796
-383.4526303024603
-380.80960246438974
-378.24501915688467
-375.80578664339146
-373.53742101120497
-371.48304398405065
-368.60359329202856
-365.7452200371853
-362.9084222561083
-362.1958302298715
-359.91011898549914
-359.1182042592632
-355.30182342480276
-352.8138193125851
-350.48074650849816
-349.67555124973575
-347.1515650778639
-344.76940593924724
-343.95063419645095
-341.394054862499
-338.9658206795348
-338.13458518217107
-335.54902800050513
-333.0779589132447
-332.23543274419285
-329.6246505277865
-327.11415261626735
-323.46166783362395
-322.610211465212
-319.9805446124694
-317.4384705904313
-313.728843766102
-310.0264378296266
-308.1236204104836
-304.19762599615234
-300.2735851483332
-296.3515754695406
-292.4316786841526
-288.5139809126956
-284.5985729680637
-282.0242711188603
-278.2596345581457
-274.5016559558835
-270.75061254666207
-267.00679661769715
-263.2705165024692
-259.5420976502475
-255.82188377792346
-252.11023811115092
-248.40754472241403
-244.71420997432105
-241.03066407715664
-237.35736277051788
-233.69478913971616
-230.04345557854637
-226.40390591101104
-222.77671768563766
-219.1625046571419
-215.5619194713627
-211.97567039361078
-208.40448287209222
-204.84914462420545
-201.3104953922525
-197.78943092744007
-194.28690729909735
-190.80394555358788
-187.34163674823063
-183.90114738607934
-180.4837252775107
-177.0907058540917
-173.72351895893055
-170.3836961354237
-167.07287843268838
-163.79282474064715
-161.72598348095104
-159.9235687722726
-158.42658275557093
-157.270251091492
-156.4819785847671
-156.4819785847671
-156.4819785847671
-156.4819785847671
-156.4819785847671
-156.4819785847671
-156.4819785847671
-156.4819785847671
-156.4819785847671
-156.4819785847671
-156.4819785847671
