60.0 450.0 1.1853982210159302
60.0 450.0 1.5853981971740723
60.1617317199707 451.4088439941406 1.327600121498108
60.1617317199707 451.4088439941406 1.72760009765625
60.12216567993164 452.8263854980469 1.4698020219802856
60.12216567993164 452.8263854980469 1.8698019981384277
59.882102966308594 454.2239990234375 1.6120039224624634
60.00629806518555 455.6366271972656 1.354205846786499
60.00629806518555 455.6366271972656 1.7542058229446411
59.92903518676758 457.0526123046875 1.4964077472686768
59.92903518676758 457.0526123046875 1.8964077234268188
59.65187454223633 458.443359375 1.6386096477508545
59.73844528198242 459.8587951660156 1.3808115720748901
59.73844528198242 459.8587951660156 1.7808115482330322
59.62354278564453 461.272216796875 1.5230134725570679
59.8727912902832 462.668212890625 1.2652153968811035
59.8727912902832 462.668212890625 1.6652153730392456
59.92167663574219 464.08544921875 1.4074172973632812
59.92167663574219 464.08544921875 1.8074172735214233
59.76921463012695 465.49530029296875 1.549619197845459
59.98123550415039 466.8974609375 1.2918211221694946
59.98123550415039 466.8974609375 1.6918210983276367
59.992401123046875 468.31549072265625 1.4340230226516724
59.992401123046875 468.31549072265625 1.8340229988098145
59.802486419677734 469.7207946777344 1.57622492313385
59.977134704589844 471.1280822753906 1.3184268474578857
59.977134704589844 471.1280822753906 1.7184268236160278
59.9505729675293 472.5459289550781 1.4606287479400635
59.9505729675293 472.5459289550781 1.8606287240982056
59.72333908081055 473.9456787109375 1.6028306484222412
59.8604850769043 475.35711669921875 1.3450325727462769
59.8604850769043 475.35711669921875 1.745032548904419
59.79621505737305 476.77374267578125 1.4872344732284546
59.79621505737305 476.77374267578125 1.8872344493865967
59.53182601928711 478.1669616699219 1.6294363737106323
59.631378173828125 479.58154296875 1.371638298034668
59.631378173828125 479.58154296875 1.77163827419281
59.52944564819336 480.9959716796875 1.5138401985168457
59.52944564819336 480.9959716796875 1.9138401746749878
59.228084564208984 482.38165283203125 1.6560420989990234
59.28997039794922 483.79840087890625 1.398244023323059
59.28997039794922 483.79840087890625 1.7982439994812012
59.150447845458984 485.2095947265625 1.5404459238052368
59.37532424926758 486.6097412109375 1.2826478481292725
59.37532424926758 486.6097412109375 1.6826478242874146
59.399497985839844 488.0276184082031 1.4248497486114502
59.399497985839844 488.0276184082031 1.8248497247695923
59.22248077392578 489.4346008300781 1.567051649093628
59.410030364990234 490.8402404785156 1.3092535734176636
59.410030364990234 490.8402404785156 1.7092535495758057
59.39647674560547 492.2582702636719 1.4514554738998413
59.39647674560547 492.2582702636719 1.8514554500579834
59.18209457397461 493.6600646972656 1.593657374382019
59.332183837890625 495.0701904296875 1.3358592987060547
59.332183837890625 495.0701904296875 1.7358592748641968
59.28091049194336 496.4873352050781 1.4780611991882324
59.28091049194336 496.4873352050781 1.8780611753463745
59.02931213378906 497.8829345703125 1.6202630996704102
59.1418342590332 499.2965393066406 1.3624650239944458
59.1418342590332 499.2965393066406 1.762465000152588
59.052879333496094 500.7118225097656 1.5046669244766235
59.052879333496094 500.7118225097656 1.9046669006347656
58.764244079589844 502.1002197265625 1.6468688249588013
58.8391227722168 503.5163269042969 1.389070749282837
58.8391227722168 503.5163269042969 1.789070725440979
58.71255111694336 504.9287414550781 1.5312726497650146
58.71255111694336 504.9287414550781 1.9312726259231567
58.387081146240234 506.3089599609375 1.6734745502471924
58.424259185791016 507.7265625 1.415676474571228
58.424259185791016 507.7265625 1.8156764507293701
58.260154724121094 509.1351318359375 1.5578783750534058
58.260154724121094 509.1351318359375 1.9578783512115479
57.8980827331543 510.5062255859375 1.7000802755355835
57.8980827331543 510.5062255859375 2.1000802516937256
57.34535217285156 511.8121643066406 1.8422821760177612
57.143836975097656 513.2158813476562 1.5844841003417969
57.143836975097656 513.2158813476562 1.984484076499939
56.745418548583984 514.5768432617188 1.7266860008239746
56.745418548583984 514.5768432617188 2.1266860961914062
56.15814208984375 515.8676147460938 1.868888020515442
55.91935729980469 517.2654418945312 1.6110899448394775
55.91935729980469 517.2654418945312 2.011090040206909
55.4848747253418 518.6153564453125 1.7532919645309448
55.35102462768555 520.4296875 1.5355796813964844
55.35102462768555 520.4296875 1.9355796575546265
55.019615173339844 521.8085327148438 1.677781581878662
55.019615173339844 521.8085327148438 2.0777816772460938
54.49613952636719 523.12646484375 1.8199836015701294
54.252994537353516 524.879150390625 1.5972990989685059
54.252994537353516 524.879150390625 1.997299075126648
53.8371696472168 526.2349243164062 1.7395009994506836
53.8371696472168 526.2349243164062 2.1395010948181152
53.233402252197266 527.51806640625 1.8817030191421509
52.94611358642578 529.0283813476562 1.6358309984207153
52.94611358642578 529.0283813476562 2.0358309745788574
52.478370666503906 530.3671264648438 1.778032898902893
52.478370666503906 530.3671264648438 2.178032875061035
51.825618743896484 531.6260375976562 1.9202347993850708
51.50513458251953 533.0438232421875 1.665980577468872
51.50513458251953 533.0438232421875 2.0659806728363037
50.997249603271484 534.3678588867188 1.8081825971603394
50.997249603271484 534.3678588867188 2.2081825733184814
50.306846618652344 535.6065063476562 1.950384497642517
50.306846618652344 535.6065063476562 2.350384473800659
49.4478645324707 536.7348022460938 2.0925865173339844
48.90493392944336 538.0448608398438 1.83478844165802
48.90493392944336 538.0448608398438 2.234788417816162
48.18182373046875 539.2647094726562 1.9769903421401978
48.18182373046875 539.2647094726562 2.37699031829834
47.293128967285156 540.3698120117188 2.119192361831665
46.71554183959961 541.6649169921875 1.8613942861557007
46.71554183959961 541.6649169921875 2.2613942623138428
45.960235595703125 542.8651123046875 2.003596305847168
45.960235595703125 542.8651123046875 2.4035964012145996
45.042457580566406 543.9461669921875 2.145798444747925
44.43061828613281 545.2254638671875 1.8880003690719604
44.43061828613281 545.2254638671875 2.2880003452301025
43.64365005493164 546.4051513671875 2.0302023887634277
43.64365005493164 546.4051513671875 2.4302024841308594
42.69743728637695 547.4613647460938 2.1724045276641846
42.05178451538086 548.7239379882812 1.9146064519882202
42.05178451538086 548.7239379882812 2.3146064281463623
41.23371124267578 549.8822631835938 2.0568084716796875
41.23371124267578 549.8822631835938 2.456808567047119
40.25968933105469 550.9130249023438 2.199016571044922
39.58066940307617 552.157958984375 1.9412184953689575
39.58066940307617 552.157958984375 2.3412184715270996
38.73206329345703 553.2941284179688 2.083420515060425
38.15465545654297 554.7030029296875 1.8360726833343506
38.15465545654297 554.7030029296875 2.2360727787017822
37.42997741699219 555.9219360351562 1.9782747030258179
37.42997741699219 555.9219360351562 2.37827467918396
36.53986358642578 557.02587890625 2.120476722717285
35.7780647277832 558.6465454101562 1.8999191522598267
35.7780647277832 558.6465454101562 2.2999191284179688
34.97709274291992 559.8167724609375 2.042121171951294
34.97709274291992 559.8167724609375 2.4421212673187256
34.01835632324219 560.8616333007812 2.184323310852051
33.35483932495117 562.1210327148438 1.9270662069320679
33.35483932495117 562.1210327148438 2.32706618309021
32.53013229370117 563.2598266601562 2.0680675506591797
32.53013229370117 563.2598266601562 2.4680676460266113
32.53013229370117 563.2598266601562 2.868067741394043
32.53013229370117 563.2598266601562 -3.0151174068450928
32.53013229370117 563.2598266601562 -2.615117311477661
32.53013229370117 563.2598266601562 -2.2151172161102295
32.53013229370117 563.2598266601562 -1.8151172399520874
31.562541961669922 559.3786010742188 -1.8151172399520874
30.594951629638672 555.4973754882812 -1.8151172399520874
29.627361297607422 551.6161499023438 -1.8151172399520874
28.659770965576172 547.7349243164062 -1.8151172399520874
27.692180633544922 543.8536987304688 -1.8151172399520874
27.692180633544922 543.8536987304688 -1.4151172637939453
28.31238555908203 539.902099609375 -1.4151172637939453
28.93259048461914 535.9505004882812 -1.4151172637939453
29.55279541015625 531.9989013671875 -1.4151172637939453
30.17300033569336 528.0473022460938 -1.4151172637939453
30.79320526123047 524.095703125 -1.4151172637939453
31.413410186767578 520.1441040039062 -1.4151172637939453
32.03361511230469 516.1925048828125 -1.4151172637939453
32.6538200378418 512.2409057617188 -1.4151172637939453
33.274024963378906 508.2892761230469 -1.4151172637939453
33.894229888916016 504.337646484375 -1.4151172637939453
34.514434814453125 500.3860168457031 -1.4151172637939453
35.134639739990234 496.43438720703125 -1.4151172637939453
35.754844665527344 492.4827575683594 -1.4151172637939453
36.37504959106445 488.5311279296875 -1.4151172637939453
36.99525451660156 484.5794982910156 -1.4151172637939453
37.61545944213867 480.62786865234375 -1.4151172637939453
38.23566436767578 476.6762390136719 -1.4151172637939453
38.85586929321289 472.724609375 -1.4151172637939453
39.47607421875 468.7729797363281 -1.4151172637939453
40.09627914428711 464.82135009765625 -1.4151172637939453
40.71648406982422 460.8697204589844 -1.4151172637939453
41.33668899536133 456.9180908203125 -1.4151172637939453
41.95689392089844 452.9664611816406 -1.4151172637939453
42.57709884643555 449.01483154296875 -1.4151172637939453
43.197303771972656 445.0632019042969 -1.4151172637939453
43.817508697509766 441.111572265625 -1.4151172637939453
44.437713623046875 437.1599426269531 -1.4151172637939453
45.057918548583984 433.20831298828125 -1.4151172637939453
45.678123474121094 429.2566833496094 -1.4151172637939453
46.2983283996582 425.3050537109375 -1.4151172637939453
46.91853332519531 421.3534240722656 -1.4151172637939453
47.53873825073242 417.40179443359375 -1.4151172637939453
48.15894317626953 413.4501647949219 -1.4151172637939453
48.77914810180664 409.49853515625 -1.4151172637939453
49.39935302734375 405.5469055175781 -1.4151172637939453
50.01955795288086 401.59527587890625 -1.4151172637939453
50.63976287841797 397.6436462402344 -1.4151172637939453
51.25996780395508 393.6920166015625 -1.4151172637939453
51.88017272949219 389.7403869628906 -1.4151172637939453
51.88017272949219 389.7403869628906 -1.0151172876358032
51.88017272949219 389.7403869628906 -0.6151173114776611
55.146995544433594 387.4321594238281 -0.6151173114776611
58.413818359375 385.1239318847656 -0.6151173114776611
61.680641174316406 382.8157043457031 -0.6151173114776611
64.94746398925781 380.5074768066406 -0.6151173114776611
68.21428680419922 378.1992492675781 -0.6151173114776611
71.48110961914062 375.8910217285156 -0.6151173114776611
74.74793243408203 373.5827941894531 -0.6151173114776611
78.01475524902344 371.2745666503906 -0.6151173114776611
81.28157806396484 368.9663391113281 -0.6151173114776611
84.54840087890625 366.6581115722656 -0.6151173114776611
87.81522369384766 364.3498840332031 -0.6151173114776611
87.81522369384766 364.3498840332031 -0.21511730551719666
87.81522369384766 364.3498840332031 0.18488270044326782
87.81522369384766 364.3498840332031 0.5848827362060547
91.15032958984375 366.55828857421875 0.5848827362060547
94.48543548583984 368.7666931152344 0.5848827362060547
97.82054138183594 370.97509765625 0.5848827362060547
101.15564727783203 373.1835021972656 0.5848827362060547
104.49075317382812 375.39190673828125 0.5848827362060547
107.82585906982422 377.6003112792969 0.5848827362060547
111.16096496582031 379.8087158203125 0.5848827362060547
114.4960708618164 382.0171203613281 0.5848827362060547
117.8311767578125 384.22552490234375 0.5848827362060547
121.1662826538086 386.4339294433594 0.5848827362060547
124.50138854980469 388.642333984375 0.5848827362060547
127.83649444580078 390.8507385253906 0.5848827362060547
127.83649444580078 390.8507385253906 0.9848827123641968
130.04833984375 394.1835632324219 0.9848827123641968
132.2601776123047 397.5163879394531 0.9848827123641968
134.47201538085938 400.8492126464844 0.9848827123641968
134.47201538085938 400.8492126464844 1.3848826885223389
135.21139526367188 404.7802734375 1.3848826885223389
135.95077514648438 408.7113342285156 1.3848826885223389
136.69015502929688 412.64239501953125 1.3848826885223389
137.42953491210938 416.5734558105469 1.3848826885223389
138.16891479492188 420.5045166015625 1.3848826885223389
138.90829467773438 424.4355773925781 1.3848826885223389
139.64767456054688 428.36663818359375 1.3848826885223389
140.38705444335938 432.2976989746094 1.3848826885223389
141.12643432617188 436.228759765625 1.3848826885223389
141.86581420898438 440.1598205566406 1.3848826885223389
141.86581420898438 440.1598205566406 1.784882664680481
141.86581420898438 440.1598205566406 2.184882640838623
141.86581420898438 440.1598205566406 2.5848827362060547
141.86581420898438 440.1598205566406 2.9848828315734863
141.86581420898438 440.1598205566406 -2.8983023166656494
141.86581420898438 440.1598205566406 -2.4983022212982178
141.86581420898438 440.1598205566406 -2.098302125930786
141.86581420898438 440.1598205566406 -1.698302149772644
141.5061798095703 438.7880859375 -1.9561002254486084
140.80870056152344 437.5533752441406 -2.213898181915283
140.80870056152344 437.5533752441406 -1.8138982057571411
140.2932586669922 436.2322692871094 -2.0716962814331055
140.2932586669922 436.2322692871094 -1.6716963052749634
139.97024536132812 434.8514709472656 -1.9294943809509277
139.3058624267578 433.5986328125 -2.1872923374176025
139.3058624267578 433.5986328125 -1.7872923612594604
138.82574462890625 432.2642822265625 -2.045090436935425
138.82574462890625 432.2642822265625 -1.6450904607772827
138.53958129882812 430.8753662109375 -1.902888536453247
137.9087677001953 429.6053161621094 -2.160686492919922
137.9087677001953 429.6053161621094 -1.7606865167617798
137.4643096923828 428.2586669921875 -2.018484592437744
137.4643096923828 428.2586669921875 -1.618484616279602
137.21519470214844 426.8626403808594 -1.8762826919555664
136.61839294433594 425.5762634277344 -2.134080648422241
136.61839294433594 425.5762634277344 -1.7340806722640991
136.2099151611328 424.2182922363281 -1.9918787479400635
136.2099151611328 424.2182922363281 -1.5918787717819214
135.99803161621094 422.8161315917969 -1.8496768474578857
135.43565368652344 421.5143127441406 -2.1074748039245605
135.43565368652344 421.5143127441406 -1.7074748277664185
135.06344604492188 420.14593505859375 -1.9652729034423828
135.06344604492188 420.14593505859375 -1.5652729272842407
134.88893127441406 418.7386169433594 -1.823071002960205
134.36138916015625 417.42230224609375 -2.08086895942688
134.36138916015625 417.42230224609375 -1.6808689832687378
134.02572631835938 416.0445251464844 -1.9386670589447021
134.02572631835938 416.0445251464844 -1.53866708278656
133.8887176513672 414.6330871582031 -1.7964651584625244
133.39637756347656 413.30322265625 -2.054263114929199
133.39637756347656 413.30322265625 -1.6542631387710571
133.0974884033203 411.9169921875 -1.9120612144470215
133.0974884033203 411.9169921875 -1.5120612382888794
132.99807739257812 410.5024108886719 -1.7698593139648438
132.54129028320312 409.159912109375 -2.0276572704315186
132.54129028320312 409.159912109375 -1.6276572942733765
132.2793731689453 407.7662353515625 -1.8854553699493408
132.2793731689453 407.7662353515625 -1.4854553937911987
132.21762084960938 406.3494873046875 -1.743253469467163
131.7967071533203 404.99530029296875 -2.001051425933838
131.7967071533203 404.99530029296875 -1.6010514497756958
131.57196044921875 403.5951232910156 -1.8588495254516602
130.99766540527344 402.29852294921875 -2.116647481918335
130.99766540527344 402.29852294921875 -1.7166475057601929
130.61293029785156 400.9336242675781 -1.9744455814361572
130.61293029785156 400.9336242675781 -1.5744456052780151
130.42552185058594 399.5279846191406 -1.8322436809539795
129.88592529296875 398.2165832519531 -2.0900416374206543
129.88592529296875 398.2165832519531 -1.6900416612625122
129.53762817382812 396.8419494628906 -1.9478397369384766
129.53762817382812 396.8419494628906 -1.5478397607803345
129.38768005371094 395.43182373046875 -1.8056378364562988
128.88316345214844 394.10650634765625 -2.0634357929229736
128.88316345214844 394.10650634765625 -1.6634358167648315
128.57156372070312 392.72308349609375 -1.921233892440796
128.57156372070312 392.72308349609375 -1.5212339162826538
128.4591827392578 391.3094482421875 -1.7790319919586182
127.99010467529297 389.97119140625 -2.036829948425293
127.99010467529297 389.97119140625 -1.6368299722671509
127.71542358398438 388.5799560546875 -1.8946280479431152
127.71542358398438 388.5799560546875 -1.4946280717849731
127.64067840576172 387.1638488769531 -1.7524261474609375
127.20736694335938 385.8135986328125 -2.0102241039276123
127.20736694335938 385.8135986328125 -1.6102241277694702
126.96978759765625 384.4155578613281 -1.8680222034454346
126.96978759765625 384.4155578613281 -1.4680222272872925
126.93248748779297 383.8887939453125 -1.814948558807373
126.93248748779297 383.8887939453125 -1.414948582649231
126.92318725585938 383.3608093261719 -1.7618749141693115
126.47713470458984 382.01470947265625 -2.0196728706359863
126.47713470458984 382.01470947265625 -1.6196728944778442
126.22635650634766 380.6189880371094 -1.8774709701538086
126.22635650634766 380.6189880371094 -1.4774709939956665
126.18408203125 380.09259033203125 -1.824397325515747
126.18408203125 380.09259033203125 -1.424397349357605
126.16979217529297 379.564697265625 -1.7713236808776855
125.71104431152344 378.2228698730469 -2.0291216373443604
125.71104431152344 378.2228698730469 -1.6291216611862183
125.44709014892578 376.8295593261719 -1.8869197368621826
125.44709014892578 376.8295593261719 -1.4869197607040405
125.39984130859375 376.3035888671875 -1.833846092224121
125.39984130859375 376.3035888671875 -1.433846116065979
125.38056182861328 375.7758483886719 -1.7807724475860596
124.90764617919922 374.43292236328125 -2.0380027294158936
124.90764617919922 374.43292236328125 -1.6380027532577515
124.63133239746094 373.0420227050781 -1.8958008289337158
124.63133239746094 373.0420227050781 -1.4958008527755737
124.57941436767578 372.5165100097656 -1.8427271842956543
124.57941436767578 372.5165100097656 -1.4427272081375122
124.55545043945312 371.9889831542969 -1.7896535396575928
124.55545043945312 371.9889831542969 -1.3896535634994507
124.55950927734375 371.4609069824219 -1.7365798950195312
124.14764404296875 370.10394287109375 -1.9943779706954956
124.14764404296875 370.10394287109375 -1.5943779945373535
123.9974136352539 369.28704833984375 -1.9109718799591064
123.9974136352539 369.28704833984375 -1.5109719038009644
123.93753051757812 368.76239013671875 -1.857898235321045
123.93753051757812 368.76239013671875 -1.4578982591629028
123.90556335449219 368.23529052734375 -1.8048245906829834
123.90556335449219 368.23529052734375 -1.4048246145248413
123.90160369873047 367.70721435546875 -1.7517509460449219
123.46920013427734 366.3566589355469 -2.0095489025115967
123.46920013427734 366.3566589355469 -1.6095489263534546
123.30659484863281 365.5421447753906 -1.9261428117752075
123.30659484863281 365.5421447753906 -1.5261428356170654
123.21240997314453 364.7169189453125 -1.8427367210388184
123.21240997314453 364.7169189453125 -1.4427367448806763
123.18843841552734 364.18939208984375 -1.7896630764007568
122.3199462890625 360.2848205566406 -1.7896630764007568
121.45145416259766 356.3802490234375 -1.7896630764007568
120.58296203613281 352.4756774902344 -1.7896630764007568
119.71446990966797 348.57110595703125 -1.7896630764007568
118.84597778320312 344.6665344238281 -1.7896630764007568
118.84597778320312 344.6665344238281 -1.3896631002426147
118.92001342773438 343.2503967285156 -1.647461175918579
118.61365509033203 339.26214599609375 -1.647461175918579
118.30729675292969 335.2738952636719 -1.647461175918579
118.00093841552734 331.28564453125 -1.647461175918579
117.694580078125 327.2973937988281 -1.647461175918579
117.5638656616211 326.7857360839844 -1.9943875074386597
115.91971588134766 323.1392517089844 -1.9943875074386597
114.27556610107422 319.4927673339844 -1.9943875074386597
112.63141632080078 315.8462829589844 -1.9943875074386597
110.98726654052734 312.1997985839844 -1.9943875074386597
109.3431167602539 308.5533142089844 -1.9943875074386597
107.69896697998047 304.9068298339844 -1.9943875074386597
106.05481719970703 301.2603454589844 -1.9943875074386597
104.4106674194336 297.6138610839844 -1.9943875074386597
102.76651763916016 293.9673767089844 -1.9943875074386597
101.12236785888672 290.3208923339844 -1.9943875074386597
99.47821807861328 286.6744079589844 -1.9943875074386597
97.83406829833984 283.0279235839844 -1.9943875074386597
96.1899185180664 279.3814392089844 -1.9943875074386597
94.54576873779297 275.7349548339844 -1.9943875074386597
92.90161895751953 272.0884704589844 -1.9943875074386597
91.2574691772461 268.4419860839844 -1.9943875074386597
89.61331939697266 264.7955017089844 -1.9943875074386597
87.96916961669922 261.1490173339844 -1.9943875074386597
86.32501983642578 257.5025329589844 -1.9943875074386597
84.68087005615234 253.85606384277344 -1.9943875074386597
83.0367202758789 250.2095947265625 -1.9943875074386597
81.39257049560547 246.56312561035156 -1.9943875074386597
79.74842071533203 242.91665649414062 -1.9943875074386597
78.1042709350586 239.2701873779297 -1.9943875074386597
76.46012115478516 235.62371826171875 -1.9943875074386597
74.81597137451172 231.9772491455078 -1.9943875074386597
73.17182159423828 228.33078002929688 -1.9943875074386597
71.52767181396484 224.68431091308594 -1.9943875074386597
69.8835220336914 221.037841796875 -1.9943875074386597
68.23937225341797 217.39137268066406 -1.9943875074386597
66.59522247314453 213.74490356445312 -1.9943875074386597
64.9510726928711 210.0984344482422 -1.9943875074386597
63.30692672729492 206.45196533203125 -1.9943875074386597
63.30692672729492 206.45196533203125 -1.5943875312805176
63.30692672729492 206.45196533203125 -1.1943875551223755
64.77725982666016 202.7320098876953 -1.1943875551223755
66.24758911132812 199.01205444335938 -1.1943875551223755
67.7179183959961 195.29209899902344 -1.1943875551223755
69.18824768066406 191.5721435546875 -1.1943875551223755
70.65857696533203 187.85218811035156 -1.1943875551223755
72.12890625 184.13223266601562 -1.1943875551223755
73.59923553466797 180.4122772216797 -1.1943875551223755
75.06956481933594 176.69232177734375 -1.1943875551223755
76.5398941040039 172.9723663330078 -1.1943875551223755
78.01022338867188 169.25241088867188 -1.1943875551223755
79.48055267333984 165.53245544433594 -1.1943875551223755
80.95088195800781 161.8125 -1.1943875551223755
82.42121124267578 158.09254455566406 -1.1943875551223755
82.42121124267578 158.09254455566406 -1.1943875551223755
82.42121124267578 158.09254455566406 -1.1943875551223755
82.42121124267578 158.09254455566406 -1.1943875551223755
82.42121124267578 158.09254455566406 -1.1943875551223755
82.42121124267578 158.09254455566406 -1.1943875551223755
82.42121124267578 158.09254455566406 -1.1943875551223755
82.42121124267578 158.09254455566406 -1.1943875551223755
82.42121124267578 158.09254455566406 -1.1943875551223755
82.42121124267578 158.09254455566406 -1.1943875551223755
82.42121124267578 158.09254455566406 -1.1943875551223755
