-392.4705900523223
-394.84405787652
-397.11758708911475
-399.28855948017855
-401.35448303894697
-403.31301235874355
-405.1619995796306
-406.8993638450937
-408.52323533857646
-410.03185590189906
-411.4235722682966
-412.6969213501207
-413.85056337154595
-414.8832764014115
-415.7939851205417
-416.58175366838964
-417.24575407244294
-417.7852968866712
-418.19982518991986
-418.48891692119935
-418.6522854148314
-418.6897767918802
-418.60131244448877
-418.38701595866183
-418.0470849422018
-417.61376758766244
-417.2183510838376
-417.2183510838376
-417.2183510838376
-414.39914111736226
-414.39914111736226
-410.51289705108195
-406.6288590851972
-403.385028241694
-399.4473988305292
-395.5110208689905
-391.57593209825575
-387.6421717793823
-383.70978076990167
-379.77880160504935
-375.8492785839564
-371.9212578611568
-367.9947875437928
-364.06991779493256
-360.1467009434465
-356.2251916009298
-352.30544678619657
-348.3875260579167
-344.4714916560167
-340.5574086525183
-336.64534511254874
-332.7353722663212
-328.8275646929545
-324.922000517082
-321.0187616192823
-317.1179338614645
-313.2196073284403
-309.32387658703624
-305.43084096422433
-301.5406048458916
-297.6532779980267
-293.7689759122745
-289.8878201780028
-286.0099388832374
-282.13546704706215
-278.26454708634043
-274.39732931991153
-270.53397251374065
-266.6746444708652
-262.81952267038855
-258.9687949602249
-255.12266030880647
-251.28132962153379
-247.4450266283821
-243.6139888497931
-239.78846864877605
-235.96873437804123
-232.1550716319927
-228.34778461453996
-224.54719763495729
-220.7536567454509
-216.96753153570174
-213.18921710146287
-209.4191221322339
-205.6577135878159
-201.90547694139585
-198.16293320631067
-194.4306421121855
-190.70920561057497
-186.99927174806902
-183.30153894943587
-179.6167607585293
-175.94575109042486
-172.28939005461865
-168.64863041614984
-165.3888543715277
-162.08017936112284
-158.72611526566297
-155.33038734116386
-151.89696249016453
-148.43005937109803
-144.93419656815362
-141.41418761581133
-137.87521836957686
-137.87521836957686
-134.51266206306144
-130.77912305389466
-130.77912305389466
-127.94494773645394
-125.17443916237853
-122.47191813530948
-119.84198424451155
-117.28952036467466
-114.81969313180983
-112.43794830120474
-110.14999976976699
-107.96181095261795
-105.87956716407483
-103.9096376922214
-102.05852640323329
-100.33280999585372
-98.73906347298708
-97.28377302086369
-95.97323715020039
-94.81345899958573
-94.81345899958573
-94.81345899958573
-94.81345899958573
-94.81345899958573
-94.81345899958573
-94.81345899958573
-94.81345899958573
-94.81345899958573
-94.81345899958573
-94.81345899958573
