62.828426361083984 452.82843017578125 0.7853981852531433
65.65685272216797 455.6568603515625 0.7853981852531433
68.48528289794922 458.48529052734375 0.7853981852531433
71.31371307373047 461.313720703125 0.7853981852531433
74.14214324951172 464.14215087890625 0.7853981852531433
76.97057342529297 466.9705810546875 0.7853981852531433
79.79900360107422 469.79901123046875 0.7853981852531433
82.62743377685547 472.62744140625 0.7853981852531433
85.45586395263672 475.45587158203125 0.7853981852531433
88.28429412841797 478.2843017578125 0.7853981852531433
91.11272430419922 481.11273193359375 0.7853981852531433
93.94115447998047 483.941162109375 0.7853981852531433
96.76958465576172 486.76959228515625 0.7853981852531433
99.59801483154297 489.5980224609375 0.7853981852531433
102.42644500732422 492.42645263671875 0.7853981852531433
105.25487518310547 495.2548828125 0.7853981852531433
108.08330535888672 498.08331298828125 0.7853981852531433
110.91173553466797 500.9117431640625 0.7853981852531433
113.74016571044922 503.74017333984375 0.7853981852531433
116.56859588623047 506.568603515625 0.7853981852531433
119.39702606201172 509.39703369140625 0.7853981852531433
122.22545623779297 512.2254638671875 0.7853981852531433
125.05388641357422 515.0538940429688 0.7853981852531433
127.88231658935547 517.88232421875 0.7853981852531433
130.7107391357422 520.7107543945312 0.7853981852531433
133.53916931152344 523.5391845703125 0.7853981852531433
133.53916931152344 523.5391845703125 0.38539817929267883
137.24575805664062 525.0429077148438 0.38539817929267883
140.9523468017578 526.546630859375 0.38539817929267883
140.9523468017578 526.546630859375 -0.014601826667785645
144.95191955566406 526.4882202148438 -0.014601826667785645
148.9514923095703 526.4298095703125 -0.014601826667785645
152.95106506347656 526.3713989257812 -0.014601826667785645
156.9506378173828 526.31298828125 -0.014601826667785645
160.95021057128906 526.2545776367188 -0.014601826667785645
164.9497833251953 526.1961669921875 -0.014601826667785645
168.94935607910156 526.1377563476562 -0.014601826667785645
172.9489288330078 526.079345703125 -0.014601826667785645
176.94850158691406 526.0209350585938 -0.014601826667785645
176.94850158691406 526.0209350585938 -0.4146018326282501
180.60960388183594 524.4096069335938 -0.4146018326282501
184.2707061767578 522.7982788085938 -0.4146018326282501
184.2707061767578 522.7982788085938 -0.8146018385887146
186.5561981201172 520.5619506835938 -0.7344467043876648
189.52500915527344 517.8812255859375 -0.7344467043876648
192.4938201904297 515.2005004882812 -0.7344467043876648
195.46263122558594 512.519775390625 -0.7344467043876648
198.4314422607422 509.8390808105469 -0.7344467043876648
201.40025329589844 507.15838623046875 -0.7344467043876648
204.3690643310547 504.4776916503906 -0.7344467043876648
207.33787536621094 501.7969970703125 -0.7344467043876648
210.3066864013672 499.1163024902344 -0.7344467043876648
213.27549743652344 496.43560791015625 -0.7344467043876648
216.2443084716797 493.7549133300781 -0.7344467043876648
219.21311950683594 491.07421875 -0.7344467043876648
222.1819305419922 488.3935241699219 -0.7344467043876648
225.15074157714844 485.71282958984375 -0.7344467043876648
228.1195526123047 483.0321350097656 -0.7344467043876648
231.08836364746094 480.3514404296875 -0.7344467043876648
234.0571746826172 477.6707458496094 -0.7344467043876648
237.02598571777344 474.99005126953125 -0.7344467043876648
239.9947967529297 472.3093566894531 -0.7344467043876648
242.96360778808594 469.628662109375 -0.7344467043876648
242.96360778808594 469.628662109375 -1.1344467401504517
244.65414428710938 466.0034484863281 -1.1344467401504517
246.3446807861328 462.37823486328125 -1.1344467401504517
248.03521728515625 458.7530212402344 -1.1344467401504517
249.7257537841797 455.1278076171875 -1.1344467401504517
251.41629028320312 451.5025939941406 -1.1344467401504517
253.10682678222656 447.87738037109375 -1.1344467401504517
254.79736328125 444.2521667480469 -1.1344467401504517
254.79736328125 444.2521667480469 -1.5344467163085938
254.94273376464844 440.25482177734375 -1.5344467163085938
254.94273376464844 440.25482177734375 -1.9344466924667358
253.5199737548828 436.51641845703125 -1.9344466924667358
252.0972137451172 432.77801513671875 -1.9344466924667358
250.67445373535156 429.03961181640625 -1.9344466924667358
249.25169372558594 425.30120849609375 -1.9344466924667358
247.8289337158203 421.56280517578125 -1.9344466924667358
246.4061737060547 417.82440185546875 -1.9344466924667358
244.98341369628906 414.08599853515625 -1.9344466924667358
243.56065368652344 410.34759521484375 -1.9344466924667358
242.1378936767578 406.60919189453125 -1.9344466924667358
240.7151336669922 402.87078857421875 -1.9344466924667358
240.7151336669922 402.87078857421875 -2.334446668624878
237.94888305664062 399.9815368652344 -2.334446668624878
235.18263244628906 397.09228515625 -2.334446668624878
232.4163818359375 394.2030334472656 -2.334446668624878
229.65013122558594 391.31378173828125 -2.334446668624878
226.88388061523438 388.4245300292969 -2.334446668624878
224.1176300048828 385.5352783203125 -2.334446668624878
224.1176300048828 385.5352783203125 -2.7344467639923096
224.1176300048828 385.5352783203125 -3.134446859359741
224.1176300048828 385.5352783203125 2.7487382888793945
224.1176300048828 385.5352783203125 2.348738193511963
224.1176300048828 385.5352783203125 1.9487382173538208
224.1176300048828 385.5352783203125 1.5487382411956787
224.1176300048828 385.5352783203125 1.1487382650375366
225.7561798095703 389.18426513671875 1.1487382650375366
227.3947296142578 392.833251953125 1.1487382650375366
229.0332794189453 396.48223876953125 1.1487382650375366
230.6718292236328 400.1312255859375 1.1487382650375366
232.3103790283203 403.78021240234375 1.1487382650375366
233.9489288330078 407.42919921875 1.1487382650375366
235.5874786376953 411.07818603515625 1.1487382650375366
237.2260284423828 414.7271728515625 1.1487382650375366
238.8645782470703 418.37615966796875 1.1487382650375366
240.5031280517578 422.025146484375 1.1487382650375366
242.1416778564453 425.67413330078125 1.1487382650375366
243.7802276611328 429.3231201171875 1.1487382650375366
245.4187774658203 432.97210693359375 1.1487382650375366
247.0573272705078 436.62109375 1.1487382650375366
248.6958770751953 440.27008056640625 1.1487382650375366
248.6958770751953 440.27008056640625 0.7487382888793945
248.6958770751953 440.27008056640625 0.34873828291893005
252.45509338378906 441.6369323730469 0.34873828291893005
256.2143249511719 443.0037841796875 0.34873828291893005
259.9735412597656 444.3706359863281 0.34873828291893005
259.9735412597656 444.3706359863281 -0.051261723041534424
263.9682922363281 444.1656799316406 -0.051261723041534424
263.9682922363281 444.1656799316406 -0.4512617290019989
263.9682922363281 444.1656799316406 -0.8512617349624634
266.60443115234375 441.1572265625 -0.8512617349624634
266.60443115234375 441.1572265625 -1.2512617111206055
266.60443115234375 441.1572265625 -1.6512616872787476
266.60443115234375 441.1572265625 -2.0512616634368896
264.75567626953125 437.610107421875 -2.0512616634368896
262.90692138671875 434.06298828125 -2.0512616634368896
261.05816650390625 430.515869140625 -2.0512616634368896
259.20941162109375 426.96875 -2.0512616634368896
259.20941162109375 426.96875 -2.4512617588043213
256.1252746582031 424.42156982421875 -2.4512617588043213
253.0411376953125 421.8743896484375 -2.4512617588043213
249.95700073242188 419.32720947265625 -2.4512617588043213
246.87286376953125 416.780029296875 -2.4512617588043213
243.78872680664062 414.23284912109375 -2.4512617588043213
243.78872680664062 414.23284912109375 -2.851261854171753
243.78872680664062 414.23284912109375 3.031923294067383
243.78872680664062 414.23284912109375 2.631923198699951
243.78872680664062 414.23284912109375 2.2319231033325195
243.78872680664062 414.23284912109375 1.8319231271743774
242.75604248046875 418.0972595214844 1.8319231271743774
241.72335815429688 421.961669921875 1.8319231271743774
240.690673828125 425.8260803222656 1.8319231271743774
239.65798950195312 429.69049072265625 1.8319231271743774
239.65798950195312 429.69049072265625 1.4319231510162354
239.65798950195312 429.69049072265625 1.0319231748580933
241.71066284179688 433.1236267089844 1.0319231748580933
243.76333618164062 436.5567626953125 1.0319231748580933
245.81600952148438 439.9898986816406 1.0319231748580933
245.81600952148438 439.9898986816406 0.6319231986999512
245.81600952148438 439.9898986816406 0.2319231927394867
249.7089080810547 440.9093017578125 0.2319231927394867
253.601806640625 441.8287048339844 0.2319231927394867
257.4947204589844 442.74810791015625 0.2319231927394867
261.38763427734375 443.6675109863281 0.2319231927394867
265.2805480957031 444.5869140625 0.2319231927394867
265.2805480957031 444.5869140625 -0.16807681322097778
265.2805480957031 444.5869140625 -0.5680768489837646
265.2805480957031 444.5869140625 -0.9680768251419067
267.548095703125 441.2917175292969 -0.9680768251419067
267.548095703125 441.2917175292969 -1.3680768013000488
267.548095703125 441.2917175292969 -1.768076777458191
266.7640686035156 437.3692932128906 -1.768076777458191
266.7640686035156 437.3692932128906 -2.168076753616333
264.5144958496094 434.06182861328125 -2.168076753616333
262.2649230957031 430.7543640136719 -2.168076753616333
260.0153503417969 427.4468994140625 -2.168076753616333
257.7657775878906 424.1394348144531 -2.168076753616333
255.5161895751953 420.83197021484375 -2.168076753616333
253.2666015625 417.5245056152344 -2.168076753616333
251.0170135498047 414.217041015625 -2.168076753616333
251.0170135498047 414.217041015625 -2.5680768489837646
247.65701293945312 412.04669189453125 -2.5680768489837646
244.29701232910156 409.8763427734375 -2.5680768489837646
240.93701171875 407.70599365234375 -2.5680768489837646
240.93701171875 407.70599365234375 -2.9680769443511963
240.93701171875 407.70599365234375 2.9151082038879395
240.93701171875 407.70599365234375 2.515108108520508
240.93701171875 407.70599365234375 2.115108013153076
240.93701171875 407.70599365234375 1.715108036994934
240.3617706298828 411.6644287109375 1.715108036994934
239.78652954101562 415.62286376953125 1.715108036994934
239.21128845214844 419.581298828125 1.715108036994934
238.63604736328125 423.53973388671875 1.715108036994934
238.06080627441406 427.4981689453125 1.715108036994934
238.06080627441406 427.4981689453125 1.315108060836792
238.06080627441406 427.4981689453125 0.9151080846786499
240.49961853027344 430.6686706542969 0.9151080846786499
242.9384307861328 433.83917236328125 0.9151080846786499
242.9384307861328 433.83917236328125 0.5151081085205078
242.9384307861328 433.83917236328125 0.11510810256004333
246.91195678710938 434.298583984375 0.11510810256004333
250.88548278808594 434.75799560546875 0.11510810256004333
254.8590087890625 435.2174072265625 0.11510810256004333
258.8325500488281 435.67681884765625 0.11510810256004333
262.80609130859375 436.13623046875 0.11510810256004333
266.7796325683594 436.59564208984375 0.11510810256004333
270.753173828125 437.0550537109375 0.11510810256004333
274.7267150878906 437.51446533203125 0.11510810256004333
278.70025634765625 437.973876953125 0.11510810256004333
278.70025634765625 437.973876953125 -0.28489190340042114
281.802490234375 437.1988525390625 -0.20473676919937134
284.95684814453125 436.6747131347656 -0.12458163499832153
288.1430358886719 436.4048156738281 -0.04442650079727173
291.3406066894531 436.3908996582031 0.035728633403778076
295.3380432128906 436.5337829589844 0.035728633403778076
298.5264587402344 436.77593994140625 0.11588376760482788
301.68524169921875 437.2726135253906 0.19603890180587769
304.7940979003906 438.0206298828125 0.2761940360069275
304.7940979003906 438.0206298828125 -0.12380596995353699
307.9804992675781 437.7532043457031 -0.04365083575248718
311.1780700683594 437.7417907714844 0.03650429844856262
314.3663024902344 437.9864196777344 0.11665943264961243
317.5246887207031 438.4855651855469 0.19681456685066223
320.6329650878906 439.2359924316406 0.27696970105171204
323.67120361328125 440.2328796386719 0.35712483525276184
326.6198425292969 441.4698486328125 0.43727996945381165
329.4599914550781 442.9389343261719 0.5174350738525391
332.1733703613281 444.6307067871094 0.5975902080535889
334.7425842285156 446.5343017578125 0.6777453422546387
337.151123046875 448.63751220703125 0.7579004764556885
337.151123046875 448.63751220703125 0.357900470495224
340.09881591796875 449.87677001953125 0.4380556046962738
342.93780517578125 451.3480529785156 0.518210768699646
345.6498718261719 453.04193115234375 0.5983659029006958
348.2176208496094 454.947509765625 0.6785210371017456
350.6245422363281 457.0525817871094 0.7586761713027954
352.8551940917969 459.3436279296875 0.8388313055038452
355.5285339355469 462.319091796875 0.8388313055038452
358.2018737792969 465.2945556640625 0.8388313055038452
360.8752136230469 468.27001953125 0.8388313055038452
363.5485534667969 471.2454833984375 0.8388313055038452
366.2218933105469 474.220947265625 0.8388313055038452
368.8952331542969 477.1964111328125 0.8388313055038452
371.5685729980469 480.171875 0.8388313055038452
374.2419128417969 483.1473388671875 0.8388313055038452
376.9152526855469 486.122802734375 0.8388313055038452
379.5885925292969 489.0982666015625 0.8388313055038452
382.2619323730469 492.07373046875 0.8388313055038452
384.9352722167969 495.0491943359375 0.8388313055038452
387.6086120605469 498.024658203125 0.8388313055038452
390.2819519042969 501.0001220703125 0.8388313055038452
392.9552917480469 503.9755859375 0.8388313055038452
395.6286315917969 506.9510498046875 0.8388313055038452
398.3019714355469 509.926513671875 0.8388313055038452
400.9753112792969 512.9019775390625 0.8388313055038452
403.6486511230469 515.87744140625 0.8388313055038452
406.3219909667969 518.8529052734375 0.8388313055038452
408.9953308105469 521.828369140625 0.8388313055038452
411.6686706542969 524.8038330078125 0.8388313055038452
411.6686706542969 524.8038330078125 0.43883129954338074
415.2896728515625 526.5033569335938 0.43883129954338074
415.2896728515625 526.5033569335938 0.03883129358291626
419.2866516113281 526.6586303710938 0.03883129358291626
423.28363037109375 526.8139038085938 0.03883129358291626
427.2806091308594 526.9691772460938 0.03883129358291626
431.277587890625 527.1244506835938 0.03883129358291626
435.2745666503906 527.2797241210938 0.03883129358291626
439.27154541015625 527.4349975585938 0.03883129358291626
443.2685241699219 527.5902709960938 0.03883129358291626
447.2655029296875 527.7455444335938 0.03883129358291626
451.2624816894531 527.9008178710938 0.03883129358291626
455.25946044921875 528.0560913085938 0.03883129358291626
459.2564392089844 528.2113647460938 0.03883129358291626
463.25341796875 528.3666381835938 0.03883129358291626
467.2503967285156 528.5219116210938 0.03883129358291626
471.24737548828125 528.6771850585938 0.03883129358291626
475.2443542480469 528.8324584960938 0.03883129358291626
479.2413330078125 528.9877319335938 0.03883129358291626
483.2383117675781 529.1430053710938 0.03883129358291626
487.23529052734375 529.2982788085938 0.03883129358291626
491.2322692871094 529.4535522460938 0.03883129358291626
495.229248046875 529.6088256835938 0.03883129358291626
499.2262268066406 529.7640991210938 0.03883129358291626
503.22320556640625 529.9193725585938 0.03883129358291626
507.2201843261719 530.0746459960938 0.03883129358291626
511.2171630859375 530.2299194335938 0.03883129358291626
511.2171630859375 530.2299194335938 -0.3611687123775482
514.9591064453125 528.8164672851562 -0.3611687123775482
514.9591064453125 528.8164672851562 -0.7611687183380127
517.855224609375 526.057373046875 -0.7611687183380127
520.7513427734375 523.2982788085938 -0.7611687183380127
523.6474609375 520.5391845703125 -0.7611687183380127
523.6474609375 520.5391845703125 -1.1611686944961548
525.2405395507812 516.8701171875 -1.1611686944961548
526.8336181640625 513.2010498046875 -1.1611686944961548
526.8336181640625 513.2010498046875 -1.5611686706542969
526.8721313476562 509.20123291015625 -1.5611686706542969
526.91064453125 505.201416015625 -1.5611686706542969
526.9491577148438 501.20159912109375 -1.5611686706542969
526.9876708984375 497.2017822265625 -1.5611686706542969
527.0261840820312 493.20196533203125 -1.5611686706542969
527.064697265625 489.2021484375 -1.5611686706542969
527.1032104492188 485.20233154296875 -1.5611686706542969
527.1032104492188 485.20233154296875 -1.961168646812439
527.1032104492188 485.20233154296875 -2.361168622970581
524.2607421875 482.38800048828125 -2.361168622970581
521.4182739257812 479.57366943359375 -2.361168622970581
518.5758056640625 476.75933837890625 -2.361168622970581
515.7333374023438 473.94500732421875 -2.361168622970581
512.890869140625 471.13067626953125 -2.361168622970581
510.04840087890625 468.31634521484375 -2.361168622970581
507.86810302734375 465.97735595703125 -2.2810134887695312
505.882080078125 463.4712829589844 -2.2008583545684814
504.1031188964844 460.8142395019531 -2.1207032203674316
502.0126953125 457.4039611816406 -2.1207032203674316
499.9222717285156 453.9936828613281 -2.1207032203674316
497.83184814453125 450.5834045410156 -2.1207032203674316
497.83184814453125 450.5834045410156 -2.5207033157348633
495.30767822265625 448.6204528808594 -2.4405481815338135
492.94879150390625 446.4617004394531 -2.3603930473327637
490.77032470703125 444.1210021972656 -2.280237913131714
488.1646728515625 441.0860900878906 -2.280237913131714
485.55902099609375 438.0511779785156 -2.280237913131714
485.55902099609375 438.0511779785156 -2.6802380084991455
482.75506591796875 436.51416015625 -2.6000828742980957
480.08319091796875 434.757568359375 -2.519927740097046
477.560546875 432.79266357421875 -2.439772605895996
475.20330810546875 430.632080078125 -2.3596174716949463
472.3652038574219 427.8133544921875 -2.3596174716949463
469.527099609375 424.99462890625 -2.3596174716949463
469.527099609375 424.99462890625 -2.759617567062378
466.610107421875 423.6847839355469 -2.679462432861328
463.8073425292969 422.1455993652344 -2.5993072986602783
461.1368103027344 420.3869323730469 -2.5191521644592285
458.6156921386719 418.4200744628906 -2.4389970302581787
455.5630187988281 415.83526611328125 -2.4389970302581787
455.5630187988281 415.83526611328125 -2.8389971256256104
452.55133056640625 414.7608642578125 -2.7588419914245605
449.6353454589844 413.4487609863281 -2.6786868572235107
446.8337707519531 411.9073791503906 -2.598531723022461
444.16461181640625 410.1466369628906 -2.518376588821411
441.64501953125 408.1778259277344 -2.4382214546203613
438.5943603515625 405.5906677246094 -2.4382214546203613
435.543701171875 403.0035095214844 -2.4382214546203613
435.543701171875 403.0035095214844 -2.838221549987793
432.5328369140625 401.9267578125 -2.758066415786743
429.61785888671875 400.6123962402344 -2.6779112815856934
426.8175048828125 399.06884765625 -2.5977561473846436
424.14971923828125 397.3060302734375 -2.5176010131835938
420.90350341796875 394.9689025878906 -2.5176010131835938
417.65728759765625 392.63177490234375 -2.5176010131835938
414.41107177734375 390.2946472167969 -2.5176010131835938
411.16485595703125 387.95751953125 -2.5176010131835938
411.16485595703125 387.95751953125 -2.9176011085510254
408.0780944824219 387.1229248046875 -2.8374459743499756
405.0680847167969 386.0438537597656 -2.757290840148926
402.1541442871094 384.72723388671875 -2.677135705947876
399.35498046875 383.1815185546875 -2.596980571746826
396.6885681152344 381.4166259765625 -2.5168254375457764
393.4441833496094 379.0769958496094 -2.5168254375457764
393.4441833496094 379.0769958496094 -2.916825532913208
390.35809326171875 378.239990234375 -2.836670398712158
387.3489074707031 377.1585693359375 -2.7565152645111084
384.43597412109375 375.8396911621094 -2.6763601303100586
381.63800048828125 374.29180908203125 -2.596204996109009
378.97296142578125 372.5248718261719 -2.516049861907959
375.7303771972656 370.1827087402344 -2.516049861907959
372.48779296875 367.8405456542969 -2.516049861907959
369.2452087402344 365.4983825683594 -2.516049861907959
369.2452087402344 365.4983825683594 -2.9160499572753906
366.1597595214844 364.65899658203125 -2.835894823074341
363.15142822265625 363.57525634765625 -2.755739688873291
360.2395324707031 362.2541198730469 -2.675584554672241
357.4427490234375 360.7040710449219 -2.5954294204711914
354.7790832519531 358.93505859375 -2.5152742862701416
352.2655944824219 356.95843505859375 -2.435119152069092
352.2655944824219 356.95843505859375 -2.8351192474365234
349.2580871582031 355.8723449707031 -2.7549641132354736
346.3471984863281 354.5489501953125 -2.674808979034424
343.5516357421875 352.9967346191406 -2.594653844833374
340.88934326171875 351.22564697265625 -2.514498710632324
337.650390625 348.87847900390625 -2.514498710632324
334.41143798828125 346.53131103515625 -2.514498710632324
331.1724853515625 344.18414306640625 -2.514498710632324
327.93353271484375 341.83697509765625 -2.514498710632324
327.93353271484375 341.83697509765625 -2.914498805999756
324.8493957519531 340.9927978515625 -2.834343671798706
321.8427429199219 339.9043884277344 -2.7541885375976562
318.9328918457031 338.5787353515625 -2.6740334033966064
316.1385192871094 337.02435302734375 -2.5938782691955566
312.7236633300781 334.94140625 -2.5938782691955566
310.0627136230469 333.1682434082031 -2.5137267112731934
306.8255920410156 330.8185729980469 -2.5137267112731934
306.8255920410156 330.8185729980469 -2.913726806640625
303.7420959472656 329.9720153808594 -2.833571672439575
300.7362976074219 328.88128662109375 -2.7534165382385254
297.8274841308594 327.5533752441406 -2.6732614040374756
295.0343322753906 325.996826171875 -2.593106269836426
292.3724060058594 324.2205505371094 -2.5132060050964355
289.1365051269531 321.86920166015625 -2.5132060050964355
289.1365051269531 321.86920166015625 -2.913206100463867
286.053466796875 321.0210266113281 -2.8330509662628174
283.0482177734375 319.9287414550781 -2.7528958320617676
280.14007568359375 318.5993347167969 -2.6727406978607178
277.34771728515625 317.04132080078125 -2.592585563659668
274.6890869140625 315.2647399902344 -2.512430429458618
271.45501708984375 312.9108581542969 -2.512430429458618
271.45501708984375 312.9108581542969 -2.91243052482605
268.37261962890625 312.060302734375 -2.832275390625
265.36822509765625 310.9656677246094 -2.75212025642395
262.46112060546875 309.6340026855469 -2.6719651222229004
259.66998291015625 308.0738220214844 -2.5918099880218506
257.0127258300781 306.295166015625 -2.511654853820801
254.50640869140625 304.3094787597656 -2.431499719619751
252.16714477539062 302.1294860839844 -2.351344585418701
250.0099334716797 299.7691650390625 -2.2711894512176514
248.04864501953125 297.24371337890625 -2.1910343170166016
246.2958526611328 294.5693359375 -2.1108791828155518
244.76283264160156 291.76318359375 -2.030724048614502
244.76283264160156 291.76318359375 -2.4307241439819336
242.4252471923828 289.58135986328125 -2.350569009780884
240.26986694335938 287.2193908691406 -2.270413875579834
238.31053161621094 284.6924133300781 -2.190258741378784
236.559814453125 282.01666259765625 -2.1101036071777344
235.0289764404297 279.2093200683594 -2.0299484729766846
233.7278289794922 276.2884216308594 -1.9497933387756348
232.66473388671875 273.2727355957031 -1.869638204574585
231.8465118408203 270.1816101074219 -1.7894830703735352
231.27842712402344 267.0348815917969 -1.7093279361724854
230.96412658691406 263.852783203125 -1.6291728019714355
230.90562438964844 260.6557312011719 -1.5490176677703857
231.10328674316406 257.4642639160156 -1.468862533569336
231.10328674316406 257.4642639160156 -1.868862509727478
230.28746032714844 254.37249755859375 -1.7887073755264282
229.72181701660156 251.22532653808594 -1.7085522413253784
229.40997314453125 248.04296875 -1.6283971071243286
229.35394287109375 244.8458709716797 -1.5482419729232788
229.5540771484375 241.654541015625 -1.468086838722229
229.5540771484375 241.654541015625 -1.868086814880371
228.74066162109375 238.5621337890625 -1.7879316806793213
228.17745971679688 235.41453552246094 -1.7077765464782715
227.8680877685547 232.23194885253906 -1.6276214122772217
227.81454467773438 229.03480529785156 -1.5474662780761719
228.0171661376953 225.84364318847656 -1.467311143875122
228.0171661376953 225.84364318847656 -1.8673111200332642
227.20614624023438 222.7506103515625 -1.7871559858322144
226.6453857421875 219.60256958007812 -1.7070008516311646
226.33848571777344 216.41973876953125 -1.6268457174301147
226.28741455078125 213.22254943847656 -1.546690583229065
226.4925079345703 210.0315399169922 -1.4665354490280151
226.4925079345703 210.0315399169922 -1.8665354251861572
225.6838836669922 206.93788146972656 -1.7863802909851074
225.1255645751953 203.78941345214844 -1.7062251567840576
224.82113647460938 200.60635375976562 -1.6260700225830078
224.77255249023438 197.4091339111328 -1.545914888381958
224.77255249023438 197.4091339111328 -1.9459148645401
223.72116088867188 194.38934326171875 -1.8657597303390503
222.91493225097656 191.29505920410156 -1.7856045961380005
222.91493225097656 191.29505920410156 -2.1856045722961426
222.91493225097656 191.29505920410156 -2.585604667663574
222.91493225097656 191.29505920410156 -2.985604763031006
218.9635009765625 190.6736297607422 -2.985604763031006
215.01206970214844 190.0522003173828 -2.985604763031006
211.06063842773438 189.43077087402344 -2.985604763031006
211.06063842773438 189.43077087402344 2.89758038520813
211.06063842773438 189.43077087402344 2.4975802898406982
211.06063842773438 189.43077087402344 2.0975801944732666
211.06063842773438 189.43077087402344 1.6975802183151245
211.06063842773438 189.43077087402344 1.2975802421569824
211.06063842773438 189.43077087402344 0.8975802659988403
213.55465698242188 192.5580596923828 0.8975802659988403
216.04867553710938 195.6853485107422 0.8975802659988403
216.04867553710938 195.6853485107422 0.49758026003837585
219.56362915039062 197.59454345703125 0.49758026003837585
223.07858276367188 199.5037384033203 0.49758026003837585
226.59353637695312 201.41293334960938 0.49758026003837585
230.10848999023438 203.32212829589844 0.49758026003837585
233.62344360351562 205.2313232421875 0.49758026003837585
237.13839721679688 207.14051818847656 0.49758026003837585
240.65335083007812 209.04971313476562 0.49758026003837585
240.65335083007812 209.04971313476562 0.09758025407791138
244.6343231201172 209.43942260742188 0.09758025407791138
248.61529541015625 209.82913208007812 0.09758025407791138
252.5962677001953 210.21884155273438 0.09758025407791138
256.5772399902344 210.60855102539062 0.09758025407791138
260.5581970214844 210.99826049804688 0.09758025407791138
264.5391540527344 211.38796997070312 0.09758025407791138
268.5201110839844 211.77767944335938 0.09758025407791138
272.5010681152344 212.16738891601562 0.09758025407791138
276.4820251464844 212.55709838867188 0.09758025407791138
280.4629821777344 212.94680786132812 0.09758025407791138
284.4439392089844 213.33651733398438 0.09758025407791138
288.4248962402344 213.72622680664062 0.09758025407791138
292.4058532714844 214.11593627929688 0.09758025407791138
296.3868103027344 214.50564575195312 0.09758025407791138
300.3677673339844 214.89535522460938 0.09758025407791138
304.3487243652344 215.28506469726562 0.09758025407791138
308.3296813964844 215.67477416992188 0.09758025407791138
312.3106384277344 216.06448364257812 0.09758025407791138
316.2915954589844 216.45419311523438 0.09758025407791138
320.2725524902344 216.84390258789062 0.09758025407791138
324.2535095214844 217.23361206054688 0.09758025407791138
328.2344665527344 217.62332153320312 0.09758025407791138
332.2154235839844 218.01303100585938 0.09758025407791138
336.1963806152344 218.40274047851562 0.09758025407791138
340.1773376464844 218.79244995117188 0.09758025407791138
344.1582946777344 219.18215942382812 0.09758025407791138
348.1392517089844 219.57186889648438 0.09758025407791138
352.1202087402344 219.96157836914062 0.09758025407791138
356.1011657714844 220.35128784179688 0.09758025407791138
360.0821228027344 220.74099731445312 0.09758025407791138
364.0630798339844 221.13070678710938 0.09758025407791138
368.0440368652344 221.52041625976562 0.09758025407791138
372.0249938964844 221.91012573242188 0.09758025407791138
376.0059509277344 222.29983520507812 0.09758025407791138
379.9869079589844 222.68954467773438 0.09758025407791138
383.9678649902344 223.07925415039062 0.09758025407791138
387.9488220214844 223.46896362304688 0.09758025407791138
391.9297790527344 223.85867309570312 0.09758025407791138
395.9107360839844 224.24838256835938 0.09758025407791138
399.8916931152344 224.63809204101562 0.09758025407791138
403.8726501464844 225.02780151367188 0.09758025407791138
407.8536071777344 225.41751098632812 0.09758025407791138
411.8345642089844 225.80722045898438 0.09758025407791138
415.8155212402344 226.19692993164062 0.09758025407791138
419.7964782714844 226.58663940429688 0.09758025407791138
423.7774353027344 226.97634887695312 0.09758025407791138
427.7583923339844 227.36605834960938 0.09758025407791138
431.7393493652344 227.75576782226562 0.09758025407791138
435.7203063964844 228.14547729492188 0.09758025407791138
439.7012634277344 228.53518676757812 0.09758025407791138
443.6822204589844 228.92489624023438 0.09758025407791138
447.6631774902344 229.31460571289062 0.09758025407791138
451.6441345214844 229.70431518554688 0.09758025407791138
455.6250915527344 230.09402465820312 0.09758025407791138
459.6060485839844 230.48373413085938 0.09758025407791138
463.5870056152344 230.87344360351562 0.09758025407791138
467.5679626464844 231.26315307617188 0.09758025407791138
471.5489196777344 231.65286254882812 0.09758025407791138
475.5298767089844 232.04257202148438 0.09758025407791138
479.5108337402344 232.43228149414062 0.09758025407791138
483.4917907714844 232.82199096679688 0.09758025407791138
487.4727478027344 233.21170043945312 0.09758025407791138
491.4537048339844 233.60140991210938 0.09758025407791138
495.4346618652344 233.99111938476562 0.09758025407791138
499.4156188964844 234.38082885742188 0.09758025407791138
503.3965759277344 234.77053833007812 0.09758025407791138
507.3775329589844 235.16024780273438 0.09758025407791138
511.3584899902344 235.54995727539062 0.09758025407791138
511.3584899902344 235.54995727539062 -0.3024197518825531
515.1769409179688 234.35862731933594 -0.3024197518825531
515.1769409179688 234.35862731933594 -0.7024197578430176
518.2300415039062 231.7743682861328 -0.7024197578430176
521.2831420898438 229.1901092529297 -0.7024197578430176
524.3362426757812 226.60585021972656 -0.7024197578430176
524.3362426757812 226.60585021972656 -1.1024197340011597
526.1419677734375 223.03663635253906 -1.1024197340011597
526.1419677734375 223.03663635253906 -1.5024197101593018
526.415283203125 219.04598999023438 -1.5024197101593018
526.6885986328125 215.0553436279297 -1.5024197101593018
526.9619140625 211.064697265625 -1.5024197101593018
527.2352294921875 207.0740509033203 -1.5024197101593018
527.508544921875 203.08340454101562 -1.5024197101593018
527.7818603515625 199.09275817871094 -1.5024197101593018
528.05517578125 195.10211181640625 -1.5024197101593018
528.3284912109375 191.11146545410156 -1.5024197101593018
528.601806640625 187.12081909179688 -1.5024197101593018
528.8751220703125 183.1301727294922 -1.5024197101593018
529.1484375 179.1395263671875 -1.5024197101593018
529.4217529296875 175.1488800048828 -1.5024197101593018
529.695068359375 171.15823364257812 -1.5024197101593018
529.9683837890625 167.16758728027344 -1.5024197101593018
530.24169921875 163.17694091796875 -1.5024197101593018
530.5150146484375 159.18629455566406 -1.5024197101593018
530.788330078125 155.19564819335938 -1.5024197101593018
531.0616455078125 151.2050018310547 -1.5024197101593018
531.3349609375 147.21435546875 -1.5024197101593018
531.6082763671875 143.2237091064453 -1.5024197101593018
531.881591796875 139.23306274414062 -1.5024197101593018
532.1549072265625 135.24241638183594 -1.5024197101593018
532.42822265625 131.25177001953125 -1.5024197101593018
532.7015380859375 127.26111602783203 -1.5024197101593018
532.974853515625 123.27046203613281 -1.5024197101593018
533.2481689453125 119.2798080444336 -1.5024197101593018
533.521484375 115.28915405273438 -1.5024197101593018
533.7947998046875 111.29850006103516 -1.5024197101593018
534.068115234375 107.30784606933594 -1.5024197101593018
534.3414306640625 103.31719207763672 -1.5024197101593018
534.61474609375 99.3265380859375 -1.5024197101593018
534.8880615234375 95.33588409423828 -1.5024197101593018
535.161376953125 91.34523010253906 -1.5024197101593018
535.4346923828125 87.35457611083984 -1.5024197101593018
535.4346923828125 87.35457611083984 -1.9024196863174438
534.1323852539062 83.57251739501953 -1.9024196863174438
534.1323852539062 83.57251739501953 -2.302419662475586
531.4600830078125 80.59615325927734 -2.302419662475586
528.7877807617188 77.61978912353516 -2.302419662475586
526.115478515625 74.64342498779297 -2.302419662475586
523.4431762695312 71.66706085205078 -2.302419662475586
523.4431762695312 71.66706085205078 -2.7024197578430176
519.82275390625 69.96629333496094 -2.7024197578430176
519.82275390625 69.96629333496094 -3.102419853210449
515.8258056640625 69.80963897705078 -3.102419853210449
511.8288879394531 69.65298461914062 -3.102419853210449
507.83197021484375 69.49633026123047 -3.102419853210449
503.8350524902344 69.33967590332031 -3.102419853210449
499.838134765625 69.18302154541016 -3.102419853210449
495.8412170410156 69.0263671875 -3.102419853210449
491.84429931640625 68.86971282958984 -3.102419853210449
487.8473815917969 68.71305847167969 -3.102419853210449
483.8504638671875 68.55640411376953 -3.102419853210449
479.8535461425781 68.39974975585938 -3.102419853210449
475.85662841796875 68.24309539794922 -3.102419853210449
471.8597106933594 68.08644104003906 -3.102419853210449
467.86279296875 67.9297866821289 -3.102419853210449
463.8658752441406 67.77313232421875 -3.102419853210449
459.86895751953125 67.6164779663086 -3.102419853210449
455.8720397949219 67.45982360839844 -3.102419853210449
451.8751220703125 67.30316925048828 -3.102419853210449
447.8782043457031 67.14651489257812 -3.102419853210449
443.88128662109375 66.98986053466797 -3.102419853210449
439.8843688964844 66.83320617675781 -3.102419853210449
435.887451171875 66.67655181884766 -3.102419853210449
431.8905334472656 66.5198974609375 -3.102419853210449
427.89361572265625 66.36324310302734 -3.102419853210449
423.8966979980469 66.20658874511719 -3.102419853210449
419.8997802734375 66.04993438720703 -3.102419853210449
416.71221923828125 65.79679107666016 -3.0222647190093994
413.55517578125 65.28923034667969 -2.9421095848083496
410.44891357421875 64.530517578125 -2.8619544506073
410.44891357421875 64.530517578125 3.021230697631836
407.2616271972656 64.78695678710938 3.1013858318328857
404.06402587890625 64.78736877441406 -3.101644277572632
400.8766784667969 64.53175354003906 -3.021489143371582
397.7213439941406 64.0217514038086 -2.941202163696289
394.61578369140625 63.26022720336914 -2.8610429763793945
391.5811462402344 62.25246810913086 -2.7808878421783447
388.6369323730469 61.00496292114258 -2.700732707977295
388.6369323730469 61.00496292114258 -3.1007328033447266
385.4497985839844 60.74644088745117 -3.0205776691436768
382.2936096191406 60.233558654785156 -2.940422534942627
379.1886291503906 59.469608306884766 -2.860267400741577
375.34588623046875 58.359092712402344 -2.860267400741577
371.5031433105469 57.24857711791992 -2.860267400741577
371.5031433105469 57.24857711791992 3.0229177474975586
368.3154296875 57.49964141845703 3.1030728816986084
365.1178283691406 57.494659423828125 -3.099957227706909
361.930908203125 57.233665466308594 -3.0198020935058594
358.7751159667969 56.71833419799805 -2.9396469593048096
354.8564147949219 55.91603088378906 -2.9396469593048096
354.8564147949219 55.91603088378906 2.943538188934326
351.6986389160156 56.4190788269043 3.023693323135376
348.5107116699219 56.66767120361328 3.103848457336426
345.3131408691406 56.66020965576172 -3.099181652069092
342.1264343261719 56.39674377441406 -3.019026517868042
338.15643310546875 55.90770721435547 -3.019026517868042
334.1864318847656 55.418670654296875 -3.019026517868042
334.1864318847656 55.418670654296875 2.8641586303710938
331.0784912109375 56.1705322265625 2.9443137645721436
327.9203186035156 56.6711311340332 3.0244688987731934
324.7322082519531 56.91725158691406 3.104624032974243
321.55853271484375 56.903602600097656 -3.096021890640259
317.56268310546875 56.72138214111328 -3.096021890640259
313.56683349609375 56.539161682128906 -3.096021890640259
309.57098388671875 56.35694122314453 -3.096021890640259
305.57513427734375 56.174720764160156 -3.096021890640259
301.57928466796875 55.99250030517578 -3.096021890640259
297.58343505859375 55.810279846191406 -3.096021890640259
293.58758544921875 55.62805938720703 -3.096021890640259
293.58758544921875 55.62805938720703 2.787163257598877
290.54669189453125 56.616756439208984 2.8673183917999268
287.4364013671875 57.358795166015625 2.9474735260009766
284.27667236328125 57.84941101074219 3.0276286602020264
284.27667236328125 57.84941101074219 2.6276285648345947
281.43145751953125 59.308624267578125 2.7077836990356445
278.4785461425781 60.53533935546875 2.7879388332366943
275.4368896484375 61.52167510986328 2.868093967437744
272.3260192871094 62.26130294799805 2.948249101638794
269.1659240722656 62.74946975708008 3.0284042358398438
269.1659240722656 62.74946975708008 2.628404140472412
266.319580078125 64.20647430419922 2.708559274673462
263.3656921386719 65.43090057373047 2.7887144088745117
260.3232727050781 66.41487884521484 2.8688695430755615
257.2118225097656 67.15209197998047 2.9490246772766113
254.05133056640625 67.63780975341797 3.029179811477661
250.8621063232422 67.86890411376953 3.109334945678711
246.8641815185547 67.99790954589844 3.109334945678711
242.8662567138672 68.12691497802734 3.109334945678711
238.8683319091797 68.25592041015625 3.109334945678711
234.8704071044922 68.38492584228516 3.109334945678711
230.8724822998047 68.51393127441406 3.109334945678711
226.8745574951172 68.64293670654297 3.109334945678711
222.8766326904297 68.77194213867188 3.109334945678711
218.8787078857422 68.90094757080078 3.109334945678711
214.8807830810547 69.02995300292969 3.109334945678711
210.8828582763672 69.1589584350586 3.109334945678711
206.8849334716797 69.2879638671875 3.109334945678711
202.8870086669922 69.4169692993164 3.109334945678711
198.8890838623047 69.54597473144531 3.109334945678711
194.8911590576172 69.67498016357422 3.109334945678711
190.8932342529297 69.80398559570312 3.109334945678711
186.8953094482422 69.93299102783203 3.109334945678711
182.8973846435547 70.06199645996094 3.109334945678711
178.8994598388672 70.19100189208984 3.109334945678711
174.9015350341797 70.32000732421875 3.109334945678711
170.9036102294922 70.44901275634766 3.109334945678711
166.9056854248047 70.57801818847656 3.109334945678711
166.9056854248047 70.57801818847656 2.7093348503112793
163.95086669921875 71.8001480102539 2.789489984512329
160.9076690673828 72.78176879882812 2.869645118713379
157.795654296875 73.51657104492188 2.9498002529144287
154.63479614257812 73.99983215332031 3.0299553871154785
151.4453887939453 74.22845458984375 3.1101105213165283
151.4453887939453 74.22845458984375 2.7101104259490967
148.4896240234375 75.44829559326172 2.7902655601501465
145.44566345214844 76.42755126953125 2.8704206943511963
142.33306884765625 77.1599349975586 2.950575828552246
139.1718292236328 77.6407470703125 3.030730962753296
135.98223876953125 77.86689758300781 3.1108860969543457
132.7847900390625 77.8369369506836 -3.092144012451172
132.7847900390625 77.8369369506836 2.791041135787964
129.74008178710938 78.81383514404297 2.8711962699890137
126.62692260742188 79.54380798339844 2.9513514041900635
123.46531677246094 80.02217102050781 3.0315065383911133
120.27555847167969 80.245849609375 3.111661672592163
117.07813262939453 80.21340942382812 -3.0913684368133545
113.89356994628906 79.92505645751953 -3.0112133026123047
113.89356994628906 79.92505645751953 2.871971845626831
110.77984619140625 80.6526107788086 2.952126979827881
107.61786651611328 81.1285171508789 3.0322821140289307
104.42793273925781 81.34971618652344 3.1124372482299805
101.23052978515625 81.31478881835938 -3.090592861175537
98.04618835449219 81.02396392822266 -3.0104377269744873
98.04618835449219 81.02396392822266 2.8727474212646484
94.9319076538086 81.74910736083984 2.9529025554656982
91.76956176757812 82.22256469726562 3.033057689666748
88.57946014404297 82.44129180908203 3.113212823867798
85.38208770751953 82.40388488769531 -3.0898172855377197
85.38208770751953 82.40388488769531 2.793367862701416
82.33511352539062 83.37369537353516 2.873522996902466
79.22026824951172 84.09642028808594 2.9536781311035156
76.05755615234375 84.56742095947266 3.0338332653045654
72.8672866821289 84.78367614746094 3.1139883995056152
69.6699447631836 84.74378967285156 -3.0890417098999023
73.66442108154297 84.95389556884766 -3.0890417098999023
70.48053741455078 84.65813446044922 -3.0088865756988525
70.48053741455078 84.65813446044922 2.874298572540283
67.3651351928711 85.37844848632812 2.954453706741333
67.3651351928711 85.37844848632812 2.5544536113739014
64.63420867919922 87.0417709350586 2.634608745574951
61.77886962890625 88.48108673095703 2.714763879776001
58.81745529174805 89.6871566772461 2.794919013977051
55.76914978027344 90.65215301513672 2.8750929832458496
55.76914978027344 90.65215301513672 2.475092887878418
53.17868423461914 92.52674102783203 2.5552480220794678
50.44643783569336 94.18789672851562 2.6354031562805176
47.58995819091797 95.62494659423828 2.7155582904815674
47.58995819091797 95.62494659423828 2.3155581951141357
47.58995819091797 95.62494659423828 1.9155582189559937
47.58995819091797 95.62494659423828 1.5155582427978516
47.58995819091797 95.62494659423828 1.1155582666397095
47.58995819091797 95.62494659423828 0.7155582904815674
47.58995819091797 95.62494659423828 0.3155582845211029
47.58995819091797 95.62494659423828 -0.08444172143936157
47.58995819091797 95.62494659423828 -0.48444172739982605
51.12969970703125 93.76209259033203 -0.48444172739982605
54.66944122314453 91.89923858642578 -0.48444172739982605
58.20918273925781 90.03638458251953 -0.48444172739982605
58.20918273925781 90.03638458251953 -0.8844417333602905
58.20918273925781 90.03638458251953 -1.2844417095184326
59.339012145996094 86.19926452636719 -1.2844417095184326
60.468841552734375 82.36214447021484 -1.2844417095184326
61.598670959472656 78.5250244140625 -1.2844417095184326
61.598670959472656 78.5250244140625 -1.6844416856765747
61.598670959472656 78.5250244140625 -2.084441661834717
60.14036178588867 75.67933654785156 -2.004286527633667
58.914588928222656 72.72602081298828 -1.9241313934326172
58.914588928222656 72.72602081298828 -2.324131488800049
56.82240295410156 70.30789184570312 -2.243976354598999
54.93054962158203 67.7300033569336 -2.163821220397949
53.251182556152344 65.00891876220703 -2.0836660861968994
51.795082092285156 62.16210174560547 -2.0035109519958496
51.795082092285156 62.16210174560547 -2.4035110473632812
51.795082092285156 62.16210174560547 -2.803511142730713
51.795082092285156 62.16210174560547 3.079674005508423
51.795082092285156 62.16210174560547 2.679673910140991
51.795082092285156 62.16210174560547 2.2796738147735596
51.795082092285156 62.16210174560547 1.8796738386154175
51.795082092285156 62.16210174560547 1.4796738624572754
51.795082092285156 62.16210174560547 1.0796738862991333
51.795082092285156 62.16210174560547 0.6796739101409912
51.795082092285156 62.16210174560547 0.27967390418052673
