-390.0
-390.0
-390.0
-390.0
-390.0
-391.41279030434936
-391.41279030434936
-391.41279030434936
-391.41279030434936
-391.41279030434936
-387.63946502660144
-383.8707299576095
-380.10672163232147
-376.3475818731393
-372.5934580387214
-368.844503286345
-365.10087684865084
-361.3627443256455
-357.6302779928944
-353.90365712689805
-350.18306834870833
-346.46870598691044
-342.760772461169
-339.0594786876121
-335.3650445074119
-331.677699140003
-327.9976816624767
-324.32524151677956
-320.660638878955
-317.00414571043814
-313.35604589500537
-309.7166360244533
-306.0862260730749
-302.46514011207023
-302.46514011207023
-298.4686383978808
-294.4722318272688
-290.47592432722826
-286.47972004377505
-282.4836233574239
-278.48763889999725
-274.4917715728994
-270.4960265670078
-266.5004093843519
-262.5049258617675
-258.50958219674203
-254.51438497568915
-250.519341204925
-246.52445834465007
-242.5297443462837
-242.5297443462837
-242.5297443462837
-242.5297443462837
-242.5297443462837
-242.5297443462837
-242.5297443462837
-245.35184414986657
-248.20632114503715
-251.09207111836972
-254.0080282082001
-254.0080282082001
-257.7711394243308
-261.5412822971004
-261.5412822971004
-261.5412822971004
-261.5412822971004
-261.5412822971004
-262.78492531264817
-264.08330422573135
-265.43561581526666
-266.8410401136285
-268.2987424641791
-269.80787553375876
-269.80787553375876
-269.80787553375876
-269.80787553375876
-269.80787553375876
-269.80787553375876
-265.8104167525561
-261.81303596838984
-257.8157368092448
-253.81852313157273
-249.82139903855753
-245.82436890016055
-241.82743737515145
-237.83060943535827
-233.8338903924014
-233.8338903924014
-233.8338903924014
-233.8338903924014
-233.8338903924014
-233.8338903924014
-233.8338903924014
-236.90558530125645
-240.00463430163123
-243.1299913915026
-246.28065520982668
-249.45566645647168
-252.6541074519607
-255.8750995816023
-259.1178018737548
-262.38140939922084
-265.66515171772187
-268.9682913737646
-272.290122443485
-275.6299691334332
-278.98718443174073
-278.98718443174073
-278.98718443174073
-278.98718443174073
-278.98718443174073
-278.98718443174073
-278.98718443174073
-278.98718443174073
-276.5581313221829
-274.1659188473473
-274.1659188473473
-270.73369784988193
-267.31726311008816
-263.9172276927012
-260.53423364400714
-257.1689534898704
-253.82209180608405
-250.49438686264656
-247.18661234319777
-243.89957914038195
-240.63413722732813
-237.3911776047327
-234.171634322176
-230.9764865712788
-227.80676084708583
-224.66353317262374
-221.54793137988875
-221.54793137988875
-217.71051147687666
-213.87904904649307
-210.05387008868638
-206.23532423455222
-206.23532423455222
-206.23532423455222
-206.23532423455222
-206.23532423455222
-206.23532423455222
-206.23532423455222
-206.23532423455222
-206.23532423455222
-206.23532423455222
-206.23532423455222
