60.0 450.0 0.38539817929267883
60.0 450.0 -0.014601826667785645
60.0 450.0 -0.4146018326282501
60.0 450.0 -0.8146018385887146
60.0 450.0 -1.2146018743515015
60.0 450.0 -1.6146018505096436
59.824832916259766 446.00384521484375 -1.6146018505096436
59.64966583251953 442.0076904296875 -1.6146018505096436
59.4744987487793 438.01153564453125 -1.6146018505096436
59.29933166503906 434.015380859375 -1.6146018505096436
59.12416458129883 430.01922607421875 -1.6146018505096436
58.948997497558594 426.0230712890625 -1.6146018505096436
58.77383041381836 422.02691650390625 -1.6146018505096436
58.598663330078125 418.03076171875 -1.6146018505096436
58.42349624633789 414.03460693359375 -1.6146018505096436
58.248329162597656 410.0384521484375 -1.6146018505096436
58.07316207885742 406.04229736328125 -1.6146018505096436
57.89799499511719 402.046142578125 -1.6146018505096436
57.72282791137695 398.04998779296875 -1.6146018505096436
57.54766082763672 394.0538330078125 -1.6146018505096436
57.372493743896484 390.05767822265625 -1.6146018505096436
57.19732666015625 386.0615234375 -1.6146018505096436
57.022159576416016 382.06536865234375 -1.6146018505096436
56.84699249267578 378.0692138671875 -1.6146018505096436
56.67182540893555 374.07305908203125 -1.6146018505096436
56.67182540893555 374.07305908203125 -2.014601945877075
54.954307556152344 370.4605712890625 -2.014601945877075
53.23678970336914 366.84808349609375 -2.014601945877075
51.51927185058594 363.235595703125 -2.014601945877075
49.801753997802734 359.62310791015625 -2.014601945877075
48.08423614501953 356.0106201171875 -2.014601945877075
46.36671829223633 352.39813232421875 -2.014601945877075
44.649200439453125 348.78564453125 -2.014601945877075
42.93168258666992 345.17315673828125 -2.014601945877075
41.21416473388672 341.5606689453125 -2.014601945877075
39.496646881103516 337.94818115234375 -2.014601945877075
37.77912902832031 334.335693359375 -2.014601945877075
36.06161117553711 330.72320556640625 -2.014601945877075
34.344093322753906 327.1107177734375 -2.014601945877075
32.6265754699707 323.49822998046875 -2.014601945877075
30.9090576171875 319.8857421875 -2.014601945877075
29.191539764404297 316.27325439453125 -2.014601945877075
27.474021911621094 312.6607666015625 -2.014601945877075
25.75650405883789 309.04827880859375 -2.014601945877075
24.038986206054688 305.435791015625 -2.014601945877075
22.321468353271484 301.82330322265625 -2.014601945877075
22.321468353271484 301.82330322265625 -2.414602041244507
22.321468353271484 301.82330322265625 -2.8146021366119385
22.321468353271484 301.82330322265625 3.0685830116271973
22.321468353271484 301.82330322265625 2.6685829162597656
22.321468353271484 301.82330322265625 2.268582820892334
22.321468353271484 301.82330322265625 1.868582844734192
22.321468353271484 301.82330322265625 1.4685828685760498
22.321468353271484 301.82330322265625 1.0685828924179077
24.24693489074707 305.3293762207031 1.0685828924179077
26.172401428222656 308.83544921875 1.0685828924179077
28.097867965698242 312.3415222167969 1.0685828924179077
30.023334503173828 315.84759521484375 1.0685828924179077
31.948801040649414 319.3536682128906 1.0685828924179077
33.874267578125 322.8597412109375 1.0685828924179077
35.79973602294922 326.3658142089844 1.0685828924179077
37.72520446777344 329.87188720703125 1.0685828924179077
39.650672912597656 333.3779602050781 1.0685828924179077
41.576141357421875 336.884033203125 1.0685828924179077
41.576141357421875 336.884033203125 0.6685829162597656
44.714942932128906 339.363525390625 0.6685829162597656
47.85374450683594 341.843017578125 0.6685829162597656
50.99254608154297 344.322509765625 0.6685829162597656
54.13134765625 346.802001953125 0.6685829162597656
57.27014923095703 349.281494140625 0.6685829162597656
60.40895080566406 351.760986328125 0.6685829162597656
63.547752380371094 354.240478515625 0.6685829162597656
66.68655395507812 356.719970703125 0.6685829162597656
66.68655395507812 356.719970703125 0.26858291029930115
66.68655395507812 356.719970703125 -0.13141709566116333
70.65206146240234 356.19580078125 -0.13141709566116333
70.65206146240234 356.19580078125 -0.5314171314239502
70.65206146240234 356.19580078125 -0.9314171075820923
70.65206146240234 356.19580078125 -1.3314170837402344
70.65206146240234 356.19580078125 -1.7314170598983765
70.65206146240234 356.19580078125 -2.1314170360565186
68.52521514892578 352.80810546875 -2.1314170360565186
66.39836883544922 349.42041015625 -2.1314170360565186
64.27152252197266 346.03271484375 -2.1314170360565186
62.144676208496094 342.64501953125 -2.1314170360565186
60.01782989501953 339.25732421875 -2.1314170360565186
57.89098358154297 335.86962890625 -2.1314170360565186
55.764137268066406 332.48193359375 -2.1314170360565186
53.637290954589844 329.09423828125 -2.1314170360565186
51.51044464111328 325.70654296875 -2.1314170360565186
49.38359832763672 322.31884765625 -2.1314170360565186
47.256752014160156 318.93115234375 -2.1314170360565186
45.129905700683594 315.54345703125 -2.1314170360565186
43.00305938720703 312.15576171875 -2.1314170360565186
40.87621307373047 308.76806640625 -2.1314170360565186
38.749366760253906 305.38037109375 -2.1314170360565186
36.622520446777344 301.99267578125 -2.1314170360565186
34.49567413330078 298.60498046875 -2.1314170360565186
32.36882781982422 295.21728515625 -2.1314170360565186
30.241979598999023 291.82958984375 -2.1314170360565186
28.115131378173828 288.44189453125 -2.1314170360565186
25.988283157348633 285.05419921875 -2.1314170360565186
23.861434936523438 281.66650390625 -2.1314170360565186
21.734586715698242 278.27880859375 -2.1314170360565186
19.607738494873047 274.89111328125 -2.1314170360565186
17.48089027404785 271.50341796875 -2.1314170360565186
17.48089027404785 271.50341796875 -2.1314170360565186
17.48089027404785 271.50341796875 -2.53141713142395
17.48089027404785 271.50341796875 -2.931417226791382
17.48089027404785 271.50341796875 2.951767921447754
17.48089027404785 271.50341796875 2.5517678260803223
17.48089027404785 271.50341796875 2.1517677307128906
17.48089027404785 271.50341796875 1.7517677545547485
17.48089027404785 271.50341796875 1.3517677783966064
18.35001564025879 275.4078674316406 1.3517677783966064
19.219141006469727 279.31231689453125 1.3517677783966064
20.088266372680664 283.2167663574219 1.3517677783966064
20.9573917388916 287.1212158203125 1.3517677783966064
21.82651710510254 291.0256652832031 1.3517677783966064
22.695642471313477 294.93011474609375 1.3517677783966064
23.564767837524414 298.8345642089844 1.3517677783966064
24.43389320373535 302.739013671875 1.3517677783966064
24.43389320373535 302.739013671875 0.9517678022384644
26.75486946105957 305.9967956542969 0.9517678022384644
29.07584571838379 309.25457763671875 0.9517678022384644
31.396821975708008 312.5123596191406 0.9517678022384644
33.71780014038086 315.7701416015625 0.9517678022384644
36.03877639770508 319.0279235839844 0.9517678022384644
38.3597526550293 322.28570556640625 0.9517678022384644
40.680728912353516 325.5434875488281 0.9517678022384644
43.001705169677734 328.80126953125 0.9517678022384644
45.32268142700195 332.0590515136719 0.9517678022384644
47.64365768432617 335.31683349609375 0.9517678022384644
49.96463394165039 338.5746154785156 0.9517678022384644
52.28561019897461 341.8323974609375 0.9517678022384644
54.60658645629883 345.0901794433594 0.9517678022384644
54.60658645629883 345.0901794433594 0.5517678260803223
58.01298141479492 347.18695068359375 0.5517678260803223
61.419376373291016 349.2837219238281 0.5517678260803223
64.82577514648438 351.3804931640625 0.5517678260803223
68.23217010498047 353.4772644042969 0.5517678260803223
71.63856506347656 355.57403564453125 0.5517678260803223
75.04496002197266 357.6708068847656 0.5517678260803223
75.04496002197266 357.6708068847656 0.1517678201198578
75.04496002197266 357.6708068847656 -0.2482321858406067
78.92235565185547 356.68804931640625 -0.2482321858406067
78.92235565185547 356.68804931640625 -0.6482322216033936
78.92235565185547 356.68804931640625 -1.0482321977615356
78.92235565185547 356.68804931640625 -1.4482321739196777
78.92235565185547 356.68804931640625 -1.8482321500778198
78.92235565185547 356.68804931640625 -2.248232126235962
76.41516876220703 353.5713195800781 -2.248232126235962
73.9079818725586 350.45458984375 -2.248232126235962
71.40079498291016 347.3378601074219 -2.248232126235962
68.89360809326172 344.22113037109375 -2.248232126235962
66.38642120361328 341.1044006347656 -2.248232126235962
63.879234313964844 337.9876708984375 -2.248232126235962
61.372047424316406 334.8709411621094 -2.248232126235962
58.86486053466797 331.75421142578125 -2.248232126235962
56.35767364501953 328.6374816894531 -2.248232126235962
53.850486755371094 325.520751953125 -2.248232126235962
51.343299865722656 322.4040222167969 -2.248232126235962
48.83611297607422 319.28729248046875 -2.248232126235962
46.32892608642578 316.1705627441406 -2.248232126235962
43.821739196777344 313.0538330078125 -2.248232126235962
41.314552307128906 309.9371032714844 -2.248232126235962
38.80736541748047 306.82037353515625 -2.248232126235962
36.30017852783203 303.7036437988281 -2.248232126235962
33.792991638183594 300.5869140625 -2.248232126235962
31.285802841186523 297.4701843261719 -2.248232126235962
28.778614044189453 294.35345458984375 -2.248232126235962
26.271425247192383 291.2367248535156 -2.248232126235962
23.764236450195312 288.1199951171875 -2.248232126235962
23.764236450195312 288.1199951171875 -2.6482322216033936
23.764236450195312 288.1199951171875 -3.048232316970825
23.764236450195312 288.1199951171875 2.8349528312683105
23.764236450195312 288.1199951171875 2.434952735900879
23.764236450195312 288.1199951171875 2.0349526405334473
23.764236450195312 288.1199951171875 1.6349526643753052
23.764236450195312 288.1199951171875 1.234952688217163
25.082500457763672 291.8965148925781 1.234952688217163
26.40076446533203 295.67303466796875 1.234952688217163
27.71902847290039 299.4495544433594 1.234952688217163
29.03729248046875 303.22607421875 1.234952688217163
30.35555648803711 307.0025939941406 1.234952688217163
31.67382049560547 310.77911376953125 1.234952688217163
32.99208450317383 314.5556335449219 1.234952688217163
34.31034851074219 318.3321533203125 1.234952688217163
34.31034851074219 318.3321533203125 0.834952712059021
36.995201110839844 321.2972106933594 0.834952712059021
39.6800537109375 324.26226806640625 0.834952712059021
42.364906311035156 327.2273254394531 0.834952712059021
45.04975891113281 330.1923828125 0.834952712059021
47.73461151123047 333.1574401855469 0.834952712059021
50.419464111328125 336.12249755859375 0.834952712059021
53.10431671142578 339.0875549316406 0.834952712059021
55.78916931152344 342.0526123046875 0.834952712059021
58.474021911621094 345.0176696777344 0.834952712059021
61.15887451171875 347.98272705078125 0.834952712059021
61.15887451171875 347.98272705078125 0.4349527060985565
61.15887451171875 347.98272705078125 0.03495270013809204
61.15887451171875 347.98272705078125 -0.36504730582237244
61.15887451171875 347.98272705078125 -0.7650473117828369
61.15887451171875 347.98272705078125 -1.165047287940979
61.15887451171875 347.98272705078125 -1.565047264099121
61.15887451171875 347.98272705078125 -1.9650472402572632
59.622406005859375 344.2895812988281 -1.9650472402572632
58.0859375 340.596435546875 -1.9650472402572632
56.549468994140625 336.9032897949219 -1.9650472402572632
55.01300048828125 333.21014404296875 -1.9650472402572632
53.476531982421875 329.5169982910156 -1.9650472402572632
51.9400634765625 325.8238525390625 -1.9650472402572632
50.403594970703125 322.1307067871094 -1.9650472402572632
48.86712646484375 318.43756103515625 -1.9650472402572632
47.330657958984375 314.7444152832031 -1.9650472402572632
45.794189453125 311.05126953125 -1.9650472402572632
44.257720947265625 307.3581237792969 -1.9650472402572632
42.72125244140625 303.66497802734375 -1.9650472402572632
41.184783935546875 299.9718322753906 -1.9650472402572632
39.6483154296875 296.2786865234375 -1.9650472402572632
38.111846923828125 292.5855407714844 -1.9650472402572632
36.57537841796875 288.89239501953125 -1.9650472402572632
35.038909912109375 285.1992492675781 -1.9650472402572632
35.038909912109375 285.1992492675781 -2.3650472164154053
32.18555450439453 282.3959655761719 -2.3650472164154053
29.332199096679688 279.5926818847656 -2.3650472164154053
26.478843688964844 276.7893981933594 -2.3650472164154053
23.62548828125 273.9861145019531 -2.3650472164154053
20.772132873535156 271.1828308105469 -2.3650472164154053
17.918777465820312 268.3795471191406 -2.3650472164154053
17.918777465820312 268.3795471191406 -2.765047311782837
17.918777465820312 268.3795471191406 3.118137836456299
17.918777465820312 268.3795471191406 2.718137741088867
17.918777465820312 268.3795471191406 2.3181376457214355
17.918777465820312 268.3795471191406 1.9181376695632935
17.918777465820312 268.3795471191406 1.5181376934051514
18.129314422607422 272.3739929199219 1.5181376934051514
18.129314422607422 272.3739929199219 1.1181377172470093
19.878746032714844 275.97113037109375 1.1181377172470093
21.628177642822266 279.5682678222656 1.1181377172470093
23.377609252929688 283.1654052734375 1.1181377172470093
25.12704086303711 286.7625427246094 1.1181377172470093
26.87647247314453 290.35968017578125 1.1181377172470093
28.625904083251953 293.9568176269531 1.1181377172470093
30.375335693359375 297.553955078125 1.1181377172470093
32.1247673034668 301.1510925292969 1.1181377172470093
33.87419891357422 304.74822998046875 1.1181377172470093
35.62363052368164 308.3453674316406 1.1181377172470093
37.37306213378906 311.9425048828125 1.1181377172470093
39.122493743896484 315.5396423339844 1.1181377172470093
40.871925354003906 319.13677978515625 1.1181377172470093
42.62135696411133 322.7339172363281 1.1181377172470093
44.37078857421875 326.3310546875 1.1181377172470093
46.12022018432617 329.9281921386719 1.1181377172470093
47.869651794433594 333.52532958984375 1.1181377172470093
47.869651794433594 333.52532958984375 0.7181377410888672
50.88178253173828 336.1572570800781 0.7181377410888672
53.89391326904297 338.7891845703125 0.7181377410888672
56.906044006347656 341.4211120605469 0.7181377410888672
59.918174743652344 344.05303955078125 0.7181377410888672
62.93030548095703 346.6849670410156 0.7181377410888672
65.94243621826172 349.31689453125 0.7181377410888672
65.94243621826172 349.31689453125 0.3181377351284027
65.94243621826172 349.31689453125 -0.08186227083206177
65.94243621826172 349.31689453125 -0.48186227679252625
65.94243621826172 349.31689453125 -0.8818622827529907
65.94243621826172 349.31689453125 -1.2818622589111328
65.94243621826172 349.31689453125 -1.681862235069275
65.94243621826172 349.31689453125 -2.081862211227417
63.98600769042969 345.8280029296875 -2.081862211227417
62.029579162597656 342.339111328125 -2.081862211227417
60.073150634765625 338.8502197265625 -2.081862211227417
58.116722106933594 335.361328125 -2.081862211227417
56.16029357910156 331.8724365234375 -2.081862211227417
54.20386505126953 328.383544921875 -2.081862211227417
52.2474365234375 324.8946533203125 -2.081862211227417
50.29100799560547 321.40576171875 -2.081862211227417
48.33457946777344 317.9168701171875 -2.081862211227417
46.378150939941406 314.427978515625 -2.081862211227417
44.421722412109375 310.9390869140625 -2.081862211227417
42.465293884277344 307.4501953125 -2.081862211227417
40.50886535644531 303.9613037109375 -2.081862211227417
38.55243682861328 300.472412109375 -2.081862211227417
36.59600830078125 296.9835205078125 -2.081862211227417
34.63957977294922 293.49462890625 -2.081862211227417
32.68315124511719 290.0057373046875 -2.081862211227417
30.726722717285156 286.516845703125 -2.081862211227417
28.770294189453125 283.0279541015625 -2.081862211227417
28.489187240600586 282.6865539550781 -2.437404155731201
25.44063949584961 280.0968933105469 -2.437404155731201
25.44063949584961 280.0968933105469 -2.837404251098633
25.44063949584961 280.0968933105469 3.045780897140503
25.44063949584961 280.0968933105469 2.6457808017730713
25.44063949584961 280.0968933105469 2.2457807064056396
25.44063949584961 280.0968933105469 1.8457807302474976
25.44063949584961 280.0968933105469 1.4457807540893555
25.93939971923828 284.065673828125 1.4457807540893555
26.438159942626953 288.0344543457031 1.4457807540893555
26.936920166015625 292.00323486328125 1.4457807540893555
26.936920166015625 292.00323486328125 1.0457807779312134
28.94182586669922 295.4645080566406 1.0457807779312134
30.946731567382812 298.92578125 1.0457807779312134
32.951637268066406 302.3870544433594 1.0457807779312134
34.95654296875 305.84832763671875 1.0457807779312134
36.961448669433594 309.3096008300781 1.0457807779312134
38.96635437011719 312.7708740234375 1.0457807779312134
40.97126007080078 316.2321472167969 1.0457807779312134
42.976165771484375 319.69342041015625 1.0457807779312134
44.98107147216797 323.1546936035156 1.0457807779312134
46.98597717285156 326.615966796875 1.0457807779312134
48.990882873535156 330.0772399902344 1.0457807779312134
50.99578857421875 333.53851318359375 1.0457807779312134
53.000694274902344 336.9997863769531 1.0457807779312134
55.00559997558594 340.4610595703125 1.0457807779312134
55.00559997558594 340.4610595703125 0.6457808017730713
58.20011901855469 342.86834716796875 0.6457808017730713
61.39463806152344 345.275634765625 0.6457808017730713
61.39463806152344 345.275634765625 0.2457807958126068
61.39463806152344 345.275634765625 -0.15421921014785767
61.39463806152344 345.275634765625 -0.5542192459106445
61.39463806152344 345.275634765625 -0.9542192220687866
61.39463806152344 345.275634765625 -1.3542191982269287
61.39463806152344 345.275634765625 -1.7542191743850708
61.39463806152344 345.275634765625 -2.154219150543213
59.19110107421875 341.93731689453125 -2.154219150543213
56.98756408691406 338.5989990234375 -2.154219150543213
54.784027099609375 335.26068115234375 -2.154219150543213
52.58049011230469 331.92236328125 -2.154219150543213
50.376953125 328.58404541015625 -2.154219150543213
48.17341613769531 325.2457275390625 -2.154219150543213
45.969879150390625 321.90740966796875 -2.154219150543213
43.76634216308594 318.569091796875 -2.154219150543213
41.56280517578125 315.23077392578125 -2.154219150543213
39.35926818847656 311.8924560546875 -2.154219150543213
37.155731201171875 308.55413818359375 -2.154219150543213
34.95219421386719 305.2158203125 -2.154219150543213
32.7486572265625 301.87750244140625 -2.154219150543213
30.545122146606445 298.5391845703125 -2.154219150543213
28.34158706665039 295.20086669921875 -2.154219150543213
26.138051986694336 291.862548828125 -2.154219150543213
23.93451690673828 288.52423095703125 -2.154219150543213
21.730981826782227 285.1859130859375 -2.154219150543213
19.527446746826172 281.84759521484375 -2.154219150543213
17.323911666870117 278.50927734375 -2.154219150543213
17.323911666870117 278.50927734375 -2.5542192459106445
17.323911666870117 278.50927734375 -2.954219341278076
17.323911666870117 278.50927734375 2.9289658069610596
17.323911666870117 278.50927734375 2.528965711593628
17.323911666870117 278.50927734375 2.1289656162261963
17.323911666870117 278.50927734375 1.7289656400680542
17.323911666870117 278.50927734375 1.328965663909912
18.28183364868164 282.39288330078125 1.328965663909912
19.239755630493164 286.2764892578125 1.328965663909912
20.197677612304688 290.16009521484375 1.328965663909912
21.15559959411621 294.043701171875 1.328965663909912
22.113521575927734 297.92730712890625 1.328965663909912
23.071443557739258 301.8109130859375 1.328965663909912
23.071443557739258 301.8109130859375 0.92896568775177
25.466094970703125 305.0149230957031 0.92896568775177
27.860746383666992 308.21893310546875 0.92896568775177
30.25539779663086 311.4229431152344 0.92896568775177
32.650047302246094 314.626953125 0.92896568775177
35.04469680786133 317.8309631347656 0.92896568775177
37.43934631347656 321.03497314453125 0.92896568775177
39.8339958190918 324.2389831542969 0.92896568775177
42.22864532470703 327.4429931640625 0.92896568775177
44.623294830322266 330.6470031738281 0.92896568775177
47.0179443359375 333.85101318359375 0.92896568775177
49.412593841552734 337.0550231933594 0.92896568775177
51.80724334716797 340.259033203125 0.92896568775177
54.2018928527832 343.4630432128906 0.92896568775177
56.59654235839844 346.66705322265625 0.92896568775177
56.59654235839844 346.66705322265625 0.5289657115936279
60.049861907958984 348.68560791015625 0.5289657115936279
63.50318145751953 350.70416259765625 0.5289657115936279
63.50318145751953 350.70416259765625 0.12896570563316345
63.50318145751953 350.70416259765625 -0.271034300327301
63.50318145751953 350.70416259765625 -0.6710343360900879
63.50318145751953 350.70416259765625 -1.07103431224823
63.50318145751953 350.70416259765625 -1.471034288406372
63.50318145751953 350.70416259765625 -1.8710342645645142
62.3201904296875 346.8830871582031 -1.8710342645645142
62.3201904296875 346.8830871582031 -2.2710342407226562
59.742591857910156 343.8243408203125 -2.2710342407226562
57.16499328613281 340.7655944824219 -2.2710342407226562
54.58739471435547 337.70684814453125 -2.2710342407226562
52.009796142578125 334.6481018066406 -2.2710342407226562
49.43219757080078 331.58935546875 -2.2710342407226562
46.85459899902344 328.5306091308594 -2.2710342407226562
44.277000427246094 325.47186279296875 -2.2710342407226562
41.69940185546875 322.4131164550781 -2.2710342407226562
39.121803283691406 319.3543701171875 -2.2710342407226562
36.54420471191406 316.2956237792969 -2.2710342407226562
33.96660614013672 313.23687744140625 -2.2710342407226562
31.389007568359375 310.1781311035156 -2.2710342407226562
31.389007568359375 310.1781311035156 -2.671034336090088
31.389007568359375 310.1781311035156 -3.0710344314575195
31.389007568359375 310.1781311035156 2.812150716781616
31.389007568359375 310.1781311035156 2.4121506214141846
31.389007568359375 310.1781311035156 2.012150526046753
31.389007568359375 310.1781311035156 1.6121505498886108
31.389007568359375 310.1781311035156 1.2121505737304688
32.793033599853516 313.9236145019531 1.2121505737304688
34.197059631347656 317.6690979003906 1.2121505737304688
35.6010856628418 321.4145812988281 1.2121505737304688
35.6010856628418 321.4145812988281 0.8121505975723267
38.35284423828125 324.3176574707031 0.8121505975723267
41.10459899902344 327.2207336425781 0.8121505975723267
43.856353759765625 330.1238098144531 0.8121505975723267
46.60810852050781 333.0268859863281 0.8121505975723267
49.35986328125 335.9299621582031 0.8121505975723267
52.11161804199219 338.8330383300781 0.8121505975723267
54.863372802734375 341.7361145019531 0.8121505975723267
57.61512756347656 344.6391906738281 0.8121505975723267
60.36688232421875 347.5422668457031 0.8121505975723267
63.11863708496094 350.4453430175781 0.8121505975723267
63.11863708496094 350.4453430175781 0.4121505916118622
66.78368377685547 352.04766845703125 0.4121505916118622
66.78368377685547 352.04766845703125 0.012150585651397705
66.78368377685547 352.04766845703125 -0.3878494203090668
66.78368377685547 352.04766845703125 -0.7878494262695312
66.78368377685547 352.04766845703125 -1.1878494024276733
66.78368377685547 352.04766845703125 -1.5878493785858154
66.78368377685547 352.04766845703125 -1.9878493547439575
65.16341400146484 348.3905334472656 -1.9878493547439575
63.54314422607422 344.7333984375 -1.9878493547439575
61.922874450683594 341.0762634277344 -1.9878493547439575
60.30260467529297 337.41912841796875 -1.9878493547439575
58.682334899902344 333.7619934082031 -1.9878493547439575
57.06206512451172 330.1048583984375 -1.9878493547439575
55.441795349121094 326.4477233886719 -1.9878493547439575
53.82152557373047 322.79058837890625 -1.9878493547439575
52.201255798339844 319.1334533691406 -1.9878493547439575
50.58098602294922 315.476318359375 -1.9878493547439575
48.960716247558594 311.8191833496094 -1.9878493547439575
47.34044647216797 308.16204833984375 -1.9878493547439575
45.720176696777344 304.5049133300781 -1.9878493547439575
44.09990692138672 300.8477783203125 -1.9878493547439575
42.479637145996094 297.1906433105469 -1.9878493547439575
40.85936737060547 293.53350830078125 -1.9878493547439575
40.85936737060547 293.53350830078125 -2.3878493309020996
37.942840576171875 290.7960205078125 -2.3878493309020996
35.02631378173828 288.05853271484375 -2.3878493309020996
32.10978698730469 285.321044921875 -2.3878493309020996
29.19325828552246 282.58355712890625 -2.3878493309020996
26.276729583740234 279.8460693359375 -2.3878493309020996
23.360200881958008 277.10858154296875 -2.3878493309020996
20.44367218017578 274.37109375 -2.3878493309020996
18.460710525512695 272.7625427246094 -2.5322933197021484
18.460710525512695 272.7625427246094 -2.93229341506958
18.460710525512695 272.7625427246094 2.9508917331695557
18.460710525512695 272.7625427246094 2.550891637802124
18.460710525512695 272.7625427246094 2.1508915424346924
18.460710525512695 272.7625427246094 1.7508915662765503
18.460710525512695 272.7625427246094 1.3508915901184082
19.3332576751709 276.6662292480469 1.3508915901184082
20.2058048248291 280.5699157714844 1.3508915901184082
21.078351974487305 284.4736022949219 1.3508915901184082
21.950899124145508 288.3772888183594 1.3508915901184082
22.82344627380371 292.2809753417969 1.3508915901184082
23.695993423461914 296.1846618652344 1.3508915901184082
24.568540573120117 300.0883483886719 1.3508915901184082
24.568540573120117 300.0883483886719 0.9508916139602661
26.892370223999023 303.3440856933594 0.9508916139602661
29.21619987487793 306.5998229980469 0.9508916139602661
31.540029525756836 309.8555603027344 0.9508916139602661
33.863861083984375 313.1112976074219 0.9508916139602661
36.18769073486328 316.3670349121094 0.9508916139602661
38.51152038574219 319.6227722167969 0.9508916139602661
40.835350036621094 322.8785095214844 0.9508916139602661
43.1591796875 326.1342468261719 0.9508916139602661
45.483009338378906 329.3899841308594 0.9508916139602661
47.80683898925781 332.6457214355469 0.9508916139602661
50.13066864013672 335.9014587402344 0.9508916139602661
52.454498291015625 339.1571960449219 0.9508916139602661
54.77832794189453 342.4129333496094 0.9508916139602661
54.77832794189453 342.4129333496094 0.550891637802124
58.186561584472656 344.5067138671875 0.550891637802124
61.59479522705078 346.6004943847656 0.550891637802124
65.0030288696289 348.69427490234375 0.550891637802124
65.0030288696289 348.69427490234375 0.15089163184165955
65.0030288696289 348.69427490234375 -0.24910837411880493
65.0030288696289 348.69427490234375 -0.6491084098815918
65.0030288696289 348.69427490234375 -1.0491083860397339
65.0030288696289 348.69427490234375 -1.449108362197876
65.0030288696289 348.69427490234375 -1.849108338356018
65.0030288696289 348.69427490234375 -2.24910831451416
62.49311065673828 345.5797424316406 -2.24910831451416
59.983192443847656 342.4652099609375 -2.24910831451416
57.47327423095703 339.3506774902344 -2.24910831451416
54.963356018066406 336.23614501953125 -2.24910831451416
52.45343780517578 333.1216125488281 -2.24910831451416
49.943519592285156 330.007080078125 -2.24910831451416
47.43360137939453 326.8925476074219 -2.24910831451416
44.923683166503906 323.77801513671875 -2.24910831451416
42.41376495361328 320.6634826660156 -2.24910831451416
39.903846740722656 317.5489501953125 -2.24910831451416
37.39392852783203 314.4344177246094 -2.24910831451416
34.884010314941406 311.31988525390625 -2.24910831451416
32.37409210205078 308.2053527832031 -2.24910831451416
29.864173889160156 305.0908203125 -2.24910831451416
27.35425567626953 301.9762878417969 -2.24910831451416
24.844337463378906 298.86175537109375 -2.24910831451416
24.844337463378906 298.86175537109375 -2.649108409881592
24.844337463378906 298.86175537109375 -3.0491085052490234
24.844337463378906 298.86175537109375 2.8340766429901123
24.844337463378906 298.86175537109375 2.4340765476226807
24.844337463378906 298.86175537109375 2.034076452255249
24.844337463378906 298.86175537109375 1.634076476097107
24.844337463378906 298.86175537109375 1.2340764999389648
26.165908813476562 302.6371154785156 1.2340764999389648
27.48748016357422 306.4124755859375 1.2340764999389648
28.809051513671875 310.1878356933594 1.2340764999389648
30.13062286376953 313.96319580078125 1.2340764999389648
31.452194213867188 317.7385559082031 1.2340764999389648
32.773765563964844 321.513916015625 1.2340764999389648
32.773765563964844 321.513916015625 0.8340765237808228
35.461212158203125 324.47662353515625 0.8340765237808228
38.148658752441406 327.4393310546875 0.8340765237808228
40.83610534667969 330.40203857421875 0.8340765237808228
43.52355194091797 333.36474609375 0.8340765237808228
46.21099853515625 336.32745361328125 0.8340765237808228
48.89844512939453 339.2901611328125 0.8340765237808228
51.58589172363281 342.25286865234375 0.8340765237808228
54.273338317871094 345.215576171875 0.8340765237808228
56.960784912109375 348.17828369140625 0.8340765237808228
56.960784912109375 348.17828369140625 0.4340765178203583
60.589820861816406 349.8605651855469 0.4340765178203583
64.21885681152344 351.5428466796875 0.4340765178203583
64.21885681152344 351.5428466796875 0.0340765118598938
68.21653747558594 351.67913818359375 0.0340765118598938
68.21653747558594 351.67913818359375 -0.3659234941005707
68.21653747558594 351.67913818359375 -0.7659235000610352
68.21653747558594 351.67913818359375 -1.1659234762191772
68.21653747558594 351.67913818359375 -1.5659234523773193
68.21653747558594 351.67913818359375 -1.9659234285354614
66.67683410644531 347.9873352050781 -1.9659234285354614
65.13713073730469 344.2955322265625 -1.9659234285354614
63.59742736816406 340.6037292480469 -1.9659234285354614
62.05772399902344 336.91192626953125 -1.9659234285354614
62.05772399902344 336.91192626953125 -2.3659234046936035
59.20191192626953 334.11114501953125 -2.3659234046936035
56.346099853515625 331.31036376953125 -2.3659234046936035
53.49028778076172 328.50958251953125 -2.3659234046936035
50.63447570800781 325.70880126953125 -2.3659234046936035
47.778663635253906 322.90802001953125 -2.3659234046936035
44.9228515625 320.10723876953125 -2.3659234046936035
42.067039489746094 317.30645751953125 -2.3659234046936035
39.21122741699219 314.50567626953125 -2.3659234046936035
36.35541534423828 311.70489501953125 -2.3659234046936035
33.499603271484375 308.90411376953125 -2.3659234046936035
33.499603271484375 308.90411376953125 -2.765923500061035
33.499603271484375 308.90411376953125 3.1172616481781006
33.499603271484375 308.90411376953125 2.717261552810669
33.499603271484375 308.90411376953125 2.3172614574432373
33.499603271484375 308.90411376953125 1.9172614812850952
33.499603271484375 308.90411376953125 1.5172615051269531
33.499603271484375 308.90411376953125 1.117261528968811
35.2521858215332 312.4997253417969 1.117261528968811
37.00476837158203 316.0953369140625 1.117261528968811
38.75735092163086 319.6909484863281 1.117261528968811
40.50993347167969 323.28656005859375 1.117261528968811
42.262516021728516 326.8821716308594 1.117261528968811
44.015098571777344 330.477783203125 1.117261528968811
45.76768112182617 334.0733947753906 1.117261528968811
45.76768112182617 334.0733947753906 0.717261552810669
48.7821159362793 336.70269775390625 0.717261552810669
51.79655075073242 339.3320007324219 0.717261552810669
54.81098556518555 341.9613037109375 0.717261552810669
57.82542037963867 344.5906066894531 0.717261552810669
60.8398551940918 347.21990966796875 0.717261552810669
63.85429000854492 349.8492126464844 0.717261552810669
66.86872100830078 352.478515625 0.717261552810669
69.8831558227539 355.1078186035156 0.717261552810669
69.8831558227539 355.1078186035156 0.31726154685020447
69.8831558227539 355.1078186035156 -0.08273845911026001
69.8831558227539 355.1078186035156 -0.4827384650707245
69.8831558227539 355.1078186035156 -0.882738471031189
69.8831558227539 355.1078186035156 -1.282738447189331
69.8831558227539 355.1078186035156 -1.6827384233474731
69.8831558227539 355.1078186035156 -2.0827383995056152
67.92366790771484 351.6206359863281 -2.0827383995056152
65.96417999267578 348.1334533691406 -2.0827383995056152
64.00469207763672 344.6462707519531 -2.0827383995056152
62.04520797729492 341.1590881347656 -2.0827383995056152
60.085723876953125 337.6719055175781 -2.0827383995056152
58.12623977661133 334.1847229003906 -2.0827383995056152
56.16675567626953 330.6975402832031 -2.0827383995056152
54.207271575927734 327.2103576660156 -2.0827383995056152
52.24778747558594 323.7231750488281 -2.0827383995056152
50.28830337524414 320.2359924316406 -2.0827383995056152
48.328819274902344 316.7488098144531 -2.0827383995056152
46.36933517456055 313.2616271972656 -2.0827383995056152
44.40985107421875 309.7744445800781 -2.0827383995056152
42.45036697387695 306.2872619628906 -2.0827383995056152
40.490882873535156 302.8000793457031 -2.0827383995056152
38.53139877319336 299.3128967285156 -2.0827383995056152
36.57191467285156 295.8257141113281 -2.0827383995056152
34.612430572509766 292.3385314941406 -2.0827383995056152
32.65294647216797 288.8513488769531 -2.0827383995056152
30.693462371826172 285.3641662597656 -2.0827383995056152
28.733978271484375 281.8769836425781 -2.0827383995056152
26.774494171142578 278.3898010253906 -2.0827383995056152
24.81501007080078 274.9026184082031 -2.0827383995056152
22.855525970458984 271.4154357910156 -2.0827383995056152
20.896041870117188 267.9282531738281 -2.0827383995056152
18.93655776977539 264.4410705566406 -2.0827383995056152
16.977073669433594 260.9538879394531 -2.0827383995056152
16.977073669433594 260.9538879394531 -2.0827383995056152
16.977073669433594 260.9538879394531 -2.0827383995056152
16.977073669433594 260.9538879394531 -2.0827383995056152
16.977073669433594 260.9538879394531 -2.0827383995056152
16.977073669433594 260.9538879394531 -2.0827383995056152
16.977073669433594 260.9538879394531 -2.0827383995056152
16.977073669433594 260.9538879394531 -2.0827383995056152
16.977073669433594 260.9538879394531 -2.0827383995056152
16.977073669433594 260.9538879394531 -2.0827383995056152
16.977073669433594 260.9538879394531 -2.0827383995056152
