62.828426361083984 452.82843017578125 0.7853981852531433
65.65685272216797 455.6568603515625 0.7853981852531433
68.48528289794922 458.48529052734375 0.7853981852531433
71.31371307373047 461.313720703125 0.7853981852531433
74.14214324951172 464.14215087890625 0.7853981852531433
76.97057342529297 466.9705810546875 0.7853981852531433
79.79900360107422 469.79901123046875 0.7853981852531433
82.62743377685547 472.62744140625 0.7853981852531433
85.45586395263672 475.45587158203125 0.7853981852531433
88.28429412841797 478.2843017578125 0.7853981852531433
91.11272430419922 481.11273193359375 0.7853981852531433
93.94115447998047 483.941162109375 0.7853981852531433
96.76958465576172 486.76959228515625 0.7853981852531433
99.59801483154297 489.5980224609375 0.7853981852531433
102.42644500732422 492.42645263671875 0.7853981852531433
105.25487518310547 495.2548828125 0.7853981852531433
108.08330535888672 498.08331298828125 0.7853981852531433
110.91173553466797 500.9117431640625 0.7853981852531433
113.74016571044922 503.74017333984375 0.7853981852531433
116.56859588623047 506.568603515625 0.7853981852531433
119.39702606201172 509.39703369140625 0.7853981852531433
122.22545623779297 512.2254638671875 0.7853981852531433
125.05388641357422 515.0538940429688 0.7853981852531433
127.88231658935547 517.88232421875 0.7853981852531433
130.7107391357422 520.7107543945312 0.7853981852531433
133.53916931152344 523.5391845703125 0.7853981852531433
136.3675994873047 526.3676147460938 0.7853981852531433
139.19602966308594 529.196044921875 0.7853981852531433
139.19602966308594 529.196044921875 0.38539817929267883
142.90261840820312 530.6997680664062 0.38539817929267883
146.6092071533203 532.2034912109375 0.38539817929267883
150.3157958984375 533.7072143554688 0.38539817929267883
154.0223846435547 535.2109375 0.38539817929267883
154.0223846435547 535.2109375 -0.014601826667785645
158.02195739746094 535.1525268554688 -0.014601826667785645
162.0215301513672 535.0941162109375 -0.014601826667785645
166.02110290527344 535.0357055664062 -0.014601826667785645
170.0206756591797 534.977294921875 -0.014601826667785645
174.02024841308594 534.9188842773438 -0.014601826667785645
178.0198211669922 534.8604736328125 -0.014601826667785645
178.0198211669922 534.8604736328125 -0.4146018326282501
181.68092346191406 533.2491455078125 -0.4146018326282501
185.34202575683594 531.6378173828125 -0.4146018326282501
189.0031280517578 530.0264892578125 -0.4146018326282501
192.6642303466797 528.4151611328125 -0.4146018326282501
196.32533264160156 526.8038330078125 -0.4146018326282501
199.98643493652344 525.1925048828125 -0.4146018326282501
203.6475372314453 523.5811767578125 -0.4146018326282501
207.3086395263672 521.9698486328125 -0.4146018326282501
210.96974182128906 520.3585205078125 -0.4146018326282501
214.63084411621094 518.7471923828125 -0.4146018326282501
218.2919464111328 517.1358642578125 -0.4146018326282501
218.2919464111328 517.1358642578125 -0.8146018385887146
221.0365753173828 514.22607421875 -0.8146018385887146
223.7812042236328 511.3162536621094 -0.8146018385887146
226.5258331298828 508.40643310546875 -0.8146018385887146
229.2704620361328 505.4966125488281 -0.8146018385887146
232.0150909423828 502.5867919921875 -0.8146018385887146
234.7597198486328 499.6769714355469 -0.8146018385887146
237.5043487548828 496.76715087890625 -0.8146018385887146
240.2489776611328 493.8573303222656 -0.8146018385887146
242.9936065673828 490.947509765625 -0.8146018385887146
245.7382354736328 488.0376892089844 -0.8146018385887146
248.4828643798828 485.12786865234375 -0.8146018385887146
251.2274932861328 482.2180480957031 -0.8146018385887146
253.9721221923828 479.3082275390625 -0.8146018385887146
256.7167663574219 476.3984069824219 -0.8146018385887146
259.4613952636719 473.48858642578125 -0.8146018385887146
262.2060241699219 470.5787658691406 -0.8146018385887146
264.9506530761719 467.6689453125 -0.8146018385887146
267.6952819824219 464.7591247558594 -0.8146018385887146
270.4399108886719 461.84930419921875 -0.8146018385887146
273.1845397949219 458.9394836425781 -0.8146018385887146
275.9291687011719 456.0296630859375 -0.8146018385887146
278.6737976074219 453.1198425292969 -0.8146018385887146
281.4184265136719 450.21002197265625 -0.8146018385887146
284.1630554199219 447.3002014160156 -0.8146018385887146
286.9076843261719 444.390380859375 -0.8146018385887146
289.6523132324219 441.4805603027344 -0.8146018385887146
292.3969421386719 438.57073974609375 -0.8146018385887146
295.1415710449219 435.6609191894531 -0.8146018385887146
297.8861999511719 432.7510986328125 -0.8146018385887146
300.6308288574219 429.8412780761719 -0.8146018385887146
303.3754577636719 426.93145751953125 -0.8146018385887146
306.1200866699219 424.0216369628906 -0.8146018385887146
308.8647155761719 421.11181640625 -0.8146018385887146
311.6093444824219 418.2019958496094 -0.8146018385887146
314.3539733886719 415.29217529296875 -0.8146018385887146
317.0986022949219 412.3823547363281 -0.8146018385887146
319.8432312011719 409.4725341796875 -0.8146018385887146
322.5878601074219 406.5627136230469 -0.8146018385887146
322.5878601074219 406.5627136230469 -0.4146018326282501
322.5878601074219 406.5627136230469 -0.014601826667785645
322.5878601074219 406.5627136230469 0.38539817929267883
326.2944641113281 408.0664367675781 0.38539817929267883
330.0010681152344 409.5701599121094 0.38539817929267883
333.7076721191406 411.0738830566406 0.38539817929267883
337.4142761230469 412.5776062011719 0.38539817929267883
337.4142761230469 412.5776062011719 0.7853981852531433
340.2427062988281 415.4060363769531 0.7853981852531433
343.0711364746094 418.2344665527344 0.7853981852531433
345.8995666503906 421.0628967285156 0.7853981852531433
348.7279968261719 423.8913269042969 0.7853981852531433
351.5564270019531 426.7197570800781 0.7853981852531433
354.3848571777344 429.5481872558594 0.7853981852531433
357.2132873535156 432.3766174316406 0.7853981852531433
360.0417175292969 435.2050476074219 0.7853981852531433
362.8701477050781 438.0334777832031 0.7853981852531433
365.6985778808594 440.8619079589844 0.7853981852531433
368.5270080566406 443.6903381347656 0.7853981852531433
371.3554382324219 446.5187683105469 0.7853981852531433
374.1838684082031 449.3471984863281 0.7853981852531433
377.0122985839844 452.1756286621094 0.7853981852531433
379.8407287597656 455.0040588378906 0.7853981852531433
382.6691589355469 457.8324890136719 0.7853981852531433
385.4975891113281 460.6609191894531 0.7853981852531433
388.3260192871094 463.4893493652344 0.7853981852531433
391.1544494628906 466.3177795410156 0.7853981852531433
393.9828796386719 469.1462097167969 0.7853981852531433
396.8113098144531 471.9746398925781 0.7853981852531433
399.6397399902344 474.8030700683594 0.7853981852531433
402.4681701660156 477.6315002441406 0.7853981852531433
405.2966003417969 480.4599304199219 0.7853981852531433
408.1250305175781 483.2883605957031 0.7853981852531433
410.9534606933594 486.1167907714844 0.7853981852531433
413.7818908691406 488.9452209472656 0.7853981852531433
416.6103210449219 491.7736511230469 0.7853981852531433
419.4387512207031 494.6020812988281 0.7853981852531433
422.2671813964844 497.4305114746094 0.7853981852531433
425.0956115722656 500.2589416503906 0.7853981852531433
427.9240417480469 503.0873718261719 0.7853981852531433
430.7524719238281 505.9158020019531 0.7853981852531433
433.5809020996094 508.7442321777344 0.7853981852531433
436.4093322753906 511.5726623535156 0.7853981852531433
439.2377624511719 514.4010620117188 0.7853981852531433
442.0661926269531 517.2294921875 0.7853981852531433
444.8946228027344 520.0579223632812 0.7853981852531433
447.7230529785156 522.8863525390625 0.7853981852531433
450.5514831542969 525.7147827148438 0.7853981852531433
453.3799133300781 528.543212890625 0.7853981852531433
456.2083435058594 531.3716430664062 0.7853981852531433
456.2083435058594 531.3716430664062 0.38539817929267883
459.9149475097656 532.8753662109375 0.38539817929267883
463.6215515136719 534.3790893554688 0.38539817929267883
467.3281555175781 535.8828125 0.38539817929267883
471.0347595214844 537.3865356445312 0.38539817929267883
474.7413635253906 538.8902587890625 0.38539817929267883
478.4479675292969 540.3939819335938 0.38539817929267883
482.1545715332031 541.897705078125 0.38539817929267883
485.8611755371094 543.4014282226562 0.38539817929267883
489.5677795410156 544.9051513671875 0.38539817929267883
493.2743835449219 546.4088745117188 0.38539817929267883
493.2743835449219 546.4088745117188 -0.014601826667785645
497.2739562988281 546.3504638671875 -0.014601826667785645
501.2735290527344 546.2920532226562 -0.014601826667785645
505.2731018066406 546.233642578125 -0.014601826667785645
508.89996337890625 546.1134033203125 -0.05169399827718735
508.89996337890625 546.1134033203125 -0.4516940116882324
512.498779296875 544.367431640625 -0.4516940116882324
516.0975952148438 542.6214599609375 -0.4516940116882324
519.6964111328125 540.87548828125 -0.4516940116882324
523.2952270507812 539.1295166015625 -0.4516940116882324
523.2952270507812 539.1295166015625 -0.8516939878463745
525.9300537109375 536.1199340820312 -0.8516939878463745
528.5648803710938 533.1103515625 -0.8516939878463745
531.19970703125 530.1007690429688 -0.8516939878463745
533.8345336914062 527.0911865234375 -0.8516939878463745
533.8345336914062 527.0911865234375 -1.2516939640045166
535.0894165039062 523.2930908203125 -1.2516939640045166
536.3442993164062 519.4949951171875 -1.2516939640045166
537.5991821289062 515.6968994140625 -1.2516939640045166
538.8540649414062 511.8988342285156 -1.2516939640045166
540.1089477539062 508.10076904296875 -1.2516939640045166
540.1089477539062 508.10076904296875 -1.6516939401626587
539.7857055664062 504.1138610839844 -1.6516939401626587
539.4624633789062 500.126953125 -1.6516939401626587
539.1392211914062 496.1400451660156 -1.6516939401626587
538.8159790039062 492.15313720703125 -1.6516939401626587
538.4927368164062 488.1662292480469 -1.6516939401626587
538.1694946289062 484.1793212890625 -1.6516939401626587
538.1694946289062 484.1793212890625 -2.051693916320801
536.3192138671875 480.63299560546875 -2.051693916320801
534.4689331054688 477.086669921875 -2.051693916320801
532.61865234375 473.54034423828125 -2.051693916320801
530.7683715820312 469.9940185546875 -2.051693916320801
528.9180908203125 466.44769287109375 -2.051693916320801
527.0678100585938 462.9013671875 -2.051693916320801
527.0678100585938 462.9013671875 -2.4516940116882324
523.9825439453125 460.35552978515625 -2.4516940116882324
520.8972778320312 457.8096923828125 -2.4516940116882324
517.81201171875 455.26385498046875 -2.4516940116882324
514.7267456054688 452.718017578125 -2.4516940116882324
511.6415100097656 450.17218017578125 -2.4516940116882324
508.5562744140625 447.6263427734375 -2.4516940116882324
505.4710388183594 445.08050537109375 -2.4516940116882324
502.38580322265625 442.53466796875 -2.4516940116882324
499.3005676269531 439.98883056640625 -2.4516940116882324
496.21533203125 437.4429931640625 -2.4516940116882324
493.1300964355469 434.89715576171875 -2.4516940116882324
490.04486083984375 432.351318359375 -2.4516940116882324
486.9596252441406 429.80548095703125 -2.4516940116882324
483.8743896484375 427.2596435546875 -2.4516940116882324
480.7891540527344 424.71380615234375 -2.4516940116882324
477.70391845703125 422.16796875 -2.4516940116882324
474.6186828613281 419.62213134765625 -2.4516940116882324
471.533447265625 417.0762939453125 -2.4516940116882324
468.4482116699219 414.53045654296875 -2.4516940116882324
465.36297607421875 411.984619140625 -2.4516940116882324
462.2777404785156 409.43878173828125 -2.4516940116882324
459.1925048828125 406.8929443359375 -2.4516940116882324
456.1072692871094 404.34710693359375 -2.4516940116882324
453.02203369140625 401.80126953125 -2.4516940116882324
449.9367980957031 399.25543212890625 -2.4516940116882324
446.8515625 396.7095947265625 -2.4516940116882324
443.7663269042969 394.16375732421875 -2.4516940116882324
440.68109130859375 391.617919921875 -2.4516940116882324
437.5958557128906 389.07208251953125 -2.4516940116882324
434.5106201171875 386.5262451171875 -2.4516940116882324
431.4253845214844 383.98040771484375 -2.4516940116882324
428.34014892578125 381.4345703125 -2.4516940116882324
428.34014892578125 381.4345703125 -2.851694107055664
424.5070495605469 380.2911376953125 -2.851694107055664
420.6739501953125 379.147705078125 -2.851694107055664
416.8408508300781 378.0042724609375 -2.851694107055664
413.00775146484375 376.86083984375 -2.851694107055664
409.1746520996094 375.7174072265625 -2.851694107055664
405.341552734375 374.573974609375 -2.851694107055664
401.5084533691406 373.4305419921875 -2.851694107055664
397.67535400390625 372.287109375 -2.851694107055664
393.8422546386719 371.1436767578125 -2.851694107055664
390.0091552734375 370.000244140625 -2.851694107055664
386.1760559082031 368.8568115234375 -2.851694107055664
382.34295654296875 367.71337890625 -2.851694107055664
378.5098571777344 366.5699462890625 -2.851694107055664
374.6767578125 365.426513671875 -2.851694107055664
370.8436584472656 364.2830810546875 -2.851694107055664
367.01055908203125 363.1396484375 -2.851694107055664
363.1774597167969 361.9962158203125 -2.851694107055664
359.3443603515625 360.852783203125 -2.851694107055664
355.5112609863281 359.7093505859375 -2.851694107055664
351.67816162109375 358.56591796875 -2.851694107055664
347.8450622558594 357.4224853515625 -2.851694107055664
344.011962890625 356.279052734375 -2.851694107055664
340.1788635253906 355.1356201171875 -2.851694107055664
336.34576416015625 353.9921875 -2.851694107055664
332.5126647949219 352.8487548828125 -2.851694107055664
328.6795654296875 351.705322265625 -2.851694107055664
324.8464660644531 350.5618896484375 -2.851694107055664
321.01336669921875 349.41845703125 -2.851694107055664
317.1802673339844 348.2750244140625 -2.851694107055664
313.34716796875 347.131591796875 -2.851694107055664
309.5140686035156 345.9881591796875 -2.851694107055664
305.68096923828125 344.8447265625 -2.851694107055664
301.8478698730469 343.7012939453125 -2.851694107055664
298.0147705078125 342.557861328125 -2.851694107055664
294.1816711425781 341.4144287109375 -2.851694107055664
290.34857177734375 340.27099609375 -2.851694107055664
286.5154724121094 339.1275634765625 -2.851694107055664
282.682373046875 337.984130859375 -2.851694107055664
278.8492736816406 336.8406982421875 -2.851694107055664
275.01617431640625 335.697265625 -2.851694107055664
271.1830749511719 334.5538330078125 -2.851694107055664
271.1830749511719 334.5538330078125 -2.4516940116882324
268.09783935546875 332.00799560546875 -2.4516940116882324
265.0126037597656 329.462158203125 -2.4516940116882324
261.9273681640625 326.91632080078125 -2.4516940116882324
258.8421325683594 324.3704833984375 -2.4516940116882324
255.75689697265625 321.82464599609375 -2.4516940116882324
252.67166137695312 319.27880859375 -2.4516940116882324
249.58642578125 316.73297119140625 -2.4516940116882324
246.50119018554688 314.1871337890625 -2.4516940116882324
243.41595458984375 311.64129638671875 -2.4516940116882324
240.33071899414062 309.095458984375 -2.4516940116882324
237.2454833984375 306.54962158203125 -2.4516940116882324
234.16024780273438 304.0037841796875 -2.4516940116882324
231.07501220703125 301.45794677734375 -2.4516940116882324
227.98977661132812 298.912109375 -2.4516940116882324
224.904541015625 296.36627197265625 -2.4516940116882324
221.81930541992188 293.8204345703125 -2.4516940116882324
221.81930541992188 293.8204345703125 -2.051693916320801
219.96900939941406 290.27410888671875 -2.051693916320801
218.11871337890625 286.727783203125 -2.051693916320801
216.26841735839844 283.18145751953125 -2.051693916320801
214.41812133789062 279.6351318359375 -2.051693916320801
212.5678253173828 276.08880615234375 -2.051693916320801
210.717529296875 272.54248046875 -2.051693916320801
208.8672332763672 268.99615478515625 -2.051693916320801
208.8672332763672 268.99615478515625 -1.6516939401626587
208.5439910888672 265.0092468261719 -1.6516939401626587
208.2207489013672 261.0223388671875 -1.6516939401626587
207.8975067138672 257.0354309082031 -1.6516939401626587
207.5742645263672 253.0485076904297 -1.6516939401626587
207.2510223388672 249.06158447265625 -1.6516939401626587
206.9277801513672 245.0746612548828 -1.6516939401626587
206.6045379638672 241.08773803710938 -1.6516939401626587
206.2812957763672 237.10081481933594 -1.6516939401626587
205.9580535888672 233.1138916015625 -1.6516939401626587
205.6348114013672 229.12696838378906 -1.6516939401626587
205.3115692138672 225.14004516601562 -1.6516939401626587
204.9883270263672 221.1531219482422 -1.6516939401626587
204.6650848388672 217.16619873046875 -1.6516939401626587
204.3418426513672 213.1792755126953 -1.6516939401626587
204.0186004638672 209.19235229492188 -1.6516939401626587
203.6953582763672 205.20542907714844 -1.6516939401626587
203.6953582763672 205.20542907714844 -1.2516939640045166
204.95021057128906 201.40736389160156 -1.2516939640045166
206.20506286621094 197.6092987060547 -1.2516939640045166
207.4599151611328 193.8112335205078 -1.2516939640045166
208.7147674560547 190.01316833496094 -1.2516939640045166
208.7147674560547 190.01316833496094 -0.8516939878463745
211.349609375 187.0035858154297 -0.8516939878463745
213.9844512939453 183.99400329589844 -0.8516939878463745
216.61929321289062 180.9844207763672 -0.8516939878463745
219.25413513183594 177.97483825683594 -0.8516939878463745
221.88897705078125 174.9652557373047 -0.8516939878463745
224.52381896972656 171.95567321777344 -0.8516939878463745
224.52381896972656 171.95567321777344 -0.45169398188591003
228.12265014648438 170.209716796875 -0.45169398188591003
231.7214813232422 168.46376037597656 -0.45169398188591003
235.3203125 166.71780395507812 -0.45169398188591003
238.9191436767578 164.9718475341797 -0.45169398188591003
242.51797485351562 163.22589111328125 -0.45169398188591003
246.11680603027344 161.4799346923828 -0.45169398188591003
249.71563720703125 159.73397827148438 -0.45169398188591003
253.31446838378906 157.98802185058594 -0.45169398188591003
256.9132995605469 156.2420654296875 -0.45169398188591003
260.51214599609375 154.49610900878906 -0.45169398188591003
264.1109924316406 152.75015258789062 -0.45169398188591003
267.7098388671875 151.0041961669922 -0.45169398188591003
271.3086853027344 149.25823974609375 -0.45169398188591003
274.90753173828125 147.5122833251953 -0.45169398188591003
278.5063781738281 145.76632690429688 -0.45169398188591003
282.105224609375 144.02037048339844 -0.45169398188591003
285.7040710449219 142.2744140625 -0.45169398188591003
289.30291748046875 140.52845764160156 -0.45169398188591003
292.9017639160156 138.78250122070312 -0.45169398188591003
296.5006103515625 137.0365447998047 -0.45169398188591003
300.0994567871094 135.29058837890625 -0.45169398188591003
303.69830322265625 133.5446319580078 -0.45169398188591003
307.2971496582031 131.79867553710938 -0.45169398188591003
310.89599609375 130.05271911621094 -0.45169398188591003
314.4948425292969 128.3067626953125 -0.45169398188591003
318.09368896484375 126.56079864501953 -0.45169398188591003
321.6925354003906 124.81483459472656 -0.45169398188591003
325.2913818359375 123.0688705444336 -0.45169398188591003
328.8902282714844 121.32290649414062 -0.45169398188591003
332.48907470703125 119.57694244384766 -0.45169398188591003
336.0879211425781 117.83097839355469 -0.45169398188591003
339.686767578125 116.08501434326172 -0.45169398188591003
339.686767578125 116.08501434326172 -0.05169397592544556
343.6814270019531 115.87833404541016 -0.05169397592544556
347.67608642578125 115.6716537475586 -0.05169397592544556
351.6707458496094 115.46497344970703 -0.05169397592544556
355.6654052734375 115.25829315185547 -0.05169397592544556
359.6600646972656 115.0516128540039 -0.05169397592544556
363.65472412109375 114.84493255615234 -0.05169397592544556
367.6493835449219 114.63825225830078 -0.05169397592544556
371.64404296875 114.43157196044922 -0.05169397592544556
375.6387023925781 114.22489166259766 -0.05169397592544556
379.63336181640625 114.0182113647461 -0.05169397592544556
383.6280212402344 113.81153106689453 -0.05169397592544556
387.6226806640625 113.60485076904297 -0.05169397592544556
391.6173400878906 113.3981704711914 -0.05169397592544556
395.61199951171875 113.19149017333984 -0.05169397592544556
399.6066589355469 112.98480987548828 -0.05169397592544556
403.601318359375 112.77812957763672 -0.05169397592544556
407.5959777832031 112.57144927978516 -0.05169397592544556
411.59063720703125 112.3647689819336 -0.05169397592544556
415.5852966308594 112.15808868408203 -0.05169397592544556
419.5799560546875 111.95140838623047 -0.05169397592544556
423.5746154785156 111.7447280883789 -0.05169397592544556
427.56927490234375 111.53804779052734 -0.05169397592544556
431.5639343261719 111.33136749267578 -0.05169397592544556
435.55859375 111.12468719482422 -0.05169397592544556
439.5532531738281 110.91800689697266 -0.05169397592544556
443.54791259765625 110.7113265991211 -0.05169397592544556
447.5425720214844 110.50464630126953 -0.05169397592544556
451.5372314453125 110.29796600341797 -0.05169397592544556
455.5318908691406 110.0912857055664 -0.05169397592544556
459.52655029296875 109.88460540771484 -0.05169397592544556
463.5212097167969 109.67792510986328 -0.05169397592544556
467.515869140625 109.47124481201172 -0.05169397592544556
471.5105285644531 109.26456451416016 -0.05169397592544556
475.50518798828125 109.0578842163086 -0.05169397592544556
479.4998474121094 108.85120391845703 -0.05169397592544556
483.4945068359375 108.64452362060547 -0.05169397592544556
487.4891662597656 108.4378433227539 -0.05169397592544556
491.48382568359375 108.23116302490234 -0.05169397592544556
495.4784851074219 108.02448272705078 -0.05169397592544556
499.47314453125 107.81780242919922 -0.05169397592544556
503.4678039550781 107.61112213134766 -0.05169397592544556
507.46246337890625 107.4044418334961 -0.05169397592544556
511.4571228027344 107.19776153564453 -0.05169397592544556
515.4517822265625 106.99108123779297 -0.05169397592544556
519.4464111328125 106.7844009399414 -0.05169397592544556
523.4410400390625 106.57772064208984 -0.05169397592544556
527.4356689453125 106.37104034423828 -0.05169397592544556
531.4302978515625 106.16436004638672 -0.05169397592544556
535.4249267578125 105.95767974853516 -0.05169397592544556
539.4195556640625 105.7509994506836 -0.05169397592544556
543.4141845703125 105.54431915283203 -0.05169397592544556
547.4088134765625 105.33763885498047 -0.05169397592544556
551.4034423828125 105.1309585571289 -0.05169397592544556
551.4034423828125 105.1309585571289 -0.45169398188591003
551.4034423828125 105.1309585571289 -0.8516939878463745
551.4034423828125 105.1309585571289 -1.2516939640045166
551.4034423828125 105.1309585571289 -1.6516939401626587
551.0802001953125 101.14404296875 -1.6516939401626587
550.7569580078125 97.1571273803711 -1.6516939401626587
550.4337158203125 93.17021179199219 -1.6516939401626587
550.1104736328125 89.18329620361328 -1.6516939401626587
550.1104736328125 89.18329620361328 -2.051693916320801
548.2601928710938 85.63697814941406 -2.051693916320801
546.409912109375 82.09066009521484 -2.051693916320801
544.5596313476562 78.54434204101562 -2.051693916320801
542.7093505859375 74.9980239868164 -2.051693916320801
542.7093505859375 74.9980239868164 -2.4516940116882324
539.6240844726562 72.45218658447266 -2.4516940116882324
536.538818359375 69.9063491821289 -2.4516940116882324
533.4535522460938 67.36051177978516 -2.4516940116882324
530.3682861328125 64.8146743774414 -2.4516940116882324
527.2830200195312 62.268836975097656 -2.4516940116882324
527.2830200195312 62.268836975097656 -2.851694107055664
523.449951171875 61.12541580200195 -2.851694107055664
519.6168823242188 59.98199462890625 -2.851694107055664
515.7838134765625 58.83857345581055 -2.851694107055664
511.9507141113281 57.695152282714844 -2.851694107055664
508.11761474609375 56.55173110961914 -2.851694107055664
504.2845153808594 55.40830993652344 -2.851694107055664
500.451416015625 54.264888763427734 -2.851694107055664
496.6183166503906 53.12146759033203 -2.851694107055664
492.78521728515625 51.97804641723633 -2.851694107055664
488.9521179199219 50.834625244140625 -2.851694107055664
485.1190185546875 49.69120407104492 -2.851694107055664
481.2859191894531 48.54778289794922 -2.851694107055664
481.2859191894531 48.54778289794922 3.0314910411834717
477.3101501464844 48.987300872802734 3.0314910411834717
473.3343811035156 49.42681884765625 3.0314910411834717
469.3586120605469 49.866336822509766 3.0314910411834717
465.3828430175781 50.30585479736328 3.0314910411834717
461.4070739746094 50.7453727722168 3.0314910411834717
457.4313049316406 51.18489074707031 3.0314910411834717
453.4555358886719 51.62440872192383 3.0314910411834717
449.4797668457031 52.063926696777344 3.0314910411834717
445.5039978027344 52.50344467163086 3.0314910411834717
441.5282287597656 52.942962646484375 3.0314910411834717
437.5524597167969 53.38248062133789 3.0314910411834717
433.5766906738281 53.821998596191406 3.0314910411834717
429.6009216308594 54.26151657104492 3.0314910411834717
425.6251525878906 54.70103454589844 3.0314910411834717
421.6493835449219 55.14055252075195 3.0314910411834717
417.6736145019531 55.58007049560547 3.0314910411834717
413.6978454589844 56.019588470458984 3.0314910411834717
409.7220764160156 56.4591064453125 3.0314910411834717
405.7463073730469 56.898624420166016 3.0314910411834717
401.7705383300781 57.33814239501953 3.0314910411834717
397.7947692871094 57.77766036987305 3.0314910411834717
393.8190002441406 58.21717834472656 3.0314910411834717
389.8432312011719 58.65669631958008 3.0314910411834717
385.8674621582031 59.096214294433594 3.0314910411834717
381.8916931152344 59.53573226928711 3.0314910411834717
377.9159240722656 59.975250244140625 3.0314910411834717
373.9401550292969 60.41476821899414 3.0314910411834717
369.9643859863281 60.854286193847656 3.0314910411834717
365.9886169433594 61.29380416870117 3.0314910411834717
362.0128479003906 61.73332214355469 3.0314910411834717
358.0370788574219 62.1728401184082 3.0314910411834717
354.0613098144531 62.61235809326172 3.0314910411834717
350.0855407714844 63.051876068115234 3.0314910411834717
346.1097717285156 63.49139404296875 3.0314910411834717
342.1340026855469 63.930912017822266 3.0314910411834717
338.1582336425781 64.37042999267578 3.0314910411834717
334.1824645996094 64.80994415283203 3.0314910411834717
330.2066955566406 65.24945831298828 3.0314910411834717
326.2309265136719 65.68897247314453 3.0314910411834717
322.2551574707031 66.12848663330078 3.0314910411834717
318.2793884277344 66.56800079345703 3.0314910411834717
314.3036193847656 67.00751495361328 3.0314910411834717
310.3278503417969 67.44702911376953 3.0314910411834717
306.3520812988281 67.88654327392578 3.0314910411834717
302.3763122558594 68.32605743408203 3.0314910411834717
298.4005432128906 68.76557159423828 3.0314910411834717
294.4247741699219 69.20508575439453 3.0314910411834717
290.4490051269531 69.64459991455078 3.0314910411834717
286.4732360839844 70.08411407470703 3.0314910411834717
282.4974670410156 70.52362823486328 3.0314910411834717
278.5216979980469 70.96314239501953 3.0314910411834717
274.5459289550781 71.40265655517578 3.0314910411834717
270.5701599121094 71.84217071533203 3.0314910411834717
266.5943908691406 72.28168487548828 3.0314910411834717
262.6186218261719 72.72119903564453 3.0314910411834717
258.6428527832031 73.16071319580078 3.0314910411834717
254.6670684814453 73.60022735595703 3.0314910411834717
250.6912841796875 74.03974151611328 3.0314910411834717
246.7154998779297 74.47925567626953 3.0314910411834717
242.73971557617188 74.91876983642578 3.0314910411834717
238.76393127441406 75.35828399658203 3.0314910411834717
234.78814697265625 75.79779815673828 3.0314910411834717
230.81236267089844 76.23731231689453 3.0314910411834717
226.83657836914062 76.67682647705078 3.0314910411834717
222.8607940673828 77.11634063720703 3.0314910411834717
218.885009765625 77.55585479736328 3.0314910411834717
214.9092254638672 77.99536895751953 3.0314910411834717
210.93344116210938 78.43488311767578 3.0314910411834717
206.95765686035156 78.87439727783203 3.0314910411834717
202.98187255859375 79.31391143798828 3.0314910411834717
199.00608825683594 79.75342559814453 3.0314910411834717
195.03030395507812 80.19293975830078 3.0314910411834717
191.0545196533203 80.63245391845703 3.0314910411834717
187.0787353515625 81.07196807861328 3.0314910411834717
183.1029510498047 81.51148223876953 3.0314910411834717
179.12716674804688 81.95099639892578 3.0314910411834717
175.15138244628906 82.39051055908203 3.0314910411834717
171.17559814453125 82.83002471923828 3.0314910411834717
167.19981384277344 83.26953887939453 3.0314910411834717
163.22402954101562 83.70905303955078 3.0314910411834717
159.2482452392578 84.14856719970703 3.0314910411834717
155.2724609375 84.58808135986328 3.0314910411834717
151.2966766357422 85.02759552001953 3.0314910411834717
147.32089233398438 85.46710968017578 3.0314910411834717
143.34510803222656 85.90662384033203 3.0314910411834717
139.36932373046875 86.34613800048828 3.0314910411834717
135.39353942871094 86.78565216064453 3.0314910411834717
131.41775512695312 87.22516632080078 3.0314910411834717
127.44197845458984 87.66468048095703 3.0314910411834717
123.46620178222656 88.10419464111328 3.0314910411834717
119.49042510986328 88.54370880126953 3.0314910411834717
115.5146484375 88.98322296142578 3.0314910411834717
111.53887176513672 89.42273712158203 3.0314910411834717
107.56309509277344 89.86225128173828 3.0314910411834717
103.58731842041016 90.30176544189453 3.0314910411834717
99.61154174804688 90.74127960205078 3.0314910411834717
95.6357650756836 91.18079376220703 3.0314910411834717
91.65998840332031 91.62030792236328 3.0314910411834717
87.68421173095703 92.05982208251953 3.0314910411834717
83.70843505859375 92.49933624267578 3.0314910411834717
79.73265838623047 92.93885040283203 3.0314910411834717
75.75688171386719 93.37836456298828 3.0314910411834717
71.7811050415039 93.81787872314453 3.0314910411834717
67.80532836914062 94.25739288330078 3.0314910411834717
63.82954788208008 94.69690704345703 3.0314910411834717
59.85376739501953 95.13642120361328 3.0314910411834717
55.877986907958984 95.57593536376953 3.0314910411834717
51.90220642089844 96.01544952392578 3.0314910411834717
47.92642593383789 96.45496368408203 3.0314910411834717
43.950645446777344 96.89447784423828 3.0314910411834717
39.9748649597168 97.33399200439453 3.0314910411834717
35.99908447265625 97.77350616455078 3.0314910411834717
32.0233039855957 98.21302032470703 3.0314910411834717
28.047523498535156 98.65253448486328 3.0314910411834717
28.047523498535156 98.65253448486328 2.63149094581604
24.556743621826172 100.60559844970703 2.63149094581604
21.065963745117188 102.55866241455078 2.63149094581604
21.065963745117188 102.55866241455078 2.2314908504486084
18.61130142211914 105.71692657470703 2.2314908504486084
18.61130142211914 105.71692657470703 2.2314908504486084
18.61130142211914 105.71692657470703 2.2314908504486084
18.61130142211914 105.71692657470703 2.2314908504486084
18.61130142211914 105.71692657470703 2.2314908504486084
18.61130142211914 105.71692657470703 2.2314908504486084
18.61130142211914 105.71692657470703 2.2314908504486084
18.61130142211914 105.71692657470703 2.2314908504486084
18.61130142211914 105.71692657470703 2.2314908504486084
18.61130142211914 105.71692657470703 2.2314908504486084
18.61130142211914 105.71692657470703 2.2314908504486084
