-392.83861260070745
-395.6972973447963
-398.57562242630917
-401.47316538979356
-404.3895131339564
-407.324261745324
-410.2770163548833
-413.2473909909103
-416.23500842860443
-419.2395000371072
-422.2605056244355
-425.29767328082255
-428.3506592209188
-431.41912762526795
-434.50275048143925
-437.6012074251642
-440.7141855817944
-443.8413794083695
-446.9824905365546
-450.1372276166848
-453.3053061631269
-456.4864484011485
-459.6803831154639
-462.8868455006061
-466.1055758558366
-469.33632403122084
-472.57884245426635
-475.8328905033011
-475.8328905033011
-477.9446785944005
-480.0805056191354
-482.24005217441885
-484.423001036996
-484.423001036996
-485.1579411997361
-485.9246977389378
-486.7231202893735
-487.55305328118317
-488.4143360830217
-489.30680314815555
-489.30680314815555
-488.6419966175839
-488.0090718485165
-487.40815304133224
-486.8393587134832
-486.3028015862432
-485.79858847611223
-485.32682019111377
-484.8875914322132
-484.4809907000776
-484.1071002073871
-483.7659957968957
-483.7659957968957
-481.9274894526442
-480.1152399961334
-478.32957503166244
-476.5707933879358
-474.8391937886468
-473.1350746798501
-471.45873405184926
-469.8104692556851
-468.1905768143263
-466.5993522286821
-465.03708977857855
-463.5040823188545
-462.0006210707588
-460.5270019267265
-459.0834992731949
-457.6704045415583
-456.2880002460677
-454.93656616157716
-453.6163790916598
-452.3277126338596
-451.0708369424256
-449.8460184888946
-448.6535198209094
-447.4935993196788
-446.366510956502
-445.2725040488022
-444.2118230161258
-443.18470713658303
-442.19139030421843
-441.23210078781227
-440.30706099162705
-439.4164872186209
-438.5605894366594
-437.7395710482634
-436.9536286644326
-436.2029518830905
-435.487723072693
-434.8081171615417
-434.8081171615417
-434.8081171615417
-434.8081171615417
-438.24991274433575
-441.7011132930787
-445.1615000663768
-448.63086049827507
-448.63086049827507
-452.6029442313288
-456.5755154750954
-460.54856161415586
-464.52207046320603
-468.4960302489411
-472.4704295928442
-476.445257494829
-480.4205033176853
-484.39615677228426
-488.37220790349824
-492.34864707679776
-496.3254649654858
-500.3026525385362
-504.2802010490021
-508.25810202296407
-512.2363472489887
-516.2149287680709
-520.193838864033
-524.1730700543586
-528.1526150814371
-532.1324669041976
-536.1126186901128
-540.093063807554
-544.0737958184792
-548.0548084714363
-552.0360956948688
-556.0176515907054
-559.9994704282218
-563.9815466381606
-567.9638748070969
-571.9464496720377
-575.9292661152434
-579.9123191592622
-583.8956039621658
-587.879115812977
-591.8628266974953
-595.8467790250235
-599.8309450100737
-603.8153204233047
-607.7999011460557
-611.7846831667571
-615.7696625774776
-615.7696625774776
-619.3085476649477
-622.853014172708
-626.4029673542922
-629.9583144538786
-633.5189646584824
-637.0848290513701
-640.6558205666643
-644.2318539451093
-647.8128456909709
-651.3987140300394
-651.3987140300394
-654.0223899539357
-656.6599488853885
-659.3112242084908
-661.6778539450676
-661.6778539450676
-662.8478212779418
-664.0398227388799
-665.2537398856596
-666.489452969239
-666.489452969239
-666.1694620680613
-665.8733461930495
-665.6011372091178
-665.3528644586095
-665.3528644586095
-663.5899687287719
-661.8465523476177
-660.1227696528905
-658.4187748513692
-656.7347219708676
-656.7347219708676
-653.7836522690438
-650.843785524064
-647.9152742336637
-644.9982730707268
-642.0929389053443
-639.1994308265073
-639.1994308265073
-635.4635192228958
-631.7308414728923
-628.0014552400607
-624.2754195144188
-620.5527946491399
-616.833642398415
-616.833642398415
-612.834592849242
-608.8355559339096
-604.8365319030141
-600.8375210138221
-596.8385235304945
-592.8395397243191
-588.8405698739522
-584.8416142656705
-580.8426731936335
-576.8437469601566
-572.8448358759958
-568.8459402606442
-564.8470604426409
-560.848196759894
-556.8493495600165
-552.8505192006772
-548.8517060499673
-544.852910486782
-540.8541329012206
-536.855373695003
-532.8566332819062
-528.8579120882192
-524.8592105532205
-520.8605291296751
-516.8618682843579
-512.8632284985978
-508.8646102688507
-504.86601410729753
-500.86744054247214
-496.868890119919
-492.87036340288273
-488.871860973032
-488.871860973032
-485.2348044704362
-481.6035033891852
-477.978088904773
-474.35869598693864
-470.74546352869544
-467.1385344802026
-463.5380559876656
-459.9441795374571
-456.35706110565724
-452.7768613132171
-449.20374558695704
-445.63788432661624
-442.07945307817823
-438.5286327137003
-434.9856096178831
-431.4505758816216
-427.92372950278434
-424.4052745944718
-420.89542160101183
-417.39438752195224
-413.90239614431493
-410.41967828337965
-406.9464720322661
-403.48302302058596
-400.0295846824345
-396.5864185339925
-393.1537944610032
-389.7319910163882
-386.32129572825653
-382.9220054185547
-379.5344265325926
-376.15887547966724
-372.79567898498954
-369.44517445309606
-366.10771034290633
-362.7836465545545
-359.4733548280902
-356.17721915410567
-352.89563619629706
-349.6290157259182
-346.37778106802267
-346.37778106802267
-342.47993305429264
-338.5844681177724
-334.6914694681853
-330.8010241782934
-326.91323254443824
-323.0281808419366
-319.145969132619
-315.2667023320051
-311.3904905021128
-307.5174491653222
-303.6476996410436
-299.781369407105
-295.91859248795373
-292.0595098719693
-288.20426996040334
-284.35302905071
-284.35302905071
-280.3844414238795
-276.4167594022857
-272.45002255084233
-268.4842727629705
-264.5195544336581
-260.5559146481117
-256.59340338765594
-256.59340338765594
-253.16691390224258
-249.75747868028296
-246.36580576025517
-242.99265104010374
-239.63878370784192
-236.3050250001646
-232.9922380886568
-229.7013303502455
-226.43325574142648
-223.18901727578407
-219.96966960305366
-216.77632168643626
-213.61013957301827
-210.472349249933
-207.364239576272
-204.28716527766412
-204.28716527766412
-202.50175955210173
-200.78017682089381
-199.124072489441
-197.5350934475936
-197.5350934475936
-197.5786296052107
-197.70310189561337
-197.90835760718204
-198.19414575498428
-198.56011860762567
-199.00583378522228
-199.00583378522228
-201.02900451019374
-203.11080557309919
-205.2494529569639
-207.44318848807353
-209.69028321181145
-211.98904030441483
-214.33779754702567
-216.7349293903005
-219.17884863898968
-221.6680215894031
-224.20092781264398
-226.7761019172525
-229.39212039989772
-232.04760187164538
-234.74120707546317
-237.47163871955888
-240.23764114955694
-243.0379998808772
-245.87154101102192
-248.7371305298334
-251.63367354418108
-254.56011343198878
-257.5154309390369
-260.49864323057835
-263.5088029084983
-266.5449970035281
-269.60634595089783
-272.6920025567728
-275.80115096187353
-278.9330056078138
-282.0868102109112
-285.26183674751854
-285.26183674751854
-289.1396051582635
-293.02065971897593
-296.90487156287963
-300.7921183773854
-304.68228399875625
-308.57525803602806
-312.47093552178995
-316.36921658764896
-320.2700061623967
-324.17321369107486
-328.0787528732938
-331.9865414193037
-335.8965008224484
-339.8085561467485
-343.7226358284679
-347.6386714906153
-351.55659776941917
-355.4763521518937
-359.3978748236889
-363.32110852647895
-367.2459984242086
-371.17249197756695
-375.1005388261112
-379.0300906775076
-382.96110120339785
-386.8935259414371
-390.82732220308566
-394.7624489867677
-398.6988668960385
-402.6365380624298
-406.575426072667
-410.5154958999742
-414.4567138392037
-418.3990474455459
-422.3424654765935
-426.28693783754824
-430.232435529376
-434.17893059972687
-438.1263960964518
-442.07480602355787
-446.0241352994549
-449.97435971735695
-453.9254559077107
-457.87740130253155
-461.8302044621219
-465.78381396918587
-469.7382094635553
-473.6933712609484
-477.64928032531196
-481.6059182425027
-485.56326719523366
-489.52130993921554
-493.48002978042706
-493.48002978042706
-493.48002978042706
-493.48002978042706
-493.48002978042706
-492.80933173977655
-492.1702298119243
-491.5628472352675
-490.98730172639574
-490.98730172639574
-488.9415927713976
-486.9201492419265
-484.92327459549006
-482.95127358951066
-482.95127358951066
-479.79474135563765
-476.65087339065883
-473.5199219424609
-470.40214492439594
-467.297806033061
-467.297806033061
-463.46059516607323
-459.626160019445
-455.79457064658106
-451.96589942354393
-448.14022114369067
-444.31761311684465
-440.4981552732488
-436.68193027256285
-432.8690236181827
-429.0595237771763
-425.25352230614965
-421.4511139833748
-421.4511139833748
-417.46497227946224
-413.4790984702072
-409.49350037840276
-405.50818613384
-401.52316418848824
-397.5384433325824
-393.554032711683
-389.56994184477657
-385.5861806434915
-381.6027594325104
-377.61968897126656
-373.63698047701894
-369.6546456494101
-365.6726966966171
-361.6911463632194
-357.7100079599143
-353.72929539522545
-349.7490232093606
-345.76920661039145
-341.78986151294157
-337.8110045795881
-333.8326532652007
-329.85482586446335
-325.8775415628479
-321.90082049133457
-317.9246837852035
-313.9491536472545
-309.9742534158469
-306.0000076381934
-302.0264421493848
-298.05358415767364
-294.0814623366011
-290.1101069246132
-286.1395498328845
-282.1698247621449
-278.2009673293964
-274.2330152055049
-270.26600826476863
-266.29998874768995
-262.33500143832526
-258.3710938577513
-254.40831647537442
-250.4467229400219
-246.4863703329992
-242.52731944557354
-238.56963508366405
-234.61338640288298
-230.6586472774928
-226.70549670732666
-222.75401926727847
-218.80430560461315
-214.856452990096
-210.91056592980877
-206.9667568455321
-203.02514683275444
-199.08586650675107
-195.14907217051123
-191.21490120174818
-187.2835189238302
-183.35510471679382
-179.42985352843493
-175.5079775824456
-171.58970831387373
-167.6752985675461
-163.76502510153568
-159.85919144551218
-155.95813117319227
-152.06221165947773
-148.17183840671066
-144.28746004137844
-140.40957410332035
-136.53873377497925
-132.67555572971582
-128.82072931721285
-124.97502735252249
-121.1393188358936
-117.31458400642374
-113.50193222800942
-109.70262332642031
-105.91809314853009
-102.14998430767552
-98.40018332407436
-94.67086568041907
-90.96455070775583
-87.28416871668789
-83.6331434180135
-80.01549346038065
-76.43595787163163
-72.90015133122081
-69.41475649162336
-65.98776189403051
-62.628755113690275
-59.34928104630527
-56.16327359272693
-53.08756339205153
-50.14245127109468
-47.35231143628094
-44.74614311377468
-42.35791773769918
-40.22647154430028
-38.39459307051623
-36.90691652674454
-35.806370163548685
-35.12935734370148
-34.90053391444472
-35.12866058685195
-35.80500424131091
-36.90493015567765
-38.39204888843138
-40.223438103785604
-42.35446298688658
-44.74233011262517
-47.34819616297765
-50.138081962213164
-50.138081962213164
-53.88689742073874
-57.669473493234385
-57.669473493234385
-61.65743431789671
-61.65743431789671
-61.65743431789671
-61.65743431789671
-61.65743431789671
-61.65743431789671
-61.65743431789671
-61.65743431789671
-61.65743431789671
-61.65743431789671
-61.65743431789671
