62.828426361083984 452.82843017578125 0.7853981852531433
65.65685272216797 455.6568603515625 0.7853981852531433
68.48528289794922 458.48529052734375 0.7853981852531433
71.31371307373047 461.313720703125 0.7853981852531433
74.14214324951172 464.14215087890625 0.7853981852531433
76.97057342529297 466.9705810546875 0.7853981852531433
79.79900360107422 469.79901123046875 0.7853981852531433
82.62743377685547 472.62744140625 0.7853981852531433
85.45586395263672 475.45587158203125 0.7853981852531433
88.28429412841797 478.2843017578125 0.7853981852531433
91.11272430419922 481.11273193359375 0.7853981852531433
93.94115447998047 483.941162109375 0.7853981852531433
96.76958465576172 486.76959228515625 0.7853981852531433
99.59801483154297 489.5980224609375 0.7853981852531433
102.42644500732422 492.42645263671875 0.7853981852531433
105.25487518310547 495.2548828125 0.7853981852531433
108.08330535888672 498.08331298828125 0.7853981852531433
110.91173553466797 500.9117431640625 0.7853981852531433
113.74016571044922 503.74017333984375 0.7853981852531433
116.56859588623047 506.568603515625 0.7853981852531433
119.39702606201172 509.39703369140625 0.7853981852531433
122.22545623779297 512.2254638671875 0.7853981852531433
125.05388641357422 515.0538940429688 0.7853981852531433
127.88231658935547 517.88232421875 0.7853981852531433
130.7107391357422 520.7107543945312 0.7853981852531433
133.53916931152344 523.5391845703125 0.7853981852531433
136.3675994873047 526.3676147460938 0.7853981852531433
139.19602966308594 529.196044921875 0.7853981852531433
142.0244598388672 532.0244750976562 0.7853981852531433
144.85289001464844 534.8529052734375 0.7853981852531433
147.6813201904297 537.6813354492188 0.7853981852531433
150.50975036621094 540.509765625 0.7853981852531433
150.50975036621094 540.509765625 0.38539817929267883
154.21633911132812 542.0134887695312 0.38539817929267883
157.9229278564453 543.5172119140625 0.38539817929267883
161.6295166015625 545.0209350585938 0.38539817929267883
161.6295166015625 545.0209350585938 -0.014601826667785645
165.62908935546875 544.9625244140625 -0.014601826667785645
169.628662109375 544.9041137695312 -0.014601826667785645
173.62823486328125 544.845703125 -0.014601826667785645
177.6278076171875 544.7872924804688 -0.014601826667785645
181.62738037109375 544.7288818359375 -0.014601826667785645
185.626953125 544.6704711914062 -0.014601826667785645
185.626953125 544.6704711914062 -0.4146018326282501
189.28805541992188 543.0591430664062 -0.4146018326282501
192.94915771484375 541.4478149414062 -0.4146018326282501
196.61026000976562 539.8364868164062 -0.4146018326282501
200.2713623046875 538.2251586914062 -0.4146018326282501
203.93246459960938 536.6138305664062 -0.4146018326282501
203.93246459960938 536.6138305664062 -0.8146018385887146
206.67709350585938 533.7040405273438 -0.8146018385887146
209.42172241210938 530.7942504882812 -0.8146018385887146
212.16635131835938 527.8844604492188 -0.8146018385887146
214.91098022460938 524.9746704101562 -0.8146018385887146
217.65560913085938 522.0648803710938 -0.8146018385887146
220.40023803710938 519.1550903320312 -0.8146018385887146
223.14486694335938 516.2453002929688 -0.8146018385887146
225.88949584960938 513.3355102539062 -0.8146018385887146
228.63412475585938 510.4256896972656 -0.8146018385887146
231.37875366210938 507.515869140625 -0.8146018385887146
234.12338256835938 504.6060485839844 -0.8146018385887146
236.86801147460938 501.69622802734375 -0.8146018385887146
239.61264038085938 498.7864074707031 -0.8146018385887146
242.35726928710938 495.8765869140625 -0.8146018385887146
245.10189819335938 492.9667663574219 -0.8146018385887146
247.84652709960938 490.05694580078125 -0.8146018385887146
250.59115600585938 487.1471252441406 -0.8146018385887146
253.33578491210938 484.2373046875 -0.8146018385887146
256.0804138183594 481.3274841308594 -0.8146018385887146
258.8250427246094 478.41766357421875 -0.8146018385887146
261.5696716308594 475.5078430175781 -0.8146018385887146
264.3143005371094 472.5980224609375 -0.8146018385887146
267.0589294433594 469.6882019042969 -0.8146018385887146
269.8035583496094 466.77838134765625 -0.8146018385887146
272.5481872558594 463.8685607910156 -0.8146018385887146
275.2928161621094 460.958740234375 -0.8146018385887146
278.0374450683594 458.0489196777344 -0.8146018385887146
280.7820739746094 455.13909912109375 -0.8146018385887146
282.6836853027344 453.3890380859375 -0.673251211643219
284.8128662109375 451.92431640625 -0.5319005846977234
287.1271667480469 450.774169921875 -0.3905499577522278
289.5948791503906 449.9545593261719 -0.2507862448692322
293.4697570800781 448.9618835449219 -0.2507862448692322
296.0122985839844 448.4989318847656 -0.10943561792373657
299.9883728027344 448.06207275390625 -0.10943561792373657
303.9644470214844 447.6252136230469 -0.10943561792373657
307.9405212402344 447.1883544921875 -0.10943561792373657
310.5229187011719 447.08819580078125 0.03191500902175903
314.5208740234375 447.2158203125 0.03191500902175903
318.5188293457031 447.34344482421875 0.03191500902175903
322.51678466796875 447.4710693359375 0.03191500902175903
326.5147399902344 447.59869384765625 0.03191500902175903
330.5126953125 447.726318359375 0.03191500902175903
333.08343505859375 447.990966796875 0.17326563596725464
337.0235290527344 448.6805725097656 0.17326563596725464
340.963623046875 449.37017822265625 0.17326563596725464
344.9037170410156 450.0597839355469 0.17326563596725464
348.84381103515625 450.7493896484375 0.17326563596725464
352.7839050292969 451.4389953613281 0.17326563596725464
356.7239990234375 452.12860107421875 0.17326563596725464
360.6640930175781 452.8182067871094 0.17326563596725464
363.17193603515625 453.4424133300781 0.31461626291275024
366.9755859375 454.6802062988281 0.31461626291275024
370.77923583984375 455.9179992675781 0.31461626291275024
374.5828857421875 457.1557922363281 0.31461626291275024
376.9777526855469 458.1270751953125 0.45596688985824585
380.569091796875 459.8883972167969 0.45596688985824585
384.1604309082031 461.64971923828125 0.45596688985824585
387.75177001953125 463.4110412597656 0.45596688985824585
390.01812744140625 464.7235107421875 0.5938640832901001
393.333251953125 466.9617919921875 0.5938640832901001
396.64837646484375 469.2000732421875 0.5938640832901001
399.9635009765625 471.4383544921875 0.5938640832901001
403.27862548828125 473.6766357421875 0.5938640832901001
406.59375 475.9149169921875 0.5938640832901001
409.90887451171875 478.1531982421875 0.5938640832901001
413.2239990234375 480.3914794921875 0.5938640832901001
416.53912353515625 482.6297607421875 0.5938640832901001
419.854248046875 484.8680419921875 0.5938640832901001
423.16937255859375 487.1063232421875 0.5938640832901001
426.4844970703125 489.3446044921875 0.5938640832901001
429.79962158203125 491.5828857421875 0.5938640832901001
433.11474609375 493.8211669921875 0.5938640832901001
436.42987060546875 496.0594482421875 0.5938640832901001
439.7449951171875 498.2977294921875 0.5938640832901001
443.06011962890625 500.5360107421875 0.5938640832901001
446.375244140625 502.7742919921875 0.5938640832901001
449.69036865234375 505.0125732421875 0.5938640832901001
453.0054931640625 507.2508544921875 0.5938640832901001
456.32061767578125 509.4891357421875 0.5938640832901001
459.6357421875 511.7274169921875 0.5938640832901001
462.95086669921875 513.9656982421875 0.5938640832901001
466.2659912109375 516.2039794921875 0.5938640832901001
469.58111572265625 518.4422607421875 0.5938640832901001
472.896240234375 520.6805419921875 0.5938640832901001
476.21136474609375 522.9188232421875 0.5938640832901001
479.5264892578125 525.1571044921875 0.5938640832901001
482.84161376953125 527.3953857421875 0.5938640832901001
486.15673828125 529.6336669921875 0.5938640832901001
489.47186279296875 531.8719482421875 0.5938640832901001
492.7869873046875 534.1102294921875 0.5938640832901001
496.10211181640625 536.3485107421875 0.5938640832901001
499.417236328125 538.5867919921875 0.5938640832901001
502.73236083984375 540.8250732421875 0.5938640832901001
506.0474853515625 543.0633544921875 0.5938640832901001
509.36260986328125 545.3016357421875 0.5938640832901001
512.677734375 547.5399169921875 0.5938640832901001
515.9928588867188 549.7781982421875 0.5938640832901001
519.3079833984375 552.0164794921875 0.5938640832901001
522.6231079101562 554.2547607421875 0.5938640832901001
525.938232421875 556.4930419921875 0.5938640832901001
529.2533569335938 558.7313232421875 0.5938640832901001
532.5684814453125 560.9696044921875 0.5938640832901001
535.8836059570312 563.2078857421875 0.5938640832901001
539.19873046875 565.4461669921875 0.5938640832901001
542.5138549804688 567.6844482421875 0.5938640832901001
542.5138549804688 567.6844482421875 0.19386407732963562
542.5138549804688 567.6844482421875 -0.20613592863082886
542.5138549804688 567.6844482421875 -0.6061359643936157
542.5138549804688 567.6844482421875 -1.0061359405517578
544.6543579101562 564.3053588867188 -1.0061359405517578
544.6543579101562 564.3053588867188 -1.4061359167099
545.3099975585938 560.3594360351562 -1.4061359167099
545.9656372070312 556.4135131835938 -1.4061359167099
546.6212768554688 552.4675903320312 -1.4061359167099
547.2769165039062 548.5216674804688 -1.4061359167099
547.9325561523438 544.5757446289062 -1.4061359167099
548.5881958007812 540.6298217773438 -1.4061359167099
549.2438354492188 536.6838989257812 -1.4061359167099
549.8994750976562 532.7379760742188 -1.4061359167099
550.5551147460938 528.7920532226562 -1.4061359167099
551.2107543945312 524.8461303710938 -1.4061359167099
551.8663940429688 520.9002075195312 -1.4061359167099
552.5220336914062 516.9542846679688 -1.4061359167099
552.5220336914062 516.9542846679688 -1.806135892868042
551.58935546875 513.0645141601562 -1.806135892868042
550.6566772460938 509.1747741699219 -1.806135892868042
549.7239990234375 505.2850341796875 -1.806135892868042
548.7913208007812 501.3952941894531 -1.806135892868042
547.858642578125 497.50555419921875 -1.806135892868042
546.9259643554688 493.6158142089844 -1.806135892868042
545.9932861328125 489.72607421875 -1.806135892868042
545.0606079101562 485.8363342285156 -1.806135892868042
544.1279296875 481.94659423828125 -1.806135892868042
543.1952514648438 478.0568542480469 -1.806135892868042
542.2625732421875 474.1671142578125 -1.806135892868042
541.3298950195312 470.2773742675781 -1.806135892868042
540.397216796875 466.38763427734375 -1.806135892868042
540.397216796875 466.38763427734375 -2.2061359882354736
538.0234375 463.16815185546875 -2.2061359882354736
535.649658203125 459.94866943359375 -2.2061359882354736
533.27587890625 456.72918701171875 -2.2061359882354736
533.27587890625 456.72918701171875 -2.6061360836029053
529.8357543945312 454.6882629394531 -2.6061360836029053
526.3956298828125 452.6473388671875 -2.6061360836029053
522.9555053710938 450.6064147949219 -2.6061360836029053
519.515380859375 448.56549072265625 -2.6061360836029053
516.0752563476562 446.5245666503906 -2.6061360836029053
512.6351318359375 444.483642578125 -2.6061360836029053
509.1949768066406 442.4427185058594 -2.6061360836029053
505.75482177734375 440.40179443359375 -2.6061360836029053
502.3146667480469 438.3608703613281 -2.6061360836029053
498.87451171875 436.3199462890625 -2.6061360836029053
495.4343566894531 434.2790222167969 -2.6061360836029053
491.99420166015625 432.23809814453125 -2.6061360836029053
488.5540466308594 430.1971740722656 -2.6061360836029053
485.1138916015625 428.15625 -2.6061360836029053
481.6737365722656 426.1153259277344 -2.6061360836029053
478.23358154296875 424.07440185546875 -2.6061360836029053
474.7934265136719 422.0334777832031 -2.6061360836029053
471.353271484375 419.9925537109375 -2.6061360836029053
467.9131164550781 417.9516296386719 -2.6061360836029053
464.47296142578125 415.91070556640625 -2.6061360836029053
461.0328063964844 413.8697814941406 -2.6061360836029053
457.5926513671875 411.828857421875 -2.6061360836029053
454.1524963378906 409.7879333496094 -2.6061360836029053
450.71234130859375 407.74700927734375 -2.6061360836029053
447.2721862792969 405.7060852050781 -2.6061360836029053
443.83203125 403.6651611328125 -2.6061360836029053
440.3918762207031 401.6242370605469 -2.6061360836029053
436.95172119140625 399.58331298828125 -2.6061360836029053
433.5115661621094 397.5423889160156 -2.6061360836029053
430.0714111328125 395.50146484375 -2.6061360836029053
426.6312561035156 393.4605407714844 -2.6061360836029053
423.19110107421875 391.41961669921875 -2.6061360836029053
419.7509460449219 389.3786926269531 -2.6061360836029053
416.310791015625 387.3377685546875 -2.6061360836029053
412.8706359863281 385.2968444824219 -2.6061360836029053
409.43048095703125 383.25592041015625 -2.6061360836029053
405.9903259277344 381.2149963378906 -2.6061360836029053
402.5501708984375 379.174072265625 -2.6061360836029053
399.1100158691406 377.1331481933594 -2.6061360836029053
395.66986083984375 375.09222412109375 -2.6061360836029053
392.2297058105469 373.0513000488281 -2.6061360836029053
388.78955078125 371.0103759765625 -2.6061360836029053
385.3493957519531 368.9694519042969 -2.6061360836029053
381.90924072265625 366.92852783203125 -2.6061360836029053
378.4690856933594 364.8876037597656 -2.6061360836029053
375.0289306640625 362.8466796875 -2.6061360836029053
371.5887756347656 360.8057556152344 -2.6061360836029053
368.14862060546875 358.76483154296875 -2.6061360836029053
364.7084655761719 356.7239074707031 -2.6061360836029053
361.268310546875 354.6829833984375 -2.6061360836029053
357.8281555175781 352.6420593261719 -2.6061360836029053
354.38800048828125 350.60113525390625 -2.6061360836029053
350.9478454589844 348.5602111816406 -2.6061360836029053
347.5076904296875 346.519287109375 -2.6061360836029053
344.0675354003906 344.4783630371094 -2.6061360836029053
340.62738037109375 342.43743896484375 -2.6061360836029053
337.1872253417969 340.3965148925781 -2.6061360836029053
333.7470703125 338.3555908203125 -2.6061360836029053
330.3069152832031 336.3146667480469 -2.6061360836029053
326.86676025390625 334.27374267578125 -2.6061360836029053
323.4266052246094 332.2328186035156 -2.6061360836029053
319.9864501953125 330.19189453125 -2.6061360836029053
316.5462951660156 328.1509704589844 -2.6061360836029053
313.10614013671875 326.11004638671875 -2.6061360836029053
309.6659851074219 324.0691223144531 -2.6061360836029053
306.225830078125 322.0281982421875 -2.6061360836029053
302.7856750488281 319.9872741699219 -2.6061360836029053
299.34552001953125 317.94635009765625 -2.6061360836029053
295.9053649902344 315.9054260253906 -2.6061360836029053
292.4652099609375 313.864501953125 -2.6061360836029053
289.0250549316406 311.8235778808594 -2.6061360836029053
285.58489990234375 309.78265380859375 -2.6061360836029053
282.1447448730469 307.7417297363281 -2.6061360836029053
278.70458984375 305.7008056640625 -2.6061360836029053
275.2644348144531 303.6598815917969 -2.6061360836029053
271.82427978515625 301.61895751953125 -2.6061360836029053
268.3841247558594 299.5780334472656 -2.6061360836029053
264.9439697265625 297.537109375 -2.6061360836029053
261.5038146972656 295.4961853027344 -2.6061360836029053
258.06365966796875 293.45526123046875 -2.6061360836029053
254.62351989746094 291.4143371582031 -2.6061360836029053
252.4995574951172 289.9420471191406 -2.464785575866699
249.38125610351562 287.43682861328125 -2.464785575866699
246.26295471191406 284.9316101074219 -2.464785575866699
244.3675994873047 283.1748046875 -2.323434829711914
241.63333129882812 280.2552490234375 -2.323434829711914
238.89906311035156 277.335693359375 -2.323434829711914
237.27011108398438 275.3293762207031 -2.182084083557129
234.97442626953125 272.0537414550781 -2.182084083557129
232.67874145507812 268.7781066894531 -2.182084083557129
231.3486785888672 266.56231689453125 -2.0407333374023438
229.537353515625 262.9959411621094 -2.0407333374023438
227.7260284423828 259.4295654296875 -2.0407333374023438
225.91470336914062 255.86317443847656 -2.0407333374023438
224.10337829589844 252.29678344726562 -2.0407333374023438
222.29205322265625 248.7303924560547 -2.0407333374023438
221.28741455078125 246.3493194580078 -1.8993827104568481
219.99659729003906 242.56332397460938 -1.8993827104568481
218.70578002929688 238.77732849121094 -1.8993827104568481
218.04661560058594 236.27845764160156 -1.7580320835113525
217.74606323242188 233.71165466308594 -1.616681456565857
217.81011962890625 231.12811279296875 -1.4753308296203613
218.19140625 227.14633178710938 -1.4753308296203613
218.57269287109375 223.16455078125 -1.4753308296203613
219.00009155273438 220.6157989501953 -1.3339802026748657
219.9385223388672 216.72743225097656 -1.3339802026748657
220.876953125 212.8390655517578 -1.3339802026748657
221.65914916992188 210.37594604492188 -1.1926295757293701
222.78054809570312 208.04757690429688 -1.0512789487838745
224.76638793945312 204.57534790039062 -1.0512789487838745
226.75222778320312 201.10311889648438 -1.0512789487838745
228.1904754638672 198.95596313476562 -0.9099283218383789
230.64569091796875 195.79812622070312 -0.9099283218383789
233.1009063720703 192.64028930664062 -0.9099283218383789
235.55612182617188 189.48245239257812 -0.9099283218383789
237.2825164794922 187.559326171875 -0.7685776948928833
240.15811157226562 184.77886962890625 -0.7685776948928833
243.03370666503906 181.9984130859375 -0.7685776948928833
245.9093017578125 179.21795654296875 -0.7685776948928833
248.78489685058594 176.4375 -0.7685776948928833
251.66049194335938 173.65704345703125 -0.7685776948928833
253.64059448242188 171.99632263183594 -0.6272270679473877
256.87921142578125 169.64871215820312 -0.6272270679473877
260.11785888671875 167.3011016845703 -0.6272270679473877
263.35650634765625 164.9534912109375 -0.6272270679473877
266.59515380859375 162.6058807373047 -0.6272270679473877
269.83380126953125 160.25827026367188 -0.6272270679473877
273.07244873046875 157.91065979003906 -0.6272270679473877
275.8507385253906 156.0302734375 -0.5627657175064087
278.12921142578125 154.80870056152344 -0.42150914669036865
281.77911376953125 153.17214965820312 -0.42150914669036865
285.42901611328125 151.5355987548828 -0.42150914669036865
289.07891845703125 149.8990478515625 -0.42150914669036865
292.72882080078125 148.2624969482422 -0.42150914669036865
296.37872314453125 146.62594604492188 -0.42150914669036865
300.02862548828125 144.98939514160156 -0.42150914669036865
302.4555358886719 144.10121154785156 -0.28015851974487305
306.2995910644531 142.99517822265625 -0.28015851974487305
310.1436462402344 141.88914489746094 -0.28015851974487305
313.9877014160156 140.78311157226562 -0.28015851974487305
317.8317565917969 139.6770782470703 -0.28015851974487305
321.6758117675781 138.571044921875 -0.28015851974487305
325.5198669433594 137.4650115966797 -0.28015851974487305
329.3639221191406 136.35897827148438 -0.28015851974487305
333.2079772949219 135.25294494628906 -0.28015851974487305
337.0520324707031 134.14691162109375 -0.28015851974487305
340.8960876464844 133.04087829589844 -0.28015851974487305
344.7401428222656 131.93484497070312 -0.28015851974487305
348.5841979980469 130.8288116455078 -0.28015851974487305
352.4282531738281 129.7227783203125 -0.28015851974487305
356.2723083496094 128.6167449951172 -0.28015851974487305
360.1163635253906 127.51071166992188 -0.28015851974487305
363.9604187011719 126.40467834472656 -0.28015851974487305
367.8044738769531 125.29864501953125 -0.28015851974487305
371.6485290527344 124.19261169433594 -0.28015851974487305
375.4925842285156 123.08657836914062 -0.28015851974487305
379.3366394042969 121.98054504394531 -0.28015851974487305
383.1806945800781 120.87451171875 -0.28015851974487305
387.0247497558594 119.76847839355469 -0.28015851974487305
390.8688049316406 118.66244506835938 -0.28015851974487305
394.7128601074219 117.55641174316406 -0.28015851974487305
398.5569152832031 116.45037841796875 -0.28015851974487305
402.4009704589844 115.34434509277344 -0.28015851974487305
406.2450256347656 114.23831176757812 -0.28015851974487305
410.0890808105469 113.13227844238281 -0.28015851974487305
413.9331359863281 112.0262451171875 -0.28015851974487305
417.7771911621094 110.92021179199219 -0.28015851974487305
421.6212463378906 109.81417846679688 -0.28015851974487305
425.4653015136719 108.70814514160156 -0.28015851974487305
429.3093566894531 107.60211181640625 -0.28015851974487305
433.1534118652344 106.49607849121094 -0.28015851974487305
436.9974670410156 105.39004516601562 -0.28015851974487305
440.8415222167969 104.28401184082031 -0.28015851974487305
444.6855773925781 103.177978515625 -0.28015851974487305
448.5296325683594 102.07194519042969 -0.28015851974487305
452.3736877441406 100.96591186523438 -0.28015851974487305
456.2177429199219 99.85987854003906 -0.28015851974487305
460.0617980957031 98.75384521484375 -0.28015851974487305
463.9058532714844 97.64781188964844 -0.28015851974487305
467.7499084472656 96.54177856445312 -0.28015851974487305
471.5939636230469 95.43574523925781 -0.28015851974487305
475.4380187988281 94.3297119140625 -0.28015851974487305
479.2820739746094 93.22367858886719 -0.28015851974487305
483.1261291503906 92.11764526367188 -0.28015851974487305
486.9701843261719 91.01161193847656 -0.28015851974487305
490.8142395019531 89.90557861328125 -0.28015851974487305
494.6582946777344 88.79954528808594 -0.28015851974487305
498.5023498535156 87.69351196289062 -0.28015851974487305
502.3464050292969 86.58747863769531 -0.28015851974487305
506.1904602050781 85.4814453125 -0.28015851974487305
510.0345153808594 84.37541198730469 -0.28015851974487305
513.8785400390625 83.26937866210938 -0.28015851974487305
517.7225952148438 82.16334533691406 -0.28015851974487305
521.566650390625 81.05731201171875 -0.28015851974487305
525.4107055664062 79.95127868652344 -0.28015851974487305
529.2547607421875 78.84524536132812 -0.28015851974487305
533.0988159179688 77.73921203613281 -0.28015851974487305
536.94287109375 76.6331787109375 -0.28015851974487305
540.7869262695312 75.52714538574219 -0.28015851974487305
544.6309814453125 74.42111206054688 -0.28015851974487305
548.4750366210938 73.31507873535156 -0.28015851974487305
552.319091796875 72.20904541015625 -0.28015851974487305
556.1631469726562 71.10301208496094 -0.28015851974487305
560.0072021484375 69.99697875976562 -0.28015851974487305
563.8512573242188 68.89094543457031 -0.28015851974487305
567.6953125 67.784912109375 -0.28015851974487305
567.6953125 67.784912109375 -0.6801584959030151
567.6953125 67.784912109375 -1.0801584720611572
567.6953125 67.784912109375 -1.4801584482192993
567.6953125 67.784912109375 -1.8801584243774414
567.6953125 67.784912109375 -2.280158519744873
565.0899047851562 64.74980163574219 -2.280158519744873
562.4844970703125 61.714691162109375 -2.280158519744873
559.8790893554688 58.67958068847656 -2.280158519744873
557.273681640625 55.64447021484375 -2.280158519744873
557.273681640625 55.64447021484375 -2.6801586151123047
553.6920166015625 53.86354064941406 -2.6801586151123047
550.1103515625 52.082611083984375 -2.6801586151123047
546.5286865234375 50.30168151855469 -2.6801586151123047
546.5286865234375 50.30168151855469 -3.0801587104797363
542.5362548828125 50.05609893798828 -3.0801587104797363
538.5438232421875 49.810516357421875 -3.0801587104797363
534.5513916015625 49.56493377685547 -3.0801587104797363
530.5589599609375 49.31935119628906 -3.0801587104797363
526.5665283203125 49.073768615722656 -3.0801587104797363
522.5740966796875 48.82818603515625 -3.0801587104797363
518.5816650390625 48.582603454589844 -3.0801587104797363
514.5892333984375 48.33702087402344 -3.0801587104797363
510.5967712402344 48.09143829345703 -3.0801587104797363
506.60430908203125 47.845855712890625 -3.0801587104797363
502.6118469238281 47.60027313232422 -3.0801587104797363
498.619384765625 47.35469055175781 -3.0801587104797363
494.6269226074219 47.109107971191406 -3.0801587104797363
490.63446044921875 46.863525390625 -3.0801587104797363
486.6419982910156 46.617942810058594 -3.0801587104797363
482.6495361328125 46.37236022949219 -3.0801587104797363
478.6570739746094 46.12677764892578 -3.0801587104797363
474.66461181640625 45.881195068359375 -3.0801587104797363
470.6721496582031 45.63561248779297 -3.0801587104797363
466.6796875 45.39002990722656 -3.0801587104797363
462.6872253417969 45.144447326660156 -3.0801587104797363
458.69476318359375 44.89886474609375 -3.0801587104797363
454.7023010253906 44.653282165527344 -3.0801587104797363
450.7098388671875 44.40769958496094 -3.0801587104797363
446.7173767089844 44.16211700439453 -3.0801587104797363
442.72491455078125 43.916534423828125 -3.0801587104797363
438.7324523925781 43.67095184326172 -3.0801587104797363
434.739990234375 43.42536926269531 -3.0801587104797363
430.7475280761719 43.179786682128906 -3.0801587104797363
426.75506591796875 42.9342041015625 -3.0801587104797363
422.7626037597656 42.688621520996094 -3.0801587104797363
418.7701416015625 42.44303894042969 -3.0801587104797363
414.7776794433594 42.19745635986328 -3.0801587104797363
410.78521728515625 41.951873779296875 -3.0801587104797363
406.7927551269531 41.70629119873047 -3.0801587104797363
402.80029296875 41.46070861816406 -3.0801587104797363
398.8078308105469 41.215126037597656 -3.0801587104797363
394.81536865234375 40.96954345703125 -3.0801587104797363
390.8229064941406 40.723960876464844 -3.0801587104797363
386.8304443359375 40.47837829589844 -3.0801587104797363
382.8379821777344 40.23279571533203 -3.0801587104797363
378.84552001953125 39.987213134765625 -3.0801587104797363
374.8530578613281 39.74163055419922 -3.0801587104797363
370.860595703125 39.49604797363281 -3.0801587104797363
366.8681335449219 39.250465393066406 -3.0801587104797363
362.87567138671875 39.0048828125 -3.0801587104797363
358.8832092285156 38.759300231933594 -3.0801587104797363
358.8832092285156 38.759300231933594 2.8030264377593994
355.11029052734375 40.08784103393555 2.8030264377593994
351.3373718261719 41.4163818359375 2.8030264377593994
347.564453125 42.74492263793945 2.8030264377593994
343.7915344238281 44.073463439941406 2.8030264377593994
340.01861572265625 45.40200424194336 2.8030264377593994
336.2456970214844 46.73054504394531 2.8030264377593994
332.4727783203125 48.059085845947266 2.8030264377593994
328.6998596191406 49.38762664794922 2.8030264377593994
324.92694091796875 50.71616744995117 2.8030264377593994
321.1540222167969 52.044708251953125 2.8030264377593994
317.381103515625 53.37324905395508 2.8030264377593994
313.6081848144531 54.70178985595703 2.8030264377593994
309.83526611328125 56.030330657958984 2.8030264377593994
306.0623474121094 57.35887145996094 2.8030264377593994
302.2894287109375 58.68741226196289 2.8030264377593994
298.5165100097656 60.015953063964844 2.8030264377593994
294.74359130859375 61.3444938659668 2.8030264377593994
290.9706726074219 62.67303466796875 2.8030264377593994
287.19775390625 64.00157165527344 2.8030264377593994
283.4248352050781 65.33010864257812 2.8030264377593994
279.65191650390625 66.65864562988281 2.8030264377593994
275.8789978027344 67.9871826171875 2.8030264377593994
272.1060791015625 69.31571960449219 2.8030264377593994
268.3331604003906 70.64425659179688 2.8030264377593994
264.56024169921875 71.97279357910156 2.8030264377593994
260.7873229980469 73.30133056640625 2.8030264377593994
257.014404296875 74.62986755371094 2.8030264377593994
253.24147033691406 75.95840454101562 2.8030264377593994
249.46853637695312 77.28694152832031 2.8030264377593994
245.6956024169922 78.615478515625 2.8030264377593994
241.92266845703125 79.94401550292969 2.8030264377593994
238.1497344970703 81.27255249023438 2.8030264377593994
234.37680053710938 82.60108947753906 2.8030264377593994
230.60386657714844 83.92962646484375 2.8030264377593994
226.8309326171875 85.25816345214844 2.8030264377593994
223.05799865722656 86.58670043945312 2.8030264377593994
219.28506469726562 87.91523742675781 2.8030264377593994
215.5121307373047 89.2437744140625 2.8030264377593994
211.73919677734375 90.57231140136719 2.8030264377593994
207.9662628173828 91.90084838867188 2.8030264377593994
204.19332885742188 93.22938537597656 2.8030264377593994
200.42039489746094 94.55792236328125 2.8030264377593994
196.6474609375 95.88645935058594 2.8030264377593994
192.87452697753906 97.21499633789062 2.8030264377593994
189.10159301757812 98.54353332519531 2.8030264377593994
186.60943603515625 99.22760009765625 2.9443769454956055
182.6869659423828 100.01136016845703 2.9443769454956055
178.76449584960938 100.79512023925781 2.9443769454956055
174.84202575683594 101.5788803100586 2.9443769454956055
170.9195556640625 102.36264038085938 2.9443769454956055
166.99708557128906 103.14640045166016 2.9443769454956055
164.41603088378906 103.47709655761719 3.0839498043060303
160.42266845703125 103.7075424194336 3.0839498043060303
156.42930603027344 103.93798828125 3.0839498043060303
152.43594360351562 104.1684341430664 3.0839498043060303
148.4425811767578 104.39888000488281 3.0839498043060303
144.44921875 104.62932586669922 3.0839498043060303
140.4558563232422 104.85977172851562 3.0839498043060303
136.46249389648438 105.09021759033203 3.0839498043060303
133.87796020507812 105.05658721923828 -3.057925224304199
129.89195251464844 104.72230529785156 -3.057925224304199
125.90594482421875 104.38802337646484 -3.057925224304199
121.91993713378906 104.05374145507812 -3.057925224304199
117.93392944335938 103.7194595336914 -3.057925224304199
113.94792175292969 103.38517761230469 -3.057925224304199
109.9619140625 103.05089569091797 -3.057925224304199
105.97590637207031 102.71661376953125 -3.057925224304199
101.98989868164062 102.38233184814453 -3.057925224304199
99.436279296875 101.98503875732422 -2.916574478149414
95.53711700439453 101.09254455566406 -2.916574478149414
93.06493377685547 100.33946228027344 -2.775223731994629
89.33039855957031 98.90655517578125 -2.775223731994629
86.98896789550781 97.81269836425781 -2.6338729858398438
83.49354553222656 95.86795806884766 -2.6338729858398438
79.99812316894531 93.9232177734375 -2.6338729858398438
76.50270080566406 91.97847747802734 -2.6338729858398438
73.00727844238281 90.03373718261719 -2.6338729858398438
69.51185607910156 88.08899688720703 -2.6338729858398438
66.01643371582031 86.14425659179688 -2.6338729858398438
63.85245895385742 84.7314453125 -2.4925222396850586
60.66587448120117 82.31365966796875 -2.4925222396850586
57.47929000854492 79.8958740234375 -2.4925222396850586
54.29270553588867 77.47808837890625 -2.4925222396850586
52.34934997558594 75.77450561523438 -2.3511714935302734
49.53516387939453 72.9319076538086 -2.3511714935302734
46.720977783203125 70.08930969238281 -2.3511714935302734
45.03700637817383 68.12893676757812 -2.2098207473754883
42.6513557434082 64.91822814941406 -2.2098207473754883
40.26570510864258 61.707515716552734 -2.2098207473754883
37.88005447387695 58.496803283691406 -2.2098207473754883
35.49440383911133 55.28609085083008 -2.2098207473754883
33.1087532043457 52.07537841796875 -2.2098207473754883
30.723102569580078 48.86466598510742 -2.2098207473754883
29.332069396972656 46.68656539916992 -2.0684752464294434
27.42251968383789 43.17179489135742 -2.0684752464294434
25.512969970703125 39.65702438354492 -2.0684752464294434
23.60342025756836 36.14225387573242 -2.0684752464294434
21.693870544433594 32.62748336791992 -2.0684752464294434
19.784320831298828 29.11271095275879 -2.0684752464294434
17.874771118164062 25.597938537597656 -2.0684752464294434
17.874771118164062 25.597938537597656 -2.0684752464294434
17.874771118164062 25.597938537597656 -2.0684752464294434
17.874771118164062 25.597938537597656 -2.0684752464294434
17.874771118164062 25.597938537597656 -2.0684752464294434
17.874771118164062 25.597938537597656 -2.0684752464294434
17.874771118164062 25.597938537597656 -2.0684752464294434
17.874771118164062 25.597938537597656 -2.0684752464294434
17.874771118164062 25.597938537597656 -2.0684752464294434
17.874771118164062 25.597938537597656 -2.0684752464294434
17.874771118164062 25.597938537597656 -2.0684752464294434
