-392.7019763066086
-395.37889490297437
-398.0305588509044
-400.656822290765
-403.25746859711813
-405.8323627892243
-408.38129819480804
-410.7148835499975
-413.14052034487685
-415.5396151886349
-417.91199787284654
-420.2574870741286
-422.57595037091255
-424.86721335510236
-427.1311506982296
-429.3675948866814
-431.5763665591645
-433.75736524070413
-435.91041765785405
-438.0353987697115
-440.13214085705033
-442.200525217404
-444.24041929995695
-446.25167764154173
-448.2341718025328
-450.187764349593
-452.1123306866811
-454.0077341361063
-455.8738559676892
-457.7105655385999
-459.5177468320801
-461.2952716246577
-463.0430256976297
-463.0430256976297
-463.0430256976297
-463.0430256976297
-466.6331737495495
-470.23266789005976
-474.0712371861232
-477.9098581122463
-481.74753836743787
-485.58335748222356
-489.41630231101374
-493.24549255777055
-497.0700648052745
-500.8891123300015
-500.8891123300015
-504.35951687948534
-508.08809335699914
-511.83237216312983
-515.5910651697195
-519.3628576167926
-519.3628576167926
-519.3628576167926
-519.3628576167926
-519.3628576167926
-519.3628576167926
-519.3628576167926
-516.138023753255
-512.9559669608212
-509.81831428572616
-506.7267175156649
-503.6827859613738
-500.6882175677174
-497.74472511369976
-494.85392461013674
-492.0175636777044
-489.23728963826517
-486.5148212635636
-483.8518272019504
-481.25005191602236
-478.711117253663
-476.23671865898103
-473.82848937336263
-471.4880598230793
-469.2171221961443
-467.01723848745263
-464.8899636868919
-462.8369002836772
-460.8595752212895
-458.9594972407114
-457.13809292418466
-455.3967633747894
-453.736943286482
-452.1599442461959
-450.6670432937879
-449.2594796316433
-448.05971046554544
-447.0225962490378
-446.1508952769951
-445.4469772860272
-445.4469772860272
-445.4469772860272
-445.4469772860272
-441.9318923563268
-438.45254616626346
-435.0154200548882
-431.6270233667162
-431.6270233667162
-428.026449637076
-424.4268142682783
-420.83392467041256
-417.2537423265385
-413.6923876170156
-410.15608183203847
-406.6511801525941
-406.6511801525941
-402.85010678164446
-399.041492192621
-395.2261075611827
-391.40477530257425
-387.57830934375255
-383.7475772235978
-380.14913243904783
-376.5482409186291
-372.9506219819121
-369.362196599589
-365.78900271077373
-362.2372616677284
-358.71335217413287
-355.2238132567534
-351.77525389348835
-348.3745052156198
-345.0284347710681
-341.7440639377022
-338.5284692423537
-335.3888338008012
-332.3323739789674
-332.3323739789674
-328.8038787418766
-325.30893318374166
-321.8542696972717
-318.4467966168408
-315.0935360040941
-311.80165012651696
-308.57843547272364
-305.43125159328457
-305.43125159328457
-301.87136954088857
-298.3373111448358
-294.83575889115275
-291.3735293622191
-287.95766667826166
-284.59535160501207
-281.2939608112982
-278.0610002652737
-274.90412669127227
-271.83110503310013
-271.83110503310013
-268.29700982650246
-264.795631334015
-261.3339657416498
-257.919233455736
-254.5588811842382
-251.26052130884537
-248.0319879206425
-244.88126838196067
-241.81651998231595
-238.84602353278592
-238.84602353278592
-235.354132687048
-231.90424751677412
-228.400211771276
-225.04351652111583
-221.75033828126365
-218.52889770230766
-215.3876440987174
-212.33527148581345
-212.33527148581345
-212.33527148581345
-212.33527148581345
-212.33527148581345
-208.6844288793821
-205.06054575067765
-205.06054575067765
-205.06054575067765
-205.06054575067765
-205.06054575067765
-205.06054575067765
-205.06054575067765
-205.06054575067765
-205.06054575067765
-205.06054575067765
-205.06054575067765
