62.32396697998047 452.1359558105469 0.7011355757713318
64.8194580078125 454.0687255859375 0.6168729662895203
67.46876525878906 455.7846374511719 0.5326103568077087
70.25308227539062 457.271484375 0.4483477771282196
73.15265655517578 458.5187072753906 0.36408519744873047
76.14691925048828 459.5174560546875 0.27982261776924133
79.21461486816406 460.26068115234375 0.1955600380897522
82.33397674560547 460.7430725097656 0.11129745095968246
85.48287200927734 460.9612121582031 0.027034863829612732
88.63895416259766 460.91357421875 -0.057227723300457
91.77982330322266 460.6004638671875 -0.14149031043052673
94.8832015991211 460.0241394042969 -0.22575289011001587
97.92706298828125 459.18865966796875 -0.310015469789505
100.88980865478516 458.0999755859375 -0.39427804946899414
103.75041198730469 456.7657775878906 -0.4785406291484833
106.48857879638672 455.195556640625 -0.5628032088279724
109.08487701416016 453.40045166015625 -0.6470658183097839
111.52088165283203 451.3932189941406 -0.7313284277915955
114.49803161621094 448.7217712402344 -0.7313284277915955
114.49803161621094 448.7217712402344 -1.1313284635543823
116.19985961914062 445.10186767578125 -1.1313284635543823
117.90168762207031 441.4819641113281 -1.1313284635543823
119.603515625 437.862060546875 -1.1313284635543823
121.30534362792969 434.2421569824219 -1.1313284635543823
123.00717163085938 430.62225341796875 -1.1313284635543823
124.70899963378906 427.0023498535156 -1.1313284635543823
126.41082763671875 423.3824462890625 -1.1313284635543823
128.11265563964844 419.7625427246094 -1.1313284635543823
129.81448364257812 416.14263916015625 -1.1313284635543823
131.5163116455078 412.5227355957031 -1.1313284635543823
133.2181396484375 408.90283203125 -1.1313284635543823
134.9199676513672 405.2829284667969 -1.1313284635543823
134.9199676513672 405.2829284667969 -1.5313284397125244
135.0778045654297 401.2860412597656 -1.5313284397125244
135.2356414794922 397.2891540527344 -1.5313284397125244
135.3934783935547 393.2922668457031 -1.5313284397125244
135.5513153076172 389.2953796386719 -1.5313284397125244
135.7091522216797 385.2984924316406 -1.5313284397125244
135.8669891357422 381.3016052246094 -1.5313284397125244
136.0248260498047 377.3047180175781 -1.5313284397125244
136.1826629638672 373.3078308105469 -1.5313284397125244
136.3404998779297 369.3109436035156 -1.5313284397125244
136.4983367919922 365.3140563964844 -1.5313284397125244
136.6561737060547 361.3171691894531 -1.5313284397125244
136.8140106201172 357.3202819824219 -1.5313284397125244
136.9718475341797 353.3233947753906 -1.5313284397125244
137.1296844482422 349.3265075683594 -1.5313284397125244
137.2875213623047 345.3296203613281 -1.5313284397125244
137.4453582763672 341.3327331542969 -1.5313284397125244
137.6031951904297 337.3358459472656 -1.5313284397125244
137.7610321044922 333.3389587402344 -1.5313284397125244
137.9188690185547 329.3420715332031 -1.5313284397125244
138.0767059326172 325.3451843261719 -1.5313284397125244
138.2345428466797 321.3482971191406 -1.5313284397125244
138.3923797607422 317.3514099121094 -1.5313284397125244
138.5502166748047 313.3545227050781 -1.5313284397125244
138.7080535888672 309.3576354980469 -1.5313284397125244
138.8658905029297 305.3607482910156 -1.5313284397125244
139.0237274169922 301.3638610839844 -1.5313284397125244
139.1815643310547 297.3669738769531 -1.5313284397125244
139.3394012451172 293.3700866699219 -1.5313284397125244
139.4972381591797 289.3731994628906 -1.5313284397125244
139.6550750732422 285.3763122558594 -1.5313284397125244
139.8129119873047 281.3794250488281 -1.5313284397125244
139.9707489013672 277.3825378417969 -1.5313284397125244
140.1285858154297 273.3856506347656 -1.5313284397125244
140.2864227294922 269.3887634277344 -1.5313284397125244
140.4442596435547 265.3918762207031 -1.5313284397125244
140.6020965576172 261.3949890136719 -1.5313284397125244
140.7599334716797 257.3981018066406 -1.5313284397125244
140.9177703857422 253.40121459960938 -1.5313284397125244
141.0756072998047 249.40432739257812 -1.5313284397125244
141.2334442138672 245.40744018554688 -1.5313284397125244
141.2334442138672 245.40744018554688 -1.9313284158706665
139.82235717773438 241.6645965576172 -1.9313284158706665
138.41127014160156 237.9217529296875 -1.9313284158706665
137.00018310546875 234.1789093017578 -1.9313284158706665
135.58909606933594 230.43606567382812 -1.9313284158706665
134.17800903320312 226.69322204589844 -1.9313284158706665
132.94110107421875 223.7892303466797 -2.0155909061431885
131.2200164794922 220.17843627929688 -2.0155909061431885
129.7430877685547 217.38885498046875 -2.099853515625
127.72421264648438 213.9357147216797 -2.099853515625
126.01773834228516 211.28033447265625 -2.1841161251068115
123.71539306640625 208.00936889648438 -2.1841161251068115
121.41305541992188 204.7384033203125 -2.1841161251068115
121.41305541992188 204.7384033203125 -2.584116220474243
118.01868438720703 202.62222290039062 -2.584116220474243
114.62431335449219 200.50604248046875 -2.584116220474243
111.22994232177734 198.38986206054688 -2.584116220474243
107.8355712890625 196.273681640625 -2.584116220474243
104.44120025634766 194.15750122070312 -2.584116220474243
101.04682922363281 192.04132080078125 -2.584116220474243
97.65245819091797 189.92514038085938 -2.584116220474243
94.25808715820312 187.8089599609375 -2.584116220474243
90.86371612548828 185.69277954101562 -2.584116220474243
87.46934509277344 183.57659912109375 -2.584116220474243
84.0749740600586 181.46041870117188 -2.584116220474243
84.0749740600586 181.46041870117188 -2.984116315841675
80.12446594238281 180.83311462402344 -2.984116315841675
76.17395782470703 180.205810546875 -2.984116315841675
72.22344970703125 179.57850646972656 -2.984116315841675
68.27294158935547 178.95120239257812 -2.984116315841675
64.32243347167969 178.3238983154297 -2.984116315841675
60.37192916870117 177.69659423828125 -2.984116315841675
56.421424865722656 177.0692901611328 -2.984116315841675
52.47092056274414 176.44198608398438 -2.984116315841675
49.335357666015625 176.0786895751953 -3.068368673324585
46.180442810058594 175.98056030273438 3.130553960800171
43.02846145629883 176.1483154296875 3.0462913513183594
39.90178298950195 176.58074951171875 2.962028741836548
36.822593688964844 177.27479553222656 2.8777661323547363
33.812740325927734 178.2255401611328 2.793503522872925
30.893585205078125 179.4262237548828 2.7092409133911133
29.1452693939209 180.45252990722656 2.5122978687286377
27.631568908691406 181.80108642578125 2.315354824066162
27.631568908691406 181.80108642578125 1.91535484790802
27.631568908691406 181.80108642578125 1.515354871749878
27.631568908691406 181.80108642578125 1.1153548955917358
29.39100456237793 185.3933563232422 1.1153548955917358
31.150440216064453 188.98562622070312 1.1153548955917358
32.909873962402344 192.57789611816406 1.1153548955917358
34.669307708740234 196.170166015625 1.1153548955917358
34.669307708740234 196.170166015625 0.7153549194335938
37.688751220703125 198.793701171875 0.7153549194335938
40.708194732666016 201.417236328125 0.7153549194335938
43.727638244628906 204.040771484375 0.7153549194335938
46.7470817565918 206.664306640625 0.7153549194335938
49.76652526855469 209.287841796875 0.7153549194335938
52.78596878051758 211.911376953125 0.7153549194335938
55.80541229248047 214.534912109375 0.7153549194335938
58.82485580444336 217.158447265625 0.7153549194335938
61.84429931640625 219.781982421875 0.7153549194335938
64.86373901367188 222.405517578125 0.7153549194335938
67.8831787109375 225.029052734375 0.7153549194335938
70.90261840820312 227.652587890625 0.7153549194335938
73.92205810546875 230.276123046875 0.7153549194335938
76.94149780273438 232.899658203125 0.7153549194335938
79.9609375 235.523193359375 0.7153549194335938
82.98037719726562 238.146728515625 0.7153549194335938
85.99981689453125 240.770263671875 0.7153549194335938
89.01925659179688 243.393798828125 0.7153549194335938
92.0386962890625 246.017333984375 0.7153549194335938
95.05813598632812 248.640869140625 0.7153549194335938
98.07757568359375 251.264404296875 0.7153549194335938
101.09701538085938 253.887939453125 0.7153549194335938
104.116455078125 256.511474609375 0.7153549194335938
106.58421325683594 258.47955322265625 0.6310923099517822
109.20885467529297 260.2329406738281 0.5468297004699707
111.97174835205078 261.75921630859375 0.46256712079048157
114.8532943725586 263.04754638671875 0.37830454111099243
117.83304595947266 264.0887756347656 0.2940419614315033
120.88986206054688 264.8755187988281 0.20977938175201416
124.0020523071289 265.4022216796875 0.12551680207252502
127.14752197265625 265.6651306152344 0.04125421494245529
130.303955078125 265.662353515625 -0.04300837218761444
133.44895935058594 265.3939514160156 -0.12727096676826477
136.56021118164062 264.8617858886719 -0.2115335464477539
138.49085998535156 264.24334716796875 -0.40847650170326233
138.49085998535156 264.24334716796875 -0.8084765076637268
138.49085998535156 264.24334716796875 -1.2084765434265137
138.49085998535156 264.24334716796875 -1.6084765195846558
138.34017944335938 260.2461853027344 -1.6084765195846558
138.1894989013672 256.2490234375 -1.6084765195846558
138.038818359375 252.25186157226562 -1.6084765195846558
137.8881378173828 248.25469970703125 -1.6084765195846558
137.73745727539062 244.25753784179688 -1.6084765195846558
137.58677673339844 240.2603759765625 -1.6084765195846558
137.43609619140625 236.26321411132812 -1.6084765195846558
137.43609619140625 236.26321411132812 -2.008476495742798
135.74073791503906 232.6402587890625 -2.008476495742798
134.04537963867188 229.01730346679688 -2.008476495742798
132.3500213623047 225.39434814453125 -2.008476495742798
130.89297485351562 222.59432983398438 -2.0927391052246094
128.89871215820312 219.12692260742188 -2.0927391052246094
126.90444946289062 215.65951538085938 -2.0927391052246094
125.21642303466797 212.99093627929688 -2.1768808364868164
122.93780517578125 209.70339965820312 -2.1768808364868164
120.65918731689453 206.41586303710938 -2.1768808364868164
120.65918731689453 206.41586303710938 -2.576880931854248
117.28021240234375 204.27517700195312 -2.576880931854248
113.90123748779297 202.13449096679688 -2.576880931854248
110.52226257324219 199.99380493164062 -2.576880931854248
107.1432876586914 197.85311889648438 -2.576880931854248
103.76431274414062 195.71243286132812 -2.576880931854248
100.38533782958984 193.57174682617188 -2.576880931854248
97.00636291503906 191.43106079101562 -2.576880931854248
93.62738800048828 189.29037475585938 -2.576880931854248
90.2484130859375 187.14968872070312 -2.576880931854248
86.86943817138672 185.00900268554688 -2.576880931854248
83.49046325683594 182.86831665039062 -2.576880931854248
80.11148834228516 180.72763061523438 -2.576880931854248
80.11148834228516 180.72763061523438 -2.9768810272216797
76.1656265258789 180.07176208496094 -2.9768810272216797
72.21976470947266 179.4158935546875 -2.9768810272216797
68.2739028930664 178.76002502441406 -2.9768810272216797
64.32804107666016 178.10415649414062 -2.9768810272216797
60.382179260253906 177.4482879638672 -2.9768810272216797
56.436317443847656 176.79241943359375 -2.9768810272216797
52.490455627441406 176.1365509033203 -2.9768810272216797
49.20159149169922 175.70457458496094 -3.045105218887329
46.04981231689453 175.5330810546875 -3.1293678283691406
42.89478302001953 175.62747192382812 3.0695548057556152
39.75889205932617 175.987060546875 2.9852921962738037
36.664390563964844 176.6092987060547 2.901029586791992
33.63323974609375 177.48977661132812 2.8167669773101807
31.784879684448242 178.32252502441406 2.619823932647705
30.135194778442383 179.5008544921875 2.4228808879852295
28.748003005981445 180.9791717529297 2.225933074951172
28.748003005981445 180.9791717529297 1.8259330987930298
28.748003005981445 180.9791717529297 1.4259331226348877
28.748003005981445 180.9791717529297 1.0259331464767456
30.82120704650879 184.39996337890625 1.0259331464767456
32.894412994384766 187.8207550048828 1.0259331464767456
34.96761703491211 191.24154663085938 1.0259331464767456
37.04082107543945 194.66233825683594 1.0259331464767456
39.1140251159668 198.0831298828125 1.0259331464767456
41.18722915649414 201.50392150878906 1.0259331464767456
43.260433197021484 204.92471313476562 1.0259331464767456
45.33363723754883 208.3455047607422 1.0259331464767456
47.40684127807617 211.76629638671875 1.0259331464767456
49.480045318603516 215.1870880126953 1.0259331464767456
51.55324935913086 218.60787963867188 1.0259331464767456
53.6264533996582 222.02867126464844 1.0259331464767456
55.69965744018555 225.449462890625 1.0259331464767456
57.77286148071289 228.87025451660156 1.0259331464767456
57.77286148071289 228.87025451660156 0.6259331703186035
61.014530181884766 231.2136688232422 0.6259331703186035
64.25619506835938 233.5570831298828 0.6259331703186035
67.49786376953125 235.90049743652344 0.6259331703186035
70.73953247070312 238.24391174316406 0.6259331703186035
73.981201171875 240.5873260498047 0.6259331703186035
77.22286987304688 242.9307403564453 0.6259331703186035
80.46453857421875 245.27415466308594 0.6259331703186035
83.70620727539062 247.61756896972656 0.6259331703186035
86.9478759765625 249.9609832763672 0.6259331703186035
90.18954467773438 252.3043975830078 0.6259331703186035
93.43121337890625 254.64781188964844 0.6259331703186035
96.67288208007812 256.9912414550781 0.6259331703186035
99.30653381347656 258.7310791015625 0.541670560836792
102.0772705078125 260.2430725097656 0.45740798115730286
104.9654312133789 261.5165100097656 0.3731454014778137
107.95051574707031 262.5423583984375 0.2888828217983246
111.0113525390625 263.3133239746094 0.20462024211883545
114.12621307373047 263.8239440917969 0.12035765498876572
117.27300262451172 264.07061767578125 0.036095067858695984
120.42938232421875 264.05157470703125 -0.04816751927137375
123.57295989990234 263.7669372558594 -0.13243010640144348
126.68143463134766 263.21875 -0.21669268608093262
128.60887145996094 262.59033203125 -0.41363564133644104
128.60887145996094 262.59033203125 -0.8136356472969055
129.84950256347656 260.9873962402344 -1.010612964630127
129.84950256347656 260.9873962402344 -1.410612940788269
130.4875030517578 257.0386047363281 -1.410612940788269
131.12550354003906 253.08981323242188 -1.410612940788269
131.7635040283203 249.14102172851562 -1.410612940788269
132.40150451660156 245.19223022460938 -1.410612940788269
133.0395050048828 241.24343872070312 -1.410612940788269
133.67750549316406 237.29464721679688 -1.410612940788269
133.67750549316406 237.29464721679688 -1.8106129169464111
132.72740173339844 233.40911865234375 -1.8106129169464111
131.7772979736328 229.52359008789062 -1.8106129169464111
130.8271942138672 225.6380615234375 -1.8106129169464111
129.94898986816406 222.6062469482422 -1.8948755264282227
128.8187255859375 219.6591033935547 -1.9791381359100342
127.4444351196289 216.8175506591797 -2.0634007453918457
125.83586883544922 214.10174560546875 -2.1476633548736572
123.65426635742188 210.74903869628906 -2.1476633548736572
121.47266387939453 207.39633178710938 -2.1476633548736572
119.29106140136719 204.0436248779297 -2.1476633548736572
118.02367401123047 202.46133422851562 -2.344606399536133
115.22821044921875 199.60032653808594 -2.344606399536133
115.22821044921875 199.60032653808594 -2.7446064949035645
111.53929138183594 198.0537567138672 -2.7446064949035645
107.85037231445312 196.50718688964844 -2.7446064949035645
104.16145324707031 194.9606170654297 -2.7446064949035645
100.4725341796875 193.41404724121094 -2.7446064949035645
96.78361511230469 191.8674774169922 -2.7446064949035645
93.09469604492188 190.32090759277344 -2.7446064949035645
89.40577697753906 188.7743377685547 -2.7446064949035645
85.71685791015625 187.22776794433594 -2.7446064949035645
82.02793884277344 185.6811981201172 -2.7446064949035645
78.33901977539062 184.13462829589844 -2.7446064949035645
74.65010070800781 182.5880584716797 -2.7446064949035645
70.961181640625 181.04148864746094 -2.7446064949035645
67.27226257324219 179.4949188232422 -2.7446064949035645
63.58333969116211 177.94834899902344 -2.7446064949035645
59.89441680908203 176.4017791748047 -2.7446064949035645
56.20549392700195 174.85520935058594 -2.7446064949035645
52.516571044921875 173.3086395263672 -2.7446064949035645
48.8276481628418 171.76206970214844 -2.7446064949035645
45.13872528076172 170.2154998779297 -2.7446064949035645
41.44980239868164 168.66893005371094 -2.7446064949035645
37.76087951660156 167.1223602294922 -2.7446064949035645
34.071956634521484 165.57579040527344 -2.7446064949035645
30.383033752441406 164.0292205810547 -2.7446064949035645
27.422958374023438 162.93234252929688 -2.828835964202881
24.38140106201172 162.08851623535156 -2.9130985736846924
21.27961540222168 161.50367736816406 -2.997361183166504
18.139612197875977 161.1819610595703 -3.0816237926483154
18.139612197875977 161.1819610595703 3.1172988414764404
18.139612197875977 161.1819610595703 3.033036231994629
18.139612197875977 161.1819610595703 2.9482626914978027
18.139612197875977 161.1819610595703 2.863999128341675
18.139612197875977 161.1819610595703 2.667056083679199
18.139612197875977 161.1819610595703 2.2670559883117676
18.139612197875977 161.1819610595703 1.8670560121536255
19.307392120361328 157.35621643066406 1.8670560121536255
20.47517204284668 153.5304718017578 1.8670560121536255
20.47517204284668 153.5304718017578 1.8670560121536255
20.47517204284668 153.5304718017578 1.8670560121536255
20.47517204284668 153.5304718017578 1.8670560121536255
20.47517204284668 153.5304718017578 1.8670560121536255
20.47517204284668 153.5304718017578 1.8670560121536255
20.47517204284668 153.5304718017578 1.8670560121536255
20.47517204284668 153.5304718017578 1.8670560121536255
20.47517204284668 153.5304718017578 1.8670560121536255
20.47517204284668 153.5304718017578 1.8670560121536255
20.47517204284668 153.5304718017578 1.8670560121536255
