60.21645736694336 450.14764404296875 0.4117521643638611
60.471866607666016 450.2060852050781 0.03810614347457886
60.73098373413086 450.1672668457031 -0.33553987741470337
60.95805358886719 450.0365295410156 -0.7091858983039856
61.12173843383789 449.8319396972656 -1.082831859588623
61.1994514465332 449.58172607421875 -1.4564778804779053
61.655731201171875 445.60784912109375 -1.4564778804779053
62.11201095581055 441.63397216796875 -1.4564778804779053
62.56829071044922 437.66009521484375 -1.4564778804779053
63.02457046508789 433.68621826171875 -1.4564778804779053
63.48085021972656 429.71234130859375 -1.4564778804779053
63.937129974365234 425.73846435546875 -1.4564778804779053
63.918148040771484 425.4771423339844 -1.8301239013671875
62.892425537109375 421.61090087890625 -1.8301239013671875
61.866703033447266 417.7446594238281 -1.8301239013671875
60.840980529785156 413.87841796875 -1.8301239013671875
59.81525802612305 410.0121765136719 -1.8301239013671875
58.78953552246094 406.14593505859375 -1.8301239013671875
57.76381301879883 402.2796936035156 -1.8301239013671875
56.73809051513672 398.4134521484375 -1.8301239013671875
55.71236801147461 394.5472106933594 -1.8301239013671875
54.6866455078125 390.68096923828125 -1.8301239013671875
53.66092300415039 386.8147277832031 -1.8301239013671875
52.63520050048828 382.948486328125 -1.8301239013671875
51.60947799682617 379.0822448730469 -1.8301239013671875
50.58375549316406 375.21600341796875 -1.8301239013671875
49.55803298950195 371.3497619628906 -1.8301239013671875
48.532310485839844 367.4835205078125 -1.8301239013671875
47.506587982177734 363.6172790527344 -1.8301239013671875
46.480865478515625 359.75103759765625 -1.8301239013671875
45.455142974853516 355.8847961425781 -1.8301239013671875
44.429420471191406 352.0185546875 -1.8301239013671875
43.4036979675293 348.1523132324219 -1.8301239013671875
42.37797546386719 344.28607177734375 -1.8301239013671875
41.35225296020508 340.4198303222656 -1.8301239013671875
40.32653045654297 336.5535888671875 -1.8301239013671875
39.30080795288086 332.6873474121094 -1.8301239013671875
38.27508544921875 328.82110595703125 -1.8301239013671875
37.24936294555664 324.9548645019531 -1.8301239013671875
36.22364044189453 321.088623046875 -1.8301239013671875
35.19791793823242 317.2223815917969 -1.8301239013671875
34.17219543457031 313.35614013671875 -1.8301239013671875
33.1464729309082 309.4898986816406 -1.8301239013671875
32.120750427246094 305.6236572265625 -1.8301239013671875
31.095027923583984 301.7574157714844 -1.8301239013671875
30.069305419921875 297.89117431640625 -1.8301239013671875
29.043582916259766 294.0249328613281 -1.8301239013671875
28.017860412597656 290.15869140625 -1.8301239013671875
26.992137908935547 286.2924499511719 -1.8301239013671875
25.966415405273438 282.42620849609375 -1.8301239013671875
24.940692901611328 278.5599670410156 -1.8301239013671875
23.91497039794922 274.6937255859375 -1.8301239013671875
22.88924789428711 270.8274841308594 -1.8301239013671875
21.863525390625 266.96124267578125 -1.8301239013671875
20.83780288696289 263.0950012207031 -1.8301239013671875
20.83780288696289 263.0950012207031 -1.8301239013671875
20.83780288696289 263.0950012207031 -1.8301239013671875
20.83780288696289 263.0950012207031 -1.8301239013671875
20.83780288696289 263.0950012207031 -1.8301239013671875
20.83780288696289 263.0950012207031 -1.8301239013671875
20.83780288696289 263.0950012207031 -1.8301239013671875
20.83780288696289 263.0950012207031 -1.8301239013671875
20.83780288696289 263.0950012207031 -1.8301239013671875
20.83780288696289 263.0950012207031 -1.8301239013671875
20.83780288696289 263.0950012207031 -1.8301239013671875
