62.828426361083984 452.82843017578125 0.7853981852531433
65.65685272216797 455.6568603515625 0.7853981852531433
68.48528289794922 458.48529052734375 0.7853981852531433
71.31371307373047 461.313720703125 0.7853981852531433
74.14214324951172 464.14215087890625 0.7853981852531433
76.97057342529297 466.9705810546875 0.7853981852531433
79.79900360107422 469.79901123046875 0.7853981852531433
82.62743377685547 472.62744140625 0.7853981852531433
85.45586395263672 475.45587158203125 0.7853981852531433
88.28429412841797 478.2843017578125 0.7853981852531433
91.11272430419922 481.11273193359375 0.7853981852531433
93.94115447998047 483.941162109375 0.7853981852531433
96.76958465576172 486.76959228515625 0.7853981852531433
99.59801483154297 489.5980224609375 0.7853981852531433
102.42644500732422 492.42645263671875 0.7853981852531433
105.25487518310547 495.2548828125 0.7853981852531433
108.08330535888672 498.08331298828125 0.7853981852531433
110.91173553466797 500.9117431640625 0.7853981852531433
113.74016571044922 503.74017333984375 0.7853981852531433
116.56859588623047 506.568603515625 0.7853981852531433
119.39702606201172 509.39703369140625 0.7853981852531433
122.22545623779297 512.2254638671875 0.7853981852531433
125.05388641357422 515.0538940429688 0.7853981852531433
127.88231658935547 517.88232421875 0.7853981852531433
130.7107391357422 520.7107543945312 0.7853981852531433
133.53916931152344 523.5391845703125 0.7853981852531433
133.53916931152344 523.5391845703125 0.38539817929267883
137.24575805664062 525.0429077148438 0.38539817929267883
140.9523468017578 526.546630859375 0.38539817929267883
144.658935546875 528.0503540039062 0.38539817929267883
148.3655242919922 529.5540771484375 0.38539817929267883
148.3655242919922 529.5540771484375 -0.014601826667785645
152.36509704589844 529.4956665039062 -0.014601826667785645
156.3646697998047 529.437255859375 -0.014601826667785645
160.36424255371094 529.3788452148438 -0.014601826667785645
164.3638153076172 529.3204345703125 -0.014601826667785645
168.36338806152344 529.2620239257812 -0.014601826667785645
172.3629608154297 529.20361328125 -0.014601826667785645
176.36253356933594 529.1452026367188 -0.014601826667785645
176.36253356933594 529.1452026367188 -0.4146018326282501
180.0236358642578 527.5338745117188 -0.4146018326282501
183.6847381591797 525.9225463867188 -0.4146018326282501
187.34584045410156 524.3112182617188 -0.4146018326282501
191.00694274902344 522.6998901367188 -0.4146018326282501
194.6680450439453 521.0885620117188 -0.4146018326282501
194.6680450439453 521.0885620117188 -0.8146018385887146
197.4126739501953 518.1787719726562 -0.8146018385887146
200.1573028564453 515.2689819335938 -0.8146018385887146
202.9019317626953 512.3591918945312 -0.8146018385887146
205.6465606689453 509.4493713378906 -0.8146018385887146
208.3911895751953 506.53955078125 -0.8146018385887146
211.1358184814453 503.6297302246094 -0.8146018385887146
213.8804473876953 500.71990966796875 -0.8146018385887146
216.6250762939453 497.8100891113281 -0.8146018385887146
219.3697052001953 494.9002685546875 -0.8146018385887146
222.1143341064453 491.9904479980469 -0.8146018385887146
224.8589630126953 489.08062744140625 -0.8146018385887146
227.6035919189453 486.1708068847656 -0.8146018385887146
230.3482208251953 483.260986328125 -0.8146018385887146
233.0928497314453 480.3511657714844 -0.8146018385887146
235.8374786376953 477.44134521484375 -0.8146018385887146
238.5821075439453 474.5315246582031 -0.8146018385887146
241.3267364501953 471.6217041015625 -0.8146018385887146
244.0713653564453 468.7118835449219 -0.8146018385887146
246.8159942626953 465.80206298828125 -0.8146018385887146
249.5606231689453 462.8922424316406 -0.8146018385887146
252.3052520751953 459.982421875 -0.8146018385887146
255.0498809814453 457.0726013183594 -0.8146018385887146
257.7945251464844 454.16278076171875 -0.8146018385887146
260.5391540527344 451.2529602050781 -0.8146018385887146
263.2837829589844 448.3431396484375 -0.8146018385887146
266.0284118652344 445.4333190917969 -0.8146018385887146
268.7730407714844 442.52349853515625 -0.8146018385887146
268.7730407714844 442.52349853515625 -1.2146018743515015
268.7730407714844 442.52349853515625 -1.6146018505096436
268.7730407714844 442.52349853515625 -2.014601945877075
267.0555114746094 438.9110107421875 -2.014601945877075
265.3379821777344 435.29852294921875 -2.014601945877075
263.6204528808594 431.68603515625 -2.014601945877075
261.9029235839844 428.07354736328125 -2.014601945877075
260.1853942871094 424.4610595703125 -2.014601945877075
258.4678649902344 420.84857177734375 -2.014601945877075
256.7503356933594 417.236083984375 -2.014601945877075
255.03282165527344 413.62359619140625 -2.014601945877075
253.3153076171875 410.0111083984375 -2.014601945877075
251.59779357910156 406.39862060546875 -2.014601945877075
251.59779357910156 406.39862060546875 -2.414602041244507
248.6090850830078 403.7401123046875 -2.414602041244507
245.62037658691406 401.08160400390625 -2.414602041244507
242.6316680908203 398.423095703125 -2.414602041244507
239.64295959472656 395.76458740234375 -2.414602041244507
236.6542510986328 393.1060791015625 -2.414602041244507
233.66554260253906 390.44757080078125 -2.414602041244507
230.6768341064453 387.7890625 -2.414602041244507
227.68812561035156 385.13055419921875 -2.414602041244507
224.6994171142578 382.4720458984375 -2.414602041244507
221.71070861816406 379.81353759765625 -2.414602041244507
218.7220001220703 377.155029296875 -2.414602041244507
215.73329162597656 374.49652099609375 -2.414602041244507
212.7445831298828 371.8380126953125 -2.414602041244507
209.75587463378906 369.17950439453125 -2.414602041244507
206.7671661376953 366.52099609375 -2.414602041244507
203.77845764160156 363.86248779296875 -2.414602041244507
200.7897491455078 361.2039794921875 -2.414602041244507
197.80104064941406 358.54547119140625 -2.414602041244507
197.80104064941406 358.54547119140625 -2.8146021366119385
197.80104064941406 358.54547119140625 3.0685830116271973
197.80104064941406 358.54547119140625 2.6685829162597656
197.80104064941406 358.54547119140625 2.268582820892334
197.80104064941406 358.54547119140625 1.868582844734192
197.80104064941406 358.54547119140625 1.4685828685760498
197.80104064941406 358.54547119140625 1.0685828924179077
197.80104064941406 358.54547119140625 0.6685829162597656
200.93984985351562 361.02496337890625 0.6685829162597656
204.0786590576172 363.50445556640625 0.6685829162597656
207.21746826171875 365.98394775390625 0.6685829162597656
210.3562774658203 368.46343994140625 0.6685829162597656
213.49508666992188 370.94293212890625 0.6685829162597656
216.63389587402344 373.42242431640625 0.6685829162597656
219.772705078125 375.90191650390625 0.6685829162597656
222.91151428222656 378.38140869140625 0.6685829162597656
226.05032348632812 380.86090087890625 0.6685829162597656
229.1891326904297 383.34039306640625 0.6685829162597656
232.32794189453125 385.81988525390625 0.6685829162597656
235.4667510986328 388.29937744140625 0.6685829162597656
238.60556030273438 390.77886962890625 0.6685829162597656
241.74436950683594 393.25836181640625 0.6685829162597656
244.8831787109375 395.73785400390625 0.6685829162597656
248.02198791503906 398.21734619140625 0.6685829162597656
251.16079711914062 400.69683837890625 0.6685829162597656
254.2996063232422 403.17633056640625 0.6685829162597656
257.43841552734375 405.65582275390625 0.6685829162597656
260.57720947265625 408.13531494140625 0.6685829162597656
263.71600341796875 410.61480712890625 0.6685829162597656
266.85479736328125 413.09429931640625 0.6685829162597656
269.99359130859375 415.57379150390625 0.6685829162597656
273.13238525390625 418.05328369140625 0.6685829162597656
276.27117919921875 420.53277587890625 0.6685829162597656
279.40997314453125 423.01226806640625 0.6685829162597656
282.54876708984375 425.49176025390625 0.6685829162597656
285.68756103515625 427.97125244140625 0.6685829162597656
288.82635498046875 430.45074462890625 0.6685829162597656
291.96514892578125 432.93023681640625 0.6685829162597656
295.10394287109375 435.40972900390625 0.6685829162597656
298.24273681640625 437.88922119140625 0.6685829162597656
298.24273681640625 437.88922119140625 0.26858291029930115
302.0993347167969 438.95068359375 0.26858291029930115
305.9559326171875 440.01214599609375 0.26858291029930115
309.8125305175781 441.0736083984375 0.26858291029930115
313.66912841796875 442.13507080078125 0.26858291029930115
317.5257263183594 443.196533203125 0.26858291029930115
321.38232421875 444.25799560546875 0.26858291029930115
325.2389221191406 445.3194580078125 0.26858291029930115
329.09552001953125 446.38092041015625 0.26858291029930115
332.9521179199219 447.4423828125 0.26858291029930115
336.8087158203125 448.50384521484375 0.26858291029930115
340.6653137207031 449.5653076171875 0.26858291029930115
344.52191162109375 450.62677001953125 0.26858291029930115
348.3785095214844 451.688232421875 0.26858291029930115
352.235107421875 452.74969482421875 0.26858291029930115
356.0917053222656 453.8111572265625 0.26858291029930115
359.94830322265625 454.87261962890625 0.26858291029930115
363.8049011230469 455.93408203125 0.26858291029930115
367.6614990234375 456.99554443359375 0.26858291029930115
371.5180969238281 458.0570068359375 0.26858291029930115
375.37469482421875 459.11846923828125 0.26858291029930115
379.2312927246094 460.179931640625 0.26858291029930115
383.087890625 461.24139404296875 0.26858291029930115
386.9444885253906 462.3028564453125 0.26858291029930115
390.80108642578125 463.36431884765625 0.26858291029930115
394.6576843261719 464.42578125 0.26858291029930115
398.5142822265625 465.48724365234375 0.26858291029930115
402.3708801269531 466.5487060546875 0.26858291029930115
401.0693359375 466.3726501464844 0.0003160536289215088
401.0693359375 466.3726501464844 -0.39968395233154297
401.0693359375 466.3726501464844 -0.7996839284896851
401.0693359375 466.3726501464844 -1.1996839046478271
401.0693359375 466.3726501464844 -1.5996838808059692
401.0693359375 466.3726501464844 -1.9996838569641113
401.0693359375 466.3726501464844 -2.399683952331543
401.0693359375 466.3726501464844 -2.7996840476989746
401.0693359375 466.3726501464844 3.083501100540161
401.0693359375 466.3726501464844 2.6835010051727295
397.48175048828125 468.1416015625 2.6835010051727295
393.8941650390625 469.9105529785156 2.6835010051727295
390.30657958984375 471.67950439453125 2.6835010051727295
386.718994140625 473.4484558105469 2.6835010051727295
383.13140869140625 475.2174072265625 2.6835010051727295
379.5438232421875 476.9863586425781 2.6835010051727295
375.95623779296875 478.75531005859375 2.6835010051727295
372.36865234375 480.5242614746094 2.6835010051727295
368.78106689453125 482.293212890625 2.6835010051727295
365.1934814453125 484.0621643066406 2.6835010051727295
361.60589599609375 485.83111572265625 2.6835010051727295
361.60589599609375 485.83111572265625 2.283500909805298
361.60589599609375 485.83111572265625 1.8835009336471558
360.3753662109375 489.63714599609375 1.8835009336471558
359.14483642578125 493.44317626953125 1.8835009336471558
357.914306640625 497.24920654296875 1.8835009336471558
356.68377685546875 501.05523681640625 1.8835009336471558
355.4532470703125 504.86126708984375 1.8835009336471558
354.22271728515625 508.66729736328125 1.8835009336471558
352.9921875 512.4733276367188 1.8835009336471558
351.76165771484375 516.2793579101562 1.8835009336471558
350.5311279296875 520.0853881835938 1.8835009336471558
349.30059814453125 523.8914184570312 1.8835009336471558
348.070068359375 527.6974487304688 1.8835009336471558
348.070068359375 527.6974487304688 1.4835009574890137
348.070068359375 527.6974487304688 1.0835009813308716
348.070068359375 527.6974487304688 0.6835010051727295
348.070068359375 527.6974487304688 0.283500999212265
351.910400390625 528.8163452148438 0.283500999212265
355.750732421875 529.9352416992188 0.283500999212265
359.591064453125 531.0541381835938 0.283500999212265
363.431396484375 532.1730346679688 0.283500999212265
367.271728515625 533.2919311523438 0.283500999212265
367.271728515625 533.2919311523438 -0.11649900674819946
371.24462890625 532.8269653320312 -0.11649900674819946
375.217529296875 532.3619995117188 -0.11649900674819946
379.1904296875 531.8970336914062 -0.11649900674819946
383.163330078125 531.4320678710938 -0.11649900674819946
387.13623046875 530.9671020507812 -0.11649900674819946
391.109130859375 530.5021362304688 -0.11649900674819946
395.08203125 530.0371704101562 -0.11649900674819946
399.054931640625 529.5722045898438 -0.11649900674819946
403.02783203125 529.1072387695312 -0.11649900674819946
407.000732421875 528.6422729492188 -0.11649900674819946
410.9736328125 528.1773071289062 -0.11649900674819946
414.946533203125 527.7123413085938 -0.11649900674819946
418.91943359375 527.2473754882812 -0.11649900674819946
422.892333984375 526.7824096679688 -0.11649900674819946
426.865234375 526.3174438476562 -0.11649900674819946
430.838134765625 525.8524780273438 -0.11649900674819946
434.81103515625 525.3875122070312 -0.11649900674819946
438.783935546875 524.9225463867188 -0.11649900674819946
442.7568359375 524.4575805664062 -0.11649900674819946
446.729736328125 523.9926147460938 -0.11649900674819946
450.70263671875 523.5276489257812 -0.11649900674819946
454.675537109375 523.0626831054688 -0.11649900674819946
458.6484375 522.5977172851562 -0.11649900674819946
462.621337890625 522.1327514648438 -0.11649900674819946
466.59423828125 521.6677856445312 -0.11649900674819946
470.567138671875 521.2028198242188 -0.11649900674819946
474.5400390625 520.7378540039062 -0.11649900674819946
478.512939453125 520.2728881835938 -0.11649900674819946
482.48583984375 519.8079223632812 -0.11649900674819946
486.458740234375 519.3429565429688 -0.11649900674819946
490.431640625 518.8779907226562 -0.11649900674819946
494.404541015625 518.4130249023438 -0.11649900674819946
498.37744140625 517.9480590820312 -0.11649900674819946
502.350341796875 517.4830932617188 -0.11649900674819946
506.3232421875 517.0181274414062 -0.11649900674819946
510.296142578125 516.5531616210938 -0.11649900674819946
514.26904296875 516.0881958007812 -0.11649900674819946
514.26904296875 516.0881958007812 -0.5164990425109863
517.7472534179688 514.1128540039062 -0.5164990425109863
521.2254638671875 512.1375122070312 -0.5164990425109863
521.2254638671875 512.1375122070312 -0.9164990186691284
523.6598510742188 508.963623046875 -0.9164990186691284
526.09423828125 505.78973388671875 -0.9164990186691284
526.09423828125 505.78973388671875 -1.3164989948272705
527.1005249023438 501.9183654785156 -1.3164989948272705
528.1068115234375 498.0469970703125 -1.3164989948272705
529.1130981445312 494.1756286621094 -1.3164989948272705
529.1130981445312 494.1756286621094 -1.7164989709854126
528.5323486328125 490.218017578125 -1.7164989709854126
527.9515991210938 486.2604064941406 -1.7164989709854126
527.370849609375 482.30279541015625 -1.7164989709854126
527.370849609375 482.30279541015625 -2.1164989471435547
525.2947998046875 478.8837585449219 -2.1164989471435547
523.21875 475.4647216796875 -2.1164989471435547
521.1427001953125 472.0456848144531 -2.1164989471435547
519.066650390625 468.62664794921875 -2.1164989471435547
516.9906005859375 465.2076110839844 -2.1164989471435547
514.91455078125 461.78857421875 -2.1164989471435547
512.8385009765625 458.3695373535156 -2.1164989471435547
510.7624206542969 454.95050048828125 -2.1164989471435547
510.7624206542969 454.95050048828125 -2.5164990425109863
507.518798828125 452.60980224609375 -2.5164990425109863
504.2751770019531 450.26910400390625 -2.5164990425109863
501.03155517578125 447.92840576171875 -2.5164990425109863
497.7879333496094 445.58770751953125 -2.5164990425109863
494.5443115234375 443.24700927734375 -2.5164990425109863
491.3006896972656 440.90631103515625 -2.5164990425109863
488.05706787109375 438.56561279296875 -2.5164990425109863
484.8134460449219 436.22491455078125 -2.5164990425109863
481.56982421875 433.88421630859375 -2.5164990425109863
478.3262023925781 431.54351806640625 -2.5164990425109863
475.08258056640625 429.20281982421875 -2.5164990425109863
471.8389587402344 426.86212158203125 -2.5164990425109863
468.5953369140625 424.52142333984375 -2.5164990425109863
465.3517150878906 422.18072509765625 -2.5164990425109863
462.10809326171875 419.84002685546875 -2.5164990425109863
458.8644714355469 417.49932861328125 -2.5164990425109863
455.620849609375 415.15863037109375 -2.5164990425109863
452.3772277832031 412.81793212890625 -2.5164990425109863
449.13360595703125 410.47723388671875 -2.5164990425109863
445.8899841308594 408.13653564453125 -2.5164990425109863
442.6463623046875 405.79583740234375 -2.5164990425109863
439.4027404785156 403.45513916015625 -2.5164990425109863
436.15911865234375 401.11444091796875 -2.5164990425109863
432.9154968261719 398.77374267578125 -2.5164990425109863
429.671875 396.43304443359375 -2.5164990425109863
426.4282531738281 394.09234619140625 -2.5164990425109863
423.18463134765625 391.75164794921875 -2.5164990425109863
419.9410095214844 389.41094970703125 -2.5164990425109863
416.6973876953125 387.07025146484375 -2.5164990425109863
413.4537658691406 384.72955322265625 -2.5164990425109863
410.21014404296875 382.38885498046875 -2.5164990425109863
406.9665222167969 380.04815673828125 -2.5164990425109863
403.722900390625 377.70745849609375 -2.5164990425109863
400.4792785644531 375.36676025390625 -2.5164990425109863
397.23565673828125 373.02606201171875 -2.5164990425109863
393.9920349121094 370.68536376953125 -2.5164990425109863
390.7484130859375 368.34466552734375 -2.5164990425109863
387.5047912597656 366.00396728515625 -2.5164990425109863
384.26116943359375 363.66326904296875 -2.5164990425109863
381.0175476074219 361.32257080078125 -2.5164990425109863
377.77392578125 358.98187255859375 -2.5164990425109863
374.5303039550781 356.64117431640625 -2.5164990425109863
371.28668212890625 354.30047607421875 -2.5164990425109863
368.0430603027344 351.95977783203125 -2.5164990425109863
368.0430603027344 351.95977783203125 -2.916499137878418
364.14398193359375 351.0669860839844 -2.916499137878418
360.2449035644531 350.1741943359375 -2.916499137878418
356.3458251953125 349.2814025878906 -2.916499137878418
352.4467468261719 348.38861083984375 -2.916499137878418
348.54766845703125 347.4958190917969 -2.916499137878418
344.6485900878906 346.60302734375 -2.916499137878418
340.74951171875 345.7102355957031 -2.916499137878418
336.8504333496094 344.81744384765625 -2.916499137878418
332.95135498046875 343.9246520996094 -2.916499137878418
329.0522766113281 343.0318603515625 -2.916499137878418
325.1531982421875 342.1390686035156 -2.916499137878418
321.2541198730469 341.24627685546875 -2.916499137878418
317.35504150390625 340.3534851074219 -2.916499137878418
313.4559631347656 339.460693359375 -2.916499137878418
309.556884765625 338.5679016113281 -2.916499137878418
305.6578063964844 337.67510986328125 -2.916499137878418
301.75872802734375 336.7823181152344 -2.916499137878418
297.8596496582031 335.8895263671875 -2.916499137878418
297.8596496582031 335.8895263671875 2.9666860103607178
297.8596496582031 335.8895263671875 2.566685914993286
297.8596496582031 335.8895263671875 2.1666858196258545
297.8596496582031 335.8895263671875 1.7666858434677124
297.8596496582031 335.8895263671875 1.3666858673095703
297.8596496582031 335.8895263671875 0.9666858911514282
297.8596496582031 335.8895263671875 0.5666859149932861
301.234375 338.0368957519531 0.5666859149932861
304.6091003417969 340.18426513671875 0.5666859149932861
307.98382568359375 342.3316345214844 0.5666859149932861
311.3585510253906 344.47900390625 0.5666859149932861
311.3585510253906 344.47900390625 0.16668590903282166
315.3031005859375 345.1426696777344 0.16668590903282166
319.2476501464844 345.80633544921875 0.16668590903282166
323.19219970703125 346.4700012207031 0.16668590903282166
327.1367492675781 347.1336669921875 0.16668590903282166
331.081298828125 347.7973327636719 0.16668590903282166
335.0258483886719 348.46099853515625 0.16668590903282166
338.97039794921875 349.1246643066406 0.16668590903282166
342.9149475097656 349.788330078125 0.16668590903282166
346.8594970703125 350.4519958496094 0.16668590903282166
350.8040466308594 351.11566162109375 0.16668590903282166
354.74859619140625 351.7793273925781 0.16668590903282166
358.6931457519531 352.4429931640625 0.16668590903282166
362.6376953125 353.1066589355469 0.16668590903282166
362.6376953125 353.1066589355469 -0.23331409692764282
362.6376953125 353.1066589355469 -0.6333141326904297
362.6376953125 353.1066589355469 -1.0333141088485718
362.6376953125 353.1066589355469 -1.4333140850067139
362.6376953125 353.1066589355469 -1.833314061164856
362.6376953125 353.1066589355469 -2.233314037322998
362.6376953125 353.1066589355469 -2.6333141326904297
359.14337158203125 351.15997314453125 -2.6333141326904297
355.6490478515625 349.2132873535156 -2.6333141326904297
352.15472412109375 347.2666015625 -2.6333141326904297
348.660400390625 345.3199157714844 -2.6333141326904297
345.16607666015625 343.37322998046875 -2.6333141326904297
341.6717529296875 341.4265441894531 -2.6333141326904297
338.17742919921875 339.4798583984375 -2.6333141326904297
334.68310546875 337.5331726074219 -2.6333141326904297
331.18878173828125 335.58648681640625 -2.6333141326904297
327.6944580078125 333.6398010253906 -2.6333141326904297
324.20013427734375 331.693115234375 -2.6333141326904297
320.705810546875 329.7464294433594 -2.6333141326904297
317.21148681640625 327.79974365234375 -2.6333141326904297
313.7171630859375 325.8530578613281 -2.6333141326904297
310.22283935546875 323.9063720703125 -2.6333141326904297
306.728515625 321.9596862792969 -2.6333141326904297
303.23419189453125 320.01300048828125 -2.6333141326904297
299.7398681640625 318.0663146972656 -2.6333141326904297
296.24554443359375 316.11962890625 -2.6333141326904297
292.751220703125 314.1729431152344 -2.6333141326904297
289.25689697265625 312.22625732421875 -2.6333141326904297
285.7625732421875 310.2795715332031 -2.6333141326904297
282.26824951171875 308.3328857421875 -2.6333141326904297
278.77392578125 306.3861999511719 -2.6333141326904297
275.27960205078125 304.43951416015625 -2.6333141326904297
271.7852783203125 302.4928283691406 -2.6333141326904297
268.29095458984375 300.546142578125 -2.6333141326904297
264.796630859375 298.5994567871094 -2.6333141326904297
261.30230712890625 296.65277099609375 -2.6333141326904297
257.8079833984375 294.7060852050781 -2.6333141326904297
254.3136444091797 292.7593994140625 -2.6333141326904297
250.81930541992188 290.8127136230469 -2.6333141326904297
247.32496643066406 288.86602783203125 -2.6333141326904297
243.83062744140625 286.9193420410156 -2.6333141326904297
240.33628845214844 284.97265625 -2.6333141326904297
236.84194946289062 283.0259704589844 -2.6333141326904297
233.3476104736328 281.07928466796875 -2.6333141326904297
229.853271484375 279.1325988769531 -2.6333141326904297
229.853271484375 279.1325988769531 -3.0333142280578613
229.853271484375 279.1325988769531 2.8498709201812744
226.02227783203125 280.28302001953125 2.8498709201812744
222.1912841796875 281.4334411621094 2.8498709201812744
218.36029052734375 282.5838623046875 2.8498709201812744
214.529296875 283.7342834472656 2.8498709201812744
210.69830322265625 284.88470458984375 2.8498709201812744
206.8673095703125 286.0351257324219 2.8498709201812744
203.03631591796875 287.185546875 2.8498709201812744
199.205322265625 288.3359680175781 2.8498709201812744
195.37432861328125 289.48638916015625 2.8498709201812744
191.5433349609375 290.6368103027344 2.8498709201812744
191.5433349609375 290.6368103027344 2.4498708248138428
191.5433349609375 290.6368103027344 2.049870729446411
191.5433349609375 290.6368103027344 1.649870753288269
191.5433349609375 290.6368103027344 1.249870777130127
191.5433349609375 290.6368103027344 0.8498708009719849
191.5433349609375 290.6368103027344 0.4498707950115204
191.5433349609375 290.6368103027344 0.04987078905105591
191.5433349609375 290.6368103027344 -0.35012921690940857
191.5433349609375 290.6368103027344 -0.750129222869873
194.46974182128906 287.9098815917969 -0.750129222869873
197.39614868164062 285.1829528808594 -0.750129222869873
200.3225555419922 282.4560241699219 -0.750129222869873
203.24896240234375 279.7290954589844 -0.750129222869873
206.1753692626953 277.0021667480469 -0.750129222869873
209.10177612304688 274.2752380371094 -0.750129222869873
212.02818298339844 271.5483093261719 -0.750129222869873
214.95458984375 268.8213806152344 -0.750129222869873
214.95458984375 268.8213806152344 -1.1501291990280151
214.95458984375 268.8213806152344 -1.5501291751861572
215.03724670410156 264.8222351074219 -1.5501291751861572
215.11990356445312 260.8230895996094 -1.5501291751861572
215.2025604248047 256.8239440917969 -1.5501291751861572
215.28521728515625 252.82479858398438 -1.5501291751861572
215.3678741455078 248.82565307617188 -1.5501291751861572
215.45053100585938 244.82650756835938 -1.5501291751861572
215.53318786621094 240.82736206054688 -1.5501291751861572
215.6158447265625 236.82821655273438 -1.5501291751861572
215.69850158691406 232.82907104492188 -1.5501291751861572
215.78115844726562 228.82992553710938 -1.5501291751861572
215.8638153076172 224.83078002929688 -1.5501291751861572
215.94647216796875 220.83163452148438 -1.5501291751861572
216.0291290283203 216.83248901367188 -1.5501291751861572
216.11178588867188 212.83334350585938 -1.5501291751861572
216.19444274902344 208.83419799804688 -1.5501291751861572
216.277099609375 204.83505249023438 -1.5501291751861572
216.35975646972656 200.83590698242188 -1.5501291751861572
216.44241333007812 196.83676147460938 -1.5501291751861572
216.44241333007812 196.83676147460938 -1.9501291513442993
214.96121215820312 193.12110900878906 -1.9501291513442993
213.48001098632812 189.40545654296875 -1.9501291513442993
211.99880981445312 185.68980407714844 -1.9501291513442993
210.51760864257812 181.97415161132812 -1.9501291513442993
209.03640747070312 178.2584991455078 -1.9501291513442993
207.55520629882812 174.5428466796875 -1.9501291513442993
206.07400512695312 170.8271942138672 -1.9501291513442993
204.59280395507812 167.11154174804688 -1.9501291513442993
203.11160278320312 163.39588928222656 -1.9501291513442993
201.63040161132812 159.68023681640625 -1.9501291513442993
201.63040161132812 159.68023681640625 -2.3501291275024414
198.81918334960938 156.83470153808594 -2.3501291275024414
198.81918334960938 156.83470153808594 -2.750129222869873
198.81918334960938 156.83470153808594 3.1330559253692627
198.81918334960938 156.83470153808594 2.733055830001831
198.81918334960938 156.83470153808594 2.3330557346343994
198.81918334960938 156.83470153808594 1.9330557584762573
198.81918334960938 156.83470153808594 1.5330557823181152
198.81918334960938 156.83470153808594 1.1330558061599731
198.81918334960938 156.83470153808594 0.733055830001831
201.79171752929688 159.5112762451172 0.733055830001831
204.76425170898438 162.18785095214844 0.733055830001831
207.73678588867188 164.8644256591797 0.733055830001831
210.70932006835938 167.54100036621094 0.733055830001831
213.68185424804688 170.2175750732422 0.733055830001831
216.65438842773438 172.89414978027344 0.733055830001831
219.62692260742188 175.5707244873047 0.733055830001831
222.59945678710938 178.24729919433594 0.733055830001831
225.57199096679688 180.9238739013672 0.733055830001831
228.54452514648438 183.60044860839844 0.733055830001831
231.51705932617188 186.2770233154297 0.733055830001831
234.48959350585938 188.95359802246094 0.733055830001831
237.46212768554688 191.6301727294922 0.733055830001831
240.43466186523438 194.30674743652344 0.733055830001831
243.40719604492188 196.9833221435547 0.733055830001831
246.37973022460938 199.65989685058594 0.733055830001831
249.35226440429688 202.3364715576172 0.733055830001831
252.32479858398438 205.01304626464844 0.733055830001831
255.29733276367188 207.6896209716797 0.733055830001831
255.29733276367188 207.6896209716797 0.3330558240413666
255.29733276367188 207.6896209716797 -0.0669441819190979
259.2883605957031 207.4220428466797 -0.0669441819190979
263.2793884277344 207.1544647216797 -0.0669441819190979
267.2704162597656 206.8868865966797 -0.0669441819190979
271.2614440917969 206.6193084716797 -0.0669441819190979
275.2524719238281 206.3517303466797 -0.0669441819190979
279.2434997558594 206.0841522216797 -0.0669441819190979
283.2345275878906 205.8165740966797 -0.0669441819190979
287.2255554199219 205.5489959716797 -0.0669441819190979
291.2165832519531 205.2814178466797 -0.0669441819190979
295.2076110839844 205.0138397216797 -0.0669441819190979
299.1986389160156 204.7462615966797 -0.0669441819190979
303.1896667480469 204.4786834716797 -0.0669441819190979
307.1806945800781 204.2111053466797 -0.0669441819190979
311.1717224121094 203.9435272216797 -0.0669441819190979
315.1627502441406 203.6759490966797 -0.0669441819190979
319.1537780761719 203.4083709716797 -0.0669441819190979
323.1448059082031 203.1407928466797 -0.0669441819190979
327.1358337402344 202.8732147216797 -0.0669441819190979
331.1268615722656 202.6056365966797 -0.0669441819190979
335.1178894042969 202.3380584716797 -0.0669441819190979
339.1089172363281 202.0704803466797 -0.0669441819190979
343.0999450683594 201.8029022216797 -0.0669441819190979
347.0909729003906 201.5353240966797 -0.0669441819190979
351.0820007324219 201.2677459716797 -0.0669441819190979
355.0730285644531 201.0001678466797 -0.0669441819190979
359.0640563964844 200.7325897216797 -0.0669441819190979
363.0550842285156 200.4650115966797 -0.0669441819190979
367.0461120605469 200.1974334716797 -0.0669441819190979
371.0371398925781 199.9298553466797 -0.0669441819190979
375.0281677246094 199.6622772216797 -0.0669441819190979
379.0191955566406 199.3946990966797 -0.0669441819190979
383.0102233886719 199.1271209716797 -0.0669441819190979
387.0012512207031 198.8595428466797 -0.0669441819190979
390.9922790527344 198.5919647216797 -0.0669441819190979
394.9833068847656 198.3243865966797 -0.0669441819190979
398.9743347167969 198.0568084716797 -0.0669441819190979
402.9653625488281 197.7892303466797 -0.0669441819190979
406.9563903808594 197.5216522216797 -0.0669441819190979
410.9474182128906 197.2540740966797 -0.0669441819190979
414.9384460449219 196.9864959716797 -0.0669441819190979
418.9294738769531 196.7189178466797 -0.0669441819190979
422.9205017089844 196.4513397216797 -0.0669441819190979
426.9115295410156 196.1837615966797 -0.0669441819190979
430.9025573730469 195.9161834716797 -0.0669441819190979
434.8935852050781 195.6486053466797 -0.0669441819190979
438.8846130371094 195.3810272216797 -0.0669441819190979
442.8756408691406 195.1134490966797 -0.0669441819190979
446.8666687011719 194.8458709716797 -0.0669441819190979
450.8576965332031 194.5782928466797 -0.0669441819190979
454.8487243652344 194.3107147216797 -0.0669441819190979
458.8397521972656 194.0431365966797 -0.0669441819190979
462.8307800292969 193.7755584716797 -0.0669441819190979
466.8218078613281 193.5079803466797 -0.0669441819190979
470.8128356933594 193.2404022216797 -0.0669441819190979
474.8038635253906 192.9728240966797 -0.0669441819190979
478.7948913574219 192.7052459716797 -0.0669441819190979
482.7859191894531 192.4376678466797 -0.0669441819190979
486.7769470214844 192.1700897216797 -0.0669441819190979
490.7679748535156 191.9025115966797 -0.0669441819190979
494.7590026855469 191.6349334716797 -0.0669441819190979
498.7500305175781 191.3673553466797 -0.0669441819190979
502.7410583496094 191.0997772216797 -0.0669441819190979
506.7320861816406 190.8321990966797 -0.0669441819190979
510.7231140136719 190.5646209716797 -0.0669441819190979
510.7231140136719 190.5646209716797 -0.4669441878795624
514.294921875 188.76397705078125 -0.4669441878795624
517.86669921875 186.9633331298828 -0.4669441878795624
521.4384765625 185.16268920898438 -0.4669441878795624
521.4384765625 185.16268920898438 -0.8669441938400269
524.027099609375 182.11326599121094 -0.8669441938400269
526.61572265625 179.0638427734375 -0.8669441938400269
526.61572265625 179.0638427734375 -1.266944169998169
527.8125 175.24708557128906 -1.266944169998169
529.00927734375 171.43032836914062 -1.266944169998169
530.2060546875 167.6135711669922 -1.266944169998169
531.40283203125 163.79681396484375 -1.266944169998169
532.599609375 159.9800567626953 -1.266944169998169
533.79638671875 156.16329956054688 -1.266944169998169
533.79638671875 156.16329956054688 -1.666944146156311
533.4124145507812 152.18177795410156 -1.666944146156311
533.0284423828125 148.20025634765625 -1.666944146156311
532.6444702148438 144.21873474121094 -1.666944146156311
532.260498046875 140.23721313476562 -1.666944146156311
531.8765258789062 136.2556915283203 -1.666944146156311
531.4925537109375 132.274169921875 -1.666944146156311
531.1085815429688 128.2926483154297 -1.666944146156311
530.724609375 124.31112670898438 -1.666944146156311
530.3406372070312 120.32960510253906 -1.666944146156311
529.9566650390625 116.34808349609375 -1.666944146156311
529.5726928710938 112.36656188964844 -1.666944146156311
529.188720703125 108.38504028320312 -1.666944146156311
528.8047485351562 104.40351867675781 -1.666944146156311
528.4207763671875 100.4219970703125 -1.666944146156311
528.0368041992188 96.44047546386719 -1.666944146156311
527.65283203125 92.45895385742188 -1.666944146156311
527.2688598632812 88.47743225097656 -1.666944146156311
526.8848876953125 84.49591064453125 -1.666944146156311
526.8848876953125 84.49591064453125 -2.066944122314453
524.980712890625 80.97821807861328 -2.066944122314453
523.0765380859375 77.46052551269531 -2.066944122314453
523.0765380859375 77.46052551269531 -2.4669442176818848
519.9528198242188 74.9620361328125 -2.4669442176818848
516.8291015625 72.46354675292969 -2.4669442176818848
513.7053833007812 69.96505737304688 -2.4669442176818848
513.7053833007812 69.96505737304688 -2.8669443130493164
509.85528564453125 68.8802261352539 -2.8669443130493164
506.00518798828125 67.79539489746094 -2.8669443130493164
502.15509033203125 66.71056365966797 -2.8669443130493164
498.30499267578125 65.625732421875 -2.8669443130493164
494.45489501953125 64.54090118408203 -2.8669443130493164
490.60479736328125 63.4560661315918 -2.8669443130493164
486.75469970703125 62.37123107910156 -2.8669443130493164
486.75469970703125 62.37123107910156 3.0162408351898193
482.78607177734375 62.8713264465332 3.0162408351898193
478.81744384765625 63.371421813964844 3.0162408351898193
474.84881591796875 63.871517181396484 3.0162408351898193
470.88018798828125 64.37161254882812 3.0162408351898193
470.88018798828125 64.37161254882812 2.6162407398223877
467.4195861816406 66.377685546875 2.6162407398223877
463.958984375 68.38375854492188 2.6162407398223877
460.4983825683594 70.38983154296875 2.6162407398223877
457.03778076171875 72.39590454101562 2.6162407398223877
453.5771789550781 74.4019775390625 2.6162407398223877
450.1165771484375 76.40805053710938 2.6162407398223877
446.6559753417969 78.41412353515625 2.6162407398223877
443.19537353515625 80.42019653320312 2.6162407398223877
439.7347717285156 82.42626953125 2.6162407398223877
436.274169921875 84.43234252929688 2.6162407398223877
436.274169921875 84.43234252929688 2.216240644454956
433.8679504394531 87.62767028808594 2.216240644454956
431.46173095703125 90.822998046875 2.216240644454956
429.0555114746094 94.01832580566406 2.216240644454956
426.6492919921875 97.21365356445312 2.216240644454956
424.2430725097656 100.40898132324219 2.216240644454956
421.83685302734375 103.60430908203125 2.216240644454956
419.4306335449219 106.79963684082031 2.216240644454956
417.0244140625 109.99496459960938 2.216240644454956
414.6181945800781 113.19029235839844 2.216240644454956
412.21197509765625 116.3856201171875 2.216240644454956
409.8057556152344 119.58094787597656 2.216240644454956
407.3995361328125 122.77627563476562 2.216240644454956
404.9933166503906 125.97160339355469 2.216240644454956
402.58709716796875 129.16693115234375 2.216240644454956
400.1808776855469 132.3622589111328 2.216240644454956
397.774658203125 135.55758666992188 2.216240644454956
395.3684387207031 138.75291442871094 2.216240644454956
392.96221923828125 141.9482421875 2.216240644454956
390.5559997558594 145.14356994628906 2.216240644454956
388.1497802734375 148.33889770507812 2.216240644454956
385.7435607910156 151.5342254638672 2.216240644454956
383.33734130859375 154.72955322265625 2.216240644454956
380.9311218261719 157.9248809814453 2.216240644454956
378.52490234375 161.12020874023438 2.216240644454956
376.1186828613281 164.31553649902344 2.216240644454956
373.71246337890625 167.5108642578125 2.216240644454956
371.3062438964844 170.70619201660156 2.216240644454956
368.9000244140625 173.90151977539062 2.216240644454956
366.4938049316406 177.0968475341797 2.216240644454956
364.08758544921875 180.29217529296875 2.216240644454956
361.6813659667969 183.4875030517578 2.216240644454956
359.275146484375 186.68283081054688 2.216240644454956
356.8689270019531 189.87815856933594 2.216240644454956
354.46270751953125 193.073486328125 2.216240644454956
352.0564880371094 196.26881408691406 2.216240644454956
349.6502685546875 199.46414184570312 2.216240644454956
347.2440490722656 202.6594696044922 2.216240644454956
344.83782958984375 205.85479736328125 2.216240644454956
342.99481201171875 208.50848388671875 2.1394107341766357
342.99481201171875 208.50848388671875 1.7394107580184937
342.32354736328125 212.45175170898438 1.7394107580184937
341.65228271484375 216.39501953125 1.7394107580184937
341.65228271484375 216.39501953125 1.3394107818603516
342.569580078125 220.28842163085938 1.3394107818603516
342.569580078125 220.28842163085938 0.9394108057022095
344.9306335449219 223.5172576904297 0.9394108057022095
347.29168701171875 226.74609375 0.9394108057022095
349.6527404785156 229.9749298095703 0.9394108057022095
349.6527404785156 229.9749298095703 0.5394108295440674
353.08477783203125 232.02944946289062 0.5394108295440674
356.5168151855469 234.08396911621094 0.5394108295440674
359.9488525390625 236.13848876953125 0.5394108295440674
363.3808898925781 238.19300842285156 0.5394108295440674
366.81292724609375 240.24752807617188 0.5394108295440674
370.2449645996094 242.3020477294922 0.5394108295440674
373.677001953125 244.3565673828125 0.5394108295440674
377.1090393066406 246.4110870361328 0.5394108295440674
380.54107666015625 248.46560668945312 0.5394108295440674
383.9731140136719 250.52012634277344 0.5394108295440674
387.4051513671875 252.57464599609375 0.5394108295440674
390.8371887207031 254.62916564941406 0.5394108295440674
394.26922607421875 256.6836853027344 0.5394108295440674
397.7012634277344 258.73822021484375 0.5394108295440674
401.13330078125 260.7927551269531 0.5394108295440674
404.5653381347656 262.8472900390625 0.5394108295440674
407.99737548828125 264.9018249511719 0.5394108295440674
411.4294128417969 266.95635986328125 0.5394108295440674
414.8614501953125 269.0108947753906 0.5394108295440674
418.2934875488281 271.0654296875 0.5394108295440674
421.72552490234375 273.1199645996094 0.5394108295440674
425.1575622558594 275.17449951171875 0.5394108295440674
428.589599609375 277.2290344238281 0.5394108295440674
432.0216369628906 279.2835693359375 0.5394108295440674
435.45367431640625 281.3381042480469 0.5394108295440674
438.8857116699219 283.39263916015625 0.5394108295440674
442.3177490234375 285.4471740722656 0.5394108295440674
445.7497863769531 287.501708984375 0.5394108295440674
449.18182373046875 289.5562438964844 0.5394108295440674
452.6138610839844 291.61077880859375 0.5394108295440674
456.0458984375 293.6653137207031 0.5394108295440674
459.4779357910156 295.7198486328125 0.5394108295440674
462.90997314453125 297.7743835449219 0.5394108295440674
466.3420104980469 299.82891845703125 0.5394108295440674
469.7740478515625 301.8834533691406 0.5394108295440674
473.2060852050781 303.93798828125 0.5394108295440674
476.63812255859375 305.9925231933594 0.5394108295440674
480.0701599121094 308.04705810546875 0.5394108295440674
483.502197265625 310.1015930175781 0.5394108295440674
486.9342346191406 312.1561279296875 0.5394108295440674
490.36627197265625 314.2106628417969 0.5394108295440674
493.7983093261719 316.26519775390625 0.5394108295440674
497.2303466796875 318.3197326660156 0.5394108295440674
500.6623840332031 320.374267578125 0.5394108295440674
504.09442138671875 322.4288024902344 0.5394108295440674
507.5264587402344 324.48333740234375 0.5394108295440674
510.95849609375 326.5378723144531 0.5394108295440674
514.3905639648438 328.5924072265625 0.5394108295440674
517.8226318359375 330.6469421386719 0.5394108295440674
521.2546997070312 332.70147705078125 0.5394108295440674
524.686767578125 334.7560119628906 0.5394108295440674
528.1188354492188 336.810546875 0.5394108295440674
531.5509033203125 338.8650817871094 0.5394108295440674
534.9829711914062 340.91961669921875 0.5394108295440674
538.4150390625 342.9741516113281 0.5394108295440674
541.8471069335938 345.0286865234375 0.5394108295440674
545.2791748046875 347.0832214355469 0.5394108295440674
548.7112426757812 349.13775634765625 0.5394108295440674
552.143310546875 351.1922912597656 0.5394108295440674
555.5753784179688 353.246826171875 0.5394108295440674
559.0074462890625 355.3013610839844 0.5394108295440674
559.0074462890625 355.3013610839844 0.1394108235836029
559.0074462890625 355.3013610839844 -0.2605891823768616
559.0074462890625 355.3013610839844 -0.6605892181396484
559.0074462890625 355.3013610839844 -1.0605891942977905
559.0074462890625 355.3013610839844 -1.4605891704559326
559.0074462890625 355.3013610839844 -1.8605891466140747
557.8644409179688 351.4681396484375 -1.8605891466140747
556.721435546875 347.6349182128906 -1.8605891466140747
555.5784301757812 343.80169677734375 -1.8605891466140747
554.4354248046875 339.9684753417969 -1.8605891466140747
553.2924194335938 336.13525390625 -1.8605891466140747
552.1494140625 332.3020324707031 -1.8605891466140747
551.0064086914062 328.46881103515625 -1.8605891466140747
549.8634033203125 324.6355895996094 -1.8605891466140747
548.7203979492188 320.8023681640625 -1.8605891466140747
547.577392578125 316.9691467285156 -1.8605891466140747
546.4343872070312 313.13592529296875 -1.8605891466140747
545.2913818359375 309.3027038574219 -1.8605891466140747
544.1483764648438 305.469482421875 -1.8605891466140747
543.00537109375 301.6362609863281 -1.8605891466140747
541.8623657226562 297.80303955078125 -1.8605891466140747
540.7193603515625 293.9698181152344 -1.8605891466140747
539.5763549804688 290.1365966796875 -1.8605891466140747
538.433349609375 286.3033752441406 -1.8605891466140747
537.2903442382812 282.47015380859375 -1.8605891466140747
536.1473388671875 278.6369323730469 -1.8605891466140747
535.0043334960938 274.8037109375 -1.8605891466140747
533.861328125 270.9704895019531 -1.8605891466140747
532.7183227539062 267.13726806640625 -1.8605891466140747
531.5753173828125 263.3040466308594 -1.8605891466140747
530.4323120117188 259.4708251953125 -1.8605891466140747
529.289306640625 255.6376190185547 -1.8605891466140747
528.1463012695312 251.80441284179688 -1.8605891466140747
527.0032958984375 247.97120666503906 -1.8605891466140747
525.8602905273438 244.13800048828125 -1.8605891466140747
524.71728515625 240.30479431152344 -1.8605891466140747
523.5742797851562 236.47158813476562 -1.8605891466140747
522.4312744140625 232.6383819580078 -1.8605891466140747
521.2882690429688 228.80517578125 -1.8605891466140747
520.145263671875 224.9719696044922 -1.8605891466140747
519.0022583007812 221.13876342773438 -1.8605891466140747
517.8592529296875 217.30555725097656 -1.8605891466140747
516.7162475585938 213.47235107421875 -1.8605891466140747
515.5732421875 209.63914489746094 -1.8605891466140747
514.4302368164062 205.80593872070312 -1.8605891466140747
513.2872314453125 201.9727325439453 -1.8605891466140747
512.1442260742188 198.1395263671875 -1.8605891466140747
511.001220703125 194.3063201904297 -1.8605891466140747
509.85821533203125 190.47311401367188 -1.8605891466140747
508.7152099609375 186.63990783691406 -1.8605891466140747
507.57220458984375 182.80670166015625 -1.8605891466140747
506.42919921875 178.97349548339844 -1.8605891466140747
505.28619384765625 175.14028930664062 -1.8605891466140747
504.1431884765625 171.3070831298828 -1.8605891466140747
503.00018310546875 167.473876953125 -1.8605891466140747
501.857177734375 163.6406707763672 -1.8605891466140747
500.71417236328125 159.80746459960938 -1.8605891466140747
499.5711669921875 155.97425842285156 -1.8605891466140747
498.42816162109375 152.14105224609375 -1.8605891466140747
497.28515625 148.30784606933594 -1.8605891466140747
496.14215087890625 144.47463989257812 -1.8605891466140747
494.9991455078125 140.6414337158203 -1.8605891466140747
493.85614013671875 136.8082275390625 -1.8605891466140747
492.713134765625 132.9750213623047 -1.8605891466140747
491.57012939453125 129.14181518554688 -1.8605891466140747
490.4271240234375 125.30860137939453 -1.8605891466140747
489.28411865234375 121.47538757324219 -1.8605891466140747
488.14111328125 117.64217376708984 -1.8605891466140747
486.99810791015625 113.8089599609375 -1.8605891466140747
485.8551025390625 109.97574615478516 -1.8605891466140747
484.71209716796875 106.14253234863281 -1.8605891466140747
483.569091796875 102.30931854248047 -1.8605891466140747
482.42608642578125 98.47610473632812 -1.8605891466140747
481.2830810546875 94.64289093017578 -1.8605891466140747
480.14007568359375 90.80967712402344 -1.8605891466140747
478.9970703125 86.9764633178711 -1.8605891466140747
477.85406494140625 83.14324951171875 -1.8605891466140747
476.7110595703125 79.3100357055664 -1.8605891466140747
475.56805419921875 75.47682189941406 -1.8605891466140747
475.56805419921875 75.47682189941406 -2.260589122772217
475.56805419921875 75.47682189941406 -2.6605892181396484
472.0219421386719 73.62614440917969 -2.6605892181396484
468.475830078125 71.77546691894531 -2.6605892181396484
464.9297180175781 69.92478942871094 -2.6605892181396484
461.38360595703125 68.07411193847656 -2.6605892181396484
457.8374938964844 66.22343444824219 -2.6605892181396484
454.2913818359375 64.37275695800781 -2.6605892181396484
450.7452697753906 62.52207946777344 -2.6605892181396484
447.19915771484375 60.67140197753906 -2.6605892181396484
443.6530456542969 58.82072448730469 -2.6605892181396484
440.10693359375 56.97004699707031 -2.6605892181396484
436.5608215332031 55.11936950683594 -2.6605892181396484
436.5608215332031 55.11936950683594 -3.06058931350708
432.5739440917969 54.795711517333984 -3.06058931350708
428.5870666503906 54.47205352783203 -3.06058931350708
424.6001892089844 54.14839553833008 -3.06058931350708
420.6133117675781 53.824737548828125 -3.06058931350708
416.6264343261719 53.50107955932617 -3.06058931350708
412.6395568847656 53.17742156982422 -3.06058931350708
408.6526794433594 52.853763580322266 -3.06058931350708
404.6658020019531 52.53010559082031 -3.06058931350708
400.6789245605469 52.20644760131836 -3.06058931350708
396.6920471191406 51.882789611816406 -3.06058931350708
392.7051696777344 51.55913162231445 -3.06058931350708
388.7182922363281 51.2354736328125 -3.06058931350708
384.7314147949219 50.91181564331055 -3.06058931350708
380.7445373535156 50.588157653808594 -3.06058931350708
376.7576599121094 50.26449966430664 -3.06058931350708
372.7707824707031 49.94084167480469 -3.06058931350708
368.7839050292969 49.617183685302734 -3.06058931350708
364.7970275878906 49.29352569580078 -3.06058931350708
360.8101501464844 48.96986770629883 -3.06058931350708
356.8232727050781 48.646209716796875 -3.06058931350708
352.8363952636719 48.32255172729492 -3.06058931350708
348.8495178222656 47.99889373779297 -3.06058931350708
344.8626403808594 47.675235748291016 -3.06058931350708
340.8757629394531 47.35157775878906 -3.06058931350708
340.8757629394531 47.35157775878906 2.8225958347320557
337.07757568359375 48.60603332519531 2.8225958347320557
333.2793884277344 49.86048889160156 2.8225958347320557
329.481201171875 51.11494445800781 2.8225958347320557
325.6830139160156 52.36940002441406 2.8225958347320557
321.88482666015625 53.62385559082031 2.8225958347320557
318.0866394042969 54.87831115722656 2.8225958347320557
314.2884521484375 56.13276672363281 2.8225958347320557
310.4902648925781 57.38722229003906 2.8225958347320557
306.69207763671875 58.64167785644531 2.8225958347320557
302.8938903808594 59.89613342285156 2.8225958347320557
299.095703125 61.15058898925781 2.8225958347320557
295.2975158691406 62.40504455566406 2.8225958347320557
291.49932861328125 63.65950012207031 2.8225958347320557
287.7011413574219 64.91395568847656 2.8225958347320557
283.9029541015625 66.16841125488281 2.8225958347320557
280.1047668457031 67.42286682128906 2.8225958347320557
276.30657958984375 68.67732238769531 2.8225958347320557
272.5083923339844 69.93177795410156 2.8225958347320557
268.710205078125 71.18623352050781 2.8225958347320557
264.9120178222656 72.44068908691406 2.8225958347320557
261.11383056640625 73.69514465332031 2.8225958347320557
257.3156433105469 74.94960021972656 2.8225958347320557
253.51744079589844 76.20405578613281 2.8225958347320557
249.71923828125 77.45851135253906 2.8225958347320557
245.92103576660156 78.71296691894531 2.8225958347320557
242.12283325195312 79.96742248535156 2.8225958347320557
238.3246307373047 81.22187805175781 2.8225958347320557
234.52642822265625 82.47633361816406 2.8225958347320557
230.7282257080078 83.73078918457031 2.8225958347320557
226.93002319335938 84.98524475097656 2.8225958347320557
223.13182067871094 86.23970031738281 2.8225958347320557
219.3336181640625 87.49415588378906 2.8225958347320557
215.53541564941406 88.74861145019531 2.8225958347320557
211.73721313476562 90.00306701660156 2.8225958347320557
207.9390106201172 91.25752258300781 2.8225958347320557
204.14080810546875 92.51197814941406 2.8225958347320557
200.3426055908203 93.76643371582031 2.8225958347320557
196.54440307617188 95.02088928222656 2.8225958347320557
192.74620056152344 96.27534484863281 2.8225958347320557
188.947998046875 97.52980041503906 2.8225958347320557
185.14979553222656 98.78425598144531 2.8225958347320557
181.35159301757812 100.03871154785156 2.8225958347320557
177.5533905029297 101.29316711425781 2.8225958347320557
173.75518798828125 102.54762268066406 2.8225958347320557
169.9569854736328 103.80207824707031 2.8225958347320557
166.15878295898438 105.05653381347656 2.8225958347320557
166.15878295898438 105.05653381347656 2.422595739364624
166.15878295898438 105.05653381347656 2.0225956439971924
166.15878295898438 105.05653381347656 1.6225956678390503
165.95167541503906 109.0511703491211 1.6225956678390503
165.95167541503906 109.0511703491211 1.2225956916809082
165.95167541503906 109.0511703491211 0.8225957155227661
165.95167541503906 109.0511703491211 0.42259570956230164
165.95167541503906 109.0511703491211 0.022595703601837158
165.95167541503906 109.0511703491211 -0.3774043023586273
165.95167541503906 109.0511703491211 -0.7774043083190918
168.80262756347656 106.24544525146484 -0.7774043083190918
171.65357971191406 103.4397201538086 -0.7774043083190918
174.50453186035156 100.63399505615234 -0.7774043083190918
177.35548400878906 97.8282699584961 -0.7774043083190918
180.20643615722656 95.02254486083984 -0.7774043083190918
183.05738830566406 92.2168197631836 -0.7774043083190918
185.90834045410156 89.41109466552734 -0.7774043083190918
188.75929260253906 86.6053695678711 -0.7774043083190918
191.61024475097656 83.79964447021484 -0.7774043083190918
194.46119689941406 80.9939193725586 -0.7774043083190918
197.31214904785156 78.18819427490234 -0.7774043083190918
200.16310119628906 75.3824691772461 -0.7774043083190918
203.01405334472656 72.57674407958984 -0.7774043083190918
205.86500549316406 69.7710189819336 -0.7774043083190918
208.71595764160156 66.96529388427734 -0.7774043083190918
211.56690979003906 64.1595687866211 -0.7774043083190918
214.41786193847656 61.353843688964844 -0.7774043083190918
217.26881408691406 58.548118591308594 -0.7774043083190918
220.11976623535156 55.742393493652344 -0.7774043083190918
222.97071838378906 52.936668395996094 -0.7774043083190918
222.97071838378906 52.936668395996094 -1.1774042844772339
222.97071838378906 52.936668395996094 -1.577404260635376
222.97071838378906 52.936668395996094 -1.977404236793518
222.97071838378906 52.936668395996094 -2.37740421295166
222.97071838378906 52.936668395996094 -2.777404308319092
222.97071838378906 52.936668395996094 3.105780839920044
218.97328186035156 53.07988357543945 3.105780839920044
214.97584533691406 53.22309875488281 3.105780839920044
210.97840881347656 53.36631393432617 3.105780839920044
206.98097229003906 53.50952911376953 3.105780839920044
202.98353576660156 53.65274429321289 3.105780839920044
198.98609924316406 53.79595947265625 3.105780839920044
194.98866271972656 53.93917465209961 3.105780839920044
190.99122619628906 54.08238983154297 3.105780839920044
186.99378967285156 54.22560501098633 3.105780839920044
182.99635314941406 54.36882019042969 3.105780839920044
178.99891662597656 54.51203536987305 3.105780839920044
175.00148010253906 54.655250549316406 3.105780839920044
171.00404357910156 54.798465728759766 3.105780839920044
167.00660705566406 54.941680908203125 3.105780839920044
163.00917053222656 55.084896087646484 3.105780839920044
159.01173400878906 55.228111267089844 3.105780839920044
155.01429748535156 55.3713264465332 3.105780839920044
151.01686096191406 55.51454162597656 3.105780839920044
147.01942443847656 55.65775680541992 3.105780839920044
143.02198791503906 55.80097198486328 3.105780839920044
139.02455139160156 55.94418716430664 3.105780839920044
135.02711486816406 56.08740234375 3.105780839920044
131.02967834472656 56.23061752319336 3.105780839920044
127.03224182128906 56.37383270263672 3.105780839920044
123.03480529785156 56.51704788208008 3.105780839920044
119.03736877441406 56.66026306152344 3.105780839920044
115.03993225097656 56.8034782409668 3.105780839920044
111.04249572753906 56.946693420410156 3.105780839920044
107.04505920410156 57.089908599853516 3.105780839920044
103.04762268066406 57.233123779296875 3.105780839920044
99.05018615722656 57.376338958740234 3.105780839920044
95.05274963378906 57.519554138183594 3.105780839920044
91.05531311035156 57.66276931762695 3.105780839920044
87.05787658691406 57.80598449707031 3.105780839920044
83.06044006347656 57.94919967651367 3.105780839920044
79.06300354003906 58.09241485595703 3.105780839920044
75.06556701660156 58.23563003540039 3.105780839920044
71.06813049316406 58.37884521484375 3.105780839920044
71.06813049316406 58.37884521484375 2.7057807445526123
67.4420166015625 60.06743240356445 2.7057807445526123
63.8159065246582 61.756019592285156 2.7057807445526123
60.189796447753906 63.44460678100586 2.7057807445526123
56.56368637084961 65.13319396972656 2.7057807445526123
52.93757629394531 66.82177734375 2.7057807445526123
49.311466217041016 68.51036071777344 2.7057807445526123
49.311466217041016 68.51036071777344 2.3057806491851807
46.62916564941406 71.47772216796875 2.3057806491851807
43.94686508178711 74.44508361816406 2.3057806491851807
41.264564514160156 77.41244506835938 2.3057806491851807
38.5822639465332 80.37980651855469 2.3057806491851807
35.89996337890625 83.34716796875 2.3057806491851807
33.2176628112793 86.31452941894531 2.3057806491851807
33.2176628112793 86.31452941894531 1.9057806730270386
33.2176628112793 86.31452941894531 1.5057806968688965
33.2176628112793 86.31452941894531 1.1057807207107544
33.2176628112793 86.31452941894531 0.7057807445526123
33.2176628112793 86.31452941894531 0.3057807385921478
33.2176628112793 86.31452941894531 -0.09421926736831665
37.199920654296875 85.9382095336914 -0.09421926736831665
