-390.0
-390.0
-390.0
-390.0
-390.0
-390.0
-386.00388495992144
-382.0078510730543
-378.01190091305557
-374.01603716351383
-370.0202626238791
-366.0245802157804
-362.028992989761
-358.0335041324636
-354.038116974302
-350.0428349976565
-346.0476618456364
-342.0526013314554
-338.05765744847065
-334.2327517119496
-330.4124359576747
-326.5979883179977
-322.7906722113854
-318.9918912832399
-315.20303943890076
-311.4255338139505
-307.66090899651454
-303.9107588691061
-300.0051825530746
-296.2736072362342
-292.5600772997628
-288.8663392683164
-285.19424260463416
-281.3753004321655
-277.56145850116656
-273.92316312845884
-270.31112776955496
-266.55876389164945
-262.87595629908117
-259.1474108359909
-255.5951157656408
-251.90890371731356
-248.39986842042217
-244.76091940944778
-241.13340873880642
-237.68380848380417
-234.1104214457604
-230.71550354331978
-227.20234031717874
-223.86825816995767
-220.42205110381
-217.15556272584172
-213.7836782124854
-210.59111243349074
-207.30147786857867
-204.0372239013478
-204.0372239013478
-204.0372239013478
-204.0372239013478
-204.0372239013478
-204.0372239013478
-204.0372239013478
-204.0372239013478
-204.0372239013478
-204.0372239013478
-204.0372239013478
