60.0167350769043 450.0111083984375 0.3874206840991974
60.03647232055664 450.0148620605469 -0.010556817054748535
60.05612564086914 450.01068115234375 -0.40853431820869446
60.0726203918457 449.99920654296875 -0.8065118193626404
60.08338165283203 449.98223876953125 -1.2044893503189087
60.086727142333984 449.9624328613281 -1.6024668216705322
60.08213424682617 449.94287109375 -2.0004444122314453
60.07032012939453 449.9266052246094 -2.3984220027923584
60.053131103515625 449.91619873046875 -2.7963995933532715
60.03325271606445 449.91326904296875 3.088808059692383
60.0137939453125 449.91827392578125 2.6908304691314697
57.056541442871094 451.4718017578125 2.624939203262329
54.20800018310547 453.2166748046875 2.5590479373931885
51.48052978515625 455.14532470703125 2.493156671524048
48.88596725463867 457.2493896484375 2.4272654056549072
48.88596725463867 457.2493896484375 2.0272653102874756
47.51311111450195 460.29473876953125 1.961374044418335
46.34375 463.4238586425781 1.8954827785491943
45.38296127319336 466.6231994628906 1.8295915126800537
44.634910583496094 469.87884521484375 1.763700246810913
44.102848052978516 473.17669677734375 1.6978089809417725
43.78908157348633 476.5024108886719 1.6319177150726318
43.69497299194336 479.841552734375 1.5660264492034912
43.82093048095703 483.1796569824219 1.5001351833343506
44.16640853881836 486.5022277832031 1.43424391746521
44.72990798950195 489.7948303222656 1.3683526515960693
45.50897979736328 493.0431823730469 1.3024613857269287
46.500247955322266 496.23321533203125 1.236570954322815
46.510459899902344 496.2505187988281 0.8385934829711914
46.526580810546875 496.26251220703125 0.4406159818172455
46.54608917236328 496.267333984375 0.04263848066329956
46.56593704223633 496.2641906738281 -0.35533902049064636
46.5830192565918 496.25360107421875 -0.7533165216445923
46.594669342041016 496.23724365234375 -1.1512939929962158
46.599063873291016 496.2176513671875 -1.5492714643478394
46.595516204833984 496.1978759765625 -1.947248935699463
46.595516204833984 496.1978759765625 -2.3472490310668945
46.578880310058594 496.1866149902344 -2.7452266216278076
46.55820083618164 496.1824645996094 3.1400816440582275
46.53851318359375 496.18646240234375 2.7421040534973145
46.53851318359375 496.18646240234375 2.342103958129883
44.29011154174805 498.656982421875 2.276212692260742
42.20925521850586 501.27020263671875 2.2103214263916016
40.30497741699219 504.0147399902344 2.144430160522461
38.58554458618164 506.87872314453125 2.0785388946533203
37.05841827392578 509.8497009277344 2.0126476287841797
35.730224609375 512.914794921875 1.946756362915039
34.606727600097656 516.0606689453125 1.8808650970458984
33.692806243896484 519.273681640625 1.8149738311767578
32.99242401123047 522.5399169921875 1.7490825653076172
32.50862503051758 525.8451538085938 1.6831912994384766
32.24350357055664 529.1751098632812 1.617300033569336
32.19821548461914 532.5152587890625 1.5514087677001953
32.372955322265625 535.8511962890625 1.4855175018310547
32.766963958740234 539.1683349609375 1.419626235961914
33.3785285949707 542.4523315429688 1.3537349700927734
34.20499801635742 545.68896484375 1.2878437042236328
35.2427864074707 548.8641357421875 1.2219524383544922
35.2427864074707 548.8641357421875 0.8219524621963501
35.2427864074707 548.8641357421875 0.4219524562358856
38.33368682861328 550.131103515625 0.3560611307621002
41.50130081176758 551.1917724609375 0.2901698052883148
44.73188018798828 552.0415649414062 0.22427847981452942
48.01140594482422 552.6768188476562 0.15838715434074402
51.32564163208008 553.0947265625 0.09249582886695862
54.66020202636719 553.2935180664062 0.026604503393173218
58.00061798095703 553.2723388671875 -0.03928682208061218
61.33238983154297 553.03125 -0.10517814755439758
64.64105987548828 552.5712890625 -0.17106947302818298
67.91226196289062 551.8944702148438 -0.23696079850196838
71.13180541992188 551.0037841796875 -0.3028521239757538
74.322265625 549.8967895507812 -0.36509278416633606
74.33924102783203 549.8860473632812 -0.763070285320282
74.3507308959961 549.8695678710938 -1.1610478162765503
74.35493469238281 549.8499145507812 -1.5590252876281738
74.3511962890625 549.8302001953125 -1.9570027589797974
74.34009552001953 549.8134765625 -2.354980230331421
74.32337188720703 549.8023681640625 -2.752957820892334
74.30364227294922 549.798583984375 3.1322498321533203
74.28398132324219 549.802734375 2.7342722415924072
74.26747131347656 549.814208984375 2.336294651031494
74.2566909790039 549.8311767578125 1.9383171796798706
74.2533187866211 549.8510131835938 1.540339708328247
74.25788879394531 549.87060546875 1.1423622369766235
74.25788879394531 549.87060546875 0.7423622608184814
76.79244995117188 552.0465698242188 0.676470935344696
79.46479034423828 554.0509033203125 0.6105796098709106
79.46479034423828 554.0509033203125 0.21057960391044617
82.7527084350586 554.6411743164062 0.14468827843666077
86.07235717773438 555.013671875 0.07879695296287537
89.40933227539062 555.1668090820312 0.012905627489089966
92.7491455078125 555.099853515625 -0.052985697984695435
96.07730102539062 554.8131713867188 -0.11887702345848083
99.37935638427734 554.3079833984375 -0.18476834893226624
102.64098358154297 553.58642578125 -0.25065967440605164
105.8480224609375 552.6516723632812 -0.31655099987983704
109.01881408691406 551.5018310546875 -0.3792124390602112
109.03563690185547 551.4908447265625 -0.7771899700164795
109.04689025878906 551.4741821289062 -1.175167441368103
109.05081939697266 551.4544677734375 -1.5731449127197266
109.04679870605469 551.4347534179688 -1.97112238407135
109.03546905517578 551.4181518554688 -2.3690998554229736
109.01859283447266 551.4072265625 -2.7670774459838867
108.99880981445312 551.4037475585938 3.1181302070617676
108.97920989990234 551.408203125 2.7201526165008545
108.97920989990234 551.408203125 2.320152521133423
108.96870422363281 551.4253540039062 1.9221750497817993
108.96565246582031 551.4451904296875 1.5241975784301758
108.97053527832031 551.4646606445312 1.1262201070785522
108.97053527832031 551.4646606445312 0.7262201309204102
108.97053527832031 551.4646606445312 0.3262201249599457
112.16838836669922 552.4303588867188 0.2603287994861603
115.42288208007812 553.1834106445312 0.19443747401237488
118.71990203857422 553.7205200195312 0.12854614853858948
122.04512786865234 554.0393676757812 0.06265482306480408
125.3841323852539 554.1386108398438 -0.0032365024089813232
128.72242736816406 554.0177612304688 -0.06912782788276672
132.04551696777344 553.6773681640625 -0.13501915335655212
135.3389892578125 553.118896484375 -0.20091047883033752
138.5885467529297 552.3447875976562 -0.2668018043041229
141.7800750732422 551.3583984375 -0.3326931297779083
144.93609619140625 550.1566772460938 -0.3949330151081085
148.01126098632812 548.760986328125 -0.4571729004383087
150.99365234375 547.1767578125 -0.5194127559661865
151.00877380371094 547.1635131835938 -0.9173902273178101
151.01759338378906 547.1454467773438 -1.3153676986694336
151.0187225341797 547.1253662109375 -1.7133451700210571
151.01199340820312 547.1064453125 -2.1113226413726807
150.9984588623047 547.0916137695312 -2.5093002319335938
150.980224609375 547.0831909179688 -2.907277822494507
150.96014404296875 547.0824584960938 2.9779298305511475
150.9413604736328 547.089599609375 2.5799522399902344
150.9268035888672 547.1034545898438 2.1819746494293213
150.9187469482422 547.1218872070312 1.7839971780776978
150.91845703125 547.1419677734375 1.3860197067260742
151.6400146484375 550.403564453125 1.3201284408569336
152.57476806640625 553.610595703125 1.254237174987793
153.71865844726562 556.7491455078125 1.1883459091186523
155.06671142578125 559.8055419921875 1.1224546432495117
155.06671142578125 559.8055419921875 0.7224546670913696
155.06671142578125 559.8055419921875 0.32245466113090515
158.26817321777344 560.7592163085938 0.25656333565711975
161.52548217773438 561.5 0.19067201018333435
164.82449340820312 562.0247192382812 0.12478068470954895
164.82449340820312 562.0247192382812 -0.2752193212509155
168.0076141357422 561.0115356445312 -0.3411106467247009
171.1171112060547 559.7909545898438 -0.40700197219848633
174.13949584960938 558.3682861328125 -0.47289329767227173
177.0616455078125 556.7496948242188 -0.5387846231460571
179.87088012695312 554.9421997070312 -0.6046759486198425
182.5550079345703 552.9536743164062 -0.6705672740936279
185.1023712158203 550.792724609375 -0.7364585995674133
187.50192260742188 548.46875 -0.8023499250411987
189.7432403564453 545.9918212890625 -0.8682412505149841
191.8166046142578 543.3726806640625 -0.9341325759887695
193.73886108398438 540.5960693359375 -0.9963724613189697
193.74623107910156 540.577392578125 -1.3943499326705933
193.7457733154297 540.5573120117188 -1.7923274040222168
193.73756408691406 540.5389404296875 -2.19030499458313
193.722900390625 540.5252075195312 -2.588282585144043
193.70437622070312 540.5183715820312 -2.986294746398926
193.68431091308594 540.5192260742188 2.8989129066467285
193.66615295410156 540.52783203125 2.5009353160858154
193.65274047851562 540.5427856445312 2.1029577255249023
193.6461639404297 540.561767578125 1.7049802541732788
193.6474609375 540.581787109375 1.3070027828216553
193.65643310546875 540.5997924804688 0.9090253114700317
193.6716766357422 540.6129150390625 0.5110478401184082
196.63758850097656 542.1498413085938 0.4451565146446228
199.69825744628906 543.4881591796875 0.3792651891708374
199.69825744628906 543.4881591796875 -0.020734816789627075
199.69825744628906 543.4881591796875 -0.42073482275009155
202.70082092285156 542.0241088867188 -0.48662614822387695
205.6004638671875 540.3655395507812 -0.5525174736976624
208.38461303710938 538.5196533203125 -0.6184087991714478
211.0411834716797 536.4944458007812 -0.6843001246452332
213.5586395263672 534.2987060546875 -0.7501914501190186
215.92605590820312 531.9419555664062 -0.816082775592804
218.13314819335938 529.4344482421875 -0.8819741010665894
220.17034912109375 526.7870483398438 -0.9478654265403748
222.02882385253906 524.0112915039062 -1.0137567520141602
223.70050048828125 521.1192016601562 -1.0796480178833008
225.17811584472656 518.123291015625 -1.1455392837524414
226.45526123046875 515.03662109375 -1.211430549621582
226.45846557617188 515.016845703125 -1.6094125509262085
226.4537353515625 514.997314453125 -2.007390022277832
226.44180297851562 514.9811401367188 -2.405367612838745
226.42454528808594 514.9708862304688 -2.803345203399658
226.40464782714844 514.9680786132812 3.081862449645996
226.38522338867188 514.9732055664062 2.683884859085083
226.3693084716797 514.9854736328125 2.28590726852417
226.35939025878906 515.0029296875 1.8879297971725464
226.35702514648438 515.0228881835938 1.4899523258209229
226.36257934570312 515.0421752929688 1.0919748544692993
226.37518310546875 515.0578002929688 0.6939973831176758
226.3928680419922 515.0673217773438 0.29601988196372986
226.3928680419922 515.0673217773438 -0.10398012399673462
226.3928680419922 515.0673217773438 -0.5039801597595215
229.26329040527344 513.3587036132812 -0.5698714852333069
232.01498413085938 511.4647521972656 -0.6357628107070923
234.63600158691406 509.39373779296875 -0.7016541361808777
237.11497497558594 507.1546325683594 -0.7675454616546631
239.44113159179688 504.7571716308594 -0.8334367871284485
241.60438537597656 502.2117614746094 -0.8993281126022339
243.59535217285156 499.5294189453125 -0.9652194380760193
245.40538024902344 496.7218017578125 -1.0311107635498047
247.026611328125 493.8011169433594 -1.0970020294189453
248.4520263671875 490.780029296875 -1.162893295288086
248.45619201660156 490.7603759765625 -1.5608707666397095
248.45242309570312 490.7406311035156 -1.958848237991333
248.44129943847656 490.7239074707031 -2.356825828552246
248.424560546875 490.7127990722656 -2.754803419113159
248.40481567382812 490.70904541015625 3.130404233932495
248.38516235351562 490.7132263183594 2.732426643371582
248.36866760253906 490.7247009277344 2.334449052810669
248.35791015625 490.7416687011719 1.9364715814590454
248.35791015625 490.7416687011719 1.5364716053009033
248.362548828125 490.76123046875 1.1384941339492798
248.375 490.77825927734375 0.7406171560287476
248.3922119140625 490.7886047363281 0.34263965487480164
248.3922119140625 490.7886047363281 -0.05736035108566284
248.3922119140625 490.7886047363281 -0.4573603570461273
251.33914184570312 489.215576171875 -0.5232516527175903
254.17611694335938 487.4519348144531 -0.5891429781913757
256.89080810546875 485.50531005859375 -0.6550343036651611
259.471435546875 483.3841857910156 -0.7209256291389465
261.90679931640625 481.0977478027344 -0.7868169546127319
264.18634033203125 478.6559143066406 -0.8527082800865173
266.3001403808594 476.06927490234375 -0.9185996055603027
268.2390441894531 473.3490905761719 -0.9844909310340881
268.24664306640625 473.3304748535156 -1.3824684619903564
268.2464294433594 473.3103942871094 -1.78044593334198
268.2384338378906 473.2919616699219 -2.1784234046936035
268.22393798828125 473.2780456542969 -2.5764009952545166
268.2051696777344 473.2708435058594 -2.9743785858154297
268.1850891113281 473.271484375 2.9108290672302246
268.16680908203125 473.27984619140625 2.5128514766693115
268.1532287597656 473.2946472167969 2.1148738861083984
268.1532287597656 473.2946472167969 1.7148739099502563
268.1543273925781 473.314697265625 1.3168964385986328
268.1635437011719 473.3336486816406 0.9190194606781006
268.17864990234375 473.3468933105469 0.521041989326477
268.17864990234375 473.3468933105469 0.12104198336601257
268.17864990234375 473.3468933105469 -0.2789580225944519
271.35797119140625 472.3218078613281 -0.3448493480682373
274.462890625 471.089599609375 -0.4107406735420227
277.47991943359375 469.6556396484375 -0.4766319990158081
280.39599609375 468.026123046875 -0.5425233244895935
283.1984558105469 466.2081298828125 -0.6084146499633789
285.8751220703125 464.2095642089844 -0.6743059754371643
285.8880310058594 464.19415283203125 -1.0722835063934326
285.8939514160156 464.1749572753906 -1.4702609777450562
286.128173828125 460.8060302734375 -1.5325008630752563
286.15240478515625 457.4290466308594 -1.5947407484054565
285.96246337890625 454.0939636230469 -1.6606321334838867
285.5533447265625 450.77862548828125 -1.7265233993530273
284.92681884765625 447.4974365234375 -1.792414665222168
284.0856018066406 444.2646179199219 -1.8583059310913086
283.0333557128906 441.09417724609375 -1.9241971969604492
281.7746276855469 437.9999084472656 -1.9900884628295898
280.3149108886719 434.9952392578125 -2.0559797286987305
278.6605224609375 432.09320068359375 -2.121870994567871
276.8186340332031 429.306396484375 -2.1877622604370117
274.7972412109375 426.64691162109375 -2.2536535263061523
272.6051330566406 424.12628173828125 -2.319544792175293
270.2518310546875 421.7554626464844 -2.3854360580444336
267.7475280761719 419.54473876953125 -2.451327323913574
265.10308837890625 417.50372314453125 -2.517218589782715
262.33001708984375 415.6412353515625 -2.5831098556518555
259.4403076171875 413.96539306640625 -2.649001121520996
256.41650390625 412.4617004394531 -2.7112410068511963
256.3969421386719 412.45709228515625 -3.1092185974121094
256.37713623046875 412.4604187011719 2.775989055633545
253.2623748779297 413.76531982421875 2.713749408721924
250.27029418945312 415.25067138671875 2.647858142852783
247.38250732421875 416.9298095703125 2.5819668769836426
244.61155700683594 418.7954406738281 2.516075611114502
241.96945190429688 420.8394775390625 2.4501843452453613
239.46766662597656 423.05303955078125 2.3842930793762207
237.1170654296875 425.4265441894531 2.31840181350708
234.92784118652344 427.9496765136719 2.2525105476379395
232.9095001220703 430.6114807128906 2.186619281768799
231.07080078125 433.400390625 2.120728015899658
229.4197235107422 436.3043212890625 2.0548367500305176
227.96343994140625 439.3106689453125 1.988945484161377
226.70826721191406 442.4063720703125 1.9230542182922363
226.7052001953125 442.4262390136719 1.5250767469406128
226.71006774902344 442.44573974609375 1.1270992755889893
226.72210693359375 442.4618225097656 0.7291218042373657
226.73944091796875 442.47198486328125 0.3311443030834198
226.7593536376953 442.4746398925781 -0.06683319807052612
226.7787322998047 442.4693603515625 -0.46481069922447205
226.7945556640625 442.45697021484375 -0.862788200378418
226.80435180664062 442.4394226074219 -1.2607656717300415
226.80657958984375 442.4194641113281 -1.658743143081665
226.80088806152344 442.40020751953125 -2.056720733642578
226.80088806152344 442.40020751953125 -2.4567208290100098
226.7831268310547 442.3908386230469 -2.854698419570923
226.7631072998047 442.3890686035156 3.0305092334747314
223.45721435546875 442.8685302734375 2.964617967605591
223.45721435546875 442.8685302734375 2.564617872238159
220.7190399169922 444.7819519042969 2.4987266063690186
218.11279296875 446.87152099609375 2.432835340499878
215.64979553222656 449.128173828125 2.3669440746307373
213.34072875976562 451.5420837402344 2.3010528087615967
211.1956024169922 454.1028137207031 2.235161542892456
209.22373962402344 456.7992248535156 2.1692702770233154
209.21592712402344 456.8177490234375 1.771292805671692
209.2158966064453 456.83782958984375 1.3733153343200684
209.22364807128906 456.8563537597656 0.9753378629684448
209.23797607421875 456.87042236328125 0.5773603916168213
209.25665283203125 456.8778381347656 0.17938289046287537
209.2767333984375 456.87744140625 -0.21859461069107056
209.29510498046875 456.8692932128906 -0.6165721416473389
209.3088836669922 456.85467529296875 -1.0145496129989624
209.31590270996094 456.8358459472656 -1.412527084350586
209.31590270996094 456.8358459472656 -1.812527060508728
209.31590270996094 456.8358459472656 -2.21252703666687
209.30018615722656 456.82177734375 -2.6104040145874023
209.28118896484375 456.8152160644531 -3.0083816051483154
209.28118896484375 456.8152160644531 2.8748035430908203
206.0896453857422 457.8015441894531 2.8089122772216797
202.969970703125 458.9958801269531 2.743021011352539
199.93569946289062 460.3930358886719 2.6771297454833984
197.00001525878906 461.9869384765625 2.611238479614258
194.17564392089844 463.77069091796875 2.545347213745117
194.1615753173828 463.7850341796875 2.147369623184204
194.1541748046875 463.8037109375 1.7493921518325806
194.1545867919922 463.82379150390625 1.351414680480957
194.16275024414062 463.8421630859375 0.9534372091293335
194.17738342285156 463.8559265136719 0.55545973777771
194.1962127685547 463.8629455566406 0.15748223662376404
194.21629333496094 463.86212158203125 -0.24049526453018188
194.23448181152344 463.85357666015625 -0.6384727954864502
194.2479248046875 463.8386535644531 -1.0364502668380737
194.25453186035156 463.8196716308594 -1.4344279766082764
194.25453186035156 463.8196716308594 -1.8344279527664185
194.2451171875 463.8008117675781 -2.2323050498962402
194.2291259765625 463.78704833984375 -2.6301820278167725
194.2291259765625 463.78704833984375 -3.030182123184204
190.89892578125 463.52520751953125 -3.0960733890533447
187.55870056152344 463.48321533203125 3.121220588684082
184.22296142578125 463.6612243652344 3.0553293228149414
184.22296142578125 463.6612243652344 2.989438056945801
184.22296142578125 463.6612243652344 2.92354679107666
184.22296142578125 463.6612243652344 2.8576555252075195
184.22296142578125 463.6612243652344 2.791764259338379
184.22296142578125 463.6612243652344 2.7258729934692383
184.20654296875 463.6728210449219 2.327895402908325
184.19590759277344 463.6898498535156 1.9299179315567017
184.1927032470703 463.7096862792969 1.5319404602050781
184.1974334716797 463.7292175292969 1.1339629888534546
184.20936584472656 463.7453918457031 0.735985517501831
184.22662353515625 463.75567626953125 0.33800801634788513
184.24652099609375 463.7584533691406 -0.05996948480606079
184.2659454345703 463.7532958984375 -0.4579469859600067
184.2818603515625 463.74102783203125 -0.8559244871139526
184.2818603515625 463.74102783203125 -1.2559244632720947
183.04307556152344 467.54437255859375 -1.2559244632720947
181.80429077148438 471.34771728515625 -1.2559244632720947
181.80429077148438 471.34771728515625 -1.6559244394302368
181.7983856201172 471.3274841308594 -2.0538015365600586
181.78509521484375 471.31109619140625 -2.451678514480591
179.1399383544922 469.27099609375 -2.5175697803497314
176.36619567871094 467.40948486328125 -2.583461046218872
176.36619567871094 467.40948486328125 -2.6493523120880127
176.36619567871094 467.40948486328125 -2.7152435779571533
176.36619567871094 467.40948486328125 -2.781134843826294
176.36619567871094 467.40948486328125 -2.8470261096954346
173.13938903808594 466.54547119140625 -2.912917375564575
173.13938903808594 466.54547119140625 -2.978808641433716
173.13938903808594 466.54547119140625 -3.0446999073028564
173.11940002441406 466.5475158691406 2.840507745742798
173.10177612304688 466.5571594238281 2.4425301551818848
173.08924865722656 466.5728759765625 2.0445525646209717
173.08380126953125 466.59222412109375 1.6465750932693481
173.08627319335938 466.6121520996094 1.2485976219177246
173.09628295898438 466.62957763671875 0.8506201505661011
173.1122589111328 466.6417541503906 0.45264264941215515
173.1317138671875 466.64678955078125 0.05466514825820923
173.15159606933594 466.6438903808594 -0.3433123528957367
169.385009765625 467.9903259277344 -0.3433123528957367
165.61842346191406 469.3367614746094 -0.3433123528957367
165.61842346191406 469.3367614746094 -0.7433123588562012
165.63082885742188 469.3197021484375 -1.1411893367767334
165.63565063476562 469.2991638183594 -1.5390663146972656
165.63565063476562 469.2991638183594 -1.9390662908554077
164.33106994628906 466.2239685058594 -2.004957675933838
164.33106994628906 466.2239685058594 -2.0708489418029785
164.33106994628906 466.2239685058594 -2.136740207672119
164.33106994628906 466.2239685058594 -2.2026314735412598
162.27037048339844 463.5948486328125 -2.2685227394104004
160.04103088378906 461.10711669921875 -2.334414005279541
160.0245361328125 461.09564208984375 -2.732391595840454
160.0048828125 461.0914611816406 -3.130369186401367
159.98513793945312 461.09521484375 2.754838466644287
159.96839904785156 461.1063232421875 2.356860876083374
159.957275390625 461.123046875 1.9588834047317505
159.9534912109375 461.1427917480469 1.560905933380127
159.95765686035156 461.1624450683594 1.1629284620285034
159.9691162109375 461.178955078125 0.7649509906768799
159.98606872558594 461.1897277832031 0.36697348952293396
156.2523956298828 459.7545471191406 0.36697348952293396
156.2523956298828 459.7545471191406 -0.03302651643753052
156.2523956298828 459.7545471191406 -0.433026522397995
156.2694091796875 459.7420959472656 -0.8309035301208496
156.2802734375 459.7240295410156 -1.2287805080413818
156.2802734375 459.7240295410156 -1.628780484199524
155.97694396972656 456.3973388671875 -1.694671869277954
155.45523071289062 453.09783935546875 -1.7605631351470947
154.71739196777344 449.8398742675781 -1.8264544010162354
153.7666473388672 446.6375427246094 -1.892345666885376
152.60711669921875 443.5047607421875 -1.9582369327545166
151.2438201904297 440.45513916015625 -2.0241281986236572
149.68267822265625 437.50189208984375 -2.090019464492798
147.93048095703125 434.6578369140625 -2.1559107303619385
147.91629028320312 434.64361572265625 -2.5538883209228516
147.89768981933594 434.635986328125 -2.9518659114837646
147.87759399414062 434.63616943359375 2.9333417415618896
147.85914611816406 434.6441345214844 2.5353641510009766
147.84523010253906 434.65863037109375 2.1373865604400635
147.8380126953125 434.6773681640625 1.73940908908844
147.838623046875 434.69744873046875 1.3414316177368164
147.838623046875 434.69744873046875 0.9414316415786743
147.838623046875 434.69744873046875 0.5414316654205322
147.85848999023438 434.70452880859375 0.1435546875
147.87954711914062 434.703369140625 -0.2543222904205322
151.08314514160156 433.75689697265625 -0.3202136158943176
151.08314514160156 433.75689697265625 -0.7202136516571045
148.0764923095703 436.39508056640625 -0.7202136516571045
148.0764923095703 436.39508056640625 -1.1202136278152466
148.0764923095703 436.39508056640625 -1.5202136039733887
148.13540649414062 433.05511474609375 -1.5861048698425293
147.97427368164062 429.718505859375 -1.65199613571167
147.5937957763672 426.3997497558594 -1.7178874015808105
146.99563598632812 423.1132507324219 -1.7837786674499512
146.182373046875 419.873291015625 -1.8496699333190918
145.1575469970703 416.69390869140625 -1.9155611991882324
143.92559814453125 413.5888977050781 -1.981452465057373
142.49188232421875 410.5717468261719 -2.0473437309265137
140.86260986328125 407.655517578125 -2.1132349967956543
140.8490447998047 407.64068603515625 -2.5112125873565674
140.83079528808594 407.6322937011719 -2.9091901779174805
137.55653381347656 406.9704284667969 -2.975081443786621
134.2458038330078 406.52557373046875 -3.0409727096557617
134.22581481933594 406.5275573730469 2.8442349433898926
134.20814514160156 406.5371398925781 2.4462573528289795
134.19557189941406 406.55279541015625 2.0482797622680664
134.19004821777344 406.5721130371094 1.6503022909164429
134.19244384765625 406.5920715332031 1.2523248195648193
134.19244384765625 406.5920715332031 0.8523248434066772
134.20919799804688 406.6048889160156 0.454447865486145
134.22959899902344 406.6102294921875 0.05657088756561279
134.24948120117188 406.6073913574219 -0.34140661358833313
134.24948120117188 406.6073913574219 -0.7414066195487976
134.24948120117188 406.6073913574219 -1.1414066553115845
135.5393829345703 403.5260009765625 -1.2072980403900146
135.5393829345703 403.5260009765625 -1.6072980165481567
135.30758666992188 400.1935729980469 -1.673189401626587
134.85687255859375 396.8836364746094 -1.7390806674957275
134.18919372558594 393.6105651855469 -1.8049719333648682
133.3074493408203 390.3885498046875 -1.8708631992340088
132.21546936035156 387.2315979003906 -1.9367544651031494
130.9094696044922 384.1172790527344 -1.9989943504333496
130.89767456054688 384.10101318359375 -2.3969719409942627
130.8804931640625 384.090576171875 -2.794949531555176
127.7030258178711 383.0597839355469 -2.8608407974243164
124.46458435058594 382.2404479980469 -2.926732063293457
121.1792221069336 381.6361083984375 -2.9926233291625977
117.86119842529297 381.2493896484375 -3.0585145950317383
117.84123992919922 381.251708984375 2.826693058013916
117.82374572753906 381.2615966796875 2.428715467453003
117.81144714355469 381.2774963378906 2.03073787689209
117.80626678466797 381.2969055175781 1.6327604055404663
117.80901336669922 381.3168029785156 1.2347829341888428
117.81925964355469 381.3340759277344 0.8368054628372192
117.83540344238281 381.3460388183594 0.4388279616832733
117.85491943359375 381.3507995605469 0.04085046052932739
117.87476348876953 381.3476257324219 -0.35712704062461853
120.96430969238281 380.077392578125 -0.42301836609840393
120.96430969238281 380.077392578125 -0.8230183720588684
123.15396118164062 377.5546569824219 -0.8889096975326538
125.17276000976562 374.8932189941406 -0.9548010230064392
127.0119400024414 372.1046142578125 -1.0206923484802246
128.66351318359375 369.20098876953125 -1.0865836143493652
130.1203155517578 366.1949157714844 -1.1524748802185059
131.3760223388672 363.09942626953125 -1.2183661460876465
132.42518615722656 359.927978515625 -1.284257411956787
133.2632598876953 356.6943359375 -1.3501486778259277
133.8865966796875 353.41253662109375 -1.4160399436950684
134.29249572753906 350.0968017578125 -1.481931209564209
134.4792022705078 346.76153564453125 -1.5478224754333496
134.44589233398438 343.4212341308594 -1.6137137413024902
134.19271850585938 340.0903625488281 -1.6796050071716309
133.7207794189453 336.78338623046875 -1.7454962730407715
133.7207794189453 336.78338623046875 -2.145496368408203
133.7207794189453 336.78338623046875 -2.5454964637756348
133.70225524902344 336.7756042480469 -2.943474054336548
133.68215942382812 336.775634765625 2.9417335987091064
133.68215942382812 336.775634765625 2.541733503341675
130.98849487304688 338.751220703125 2.475842237472534
128.43075561523438 340.8998718261719 2.4099509716033936
126.02003479003906 343.2122802734375 2.344059705734253
123.76680755615234 345.67840576171875 2.2781684398651123
121.68084716796875 348.28753662109375 2.2122771739959717
121.6722412109375 348.3056945800781 1.8142997026443481
121.67134857177734 348.3257751464844 1.4163222312927246
121.67830657958984 348.3446350097656 1.018344759941101
121.69202423095703 348.35931396484375 0.6203672885894775
121.71035766601562 348.3675231933594 0.22238978743553162
121.7304458618164 348.36798095703125 -0.1755877137184143
124.9985580444336 347.6764221191406 -0.2414790391921997
128.21405029296875 346.77117919921875 -0.3073703646659851
128.21405029296875 346.77117919921875 -0.707370400428772
128.21405029296875 346.77117919921875 -1.107370376586914
129.60806274414062 343.7354736328125 -1.1732616424560547
130.79916381835938 340.61456298828125 -1.2391529083251953
131.7821807861328 337.4219970703125 -1.305044174194336
132.5528564453125 334.171630859375 -1.3709354400634766
133.10784912109375 330.8775634765625 -1.4368267059326172
133.4447479248047 327.5541076660156 -1.5027179718017578
133.5620880126953 324.2156982421875 -1.5686092376708984
133.4593505859375 320.8768005371094 -1.634500503540039
133.13699340820312 317.5519104003906 -1.7003917694091797
132.59642028808594 314.2554626464844 -1.7662830352783203
131.8399658203125 311.00177001953125 -1.832174301147461
130.8662109375 307.7681579589844 -1.8944141864776611
130.85618591308594 307.7507629394531 -2.292391777038574
130.85618591308594 307.7507629394531 -2.692391872406006
130.8367156982422 307.74578857421875 -3.090369462966919
130.81585693359375 307.7489013671875 2.794938802719116
127.71317291259766 308.9867248535156 2.7290475368499756
127.71317291259766 308.9867248535156 2.329047441482544
127.71317291259766 308.9867248535156 1.9290474653244019
126.64556121826172 312.1520080566406 1.8631560802459717
125.78868103027344 315.3807067871094 1.797264814376831
125.78868103027344 315.3807067871094 1.397264838218689
125.78868103027344 315.3807067871094 0.9972648620605469
125.80270385742188 315.39508056640625 0.5992873907089233
125.82120513916016 315.4029235839844 0.20130988955497742
125.84129333496094 315.4029846191406 -0.1966676115989685
129.09410095214844 314.6427001953125 -0.2625589370727539
132.289794921875 313.66986083984375 -0.3284502625465393
132.289794921875 313.66986083984375 -0.7284502983093262
132.289794921875 313.66986083984375 -1.1284502744674683
133.6195068359375 310.6054382324219 -1.1943416595458984
134.7445526123047 307.4601135253906 -1.260232925415039
135.66006469726562 304.2475280761719 -1.3261241912841797
136.362060546875 300.98162841796875 -1.3920154571533203
136.8474884033203 297.6766052246094 -1.457906723022461
137.1142578125 294.3468017578125 -1.5237979888916016
137.16119384765625 291.00665283203125 -1.5896892547607422
136.98809814453125 287.670654296875 -1.6555805206298828
136.59573364257812 284.3533020019531 -1.7214717864990234
135.9857940673828 281.0689697265625 -1.787363052368164
135.16091918945312 277.8319396972656 -1.8532543182373047
134.12469482421875 274.65625 -1.9191455841064453
132.88162231445312 271.5556640625 -1.985036849975586
132.87005615234375 271.53924560546875 -2.383014440536499
132.85302734375 271.5285949707031 -2.780992031097412
132.83319091796875 271.5253601074219 3.104215621948242
132.81365966796875 271.5300598144531 2.706238031387329
132.79747009277344 271.5419616699219 2.308260440826416
130.6339569091797 274.087158203125 2.2423691749572754
128.64271545410156 276.769287109375 2.1764779090881348
126.8323974609375 279.5766906738281 2.110586643218994
125.21085357666016 282.4972229003906 2.0446953773498535
125.21085357666016 282.4972229003906 1.6446954011917114
125.21085357666016 282.4972229003906 1.2446954250335693
125.21085357666016 282.4972229003906 0.8446954488754272
125.22689819335938 282.5093078613281 0.4467179477214813
125.24637603759766 282.51422119140625 0.04874074459075928
125.26624298095703 282.5111999511719 -0.34923675656318665
125.26624298095703 282.5111999511719 -0.7492367625236511
125.26624298095703 282.5111999511719 -1.149236798286438
126.53197479248047 279.4197998046875 -1.2151281833648682
127.5914077758789 276.25177001953125 -1.2810194492340088
128.43994140625 273.0208435058594 -1.3469107151031494
129.0738983154297 269.7410583496094 -1.41280198097229
129.49053955078125 266.4266662597656 -1.4786932468414307
129.6880340576172 263.092041015625 -1.5445845127105713
129.66554260253906 259.75164794921875 -1.610475778579712
129.42315673828125 256.41998291015625 -1.6763670444488525
128.96192932128906 253.1114959716797 -1.7422583103179932
128.2838592529297 249.84056091308594 -1.8081495761871338
127.39188385009766 246.62136840820312 -1.8740408420562744
126.28364562988281 243.43136596679688 -1.9362831115722656
126.27289581298828 243.41439819335938 -2.3342607021331787
126.25640869140625 243.4029083251953 -2.732238292694092
126.23676300048828 243.39871215820312 -3.130215883255005
126.21702575683594 243.4024658203125 2.7549917697906494
126.20027923583984 243.41357421875 2.3570141792297363
126.18914794921875 243.4302978515625 1.9590367078781128
125.02710723876953 246.56214904785156 1.8931453227996826
124.07379913330078 249.7637176513672 1.827254056930542
123.33335876464844 253.02110290527344 1.7613627910614014
122.79718017578125 256.3553161621094 1.6991229057312012
122.46942138671875 259.7164306640625 1.636883020401001
122.46942138671875 259.7164306640625 1.2368830442428589
122.46942138671875 259.7164306640625 0.8368830680847168
122.48556518554688 259.7283935546875 0.4389055669307709
122.50508117675781 259.733154296875 0.04092806577682495
122.5249252319336 259.72998046875 -0.35704943537712097
122.5249252319336 259.72998046875 -0.7570494413375854
124.8761215209961 257.3570556640625 -0.8229407668113708
127.06597137451172 254.83448791503906 -0.8888320922851562
129.08497619628906 252.17320251464844 -0.9547234177589417
130.9243621826172 249.38475036621094 -1.020614743232727
132.57615661621094 246.48123168945312 -1.0865061283111572
134.03318786621094 243.4752655029297 -1.1523973941802979
135.2891387939453 240.3798828125 -1.2182886600494385
136.3385467529297 237.20851135253906 -1.284179925918579
137.17686462402344 233.9749298095703 -1.3500711917877197
137.8004608154297 230.69317626953125 -1.4159624576568604
138.2066192626953 227.37747192382812 -1.481853723526001
138.39358520507812 224.04222106933594 -1.5477449893951416
138.36053466796875 220.701904296875 -1.6136362552642822
138.1076202392578 217.3710174560547 -1.6795275211334229
137.6359405517578 214.0640106201172 -1.7454187870025635
136.94752502441406 210.79522705078125 -1.811310052871704
136.04537963867188 207.57887268066406 -1.8772013187408447
134.93341064453125 204.42889404296875 -1.9430925846099854
133.616455078125 201.3589630126953 -2.008983850479126
132.1002197265625 198.38241577148438 -2.0748751163482666
130.39129638671875 195.5121612548828 -2.1407663822174072
128.49708557128906 192.76065063476562 -2.206657648086548
128.49708557128906 192.76065063476562 -2.6066577434539795
125.5687255859375 191.15330505371094 -2.67254900932312
122.5408935546875 189.7422637939453 -2.7384402751922607
119.42671966552734 188.5336456298828 -2.8043315410614014
116.2397232055664 187.53269958496094 -2.870222806930542
112.99373626708984 186.7437744140625 -2.9361140727996826
109.70285034179688 186.1702880859375 -3.0020053386688232
106.38134765625 185.81472778320312 -3.067896604537964
103.04364013671875 185.6786346435547 -3.1337878704071045
99.70421600341797 185.76260375976562 3.0835061073303223
96.3775634765625 186.06626892089844 3.0176148414611816
93.03955078125 186.58792114257812 2.955522060394287
89.74195861816406 187.3156280517578 2.8932700157165527
89.72384643554688 187.32432556152344 2.4952924251556396
87.09204864501953 189.44125366210938 2.433100461959839
84.62844848632812 191.69725036621094 2.3672091960906982
82.31874084472656 194.11056518554688 2.3013179302215576
80.17294311523438 196.67071533203125 2.235426664352417
78.20037078857422 199.36659240722656 2.1695353984832764
76.40958404541016 202.18650817871094 2.1036441326141357
74.80835723876953 205.1182098388672 2.037752866744995
73.40364074707031 208.14898681640625 1.9718616008758545
72.20153045654297 211.2656707763672 1.9059703350067139
71.20724487304688 214.45474243164062 1.8400790691375732
70.42509460449219 217.70236206054688 1.7741878032684326
69.85847473144531 220.99444580078125 1.708296537399292
69.85847473144531 220.99444580078125 1.30829656124115
70.83110809326172 224.19020080566406 1.2424051761627197
72.01205444335938 227.31497192382812 1.176513910293579
73.39617919921875 230.35520935058594 1.1106226444244385
74.97748565673828 233.29771423339844 1.0447313785552979
76.74909973144531 236.1297149658203 0.9788400530815125
78.70333862304688 238.8389129638672 0.912948727607727
80.83172607421875 241.41355895996094 0.8470574021339417
83.12501525878906 243.8424835205078 0.7811660766601562
85.57325744628906 246.11512756347656 0.7152747511863708
88.19031524658203 248.24948120117188 0.6530348658561707
88.2083740234375 248.25830078125 0.25505736470222473
88.22843170166016 248.25942993164062 -0.1429201364517212
88.24736022949219 248.25270080566406 -0.5408976078033447
91.08682250976562 246.4246063232422 -0.6031374931335449
93.77400207519531 244.44020080566406 -0.6690288186073303
96.32469177246094 242.2831573486328 -0.7349201440811157
98.72781372070312 239.96286010742188 -0.8008114695549011
100.97294616699219 237.48936462402344 -0.8667027950286865
103.05034637451172 234.87339782714844 -0.9325941205024719
104.95098876953125 232.12632751464844 -0.9984854459762573
106.66663360595703 229.26007080078125 -1.0643768310546875
108.18982696533203 226.28707885742188 -1.1302680969238281
109.51396179199219 223.22024536132812 -1.1961593627929688
110.63329315185547 220.0728759765625 -1.2620506286621094
111.54296112060547 216.858642578125 -1.32794189453125
112.23902130126953 213.59149169921875 -1.3938331604003906
112.71844482421875 210.2855987548828 -1.4597244262695312
112.97915649414062 206.95530700683594 -1.5256156921386719
113.02008819580078 203.61474609375 -1.5914738178253174
112.84104919433594 200.27906799316406 -1.657365083694458
112.44276428222656 196.96241760253906 -1.7232563495635986
111.82696533203125 193.67918395996094 -1.7891476154327393
110.99632263183594 190.44361877441406 -1.8550388813018799
110.99632263183594 190.44361877441406 -2.2550389766693115
110.99632263183594 190.44361877441406 -2.655039072036743
107.99365997314453 188.9797821044922 -2.720930337905884
104.901123046875 187.71682739257812 -2.7868216037750244
101.73213958740234 186.6602325439453 -2.852712869644165
98.5004653930664 185.81459045410156 -2.9186041355133057
95.22012329101562 185.18356323242188 -2.9844954013824463
91.90534973144531 184.7698974609375 -3.050386667251587
88.5705337524414 184.5753936767578 -3.1162779331207275
85.23014831542969 184.60089111328125 3.101016044616699
81.89866638183594 184.8462677001953 3.0351274013519287
78.55352020263672 185.30943298339844 2.9728875160217285
78.53477478027344 185.316650390625 2.5749099254608154
75.77705383300781 187.20179748535156 2.509018659591675
73.14944458007812 189.26443481445312 2.443127393722534
70.66334533691406 191.49560546875 2.3772361278533936
68.32955169677734 193.88563537597656 2.311344861984253
66.15818786621094 196.4241485595703 2.2454535961151123
64.15868377685547 199.10011291503906 2.1795623302459717
62.33971405029297 201.9019317626953 2.113671064376831
60.70917510986328 204.8174285888672 2.0477797985076904
60.70917510986328 204.8174285888672 1.6477798223495483
60.56211471557617 208.15467834472656 1.5818884372711182
60.635108947753906 211.49436950683594 1.5159971714019775
60.92784118652344 214.82200622558594 1.450105905532837
61.43904495239258 218.12313842773438 1.3842146396636963
62.16649627685547 221.38345336914062 1.3183233737945557
63.10704040527344 224.5887908935547 1.252432107925415
64.256591796875 227.72525024414062 1.1865408420562744
65.61016845703125 230.77920532226562 1.1206495761871338
67.1618881225586 233.73741149902344 1.0547583103179932
68.90502166748047 236.58702087402344 0.9888669848442078
70.83200073242188 239.315673828125 0.9229756593704224
72.93446350097656 241.91152954101562 0.857084333896637
75.20328521728516 244.3633270263672 0.7911930084228516
77.62861633300781 246.66041564941406 0.7253016829490662
80.19993591308594 248.79281616210938 0.6594103574752808
82.90607452392578 250.75128173828125 0.5935190320014954
85.76299285888672 252.55198669433594 0.5312791466712952
85.781982421875 252.5585479736328 0.13330164551734924
85.80203247070312 252.55723571777344 -0.2646758556365967
85.81999969482422 252.54824829101562 -0.6626533269882202
88.41641235351562 250.38880920410156 -0.7248932123184204
90.87348175048828 248.0720672607422 -0.7871330976486206
93.15223693847656 245.62950134277344 -0.853024423122406
95.26522064208984 243.04220581054688 -0.9189157485961914
97.20326232910156 240.32139587402344 -0.9848070740699768
98.95794677734375 237.4788818359375 -1.0506983995437622
100.52166748046875 234.52699279785156 -1.1165897846221924
101.88762664794922 231.4785614013672 -1.182481050491333
103.0499038696289 228.3468017578125 -1.2483723163604736
104.00345611572266 225.1453094482422 -1.3142635822296143
104.744140625 221.88796997070312 -1.3801548480987549
105.26873779296875 218.5889434814453 -1.4460461139678955
105.58447265625 215.22666931152344 -1.508284330368042
105.6913070678711 211.84710693359375 -1.570105791091919
105.58856201171875 208.47161865234375 -1.6323460340499878
105.27336883544922 205.1460418701172 -1.698237419128418
104.7398910522461 201.8484344482422 -1.7641286849975586
103.99044799804688 198.59310913085938 -1.8300199508666992
103.02828979492188 195.39419555664062 -1.8959112167358398
103.02828979492188 195.39419555664062 -2.2959113121032715
100.73165893554688 192.9684295654297 -2.361802577972412
98.28028869628906 190.69915771484375 -2.4276938438415527
95.68482208251953 188.59620666503906 -2.4935851097106934
92.95652770996094 186.66871643066406 -2.559476375579834
90.10723876953125 184.925048828125 -2.6253676414489746
87.14932250976562 183.37277221679688 -2.6912589073181152
84.09561920166016 182.0186309814453 -2.757150173187256
80.95938110351562 180.8684844970703 -2.8230414390563965
77.75421905517578 179.92733764648438 -2.888932704925537
74.4940414428711 179.19927978515625 -2.9548239707946777
71.19300079345703 178.6874542236328 -3.0207152366638184
67.86542510986328 178.39410400390625 -3.086606502532959
64.5257568359375 178.3204803466797 3.1306874752044678
61.18848419189453 178.4669189453125 3.064796209335327
61.169151306152344 178.47239685058594 2.666818618774414
58.25005340576172 180.09649658203125 2.6009273529052734
55.4442253112793 181.90927124023438 2.535036087036133
52.76384735107422 183.90286254882812 2.469144821166992
50.220550537109375 186.068603515625 2.4032535552978516
47.82537078857422 188.39710998535156 2.337362289428711
45.588706970214844 190.87826538085938 2.2714710235595703
43.520267486572266 193.50131225585938 2.2055797576904297
43.520267486572266 193.50131225585938 1.8055797815322876
43.520267486572266 193.50131225585938 1.4055798053741455
44.17790222167969 196.77642822265625 1.3396885395050049
45.04975509643555 200.00112915039062 1.2737972736358643
46.132041931152344 203.1614227294922 1.2079060077667236
47.42006301879883 206.2436065673828 1.142014741897583
48.908233642578125 209.23428344726562 1.0761234760284424
50.590091705322266 212.1204833984375 1.0102322101593018
52.458335876464844 214.88967895507812 0.9443408846855164
54.504859924316406 217.5298614501953 0.878449559211731
56.72078323364258 220.02955627441406 0.8125582337379456
59.09648895263672 222.3779296875 0.7466669082641602
61.62166213989258 224.5647735595703 0.6807755827903748
64.28534698486328 226.5806121826172 0.6148842573165894
67.07598114013672 228.41668701171875 0.548992931842804
70.01021575927734 230.08843994140625 0.48675310611724854
70.02947998046875 230.09414672851562 0.08877560496330261
70.04944610595703 230.09193420410156 -0.3092018961906433
70.06700134277344 230.0821533203125 -0.7071794271469116
70.07939147949219 230.06634521484375 -1.1051568984985352
70.08468627929688 230.04696655273438 -1.5031343698501587
70.0820541381836 230.0270538330078 -1.9011118412017822
70.07190704345703 230.00970458984375 -2.2990894317626953
70.07190704345703 230.00970458984375 -2.699089527130127
70.05240631103516 230.00486755371094 -3.09706711769104
70.03157043457031 230.00811767578125 2.788241147994995
70.01446533203125 230.01866149902344 2.390263557434082
67.64973449707031 232.37808227539062 2.3243722915649414
65.44548797607422 234.88809204101562 2.258481025695801
63.411293029785156 237.53778076171875 2.19258975982666
61.55597686767578 240.31565856933594 2.1266984939575195
61.55597686767578 240.31565856933594 1.7266985177993774
61.55597686767578 240.31565856933594 1.3266985416412354
61.55597686767578 240.31565856933594 0.9266985654830933
63.64876174926758 242.91932678222656 0.8608072400093079
65.90843963623047 245.37954711914062 0.7949159145355225
68.32520294189453 247.68563842773438 0.7290245890617371
70.88856506347656 249.82760620117188 0.6631332635879517
73.58739471435547 251.796142578125 0.5972419381141663
76.40998840332031 253.58270263671875 0.5313506126403809
79.34408569335938 255.17953491210938 0.46545928716659546
82.40750885009766 256.6005859375 0.40321171283721924
82.42718505859375 256.60467529296875 0.005234211683273315
82.4468994140625 256.6007995605469 -0.3927432894706726
82.46357727050781 256.589599609375 -0.7907208204269409
84.76292419433594 254.11624145507812 -0.8529607057571411
86.90397644042969 251.50465393066406 -0.9152005910873413
88.87844848632812 248.76495361328125 -0.9774404764175415
90.6786880493164 245.90774536132812 -1.0396803617477417
92.29772186279297 242.944091796875 -1.1019201278686523
93.72928619384766 239.88546752929688 -1.1641600131988525
94.96783447265625 236.7437286376953 -1.2263998985290527
95.99149322509766 233.56394958496094 -1.2922911643981934
96.8035659790039 230.32366943359375 -1.3581821918487549
97.41312408447266 227.0020751953125 -1.420422077178955
97.41214752197266 226.98204040527344 -1.8184030055999756
97.40347290039062 226.9639129638672 -2.2163805961608887
97.3884506225586 226.95057678222656 -2.6143581867218018
97.36943054199219 226.94410705566406 -3.012335777282715
97.3493881225586 226.9455108642578 2.8728718757629395
97.33145141601562 226.95457458496094 2.4748942852020264
97.31842803955078 226.96987915039062 2.0769166946411133
95.7961196899414 229.94332885742188 2.0110254287719727
94.472900390625 233.01055908203125 1.945134162902832
93.35450744628906 236.15826416015625 1.8792428970336914
92.44580078125 239.37277221679688 1.8133516311645508
91.75071716308594 242.64013671875 1.7474603652954102
91.27227783203125 245.94618225097656 1.6815690994262695
91.01255798339844 249.27655029296875 1.615677833557129
90.97268676757812 252.61679077148438 1.5497865676879883
91.15283966064453 255.95240783691406 1.4838953018188477
91.55223083496094 259.2689208984375 1.418004035949707
92.16912078857422 262.55194091796875 1.3521127700805664
93.00083923339844 265.7872314453125 1.2862215042114258
94.04377746582031 268.9607238769531 1.2203302383422852
94.05316162109375 268.9760437011719 0.8221384882926941
94.05316162109375 268.9760437011719 0.4221384823322296
94.07275390625 268.9804992675781 0.02416098117828369
94.09253692626953 268.97698974609375 -0.37381651997566223
97.16046142578125 267.6553649902344 -0.43970784544944763
100.13470458984375 266.1346130371094 -0.5055991411209106
103.00236511230469 264.42132568359375 -0.571490466594696
105.75099182128906 262.52294921875 -0.6373817920684814
108.36865234375 260.44769287109375 -0.7032731175422668
110.843994140625 258.20458984375 -0.7691644430160522
113.16626739501953 255.80337524414062 -0.8350557684898376
115.32539367675781 253.25445556640625 -0.900947093963623
117.31201171875 250.56890869140625 -0.9668384194374084
119.11748504638672 247.7583770751953 -1.0327297449111938
120.7339859008789 244.83506774902344 -1.098621129989624
122.15450286865234 241.81166076660156 -1.1645123958587646
123.37286376953125 238.7012939453125 -1.2304036617279053
124.38378143310547 235.5174560546875 -1.296294927597046
125.18286895751953 232.27395629882812 -1.3621861934661865
125.76666259765625 228.98487854003906 -1.4280774593353271
126.13262176513672 225.6645050048828 -1.4939687252044678
126.27915954589844 222.32723999023438 -1.5598599910736084
126.20564270019531 218.98756408691406 -1.625751256942749
125.91239166259766 215.65997314453125 -1.6916425228118896
125.40067291259766 212.35891723632812 -1.7575337886810303
124.67271423339844 209.09872436523438 -1.823425054550171
123.73167419433594 205.89352416992188 -1.8893163204193115
122.58163452148438 202.7572479248047 -1.9552075862884521
121.22758483886719 199.70350646972656 -2.0210988521575928
119.67540740966797 196.74554443359375 -2.0869901180267334
117.93183135986328 193.8961944580078 -2.152881383895874
117.93183135986328 193.8961944580078 -2.5528814792633057
115.09410095214844 192.13377380371094 -2.6187727451324463
112.146484375 190.56202697753906 -2.684664011001587
109.10177612304688 189.18777465820312 -2.7505552768707275
105.97319030761719 188.01698303222656 -2.816446542739868
102.77430725097656 187.05471801757812 -2.882337808609009
99.51900482177734 186.30517578125 -2.9482290744781494
96.2214126586914 185.77159118652344 -3.01412034034729
92.89584350585938 185.456298828125 -3.0800116062164307
89.55673217773438 185.36065673828125 3.137282371520996
86.21856689453125 185.48507690429688 3.0713911056518555
82.89583587646484 185.8290252685547 3.005499839782715
82.87686157226562 185.83563232421875 2.6075222492218018
80.02498626708984 187.64430236816406 2.5452823638916016
77.3243179321289 189.61032104492188 2.479391098022461
74.75896453857422 191.74989318847656 2.4134998321533203
72.34005737304688 194.05374145507812 2.3476085662841797
70.07808685302734 196.51185607910156 2.281717300415039
67.98287963867188 199.1135711669922 2.2158260345458984
66.06352233886719 201.84759521484375 2.149934768676758
64.3283462524414 204.7020721435547 2.084043502807617
62.784889221191406 207.6645965576172 2.0181522369384766
62.784889221191406 207.6645965576172 1.6181522607803345
62.73675537109375 211.00473022460938 1.5522608757019043
62.90864944458008 214.34078979492188 1.4863696098327637
63.29983139038086 217.65829467773438 1.420478343963623
63.908599853515625 220.94284057617188 1.3545870780944824
64.73231506347656 224.18017578125 1.2886958122253418
65.76739501953125 227.3562469482422 1.2228045463562012
67.00935363769531 230.457275390625 1.1569132804870605
68.45280456542969 233.4698028564453 1.09102201461792
70.09147644042969 236.3807373046875 1.0251307487487793
71.91825866699219 239.17745971679688 0.9592394232749939
73.92522430419922 241.84783935546875 0.8933480978012085
76.1036605834961 244.38027954101562 0.8274567723274231
78.4441146850586 246.76377868652344 0.7615654468536377
80.93643188476562 248.98800659179688 0.6956741213798523
83.56978607177734 251.04330444335938 0.6297827959060669
86.35953521728516 252.9464111328125 0.5675429105758667
86.37828063964844 252.95364379882812 0.16956540942192078
86.39836120605469 252.9530487060547 -0.22841209173202515
86.4166488647461 252.94471740722656 -0.6263896226882935
89.08964538574219 250.88084411621094 -0.6886295080184937
91.62911987304688 248.65467834472656 -0.7508661150932312
93.99494171142578 246.29635620117188 -0.8167574405670166
96.20034790039062 243.78736877441406 -0.882648766040802
98.23577117919922 241.13861083984375 -0.9485400915145874
100.09236907958984 238.36158752441406 -1.0144314765930176
101.76209259033203 235.4683380126953 -1.0803227424621582
103.23768615722656 232.471435546875 -1.1462140083312988
104.51275634765625 229.38388061523438 -1.2121052742004395
105.5817642211914 226.2190704345703 -1.27799654006958
106.4400634765625 222.99073791503906 -1.3438878059387207
107.08393859863281 219.712890625 -1.4097790718078613
107.51058959960938 216.39976501464844 -1.475670337677002
107.71817016601562 213.06573486328125 -1.5415616035461426
107.7113265991211 209.6915283203125 -1.604085922241211
107.490234375 206.35836791992188 -1.6699771881103516
107.0501480102539 203.0469970703125 -1.7358684539794922
106.39299011230469 199.77178955078125 -1.8017597198486328
105.5216064453125 196.54696655273438 -1.8676509857177734
104.43978118896484 193.38650512695312 -1.933542251586914
104.43978118896484 193.38650512695312 -2.3335423469543457
102.05351257324219 191.04885864257812 -2.3994336128234863
99.51850891113281 188.8734130859375 -2.465324878692627
96.84576416015625 186.86959838867188 -2.5312161445617676
94.04688262939453 185.04611206054688 -2.597107410430908
91.1340103149414 183.41087341308594 -2.662998676300049
88.11978912353516 181.97097778320312 -2.7288899421691895
85.01730346679688 180.73268127441406 -2.79478120803833
81.84001159667969 179.70135498046875 -2.8606724739074707
78.6017074584961 178.8814697265625 -2.9265637397766113
75.31644439697266 178.27658081054688 -2.992455005645752
71.99848937988281 177.88931274414062 -3.0583462715148926
68.6622314453125 177.7213592529297 -3.124237537384033
65.32215881347656 177.7734375 3.0930564403533936
61.992759704589844 178.04531860351562 3.027165174484253
61.97364807128906 178.051513671875 2.62918758392334
59.11771774291992 179.78428649902344 2.563296318054199
56.382076263427734 181.7013397216797 2.4974050521850586
53.77859878540039 183.7943572998047 2.431513786315918
51.318580627441406 186.05426025390625 2.3656225204467773
49.01270294189453 188.4712371826172 2.2997312545776367
46.870967864990234 191.0347900390625 2.233839988708496
46.870967864990234 191.0347900390625 1.833840012550354
46.870967864990234 191.0347900390625 1.433840036392212
47.435794830322266 194.32717895507812 1.3679487705230713
48.21617889404297 197.57522583007812 1.3020575046539307
49.20873260498047 200.7648468017578 1.23616623878479
50.409149169921875 203.88218688964844 1.1702749729156494
51.812217712402344 206.91372680664062 1.1043837070465088
53.41184997558594 209.84629821777344 1.0384924411773682
55.20109939575195 212.6671905517578 0.9726011157035828
57.17220687866211 215.36415100097656 0.9067097902297974
59.316612243652344 217.9254608154297 0.840818464756012
61.6250114440918 220.34002685546875 0.7749271392822266
64.08738708496094 222.59735107421875 0.7090358138084412
66.69304656982422 224.68765258789062 0.6431444883346558
69.4306869506836 226.6018524169922 0.5772531628608704
72.31651306152344 228.35585021972656 0.5150132775306702
72.33560943603516 228.36209106445312 0.11703577637672424
72.35563659667969 228.36044311523438 -0.2809417247772217
72.37345886230469 228.35116577148438 -0.6789191961288452
72.38629150390625 228.33570861816406 -1.0768966674804688
72.39212799072266 228.3164825439453 -1.4748741388320923
72.39006042480469 228.29649353027344 -1.8728516101837158
72.38040924072266 228.27886962890625 -2.270829200744629
72.38040924072266 228.27886962890625 -2.6708292961120605
72.36105346679688 228.2734832763672 -3.0688068866729736
72.34111785888672 228.27601623535156 2.8164007663726807
72.32372283935547 228.28607177734375 2.4184231758117676
69.89350128173828 230.57797241210938 2.352531909942627
67.61946105957031 233.02491760253906 2.2866406440734863
65.51146697998047 235.6162872314453 2.2207493782043457
63.57867431640625 238.34083557128906 2.154858112335205
63.57867431640625 238.34083557128906 1.754858136177063
63.57867431640625 238.34083557128906 1.354858160018921
63.57867431640625 238.34083557128906 0.9548581838607788
65.59732055664062 241.0023956298828 0.8889668583869934
67.78683471679688 243.5252685546875 0.823075532913208
70.13771057128906 245.89849853515625 0.7571842074394226
72.6397476196289 248.11178588867188 0.6912928819656372
75.2820816040039 250.15553283691406 0.6254015564918518
78.05325317382812 252.02085876464844 0.5595102310180664
