-392.83861260070745
-395.6972973447963
-398.57562242630917
-401.47316538979356
-404.3895131339564
-407.324261745324
-410.2770163548833
-413.2473909909103
-416.23500842860443
-419.2395000371072
-422.2605056244355
-425.29767328082255
-428.3506592209188
-431.41912762526795
-434.50275048143925
-437.6012074251642
-437.6012074251642
-439.49437490668373
-441.41567086956667
-443.36472963441787
-445.34118668536513
-447.34467886945504
-447.34467886945504
-447.34467886945504
-446.2885285037799
-445.26580785755124
-444.27674651145514
-443.32157091050397
-442.40050054028796
-441.51374884823775
-441.51374884823775
-441.51374884823775
-441.51374884823775
-437.56008963923784
-433.60728031709994
-429.65534433858437
-425.7043060261948
-421.7541906082284
-417.80502426105505
-413.8568341537698
-409.90964849537534
-405.9634965846617
-402.0184088629627
-398.0744169699845
-394.1315538029137
-390.1898535790317
-386.249351902077
-382.31008583261837
-378.3720939627217
-374.4354164952169
-370.50009532789534
-366.56617414299666
-362.63369850237183
-358.7027159487444
-354.77327611352484
-350.84543083167296
-346.91923426414724
-342.9947430285244
-339.0720163384261
-335.1511161524447
-331.2321073333233
-327.31505781821306
-323.4000388009056
-319.4871249270235
-315.5763945032406
-311.66792972170805
-307.7618169009719
-303.85814674479326
-299.95701462041933
-296.05852085800495
-292.1627710730548
-288.2698765139429
-284.37995443677585
-280.49312851009864
-276.60952925220033
-272.7292945040672
-268.85256994135233
-264.9795096290927
-261.11027662330775
-257.24504362406543
-253.38399368510937
-249.52732098570874
-245.6752316710325
-241.8279447680669
-237.9856931849058
-234.1487248021526
-230.31730366620187
-226.49171129532726
-222.672248110813
-218.8592350068469
-215.05301507456755
-211.25395549755584
-207.46243541838206
-203.6788909676625
-199.90377500596415
-196.13757421050383
-192.3808121732888
-188.63405283101756
-184.8979042666076
-181.17302292736528
-177.46011831063123
-173.75995817429978
-173.75995817429978
-173.75995817429978
-170.09245051548996
-166.44026047640116
-162.804418920366
-159.18604605932543
-155.5863606729819
-152.00669038691234
-148.44848313391398
-144.91331993503957
-141.40292914889784
-137.91920234919863
-134.46421200024955
-131.0402311067666
-127.64975501597894
-124.29552554385037
-120.98055757956472
-117.70816828818921
-114.48200897397311
-111.30609957738584
-108.18486564673866
-105.1231774364376
-102.12639052233502
-99.20038697185664
-96.35161564327615
-96.35161564327615
-94.94760156456783
-94.94760156456783
-94.94760156456783
-94.94760156456783
-94.94760156456783
-94.94760156456783
-94.94760156456783
-94.94760156456783
-94.94760156456783
-94.94760156456783
-94.94760156456783
