-391.86136453615217
-393.47194939237016
-394.81172828493897
-395.86425950919704
-396.6166996229525
-397.05994591519476
-397.188668623286
-397.00129885064695
-396.5000944814655
-395.69110369254145
-394.5841147535661
-393.1926492892287
-391.53384396754916
-388.993938679521
-386.4787416710784
-383.98873847388376
-381.5244223673244
-379.086294301875
-376.67486280502754
-374.87263904112456
-372.13631233759776
-369.4230288492824
-366.7333000335694
-364.7445533006049
-361.753911315618
-358.7829366439146
-355.8321219149662
-353.66997453448954
-350.4454004534639
-347.23695995435753
-344.0451044053567
-341.72470905629814
-338.28946794507755
-334.86676650436846
-331.4569931969973
-328.06055113785465
-324.67785870016934
-321.3093501455518
-317.9554762783022
-314.6167051244144
-311.29352263562924
-310.3656521373148
-306.5447784728454
-302.72853240645793
-298.91709117851843
-295.1106409568153
-291.3093773892541
-287.51350619674236
-283.72324380957997
-279.9388180509687
-276.1604688715841
-272.3884491395144
-268.6230254902645
-264.86447924195807
-261.11310738134307
-257.3692236267281
-253.633159574543
-249.90526593684103
-246.18591387773938
-242.47549645753696
-238.7744301940582
-235.08315675165275
-231.40214476923921
-227.73189183981805
-224.07292665500233
-220.42581132932312
-216.79114392036286
-213.1695611621543
-209.56174143074935
-205.96840796240542
-202.39033234644467
-198.82833831649256
-195.28330586547264
-191.75617571138275
-188.2479541424514
-184.7597182717031
-182.2531006693957
-179.62140874400828
-176.89783089491806
-174.11822263347537
-171.32088639997656
-168.54623718468622
-165.83637107682586
-163.2345083701921
-159.62334359712105
-156.03114718923138
-152.4592599321123
-148.9091433012223
-145.38239216685525
-143.01678548440347
-139.80035688935945
-136.62532241844121
-133.49463565605961
-130.41149050369577
-128.3992528486957
-125.75117677248603
-123.17608817758624
-120.67865946100702
-118.26381065814101
-115.93670206181164
-113.702721031907
-111.56746195309715
-109.53669830133471
-107.61634585120048
-105.8124162160495
-104.13096007068275
-102.57800072635581
-101.15945625002576
-99.88105382201368
-98.74823646223565
-97.76606499301134
-96.93911848188182
-96.93911848188182
-96.93911848188182
-96.93911848188182
-96.93911848188182
-96.93911848188182
-96.93911848188182
-96.93911848188182
-96.93911848188182
-96.93911848188182
-96.93911848188182
