62.828426361083984 452.82843017578125 0.7853981852531433
65.65685272216797 455.6568603515625 0.7853981852531433
68.48528289794922 458.48529052734375 0.7853981852531433
71.31371307373047 461.313720703125 0.7853981852531433
74.14214324951172 464.14215087890625 0.7853981852531433
76.97057342529297 466.9705810546875 0.7853981852531433
79.79900360107422 469.79901123046875 0.7853981852531433
82.62743377685547 472.62744140625 0.7853981852531433
85.45586395263672 475.45587158203125 0.7853981852531433
88.28429412841797 478.2843017578125 0.7853981852531433
91.11272430419922 481.11273193359375 0.7853981852531433
93.94115447998047 483.941162109375 0.7853981852531433
96.76958465576172 486.76959228515625 0.7853981852531433
99.59801483154297 489.5980224609375 0.7853981852531433
102.42644500732422 492.42645263671875 0.7853981852531433
105.25487518310547 495.2548828125 0.7853981852531433
108.08330535888672 498.08331298828125 0.7853981852531433
110.91173553466797 500.9117431640625 0.7853981852531433
113.74016571044922 503.74017333984375 0.7853981852531433
116.56859588623047 506.568603515625 0.7853981852531433
119.39702606201172 509.39703369140625 0.7853981852531433
122.22545623779297 512.2254638671875 0.7853981852531433
125.05388641357422 515.0538940429688 0.7853981852531433
127.88231658935547 517.88232421875 0.7853981852531433
130.7107391357422 520.7107543945312 0.7853981852531433
133.53916931152344 523.5391845703125 0.7853981852531433
136.3675994873047 526.3676147460938 0.7853981852531433
139.19602966308594 529.196044921875 0.7853981852531433
142.0244598388672 532.0244750976562 0.7853981852531433
144.85289001464844 534.8529052734375 0.7853981852531433
145.28184509277344 535.15380859375 0.4380599856376648
148.90414428710938 536.8505249023438 0.4380599856376648
149.41004943847656 536.9874877929688 0.09073597192764282
153.3936004638672 537.3499145507812 0.09073597192764282
157.3771514892578 537.7123413085938 0.09073597192764282
161.36070251464844 538.0747680664062 0.09073597192764282
165.34425354003906 538.4371948242188 0.09073597192764282
169.3278045654297 538.7996215820312 0.09073597192764282
173.3113555908203 539.1620483398438 0.09073597192764282
177.29490661621094 539.5244750976562 0.09073597192764282
177.81707763671875 539.4810791015625 -0.2566022276878357
181.6861114501953 538.4658813476562 -0.2566022276878357
185.55514526367188 537.45068359375 -0.2566022276878357
189.42417907714844 536.4354858398438 -0.2566022276878357
189.90838623046875 536.2135009765625 -0.6030691862106323
193.20277404785156 533.94482421875 -0.6030691862106323
196.49716186523438 531.6761474609375 -0.6030691862106323
199.7915496826172 529.407470703125 -0.6030691862106323
203.0859375 527.1387939453125 -0.6030691862106323
206.3803253173828 524.8701171875 -0.6030691862106323
209.67471313476562 522.6014404296875 -0.6030691862106323
212.96910095214844 520.332763671875 -0.6030691862106323
216.26348876953125 518.0640869140625 -0.6030691862106323
219.55787658691406 515.79541015625 -0.6030691862106323
222.85226440429688 513.5267333984375 -0.6030691862106323
223.32321166992188 513.0699462890625 -0.9371570348739624
225.69154357910156 509.846435546875 -0.9371570348739624
228.05987548828125 506.6229248046875 -0.9371570348739624
230.42820739746094 503.3994140625 -0.9371570348739624
232.79653930664062 500.1759033203125 -0.9371570348739624
235.1648712158203 496.952392578125 -0.9371570348739624
237.533203125 493.7288818359375 -0.9371570348739624
239.9015350341797 490.50537109375 -0.9371570348739624
242.26986694335938 487.2818603515625 -0.9371570348739624
244.63819885253906 484.058349609375 -0.9371570348739624
247.00653076171875 480.8348388671875 -0.9371570348739624
249.37486267089844 477.611328125 -0.9371570348739624
251.74319458007812 474.3878173828125 -0.9371570348739624
254.1115264892578 471.164306640625 -0.9371570348739624
256.4798583984375 467.9407958984375 -0.9371570348739624
258.8481750488281 464.71728515625 -0.9371570348739624
261.21649169921875 461.4937744140625 -0.9371570348739624
263.5848083496094 458.270263671875 -0.9371570348739624
265.953125 455.0467529296875 -0.9371570348739624
268.3214416503906 451.8232421875 -0.9371570348739624
270.68975830078125 448.5997314453125 -0.9371570348739624
270.68975830078125 448.5997314453125 -0.5371570587158203
270.68975830078125 448.5997314453125 -0.13715705275535583
274.6521911621094 448.0528259277344 -0.13715705275535583
278.6146240234375 447.50592041015625 -0.13715705275535583
282.5770568847656 446.9590148925781 -0.13715705275535583
286.53948974609375 446.412109375 -0.13715705275535583
290.5019226074219 445.8652038574219 -0.13715705275535583
294.46435546875 445.31829833984375 -0.13715705275535583
294.46435546875 445.31829833984375 0.26284295320510864
298.32696533203125 446.35760498046875 0.26284295320510864
302.1895751953125 447.39691162109375 0.26284295320510864
306.05218505859375 448.43621826171875 0.26284295320510864
309.914794921875 449.47552490234375 0.26284295320510864
313.77740478515625 450.51483154296875 0.26284295320510864
313.77740478515625 450.51483154296875 0.6628429889678955
314.23992919921875 450.76104736328125 0.315504789352417
314.23992919921875 450.76104736328125 0.7155047655105591
314.6888427734375 451.0312805175781 0.36816656589508057
318.4208068847656 452.4709167480469 0.36816656589508057
318.4208068847656 452.4709167480469 0.7681665420532227
318.8548889160156 452.764404296875 0.42082834243774414
318.8548889160156 452.764404296875 0.8208283185958862
319.2729187011719 453.080322265625 0.4734901189804077
322.8328552246094 454.904296875 0.4734901189804077
322.8328552246094 454.904296875 0.8734900951385498
323.2336730957031 455.2417907714844 0.5261518955230713
323.2336730957031 455.2417907714844 0.9261518716812134
323.6161804199219 455.59991455078125 0.5788136720657349
323.6161804199219 455.59991455078125 0.978813648223877
323.97930908203125 455.9776611328125 0.6314754486083984
323.97930908203125 455.9776611328125 1.0314754247665405
324.3220520019531 456.3739929199219 0.684137225151062
324.77923583984375 456.6300048828125 0.3367990255355835
324.77923583984375 456.6300048828125 0.7367990016937256
325.2222900390625 456.90972900390625 0.38946080207824707
325.2222900390625 456.90972900390625 0.7894607782363892
325.6500244140625 457.2123718261719 0.44212257862091064
325.6500244140625 457.2123718261719 0.8421225547790527
328.31353759765625 460.19659423828125 0.8421225547790527
330.97705078125 463.1808166503906 0.8421225547790527
333.64056396484375 466.1650390625 0.8421225547790527
336.3040771484375 469.1492614746094 0.8421225547790527
338.96759033203125 472.13348388671875 0.8421225547790527
341.631103515625 475.1177062988281 0.8421225547790527
344.29461669921875 478.1019287109375 0.8421225547790527
346.9581298828125 481.0861511230469 0.8421225547790527
349.62164306640625 484.07037353515625 0.8421225547790527
352.28515625 487.0545959472656 0.8421225547790527
354.94866943359375 490.038818359375 0.8421225547790527
357.6121826171875 493.0230407714844 0.8421225547790527
360.27569580078125 496.00726318359375 0.8421225547790527
362.939208984375 498.9914855957031 0.8421225547790527
365.60272216796875 501.9757080078125 0.8421225547790527
368.2662353515625 504.9599304199219 0.8421225547790527
370.92974853515625 507.94415283203125 0.8421225547790527
373.59326171875 510.9283752441406 0.8421225547790527
376.25677490234375 513.91259765625 0.8421225547790527
378.9202880859375 516.8968505859375 0.8421225547790527
381.58380126953125 519.881103515625 0.8421225547790527
384.247314453125 522.8653564453125 0.8421225547790527
386.91082763671875 525.849609375 0.8421225547790527
389.5743408203125 528.8338623046875 0.8421225547790527
392.23785400390625 531.818115234375 0.8421225547790527
392.6490478515625 532.1428833007812 0.4947843551635742
396.1693420410156 534.042236328125 0.4947843551635742
399.68963623046875 535.9415893554688 0.4947843551635742
403.2099304199219 537.8409423828125 0.4947843551635742
406.730224609375 539.7402954101562 0.4947843551635742
410.2505187988281 541.6396484375 0.4947843551635742
413.77081298828125 543.5390014648438 0.4947843551635742
417.2911071777344 545.4383544921875 0.4947843551635742
417.7882995605469 545.603759765625 0.1474461555480957
421.7449035644531 546.19140625 0.1474461555480957
425.7015075683594 546.779052734375 0.1474461555480957
429.6581115722656 547.36669921875 0.1474461555480957
433.6147155761719 547.954345703125 0.1474461555480957
437.5713195800781 548.5419921875 0.1474461555480957
441.5279235839844 549.129638671875 0.1474461555480957
445.4845275878906 549.71728515625 0.1474461555480957
449.4411315917969 550.304931640625 0.1474461555480957
453.3977355957031 550.892578125 0.1474461555480957
457.3543395996094 551.480224609375 0.1474461555480957
461.3109436035156 552.06787109375 0.1474461555480957
465.2675476074219 552.655517578125 0.1474461555480957
469.2241516113281 553.2431640625 0.1474461555480957
469.7480163574219 553.2294311523438 -0.19988512992858887
473.6683654785156 552.4351806640625 -0.19988512992858887
477.5887145996094 551.6409301757812 -0.19988512992858887
481.5090637207031 550.8466796875 -0.19988512992858887
485.4294128417969 550.0524291992188 -0.19988512992858887
489.3497619628906 549.2581787109375 -0.19988512992858887
493.2701110839844 548.4639282226562 -0.19988512992858887
497.1904602050781 547.669677734375 -0.19988512992858887
501.1108093261719 546.8754272460938 -0.19988512992858887
505.0311584472656 546.0811767578125 -0.19988512992858887
508.9515075683594 545.2869262695312 -0.19988512992858887
512.8718872070312 544.49267578125 -0.19988512992858887
516.792236328125 543.6984252929688 -0.19988512992858887
520.7125854492188 542.9041748046875 -0.19988512992858887
524.6329345703125 542.1099243164062 -0.19988512992858887
528.5532836914062 541.315673828125 -0.19988512992858887
532.4736328125 540.5214233398438 -0.19988512992858887
532.9614868164062 540.3302001953125 -0.5472233295440674
533.3551025390625 539.984375 -0.8945615291595459
535.8585205078125 536.8646240234375 -0.8945615291595459
537.1485595703125 534.946044921875 -1.0630934238433838
539.09326171875 531.4505615234375 -1.0630934238433838
541.0379638671875 527.955078125 -1.0630934238433838
542.982666015625 524.4595947265625 -1.0630934238433838
544.9273681640625 520.964111328125 -1.0630934238433838
545.0991821289062 520.4691162109375 -1.4104316234588623
545.7379150390625 516.5204467773438 -1.4104316234588623
546.3766479492188 512.57177734375 -1.4104316234588623
547.015380859375 508.62310791015625 -1.4104316234588623
547.0084838867188 508.0951232910156 -1.7573634386062622
546.2665405273438 504.16455078125 -1.7573634386062622
545.5245971679688 500.2339782714844 -1.7573634386062622
544.7826538085938 496.30340576171875 -1.7573634386062622
544.0407104492188 492.3728332519531 -1.7573634386062622
543.2987670898438 488.4422607421875 -1.7573634386062622
542.5568237304688 484.5116882324219 -1.7573634386062622
541.8148803710938 480.58111572265625 -1.7573634386062622
541.6301879882812 480.09075927734375 -2.104701519012451
539.5946044921875 476.6474609375 -2.104701519012451
537.5590209960938 473.20416259765625 -2.104701519012451
535.5234375 469.7608642578125 -2.104701519012451
533.4878540039062 466.31756591796875 -2.104701519012451
531.4522705078125 462.874267578125 -2.104701519012451
529.4166870117188 459.43096923828125 -2.104701519012451
529.0761108398438 459.03277587890625 -2.4520397186279297
525.989990234375 456.4880065917969 -2.4520397186279297
522.9038696289062 453.9432373046875 -2.4520397186279297
519.8177490234375 451.3984680175781 -2.4520397186279297
516.7316284179688 448.85369873046875 -2.4520397186279297
513.6455078125 446.3089294433594 -2.4520397186279297
510.55938720703125 443.76416015625 -2.4520397186279297
507.4732666015625 441.2193908691406 -2.4520397186279297
504.38714599609375 438.67462158203125 -2.4520397186279297
501.301025390625 436.1298522949219 -2.4520397186279297
498.21490478515625 433.5850830078125 -2.4520397186279297
495.1287841796875 431.0403137207031 -2.4520397186279297
492.04266357421875 428.49554443359375 -2.4520397186279297
488.95654296875 425.9507751464844 -2.4520397186279297
485.87042236328125 423.406005859375 -2.4520397186279297
482.7843017578125 420.8612365722656 -2.4520397186279297
479.69818115234375 418.31646728515625 -2.4520397186279297
476.612060546875 415.7716979980469 -2.4520397186279297
473.52593994140625 413.2269287109375 -2.4520397186279297
470.4398193359375 410.6821594238281 -2.4520397186279297
467.35369873046875 408.13739013671875 -2.4520397186279297
464.267578125 405.5926208496094 -2.4520397186279297
461.18145751953125 403.0478515625 -2.4520397186279297
458.0953369140625 400.5030822753906 -2.4520397186279297
455.00921630859375 397.95831298828125 -2.4520397186279297
454.5534362792969 397.6998291015625 -2.799377918243408
450.7853698730469 396.3575439453125 -2.799377918243408
447.0173034667969 395.0152587890625 -2.799377918243408
443.2492370605469 393.6729736328125 -2.799377918243408
439.4811706542969 392.3306884765625 -2.799377918243408
435.7131042480469 390.9884033203125 -2.799377918243408
431.9450378417969 389.6461181640625 -2.799377918243408
428.1769714355469 388.3038330078125 -2.799377918243408
424.4089050292969 386.9615478515625 -2.799377918243408
420.6408386230469 385.6192626953125 -2.799377918243408
416.8727722167969 384.2769775390625 -2.799377918243408
413.1047058105469 382.9346923828125 -2.799377918243408
409.3366394042969 381.5924072265625 -2.799377918243408
409.3366394042969 381.5924072265625 -2.3993778228759766
406.38873291015625 378.88873291015625 -2.3993778228759766
403.4408264160156 376.18505859375 -2.3993778228759766
400.492919921875 373.48138427734375 -2.3993778228759766
397.5450134277344 370.7777099609375 -2.3993778228759766
394.59710693359375 368.07403564453125 -2.3993778228759766
391.6492004394531 365.370361328125 -2.3993778228759766
391.2076416015625 365.0882568359375 -2.746716022491455
387.5154724121094 363.5494689941406 -2.746716022491455
383.82330322265625 362.01068115234375 -2.746716022491455
380.1311340332031 360.4718933105469 -2.746716022491455
376.43896484375 358.93310546875 -2.746716022491455
372.7467956542969 357.3943176269531 -2.746716022491455
369.05462646484375 355.85552978515625 -2.746716022491455
365.3624572753906 354.3167419433594 -2.746716022491455
361.6702880859375 352.7779541015625 -2.746716022491455
357.9781188964844 351.2391662597656 -2.746716022491455
354.28594970703125 349.70037841796875 -2.746716022491455
350.5937805175781 348.1615905761719 -2.746716022491455
346.901611328125 346.622802734375 -2.746716022491455
343.2094421386719 345.0840148925781 -2.746716022491455
339.51727294921875 343.54522705078125 -2.746716022491455
335.8251037597656 342.0064392089844 -2.746716022491455
332.1329345703125 340.4676513671875 -2.746716022491455
328.4407653808594 338.9288635253906 -2.746716022491455
328.4407653808594 338.9288635253906 -2.3467159271240234
325.6392822265625 336.0737609863281 -2.3467159271240234
322.8377990722656 333.2186584472656 -2.3467159271240234
320.03631591796875 330.3635559082031 -2.3467159271240234
319.6102294921875 330.05859375 -2.694054126739502
316.0041809082031 328.3276062011719 -2.694054126739502
312.39813232421875 326.59661865234375 -2.694054126739502
308.7920837402344 324.8656311035156 -2.694054126739502
305.18603515625 323.1346435546875 -2.694054126739502
301.5799865722656 321.4036560058594 -2.694054126739502
297.97393798828125 319.67266845703125 -2.694054126739502
294.3678894042969 317.9416809082031 -2.694054126739502
290.7618408203125 316.210693359375 -2.694054126739502
287.1557922363281 314.4797058105469 -2.694054126739502
283.54974365234375 312.74871826171875 -2.694054126739502
279.9436950683594 311.0177307128906 -2.694054126739502
276.337646484375 309.2867431640625 -2.694054126739502
272.7315979003906 307.5557556152344 -2.694054126739502
269.12554931640625 305.82476806640625 -2.694054126739502
269.12554931640625 305.82476806640625 -2.2940540313720703
268.7041320800781 305.4876708984375 -2.6398184299468994
265.19720458984375 303.5637512207031 -2.6398184299468994
265.19720458984375 303.5637512207031 -2.2398183345794678
262.7163391113281 300.426025390625 -2.2398183345794678
260.2354736328125 297.2882995605469 -2.2398183345794678
257.7546081542969 294.15057373046875 -2.2398183345794678
255.2737274169922 291.0128479003906 -2.2398183345794678
252.7928466796875 287.8751220703125 -2.2398183345794678
252.7928466796875 287.8751220703125 -1.8398183584213257
252.56838989257812 287.40167236328125 -2.1871566772460938
250.25611877441406 284.1377258300781 -2.1871566772460938
250.25611877441406 284.1377258300781 -1.7871567010879517
250.05690002441406 283.6531066894531 -2.1344947814941406
247.9196319580078 280.27197265625 -2.1344947814941406
247.9196319580078 280.27197265625 -1.7344948053359985
247.74620056152344 279.77752685546875 -2.0818328857421875
247.74620056152344 279.77752685546875 -1.6818329095840454
247.59902954101562 279.274658203125 -2.0291709899902344
245.82907104492188 275.68756103515625 -2.0291709899902344
245.82907104492188 275.68756103515625 -1.6291710138320923
245.7085723876953 275.1776428222656 -1.9765092134475708
245.7085723876953 275.1776428222656 -1.5765092372894287
245.61508178710938 274.6620788574219 -1.9238474369049072
245.61508178710938 274.6620788574219 -1.5238474607467651
245.54885864257812 274.1423034667969 -1.8711856603622437
245.54885864257812 274.1423034667969 -1.4711856842041016
245.5100860595703 273.6197509765625 -1.81852388381958
244.52928161621094 269.7418518066406 -1.81852388381958
244.52928161621094 269.7418518066406 -1.418523907661438
244.51806640625 269.2179870605469 -1.7658621072769165
244.32920837402344 268.7292175292969 -2.1132001876831055
244.32920837402344 268.7292175292969 -1.7132002115249634
244.32920837402344 268.7292175292969 -1.3132002353668213
244.37313842773438 268.20709228515625 -1.6605384349822998
244.37313842773438 268.20709228515625 -1.2605384588241577
244.44448852539062 267.68798828125 -1.6078766584396362
244.44448852539062 267.68798828125 -1.2078766822814941
244.54306030273438 267.1733703613281 -1.5552148818969727
244.4605712890625 266.6559143066406 -1.9025530815124512
244.4605712890625 266.6559143066406 -1.502553105354309
244.40542602539062 266.1348571777344 -1.8498913049697876
244.40542602539062 266.1348571777344 -1.4498913288116455
244.37779235839844 265.6116027832031 -1.797229528427124
244.37779235839844 265.6116027832031 -1.397229552268982
244.3777313232422 265.0876159667969 -1.7445677518844604
244.3777313232422 265.0876159667969 -1.3445677757263184
244.40525817871094 264.5643615722656 -1.6919059753417969
244.40525817871094 264.5643615722656 -1.2919059991836548
244.46029663085938 264.04327392578125 -1.6392441987991333
244.46029663085938 264.04327392578125 -1.2392442226409912
244.5426788330078 263.52581787109375 -1.5865824222564697
244.5426788330078 263.52581787109375 -1.1865824460983276
244.65219116210938 263.013427734375 -1.5339206457138062
244.5807342529297 262.4943542480469 -1.8812588453292847
244.5807342529297 262.4943542480469 -1.4812588691711426
244.9384002685547 258.5103759765625 -1.4812588691711426
245.2960662841797 254.52639770507812 -1.4812588691711426
245.6537322998047 250.54241943359375 -1.4812588691711426
246.0113983154297 246.55844116210938 -1.4812588691711426
246.3690643310547 242.574462890625 -1.4812588691711426
246.7267303466797 238.59048461914062 -1.4812588691711426
247.0843963623047 234.60650634765625 -1.4812588691711426
247.4420623779297 230.62252807617188 -1.4812588691711426
247.7997283935547 226.6385498046875 -1.4812588691711426
248.1573944091797 222.65457153320312 -1.4812588691711426
248.1573944091797 222.65457153320312 -1.0812588930130005
248.1573944091797 222.65457153320312 -0.6812589168548584
251.26451110839844 220.13548278808594 -0.6812589168548584
251.26451110839844 220.13548278808594 -0.2812589108943939
255.1073455810547 219.0252227783203 -0.2812589108943939
258.9501647949219 217.9149627685547 -0.2812589108943939
262.7929992675781 216.80470275878906 -0.2812589108943939
266.6358337402344 215.69444274902344 -0.2812589108943939
270.4786682128906 214.5841827392578 -0.2812589108943939
274.3215026855469 213.4739227294922 -0.2812589108943939
278.1643371582031 212.36366271972656 -0.2812589108943939
282.0071716308594 211.25340270996094 -0.2812589108943939
285.8500061035156 210.1431427001953 -0.2812589108943939
289.6928405761719 209.0328826904297 -0.2812589108943939
293.5356750488281 207.92262268066406 -0.2812589108943939
297.3785095214844 206.81236267089844 -0.2812589108943939
301.2213439941406 205.7021026611328 -0.2812589108943939
305.0641784667969 204.5918426513672 -0.2812589108943939
308.9070129394531 203.48158264160156 -0.2812589108943939
312.7498474121094 202.37132263183594 -0.2812589108943939
316.5926818847656 201.2610626220703 -0.2812589108943939
320.4355163574219 200.1508026123047 -0.2812589108943939
324.2783508300781 199.04054260253906 -0.2812589108943939
328.1211853027344 197.93028259277344 -0.2812589108943939
331.9640197753906 196.8200225830078 -0.2812589108943939
335.8068542480469 195.7097625732422 -0.2812589108943939
339.6496887207031 194.59950256347656 -0.2812589108943939
343.4925231933594 193.48924255371094 -0.2812589108943939
347.3353576660156 192.3789825439453 -0.2812589108943939
351.1781921386719 191.2687225341797 -0.2812589108943939
355.0210266113281 190.15846252441406 -0.2812589108943939
358.8638610839844 189.04820251464844 -0.2812589108943939
362.7066955566406 187.9379425048828 -0.2812589108943939
366.5495300292969 186.8276824951172 -0.2812589108943939
370.3923645019531 185.71742248535156 -0.2812589108943939
374.2351989746094 184.60716247558594 -0.2812589108943939
378.0780334472656 183.4969024658203 -0.2812589108943939
381.9208679199219 182.3866424560547 -0.2812589108943939
385.7637023925781 181.27638244628906 -0.2812589108943939
389.6065368652344 180.16612243652344 -0.2812589108943939
393.4493713378906 179.0558624267578 -0.2812589108943939
397.2922058105469 177.9456024169922 -0.2812589108943939
401.1350402832031 176.83534240722656 -0.2812589108943939
404.9778747558594 175.72508239746094 -0.2812589108943939
408.8207092285156 174.6148223876953 -0.2812589108943939
412.6635437011719 173.5045623779297 -0.2812589108943939
416.5063781738281 172.39430236816406 -0.2812589108943939
420.3492126464844 171.28404235839844 -0.2812589108943939
424.1920471191406 170.1737823486328 -0.2812589108943939
428.0348815917969 169.0635223388672 -0.2812589108943939
431.8777160644531 167.95326232910156 -0.2812589108943939
435.7205505371094 166.84300231933594 -0.2812589108943939
439.5633850097656 165.7327423095703 -0.2812589108943939
443.4062194824219 164.6224822998047 -0.2812589108943939
447.2490539550781 163.51222229003906 -0.2812589108943939
451.0918884277344 162.40196228027344 -0.2812589108943939
454.9347229003906 161.2917022705078 -0.2812589108943939
458.7775573730469 160.1814422607422 -0.2812589108943939
462.6203918457031 159.07118225097656 -0.2812589108943939
466.4632263183594 157.96092224121094 -0.2812589108943939
470.3060607910156 156.8506622314453 -0.2812589108943939
474.1488952636719 155.7404022216797 -0.2812589108943939
477.9917297363281 154.63014221191406 -0.2812589108943939
481.8345642089844 153.51988220214844 -0.2812589108943939
485.6773986816406 152.4096221923828 -0.2812589108943939
489.5202331542969 151.2993621826172 -0.2812589108943939
493.3630676269531 150.18910217285156 -0.2812589108943939
497.2059020996094 149.07884216308594 -0.2812589108943939
501.0487365722656 147.9685821533203 -0.2812589108943939
504.8915710449219 146.8583221435547 -0.2812589108943939
508.7344055175781 145.74806213378906 -0.2812589108943939
512.5772094726562 144.63780212402344 -0.2812589108943939
516.4200439453125 143.5275421142578 -0.2812589108943939
520.2628784179688 142.4172821044922 -0.2812589108943939
524.105712890625 141.30702209472656 -0.2812589108943939
527.9485473632812 140.19676208496094 -0.2812589108943939
531.7913818359375 139.0865020751953 -0.2812589108943939
532.2620849609375 138.85626220703125 -0.6285971403121948
532.6262817382812 138.47955322265625 -0.9759353399276733
534.8678588867188 135.16664123535156 -0.9759353399276733
537.1094360351562 131.85372924804688 -0.9759353399276733
539.3510131835938 128.5408172607422 -0.9759353399276733
540.719970703125 126.20589447021484 -1.1050821542739868
542.5162353515625 122.63188934326172 -1.1050821542739868
544.3125 119.0578842163086 -1.1050821542739868
546.1087646484375 115.48387908935547 -1.1050821542739868
546.2596435546875 114.98209381103516 -1.4524203538894653
546.7320556640625 111.01008605957031 -1.4524203538894653
547.2044677734375 107.03807830810547 -1.4524203538894653
547.6768798828125 103.06607055664062 -1.4524203538894653
548.1492919921875 99.09406280517578 -1.4524203538894653
548.6217041015625 95.12205505371094 -1.4524203538894653
548.5927734375 94.59888458251953 -1.7997585535049438
547.6848754882812 90.70327758789062 -1.7997585535049438
546.7769775390625 86.80767059326172 -1.7997585535049438
545.8690795898438 82.91206359863281 -1.7997585535049438
544.961181640625 79.0164566040039 -1.7997585535049438
544.0532836914062 75.120849609375 -1.7997585535049438
543.1453857421875 71.2252426147461 -1.7997585535049438
542.2374877929688 67.32963562011719 -1.7997585535049438
541.32958984375 63.434024810791016 -1.7997585535049438
541.124267578125 62.95195007324219 -2.147096633911133
540.76708984375 62.56855392456055 -2.4944348335266113
537.5758666992188 60.15686798095703 -2.4944348335266113
537.1095581054688 59.917938232421875 -2.84177303314209
533.2880249023438 58.73654556274414 -2.84177303314209
529.4664916992188 57.555152893066406 -2.84177303314209
525.6449584960938 56.37376022338867 -2.84177303314209
521.8234252929688 55.19236755371094 -2.84177303314209
518.0018920898438 54.0109748840332 -2.84177303314209
514.1803588867188 52.82958221435547 -2.84177303314209
510.3587951660156 51.648189544677734 -2.84177303314209
506.5372314453125 50.466796875 -2.84177303314209
502.7156677246094 49.285404205322266 -2.84177303314209
498.89410400390625 48.10401153564453 -2.84177303314209
498.3742370605469 48.03807830810547 3.094080924987793
494.3787536621094 48.22805404663086 3.094080924987793
490.3832702636719 48.41802978515625 3.094080924987793
486.3877868652344 48.60800552368164 3.094080924987793
482.3923034667969 48.79798126220703 3.094080924987793
478.3968200683594 48.98795700073242 3.094080924987793
474.4013366699219 49.17793273925781 3.094080924987793
470.4058532714844 49.3679084777832 3.094080924987793
466.4103698730469 49.557884216308594 3.094080924987793
462.4148864746094 49.747859954833984 3.094080924987793
458.4194030761719 49.937835693359375 3.094080924987793
454.4239196777344 50.127811431884766 3.094080924987793
450.4284362792969 50.317787170410156 3.094080924987793
446.4329528808594 50.50776290893555 3.094080924987793
442.4374694824219 50.69773864746094 3.094080924987793
438.4419860839844 50.88771438598633 3.094080924987793
434.4465026855469 51.07769012451172 3.094080924987793
430.4510192871094 51.26766586303711 3.094080924987793
430.4510192871094 51.26766586303711 -2.7891042232513428
426.69696044921875 49.8867301940918 -2.7891042232513428
422.9429016113281 48.505794525146484 -2.7891042232513428
419.1888427734375 47.12485885620117 -2.7891042232513428
418.6732177734375 47.03166198730469 -3.1364424228668213
418.6732177734375 47.03166198730469 -2.7364423274993896
418.1632080078125 46.91145324707031 -3.083780527114868
418.1632080078125 46.91145324707031 -2.6837804317474365
417.6602478027344 46.764564514160156 -3.031118631362915
417.6602478027344 46.764564514160156 -2.6311185359954834
417.16571044921875 46.59140396118164 -2.978456735610962
413.21881103515625 45.941749572753906 -2.978456735610962
409.27191162109375 45.29209518432617 -2.978456735610962
405.32501220703125 44.64244079589844 -2.978456735610962
401.37811279296875 43.9927864074707 -2.978456735610962
397.43121337890625 43.34313201904297 -2.978456735610962
393.48431396484375 42.693477630615234 -2.978456735610962
389.53741455078125 42.0438232421875 -2.978456735610962
385.59051513671875 41.394168853759766 -2.978456735610962
381.64361572265625 40.74451446533203 -2.978456735610962
381.1196594238281 40.75003433227539 2.957390308380127
381.1196594238281 40.75003433227539 -2.925794839859009
380.5961608886719 40.72796630859375 3.01005220413208
376.6307067871094 41.25261306762695 3.01005220413208
372.6652526855469 41.777259826660156 3.01005220413208
368.6997985839844 42.30190658569336 3.01005220413208
364.7343444824219 42.82655334472656 3.01005220413208
360.7688903808594 43.351200103759766 3.01005220413208
356.8034362792969 43.87584686279297 3.01005220413208
352.8379821777344 44.40049362182617 3.01005220413208
348.8725280761719 44.925140380859375 3.01005220413208
344.9070739746094 45.44978713989258 3.01005220413208
340.9416198730469 45.97443389892578 3.01005220413208
336.9761657714844 46.499080657958984 3.01005220413208
333.0107116699219 47.02372741699219 3.01005220413208
329.0452575683594 47.54837417602539 3.01005220413208
325.0798034667969 48.073020935058594 3.01005220413208
321.1143493652344 48.5976676940918 3.01005220413208
317.1488952636719 49.122314453125 3.01005220413208
313.1834411621094 49.6469612121582 3.01005220413208
309.2179870605469 50.171607971191406 3.01005220413208
305.2525329589844 50.69625473022461 3.01005220413208
301.2870788574219 51.22090148925781 3.01005220413208
297.3216247558594 51.745548248291016 3.01005220413208
293.3561706542969 52.27019500732422 3.01005220413208
289.3907165527344 52.79484176635742 3.01005220413208
285.4252624511719 53.319488525390625 3.01005220413208
281.4598083496094 53.84413528442383 3.01005220413208
277.4943542480469 54.36878204345703 3.01005220413208
273.5289001464844 54.893428802490234 3.01005220413208
269.5634460449219 55.41807556152344 3.01005220413208
265.5979919433594 55.94272232055664 3.01005220413208
261.6325378417969 56.467369079589844 3.01005220413208
257.6670837402344 56.99201583862305 3.01005220413208
253.70164489746094 57.51666259765625 3.01005220413208
249.7362060546875 58.04130935668945 3.01005220413208
245.77076721191406 58.565956115722656 3.01005220413208
241.80532836914062 59.09060287475586 3.01005220413208
237.8398895263672 59.61524963378906 3.01005220413208
233.87445068359375 60.139896392822266 3.01005220413208
229.9090118408203 60.66454315185547 3.01005220413208
225.94357299804688 61.18918991088867 3.01005220413208
221.97813415527344 61.713836669921875 3.01005220413208
218.0126953125 62.23848342895508 3.01005220413208
214.04725646972656 62.76313018798828 3.01005220413208
210.08181762695312 63.287776947021484 3.01005220413208
206.1163787841797 63.81242370605469 3.01005220413208
206.1163787841797 63.81242370605469 -2.8731329441070557
202.25965881347656 62.75143814086914 -2.8731329441070557
198.40293884277344 61.690452575683594 -2.8731329441070557
194.5462188720703 60.62946701049805 -2.8731329441070557
190.6894989013672 59.5684814453125 -2.8731329441070557
186.83277893066406 58.50749588012695 -2.8731329441070557
182.97605895996094 57.446510314941406 -2.8731329441070557
179.1193389892578 56.38552474975586 -2.8731329441070557
175.2626190185547 55.32453918457031 -2.8731329441070557
171.40589904785156 54.263553619384766 -2.8731329441070557
167.54917907714844 53.20256805419922 -2.8731329441070557
163.6924591064453 52.14158248901367 -2.8731329441070557
159.8357391357422 51.080596923828125 -2.8731329441070557
155.97901916503906 50.01961135864258 -2.8731329441070557
152.12229919433594 48.95862579345703 -2.8731329441070557
148.2655792236328 47.897640228271484 -2.8731329441070557
144.4088592529297 46.83665466308594 -2.8731329441070557
143.88682556152344 46.787010192871094 3.062756299972534
139.8992462158203 47.102027893066406 3.062756299972534
135.9116668701172 47.41704559326172 3.062756299972534
131.92408752441406 47.73206329345703 3.062756299972534
127.93650817871094 48.047080993652344 3.062756299972534
123.94892883300781 48.362098693847656 3.062756299972534
119.96134948730469 48.67711639404297 3.062756299972534
115.97377014160156 48.99213409423828 3.062756299972534
111.98619079589844 49.307151794433594 3.062756299972534
107.99861145019531 49.622169494628906 3.062756299972534
104.01103210449219 49.93718719482422 3.062756299972534
100.02345275878906 50.25220489501953 3.062756299972534
96.03587341308594 50.567222595214844 3.062756299972534
92.04829406738281 50.882240295410156 3.062756299972534
88.06071472167969 51.19725799560547 3.062756299972534
84.07313537597656 51.51227569580078 3.062756299972534
80.08555603027344 51.827293395996094 3.062756299972534
76.09797668457031 52.142311096191406 3.062756299972534
72.11039733886719 52.45732879638672 3.062756299972534
68.12281799316406 52.77234649658203 3.062756299972534
64.13523864746094 53.087364196777344 3.062756299972534
60.14766311645508 53.402381896972656 3.062756299972534
56.16008758544922 53.71739959716797 3.062756299972534
52.17251205444336 54.03241729736328 3.062756299972534
48.1849365234375 54.347434997558594 3.062756299972534
44.19736099243164 54.662452697753906 3.062756299972534
40.20978546142578 54.97747039794922 3.062756299972534
36.22220993041992 55.29248809814453 3.062756299972534
32.23463439941406 55.607505798339844 3.062756299972534
28.247058868408203 55.922523498535156 3.062756299972534
24.259483337402344 56.23754119873047 3.062756299972534
20.271907806396484 56.55255889892578 3.062756299972534
20.271907806396484 56.55255889892578 3.062756299972534
20.271907806396484 56.55255889892578 3.062756299972534
20.271907806396484 56.55255889892578 3.062756299972534
20.271907806396484 56.55255889892578 3.062756299972534
20.271907806396484 56.55255889892578 3.062756299972534
20.271907806396484 56.55255889892578 3.062756299972534
20.271907806396484 56.55255889892578 3.062756299972534
20.271907806396484 56.55255889892578 3.062756299972534
20.271907806396484 56.55255889892578 3.062756299972534
20.271907806396484 56.55255889892578 3.062756299972534
