-392.83861260070745
-395.6972973447963
-398.57562242630917
-401.47316538979356
-404.3895131339564
-407.324261745324
-410.2770163548833
-413.2473909909103
-416.23500842860443
-419.2395000371072
-422.2605056244355
-425.29767328082255
-428.3506592209188
-431.41912762526795
-434.50275048143925
-437.6012074251642
-440.7141855817944
-443.8413794083695
-446.9824905365546
-450.1372276166848
-453.3053061631269
-456.4864484011485
-459.6803831154639
-462.8868455006061
-466.1055758558366
-469.33632403122084
-472.57884245426635
-475.8328905033011
-479.0982332497959
-482.3746413219317
-482.6461890335653
-484.92105981830633
-485.0866891937493
-486.0884636157443
-487.12102493002504
-488.18417778400305
-489.2777227604072
-490.4014565453271
-491.55517209683444
-492.73865881389946
-492.78635797680056
-492.5777597336205
-492.4015680623505
-492.2578177604161
-492.14653725506264
-492.0677485753021
-491.9890836825196
-490.54200457870286
-489.1233567437184
-487.7333882678294
-486.3723450331191
-485.04047053584856
-483.7380057066874
-482.46518872904454
-481.22225485574313
-480.00943622429213
-478.8269616710232
-477.675056544371
-477.49900669796324
-475.09488487871664
-472.71238370184915
-470.35183171646236
-468.01356104258576
-465.69790730394817
-463.4052095537717
-461.13581019332827
-458.89005488300046
-456.6682924455922
-454.47087476163574
-452.2981566564512
-450.150495778717
-448.0282592643736
-445.93180342323524
-443.86149355888836
-441.8176972231299
-439.80078404883005
-437.81112557309007
-437.81112557309007
-437.81112557309007
-438.9461750128735
-440.11465282963246
-440.11465282963246
-442.7045074825279
-445.315230208872
-447.94645613872973
-450.5978260923443
-453.26898657605005
-455.9595897717753
-458.66929352055513
-461.3977613004618
-461.3977613004618
-461.71641701784415
-464.5748771204313
-464.5748771204313
-464.9030308800035
-464.9030308800035
-465.238831309044
-465.238831309044
-465.58179114175243
-468.7621592381352
-468.7621592381352
-469.11256172029914
-469.11256172029914
-469.4689599413587
-469.4689599413587
-469.83083382666064
-473.28265949695566
-473.28265949695566
-473.6499262076865
-473.6499262076865
-474.0214507501674
-474.0214507501674
-474.396681846762
-474.396681846762
-474.775044086855
-474.775044086855
-475.15598031538593
-475.15598031538593
-475.5389093448922
-475.8817300244621
-475.8817300244621
-476.23117371836366
-476.23117371836366
-476.58670944834216
-476.58670944834216
-480.5248938468855
-484.4640911733359
-488.4042769185542
-492.3454273519243
-496.2875194909155
-500.2305310720512
-504.17444052320883
-508.11922693718117
-512.0648700464329
-516.011350198991
-519.9586483354083
-523.9067459667489
-527.8556251535396
-531.8052684856406
-535.7556590629894
-539.7067804771733
-543.65861679379
-547.6111525355578
-551.5643726661384
-555.5182376713453
-559.4727582922478
-563.4279207241744
-567.3837115451671
-571.3401177028829
-575.2971265020286
-579.2547255922993
-583.2129029568027
-583.5781347926214
-587.0815587151676
-590.5912916270364
-594.1072217157575
-597.6292396049627
-601.1572382943253
-604.6911131010436
-608.2307616028334
-608.539261241383
-611.2068516673992
-613.8889137150059
-616.5852585354723
-619.2956995719981
-622.0200525525969
-624.758135481844
-627.5097686315445
-630.2747745303857
-633.0529779526295
-635.8442059059012
-638.6482876181296
-641.4650545236914
-644.2943402488067
-647.1359805962404
-649.9898135293505
-652.8556791555326
-655.7334197091021
-658.622879533656
-658.8496130426115
-660.5940700496807
-662.3580891733259
-664.1415145373841
-665.9441694217735
-667.7659184943333
-669.6066059106531
-671.4660759239206
-673.3441729272121
-673.4621269497752
-673.4430088373977
-672.5423878699944
-671.6643806373398
-670.8090759352987
-669.9765607113115
-669.1669200230289
-669.0235346557797
-666.9019572643625
-664.7976768105841
-662.7108580613796
-660.6416664895863
-658.5902682410465
-658.3371842455089
-655.2168549816827
-652.1061307263254
-649.0051495917588
-645.9140519058033
-642.8329802437909
-639.7620794606736
-636.7014967232024
-636.3672640319795
-632.5984772162882
-628.8325465817891
-625.0695237524069
-621.3094615623806
-620.9295432566147
-616.9298219047691
-612.9301043025353
-608.9303905238004
-604.9306806444057
-600.9309747422117
-596.9312728971651
-592.9315751913704
-588.9318817091618
-584.9321925371805
-580.9325077644537
-576.9328274824769
-572.9331517853008
-568.9334807696206
-564.9338145348696
-560.9341531833174
-556.934496820171
-552.9348455536813
-548.9351994952539
-544.9355587595653
-540.9359234646835
-536.9362937321938
-532.9366696873317
-528.9370514591204
-524.937439180515
-520.9378329885536
-516.9382330245154
-516.5533648900936
-512.8334988889391
-509.1178808511559
-505.4066044665219
-501.69976608594703
-497.9974648121371
-494.29980259377464
-490.606884323366
-486.91881793890826
-483.2357145295388
-479.5576884453332
-475.88485741142864
-475.88485741142864
-471.88501631068596
-467.8851779641163
-463.88534244296284
-459.88550982094756
-455.8856801743794
-451.88585358226914
-447.88603012644995
-447.50755935732155
-443.78191272800814
-440.06108293191437
-436.34519319225456
-432.6343707992463
-428.928747271421
-425.22845852423654
-421.5336450463511
-417.8444520839363
-414.16102983342574
-410.4835336431165
-406.8121242240604
-403.1469678707037
-399.48823669175675
-395.8361088517985
-395.8361088517985
-391.8371202672457
-387.838152230862
-383.839205384881
-383.4617559468347
-379.7565566335514
-376.0573975647438
-372.364458756227
-368.6779271276248
-364.9979968192711
-361.32486952560186
-357.6587548459564
-353.9998706537628
-350.34844348513354
-346.70470894795324
-343.0689121525998
-339.4413081654996
-335.82216248678
-332.2117515533473
-328.6103632687849
-328.6103632687849
-324.61602616062356
-320.6218301362766
-316.62778053497635
-312.63388296859915
-308.64014333928003
-304.6465678584083
-300.6531630671348
-300.6531630671348
-300.2727833710995
-296.2734906479071
-296.2734906479071
-295.89579117983766
-295.89579117983766
-295.5213727026805
-295.5213727026805
-295.1508123509019
-291.17030317848196
-291.17030317848196
-290.8043562223458
-290.8043562223458
-290.44342170874336
-290.44342170874336
-290.08805294187874
-286.18322604078355
-286.18322604078355
-285.83448804860444
-285.83448804860444
-285.4924807597617
-285.4924807597617
-285.1577255670443
-285.1577255670443
-284.830781368622
-281.1165583987507
-281.1165583987507
-280.7990494904483
-280.7990494904483
-280.4904318429758
-280.4904318429758
-280.1912024576763
-280.1912024576763
-279.90182573160155
-279.5412472124981
-279.5412472124981
-279.5412472124981
-279.27284249417346
-278.9241448970444
-278.9241448970444
-278.58217234976814
-278.58217234976814
-278.2474535517954
-278.2474535517954
-277.9205540950575
-277.9205540950575
-277.6019619025269
-277.6019619025269
-277.2922040146899
-277.2922040146899
-276.99175225908647
-276.99175225908647
-276.7011143940473
-276.7011143940473
-276.42074261054984
-276.42074261054984
-276.1510916025802
-276.1510916025802
-275.8926181885141
-275.8926181885141
-275.645722968408
-275.645722968408
-275.4108081685553
-275.4108081685553
-275.1882523350712
-275.1882523350712
-274.97842487095096
-272.2507061416822
-269.55474391139643
-266.8915115114659
-264.26198694782784
-261.6671864245792
-259.10815316021916
-256.5859573200495
-254.10169584360406
-251.6564921561676
-249.25149575298755
-249.25149575298755
-249.25149575298755
-249.92521041545035
-249.92521041545035
-252.12997695468852
-254.37852460795642
-256.6697140827114
-259.0024137260347
-261.37551214211805
-263.78791902251345
-266.2385658388598
-268.7264064074627
-271.25041733504474
-273.8095983548316
-276.40297256191667
-279.029586556559
-281.6885105037407
-284.3788381169369
-287.0996865736588
-289.8501963699152
-292.629531120314
-295.43687731009896
-298.27144400498895
-301.1324625242706
-304.0191860821819
-306.9308894022311
-309.8668683087111
-312.82643929930657
-315.80893910234477
-318.8137242219122
-321.8401704737518
-324.8876725145676
-327.95564336709225
-331.04351394302387
-334.15073256570577
-337.2767644942085
-340.42109145027564
-343.58321114941464
-346.7626368372474
-349.95889683208424
-353.17153407454737
-356.4001056849453
-359.6441825289856
-362.90334879231364
-366.17720156427015
-369.46535043118155
-372.76741707942045
-376.0830349084103
-379.4118486536889
-382.7535140200937
-386.1076973250877
-389.47407515220345
-392.85233401454803
-396.2421700282834
-399.6432885959668
-403.0554040996182
-406.47823960335813
-409.9115265654464
-413.3550045595378
-416.8084210049595
-420.271530905807
-423.74409659864887
-427.225887508623
-430.7166799137076
-434.2162567169441
-437.72440722638953
-441.24092694257666
-444.765617353259
-448.2982857352213
-451.83874496293674
-455.38681332385625
-458.9423143401169
-462.50507659646274
-466.0749335741713
-469.6517234907882
-473.23528914547194
-476.8254777697604
-477.1357051310308
-477.3452978838011
-478.8976430928286
-480.4782740117528
-482.0869124173721
-483.7232788901856
-485.3870929946375
-485.48337696750355
-485.78855673866286
-486.12645933267
-486.49701656539065
-486.90015388101597
-487.33579042618146
-487.80383912991925
-488.3042067892598
-488.2846619075629
-487.3844674293851
-486.5154952767725
-485.6779130381747
-484.8718833852567
-484.0975639246192
-483.3551070524353
-482.6446598122963
-482.5107994689463
-482.25803672590547
-479.14214139949075
-478.8038943845147
-475.00799691267815
-471.2154765807519
-467.4264155912333
-463.6408987575671
-459.8590136052502
-456.08085047749563
-452.30650264568465
-448.53609693651225
-444.7697023138764
-441.00742154704443
-440.6273330448463
-436.62768901664106
-432.62805136644835
-428.62842027281255
-424.6287959210047
-420.62917850334236
-416.62956821952747
-412.6299652770047
-408.63036989133985
-404.6307822866214
-400.63120269588603
-396.63163136156953
-392.63206853598535
-388.6325144818333
-384.632969472739
-380.633433793828
-376.6339077423364
-372.63439162826086
-368.6348857750502
-368.6348857750502
-364.9298458587907
-361.231097273831
-357.5388352721839
-357.1624249897262
-357.1624249897262
-356.7895253731082
-356.7895253731082
-356.42072306379714
-356.42072306379714
-356.05657539183636
-356.05657539183636
-355.6976400816339
-355.6976400816339
-355.3444755609717
-351.4523350229532
-347.56264399398384
-343.6754856441027
-339.79094689374733
-335.9091186240818
-332.03009590138663
-328.15397821659735
-327.7695265016674
-327.7695265016674
-327.3864255808965
-323.39670306701396
-323.39670306701396
-323.0154858502144
-319.0177096624244
-315.01999013982777
-311.0223294674594
-307.0247299441235
-303.0271939898934
-299.0297241542126
-295.0323231246533
-291.03499373639704
-287.0377389825054
-283.0405620250613
-279.04346620726614
-275.04645506659085
-271.04953234908953
-267.0527020249964
-263.0559683057434
-259.05933566255146
-255.06280884676653
-251.06639291213637
-247.07009323924603
-243.0739155623607
-239.07786599895653
-235.08195108225937
-231.08617779715425
-227.09055361988004
-223.09508656198295
-219.09978521907124
-215.10465882499395
-211.10971731216065
-207.11497137882895
-203.12043256431716
-199.1261133332515
-195.13204241944416
-191.13821918560043
-187.1446594888125
-183.15138056811523
-179.15840119824585
-175.16574186438035
-171.1734249612594
-167.18147502076636
-163.18991897281032
-159.1987864453361
-155.20811011047434
-151.21792608531757
-147.22827439763762
-143.23919952914298
-139.25075105174568
-135.26298437592942
-131.27596163491873
-127.28975273424189
-123.30443660387196
-119.3201026999817
-115.33685281622753
-111.3548032814577
-107.37408764331464
-103.39485996749711
-99.4172989234998
-95.44161288386084
-91.46804634178564
-87.49688806109275
-83.52848152725991
-79.56323849119178
-75.60165672288392
-71.64434357550745
-67.69203981706468
-67.69203981706468
-63.81471185300621
-59.953504289724684
-56.11174509674908
-52.2937207744461
-48.50503644486425
-44.7531442699635
-41.048134147941575
-37.403940239703765
-33.84021582868433
-30.385287602015996
-27.080827746418677
-23.98909739139544
-21.203357972858793
-18.85969295734203
-17.14041075977824
-16.2449800563531
-16.309662979270335
-17.323708304290275
-19.136788282665755
-21.548143669181666
-24.380901518370845
-27.505167797306466
-30.832453449509245
-34.30373375192572
-37.87944226593818
-37.87944226593818
-37.87944226593818
-37.87944226593818
-37.87944226593818
-37.87944226593818
-37.87944226593818
-37.87944226593818
-37.87944226593818
-37.87944226593818
-37.87944226593818
