60.0 450.0 0.38539817929267883
60.0 450.0 -0.014601826667785645
60.0 450.0 -0.4146018326282501
60.0 450.0 -0.8146018385887146
60.0 450.0 -1.2146018743515015
60.0 450.0 -1.6146018505096436
59.824832916259766 446.00384521484375 -1.6146018505096436
59.64966583251953 442.0076904296875 -1.6146018505096436
59.4744987487793 438.01153564453125 -1.6146018505096436
59.29933166503906 434.015380859375 -1.6146018505096436
59.12416458129883 430.01922607421875 -1.6146018505096436
58.948997497558594 426.0230712890625 -1.6146018505096436
58.77383041381836 422.02691650390625 -1.6146018505096436
58.598663330078125 418.03076171875 -1.6146018505096436
58.42349624633789 414.03460693359375 -1.6146018505096436
58.248329162597656 410.0384521484375 -1.6146018505096436
58.07316207885742 406.04229736328125 -1.6146018505096436
57.89799499511719 402.046142578125 -1.6146018505096436
57.72282791137695 398.04998779296875 -1.6146018505096436
57.54766082763672 394.0538330078125 -1.6146018505096436
57.372493743896484 390.05767822265625 -1.6146018505096436
57.19732666015625 386.0615234375 -1.6146018505096436
57.022159576416016 382.06536865234375 -1.6146018505096436
56.84699249267578 378.0692138671875 -1.6146018505096436
56.67182540893555 374.07305908203125 -1.6146018505096436
56.49665832519531 370.076904296875 -1.6146018505096436
56.32149124145508 366.08074951171875 -1.6146018505096436
56.32149124145508 366.08074951171875 -2.014601945877075
54.603973388671875 362.46826171875 -2.014601945877075
52.88645553588867 358.85577392578125 -2.014601945877075
51.16893768310547 355.2432861328125 -2.014601945877075
49.451419830322266 351.63079833984375 -2.014601945877075
47.73390197753906 348.018310546875 -2.014601945877075
46.01638412475586 344.40582275390625 -2.014601945877075
44.298866271972656 340.7933349609375 -2.014601945877075
42.58134841918945 337.18084716796875 -2.014601945877075
40.86383056640625 333.568359375 -2.014601945877075
39.14631271362305 329.95587158203125 -2.014601945877075
37.428794860839844 326.3433837890625 -2.014601945877075
35.71127700805664 322.73089599609375 -2.014601945877075
33.99375915527344 319.118408203125 -2.014601945877075
32.276241302490234 315.50592041015625 -2.014601945877075
30.55872344970703 311.8934326171875 -2.014601945877075
28.841205596923828 308.28094482421875 -2.014601945877075
27.123687744140625 304.66845703125 -2.014601945877075
25.406169891357422 301.05596923828125 -2.014601945877075
23.68865203857422 297.4434814453125 -2.014601945877075
21.971134185791016 293.83099365234375 -2.014601945877075
20.253616333007812 290.218505859375 -2.014601945877075
18.53609848022461 286.60601806640625 -2.014601945877075
18.53609848022461 286.60601806640625 -2.414602041244507
18.53609848022461 286.60601806640625 -2.8146021366119385
18.53609848022461 286.60601806640625 3.0685830116271973
18.53609848022461 286.60601806640625 2.6685829162597656
18.53609848022461 286.60601806640625 2.268582820892334
18.53609848022461 286.60601806640625 1.868582844734192
18.53609848022461 286.60601806640625 1.4685828685760498
18.53609848022461 286.60601806640625 1.0685828924179077
20.461565017700195 290.1120910644531 1.0685828924179077
22.38703155517578 293.6181640625 1.0685828924179077
24.312498092651367 297.1242370605469 1.0685828924179077
26.237964630126953 300.63031005859375 1.0685828924179077
28.16343116760254 304.1363830566406 1.0685828924179077
30.088897705078125 307.6424560546875 1.0685828924179077
32.014366149902344 311.1485290527344 1.0685828924179077
33.93983459472656 314.65460205078125 1.0685828924179077
35.86530303955078 318.1606750488281 1.0685828924179077
37.790771484375 321.666748046875 1.0685828924179077
39.71623992919922 325.1728210449219 1.0685828924179077
41.64170837402344 328.67889404296875 1.0685828924179077
43.567176818847656 332.1849670410156 1.0685828924179077
45.492645263671875 335.6910400390625 1.0685828924179077
45.492645263671875 335.6910400390625 0.6685829162597656
48.631446838378906 338.1705322265625 0.6685829162597656
51.77024841308594 340.6500244140625 0.6685829162597656
54.90904998779297 343.1295166015625 0.6685829162597656
58.0478515625 345.6090087890625 0.6685829162597656
61.18665313720703 348.0885009765625 0.6685829162597656
64.32545471191406 350.5679931640625 0.6685829162597656
67.4642562866211 353.0474853515625 0.6685829162597656
70.60305786132812 355.5269775390625 0.6685829162597656
73.74185943603516 358.0064697265625 0.6685829162597656
76.88066101074219 360.4859619140625 0.6685829162597656
80.01946258544922 362.9654541015625 0.6685829162597656
83.15826416015625 365.4449462890625 0.6685829162597656
86.29706573486328 367.9244384765625 0.6685829162597656
89.43586730957031 370.4039306640625 0.6685829162597656
92.57466888427734 372.8834228515625 0.6685829162597656
95.71347045898438 375.3629150390625 0.6685829162597656
98.8522720336914 377.8424072265625 0.6685829162597656
101.99107360839844 380.3218994140625 0.6685829162597656
105.12987518310547 382.8013916015625 0.6685829162597656
108.2686767578125 385.2808837890625 0.6685829162597656
111.40747833251953 387.7603759765625 0.6685829162597656
114.54627990722656 390.2398681640625 0.6685829162597656
117.6850814819336 392.7193603515625 0.6685829162597656
117.6850814819336 392.7193603515625 0.26858291029930115
117.6850814819336 392.7193603515625 -0.13141709566116333
117.6850814819336 392.7193603515625 -0.5314171314239502
117.6850814819336 392.7193603515625 -0.9314171075820923
120.07186889648438 389.5094909667969 -0.9314171075820923
120.07186889648438 389.5094909667969 -1.3314170837402344
121.020263671875 385.62353515625 -1.3314170837402344
121.96865844726562 381.7375793457031 -1.3314170837402344
122.91705322265625 377.85162353515625 -1.3314170837402344
123.86544799804688 373.9656677246094 -1.3314170837402344
124.8138427734375 370.0797119140625 -1.3314170837402344
125.76223754882812 366.1937561035156 -1.3314170837402344
126.71063232421875 362.30780029296875 -1.3314170837402344
126.71063232421875 362.30780029296875 -1.7314170598983765
126.07090759277344 358.3592834472656 -1.7314170598983765
125.43118286132812 354.4107666015625 -1.7314170598983765
124.79145812988281 350.4622497558594 -1.7314170598983765
124.1517333984375 346.51373291015625 -1.7314170598983765
123.51200866699219 342.5652160644531 -1.7314170598983765
122.87228393554688 338.61669921875 -1.7314170598983765
122.23255920410156 334.6681823730469 -1.7314170598983765
121.59283447265625 330.71966552734375 -1.7314170598983765
120.95310974121094 326.7711486816406 -1.7314170598983765
120.31338500976562 322.8226318359375 -1.7314170598983765
119.67366027832031 318.8741149902344 -1.7314170598983765
119.033935546875 314.92559814453125 -1.7314170598983765
118.39421081542969 310.9770812988281 -1.7314170598983765
117.75448608398438 307.028564453125 -1.7314170598983765
117.75448608398438 307.028564453125 -2.1314170360565186
115.62763977050781 303.640869140625 -2.1314170360565186
113.50079345703125 300.253173828125 -2.1314170360565186
111.37394714355469 296.865478515625 -2.1314170360565186
109.24710083007812 293.477783203125 -2.1314170360565186
107.12025451660156 290.090087890625 -2.1314170360565186
104.993408203125 286.702392578125 -2.1314170360565186
102.86656188964844 283.314697265625 -2.1314170360565186
100.73971557617188 279.927001953125 -2.1314170360565186
98.61286926269531 276.539306640625 -2.1314170360565186
96.48602294921875 273.151611328125 -2.1314170360565186
94.35917663574219 269.763916015625 -2.1314170360565186
92.23233032226562 266.376220703125 -2.1314170360565186
90.10548400878906 262.988525390625 -2.1314170360565186
87.9786376953125 259.600830078125 -2.1314170360565186
85.85179138183594 256.213134765625 -2.1314170360565186
83.72494506835938 252.825439453125 -2.1314170360565186
81.59809875488281 249.437744140625 -2.1314170360565186
79.47125244140625 246.050048828125 -2.1314170360565186
77.34440612792969 242.662353515625 -2.1314170360565186
75.21755981445312 239.274658203125 -2.1314170360565186
73.09071350097656 235.886962890625 -2.1314170360565186
70.9638671875 232.499267578125 -2.1314170360565186
68.83702087402344 229.111572265625 -2.1314170360565186
66.71017456054688 225.723876953125 -2.1314170360565186
64.58332824707031 222.336181640625 -2.1314170360565186
62.45648193359375 218.948486328125 -2.1314170360565186
60.32963562011719 215.560791015625 -2.1314170360565186
58.202789306640625 212.173095703125 -2.1314170360565186
56.07594299316406 208.785400390625 -2.1314170360565186
53.9490966796875 205.397705078125 -2.1314170360565186
51.82225036621094 202.010009765625 -2.1314170360565186
49.695404052734375 198.622314453125 -2.1314170360565186
47.56855773925781 195.234619140625 -2.1314170360565186
45.44171142578125 191.846923828125 -2.1314170360565186
43.31486511230469 188.459228515625 -2.1314170360565186
41.188018798828125 185.071533203125 -2.1314170360565186
39.06117248535156 181.683837890625 -2.1314170360565186
36.934326171875 178.296142578125 -2.1314170360565186
34.80747985839844 174.908447265625 -2.1314170360565186
32.680633544921875 171.520751953125 -2.1314170360565186
30.55378532409668 168.133056640625 -2.1314170360565186
28.426937103271484 164.745361328125 -2.1314170360565186
26.30008888244629 161.357666015625 -2.1314170360565186
26.30008888244629 161.357666015625 -2.53141713142395
23.02189826965332 159.0656280517578 -2.53141713142395
19.74370765686035 156.77359008789062 -2.53141713142395
19.74370765686035 156.77359008789062 -2.53141713142395
19.74370765686035 156.77359008789062 -2.53141713142395
19.74370765686035 156.77359008789062 -2.53141713142395
19.74370765686035 156.77359008789062 -2.53141713142395
19.74370765686035 156.77359008789062 -2.53141713142395
19.74370765686035 156.77359008789062 -2.53141713142395
19.74370765686035 156.77359008789062 -2.53141713142395
19.74370765686035 156.77359008789062 -2.53141713142395
19.74370765686035 156.77359008789062 -2.53141713142395
19.74370765686035 156.77359008789062 -2.53141713142395
