-392.83861260070745
-395.6972973447963
-398.57562242630917
-401.47316538979356
-404.3895131339564
-407.324261745324
-410.2770163548833
-413.2473909909103
-416.23500842860443
-419.2395000371072
-422.2605056244355
-425.29767328082255
-428.3506592209188
-431.41912762526795
-434.50275048143925
-437.6012074251642
-440.7141855817944
-443.8413794083695
-446.9824905365546
-450.1372276166848
-453.3053061631269
-456.4864484011485
-459.6803831154639
-462.8868455006061
-466.1055758558366
-469.33632403122084
-469.33632403122084
-471.4146934002182
-473.5177306278467
-475.6451085117053
-477.79650192327637
-477.79650192327637
-478.49502820640197
-479.2259245641931
-479.9890431234867
-480.7842304514879
-481.6113277022176
-482.47017076643255
-483.36059042470845
-483.36059042470845
-482.6941029078515
-482.05988599445703
-481.45806721317166
-480.88876820006675
-480.35210457953934
-479.84818585015876
-479.37711527571366
-479.37711527571366
-477.4235564982596
-475.495621095124
-473.5935930526508
-471.7178151897718
-469.86860188920184
-468.0462680144182
-466.2511287387363
-464.4834993679285
-462.7436951564192
-461.0320311171094
-459.34882182490395
-457.6943812140336
-456.0690223692864
-454.4730573112843
-452.90679677596466
-451.37054998844764
-449.8646244314974
-448.38932560880664
-446.9449568033612
-445.5318255741036
-444.1502166488387
-442.8004317816741
-441.4827628683518
-440.19749831265455
-438.9449227620424
-437.7253168408711
-436.53895688164687
-435.3861146547986
-435.3861146547986
-435.3861146547986
-435.3861146547986
-435.3861146547986
-431.58741240575944
-427.79237995751697
-424.0011158500105
-420.21372207974275
-416.4303042477678
-412.65097171506284
-408.87583776569943
-405.10501977825385
-401.33863940592136
-397.5768227658308
-393.8197006380831
-390.0674086750722
-386.32008762167953
-382.57788354696925
-378.84094808805247
-375.10943870682655
-371.3835189603415
-367.6633587855909
-363.9491347995731
-360.24103061552194
-356.5392371762593
-352.8439531056813
-349.15538507945064
-345.47374821603245
-345.47374821603245
-345.47374821603245
-345.47374821603245
-345.47374821603245
-345.47374821603245
-345.47374821603245
-345.47374821603245
-349.4660603096712
-353.45854609095215
-357.45119973995816
-361.4440156936894
-365.43698863205304
-369.43011346475987
-373.4233853190587
-377.4167995282481
-381.4103516209074
-385.40403731079596
-389.3978524873723
-393.3917932068895
-397.38585568402607
-401.38003628401583
-405.3743315152415
-409.36873802226125
-413.3632525792386
-417.35787208374876
-421.35259355093683
-421.35259355093683
-421.35259355093683
-423.99988027163414
-426.66824225411125
-429.35728656406854
-432.0666200090087
-434.7958771480582
-437.5446783398048
-440.31265755325614
-443.0994553814443
-445.9047189889874
-448.72810205463713
-451.5692647092577
-454.4278734696589
-457.3036011686838
-460.19612688193155
-463.10513585147027
-466.030319406882
-468.9713748839538
-471.9280055413168
-474.8999204753125
-477.8868345333495
-480.8884682259968
-483.9045476380439
-486.934804338741
-489.9789752914199
-493.0368027626797
-496.1080342313103
-499.19242229711193
-502.2897245897582
-505.3997036778374
-505.3997036778374
-505.3997036778374
-505.3997036778374
-505.3997036778374
-505.3997036778374
-505.3997036778374
-505.3997036778374
-501.62515558182
-497.8541283656344
-494.0867026467188
-490.32296144203747
-486.5629902547599
-482.8068771645642
-479.05471292173365
-475.3065910452241
-471.56260792488655
-467.82286292804224
-467.82286292804224
-464.9434533458901
-462.08072749523126
-459.23499737950146
-456.4065809079526
-453.59580196065815
-450.8029904502475
-448.02848238002406
-445.27261989809944
-442.53575134716004
-439.81823130946015
-437.1204206466182
-434.4426865337697
-431.7854024876135
-429.14894838786427
-426.5337104916063
-423.940081440023
-421.3684602569555
-421.3684602569555
-421.3684602569555
-421.80782296264164
-422.2846193280158
-422.79872270962403
-423.34999719396495
-423.938297773071
-424.56347053024496
-424.56347053024496
-426.707045946592
-428.87721505593146
-431.0735762137135
-433.2957311203433
-435.5432849745583
-437.81584661548015
-440.1130286536788
-442.4344475915976
-444.77972393369527
-447.1484822866675
-449.54035145011187
-451.9549644980061
-454.3919588513662
-456.85097634245386
-459.33166327089725
-461.83367045208865
-464.35665325821685
-466.90027165228673
-469.4641902154736
-472.0481074607819
-474.6516680788093
-477.27455060241897
-479.91643823226195
-482.5770188357447
-482.5770188357447
-482.5770188357447
-486.57382592668563
-490.57068479259533
-494.56759417821206
-498.5645528685115
-502.5615596871077
-506.5586134947301
-510.55571318777123
-514.5528576969032
-518.550045985757
-522.5472770496631
-526.5445499144487
-526.5445499144487
-526.5445499144487
-526.5445499144487
-526.5445499144487
-526.5445499144487
-526.5445499144487
-526.5445499144487
-522.8294370813086
-519.1185578904534
-515.412003786415
-511.7098687550869
-508.0122494083449
-504.3192450718712
-500.6309578763134
-496.94749285191637
-493.26895802676785
-489.59546452880716
-485.927126691751
-482.26406216509747
-478.6063920283748
-474.9542409098093
-471.3077079798307
-467.6669545329929
-464.03211660520043
-460.4033343037549
-460.4033343037549
-460.4033343037549
-460.4033343037549
-457.52325722999694
-454.66012741047274
-454.66012741047274
-453.13713052379114
-451.64442491939053
-450.1823119150755
-448.7510905397794
-447.351057290674
-445.98250588619527
-444.6457270153174
-443.34100808343203
-442.06863295521316
-440.8288816948725
-439.6220303042336
-438.4483504590759
-437.3081092442222
-436.2015688878618
-435.12898649562663
-434.09061378494937
-433.08669563590786
-432.11747351618084
-431.1831813971033
-430.28404681325287
-429.42029060676
-428.59212667539884
-427.7997617250743
-427.04339502732256
-426.3232181824439
-425.6394148888843
-424.9921607194775
-424.3816229051523
-424.3816229051523
-424.3816229051523
-426.81875543453333
-429.27932423346925
-429.27932423346925
-432.7852182460787
-436.29961293091856
-439.82230451448686
-443.3530952261415
-446.89179309780064
-450.4382117706448
-453.99213979272236
-457.55343198449935
-461.12191772327793
-464.69743128790134
-468.2798116971674
-471.8689025539572
-475.4645518948788
-479.06661204523573
-482.67493947913175
-486.2893946845306
-489.90984203309426
-493.5361496546288
-497.16818931597135
-500.8058363041584
-504.44896931371954
-508.09747033794713
-511.7512245639952
-511.7512245639952
-515.7506037247441
-519.7499922807615
-519.7499922807615
-519.7499922807615
-519.7499922807615
-519.7499922807615
-519.7499922807615
-519.7499922807615
-516.8548615511957
-513.9745529860407
-511.1093171721056
-508.2594090205438
-505.4250878127535
-502.606617244528
-499.80426546827925
-497.0183051331466
-494.2490134227947
-491.4966720906937
-488.76156749266687
-486.04399061647837
-483.34423710822773
-480.66260729530313
-477.9994062056393
-475.3549435830129
-472.72953389810107
-470.12349635501425
-467.5371548930108
-464.97083818308425
-462.4248796191112
-459.8996173032327
-457.3953940251377
-454.9125572349074
-452.4514286620896
-450.0123953623262
-450.0123953623262
-446.54266008227836
-443.08186446219474
-439.6302196227542
-436.18794280003476
-432.7552575428987
-429.33239391668735
-425.9195887133691
-422.51708566827955
-422.51708566827955
-418.56618284789386
-414.61622164006235
-410.66722921520125
-406.7192337921635
-402.77226468894673
-398.82635237635185
-394.8815285347917
-390.9378261144675
-386.995279399145
-383.0539240737829
-379.1137972962857
-375.17493777367315
-371.23738584298644
-367.3011835572733
-363.3663747770255
-359.4330052674716
-355.50112280216405
-351.570777273335
-347.64202080953777
-343.7149079011351
-339.78949553424553
-335.8658433338122
-331.94401371652003
-328.02407205435117
-324.10608684964194
-320.19012992258473
-316.2762766122054
-312.36460599194555
-308.45520110108544
-304.54814919336366
-300.6435420042813
-296.7414760387253
-292.8420528807078
-288.9453795272001
-285.0515687482402
-281.16073947571743
-277.2730172234874
-273.3885345417488
-269.5074315089255
-265.6298562646449
-261.75596558779364
-257.88592552406783
-254.0199120679252
-250.15811190439618
-246.30072321682877
-242.44795656733828
-238.60003585751522
-234.7571993778289
-230.91970095515978
-227.08781120902037
-223.26181892829658
-219.44203258178194
-215.6287819774085
-211.82242008692617
-208.02332505487993
-204.23190241311175
-200.4485875247165
-196.6738482844468
-196.6738482844468
-192.68105316749725
-188.68856357100066
-184.69639930780602
-180.7045819399133
-176.71313497563924
-176.71313497563924
-173.14928171510695
-169.60488058151788
-166.08117698510833
-162.57951670958215
-159.10135521534127
-155.64826784217544
-152.22196098544862
-148.8242843198508
-145.45724414222417
-145.45724414222417
-143.2597339889234
-141.14139341091294
-139.10583930102155
-137.15675763001863
-135.29788557766983
-133.5329905389201
-131.8658459382752
-130.3002039196582
-128.83976460512307
-127.4881434919106
-126.24883565417898
-125.12517837177792
-124.12031262695898
-123.23714430385942
-122.47830604330692
-121.84612123330574
-121.84612123330574
-121.84612123330574
-121.84612123330574
-121.84612123330574
-121.84612123330574
-121.84612123330574
-121.84612123330574
-123.75847074687395
-125.76899754553517
-127.87307125973686
-130.0661520572189
-132.34381517974447
-134.7017701051997
-137.13587521288045
-139.6421484334737
-142.21677438197935
-144.85610846594722
-147.5566784390549
-150.3151838365638
-153.12849368898728
-155.99364286688544
-158.9078273657076
-161.86839879693187
-164.87285831167168
-167.9188501462045
-171.00415494592914
-174.12668299518066
-177.28446745505332
-180.47565768968545
-183.69851274305984
-186.95139501294085
-186.95139501294085
-186.95139501294085
-186.95139501294085
-186.95139501294085
-184.5772666351484
-182.2600082310738
-180.0018161656985
-177.80494094984857
-175.67168300576722
-173.60438754434978
-171.60543849158515
-169.67725140925648
-167.82226536541944
-166.04293053209247
-164.34171049616808
-164.34171049616808
-164.34171049616808
-164.34171049616808
-164.34171049616808
-164.34171049616808
-161.7527310738218
-159.2221502323136
-156.75279982137124
-154.34761867794538
-152.00965279791313
-149.7420505683286
-147.54805619034693
-145.43100108012658
-143.39429304286102
-141.44140303260616
-139.5758493396278
-137.80117908929859
-136.12094699347165
-134.53869136748062
-133.0579075133267
-131.6820186709329
-130.41434485191786
-129.25806998997817
-128.21620796291455
-127.29156815642081
-126.48672134073287
-125.80396670936813
-125.24530097601074
-124.81239043383209
-124.50654684601642
-124.32870795478948
-124.32870795478948
-124.32870795478948
-124.32870795478948
-124.32870795478948
-124.32870795478948
-124.32870795478948
-124.32870795478948
-125.83045278423988
-127.440096148894
-129.15360388841228
-130.96689933209652
-132.8758972738665
-134.87653415023604
-136.96479432612415
-139.1367325244783
-141.3884925400649
-143.71632245604113
-146.1165868392008
-148.58577536725562
-151.1205095813976
-153.71754705789428
-156.37378365171224
-159.086254077186
-161.8521311004936
-164.66872359356424
-167.5334736725705
-170.44395311762744
-173.39785924466315
-176.3930103762673
-176.3930103762673
-178.18274032605547
-178.18274032605547
-178.18274032605547
-178.18274032605547
-175.55255658674344
-172.97488624356947
-170.45211172233869
-167.98670626876472
-165.58123247592596
-163.23833981715148
-160.96076104774045
-158.7513073353116
-156.61286197840874
-154.5483760148004
-152.56084871106893
-150.65332598040015
-148.8288840828865
-147.09061453622164
-145.44160708275646
-143.8849307463155
-142.42361306965432
-141.06061768843466
-139.7988204684015
-138.64098450658625
-138.64098450658625
-138.64098450658625
-138.64098450658625
-138.64098450658625
-138.64098450658625
-138.64098450658625
-138.64098450658625
-138.64098450658625
-138.64098450658625
-138.64098450658625
