-390.0
-390.0
-390.0
-390.0
-390.0
-390.0
-386.00388495992144
-382.0078510730543
-378.01190091305557
-374.01603716351383
-370.0202626238791
-366.0245802157804
-362.028992989761
-358.0335041324636
-354.038116974302
-350.0428349976565
-346.0476618456364
-342.0526013314554
-338.05765744847065
-334.06283438094067
-330.068136515563
-326.0735684538586
-322.0791350254754
-318.0848413024926
-314.0906926148142
-310.0966945667493
-306.10285305488776
-302.10917428739054
-298.11566480482696
-294.1223315027053
-290.12918165585984
-286.13622294487436
-282.143463484744
-278.15091185599886
-274.1585771385395
-270.16646894846457
-266.17459747820254
-266.17459747820254
-266.17459747820254
-263.5951719708462
-261.05155269662885
-258.5447964659617
-256.07598585040023
-253.64622885863523
-251.25665848785766
-251.25665848785766
-251.2341941613666
-251.2341941613666
-251.2341941613666
-251.2341941613666
-255.11670446401538
-259.0027905112946
-262.89229373278454
-266.7850646698969
-270.68096233970124
-274.57985365055777
-278.4816128647742
-282.38612110399396
-286.2932658934582
-290.2029407416722
-294.11504475234847
-298.0294822658098
-301.9461625273066
-301.9461625273066
-301.9461625273066
-301.9461625273066
-301.9461625273066
-302.6639639073093
-303.4328015947063
-304.2522886874455
-305.12201708807237
-306.0415583225854
-307.0104649854897
-308.0282712384766
-309.09449402276664
-310.2086340991872
-311.37017709736494
-312.57859456954685
-313.83334504473794
-313.83334504473794
-313.55951062516556
-313.3365042992228
-313.1644346519256
-313.0433856779333
-312.9734165771691
-312.9545616103222
-312.9545616103222
-311.424892353075
-309.93929971087084
-308.498420445115
-307.1028839212067
-305.753311007483
-305.753311007483
-303.0765440874833
-300.4291860698562
-297.81202123452124
-295.2258525664649
-292.6715017524113
-290.1498091245932
-287.66163354655856
-285.20785223573654
-282.78935866024335
-280.4070695622748
-278.061913666981
-275.7548383735004
-273.48680740258305
-273.48680740258305
-273.48680740258305
-269.5480460845001
-265.611115265373
-261.6760975650775
-257.7430806075886
-253.81215740212505
-249.88342675932222
-245.95699374620608
-242.03297018420898
-238.1114751949985
-234.19263579949694
-230.2765875761635
-226.36347538540403
-222.45345416788564
-218.5466898255794
-214.64336019556177
-210.74365612799494
-206.84778268131552
-202.95596044952248
-199.068427038616
-195.18543871175092
-191.30727222559472
-187.43422688379567
-183.56662683746143
-179.7048236672313
-175.8491992870221
-175.8491992870221
-171.8824083529117
-167.91719335297415
-163.95366862902418
-159.99195980212372
-159.99195980212372
-156.5750585508888
-153.18639236974565
-149.82787705381998
-146.5015862228292
-143.20976530009756
-139.95484656476364
-136.73946527896604
-133.5664768598098
-130.43897502226923
-127.3603107609736
-124.33411196271476
-121.36430334383965
-118.45512628361719
-115.61115797254772
-112.83732911050578
-110.13893917223523
-107.52166800850696
-104.99158227606331
-102.55513490062151
-100.21915549580082
-97.9908294191444
-95.87766298969605
-95.87766298969605
-95.87766298969605
-96.98698647324865
-98.24675468312915
-99.65126212035784
-99.65126212035784
-99.65126212035784
-103.35742817123058
-107.08474117168625
-107.30917642906292
-111.30885780414935
-115.30856146005304
-119.30828515594051
-123.30802694171008
-123.30802694171008
-126.984607478068
-130.6801878673119
-134.3932007293832
-138.1222402081434
-141.8660424996739
-145.62346900653725
-149.39349208116346
-153.1751812755534
-153.1751812755534
-153.1751812755534
-153.1751812755534
-153.1751812755534
-151.8242301035605
-150.5674519071623
-149.40722318759856
-148.3458093340646
-147.38534524458294
-146.5278160565006
-145.77503834074938
-145.12864213428972
-144.59005419383112
-144.16048284930173
-143.8409048165685
-143.8409048165685
-142.08812612878816
-140.42743768904376
-138.86214353022447
-137.39550406212572
-136.03071031183035
-134.77085641998107
-133.6189107618669
-132.57768615788592
-132.57768615788592
-132.57768615788592
-132.57768615788592
-132.57768615788592
-132.57768615788592
-129.48668650114635
-126.44667300087292
-123.46141203959026
-120.53497181526012
-117.67174094096633
-114.87644588655459
-112.1541663998774
-109.51034782180423
-106.95080895968
-104.48174391769916
-102.10971601622263
-99.84164158333056
-97.68476213229542
-95.64660046901992
-95.64660046901992
-95.64660046901992
-96.84070223748589
-98.18335415352546
-99.66855296552632
-99.66855296552632
-99.66855296552632
-103.4056176555357
-107.1616675334206
-110.93477420404984
-114.72325474899715
-118.52563497422271
-122.34061886888466
-126.16706312560473
-130.00395579980858
-130.00395579980858
-130.00395579980858
-133.49421449160184
-137.01234250846585
-140.556247155296
-144.12402695907545
-147.71395193825157
-151.32444602683344
-154.95407142516814
-158.6015146678629
-162.26557421844194
-165.94514941912945
-165.94514941912945
-165.94514941912945
-165.94514941912945
-165.94514941912945
-164.32732107417362
-162.79172061947787
-161.34069594570352
-159.97654843568793
-158.70151841021024
-157.5177699727076
-156.42737542962738
-155.4322992590517
-154.5343828374867
-153.73532860674572
-153.73532860674572
-151.55179016199907
-149.44343057217463
-147.41347557616785
-145.4652075999679
-143.60195146010153
-141.82705773084425
-140.1438837281826
-138.555772123141
-137.06602726880377
-135.67788940817297
-134.39450702187068
-134.39450702187068
-134.39450702187068
-134.39450702187068
-134.39450702187068
-134.39450702187068
-131.47317930274946
-128.609915013064
-125.80867859069015
-123.07370549055953
-120.40951109854974
-117.82089690789128
-115.3129530397236
-112.89105604376476
-110.56086077805634
-108.32828505365741
-106.19948566128528
-104.18082439753489
-102.27882294918943
-100.50010460581566
-98.85132461365781
-97.33908608650599
-95.969843871001
-95.969843871001
-95.969843871001
-95.969843871001
-95.969843871001
-95.969843871001
-95.969843871001
-95.969843871001
-95.969843871001
-95.969843871001
-95.969843871001
