61.887168884277344 451.6218566894531 0.6344684362411499
63.996742248535156 452.9415283203125 0.4835387170314789
66.28075408935547 453.92901611328125 0.33260899782180786
68.6872787475586 454.5618591308594 0.18167927861213684
71.1615982055664 454.8256530761719 0.03074955940246582
73.64745330810547 454.71441650390625 -0.1201801598072052
76.08831787109375 454.2306823730469 -0.2711098790168762
78.42870330810547 453.38543701171875 -0.42203959822654724
80.61539459228516 452.1979064941406 -0.5729693174362183
82.59867858886719 450.6950988769531 -0.7238990068435669
84.33345794677734 448.9111633300781 -0.8748286962509155
86.8979721069336 445.8414306640625 -0.8748286962509155
89.46248626708984 442.7716979980469 -0.8748286962509155
92.0270004272461 439.70196533203125 -0.8748286962509155
94.59151458740234 436.6322326660156 -0.8748286962509155
97.1560287475586 433.5625 -0.8748286962509155
99.72054290771484 430.4927673339844 -0.8748286962509155
102.2850570678711 427.42303466796875 -0.8748286962509155
104.84957122802734 424.3533020019531 -0.8748286962509155
107.4140853881836 421.2835693359375 -0.8748286962509155
109.97859954833984 418.2138366699219 -0.8748286962509155
112.5431137084961 415.14410400390625 -0.8748286962509155
115.10762786865234 412.0743713378906 -0.8748286962509155
117.6721420288086 409.004638671875 -0.8748286962509155
120.23665618896484 405.9349060058594 -0.8748286962509155
122.8011703491211 402.86517333984375 -0.8748286962509155
122.8011703491211 402.86517333984375 -1.2748286724090576
123.96783447265625 399.0390930175781 -1.2748286724090576
125.1344985961914 395.2130126953125 -1.2748286724090576
126.30116271972656 391.3869323730469 -1.2748286724090576
127.46782684326172 387.56085205078125 -1.2748286724090576
128.63449096679688 383.7347717285156 -1.2748286724090576
129.8011474609375 379.90869140625 -1.2748286724090576
130.96780395507812 376.0826110839844 -1.2748286724090576
132.13446044921875 372.25653076171875 -1.2748286724090576
133.30111694335938 368.4304504394531 -1.2748286724090576
134.4677734375 364.6043701171875 -1.2748286724090576
135.63442993164062 360.7782897949219 -1.2748286724090576
136.80108642578125 356.95220947265625 -1.2748286724090576
137.96774291992188 353.1261291503906 -1.2748286724090576
139.1343994140625 349.300048828125 -1.2748286724090576
140.30105590820312 345.4739685058594 -1.2748286724090576
141.46771240234375 341.64788818359375 -1.2748286724090576
142.63436889648438 337.8218078613281 -1.2748286724090576
143.801025390625 333.9957275390625 -1.2748286724090576
144.96768188476562 330.1696472167969 -1.2748286724090576
146.13433837890625 326.34356689453125 -1.2748286724090576
147.30099487304688 322.5174865722656 -1.2748286724090576
147.30099487304688 322.5174865722656 -1.6748286485671997
146.8856201171875 318.53912353515625 -1.6748286485671997
146.47024536132812 314.5607604980469 -1.6748286485671997
146.05487060546875 310.5823974609375 -1.6748286485671997
145.63949584960938 306.6040344238281 -1.6748286485671997
145.22412109375 302.62567138671875 -1.6748286485671997
144.80874633789062 298.6473083496094 -1.6748286485671997
144.39337158203125 294.6689453125 -1.6748286485671997
143.97799682617188 290.6905822753906 -1.6748286485671997
143.5626220703125 286.71221923828125 -1.6748286485671997
143.14724731445312 282.7338562011719 -1.6748286485671997
142.73187255859375 278.7554931640625 -1.6748286485671997
142.31649780273438 274.7771301269531 -1.6748286485671997
141.901123046875 270.79876708984375 -1.6748286485671997
141.48574829101562 266.8204040527344 -1.6748286485671997
141.07037353515625 262.842041015625 -1.6748286485671997
140.65499877929688 258.8636779785156 -1.6748286485671997
140.2396240234375 254.8852996826172 -1.6748286485671997
139.82424926757812 250.90692138671875 -1.6748286485671997
139.40887451171875 246.9285430908203 -1.6748286485671997
138.99349975585938 242.95016479492188 -1.6748286485671997
138.578125 238.97178649902344 -1.6748286485671997
138.16275024414062 234.993408203125 -1.6748286485671997
137.74737548828125 231.01502990722656 -1.6748286485671997
137.33200073242188 227.03665161132812 -1.6748286485671997
136.9166259765625 223.0582733154297 -1.6748286485671997
136.50125122070312 219.07989501953125 -1.6748286485671997
136.08587646484375 215.1015167236328 -1.6748286485671997
135.67050170898438 211.12313842773438 -1.6748286485671997
135.67050170898438 211.12313842773438 -2.074828624725342
133.73866271972656 207.62057495117188 -2.074828624725342
131.80682373046875 204.11801147460938 -2.074828624725342
129.87498474121094 200.61544799804688 -2.074828624725342
129.87498474121094 200.61544799804688 -2.4748287200927734
126.73167419433594 198.14166259765625 -2.4748287200927734
123.58836364746094 195.66787719726562 -2.4748287200927734
120.44505310058594 193.194091796875 -2.4748287200927734
117.30174255371094 190.72030639648438 -2.4748287200927734
114.15843200683594 188.24652099609375 -2.4748287200927734
114.15843200683594 188.24652099609375 -2.874828815460205
110.29991912841797 187.19207763671875 -2.874828815460205
106.44140625 186.13763427734375 -2.874828815460205
102.58289337158203 185.08319091796875 -2.874828815460205
98.72438049316406 184.02874755859375 -2.874828815460205
94.8658676147461 182.97430419921875 -2.874828815460205
91.00735473632812 181.91986083984375 -2.874828815460205
87.14884185791016 180.86541748046875 -2.874828815460205
83.29032897949219 179.81097412109375 -2.874828815460205
79.43181610107422 178.75653076171875 -2.874828815460205
75.57330322265625 177.70208740234375 -2.874828815460205
71.71479034423828 176.64764404296875 -2.874828815460205
67.85627746582031 175.59320068359375 -2.874828815460205
63.99776077270508 174.53875732421875 -2.874828815460205
60.139244079589844 173.48431396484375 -2.874828815460205
56.28072738647461 172.42987060546875 -2.874828815460205
52.422210693359375 171.37542724609375 -2.874828815460205
48.56369400024414 170.32098388671875 -2.874828815460205
44.705177307128906 169.26654052734375 -2.874828815460205
40.84666061401367 168.21209716796875 -2.874828815460205
36.98814392089844 167.15765380859375 -2.874828815460205
34.54048538208008 166.68299865722656 -3.0252678394317627
32.054222106933594 166.58135986328125 3.106987714767456
29.58094024658203 166.85470581054688 2.9560580253601074
25.64958953857422 167.59259033203125 2.9560580253601074
21.718238830566406 168.33047485351562 2.9560580253601074
19.31413459777832 168.9725799560547 2.8051321506500244
19.31413459777832 168.9725799560547 2.4051320552825928
19.31413459777832 168.9725799560547 2.005131959915161
19.31413459777832 168.9725799560547 1.605131983757019
19.31413459777832 168.9725799560547 1.205132007598877
20.744413375854492 172.7081298828125 1.205132007598877
22.174692153930664 176.4436798095703 1.205132007598877
23.604970932006836 180.17922973632812 1.205132007598877
25.035249710083008 183.91477966308594 1.205132007598877
26.46552848815918 187.65032958984375 1.205132007598877
27.89580726623535 191.38587951660156 1.205132007598877
29.326086044311523 195.12142944335938 1.205132007598877
30.756364822387695 198.8569793701172 1.205132007598877
32.1866455078125 202.592529296875 1.205132007598877
33.61692428588867 206.3280792236328 1.205132007598877
33.61692428588867 206.3280792236328 0.8051320314407349
36.38898849487305 209.21176147460938 0.8051320314407349
39.16105270385742 212.09544372558594 0.8051320314407349
41.9331169128418 214.9791259765625 0.8051320314407349
44.70518112182617 217.86280822753906 0.8051320314407349
47.47724533081055 220.74649047851562 0.8051320314407349
50.24930953979492 223.6301727294922 0.8051320314407349
53.0213737487793 226.51385498046875 0.8051320314407349
55.79343795776367 229.3975372314453 0.8051320314407349
58.56550216674805 232.28121948242188 0.8051320314407349
61.33756637573242 235.16490173339844 0.8051320314407349
64.10963439941406 238.048583984375 0.8051320314407349
66.88169860839844 240.93226623535156 0.8051320314407349
69.65376281738281 243.81594848632812 0.8051320314407349
72.42582702636719 246.6996307373047 0.8051320314407349
75.19789123535156 249.58331298828125 0.8051320314407349
77.96995544433594 252.4669952392578 0.8051320314407349
80.74201965332031 255.35067749023438 0.8051320314407349
83.51408386230469 258.234375 0.8051320314407349
86.28614807128906 261.1180725097656 0.8051320314407349
89.05821228027344 264.00177001953125 0.8051320314407349
91.83027648925781 266.8854675292969 0.8051320314407349
94.60234069824219 269.7691650390625 0.8051320314407349
97.37440490722656 272.6528625488281 0.8051320314407349
100.14646911621094 275.53656005859375 0.8051320314407349
102.91853332519531 278.4202575683594 0.8051320314407349
105.69059753417969 281.303955078125 0.8051320314407349
108.46266174316406 284.1876525878906 0.8051320314407349
111.23472595214844 287.07135009765625 0.8051320314407349
114.00679016113281 289.9550476074219 0.8051320314407349
115.86158752441406 291.61383056640625 0.6542023420333862
117.94470977783203 292.9748840332031 0.5032726526260376
120.20879364013672 294.0072326660156 0.3523429334163666
122.60236358642578 294.68743896484375 0.20141321420669556
125.07099151611328 295.0 0.050483494997024536
127.55855560302734 294.9378356933594 -0.10044622421264648
130.0084991455078 294.5023498535156 -0.2513759434223175
130.0084991455078 294.5023498535156 -0.651375949382782
130.0084991455078 294.5023498535156 -1.0513759851455688
130.0084991455078 294.5023498535156 -1.451375961303711
130.48504638671875 290.5308532714844 -1.451375961303711
130.9615936279297 286.5593566894531 -1.451375961303711
131.43814086914062 282.5878601074219 -1.451375961303711
131.91468811035156 278.6163635253906 -1.451375961303711
132.3912353515625 274.6448669433594 -1.451375961303711
132.86778259277344 270.6733703613281 -1.451375961303711
133.34432983398438 266.7018737792969 -1.451375961303711
133.8208770751953 262.7303771972656 -1.451375961303711
134.29742431640625 258.7588806152344 -1.451375961303711
134.7739715576172 254.78736877441406 -1.451375961303711
135.25051879882812 250.81585693359375 -1.451375961303711
135.72706604003906 246.84434509277344 -1.451375961303711
136.20361328125 242.87283325195312 -1.451375961303711
136.68016052246094 238.9013214111328 -1.451375961303711
137.15670776367188 234.9298095703125 -1.451375961303711
137.6332550048828 230.9582977294922 -1.451375961303711
138.10980224609375 226.98678588867188 -1.451375961303711
138.10980224609375 226.98678588867188 -1.851375937461853
137.0021514892578 223.14320373535156 -1.851375937461853
135.89450073242188 219.29962158203125 -1.851375937461853
134.78684997558594 215.45603942871094 -1.851375937461853
133.67919921875 211.61245727539062 -1.851375937461853
132.57154846191406 207.7688751220703 -1.851375937461853
131.46389770507812 203.92529296875 -1.851375937461853
131.46389770507812 203.92529296875 -2.251375913619995
128.94692993164062 200.81646728515625 -2.251375913619995
126.4299545288086 197.7076416015625 -2.251375913619995
126.4299545288086 197.7076416015625 -2.6513760089874268
122.90103149414062 195.82437133789062 -2.6513760089874268
119.37210845947266 193.94110107421875 -2.6513760089874268
115.84318542480469 192.05783081054688 -2.6513760089874268
112.31426239013672 190.174560546875 -2.6513760089874268
108.78533935546875 188.29129028320312 -2.6513760089874268
105.25641632080078 186.40802001953125 -2.6513760089874268
101.72749328613281 184.52474975585938 -2.6513760089874268
98.19857025146484 182.6414794921875 -2.6513760089874268
94.66964721679688 180.75820922851562 -2.6513760089874268
91.1407241821289 178.87493896484375 -2.6513760089874268
87.61180114746094 176.99166870117188 -2.6513760089874268
84.08287811279297 175.1083984375 -2.6513760089874268
84.08287811279297 175.1083984375 -3.0513761043548584
80.0991439819336 174.74801635742188 -3.0513761043548584
76.11540985107422 174.38763427734375 -3.0513761043548584
72.13167572021484 174.02725219726562 -3.0513761043548584
68.14794158935547 173.6668701171875 -3.0513761043548584
64.1642074584961 173.30648803710938 -3.0513761043548584
60.18047332763672 172.94610595703125 -3.0513761043548584
56.196739196777344 172.58572387695312 -3.0513761043548584
52.21300506591797 172.225341796875 -3.0513761043548584
48.229270935058594 171.86495971679688 -3.0513761043548584
44.24553680419922 171.50457763671875 -3.0513761043548584
41.757469177246094 171.46786499023438 3.0808794498443604
39.29216766357422 171.80567932128906 2.9299497604370117
36.90568542480469 172.5103302001953 2.779020071029663
33.16573715209961 173.92904663085938 2.779020071029663
29.4257869720459 175.34776306152344 2.779020071029663
29.4257869720459 175.34776306152344 2.3790199756622314
29.4257869720459 175.34776306152344 1.9790199995040894
29.4257869720459 175.34776306152344 1.5790200233459473
29.4257869720459 175.34776306152344 1.1790200471878052
30.953109741210938 179.04469299316406 1.1790200471878052
32.48043441772461 182.7416229248047 1.1790200471878052
34.00775909423828 186.4385528564453 1.1790200471878052
35.53508377075195 190.13548278808594 1.1790200471878052
37.062408447265625 193.83241271972656 1.1790200471878052
38.5897331237793 197.5293426513672 1.1790200471878052
40.11705780029297 201.2262725830078 1.1790200471878052
41.64438247680664 204.92320251464844 1.1790200471878052
43.17170715332031 208.62013244628906 1.1790200471878052
44.699031829833984 212.3170623779297 1.1790200471878052
46.226356506347656 216.0139923095703 1.1790200471878052
47.75368118286133 219.71092224121094 1.1790200471878052
49.281005859375 223.40785217285156 1.1790200471878052
50.80833053588867 227.1047821044922 1.1790200471878052
52.335655212402344 230.8017120361328 1.1790200471878052
52.335655212402344 230.8017120361328 0.7790200710296631
55.182064056396484 233.61204528808594 0.7790200710296631
58.028472900390625 236.42237854003906 0.7790200710296631
60.874881744384766 239.2327117919922 0.7790200710296631
63.721290588378906 242.0430450439453 0.7790200710296631
66.56770324707031 244.85337829589844 0.7790200710296631
69.41411590576172 247.66371154785156 0.7790200710296631
72.26052856445312 250.4740447998047 0.7790200710296631
75.10694122314453 253.2843780517578 0.7790200710296631
77.95335388183594 256.0946960449219 0.7790200710296631
80.79976654052734 258.905029296875 0.7790200710296631
83.64617919921875 261.7153625488281 0.7790200710296631
86.49259185791016 264.52569580078125 0.7790200710296631
89.33900451660156 267.3360290527344 0.7790200710296631
92.18541717529297 270.1463623046875 0.7790200710296631
95.03182983398438 272.9566955566406 0.7790200710296631
97.87824249267578 275.76702880859375 0.7790200710296631
100.72465515136719 278.5773620605469 0.7790200710296631
103.5710678100586 281.3876953125 0.7790200710296631
106.41748046875 284.1980285644531 0.7790200710296631
109.2638931274414 287.00836181640625 0.7790200710296631
112.11030578613281 289.8186950683594 0.7790200710296631
114.00778198242188 291.4284973144531 0.6280903816223145
116.125732421875 292.73468017578125 0.47716066241264343
118.41600036621094 293.70758056640625 0.3262309432029724
120.82650756835938 294.3250427246094 0.1753012239933014
123.30245971679688 294.57305908203125 0.02437150478363037
125.78755187988281 294.44598388671875 -0.12655821442604065
128.22528076171875 293.9466857910156 -0.27748793363571167
128.22528076171875 293.9466857910156 -0.6774879693984985
128.22528076171875 293.9466857910156 -1.0774879455566406
130.11944580078125 290.4236145019531 -1.0774879455566406
132.01361083984375 286.9005432128906 -1.0774879455566406
132.01361083984375 286.9005432128906 -1.4774879217147827
132.3863067626953 282.9179382324219 -1.4774879217147827
132.75900268554688 278.9353332519531 -1.4774879217147827
133.13169860839844 274.9527282714844 -1.4774879217147827
133.50439453125 270.9701232910156 -1.4774879217147827
133.87709045410156 266.9875183105469 -1.4774879217147827
134.24978637695312 263.0049133300781 -1.4774879217147827
134.6224822998047 259.0223083496094 -1.4774879217147827
134.99517822265625 255.03970336914062 -1.4774879217147827
135.3678741455078 251.05709838867188 -1.4774879217147827
135.74057006835938 247.07449340820312 -1.4774879217147827
136.11326599121094 243.09188842773438 -1.4774879217147827
136.4859619140625 239.10928344726562 -1.4774879217147827
136.85865783691406 235.12667846679688 -1.4774879217147827
137.23135375976562 231.14407348632812 -1.4774879217147827
137.6040496826172 227.16146850585938 -1.4774879217147827
137.6040496826172 227.16146850585938 -1.8774878978729248
136.39642333984375 223.34811401367188 -1.8774878978729248
135.1887969970703 219.53475952148438 -1.8774878978729248
133.98117065429688 215.72140502929688 -1.8774878978729248
132.86114501953125 212.53060913085938 -1.9392673969268799
131.42037963867188 208.79908752441406 -1.9392673969268799
129.9796142578125 205.06756591796875 -1.9392673969268799
128.53884887695312 201.33604431152344 -1.9392673969268799
128.53884887695312 201.33604431152344 -2.3392674922943115
125.75869750976562 198.46014404296875 -2.3392674922943115
122.97854614257812 195.58424377441406 -2.3392674922943115
122.97854614257812 195.58424377441406 -2.739267587661743
119.29793548583984 194.01800537109375 -2.739267587661743
115.61732482910156 192.45176696777344 -2.739267587661743
111.93671417236328 190.88552856445312 -2.739267587661743
108.256103515625 189.3192901611328 -2.739267587661743
104.57549285888672 187.7530517578125 -2.739267587661743
100.89488220214844 186.1868133544922 -2.739267587661743
97.21427154541016 184.62057495117188 -2.739267587661743
93.53366088867188 183.05433654785156 -2.739267587661743
89.8530502319336 181.48809814453125 -2.739267587661743
86.17243957519531 179.92185974121094 -2.739267587661743
82.49182891845703 178.35562133789062 -2.739267587661743
78.81121826171875 176.7893829345703 -2.739267587661743
75.13060760498047 175.22314453125 -2.739267587661743
71.44999694824219 173.6569061279297 -2.739267587661743
67.7693862915039 172.09066772460938 -2.739267587661743
64.08877563476562 170.52442932128906 -2.739267587661743
60.408164978027344 168.95819091796875 -2.739267587661743
56.72755432128906 167.39195251464844 -2.739267587661743
53.04694366455078 165.82571411132812 -2.739267587661743
49.3663330078125 164.2594757080078 -2.739267587661743
45.68572235107422 162.6932373046875 -2.739267587661743
42.00511169433594 161.1269989013672 -2.739267587661743
38.324501037597656 159.56076049804688 -2.739267587661743
34.643890380859375 157.99452209472656 -2.739267587661743
30.96327781677246 156.42828369140625 -2.739267587661743
27.282665252685547 154.86204528808594 -2.739267587661743
23.602052688598633 153.29580688476562 -2.739267587661743
19.92144012451172 151.7295684814453 -2.739267587661743
19.92144012451172 151.7295684814453 -2.739267587661743
19.92144012451172 151.7295684814453 -2.739267587661743
19.92144012451172 151.7295684814453 -2.739267587661743
19.92144012451172 151.7295684814453 -2.739267587661743
19.92144012451172 151.7295684814453 -2.739267587661743
19.92144012451172 151.7295684814453 -2.739267587661743
19.92144012451172 151.7295684814453 -2.739267587661743
19.92144012451172 151.7295684814453 -2.739267587661743
19.92144012451172 151.7295684814453 -2.739267587661743
19.92144012451172 151.7295684814453 -2.739267587661743
