60.0 450.0 0.38539817929267883
60.0 450.0 -0.014601826667785645
60.0 450.0 -0.4146018326282501
60.0 450.0 -0.8146018385887146
60.0 450.0 -1.2146018743515015
60.0 450.0 -1.6146018505096436
59.824832916259766 446.00384521484375 -1.6146018505096436
59.64966583251953 442.0076904296875 -1.6146018505096436
59.4744987487793 438.01153564453125 -1.6146018505096436
59.29933166503906 434.015380859375 -1.6146018505096436
59.12416458129883 430.01922607421875 -1.6146018505096436
58.948997497558594 426.0230712890625 -1.6146018505096436
58.77383041381836 422.02691650390625 -1.6146018505096436
58.598663330078125 418.03076171875 -1.6146018505096436
58.42349624633789 414.03460693359375 -1.6146018505096436
58.248329162597656 410.0384521484375 -1.6146018505096436
58.07316207885742 406.04229736328125 -1.6146018505096436
57.89799499511719 402.046142578125 -1.6146018505096436
57.72282791137695 398.04998779296875 -1.6146018505096436
57.54766082763672 394.0538330078125 -1.6146018505096436
57.372493743896484 390.05767822265625 -1.6146018505096436
57.19732666015625 386.0615234375 -1.6146018505096436
57.022159576416016 382.06536865234375 -1.6146018505096436
56.84699249267578 378.0692138671875 -1.6146018505096436
56.67182540893555 374.07305908203125 -1.6146018505096436
56.49665832519531 370.076904296875 -1.6146018505096436
56.32149124145508 366.08074951171875 -1.6146018505096436
56.146324157714844 362.0845947265625 -1.6146018505096436
55.97115707397461 358.08843994140625 -1.6146018505096436
55.795989990234375 354.09228515625 -1.6146018505096436
55.62082290649414 350.09613037109375 -1.6146018505096436
55.445655822753906 346.0999755859375 -1.6146018505096436
55.27048873901367 342.10382080078125 -1.6146018505096436
55.09532165527344 338.107666015625 -1.6146018505096436
54.9201545715332 334.11151123046875 -1.6146018505096436
54.74498748779297 330.1153564453125 -1.6146018505096436
54.569820404052734 326.11920166015625 -1.6146018505096436
54.569820404052734 326.11920166015625 -2.014601945877075
54.569820404052734 326.11920166015625 -2.414602041244507
51.58110809326172 323.460693359375 -2.414602041244507
48.5923957824707 320.80218505859375 -2.414602041244507
45.60368347167969 318.1436767578125 -2.414602041244507
42.61497116088867 315.48516845703125 -2.414602041244507
39.626258850097656 312.82666015625 -2.414602041244507
36.63754653930664 310.16815185546875 -2.414602041244507
36.63754653930664 310.16815185546875 -2.8146021366119385
35.68207931518555 309.99853515625 -3.11719012260437
35.68207931518555 309.99853515625 2.7659950256347656
35.68207931518555 309.99853515625 2.365994930267334
35.68207931518555 309.99853515625 1.965994954109192
34.142112731933594 313.6902160644531 1.965994954109192
32.60214614868164 317.38189697265625 1.965994954109192
31.062179565429688 321.0735778808594 1.965994954109192
29.522212982177734 324.7652587890625 1.965994954109192
27.98224639892578 328.4569396972656 1.965994954109192
26.442279815673828 332.14862060546875 1.965994954109192
24.902313232421875 335.8403015136719 1.965994954109192
23.362346649169922 339.531982421875 1.965994954109192
21.82238006591797 343.2236633300781 1.965994954109192
21.82238006591797 343.2236633300781 1.5659949779510498
21.82238006591797 343.2236633300781 1.1659950017929077
23.397724151611328 346.900390625 1.1659950017929077
24.973068237304688 350.5771179199219 1.1659950017929077
26.548412322998047 354.25384521484375 1.1659950017929077
28.123756408691406 357.9305725097656 1.1659950017929077
29.699100494384766 361.6072998046875 1.1659950017929077
31.274444580078125 365.2840270996094 1.1659950017929077
32.849788665771484 368.96075439453125 1.1659950017929077
34.425132751464844 372.6374816894531 1.1659950017929077
36.0004768371582 376.314208984375 1.1659950017929077
37.57582092285156 379.9909362792969 1.1659950017929077
39.15116500854492 383.66766357421875 1.1659950017929077
40.72650909423828 387.3443908691406 1.1659950017929077
42.30185317993164 391.0211181640625 1.1659950017929077
43.877197265625 394.6978454589844 1.1659950017929077
43.877197265625 394.6978454589844 0.7659950256347656
43.877197265625 394.6978454589844 0.36599501967430115
43.877197265625 394.6978454589844 -0.03400498628616333
47.87488555908203 394.5618591308594 -0.03400498628616333
51.87257385253906 394.4258728027344 -0.03400498628616333
55.870262145996094 394.2898864746094 -0.03400498628616333
59.867950439453125 394.1539001464844 -0.03400498628616333
63.865638732910156 394.0179138183594 -0.03400498628616333
67.86332702636719 393.8819274902344 -0.03400498628616333
67.86332702636719 393.8819274902344 -0.4340049922466278
71.49248504638672 392.19989013671875 -0.4340049922466278
75.12164306640625 390.5178527832031 -0.4340049922466278
78.75080108642578 388.8358154296875 -0.4340049922466278
82.37995910644531 387.1537780761719 -0.4340049922466278
86.00911712646484 385.47174072265625 -0.4340049922466278
89.63827514648438 383.7897033691406 -0.4340049922466278
93.2674331665039 382.107666015625 -0.4340049922466278
96.89659118652344 380.4256286621094 -0.4340049922466278
100.52574920654297 378.74359130859375 -0.4340049922466278
100.52574920654297 378.74359130859375 -0.8340049982070923
103.21340942382812 375.78106689453125 -0.8340049982070923
105.90106964111328 372.81854248046875 -0.8340049982070923
108.58872985839844 369.85601806640625 -0.8340049982070923
111.2763900756836 366.89349365234375 -0.8340049982070923
113.96405029296875 363.93096923828125 -0.8340049982070923
116.6517105102539 360.96844482421875 -0.8340049982070923
119.33937072753906 358.00592041015625 -0.8340049982070923
122.02703094482422 355.04339599609375 -0.8340049982070923
124.71469116210938 352.08087158203125 -0.8340049982070923
127.40235137939453 349.11834716796875 -0.8340049982070923
130.0900115966797 346.15582275390625 -0.8340049982070923
132.7776641845703 343.19329833984375 -0.8340049982070923
135.46531677246094 340.23077392578125 -0.8340049982070923
135.46531677246094 340.23077392578125 -1.2340049743652344
136.7871551513672 336.45550537109375 -1.2340049743652344
138.10899353027344 332.68023681640625 -1.2340049743652344
139.4308319091797 328.90496826171875 -1.2340049743652344
140.75267028808594 325.12969970703125 -1.2340049743652344
142.0745086669922 321.35443115234375 -1.2340049743652344
143.39634704589844 317.57916259765625 -1.2340049743652344
144.7181854248047 313.80389404296875 -1.2340049743652344
146.04002380371094 310.02862548828125 -1.2340049743652344
147.3618621826172 306.25335693359375 -1.2340049743652344
148.68370056152344 302.47808837890625 -1.2340049743652344
150.0055389404297 298.70281982421875 -1.2340049743652344
151.32737731933594 294.92755126953125 -1.2340049743652344
152.6492156982422 291.15228271484375 -1.2340049743652344
153.97105407714844 287.37701416015625 -1.2340049743652344
155.2928924560547 283.60174560546875 -1.2340049743652344
155.2928924560547 283.60174560546875 -1.6340049505233765
155.2928924560547 283.60174560546875 -2.0340049266815186
153.505615234375 280.02325439453125 -2.0340049266815186
151.7183380126953 276.44476318359375 -2.0340049266815186
149.93106079101562 272.86627197265625 -2.0340049266815186
148.14378356933594 269.28778076171875 -2.0340049266815186
146.35650634765625 265.70928955078125 -2.0340049266815186
144.56922912597656 262.13079833984375 -2.0340049266815186
142.78195190429688 258.55230712890625 -2.0340049266815186
140.9946746826172 254.97381591796875 -2.0340049266815186
139.2073974609375 251.39532470703125 -2.0340049266815186
137.4201202392578 247.81683349609375 -2.0340049266815186
135.63284301757812 244.23834228515625 -2.0340049266815186
133.84556579589844 240.65985107421875 -2.0340049266815186
132.05828857421875 237.08135986328125 -2.0340049266815186
130.27101135253906 233.50286865234375 -2.0340049266815186
128.48373413085938 229.92437744140625 -2.0340049266815186
126.69644927978516 226.34588623046875 -2.0340049266815186
124.90916442871094 222.76739501953125 -2.0340049266815186
124.90916442871094 222.76739501953125 -2.43400502204895
121.86943817138672 220.16738891601562 -2.43400502204895
118.8297119140625 217.5673828125 -2.43400502204895
115.78998565673828 214.96737670898438 -2.43400502204895
112.75025939941406 212.36737060546875 -2.43400502204895
109.71053314208984 209.76736450195312 -2.43400502204895
106.67080688476562 207.1673583984375 -2.43400502204895
103.6310806274414 204.56735229492188 -2.43400502204895
100.59135437011719 201.96734619140625 -2.43400502204895
97.55162811279297 199.36734008789062 -2.43400502204895
94.51190185546875 196.767333984375 -2.43400502204895
91.47217559814453 194.16732788085938 -2.43400502204895
88.43244934082031 191.56732177734375 -2.43400502204895
85.3927230834961 188.96731567382812 -2.43400502204895
82.35299682617188 186.3673095703125 -2.43400502204895
79.31327056884766 183.76730346679688 -2.43400502204895
76.27354431152344 181.16729736328125 -2.43400502204895
73.23381805419922 178.56729125976562 -2.43400502204895
70.194091796875 175.96728515625 -2.43400502204895
67.15436553955078 173.36727905273438 -2.43400502204895
64.11463928222656 170.76727294921875 -2.43400502204895
61.07490921020508 168.16726684570312 -2.43400502204895
58.035179138183594 165.5672607421875 -2.43400502204895
54.99544906616211 162.96725463867188 -2.43400502204895
51.955718994140625 160.36724853515625 -2.43400502204895
48.91598892211914 157.76724243164062 -2.43400502204895
45.876258850097656 155.167236328125 -2.43400502204895
45.876258850097656 155.167236328125 -2.834005117416382
45.876258850097656 155.167236328125 -2.834005117416382
45.876258850097656 155.167236328125 -2.834005117416382
45.876258850097656 155.167236328125 -2.834005117416382
45.876258850097656 155.167236328125 -2.834005117416382
45.876258850097656 155.167236328125 -2.834005117416382
45.876258850097656 155.167236328125 -2.834005117416382
45.876258850097656 155.167236328125 -2.834005117416382
45.876258850097656 155.167236328125 -2.834005117416382
45.876258850097656 155.167236328125 -2.834005117416382
