62.190528869628906 451.97149658203125 0.6802403926849365
64.57588958740234 453.7021789550781 0.5750826001167297
67.12973022460938 455.17291259765625 0.46992480754852295
69.82384490966797 456.3674621582031 0.36476701498031616
72.62845611572266 457.2726135253906 0.2596092224121094
75.51258850097656 457.8783874511719 0.1544514149427414
78.44437408447266 458.1781005859375 0.04929360747337341
81.39141845703125 458.1684265136719 -0.05586419999599457
84.3211669921875 457.8494567871094 -0.16102200746536255
87.20125579833984 457.2247314453125 -0.26617980003356934
89.99986267089844 456.3011474609375 -0.3713375926017761
92.68606567382812 455.08892822265625 -0.4764953851699829
95.23019409179688 453.6014404296875 -0.5816531777381897
97.60413360595703 451.8551330566406 -0.6868109703063965
99.78166198730469 449.8692932128906 -0.7919687628746033
102.59144592285156 447.0223388671875 -0.7919687628746033
105.40122985839844 444.1753845214844 -0.7919687628746033
108.21101379394531 441.32843017578125 -0.7919687628746033
111.02079772949219 438.4814758300781 -0.7919687628746033
113.83058166503906 435.634521484375 -0.7919687628746033
116.64036560058594 432.7875671386719 -0.7919687628746033
119.45014953613281 429.94061279296875 -0.7919687628746033
122.25993347167969 427.0936584472656 -0.7919687628746033
125.06971740722656 424.2467041015625 -0.7919687628746033
127.87950134277344 421.3997497558594 -0.7919687628746033
130.6892852783203 418.55279541015625 -0.7919687628746033
132.42897033691406 416.5372009277344 -0.9255166053771973
134.83465576171875 413.3414611816406 -0.9255166053771973
136.2896270751953 411.1131286621094 -1.0591906309127808
138.24794006347656 407.62530517578125 -1.0591906309127808
140.2062530517578 404.1374816894531 -1.0591906309127808
141.35195922851562 401.7340393066406 -1.1927385330200195
142.82843017578125 398.0165100097656 -1.1927385330200195
144.30490112304688 394.2989807128906 -1.1927385330200195
145.7813720703125 390.5814514160156 -1.1927385330200195
147.25784301757812 386.8639221191406 -1.1927385330200195
148.73431396484375 383.1463928222656 -1.1927385330200195
149.5498046875 380.61181640625 -1.3262864351272583
150.51812744140625 376.7308044433594 -1.3262864351272583
151.4864501953125 372.84979248046875 -1.3262864351272583
152.45477294921875 368.9687805175781 -1.3262864351272583
153.423095703125 365.0877685546875 -1.3262864351272583
154.39141845703125 361.2067565917969 -1.3262864351272583
154.86216735839844 358.5861511230469 -1.459834337234497
154.9790802001953 355.9301452636719 -1.5937769412994385
154.74026489257812 353.2823181152344 -1.7277195453643799
154.1499786376953 350.6900939941406 -1.8616621494293213
153.0028533935547 346.8581237792969 -1.8616621494293213
151.85572814941406 343.0261535644531 -1.8616621494293213
150.70860290527344 339.1941833496094 -1.8616621494293213
149.5614776611328 335.3622131347656 -1.8616621494293213
148.4143524169922 331.5302429199219 -1.8616621494293213
147.26722717285156 327.6982727050781 -1.8616621494293213
146.12010192871094 323.8663024902344 -1.8616621494293213
144.9729766845703 320.0343322753906 -1.8616621494293213
143.8258514404297 316.2023620605469 -1.8616621494293213
142.67872619628906 312.3703918457031 -1.8616621494293213
141.53160095214844 308.5384216308594 -1.8616621494293213
140.3844757080078 304.7064514160156 -1.8616621494293213
139.2373504638672 300.8744812011719 -1.8616621494293213
138.09022521972656 297.0425109863281 -1.8616621494293213
136.94309997558594 293.2105407714844 -1.8616621494293213
135.7959747314453 289.3785705566406 -1.8616621494293213
134.6488494873047 285.5466003417969 -1.8616621494293213
133.50172424316406 281.7146301269531 -1.8616621494293213
132.35459899902344 277.8826599121094 -1.8616621494293213
131.2074737548828 274.0506896972656 -1.8616621494293213
130.0603485107422 270.2187194824219 -1.8616621494293213
128.91322326660156 266.3867492675781 -1.8616621494293213
127.76609802246094 262.5547790527344 -1.8616621494293213
126.61897277832031 258.7228088378906 -1.8616621494293213
125.47184753417969 254.8908233642578 -1.8616621494293213
124.32472229003906 251.058837890625 -1.8616621494293213
123.17759704589844 247.2268524169922 -1.8616621494293213
122.03047180175781 243.39486694335938 -1.8616621494293213
121.03810119628906 240.61990356445312 -1.9668200016021729
119.49508666992188 236.9294891357422 -1.9668200016021729
117.95207214355469 233.23907470703125 -1.9668200016021729
116.4090576171875 229.5486602783203 -1.9668200016021729
114.86604309082031 225.85824584960938 -1.9668200016021729
113.32302856445312 222.16783142089844 -1.9668200016021729
111.78001403808594 218.4774169921875 -1.9668200016021729
110.23699951171875 214.78700256347656 -1.9668200016021729
108.69398498535156 211.09658813476562 -1.9668200016021729
107.15097045898438 207.4061737060547 -1.9668200016021729
105.60795593261719 203.71575927734375 -1.9668200016021729
104.06494140625 200.0253448486328 -1.9668200016021729
102.52192687988281 196.33493041992188 -1.9668200016021729
101.33274841308594 193.95106506347656 -2.100221633911133
99.83773040771484 191.7478790283203 -2.233769416809082
97.3758773803711 188.59521484375 -2.233769416809082
94.91402435302734 185.4425506591797 -2.233769416809082
92.4521713256836 182.28988647460938 -2.233769416809082
90.67710876464844 180.3053741455078 -2.3673171997070312
87.81739807128906 177.50857543945312 -2.3673171997070312
84.95768737792969 174.71177673339844 -2.3673171997070312
82.93418884277344 172.98129272460938 -2.5008649826049805
79.72754669189453 170.59017944335938 -2.5008649826049805
76.52090454101562 168.19906616210938 -2.5008649826049805
74.28439331054688 166.75289916992188 -2.6343326568603516
70.78807830810547 164.8097686767578 -2.6343326568603516
67.29176330566406 162.86663818359375 -2.6343326568603516
63.795448303222656 160.9235076904297 -2.6343326568603516
60.29913330078125 158.98037719726562 -2.6343326568603516
57.8907585144043 157.8451385498047 -2.7678818702697754
54.16684341430664 156.3848419189453 -2.7678818702697754
50.442928314208984 154.92454528808594 -2.7678818702697754
50.442928314208984 154.92454528808594 -2.7678818702697754
50.442928314208984 154.92454528808594 -2.9014415740966797
50.442928314208984 154.92454528808594 -2.9014415740966797
50.442928314208984 154.92454528808594 -2.9014415740966797
50.442928314208984 154.92454528808594 -2.9014415740966797
50.442928314208984 154.92454528808594 -2.9014415740966797
50.442928314208984 154.92454528808594 -2.9014415740966797
50.442928314208984 154.92454528808594 -2.9014415740966797
50.442928314208984 154.92454528808594 -2.9014415740966797
50.442928314208984 154.92454528808594 -2.9014415740966797
