-391.7576270485594
-393.24515059249467
-394.4392604428457
-395.32141920237507
-395.87799335511795
-396.10050207264044
-395.9855016497688
-395.53475349283786
-394.7551893635998
-393.6587913462318
-392.2625065561102
-390.58818645571506
-387.8893240741505
-385.21308910957345
-382.5599564390932
-379.9304100473184
-377.3249430470612
-374.74405768592834
-372.18826533766844
-369.65808647710236
-367.1540506374197
-364.67669634858623
-362.2265710555685
-359.8042310150516
-357.41024116929316
-355.0451749957375
-352.70961433099234
-350.4041491677613
-348.7460838821471
-346.0684038403269
-343.41643689760343
-341.53833820866066
-338.54619661123354
-335.5750557811227
-333.4968064332778
-330.22266704014504
-326.9646768827086
-323.723323544841
-320.4991117941168
-318.2647605823672
-314.7749500823445
-311.2974149491083
-307.83257120148295
-304.3808522474742
-300.9427096992802
-297.51861422649796
-295.1633664651125
-292.67350219193224
-290.08519993756573
-286.13239150020274
-282.18091265913006
-278.2308200637742
-274.28217360646585
-270.3350366562223
-266.3894763129
-262.4455636838002
-258.5033741850588
-254.56298787042846
-250.6244897903749
-246.6879703847717
-242.75352591288288
-238.82125892479056
-234.89127877895646
-230.96370221121646
-227.03865396120537
-223.1162674630133
-219.19668560779894
-215.28006158715223
-211.36654575302438
-207.45632892438343
-203.5496012244139
-199.64656748131983
-195.74744865808034
-191.8524834497634
-187.9619300713711
-184.07606826279076
-180.19520154166017
-176.31965973994727
-172.44980186593827
-168.58601934030972
-165.98369977101956
-163.33483024707874
-159.33482967133634
-155.3348291090265
-151.33482520575777
-148.68302559968626
-144.72032295312118
-142.119505967247
-138.2756152704308
-135.78319518054195
-132.1493777771453
-129.82907365731205
-126.5054284501357
-123.22198874144962
-119.98205537851219
-116.7892492385994
-114.81118071434423
-112.079059975519
-109.42497026125544
-107.84819500688216
-105.78394506222648
-103.8328124259451
-102.00128860118645
-100.29592640277691
-98.72326405841552
-97.28973695293723
-96.00157812798436
-94.86470959436355
-94.86470959436355
-94.86470959436355
-94.86470959436355
-94.86470959436355
-94.86470959436355
-94.86470959436355
-94.86470959436355
-94.86470959436355
-94.86470959436355
-94.86470959436355
