62.115238189697266 451.8816833496094 0.668666660785675
64.43523406982422 453.50421142578125 0.5519351363182068
66.92841339111328 454.8454895019531 0.43520358204841614
69.56084442138672 455.88726806640625 0.3184720277786255
72.29669189453125 456.6153869628906 0.20174047350883484
75.09871673583984 457.0198974609375 0.08500892668962479
77.92878723144531 457.0953063964844 -0.031722620129585266
80.74838256835938 456.8406066894531 -0.14845415949821472
83.51912689208984 456.2592468261719 -0.26518571376800537
86.20330810546875 455.3591613769531 -0.381917268037796
88.76438903808594 454.1525573730469 -0.49864882230758667
91.16751098632812 452.6558837890625 -0.6153803467750549
93.37996673583984 450.8895263671875 -0.7321118712425232
96.35502624511719 448.21575927734375 -0.7321118712425232
99.33008575439453 445.5419921875 -0.7321118712425232
102.30514526367188 442.86822509765625 -0.7321118712425232
105.28020477294922 440.1944580078125 -0.7321118712425232
108.25526428222656 437.52069091796875 -0.7321118712425232
111.2303237915039 434.846923828125 -0.7321118712425232
114.20538330078125 432.17315673828125 -0.7321118712425232
117.1804428100586 429.4993896484375 -0.7321118712425232
120.15550231933594 426.82562255859375 -0.7321118712425232
120.15550231933594 426.82562255859375 -1.13211190700531
121.85449981689453 423.2043762207031 -1.13211190700531
123.55349731445312 419.5831298828125 -1.13211190700531
125.25249481201172 415.9618835449219 -1.13211190700531
126.95149230957031 412.34063720703125 -1.13211190700531
128.65048217773438 408.7193908691406 -1.13211190700531
130.34947204589844 405.09814453125 -1.13211190700531
132.0484619140625 401.4768981933594 -1.13211190700531
133.74745178222656 397.85565185546875 -1.13211190700531
133.74745178222656 397.85565185546875 -1.5321118831634521
133.9021453857422 393.858642578125 -1.5321118831634521
134.0568389892578 389.86163330078125 -1.5321118831634521
134.21153259277344 385.8646240234375 -1.5321118831634521
134.36622619628906 381.86761474609375 -1.5321118831634521
134.5209197998047 377.87060546875 -1.5321118831634521
134.6756134033203 373.87359619140625 -1.5321118831634521
134.83030700683594 369.8765869140625 -1.5321118831634521
134.98500061035156 365.87957763671875 -1.5321118831634521
135.1396942138672 361.882568359375 -1.5321118831634521
135.2943878173828 357.88555908203125 -1.5321118831634521
135.44908142089844 353.8885498046875 -1.5321118831634521
135.60377502441406 349.89154052734375 -1.5321118831634521
135.7584686279297 345.89453125 -1.5321118831634521
135.9131622314453 341.89752197265625 -1.5321118831634521
136.06785583496094 337.9005126953125 -1.5321118831634521
136.22254943847656 333.90350341796875 -1.5321118831634521
136.3772430419922 329.906494140625 -1.5321118831634521
136.5319366455078 325.90948486328125 -1.5321118831634521
136.68663024902344 321.9124755859375 -1.5321118831634521
136.84132385253906 317.91546630859375 -1.5321118831634521
136.9960174560547 313.91845703125 -1.5321118831634521
137.1507110595703 309.92144775390625 -1.5321118831634521
137.30540466308594 305.9244384765625 -1.5321118831634521
137.46009826660156 301.92742919921875 -1.5321118831634521
137.6147918701172 297.930419921875 -1.5321118831634521
137.7694854736328 293.93341064453125 -1.5321118831634521
137.92417907714844 289.9364013671875 -1.5321118831634521
138.07887268066406 285.93939208984375 -1.5321118831634521
138.2335662841797 281.9423828125 -1.5321118831634521
138.3882598876953 277.94537353515625 -1.5321118831634521
138.54295349121094 273.9483642578125 -1.5321118831634521
138.69764709472656 269.95135498046875 -1.5321118831634521
138.8523406982422 265.954345703125 -1.5321118831634521
139.0070343017578 261.95733642578125 -1.5321118831634521
139.16172790527344 257.9603271484375 -1.5321118831634521
139.31642150878906 253.96331787109375 -1.5321118831634521
139.4711151123047 249.96630859375 -1.5321118831634521
139.6258087158203 245.96929931640625 -1.5321118831634521
139.78050231933594 241.9722900390625 -1.5321118831634521
139.93519592285156 237.97528076171875 -1.5321118831634521
140.0898895263672 233.978271484375 -1.5321118831634521
140.2445831298828 229.98126220703125 -1.5321118831634521
140.39927673339844 225.9842529296875 -1.5321118831634521
140.39927673339844 225.9842529296875 -1.9321118593215942
138.98526000976562 222.24252319335938 -1.9321118593215942
137.83168029785156 219.65713500976562 -2.0488433837890625
136.3848419189453 217.22369384765625 -2.1655750274658203
134.6644287109375 214.97531127929688 -2.282306671142578
132.05252075195312 211.94580078125 -2.282306671142578
129.44061279296875 208.91629028320312 -2.282306671142578
126.82869720458984 205.88677978515625 -2.282306671142578
124.21678161621094 202.85726928710938 -2.282306671142578
121.60486602783203 199.8277587890625 -2.282306671142578
118.99295043945312 196.79824829101562 -2.282306671142578
118.99295043945312 196.79824829101562 -2.6823067665100098
115.407470703125 195.02500915527344 -2.6823067665100098
111.82199096679688 193.25177001953125 -2.6823067665100098
108.23651123046875 191.47853088378906 -2.6823067665100098
104.65103149414062 189.70529174804688 -2.6823067665100098
101.0655517578125 187.9320526123047 -2.6823067665100098
97.48007202148438 186.1588134765625 -2.6823067665100098
93.89459228515625 184.3855743408203 -2.6823067665100098
90.30911254882812 182.61233520507812 -2.6823067665100098
86.7236328125 180.83909606933594 -2.6823067665100098
83.13815307617188 179.06585693359375 -2.6823067665100098
79.55267333984375 177.29261779785156 -2.6823067665100098
75.96719360351562 175.51937866210938 -2.6823067665100098
72.3817138671875 173.7461395263672 -2.6823067665100098
68.79623413085938 171.972900390625 -2.6823067665100098
65.21075439453125 170.1996612548828 -2.6823067665100098
61.62527847290039 168.42642211914062 -2.6823067665100098
58.03980255126953 166.65318298339844 -2.6823067665100098
54.45432662963867 164.87994384765625 -2.6823067665100098
50.86885070800781 163.10670471191406 -2.6823067665100098
47.28337478637695 161.33346557617188 -2.6823067665100098
43.697898864746094 159.5602264404297 -2.6823067665100098
40.112422943115234 157.7869873046875 -2.6823067665100098
36.526947021484375 156.0137481689453 -2.6823067665100098
36.526947021484375 156.0137481689453 -2.6823067665100098
36.526947021484375 156.0137481689453 -2.6823067665100098
36.526947021484375 156.0137481689453 -2.6823067665100098
36.526947021484375 156.0137481689453 -2.6823067665100098
36.526947021484375 156.0137481689453 -2.6823067665100098
36.526947021484375 156.0137481689453 -2.6823067665100098
36.526947021484375 156.0137481689453 -2.6823067665100098
36.526947021484375 156.0137481689453 -2.6823067665100098
36.526947021484375 156.0137481689453 -2.6823067665100098
36.526947021484375 156.0137481689453 -2.6823067665100098
