-390.5752592956173
-391.25258871354805
-391.95906008825176
-392.61891779435416
-393.161791154307
-394.5698157651862
-394.5698157651862
-394.5698157651862
-394.2886628382666
-393.8138064483607
-393.1955706940634
-392.49976014334175
-391.8008160225858
-391.173852957612
-390.68665285073234
-390.39202036695616
-390.322050701052
-390.4843331848851
-390.861212064585
-391.4117399344712
-392.0762613045419
-392.7831318001455
-393.45648980436596
-394.0244751105928
-394.42673370946443
-394.42673370946443
-394.6129331688972
-394.53401905148536
-394.2332901534951
-393.74272638331985
-393.1143252239324
-392.41502615673704
-391.7196402212982
-391.10296707565516
-390.63169457138275
-390.35692298177213
-390.30856691569005
-390.4919089370639
-390.8869680137198
-391.4508051455362
-392.1223972626818
-392.8293430839771
-393.4958430148651
-394.05074672763016
-394.05074672763016
-394.05074672763016
-393.89301499813286
-393.5220541066536
-392.97714450030156
-392.31614823522153
-391.6095576847888
-390.9331411400523
-390.35976071878673
-389.9514774543371
-389.75266218226903
-389.7849834728464
-390.0448727375626
-390.50407163653904
-391.1127360450231
-391.8050638684923
-392.50654605681115
-393.1420802108126
-393.64398044176323
-393.64398044176323
-393.64398044176323
-393.40946746613093
-392.97293458129434
-392.3805996387991
-391.6954550006402
-390.99072168521303
-390.3420531345178
-389.819486396016
-389.47964749745233
-389.3595035537363
-389.4721423565543
-389.8052854375174
-390.32270919076325
-390.96831721477344
-391.6724093214332
-392.359365338127
-392.9557871767293
-393.39822381553313
-393.39822381553313
-393.8668780060381
-394.3755477810675
-394.9240785181342
-395.5123043693641
-396.14004850572513
-396.8071233748944
-397.51333097191315
-398.25846312175156
-399.0423017728822
-399.8646193009418
-399.8646193009418
-399.62105009239764
-399.62105009239764
-399.62105009239764
-398.9169917540426
-394.92786833828586
-390.938967219355
-386.9502952719319
-382.9618596567033
-378.97366783536785
-374.98572758659594
-374.3022809204382
-373.7081285140842
-373.2703603354296
-373.03649050794024
-373.03203494814574
-373.25746671019317
-373.6882274017563
-374.2775116863366
-374.96153135473077
-375.666624258627
-375.666624258627
-375.666624258627
-375.666624258627
-376.21745023899376
-376.21745023899376
-375.9290196500764
-375.9290196500764
-375.28430410108376
-371.4188527675428
-367.5562807430998
-363.69667976524477
-359.84014543522716
-359.1371133821321
-355.1440788540933
-351.1512027144368
-347.1584904283194
-343.1659477150152
-339.17358056284485
-335.1813952451681
-331.18939833753075
-327.197596736062
-323.2059976772316
-319.2146087590849
-315.22343796408546
-311.23249368371006
-307.2417847449539
-303.2513204389217
-302.5716739614578
-301.97453533427745
-301.53288273224797
-301.2942732034972
-301.2850784534609
-301.50630040741055
-301.9337595910489
-302.5208562758694
-303.2039067537845
-303.90926207400247
-304.5613515644059
-304.5613515644059
-304.5613515644059
-305.4207053746314
-306.32988375341836
-306.32988375341836
-306.1023163395441
-306.1023163395441
-305.4872845980026
-304.79330619603456
-300.79440954055474
-296.79554207711425
-292.7967052321871
-288.7979002776499
-284.7991285568016
-280.8003914894471
-276.80169057742216
-272.8030274106029
-268.80440367345244
-264.8058211521597
-264.1055582007729
-263.4743809173661
-260.25967248409853
-257.0670042874036
-253.89720835073422
-253.4182417114283
-253.13434731512484
-253.07674820114542
-253.2517657533663
-253.64018676619747
-254.1995226261538
-254.8688533082397
-255.5758333267158
-256.24464870515317
-256.24464870515317
-256.24464870515317
-256.24464870515317
-256.04483113414716
-255.63804337709797
-255.06708031162088
-251.50189563457346
-247.94997795077876
-244.41190599776604
-240.88828985816502
-237.37977349968332
-233.8870362457794
-230.41079567158317
-226.9518098215864
-223.51087978368957
-220.08885242821432
-216.68662331985703
-213.3051398102232
-209.94540431802758
-206.60847780322385
-206.60847780322385
-206.60847780322385
-206.60847780322385
-206.60847780322385
-206.60847780322385
-206.60847780322385
-206.60847780322385
-206.60847780322385
-206.60847780322385
-206.60847780322385
