-390.0
-390.0
-386.90095135985285
-383.8230974422801
-379.87885735109637
-375.9357956844681
-371.99394991559257
-368.05335911121034
-364.11406401653517
-361.2119042767613
-361.2119042767613
-358.1203961831463
-355.02017539579737
-351.9363641605212
-348.8945979761851
-348.8945979761851
-345.81453823341775
-342.71508563180896
-339.621025299443
-336.557823825266
-332.6391793947996
-329.7569910331859
-329.7569910331859
-326.6600524214225
-323.5622963363622
-320.4890695984859
-317.46622096770625
-313.613269245492
-309.76404517305565
-305.9186894599686
-303.1038837973208
-303.1038837973208
-300.0048901825164
-296.9273393688532
-293.89709726401344
-290.94045731714573
-287.18950312963364
-283.44535897933093
-279.7082983415716
-276.8701208086605
-276.8701208086605
-273.7873672540442
-270.74781077280136
-267.77784511692124
-264.90415728038175
-262.1534740665606
-259.66402232801084
-257.36689265864914
-255.2914876846779
-253.46503314648837
-251.91213203855605
-250.65410012560483
-249.19949294065216
-247.80092155813603
-246.94088112977607
-246.94088112977607
-246.94088112977607
-246.94088112977607
-246.94088112977607
-246.94088112977607
-246.94088112977607
-246.94088112977607
-246.94088112977607
-246.94088112977607
-246.94088112977607
