-392.83861260070745
-395.6972973447963
-398.57562242630917
-401.47316538979356
-404.3895131339564
-407.324261745324
-410.2770163548833
-413.2473909909103
-416.23500842860443
-419.2395000371072
-422.2605056244355
-425.29767328082255
-428.3506592209188
-431.41912762526795
-434.50275048143925
-437.6012074251642
-440.7141855817944
-443.8413794083695
-446.9824905365546
-450.1372276166848
-453.3053061631269
-456.4864484011485
-459.6803831154639
-462.8868455006061
-466.1055758558366
-469.33632403122084
-472.57884245426635
-475.8328905033011
-475.8328905033011
-477.9446785944005
-480.0805056191354
-480.0805056191354
-480.7607805336605
-481.4733266871371
-482.2180010234553
-482.9946549383027
-483.8031344203108
-484.6432801957528
-485.5149278764917
-486.41790811088083
-486.41790811088083
-485.7639278502074
-485.14204720539146
-484.5523897676036
-483.99507331070384
-483.4702096771342
-482.97790466868287
-482.51825794236123
-482.0913629116284
-481.6973066531848
-481.3361698195492
-481.0080265576199
-480.71294443341003
-480.71294443341003
-478.91580299066095
-477.14542631104626
-475.40211340708237
-473.68616308828405
-471.9978737851371
-470.337543367622
-468.70546895838436
-467.1019467406639
-465.52727176111466
-463.9817377276666
-462.465636802599
-460.979259391018
-459.52290050695956
-458.09683333719516
-456.7013481738505
-455.33672619399914
-454.0032456991195
-452.70118188117306
-451.43080658601104
-450.19238807446743
-449.09978637474535
-448.1222985863667
-447.2612288292657
-446.51775643139064
-445.8928850992045
-445.38747493063806
-445.0021767731309
-444.7375707833595
-444.53848948557373
-444.3753259026027
-444.3753259026027
-445.76905607288165
-447.3247051437406
-448.91060601731755
-448.91060601731755
-451.677889273327
-454.51872393073694
-457.43013300574256
-460.4091498964857
-463.452830542151
-466.558178401996
-469.7222391766526
-472.94207454613814
-476.2147405612569
-479.5373385211456
-482.9069766939151
-486.32077586947725
-489.7758973633414
-493.26957385273346
-496.79901484236626
-500.36150801947974
-503.95434319610735
-507.57496102604944
-511.22056575982094
-514.8889090670095
-518.5770953842457
-522.5084751959661
-526.4408887063915
-530.3743129227195
-534.3087255233884
-538.2441048339666
-542.1804298040624
-546.1176799852091
-550.0558355096745
-553.9948770701535
-557.9347859002988
-561.8755437560525
-565.817132897738
-569.7595360728794
-573.7027364997126
-577.6467178513559
-581.5914642406118
-585.5369602053684
-589.4831906945752
-593.4301410547668
-597.377797017108
-601.3261677917077
-605.2752166932543
-609.2249305347146
-613.1752964666359
-617.12630196648
-621.0779348283564
-625.0301831531389
-628.9830353389459
-628.9830353389459
-632.3898570708517
-635.8035890702814
-639.2241206258342
-642.6513431649786
-646.0851502087722
-649.5254373275098
-652.9721020972908
-652.9721020972908
-655.369079316533
-657.7816461892622
-657.7816461892622
-658.7821170940027
-659.8053002919102
-660.8511110206733
-660.8511110206733
-660.3343714630665
-659.8414757723541
-659.3724774200115
-658.9274274335675
-658.5063743693642
-658.1093642865154
-658.1093642865154
-656.2137617630559
-654.3371412870636
-652.4796453084884
-652.4796453084884
-649.4011471904312
-646.3327411580743
-643.2745716285369
-640.2267852918607
-637.1895311418165
-637.1895311418165
-633.3820809553898
-629.5770186389872
-625.7743877514122
-621.9742328885317
-618.1765997134019
-614.3815349874158
-610.589086602509
-606.7993036144677
-606.7993036144677
-602.8100912930275
-598.8210232658117
-594.8321254793257
-590.8433778511064
-586.8547834429512
-582.8663454003462
-578.8780669553415
-574.8899514295451
-570.9020022372416
-566.9142228886419
-562.9266169932711
-558.9391882634994
-554.9519405182264
-550.9648776867226
-546.9780038126397
-542.9913230581956
-539.0048397085448
-535.0185581763432
-531.032483006517
-527.0466188812477
-523.0609706251828
-519.0755432108858
-515.0903417645382
-511.1053715719059
-507.12063808458635
-503.13614692654977
-499.1519039009929
-495.16791499752094
-491.1841863996773
-487.20072449284027
-483.2175358725081
-479.2346273529946
-475.25200597655896
-471.2696790229959
-467.2876540197126
-463.30593875232205
-459.3245412757834
-455.34346992612296
-451.36273333277074
-447.38234043155137
-443.402300478369
-439.4226230636309
-435.44331812745565
-431.4643959757166
-427.48586729697405
-423.50774318035434
-419.53003513443764
-415.5527551072219
-411.5759155072339
-407.59952922586575
-403.6236096610204
-399.64817074215523
-395.67322695682185
-391.6987933788068
-387.7248856979861
-383.75152025201714
-379.77871405999963
-375.80648485825026
-371.83485113834655
-371.83485113834655
-368.3685662798471
-364.91320137525173
-361.46906958365224
-358.03649507596094
-354.6158134654421
-351.20737225477916
-347.81153130011097
-344.42866329244487
-341.0591542568295
-337.7034040696341
-334.36182699423756
-331.0348522353826
-327.7229245123843
-324.4265046513147
-321.1460701961964
-318.049975953438
-314.9176962903517
-311.74994114199853
-308.54745125973017
-305.31095747107827
-302.0412322110614
-298.7390579397078
-295.4052527601667
-292.0406633392685
-288.6461192468585
-285.2225109925678
-281.7707704321422
-278.291813445828
-274.78662114183
-271.0500270810261
-271.0500270810261
-267.291637841153
-263.5384869230702
-259.79300180807803
-256.0576665789637
-252.33509353643433
-248.62802355481583
-244.939290570798
-241.27185941128204
-237.6288485132836
-233.7720963214665
-233.7720963214665
-230.8650526033823
-228.04170764088963
-225.3068235750262
-222.66522955543712
-220.1218040402514
-217.6814499400679
-215.3490791889946
-213.12957947815957
-211.02777783613783
-209.0484416042443
-207.1961942915179
-205.47554640172825
-203.89081611511247
-202.44608407328016
-201.14521992361915
-199.99175022811568
-198.9889074715298
-198.13954281483274
-197.35783080910826
-197.35783080910826
-198.2315731878929
-199.25866187537673
-200.43618287587623
-201.7608348517549
-203.22898877976996
-204.83675299215602
-206.57997327461007
-208.45426497011616
-210.45509665053854
-212.5777708971965
-214.81749194313295
-217.16939711708307
-219.62858578593105
-222.1901055424416
-224.84904306190217
-227.6005209986626
-230.43968395733327
-233.36177547217815
-236.3620783506409
-239.43601591930033
-242.57906924123333
-245.7868308899137
-249.055025591131
-252.3795034558679
-255.75622250319506
-259.18129756622557
-262.6567631463656
-266.3712126669786
-270.0938186681682
-273.82424849117325
-277.5621866801819
-281.30733392774954
-285.059406093394
-288.81813328983435
-292.5832590317778
-296.35453944256386
-300.1317425143461
-303.9146474178355
-307.70304385794213
-311.4967314719433
-315.29551926706966
-319.0992250946469
-322.90767515815264
-326.7207035527559
-330.5381518340938
-334.35986861421486
-338.1857091827764
-342.01553515173214
-345.84921412187697
-349.68661936974365
-353.5276295534564
-357.37212843625304
-361.2200046264816
-365.0711513329682
-368.92546613473087
-372.78285076409264
-376.643210902314
-380.50645598692813
-384.37249903002305
-388.2412564467665
-392.11264789352134
-395.9865961149433
-399.86302679949756
-403.74186844286794
-407.6230522187703
-411.50651185671467
-415.3921835262918
-419.28000572758816
-423.16991918736153
-427.0618667606319
-430.95579333736686
-434.8516457539613
-438.74937270923124
-442.64892468465916
-446.55025386864594
-450.4533140845398
-454.358060722228
-458.26442041520966
-462.17241200292835
-462.17241200292835
-462.17241200292835
-464.2987122240781
-466.4496218459273
-468.62480200947374
-470.82391632920144
-473.04663100761417
-475.2926149422895
-477.5615398256476
-477.5615398256476
-478.39811950448706
-478.39811950448706
-477.67768080207316
-476.98969871020097
-476.33431386268245
-476.33431386268245
-474.2201440404585
-474.2201440404585
-470.9645147403037
-467.7204326033362
-464.48813957301405
-461.2678834827039
-458.0599181990195
-454.8645037674815
-454.8645037674815
-450.9880088287063
-447.113689325081
-443.2416023022304
-439.37180678324336
-435.50436385351486
-431.6393367499043
-427.77679095446456
-423.9167942930095
-420.05941703880836
-416.20473202171195
-412.3528147430381
-408.5037434965648
-404.6575994960034
-400.81446700934873
-396.9744335005321
-393.1375897788307
-389.3040301565188
-385.47385261528046
-381.6471589819397
-377.82405511410286
-374.00465109635076
-370.1890614476624
-366.3774053408029
-362.5698068344585
-358.76639511896013
-354.96730477649743
-354.96730477649743
-350.98023290670585
-346.9934586041486
-343.00699224470833
-339.02084469147724
-335.03502732364103
-331.0495520674389
-327.06443142937434
-323.07967853187046
-319.095307151582
-315.11133176059707
-311.12776757078524
-307.1446305815763
-303.1619376314814
-299.1797064537038
-295.19795573622014
-291.2167051867583
-287.2359756031408
-283.2557889495178
-279.27616843907094
-275.29713862383636
-271.31872549237016
-267.34095657606474
-263.36386106502056
-259.38746993448706
-255.41181608301193
-251.43693448357794
-247.46286234917093
-243.48963931440542
-239.5173076350489
-235.54591240752822
-231.57550181078338
-227.60612737315793
-223.63784426738948
-219.67071163719797
-215.70479295947436
-211.74015644665823
-207.77687549457903
-203.81502918183725
-199.8547028277429
-195.8959886169356
-191.93898630011725
-187.98380398187368
-184.03055900839757
-180.07937897010856
-176.13040283677756
-172.1837822458898
-168.23968306656653
-164.29828681026186
-160.3597927781304
-156.42442018915187
-152.49241070882613
-148.56403136922418
-144.6395779521355
-140.71937892229877
-136.80380001663943
-132.89324961907354
-128.9881850800749
-125.08912017755772
-121.19663396294818
-117.31138129658079
-113.43410545371368
-109.56565328179383
-105.70699351820498
-101.85923904515953
-98.02367407759017
-94.20178756844186
-90.39531449759784
-86.60628721841705
-82.83709971388318
-79.09058852269497
-75.3701353145543
-71.67979772859124
-68.0244772717794
-64.41013596007589
-60.8440771258932
-57.33531048854074
-53.895027014954266
-50.53721446298244
-47.27944749065775
-44.14388139907722
-41.2998896432182
-38.55069404368729
-35.918339573561234
-33.43209395470666
-31.128544765010073
-29.05263665824473
-27.257727576135267
-25.80363440920598
-24.75138327464217
-24.15416901610075
-24.04625757952142
-24.43419673027002
-25.29498009385982
-26.582248108218245
-28.237069004177034
-30.198235660739613
-32.4091779570022
-34.821233243199025
-37.596804454779566
-40.35767662489341
-43.4343453772234
-43.4343453772234
-43.4343453772234
-43.4343453772234
-43.4343453772234
-43.4343453772234
-43.4343453772234
-43.4343453772234
-43.4343453772234
-43.4343453772234
-43.4343453772234
