-392.179941824047
-394.18180851191755
-395.9957020402729
-397.61280402489393
-399.0252792785863
-400.22643160353874
-401.2105312751145
-401.9729863228653
-402.510219369969
-402.8197648787466
-402.9001651543805
-402.8770602488438
-402.8936686578627
-402.94998547084026
-403.0459940426486
-403.1816660182117
-403.35696137432956
-403.5718284786014
-403.82620416524304
-404.1200138275425
-404.1200138275425
-402.87377173021554
-402.87377173021554
-402.87377173021554
-399.5145041604199
-396.203140113931
-392.94259959333027
-389.73591719572556
-386.5860870382297
-383.4961764340063
-383.4961764340063
-379.8301272396731
-376.1876557397894
-372.57136835925155
-368.9839386369834
-365.42811170261473
-361.90670197015663
-358.42259022658976
-354.9786712503443
-351.57797286034474
-348.2235554586783
-344.9185254382913
-341.6660525477266
-338.46934570534614
-338.46934570534614
-334.53040652737934
-330.59293403077834
-326.65698125299537
-322.72260379790146
-318.78985999151723
-314.8588110491135
-310.9295212546533
-307.23427697191903
-303.55946238859815
-299.9077657801733
-296.28196951616036
-292.68497849635474
-289.1197602840816
-285.589361371775
-282.0969841282664
-278.6459056230853
-275.2395132032555
-271.8812673057181
-268.57476433569667
-265.323654494641
-262.1317513693066
-259.0029428520107
-259.0029428520107
-255.32270724072714
-251.66539158425937
-248.03398545679977
-244.43157652703798
-240.86134035356818
-237.32665898650652
-233.83100775042385
-230.37802247198556
-226.971503874819
-223.6153479081385
-220.31364560421437
-217.07066052355182
-213.89075604988363
-210.77848126276166
-207.738537547305
-204.7757547793231
-204.7757547793231
-201.1705697992475
-197.59853021194806
-194.06337452688223
-190.56904454441255
-187.1196906051943
-183.7225022266701
-183.7225022266701
-179.73086619130845
-175.7396106156522
-171.74876202412025
-167.75834946228025
-163.76840480328616
-159.7789631000629
-155.79006299139667
-151.80174717179386
-147.81406293708633
-143.82706282039697
-143.82706282039697
-143.82706282039697
-140.98001512565708
-138.11992161331753
-135.24749448541766
-132.36346549994164
-129.46859988993205
-126.56371471266749
-126.56371471266749
-124.82496437147253
-123.09981126477527
-121.38975422784543
-119.69635473049702
-118.02122160351256
-116.36602929960091
-114.73251367270676
-113.12249491308616
-111.5378313400432
-109.9804632436191
-108.45239953927468
-106.95570072644314
-105.49249296041214
-104.06496611372809
-102.67537041979907
-101.32599708464147
-100.01918810894952
-98.75732932386691
-97.54282780234759
-97.54282780234759
-97.54282780234759
-97.54282780234759
-97.54282780234759
-97.61304579504112
-97.74299854753674
-97.74299854753674
-97.74299854753674
-97.74299854753674
-97.74299854753674
-97.74299854753674
-97.74299854753674
-97.74299854753674
-97.74299854753674
-97.74299854753674
-97.74299854753674
