62.48839569091797 452.3486022949219 0.7276167273521423
65.10826873779297 454.5495910644531 0.6698352694511414
67.85087585449219 456.5956115722656 0.6120538115501404
70.70706176757812 458.4798278808594 0.5542723536491394
73.66729736328125 460.1959533691406 0.4964908957481384
76.72169494628906 461.73828125 0.43870943784713745
79.86006164550781 463.10162353515625 0.3809279799461365
83.0719223022461 464.2814636230469 0.3231465220451355
86.3465576171875 465.27386474609375 0.2653650641441345
89.67304229736328 466.07550048828125 0.20758360624313354
93.04026794433594 466.6836853027344 0.14980214834213257
96.43699645996094 467.0964050292969 0.09202069044113159
99.85189056396484 467.3122863769531 0.034239232540130615
103.27355194091797 467.3305969238281 -0.02354222536087036
106.69055938720703 467.1512756347656 -0.08132368326187134
110.09150695800781 466.77490234375 -0.13910514116287231
113.21392822265625 466.4742431640625 -0.05288846790790558
116.62419891357422 466.1947326660156 -0.11066992580890656
120.01264190673828 465.71875 -0.16845138370990753
123.12489318847656 465.32659912109375 -0.0822347104549408
126.52549743652344 464.9471435546875 -0.14001616835594177
129.64764404296875 464.6436462402344 -0.05379949510097504
133.0576629638672 464.36102294921875 -0.11158095300197601
136.44566345214844 463.8819580078125 -0.169362410902977
136.44566345214844 463.8819580078125 -0.5693624019622803
136.44566345214844 463.8819580078125 -0.9693623781204224
138.70896911621094 460.5838623046875 -0.9693623781204224
138.70896911621094 460.5838623046875 -1.3693623542785645
139.50926208496094 456.66473388671875 -1.3693623542785645
140.30955505371094 452.74560546875 -1.3693623542785645
141.10984802246094 448.82647705078125 -1.3693623542785645
141.91014099121094 444.9073486328125 -1.3693623542785645
142.71043395996094 440.98822021484375 -1.3693623542785645
143.51072692871094 437.069091796875 -1.3693623542785645
144.31101989746094 433.14996337890625 -1.3693623542785645
145.11131286621094 429.2308349609375 -1.3693623542785645
145.91160583496094 425.31170654296875 -1.3693623542785645
146.71189880371094 421.392578125 -1.3693623542785645
147.51219177246094 417.47344970703125 -1.3693623542785645
148.31248474121094 413.5543212890625 -1.3693623542785645
149.11277770996094 409.63519287109375 -1.3693623542785645
149.91307067871094 405.716064453125 -1.3693623542785645
150.71336364746094 401.79693603515625 -1.3693623542785645
151.51365661621094 397.8778076171875 -1.3693623542785645
152.31394958496094 393.95867919921875 -1.3693623542785645
153.11424255371094 390.03955078125 -1.3693623542785645
153.91453552246094 386.12042236328125 -1.3693623542785645
154.71482849121094 382.2012939453125 -1.3693623542785645
155.51512145996094 378.28216552734375 -1.3693623542785645
155.51512145996094 378.28216552734375 -1.7693623304367065
154.72607421875 374.36077880859375 -1.7693623304367065
153.93701171875 370.43939208984375 -1.7693623304367065
153.14794921875 366.51800537109375 -1.7693623304367065
152.35888671875 362.59661865234375 -1.7693623304367065
151.56982421875 358.67523193359375 -1.7693623304367065
150.78076171875 354.75384521484375 -1.7693623304367065
149.99169921875 350.83245849609375 -1.7693623304367065
149.20263671875 346.91107177734375 -1.7693623304367065
148.41357421875 342.98968505859375 -1.7693623304367065
147.62451171875 339.06829833984375 -1.7693623304367065
146.83544921875 335.14691162109375 -1.7693623304367065
146.04638671875 331.22552490234375 -1.7693623304367065
145.25732421875 327.30413818359375 -1.7693623304367065
144.46826171875 323.38275146484375 -1.7693623304367065
143.67919921875 319.46136474609375 -1.7693623304367065
142.89013671875 315.53997802734375 -1.7693623304367065
142.10107421875 311.61859130859375 -1.7693623304367065
142.10107421875 311.61859130859375 -1.3693623542785645
142.9013671875 307.699462890625 -1.3693623542785645
143.70166015625 303.78033447265625 -1.3693623542785645
144.501953125 299.8612060546875 -1.3693623542785645
145.30224609375 295.94207763671875 -1.3693623542785645
146.1025390625 292.02294921875 -1.3693623542785645
146.90283203125 288.10382080078125 -1.3693623542785645
147.703125 284.1846923828125 -1.3693623542785645
148.50341796875 280.26556396484375 -1.3693623542785645
149.3037109375 276.346435546875 -1.3693623542785645
150.10400390625 272.42730712890625 -1.3693623542785645
150.904296875 268.5081787109375 -1.3693623542785645
151.70458984375 264.58905029296875 -1.3693623542785645
152.5048828125 260.669921875 -1.3693623542785645
153.30517578125 256.75079345703125 -1.3693623542785645
154.10546875 252.8316650390625 -1.3693623542785645
154.90576171875 248.91253662109375 -1.3693623542785645
155.7060546875 244.993408203125 -1.3693623542785645
155.7060546875 244.993408203125 -1.7693623304367065
154.9169921875 241.07200622558594 -1.7693623304367065
154.1279296875 237.15060424804688 -1.7693623304367065
153.3388671875 233.2292022705078 -1.7693623304367065
152.5498046875 229.30780029296875 -1.7693623304367065
151.7607421875 225.3863983154297 -1.7693623304367065
150.9716796875 221.46499633789062 -1.7693623304367065
150.1826171875 217.54359436035156 -1.7693623304367065
149.3935546875 213.6221923828125 -1.7693623304367065
148.6044921875 209.70079040527344 -1.7693623304367065
147.8157196044922 205.84539794921875 -1.775836706161499
147.8157196044922 205.84539794921875 -2.1758368015289307
146.87490844726562 204.13475036621094 -1.9714058637619019
145.3149871826172 200.4514617919922 -1.9714058637619019
143.75506591796875 196.76817321777344 -1.9714058637619019
142.1951446533203 193.0848846435547 -1.9714058637619019
140.63522338867188 189.40159606933594 -1.9714058637619019
140.63522338867188 189.40159606933594 -2.371405839920044
140.63522338867188 189.40159606933594 -2.7714059352874756
136.90618896484375 187.95443725585938 -2.7714059352874756
133.17715454101562 186.5072784423828 -2.7714059352874756
129.4481201171875 185.06011962890625 -2.7714059352874756
125.71907806396484 183.6129608154297 -2.7714059352874756
121.99003601074219 182.16580200195312 -2.7714059352874756
118.26099395751953 180.71864318847656 -2.7714059352874756
114.53195190429688 179.271484375 -2.7714059352874756
110.80290985107422 177.82432556152344 -2.7714059352874756
107.07386779785156 176.37716674804688 -2.7714059352874756
103.3448257446289 174.9300079345703 -2.7714059352874756
99.61578369140625 173.48284912109375 -2.7714059352874756
95.8867416381836 172.0356903076172 -2.7714059352874756
92.15769958496094 170.58853149414062 -2.7714059352874756
88.42865753173828 169.14137268066406 -2.7714059352874756
84.69961547851562 167.6942138671875 -2.7714059352874756
80.97057342529297 166.24705505371094 -2.7714059352874756
77.24153137207031 164.79989624023438 -2.7714059352874756
73.51248931884766 163.3527374267578 -2.7714059352874756
69.783447265625 161.90557861328125 -2.7714059352874756
66.05440521240234 160.4584197998047 -2.7714059352874756
62.32536697387695 159.01126098632812 -2.7714059352874756
58.59632873535156 157.56410217285156 -2.7714059352874756
54.86729049682617 156.116943359375 -2.7714059352874756
51.13825225830078 154.66978454589844 -2.7714059352874756
51.13825225830078 154.66978454589844 -2.7714059352874756
51.13825225830078 154.66978454589844 -2.7714059352874756
51.13825225830078 154.66978454589844 -2.7714059352874756
51.13825225830078 154.66978454589844 -2.7714059352874756
51.13825225830078 154.66978454589844 -2.7714059352874756
51.13825225830078 154.66978454589844 -2.7714059352874756
51.13825225830078 154.66978454589844 -2.7714059352874756
51.13825225830078 154.66978454589844 -2.7714059352874756
51.13825225830078 154.66978454589844 -2.7714059352874756
51.13825225830078 154.66978454589844 -2.7714059352874756
