-392.83861260070745
-395.6972973447963
-398.57562242630917
-401.47316538979356
-404.3895131339564
-407.324261745324
-410.2770163548833
-413.2473909909103
-416.23500842860443
-419.2395000371072
-422.2605056244355
-425.29767328082255
-428.3506592209188
-431.41912762526795
-434.50275048143925
-437.6012074251642
-440.7141855817944
-443.8413794083695
-446.9824905365546
-450.1372276166848
-453.3053061631269
-456.4864484011485
-459.6803831154639
-462.8868455006061
-466.1055758558366
-469.33632403122084
-472.57884245426635
-475.8328905033011
-479.0982332497959
-482.3746413219317
-485.6618907706118
-488.9597629379602
-492.2680443283353
-492.2680443283353
-492.2680443283353
-492.2680443283353
-492.29585776538346
-492.310279729327
-492.3093262518314
-491.44282872727064
-490.6074145160797
-489.80324266648665
-489.03046730527905
-488.2892374984275
-487.57969711477284
-486.9019857155719
-486.2562352348331
-485.64257316620495
-485.06112129708464
-484.51199559167816
-483.99530607871463
-483.511156744061
-483.0596454284752
-482.6408637307262
-482.2548969163005
-481.90182383190336
-481.58171682595156
-481.2946416752426
-481.04065751797145
-481.04065751797145
-479.28050356411774
-479.25642500997645
-479.22202214920264
-475.43573255436155
-471.65297083231576
-467.8738225516699
-467.8343879374533
-463.841856111033
-459.8494536044087
-455.8571838153335
-451.86501974690435
-447.8729955572413
-443.881115020324
-439.889382046985
-435.8978006911638
-431.9063751565051
-427.91510980332623
-423.92400915597676
-419.9330779106161
-415.94232094343727
-411.9517433193675
-407.96135030127755
-403.9711473597344
-399.98114018333627
-395.99133468966977
-392.0017370369338
-388.0123536362774
-384.0231911649044
-380.0342565799993
-376.0455571335363
-372.0571003880367
-368.0688942333465
-364.0809469045121
-360.09326700083795
-356.1058635062196
-352.1187458108511
-348.13192373441734
-344.1454075508904
-340.1592080150612
-340.1592080150612
-340.1592080150612
-337.635844001356
-335.14122315288364
-332.6759920750856
-330.2408089481106
-327.8363433652393
-327.8193270898809
-327.81750649132107
-327.81750649132107
-329.9333096095744
-332.0838146900475
-334.2683519714168
-336.48625862240897
-338.7368791778555
-338.7654095680304
-338.80241134186963
-342.7412088984818
-346.68140809185445
-350.62296166842833
-354.56582445994474
-358.5099532704936
-358.54969633318245
-362.4458810884811
-366.3443034264614
-370.24489266654166
-374.14758103711506
-378.052303529308
-381.95899775935817
-385.8676038390326
-389.77806425355146
-393.6903237465212
-397.6043292114178
-401.5200295891952
-405.43737577162364
-409.35632050999186
-413.2768183288333
-417.1988254443602
-421.12229968731145
-425.04720042994245
-428.9734885169006
-432.90112619975145
-436.83007707493385
-440.7603060249392
-444.69177916252215
-448.6244637777642
-452.5583282878236
-452.5583282878236
-455.9066618819681
-459.2654227397649
-462.6343837530851
-466.0133237013131
-469.4020270876329
-472.8002839795034
-472.82931873682526
-475.1692694074085
-477.5312601766302
-479.9149656212658
-482.3200637888819
-484.7462362556635
-487.19316817810784
-489.66054833882896
-492.1480691867168
-492.16628594256
-492.1694947687176
-492.1570389358135
-492.13107643858444
-492.0955068258764
-488.2367831825329
-484.3803516477713
-480.52626740708865
-480.48663652575567
-476.5175999712652
-472.549085233685
-468.5811056069426
-464.6136747728189
-460.6468069111374
-456.6805166923551
-452.714819298874
-448.74969993333565
-444.78520538575907
-440.82135251390827
-436.8581587846074
-432.8956423013629
-428.9338218334948
-424.972716846874
-421.0123475363696
-417.0527348601167
-413.0939005757252
-409.135867278558
-405.1786584422173
-401.22229846138725
-397.2668126971953
-393.31222752526367
-389.35857038663926
-385.4058698418029
-381.45415562797615
-377.5034587199622
-373.55381139477424
-369.605247300329
-365.6578015285036
-361.71151069288095
-357.76641301153484
-357.76641301153484
-354.39845487730753
-351.0437625525421
-347.7027200095045
-344.3757245281815
-341.0631871867026
-337.7655333673542
-334.48320327821324
-331.2166524903534
-327.96635249048984
-324.7327912488308
-321.5164738017897
-318.3179228490863
-318.26039906498636
-318.2319045985539
-318.2319045985539
-318.2319045985539
-318.26197462275877
-321.7499595149182
-321.7877967180075
-325.7628541106624
-329.7385149979322
-333.714757810889
-337.691561993398
-341.6689079435287
-345.64677695897575
-349.62515118617284
-353.6040135728134
-357.58334782351443
-357.62291706444705
-361.45218920064156
-365.2851208123418
-369.1215979003893
-372.9615110529301
-376.8047552220273
-380.6512295128937
-384.5008369849436
-388.35348446391646
-392.2090823643779
-396.06754452195156
-399.9287880346794
-403.7927331129496
-407.65930293746845
-411.52842352478933
-415.40002359994253
-419.2740344757423
-423.1503899383739
-427.0290261388897
-430.9098814902693
-434.79289656971866
-438.678014025906
-442.56517849085077
-446.4543364962009
-450.3454363936489
-450.3454363936489
-453.57697103913364
-456.8206707280942
-460.0762781570884
-463.3435423228353
-466.62221836583115
-469.9120674168813
-473.2128564465971
-476.52435811789263
-479.84635064150837
-483.1786176345752
-483.20683351707436
-485.4468929538407
-487.7094705884065
-489.9942544835152
-492.30093545943424
-494.6292071815061
-496.97876613848945
-499.3493118457502
-501.74054683857486
-504.15217672413036
-504.16957880757025
-504.1718089712732
-504.15843192292084
-504.1315667937015
-504.09562288520857
-504.05591786272157
-500.1039681838138
-496.15278815562533
-492.2023963133887
-488.25281178844324
-484.3040543322318
-480.3561443414575
-476.40910288446685
-472.462951728928
-468.5177133708796
-464.5734110652283
-460.6300688577798
-456.68771161889373
-452.7463650788577
-448.806025347677
-444.8667505061767
-440.9285690956686
-436.9915106782585
-433.0556058825045
-429.12088645152585
-425.18738529371655
-421.255136536227
-417.3241756191395
-413.3945392555004
-409.46626558041925
-405.5393941931107
-401.61396622713454
-397.69002442467496
-393.76761321513106
-389.8467787983087
-385.92756923252807
-382.0100345279845
-378.09422674572795
-374.1802001026536
-370.2680110829286
-366.35771855631407
-362.4493839038784
-358.54307115163795
-358.54307115163795
-355.2906094316238
-352.0535476757572
-348.8323146057781
-345.6273527901232
-342.4391190876678
-339.2680851004312
-336.1147376346875
-332.9795791698075
-329.86312833403383
-326.7659203862519
-323.68850770266647
-320.63146026712656
-320.5777234421237
-320.5539217447289
-320.5539217447289
-320.5539217447289
-323.19700220538436
-323.22872580812793
-323.26724623436024
-327.2618544632234
-331.2565925383491
-335.2514558181305
-339.24643987945154
-343.24154050498754
-347.23675367138196
-351.2320755382277
-355.2275024377911
-359.2230308654204
-363.2186574705861
-367.21437904850546
-371.21019253230673
-375.2060949856936
-379.2020835960724
-383.1981556681091
-387.194308617684
-391.1905399662172
-395.1868473353373
-399.1832284418698
-403.17968109312403
-407.17620318245594
-411.1727926850905
-415.1694476541843
-419.16616621711347
-423.1629465719718
-427.1597869842647
-431.1566857837875
-435.15364136167494
-439.1506521676121
-443.1477167071959
-447.1448335394379
-451.1420012743996
-455.1392197328989
-455.1392197328989
-458.88084036919986
-458.88084036919986
-461.78884817121275
-464.71308904663863
-467.6532584788267
-467.67669984926033
-469.36801541330243
-471.087223376291
-471.097091619783
-471.32271707107935
-471.5821640691081
-471.8753768264811
-472.2022924429273
-472.56284097225625
-472.9569454964966
-473.3845222070257
-473.8454804924955
-474.33972303334
-474.86714590264023
-475.42763867310555
-476.0210845299214
-476.6473603610024
-477.30633702847496
-477.30633702847496
-477.28970789452376
-477.2605596486478
-477.22322013437963
-473.2701404009386
-473.23034129500104
-469.3479797577476
-465.46760998399833
-461.5892822052877
-457.7130483287651
-453.8389620064245
-449.96704819182185
-446.0973947656093
-442.2300610651387
-438.3651084854939
-434.50260056774266
-430.64260309167486
-426.7851841732867
-422.9304143672913
-419.078366774952
-415.2291171575563
-411.3827440558683
-407.53932891592
-403.69895622152757
-399.86171363394277
-396.0276921390796
-392.1969862027856
-388.3696939346586
-384.5459172609465
-380.7257621071039
-376.9093385906184
-373.0967612247656
-369.28814913399543
-369.28814913399543
-366.26991618439985
-363.2706508150894
-360.2908267170927
-357.33093025979394
-354.39146075371156
-351.4729307086754
-348.5758660861611
-345.70080654442427
-342.8483056749584
-340.01893122867455
-337.21326533006766
-334.4319046774982
-331.6754607275733
-328.944559861465
-326.2398435308507
-323.56196838100595
-320.91160634842174
-318.28944473016037
-318.28944473016037
-314.7113693108611
-311.14357053416546
-307.5864060070436
-304.0402489807215
-300.5054891421071
-296.9825334479514
-293.4718070039076
-289.9737539907062
-286.4888386397191
-283.0175462602206
-279.56038432067913
-276.11788358642065
-272.6905993159851
-269.27911251845495
-265.8840312739578
-262.5059921194254
-259.14566150152956
-255.80373729849114
-252.48095041217314
-249.1780664315012
-245.89588736779973
-242.63525346206868
-239.6174224778489
-236.32649568442633
-233.05775208119263
-230.03318889618606
-226.73579755242537
-223.66126251992486
-220.34386971037648
-217.27540163721946
-213.93134184914706
-210.61015616991617
-207.3129439428098
-204.0408673730117
-204.0408673730117
-204.0408673730117
-204.0408673730117
-204.0408673730117
-204.0408673730117
-204.0408673730117
-204.0408673730117
-204.0408673730117
-204.0408673730117
-204.0408673730117
