-392.83861260070745
-395.6972973447963
-398.57562242630917
-401.47316538979356
-404.3895131339564
-407.324261745324
-410.2770163548833
-413.2473909909103
-416.23500842860443
-419.2395000371072
-422.2605056244355
-425.29767328082255
-428.3506592209188
-431.41912762526795
-434.50275048143925
-437.6012074251642
-440.7141855817944
-443.8413794083695
-446.9824905365546
-450.1372276166848
-453.3053061631269
-456.4864484011485
-459.6803831154639
-462.8868455006061
-466.1055758558366
-469.33632403122084
-472.57884245426635
-475.8328905033011
-476.818504467949
-479.3733151321149
-481.94778146087344
-481.94778146087344
-483.15412855217886
-484.3905035481255
-485.6566771154613
-486.9524168075254
-488.2774872459124
-488.2774872459124
-488.05999088633155
-487.87519408472275
-487.7231340103747
-487.6038412902978
-487.5173399784484
-487.463647531512
-487.4427747913045
-487.454725973831
-487.4994986650294
-487.57708382320783
-487.57708382320783
-486.12068496611204
-484.6929211318401
-483.2940461041559
-481.92431144854214
-480.5839663280419
-479.2732286455952
-477.9923710364247
-476.74163433619145
-475.521256220931
-474.3314710138801
-473.1725094913272
-472.044598687792
-470.9479617008515
-469.8828174959417
-468.8493807114732
-467.8478614646101
-466.87846515807064
-465.941385689053
-465.03682482710667
-464.1649726882486
-463.32601391898044
-462.52012751380147
-461.74748663601656
-461.00825844222857
-460.30260391090354
-459.6306776753951
-459.69321858838964
-460.0355653369488
-460.41241046740595
-460.0815838482643
-461.4482588250036
-462.8454682991257
-464.2729365939348
-465.7303854787488
-465.00877286960974
-467.3546876847516
-469.7229496874433
-468.68569182657546
-471.7852649896205
-474.8982993879971
-478.0245320313712
-476.7394142861002
-480.3887703271378
-484.0436675049549
-487.7039812422462
-491.36959049181013
-495.04037761914265
-498.7162282893746
-502.39703135838494
-506.0826787679248
-509.7730654445968
-513.4680892025384
-517.167650649664
-520.8716530973268
-524.5800024732672
-528.2926072377186
-532.0093783025462
-535.7302289533038
-539.4550747740899
-543.1838335750989
-546.9164253227586
-550.6527720723566
-554.3927979030561
-558.1364288552121
-561.8835928698948
-565.6342197305395
-569.3882410066376
-573.1455899993924
-576.906201689263
-580.6700126853251
-584.4369611763794
-588.2069868837399
-591.9800310156396
-595.7560362231919
-599.534946557849
-603.3167074303004
-607.1012655707585
-610.8885689905784
-614.6785669451627
-618.4712098981029
-622.266449486512
-622.266449486512
-625.278360179531
-628.3012980555255
-631.3351047145364
-634.3796242225726
-637.4347030793284
-640.500190185836
-643.575936812086
-646.6617965646474
-649.7576253543178
-652.8632813638307
-655.9786250156446
-659.1035189398435
-662.2378279421638
-662.2378279421638
-664.172788583809
-666.1261689403281
-666.1261689403281
-666.58832547199
-667.0741475683703
-667.5835835628881
-667.5835835628881
-666.5304114193526
-665.4996152127674
-664.4912990755694
-663.5055654953019
-662.5425152672462
-661.6022474473348
-660.6848593053921
-659.7904462787511
-658.9191019262893
-658.0709178829344
-658.0709178829344
-655.7853261359119
-655.7853261359119
-652.4106756342327
-649.0431307526119
-645.6828026686885
-642.32980464582
-638.9842520750308
-635.6462625177151
-632.3159557491
-632.3159557491
-628.3875041827519
-624.4599609140678
-620.5333431897201
-616.6076686915786
-612.6829555503865
-608.7592223599501
-604.8364881918635
-600.9147726107938
-596.9940956903498
-593.0744548102113
-589.1558942775239
-585.2384357932222
-581.3221016370139
-577.4069146865847
-577.4069146865847
-573.4816904575962
-569.5575066441405
-565.6343849003922
-561.7123474795321
-557.7914172543848
-553.8716177389039
-549.9529731105492
-546.0355082335959
-542.1192486834212
-538.2042207718179
-534.2904515733825
-530.3779689530337
-526.4668015947142
-522.5569790313377
-518.6485316760421
-514.7414908548153
-510.83588884056314
-506.9317588886942
-503.02913527429905
-499.12805333100613
-495.2285494916031
-491.3306613305152
-487.43442760824
-483.5398883178413
-479.6470847336145
-475.75605946203854
-471.86685649514004
-467.9795212664014
-464.09410070935206
-460.21064331899254
-456.329199216209
-452.4498202153461
-448.5725598951169
-444.6974736730402
-440.8246188836067
-436.9540548603901
-433.0858430223312
-429.22004696444054
-425.35673255317903
-421.4959680267933
-417.63782410090363
-413.78237407965776
-409.92969397278995
-406.0798626189427
-402.2329618156378
-398.38907645630565
-394.5482946748126
-390.71070799795615
-386.8764115064298
-383.045504004795
-379.2180882010368
-375.3942708963177
-371.5741631855927
-367.7578806697903
-363.9455436803216
-360.13727751672803
-356.3332126983443
-352.53348523091114
-348.738236889145
-344.9476155163456
-341.1617753422012
-337.38087732003925
-333.6050894848623
-329.8345873336109
-326.0695542292022
-322.3101818300109
-318.5566705465851
-320.0219638980433
-316.0442059686299
-312.0670167600339
-308.090418297384
-304.1144337544522
-300.13908752928097
-301.6438794325249
-297.68197634392186
-293.7211062064632
-289.76131137969264
-291.2130082666781
-287.5183904700636
-283.83205143506984
-285.7292981293212
-282.3969861991327
-279.08221690471214
-275.78562280104717
-272.5078634980854
-269.2496268633215
-266.0116302664258
-262.7946218650267
-259.5993819302738
-256.426724210241
-253.27749732857606
-250.1525862150454
-247.05291356375787
-248.08873634251486
-245.73135949364408
-243.41688722119116
-241.1465548947455
-238.92162082583852
-236.74336498786587
-237.39402622838716
-236.14567500489585
-236.42681357277905
-236.1947581007358
-236.08681701461524
-236.88721815081175
-237.75223051259607
-238.68115162187704
-238.1451885820101
-240.03873473126077
-241.9836016851708
-243.97855009272408
-246.02236165406998
-248.1138288568813
-250.25175686471258
-252.43496521957158
-254.66228936498442
-256.9325819967204
-259.2447142490382
-261.59757672483744
-263.99008037846147
-262.9405870055966
-266.0655410878439
-269.21365463651466
-272.3841246475133
-275.5761794968817
-278.7890777650105
-282.02210708541025
-285.27458302061575
-288.5458479672508
-291.83527009180267
-295.1422422982401
-298.46618122824697
-301.806526294536
-305.1627387474398
-308.5343007747501
-311.92071463458745
-315.3215018209217
-318.73620226123256
-322.1643735456905
-325.6055901871513
-329.05944291118743
-332.5255379753275
-336.00349651663294
-339.4929539267155
-342.9935592532795
-346.5049746272642
-350.0268747146583
-353.5589461920645
-357.10088724509956
-360.65240708872784
-364.21322550864573
-367.7830724228507
-371.3616874625519
-374.94881957160277
-378.54422662365965
-382.1476750562967
-385.75893952133276
-389.37780255065337
-393.0040542368361
-396.6374919279145
-400.2779199356428
-403.92514925664796
-407.57899730588156
-411.2392876618093
-414.9058498227988
-418.57851897419135
-422.25713576556416
-425.9415460977136
-429.6316009189098
-433.32715602999315
-437.02807189790536
-440.7342134772628
-444.44545003960184
-448.1616550099406
-451.8827058103196
-455.60848370999923
-459.3389038102291
-459.3389038102291
-462.2253478917317
-465.1282786159328
-468.04738922180536
-468.04738922180536
-469.6960068939892
-471.37280266401007
-473.077476905046
-474.8097293471567
-476.5692592634896
-478.35576565098216
-480.1689474054718
-482.0085034911473
-483.8741331042889
-485.76553583126304
-487.68241180074995
-489.62446183020063
-491.5913875665299
-493.58289162106695
-495.5986776987978
-497.6384507219423
-499.7019169479224
-499.7019169479224
-499.7019169479224
-499.7019169479224
-499.7019169479224
-496.2271149765342
-492.7602803372718
-489.3015823823023
-485.8511948829694
-482.4092961585829
-478.9760692089487
-475.5517018507218
-472.13638685766006
-468.7303221048541
-468.7303221048541
-464.7781701967753
-460.82684400748144
-456.87636496082746
-452.9267552234395
-448.97803773696813
-445.0302362520258
-441.08337536391014
-437.13748055022336
-433.1925782105048
-429.24869570800377
-425.30586141372555
-421.36410475289716
-417.42345625400645
-413.4839476005823
-409.5456116858931
-405.6084826707576
-401.6725960446727
-397.737988690482
-393.8046989528233
-389.8727667106132
-385.9422334538464
-382.0131423650095
-378.085538405432
-374.1594684069246
-370.2349811690813
-366.31212756265427
-362.3909606394414
-358.4715357491676
-354.55391066387483
-350.6381457103858
-346.7243039114495
-342.81245113623174
-338.90265626087086
-334.9949913398816
-331.0895317892599
-327.18635658221757
-323.285548458559
-319.38719414880615
-315.49138461427714
-311.59821530443804
-307.7077864329708
-303.82020327413585
-299.9355764811609
-296.0540224285528
-292.17566358041597
-288.30062888706544
-284.42905421245047
-280.56108279515774
-276.69686574604395
-272.8365625858599
-268.98034182657665
-265.1283816005123
-261.28087034178816
-257.4380075251291
-253.60000446755748
-249.76708519913618
-249.76708519913618
-245.79063620769764
-241.8149636521623
-237.8401064686273
-233.86610623200397
-229.8930073826291
-225.92085747655025
-221.9497074624103
-217.97961198827488
-214.01062974223456
-210.04282383118058
-206.076262460575
-202.11101862252733
-198.14717141489496
-194.18479123000552
-190.22398581165672
-186.26485561914632
-182.30750979398778
-178.35206711295493
-174.3986570686784
-170.44742109802806
-166.49851398223947
-162.55210544725338
-158.60838199821424
-154.66754902875851
-150.72983325390788
-146.79548552545418
-142.86478410116422
-138.93803845457944
-135.01559373144872
-131.09783598298074
-127.1851983365239
-123.2781683028135
-119.3772964679976
-115.48320688149884
-111.59660953173005
-107.71831540659775
-103.84925477252409
-99.99049948518834
-96.14329038212585
-92.30907112208196
-88.48953025673089
-84.68665410075405
-80.90279256165752
-77.14074377096944
-73.40386160531394
-74.86306365282064
-70.89356892733927
-66.92770697376712
-62.96616421554809
-59.00981054887573
-55.059764581325126
-51.117488594702955
-47.184930162607344
-43.26473920425939
-39.360611175602074
-35.477849364965515
-31.624324637078665
-27.812192500437643
-24.061135142660287
-20.40486282157336
-16.904989172519294
-18.280476587534096
-14.473229926643626
-10.80615375963426
-7.4880937473750455
-5.231648993133182
-5.5379390327521865
-5.249331470307371
-6.3541176824413155
-9.230066093287363
-8.16770685289239
-10.926261265643946
-14.28478072226279
-17.908845868699736
-21.665608356153996
-19.62762323108304
-23.15329421458127
-26.812431224453572
-30.557125179548912
-34.359413938608874
-38.20210398740096
-42.07412705947922
-45.96807133721932
-49.87880304301264
-53.80266163896623
-51.71685844313873
-55.44858351215858
-51.71685844313873
-55.44858351215858
-51.71685844313873
-55.44858351215858
-51.71685844313873
-55.44858351215858
-51.71685844313873
-55.44858351215858
-51.71685844313873
-55.44858351215858
-51.71685844313873
-55.44858351215858
-51.71685844313873
-55.44858351215858
-51.71685844313873
-55.44858351215858
-51.71685844313873
-55.44858351215858
-51.71685844313873
-55.44858351215858
-51.71685844313873
-55.44858351215858
-51.71685844313873
-55.44858351215858
-51.71685844313873
-55.44858351215858
-51.71685844313873
-55.44858351215858
-51.71685844313873
-55.44858351215858
-51.71685844313873
-55.44858351215858
-51.71685844313873
-55.44858351215858
-51.71685844313873
-55.44858351215858
-51.71685844313873
-55.44858351215858
-51.71685844313873
-55.44858351215858
-51.71685844313873
-55.44858351215858
-51.71685844313873
-55.44858351215858
-51.71685844313873
-55.44858351215858
-51.71685844313873
-55.44858351215858
-51.71685844313873
-55.44858351215858
-51.71685844313873
-55.44858351215858
-51.71685844313873
-55.44858351215858
-51.71685844313873
-55.44858351215858
-51.71685844313873
-55.44858351215858
-51.71685844313873
-55.44858351215858
-51.71685844313873
-55.44858351215858
-51.71685844313873
-55.44858351215858
-51.71685844313873
-55.44858351215858
-51.71685844313873
-55.44858351215858
-51.71685844313873
-55.44858351215858
-51.71685844313873
-55.44858351215858
-51.71685844313873
-55.44858351215858
-51.71685844313873
-55.44858351215858
-51.71685844313873
-55.44858351215858
-51.71685844313873
-55.44858351215858
-51.71685844313873
-55.44858351215858
-51.71685844313873
-55.44858351215858
-51.71685844313873
-55.44858351215858
-51.71685844313873
-55.44858351215858
-51.71685844313873
-55.44858351215858
-51.71685844313873
-55.44858351215858
-51.71685844313873
-55.44858351215858
-51.71685844313873
-55.44858351215858
-51.71685844313873
-55.44858351215858
-51.71685844313873
-55.44858351215858
-51.71685844313873
-55.44858351215858
-51.71685844313873
-55.44858351215858
-51.71685844313873
-55.44858351215858
-51.71685844313873
-55.44858351215858
-51.71685844313873
-55.44858351215858
-51.71685844313873
-55.44858351215858
-51.71685844313873
-55.44858351215858
-51.71685844313873
-55.44858351215858
-51.71685844313873
-55.44858351215858
-51.71685844313873
-55.44858351215858
-51.71685844313873
-55.44858351215858
-51.71685844313873
-55.44858351215858
-51.71685844313873
-55.44858351215858
-51.71685844313873
-55.44858351215858
-51.71685844313873
-55.44858351215858
-51.71685844313873
-55.44858351215858
-51.71685844313873
-55.44858351215858
-51.71685844313873
-55.44858351215858
-51.71685844313873
-55.44858351215858
-51.71685844313873
-55.44858351215858
-51.71685844313873
-55.44858351215858
-51.71685844313873
-55.44858351215858
-51.71685844313873
-55.44858351215858
-51.71685844313873
-55.44858351215858
-51.71685844313873
-55.44858351215858
-51.71685844313873
-55.44858351215858
-51.71685844313873
-55.44858351215858
-51.71685844313873
-55.44858351215858
-51.71685844313873
-55.44858351215858
-51.71685844313873
-55.44858351215858
-51.71685844313873
-55.44858351215858
-51.71685844313873
-55.44858351215858
-51.71685844313873
-55.44858351215858
-51.71685844313873
-55.44858351215858
-51.71685844313873
-55.44858351215858
-51.71685844313873
-55.44858351215858
-51.71685844313873
-55.44858351215858
-51.71685844313873
-55.44858351215858
-51.71685844313873
-55.44858351215858
-51.71685844313873
-55.44858351215858
-51.71685844313873
-55.44858351215858
-51.71685844313873
-55.44858351215858
-51.71685844313873
-55.44858351215858
-51.71685844313873
-55.44858351215858
-51.71685844313873
-55.44858351215858
-51.71685844313873
-55.44858351215858
-51.71685844313873
-55.44858351215858
-51.71685844313873
-55.44858351215858
-51.71685844313873
-55.44858351215858
-51.71685844313873
-55.44858351215858
-51.71685844313873
-55.44858351215858
-51.71685844313873
-55.44858351215858
-51.71685844313873
-55.44858351215858
-51.71685844313873
-55.44858351215858
-51.71685844313873
-55.44858351215858
-51.71685844313873
-55.44858351215858
-51.71685844313873
-55.44858351215858
-51.71685844313873
-55.44858351215858
-51.71685844313873
-55.44858351215858
-51.71685844313873
-55.44858351215858
-51.71685844313873
-55.44858351215858
-51.71685844313873
-55.44858351215858
-51.71685844313873
-55.44858351215858
-51.71685844313873
-55.44858351215858
-51.71685844313873
-55.44858351215858
-51.71685844313873
-55.44858351215858
-51.71685844313873
-55.44858351215858
-51.71685844313873
-55.44858351215858
-51.71685844313873
-55.44858351215858
-51.71685844313873
-55.44858351215858
-51.71685844313873
-55.44858351215858
-51.71685844313873
-55.44858351215858
-51.71685844313873
-55.44858351215858
-51.71685844313873
-55.44858351215858
-51.71685844313873
-55.44858351215858
-51.71685844313873
-55.44858351215858
-51.71685844313873
-55.44858351215858
-51.71685844313873
-55.44858351215858
-51.71685844313873
-55.44858351215858
-51.71685844313873
-55.44858351215858
-51.71685844313873
-55.44858351215858
-51.71685844313873
-55.44858351215858
-51.71685844313873
-55.44858351215858
-51.71685844313873
-55.44858351215858
-51.71685844313873
-55.44858351215858
-51.71685844313873
-55.44858351215858
-51.71685844313873
-55.44858351215858
-51.71685844313873
-55.44858351215858
-51.71685844313873
-55.44858351215858
-51.71685844313873
-55.44858351215858
-51.71685844313873
-55.44858351215858
-51.71685844313873
-55.44858351215858
-51.71685844313873
-55.44858351215858
-51.71685844313873
-55.44858351215858
-51.71685844313873
-55.44858351215858
-51.71685844313873
-55.44858351215858
-51.71685844313873
-55.44858351215858
-51.71685844313873
-55.44858351215858
-51.71685844313873
-55.44858351215858
-51.71685844313873
-55.44858351215858
-51.71685844313873
-55.44858351215858
-51.71685844313873
-55.44858351215858
-51.71685844313873
-55.44858351215858
-51.71685844313873
-55.44858351215858
-51.71685844313873
-55.44858351215858
-51.71685844313873
-55.44858351215858
-51.71685844313873
-55.44858351215858
-51.71685844313873
-55.44858351215858
-51.71685844313873
-55.44858351215858
-51.71685844313873
-55.44858351215858
-51.71685844313873
-55.44858351215858
-51.71685844313873
-55.44858351215858
-51.71685844313873
-55.44858351215858
-51.71685844313873
-55.44858351215858
-51.71685844313873
-55.44858351215858
-51.71685844313873
-55.44858351215858
-51.71685844313873
-55.44858351215858
-51.71685844313873
-55.44858351215858
-51.71685844313873
-55.44858351215858
-51.71685844313873
-55.44858351215858
-51.71685844313873
-55.44858351215858
-51.71685844313873
-55.44858351215858
-51.71685844313873
-55.44858351215858
-51.71685844313873
-55.44858351215858
-51.71685844313873
-55.44858351215858
-51.71685844313873
-55.44858351215858
-51.71685844313873
-55.44858351215858
-51.71685844313873
-55.44858351215858
-51.71685844313873
-55.44858351215858
-51.71685844313873
-55.44858351215858
-51.71685844313873
-55.44858351215858
-51.71685844313873
-55.44858351215858
-51.71685844313873
-55.44858351215858
-51.71685844313873
-55.44858351215858
-51.71685844313873
-55.44858351215858
-51.71685844313873
-55.44858351215858
-51.71685844313873
-55.44858351215858
-51.71685844313873
-55.44858351215858
-51.71685844313873
-55.44858351215858
-51.71685844313873
-55.44858351215858
-51.71685844313873
-55.44858351215858
-51.71685844313873
-55.44858351215858
-51.71685844313873
-55.44858351215858
-51.71685844313873
-55.44858351215858
-51.71685844313873
-55.44858351215858
-51.71685844313873
-55.44858351215858
-51.71685844313873
-55.44858351215858
-51.71685844313873
-55.44858351215858
-51.71685844313873
-55.44858351215858
-51.71685844313873
-55.44858351215858
-51.71685844313873
-55.44858351215858
-51.71685844313873
-55.44858351215858
-51.71685844313873
-55.44858351215858
-51.71685844313873
-55.44858351215858
-51.71685844313873
-55.44858351215858
-51.71685844313873
-55.44858351215858
-51.71685844313873
-55.44858351215858
-51.71685844313873
-55.44858351215858
-51.71685844313873
-55.44858351215858
-51.71685844313873
-55.44858351215858
-51.71685844313873
-55.44858351215858
-51.71685844313873
-55.44858351215858
-51.71685844313873
-55.44858351215858
-51.71685844313873
-55.44858351215858
-51.71685844313873
-55.44858351215858
-51.71685844313873
-55.44858351215858
-51.71685844313873
-55.44858351215858
-51.71685844313873
-55.44858351215858
-51.71685844313873
-55.44858351215858
-51.71685844313873
-55.44858351215858
-51.71685844313873
-55.44858351215858
-51.71685844313873
-55.44858351215858
-51.71685844313873
-55.44858351215858
-51.71685844313873
-55.44858351215858
-51.71685844313873
-55.44858351215858
-51.71685844313873
-55.44858351215858
-51.71685844313873
-55.44858351215858
-51.71685844313873
