62.828426361083984 452.82843017578125 0.7853981852531433
65.65685272216797 455.6568603515625 0.7853981852531433
68.48528289794922 458.48529052734375 0.7853981852531433
71.31371307373047 461.313720703125 0.7853981852531433
74.14214324951172 464.14215087890625 0.7853981852531433
76.97057342529297 466.9705810546875 0.7853981852531433
79.79900360107422 469.79901123046875 0.7853981852531433
82.62743377685547 472.62744140625 0.7853981852531433
85.45586395263672 475.45587158203125 0.7853981852531433
88.28429412841797 478.2843017578125 0.7853981852531433
91.11272430419922 481.11273193359375 0.7853981852531433
93.94115447998047 483.941162109375 0.7853981852531433
96.76958465576172 486.76959228515625 0.7853981852531433
99.59801483154297 489.5980224609375 0.7853981852531433
102.42644500732422 492.42645263671875 0.7853981852531433
105.25487518310547 495.2548828125 0.7853981852531433
108.08330535888672 498.08331298828125 0.7853981852531433
110.91173553466797 500.9117431640625 0.7853981852531433
113.74016571044922 503.74017333984375 0.7853981852531433
116.56859588623047 506.568603515625 0.7853981852531433
119.39702606201172 509.39703369140625 0.7853981852531433
122.22545623779297 512.2254638671875 0.7853981852531433
125.05388641357422 515.0538940429688 0.7853981852531433
127.88231658935547 517.88232421875 0.7853981852531433
130.7107391357422 520.7107543945312 0.7853981852531433
133.53916931152344 523.5391845703125 0.7853981852531433
133.53916931152344 523.5391845703125 0.38539817929267883
137.24575805664062 525.0429077148438 0.38539817929267883
140.9523468017578 526.546630859375 0.38539817929267883
144.658935546875 528.0503540039062 0.38539817929267883
148.3655242919922 529.5540771484375 0.38539817929267883
148.3655242919922 529.5540771484375 -0.014601826667785645
152.36509704589844 529.4956665039062 -0.014601826667785645
156.3646697998047 529.437255859375 -0.014601826667785645
160.36424255371094 529.3788452148438 -0.014601826667785645
164.3638153076172 529.3204345703125 -0.014601826667785645
168.36338806152344 529.2620239257812 -0.014601826667785645
172.3629608154297 529.20361328125 -0.014601826667785645
172.3629608154297 529.20361328125 -0.4146018326282501
176.02406311035156 527.59228515625 -0.4146018326282501
179.68516540527344 525.98095703125 -0.4146018326282501
183.3462677001953 524.36962890625 -0.4146018326282501
187.0073699951172 522.75830078125 -0.4146018326282501
190.66847229003906 521.14697265625 -0.4146018326282501
194.32957458496094 519.53564453125 -0.4146018326282501
197.9906768798828 517.92431640625 -0.4146018326282501
201.6517791748047 516.31298828125 -0.4146018326282501
205.31288146972656 514.70166015625 -0.4146018326282501
208.97398376464844 513.09033203125 -0.4146018326282501
212.6350860595703 511.4790344238281 -0.4146018326282501
216.2961883544922 509.86773681640625 -0.4146018326282501
219.95729064941406 508.2564392089844 -0.4146018326282501
219.95729064941406 508.2564392089844 -0.8146018385887146
222.70191955566406 505.34661865234375 -0.8146018385887146
225.44654846191406 502.4367980957031 -0.8146018385887146
228.19117736816406 499.5269775390625 -0.8146018385887146
230.93580627441406 496.6171569824219 -0.8146018385887146
233.68043518066406 493.70733642578125 -0.8146018385887146
236.42506408691406 490.7975158691406 -0.8146018385887146
239.16969299316406 487.8876953125 -0.8146018385887146
241.91432189941406 484.9778747558594 -0.8146018385887146
244.65895080566406 482.06805419921875 -0.8146018385887146
247.40357971191406 479.1582336425781 -0.8146018385887146
250.14820861816406 476.2484130859375 -0.8146018385887146
252.89283752441406 473.3385925292969 -0.8146018385887146
255.63746643066406 470.42877197265625 -0.8146018385887146
258.3821105957031 467.5189514160156 -0.8146018385887146
261.1267395019531 464.609130859375 -0.8146018385887146
263.8713684082031 461.6993103027344 -0.8146018385887146
266.6159973144531 458.78948974609375 -0.8146018385887146
269.3606262207031 455.8796691894531 -0.8146018385887146
272.1052551269531 452.9698486328125 -0.8146018385887146
274.8498840332031 450.0600280761719 -0.8146018385887146
277.5945129394531 447.15020751953125 -0.8146018385887146
277.5945129394531 447.15020751953125 -0.4146018326282501
277.5911865234375 447.15093994140625 -0.014944970607757568
281.5907287597656 447.0911560058594 -0.014944970607757568
285.59027099609375 447.0313720703125 -0.014944970607757568
289.5898132324219 446.9715881347656 -0.014944970607757568
293.58935546875 446.91180419921875 -0.014944970607757568
297.5888977050781 446.8520202636719 -0.014944970607757568
301.58843994140625 446.792236328125 -0.014944970607757568
301.58843994140625 446.792236328125 0.3850550353527069
305.2955627441406 448.294677734375 0.3850550353527069
309.002685546875 449.797119140625 0.3850550353527069
312.7098083496094 451.299560546875 0.3850550353527069
316.41693115234375 452.802001953125 0.3850550353527069
320.1240539550781 454.304443359375 0.3850550353527069
323.8311767578125 455.806884765625 0.3850550353527069
327.5382995605469 457.309326171875 0.3850550353527069
331.24542236328125 458.811767578125 0.3850550353527069
334.9525451660156 460.314208984375 0.3850550353527069
338.65966796875 461.816650390625 0.3850550353527069
342.3667907714844 463.319091796875 0.3850550353527069
346.07391357421875 464.821533203125 0.3850550353527069
349.7810363769531 466.323974609375 0.3850550353527069
353.4881591796875 467.826416015625 0.3850550353527069
357.1952819824219 469.328857421875 0.3850550353527069
360.90240478515625 470.831298828125 0.3850550353527069
364.6095275878906 472.333740234375 0.3850550353527069
368.316650390625 473.836181640625 0.3850550353527069
372.0237731933594 475.338623046875 0.3850550353527069
375.73089599609375 476.841064453125 0.3850550353527069
375.73089599609375 476.841064453125 0.7850550413131714
378.560302734375 479.66851806640625 0.7850550413131714
381.38970947265625 482.4959716796875 0.7850550413131714
384.2191162109375 485.32342529296875 0.7850550413131714
387.04852294921875 488.15087890625 0.7850550413131714
389.8779296875 490.97833251953125 0.7850550413131714
392.70733642578125 493.8057861328125 0.7850550413131714
395.5367431640625 496.63323974609375 0.7850550413131714
398.36614990234375 499.460693359375 0.7850550413131714
401.195556640625 502.28814697265625 0.7850550413131714
404.02496337890625 505.1156005859375 0.7850550413131714
406.8543701171875 507.94305419921875 0.7850550413131714
409.68377685546875 510.7705078125 0.7850550413131714
412.51318359375 513.5979614257812 0.7850550413131714
415.34259033203125 516.4254150390625 0.7850550413131714
418.1719970703125 519.2528686523438 0.7850550413131714
421.00140380859375 522.080322265625 0.7850550413131714
423.830810546875 524.9077758789062 0.7850550413131714
423.830810546875 524.9077758789062 0.3850550353527069
427.5379333496094 526.4102172851562 0.3850550353527069
431.24505615234375 527.9126586914062 0.3850550353527069
434.9521789550781 529.4151000976562 0.3850550353527069
438.6593017578125 530.9175415039062 0.3850550353527069
442.3664245605469 532.4199829101562 0.3850550353527069
446.07354736328125 533.9224243164062 0.3850550353527069
449.7806701660156 535.4248657226562 0.3850550353527069
453.48779296875 536.9273071289062 0.3850550353527069
457.1949157714844 538.4297485351562 0.3850550353527069
460.90203857421875 539.9321899414062 0.3850550353527069
464.6091613769531 541.4346313476562 0.3850550353527069
468.3162841796875 542.9370727539062 0.3850550353527069
468.3162841796875 542.9370727539062 -0.014944970607757568
472.3158264160156 542.8773193359375 -0.014944970607757568
476.31536865234375 542.8175659179688 -0.014944970607757568
480.3149108886719 542.7578125 -0.014944970607757568
484.314453125 542.6980590820312 -0.014944970607757568
488.3139953613281 542.6383056640625 -0.014944970607757568
492.31353759765625 542.5785522460938 -0.014944970607757568
496.3130798339844 542.518798828125 -0.014944970607757568
496.3130798339844 542.518798828125 -0.41494497656822205
499.9736328125 540.90625 -0.41494497656822205
503.6341857910156 539.293701171875 -0.41494497656822205
507.29473876953125 537.68115234375 -0.41494497656822205
510.9552917480469 536.068603515625 -0.41494497656822205
510.9552917480469 536.068603515625 -0.8149449825286865
513.6989135742188 533.1578369140625 -0.8149449825286865
516.4425659179688 530.2470703125 -0.8149449825286865
519.1862182617188 527.3363037109375 -0.8149449825286865
521.9298706054688 524.425537109375 -0.8149449825286865
524.6735229492188 521.5147705078125 -0.8149449825286865
524.6735229492188 521.5147705078125 -1.2149449586868286
526.0670776367188 517.765380859375 -1.2149449586868286
527.4606323242188 514.0159912109375 -1.2149449586868286
528.8541870117188 510.2666015625 -1.2149449586868286
530.2477416992188 506.5172119140625 -1.2149449586868286
530.2477416992188 506.5172119140625 -1.6149449348449707
530.0712280273438 502.5211181640625 -1.6149449348449707
529.8947143554688 498.5250244140625 -1.6149449348449707
529.7182006835938 494.5289306640625 -1.6149449348449707
529.5416870117188 490.5328369140625 -1.6149449348449707
529.5416870117188 490.5328369140625 -2.0149450302124023
527.8229370117188 486.9209289550781 -2.0149450302124023
526.1041870117188 483.30902099609375 -2.0149450302124023
524.3854370117188 479.6971130371094 -2.0149450302124023
522.6666870117188 476.085205078125 -2.0149450302124023
520.9479370117188 472.4732971191406 -2.0149450302124023
519.2291870117188 468.86138916015625 -2.0149450302124023
517.5104370117188 465.2494812011719 -2.0149450302124023
517.5104370117188 465.2494812011719 -2.414945125579834
514.5208129882812 462.5920104980469 -2.414945125579834
511.53118896484375 459.9345397949219 -2.414945125579834
508.54156494140625 457.2770690917969 -2.414945125579834
505.55194091796875 454.6195983886719 -2.414945125579834
502.56231689453125 451.9621276855469 -2.414945125579834
499.57269287109375 449.3046569824219 -2.414945125579834
496.58306884765625 446.6471862792969 -2.414945125579834
493.59344482421875 443.9897155761719 -2.414945125579834
490.60382080078125 441.3322448730469 -2.414945125579834
487.61419677734375 438.6747741699219 -2.414945125579834
484.62457275390625 436.0173034667969 -2.414945125579834
481.63494873046875 433.3598327636719 -2.414945125579834
478.64532470703125 430.7023620605469 -2.414945125579834
475.65570068359375 428.0448913574219 -2.414945125579834
472.66607666015625 425.3874206542969 -2.414945125579834
469.67645263671875 422.7299499511719 -2.414945125579834
466.68682861328125 420.0724792480469 -2.414945125579834
463.69720458984375 417.4150085449219 -2.414945125579834
460.70758056640625 414.7575378417969 -2.414945125579834
457.71795654296875 412.1000671386719 -2.414945125579834
454.72833251953125 409.4425964355469 -2.414945125579834
451.73870849609375 406.7851257324219 -2.414945125579834
448.74908447265625 404.1276550292969 -2.414945125579834
445.75946044921875 401.4701843261719 -2.414945125579834
442.76983642578125 398.8127136230469 -2.414945125579834
439.78021240234375 396.1552429199219 -2.414945125579834
436.79058837890625 393.4977722167969 -2.414945125579834
433.80096435546875 390.8403015136719 -2.414945125579834
430.81134033203125 388.1828308105469 -2.414945125579834
427.82171630859375 385.5253601074219 -2.414945125579834
424.83209228515625 382.8678894042969 -2.414945125579834
421.84246826171875 380.2104187011719 -2.414945125579834
418.85284423828125 377.5529479980469 -2.414945125579834
415.86322021484375 374.8954772949219 -2.414945125579834
412.87359619140625 372.2380065917969 -2.414945125579834
412.87359619140625 372.2380065917969 -2.8149452209472656
409.0851135253906 370.95452880859375 -2.8149452209472656
405.296630859375 369.6710510253906 -2.8149452209472656
401.5081481933594 368.3875732421875 -2.8149452209472656
397.71966552734375 367.1040954589844 -2.8149452209472656
393.9311828613281 365.82061767578125 -2.8149452209472656
390.1427001953125 364.5371398925781 -2.8149452209472656
386.3542175292969 363.253662109375 -2.8149452209472656
382.56573486328125 361.9701843261719 -2.8149452209472656
378.7772521972656 360.68670654296875 -2.8149452209472656
374.98876953125 359.4032287597656 -2.8149452209472656
371.2002868652344 358.1197509765625 -2.8149452209472656
367.41180419921875 356.8362731933594 -2.8149452209472656
363.6233215332031 355.55279541015625 -2.8149452209472656
359.8348388671875 354.2693176269531 -2.8149452209472656
356.0463562011719 352.98583984375 -2.8149452209472656
352.25787353515625 351.7023620605469 -2.8149452209472656
348.4693908691406 350.41888427734375 -2.8149452209472656
344.680908203125 349.1354064941406 -2.8149452209472656
340.8924255371094 347.8519287109375 -2.8149452209472656
337.10394287109375 346.5684509277344 -2.8149452209472656
333.3154602050781 345.28497314453125 -2.8149452209472656
329.5269775390625 344.0014953613281 -2.8149452209472656
325.7384948730469 342.718017578125 -2.8149452209472656
321.95001220703125 341.4345397949219 -2.8149452209472656
318.1615295410156 340.15106201171875 -2.8149452209472656
314.373046875 338.8675842285156 -2.8149452209472656
310.5845642089844 337.5841064453125 -2.8149452209472656
306.79608154296875 336.3006286621094 -2.8149452209472656
303.0075988769531 335.01715087890625 -2.8149452209472656
299.2191162109375 333.7336730957031 -2.8149452209472656
295.4306335449219 332.4501953125 -2.8149452209472656
291.64215087890625 331.1667175292969 -2.8149452209472656
287.8536682128906 329.88323974609375 -2.8149452209472656
287.8536682128906 329.88323974609375 -2.414945125579834
284.8640441894531 327.22576904296875 -2.414945125579834
281.8744201660156 324.56829833984375 -2.414945125579834
278.8847961425781 321.91082763671875 -2.414945125579834
275.8951721191406 319.25335693359375 -2.414945125579834
272.9055480957031 316.59588623046875 -2.414945125579834
269.9159240722656 313.93841552734375 -2.414945125579834
266.9263000488281 311.28094482421875 -2.414945125579834
263.9366760253906 308.62347412109375 -2.414945125579834
260.9470520019531 305.96600341796875 -2.414945125579834
257.9574279785156 303.30853271484375 -2.414945125579834
254.96780395507812 300.65106201171875 -2.414945125579834
251.97817993164062 297.99359130859375 -2.414945125579834
248.98855590820312 295.33612060546875 -2.414945125579834
245.99893188476562 292.67864990234375 -2.414945125579834
245.99893188476562 292.67864990234375 -2.0149450302124023
244.28018188476562 289.0667419433594 -2.0149450302124023
242.56143188476562 285.454833984375 -2.0149450302124023
240.84268188476562 281.8429260253906 -2.0149450302124023
239.12393188476562 278.23101806640625 -2.0149450302124023
237.40518188476562 274.6191101074219 -2.0149450302124023
235.68643188476562 271.0072021484375 -2.0149450302124023
233.96768188476562 267.3952941894531 -2.0149450302124023
233.96768188476562 267.3952941894531 -1.6149450540542603
233.7911376953125 263.3992004394531 -1.6149450540542603
233.61459350585938 259.4031066894531 -1.6149450540542603
233.43804931640625 255.40699768066406 -1.6149450540542603
233.26150512695312 251.410888671875 -1.6149450540542603
233.0849609375 247.41477966308594 -1.6149450540542603
232.90841674804688 243.41867065429688 -1.6149450540542603
232.73187255859375 239.4225616455078 -1.6149450540542603
232.55532836914062 235.42645263671875 -1.6149450540542603
232.3787841796875 231.4303436279297 -1.6149450540542603
232.20223999023438 227.43423461914062 -1.6149450540542603
232.02569580078125 223.43812561035156 -1.6149450540542603
231.84915161132812 219.4420166015625 -1.6149450540542603
231.672607421875 215.44590759277344 -1.6149450540542603
231.672607421875 215.44590759277344 -1.2149450778961182
233.066162109375 211.69650268554688 -1.2149450778961182
234.459716796875 207.9470977783203 -1.2149450778961182
235.853271484375 204.19769287109375 -1.2149450778961182
235.853271484375 204.19769287109375 -0.8149451017379761
238.59690856933594 201.2869415283203 -0.8149451017379761
241.34054565429688 198.37619018554688 -0.8149451017379761
244.0841827392578 195.46543884277344 -0.8149451017379761
246.82781982421875 192.5546875 -0.8149451017379761
249.5714569091797 189.64393615722656 -0.8149451017379761
252.31509399414062 186.73318481445312 -0.8149451017379761
252.31509399414062 186.73318481445312 -0.4149450957775116
255.97564697265625 185.12062072753906 -0.4149450957775116
259.6361999511719 183.508056640625 -0.4149450957775116
263.2967529296875 181.89549255371094 -0.4149450957775116
266.9573059082031 180.28292846679688 -0.4149450957775116
270.61785888671875 178.6703643798828 -0.4149450957775116
274.2784118652344 177.05780029296875 -0.4149450957775116
277.93896484375 175.4452362060547 -0.4149450957775116
281.5995178222656 173.83267211914062 -0.4149450957775116
285.26007080078125 172.22010803222656 -0.4149450957775116
288.9206237792969 170.6075439453125 -0.4149450957775116
292.5811767578125 168.99497985839844 -0.4149450957775116
296.2417297363281 167.38241577148438 -0.4149450957775116
299.90228271484375 165.7698516845703 -0.4149450957775116
303.5628356933594 164.15728759765625 -0.4149450957775116
307.223388671875 162.5447235107422 -0.4149450957775116
310.8839416503906 160.93215942382812 -0.4149450957775116
314.54449462890625 159.31959533691406 -0.4149450957775116
318.2050476074219 157.70703125 -0.4149450957775116
321.8656005859375 156.09446716308594 -0.4149450957775116
325.5261535644531 154.48190307617188 -0.4149450957775116
329.18670654296875 152.8693389892578 -0.4149450957775116
332.8472595214844 151.25677490234375 -0.4149450957775116
336.5078125 149.6442108154297 -0.4149450957775116
336.5078125 149.6442108154297 -0.01494508981704712
340.5073547363281 149.5844268798828 -0.01494508981704712
344.50689697265625 149.52464294433594 -0.01494508981704712
348.5064392089844 149.46485900878906 -0.01494508981704712
352.5059814453125 149.4050750732422 -0.01494508981704712
356.5055236816406 149.3452911376953 -0.01494508981704712
360.50506591796875 149.28550720214844 -0.01494508981704712
364.5046081542969 149.22572326660156 -0.01494508981704712
368.504150390625 149.1659393310547 -0.01494508981704712
372.5036926269531 149.1061553955078 -0.01494508981704712
376.50323486328125 149.04637145996094 -0.01494508981704712
380.5027770996094 148.98658752441406 -0.01494508981704712
384.5023193359375 148.9268035888672 -0.01494508981704712
388.5018615722656 148.8670196533203 -0.01494508981704712
392.50140380859375 148.80723571777344 -0.01494508981704712
396.5009460449219 148.74745178222656 -0.01494508981704712
400.50048828125 148.6876678466797 -0.01494508981704712
404.5000305175781 148.6278839111328 -0.01494508981704712
408.49957275390625 148.56809997558594 -0.01494508981704712
412.4991149902344 148.50831604003906 -0.01494508981704712
416.4986572265625 148.4485321044922 -0.01494508981704712
420.4981994628906 148.3887481689453 -0.01494508981704712
424.49774169921875 148.32896423339844 -0.01494508981704712
428.4972839355469 148.26918029785156 -0.01494508981704712
432.496826171875 148.2093963623047 -0.01494508981704712
436.4963684082031 148.1496124267578 -0.01494508981704712
440.49591064453125 148.08982849121094 -0.01494508981704712
444.4954528808594 148.03004455566406 -0.01494508981704712
448.4949951171875 147.9702606201172 -0.01494508981704712
452.4945373535156 147.9104766845703 -0.01494508981704712
456.49407958984375 147.85069274902344 -0.01494508981704712
460.4936218261719 147.79090881347656 -0.01494508981704712
464.4931640625 147.7311248779297 -0.01494508981704712
468.4927062988281 147.6713409423828 -0.01494508981704712
472.49224853515625 147.61155700683594 -0.01494508981704712
476.4917907714844 147.55177307128906 -0.01494508981704712
480.4913330078125 147.4919891357422 -0.01494508981704712
484.4908752441406 147.4322052001953 -0.01494508981704712
488.49041748046875 147.37242126464844 -0.01494508981704712
492.4899597167969 147.31263732910156 -0.01494508981704712
496.489501953125 147.2528533935547 -0.01494508981704712
500.4890441894531 147.1930694580078 -0.01494508981704712
504.48858642578125 147.13328552246094 -0.01494508981704712
504.567138671875 147.11647033691406 -0.40686070919036865
508.2406005859375 145.53355407714844 -0.40686070919036865
511.9140625 143.9506378173828 -0.40686070919036865
511.9140625 143.9506378173828 -0.8068606853485107
514.68115234375 141.06216430664062 -0.8068606853485107
517.4482421875 138.17369079589844 -0.8068606853485107
520.21533203125 135.28521728515625 -0.8068606853485107
522.982421875 132.39674377441406 -0.8068606853485107
525.74951171875 129.50827026367188 -0.8068606853485107
525.74951171875 129.50827026367188 -1.2068606615066528
527.17333984375 125.77025604248047 -1.2068606615066528
528.59716796875 122.03224182128906 -1.2068606615066528
530.02099609375 118.29422760009766 -1.2068606615066528
531.44482421875 114.55621337890625 -1.2068606615066528
532.86865234375 110.81819915771484 -1.2068606615066528
534.29248046875 107.08018493652344 -1.2068606615066528
535.71630859375 103.34217071533203 -1.2068606615066528
537.14013671875 99.60415649414062 -1.2068606615066528
538.56396484375 95.86614227294922 -1.2068606615066528
538.56396484375 95.86614227294922 -1.606860637664795
538.56396484375 95.86614227294922 -2.0068607330322266
536.8744506835938 92.2404556274414 -2.0068607330322266
535.1849365234375 88.6147689819336 -2.0068607330322266
533.4954223632812 84.98908233642578 -2.0068607330322266
533.4954223632812 84.98908233642578 -2.406860828399658
530.5274047851562 82.30753326416016 -2.406860828399658
527.5593872070312 79.62598419189453 -2.406860828399658
524.5913696289062 76.9444351196289 -2.406860828399658
521.6233520507812 74.26288604736328 -2.406860828399658
518.6553344726562 71.58133697509766 -2.406860828399658
515.6873168945312 68.89978790283203 -2.406860828399658
515.6873168945312 68.89978790283203 -2.80686092376709
511.9093322753906 67.58572387695312 -2.80686092376709
508.13134765625 66.27165985107422 -2.80686092376709
504.3533630371094 64.95759582519531 -2.80686092376709
500.57537841796875 63.643531799316406 -2.80686092376709
496.7973937988281 62.3294677734375 -2.80686092376709
493.0194091796875 61.015403747558594 -2.80686092376709
489.2414245605469 59.70133972167969 -2.80686092376709
485.46343994140625 58.38727569580078 -2.80686092376709
481.6854553222656 57.073211669921875 -2.80686092376709
477.907470703125 55.75914764404297 -2.80686092376709
474.1294860839844 54.44508361816406 -2.80686092376709
474.1294860839844 54.44508361816406 3.076324224472046
470.13800048828125 54.705970764160156 3.076324224472046
466.1465148925781 54.96685791015625 3.076324224472046
462.155029296875 55.227745056152344 3.076324224472046
458.1635437011719 55.48863220214844 3.076324224472046
454.17205810546875 55.74951934814453 3.076324224472046
450.1805725097656 56.010406494140625 3.076324224472046
446.1890869140625 56.27129364013672 3.076324224472046
442.1976013183594 56.53218078613281 3.076324224472046
438.20611572265625 56.793067932128906 3.076324224472046
434.2146301269531 57.053955078125 3.076324224472046
430.22314453125 57.314842224121094 3.076324224472046
426.2316589355469 57.57572937011719 3.076324224472046
422.24017333984375 57.83661651611328 3.076324224472046
418.2486877441406 58.097503662109375 3.076324224472046
414.2572021484375 58.35839080810547 3.076324224472046
414.2572021484375 58.35839080810547 -2.80686092376709
410.4792175292969 57.04432678222656 -2.80686092376709
406.70123291015625 55.730262756347656 -2.80686092376709
402.9232482910156 54.41619873046875 -2.80686092376709
399.145263671875 53.102134704589844 -2.80686092376709
395.3672790527344 51.78807067871094 -2.80686092376709
395.3672790527344 51.78807067871094 3.076324224472046
391.37579345703125 52.04895782470703 3.076324224472046
387.3843078613281 52.309844970703125 3.076324224472046
383.392822265625 52.57073211669922 3.076324224472046
379.4013366699219 52.83161926269531 3.076324224472046
375.40985107421875 53.092506408691406 3.076324224472046
371.4183654785156 53.3533935546875 3.076324224472046
367.4268798828125 53.614280700683594 3.076324224472046
363.4353942871094 53.87516784667969 3.076324224472046
359.44390869140625 54.13605499267578 3.076324224472046
355.4524230957031 54.396942138671875 3.076324224472046
351.4609375 54.65782928466797 3.076324224472046
347.4694519042969 54.91871643066406 3.076324224472046
343.47796630859375 55.179603576660156 3.076324224472046
339.4864807128906 55.44049072265625 3.076324224472046
335.4949951171875 55.701377868652344 3.076324224472046
331.5035095214844 55.96226501464844 3.076324224472046
327.51202392578125 56.22315216064453 3.076324224472046
323.5205383300781 56.484039306640625 3.076324224472046
319.529052734375 56.74492645263672 3.076324224472046
315.5375671386719 57.00581359863281 3.076324224472046
311.54608154296875 57.266700744628906 3.076324224472046
307.5545959472656 57.527587890625 3.076324224472046
303.5631103515625 57.788475036621094 3.076324224472046
299.5716247558594 58.04936218261719 3.076324224472046
295.58013916015625 58.31024932861328 3.076324224472046
291.5886535644531 58.571136474609375 3.076324224472046
287.59716796875 58.83202362060547 3.076324224472046
283.6056823730469 59.09291076660156 3.076324224472046
279.61419677734375 59.353797912597656 3.076324224472046
275.6227111816406 59.61468505859375 3.076324224472046
271.6312255859375 59.875572204589844 3.076324224472046
267.6397399902344 60.13645935058594 3.076324224472046
263.64825439453125 60.39734649658203 3.076324224472046
259.6567687988281 60.658233642578125 3.076324224472046
255.665283203125 60.91912078857422 3.076324224472046
251.67379760742188 61.18000793457031 3.076324224472046
247.68231201171875 61.440895080566406 3.076324224472046
243.69082641601562 61.7017822265625 3.076324224472046
239.6993408203125 61.962669372558594 3.076324224472046
235.70785522460938 62.22355651855469 3.076324224472046
231.71636962890625 62.48444366455078 3.076324224472046
227.72488403320312 62.745330810546875 3.076324224472046
223.7333984375 63.00621795654297 3.076324224472046
219.74191284179688 63.26710510253906 3.076324224472046
215.75042724609375 63.527992248535156 3.076324224472046
211.75894165039062 63.78887939453125 3.076324224472046
207.7674560546875 64.04976654052734 3.076324224472046
203.77597045898438 64.31065368652344 3.076324224472046
199.78448486328125 64.57154083251953 3.076324224472046
195.79299926757812 64.83242797851562 3.076324224472046
191.801513671875 65.09331512451172 3.076324224472046
187.81002807617188 65.35420227050781 3.076324224472046
183.81854248046875 65.6150894165039 3.076324224472046
179.82705688476562 65.8759765625 3.076324224472046
175.8355712890625 66.1368637084961 3.076324224472046
171.84408569335938 66.39775085449219 3.076324224472046
167.85260009765625 66.65863800048828 3.076324224472046
163.86111450195312 66.91952514648438 3.076324224472046
159.86962890625 67.18041229248047 3.076324224472046
155.87814331054688 67.44129943847656 3.076324224472046
151.88665771484375 67.70218658447266 3.076324224472046
147.89517211914062 67.96307373046875 3.076324224472046
143.9036865234375 68.22396087646484 3.076324224472046
139.91220092773438 68.48484802246094 3.076324224472046
135.92071533203125 68.74573516845703 3.076324224472046
131.92922973632812 69.00662231445312 3.076324224472046
127.937744140625 69.26750946044922 3.076324224472046
123.94625854492188 69.52839660644531 3.076324224472046
119.95477294921875 69.7892837524414 3.076324224472046
115.96328735351562 70.0501708984375 3.076324224472046
111.9718017578125 70.3110580444336 3.076324224472046
107.98031616210938 70.57194519042969 3.076324224472046
103.98883056640625 70.83283233642578 3.076324224472046
99.99734497070312 71.09371948242188 3.076324224472046
96.005859375 71.35460662841797 3.076324224472046
92.01437377929688 71.61549377441406 3.076324224472046
88.02288818359375 71.87638092041016 3.076324224472046
84.03140258789062 72.13726806640625 3.076324224472046
80.0399169921875 72.39815521240234 3.076324224472046
80.0399169921875 72.39815521240234 -2.80686092376709
76.26192474365234 71.08409118652344 -2.80686092376709
72.48393249511719 69.77002716064453 -2.80686092376709
68.70594024658203 68.45596313476562 -2.80686092376709
64.92794799804688 67.14189910888672 -2.80686092376709
61.14995574951172 65.82783508300781 -2.80686092376709
57.37196350097656 64.5137710571289 -2.80686092376709
53.593971252441406 63.19970703125 -2.80686092376709
49.81597900390625 61.885643005371094 -2.80686092376709
46.037986755371094 60.57157897949219 -2.80686092376709
46.037986755371094 60.57157897949219 -2.406860828399658
43.0699462890625 57.8900260925293 -2.406860828399658
40.101905822753906 55.208473205566406 -2.406860828399658
37.13386535644531 52.526920318603516 -2.406860828399658
34.16582489013672 49.845367431640625 -2.406860828399658
34.16582489013672 49.845367431640625 -2.0068607330322266
32.476322174072266 46.21968460083008 -2.0068607330322266
30.786819458007812 42.59400177001953 -2.0068607330322266
29.09731674194336 38.968318939208984 -2.0068607330322266
27.407814025878906 35.34263610839844 -2.0068607330322266
25.718311309814453 31.716951370239258 -2.0068607330322266
24.02880859375 28.091266632080078 -2.0068607330322266
22.339305877685547 24.4655818939209 -2.0068607330322266
20.649803161621094 20.83989715576172 -2.0068607330322266
18.96030044555664 17.21421241760254 -2.0068607330322266
18.96030044555664 17.21421241760254 -2.0068607330322266
18.96030044555664 17.21421241760254 -2.0068607330322266
18.96030044555664 17.21421241760254 -2.0068607330322266
18.96030044555664 17.21421241760254 -2.0068607330322266
18.96030044555664 17.21421241760254 -2.0068607330322266
18.96030044555664 17.21421241760254 -2.0068607330322266
18.96030044555664 17.21421241760254 -2.0068607330322266
18.96030044555664 17.21421241760254 -2.0068607330322266
18.96030044555664 17.21421241760254 -2.0068607330322266
18.96030044555664 17.21421241760254 -2.0068607330322266
