-391.8409168829499
-393.42705973795825
-394.7377566614448
-395.75610955465453
-396.4690928635487
-396.8676303459947
-396.9466891932959
-396.7029901961942
-396.1350078595791
-395.25050765147165
-394.0617099463749
-392.5665363688996
-390.2286132394063
-387.9178466788545
-385.6347248631819
-383.3797416867227
-381.1533965720207
-378.9561942601434
-376.78864458076293
-374.6512622012891
-372.5445663543668
-370.4690805430879
-368.4253322233044
-366.4138524624814
-364.43517557458074
-363.22776514802933
-361.72261759427744
-358.6543986043259
-355.60470080366343
-353.868492271607
-350.4105150334922
-346.9641888801388
-343.52986446628864
-340.1079053638113
-336.69868858884854
-334.7944861992481
-331.0673171096212
-327.3465886908864
-323.63252308383977
-319.92535233756917
-316.2253189415379
-312.53267639031105
-308.8476897831005
-305.17063646045574
-301.50180668058175
-297.84150433793485
-294.19004772691943
-290.54777035369614
-286.91502179930393
-283.2921686375038
-280.93253245058287
-277.11034371937296
-273.29324415899276
-269.4814500278845
-265.6751896862447
-261.87470442946494
-258.0802493890683
-254.29209450734862
-250.5105255925418
-246.73584546205547
-242.9683751820505
-239.2084554125179
-235.456447867936
-231.71273690463394
-227.977731247139
-224.25186586705564
-220.53560402943032
-216.82943952310075
-213.1338990932341
-209.4495450961266
-205.77697839838743
-202.11684154486733
-198.4698222221257
-194.8366570468656
-191.21813571160092
-187.61510552284727
-185.62662445145492
-181.77565278797357
-177.93125706935763
-174.09387293240732
-170.2639744557374
-166.44207838421832
-162.6287489061759
-159.94483833928217
-157.19798884184615
-154.4272766268914
-151.67424929769393
-147.73760633499833
-145.6915464187527
-143.79400487128407
-140.43252317501205
-137.1053292130467
-133.8149806145625
-132.2050562501836
-129.4817751606614
-126.8261900492475
-124.24264541652745
-121.73572800054814
-119.31026811463992
-116.97133305809777
-114.72421501682616
-112.5744124528431
-110.52760397754066
-108.58961376193692
-106.76636767706657
-105.06383959755061
-103.48798765577806
-102.04468070968937
-100.7396159205441
-99.57822847525009
-98.56559730703987
-97.70634766734479
-97.00455552325693
-96.46365753905089
-96.46365753905089
-96.46365753905089
-96.46365753905089
-96.46365753905089
-96.46365753905089
-96.46365753905089
-96.46365753905089
-96.46365753905089
-96.46365753905089
-96.46365753905089
