-391.4198080296795
-392.52482551715525
-393.2825902249936
-393.6709928300822
-393.67873480116185
-393.3055734761406
-392.5623701197934
-391.4708177213849
-390.06295179088943
-388.3805325708184
-386.4740370368
-384.4013848739993
-382.22655383305573
-380.01777384063513
-380.01777384063513
-377.8617702399581
-375.6548300837297
-373.4670920567112
-373.4670920567112
-371.26588090041463
-369.06725436813275
-369.06725436813275
-366.8757808660711
-364.67013331458986
-364.67013331458986
-362.4925105440434
-360.28384182685124
-358.11236904353626
-358.11236904353626
-355.90467206964667
-353.71997295444135
-353.71997295444135
-351.5170961528291
-349.32066421215166
-349.32066421215166
-347.1265557552276
-344.92218972507703
-344.92218972507703
-342.7409719815751
-340.5326409029223
-340.5326409029223
-340.5326409029223
-338.7130701451458
-338.7130701451458
-338.7130701451458
-338.7130701451458
-338.84159238048534
-338.59005895637233
-337.96568759020823
-337.96568759020823
-337.8354375382515
-337.3288946167005
-336.4605996823025
-336.4605996823025
-336.07257233553685
-335.3170637789725
-335.3170637789725
-335.04922507245266
-334.4092342624403
-333.41545049966516
-333.41545049966516
-332.891863053937
-332.00759900866643
-330.78809420973295
-330.78809420973295
-330.01451182640716
-328.8987835360451
-327.47106702861305
-327.47106702861305
-326.45626475739346
-325.118721888198
-323.4976588961827
-323.4976588961827
-322.2519543186351
-320.7102394897109
-318.918064362808
-318.918064362808
-317.4576172039604
-315.7327253991537
-313.79485203169867
-313.79485203169867
-312.1394425859488
-310.25586065964853
-308.2009187511086
-308.2009187511086
-306.37407826597155
-304.359782167632
-302.2194791396972
-302.2194791396972
-300.248613799037
-298.13515204378194
-298.13515204378194
-296.212642842305
-294.131009251758
-294.131009251758
-292.26192317041665
-290.2173353090311
-288.05984282503414
-288.05984282503414
-286.0551357870469
-283.9207310427802
-281.7229406822217
-281.7229406822217
-279.61473433902074
-277.4262833838832
-277.4262833838832
-275.34891090484314
-273.17436982170926
-273.17436982170926
-271.13258597130306
-268.97670253943784
-266.77400216959165
-266.77400216959165
-264.64000559519036
-262.44234798214455
-262.44234798214455
-260.33477667432084
-258.146607949627
-255.9418018297068
-255.9418018297068
-253.76670962323288
-251.55828011557261
-251.55828011557261
-249.4005719087664
-247.1976195913836
-247.1976195913836
-245.061458392075
-242.86316908227545
-240.66745814966615
-240.66745814966615
-238.47754528416885
-236.27367896722072
-236.27367896722072
-234.09619038258722
-231.88804586057722
-231.88804586057722
-229.72727317667307
-227.5189140456871
-225.33827181650827
-225.33827181650827
-223.1335816306623
-220.94022002339858
-220.94022002339858
-218.74312972471736
-216.54068487615913
-214.40406096510014
-214.40406096510014
-212.19674928865822
-210.03966102871
-210.03966102871
-207.83088799281342
-205.65639369926507
-205.65639369926507
-203.44975574964636
-201.26115612698243
-201.26115612698243
-199.0604610861274
-196.8612714284049
-194.7349717430089
-194.7349717430089
-192.52950253452747
-190.381574639103
-190.381574639103
-188.1730561211757
-186.00640392803686
-183.9533861835495
-183.9533861835495
-181.77274163562947
-179.69159110488957
-179.69159110488957
-177.4995561694157
-175.39253125801176
-173.44190186444632
-173.44190186444632
-171.31426933636018
-169.33049005700963
-169.33049005700963
-167.18424755781206
-165.1689047022671
-163.3547028843911
-163.3547028843911
-161.31369097616732
-159.4630505746845
-159.4630505746845
-157.39781855786345
-155.51187231687942
-155.51187231687942
-153.42393733221752
-151.50388638109735
-149.80331502631006
-149.80331502631006
-147.85368432781314
-146.13106182850095
-146.13106182850095
-144.1550508124372
-142.39684446206354
-142.39684446206354
-140.3955622029515
-138.60260455136498
-137.08449074615288
-135.90241804247262
-135.90241804247262
-134.3617399002082
-133.14937068821172
-132.31254688806592
-131.8869059475029
-131.8869059475029
-131.02854473579313
-130.58046305605046
-130.56119113256
-130.56119113256
-130.0938974611859
-130.05264243980474
-130.05264243980474
-129.56234176242694
-129.50008494358417
-129.50008494358417
-128.99108731254213
-128.90976789905753
-128.90976789905753
-128.38234303196916
-128.28221725161717
-128.28221725161717
-128.28221725161717
-128.28221725161717
-128.28221725161717
-126.08773082397174
-123.9751568791317
-122.0178197957414
-122.0178197957414
-119.88741972730185
-117.90093824944206
-116.13063577401014
-116.13063577401014
-114.12246453986552
-112.32217796350821
-110.79860076285613
-109.61274668657465
-109.61274668657465
-108.07167042168919
-106.86587382229243
-106.86587382229243
-105.30831085911652
-104.08692997215734
-103.25009210061133
-102.83267429741761
-102.85475727850448
-103.31531845233259
-104.19399987180161
-105.45279791627571
-105.45279791627571
-105.45279791627571
-105.45279791627571
-105.45279791627571
-105.45279791627571
-103.39223140331754
-101.51702721356146
-101.51702721356146
-101.51702721356146
-101.51702721356146
-101.51702721356146
-101.51702721356146
-101.51702721356146
-101.51702721356146
-101.51702721356146
-101.51702721356146
-101.51702721356146
