-391.8659322918052
-393.48197935334827
-394.82829862882227
-395.88848510156043
-396.64980000305303
-397.10310032934933
-397.24299404711803
-397.0677950811882
-396.5796199584764
-395.7842558236257
-394.6912595503475
-393.3138270593279
-391.6686987350824
-389.7761001901708
-387.6596475255179
-385.34611197038953
-382.8652227429202
-380.2494323893361
-377.53369155401185
-374.7549492180443
-371.9519144617149
-369.16445591027696
-366.43311985862846
-363.79857822191065
-361.3009375374253
-358.97903943337434
-356.8697204843442
-355.0071120009909
-353.30427726845306
-351.9812059980148
-350.98111019519365
-350.321090501459
-350.012494010651
-350.012494010651
-348.96461066314686
-348.2547822501104
-348.2547822501104
-348.2547822501104
-348.2547822501104
-348.2547822501104
-345.48838988746604
-342.68776151930894
-339.89251964852605
-337.14262286530135
-337.14262286530135
-334.34910273442244
-331.54757316249635
-328.84024189438884
-328.84024189438884
-328.84024189438884
-328.84024189438884
-328.84024189438884
-328.84024189438884
-329.26231749756556
-329.3747110302062
-329.17611996802196
-329.17611996802196
-329.78240130430027
-330.0814139647798
-330.0697241742391
-329.7474773545231
-329.1183814650866
-328.18965348591377
-328.18965348591377
-328.05268000470767
-327.6063446491146
-326.8557688259595
-325.80958654988075
-324.47997619916754
-322.91039614934436
-322.91039614934436
-322.01676041036313
-320.83320450058017
-319.39808366309
-317.69658129564925
-315.7514826611066
-313.5892020703882
-313.5892020703882
-311.9784155460088
-310.11590985594415
-308.02673527976737
-305.73956761519185
-303.2864003862128
-300.7023089370137
-300.7023089370137
-298.4699703348162
-296.06206181866037
-293.5127508601899
-290.85900638499743
-290.85900638499743
-288.4964112859372
-285.98279420298513
-283.35425861257715
-280.64962936211765
-280.64962936211765
-278.1717193091624
-275.5694017987884
-272.88069512375625
-270.1460637762819
-270.1460637762819
-267.5700066356211
-264.89835025192104
-262.1709097704319
-259.3681161283331
-259.3681161283331
-256.7180151450622
-254.00139142694093
-251.20353955376294
-251.20353955376294
-248.57830234510305
-245.87574666891229
-243.13661897719552
-240.341711958726
-240.341711958726
-237.65479331024306
-234.8603876412131
-232.05926718117664
-229.29187384767295
-229.29187384767295
-226.50874263228891
-223.7054463016922
-220.92196511081406
-218.1995212368067
-218.1995212368067
-215.39828113368662
-212.60423237792887
-209.85830866916422
-207.20221655105937
-207.20221655105937
-204.40208164820322
-201.63854122844054
-198.9533383767555
-198.9533383767555
-196.15026512908526
-193.37188476931084
-190.65977161200846
-188.05628209479613
-188.05628209479613
-185.26779426217354
-182.5350529497405
-179.90044230146572
-179.90044230146572
-177.10427903183654
-174.35302020087028
-171.6889970570448
-169.15519699100815
-166.79447641763196
-166.79447641763196
-164.11314816565073
-161.5552834984262
-159.1641581377208
-159.1641581377208
-156.46668322807412
-153.88586127336904
-151.46537768076408
-149.24835885557653
-147.32202838026018
-147.32202838026018
-144.89913907436974
-142.67997169687786
-140.75510367242944
-139.07961764921305
-137.72531506793626
-136.72128184847355
-136.08971787636077
-136.08971787636077
-134.7738844003552
-133.81224695275793
-133.2263185504349
-133.02943740855846
-133.02943740855846
-132.1202608462353
-131.58987669783497
-131.45046395845102
-131.45046395845102
-130.5968139700036
-130.1249494946213
-130.04577132594088
-130.04577132594088
-129.2504689972303
-129.2504689972303
-129.2504689972303
-129.2504689972303
-126.5119341654787
-123.86999050976917
-121.36984358983067
-121.36984358983067
-118.62039444959576
-115.96107234359044
-113.4374352411
-111.09590675730513
-108.98264734488627
-107.14212873132153
-105.61547462277164
-104.47113368195282
-104.47113368195282
-102.69631750786665
-101.28420072797478
-100.20787250115926
-100.20787250115926
-100.20787250115926
-100.20787250115926
-100.5310219714791
-100.5310219714791
-100.5310219714791
-100.5310219714791
-100.5310219714791
-100.5310219714791
-100.5310219714791
-100.5310219714791
-100.5310219714791
-100.5310219714791
-100.5310219714791
