-392.83861260070745
-395.6972973447963
-398.57562242630917
-401.47316538979356
-404.3895131339564
-407.324261745324
-410.2770163548833
-413.2473909909103
-416.23500842860443
-419.2395000371072
-422.2605056244355
-425.29767328082255
-428.3506592209188
-431.41912762526795
-434.50275048143925
-437.6012074251642
-440.7141855817944
-443.8413794083695
-446.9824905365546
-450.1372276166848
-453.3053061631269
-456.4864484011485
-459.6803831154639
-462.8868455006061
-462.8868455006061
-464.9306539382051
-466.9997785185254
-469.09388534507474
-469.09388534507474
-469.72652157945737
-470.3923222908396
-471.09114686357265
-471.8228485611285
-472.5872746736558
-473.38426666994707
-474.21366035348257
-475.0752860222125
-475.0752860222125
-474.38028315236437
-473.71803722787286
-473.0886858116773
-472.49236034849497
-472.49236034849497
-470.4296017183735
-468.39188938834553
-466.3795814609281
-464.3930081833345
-462.4325012177154
-460.4983934851325
-458.5910190020224
-456.7107127090937
-454.8578102926157
-453.03264799807494
-451.23556243619805
-449.4668903813561
-447.7269685623927
-446.01613344593636
-444.3347210122866
-442.6830665239857
-441.0615042872165
-439.47036740619365
-437.9099875307448
-436.38069459730804
-434.8828165636011
-433.4166791372503
-431.9826054986976
-430.5809160187367
-429.21192797106073
-427.87596226571713
-427.87596226571713
-427.87596226571713
-427.87596226571713
-423.87839765819035
-419.8808792536131
-415.8834083843094
-411.88598643430936
-407.8886148418813
-403.89129510221414
-399.8940287702604
-395.896817463751
-391.89966286639503
-387.90256673127635
-383.90553088446285
-379.9085572288429
-375.9116477482062
-371.9148045115879
-367.91802967789516
-363.92132550083846
-363.92132550083846
-360.17940493965614
-356.44309001690897
-352.71255887569356
-348.987996994448
-345.26959755164364
-341.55756181128675
-337.8520995305311
-334.1534293907885
-330.4617794538143
-326.77738764433803
-323.10050226091334
-323.10050226091334
-323.10050226091334
-323.10050226091334
-323.10050226091334
-323.10050226091334
-323.10050226091334
-323.10050226091334
-323.10050226091334
-326.6797473460588
-330.2686483763943
-333.86689396241616
-337.4741852013385
-341.09023509909906
-344.7147680214256
-348.3475191724883
-351.98823409972704
-355.6366682235067
-359.2925863903181
-362.9557624483004
-366.6259788439237
-370.3030262387259
-373.98670314505455
-377.6768155798169
-381.37317673529446
-385.0756066661254
-388.78393199160655
-392.49797798172466
-396.21759108160336
-399.9426159627815
-403.67290280829496
-407.4083070803483
-411.1486892990828
-414.8939148318639
-418.6438536925441
-422.39838035018147
-426.1573735467296
-429.92071612323497
-433.68829485410544
-437.4600002890388
-441.235726602219
-445.01537144841245
-445.01537144841245
-447.9987331702461
-450.9978371550312
-454.01237143329087
-457.042030682123
-460.08651610886255
-463.1455353341284
-466.2188022745071
-469.30603702510496
-472.4069657421832
-475.5213205260697
-478.6488393045278
-481.7892657167448
-484.94234899808686
-488.107843865757
-491.28551040547484
-491.28551040547484
-491.28551040547484
-491.28551040547484
-491.28551040547484
-491.28551040547484
-491.28551040547484
-491.28551040547484
-491.28551040547484
-488.2555585253951
-485.239660693385
-482.2380805898944
-479.25108723353765
-479.25108723353765
-479.25108723353765
-479.10625827335764
-478.99478996563727
-478.91670560454554
-478.8720215207349
-478.8720215207349
-478.8720215207349
-481.7300788020638
-481.7300788020638
-481.7300788020638
-481.7300788020638
-485.3720478319196
-489.0196119450724
-492.6726468698222
-496.3310318093894
-499.9946493280494
-503.66338524140735
-507.337128510657
-511.01577114066924
-514.699208081765
-518.3873371350313
-522.0800588610433
-525.7772764918637
-529.4788958461917
-533.1848252475422
-536.8949754453391
-540.6092595388094
-544.3275929035727
-548.0498931208223
-551.7760799089982
-555.5060750578584
-559.239802364855
-562.9771875737298
-566.7181583152426
-570.462644049953
-574.2105760129779
-577.9619111612648
-581.7165600304089
-585.4744588677183
-585.4744588677183
-588.4114533281866
-591.3609174028137
-594.3226654415714
-597.2965147110924
-600.2822853598383
-603.2798003828823
-606.2888855863662
-609.3093695516861
-612.3410835994563
-615.3838617533021
-618.4375407035265
-621.5019597706931
-624.5769608691683
-627.6623884706559
-630.7580895677662
-633.8639136376479
-636.9797126057163
-640.105340809506
-643.2406549626777
-643.2406549626777
-645.1774822707182
-647.1332374121107
-649.1077492987613
-651.1008685863508
-653.1123826345948
-655.142142995932
-655.142142995932
-655.142142995932
-655.142142995932
-652.6810327591978
-650.2352136891956
-647.804858983602
-645.3901221405617
-642.9912007785031
-640.6082725727796
-638.2415166587859
-635.8911136140066
-633.5572454385971
-631.2400955344579
-631.2400955344579
-631.2400955344579
-627.288671835051
-623.3378678923156
-623.3378678923156
-619.4556197646544
-615.5748796692161
-611.6956988327642
-607.8180840872275
-603.9420655979037
-600.067674296898
-596.194941907212
-592.3239009677309
-588.4545848591438
-584.5870278308395
-584.5870278308395
-584.5870278308395
-584.5870278308395
-584.5870278308395
-584.5870278308395
-587.1354995939048
-589.7000902837466
-592.2805905142584
-594.8767932447555
-597.4884937841009
-600.1154897930971
-602.7575812852206
-605.4145706257776
-608.0862625295571
-610.7724640570506
-613.472984609316
-616.1876359215496
-618.9162320554368
-621.658611742959
-621.658611742959
-625.3243124257485
-625.3243124257485
-625.3243124257485
-629.026512457393
-629.026512457393
-631.8564263725419
-634.6989315756398
-637.5538596536364
-640.421044467036
-643.3003221313203
-646.191509643291
-649.094490186996
-649.094490186996
-650.7147888605572
-650.7147888605572
-650.7147888605572
-649.2412636314771
-647.7890865110367
-647.7890865110367
-645.0148040791886
-642.2534503155381
-639.505192696276
-636.7702007876761
-634.0486462561387
-631.340702877373
-628.6465465446679
-628.6465465446679
-625.0199269712203
-621.3978899820596
-621.3978899820596
-617.4010543408227
-613.4042597993646
-609.4074845519182
-605.410752031989
-601.4140630914217
-597.4174186048468
-593.4208194704472
-589.424266610756
-585.4277609734869
-581.4313035323989
-577.4348952881973
-573.4385372694708
-569.4422305336698
-565.4459761681253
-561.4497752911111
-557.4536290529521
-553.4575386371799
-549.4615052617398
-545.4655301802492
-541.4696146833135
-537.4737600998988
-533.477967798768
-529.4822391899799
-525.4865757264585
-525.4865757264585
-521.7353418708761
-517.9878304405432
-514.2441228160628
-510.50430268138064
-506.7684561025118
-503.0366716093609
-499.30904028077094
-495.5856558329397
-491.86661471135176
-488.1520161863778
-484.44196245270274
-480.73655873274913
-477.03591338427134
-473.3401380123029
-469.6493475856491
-465.9636605581229
-462.28319899473445
-462.28319899473445
-462.28319899473445
-462.28319899473445
-462.28319899473445
-462.28319899473445
-462.28319899473445
-462.28319899473445
-462.28319899473445
-465.86636087702897
-469.456256131597
-473.0527314641293
-476.65563793008903
-480.2648307920279
-483.8801693819853
-487.5015169687895
-491.1287406300833
-494.7617111289038
-498.40030279464986
-502.04439340827713
-505.6938640915666
-509.34859920031505
-513.0084862213052
-516.6734156729138
-520.3432810092244
-524.0179785275141
-527.69740727899
-531.3814689826536
-535.0700679421772
-538.7631109656801
-542.4605072882983
-546.1621684974407
-549.8680084606342
-553.5779432558617
-557.2918911042976
-561.0097723053559
-564.7315091739603
-564.7315091739603
-564.7315091739603
-564.7315091739603
-564.7315091739603
-564.7315091739603
-564.7315091739603
-564.7315091739603
-564.7315091739603
-561.1020035017614
-557.4775684670502
-553.8583036162146
-550.2443109708445
-546.6356950999268
-543.0325631943567
-539.4350251438426
-535.8431936162813
-532.2571841396835
-528.6771151867337
-525.1031082620639
-521.5352879923342
-517.9737822192021
-514.4187220952753
-510.87024218313877
-507.32848055755153
-503.7935789109079
-500.2656826620638
-496.7449410686257
-493.23150734280586
-493.23150734280586
-493.23150734280586
-493.23150734280586
-493.23150734280586
-493.23150734280586
-493.23150734280586
-493.23150734280586
-493.23150734280586
-496.62776791455843
-500.0329589463507
-503.4468992279078
-506.8694119716178
-510.3003246946039
-513.7394691038336
-517.1866809842123
-520.6418000896088
-524.1046700367561
-527.5751382019739
-531.0530556206535
-534.5382768894477
-538.0306600711089
-541.530066601913
-545.0363612016153
-545.0363612016153
-545.0363612016153
-545.0363612016153
-545.0363612016153
-545.0363612016153
-545.0363612016153
-545.0363612016153
-545.0363612016153
-541.6488274638538
-538.2696997379579
-534.8991373342911
-531.5373031950816
-528.1843639836237
-524.8404901754664
-521.5058561516029
-518.1806402936745
-514.8650250811978
-511.55919719082
-508.2633475976048
-504.97767167834746
-501.7023693169087
-501.7023693169087
-501.7023693169087
-501.7023693169087
-501.7023693169087
-501.7023693169087
-501.7023693169087
-501.7023693169087
-505.55632122884623
-509.4125248398422
-513.2709293988656
-517.1314856409942
-520.9941457344432
-524.8588632297989
-528.7255930113514
-532.5942912504298
-536.4649153606451
-540.337423954953
-544.2117768044524
-548.08793479884
-551.9658599084459
-555.845515147776
-559.7268645404979
-563.6098730857998
-567.494506726065
-571.3807323158021
-575.2685175917753
-579.1578311442825
-583.0486423895296
-586.9409215430561
-590.8346395941629
-594.7297682813017
-598.626280068384
-602.52414812197
-606.4233462893015
-610.3238490771408
-614.2256316313842
-618.1286697174168
-618.1286697174168
-618.1286697174168
-620.2317372593004
-622.3534069796931
-624.4934892801109
-626.6517955178454
-628.8281380446538
-631.022330243667
-633.2341865645476
-635.4635225569252
-637.7101549021486
-639.9739014433823
-642.2545812140856
-644.5520144649089
-646.8660226890407
-646.8660226890407
-646.8660226890407
-646.8660226890407
-646.8660226890407
-646.8660226890407
-646.8660226890407
-646.8660226890407
-646.8660226890407
-646.8660226890407
-644.7467406935172
-642.6453671165556
-640.5620782046933
-638.4970509779531
-636.450463191955
-634.4224932984719
-632.4133204044085
-630.42312422919
-628.4520850605402
-626.5003837086393
-624.5682014586464
-622.6557200215769
-620.7631214835274
-618.8905882532396
-617.0383030080008
-615.2064486378779
-613.3952081882858
-611.6047648008927
-609.8353016528677
-608.0870018944798
-606.3600485850583
-606.3600485850583
-606.1994895080569
-606.0652881081278
-605.9574618975756
-605.8760249581759
-605.8209879319907
-605.7923580144196
-605.7901389494988
-605.8143310274526
-605.8649310845044
-605.941932504945
-606.0453252254554
-606.1750957416787
-606.3312271170298
-606.5136989937306
-606.7224876060527
-606.9575657957486
-607.2189030296477
-607.5064654193909
-607.8202157432731
-608.1601134701627
-608.5261147854609
-608.9181726190633
-609.336236675282
-609.336236675282
-609.336236675282
-609.336236675282
-609.336236675282
-609.336236675282
-609.336236675282
-609.336236675282
-610.2746812952653
-611.2378620094361
-612.2256620700259
-613.2379625069564
-614.2746421932711
-615.3355779109849
-616.4206444172733
-617.5297145109324
-618.6626590990339
-619.8193472637067
-620.9996463289765
-622.2034219275935
-623.4305380677836
-624.68085719986
-625.9542402826296
-627.2505468495365
-628.569613194661
-629.9113183332141
-631.275517916582
-632.6620664314944
-634.0707954750497
-635.5016008485887
-636.9543122641015
-638.4287801834352
-639.9248542173857
-639.9248542173857
-639.9248542173857
-639.9248542173857
-637.0232568764438
-634.1336140930407
-631.2560900370241
-631.2560900370241
-627.5285963782251
-623.8044782358908
-620.0837964283627
-616.3666131856942
-616.3666131856942
-612.3674411219207
-612.3674411219207
-608.7183748601901
-608.7183748601901
-606.0063771992908
-603.3087091161249
-600.6255636916385
-597.9571364235147
-595.3036252326192
-592.6652304680656
-590.0421549108247
-587.4346037758005
-584.8427847122946
-584.8427847122946
-584.8427847122946
-585.2465237375808
-585.6773036487805
-586.1350648248072
-586.6197441022148
-587.1312748179973
-587.669586854516
-588.234606686482
-588.8262574299271
-589.4444588930844
-590.0891276291061
-590.7601769905361
-591.4575171854626
-592.181055335263
-592.930695533864
-593.7063624009786
-594.5079309224349
-595.3352964750947
-596.1883516588066
-597.0669863619514
-597.9710878279839
-598.9005407228848
-598.9005407228848
-598.9005407228848
-598.9005407228848
-598.9005407228848
-598.9005407228848
-598.9005407228848
-600.8419095062393
-602.803568865884
-604.7853213605566
-606.7869701191181
-608.8083188959312
-610.8491721242182
-612.9093349674143
-614.9886133685371
-617.0868140975925
-619.2037447970416
-621.3392140253546
-623.4930312986776
-625.6650071306406
-627.8549530703392
-630.0626817385186
-632.2880068619934
-634.5307433063375
-636.7907071068773
-639.0677154980237
-641.3615869409796
-643.6721411498581
-645.9991991162502
-648.3426045415401
-650.7021598464572
-650.7021598464572
-650.7021598464572
-650.7021598464572
-648.5639110806893
-646.4433403869403
-644.3406010043321
-642.2558898117354
-640.1893829300406
-638.1412572135342
-636.1116902109534
-636.1116902109534
-632.9110630034938
-629.7195762492937
-626.5373696286347
-626.5373696286347
-622.6653377326908
-618.7949336099322
-614.9261879964391
-611.0591323933394
-607.19377637839
-603.33017569641
-599.4683642870011
-595.6083769540734
-591.7502493929846
-587.8940182186876
-587.8940182186876
-583.9280852800476
-579.9626203656102
-575.9976331417354
-572.0331335416085
-568.0691317744669
-564.1056383352108
-560.1426640144176
-556.1802199087775
-552.2183174319715
-548.2569683260153
-544.2961846730907
-540.3359789078897
-536.3763638304971
-532.4173526198392
-528.4589588477282
-524.5011964935312
-520.5440799594987
-516.5876240867857
-512.6318441722029
-508.6767559857354
-504.72237578887194
-500.768720353787
-496.81580698342276
-492.8636535325201
-488.91227842965105
-484.96170070030837
-481.0119399911113
-477.06301659519124
-473.11495147882306
-469.16776630937545
-465.22148348465436
-461.27612616372255
-457.33171829928074
-453.3882846717028
-449.4458509248245
-445.50444360359006
-441.56409019366976
-437.6248191631691
-433.68666000655793
-429.7496432909576
-425.8138007049337
-421.8791651099529
-417.945770594673
-414.0136525322484
-410.0828476408466
-406.1533940475845
-402.2253313561111
-398.2987007180772
-394.37354490875487
-390.4499084070851
-386.52783748045726
-386.52783748045726
-383.2302691536292
-379.94619274309645
-376.6759611397469
-373.41993808217694
-370.1784984979657
-366.952028852937
-363.74092750820864
-360.5456050847713
-357.36648483527756
-354.2040030226483
-351.05860930502854
-347.93076712653607
-347.93076712653607
-347.93076712653607
-347.93076712653607
-347.93076712653607
-347.93076712653607
-347.93076712653607
-347.93076712653607
-351.7108994554133
-355.4958437952934
-359.28544806773806
-363.07956636012824
-366.87805862547583
-370.6807903990349
-374.4876325306675
-378.2984609319883
-378.2984609319883
-381.3481409313062
-384.41524901032165
-387.49937133268196
-390.6001048725305
-393.7170571632525
-396.84984604734797
-399.99809942794434
-403.16145502240596
-406.33956011844475
-409.5320713330896
-412.7386543748264
-415.9589838091803
-419.1927428279757
-419.1927428279757
-419.1927428279757
-419.1927428279757
-419.1927428279757
-419.1927428279757
-419.1927428279757
-419.1927428279757
-415.3554902520913
-411.52133720761117
-407.6903711438344
-403.86268275408423
-400.0383661237086
-396.21751888602586
-392.40024238670117
-388.5866418570729
-384.7768265969819
-380.97091016769554
-377.1690105955584
-373.3712505870453
-369.5777577559391
-365.78866486340524
-362.0041100717909
-358.22423721303056
-354.4491960726072
-350.67914269007946
-346.9142396772614
-343.1546565552145
-339.40057011129744
-335.65216477760407
-331.90963303221804
-328.1731758248121
-324.4430030282301
-320.7193339178055
-317.002397680297
-313.29243395445275
-309.5896934053599
-305.894438334887
-302.20694333069
-298.5274959564251
-294.8563974859959
-291.1939636848563
-291.1939636848563
-291.1939636848563
-289.830652284308
-288.5163592806604
-287.251757511693
-286.037506048622
-284.87424873344406
-283.7626127035457
-282.70320691002155
-282.70320691002155
-282.70320691002155
-282.70320691002155
-282.70320691002155
-282.70320691002155
-282.70320691002155
-282.70320691002155
-284.99015559954165
-287.3145913130462
-289.67561163378224
-292.0723293479206
-294.50387292415326
-296.9693869159289
-299.4680322912796
-299.4680322912796
-299.4680322912796
-299.4680322912796
-299.4680322912796
-299.4680322912796
-299.4680322912796
-295.5131183925064
-291.5594346691943
-287.60703185437046
-283.6559634917721
-283.6559634917721
-283.6559634917721
-283.6559634917721
-282.836927375831
-282.07223211367784
-281.3623301355093
-280.707637153807
-280.10854028601625
-279.565396952755
-279.0785338449367
-279.0785338449367
-279.0785338449367
-279.0785338449367
-279.0785338449367
-279.0785338449367
-279.0785338449367
-279.0785338449367
-280.8647151389092
-282.6962123024107
-284.5721503823707
-286.49165638707774
-288.45386055420397
-290.457897535744
-290.457897535744
-290.457897535744
-290.457897535744
-290.457897535744
-286.9569470893104
-283.4692025927768
-279.9951575441746
-276.5353282523311
-273.0902550236767
-269.6605034112412
-266.24666552831457
-262.84936142917167
-259.4692405591371
-256.10698327609566
-252.76330244531994
-249.4389451091813
-246.13469423291988
-242.85137052715953
-239.58983434724732
-236.3509876687594
-233.1357761376182
-229.94519119219723
-226.78027225351326
-223.64210897810364
-223.64210897810364
-219.79439196197998
-215.9522089515479
-212.11586066940757
-208.2856695198881
-204.4619815284166
-200.64516848670718
-196.8356303288245
-193.03379776657297
-189.24013521655692
-185.4551440557239
-181.6793662473311
-177.91338838515904
-174.1578462105541
-170.41342966463532
-166.68088854689427
-166.68088854689427
-166.68088854689427
-166.68088854689427
-166.68088854689427
-166.68088854689427
-166.68088854689427
-166.68088854689427
-166.68088854689427
-166.68088854689427
-166.68088854689427
