62.828426361083984 452.82843017578125 0.7853981852531433
65.65685272216797 455.6568603515625 0.7853981852531433
68.48528289794922 458.48529052734375 0.7853981852531433
71.31371307373047 461.313720703125 0.7853981852531433
74.14214324951172 464.14215087890625 0.7853981852531433
76.97057342529297 466.9705810546875 0.7853981852531433
79.79900360107422 469.79901123046875 0.7853981852531433
82.62743377685547 472.62744140625 0.7853981852531433
85.45586395263672 475.45587158203125 0.7853981852531433
88.28429412841797 478.2843017578125 0.7853981852531433
91.11272430419922 481.11273193359375 0.7853981852531433
93.94115447998047 483.941162109375 0.7853981852531433
96.76958465576172 486.76959228515625 0.7853981852531433
99.59801483154297 489.5980224609375 0.7853981852531433
102.42644500732422 492.42645263671875 0.7853981852531433
105.25487518310547 495.2548828125 0.7853981852531433
108.08330535888672 498.08331298828125 0.7853981852531433
110.91173553466797 500.9117431640625 0.7853981852531433
113.74016571044922 503.74017333984375 0.7853981852531433
116.56859588623047 506.568603515625 0.7853981852531433
119.39702606201172 509.39703369140625 0.7853981852531433
122.22545623779297 512.2254638671875 0.7853981852531433
125.05388641357422 515.0538940429688 0.7853981852531433
127.88231658935547 517.88232421875 0.7853981852531433
130.7107391357422 520.7107543945312 0.7853981852531433
133.53916931152344 523.5391845703125 0.7853981852531433
136.3675994873047 526.3676147460938 0.7853981852531433
139.19602966308594 529.196044921875 0.7853981852531433
142.0244598388672 532.0244750976562 0.7853981852531433
144.85289001464844 534.8529052734375 0.7853981852531433
147.6813201904297 537.6813354492188 0.7853981852531433
150.50975036621094 540.509765625 0.7853981852531433
150.50975036621094 540.509765625 1.1853982210159302
152.01345825195312 544.2163696289062 1.1853982210159302
153.5171661376953 547.9229736328125 1.1853982210159302
153.5171661376953 547.9229736328125 1.5853981971740723
153.5171661376953 547.9229736328125 1.9853981733322144
153.5171661376953 547.9229736328125 2.3853981494903564
153.5171661376953 547.9229736328125 2.785398244857788
153.5171661376953 547.9229736328125 -3.0977869033813477
153.5171661376953 547.9229736328125 -2.697786808013916
149.9046630859375 546.2054443359375 -2.697786808013916
146.2921600341797 544.4879150390625 -2.697786808013916
142.67965698242188 542.7703857421875 -2.697786808013916
139.06715393066406 541.0528564453125 -2.697786808013916
135.45465087890625 539.3353271484375 -2.697786808013916
131.84214782714844 537.6177978515625 -2.697786808013916
128.22964477539062 535.9002685546875 -2.697786808013916
124.61714935302734 534.1827392578125 -2.697786808013916
121.00465393066406 532.4652099609375 -2.697786808013916
117.39215850830078 530.7476806640625 -2.697786808013916
113.7796630859375 529.0301513671875 -2.697786808013916
110.16716766357422 527.3126220703125 -2.697786808013916
106.55467224121094 525.5950927734375 -2.697786808013916
102.94217681884766 523.8775634765625 -2.697786808013916
99.32968139648438 522.1600341796875 -2.697786808013916
95.7171859741211 520.4425048828125 -2.697786808013916
92.10469055175781 518.7249755859375 -2.697786808013916
88.49219512939453 517.0074462890625 -2.697786808013916
88.49219512939453 517.0074462890625 -2.2977867126464844
88.49219512939453 517.0074462890625 -1.8977867364883423
87.2074203491211 513.2194213867188 -1.8977867364883423
85.92264556884766 509.4313659667969 -1.8977867364883423
84.63787078857422 505.643310546875 -1.8977867364883423
84.63787078857422 505.643310546875 -1.4977867603302002
84.92964935302734 501.6539611816406 -1.4977867603302002
85.22142791748047 497.66461181640625 -1.4977867603302002
85.5132064819336 493.6752624511719 -1.4977867603302002
85.80498504638672 489.6859130859375 -1.4977867603302002
86.09676361083984 485.6965637207031 -1.4977867603302002
86.38854217529297 481.70721435546875 -1.4977867603302002
86.6803207397461 477.7178649902344 -1.4977867603302002
86.97209930419922 473.728515625 -1.4977867603302002
87.26387786865234 469.7391662597656 -1.4977867603302002
87.55565643310547 465.74981689453125 -1.4977867603302002
87.8474349975586 461.7604675292969 -1.4977867603302002
88.13921356201172 457.7711181640625 -1.4977867603302002
88.43099212646484 453.7817687988281 -1.4977867603302002
88.72277069091797 449.79241943359375 -1.4977867603302002
89.0145492553711 445.8030700683594 -1.4977867603302002
89.30632781982422 441.813720703125 -1.4977867603302002
89.59810638427734 437.8243713378906 -1.4977867603302002
89.88988494873047 433.83502197265625 -1.4977867603302002
90.1816635131836 429.8456726074219 -1.4977867603302002
90.47344207763672 425.8563232421875 -1.4977867603302002
90.76522064208984 421.8669738769531 -1.4977867603302002
90.76522064208984 421.8669738769531 -1.097786784172058
92.58749389648438 418.3061828613281 -1.097786784172058
94.4097671508789 414.7453918457031 -1.097786784172058
96.23204040527344 411.1846008300781 -1.097786784172058
98.05431365966797 407.6238098144531 -1.097786784172058
99.8765869140625 404.0630187988281 -1.097786784172058
101.69886016845703 400.5022277832031 -1.097786784172058
103.52113342285156 396.9414367675781 -1.097786784172058
105.3434066772461 393.3806457519531 -1.097786784172058
107.16567993164062 389.8198547363281 -1.097786784172058
108.98795318603516 386.2590637207031 -1.097786784172058
110.81022644042969 382.6982727050781 -1.097786784172058
112.63249969482422 379.1374816894531 -1.097786784172058
114.45477294921875 375.5766906738281 -1.097786784172058
116.27704620361328 372.0158996582031 -1.097786784172058
118.09931945800781 368.4551086425781 -1.097786784172058
119.92159271240234 364.8943176269531 -1.097786784172058
121.74386596679688 361.3335266113281 -1.097786784172058
123.5661392211914 357.7727355957031 -1.097786784172058
125.38841247558594 354.2119445800781 -1.097786784172058
127.21068572998047 350.6511535644531 -1.097786784172058
129.032958984375 347.0903625488281 -1.097786784172058
130.855224609375 343.5295715332031 -1.097786784172058
130.855224609375 343.5295715332031 -0.697786808013916
130.855224609375 343.5295715332031 -0.29778680205345154
130.855224609375 343.5295715332031 0.10221320390701294
130.855224609375 343.5295715332031 0.5022132396697998
128.96395874023438 342.2676696777344 0.6745710372924805
128.96395874023438 342.2676696777344 1.0745710134506226
128.96395874023438 342.2676696777344 1.4745709896087646
128.96395874023438 342.2676696777344 1.8745709657669067
128.96395874023438 342.2676696777344 2.274570941925049
128.96395874023438 342.2676696777344 2.6745710372924805
128.96395874023438 342.2676696777344 3.074571132659912
128.96395874023438 342.2676696777344 -2.8086140155792236
128.96395874023438 342.2676696777344 -2.408613920211792
130.51644897460938 343.9286804199219 -2.2362544536590576
130.51644897460938 343.9286804199219 -1.8362544775009155
130.51644897460938 343.9286804199219 -1.4362545013427734
131.05299377441406 339.96484375 -1.4362545013427734
131.58953857421875 336.0010070800781 -1.4362545013427734
132.12608337402344 332.03717041015625 -1.4362545013427734
132.66262817382812 328.0733337402344 -1.4362545013427734
133.1991729736328 324.1094970703125 -1.4362545013427734
133.7357177734375 320.1456604003906 -1.4362545013427734
134.2722625732422 316.18182373046875 -1.4362545013427734
134.80880737304688 312.2179870605469 -1.4362545013427734
135.34535217285156 308.254150390625 -1.4362545013427734
135.88189697265625 304.2903137207031 -1.4362545013427734
136.41844177246094 300.32647705078125 -1.4362545013427734
136.95498657226562 296.3626403808594 -1.4362545013427734
137.4915313720703 292.3988037109375 -1.4362545013427734
138.028076171875 288.4349670410156 -1.4362545013427734
138.5646209716797 284.47113037109375 -1.4362545013427734
139.10116577148438 280.5072937011719 -1.4362545013427734
139.63771057128906 276.54345703125 -1.4362545013427734
140.17425537109375 272.5796203613281 -1.4362545013427734
140.71080017089844 268.61578369140625 -1.4362545013427734
141.24734497070312 264.6519470214844 -1.4362545013427734
141.7838897705078 260.6881103515625 -1.4362545013427734
142.3204345703125 256.7242736816406 -1.4362545013427734
142.8569793701172 252.7604217529297 -1.4362545013427734
143.39352416992188 248.79656982421875 -1.4362545013427734
143.93006896972656 244.8327178955078 -1.4362545013427734
144.46661376953125 240.86886596679688 -1.4362545013427734
144.46661376953125 240.86886596679688 -1.0362545251846313
142.4288330078125 244.3108673095703 -1.0362545251846313
142.4288330078125 244.3108673095703 -0.6362545490264893
142.4288330078125 244.3108673095703 -0.23625454306602478
142.4288330078125 244.3108673095703 0.1637454628944397
142.4288330078125 244.3108673095703 0.5637454986572266
140.61874389648438 242.93504333496094 0.7361032962799072
139.07144165039062 241.2691650390625 0.9084610939025879
137.832763671875 239.36260986328125 1.0808188915252686
137.832763671875 239.36260986328125 1.4808188676834106
137.832763671875 239.36260986328125 1.8808188438415527
137.832763671875 239.36260986328125 2.2808189392089844
135.22535705566406 242.39599609375 2.2808189392089844
132.61795043945312 245.42938232421875 2.2808189392089844
130.0105438232422 248.4627685546875 2.2808189392089844
127.40313720703125 251.49615478515625 2.2808189392089844
124.79573059082031 254.529541015625 2.2808189392089844
122.18832397460938 257.56292724609375 2.2808189392089844
119.58091735839844 260.5963134765625 2.2808189392089844
119.58091735839844 260.5963134765625 2.680819034576416
119.58091735839844 260.5963134765625 3.0808191299438477
119.58091735839844 260.5963134765625 -2.802366018295288
119.58091735839844 260.5963134765625 -2.4023659229278564
119.58091735839844 260.5963134765625 -2.002365827560425
117.90773010253906 256.96307373046875 -2.002365827560425
116.23454284667969 253.329833984375 -2.002365827560425
114.56135559082031 249.69659423828125 -2.002365827560425
112.88816833496094 246.0633544921875 -2.002365827560425
111.21498107910156 242.43011474609375 -2.002365827560425
109.54179382324219 238.796875 -2.002365827560425
107.86860656738281 235.16363525390625 -2.002365827560425
106.19541931152344 231.5303955078125 -2.002365827560425
104.52223205566406 227.89715576171875 -2.002365827560425
102.84904479980469 224.263916015625 -2.002365827560425
101.17585754394531 220.63067626953125 -2.002365827560425
99.50267028808594 216.9974365234375 -2.002365827560425
97.82948303222656 213.36419677734375 -2.002365827560425
96.15629577636719 209.73095703125 -2.002365827560425
94.48310852050781 206.09771728515625 -2.002365827560425
92.80992126464844 202.4644775390625 -2.002365827560425
92.80992126464844 202.4644775390625 -1.6023658514022827
92.68366241455078 198.4664764404297 -1.6023658514022827
92.55740356445312 194.46847534179688 -1.6023658514022827
92.43114471435547 190.47047424316406 -1.6023658514022827
92.30488586425781 186.47247314453125 -1.6023658514022827
92.17862701416016 182.47447204589844 -1.6023658514022827
92.0523681640625 178.47647094726562 -1.6023658514022827
91.92610931396484 174.4784698486328 -1.6023658514022827
91.79985046386719 170.48046875 -1.6023658514022827
91.67359161376953 166.4824676513672 -1.6023658514022827
91.54733276367188 162.48446655273438 -1.6023658514022827
91.54733276367188 162.48446655273438 -1.2023658752441406
91.54733276367188 162.48446655273438 -0.8023658990859985
89.83232116699219 163.97711181640625 -0.6300081014633179
87.88671875 165.1535186767578 -0.4576502740383148
85.7681884765625 165.9788055419922 -0.28529244661331177
83.53950500488281 166.42852783203125 -0.11293461918830872
83.53950500488281 166.42852783203125 0.28706538677215576
83.53950500488281 166.42852783203125 0.6870653629302979
83.53950500488281 166.42852783203125 1.08706533908844
85.39984893798828 169.96958923339844 1.08706533908844
85.39984893798828 169.96958923339844 1.487065315246582
85.73438262939453 173.95558166503906 1.487065315246582
86.06891632080078 177.9415740966797 1.487065315246582
86.40345001220703 181.9275665283203 1.487065315246582
86.73798370361328 185.91355895996094 1.487065315246582
87.07251739501953 189.89955139160156 1.487065315246582
87.40705108642578 193.8855438232422 1.487065315246582
87.74158477783203 197.8715362548828 1.487065315246582
88.07611846923828 201.85752868652344 1.487065315246582
88.41065216064453 205.84352111816406 1.487065315246582
88.74518585205078 209.8295135498047 1.487065315246582
89.07971954345703 213.8155059814453 1.487065315246582
89.41425323486328 217.80149841308594 1.487065315246582
89.74878692626953 221.78749084472656 1.487065315246582
90.08332061767578 225.7734832763672 1.487065315246582
90.41785430908203 229.7594757080078 1.487065315246582
90.75238800048828 233.74546813964844 1.487065315246582
91.08692169189453 237.73146057128906 1.487065315246582
91.42145538330078 241.7174530029297 1.487065315246582
91.75598907470703 245.7034454345703 1.487065315246582
91.75598907470703 245.7034454345703 1.8870652914047241
91.75598907470703 245.7034454345703 2.287065267562866
91.75598907470703 245.7034454345703 2.687065362930298
91.75598907470703 245.7034454345703 3.0870654582977295
91.75598907470703 245.7034454345703 -2.7961196899414062
91.75598907470703 245.7034454345703 -2.3961195945739746
91.75598907470703 245.7034454345703 -1.9961196184158325
90.10552978515625 242.05982971191406 -1.9961196184158325
88.45507049560547 238.4162139892578 -1.9961196184158325
86.80461120605469 234.77259826660156 -1.9961196184158325
85.1541519165039 231.1289825439453 -1.9961196184158325
83.50369262695312 227.48536682128906 -1.9961196184158325
81.85323333740234 223.8417510986328 -1.9961196184158325
80.20277404785156 220.19813537597656 -1.9961196184158325
78.55231475830078 216.5545196533203 -1.9961196184158325
76.90185546875 212.91090393066406 -1.9961196184158325
75.25139617919922 209.2672882080078 -1.9961196184158325
73.60093688964844 205.62367248535156 -1.9961196184158325
71.95047760009766 201.9800567626953 -1.9961196184158325
70.30001831054688 198.33644104003906 -1.9961196184158325
68.6495590209961 194.6928253173828 -1.9961196184158325
66.99909973144531 191.04920959472656 -1.9961196184158325
65.34864044189453 187.4055938720703 -1.9961196184158325
63.69818115234375 183.76197814941406 -1.9961196184158325
62.04772186279297 180.1183624267578 -1.9961196184158325
62.04772186279297 180.1183624267578 -1.5961196422576904
61.94643783569336 176.11964416503906 -1.5961196422576904
61.84515380859375 172.1209259033203 -1.5961196422576904
61.74386978149414 168.12220764160156 -1.5961196422576904
61.64258575439453 164.1234893798828 -1.5961196422576904
61.54130172729492 160.12477111816406 -1.5961196422576904
61.44001770019531 156.1260528564453 -1.5961196422576904
61.44001770019531 156.1260528564453 -1.5961196422576904
61.44001770019531 156.1260528564453 -1.5961196422576904
61.44001770019531 156.1260528564453 -1.5961196422576904
61.44001770019531 156.1260528564453 -1.5961196422576904
61.44001770019531 156.1260528564453 -1.5961196422576904
61.44001770019531 156.1260528564453 -1.5961196422576904
61.44001770019531 156.1260528564453 -1.5961196422576904
61.44001770019531 156.1260528564453 -1.5961196422576904
61.44001770019531 156.1260528564453 -1.5961196422576904
61.44001770019531 156.1260528564453 -1.5961196422576904
