57.84648513793945 448.0729064941406 0.6745316982269287
55.49298095703125 446.39593505859375 0.5636652112007141
52.968387603759766 444.9896240234375 0.4527987241744995
50.3036994934082 443.87127685546875 0.3419322371482849
47.531639099121094 443.05462646484375 0.23106573522090912
44.686241149902344 442.5496826171875 0.12019923329353333
41.80244445800781 442.3626403808594 0.009332731366157532
38.9156608581543 442.4958190917969 -0.10153377056121826
36.06133270263672 442.94757080078125 -0.21240027248859406
33.274513244628906 443.71234130859375 -0.32326677441596985
30.58941650390625 444.78076171875 -0.43413329124450684
28.039012908935547 446.13970947265625 -0.5449997782707214
25.654619216918945 447.7724914550781 -0.655866265296936
23.465513229370117 449.6590576171875 -0.7667327523231506
21.49857521057129 451.7762145996094 -0.8775992393493652
19.7779541015625 454.0980224609375 -0.9884657263755798
18.324779510498047 456.5959167480469 -1.0993322134017944
17.15689468383789 459.2392578125 -1.2101987600326538
17.15689468383789 459.2392578125 -1.3210653066635132
17.15689468383789 459.2392578125 -1.7210652828216553
17.747159957885742 462.06817626953125 -1.8319318294525146
18.779870986938477 465.93255615234375 -1.8319318294525146
19.81258201599121 469.79693603515625 -1.8319318294525146
20.845293045043945 473.66131591796875 -1.8319318294525146
21.87800407409668 477.52569580078125 -1.8319318294525146
21.87800407409668 477.52569580078125 -2.2319319248199463
24.33405876159668 480.6828918457031 -2.2319319248199463
26.79011344909668 483.840087890625 -2.2319319248199463
29.24616813659668 486.9972839355469 -2.2319319248199463
31.70222282409668 490.15447998046875 -2.2319319248199463
34.15827560424805 493.3116760253906 -2.2319319248199463
34.15827560424805 493.3116760253906 -2.631932020187378
37.64991760253906 495.2632141113281 -2.631932020187378
41.14155960083008 497.2147521972656 -2.631932020187378
44.633201599121094 499.1662902832031 -2.631932020187378
44.633201599121094 499.1662902832031 -3.0319321155548096
44.633201599121094 499.1662902832031 2.851253032684326
44.633201599121094 499.1662902832031 2.4512529373168945
44.633201599121094 499.1662902832031 2.051252841949463
44.633201599121094 499.1662902832031 1.6512528657913208
44.954681396484375 495.1792297363281 1.6512528657913208
45.276161193847656 491.1921691894531 1.6512528657913208
45.59764099121094 487.2051086425781 1.6512528657913208
45.91912078857422 483.2180480957031 1.6512528657913208
46.2406005859375 479.2309875488281 1.6512528657913208
46.56208038330078 475.2439270019531 1.6512528657913208
46.88356018066406 471.2568664550781 1.6512528657913208
47.205039978027344 467.2698059082031 1.6512528657913208
47.526519775390625 463.2827453613281 1.6512528657913208
47.847999572753906 459.2956848144531 1.6512528657913208
48.16947937011719 455.3086242675781 1.6512528657913208
48.49095916748047 451.3215637207031 1.6512528657913208
48.81243896484375 447.3345031738281 1.6512528657913208
49.13391876220703 443.3474426269531 1.6512528657913208
49.45539855957031 439.3603820800781 1.6512528657913208
49.776878356933594 435.3733215332031 1.6512528657913208
50.098358154296875 431.3862609863281 1.6512528657913208
50.419837951660156 427.3992004394531 1.6512528657913208
50.74131774902344 423.4121398925781 1.6512528657913208
51.06279754638672 419.4250793457031 1.6512528657913208
51.38427734375 415.4380187988281 1.6512528657913208
51.70575714111328 411.4509582519531 1.6512528657913208
52.02723693847656 407.4638977050781 1.6512528657913208
52.348716735839844 403.4768371582031 1.6512528657913208
52.670196533203125 399.4897766113281 1.6512528657913208
52.991676330566406 395.5027160644531 1.6512528657913208
53.31315612792969 391.5156555175781 1.6512528657913208
53.63463592529297 387.5285949707031 1.6512528657913208
53.95611572265625 383.5415344238281 1.6512528657913208
54.27759552001953 379.5544738769531 1.6512528657913208
54.59907531738281 375.5674133300781 1.6512528657913208
54.920555114746094 371.5803527832031 1.6512528657913208
55.242034912109375 367.5932922363281 1.6512528657913208
55.563514709472656 363.6062316894531 1.6512528657913208
55.88499450683594 359.6191711425781 1.6512528657913208
56.20647430419922 355.6321105957031 1.6512528657913208
56.5279541015625 351.6450500488281 1.6512528657913208
56.84943389892578 347.6579895019531 1.6512528657913208
57.17091369628906 343.6709289550781 1.6512528657913208
57.492393493652344 339.6838684082031 1.6512528657913208
57.813873291015625 335.6968078613281 1.6512528657913208
58.135353088378906 331.7097473144531 1.6512528657913208
58.45683288574219 327.7226867675781 1.6512528657913208
58.77831268310547 323.7356262207031 1.6512528657913208
59.09979248046875 319.7485656738281 1.6512528657913208
59.42127227783203 315.7615051269531 1.6512528657913208
59.42127227783203 315.7615051269531 1.6512528657913208
59.42127227783203 315.7615051269531 1.6512528657913208
59.42127227783203 315.7615051269531 1.6512528657913208
59.42127227783203 315.7615051269531 1.6512528657913208
59.42127227783203 315.7615051269531 1.6512528657913208
59.42127227783203 315.7615051269531 1.6512528657913208
59.42127227783203 315.7615051269531 1.6512528657913208
59.42127227783203 315.7615051269531 1.6512528657913208
59.42127227783203 315.7615051269531 1.6512528657913208
59.42127227783203 315.7615051269531 1.6512528657913208
