62.42119216918945 452.26031494140625 0.716690182685852
64.99185180664062 454.34906005859375 0.6479821801185608
67.69984436035156 456.2563781738281 0.5792741775512695
70.53239440917969 457.9732971191406 0.5105661749839783
73.47613525390625 459.49169921875 0.441858172416687
76.51717376708984 460.8044128417969 0.37315016984939575
79.64115905761719 461.9052429199219 0.3044421672821045
82.8333511352539 462.78900146484375 0.23573414981365204
86.07868194580078 463.4515380859375 0.16702613234519958
89.3618392944336 463.88970947265625 0.09831811487674713
92.6673355102539 464.1014404296875 0.029610097408294678
95.97956848144531 464.0857238769531 -0.039097920060157776
99.28290557861328 463.8426513671875 -0.10780593752861023
102.56175994873047 463.37335205078125 -0.17651395499706268
105.8006591796875 462.6800537109375 -0.24522197246551514
108.98432159423828 461.76605224609375 -0.3139299750328064
112.09771728515625 460.6356201171875 -0.38263797760009766
115.12615966796875 459.2940979003906 -0.4513459801673889
118.04176330566406 457.75238037109375 -0.5214656591415405
118.04176330566406 457.75238037109375 -0.9214656352996826
119.98299407958984 455.0164489746094 -0.9859418869018555
121.7439193725586 452.1611022949219 -1.0504167079925537
123.73275756835938 448.6905822753906 -1.0504167079925537
125.30604553222656 445.72772216796875 -1.1148929595947266
127.067138671875 442.1362609863281 -1.1148929595947266
128.82823181152344 438.5447998046875 -1.1148929595947266
130.58932495117188 434.9533386230469 -1.1148929595947266
132.3504180908203 431.36187744140625 -1.1148929595947266
134.11151123046875 427.7704162597656 -1.1148929595947266
135.8726043701172 424.178955078125 -1.1148929595947266
137.63369750976562 420.5874938964844 -1.1148929595947266
137.63369750976562 420.5874938964844 -1.5148929357528687
137.85719299316406 416.59375 -1.5148929357528687
138.0806884765625 412.6000061035156 -1.5148929357528687
138.30418395996094 408.60626220703125 -1.5148929357528687
138.52767944335938 404.6125183105469 -1.5148929357528687
138.7511749267578 400.6187744140625 -1.5148929357528687
138.97467041015625 396.6250305175781 -1.5148929357528687
139.1981658935547 392.63128662109375 -1.5148929357528687
139.42166137695312 388.6375427246094 -1.5148929357528687
139.64515686035156 384.643798828125 -1.5148929357528687
139.86865234375 380.6500549316406 -1.5148929357528687
140.09214782714844 376.65631103515625 -1.5148929357528687
140.31564331054688 372.6625671386719 -1.5148929357528687
140.5391387939453 368.6688232421875 -1.5148929357528687
140.76263427734375 364.6750793457031 -1.5148929357528687
140.9861297607422 360.68133544921875 -1.5148929357528687
141.20962524414062 356.6875915527344 -1.5148929357528687
141.43312072753906 352.69384765625 -1.5148929357528687
141.6566162109375 348.7001037597656 -1.5148929357528687
141.88011169433594 344.70635986328125 -1.5148929357528687
142.10360717773438 340.7126159667969 -1.5148929357528687
142.3271026611328 336.7188720703125 -1.5148929357528687
142.55059814453125 332.7251281738281 -1.5148929357528687
142.7740936279297 328.73138427734375 -1.5148929357528687
142.99758911132812 324.7376403808594 -1.5148929357528687
143.22108459472656 320.743896484375 -1.5148929357528687
143.444580078125 316.7501525878906 -1.5148929357528687
143.66807556152344 312.75640869140625 -1.5148929357528687
143.89157104492188 308.7626647949219 -1.5148929357528687
144.1150665283203 304.7689208984375 -1.5148929357528687
144.33856201171875 300.7751770019531 -1.5148929357528687
144.5620574951172 296.78143310546875 -1.5148929357528687
144.78555297851562 292.7876892089844 -1.5148929357528687
145.00904846191406 288.7939453125 -1.5148929357528687
145.2325439453125 284.8002014160156 -1.5148929357528687
145.45603942871094 280.80645751953125 -1.5148929357528687
145.67953491210938 276.8127136230469 -1.5148929357528687
145.9030303955078 272.8189697265625 -1.5148929357528687
146.12652587890625 268.8252258300781 -1.5148929357528687
146.3500213623047 264.83148193359375 -1.5148929357528687
146.57351684570312 260.8377380371094 -1.5148929357528687
146.79701232910156 256.843994140625 -1.5148929357528687
147.0205078125 252.85025024414062 -1.5148929357528687
147.24400329589844 248.85650634765625 -1.5148929357528687
147.46749877929688 244.86276245117188 -1.5148929357528687
147.6909942626953 240.8690185546875 -1.5148929357528687
147.91448974609375 236.87527465820312 -1.5148929357528687
147.91448974609375 236.87527465820312 -1.9148929119110107
146.5651092529297 233.10975646972656 -1.9148929119110107
145.4842987060547 230.607421875 -2.0421323776245117
143.87979125976562 227.709716796875 -2.110840320587158
142.08013916015625 224.9290008544922 -2.1795482635498047
140.0938262939453 222.2783966064453 -2.248256206512451
137.9302215576172 219.77041625976562 -2.3169641494750977
135.21490478515625 216.83323669433594 -2.3169641494750977
132.4995880126953 213.89605712890625 -2.3169641494750977
130.14413452148438 211.50743103027344 -2.3814404010772705
127.24520874023438 208.7512969970703 -2.3814404010772705
124.34628295898438 205.9951629638672 -2.3814404010772705
121.84188079833984 203.76333618164062 -2.4459266662597656
118.77136993408203 201.1997528076172 -2.4459266662597656
116.12828063964844 199.13388061523438 -2.5104029178619385
112.89897918701172 196.77345275878906 -2.5104029178619385
110.12828063964844 194.88217163085938 -2.5748791694641113
106.75360107421875 192.73472595214844 -2.5748791694641113
103.93820190429688 191.08554077148438 -2.6485185623168945
100.4146728515625 189.19219970703125 -2.6485185623168945
96.89114379882812 187.29885864257812 -2.6485185623168945
93.36761474609375 185.405517578125 -2.6485185623168945
89.84408569335938 183.51217651367188 -2.6485185623168945
86.320556640625 181.61883544921875 -2.6485185623168945
82.79702758789062 179.72549438476562 -2.6485185623168945
79.27349853515625 177.8321533203125 -2.6485185623168945
75.74996948242188 175.93881225585938 -2.6485185623168945
72.2264404296875 174.04547119140625 -2.6485185623168945
68.70291137695312 172.15213012695312 -2.6485185623168945
65.17938232421875 170.2587890625 -2.6485185623168945
61.655853271484375 168.36544799804688 -2.6485185623168945
58.13232421875 166.47210693359375 -2.6485185623168945
54.608795166015625 164.57876586914062 -2.6485185623168945
51.08526611328125 162.6854248046875 -2.6485185623168945
47.561737060546875 160.79208374023438 -2.6485185623168945
44.0382080078125 158.89874267578125 -2.6485185623168945
40.514678955078125 157.00540161132812 -2.6485185623168945
36.99114990234375 155.112060546875 -2.6485185623168945
36.99114990234375 155.112060546875 -2.6485185623168945
36.99114990234375 155.112060546875 -2.6485185623168945
36.99114990234375 155.112060546875 -2.6485185623168945
36.99114990234375 155.112060546875 -2.6485185623168945
36.99114990234375 155.112060546875 -2.6485185623168945
36.99114990234375 155.112060546875 -2.6485185623168945
36.99114990234375 155.112060546875 -2.6485185623168945
36.99114990234375 155.112060546875 -2.6485185623168945
36.99114990234375 155.112060546875 -2.6485185623168945
36.99114990234375 155.112060546875 -2.6485185623168945
