-392.1874538801105
-394.198782713288
-396.0243174242041
-397.6553830719089
-399.0843274413229
-400.304525106187
-401.3103285842758
-402.09717945212844
-402.6614855087645
-403.0006873438122
-403.1132771319739
-402.9987610636963
-402.6576050456337
-402.09140064051195
-401.30267803342764
-400.2950277298676
-399.0730528190956
-397.6423593124115
-396.0096145786537
-394.4036274073811
-392.5417539092239
-390.45061903986976
-387.23857974492665
-384.04133790182493
-380.85926617621465
-377.692747994254
-374.5421778423929
-371.4079630425816
-368.29051974847613
-365.1902774697208
-365.1902774697208
-361.3561451123748
-357.52564755110427
-353.69890287855554
-349.8760342356247
-346.0571700769959
-342.2424444531192
-338.43199730978546
-334.62597480654665
-330.82452965532843
-327.0278214806863
-323.2360172032732
-319.4492914482086
-315.6678269801771
-311.8918151672279
-308.121456475407
-304.35696099652586
-300.5985490115547
-296.84645159233435
-293.10091124451463
-289.36218259486895
-285.63053312638766
-281.90624396483184
-278.1896107207292
-274.4809443911164
-270.7805723256824
-267.08883926234313
-263.4061084376825
-259.7327627781279
-256.0692061781952
-252.41586487263348
-248.7731889098276
-245.14165373438007
-241.52176188738216
-237.91404483350843
-234.31906492471475
-230.73741751099112
-227.16973320930518
-223.61668034256533
-220.07896756111865
-216.55734665996323
-213.05262948983705
-209.5656494361504
-206.09730678878023
-202.64855849108108
-199.22042215186934
-195.8139803414362
-192.97880486058915
-190.0440376228196
-187.01924241217574
-183.28575863621586
-179.563753834367
-175.85395687652877
-172.15715696125412
-168.47420966616426
-164.8060436941024
-164.8060436941024
-164.8060436941024
-162.35347808088642
-158.8934731454039
-155.4593827591037
-152.05296275922353
-148.67611508328474
-145.33090113613977
-142.01955629493685
-139.8874349794263
-136.9673437650147
-134.10299053116321
-131.29802321130288
-128.55632908350896
-125.88204246077404
-123.27955020684425
-120.75349437074102
-118.3087711233803
-115.95052507488367
-113.68413796126138
-111.51521062745675
-109.44953721699336
-107.49307052633222
-105.65187761597564
-103.93208501141598
-102.3398131926004
-100.88110056997564
-99.56181777448509
-98.38757382590067
-97.36361654422754
-96.49473036509687
-96.49473036509687
-96.49473036509687
-96.49473036509687
-96.49473036509687
-96.49473036509687
-96.49473036509687
-96.49473036509687
-96.49473036509687
-96.49473036509687
-96.49473036509687
