58.36152648925781 448.642333984375 0.5984954833984375
56.49931335449219 447.6127624511719 0.4115927517414093
54.47822189331055 446.9471740722656 0.2246900200843811
52.368648529052734 446.668701171875 0.037787288427352905
50.24407196044922 446.7870788574219 -0.1491154432296753
48.17849349975586 447.2981872558594 -0.3360181748867035
46.243858337402344 448.1842041015625 -0.5229209065437317
44.5075569152832 449.4142761230469 -0.7098236083984375
43.030059814453125 450.945556640625 -0.8967263698577881
41.86283493041992 452.7247314453125 -1.0836291313171387
41.04653549194336 454.6897888183594 -1.2705318927764893
40.60959243774414 456.7723083496094 -1.4574346542358398
41.062068939208984 452.7979736328125 -1.4574346542358398
41.51454544067383 448.8236389160156 -1.4574346542358398
41.96702194213867 444.84930419921875 -1.4574346542358398
42.419498443603516 440.8749694824219 -1.4574346542358398
42.87197494506836 436.900634765625 -1.4574346542358398
43.3244514465332 432.9263000488281 -1.4574346542358398
43.77692794799805 428.95196533203125 -1.4574346542358398
44.22940444946289 424.9776306152344 -1.4574346542358398
44.681880950927734 421.0032958984375 -1.4574346542358398
45.13435745239258 417.0289611816406 -1.4574346542358398
45.58683395385742 413.05462646484375 -1.4574346542358398
46.039310455322266 409.0802917480469 -1.4574346542358398
46.49178695678711 405.10595703125 -1.4574346542358398
46.94426345825195 401.1316223144531 -1.4574346542358398
47.3967399597168 397.15728759765625 -1.4574346542358398
47.84921646118164 393.1829528808594 -1.4574346542358398
48.301692962646484 389.2086181640625 -1.4574346542358398
48.25933074951172 391.3360595703125 -1.6443374156951904
47.965431213378906 387.34686279296875 -1.6443374156951904
47.671531677246094 383.357666015625 -1.6443374156951904
47.37763214111328 379.36846923828125 -1.6443374156951904
47.08373260498047 375.3792724609375 -1.6443374156951904
46.789833068847656 371.39007568359375 -1.6443374156951904
46.495933532714844 367.40087890625 -1.6443374156951904
46.20203399658203 363.41168212890625 -1.6443374156951904
45.90813446044922 359.4224853515625 -1.6443374156951904
45.614234924316406 355.43328857421875 -1.6443374156951904
45.320335388183594 351.444091796875 -1.6443374156951904
45.02643585205078 347.45489501953125 -1.6443374156951904
44.73253631591797 343.4656982421875 -1.6443374156951904
45.08622741699219 345.56396484375 -1.831240177154541
44.056190490722656 341.6988525390625 -1.831240177154541
43.026153564453125 337.833740234375 -1.831240177154541
41.996116638183594 333.9686279296875 -1.831240177154541
40.96607971191406 330.103515625 -1.831240177154541
39.93604278564453 326.2384033203125 -1.831240177154541
38.906005859375 322.373291015625 -1.831240177154541
37.87596893310547 318.5081787109375 -1.831240177154541
36.84593200683594 314.64306640625 -1.831240177154541
35.815895080566406 310.7779541015625 -1.831240177154541
34.785858154296875 306.912841796875 -1.831240177154541
33.755821228027344 303.0477294921875 -1.831240177154541
32.72578430175781 299.1826171875 -1.831240177154541
31.69574737548828 295.3175048828125 -1.831240177154541
30.66571044921875 291.452392578125 -1.831240177154541
29.63567352294922 287.5872802734375 -1.831240177154541
28.605636596679688 283.72216796875 -1.831240177154541
29.343059539794922 285.7181701660156 -2.0181429386138916
27.612760543823242 282.1117858886719 -2.0181429386138916
25.882461547851562 278.5054016113281 -2.0181429386138916
24.152162551879883 274.8990173339844 -2.0181429386138916
22.421863555908203 271.2926330566406 -2.0181429386138916
20.691564559936523 267.6862487792969 -2.0181429386138916
18.961265563964844 264.0798645019531 -2.0181429386138916
17.230966567993164 260.4734802246094 -2.0181429386138916
17.230966567993164 260.4734802246094 -2.0181429386138916
17.230966567993164 260.4734802246094 -2.0181429386138916
17.230966567993164 260.4734802246094 -2.0181429386138916
17.230966567993164 260.4734802246094 -2.0181429386138916
17.230966567993164 260.4734802246094 -2.0181429386138916
17.230966567993164 260.4734802246094 -2.0181429386138916
17.230966567993164 260.4734802246094 -2.0181429386138916
17.230966567993164 260.4734802246094 -2.0181429386138916
17.230966567993164 260.4734802246094 -2.0181429386138916
17.230966567993164 260.4734802246094 -2.0181429386138916
