-392.5117093682565
-394.93861162856246
-397.2786515802304
-399.5298362180065
-401.69028818298966
-403.75820889059605
-405.73193234370456
-407.60982849527284
-409.39041801072875
-409.39041801072875
-409.69704639090133
-409.895235303618
-409.98483963889663
-409.9657917739464
-409.8381050371489
-409.8381050371489
-408.21616657271505
-406.7692300294121
-404.7056267282802
-402.549253666823
-400.30192901038316
-397.7748201289778
-395.2720339610545
-394.82317721929843
-391.4404040336934
-388.0693734539872
-384.7103941645828
-381.3637846019946
-378.0298747178697
-374.709002110068
-371.4015164956932
-368.107778725391
-364.8281611537754
-361.5630480198604
-358.3128358374028
-355.0779337950111
-351.8587641658085
-351.3222928359062
-347.50302603300145
-343.687871094611
-339.87696648910696
-336.0704568077468
-332.2684930969774
-328.471233211895
-324.67884219238647
-320.89149266359885
-317.10936526251464
-313.3326490925512
-309.5615422082582
-305.79625213235204
-302.0369964075085
-298.2840031855281
-294.53751185670285
-290.7977737224429
-287.0650527144663
-283.3396261641283
-279.621785625754
-275.91183775815193
-272.2101052688251
-268.51692792575926
-264.8326636420599
-261.15768963912967
-257.4924036945283
-253.83722548113863
-250.1925980047718
-246.55898914789287
-242.93689332771717
-239.3268332775349
-235.729361960749
-232.14506462776484
-228.57456102653876
-225.0185077782695
-221.47760093039173
-217.9525786996865
-214.44422441894469
-210.95336970117555
-207.48089783581875
-204.02774743174652
-200.59491632198984
-197.1834657450217
-193.79452481700469
-190.42929530856753
-187.08905673829528
-183.77517179306622
-180.48909208247295
-177.2323642306288
-174.00663630344567
-170.81366456270246
-167.65532052958451
-164.53359832950377
-161.45062227650203
-158.40865463895412
-157.89459535948788
-157.3060141298481
-156.70967232528926
-156.17395498790944
-152.9911260720231
-149.8474727108048
-146.74551263890407
-143.68794612737614
-140.6776678288433
-137.7177786998855
-134.81159777670663
-131.96267351412692
-129.17479432030544
-126.45199783000665
-123.79857835822037
-121.2190918652771
-118.71835764774619
-116.30145585212378
-113.9737197992522
-111.74072201862238
-109.60825283899594
-107.58229038462191
-105.6689609071396
-103.87448856575764
-102.20513407461715
-100.66712208279748
-99.26655774461442
-98.00933355760337
-96.90102931310685
-95.94680577834248
-95.1512986552874
-95.1512986552874
-95.1512986552874
-95.1512986552874
-95.1512986552874
-95.1512986552874
-95.1512986552874
-95.1512986552874
-95.1512986552874
-95.1512986552874
-95.1512986552874
