-392.07210890104136
-393.9394399568058
-395.5888195706661
-397.0087549887375
-398.18942837132386
-399.12273534846
-399.80236873345785
-400.22373550438283
-400.3839837791365
-400.2820783268104
-399.91865235161043
-399.29617954185585
-398.4188633750609
-397.2926364847748
-395.92520395720385
-394.3259826675364
-392.50608757731794
-390.0076253297901
-387.9984261793904
-385.25996558096716
-382.54372732937907
-379.85018814856835
-377.17983433873206
-374.5331618227231
-371.9106761789731
-371.4483655099511
-367.9846996021423
-364.5320154473497
-361.0906280623992
-357.6608635375867
-354.24305946901734
-350.8375654074838
-347.44474332430815
-344.0649680945468
-340.69862799793
-337.3461252378711
-334.00787647883715
-330.68431340231746
-327.3758832815656
-324.08304957521557
-323.53992409646577
-319.6847877487966
-315.83325434934585
-311.985457335856
-308.1415366783371
-304.30163927453606
-300.4659193737485
-296.63453903130215
-292.8076685962536
-288.9854872350738
-285.16818349435766
-281.3559559058763
-277.5490136376031
-273.7475771946895
-269.95187917474794
-266.1621650822147
-262.378694207029
-258.6017405733734
-254.83159396477933
-251.0685610325218
-247.31296649490756
-243.56515443581117
-239.82548971164215
-236.09435947683406
-232.37217483894938
-228.65937265559253
-224.95641748653037
-221.2638037157418
-217.58205785956164
-213.91174107866098
-210.2534519133175
-206.60782926328437
-202.9755556355651
-199.35736068554235
-195.7540250791887
-192.1663847064855
-188.59533527867936
-185.04183734456683
-181.50692176357333
-177.99169567589908
-174.49734901234163
-171.02516158842593
-170.46310831035947
-170.46310831035947
-167.50060027698012
-163.69714286078957
-159.90327729539462
-156.11970285718263
-152.34718629501225
-148.58656986815586
-148.0671187182038
-145.01502066455907
-142.01000236623517
-139.05511607509277
-136.15362581341978
-133.30901814396398
-130.52501214617257
-127.8055681646659
-125.15489480204687
-122.5774535255712
-120.07796014922765
-117.66138234471507
-115.33293223456491
-113.09805303921038
-110.96239870145713
-108.93180541414898
-107.0122540500605
-105.20982265856715
-103.53062847149823
-101.98075926587053
-100.56619446945015
-99.2927170570676
-98.16581804256658
-97.19059617185958
-97.19059617185958
-97.19059617185958
-97.19059617185958
-97.19059617185958
-97.19059617185958
-97.19059617185958
-97.19059617185958
-97.19059617185958
-97.19059617185958
-97.19059617185958
