-391.7518946904892
-393.2326881547655
-394.4188826558743
-395.2918377555246
-395.8379304129179
-396.04865014493873
-395.9207897331043
-395.45627965606377
-394.66236980222044
-393.5513927711794
-392.14080517578503
-390.45292081751074
-387.7265788504489
-385.02248850827016
-382.3411219121066
-379.68296049572103
-377.04849504335886
-374.4382257142131
-371.8526620523696
-369.2923229810488
-366.75773677991356
-364.2494410441683
-361.76798262413075
-359.3139175439178
-356.887810897852
-354.49023672316304
-352.12177634897637
-349.78302257468636
-347.47457524115237
-345.19704235663085
-342.9510398288984
-340.73719116481885
-340.73719116481885
-337.4188823940152
-334.1155057219772
-330.82750844869173
-327.55535370922604
-324.2995210534137
-321.06050704199225
-317.8388258588607
-317.8388258588607
-313.9531412308152
-310.07036353641433
-306.19060336343273
-302.31397688838786
-298.4406062278278
-294.5706198159363
-290.7041528107353
-286.8413475313848
-282.9823539293306
-279.1273300963201
-275.27644281261354
-271.4298681390518
-267.58779205701984
-263.7504111607594
-259.9179334069492
-256.0905789269879
-252.26858090799035
-248.45218654914999
-244.64165810083708
-240.83727399460204
-237.03933007314643
-233.24814093032342
-229.46404137234413
-225.68738801261492
-221.91856101402436
-218.15796599405854
-214.40603610986622
-210.6632204090691
-206.9300282201766
-203.20698993537215
-199.4946740424267
-195.7936904430324
-192.10469410354918
-188.42838907458372
-184.76553291990226
-181.11694159966524
-177.48349485787656
-173.86614216926634
-170.26590930655925
-166.68390559518238
-163.1213319288626
-159.57948962613256
-156.05979021431506
-152.56376623380592
-149.09308316102064
-145.64955255263556
-142.2351465159549
-138.85201360929435
-135.5024962707494
-132.1891498617096
-128.91476339049333
-128.91476339049333
-128.91476339049333
-128.91476339049333
-128.91476339049333
-128.91476339049333
-128.91476339049333
-128.91476339049333
-128.91476339049333
-128.91476339049333
-128.91476339049333
