62.44506072998047 452.29144287109375 0.7205544114112854
65.03346252441406 454.4196472167969 0.6557106375694275
67.75433349609375 456.3756408691406 0.5908668637275696
70.59622955322266 458.1512145996094 0.5260230898857117
73.54720306396484 459.7389221191406 0.46117934584617615
76.59485626220703 461.1320495605469 0.3963356018066406
79.72637939453125 462.32476806640625 0.3314918577671051
82.92860412597656 463.31207275390625 0.2666481137275696
86.18807983398438 464.0898132324219 0.20180436968803406
89.49109649658203 464.6546936035156 0.13696062564849854
92.82377624511719 465.0043640136719 0.07211687415838242
96.17211151123047 465.1373596191406 0.007273122668266296
99.52202606201172 465.0531005859375 -0.05757062882184982
102.85944366455078 464.751953125 -0.12241438031196594
106.17033386230469 464.23516845703125 -0.18725812435150146
109.4407730102539 463.50494384765625 -0.252101868391037
112.65702056884766 462.5643310546875 -0.3169456124305725
115.8055648803711 461.4172668457031 -0.38178935647010803
118.87316131591797 460.068603515625 -0.44663310050964355
121.846923828125 458.5240173339844 -0.5114768743515015
124.71434783935547 456.78997802734375 -0.5763206481933594
127.46337890625 454.873779296875 -0.6411644220352173
130.08245849609375 452.7834777832031 -0.7060081958770752
133.1262969970703 450.1882629394531 -0.7060081958770752
136.17013549804688 447.5930480957031 -0.7060081958770752
139.21397399902344 444.9978332519531 -0.7060081958770752
142.2578125 442.4026184082031 -0.7060081958770752
145.30165100097656 439.8074035644531 -0.7060081958770752
148.34548950195312 437.2121887207031 -0.7060081958770752
151.3893280029297 434.6169738769531 -0.7060081958770752
152.24879455566406 433.6555480957031 -0.9766561388969421
152.81993103027344 432.49932861328125 -1.247304081916809
154.09144592285156 428.7068176269531 -1.247304081916809
155.3629608154297 424.914306640625 -1.247304081916809
156.6344757080078 421.1217956542969 -1.247304081916809
156.6344757080078 421.1217956542969 -1.6473040580749512
156.32875061035156 417.13348388671875 -1.6473040580749512
156.0230255126953 413.1451721191406 -1.6473040580749512
155.71730041503906 409.1568603515625 -1.6473040580749512
155.4115753173828 405.1685485839844 -1.6473040580749512
155.10585021972656 401.18023681640625 -1.6473040580749512
154.8001251220703 397.1919250488281 -1.6473040580749512
154.49440002441406 393.20361328125 -1.6473040580749512
154.1886749267578 389.2153015136719 -1.6473040580749512
153.88294982910156 385.22698974609375 -1.6473040580749512
153.5772247314453 381.2386779785156 -1.6473040580749512
153.27149963378906 377.2503662109375 -1.6473040580749512
152.9657745361328 373.2620544433594 -1.6473040580749512
152.66004943847656 369.27374267578125 -1.6473040580749512
152.3543243408203 365.2854309082031 -1.6473040580749512
152.04859924316406 361.297119140625 -1.6473040580749512
151.7428741455078 357.3088073730469 -1.6473040580749512
151.43714904785156 353.32049560546875 -1.6473040580749512
151.1314239501953 349.3321838378906 -1.6473040580749512
150.82569885253906 345.3438720703125 -1.6473040580749512
150.5199737548828 341.3555603027344 -1.6473040580749512
150.21424865722656 337.36724853515625 -1.6473040580749512
149.9085235595703 333.3789367675781 -1.6473040580749512
149.60279846191406 329.390625 -1.6473040580749512
149.2970733642578 325.4023132324219 -1.6473040580749512
148.99134826660156 321.41400146484375 -1.6473040580749512
148.6856231689453 317.4256896972656 -1.6473040580749512
148.37989807128906 313.4373779296875 -1.6473040580749512
148.0741729736328 309.4490661621094 -1.6473040580749512
147.76844787597656 305.46075439453125 -1.6473040580749512
147.4627227783203 301.4724426269531 -1.6473040580749512
147.15699768066406 297.484130859375 -1.6473040580749512
146.8512725830078 293.4958190917969 -1.6473040580749512
146.54554748535156 289.50750732421875 -1.6473040580749512
146.2398223876953 285.5191955566406 -1.6473040580749512
145.93409729003906 281.5308837890625 -1.6473040580749512
145.6283721923828 277.5425720214844 -1.6473040580749512
145.32264709472656 273.55426025390625 -1.6473040580749512
145.0169219970703 269.5659484863281 -1.6473040580749512
144.71119689941406 265.57763671875 -1.6473040580749512
144.4054718017578 261.5893249511719 -1.6473040580749512
144.09974670410156 257.60101318359375 -1.6473040580749512
143.7940216064453 253.6127166748047 -1.6473040580749512
143.48829650878906 249.62442016601562 -1.6473040580749512
143.1825714111328 245.63612365722656 -1.6473040580749512
142.87684631347656 241.6478271484375 -1.6473040580749512
142.5711212158203 237.65953063964844 -1.6473040580749512
142.26539611816406 233.67123413085938 -1.6473040580749512
141.9596710205078 229.6829376220703 -1.6473040580749512
141.65394592285156 225.69464111328125 -1.6473040580749512
141.3482208251953 221.7063446044922 -1.6473040580749512
141.04249572753906 217.71804809570312 -1.6473040580749512
140.7367706298828 213.72975158691406 -1.6473040580749512
140.43104553222656 209.741455078125 -1.6473040580749512
140.1253204345703 205.75315856933594 -1.6473040580749512
139.81959533691406 201.76486206054688 -1.6473040580749512
139.5138702392578 197.7765655517578 -1.6473040580749512
139.20814514160156 193.78826904296875 -1.6473040580749512
138.9024200439453 189.7999725341797 -1.6473040580749512
138.59669494628906 185.81167602539062 -1.6473040580749512
138.2909698486328 181.82337951660156 -1.6473040580749512
137.98524475097656 177.8350830078125 -1.6473040580749512
137.6795196533203 173.84678649902344 -1.6473040580749512
137.37379455566406 169.85848999023438 -1.6473040580749512
137.0680694580078 165.8701934814453 -1.6473040580749512
136.76234436035156 161.88189697265625 -1.6473040580749512
136.76234436035156 161.88189697265625 -1.6473040580749512
136.76234436035156 161.88189697265625 -1.6473040580749512
136.76234436035156 161.88189697265625 -1.6473040580749512
136.76234436035156 161.88189697265625 -1.6473040580749512
136.76234436035156 161.88189697265625 -1.6473040580749512
136.76234436035156 161.88189697265625 -1.6473040580749512
136.76234436035156 161.88189697265625 -1.6473040580749512
136.76234436035156 161.88189697265625 -1.6473040580749512
136.76234436035156 161.88189697265625 -1.6473040580749512
136.76234436035156 161.88189697265625 -1.6473040580749512
