62.17362976074219 451.9511413574219 0.6776295900344849
64.54451751708984 453.65716552734375 0.5698609948158264
67.08515167236328 455.0982971191406 0.46209239959716797
69.76605224609375 456.2577819824219 0.3543238043785095
72.55611419677734 457.1221923828125 0.24655519425868988
75.42296600341797 457.6814880371094 0.13878658413887024
78.33334350585938 457.9291687011719 0.031017974019050598
81.25347900390625 457.8623962402344 -0.07675063610076904
84.14949035644531 457.4819030761719 -0.18451924622058868
86.98777770996094 456.7921142578125 -0.2922878563404083
89.73540496826172 455.8010559082031 -0.40005648136138916
92.3604965209961 454.52020263671875 -0.5078250765800476
94.83258819580078 452.9644470214844 -0.615593671798706
97.12300109863281 451.15179443359375 -0.7233622670173645
100.121337890625 448.504150390625 -0.7233622670173645
103.11967468261719 445.85650634765625 -0.7233622670173645
106.11801147460938 443.2088623046875 -0.7233622670173645
109.11634826660156 440.56121826171875 -0.7233622670173645
112.11468505859375 437.91357421875 -0.7233622670173645
115.11302185058594 435.26593017578125 -0.7233622670173645
118.11135864257812 432.6182861328125 -0.7233622670173645
121.10969543457031 429.97064208984375 -0.7233622670173645
122.30835723876953 428.6494445800781 -0.9446069002151489
124.65260314941406 425.40838623046875 -0.9446069002151489
126.9968490600586 422.1673278808594 -0.9446069002151489
129.34109497070312 418.92626953125 -0.9446069002151489
131.68533325195312 415.6852111816406 -0.9446069002151489
134.02957153320312 412.44415283203125 -0.9446069002151489
136.37380981445312 409.2030944824219 -0.9446069002151489
138.71804809570312 405.9620361328125 -0.9446069002151489
141.06228637695312 402.7209777832031 -0.9446069002151489
143.40652465820312 399.47991943359375 -0.9446069002151489
144.28762817382812 397.92559814453125 -1.1655738353729248
145.86451721191406 394.2495422363281 -1.1655738353729248
147.44140625 390.573486328125 -1.1655738353729248
149.01829528808594 386.8974304199219 -1.1655738353729248
150.59518432617188 383.22137451171875 -1.1655738353729248
152.1720733642578 379.5453186035156 -1.1655738353729248
152.1720733642578 379.5453186035156 -1.565573811531067
152.19296264648438 375.5453796386719 -1.565573811531067
152.21385192871094 371.5454406738281 -1.565573811531067
152.2347412109375 367.5455017089844 -1.565573811531067
152.25563049316406 363.5455627441406 -1.565573811531067
152.27651977539062 359.5456237792969 -1.565573811531067
152.2974090576172 355.5456848144531 -1.565573811531067
152.31829833984375 351.5457458496094 -1.565573811531067
152.3391876220703 347.5458068847656 -1.565573811531067
152.36007690429688 343.5458679199219 -1.565573811531067
152.38096618652344 339.5459289550781 -1.565573811531067
152.40185546875 335.5459899902344 -1.565573811531067
152.42274475097656 331.5460510253906 -1.565573811531067
152.44363403320312 327.5461120605469 -1.565573811531067
152.4645233154297 323.5461730957031 -1.565573811531067
152.48541259765625 319.5462341308594 -1.565573811531067
152.5063018798828 315.5462951660156 -1.565573811531067
152.52719116210938 311.5463562011719 -1.565573811531067
152.54808044433594 307.5464172363281 -1.565573811531067
152.5689697265625 303.5464782714844 -1.565573811531067
152.58985900878906 299.5465393066406 -1.565573811531067
152.61074829101562 295.5466003417969 -1.565573811531067
152.6316375732422 291.5466613769531 -1.565573811531067
152.65252685546875 287.5467224121094 -1.565573811531067
152.6734161376953 283.5467834472656 -1.565573811531067
152.69430541992188 279.5468444824219 -1.565573811531067
152.71519470214844 275.5469055175781 -1.565573811531067
152.736083984375 271.5469665527344 -1.565573811531067
152.75697326660156 267.5470275878906 -1.565573811531067
152.77786254882812 263.5470886230469 -1.565573811531067
152.7987518310547 259.5471496582031 -1.565573811531067
152.81964111328125 255.54721069335938 -1.565573811531067
152.8405303955078 251.54727172851562 -1.565573811531067
152.86141967773438 247.54733276367188 -1.565573811531067
152.88230895996094 243.54739379882812 -1.565573811531067
152.9031982421875 239.54745483398438 -1.565573811531067
152.92408752441406 235.54751586914062 -1.565573811531067
152.94497680664062 231.54757690429688 -1.565573811531067
152.9658660888672 227.54763793945312 -1.565573811531067
152.98675537109375 223.54769897460938 -1.565573811531067
153.0076446533203 219.54776000976562 -1.565573811531067
153.02853393554688 215.54782104492188 -1.565573811531067
153.04942321777344 211.54788208007812 -1.565573811531067
153.0703125 207.54794311523438 -1.565573811531067
153.09120178222656 203.54800415039062 -1.565573811531067
153.11209106445312 199.54806518554688 -1.565573811531067
153.1329803466797 195.54812622070312 -1.565573811531067
153.15386962890625 191.54818725585938 -1.565573811531067
153.1747589111328 187.54824829101562 -1.565573811531067
153.19564819335938 183.54830932617188 -1.565573811531067
153.21653747558594 179.54837036132812 -1.565573811531067
153.02880859375 177.77157592773438 -1.7865407466888428
152.4562225341797 176.07911682128906 -2.007507801055908
151.526611328125 174.5532989501953 -2.2284746170043945
151.526611328125 174.5532989501953 -2.628474712371826
148.04173278808594 172.5897216796875 -2.628474712371826
144.55685424804688 170.6261444091797 -2.628474712371826
141.0719757080078 168.66256713867188 -2.628474712371826
141.0719757080078 168.66256713867188 -3.028474807739258
137.0975341796875 168.2110595703125 -3.028474807739258
133.1230926513672 167.75955200195312 -3.028474807739258
129.14865112304688 167.30804443359375 -3.028474807739258
125.1742172241211 166.85653686523438 -3.028474807739258
121.19978332519531 166.405029296875 -3.028474807739258
117.22534942626953 165.95352172851562 -3.028474807739258
113.25091552734375 165.50201416015625 -3.028474807739258
109.27648162841797 165.05050659179688 -3.028474807739258
105.30204772949219 164.5989990234375 -3.028474807739258
101.3276138305664 164.14749145507812 -3.028474807739258
97.35317993164062 163.69598388671875 -3.028474807739258
93.37874603271484 163.24447631835938 -3.028474807739258
89.40431213378906 162.79296875 -3.028474807739258
85.42987823486328 162.34146118164062 -3.028474807739258
81.4554443359375 161.88995361328125 -3.028474807739258
77.48101043701172 161.43844604492188 -3.028474807739258
73.50657653808594 160.9869384765625 -3.028474807739258
69.53214263916016 160.53543090820312 -3.028474807739258
65.55770874023438 160.08392333984375 -3.028474807739258
61.58327102661133 159.63241577148438 -3.028474807739258
57.60883331298828 159.180908203125 -3.028474807739258
53.634395599365234 158.72940063476562 -3.028474807739258
49.65995788574219 158.27789306640625 -3.028474807739258
45.68552017211914 157.82638549804688 -3.028474807739258
41.711082458496094 157.3748779296875 -3.028474807739258
37.73664474487305 156.92337036132812 -3.028474807739258
33.76220703125 156.47186279296875 -3.028474807739258
29.787771224975586 156.02035522460938 -3.028474807739258
25.813335418701172 155.56884765625 -3.028474807739258
24.02665138244629 155.56414794921875 3.0337436199188232
22.282377243041992 155.95114135742188 2.812776565551758
20.665332794189453 156.71102905273438 2.5918097496032715
20.665332794189453 156.71102905273438 2.19180965423584
20.665332794189453 156.71102905273438 1.7918096780776978
19.78845977783203 160.61373901367188 1.7918096780776978
18.91158676147461 164.51644897460938 1.7918096780776978
18.034713745117188 168.41915893554688 1.7918096780776978
17.157840728759766 172.32186889648438 1.7918096780776978
17.157840728759766 172.32186889648438 1.7918096780776978
17.157840728759766 172.32186889648438 1.7918096780776978
17.157840728759766 172.32186889648438 1.7918096780776978
17.157840728759766 172.32186889648438 1.7918096780776978
17.157840728759766 172.32186889648438 1.7918096780776978
17.157840728759766 172.32186889648438 1.7918096780776978
17.157840728759766 172.32186889648438 1.7918096780776978
17.157840728759766 172.32186889648438 1.7918096780776978
17.157840728759766 172.32186889648438 1.7918096780776978
17.157840728759766 172.32186889648438 1.7918096780776978
