62.828426361083984 452.82843017578125 0.7853981852531433
65.65685272216797 455.6568603515625 0.7853981852531433
68.48528289794922 458.48529052734375 0.7853981852531433
71.31371307373047 461.313720703125 0.7853981852531433
74.14214324951172 464.14215087890625 0.7853981852531433
76.97057342529297 466.9705810546875 0.7853981852531433
79.79900360107422 469.79901123046875 0.7853981852531433
82.62743377685547 472.62744140625 0.7853981852531433
85.45586395263672 475.45587158203125 0.7853981852531433
88.28429412841797 478.2843017578125 0.7853981852531433
91.11272430419922 481.11273193359375 0.7853981852531433
93.94115447998047 483.941162109375 0.7853981852531433
96.76958465576172 486.76959228515625 0.7853981852531433
99.59801483154297 489.5980224609375 0.7853981852531433
102.42644500732422 492.42645263671875 0.7853981852531433
105.25487518310547 495.2548828125 0.7853981852531433
108.08330535888672 498.08331298828125 0.7853981852531433
110.91173553466797 500.9117431640625 0.7853981852531433
113.74016571044922 503.74017333984375 0.7853981852531433
116.56859588623047 506.568603515625 0.7853981852531433
119.39702606201172 509.39703369140625 0.7853981852531433
122.22545623779297 512.2254638671875 0.7853981852531433
125.05388641357422 515.0538940429688 0.7853981852531433
127.88231658935547 517.88232421875 0.7853981852531433
130.7107391357422 520.7107543945312 0.7853981852531433
133.53916931152344 523.5391845703125 0.7853981852531433
136.3675994873047 526.3676147460938 0.7853981852531433
139.19602966308594 529.196044921875 0.7853981852531433
142.0244598388672 532.0244750976562 0.7853981852531433
144.85289001464844 534.8529052734375 0.7853981852531433
147.6813201904297 537.6813354492188 0.7853981852531433
150.50975036621094 540.509765625 0.7853981852531433
153.3381805419922 543.3381958007812 0.7853981852531433
156.16661071777344 546.1666259765625 0.7853981852531433
158.9950408935547 548.9950561523438 0.7853981852531433
158.9950408935547 548.9950561523438 0.38539817929267883
162.70162963867188 550.498779296875 0.38539817929267883
162.70162963867188 550.498779296875 -0.014601826667785645
166.70120239257812 550.4403686523438 -0.014601826667785645
170.70077514648438 550.3819580078125 -0.014601826667785645
174.70034790039062 550.3235473632812 -0.014601826667785645
178.69992065429688 550.26513671875 -0.014601826667785645
182.69949340820312 550.2067260742188 -0.014601826667785645
186.69906616210938 550.1483154296875 -0.014601826667785645
186.69906616210938 550.1483154296875 -0.4146018326282501
190.36016845703125 548.5369873046875 -0.4146018326282501
194.02127075195312 546.9256591796875 -0.4146018326282501
197.682373046875 545.3143310546875 -0.4146018326282501
201.34347534179688 543.7030029296875 -0.4146018326282501
205.00457763671875 542.0916748046875 -0.4146018326282501
208.66567993164062 540.4803466796875 -0.4146018326282501
212.3267822265625 538.8690185546875 -0.4146018326282501
215.98788452148438 537.2576904296875 -0.4146018326282501
219.64898681640625 535.6463623046875 -0.4146018326282501
219.64898681640625 535.6463623046875 -0.8146018385887146
222.39361572265625 532.736572265625 -0.8146018385887146
225.13824462890625 529.8267822265625 -0.8146018385887146
227.88287353515625 526.9169921875 -0.8146018385887146
230.62750244140625 524.0072021484375 -0.8146018385887146
233.37213134765625 521.097412109375 -0.8146018385887146
236.11676025390625 518.1876220703125 -0.8146018385887146
238.86138916015625 515.27783203125 -0.8146018385887146
241.60601806640625 512.3680419921875 -0.8146018385887146
244.35064697265625 509.4582214355469 -0.8146018385887146
247.09527587890625 506.54840087890625 -0.8146018385887146
249.83990478515625 503.6385803222656 -0.8146018385887146
252.58453369140625 500.728759765625 -0.8146018385887146
255.32916259765625 497.8189392089844 -0.8146018385887146
258.07379150390625 494.90911865234375 -0.8146018385887146
260.81842041015625 491.9992980957031 -0.8146018385887146
263.56304931640625 489.0894775390625 -0.8146018385887146
266.30767822265625 486.1796569824219 -0.8146018385887146
269.05230712890625 483.26983642578125 -0.8146018385887146
271.79693603515625 480.3600158691406 -0.8146018385887146
274.54156494140625 477.4501953125 -0.8146018385887146
277.28619384765625 474.5403747558594 -0.8146018385887146
280.03082275390625 471.63055419921875 -0.8146018385887146
282.77545166015625 468.7207336425781 -0.8146018385887146
285.52008056640625 465.8109130859375 -0.8146018385887146
288.26470947265625 462.9010925292969 -0.8146018385887146
291.00933837890625 459.99127197265625 -0.8146018385887146
293.75396728515625 457.0814514160156 -0.8146018385887146
296.49859619140625 454.171630859375 -0.8146018385887146
299.24322509765625 451.2618103027344 -0.8146018385887146
301.98785400390625 448.35198974609375 -0.8146018385887146
304.73248291015625 445.4421691894531 -0.8146018385887146
304.73248291015625 445.4421691894531 -0.4146018326282501
304.73248291015625 445.4421691894531 -0.014601826667785645
304.73248291015625 445.4421691894531 0.38539817929267883
308.4390869140625 446.9458923339844 0.38539817929267883
312.14569091796875 448.4496154785156 0.38539817929267883
315.852294921875 449.9533386230469 0.38539817929267883
319.55889892578125 451.4570617675781 0.38539817929267883
319.55889892578125 451.4570617675781 0.7853981852531433
322.3873291015625 454.2854919433594 0.7853981852531433
325.21575927734375 457.1139221191406 0.7853981852531433
328.044189453125 459.9423522949219 0.7853981852531433
330.87261962890625 462.7707824707031 0.7853981852531433
333.7010498046875 465.5992126464844 0.7853981852531433
336.52947998046875 468.4276428222656 0.7853981852531433
339.35791015625 471.2560729980469 0.7853981852531433
342.18634033203125 474.0845031738281 0.7853981852531433
345.0147705078125 476.9129333496094 0.7853981852531433
347.84320068359375 479.7413635253906 0.7853981852531433
350.671630859375 482.5697937011719 0.7853981852531433
353.50006103515625 485.3982238769531 0.7853981852531433
356.3284912109375 488.2266540527344 0.7853981852531433
359.15692138671875 491.0550842285156 0.7853981852531433
361.9853515625 493.8835144042969 0.7853981852531433
364.81378173828125 496.7119445800781 0.7853981852531433
367.6422119140625 499.5403747558594 0.7853981852531433
370.47064208984375 502.3688049316406 0.7853981852531433
373.299072265625 505.1972351074219 0.7853981852531433
376.12750244140625 508.0256652832031 0.7853981852531433
378.9559326171875 510.8540954589844 0.7853981852531433
381.78436279296875 513.6824951171875 0.7853981852531433
384.61279296875 516.5109252929688 0.7853981852531433
387.44122314453125 519.33935546875 0.7853981852531433
390.2696533203125 522.1677856445312 0.7853981852531433
393.09808349609375 524.9962158203125 0.7853981852531433
395.926513671875 527.8246459960938 0.7853981852531433
398.75494384765625 530.653076171875 0.7853981852531433
401.5833740234375 533.4815063476562 0.7853981852531433
404.41180419921875 536.3099365234375 0.7853981852531433
407.240234375 539.1383666992188 0.7853981852531433
410.06866455078125 541.966796875 0.7853981852531433
412.8970947265625 544.7952270507812 0.7853981852531433
412.8970947265625 544.7952270507812 0.38539817929267883
416.60369873046875 546.2989501953125 0.38539817929267883
420.310302734375 547.8026733398438 0.38539817929267883
424.01690673828125 549.306396484375 0.38539817929267883
427.7235107421875 550.8101196289062 0.38539817929267883
431.43011474609375 552.3138427734375 0.38539817929267883
435.13671875 553.8175659179688 0.38539817929267883
438.84332275390625 555.3212890625 0.38539817929267883
442.5499267578125 556.8250122070312 0.38539817929267883
446.25653076171875 558.3287353515625 0.38539817929267883
449.963134765625 559.8324584960938 0.38539817929267883
453.66973876953125 561.336181640625 0.38539817929267883
457.3763427734375 562.8399047851562 0.38539817929267883
457.3763427734375 562.8399047851562 -0.014601826667785645
461.37591552734375 562.781494140625 -0.014601826667785645
465.37548828125 562.7230834960938 -0.014601826667785645
469.37506103515625 562.6646728515625 -0.014601826667785645
473.3746337890625 562.6062622070312 -0.014601826667785645
477.37420654296875 562.5478515625 -0.014601826667785645
481.373779296875 562.4894409179688 -0.014601826667785645
485.37335205078125 562.4310302734375 -0.014601826667785645
489.3729248046875 562.3726196289062 -0.014601826667785645
493.37249755859375 562.314208984375 -0.014601826667785645
497.3720703125 562.2557983398438 -0.014601826667785645
501.37164306640625 562.1973876953125 -0.014601826667785645
505.3712158203125 562.1389770507812 -0.014601826667785645
509.37078857421875 562.08056640625 -0.014601826667785645
513.370361328125 562.0221557617188 -0.014601826667785645
517.3699340820312 561.9637451171875 -0.014601826667785645
521.3695068359375 561.9053344726562 -0.014601826667785645
525.3690795898438 561.846923828125 -0.014601826667785645
529.36865234375 561.7885131835938 -0.014601826667785645
533.3682250976562 561.7301025390625 -0.014601826667785645
537.3677978515625 561.6716918945312 -0.014601826667785645
541.3673706054688 561.61328125 -0.014601826667785645
545.366943359375 561.5548706054688 -0.014601826667785645
545.366943359375 561.5548706054688 -0.4146018326282501
545.366943359375 561.5548706054688 -0.8146018385887146
545.366943359375 561.5548706054688 -1.2146018743515015
546.7617797851562 557.8059692382812 -1.2146018743515015
548.1566162109375 554.0570678710938 -1.2146018743515015
549.5514526367188 550.3081665039062 -1.2146018743515015
550.9462890625 546.5592651367188 -1.2146018743515015
552.3411254882812 542.8103637695312 -1.2146018743515015
553.7359619140625 539.0614624023438 -1.2146018743515015
555.1307983398438 535.3125610351562 -1.2146018743515015
556.525634765625 531.5636596679688 -1.2146018743515015
557.9204711914062 527.8147583007812 -1.2146018743515015
559.3153076171875 524.0658569335938 -1.2146018743515015
560.7101440429688 520.3169555664062 -1.2146018743515015
562.10498046875 516.5680541992188 -1.2146018743515015
563.4998168945312 512.8191528320312 -1.2146018743515015
564.8946533203125 509.0702209472656 -1.2146018743515015
566.2894897460938 505.3212890625 -1.2146018743515015
566.2894897460938 505.3212890625 -1.6146018505096436
566.1143188476562 501.32513427734375 -1.6146018505096436
565.9391479492188 497.3289794921875 -1.6146018505096436
565.7639770507812 493.33282470703125 -1.6146018505096436
565.5888061523438 489.336669921875 -1.6146018505096436
565.5888061523438 489.336669921875 -2.014601945877075
563.8712768554688 485.72418212890625 -2.014601945877075
562.1537475585938 482.1116943359375 -2.014601945877075
560.4362182617188 478.49920654296875 -2.014601945877075
558.7186889648438 474.88671875 -2.014601945877075
557.0011596679688 471.27423095703125 -2.014601945877075
555.2836303710938 467.6617431640625 -2.014601945877075
553.5661010742188 464.04925537109375 -2.014601945877075
551.8485717773438 460.436767578125 -2.014601945877075
551.8485717773438 460.436767578125 -2.414602041244507
548.85986328125 457.77825927734375 -2.414602041244507
545.8711547851562 455.1197509765625 -2.414602041244507
542.8824462890625 452.46124267578125 -2.414602041244507
539.8937377929688 449.802734375 -2.414602041244507
536.905029296875 447.14422607421875 -2.414602041244507
533.9163208007812 444.4857177734375 -2.414602041244507
530.9276123046875 441.82720947265625 -2.414602041244507
527.9389038085938 439.168701171875 -2.414602041244507
524.9501953125 436.51019287109375 -2.414602041244507
521.9614868164062 433.8516845703125 -2.414602041244507
518.9727783203125 431.19317626953125 -2.414602041244507
515.9840698242188 428.53466796875 -2.414602041244507
512.995361328125 425.87615966796875 -2.414602041244507
510.00665283203125 423.2176513671875 -2.414602041244507
507.0179443359375 420.55914306640625 -2.414602041244507
504.02923583984375 417.900634765625 -2.414602041244507
501.04052734375 415.24212646484375 -2.414602041244507
498.05181884765625 412.5836181640625 -2.414602041244507
495.0631103515625 409.92510986328125 -2.414602041244507
492.07440185546875 407.2666015625 -2.414602041244507
489.085693359375 404.60809326171875 -2.414602041244507
486.09698486328125 401.9495849609375 -2.414602041244507
486.09698486328125 401.9495849609375 -2.8146021366119385
482.3089294433594 400.664794921875 -2.8146021366119385
478.5208740234375 399.3800048828125 -2.8146021366119385
474.7328186035156 398.09521484375 -2.8146021366119385
470.94476318359375 396.8104248046875 -2.8146021366119385
467.1567077636719 395.525634765625 -2.8146021366119385
463.36865234375 394.2408447265625 -2.8146021366119385
459.5805969238281 392.9560546875 -2.8146021366119385
455.79254150390625 391.6712646484375 -2.8146021366119385
452.0044860839844 390.386474609375 -2.8146021366119385
448.2164306640625 389.1016845703125 -2.8146021366119385
444.4283752441406 387.81689453125 -2.8146021366119385
440.64031982421875 386.5321044921875 -2.8146021366119385
436.8522644042969 385.247314453125 -2.8146021366119385
433.064208984375 383.9625244140625 -2.8146021366119385
429.2761535644531 382.677734375 -2.8146021366119385
425.48809814453125 381.3929443359375 -2.8146021366119385
421.7000427246094 380.108154296875 -2.8146021366119385
417.9119873046875 378.8233642578125 -2.8146021366119385
414.1239318847656 377.53857421875 -2.8146021366119385
410.33587646484375 376.2537841796875 -2.8146021366119385
406.5478210449219 374.968994140625 -2.8146021366119385
402.759765625 373.6842041015625 -2.8146021366119385
398.9717102050781 372.3994140625 -2.8146021366119385
395.18365478515625 371.1146240234375 -2.8146021366119385
391.3955993652344 369.829833984375 -2.8146021366119385
387.6075439453125 368.5450439453125 -2.8146021366119385
383.8194885253906 367.26025390625 -2.8146021366119385
380.03143310546875 365.9754638671875 -2.8146021366119385
376.2433776855469 364.690673828125 -2.8146021366119385
372.455322265625 363.4058837890625 -2.8146021366119385
368.6672668457031 362.12109375 -2.8146021366119385
364.87921142578125 360.8363037109375 -2.8146021366119385
361.0911560058594 359.551513671875 -2.8146021366119385
357.3031005859375 358.2667236328125 -2.8146021366119385
353.5150451660156 356.98193359375 -2.8146021366119385
349.72698974609375 355.6971435546875 -2.8146021366119385
345.9389343261719 354.412353515625 -2.8146021366119385
342.15087890625 353.1275634765625 -2.8146021366119385
338.3628234863281 351.8427734375 -2.8146021366119385
334.57476806640625 350.5579833984375 -2.8146021366119385
330.7867126464844 349.273193359375 -2.8146021366119385
326.9986572265625 347.9884033203125 -2.8146021366119385
323.2106018066406 346.70361328125 -2.8146021366119385
319.42254638671875 345.4188232421875 -2.8146021366119385
315.6344909667969 344.134033203125 -2.8146021366119385
311.846435546875 342.8492431640625 -2.8146021366119385
308.0583801269531 341.564453125 -2.8146021366119385
304.27032470703125 340.2796630859375 -2.8146021366119385
300.4822692871094 338.994873046875 -2.8146021366119385
296.6942138671875 337.7100830078125 -2.8146021366119385
292.9061584472656 336.42529296875 -2.8146021366119385
289.11810302734375 335.1405029296875 -2.8146021366119385
289.11810302734375 335.1405029296875 -2.414602041244507
286.12939453125 332.48199462890625 -2.414602041244507
283.14068603515625 329.823486328125 -2.414602041244507
280.1519775390625 327.16497802734375 -2.414602041244507
277.16326904296875 324.5064697265625 -2.414602041244507
274.174560546875 321.84796142578125 -2.414602041244507
271.18585205078125 319.189453125 -2.414602041244507
268.1971435546875 316.53094482421875 -2.414602041244507
265.20843505859375 313.8724365234375 -2.414602041244507
262.2197265625 311.21392822265625 -2.414602041244507
259.23101806640625 308.555419921875 -2.414602041244507
259.23101806640625 308.555419921875 -2.014601945877075
257.51348876953125 304.94293212890625 -2.014601945877075
255.7959747314453 301.3304443359375 -2.014601945877075
254.07846069335938 297.71795654296875 -2.014601945877075
252.36094665527344 294.10546875 -2.014601945877075
250.6434326171875 290.49298095703125 -2.014601945877075
248.92591857910156 286.8804931640625 -2.014601945877075
247.20840454101562 283.26800537109375 -2.014601945877075
245.4908905029297 279.655517578125 -2.014601945877075
243.77337646484375 276.04302978515625 -2.014601945877075
242.0558624267578 272.4305419921875 -2.014601945877075
240.33834838867188 268.81805419921875 -2.014601945877075
238.62083435058594 265.20556640625 -2.014601945877075
238.62083435058594 265.20556640625 -1.614601969718933
238.44566345214844 261.20941162109375 -1.614601969718933
238.27049255371094 257.2132568359375 -1.614601969718933
238.09532165527344 253.2170867919922 -1.614601969718933
237.92015075683594 249.22091674804688 -1.614601969718933
237.74497985839844 245.22474670410156 -1.614601969718933
237.56980895996094 241.22857666015625 -1.614601969718933
237.39463806152344 237.23240661621094 -1.614601969718933
237.21946716308594 233.23623657226562 -1.614601969718933
237.04429626464844 229.2400665283203 -1.614601969718933
236.86912536621094 225.243896484375 -1.614601969718933
236.69395446777344 221.2477264404297 -1.614601969718933
236.51878356933594 217.25155639648438 -1.614601969718933
236.34361267089844 213.25538635253906 -1.614601969718933
236.16844177246094 209.25921630859375 -1.614601969718933
235.99327087402344 205.26304626464844 -1.614601969718933
235.81809997558594 201.26687622070312 -1.614601969718933
235.64292907714844 197.2707061767578 -1.614601969718933
235.46775817871094 193.2745361328125 -1.614601969718933
235.29258728027344 189.2783660888672 -1.614601969718933
235.29258728027344 189.2783660888672 -1.214601993560791
235.29258728027344 189.2783660888672 -0.8146020174026489
235.29258728027344 189.2783660888672 -0.41460201144218445
238.9536895751953 187.6670684814453 -0.41460201144218445
242.6147918701172 186.05577087402344 -0.41460201144218445
246.27589416503906 184.44447326660156 -0.41460201144218445
249.93699645996094 182.8331756591797 -0.41460201144218445
253.5980987548828 181.2218780517578 -0.41460201144218445
257.25921630859375 179.61058044433594 -0.41460201144218445
260.9203186035156 177.99928283691406 -0.41460201144218445
260.9203186035156 177.99928283691406 -0.01460200548171997
264.9198913574219 177.9408721923828 -0.01460200548171997
268.9194641113281 177.88246154785156 -0.01460200548171997
272.9190368652344 177.8240509033203 -0.01460200548171997
276.9186096191406 177.76564025878906 -0.01460200548171997
280.9181823730469 177.7072296142578 -0.01460200548171997
284.9177551269531 177.64881896972656 -0.01460200548171997
288.9173278808594 177.5904083251953 -0.01460200548171997
292.9169006347656 177.53199768066406 -0.01460200548171997
296.9164733886719 177.4735870361328 -0.01460200548171997
300.9160461425781 177.41517639160156 -0.01460200548171997
304.9156188964844 177.3567657470703 -0.01460200548171997
308.9151916503906 177.29835510253906 -0.01460200548171997
312.9147644042969 177.2399444580078 -0.01460200548171997
316.9143371582031 177.18153381347656 -0.01460200548171997
320.9139099121094 177.1231231689453 -0.01460200548171997
324.9134826660156 177.06471252441406 -0.01460200548171997
328.9130554199219 177.0063018798828 -0.01460200548171997
332.9126281738281 176.94789123535156 -0.01460200548171997
336.9122009277344 176.8894805908203 -0.01460200548171997
340.9117736816406 176.83106994628906 -0.01460200548171997
344.9113464355469 176.7726593017578 -0.01460200548171997
348.9109191894531 176.71424865722656 -0.01460200548171997
352.9104919433594 176.6558380126953 -0.01460200548171997
356.9100646972656 176.59742736816406 -0.01460200548171997
360.9096374511719 176.5390167236328 -0.01460200548171997
364.9092102050781 176.48060607910156 -0.01460200548171997
368.9087829589844 176.4221954345703 -0.01460200548171997
372.9083557128906 176.36378479003906 -0.01460200548171997
376.9079284667969 176.3053741455078 -0.01460200548171997
380.9075012207031 176.24696350097656 -0.01460200548171997
384.9070739746094 176.1885528564453 -0.01460200548171997
388.9066467285156 176.13014221191406 -0.01460200548171997
392.9062194824219 176.0717315673828 -0.01460200548171997
396.9057922363281 176.01332092285156 -0.01460200548171997
400.9053649902344 175.9549102783203 -0.01460200548171997
404.9049377441406 175.89649963378906 -0.01460200548171997
408.9045104980469 175.8380889892578 -0.01460200548171997
412.9040832519531 175.77967834472656 -0.01460200548171997
416.9036560058594 175.7212677001953 -0.01460200548171997
420.9032287597656 175.66285705566406 -0.01460200548171997
424.9028015136719 175.6044464111328 -0.01460200548171997
428.9023742675781 175.54603576660156 -0.01460200548171997
432.9019470214844 175.4876251220703 -0.01460200548171997
436.9015197753906 175.42921447753906 -0.01460200548171997
440.9010925292969 175.3708038330078 -0.01460200548171997
444.9006652832031 175.31239318847656 -0.01460200548171997
448.9002380371094 175.2539825439453 -0.01460200548171997
452.8998107910156 175.19557189941406 -0.01460200548171997
456.8993835449219 175.1371612548828 -0.01460200548171997
460.8989562988281 175.07875061035156 -0.01460200548171997
464.8985290527344 175.0203399658203 -0.01460200548171997
468.8981018066406 174.96192932128906 -0.01460200548171997
472.8976745605469 174.9035186767578 -0.01460200548171997
476.8972473144531 174.84510803222656 -0.01460200548171997
480.8968200683594 174.7866973876953 -0.01460200548171997
484.8963928222656 174.72828674316406 -0.01460200548171997
488.8959655761719 174.6698760986328 -0.01460200548171997
492.8955383300781 174.61146545410156 -0.01460200548171997
496.8951110839844 174.5530548095703 -0.01460200548171997
496.8951110839844 174.5530548095703 -0.41460201144218445
500.55621337890625 172.94175720214844 -0.41460201144218445
504.2173156738281 171.33045959472656 -0.41460201144218445
507.87841796875 169.7191619873047 -0.41460201144218445
511.5395202636719 168.1078643798828 -0.41460201144218445
511.5395202636719 168.1078643798828 -0.8146020174026489
514.2841796875 165.19805908203125 -0.8146020174026489
517.02880859375 162.2882537841797 -0.8146020174026489
519.7734375 159.37844848632812 -0.8146020174026489
522.51806640625 156.46864318847656 -0.8146020174026489
525.2626953125 153.558837890625 -0.8146020174026489
528.00732421875 150.64903259277344 -0.8146020174026489
530.751953125 147.73922729492188 -0.8146020174026489
533.49658203125 144.8294219970703 -0.8146020174026489
536.2412109375 141.91961669921875 -0.8146020174026489
538.98583984375 139.0098114013672 -0.8146020174026489
541.73046875 136.10000610351562 -0.8146020174026489
544.47509765625 133.19020080566406 -0.8146020174026489
547.2197265625 130.2803955078125 -0.8146020174026489
547.2197265625 130.2803955078125 -1.214601993560791
548.6145629882812 126.5314712524414 -1.214601993560791
550.0093994140625 122.78254699707031 -1.214601993560791
551.4042358398438 119.03362274169922 -1.214601993560791
552.799072265625 115.28469848632812 -1.214601993560791
554.1939086914062 111.53577423095703 -1.214601993560791
555.5887451171875 107.78684997558594 -1.214601993560791
556.9835815429688 104.03792572021484 -1.214601993560791
558.37841796875 100.28900146484375 -1.214601993560791
559.7732543945312 96.54007720947266 -1.214601993560791
561.1680908203125 92.79115295410156 -1.214601993560791
562.5629272460938 89.04222869873047 -1.214601993560791
563.957763671875 85.29330444335938 -1.214601993560791
565.3526000976562 81.54438018798828 -1.214601993560791
566.7474365234375 77.79545593261719 -1.214601993560791
568.1422729492188 74.0465316772461 -1.214601993560791
569.537109375 70.297607421875 -1.214601993560791
570.9319458007812 66.5486831665039 -1.214601993560791
572.3267822265625 62.79975891113281 -1.214601993560791
573.7216186523438 59.05083465576172 -1.214601993560791
575.116455078125 55.301910400390625 -1.214601993560791
576.5112915039062 51.55298614501953 -1.214601993560791
577.9061279296875 47.80406188964844 -1.214601993560791
577.9061279296875 47.80406188964844 -1.614601969718933
577.9061279296875 47.80406188964844 -2.014601945877075
577.9061279296875 47.80406188964844 -2.414602041244507
577.9061279296875 47.80406188964844 -2.8146021366119385
574.1181030273438 46.519283294677734 -2.8146021366119385
570.330078125 45.23450469970703 -2.8146021366119385
566.5420532226562 43.94972610473633 -2.8146021366119385
562.7540283203125 42.664947509765625 -2.8146021366119385
558.9660034179688 41.38016891479492 -2.8146021366119385
555.177978515625 40.09539031982422 -2.8146021366119385
551.3899536132812 38.810611724853516 -2.8146021366119385
547.6019287109375 37.52583312988281 -2.8146021366119385
543.8139038085938 36.24105453491211 -2.8146021366119385
540.02587890625 34.956275939941406 -2.8146021366119385
536.2378540039062 33.6714973449707 -2.8146021366119385
532.4498291015625 32.38671875 -2.8146021366119385
528.6618041992188 31.101940155029297 -2.8146021366119385
524.873779296875 29.817161560058594 -2.8146021366119385
524.873779296875 29.817161560058594 3.0685830116271973
520.8844604492188 30.10894012451172 3.0685830116271973
516.8951416015625 30.400718688964844 3.0685830116271973
512.9058227539062 30.69249725341797 3.0685830116271973
508.9164733886719 30.984275817871094 3.0685830116271973
504.9271240234375 31.27605438232422 3.0685830116271973
500.9377746582031 31.567832946777344 3.0685830116271973
496.94842529296875 31.85961151123047 3.0685830116271973
492.9590759277344 32.151390075683594 3.0685830116271973
488.9697265625 32.44316864013672 3.0685830116271973
484.9803771972656 32.734947204589844 3.0685830116271973
480.99102783203125 33.02672576904297 3.0685830116271973
477.0016784667969 33.318504333496094 3.0685830116271973
473.0123291015625 33.61028289794922 3.0685830116271973
469.0229797363281 33.902061462402344 3.0685830116271973
465.03363037109375 34.19384002685547 3.0685830116271973
461.0442810058594 34.485618591308594 3.0685830116271973
457.054931640625 34.77739715576172 3.0685830116271973
453.0655822753906 35.069175720214844 3.0685830116271973
449.07623291015625 35.36095428466797 3.0685830116271973
445.0868835449219 35.652732849121094 3.0685830116271973
441.0975341796875 35.94451141357422 3.0685830116271973
437.1081848144531 36.236289978027344 3.0685830116271973
433.11883544921875 36.52806854248047 3.0685830116271973
429.1294860839844 36.819847106933594 3.0685830116271973
425.14013671875 37.11162567138672 3.0685830116271973
421.1507873535156 37.403404235839844 3.0685830116271973
417.16143798828125 37.69518280029297 3.0685830116271973
413.1720886230469 37.986961364746094 3.0685830116271973
409.1827392578125 38.27873992919922 3.0685830116271973
405.1933898925781 38.570518493652344 3.0685830116271973
401.20404052734375 38.86229705810547 3.0685830116271973
397.2146911621094 39.154075622558594 3.0685830116271973
393.225341796875 39.44585418701172 3.0685830116271973
389.2359924316406 39.737632751464844 3.0685830116271973
385.24664306640625 40.02941131591797 3.0685830116271973
381.2572937011719 40.321189880371094 3.0685830116271973
377.2679443359375 40.61296844482422 3.0685830116271973
373.2785949707031 40.904747009277344 3.0685830116271973
369.28924560546875 41.19652557373047 3.0685830116271973
365.2998962402344 41.488304138183594 3.0685830116271973
361.310546875 41.78008270263672 3.0685830116271973
357.3211975097656 42.071861267089844 3.0685830116271973
353.33184814453125 42.36363983154297 3.0685830116271973
349.3424987792969 42.655418395996094 3.0685830116271973
345.3531494140625 42.94719696044922 3.0685830116271973
341.3638000488281 43.238975524902344 3.0685830116271973
337.37445068359375 43.53075408935547 3.0685830116271973
333.3851013183594 43.822532653808594 3.0685830116271973
329.395751953125 44.11431121826172 3.0685830116271973
325.4064025878906 44.406089782714844 3.0685830116271973
321.41705322265625 44.69786834716797 3.0685830116271973
317.4277038574219 44.989646911621094 3.0685830116271973
313.4383544921875 45.28142547607422 3.0685830116271973
309.4490051269531 45.573204040527344 3.0685830116271973
305.45965576171875 45.86498260498047 3.0685830116271973
301.4703063964844 46.156761169433594 3.0685830116271973
297.48095703125 46.44853973388672 3.0685830116271973
293.4916076660156 46.740318298339844 3.0685830116271973
289.50225830078125 47.03209686279297 3.0685830116271973
285.5129089355469 47.323875427246094 3.0685830116271973
281.5235595703125 47.61565399169922 3.0685830116271973
277.5342102050781 47.907432556152344 3.0685830116271973
273.54486083984375 48.19921112060547 3.0685830116271973
269.5555114746094 48.490989685058594 3.0685830116271973
265.566162109375 48.78276824951172 3.0685830116271973
261.5768127441406 49.074546813964844 3.0685830116271973
257.58746337890625 49.36632537841797 3.0685830116271973
253.59811401367188 49.658103942871094 3.0685830116271973
249.6087646484375 49.94988250732422 3.0685830116271973
245.61941528320312 50.241661071777344 3.0685830116271973
241.63006591796875 50.53343963623047 3.0685830116271973
237.64071655273438 50.825218200683594 3.0685830116271973
233.6513671875 51.11699676513672 3.0685830116271973
229.66201782226562 51.408775329589844 3.0685830116271973
225.67266845703125 51.70055389404297 3.0685830116271973
221.68331909179688 51.992332458496094 3.0685830116271973
217.6939697265625 52.28411102294922 3.0685830116271973
213.70462036132812 52.575889587402344 3.0685830116271973
209.71527099609375 52.86766815185547 3.0685830116271973
205.72592163085938 53.159446716308594 3.0685830116271973
201.736572265625 53.45122528076172 3.0685830116271973
197.74722290039062 53.743003845214844 3.0685830116271973
193.75787353515625 54.03478240966797 3.0685830116271973
189.76852416992188 54.326560974121094 3.0685830116271973
185.7791748046875 54.61833953857422 3.0685830116271973
181.78982543945312 54.910118103027344 3.0685830116271973
177.80047607421875 55.20189666748047 3.0685830116271973
173.81112670898438 55.493675231933594 3.0685830116271973
169.82177734375 55.78545379638672 3.0685830116271973
165.83242797851562 56.077232360839844 3.0685830116271973
161.84307861328125 56.36901092529297 3.0685830116271973
157.85372924804688 56.660789489746094 3.0685830116271973
153.8643798828125 56.95256805419922 3.0685830116271973
149.87503051757812 57.244346618652344 3.0685830116271973
145.88568115234375 57.53612518310547 3.0685830116271973
141.89633178710938 57.827903747558594 3.0685830116271973
137.906982421875 58.11968231201172 3.0685830116271973
133.91763305664062 58.411460876464844 3.0685830116271973
129.92828369140625 58.70323944091797 3.0685830116271973
125.9389419555664 58.995018005371094 3.0685830116271973
121.94960021972656 59.28679656982422 3.0685830116271973
117.96025848388672 59.578575134277344 3.0685830116271973
113.97091674804688 59.87035369873047 3.0685830116271973
109.98157501220703 60.162132263183594 3.0685830116271973
105.99223327636719 60.45391082763672 3.0685830116271973
102.00289154052734 60.745689392089844 3.0685830116271973
98.0135498046875 61.03746795654297 3.0685830116271973
94.02420806884766 61.329246520996094 3.0685830116271973
90.03486633300781 61.62102508544922 3.0685830116271973
86.04552459716797 61.912803649902344 3.0685830116271973
86.04552459716797 61.912803649902344 2.6685829162597656
82.4847183227539 63.73507308959961 2.6685829162597656
78.92391204833984 65.55734252929688 2.6685829162597656
75.36310577392578 67.3796157836914 2.6685829162597656
71.80229949951172 69.20188903808594 2.6685829162597656
68.24149322509766 71.02416229248047 2.6685829162597656
64.6806869506836 72.846435546875 2.6685829162597656
61.11988067626953 74.66870880126953 2.6685829162597656
57.55907440185547 76.49098205566406 2.6685829162597656
53.998268127441406 78.3132553100586 2.6685829162597656
50.437461853027344 80.13552856445312 2.6685829162597656
46.87665557861328 81.95780181884766 2.6685829162597656
43.31584930419922 83.78007507324219 2.6685829162597656
39.755043029785156 85.60234832763672 2.6685829162597656
36.194236755371094 87.42462158203125 2.6685829162597656
32.63343048095703 89.24689483642578 2.6685829162597656
29.0726261138916 91.06916809082031 2.6685829162597656
29.0726261138916 91.06916809082031 2.268582820892334
26.502532958984375 94.13423156738281 2.268582820892334
23.93243980407715 97.19929504394531 2.268582820892334
21.362346649169922 100.26435852050781 2.268582820892334
18.792253494262695 103.32942199707031 2.268582820892334
18.792253494262695 103.32942199707031 2.268582820892334
18.792253494262695 103.32942199707031 2.268582820892334
18.792253494262695 103.32942199707031 2.268582820892334
18.792253494262695 103.32942199707031 2.268582820892334
18.792253494262695 103.32942199707031 2.268582820892334
18.792253494262695 103.32942199707031 2.268582820892334
18.792253494262695 103.32942199707031 2.268582820892334
18.792253494262695 103.32942199707031 2.268582820892334
18.792253494262695 103.32942199707031 2.268582820892334
18.792253494262695 103.32942199707031 2.268582820892334
