-390.0
-390.0
-390.0
-390.0
-390.0
-390.0
-386.00388495992144
-382.0078510730543
-378.01190091305557
-374.01603716351383
-370.0202626238791
-366.0245802157804
-362.028992989761
-358.0335041324636
-354.038116974302
-350.0428349976565
-346.0476618456364
-342.0526013314554
-338.05765744847065
-334.06283438094067
-330.068136515563
-326.0735684538586
-322.0791350254754
-318.0848413024926
-314.0906926148142
-310.0966945667493
-306.10285305488776
-306.10285305488776
-302.51639038298805
-298.9404223647591
-295.3753301617227
-291.82151237345533
-288.2793859625983
-284.74938723247976
-281.2319728601829
-277.7276209879862
-274.23683237617877
-270.7601316203184
-267.2980684360474
-263.8512190145984
-260.420187452116
-257.0056072558707
-253.60814293034917
-250.22849164605523
-246.86738499363864
-243.5255908256724
-240.2039151880048
-236.9032043421058
-233.62434687918727
-230.368275926079
-230.368275926079
-230.368275926079
-230.368275926079
-230.368275926079
-231.77339911700247
-231.77339911700247
-231.77339911700247
-231.77339911700247
-235.32100076356116
-238.88289702160637
-242.4584578963243
-246.04708766504177
-249.64822274230326
-249.64822274230326
-252.31529911667982
-255.0172251531824
-255.42691051672534
-255.42691051672534
-255.42691051672534
-255.42691051672534
-255.42691051672534
-253.46212919559252
-253.46212919559252
-249.5404143364511
-245.62122467711086
-241.70468305432445
-237.79092031179556
-233.8800759553955
-229.97229887293824
-226.0677481259503
-222.166593821852
-222.166593821852
-218.93470212628446
-215.72856107409703
-212.54933595363283
-209.39825273582034
-206.27660111256696
-206.27660111256696
-206.27660111256696
-206.27660111256696
-206.27660111256696
-206.27660111256696
-206.27660111256696
-206.27660111256696
-206.27660111256696
-206.27660111256696
-206.27660111256696
