62.828426361083984 452.82843017578125 0.7853981852531433
65.65685272216797 455.6568603515625 0.7853981852531433
68.48528289794922 458.48529052734375 0.7853981852531433
71.31371307373047 461.313720703125 0.7853981852531433
74.14214324951172 464.14215087890625 0.7853981852531433
76.97057342529297 466.9705810546875 0.7853981852531433
79.79900360107422 469.79901123046875 0.7853981852531433
82.62743377685547 472.62744140625 0.7853981852531433
85.45586395263672 475.45587158203125 0.7853981852531433
88.28429412841797 478.2843017578125 0.7853981852531433
91.11272430419922 481.11273193359375 0.7853981852531433
93.94115447998047 483.941162109375 0.7853981852531433
96.76958465576172 486.76959228515625 0.7853981852531433
99.59801483154297 489.5980224609375 0.7853981852531433
102.42644500732422 492.42645263671875 0.7853981852531433
105.25487518310547 495.2548828125 0.7853981852531433
108.08330535888672 498.08331298828125 0.7853981852531433
110.91173553466797 500.9117431640625 0.7853981852531433
113.74016571044922 503.74017333984375 0.7853981852531433
116.56859588623047 506.568603515625 0.7853981852531433
119.39702606201172 509.39703369140625 0.7853981852531433
122.22545623779297 512.2254638671875 0.7853981852531433
122.96592712402344 512.7669677734375 0.4774974584579468
126.51851654052734 514.605224609375 0.4774974584579468
130.07110595703125 516.4434814453125 0.4774974584579468
130.92984008789062 516.7308959960938 0.16841426491737366
134.8732452392578 517.4013671875 0.16841426491737366
138.816650390625 518.0718383789062 0.16841426491737366
142.7600555419922 518.7423095703125 0.16841426491737366
146.70346069335938 519.4127807617188 0.16841426491737366
150.64686584472656 520.083251953125 0.16841426491737366
154.59027099609375 520.7537231445312 0.16841426491737366
158.53367614746094 521.4241943359375 0.16841426491737366
162.47708129882812 522.0946655273438 0.16841426491737366
166.4204864501953 522.76513671875 0.16841426491737366
170.3638916015625 523.4356079101562 0.16841426491737366
171.26934814453125 523.4481811523438 -0.14066961407661438
172.13572692871094 523.1846923828125 -0.4497534930706024
175.73794555664062 521.4457397460938 -0.4497534930706024
176.4832305908203 520.93115234375 -0.7588247060775757
176.4832305908203 520.93115234375 -0.3588247001171112
177.2720489501953 520.4864501953125 -0.6679085493087769
180.4125213623047 518.0090942382812 -0.6679085493087769
183.55299377441406 515.53173828125 -0.6679085493087769
186.69346618652344 513.0543823242188 -0.6679085493087769
189.8339385986328 510.5769958496094 -0.6679085493087769
192.9744110107422 508.099609375 -0.6679085493087769
196.11488342285156 505.6222229003906 -0.6679085493087769
199.25535583496094 503.14483642578125 -0.6679085493087769
202.3958282470703 500.6674499511719 -0.6679085493087769
205.5363006591797 498.1900634765625 -0.6679085493087769
208.67677307128906 495.7126770019531 -0.6679085493087769
209.29293823242188 495.049072265625 -0.9769924283027649
211.531005859375 491.7337951660156 -0.9769924283027649
213.76907348632812 488.41851806640625 -0.9769924283027649
216.00714111328125 485.1032409667969 -0.9769924283027649
218.24520874023438 481.7879638671875 -0.9769924283027649
220.4832763671875 478.4726867675781 -0.9769924283027649
222.72134399414062 475.15740966796875 -0.9769924283027649
224.95941162109375 471.8421325683594 -0.9769924283027649
227.19747924804688 468.52685546875 -0.9769924283027649
229.435546875 465.2115783691406 -0.9769924283027649
231.67361450195312 461.89630126953125 -0.9769924283027649
233.91168212890625 458.5810241699219 -0.9769924283027649
236.14974975585938 455.2657470703125 -0.9769924283027649
238.3878173828125 451.9504699707031 -0.9769924283027649
240.62588500976562 448.63519287109375 -0.9769924283027649
242.86395263671875 445.3199157714844 -0.9769924283027649
245.10202026367188 442.004638671875 -0.9769924283027649
247.340087890625 438.6893615722656 -0.9769924283027649
247.69204711914062 438.3251953125 -0.6278947591781616
247.69204711914062 438.3251953125 -0.22789475321769714
247.69204711914062 438.3251953125 0.17210525274276733
247.69204711914062 438.3251953125 0.5721052885055542
248.51979064941406 438.6924133300781 0.26302140951156616
248.51979064941406 438.6924133300781 0.663021445274353
251.67233276367188 441.1544189453125 0.663021445274353
252.46331787109375 441.59527587890625 0.353937566280365
256.21539306640625 442.9816589355469 0.353937566280365
257.1030578613281 443.1610412597656 0.04485860466957092
257.1030578613281 443.1610412597656 0.4448586106300354
257.970703125 443.4202575683594 0.13577473163604736
257.970703125 443.4202575683594 0.5357747077941895
258.8112487792969 443.7571716308594 0.22669082880020142
258.8112487792969 443.7571716308594 0.6266908645629883
259.61773681640625 444.16900634765625 0.31760698556900024
260.5112609863281 444.3160095214844 0.008523106575012207
260.5112609863281 444.3160095214844 0.4085231125354767
261.38775634765625 444.5435485839844 0.09943923354148865
261.38775634765625 444.5435485839844 0.4994392395019531
262.239990234375 444.8497009277344 0.1903553605079651
262.239990234375 444.8497009277344 0.590355396270752
263.0608825683594 445.2319641113281 0.2812715172767639
263.95916748046875 445.3464050292969 -0.02781236171722412
263.95916748046875 445.3464050292969 0.37218764424324036
264.8433532714844 445.54193115234375 0.06310376524925232
264.8433532714844 445.54193115234375 0.4631037712097168
265.7061462402344 445.8169250488281 0.15401989221572876
265.7061462402344 445.8169250488281 0.5540199279785156
266.5404052734375 446.16912841796875 0.2449360489845276
267.4422607421875 446.2508850097656 -0.06414783000946045
267.4422607421875 446.2508850097656 0.33585217595100403
268.3329772949219 446.4141845703125 0.02676829695701599
268.3329772949219 446.4141845703125 0.42676830291748047
269.2051696777344 446.65765380859375 0.11768442392349243
269.2051696777344 446.65765380859375 0.5176844596862793
270.0516662597656 446.97930908203125 0.20860058069229126
270.9559020996094 447.0282287597656 -0.10048329830169678
270.9559020996094 447.0282287597656 0.2995167076587677
271.8519592285156 447.1590576171875 -0.009567171335220337
271.8519592285156 447.1590576171875 0.39043283462524414
272.732421875 447.3706970214844 0.0813489556312561
272.732421875 447.3706970214844 0.4813489615917206
273.59002685546875 447.6614074707031 0.17226508259773254
273.59002685546875 447.6614074707031 0.572265088558197
274.417724609375 448.0287780761719 0.263181209564209
275.31793212890625 448.126953125 -0.04590266942977905
275.31793212890625 448.126953125 0.3540973365306854
276.20550537109375 448.30645751953125 0.04501345753669739
280.2014465332031 448.4864501953125 0.04501345753669739
284.1973876953125 448.66644287109375 0.04501345753669739
288.1933288574219 448.846435546875 0.04501345753669739
292.18927001953125 449.02642822265625 0.04501345753669739
296.1852111816406 449.2064208984375 0.04501345753669739
300.18115234375 449.38641357421875 0.04501345753669739
304.1770935058594 449.56640625 0.04501345753669739
304.1770935058594 449.56640625 0.44501346349716187
305.0447082519531 449.82574462890625 0.13592958450317383
309.0078125 450.3677978515625 0.13592958450317383
309.0078125 450.3677978515625 0.5359295606613159
309.8482971191406 450.7048645019531 0.22684568166732788
313.7458190917969 451.6044921875 0.22684568166732788
313.7458190917969 451.6044921875 0.6268457174301147
314.5522155761719 452.0164489746094 0.3177618384361267
318.3519592285156 453.2662048339844 0.3177618384361267
318.3519592285156 453.2662048339844 0.7177618741989136
319.1176452636719 453.74969482421875 0.40867799520492554
319.1176452636719 453.74969482421875 0.8086780309677124
319.8362731933594 454.3006896972656 0.49959415197372437
319.8362731933594 454.3006896972656 0.8995941877365112
320.50189208984375 454.9146728515625 0.5905103087425232
321.3227233886719 455.2970886230469 0.28142642974853516
321.3227233886719 455.2970886230469 0.6814264059066772
322.10546875 455.75244140625 0.3723425269126892
322.10546875 455.75244140625 0.7723425626754761
322.8436279296875 456.2769775390625 0.46325868368148804
322.8436279296875 456.2769775390625 0.8632587194442749
323.5311279296875 456.8663635253906 0.5541748404502869
323.5311279296875 456.8663635253906 0.9541748762130737
324.1622619628906 457.5157165527344 0.6450909972190857
324.1622619628906 457.5157165527344 1.0450910329818726
324.7318420410156 458.2196960449219 0.7360071539878845
325.4885559082031 458.7170715332031 0.4269232749938965
325.4885559082031 458.7170715332031 0.8269232511520386
326.1969909667969 459.2810974121094 0.5178393721580505
326.1969909667969 459.2810974121094 0.9178394079208374
326.851318359375 459.9071044921875 0.6087555289268494
326.851318359375 459.9071044921875 1.0087555646896362
327.44610595703125 460.5899353027344 0.6996716856956482
330.5063171386719 463.1658020019531 0.6996716856956482
333.5665283203125 465.7416687011719 0.6996716856956482
336.6267395019531 468.3175354003906 0.6996716856956482
339.68695068359375 470.8934020996094 0.6996716856956482
342.7471618652344 473.4692687988281 0.6996716856956482
345.807373046875 476.0451354980469 0.6996716856956482
348.8675842285156 478.6210021972656 0.6996716856956482
351.92779541015625 481.1968688964844 0.6996716856956482
354.9880065917969 483.7727355957031 0.6996716856956482
358.0482177734375 486.3486022949219 0.6996716856956482
361.1084289550781 488.9244689941406 0.6996716856956482
364.16864013671875 491.5003356933594 0.6996716856956482
367.2288513183594 494.0762023925781 0.6996716856956482
370.2890625 496.6520690917969 0.6996716856956482
373.3492736816406 499.2279357910156 0.6996716856956482
376.40948486328125 501.8038024902344 0.6996716856956482
379.4696960449219 504.3796691894531 0.6996716856956482
382.5299072265625 506.9555358886719 0.6996716856956482
385.5901184082031 509.5314025878906 0.6996716856956482
388.65032958984375 512.1072387695312 0.6996716856956482
389.46881103515625 512.6065673828125 0.3959195911884308
393.1593933105469 514.149169921875 0.3959195911884308
396.8499755859375 515.6917724609375 0.3959195911884308
400.5405578613281 517.234375 0.3959195911884308
404.23114013671875 518.7769775390625 0.3959195911884308
405.1104431152344 518.9934692382812 0.08683571219444275
409.0953674316406 519.3403930664062 0.08683571219444275
413.0802917480469 519.6873168945312 0.08683571219444275
417.0652160644531 520.0342407226562 0.08683571219444275
421.0501403808594 520.3811645507812 0.08683571219444275
425.0350646972656 520.7280883789062 0.08683571219444275
429.0199890136719 521.0750122070312 0.08683571219444275
433.0049133300781 521.4219360351562 0.08683571219444275
436.9898376464844 521.7688598632812 0.08683571219444275
440.9747619628906 522.1157836914062 0.08683571219444275
444.9596862792969 522.4627075195312 0.08683571219444275
448.9446105957031 522.8096313476562 0.08683571219444275
452.9295349121094 523.1565551757812 0.08683571219444275
456.9144592285156 523.5034790039062 0.08683571219444275
460.8993835449219 523.8504028320312 0.08683571219444275
464.8843078613281 524.1973266601562 0.08683571219444275
468.8692321777344 524.5442504882812 0.08683571219444275
472.8541564941406 524.8911743164062 0.08683571219444275
476.8390808105469 525.2380981445312 0.08683571219444275
480.8240051269531 525.5850219726562 0.08683571219444275
484.8089294433594 525.9319458007812 0.08683571219444275
488.7938537597656 526.2788696289062 0.08683571219444275
492.7787780761719 526.6257934570312 0.08683571219444275
496.7637023925781 526.9727172851562 0.08683571219444275
500.7486267089844 527.3196411132812 0.08683571219444275
503.94769287109375 527.4701538085938 0.0071803852915763855
507.9476013183594 527.4989013671875 0.0071803852915763855
511.947509765625 527.5276489257812 0.0071803852915763855
512.8433227539062 527.3946533203125 -0.30189716815948486
513.7047729492188 526.9744873046875 -0.6056791543960571
514.3610229492188 526.3504638671875 -0.9147630333900452
514.7963256835938 525.556396484375 -1.2238469123840332
516.1564331054688 521.7947387695312 -1.2238469123840332
517.5165405273438 518.0330810546875 -1.2238469123840332
518.8766479492188 514.2714233398438 -1.2238469123840332
520.2367553710938 510.509765625 -1.2238469123840332
520.409912109375 509.6208801269531 -1.5329244136810303
520.5613403320312 505.6237487792969 -1.5329244136810303
520.7127685546875 501.6266174316406 -1.5329244136810303
520.8641967773438 497.6294860839844 -1.5329244136810303
521.015625 493.6323547363281 -1.5329244136810303
521.1670532226562 489.6352233886719 -1.5329244136810303
521.3184814453125 485.6380920410156 -1.5329244136810303
521.2130737304688 484.73870849609375 -1.842008352279663
520.8390502929688 483.91400146484375 -2.151092290878296
520.23193359375 483.24212646484375 -2.4601762294769287
517.1251831054688 480.7225646972656 -2.4601762294769287
514.0184326171875 478.2030029296875 -2.4601762294769287
510.9117126464844 475.6834411621094 -2.4601762294769287
507.80499267578125 473.16387939453125 -2.4601762294769287
504.6982727050781 470.6443176269531 -2.4601762294769287
501.591552734375 468.124755859375 -2.4601762294769287
498.4848327636719 465.6051940917969 -2.4601762294769287
495.37811279296875 463.08563232421875 -2.4601762294769287
495.37811279296875 463.08563232421875 -2.060176134109497
495.37811279296875 463.08563232421875 -1.660176157951355
495.159423828125 462.2068786621094 -1.9692599773406982
494.68377685546875 461.4363098144531 -2.278343915939331
494.68377685546875 461.4363098144531 -1.878343939781189
494.2800598144531 460.625732421875 -2.1874277591705322
494.2800598144531 460.625732421875 -1.7874277830123901
493.95159912109375 459.7818603515625 -2.0965116024017334
493.95159912109375 459.7818603515625 -1.6965116262435913
493.70111083984375 458.9116516113281 -2.0055954456329346
493.70111083984375 458.9116516113281 -1.6055954694747925
493.5306701660156 458.02227783203125 -1.9146792888641357
493.0977783203125 457.2268981933594 -2.2237632274627686
493.0977783203125 457.2268981933594 -1.8237632513046265
492.7388916015625 456.3955078125 -2.1328470706939697
492.7388916015625 456.3955078125 -1.7328470945358276
492.45697021484375 455.53497314453125 -2.041930913925171
492.45697021484375 455.53497314453125 -1.6419309377670288
492.25433349609375 454.6523742675781 -1.951014757156372
491.7928466796875 453.8732604980469 -2.260098695755005
491.7928466796875 453.8732604980469 -1.8600987195968628
491.40399169921875 453.0554504394531 -2.169182538986206
491.40399169921875 453.0554504394531 -1.769182562828064
491.09100341796875 452.2057189941406 -2.0782663822174072
491.09100341796875 452.2057189941406 -1.6782664060592651
490.8564453125 451.3310852050781 -1.9873502254486084
490.366943359375 450.5692443847656 -2.296434164047241
490.366943359375 450.5692443847656 -1.8964341878890991
489.9486389160156 449.76611328125 -2.2055180072784424
489.9486389160156 449.76611328125 -1.8055180311203003
489.60498046875 448.9283142089844 -2.1146018505096436
489.60498046875 448.9283142089844 -1.7146018743515015
489.33880615234375 448.0627746582031 -2.0236856937408447
488.82196044921875 447.3192138671875 -2.3327696323394775
488.82196044921875 447.3192138671875 -1.9327696561813354
488.374755859375 446.53179931640625 -2.2418534755706787
488.374755859375 446.53179931640625 -1.8418534994125366
488.0008850097656 445.70703125 -2.15093731880188
488.0008850097656 445.70703125 -1.7509373426437378
487.70343017578125 444.8517150878906 -2.060021162033081
487.159912109375 444.1274108886719 -2.369105100631714
487.159912109375 444.1274108886719 -1.9691051244735718
486.68438720703125 443.35675048828125 -2.278188943862915
486.68438720703125 443.35675048828125 -1.878188967704773
486.2807922363281 442.5461120605469 -2.187272787094116
486.2807922363281 442.5461120605469 -1.7872728109359741
485.9524841308594 441.7021789550781 -2.0963566303253174
485.38299560546875 440.99810791015625 -2.40544056892395
485.38299560546875 440.99810791015625 -2.0054404735565186
484.8797912597656 440.2452392578125 -2.3145244121551514
484.8797912597656 440.2452392578125 -1.9145244359970093
484.447021484375 439.4497985839844 -2.2236082553863525
484.447021484375 439.4497985839844 -1.8236082792282104
484.0882568359375 438.61834716796875 -2.1326920986175537
483.49359130859375 437.9354248046875 -2.4417760372161865
483.49359130859375 437.9354248046875 -2.041775941848755
482.96337890625 437.2013244628906 -2.3508598804473877
482.96337890625 437.2013244628906 -1.9508599042892456
482.50201416015625 436.422119140625 -2.259943723678589
482.50201416015625 436.422119140625 -1.8599437475204468
482.11328125 435.604248046875 -2.16902756690979
481.49420166015625 434.9433898925781 -2.478111505508423
481.49420166015625 434.9433898925781 -2.078111410140991
480.93768310546875 434.2290344238281 -2.387195348739624
480.93768310546875 434.2290344238281 -1.987195372581482
480.44830322265625 433.46710205078125 -2.296279191970825
480.44830322265625 433.46710205078125 -1.896279215812683
480.0301208496094 432.6639099121094 -2.2053630352020264
479.3874206542969 432.0259704589844 -2.514446973800659
479.3874206542969 432.0259704589844 -2.1144468784332275
478.8052978515625 431.3323059082031 -2.4235308170318604
478.8052978515625 431.3323059082031 -2.0235307216644287
478.28857421875 430.5886535644531 -2.3326146602630615
478.28857421875 430.5886535644531 -1.9326146841049194
477.84149169921875 429.8011779785156 -2.2416985034942627
477.1760559082031 429.18701171875 -2.5507824420928955
477.1760559082031 429.18701171875 -2.150782346725464
476.5691223144531 428.51495361328125 -2.4598662853240967
476.5691223144531 428.51495361328125 -2.059866189956665
476.0257263183594 427.79058837890625 -2.368950128555298
476.0257263183594 427.79058837890625 -1.9689501523971558
475.5503234863281 427.0198669433594 -2.278033971786499
472.9513854980469 423.9792175292969 -2.278033971786499
472.2640686035156 423.3896179199219 -2.587117910385132
472.2640686035156 423.3896179199219 -2.1871178150177
471.63311767578125 422.74005126953125 -2.496201753616333
471.63311767578125 422.74005126953125 -2.0962016582489014
471.0637512207031 422.035888671875 -2.405285596847534
471.0637512207031 422.035888671875 -2.0052855014801025
470.5606689453125 421.282958984375 -2.3143694400787354
469.8523864746094 420.7187194824219 -2.623453378677368
469.8523864746094 420.7187194824219 -2.2234532833099365
469.1982727050781 420.0924987792969 -2.5325372219085693
469.1982727050781 420.0924987792969 -2.1325371265411377
468.60369873046875 419.40948486328125 -2.4416210651397705
468.60369873046875 419.40948486328125 -2.041620969772339
468.0736083984375 418.6753234863281 -2.3507049083709717
467.3453063964844 418.13720703125 -2.6597888469696045
467.3453063964844 418.13720703125 -2.259788751602173
466.6688537597656 417.5351867675781 -2.5688726902008057
466.6688537597656 417.5351867675781 -2.168872594833374
466.04986572265625 416.8742370605469 -2.477956533432007
466.04986572265625 416.8742370605469 -2.077956438064575
465.4934387207031 416.1598205566406 -2.387040376663208
465.4934387207031 416.1598205566406 -1.987040400505066
465.0041809082031 415.3978271484375 -2.296124219894409
464.3063049316406 414.8207702636719 -2.605208158493042
464.3063049316406 414.8207702636719 -2.2052080631256104
463.6637268066406 414.1827392578125 -2.514292001724243
463.6637268066406 414.1827392578125 -2.1142919063568115
463.08172607421875 413.4889831542969 -2.4233758449554443
460.0697937011719 410.8568115234375 -2.4233758449554443
457.057861328125 408.2246398925781 -2.4233758449554443
454.0459289550781 405.59246826171875 -2.4233758449554443
451.03399658203125 402.9602966308594 -2.4233758449554443
450.2685546875 402.4764709472656 -2.732459783554077
450.2685546875 402.4764709472656 -2.3324596881866455
449.5502014160156 401.9251403808594 -2.6415436267852783
449.5502014160156 401.9251403808594 -2.2415435314178467
448.8848571777344 401.3108825683594 -2.5506274700164795
448.8848571777344 401.3108825683594 -2.150627374649048
448.2780456542969 400.63873291015625 -2.4597113132476807
445.1724853515625 398.1177062988281 -2.4597113132476807
444.38995361328125 397.6620178222656 -2.7687952518463135
444.38995361328125 397.6620178222656 -2.368795156478882
443.65203857421875 397.13714599609375 -2.6778790950775146
443.65203857421875 397.13714599609375 -2.277878999710083
442.9648132324219 396.5474548339844 -2.586962938308716
442.9648132324219 396.5474548339844 -2.186962842941284
442.333984375 395.8977966308594 -2.496046781539917
439.1388854980469 393.49127197265625 -2.496046781539917
435.94378662109375 391.0847473144531 -2.496046781539917
435.1452331542969 390.65777587890625 -2.80513072013855
435.1452331542969 390.65777587890625 -2.405130624771118
434.38873291015625 390.1600646972656 -2.714214563369751
434.38873291015625 390.1600646972656 -2.3142144680023193
433.6805419921875 389.5957336425781 -2.623298406600952
433.6805419921875 389.5957336425781 -2.2232983112335205
433.0265197753906 388.96942138671875 -2.5323822498321533
429.7461242675781 386.6805419921875 -2.5323822498321533
426.4657287597656 384.39166259765625 -2.5323822498321533
425.6521911621094 383.9939880371094 -2.841466188430786
425.6521911621094 383.9939880371094 -2.4414660930633545
424.87811279296875 383.5240783691406 -2.7505500316619873
424.87811279296875 383.5240783691406 -2.3505499362945557
424.14990234375 382.98583984375 -2.6596338748931885
424.14990234375 382.98583984375 -2.259633779525757
423.4735412597656 382.3836975097656 -2.5687177181243896
420.1121520996094 380.2154846191406 -2.5687177181243896
416.7507629394531 378.0472717285156 -2.5687177181243896
413.3893737792969 375.8790588378906 -2.5687177181243896
412.5619201660156 375.5111999511719 -2.8778016567230225
412.5619201660156 375.5111999511719 -2.477801561355591
411.7712707519531 375.0697326660156 -2.7868854999542236
411.7712707519531 375.0697326660156 -2.386885404586792
411.02398681640625 374.55828857421875 -2.695969343185425
411.02398681640625 374.55828857421875 -2.295969247817993
410.3262023925781 373.9811096191406 -2.605053186416626
406.8882751464844 371.93646240234375 -2.605053186416626
403.4503479003906 369.8918151855469 -2.605053186416626
400.0124206542969 367.84716796875 -2.605053186416626
396.5744934082031 365.8025207519531 -2.605053186416626
393.1365661621094 363.75787353515625 -2.605053186416626
389.6986389160156 361.7132263183594 -2.605053186416626
386.2607116699219 359.6685791015625 -2.605053186416626
382.8227844238281 357.6239318847656 -2.605053186416626
379.3848571777344 355.57928466796875 -2.605053186416626
375.9469299316406 353.5346374511719 -2.605053186416626
372.5090026855469 351.489990234375 -2.605053186416626
369.0710754394531 349.4453430175781 -2.605053186416626
368.2308044433594 349.1077880859375 -2.914137125015259
368.2308044433594 349.1077880859375 -2.514137029647827
367.4246520996094 348.6953125 -2.82322096824646
367.4246520996094 348.6953125 -2.4232208728790283
366.6592712402344 348.21136474609375 -2.732304811477661
366.6592712402344 348.21136474609375 -2.3323047161102295
365.94097900390625 347.659912109375 -2.6413886547088623
362.4310302734375 345.7414855957031 -2.6413886547088623
358.92108154296875 343.82305908203125 -2.6413886547088623
355.4111328125 341.9046325683594 -2.6413886547088623
351.90118408203125 339.9862060546875 -2.6413886547088623
348.3912353515625 338.0677795410156 -2.6413886547088623
344.88128662109375 336.14935302734375 -2.6413886547088623
341.371337890625 334.2309265136719 -2.6413886547088623
337.86138916015625 332.3125 -2.6413886547088623
334.3514404296875 330.3940734863281 -2.6413886547088623
330.84149169921875 328.47564697265625 -2.6413886547088623
327.33154296875 326.5572204589844 -2.6413886547088623
323.82159423828125 324.6387939453125 -2.6413886547088623
320.3116455078125 322.7203674316406 -2.6413886547088623
316.80169677734375 320.80194091796875 -2.6413886547088623
313.291748046875 318.8835144042969 -2.6413886547088623
309.78179931640625 316.965087890625 -2.6413886547088623
306.2718505859375 315.0466613769531 -2.6413886547088623
302.76190185546875 313.12823486328125 -2.6413886547088623
299.251953125 311.2098083496094 -2.6413886547088623
295.74200439453125 309.2913818359375 -2.6413886547088623
292.2320556640625 307.3729553222656 -2.6413886547088623
288.72210693359375 305.45452880859375 -2.6413886547088623
285.212158203125 303.5361022949219 -2.6413886547088623
281.70220947265625 301.61767578125 -2.6413886547088623
278.1922607421875 299.6992492675781 -2.6413886547088623
274.68231201171875 297.78082275390625 -2.6413886547088623
271.17236328125 295.8623962402344 -2.6413886547088623
267.66241455078125 293.9439697265625 -2.6413886547088623
264.1524658203125 292.0255432128906 -2.6413886547088623
260.64251708984375 290.10711669921875 -2.6413886547088623
260.64251708984375 290.10711669921875 -2.2413885593414307
259.9772644042969 289.49273681640625 -2.5504724979400635
259.9772644042969 289.49273681640625 -2.150472402572632
259.37054443359375 288.82049560546875 -2.4595563411712646
259.37054443359375 288.82049560546875 -2.059556245803833
258.8273620605469 288.095947265625 -2.368640184402466
258.0895080566406 287.5709533691406 -2.6777241230010986
258.0895080566406 287.5709533691406 -2.277724027633667
257.4023742675781 286.98114013671875 -2.5868079662323
257.4023742675781 286.98114013671875 -2.186807870864868
256.7716369628906 286.3313903808594 -2.495891809463501
256.7716369628906 286.3313903808594 -2.0958917140960693
256.2024841308594 285.6270446777344 -2.404975652694702
256.2024841308594 285.6270446777344 -2.0049755573272705
255.6996307373047 284.8739318847656 -2.3140594959259033
254.9915313720703 284.3094787597656 -2.623143434524536
254.9915313720703 284.3094787597656 -2.2231433391571045
254.3376007080078 283.6830749511719 -2.5322272777557373
254.3376007080078 283.6830749511719 -2.1322271823883057
253.7432403564453 282.9998779296875 -2.4413111209869385
253.7432403564453 282.9998779296875 -2.041311025619507
253.21336364746094 282.2655334472656 -2.3503949642181396
253.21336364746094 282.2655334472656 -1.9503949880599976
252.75234985351562 281.4861145019531 -2.259478807449341
252.75234985351562 281.4861145019531 -1.8594788312911987
252.36399841308594 280.6680603027344 -2.168562650680542
251.74520874023438 280.00689697265625 -2.477646589279175
251.74520874023438 280.00689697265625 -2.077646493911743
251.1890106201172 279.29229736328125 -2.386730432510376
251.1890106201172 279.29229736328125 -1.9867304563522339
250.69998168945312 278.5301513671875 -2.295814275741577
250.69998168945312 278.5301513671875 -1.895814299583435
250.28216552734375 277.72674560546875 -2.2048981189727783
250.28216552734375 277.72674560546875 -1.8048981428146362
249.93902587890625 276.88873291015625 -2.1139819622039795
249.93902587890625 276.88873291015625 -1.7139819860458374
249.6733856201172 276.02301025390625 -2.0230658054351807
249.15699768066406 275.2791442871094 -2.3321497440338135
249.15699768066406 275.2791442871094 -1.9321497678756714
248.7102813720703 274.491455078125 -2.2412335872650146
248.7102813720703 274.491455078125 -1.8412336111068726
248.33692932128906 273.6664733886719 -2.150317430496216
248.33692932128906 273.6664733886719 -1.7503174543380737
248.04000854492188 272.81097412109375 -2.059401273727417
248.04000854492188 272.81097412109375 -1.659401297569275
247.82199096679688 271.93206787109375 -1.9684851169586182
247.34695434570312 271.1611328125 -2.277569055557251
247.34695434570312 271.1611328125 -1.8775690793991089
247.34695434570312 271.1611328125 -1.4775691032409668
247.29147338867188 270.2572937011719 -1.7866530418395996
246.96368408203125 269.41314697265625 -2.0957369804382324
246.96368408203125 269.41314697265625 -1.6957370042800903
246.71388244628906 268.542724609375 -2.0048208236694336
246.71388244628906 268.542724609375 -1.6048208475112915
246.5441436767578 267.6532287597656 -1.9139046669006348
246.5441436767578 267.6532287597656 -1.5139046907424927
246.4558563232422 266.7519836425781 -1.822988510131836
246.4558563232422 266.7519836425781 -1.4229885339736938
246.4497528076172 265.8464660644531 -1.732072353363037
246.4497528076172 265.8464660644531 -1.332072377204895
246.52589416503906 264.9441223144531 -1.6411561965942383
246.52589416503906 264.9441223144531 -1.2411562204360962
246.6836395263672 264.05242919921875 -1.5502400398254395
246.5626678466797 263.1549987792969 -1.8593239784240723
246.5626678466797 263.1549987792969 -1.4593240022659302
246.523681640625 262.25030517578125 -1.7684078216552734
246.523681640625 262.25030517578125 -1.3684078454971313
246.56698608398438 261.3457946777344 -1.6774916648864746
246.56698608398438 261.3457946777344 -1.2774916887283325
246.69224548339844 260.4489440917969 -1.5865755081176758
246.69224548339844 260.4489440917969 -1.1865755319595337
246.89840698242188 259.5671691894531 -1.495659351348877
247.19866943359375 255.57846069335938 -1.495659351348877
247.49893188476562 251.58975219726562 -1.495659351348877
247.7991943359375 247.60104370117188 -1.495659351348877
248.09945678710938 243.61233520507812 -1.495659351348877
248.39971923828125 239.62362670898438 -1.495659351348877
248.69998168945312 235.63491821289062 -1.495659351348877
249.000244140625 231.64620971679688 -1.495659351348877
249.30050659179688 227.65750122070312 -1.495659351348877
249.60076904296875 223.66879272460938 -1.495659351348877
249.90103149414062 219.68008422851562 -1.495659351348877
250.2012939453125 215.69137573242188 -1.495659351348877
250.2012939453125 215.69137573242188 -1.0956593751907349
250.2012939453125 215.69137573242188 -0.6956593990325928
250.2012939453125 215.69137573242188 -0.2956593930721283
254.02774047851562 214.52589416503906 -0.2956593930721283
257.85418701171875 213.36041259765625 -0.2956593930721283
261.6806335449219 212.19493103027344 -0.2956593930721283
265.507080078125 211.02944946289062 -0.2956593930721283
269.3335266113281 209.8639678955078 -0.2956593930721283
273.15997314453125 208.698486328125 -0.2956593930721283
276.9864196777344 207.5330047607422 -0.2956593930721283
280.8128662109375 206.36752319335938 -0.2956593930721283
284.6393127441406 205.20204162597656 -0.2956593930721283
288.46575927734375 204.03656005859375 -0.2956593930721283
292.2922058105469 202.87107849121094 -0.2956593930721283
296.11865234375 201.70559692382812 -0.2956593930721283
299.9450988769531 200.5401153564453 -0.2956593930721283
303.77154541015625 199.3746337890625 -0.2956593930721283
307.5979919433594 198.2091522216797 -0.2956593930721283
311.4244384765625 197.04367065429688 -0.2956593930721283
315.2508850097656 195.87818908691406 -0.2956593930721283
319.07733154296875 194.71270751953125 -0.2956593930721283
322.9037780761719 193.54722595214844 -0.2956593930721283
326.730224609375 192.38174438476562 -0.2956593930721283
330.5566711425781 191.2162628173828 -0.2956593930721283
334.38311767578125 190.05078125 -0.2956593930721283
338.2095642089844 188.8852996826172 -0.2956593930721283
342.0360107421875 187.71981811523438 -0.2956593930721283
345.8624572753906 186.55433654785156 -0.2956593930721283
349.68890380859375 185.38885498046875 -0.2956593930721283
353.5153503417969 184.22337341308594 -0.2956593930721283
357.341796875 183.05789184570312 -0.2956593930721283
361.1682434082031 181.8924102783203 -0.2956593930721283
364.99468994140625 180.7269287109375 -0.2956593930721283
368.8211364746094 179.5614471435547 -0.2956593930721283
372.6475830078125 178.39596557617188 -0.2956593930721283
376.4740295410156 177.23048400878906 -0.2956593930721283
380.30047607421875 176.06500244140625 -0.2956593930721283
384.1269226074219 174.89952087402344 -0.2956593930721283
387.953369140625 173.73403930664062 -0.2956593930721283
391.7798156738281 172.5685577392578 -0.2956593930721283
395.60626220703125 171.403076171875 -0.2956593930721283
399.4327087402344 170.2375946044922 -0.2956593930721283
403.2591552734375 169.07211303710938 -0.2956593930721283
407.0856018066406 167.90663146972656 -0.2956593930721283
410.91204833984375 166.74114990234375 -0.2956593930721283
414.7384948730469 165.57566833496094 -0.2956593930721283
418.56494140625 164.41018676757812 -0.2956593930721283
422.3913879394531 163.2447052001953 -0.2956593930721283
426.21783447265625 162.0792236328125 -0.2956593930721283
430.0442810058594 160.9137420654297 -0.2956593930721283
433.8707275390625 159.74826049804688 -0.2956593930721283
437.6971740722656 158.58277893066406 -0.2956593930721283
441.52362060546875 157.41729736328125 -0.2956593930721283
445.3500671386719 156.25181579589844 -0.2956593930721283
449.176513671875 155.08633422851562 -0.2956593930721283
453.0029602050781 153.9208526611328 -0.2956593930721283
456.82940673828125 152.75537109375 -0.2956593930721283
460.6558532714844 151.5898895263672 -0.2956593930721283
464.4822998046875 150.42440795898438 -0.2956593930721283
468.3087463378906 149.25892639160156 -0.2956593930721283
472.13519287109375 148.09344482421875 -0.2956593930721283
475.9616394042969 146.92796325683594 -0.2956593930721283
479.7880859375 145.76248168945312 -0.2956593930721283
483.6145324707031 144.5970001220703 -0.2956593930721283
487.44097900390625 143.4315185546875 -0.2956593930721283
491.2674255371094 142.2660369873047 -0.2956593930721283
495.0938720703125 141.10055541992188 -0.2956593930721283
498.9203186035156 139.93507385253906 -0.2956593930721283
502.74676513671875 138.76959228515625 -0.2956593930721283
506.5732116699219 137.60411071777344 -0.2956593930721283
510.399658203125 136.43862915039062 -0.2956593930721283
514.22607421875 135.2731475830078 -0.2956593930721283
515.0414428710938 134.8790740966797 -0.6047369241714478
515.6982421875 134.2556915283203 -0.9138208031654358
516.1343383789062 133.46205139160156 -1.2229046821594238
517.4979858398438 129.70167541503906 -1.2229046821594238
518.8616333007812 125.94129943847656 -1.2229046821594238
519.7864379882812 122.9825439453125 -1.312808871269226
520.8070068359375 119.11492156982422 -1.312808871269226
521.8275756835938 115.24729919433594 -1.312808871269226
522.84814453125 111.37967681884766 -1.312808871269226
522.942626953125 110.47261047363281 -1.6212491989135742
522.7409057617188 106.47769927978516 -1.6212491989135742
522.5391845703125 102.4827880859375 -1.6212491989135742
522.3374633789062 98.48787689208984 -1.6212491989135742
522.1357421875 94.49296569824219 -1.6212491989135742
521.9340209960938 90.49805450439453 -1.6212491989135742
521.7322998046875 86.50314331054688 -1.6212491989135742
521.5305786132812 82.50823211669922 -1.6212491989135742
521.328857421875 78.51332092285156 -1.6212491989135742
521.1271362304688 74.5184097290039 -1.6212491989135742
520.9428100585938 73.63182067871094 -1.930333137512207
520.4974975585938 72.84332275390625 -2.23941707611084
519.8334350585938 72.2276382446289 -2.5485010147094727
519.0136108398438 71.8431167602539 -2.8575849533081055
518.1156616210938 71.72620391845703 3.116516351699829
514.116943359375 71.82649993896484 3.116516351699829
510.1181945800781 71.92679595947266 3.116516351699829
506.11944580078125 72.02709197998047 3.116516351699829
502.1206970214844 72.12738800048828 3.116516351699829
498.1219482421875 72.2276840209961 3.116516351699829
494.1231994628906 72.3279800415039 3.116516351699829
490.12445068359375 72.42827606201172 3.116516351699829
486.1257019042969 72.52857208251953 3.116516351699829
482.126953125 72.62886810302734 3.116516351699829
478.1282043457031 72.72916412353516 3.116516351699829
474.12945556640625 72.82946014404297 3.116516351699829
470.1307067871094 72.92975616455078 3.116516351699829
466.1319580078125 73.0300521850586 3.116516351699829
465.6900939941406 72.962158203125 -2.811609983444214
464.7984619140625 72.8041000366211 -3.1206939220428467
460.7993469238281 72.72051239013672 -3.1206939220428467
456.80023193359375 72.63692474365234 -3.1206939220428467
452.8011169433594 72.55333709716797 -3.1206939220428467
448.802001953125 72.4697494506836 -3.1206939220428467
444.8028869628906 72.38616180419922 -3.1206939220428467
440.80377197265625 72.30257415771484 -3.1206939220428467
436.8046569824219 72.21898651123047 -3.1206939220428467
432.8055419921875 72.1353988647461 -3.1206939220428467
428.8064270019531 72.05181121826172 -3.1206939220428467
424.80731201171875 71.96822357177734 -3.1206939220428467
420.8081970214844 71.88463592529297 -3.1206939220428467
416.80908203125 71.8010482788086 -3.1206939220428467
412.8099670410156 71.71746063232422 -3.1206939220428467
412.8099670410156 71.71746063232422 -2.720693826675415
412.8099670410156 71.71746063232422 -2.3206937313079834
412.09814453125 71.15771484375 -2.629777669906616
412.09814453125 71.15771484375 -2.2297775745391846
411.4400634765625 70.53565979003906 -2.5388615131378174
411.4400634765625 70.53565979003906 -2.1388614177703857
410.8411865234375 69.8564224243164 -2.4479453563690186
410.0640869140625 69.39154052734375 -2.7570292949676514
410.0640869140625 69.39154052734375 -2.3570291996002197
409.3323974609375 68.85802459716797 -2.6661131381988525
409.3323974609375 68.85802459716797 -2.266113042831421
408.65216064453125 68.26028442382812 -2.5751969814300537
408.65216064453125 68.26028442382812 -2.175196886062622
408.02899169921875 67.6032485961914 -2.484280824661255
407.2355041503906 67.16690826416016 -2.7933647632598877
407.2355041503906 67.16690826416016 -2.393364667892456
406.48492431640625 66.66032409667969 -2.702448606491089
406.48492431640625 66.66032409667969 -2.3024485111236572
405.7834167480469 66.08768463134766 -2.61153244972229
404.94097900390625 65.75556945800781 -2.920616388320923
404.94097900390625 65.75556945800781 -2.520616292953491
404.1321716308594 65.34834289550781 -2.829700231552124
404.1321716308594 65.34834289550781 -2.4297001361846924
403.3636779785156 64.8693618774414 -2.738784074783325
403.3636779785156 64.8693618774414 -2.3387839794158936
402.641845703125 64.32258605957031 -2.6478679180145264
401.78790283203125 64.02129364013672 -2.956951856613159
401.78790283203125 64.02129364013672 -2.5569517612457275
400.96484375 63.643714904785156 -2.8660356998443604
400.96484375 63.643714904785156 -2.4660356044769287
400.179443359375 63.192970275878906 -2.7751195430755615
400.179443359375 63.192970275878906 -2.37511944770813
399.4382019042969 62.67277908325195 -2.6842033863067627
398.5738525390625 62.4027099609375 -2.9932873249053955
398.5738525390625 62.4027099609375 -2.593287229537964
397.73760986328125 62.05528259277344 -2.9023711681365967
397.73760986328125 62.05528259277344 -2.502371072769165
396.9363708496094 61.633365631103516 -2.811455011367798
396.9363708496094 61.633365631103516 -2.411454916000366
396.1767272949219 61.140445709228516 -2.720538854598999
395.30316162109375 60.901954650878906 -3.029622793197632
395.30316162109375 60.901954650878906 -2.6296226978302
394.454833984375 60.58513641357422 -2.938706636428833
394.454833984375 60.58513641357422 -2.5387065410614014
393.6387939453125 60.192604064941406 -2.847790479660034
393.6387939453125 60.192604064941406 -2.4477903842926025
392.86175537109375 59.727603912353516 -2.7568743228912354
391.97906494140625 59.52070999145508 -3.065850257873535
391.97906494140625 59.52070999145508 -2.6658501625061035
391.1198425292969 59.234825134277344 -2.9749341011047363
391.1198425292969 59.234825134277344 -2.5749340057373047
390.29010009765625 58.872108459472656 -2.8840179443359375
390.29010009765625 58.872108459472656 -2.484017848968506
389.4967346191406 58.4355583190918 -2.7931017875671387
389.4967346191406 58.4355583190918 -2.393101692199707
388.74627685546875 57.92877960205078 -2.70218563079834
387.8772277832031 57.67429733276367 -3.0112695693969727
387.8772277832031 57.67429733276367 -2.611269474029541
387.0348815917969 57.34196090698242 -2.920353412628174
387.0348815917969 57.34196090698242 -2.520353317260742
386.2261657714844 56.93452072143555 -2.829437255859375
386.2261657714844 56.93452072143555 -2.4294371604919434
385.4577941894531 56.45533752441406 -2.738521099090576
384.580078125 56.23259353637695 -3.047605037689209
384.580078125 56.23259353637695 -2.6476049423217773
383.7261962890625 55.93107986450195 -2.95668888092041
383.7261962890625 55.93107986450195 -2.5566887855529785
382.9032287597656 55.553287506103516 -2.8657727241516113
382.9032287597656 55.553287506103516 -2.4657726287841797
382.1179504394531 55.10233688354492 -2.7748565673828125
381.23272705078125 54.911624908447266 -3.0839405059814453
381.23272705078125 54.911624908447266 -2.6839404106140137
380.36846923828125 54.641326904296875 -2.9930243492126465
380.36846923828125 54.641326904296875 -2.593024253845215
379.5323181152344 54.293678283691406 -2.9021081924438477
379.5323181152344 54.293678283691406 -2.502108097076416
378.7311706542969 53.871551513671875 -2.811192035675049
377.839599609375 53.7131233215332 -3.1202759742736816
377.839599609375 53.7131233215332 -2.72027587890625
376.9660949707031 53.474403381347656 -3.029359817504883
376.9660949707031 53.474403381347656 -2.629359722137451
376.11785888671875 53.1573600769043 -2.938443660736084
376.11785888671875 53.1573600769043 -2.5384435653686523
375.3019104003906 52.76461410522461 -2.847527503967285
374.4051513671875 52.63867950439453 3.1265738010406494
374.4051513671875 52.63867950439453 -2.7566113471984863
373.5235290527344 52.431846618652344 -3.065695285797119
373.5235290527344 52.431846618652344 -2.6656951904296875
372.6643371582031 52.14582824707031 -2.9747791290283203
372.6643371582031 52.14582824707031 -2.5747790336608887
371.83465576171875 51.782981872558594 -2.8838629722595215
370.9339294433594 51.68970489501953 3.090238332748413
370.9339294433594 51.68970489501953 -2.7929468154907227
370.0453796386719 51.515037536621094 -3.1020307540893555
370.0453796386719 51.515037536621094 -2.702030658721924
369.1763610839844 51.26041793823242 -3.0111145973205566
369.1763610839844 51.26041793823242 -2.611114501953125
368.33404541015625 50.92795181274414 -2.920198440551758
367.4305114746094 50.86745834350586 3.0539028644561768
367.4305114746094 50.86745834350586 -2.829282283782959
366.5362243652344 50.72518539428711 -3.138366222381592
366.5362243652344 50.72518539428711 -2.73836612701416
365.6585388183594 50.50230407714844 -3.047450065612793
365.6585388183594 50.50230407714844 -2.6474499702453613
364.8047180175781 50.20065689086914 -2.956533908843994
363.89959716796875 50.17302703857422 3.0175673961639404
363.89959716796875 50.17302703857422 -2.8656177520751953
363.000732421875 50.06333541870117 3.1084835529327393
363.000732421875 50.06333541870117 -2.7747015953063965
362.11553955078125 49.87248611450195 -3.0837855339050293
362.11553955078125 49.87248611450195 -2.6837854385375977
361.2513122558594 49.602054595947266 -2.9928693771362305
360.3457946777344 49.607322692871094 2.981231927871704
360.3457946777344 49.607322692871094 -2.9019532203674316
359.4435119628906 49.530357360839844 3.072148084640503
359.4435119628906 49.530357360839844 -2.811037063598633
358.5519714355469 49.37179183959961 -3.1201210021972656
358.5519714355469 49.37179183959961 -2.720120906829834
357.6784973144531 49.1329345703125 -3.029204845428467
356.77374267578125 49.17109680175781 2.9448964595794678
356.77374267578125 49.17109680175781 -2.938288688659668
355.8692626953125 49.126956939697266 3.0358126163482666
355.8692626953125 49.126956939697266 -2.847372531890869
354.9725341796875 49.00088119506836 3.1267287731170654
354.9725341796875 49.00088119506836 -2.7564563751220703
354.0909423828125 48.793914794921875 -3.065540313720703
354.0909423828125 48.793914794921875 -2.6655402183532715
353.2318115234375 48.50776290893555 -2.9746241569519043
352.3263244628906 48.49650955200195 2.9994771480560303
352.3263244628906 48.49650955200195 -2.8837080001831055
351.42559814453125 48.40309524536133 3.090393304824829
351.42559814453125 48.40309524536133 -2.7927918434143066
350.5370788574219 48.22829055786133 -3.1018757820129395
350.5370788574219 48.22829055786133 -2.701875686645508
349.6680908203125 47.97353744506836 -3.0109596252441406
348.7628173828125 47.99518585205078 2.963141679763794
348.7628173828125 47.99518585205078 -2.920043468475342
347.85931396484375 47.93455505371094 3.0540578365325928
347.85931396484375 47.93455505371094 -2.829127311706543
346.96502685546875 47.79214096069336 -3.138211250305176
346.96502685546875 47.79214096069336 -2.738211154937744
346.0873718261719 47.569122314453125 -3.047295093536377
345.1834716796875 47.62364196777344 2.9268062114715576
345.1834716796875 47.62364196777344 -2.956378936767578
344.2783508300781 47.59587097167969 3.0177223682403564
344.2783508300781 47.59587097167969 -2.8654627799987793
343.3794860839844 47.48603820800781 3.1086385250091553
343.3794860839844 47.48603820800781 -2.7745466232299805
342.49432373046875 47.29505157470703 -3.0836305618286133
341.5929870605469 47.38237380981445 2.8904707431793213
341.5929870605469 47.38237380981445 -2.9927144050598145
340.6874694824219 47.38750076293945 2.98138689994812
340.6874694824219 47.38750076293945 -2.9017982482910156
339.78521728515625 47.310394287109375 3.072303056716919
339.78521728515625 47.310394287109375 -2.810882091522217
338.8936767578125 47.15168762207031 -3.1199660301208496
337.9960632324219 47.271697998046875 2.854140281677246
337.9960632324219 47.271697998046875 -3.0290448665618896
337.09130859375 47.309715270996094 2.945056438446045
337.09130859375 47.309715270996094 -2.938128709793091
336.1868591308594 47.26543045043945 3.0359725952148438
336.1868591308594 47.26543045043945 -2.847212553024292
335.2901611328125 47.13921356201172 3.1268887519836426
335.2901611328125 47.13921356201172 -2.756296396255493
334.40863037109375 46.932106018066406 -3.065380334854126
333.505859375 47.00296401977539 2.9087209701538086
333.505859375 47.00296401977539 -2.974464178085327
332.6003723144531 46.9915657043457 2.9996371269226074
332.6003723144531 46.9915657043457 -2.8835480213165283
331.6996765136719 46.898006439208984 3.0905532836914062
331.6996765136719 46.898006439208984 -2.7926318645477295
330.8111877441406 46.72305679321289 -3.1017158031463623
329.9115905761719 46.826663970947266 2.8723855018615723
329.9115905761719 46.826663970947266 -3.0107996463775635
329.00628662109375 46.848167419433594 2.963301658630371
329.00628662109375 46.848167419433594 -2.9198834896087646
328.102783203125 46.787391662597656 3.05421781539917
328.102783203125 46.787391662597656 -2.828967332839966
327.2085266113281 46.64483642578125 -3.1380512714385986
326.31329345703125 46.78105545043945 2.836050033569336
326.31329345703125 46.78105545043945 -3.0471351146698
325.4093933105469 46.83543014526367 2.9269661903381348
325.4093933105469 46.83543014526367 -2.956218957901001
324.5042724609375 46.80751419067383 3.0178823471069336
324.5042724609375 46.80751419067383 -2.865302801132202
323.6054382324219 46.69753646850586 3.1087985038757324
323.6054382324219 46.69753646850586 -2.7743866443634033
322.7203063964844 46.50640869140625 -3.083470582962036
321.8189697265625 46.59358596801758 2.8906307220458984
321.8189697265625 46.59358596801758 -2.9925544261932373
320.9134216308594 46.598567962646484 2.9815468788146973
320.9134216308594 46.598567962646484 -2.9016382694244385
320.01116943359375 46.52131652832031 3.072463035583496
320.01116943359375 46.52131652832031 -2.8107221126556396
319.1196594238281 46.36246871948242 -3.1198060512542725
318.2220764160156 46.482330322265625 2.854295253753662
318.2220764160156 46.482330322265625 -3.0288898944854736
317.31732177734375 46.520206451416016 2.945211410522461
317.31732177734375 46.520206451416016 -2.937973737716675
316.4128723144531 46.47578430175781 3.0361275672912598
316.4128723144531 46.47578430175781 -2.847057580947876
315.51617431640625 46.34942626953125 3.1270437240600586
314.62353515625 46.50181579589844 2.817959785461426
314.62353515625 46.50181579589844 -3.06522536277771
313.72076416015625 46.572532653808594 2.9088759422302246
313.72076416015625 46.572532653808594 -2.974309206008911
312.8152770996094 46.56099319458008 2.9997920989990234
312.8152770996094 46.56099319458008 -2.8833930492401123
311.9145812988281 46.46729278564453 3.0907082557678223
311.028076171875 46.65201187133789 2.7816243171691895
311.028076171875 46.65201187133789 -3.1015608310699463
310.1284484863281 46.75547790527344 2.8725404739379883
310.1284484863281 46.75547790527344 -3.0106446743011475
309.22314453125 46.77684020996094 2.963456630706787
309.22314453125 46.77684020996094 -2.9197285175323486
308.31964111328125 46.71592330932617 3.054372787475586
307.44036865234375 46.932735443115234 2.745295286178589
307.44036865234375 46.932735443115234 -3.137889862060547
306.54510498046875 47.068809509277344 2.8362114429473877
306.54510498046875 47.068809509277344 -3.046973705291748
305.64117431640625 47.12303924560547 2.9271275997161865
305.64117431640625 47.12303924560547 -2.956057548522949
304.7360534667969 47.09497833251953 3.0180437564849854
304.7360534667969 47.09497833251953 -2.8651413917541504
303.83721923828125 46.98485565185547 3.108959913253784
302.9474792480469 47.15336227416992 2.7998759746551514
302.9474792480469 47.15336227416992 -3.0833091735839844
302.0461120605469 47.240394592285156 2.89079213142395
302.0461120605469 47.240394592285156 -2.9923930168151855
301.14056396484375 47.24523162841797 2.981708288192749
301.14056396484375 47.24523162841797 -2.9014768600463867
300.23834228515625 47.1678352355957 3.072624444961548
299.3553161621094 47.368553161621094 2.763540506362915
299.3553161621094 47.368553161621094 -3.1196446418762207
298.4577331542969 47.48827362060547 2.854456663131714
298.4577331542969 47.48827362060547 -3.028728485107422
297.552978515625 47.526004791259766 2.9453728199005127
297.552978515625 47.526004791259766 -2.937812328338623
296.6485290527344 47.4814338684082 3.0362889766693115
295.76434326171875 47.716060638427734 2.7281293869018555
295.76434326171875 47.716060638427734 3.128129482269287
294.8715515136719 47.86748123168945 2.8190455436706543
294.8715515136719 47.86748123168945 -3.0641396045684814
293.96868896484375 47.93722152709961 2.909961700439453
293.96868896484375 47.93722152709961 -2.9732234477996826
293.063232421875 47.92470169067383 3.000877857208252
293.063232421875 47.92470169067383 -2.882307291030884
292.16265869140625 47.83002471923828 3.091794013977051
291.27593994140625 48.01377868652344 2.782710075378418
291.27593994140625 48.01377868652344 -3.1004750728607178
290.376220703125 48.116268157958984 2.873626232147217
290.376220703125 48.116268157958984 -3.009558916091919
289.4709167480469 48.13665008544922 2.9645423889160156
289.4709167480469 48.13665008544922 -2.91864275932312
288.5674743652344 48.07475280761719 3.0554585456848145
287.6880187988281 48.29059982299805 2.7463746070861816
287.6880187988281 48.29059982299805 -3.136810541152954
286.7926025390625 48.42570877075195 2.8372907638549805
286.7926025390625 48.42570877075195 -3.0458943843841553
285.88861083984375 48.47896194458008 2.9282069206237793
285.88861083984375 48.47896194458008 -2.9549782276153564
284.9835205078125 48.44992446899414 3.019123077392578
281.01348876953125 48.93857955932617 3.019123077392578
277.04345703125 49.4272346496582 3.019123077392578
276.17236328125 49.67490005493164 2.710045576095581
276.17236328125 49.67490005493164 3.1100456714630127
275.2824401855469 49.84244155883789 2.80096173286438
275.2824401855469 49.84244155883789 -3.082223415374756
274.3809814453125 49.92849349975586 2.8918778896331787
274.3809814453125 49.92849349975586 -2.991307258605957
273.4754333496094 49.93234634399414 2.9827940464019775
269.5257568359375 50.56487274169922 2.9827940464019775
265.5760803222656 51.1973991394043 2.9827940464019775
261.62640380859375 51.829925537109375 2.9827940464019775
257.6767272949219 52.46245193481445 2.9827940464019775
253.72705078125 53.09497833251953 2.9827940464019775
249.77737426757812 53.72750473022461 2.9827940464019775
245.82769775390625 54.36003112792969 2.9827940464019775
241.87802124023438 54.992557525634766 2.9827940464019775
237.9283447265625 55.625083923339844 2.9827940464019775
233.97866821289062 56.25761032104492 2.9827940464019775
230.02899169921875 56.89013671875 2.9827940464019775
226.07931518554688 57.52266311645508 2.9827940464019775
222.129638671875 58.155189514160156 2.9827940464019775
218.17996215820312 58.787715911865234 2.9827940464019775
214.23028564453125 59.42024230957031 2.9827940464019775
210.28060913085938 60.05276870727539 2.9827940464019775
206.3309326171875 60.68529510498047 2.9827940464019775
206.3309326171875 60.68529510498047 -2.900391101837158
205.4287872314453 60.60691833496094 3.0737102031707764
201.43800354003906 60.878238677978516 3.0737102031707764
197.4472198486328 61.149559020996094 3.0737102031707764
193.45643615722656 61.42087936401367 3.0737102031707764
189.4656524658203 61.69219970703125 3.0737102031707764
185.47486877441406 61.96352005004883 3.0737102031707764
181.4840850830078 62.234840393066406 3.0737102031707764
177.49330139160156 62.506160736083984 3.0737102031707764
173.5025177001953 62.77748107910156 3.0737102031707764
169.51173400878906 63.04880142211914 3.0737102031707764
169.51173400878906 63.04880142211914 -2.8094749450683594
168.62042236328125 62.88884353637695 -3.118558883666992
167.6964111328125 63.009822845458984 2.858182430267334
167.6964111328125 63.009822845458984 -3.0250027179718018
166.79151916503906 63.04418182373047 2.949098587036133
166.79151916503906 63.04418182373047 -2.934086561203003
165.88723754882812 62.99624252319336 3.0400147438049316
165.88723754882812 62.99624252319336 -2.843170404434204
164.9910430908203 62.86640167236328 3.1309309005737305
160.99127197265625 62.9090461730957 3.1309309005737305
156.9915008544922 62.951690673828125 3.1309309005737305
152.99172973632812 62.99433517456055 3.1309309005737305
148.99195861816406 63.03697967529297 3.1309309005737305
144.9921875 63.07962417602539 3.1309309005737305
140.99241638183594 63.12226867675781 3.1309309005737305
136.99264526367188 63.164913177490234 3.1309309005737305
132.9928741455078 63.207557678222656 3.1309309005737305
128.99310302734375 63.25020217895508 3.1309309005737305
128.99310302734375 63.25020217895508 -2.7522542476654053
128.11239624023438 63.03953170776367 -3.061338186264038
127.2093505859375 63.10673904418945 2.9127631187438965
127.2093505859375 63.10673904418945 -2.9704220294952393
126.3039321899414 63.09168243408203 3.0036792755126953
126.3039321899414 63.09168243408203 -2.8795058727264404
125.40361785888672 62.994483947753906 3.094595432281494
125.40361785888672 62.994483947753906 -2.7885897159576416
124.5158462524414 62.81594467163086 -3.0976736545562744
123.61583709716797 62.915916442871094 2.87642765045166
123.61583709716797 62.915916442871094 -3.0067574977874756
122.71046447753906 62.93376159667969 2.967343807220459
122.71046447753906 62.93376159667969 -2.9158413410186768
121.80721282958984 62.86933135986328 3.058259963989258
121.80721282958984 62.86933135986328 -2.824925184249878
120.91354370117188 62.72315979003906 -3.1340091228485107
116.91365814208984 62.69282531738281 -3.1340091228485107
112.91377258300781 62.66249084472656 -3.1340091228485107
108.91388702392578 62.63215637207031 -3.1340091228485107
104.91400146484375 62.60182189941406 -3.1340091228485107
100.91411590576172 62.57148742675781 -3.1340091228485107
96.91423034667969 62.54115295410156 -3.1340091228485107
92.91434478759766 62.51081848144531 -3.1340091228485107
88.91445922851562 62.48048400878906 -3.1340091228485107
84.9145736694336 62.45014953613281 -3.1340091228485107
80.91468811035156 62.41981506347656 -3.1340091228485107
80.01890563964844 62.55241394042969 2.840092182159424
80.01890563964844 62.55241394042969 -3.043092966079712
79.11478424072266 62.6031379699707 2.9310083389282227
75.2031478881836 63.43926239013672 2.9310083389282227
71.29151153564453 64.275390625 2.9310083389282227
