-392.83861260070745
-395.6972973447963
-398.57562242630917
-401.47316538979356
-404.3895131339564
-407.324261745324
-410.2770163548833
-413.2473909909103
-416.23500842860443
-419.2395000371072
-422.2605056244355
-425.29767328082255
-428.3506592209188
-431.41912762526795
-434.50275048143925
-437.6012074251642
-440.7141855817944
-443.8413794083695
-446.9824905365546
-450.1372276166848
-453.3053061631269
-456.4864484011485
-459.6803831154639
-462.8868455006061
-466.1055758558366
-469.33632403122084
-469.33632403122084
-471.4146934002182
-473.5177306278467
-475.6451085117053
-477.79650192327637
-477.79650192327637
-478.49502820640197
-479.2259245641931
-479.9890431234867
-480.7842304514879
-481.6113277022176
-482.47017076643255
-482.47017076643255
-481.7718633941574
-481.1058003535681
-480.47211574252316
-479.8709378312323
-479.3023889369183
-478.7665853032435
-478.26363698476973
-477.7936477367105
-477.356714910228
-476.952929353514
-476.952929353514
-475.05897564652224
-473.19125515245696
-471.35007971803935
-469.5357616142312
-467.7486133663253
-465.98894757772274
-464.25707674743853
-462.5533130813897
-460.87796829754507
-459.2313534250308
-457.61377859731004
-456.0255528395749
-454.46698385051224
-452.938377778626
-451.44003899332483
-449.972269851005
-448.5353704563849
-448.5353704563849
-448.5353704563849
-444.86577432086995
-441.20192162952907
-437.5439566636616
-433.89202833425793
-433.89202833425793
-429.8930270527796
-425.8940443469925
-421.89508074511235
-417.89613679557084
-413.897213067992
-409.89831015422584
-405.8994286694424
-401.9005692532922
-397.9017325711357
-393.90291931534813
-389.9041302067041
-385.90536599584874
-381.9066274648612
-377.90791542891674
-373.9092307380563
-369.9105742790702
-365.91194697750547
-361.91334979980604
-357.9147837555966
-353.91624990012104
-349.9177493368479
-345.9192832202566
-341.9208527588187
-337.92245921819136
-333.9241039246394
-333.9241039246394
-330.1997646372541
-326.48194749609434
-322.7708778760979
-319.0667912188469
-315.369933573566
-311.68056217130305
-307.99894603450105
-307.99894603450105
-307.99894603450105
-307.99894603450105
-307.99894603450105
-307.99894603450105
-307.99894603450105
-307.99894603450105
-307.99894603450105
-311.9911979901277
-315.9836457519684
-319.9762819906104
-323.9690997376178
-327.9620923635981
-331.95525355784736
-335.9485773094433
-339.94205788966747
-343.93568983564916
-347.92946793513255
-351.92338721227924
-355.91744291442353
-359.91163049970874
-363.9059456255346
-367.9003841377569
-371.8949420605802
-375.88961558709536
-379.88440107041134
-383.8792950153404
-387.8742940705959
-391.86939502146663
-395.8645947829335
-399.85989039319867
-403.85527900759735
-407.8507578928677
-407.8507578928677
-407.8507578928677
-410.50979740974014
-413.19044873348537
-415.89229396487485
-418.6149227317948
-421.3579249642814
-424.12091951008404
-426.9035112312232
-429.7053194185625
-432.52597063212784
-435.36509863046393
-438.2223442949442
-441.0973555495356
-443.9897872764913
-446.8993012284181
-449.82556593713804
-452.76825661973965
-455.72705508218854
-458.701649620844
-461.69173492220625
-464.6970119611958
-467.7171878982475
-470.7519759754802
-473.80109541218604
-476.86427129986316
-479.94123449700106
-483.0317215238095
-486.1354744570678
-489.2522408252574
-492.3817735041241
-495.52383061280847
-498.67817541066483
-501.84457619488336
-505.0228061990153
-508.2126434924932
-511.41387088122826
-514.6262758093576
-517.849650262207
-521.0837906705265
-524.3284978160483
-527.5835767384124
-530.8488366434954
-534.1240908131765
-537.4091565165654
-540.7038549227144
-544.0080110148334
-547.3214535060181
-550.6440147565023
-553.9755306924411
-557.3158407262243
-560.6647876783225
-564.0222177006615
-567.3879802015198
-570.7619277719403
-574.1439161136492
-577.5338039684656
-580.9314530491949
-584.3367279719849
-587.7494961901336
-591.169627929328
-594.5969961242977
-598.0314763568634
-601.472946795361
-604.9212881354189
-608.3763835420698
-611.8381185931736
-615.3063812241304
-618.78106167386
-618.78106167386
-618.78106167386
-619.7987125658547
-620.840467322955
-621.9062048160573
-622.9958019658487
-624.1091338066306
-625.2460735503157
-626.406492650534
-627.5902608667798
-628.7972463285397
-630.0273155993384
-631.2803337406409
-632.5561643755549
-633.8546697522751
-633.8546697522751
-633.8546697522751
-633.8546697522751
-633.8546697522751
-630.0397137902702
-630.0397137902702
-626.0573612482458
-622.0752353025224
-618.0933403327056
-614.1116808317328
-610.1302614095547
-606.1490867969598
-602.1681618495501
-598.1874915518753
-594.2070810217301
-590.2269355146257
-586.2470604284412
-582.267461308265
-578.2881438514337
-574.3091139127797
-570.3303775100964
-566.3519408298316
-562.3738102330213
-558.3959922614744
-554.4184936442218
-550.4413213042427
-546.4644823654821
-542.4879841601739
-538.5118342364866
-534.5360403665054
-530.5606105545723
-526.5855530459984
-522.6108763361709
-518.6365891800754
-514.6627006022538
-510.6892199072241
-506.7161566903845
-502.7435208494293
-498.7713225963056
-494.79957246973896
-490.8282813483613
-486.8574604644741
-482.8871214184832
-478.91727619404384
-474.94793717395623
-470.9791171568562
-467.0108293747461
-463.0430875114171
-459.07590572181493
-455.10929865240576
-451.14328146260334
-447.17786984732146
-443.21308006072127
-439.24892894122786
-435.28543393789494
-431.3226131382034
-427.36048529738474
-423.39906986936717
-419.43838703945005
-415.4784577588191
-411.51930378102475
-407.5609477005531
-403.6034129936313
-399.6467240614186
-395.69090627574536
-391.7359860275781
-387.78199077839884
-383.82894911470487
-383.82894911470487
-380.4334579407899
-377.04982408878413
-373.67836966071184
-370.3194273076967
-366.9733406025859
-363.6404644244791
-360.32116535528195
-357.0158220883695
-353.7248258494001
-350.448580829272
-347.1875046291577
-343.94202871748644
-340.71259889867207
-337.49967579330024
-334.30373532939535
-331.12526924428215
-327.96478559643947
-324.8228092866123
-321.69988258730154
-318.59656567958876
-315.5134466219602
-312.45111342296184
-309.41018325641534
-306.391293397558
-303.39510177395476
-300.4222875130409
-297.4735514835698
-294.5496168279087
-291.65122948176924
-288.7791586775738
-285.9341974272525
-283.1171629798284
-280.3288972486895
-277.57026720296597
-274.84216521692133
-272.14550937075006
-272.14550937075006
-270.8590069939979
-270.8590069939979
-270.8590069939979
-270.8590069939979
-270.8590069939979
-270.8590069939979
-270.8590069939979
-270.8590069939979
-270.8590069939979
-270.8590069939979
-270.3380366495734
-269.8753534196488
-269.47125754201954
-269.1260129256133
-268.8398463012135
-268.6129464849855
-268.44546376032156
-268.3375093826902
-268.28915521127465
-268.3004334702356
-268.3713366414454
-268.3713366414454
-268.3713366414454
-265.5883467639709
-262.8367661893923
-260.1175916829735
-257.43185013315235
-254.78059883158352
-252.16492566762258
-249.58594922573218
-247.04481877351068
-244.54271412728394
-242.0808453814864
-239.66045248740258
-237.28280466627328
-234.94919964131367
-232.6609626728768
-231.57542926689518
-230.23466668306375
-228.7082520216976
-224.86470559606528
-221.02671139740565
-217.1945637622203
-213.36857770752584
-209.5490907314226
-205.7364647994168
-201.9310885384406
-198.1333796633964
-194.34378766433935
-190.56279678616767
-186.7909293369805
-186.7909293369805
-182.79759595158586
-178.80454808379932
-174.81181830339656
-170.81942891528277
-170.81942891528277
-170.81942891528277
-170.81942891528277
-170.81942891528277
-170.81942891528277
-170.81942891528277
-170.81942891528277
-174.66805232674912
-178.52333093092005
-182.38484269285047
-186.25219992229628
-186.25219992229628
-190.21137437564877
-194.1722222020724
-198.1346430459557
-202.0985443837861
-206.06384077800163
-210.03045321418895
-213.99830851100944
-217.9673387937475
-221.93748102364998
-225.9086765763043
-229.88087086321704
-233.85401299153378
-233.85401299153378
-237.34346225353332
-240.84878829317634
-244.36930788385664
-247.90437373012583
-251.4533723356353
-255.01572200346456
-258.5908709612154
-262.17829560350435
-265.77749884477436
-269.38800857565377
-273.00937621641486
-276.64117536140986
-280.28300050869234
-283.934465869355
-287.5952042514324
-291.26486601352605
-294.9431180836034
-298.62964303870854
-302.32413824159244
-306.02631503052714
-309.7358979588132
-313.45262408071846
-317.1762422808036
-320.90651264379284
-324.6432058623397
-328.38610268021563
-332.1349933686177
-335.8896772334471
-339.6499621515565
-343.4156641341003
-347.18660691524894
-350.96262156464604
-354.7435461220982
-358.52922525308935
-362.3195099238056
-366.1142570944483
-369.91332942969206
-373.7165950252235
-377.5239271493674
-381.33520399887266
-385.1503084679924
-388.9691279300512
-392.79155403074327
-396.6174824924577
-400.4468129289715
-404.27944866989384
-408.11529659428703
-411.9542669729243
-415.7962733186805
-419.64123224458444
-423.48906332909075
-427.3396889881572
-431.1930343537407
-435.0490271583473
-438.90759762529694
-442.76867836438214
-446.63220427262155
-450.4981124398267
-454.36634205871775
-458.23683433933985
-462.1095324275473
-465.98438132733617
-469.86132782681847
-469.86132782681847
-473.0575276349324
-473.0575276349324
-475.08619959522014
-477.1397799582495
-479.21794850611246
-481.3204154609531
-483.4468356199628
-483.4468356199628
-484.11596931329086
-484.8171825866137
-485.55033645563424
-486.31528646241446
-487.11188281106814
-487.93997050697766
-488.79938949925014
-489.68997482612605
-490.61155676305384
-491.56396097314274
-492.54700865970807
-493.56051672062523
-493.56051672062523
-493.0186403482267
-492.508655512358
-492.03066137880035
-491.5847512663729
-491.17101255761884
-490.78952661464183
-490.44036870027804
-490.1236079047794
-489.83930707817234
-489.5875227684453
-489.36830516570507
-489.1816980524304
-489.0277377163939
-488.90645616772935
-488.8178777304287
-488.76202018486623
-488.73889474996935
-488.74850607195765
-488.7908522196769
-488.7908522196769
-487.3015259752147
-485.8405675899769
-485.8405675899769
-483.0643911995219
-480.30548066738953
-477.564135230707
-474.84065910948215
-472.13536153708657
-472.13536153708657
-468.50438729138216
-464.879470642761
-461.26075440602614
-457.64838566484786
-454.0425159215474
-450.44330125266407
-446.8509024705335
-443.2654852911115
-439.687220508285
-436.11628417492074
-432.5528577909081
-428.9971284984612
-425.44928928495256
-421.90953919355695
-418.3780835419922
-414.85513414964896
-411.34090957340794
-407.83563535244963
-404.3395442623641
-404.3395442623641
-404.3395442623641
-404.3395442623641
-401.2632299706612
-398.2033303267993
-395.1602266485015
-392.134309964215
-389.1259812220224
-386.13565149771824
-383.1637422014349
-380.210685282151
-377.27692333549254
-374.36291002769366
-371.4691101174453
-368.5959996834286
-368.5959996834286
-367.0658481237979
-365.57306072904254
-364.1180970488801
-362.7014122690113
-361.32345664392346
-359.9846749182962
-358.68550573822995
-357.42638105362124
-356.207725513116
-355.02995585317376
-353.8934802828754
-352.798697866199
-351.7459979035802
-350.7357593146521
-349.7683515821098
-348.84412963508765
-347.9634375896583
-347.1266067640407
-346.33395509793223
-345.58578658560435
-344.88239072495406
-344.2240419846987
-343.6109992918766
-343.0435055417828
-342.52178713241443
-342.0460535254362
-341.6164968355932
-341.23329145040174
-340.89659368183993
-340.6065414516328
-340.3632540115912
-340.166831700314
-340.0173557374024
-339.91488805616535
-339.85947117561744
-339.85947117561744
-341.4077538288062
-342.9956976810472
-342.9956976810472
-345.91362130972055
-348.85300360673625
-351.81330671425536
-354.79400696028716
-357.79459457430914
-360.81457339773925
-363.853460590567
-366.91078633533033
-366.91078633533033
-370.737196917643
-374.56723453999786
-378.4007890675997
-382.23775468479323
-386.0780296901289
-389.92152409461426
-393.76813613631714
-397.6177753338236
-401.4703546063101
-405.3257901184691
-409.1840011336632
-409.1840011336632
-413.1483668660452
-417.113413089656
-421.0791205811787
-425.0454708315697
-429.0124460133269
-432.98002894953464
-436.9482030845728
-440.91695245638874
-444.88626167023494
-448.85611587378344
-452.8265007335336
-456.79740241243667
-460.7688075486636
-464.74070323544964
-468.7130770019525
-472.6859167950653
-476.6592109621292
-480.63294823449513
-484.6071177118855
-488.5817088475118
-492.5567114339052
-496.53211558942195
-500.5079117453848
-504.48409063382735
-508.46064327580825
-512.4375609702638
-516.4148352833718
-520.3924580383984
-524.3704213060035
-528.3486908962686
-532.3272858224184
-536.3061988439267
-536.3061988439267
-536.3061988439267
-536.3061988439267
-536.3061988439267
-535.7964366754474
-535.3160787060608
-534.8652041587693
-534.4438876531493
-534.0521991446752
-533.690203867522
-533.3579622809546
-533.055530019405
-532.7829578463325
-532.7829578463325
-531.0032691230405
-529.247827971314
-527.5168764603455
-525.8106564474836
-524.1294094611712
-522.4733765806894
-520.8427983127598
-519.2379144650683
-517.6589640167834
-516.1061849861458
-514.5798142952231
-513.0800876319281
-511.6072393094104
-510.16150212293934
-508.74310720441184
-507.35228387462087
-505.98925949343675
-504.65425930806066
-503.3475062995212
-502.0692210275931
-500.8196214743288
-499.59892288640316
-498.4073376164789
-497.24507496381267
-496.1123410143281
-495.0093384803912
-493.936266540533
-492.8933206793684
-491.8806925279719
-490.89856970497294
-489.9471356586417
-489.0265695102415
-488.13704589892683
-487.2787348284709
-486.45180151610896
-485.65640624378545
-484.8927042120948
-484.1608453972044
-483.4609744110497
-482.79323036508697
-482.1577467378892
-481.5546512468647
-480.98406572437386
-480.4461059985151
-479.940881778842
-479.46849654726714
-479.0290474543995
-478.62262522155214
-478.62262522155214
-476.7262150387126
-474.8559263671284
-474.8559263671284
-471.77264982940784
-468.70322724636344
-465.64793258240627
-462.60704576173487
-459.58085277951733
-456.56964581289753
-453.5737233316088
-450.5933596989409
-450.5933596989409
-446.81512854883414
-443.0407907371408
-439.27044662191713
-435.50419992853546
-431.7421578869925
-427.98443137570723
-424.2311350721513
-420.48238761067273
-416.73831174789524
-412.9990345360961
-412.9990345360961
-409.0015291960725
-405.00407338657175
-401.00666858883653
-397.0093163437477
-393.012018254855
-389.01477599159455
-385.0175912927072
-381.02046596987054
-377.02340191156304
-373.02640108717543
-369.0294655513894
-365.0325974488436
-361.035799019109
-357.0390726019982
-353.0424206432352
-349.0458457005134
-345.0493504499752
-341.0529376931454
-337.0566103643582
-333.0603715387176
-329.06422444063713
-325.0681724530086
-321.0722191270547
-317.0763681929252
-313.0806235711036
-309.084989384697
-305.0894699726901
-301.0940699042531
-297.0987939942016
-293.1036473197194
-289.1086352384643
-285.1137634081945
-281.1190378080644
-277.12446476175927
-273.13005096265533
-269.1358035012165
-265.1417298948615
-261.14783812056635
-257.1541366504978
-253.1606344910121
-249.16734122539478
-245.17426706076714
-241.18142287964048
-237.18882029666392
-233.19647172118587
-229.20439042633566
-225.21259062543092
-221.2210875566326
-217.2298975769041
-213.239038266488
-209.2485285452989
-205.25838880284618
-201.26864104355533
-197.2793090496574
-193.2904338150838
-189.3020279971532
-185.3141219047952
-181.32674850929817
-177.33994374269398
-173.35374683711947
-169.36820071186028
-165.38335241606546
-161.39925363668402
-157.41596128309055
-153.4335381622248
-149.45205376098707
-145.47158515625546
-141.49221807742302
-137.51404815204523
-133.53718237238513
-129.5617408297948
-125.58785877558714
-121.61568908214663
-117.64540519762149
-113.67720471316298
-109.71131369545633
-105.74799198219284
-101.78753969837202
-97.83030533289791
-93.87669582653113
-89.92718927657363
-85.9823510795151
-82.04285463851146
-78.10950820104739
-74.18329003004447
-70.2653950537001
-66.35729755288432
-62.460836602547595
-58.57833433750836
-54.71276242817859
-50.86798074807324
-47.04908641354291
-43.26293533049213
-39.518939618495565
-35.83031646286273
-32.21609133936214
-30.83786258257609
-27.988266179306745
-25.450192539286313
-23.325555477863833
-21.735932414235233
-20.804325487326906
-20.620114974224023
-21.202790043268724
-22.49283110657243
-24.378198831328564
-24.378198831328564
-27.759375159142362
-31.286885764737953
-34.916407506343575
-38.6191893507083
-42.37603142964437
-46.17374009120428
-50.00300370119511
-53.857092765284605
-57.7310355005893
-61.62108758912995
-61.62108758912995
-61.62108758912995
-61.62108758912995
-61.62108758912995
-61.62108758912995
-61.62108758912995
-61.62108758912995
-61.62108758912995
-57.68193349457995
-53.75176745260156
-49.832716095788534
-45.927624794755715
-42.04038393844365
-38.17644667455491
-34.343679422828465
-30.553814630916072
-26.82504235415563
-23.186854954986863
-19.689530840130427
-16.423307928209482
-13.556271556169952
-11.393857569056648
-10.385926533466023
-10.858864623240942
-12.64762526011745
-15.297380786602288
-18.440641082557764
-21.865602633739275
-25.458826837325304
-29.158173806408126
-32.92789525481328
-36.74633889919737
-40.59975996816775
-44.479068637354224
-48.37803773010601
-52.29226972297256
-56.21857765227235
-60.15459620472171
-64.0985365410611
-68.04902129863773
-72.00497332506441
-75.96553849100331
-75.96553849100331
-75.96553849100331
-75.96553849100331
-75.96553849100331
-75.96553849100331
-75.96553849100331
-75.96553849100331
-75.96553849100331
-75.96553849100331
-72.04568444116182
-68.1351467077715
-64.23562679004807
-60.3492605029909
-56.47876325958361
-52.62763644068622
-48.800466158231664
-45.00336475326153
-41.24463774718125
-37.53581501185279
-33.89328305488532
-30.340926581102263
-26.914475237087892
-23.66867319269323
-20.688720744500642
-18.106358090794117
-16.113880942983293
-14.949050084539598
-14.808477293166398
-15.719664849515542
-17.51926536218461
-19.968511698397922
-22.859533346862843
-26.04563447091432
-29.431138100955128
-32.954646252256616
-36.57629743528063
-40.26962084879528
-44.0165786642511
-47.80456082922998
-51.62453757288059
-55.46989929611227
-59.33571084091586
-63.21822078199914
-63.21822078199914
-63.21822078199914
-63.21822078199914
-63.21822078199914
-63.21822078199914
-63.21822078199914
-63.21822078199914
-63.21822078199914
-63.21822078199914
-59.28476953812891
-55.360856300807804
-51.44866438262462
-47.55108572745354
-43.672033060870405
-39.81692127960564
-35.99344383925078
-32.21286713937026
-28.49227351361371
-24.85861060712886
-21.35629704245515
-18.061903446777983
-15.112025661118867
-12.748111476308226
-11.342638307746439
-10.943489499615128
-10.403044719990481
-10.403044719990481
-10.403044719990481
-6.8847911769829455
-4.310144942310165
-4.664152931290993
-7.545284442827753
-7.545284442827753
-10.373230573802802
-13.794076199123683
-17.462794572262432
-21.251397149239406
-25.10566863782396
-28.999436979803406
-32.91868956952593
-36.85529719375352
-40.804235792506596
-44.76224292428642
-48.7271087819394
-48.7271087819394
-48.7271087819394
-48.7271087819394
-48.7271087819394
-48.7271087819394
-48.7271087819394
-48.7271087819394
-44.82686078320616
-40.945863843697346
-37.09016276466456
-33.26855055976152
-29.494284607972883
-25.788159462512382
-22.184352326155278
-18.741979178762804
-18.741979178762804
