60.0 450.0 1.1853982210159302
60.0 450.0 1.5853981971740723
60.0 450.0 1.9853981733322144
60.0 450.0 2.3853981494903564
60.0 450.0 2.785398244857788
60.0 450.0 -3.0977869033813477
60.0 450.0 -2.697786808013916
60.0 450.0 -2.2977867126464844
57.34150314331055 447.01129150390625 -2.2977867126464844
57.34150314331055 447.01129150390625 -1.8977867364883423
56.056724548339844 443.2232360839844 -1.8977867364883423
54.77194595336914 439.4351806640625 -1.8977867364883423
53.48716735839844 435.6471252441406 -1.8977867364883423
52.202388763427734 431.85906982421875 -1.8977867364883423
50.91761016845703 428.0710144042969 -1.8977867364883423
49.63283157348633 424.282958984375 -1.8977867364883423
48.348052978515625 420.4949035644531 -1.8977867364883423
47.06327438354492 416.70684814453125 -1.8977867364883423
45.77849578857422 412.9187927246094 -1.8977867364883423
44.493717193603516 409.1307373046875 -1.8977867364883423
43.20893859863281 405.3426818847656 -1.8977867364883423
41.92416000366211 401.55462646484375 -1.8977867364883423
40.639381408691406 397.7665710449219 -1.8977867364883423
39.3546028137207 393.978515625 -1.8977867364883423
38.06982421875 390.1904602050781 -1.8977867364883423
36.7850456237793 386.40240478515625 -1.8977867364883423
35.500267028808594 382.6143493652344 -1.8977867364883423
34.21548843383789 378.8262939453125 -1.8977867364883423
32.93070983886719 375.0382385253906 -1.8977867364883423
31.645933151245117 371.25018310546875 -1.8977867364883423
30.361156463623047 367.4621276855469 -1.8977867364883423
29.076379776000977 363.674072265625 -1.8977867364883423
27.791603088378906 359.8860168457031 -1.8977867364883423
26.506826400756836 356.09796142578125 -1.8977867364883423
25.222049713134766 352.3099060058594 -1.8977867364883423
23.937273025512695 348.5218505859375 -1.8977867364883423
22.652496337890625 344.7337951660156 -1.8977867364883423
21.367719650268555 340.94573974609375 -1.8977867364883423
21.367719650268555 340.94573974609375 -1.4977867603302002
21.65949821472168 336.9563903808594 -1.4977867603302002
21.951276779174805 332.967041015625 -1.4977867603302002
22.24305534362793 328.9776916503906 -1.4977867603302002
22.534833908081055 324.98834228515625 -1.4977867603302002
22.82661247253418 320.9989929199219 -1.4977867603302002
23.118391036987305 317.0096435546875 -1.4977867603302002
23.41016960144043 313.0202941894531 -1.4977867603302002
23.701948165893555 309.03094482421875 -1.4977867603302002
23.99372673034668 305.0415954589844 -1.4977867603302002
24.285505294799805 301.05224609375 -1.4977867603302002
24.285505294799805 301.05224609375 -1.097786784172058
24.285505294799805 301.05224609375 -0.697786808013916
24.285505294799805 301.05224609375 -0.29778680205345154
24.285505294799805 301.05224609375 0.10221320390701294
24.285505294799805 301.05224609375 0.5022132396697998
24.285505294799805 301.05224609375 0.9022132158279419
26.765005111694336 304.1910400390625 0.9022132158279419
29.244504928588867 307.329833984375 0.9022132158279419
31.7240047454834 310.4686279296875 0.9022132158279419
34.2035026550293 313.607421875 0.9022132158279419
36.68300247192383 316.7462158203125 0.9022132158279419
39.16250228881836 319.885009765625 0.9022132158279419
41.64200210571289 323.0238037109375 0.9022132158279419
44.12150192260742 326.16259765625 0.9022132158279419
46.60100173950195 329.3013916015625 0.9022132158279419
49.080501556396484 332.440185546875 0.9022132158279419
51.560001373291016 335.5789794921875 0.9022132158279419
54.03950119018555 338.7177734375 0.9022132158279419
56.51900100708008 341.8565673828125 0.9022132158279419
58.99850082397461 344.995361328125 0.9022132158279419
58.99850082397461 344.995361328125 1.302213191986084
58.99850082397461 344.995361328125 1.702213168144226
58.99850082397461 344.995361328125 2.102213144302368
58.99850082397461 344.995361328125 2.5022132396698
58.99850082397461 344.995361328125 2.9022133350372314
58.99850082397461 344.995361328125 -2.9809718132019043
58.99850082397461 344.995361328125 -2.5809717178344727
58.99850082397461 344.995361328125 -2.180971622467041
56.70645523071289 341.7171630859375 -2.180971622467041
54.41440963745117 338.43896484375 -2.180971622467041
52.12236404418945 335.1607666015625 -2.180971622467041
49.830318450927734 331.882568359375 -2.180971622467041
47.538272857666016 328.6043701171875 -2.180971622467041
45.2462272644043 325.326171875 -2.180971622467041
42.95418167114258 322.0479736328125 -2.180971622467041
40.66213607788086 318.769775390625 -2.180971622467041
38.37009048461914 315.4915771484375 -2.180971622467041
36.07804489135742 312.21337890625 -2.180971622467041
36.07804489135742 312.21337890625 -1.780971646308899
35.2435188293457 308.3013916015625 -1.780971646308899
34.408992767333984 304.389404296875 -1.780971646308899
33.574466705322266 300.4774169921875 -1.780971646308899
32.73994064331055 296.5654296875 -1.780971646308899
31.905414581298828 292.6534423828125 -1.780971646308899
31.905414581298828 292.6534423828125 -1.3809716701507568
31.905414581298828 292.6534423828125 -0.9809716939926147
31.905414581298828 292.6534423828125 -0.5809717178344727
31.905414581298828 292.6534423828125 -0.18097171187400818
31.905414581298828 292.6534423828125 0.2190282940864563
31.905414581298828 292.6534423828125 0.6190283298492432
31.905414581298828 292.6534423828125 1.0190283060073853
34.00218963623047 296.0598449707031 1.0190283060073853
36.09896469116211 299.46624755859375 1.0190283060073853
38.19573974609375 302.8726501464844 1.0190283060073853
40.29251480102539 306.279052734375 1.0190283060073853
42.38928985595703 309.6854553222656 1.0190283060073853
44.48606491088867 313.09185791015625 1.0190283060073853
46.58283996582031 316.4982604980469 1.0190283060073853
48.67961502075195 319.9046630859375 1.0190283060073853
50.776390075683594 323.3110656738281 1.0190283060073853
52.873165130615234 326.71746826171875 1.0190283060073853
54.969940185546875 330.1238708496094 1.0190283060073853
57.066715240478516 333.5302734375 1.0190283060073853
59.163490295410156 336.9366760253906 1.0190283060073853
61.2602653503418 340.34307861328125 1.0190283060073853
63.35704040527344 343.7494812011719 1.0190283060073853
63.35704040527344 343.7494812011719 1.4190282821655273
63.35704040527344 343.7494812011719 1.8190282583236694
63.35704040527344 343.7494812011719 2.2190282344818115
63.35704040527344 343.7494812011719 2.619028329849243
63.35704040527344 343.7494812011719 3.019028425216675
63.35704040527344 343.7494812011719 -2.864156723022461
63.35704040527344 343.7494812011719 -2.4641566276550293
63.35704040527344 343.7494812011719 -2.0641565322875977
61.46268844604492 340.22650146484375 -2.0641565322875977
59.568336486816406 336.7035217285156 -2.0641565322875977
57.67398452758789 333.1805419921875 -2.0641565322875977
55.779632568359375 329.6575622558594 -2.0641565322875977
53.88528060913086 326.13458251953125 -2.0641565322875977
51.990928649902344 322.6116027832031 -2.0641565322875977
50.09657669067383 319.088623046875 -2.0641565322875977
48.20222473144531 315.5656433105469 -2.0641565322875977
46.3078727722168 312.04266357421875 -2.0641565322875977
44.41352081298828 308.5196838378906 -2.0641565322875977
42.519168853759766 304.9967041015625 -2.0641565322875977
40.62481689453125 301.4737243652344 -2.0641565322875977
38.730464935302734 297.95074462890625 -2.0641565322875977
36.83611297607422 294.4277648925781 -2.0641565322875977
34.9417610168457 290.90478515625 -2.0641565322875977
33.04740905761719 287.3818054199219 -2.0641565322875977
31.153057098388672 283.85882568359375 -2.0641565322875977
29.258705139160156 280.3358459472656 -2.0641565322875977
27.36435317993164 276.8128662109375 -2.0641565322875977
25.470001220703125 273.2898864746094 -2.0641565322875977
23.57564926147461 269.76690673828125 -2.0641565322875977
21.681297302246094 266.2439270019531 -2.0641565322875977
19.786945343017578 262.720947265625 -2.0641565322875977
19.786945343017578 262.720947265625 -2.0641565322875977
19.786945343017578 262.720947265625 -2.0641565322875977
19.786945343017578 262.720947265625 -2.0641565322875977
19.786945343017578 262.720947265625 -2.0641565322875977
19.786945343017578 262.720947265625 -2.0641565322875977
19.786945343017578 262.720947265625 -2.0641565322875977
19.786945343017578 262.720947265625 -2.0641565322875977
19.786945343017578 262.720947265625 -2.0641565322875977
19.786945343017578 262.720947265625 -2.0641565322875977
19.786945343017578 262.720947265625 -2.0641565322875977
