61.86376953125 451.59619140625 0.6310279369354248
63.950801849365234 452.8868103027344 0.4766576588153839
66.21145629882812 453.8411865234375 0.322287380695343
68.59197235107422 454.4366149902344 0.16791710257530212
71.03573608398438 454.6589660644531 0.01354682445526123
73.48462677001953 454.5028991699219 -0.14082345366477966
75.8806381225586 453.9721374511719 -0.295170396566391
78.16634368896484 453.07940673828125 -0.4495406746864319
80.28759765625 451.8458251953125 -0.6039109230041504
82.19396209716797 450.3007507324219 -0.7582812309265137
83.840087890625 448.48095703125 -0.912651538848877
85.18682861328125 446.4296875 -1.0670218467712402
86.20215606689453 444.19573974609375 -1.2213921546936035
86.86192321777344 441.8322448730469 -1.3757624626159668
87.15043640136719 439.3954162597656 -1.53013277053833
87.06083679199219 436.9432067871094 -1.6845030784606934
86.59525299072266 434.533935546875 -1.8388733863830566
85.5357437133789 430.67681884765625 -1.8388733863830566
84.47623443603516 426.8197021484375 -1.8388733863830566
83.4167251586914 422.96258544921875 -1.8388733863830566
82.35721588134766 419.10546875 -1.8388733863830566
81.2977066040039 415.24835205078125 -1.8388733863830566
80.23819732666016 411.3912353515625 -1.8388733863830566
79.1786880493164 407.53411865234375 -1.8388733863830566
78.11917877197266 403.677001953125 -1.8388733863830566
77.0596694946289 399.81988525390625 -1.8388733863830566
76.00016021728516 395.9627685546875 -1.8388733863830566
74.9406509399414 392.10565185546875 -1.8388733863830566
73.88114166259766 388.24853515625 -1.8388733863830566
72.8216323852539 384.39141845703125 -1.8388733863830566
71.76212310791016 380.5343017578125 -1.8388733863830566
70.7026138305664 376.67718505859375 -1.8388733863830566
69.64310455322266 372.820068359375 -1.8388733863830566
68.5835952758789 368.96295166015625 -1.8388733863830566
67.52408599853516 365.1058349609375 -1.8388733863830566
66.4645767211914 361.24871826171875 -1.8388733863830566
65.40506744384766 357.3916015625 -1.8388733863830566
64.64996337890625 355.3918151855469 -2.024806499481201
62.89567184448242 351.7970275878906 -2.024806499481201
61.141380310058594 348.2022399902344 -2.024806499481201
59.387088775634766 344.6074523925781 -2.024806499481201
57.63279724121094 341.0126647949219 -2.024806499481201
55.87850570678711 337.4178771972656 -2.024806499481201
54.12421417236328 333.8230895996094 -2.024806499481201
52.36992263793945 330.2283020019531 -2.024806499481201
50.615631103515625 326.6335144042969 -2.024806499481201
48.8613395690918 323.0387268066406 -2.024806499481201
47.10704803466797 319.4439392089844 -2.024806499481201
45.35275650024414 315.8491516113281 -2.024806499481201
43.59846496582031 312.2543640136719 -2.024806499481201
41.844173431396484 308.6595764160156 -2.024806499481201
40.089881896972656 305.0647888183594 -2.024806499481201
38.33559036254883 301.4700012207031 -2.024806499481201
36.581298828125 297.8752136230469 -2.024806499481201
34.82700729370117 294.2804260253906 -2.024806499481201
33.072715759277344 290.6856384277344 -2.024806499481201
31.318424224853516 287.0908508300781 -2.024806499481201
29.564132690429688 283.4960632324219 -2.024806499481201
27.80984115600586 279.9012756347656 -2.024806499481201
26.05554962158203 276.3064880371094 -2.024806499481201
24.301258087158203 272.7117004394531 -2.024806499481201
22.546966552734375 269.1169128417969 -2.024806499481201
20.792675018310547 265.5221252441406 -2.024806499481201
19.03838348388672 261.9273376464844 -2.024806499481201
19.03838348388672 261.9273376464844 -2.024806499481201
19.03838348388672 261.9273376464844 -2.024806499481201
19.03838348388672 261.9273376464844 -2.024806499481201
19.03838348388672 261.9273376464844 -2.024806499481201
19.03838348388672 261.9273376464844 -2.024806499481201
19.03838348388672 261.9273376464844 -2.024806499481201
19.03838348388672 261.9273376464844 -2.024806499481201
19.03838348388672 261.9273376464844 -2.024806499481201
19.03838348388672 261.9273376464844 -2.024806499481201
19.03838348388672 261.9273376464844 -2.024806499481201
