62.828426361083984 452.82843017578125 0.7853981852531433
65.65685272216797 455.6568603515625 0.7853981852531433
68.48528289794922 458.48529052734375 0.7853981852531433
71.31371307373047 461.313720703125 0.7853981852531433
74.14214324951172 464.14215087890625 0.7853981852531433
76.97057342529297 466.9705810546875 0.7853981852531433
79.79900360107422 469.79901123046875 0.7853981852531433
82.62743377685547 472.62744140625 0.7853981852531433
85.45586395263672 475.45587158203125 0.7853981852531433
88.28429412841797 478.2843017578125 0.7853981852531433
91.11272430419922 481.11273193359375 0.7853981852531433
93.94115447998047 483.941162109375 0.7853981852531433
96.76958465576172 486.76959228515625 0.7853981852531433
99.59801483154297 489.5980224609375 0.7853981852531433
102.42644500732422 492.42645263671875 0.7853981852531433
105.25487518310547 495.2548828125 0.7853981852531433
108.08330535888672 498.08331298828125 0.7853981852531433
110.91173553466797 500.9117431640625 0.7853981852531433
113.74016571044922 503.74017333984375 0.7853981852531433
116.56859588623047 506.568603515625 0.7853981852531433
119.39702606201172 509.39703369140625 0.7853981852531433
122.22545623779297 512.2254638671875 0.7853981852531433
125.05388641357422 515.0538940429688 0.7853981852531433
127.88231658935547 517.88232421875 0.7853981852531433
130.7107391357422 520.7107543945312 0.7853981852531433
133.53916931152344 523.5391845703125 0.7853981852531433
136.3675994873047 526.3676147460938 0.7853981852531433
139.19602966308594 529.196044921875 0.7853981852531433
142.0244598388672 532.0244750976562 0.7853981852531433
144.85289001464844 534.8529052734375 0.7853981852531433
147.6813201904297 537.6813354492188 0.7853981852531433
147.6813201904297 537.6813354492188 0.38539817929267883
151.38790893554688 539.18505859375 0.38539817929267883
155.09449768066406 540.6887817382812 0.38539817929267883
158.80108642578125 542.1925048828125 0.38539817929267883
158.80108642578125 542.1925048828125 -0.014601826667785645
162.8006591796875 542.1340942382812 -0.014601826667785645
166.80023193359375 542.07568359375 -0.014601826667785645
170.7998046875 542.0172729492188 -0.014601826667785645
174.79937744140625 541.9588623046875 -0.014601826667785645
178.7989501953125 541.9004516601562 -0.014601826667785645
182.79852294921875 541.842041015625 -0.014601826667785645
182.79852294921875 541.842041015625 -0.4146018326282501
186.45962524414062 540.230712890625 -0.4146018326282501
190.1207275390625 538.619384765625 -0.4146018326282501
193.78182983398438 537.008056640625 -0.4146018326282501
197.44293212890625 535.396728515625 -0.4146018326282501
201.10403442382812 533.785400390625 -0.4146018326282501
204.76513671875 532.174072265625 -0.4146018326282501
208.42623901367188 530.562744140625 -0.4146018326282501
212.08734130859375 528.951416015625 -0.4146018326282501
215.74844360351562 527.340087890625 -0.4146018326282501
219.4095458984375 525.728759765625 -0.4146018326282501
223.07064819335938 524.117431640625 -0.4146018326282501
226.73175048828125 522.506103515625 -0.4146018326282501
226.73175048828125 522.506103515625 -0.8146018385887146
229.47637939453125 519.5963134765625 -0.8146018385887146
232.22100830078125 516.6865234375 -0.8146018385887146
234.96563720703125 513.7767333984375 -0.8146018385887146
237.71026611328125 510.8669128417969 -0.8146018385887146
240.45489501953125 507.95709228515625 -0.8146018385887146
243.19952392578125 505.0472717285156 -0.8146018385887146
245.94415283203125 502.137451171875 -0.8146018385887146
248.68878173828125 499.2276306152344 -0.8146018385887146
251.43341064453125 496.31781005859375 -0.8146018385887146
254.17803955078125 493.4079895019531 -0.8146018385887146
256.92266845703125 490.4981689453125 -0.8146018385887146
259.66729736328125 487.5883483886719 -0.8146018385887146
262.41192626953125 484.67852783203125 -0.8146018385887146
265.15655517578125 481.7687072753906 -0.8146018385887146
267.90118408203125 478.85888671875 -0.8146018385887146
270.64581298828125 475.9490661621094 -0.8146018385887146
273.39044189453125 473.03924560546875 -0.8146018385887146
276.13507080078125 470.1294250488281 -0.8146018385887146
278.87969970703125 467.2196044921875 -0.8146018385887146
281.62432861328125 464.3097839355469 -0.8146018385887146
284.36895751953125 461.39996337890625 -0.8146018385887146
287.11358642578125 458.4901428222656 -0.8146018385887146
289.85821533203125 455.580322265625 -0.8146018385887146
292.60284423828125 452.6705017089844 -0.8146018385887146
295.34747314453125 449.76068115234375 -0.8146018385887146
298.09210205078125 446.8508605957031 -0.8146018385887146
300.83673095703125 443.9410400390625 -0.8146018385887146
303.58135986328125 441.0312194824219 -0.8146018385887146
306.32598876953125 438.12139892578125 -0.8146018385887146
309.07061767578125 435.2115783691406 -0.8146018385887146
311.81524658203125 432.3017578125 -0.8146018385887146
314.55987548828125 429.3919372558594 -0.8146018385887146
317.30450439453125 426.48211669921875 -0.8146018385887146
320.04913330078125 423.5722961425781 -0.8146018385887146
322.79376220703125 420.6624755859375 -0.8146018385887146
325.53839111328125 417.7526550292969 -0.8146018385887146
328.28302001953125 414.84283447265625 -0.8146018385887146
331.02764892578125 411.9330139160156 -0.8146018385887146
331.02764892578125 411.9330139160156 -0.8146018385887146
331.02764892578125 411.9330139160156 -0.4146018326282501
331.02764892578125 411.9330139160156 -0.014601826667785645
331.02764892578125 411.9330139160156 0.38539817929267883
331.02764892578125 411.9330139160156 0.7853981852531433
331.02764892578125 411.9330139160156 1.1853982210159302
332.5313720703125 415.6396179199219 1.1853982210159302
334.03509521484375 419.3462219238281 1.1853982210159302
335.538818359375 423.0528259277344 1.1853982210159302
337.04254150390625 426.7594299316406 1.1853982210159302
338.5462646484375 430.4660339355469 1.1853982210159302
340.04998779296875 434.1726379394531 1.1853982210159302
341.5537109375 437.8792419433594 1.1853982210159302
343.05743408203125 441.5858459472656 1.1853982210159302
344.5611572265625 445.2924499511719 1.1853982210159302
346.06488037109375 448.9990539550781 1.1853982210159302
347.568603515625 452.7056579589844 1.1853982210159302
349.07232666015625 456.4122619628906 1.1853982210159302
350.5760498046875 460.1188659667969 1.1853982210159302
352.07977294921875 463.8254699707031 1.1853982210159302
353.58349609375 467.5320739746094 1.1853982210159302
355.08721923828125 471.2386779785156 1.1853982210159302
356.5909423828125 474.9452819824219 1.1853982210159302
358.09466552734375 478.6518859863281 1.1853982210159302
359.598388671875 482.3584899902344 1.1853982210159302
361.10211181640625 486.0650939941406 1.1853982210159302
362.6058349609375 489.7716979980469 1.1853982210159302
364.10955810546875 493.4783020019531 1.1853982210159302
365.61328125 497.1849060058594 1.1853982210159302
367.11700439453125 500.8915100097656 1.1853982210159302
368.6207275390625 504.5981140136719 1.1853982210159302
370.12445068359375 508.3047180175781 1.1853982210159302
371.628173828125 512.0112915039062 1.1853982210159302
373.13189697265625 515.7178955078125 1.1853982210159302
374.6356201171875 519.4244995117188 1.1853982210159302
376.13934326171875 523.131103515625 1.1853982210159302
377.64306640625 526.8377075195312 1.1853982210159302
379.14678955078125 530.5443115234375 1.1853982210159302
380.6505126953125 534.2509155273438 1.1853982210159302
382.15423583984375 537.95751953125 1.1853982210159302
383.657958984375 541.6641235351562 1.1853982210159302
385.16168212890625 545.3707275390625 1.1853982210159302
386.6654052734375 549.0773315429688 1.1853982210159302
386.6654052734375 549.0773315429688 0.7853982448577881
386.6654052734375 549.0773315429688 0.3853982388973236
390.37200927734375 550.5810546875 0.3853982388973236
394.07861328125 552.0847778320312 0.3853982388973236
397.78521728515625 553.5885009765625 0.3853982388973236
401.4918212890625 555.0922241210938 0.3853982388973236
405.19842529296875 556.595947265625 0.3853982388973236
408.905029296875 558.0996704101562 0.3853982388973236
412.61163330078125 559.6033935546875 0.3853982388973236
412.61163330078125 559.6033935546875 -0.01460176706314087
416.6112060546875 559.5449829101562 -0.01460176706314087
420.61077880859375 559.486572265625 -0.01460176706314087
424.6103515625 559.4281616210938 -0.01460176706314087
428.60992431640625 559.3697509765625 -0.01460176706314087
432.6094970703125 559.3113403320312 -0.01460176706314087
436.60906982421875 559.2529296875 -0.01460176706314087
440.608642578125 559.1945190429688 -0.01460176706314087
444.60821533203125 559.1361083984375 -0.01460176706314087
448.6077880859375 559.0776977539062 -0.01460176706314087
452.60736083984375 559.019287109375 -0.01460176706314087
456.60693359375 558.9608764648438 -0.01460176706314087
460.60650634765625 558.9024658203125 -0.01460176706314087
464.6060791015625 558.8440551757812 -0.01460176706314087
468.60565185546875 558.78564453125 -0.01460176706314087
472.605224609375 558.7272338867188 -0.01460176706314087
476.60479736328125 558.6688232421875 -0.01460176706314087
480.6043701171875 558.6104125976562 -0.01460176706314087
484.60394287109375 558.552001953125 -0.01460176706314087
488.603515625 558.4935913085938 -0.01460176706314087
492.60308837890625 558.4351806640625 -0.01460176706314087
496.6026611328125 558.3767700195312 -0.01460176706314087
500.60223388671875 558.318359375 -0.01460176706314087
504.601806640625 558.2599487304688 -0.01460176706314087
508.60137939453125 558.2015380859375 -0.01460176706314087
512.6009521484375 558.1431274414062 -0.01460176706314087
516.6005249023438 558.084716796875 -0.01460176706314087
516.6005249023438 558.084716796875 -0.41460177302360535
520.2616577148438 556.473388671875 -0.41460177302360535
523.9227905273438 554.862060546875 -0.41460177302360535
527.5839233398438 553.250732421875 -0.41460177302360535
531.2450561523438 551.639404296875 -0.41460177302360535
534.9061889648438 550.028076171875 -0.41460177302360535
538.5673217773438 548.416748046875 -0.41460177302360535
542.2284545898438 546.805419921875 -0.41460177302360535
545.8895874023438 545.194091796875 -0.41460177302360535
545.8895874023438 545.194091796875 -0.8146017789840698
545.8895874023438 545.194091796875 -1.214601755142212
547.284423828125 541.4451904296875 -1.214601755142212
548.6792602539062 537.6962890625 -1.214601755142212
550.0740966796875 533.9473876953125 -1.214601755142212
551.4689331054688 530.198486328125 -1.214601755142212
552.86376953125 526.4495849609375 -1.214601755142212
554.2586059570312 522.70068359375 -1.214601755142212
555.6534423828125 518.9517822265625 -1.214601755142212
557.0482788085938 515.202880859375 -1.214601755142212
558.443115234375 511.4539489746094 -1.214601755142212
559.8379516601562 507.70501708984375 -1.214601755142212
559.8379516601562 507.70501708984375 -1.614601731300354
559.6627807617188 503.7088623046875 -1.614601731300354
559.4876098632812 499.71270751953125 -1.614601731300354
559.3124389648438 495.716552734375 -1.614601731300354
559.1372680664062 491.72039794921875 -1.614601731300354
559.1372680664062 491.72039794921875 -2.014601707458496
557.4197387695312 488.10791015625 -2.014601707458496
555.7022094726562 484.49542236328125 -2.014601707458496
553.9846801757812 480.8829345703125 -2.014601707458496
552.2671508789062 477.27044677734375 -2.014601707458496
550.5496215820312 473.657958984375 -2.014601707458496
548.8320922851562 470.04547119140625 -2.014601707458496
547.1145629882812 466.4329833984375 -2.014601707458496
545.3970336914062 462.82049560546875 -2.014601707458496
545.3970336914062 462.82049560546875 -2.4146018028259277
545.2283325195312 462.6020812988281 -2.042360544204712
545.2283325195312 462.6020812988281 -2.4423606395721436
542.1669921875 460.0275573730469 -2.4423606395721436
541.9923095703125 459.81390380859375 -2.0701193809509277
541.9923095703125 459.81390380859375 -2.4701194763183594
541.811767578125 459.6051940917969 -2.0978782176971436
539.7997436523438 456.1480712890625 -2.0978782176971436
539.7997436523438 456.1480712890625 -2.497878313064575
539.6134643554688 455.9444274902344 -2.1256370544433594
537.5062255859375 452.54449462890625 -2.1256370544433594
537.5062255859375 452.54449462890625 -2.525637149810791
537.3143310546875 452.3460998535156 -2.153395891189575
537.3143310546875 452.3460998535156 -2.553395986557007
537.1170043945312 452.1531066894531 -2.181154727935791
534.8243408203125 448.8753356933594 -2.181154727935791
534.8243408203125 448.8753356933594 -2.5811548233032227
534.6217651367188 448.6878967285156 -2.208913564682007
532.239013671875 445.47503662109375 -2.208913564682007
532.239013671875 445.47503662109375 -2.6089136600494385
528.793212890625 443.44366455078125 -2.6089136600494385
525.347412109375 441.41229248046875 -2.6089136600494385
521.901611328125 439.38092041015625 -2.6089136600494385
518.455810546875 437.34954833984375 -2.6089136600494385
515.010009765625 435.31817626953125 -2.6089136600494385
511.564208984375 433.28680419921875 -2.6089136600494385
508.118408203125 431.25543212890625 -2.6089136600494385
504.672607421875 429.22406005859375 -2.6089136600494385
501.226806640625 427.19268798828125 -2.6089136600494385
497.781005859375 425.16131591796875 -2.6089136600494385
494.335205078125 423.12994384765625 -2.6089136600494385
490.889404296875 421.09857177734375 -2.6089136600494385
487.443603515625 419.06719970703125 -2.6089136600494385
483.997802734375 417.03582763671875 -2.6089136600494385
483.1981506347656 416.3878173828125 -2.312215805053711
480.4967956542969 413.4377746582031 -2.312215805053711
477.7954406738281 410.48773193359375 -2.312215805053711
477.7954406738281 410.48773193359375 -2.7122159004211426
474.1585388183594 408.822509765625 -2.7122159004211426
470.5216369628906 407.15728759765625 -2.7122159004211426
466.8847351074219 405.4920654296875 -2.7122159004211426
463.2478332519531 403.82684326171875 -2.7122159004211426
459.6109313964844 402.16162109375 -2.7122159004211426
455.9740295410156 400.49639892578125 -2.7122159004211426
452.3371276855469 398.8311767578125 -2.7122159004211426
448.7002258300781 397.16595458984375 -2.7122159004211426
445.0633239746094 395.500732421875 -2.7122159004211426
441.4264221191406 393.83551025390625 -2.7122159004211426
437.7895202636719 392.1702880859375 -2.7122159004211426
434.1526184082031 390.50506591796875 -2.7122159004211426
430.5157165527344 388.83984375 -2.7122159004211426
426.8788146972656 387.17462158203125 -2.7122159004211426
423.2419128417969 385.5093994140625 -2.7122159004211426
419.6050109863281 383.84417724609375 -2.7122159004211426
415.9681091308594 382.178955078125 -2.7122159004211426
412.3312072753906 380.51373291015625 -2.7122159004211426
408.6943054199219 378.8485107421875 -2.7122159004211426
405.0574035644531 377.18328857421875 -2.7122159004211426
401.4205017089844 375.51806640625 -2.7122159004211426
397.7835998535156 373.85284423828125 -2.7122159004211426
394.1466979980469 372.1876220703125 -2.7122159004211426
390.5097961425781 370.52239990234375 -2.7122159004211426
386.8728942871094 368.857177734375 -2.7122159004211426
383.2359924316406 367.19195556640625 -2.7122159004211426
379.5990905761719 365.5267333984375 -2.7122159004211426
375.9621887207031 363.86151123046875 -2.7122159004211426
372.3252868652344 362.1962890625 -2.7122159004211426
368.6883850097656 360.53106689453125 -2.7122159004211426
365.0514831542969 358.8658447265625 -2.7122159004211426
361.4145812988281 357.20062255859375 -2.7122159004211426
357.7776794433594 355.535400390625 -2.7122159004211426
354.1407775878906 353.87017822265625 -2.7122159004211426
350.5038757324219 352.2049560546875 -2.7122159004211426
346.8669738769531 350.53973388671875 -2.7122159004211426
343.2300720214844 348.87451171875 -2.7122159004211426
339.5931701660156 347.20928955078125 -2.7122159004211426
335.9562683105469 345.5440673828125 -2.7122159004211426
332.3193664550781 343.87884521484375 -2.7122159004211426
328.6824645996094 342.213623046875 -2.7122159004211426
325.0455627441406 340.54840087890625 -2.7122159004211426
321.4086608886719 338.8831787109375 -2.7122159004211426
317.7717590332031 337.21795654296875 -2.7122159004211426
314.1348571777344 335.552734375 -2.7122159004211426
310.4979553222656 333.88751220703125 -2.7122159004211426
306.8610534667969 332.2222900390625 -2.7122159004211426
303.2241516113281 330.55706787109375 -2.7122159004211426
299.5872497558594 328.891845703125 -2.7122159004211426
295.9503479003906 327.22662353515625 -2.7122159004211426
292.3134460449219 325.5614013671875 -2.7122159004211426
288.6765441894531 323.89617919921875 -2.7122159004211426
285.0396423339844 322.23095703125 -2.7122159004211426
281.4027404785156 320.56573486328125 -2.7122159004211426
277.7658386230469 318.9005126953125 -2.7122159004211426
274.1289367675781 317.23529052734375 -2.7122159004211426
270.4920349121094 315.570068359375 -2.7122159004211426
266.8551330566406 313.90484619140625 -2.7122159004211426
263.2182312011719 312.2396240234375 -2.7122159004211426
259.5813293457031 310.57440185546875 -2.7122159004211426
255.94442749023438 308.9091796875 -2.7122159004211426
252.30752563476562 307.24395751953125 -2.7122159004211426
248.67062377929688 305.5787353515625 -2.7122159004211426
245.03372192382812 303.91351318359375 -2.7122159004211426
245.03372192382812 303.91351318359375 -2.312215805053711
242.33238220214844 300.9634704589844 -2.312215805053711
239.63104248046875 298.013427734375 -2.312215805053711
236.92970275878906 295.0633850097656 -2.312215805053711
234.22836303710938 292.11334228515625 -2.312215805053711
231.5270233154297 289.1632995605469 -2.312215805053711
228.82568359375 286.2132568359375 -2.312215805053711
226.1243438720703 283.2632141113281 -2.312215805053711
223.42300415039062 280.31317138671875 -2.312215805053711
223.42300415039062 280.31317138671875 -1.9122158288955688
222.08370971679688 276.5440368652344 -1.9122158288955688
220.74441528320312 272.77490234375 -1.9122158288955688
219.40512084960938 269.0057678222656 -1.9122158288955688
218.06582641601562 265.23663330078125 -1.9122158288955688
216.72653198242188 261.4674987792969 -1.9122158288955688
215.38723754882812 257.6983642578125 -1.9122158288955688
214.04794311523438 253.9292449951172 -1.9122158288955688
212.70864868164062 250.16012573242188 -1.9122158288955688
211.36935424804688 246.39100646972656 -1.9122158288955688
210.03005981445312 242.62188720703125 -1.9122158288955688
208.69076538085938 238.85276794433594 -1.9122158288955688
208.69076538085938 238.85276794433594 -1.5122158527374268
208.92495727539062 234.85963439941406 -1.5122158527374268
209.15914916992188 230.8665008544922 -1.5122158527374268
209.39334106445312 226.8733673095703 -1.5122158527374268
209.62753295898438 222.88023376464844 -1.5122158527374268
209.86172485351562 218.88710021972656 -1.5122158527374268
210.09591674804688 214.8939666748047 -1.5122158527374268
210.33010864257812 210.9008331298828 -1.5122158527374268
210.56430053710938 206.90769958496094 -1.5122158527374268
210.56430053710938 206.90769958496094 -1.1122158765792847
212.3350067138672 203.3209686279297 -1.1122158765792847
214.105712890625 199.73423767089844 -1.1122158765792847
215.8764190673828 196.1475067138672 -1.1122158765792847
217.64712524414062 192.56077575683594 -1.1122158765792847
219.41783142089844 188.9740447998047 -1.1122158765792847
221.18853759765625 185.38731384277344 -1.1122158765792847
221.18853759765625 185.38731384277344 -0.7122159004211426
224.21620178222656 182.7732696533203 -0.7122159004211426
227.24386596679688 180.1592254638672 -0.7122159004211426
230.2715301513672 177.54518127441406 -0.7122159004211426
233.2991943359375 174.93113708496094 -0.7122159004211426
236.3268585205078 172.3170928955078 -0.7122159004211426
239.35452270507812 169.7030487060547 -0.7122159004211426
242.38218688964844 167.08900451660156 -0.7122159004211426
245.40985107421875 164.47496032714844 -0.7122159004211426
245.40985107421875 164.47496032714844 -0.3122158944606781
249.2164764404297 163.2462921142578 -0.3122158944606781
253.02310180664062 162.0176239013672 -0.3122158944606781
256.8297119140625 160.78895568847656 -0.3122158944606781
260.6363220214844 159.56028747558594 -0.3122158944606781
264.44293212890625 158.3316192626953 -0.3122158944606781
268.2495422363281 157.1029510498047 -0.3122158944606781
272.05615234375 155.87428283691406 -0.3122158944606781
275.8627624511719 154.64561462402344 -0.3122158944606781
279.66937255859375 153.4169464111328 -0.3122158944606781
283.4759826660156 152.1882781982422 -0.3122158944606781
287.2825927734375 150.95960998535156 -0.3122158944606781
291.0892028808594 149.73094177246094 -0.3122158944606781
294.89581298828125 148.5022735595703 -0.3122158944606781
298.7024230957031 147.2736053466797 -0.3122158944606781
302.509033203125 146.04493713378906 -0.3122158944606781
306.3156433105469 144.81626892089844 -0.3122158944606781
310.12225341796875 143.5876007080078 -0.3122158944606781
313.9288635253906 142.3589324951172 -0.3122158944606781
317.7354736328125 141.13026428222656 -0.3122158944606781
321.5420837402344 139.90159606933594 -0.3122158944606781
325.34869384765625 138.6729278564453 -0.3122158944606781
329.1553039550781 137.4442596435547 -0.3122158944606781
332.9619140625 136.21559143066406 -0.3122158944606781
336.7685241699219 134.98692321777344 -0.3122158944606781
340.57513427734375 133.7582550048828 -0.3122158944606781
344.3817443847656 132.5295867919922 -0.3122158944606781
348.1883544921875 131.30091857910156 -0.3122158944606781
351.9949645996094 130.07225036621094 -0.3122158944606781
355.80157470703125 128.8435821533203 -0.3122158944606781
359.6081848144531 127.61490631103516 -0.3122158944606781
363.414794921875 126.38623046875 -0.3122158944606781
367.2214050292969 125.15755462646484 -0.3122158944606781
371.02801513671875 123.92887878417969 -0.3122158944606781
374.8346252441406 122.70020294189453 -0.3122158944606781
378.6412353515625 121.47152709960938 -0.3122158944606781
382.4478454589844 120.24285125732422 -0.3122158944606781
386.25445556640625 119.01417541503906 -0.3122158944606781
390.0610656738281 117.7854995727539 -0.3122158944606781
393.86767578125 116.55682373046875 -0.3122158944606781
397.6742858886719 115.3281478881836 -0.3122158944606781
401.48089599609375 114.09947204589844 -0.3122158944606781
405.2875061035156 112.87079620361328 -0.3122158944606781
409.0941162109375 111.64212036132812 -0.3122158944606781
412.9007263183594 110.41344451904297 -0.3122158944606781
416.70733642578125 109.18476867675781 -0.3122158944606781
420.5139465332031 107.95609283447266 -0.3122158944606781
424.320556640625 106.7274169921875 -0.3122158944606781
428.1271667480469 105.49874114990234 -0.3122158944606781
431.93377685546875 104.27006530761719 -0.3122158944606781
435.7403869628906 103.04138946533203 -0.3122158944606781
439.5469970703125 101.81271362304688 -0.3122158944606781
443.3536071777344 100.58403778076172 -0.3122158944606781
447.16021728515625 99.35536193847656 -0.3122158944606781
450.9668273925781 98.1266860961914 -0.3122158944606781
454.7734375 96.89801025390625 -0.3122158944606781
458.5800476074219 95.6693344116211 -0.3122158944606781
462.38665771484375 94.44065856933594 -0.3122158944606781
466.1932678222656 93.21198272705078 -0.3122158944606781
469.9998779296875 91.98330688476562 -0.3122158944606781
473.8064880371094 90.75463104248047 -0.3122158944606781
477.61309814453125 89.52595520019531 -0.3122158944606781
481.4197082519531 88.29727935791016 -0.3122158944606781
485.226318359375 87.068603515625 -0.3122158944606781
489.0329284667969 85.83992767333984 -0.3122158944606781
492.83953857421875 84.61125183105469 -0.3122158944606781
496.6461486816406 83.38257598876953 -0.3122158944606781
500.4527587890625 82.15390014648438 -0.3122158944606781
504.2593688964844 80.92522430419922 -0.3122158944606781
508.06597900390625 79.69654846191406 -0.3122158944606781
511.8725891113281 78.4678726196289 -0.3122158944606781
515.67919921875 77.23919677734375 -0.3122158944606781
519.48583984375 76.0105209350586 -0.3122158944606781
523.29248046875 74.78184509277344 -0.3122158944606781
527.09912109375 73.55316925048828 -0.3122158944606781
530.90576171875 72.32449340820312 -0.3122158944606781
534.71240234375 71.09581756591797 -0.3122158944606781
538.51904296875 69.86714172363281 -0.3122158944606781
542.32568359375 68.63846588134766 -0.3122158944606781
546.13232421875 67.4097900390625 -0.3122158944606781
549.93896484375 66.18111419677734 -0.3122158944606781
553.74560546875 64.95243835449219 -0.3122158944606781
557.55224609375 63.7237663269043 -0.3122158944606781
561.35888671875 62.495094299316406 -0.3122158944606781
565.16552734375 61.266422271728516 -0.3122158944606781
568.97216796875 60.037750244140625 -0.3122158944606781
572.77880859375 58.809078216552734 -0.3122158944606781
576.58544921875 57.580406188964844 -0.3122158944606781
576.58544921875 57.580406188964844 -0.7122159004211426
576.58544921875 57.580406188964844 -1.1122158765792847
576.58544921875 57.580406188964844 -1.5122158527374268
576.58544921875 57.580406188964844 -1.9122158288955688
576.58544921875 57.580406188964844 -2.312215805053711
576.58544921875 57.580406188964844 -2.7122159004211426
572.9485473632812 55.91518783569336 -2.7122159004211426
569.3116455078125 54.249969482421875 -2.7122159004211426
565.6747436523438 52.58475112915039 -2.7122159004211426
562.037841796875 50.919532775878906 -2.7122159004211426
558.4009399414062 49.25431442260742 -2.7122159004211426
554.7640380859375 47.58909606933594 -2.7122159004211426
551.1271362304688 45.92387771606445 -2.7122159004211426
547.490234375 44.25865936279297 -2.7122159004211426
543.8533325195312 42.593441009521484 -2.7122159004211426
540.2164306640625 40.92822265625 -2.7122159004211426
536.5795288085938 39.263004302978516 -2.7122159004211426
536.5795288085938 39.263004302978516 -3.112215995788574
532.5812377929688 39.14551544189453 -3.112215995788574
528.5829467773438 39.02802658081055 -3.112215995788574
524.5846557617188 38.91053771972656 -3.112215995788574
520.5863647460938 38.79304885864258 -3.112215995788574
516.5880737304688 38.675559997558594 -3.112215995788574
512.5897827148438 38.55807113647461 -3.112215995788574
508.5915222167969 38.440582275390625 -3.112215995788574
504.59326171875 38.32309341430664 -3.112215995788574
500.5950012207031 38.205604553222656 -3.112215995788574
496.59674072265625 38.08811569213867 -3.112215995788574
492.5984802246094 37.97062683105469 -3.112215995788574
488.6002197265625 37.8531379699707 -3.112215995788574
484.6019592285156 37.73564910888672 -3.112215995788574
480.60369873046875 37.618160247802734 -3.112215995788574
476.6054382324219 37.50067138671875 -3.112215995788574
472.607177734375 37.383182525634766 -3.112215995788574
468.6089172363281 37.26569366455078 -3.112215995788574
464.61065673828125 37.1482048034668 -3.112215995788574
460.6123962402344 37.03071594238281 -3.112215995788574
456.6141357421875 36.91322708129883 -3.112215995788574
452.6158752441406 36.795738220214844 -3.112215995788574
448.61761474609375 36.67824935913086 -3.112215995788574
448.3480224609375 36.619232177734375 -2.7399747371673584
448.3480224609375 36.619232177734375 -3.13997483253479
448.0768737792969 36.56772232055664 -2.767733573913574
444.3531799316406 35.10688018798828 -2.767733573913574
444.3531799316406 35.10688018798828 3.1154515743255615
440.35455322265625 35.21143341064453 3.1154515743255615
436.3559265136719 35.31598663330078 3.1154515743255615
432.3572998046875 35.42053985595703 3.1154515743255615
428.3586730957031 35.52509307861328 3.1154515743255615
424.36004638671875 35.62964630126953 3.1154515743255615
420.3614196777344 35.73419952392578 3.1154515743255615
416.36279296875 35.83875274658203 3.1154515743255615
412.3641662597656 35.94330596923828 3.1154515743255615
408.36553955078125 36.04785919189453 3.1154515743255615
404.3669128417969 36.15241241455078 3.1154515743255615
400.3682861328125 36.25696563720703 3.1154515743255615
396.3696594238281 36.36151885986328 3.1154515743255615
392.37103271484375 36.46607208251953 3.1154515743255615
388.3724060058594 36.57062530517578 3.1154515743255615
384.373779296875 36.67517852783203 3.1154515743255615
384.101318359375 36.6312141418457 -2.79549241065979
380.3385009765625 35.274288177490234 -2.79549241065979
376.57568359375 33.917362213134766 -2.79549241065979
376.57568359375 33.917362213134766 3.0876927375793457
376.3020935058594 33.880977630615234 -2.823251247406006
372.5030822753906 32.62900924682617 -2.823251247406006
372.5030822753906 32.62900924682617 3.05993390083313
372.2286071777344 32.6002311706543 -2.8510100841522217
368.39630126953125 31.45418930053711 -2.8510100841522217
364.5639953613281 30.308147430419922 -2.8510100841522217
360.731689453125 29.162105560302734 -2.8510100841522217
360.731689453125 29.162105560302734 3.032175064086914
360.4565124511719 29.14095687866211 -2.8787689208984375
356.5938720703125 28.101722717285156 -2.8787689208984375
352.7312316894531 27.062488555908203 -2.8787689208984375
352.7312316894531 27.062488555908203 3.0044162273406982
352.45556640625 27.048986434936523 -2.9065277576446533
348.5655822753906 26.11736297607422 -2.9065277576446533
344.67559814453125 25.18573760986328 -2.9065277576446533
344.67559814453125 25.18573760986328 2.9766573905944824
340.7298889160156 25.842491149902344 2.9766573905944824
336.7841796875 26.499244689941406 2.9766573905944824
332.8384704589844 27.15599822998047 2.9766573905944824
328.89276123046875 27.81275177001953 2.9766573905944824
324.9470520019531 28.469505310058594 2.9766573905944824
321.0013427734375 29.126258850097656 2.9766573905944824
317.0556335449219 29.78301239013672 2.9766573905944824
313.10992431640625 30.43976593017578 2.9766573905944824
309.1642150878906 31.096519470214844 2.9766573905944824
305.218505859375 31.753273010253906 2.9766573905944824
301.2727966308594 32.41002655029297 2.9766573905944824
297.32708740234375 33.06678009033203 2.9766573905944824
293.3813781738281 33.723533630371094 2.9766573905944824
289.4356689453125 34.380287170410156 2.9766573905944824
285.4899597167969 35.03704071044922 2.9766573905944824
281.54425048828125 35.69379425048828 2.9766573905944824
277.5985412597656 36.350547790527344 2.9766573905944824
273.65283203125 37.007301330566406 2.9766573905944824
269.7071228027344 37.66405487060547 2.9766573905944824
265.76141357421875 38.32080841064453 2.9766573905944824
261.8157043457031 38.977561950683594 2.9766573905944824
257.8699951171875 39.634315490722656 2.9766573905944824
253.92428588867188 40.29106903076172 2.9766573905944824
249.97857666015625 40.94782257080078 2.9766573905944824
246.03286743164062 41.604576110839844 2.9766573905944824
242.087158203125 42.261329650878906 2.9766573905944824
238.14144897460938 42.91808319091797 2.9766573905944824
234.19573974609375 43.57483673095703 2.9766573905944824
230.25003051757812 44.231590270996094 2.9766573905944824
226.3043212890625 44.888343811035156 2.9766573905944824
222.35861206054688 45.54509735107422 2.9766573905944824
218.41290283203125 46.20185089111328 2.9766573905944824
214.46719360351562 46.858604431152344 2.9766573905944824
210.521484375 47.515357971191406 2.9766573905944824
206.57577514648438 48.17211151123047 2.9766573905944824
202.63006591796875 48.82886505126953 2.9766573905944824
198.68435668945312 49.485618591308594 2.9766573905944824
194.7386474609375 50.142372131347656 2.9766573905944824
190.79293823242188 50.79912567138672 2.9766573905944824
186.84722900390625 51.45587921142578 2.9766573905944824
182.90151977539062 52.112632751464844 2.9766573905944824
178.955810546875 52.769386291503906 2.9766573905944824
175.01010131835938 53.42613983154297 2.9766573905944824
171.06439208984375 54.08289337158203 2.9766573905944824
167.11868286132812 54.739646911621094 2.9766573905944824
163.1729736328125 55.396400451660156 2.9766573905944824
159.22726440429688 56.05315399169922 2.9766573905944824
155.28155517578125 56.70990753173828 2.9766573905944824
151.33584594726562 57.366661071777344 2.9766573905944824
147.39013671875 58.023414611816406 2.9766573905944824
143.44442749023438 58.68016815185547 2.9766573905944824
139.49871826171875 59.33692169189453 2.9766573905944824
135.55300903320312 59.993675231933594 2.9766573905944824
131.6072998046875 60.650428771972656 2.9766573905944824
127.66158294677734 61.30718231201172 2.9766573905944824
123.71586608886719 61.96393585205078 2.9766573905944824
119.77014923095703 62.620689392089844 2.9766573905944824
115.82443237304688 63.277442932128906 2.9766573905944824
111.87871551513672 63.93419647216797 2.9766573905944824
107.93299865722656 64.59095001220703 2.9766573905944824
103.9872817993164 65.2477035522461 2.9766573905944824
100.04156494140625 65.90445709228516 2.9766573905944824
96.0958480834961 66.56121063232422 2.9766573905944824
92.15013122558594 67.21796417236328 2.9766573905944824
88.20441436767578 67.87471771240234 2.9766573905944824
84.25869750976562 68.5314712524414 2.9766573905944824
80.31298065185547 69.18822479248047 2.9766573905944824
76.36726379394531 69.84497833251953 2.9766573905944824
72.42154693603516 70.5017318725586 2.9766573905944824
68.475830078125 71.15848541259766 2.9766573905944824
64.53011322021484 71.81523895263672 2.9766573905944824
60.58439636230469 72.47199249267578 2.9766573905944824
56.63867950439453 73.12874603271484 2.9766573905944824
52.692962646484375 73.7854995727539 2.9766573905944824
48.74724578857422 74.44225311279297 2.9766573905944824
44.80152893066406 75.09900665283203 2.9766573905944824
40.855812072753906 75.7557601928711 2.9766573905944824
36.91009521484375 76.41251373291016 2.9766573905944824
32.964378356933594 77.06926727294922 2.9766573905944824
29.018661499023438 77.72602081298828 2.9766573905944824
25.07294464111328 78.38277435302734 2.9766573905944824
21.127227783203125 79.0395278930664 2.9766573905944824
17.18151092529297 79.69628143310547 2.9766573905944824
17.18151092529297 79.69628143310547 2.9766573905944824
17.18151092529297 79.69628143310547 2.9766573905944824
17.18151092529297 79.69628143310547 2.9766573905944824
17.18151092529297 79.69628143310547 2.9766573905944824
17.18151092529297 79.69628143310547 2.9766573905944824
17.18151092529297 79.69628143310547 2.9766573905944824
17.18151092529297 79.69628143310547 2.9766573905944824
17.18151092529297 79.69628143310547 2.9766573905944824
17.18151092529297 79.69628143310547 2.9766573905944824
17.18151092529297 79.69628143310547 2.9766573905944824
