62.828426361083984 452.82843017578125 0.7853981852531433
65.65685272216797 455.6568603515625 0.7853981852531433
68.48528289794922 458.48529052734375 0.7853981852531433
71.31371307373047 461.313720703125 0.7853981852531433
74.14214324951172 464.14215087890625 0.7853981852531433
76.97057342529297 466.9705810546875 0.7853981852531433
79.79900360107422 469.79901123046875 0.7853981852531433
82.62743377685547 472.62744140625 0.7853981852531433
85.45586395263672 475.45587158203125 0.7853981852531433
88.28429412841797 478.2843017578125 0.7853981852531433
91.11272430419922 481.11273193359375 0.7853981852531433
93.94115447998047 483.941162109375 0.7853981852531433
96.76958465576172 486.76959228515625 0.7853981852531433
99.59801483154297 489.5980224609375 0.7853981852531433
102.42644500732422 492.42645263671875 0.7853981852531433
105.25487518310547 495.2548828125 0.7853981852531433
108.08330535888672 498.08331298828125 0.7853981852531433
110.91173553466797 500.9117431640625 0.7853981852531433
113.74016571044922 503.74017333984375 0.7853981852531433
116.56859588623047 506.568603515625 0.7853981852531433
119.39702606201172 509.39703369140625 0.7853981852531433
122.22545623779297 512.2254638671875 0.7853981852531433
125.05388641357422 515.0538940429688 0.7853981852531433
127.88231658935547 517.88232421875 0.7853981852531433
130.7107391357422 520.7107543945312 0.7853981852531433
133.53916931152344 523.5391845703125 0.7853981852531433
136.3675994873047 526.3676147460938 0.7853981852531433
136.82861328125 526.6923828125 0.44206851720809937
140.444091796875 528.4036254882812 0.44206851720809937
144.0595703125 530.1148681640625 0.44206851720809937
147.675048828125 531.8261108398438 0.44206851720809937
148.21847534179688 531.9767456054688 0.09873884916305542
152.19898986816406 532.3710327148438 0.09873884916305542
156.17950439453125 532.7653198242188 0.09873884916305542
160.16001892089844 533.1596069335938 0.09873884916305542
164.14053344726562 533.5538940429688 0.09873884916305542
164.7029571533203 533.5128173828125 -0.24459081888198853
168.5839080810547 532.544189453125 -0.24459081888198853
172.46485900878906 531.5755615234375 -0.24459081888198853
176.34580993652344 530.60693359375 -0.24459081888198853
180.2267608642578 529.6383056640625 -0.24459081888198853
184.1077117919922 528.669677734375 -0.24459081888198853
187.98866271972656 527.7010498046875 -0.24459081888198853
191.86961364746094 526.732421875 -0.24459081888198853
195.7505645751953 525.7637939453125 -0.24459081888198853
196.26634216308594 525.5357666015625 -0.5879204869270325
199.5947265625 523.3172607421875 -0.5879204869270325
202.92311096191406 521.0987548828125 -0.5879204869270325
206.25149536132812 518.8802490234375 -0.5879204869270325
209.5798797607422 516.6617431640625 -0.5879204869270325
212.90826416015625 514.4432373046875 -0.5879204869270325
216.2366485595703 512.2247314453125 -0.5879204869270325
219.56503295898438 510.0061950683594 -0.5879204869270325
222.89341735839844 507.78765869140625 -0.5879204869270325
226.2218017578125 505.5691223144531 -0.5879204869270325
229.55018615722656 503.3505859375 -0.5879204869270325
232.87857055664062 501.1320495605469 -0.5879204869270325
236.2069549560547 498.91351318359375 -0.5879204869270325
239.53533935546875 496.6949768066406 -0.5879204869270325
242.8637237548828 494.4764404296875 -0.5879204869270325
246.19210815429688 492.2579040527344 -0.5879204869270325
249.52049255371094 490.03936767578125 -0.5879204869270325
252.848876953125 487.8208312988281 -0.5879204869270325
256.17724609375 485.602294921875 -0.5879204869270325
259.505615234375 483.3837585449219 -0.5879204869270325
262.833984375 481.16522216796875 -0.5879204869270325
266.162353515625 478.9466857910156 -0.5879204869270325
269.49072265625 476.7281494140625 -0.5879204869270325
272.819091796875 474.5096130371094 -0.5879204869270325
276.1474609375 472.29107666015625 -0.5879204869270325
279.475830078125 470.0725402832031 -0.5879204869270325
282.80419921875 467.85400390625 -0.5879204869270325
286.132568359375 465.6354675292969 -0.5879204869270325
289.4609375 463.41693115234375 -0.5879204869270325
292.789306640625 461.1983947753906 -0.5879204869270325
296.11767578125 458.9798583984375 -0.5879204869270325
299.446044921875 456.7613220214844 -0.5879204869270325
302.7744140625 454.54278564453125 -0.5879204869270325
306.102783203125 452.3242492675781 -0.5879204869270325
309.43115234375 450.105712890625 -0.5879204869270325
312.759521484375 447.8871765136719 -0.5879204869270325
316.087890625 445.66864013671875 -0.5879204869270325
316.087890625 445.66864013671875 -0.187920480966568
320.0174560546875 444.92138671875 -0.187920480966568
323.947021484375 444.17413330078125 -0.187920480966568
327.8765869140625 443.4268798828125 -0.187920480966568
327.8765869140625 443.4268798828125 0.21207952499389648
331.7869567871094 444.26885986328125 0.21207952499389648
331.7869567871094 444.26885986328125 0.6120795011520386
335.060791015625 446.567138671875 0.6120795011520386
338.3346252441406 448.86541748046875 0.6120795011520386
341.60845947265625 451.1636962890625 0.6120795011520386
344.8822937011719 453.46197509765625 0.6120795011520386
348.1561279296875 455.76025390625 0.6120795011520386
351.4299621582031 458.05853271484375 0.6120795011520386
354.70379638671875 460.3568115234375 0.6120795011520386
357.9776306152344 462.65509033203125 0.6120795011520386
361.25146484375 464.953369140625 0.6120795011520386
364.5252990722656 467.25164794921875 0.6120795011520386
367.79913330078125 469.5499267578125 0.6120795011520386
371.0729675292969 471.84820556640625 0.6120795011520386
374.3468017578125 474.146484375 0.6120795011520386
377.6206359863281 476.44476318359375 0.6120795011520386
380.89447021484375 478.7430419921875 0.6120795011520386
384.1683044433594 481.04132080078125 0.6120795011520386
387.442138671875 483.339599609375 0.6120795011520386
390.7159729003906 485.63787841796875 0.6120795011520386
393.98980712890625 487.9361572265625 0.6120795011520386
397.2636413574219 490.23443603515625 0.6120795011520386
400.5374755859375 492.53271484375 0.6120795011520386
403.8113098144531 494.83099365234375 0.6120795011520386
407.08514404296875 497.1292724609375 0.6120795011520386
410.3589782714844 499.42755126953125 0.6120795011520386
413.6328125 501.725830078125 0.6120795011520386
416.9066467285156 504.02410888671875 0.6120795011520386
420.18048095703125 506.3223876953125 0.6120795011520386
423.4543151855469 508.62066650390625 0.6120795011520386
426.7281494140625 510.9189453125 0.6120795011520386
430.0019836425781 513.2172241210938 0.6120795011520386
433.27581787109375 515.5155029296875 0.6120795011520386
436.5496520996094 517.8137817382812 0.6120795011520386
439.823486328125 520.112060546875 0.6120795011520386
443.0973205566406 522.4103393554688 0.6120795011520386
446.37115478515625 524.7086181640625 0.6120795011520386
449.6449890136719 527.0068969726562 0.6120795011520386
452.9188232421875 529.30517578125 0.6120795011520386
456.1926574707031 531.6034545898438 0.6120795011520386
459.46649169921875 533.9017333984375 0.6120795011520386
462.7403259277344 536.2000122070312 0.6120795011520386
466.01416015625 538.498291015625 0.6120795011520386
466.5242614746094 538.7387084960938 0.26874983310699463
470.38067626953125 539.8008422851562 0.26874983310699463
474.2370910644531 540.8629760742188 0.26874983310699463
478.093505859375 541.9251098632812 0.26874983310699463
481.9499206542969 542.9872436523438 0.26874983310699463
485.80633544921875 544.0493774414062 0.26874983310699463
489.6627502441406 545.1115112304688 0.26874983310699463
493.5191650390625 546.1736450195312 0.26874983310699463
497.3755798339844 547.2357788085938 0.26874983310699463
501.23199462890625 548.2979125976562 0.26874983310699463
501.79327392578125 548.3526000976562 -0.07457983493804932
502.3401794433594 548.2151489257812 -0.41790950298309326
505.9959411621094 546.5917358398438 -0.41790950298309326
509.6517028808594 544.9683227539062 -0.41790950298309326
513.3074340820312 543.3449096679688 -0.41790950298309326
513.7761840820312 543.0313720703125 -0.7612391710281372
516.672119140625 540.2720947265625 -0.7612391710281372
519.5680541992188 537.5128173828125 -0.7612391710281372
522.4639892578125 534.7535400390625 -0.7612391710281372
525.3599243164062 531.9942626953125 -0.7612391710281372
525.6957397460938 531.541259765625 -1.1045688390731812
527.4938354492188 527.9682006835938 -1.1045688390731812
529.2919311523438 524.3951416015625 -1.1045688390731812
531.0900268554688 520.8220825195312 -1.1045688390731812
532.8881225585938 517.2490234375 -1.1045688390731812
534.6862182617188 513.6759643554688 -1.1045688390731812
536.4843139648438 510.1028747558594 -1.1045688390731812
536.6480102539062 509.563232421875 -1.447898507118225
537.1383666992188 505.5934143066406 -1.447898507118225
537.6287231445312 501.62359619140625 -1.447898507118225
537.6012573242188 501.0603332519531 -1.791228175163269
536.7266235351562 497.1571350097656 -1.791228175163269
535.8519897460938 493.2539367675781 -1.791228175163269
534.9773559570312 489.3507385253906 -1.791228175163269
534.1027221679688 485.4475402832031 -1.791228175163269
533.6891479492188 484.35479736328125 -2.074000597000122
531.7601928710938 480.8506164550781 -2.074000597000122
529.8312377929688 477.346435546875 -2.074000597000122
527.9022827148438 473.8422546386719 -2.074000597000122
525.9733276367188 470.33807373046875 -2.074000597000122
524.0443725585938 466.8338928222656 -2.074000597000122
522.1154174804688 463.3297119140625 -2.074000597000122
520.1864624023438 459.8255310058594 -2.074000597000122
518.2575073242188 456.32135009765625 -2.074000597000122
517.9051513671875 455.88104248046875 -2.417330265045166
514.9091796875 453.230712890625 -2.417330265045166
511.9132385253906 450.58038330078125 -2.417330265045166
508.91729736328125 447.9300537109375 -2.417330265045166
505.9213562011719 445.27972412109375 -2.417330265045166
502.9254150390625 442.62939453125 -2.417330265045166
499.9294738769531 439.97906494140625 -2.417330265045166
496.93353271484375 437.3287353515625 -2.417330265045166
493.9375915527344 434.67840576171875 -2.417330265045166
490.941650390625 432.028076171875 -2.417330265045166
487.9457092285156 429.37774658203125 -2.417330265045166
484.94976806640625 426.7274169921875 -2.417330265045166
481.9538269042969 424.07708740234375 -2.417330265045166
478.9578857421875 421.4267578125 -2.417330265045166
475.9619445800781 418.77642822265625 -2.417330265045166
472.96600341796875 416.1260986328125 -2.417330265045166
469.9700622558594 413.47576904296875 -2.417330265045166
466.97412109375 410.825439453125 -2.417330265045166
463.9781799316406 408.17510986328125 -2.417330265045166
460.98223876953125 405.5247802734375 -2.417330265045166
457.9862976074219 402.87445068359375 -2.417330265045166
454.9903564453125 400.22412109375 -2.417330265045166
451.9944152832031 397.57379150390625 -2.417330265045166
448.99847412109375 394.9234619140625 -2.417330265045166
446.0025329589844 392.27313232421875 -2.417330265045166
443.006591796875 389.622802734375 -2.417330265045166
440.0106506347656 386.97247314453125 -2.417330265045166
437.01470947265625 384.3221435546875 -2.417330265045166
436.53472900390625 384.0261535644531 -2.76065993309021
432.8214416503906 382.53900146484375 -2.76065993309021
429.108154296875 381.0518493652344 -2.76065993309021
425.3948669433594 379.564697265625 -2.76065993309021
421.68157958984375 378.0775451660156 -2.76065993309021
417.9682922363281 376.59039306640625 -2.76065993309021
414.2550048828125 375.1032409667969 -2.76065993309021
410.5417175292969 373.6160888671875 -2.76065993309021
406.82843017578125 372.1289367675781 -2.76065993309021
403.1151428222656 370.64178466796875 -2.76065993309021
399.40185546875 369.1546325683594 -2.76065993309021
395.6885681152344 367.66748046875 -2.76065993309021
391.97528076171875 366.1803283691406 -2.76065993309021
388.2619934082031 364.69317626953125 -2.76065993309021
384.5487060546875 363.2060241699219 -2.76065993309021
380.8354187011719 361.7188720703125 -2.76065993309021
377.12213134765625 360.2317199707031 -2.76065993309021
373.4088439941406 358.74456787109375 -2.76065993309021
369.695556640625 357.2574157714844 -2.76065993309021
365.9822692871094 355.770263671875 -2.76065993309021
362.26898193359375 354.2831115722656 -2.76065993309021
358.5556945800781 352.79595947265625 -2.76065993309021
354.8424072265625 351.3088073730469 -2.76065993309021
351.1291198730469 349.8216552734375 -2.76065993309021
347.41583251953125 348.3345031738281 -2.76065993309021
343.7025451660156 346.84735107421875 -2.76065993309021
339.9892578125 345.3601989746094 -2.76065993309021
336.2759704589844 343.873046875 -2.76065993309021
332.56268310546875 342.3858947753906 -2.76065993309021
328.8493957519531 340.89874267578125 -2.76065993309021
325.1361083984375 339.4115905761719 -2.76065993309021
321.4228210449219 337.9244384765625 -2.76065993309021
317.70953369140625 336.4372863769531 -2.76065993309021
313.9962463378906 334.95013427734375 -2.76065993309021
310.282958984375 333.4629821777344 -2.76065993309021
306.5696716308594 331.975830078125 -2.76065993309021
302.85638427734375 330.4886779785156 -2.76065993309021
299.1430969238281 329.00152587890625 -2.76065993309021
295.4298095703125 327.5143737792969 -2.76065993309021
291.7165222167969 326.0272216796875 -2.76065993309021
288.00323486328125 324.5400695800781 -2.76065993309021
284.2899475097656 323.05291748046875 -2.76065993309021
280.57666015625 321.5657653808594 -2.76065993309021
280.57666015625 321.5657653808594 -2.3606598377227783
277.7356262207031 318.75 -2.3606598377227783
274.89459228515625 315.9342346191406 -2.3606598377227783
272.0535583496094 313.11846923828125 -2.3606598377227783
269.2125244140625 310.3027038574219 -2.3606598377227783
266.3714904785156 307.4869384765625 -2.3606598377227783
263.53045654296875 304.6711730957031 -2.3606598377227783
260.6894226074219 301.85540771484375 -2.3606598377227783
257.848388671875 299.0396423339844 -2.3606598377227783
255.00735473632812 296.223876953125 -2.3606598377227783
252.16632080078125 293.4081115722656 -2.3606598377227783
249.32528686523438 290.59234619140625 -2.3606598377227783
246.4842529296875 287.7765808105469 -2.3606598377227783
243.64321899414062 284.9608154296875 -2.3606598377227783
240.80218505859375 282.1450500488281 -2.3606598377227783
237.96115112304688 279.32928466796875 -2.3606598377227783
235.1201171875 276.5135192871094 -2.3606598377227783
232.27908325195312 273.69775390625 -2.3606598377227783
229.43804931640625 270.8819885253906 -2.3606598377227783
226.59701538085938 268.06622314453125 -2.3606598377227783
223.7559814453125 265.2504577636719 -2.3606598377227783
223.7559814453125 265.2504577636719 -1.9606598615646362
222.23573303222656 261.5506286621094 -1.9606598615646362
220.71548461914062 257.8507995605469 -1.9606598615646362
220.71548461914062 257.8507995605469 -1.5606598854064941
220.7560272216797 253.8509979248047 -1.5606598854064941
220.79656982421875 249.8511962890625 -1.5606598854064941
220.8371124267578 245.8513946533203 -1.5606598854064941
220.87765502929688 241.85159301757812 -1.5606598854064941
220.91819763183594 237.85179138183594 -1.5606598854064941
220.958740234375 233.85198974609375 -1.5606598854064941
220.99928283691406 229.85218811035156 -1.5606598854064941
221.03982543945312 225.85238647460938 -1.5606598854064941
221.0803680419922 221.8525848388672 -1.5606598854064941
221.12091064453125 217.852783203125 -1.5606598854064941
221.1614532470703 213.8529815673828 -1.5606598854064941
221.20199584960938 209.85317993164062 -1.5606598854064941
221.24253845214844 205.85337829589844 -1.5606598854064941
221.2830810546875 201.85357666015625 -1.5606598854064941
221.32362365722656 197.85377502441406 -1.5606598854064941
221.36416625976562 193.85397338867188 -1.5606598854064941
221.4047088623047 189.8541717529297 -1.5606598854064941
221.4047088623047 189.8541717529297 -1.160659909248352
222.99964904785156 186.1859130859375 -1.160659909248352
222.99964904785156 186.1859130859375 -0.76065993309021
225.8971710205078 183.42831420898438 -0.76065993309021
225.8971710205078 183.42831420898438 -0.3606599271297455
229.63983154296875 182.01675415039062 -0.3606599271297455
233.3824920654297 180.60519409179688 -0.3606599271297455
237.12515258789062 179.19363403320312 -0.3606599271297455
240.86781311035156 177.78207397460938 -0.3606599271297455
244.6104736328125 176.37051391601562 -0.3606599271297455
248.35313415527344 174.95895385742188 -0.3606599271297455
252.09579467773438 173.54739379882812 -0.3606599271297455
255.8384552001953 172.13583374023438 -0.3606599271297455
259.58111572265625 170.72427368164062 -0.3606599271297455
263.3237609863281 169.31271362304688 -0.3606599271297455
267.06640625 167.90115356445312 -0.3606599271297455
270.8090515136719 166.48959350585938 -0.3606599271297455
274.55169677734375 165.07803344726562 -0.3606599271297455
278.2943420410156 163.66647338867188 -0.3606599271297455
282.0369873046875 162.25491333007812 -0.3606599271297455
285.7796325683594 160.84335327148438 -0.3606599271297455
289.52227783203125 159.43179321289062 -0.3606599271297455
293.2649230957031 158.02023315429688 -0.3606599271297455
297.007568359375 156.60867309570312 -0.3606599271297455
300.7502136230469 155.19711303710938 -0.3606599271297455
304.49285888671875 153.78555297851562 -0.3606599271297455
308.2355041503906 152.37399291992188 -0.3606599271297455
311.9781494140625 150.96243286132812 -0.3606599271297455
315.7207946777344 149.55087280273438 -0.3606599271297455
319.46343994140625 148.13931274414062 -0.3606599271297455
323.2060852050781 146.72775268554688 -0.3606599271297455
326.94873046875 145.31619262695312 -0.3606599271297455
330.6913757324219 143.90463256835938 -0.3606599271297455
334.43402099609375 142.49307250976562 -0.3606599271297455
338.1766662597656 141.08151245117188 -0.3606599271297455
341.9193115234375 139.66995239257812 -0.3606599271297455
345.6619567871094 138.25839233398438 -0.3606599271297455
349.40460205078125 136.84683227539062 -0.3606599271297455
353.1472473144531 135.43527221679688 -0.3606599271297455
356.889892578125 134.02371215820312 -0.3606599271297455
360.6325378417969 132.61215209960938 -0.3606599271297455
364.37518310546875 131.20059204101562 -0.3606599271297455
364.37518310546875 131.20059204101562 0.039340078830718994
368.3721008300781 131.35791015625 0.039340078830718994
372.3690185546875 131.51522827148438 0.039340078830718994
376.3659362792969 131.67254638671875 0.039340078830718994
380.36285400390625 131.82986450195312 0.039340078830718994
384.3597717285156 131.9871826171875 0.039340078830718994
388.356689453125 132.14450073242188 0.039340078830718994
392.3536071777344 132.30181884765625 0.039340078830718994
396.35052490234375 132.45913696289062 0.039340078830718994
400.3474426269531 132.616455078125 0.039340078830718994
404.3443603515625 132.77377319335938 0.039340078830718994
408.3412780761719 132.93109130859375 0.039340078830718994
412.33819580078125 133.08840942382812 0.039340078830718994
416.3351135253906 133.2457275390625 0.039340078830718994
420.33203125 133.40304565429688 0.039340078830718994
424.3289489746094 133.56036376953125 0.039340078830718994
428.32586669921875 133.71768188476562 0.039340078830718994
432.3227844238281 133.875 0.039340078830718994
436.3197021484375 134.03231811523438 0.039340078830718994
440.3166198730469 134.18963623046875 0.039340078830718994
444.31353759765625 134.34695434570312 0.039340078830718994
448.3104553222656 134.5042724609375 0.039340078830718994
452.307373046875 134.66159057617188 0.039340078830718994
456.3042907714844 134.81890869140625 0.039340078830718994
460.30120849609375 134.97622680664062 0.039340078830718994
464.2981262207031 135.133544921875 0.039340078830718994
468.2950439453125 135.29086303710938 0.039340078830718994
472.2919616699219 135.44818115234375 0.039340078830718994
476.28887939453125 135.60549926757812 0.039340078830718994
480.2857971191406 135.7628173828125 0.039340078830718994
484.28271484375 135.92013549804688 0.039340078830718994
488.2796325683594 136.07745361328125 0.039340078830718994
492.27655029296875 136.23477172851562 0.039340078830718994
496.2734680175781 136.39208984375 0.039340078830718994
500.2703857421875 136.54940795898438 0.039340078830718994
504.2673034667969 136.70672607421875 0.039340078830718994
508.26422119140625 136.86404418945312 0.039340078830718994
508.8237609863281 136.78958129882812 -0.303935706615448
509.3251037597656 136.5313720703125 -0.6472653746604919
512.5160522460938 134.1193389892578 -0.6472653746604919
515.7069702148438 131.70730590820312 -0.6472653746604919
518.8978881835938 129.29527282714844 -0.6472653746604919
519.2830200195312 128.8833770751953 -0.9905950427055359
521.4757690429688 125.5379638671875 -0.9905950427055359
523.6685180664062 122.19255065917969 -0.9905950427055359
525.8612670898438 118.84713745117188 -0.9905950427055359
528.0540161132812 115.50172424316406 -0.9905950427055359
530.2467651367188 112.15631103515625 -0.9905950427055359
532.4395141601562 108.81089782714844 -0.9905950427055359
534.6322631835938 105.46548461914062 -0.9905950427055359
536.8250122070312 102.12007141113281 -0.9905950427055359
539.0177612304688 98.774658203125 -0.9905950427055359
541.2105102539062 95.42924499511719 -0.9905950427055359
543.4032592773438 92.08383178710938 -0.9905950427055359
545.5960083007812 88.73841857910156 -0.9905950427055359
547.7887573242188 85.39300537109375 -0.9905950427055359
549.9815063476562 82.04759216308594 -0.9905950427055359
552.1742553710938 78.70217895507812 -0.9905950427055359
554.3670043945312 75.35676574707031 -0.9905950427055359
554.5910034179688 74.83924865722656 -1.3339247703552246
554.6277465820312 74.27651977539062 -1.6772544384002686
554.472900390625 73.73426818847656 -2.0205841064453125
554.1445922851562 73.2757797241211 -2.3639137744903564
551.29443359375 70.46926879882812 -2.3639137744903564
550.8309326171875 70.14806365966797 -2.7072434425354004
547.2023315429688 68.46478271484375 -2.7072434425354004
543.57373046875 66.78150177001953 -2.7072434425354004
539.9451293945312 65.09822082519531 -2.7072434425354004
536.3165283203125 63.414939880371094 -2.7072434425354004
532.6879272460938 61.731658935546875 -2.7072434425354004
529.059326171875 60.048377990722656 -2.7072434425354004
525.4307250976562 58.36509704589844 -2.7072434425354004
521.8021240234375 56.68181610107422 -2.7072434425354004
518.1735229492188 54.99853515625 -2.7072434425354004
514.544921875 53.31525421142578 -2.7072434425354004
510.9163513183594 51.63197326660156 -2.7072434425354004
507.28778076171875 49.948692321777344 -2.7072434425354004
503.6592102050781 48.265411376953125 -2.7072434425354004
502.79974365234375 48.01898193359375 -3.01747465133667
498.83050537109375 47.52378463745117 -3.01747465133667
494.86126708984375 47.028587341308594 -3.01747465133667
490.89202880859375 46.533390045166016 -3.01747465133667
486.92279052734375 46.03819274902344 -3.01747465133667
482.95355224609375 45.54299545288086 -3.01747465133667
478.98431396484375 45.04779815673828 -3.01747465133667
475.01507568359375 44.5526008605957 -3.01747465133667
471.04583740234375 44.057403564453125 -3.01747465133667
467.07659912109375 43.56220626831055 -3.01747465133667
463.10736083984375 43.06700897216797 -3.01747465133667
459.13812255859375 42.57181167602539 -3.01747465133667
455.16888427734375 42.07661437988281 -3.01747465133667
451.19964599609375 41.581417083740234 -3.01747465133667
447.23040771484375 41.086219787597656 -3.01747465133667
443.26116943359375 40.59102249145508 -3.01747465133667
439.29193115234375 40.0958251953125 -3.01747465133667
435.32269287109375 39.60062789916992 -3.01747465133667
431.35345458984375 39.105430603027344 -3.01747465133667
427.38421630859375 38.610233306884766 -3.01747465133667
423.41497802734375 38.11503601074219 -3.01747465133667
419.44573974609375 37.61983871459961 -3.01747465133667
415.47650146484375 37.12464141845703 -3.01747465133667
411.50726318359375 36.62944412231445 -3.01747465133667
407.53802490234375 36.134246826171875 -3.01747465133667
403.56878662109375 35.6390495300293 -3.01747465133667
399.59954833984375 35.14385223388672 -3.01747465133667
395.63031005859375 34.64865493774414 -3.01747465133667
391.66107177734375 34.15345764160156 -3.01747465133667
387.69183349609375 33.658260345458984 -3.01747465133667
383.72259521484375 33.163063049316406 -3.01747465133667
379.75335693359375 32.66786575317383 -3.01747465133667
375.78411865234375 32.17266845703125 -3.01747465133667
371.81488037109375 31.67746925354004 -3.01747465133667
367.84564208984375 31.182270050048828 -3.01747465133667
363.87640380859375 30.687070846557617 -3.01747465133667
359.90716552734375 30.191871643066406 -3.01747465133667
355.93792724609375 29.696672439575195 -3.01747465133667
351.96868896484375 29.201473236083984 -3.01747465133667
347.99945068359375 28.706274032592773 -3.01747465133667
344.03021240234375 28.211074829101562 -3.01747465133667
340.06097412109375 27.71587562561035 -3.01747465133667
336.09173583984375 27.22067642211914 -3.01747465133667
335.5278015136719 27.24749183654785 2.9224448204040527
331.62347412109375 28.117082595825195 2.9224448204040527
327.7191467285156 28.98667335510254 2.9224448204040527
323.8148193359375 29.856264114379883 2.9224448204040527
319.9104919433594 30.725854873657227 2.9224448204040527
316.00616455078125 31.59544563293457 2.9224448204040527
312.1018371582031 32.46503829956055 2.9224448204040527
308.197509765625 33.33462905883789 2.9224448204040527
304.2931823730469 34.204219818115234 2.9224448204040527
300.38885498046875 35.07381057739258 2.9224448204040527
296.4845275878906 35.94340133666992 2.9224448204040527
292.5802001953125 36.812992095947266 2.9224448204040527
288.6758728027344 37.68258285522461 2.9224448204040527
284.77154541015625 38.55217361450195 2.9224448204040527
280.8672180175781 39.4217643737793 2.9224448204040527
276.962890625 40.29135513305664 2.9224448204040527
273.0585632324219 41.160945892333984 2.9224448204040527
269.15423583984375 42.03053665161133 2.9224448204040527
265.2499084472656 42.90012741088867 2.9224448204040527
261.3455810546875 43.769718170166016 2.9224448204040527
257.4412536621094 44.63930892944336 2.9224448204040527
253.53692626953125 45.5088996887207 2.9224448204040527
249.63259887695312 46.37849044799805 2.9224448204040527
245.728271484375 47.24808120727539 2.9224448204040527
241.82394409179688 48.117671966552734 2.9224448204040527
237.91961669921875 48.98726272583008 2.9224448204040527
234.01528930664062 49.85685348510742 2.9224448204040527
230.1109619140625 50.726444244384766 2.9224448204040527
226.20663452148438 51.59603500366211 2.9224448204040527
222.30230712890625 52.46562576293945 2.9224448204040527
218.39797973632812 53.3352165222168 2.9224448204040527
214.49365234375 54.20480728149414 2.9224448204040527
210.58932495117188 55.074398040771484 2.9224448204040527
206.68499755859375 55.94398880004883 2.9224448204040527
202.78067016601562 56.81357955932617 2.9224448204040527
198.8763427734375 57.683170318603516 2.9224448204040527
194.97201538085938 58.55276107788086 2.9224448204040527
191.06768798828125 59.4223518371582 2.9224448204040527
187.16336059570312 60.29194259643555 2.9224448204040527
183.259033203125 61.16153335571289 2.9224448204040527
179.35470581054688 62.031124114990234 2.9224448204040527
175.45037841796875 62.90071487426758 2.9224448204040527
171.54605102539062 63.77030563354492 2.9224448204040527
167.6417236328125 64.63990020751953 2.9224448204040527
163.73739624023438 65.50949096679688 2.9224448204040527
159.83306884765625 66.37908172607422 2.9224448204040527
155.92874145507812 67.24867248535156 2.9224448204040527
152.0244140625 68.1182632446289 2.9224448204040527
148.12008666992188 68.98785400390625 2.9224448204040527
144.21575927734375 69.8574447631836 2.9224448204040527
140.31143188476562 70.72703552246094 2.9224448204040527
136.4071044921875 71.59662628173828 2.9224448204040527
132.50277709960938 72.46621704101562 2.9224448204040527
128.59844970703125 73.33580780029297 2.9224448204040527
124.6941146850586 74.20539855957031 2.9224448204040527
120.78977966308594 75.07498931884766 2.9224448204040527
116.88544464111328 75.944580078125 2.9224448204040527
112.98110961914062 76.81417083740234 2.9224448204040527
109.07677459716797 77.68376159667969 2.9224448204040527
105.17243957519531 78.55335235595703 2.9224448204040527
101.26810455322266 79.42294311523438 2.9224448204040527
97.36376953125 80.29253387451172 2.9224448204040527
93.45943450927734 81.16212463378906 2.9224448204040527
89.55509948730469 82.0317153930664 2.9224448204040527
85.65076446533203 82.90130615234375 2.9224448204040527
81.74642944335938 83.7708969116211 2.9224448204040527
77.84209442138672 84.64048767089844 2.9224448204040527
73.93775939941406 85.51007843017578 2.9224448204040527
70.0334243774414 86.37966918945312 2.9224448204040527
66.12908935546875 87.24925994873047 2.9224448204040527
62.22475814819336 88.11885070800781 2.9224448204040527
58.32042694091797 88.98844146728516 2.9224448204040527
54.41609573364258 89.8580322265625 2.9224448204040527
50.51176452636719 90.72762298583984 2.9224448204040527
46.6074333190918 91.59721374511719 2.9224448204040527
42.703102111816406 92.46680450439453 2.9224448204040527
38.798770904541016 93.33639526367188 2.9224448204040527
34.894439697265625 94.20598602294922 2.9224448204040527
34.3730354309082 94.42080688476562 2.579115152359009
30.989290237426758 96.55393981933594 2.579115152359009
27.605545043945312 98.68707275390625 2.579115152359009
24.221799850463867 100.82020568847656 2.579115152359009
23.803138732910156 101.19800567626953 2.235785484313965
21.334936141967773 104.345703125 2.235785484313965
18.86673355102539 107.49340057373047 2.235785484313965
18.86673355102539 107.49340057373047 2.235785484313965
18.86673355102539 107.49340057373047 2.235785484313965
18.86673355102539 107.49340057373047 2.235785484313965
18.86673355102539 107.49340057373047 2.235785484313965
18.86673355102539 107.49340057373047 2.235785484313965
18.86673355102539 107.49340057373047 2.235785484313965
18.86673355102539 107.49340057373047 2.235785484313965
18.86673355102539 107.49340057373047 2.235785484313965
18.86673355102539 107.49340057373047 2.235785484313965
18.86673355102539 107.49340057373047 2.235785484313965
