60.0 450.0 0.38539817929267883
60.0 450.0 -0.014601826667785645
60.0 450.0 -0.4146018326282501
60.0 450.0 -0.8146018385887146
60.0 450.0 -1.2146018743515015
60.0 450.0 -1.6146018505096436
59.824832916259766 446.00384521484375 -1.6146018505096436
59.64966583251953 442.0076904296875 -1.6146018505096436
59.4744987487793 438.01153564453125 -1.6146018505096436
59.29933166503906 434.015380859375 -1.6146018505096436
59.12416458129883 430.01922607421875 -1.6146018505096436
58.948997497558594 426.0230712890625 -1.6146018505096436
58.77383041381836 422.02691650390625 -1.6146018505096436
58.598663330078125 418.03076171875 -1.6146018505096436
58.42349624633789 414.03460693359375 -1.6146018505096436
58.248329162597656 410.0384521484375 -1.6146018505096436
58.07316207885742 406.04229736328125 -1.6146018505096436
57.89799499511719 402.046142578125 -1.6146018505096436
57.72282791137695 398.04998779296875 -1.6146018505096436
57.54766082763672 394.0538330078125 -1.6146018505096436
57.372493743896484 390.05767822265625 -1.6146018505096436
57.19732666015625 386.0615234375 -1.6146018505096436
57.022159576416016 382.06536865234375 -1.6146018505096436
56.84699249267578 378.0692138671875 -1.6146018505096436
56.67182540893555 374.07305908203125 -1.6146018505096436
56.38369369506836 371.2408142089844 -1.7297567129135132
55.750526428222656 367.291259765625 -1.7297567129135132
55.11735916137695 363.3417053222656 -1.7297567129135132
54.48419189453125 359.39215087890625 -1.7297567129135132
53.85102462768555 355.4425964355469 -1.7297567129135132
53.217857360839844 351.4930419921875 -1.7297567129135132
52.58469009399414 347.5434875488281 -1.7297567129135132
51.97303771972656 344.7630920410156 -1.8449115753173828
50.890254974365234 340.9124450683594 -1.8449115753173828
49.807472229003906 337.0617980957031 -1.8449115753173828
48.72468948364258 333.2111511230469 -1.8449115753173828
47.64190673828125 329.3605041503906 -1.8449115753173828
46.715660095214844 326.6730651855469 -1.9604942798614502
45.196022033691406 322.97296142578125 -1.9604942798614502
43.67638397216797 319.2728576660156 -1.9604942798614502
42.15674591064453 315.57275390625 -1.9604942798614502
40.637107849121094 311.8726501464844 -1.9604942798614502
39.117469787597656 308.17254638671875 -1.9604942798614502
37.59783172607422 304.4724426269531 -1.9604942798614502
36.07819366455078 300.7723388671875 -1.9604942798614502
34.558555603027344 297.0722351074219 -1.9604942798614502
33.038917541503906 293.37213134765625 -1.9604942798614502
31.5192813873291 289.6720275878906 -1.9604942798614502
29.999645233154297 285.971923828125 -1.9604942798614502
28.480009078979492 282.2718200683594 -1.9604942798614502
26.960372924804688 278.57171630859375 -1.9604942798614502
25.440736770629883 274.8716125488281 -1.9604942798614502
23.921100616455078 271.1715087890625 -1.9604942798614502
22.401464462280273 267.4714050292969 -1.9604942798614502
20.88182830810547 263.77130126953125 -1.9604942798614502
19.362192153930664 260.0711975097656 -1.9604942798614502
19.362192153930664 260.0711975097656 -1.9604942798614502
19.362192153930664 260.0711975097656 -1.9604942798614502
19.362192153930664 260.0711975097656 -1.9604942798614502
19.362192153930664 260.0711975097656 -1.9604942798614502
19.362192153930664 260.0711975097656 -1.9604942798614502
19.362192153930664 260.0711975097656 -1.9604942798614502
19.362192153930664 260.0711975097656 -1.9604942798614502
19.362192153930664 260.0711975097656 -1.9604942798614502
19.362192153930664 260.0711975097656 -1.9604942798614502
19.362192153930664 260.0711975097656 -1.9604942798614502
