60.0 450.0 0.38539817929267883
60.0 450.0 -0.014601826667785645
60.0 450.0 -0.4146018326282501
60.0 450.0 -0.8146018385887146
60.0 450.0 -1.2146018743515015
60.0 450.0 -1.6146018505096436
59.824832916259766 446.00384521484375 -1.6146018505096436
59.64966583251953 442.0076904296875 -1.6146018505096436
59.4744987487793 438.01153564453125 -1.6146018505096436
59.29933166503906 434.015380859375 -1.6146018505096436
59.12416458129883 430.01922607421875 -1.6146018505096436
58.948997497558594 426.0230712890625 -1.6146018505096436
58.77383041381836 422.02691650390625 -1.6146018505096436
58.598663330078125 418.03076171875 -1.6146018505096436
58.42349624633789 414.03460693359375 -1.6146018505096436
58.248329162597656 410.0384521484375 -1.6146018505096436
58.07316207885742 406.04229736328125 -1.6146018505096436
57.89799499511719 402.046142578125 -1.6146018505096436
57.72282791137695 398.04998779296875 -1.6146018505096436
57.54766082763672 394.0538330078125 -1.6146018505096436
57.372493743896484 390.05767822265625 -1.6146018505096436
57.19732666015625 386.0615234375 -1.6146018505096436
57.022159576416016 382.06536865234375 -1.6146018505096436
56.84699249267578 378.0692138671875 -1.6146018505096436
56.67182540893555 374.07305908203125 -1.6146018505096436
56.49665832519531 370.076904296875 -1.6146018505096436
56.32149124145508 366.08074951171875 -1.6146018505096436
56.146324157714844 362.0845947265625 -1.6146018505096436
55.98866271972656 361.3258972167969 -1.9367755651474
54.55720901489258 357.5907897949219 -1.9367755651474
53.125755310058594 353.8556823730469 -1.9367755651474
51.69430160522461 350.1205749511719 -1.9367755651474
50.262847900390625 346.3854675292969 -1.9367755651474
48.83139419555664 342.6503601074219 -1.9367755651474
47.399940490722656 338.9152526855469 -1.9367755651474
45.96848678588867 335.1801452636719 -1.9367755651474
44.53703308105469 331.4450378417969 -1.9367755651474
43.1055793762207 327.7099304199219 -1.9367755651474
41.67412567138672 323.9748229980469 -1.9367755651474
40.242671966552734 320.2397155761719 -1.9367755651474
38.81121826171875 316.5046081542969 -1.9367755651474
37.379764556884766 312.7695007324219 -1.9367755651474
35.94831085205078 309.0343933105469 -1.9367755651474
34.5168571472168 305.2992858886719 -1.9367755651474
33.08540344238281 301.5641784667969 -1.9367755651474
31.653947830200195 297.8290710449219 -1.9367755651474
30.222492218017578 294.0939636230469 -1.9367755651474
28.79103660583496 290.3588562011719 -1.9367755651474
27.359580993652344 286.6237487792969 -1.9367755651474
25.928125381469727 282.8886413574219 -1.9367755651474
24.49666976928711 279.1535339355469 -1.9367755651474
23.065214157104492 275.4184265136719 -1.9367755651474
21.633758544921875 271.6833190917969 -1.9367755651474
20.202302932739258 267.9482116699219 -1.9367755651474
18.77084732055664 264.2131042480469 -1.9367755651474
17.339391708374023 260.4779968261719 -1.9367755651474
17.339391708374023 260.4779968261719 -1.9367755651474
17.339391708374023 260.4779968261719 -1.9367755651474
17.339391708374023 260.4779968261719 -1.9367755651474
17.339391708374023 260.4779968261719 -1.9367755651474
17.339391708374023 260.4779968261719 -1.9367755651474
17.339391708374023 260.4779968261719 -1.9367755651474
17.339391708374023 260.4779968261719 -1.9367755651474
17.339391708374023 260.4779968261719 -1.9367755651474
17.339391708374023 260.4779968261719 -1.9367755651474
17.339391708374023 260.4779968261719 -1.9367755651474
