62.046119689941406 451.8010559082031 0.6581698656082153
64.30422973632812 453.32794189453125 0.5309414863586426
66.73782348632812 454.55596923828125 0.4037131369113922
69.30756378173828 455.46527099609375 0.27648478746414185
71.97191619873047 456.0411682128906 0.14925643801689148
74.68780517578125 456.2743225097656 0.022028088569641113
77.41132354736328 456.1610107421875 -0.10520026087760925
80.09844970703125 455.7030334472656 -0.23242861032485962
82.70574951171875 454.9078063964844 -0.35965695977211
85.19107055664062 453.7881774902344 -0.48688530921936035
87.51423645019531 452.36224365234375 -0.6141136884689331
89.6376953125 450.6530456542969 -0.7413420677185059
92.46202850341797 448.0293273925781 -0.7558417916297913
95.2480239868164 445.36492919921875 -0.7703415155410767
97.9950942993164 442.6604309082031 -0.7848412394523621
100.70266723632812 439.9163818359375 -0.7993409633636475
103.37016296386719 437.13336181640625 -0.8138406872749329
105.99703216552734 434.31195068359375 -0.8283404111862183
108.58271026611328 431.4527587890625 -0.8428401350975037
111.12666320800781 428.5563659667969 -0.8573398590087891
113.62835693359375 425.6233825683594 -0.8718395829200745
116.0872573852539 422.6544494628906 -0.8863393068313599
118.50285339355469 419.6501770019531 -0.9008390307426453
120.8746337890625 416.6112060546875 -0.9153387546539307
123.20210266113281 413.53814697265625 -0.9298384785652161
125.48477172851562 410.4316711425781 -0.9443382024765015
127.72216033935547 407.29241943359375 -0.9588379263877869
129.91380310058594 404.1210632324219 -0.9733376502990723
132.05921936035156 400.91827392578125 -0.9878373742103577
134.15797424316406 397.6846923828125 -1.002337098121643
136.20962524414062 394.4210205078125 -1.0168368816375732
138.2137451171875 391.1279602050781 -1.0313366651535034
140.16990661621094 387.8061828613281 -1.0458364486694336
142.07769775390625 384.4563903808594 -1.0603362321853638
143.9367218017578 381.07928466796875 -1.074836015701294
145.74658203125 377.6755676269531 -1.0893357992172241
147.50689697265625 374.2459716796875 -1.1038355827331543
148.5770263671875 371.73846435546875 -1.2310197353363037
149.83541870117188 368.09466552734375 -1.2455195188522339
151.0408477783203 364.4330139160156 -1.260019302368164
152.19305419921875 360.7542724609375 -1.2745190858840942
153.2917938232422 357.0592041015625 -1.2890188694000244
154.32781982421875 353.36663818359375 -1.3054982423782349
154.87400817871094 350.6955871582031 -1.4326822757720947
155.37704467773438 346.8735656738281 -1.447182059288025
155.82461547851562 343.044677734375 -1.461681842803955
156.2166290283203 339.2096862792969 -1.4761816263198853
156.55299377441406 335.3694152832031 -1.4906814098358154
156.83363342285156 331.5246887207031 -1.5051811933517456
157.05850219726562 327.67626953125 -1.5196809768676758
157.22755432128906 323.82501220703125 -1.534180760383606
157.3407440185547 319.9717102050781 -1.5486805438995361
157.39805603027344 316.1171569824219 -1.5631803274154663
157.3994598388672 312.2621765136719 -1.5776801109313965
157.344970703125 308.4075927734375 -1.5921798944473267
157.23460388183594 304.55419921875 -1.6066796779632568
157.06837463378906 300.70281982421875 -1.621179461479187
156.84632873535156 296.854248046875 -1.6356792449951172
156.56849670410156 293.0093078613281 -1.6501790285110474
156.23495483398438 289.1687927246094 -1.6646788120269775
155.84576416015625 285.3335266113281 -1.6791785955429077
155.4010009765625 281.5043029785156 -1.693678379058838
154.9007568359375 277.6819152832031 -1.708178162574768
154.34515380859375 273.8671875 -1.7226779460906982
153.7342987060547 270.0609130859375 -1.7371777296066284
153.0683135986328 266.263916015625 -1.7516775131225586
152.34735107421875 262.4769592285156 -1.7661772966384888
151.57154846191406 258.70086669921875 -1.780677080154419
150.74107360839844 254.93641662597656 -1.7951768636703491
149.85610961914062 251.1844024658203 -1.8096766471862793
148.91683959960938 247.44561767578125 -1.8241764307022095
147.9234619140625 243.72084045410156 -1.8386762142181396
146.8761749267578 240.0108642578125 -1.8531759977340698
145.77520751953125 236.3164520263672 -1.86767578125
144.62078857421875 232.63839721679688 -1.8821755647659302
143.4131622314453 228.9774627685547 -1.8966753482818604
142.152587890625 225.3344268798828 -1.9111751317977905
140.83932495117188 221.71005249023438 -1.9256749153137207
139.47364807128906 218.1051025390625 -1.9401746988296509
138.32989501953125 215.6307830810547 -2.0674030780792236
136.8814697265625 213.3216552734375 -2.1946380138397217
134.60693359375 210.20921325683594 -2.2091376781463623
132.28750610351562 207.1300811767578 -2.223637342453003
129.92369079589844 204.08489990234375 -2.2381370067596436
127.51596069335938 201.07431030273438 -2.252636671066284
125.06483459472656 198.0989532470703 -2.267136335372925
122.57083129882812 195.15943908691406 -2.2816359996795654
120.03446960449219 192.2563934326172 -2.296135663986206
117.4562759399414 189.39044189453125 -2.3106353282928467
114.83679962158203 186.56216430664062 -2.3251349925994873
112.17659759521484 183.7721710205078 -2.339634656906128
109.4762191772461 181.0210418701172 -2.3541343212127686
106.73623657226562 178.30935668945312 -2.368633985519409
103.95722198486328 175.63768005371094 -2.38313364982605
101.13976287841797 173.00657653808594 -2.3976333141326904
98.29961395263672 170.43675231933594 -2.4146082401275635
96.15152740478516 168.75790405273438 -2.541792392730713
93.8078384399414 167.36508178710938 -2.6689765453338623
90.3628158569336 165.63516235351562 -2.683476209640503
86.89307403564453 163.95538330078125 -2.6979758739471436
83.39934539794922 162.32608032226562 -2.712475538253784
79.88235473632812 160.7476043701172 -2.726975202560425
77.1275634765625 159.70449829101562 -2.83227276802063
73.44713592529297 158.5576629638672 -2.8467724323272705
73.44713592529297 158.5576629638672 -2.861272096633911
69.73500061035156 157.5180206298828 -2.8757717609405518
66.00818634033203 156.5323028564453 -2.8902714252471924
62.26747131347656 155.60072326660156 -2.904771089553833
58.513641357421875 154.72348022460938 -2.9192707538604736
58.513641357421875 154.72348022460938 -2.9337704181671143
58.513641357421875 154.72348022460938 -2.948270082473755
58.513641357421875 154.72348022460938 -2.9627697467803955
58.513641357421875 154.72348022460938 -2.977269411087036
58.513641357421875 154.72348022460938 -2.9917690753936768
58.513641357421875 154.72348022460938 -3.0062687397003174
58.513641357421875 154.72348022460938 -3.020768404006958
58.513641357421875 154.72348022460938 -3.0352680683135986
58.513641357421875 154.72348022460938 -3.0497677326202393
58.513641357421875 154.72348022460938 -3.06426739692688
