-388.07232060172254
-386.407784041646
-385.03005839224903
-383.95893719328086
-383.2100002557503
-382.79422148542074
-382.717689345258
-382.9815734133546
-383.58194430952034
-384.51003002891474
-385.75226194179663
-387.2906822064408
-389.10330230361467
-391.1645824513201
-393.44589127939787
-395.9160828489888
-392.39804985874815
-395.01810338314976
-391.3141434273061
-387.6160672278757
-383.9240448074294
-380.238252508243
-376.5588732733315
-379.2826592240515
-375.4543873881454
-371.6297328189654
-367.80880821794455
-363.9917313410994
-360.1786243682792
-356.3696147318249
-352.56483523111206
-355.3662312472683
-351.4495632912026
-347.53479360278004
-343.62198706098064
-339.7112115006015
-335.80253788042745
-338.6640296444281
-334.68587524979966
-330.70824822244447
-333.6028010027008
-329.6028449879667
-325.6028897598749
-321.60293534777725
-317.60298178250395
-313.6030290964584
-316.49636788108256
-312.5225294440766
-308.5493670597373
-304.57690718509787
-300.60517767089357
-296.63420785420857
-292.66402865858424
-295.0697436277335
-291.2228237718772
-287.3800836543299
-283.5416932146801
-279.7078315230022
-275.87868738618965
-272.0544600019048
-268.23535966442495
-264.421608527089
-260.6134414265257
-256.8111067743673
-253.014867522737
-249.22500221044265
-245.44180587891702
-241.66559193888477
-237.89669289209945
-240.56982466535942
-236.97388097789073
-233.39108814436915
-229.82206120820786
-226.26745157899575
-222.72794953351618
-219.20428690160983
-215.69723994981814
-212.2076324762683
-208.73633913069352
-205.2842889737844
-205.2842889737844
-207.7226944285133
-204.51423632448876
-204.51423632448876
-204.51423632448876
-204.51423632448876
-204.51423632448876
-204.51423632448876
-204.51423632448876
-204.51423632448876
-204.51423632448876
-204.51423632448876
-204.51423632448876
