-390.0
-390.0
-390.0
-390.0
-390.0
-390.0
-390.0
-386.3913294279691
-382.79043716566986
-379.197544803647
-375.6128819090223
-372.0366863605608
-371.27674123858924
-367.32069850520213
-363.36561846507107
-359.41153289955565
-355.45847499597465
-351.50647942572874
-347.5555824276563
-343.60582189703257
-339.6572374806606
-335.7098706785419
-331.7637649526595
-327.81896584345833
-323.875521094658
-319.9334807870985
-315.99289748238334
-312.053826377159
-308.11632546895487
-304.1804557345961
-300.2462813223054
-296.3138697587241
-292.3832921722068
-288.45462353388746
-284.5279429181714
-280.6033337844838
-280.6033337844838
-277.3017129416913
-274.01870232642415
-270.7549789085148
-267.51124861895937
-264.2882476131518
-261.08674357389
-257.9075370524042
-257.20694841954327
-256.4223603007602
-256.4223603007602
-255.65177230262375
-251.67202297476584
-251.67202297476584
-250.8987727464133
-246.96811813108192
-243.03972626240795
-239.11370866420603
-239.11370866420603
-235.81000124525684
-232.5281654217733
-229.26914042786797
-226.0339129459153
-225.3247835051075
-224.53718912288974
-224.53718912288974
-223.76211665822413
-223.76211665822413
-223.00474227632876
-219.05562425190118
-215.10838672673657
-215.10838672673657
-215.10838672673657
-215.10838672673657
-215.10838672673657
-215.10838672673657
-215.10838672673657
-215.10838672673657
-215.10838672673657
-215.10838672673657
-215.10838672673657
