60.0 450.0 0.38539817929267883
60.0 450.0 -0.014601826667785645
60.0 450.0 -0.4146018326282501
60.0 450.0 -0.8146018385887146
60.0 450.0 -1.2146018743515015
60.0 450.0 -1.6146018505096436
59.824832916259766 446.00384521484375 -1.6146018505096436
59.64966583251953 442.0076904296875 -1.6146018505096436
59.4744987487793 438.01153564453125 -1.6146018505096436
59.29933166503906 434.015380859375 -1.6146018505096436
59.12416458129883 430.01922607421875 -1.6146018505096436
58.948997497558594 426.0230712890625 -1.6146018505096436
58.77383041381836 422.02691650390625 -1.6146018505096436
58.598663330078125 418.03076171875 -1.6146018505096436
58.42349624633789 414.03460693359375 -1.6146018505096436
58.248329162597656 410.0384521484375 -1.6146018505096436
58.07316207885742 406.04229736328125 -1.6146018505096436
57.89799499511719 402.046142578125 -1.6146018505096436
57.89799499511719 402.046142578125 -2.014601945877075
57.89799499511719 402.046142578125 -2.414602041244507
54.90928268432617 399.38763427734375 -2.414602041244507
51.920570373535156 396.7291259765625 -2.414602041244507
48.93185806274414 394.07061767578125 -2.414602041244507
48.93185806274414 394.07061767578125 -2.8146021366119385
48.93185806274414 394.07061767578125 3.0685830116271973
48.93185806274414 394.07061767578125 2.6685829162597656
49.9169807434082 393.3782653808594 2.389383316040039
50.673152923583984 392.44122314453125 2.1101837158203125
51.14181137084961 391.33209228515625 1.8309839963912964
51.286659240722656 390.1367492675781 1.5517842769622803
51.048194885253906 388.06170654296875 1.3609707355499268
51.048194885253906 388.06170654296875 0.9609707593917847
51.048194885253906 388.06170654296875 0.5609707832336426
51.048194885253906 388.06170654296875 0.1609707772731781
54.996482849121094 388.70281982421875 0.1609707772731781
54.996482849121094 388.70281982421875 -0.23902922868728638
54.996482849121094 388.70281982421875 -0.6390292644500732
58.207183837890625 386.317138671875 -0.6390292644500732
61.417884826660156 383.93145751953125 -0.6390292644500732
64.62858581542969 381.5457763671875 -0.6390292644500732
64.62858581542969 381.5457763671875 -1.0390292406082153
64.62858581542969 381.5457763671875 -1.4390292167663574
64.62858581542969 381.5457763671875 -1.8390291929244995
64.62858581542969 381.5457763671875 -2.2390291690826416
64.62858581542969 381.5457763671875 -2.6390292644500732
61.12318420410156 379.61907958984375 -2.6390292644500732
57.61778259277344 377.6923828125 -2.6390292644500732
54.11238098144531 375.76568603515625 -2.6390292644500732
50.60697937011719 373.8389892578125 -2.6390292644500732
50.60697937011719 373.8389892578125 -3.039029359817505
50.60697937011719 373.8389892578125 2.844155788421631
51.69789123535156 373.329345703125 2.5649561882019043
52.606109619140625 372.538818359375 2.2857565879821777
53.261295318603516 371.5285949707031 2.006556987762451
53.612709045410156 370.3769226074219 1.727357268333435
53.63312911987305 369.1730041503906 1.448157548904419
53.63312911987305 369.1730041503906 1.0481575727462769
53.63312911987305 369.1730041503906 0.6481575965881348
53.63312911987305 369.1730041503906 0.2481575906276703
53.63312911987305 369.1730041503906 -0.1518424153327942
53.63312911987305 369.1730041503906 -0.551842451095581
53.63312911987305 369.1730041503906 -0.9518424272537231
53.63312911987305 369.1730041503906 -1.3518424034118652
53.537681579589844 370.373291015625 -1.6310421228408813
53.537681579589844 370.373291015625 -2.0310420989990234
53.537681579589844 370.373291015625 -2.431042194366455
50.50566864013672 367.7642822265625 -2.431042194366455
47.473655700683594 365.1552734375 -2.431042194366455
44.44164276123047 362.5462646484375 -2.431042194366455
44.44164276123047 362.5462646484375 -2.8310422897338867
44.44164276123047 362.5462646484375 3.052142858505249
44.44164276123047 362.5462646484375 2.6521427631378174
45.41524887084961 361.8377990722656 2.372943162918091
46.155914306640625 360.8884582519531 2.0937435626983643
46.60627365112305 359.7717590332031 1.8145438432693481
46.731449127197266 358.5741882324219 1.535344123840332
46.52174758911133 357.3885192871094 1.256144404411316
46.52174758911133 357.3885192871094 0.8561444282531738
46.52174758911133 357.3885192871094 0.45614442229270935
46.52174758911133 357.3885192871094 0.05614441633224487
46.52174758911133 357.3885192871094 -0.3438555896282196
50.287593841552734 356.0400390625 -0.3438555896282196
50.287593841552734 356.0400390625 -0.7438555955886841
50.287593841552734 356.0400390625 -1.1438555717468262
49.946353912353516 357.19476318359375 -1.4230552911758423
49.93655014038086 358.3988037109375 -1.7022550106048584
49.93655014038086 358.3988037109375 -2.10225510597229
49.93655014038086 358.3988037109375 -2.5022552013397217
46.726585388183594 356.01214599609375 -2.5022552013397217
43.51662063598633 353.62548828125 -2.5022552013397217
43.51662063598633 353.62548828125 -2.9022552967071533
43.51662063598633 353.62548828125 2.9809298515319824
44.666831970214844 353.26934814453125 2.701730251312256
45.67435836791992 352.6100158691406 2.4225306510925293
46.46116638183594 351.69854736328125 2.1433310508728027
46.96632385253906 350.6055603027344 1.8641313314437866
47.15070724487305 349.4156799316406 1.5849316120147705
47.00003433227539 348.2210693359375 1.3057318925857544
47.00003433227539 348.2210693359375 0.9057319164276123
47.00003433227539 348.2210693359375 0.5057319402694702
47.00003433227539 348.2210693359375 0.10573193430900574
47.00003433227539 348.2210693359375 -0.29426807165145874
47.00003433227539 348.2210693359375 -0.6942681074142456
47.00003433227539 348.2210693359375 -1.0942680835723877
46.60197830200195 349.3574523925781 -1.3734678030014038
46.53250503540039 350.5595397949219 -1.65266752243042
46.53250503540039 350.5595397949219 -2.0526676177978516
46.53250503540039 350.5595397949219 -2.452667713165283
43.444786071777344 348.0167236328125 -2.452667713165283
40.3570671081543 345.4739074707031 -2.452667713165283
40.3570671081543 345.4739074707031 -2.852667808532715
36.522865295410156 344.334228515625 -2.852667808532715
36.522865295410156 344.334228515625 3.030517339706421
36.522865295410156 344.334228515625 2.6305172443389893
37.48092269897461 343.6048889160156 2.3513176441192627
38.20088577270508 342.6397705078125 2.072118043899536
38.626991271972656 341.51361083984375 1.79291832447052
38.72624206542969 340.3136291503906 1.513718605041504
38.49095153808594 339.13275146484375 1.2345188856124878
38.49095153808594 339.13275146484375 0.8345189094543457
38.49095153808594 339.13275146484375 0.4345189034938812
38.49095153808594 339.13275146484375 0.03451889753341675
38.49095153808594 339.13275146484375 -0.36548110842704773
38.49095153808594 339.13275146484375 -0.7654811143875122
38.49095153808594 339.13275146484375 -1.1654810905456543
38.17475891113281 340.2945861816406 -1.4446808099746704
38.17475891113281 340.2945861816406 -1.8446807861328125
38.17475891113281 340.2945861816406 -2.244680881500244
38.17475891113281 340.2945861816406 -2.644680976867676
38.17475891113281 340.2945861816406 -3.0446810722351074
38.17475891113281 340.2945861816406 2.8385040760040283
39.26277160644531 339.7787780761719 2.5593044757843018
40.166507720947266 338.9831237792969 2.280104875564575
40.815975189208984 337.9692077636719 2.0009052753448486
41.16087341308594 336.8155822753906 1.7217055559158325
41.17449188232422 335.611572265625 1.4425058364868164
40.85577392578125 334.450439453125 1.1633061170578003
40.85577392578125 334.450439453125 0.7633061408996582
40.85577392578125 334.450439453125 0.3633061349391937
40.85577392578125 334.450439453125 -0.03669387102127075
40.85577392578125 334.450439453125 -0.43669387698173523
40.85577392578125 334.450439453125 -0.8366938829421997
40.18098449707031 335.44842529296875 -1.1158305406570435
39.80752182006836 336.5931396484375 -1.3950302600860596
39.80752182006836 336.5931396484375 -1.7950302362442017
39.80752182006836 336.5931396484375 -2.1950302124023438
39.80752182006836 336.5931396484375 -2.5950303077697754
39.80752182006836 336.5931396484375 -2.995030403137207
39.80752182006836 336.5931396484375 2.8881547451019287
40.91979217529297 336.1319885253906 2.608955144882202
41.86190414428711 335.3821716308594 2.3297555446624756
42.560890197753906 334.4017333984375 2.050555944442749
42.962615966796875 333.2666320800781 1.771356225013733
43.035972595214844 332.0647888183594 1.4921565055847168
42.77527618408203 330.8892517089844 1.2129567861557007
42.77527618408203 330.8892517089844 0.8129568099975586
42.77527618408203 330.8892517089844 0.4129568040370941
42.77527618408203 330.8892517089844 0.012956798076629639
42.77527618408203 330.8892517089844 -0.38704320788383484
42.77527618408203 330.8892517089844 -0.7870432138442993
42.05175018310547 331.8525695800781 -1.066174030303955
41.62192916870117 332.9773254394531 -1.3453737497329712
41.51871871948242 334.1769714355469 -1.6245734691619873
41.51871871948242 334.1769714355469 -2.024573564529419
41.51871871948242 334.1769714355469 -2.4245736598968506
38.50364685058594 331.54840087890625 -2.4245736598968506
35.48857498168945 328.9198303222656 -2.4245736598968506
32.47350311279297 326.291259765625 -2.4245736598968506
32.47350311279297 326.291259765625 -2.8245737552642822
32.47350311279297 326.291259765625 3.0586113929748535
32.47350311279297 326.291259765625 2.658611297607422
33.4516716003418 325.589111328125 2.3794116973876953
34.19845962524414 324.64459228515625 2.1002120971679688
34.65603256225586 323.5308532714844 1.8210123777389526
34.7889518737793 322.3341369628906 1.5418126583099365
34.58692169189453 321.1471252441406 1.2626129388809204
34.065589904785156 320.061767578125 0.9834132194519043
34.065589904785156 320.061767578125 0.5834132432937622
34.065589904785156 320.061767578125 0.18341323733329773
34.065589904785156 320.061767578125 -0.21658676862716675
34.065589904785156 320.061767578125 -0.6165868043899536
34.065589904785156 320.061767578125 -1.0165867805480957
33.58054733276367 321.163818359375 -1.2957864999771118
33.417999267578125 322.35687255859375 -1.574986219406128
33.417999267578125 322.35687255859375 -1.97498619556427
33.417999267578125 322.35687255859375 -2.374986171722412
30.536924362182617 319.58209228515625 -2.374986171722412
30.536924362182617 319.58209228515625 -2.7749862670898438
30.536924362182617 319.58209228515625 3.108198881149292
30.536924362182617 319.58209228515625 2.7081987857818604
31.548694610595703 318.9292907714844 2.428999185562134
32.34138488769531 318.02294921875 2.1497995853424072
32.85360336303711 316.9332580566406 1.8705998659133911
33.045677185058594 315.7445983886719 1.591400146484375
32.902732849121094 314.5490417480469 1.3122004270553589
32.43584060668945 313.4391784667969 1.0330007076263428
32.43584060668945 313.4391784667969 0.6330007314682007
32.43584060668945 313.4391784667969 0.2330007255077362
32.43584060668945 313.4391784667969 -0.16699928045272827
32.43584060668945 313.4391784667969 -0.5669993162155151
32.43584060668945 313.4391784667969 -0.9669992923736572
31.896766662597656 314.5158386230469 -1.2461990118026733
31.675283432006836 315.6993713378906 -1.5253987312316895
31.675283432006836 315.6993713378906 -1.9253987073898315
31.675283432006836 315.6993713378906 -2.3253986835479736
28.935287475585938 312.7851867675781 -2.3253986835479736
26.19529151916504 309.8710021972656 -2.3253986835479736
26.19529151916504 309.8710021972656 -2.7253987789154053
26.19529151916504 309.8710021972656 -3.125398874282837
26.19529151916504 309.8710021972656 2.757786273956299
27.238174438476562 309.2691650390625 2.4785866737365723
28.074813842773438 308.4032287597656 2.1993870735168457
28.64041519165039 307.3402404785156 1.9201873540878296
28.891172409057617 306.1625671386719 1.6409876346588135
28.807666778564453 304.9613952636719 1.3617879152297974
28.807666778564453 304.9613952636719 0.9617879390716553
28.807666778564453 304.9613952636719 0.5617879629135132
32.1928825378418 307.0921936035156 0.5617879629135132
35.57809829711914 309.2229919433594 0.5617879629135132
38.963314056396484 311.3537902832031 0.5617879629135132
38.963314056396484 311.3537902832031 0.1617879569530487
38.963314056396484 311.3537902832031 -0.23821204900741577
38.963314056396484 311.3537902832031 -0.6382120847702026
38.963314056396484 311.3537902832031 -1.0382120609283447
38.50221252441406 312.4660949707031 -1.3174117803573608
38.365501403808594 313.6623840332031 -1.596611499786377
38.56376647949219 314.85003662109375 -1.875811219215393
38.56376647949219 314.85003662109375 -2.275811195373535
38.56376647949219 314.85003662109375 -2.675811290740967
38.56376647949219 314.85003662109375 -3.0758113861083984
38.56376647949219 314.85003662109375 2.8073737621307373
39.63520050048828 314.3006286621094 2.5281741619110107
40.51373291015625 313.47723388671875 2.248974561691284
41.13132858276367 312.443603515625 1.969774842262268
41.44015121459961 311.27978515625 1.690575122833252
41.41628646850586 310.075927734375 1.4113754034042358
41.061580657958984 308.9252624511719 1.1321756839752197
41.061580657958984 308.9252624511719 0.7321757078170776
41.061580657958984 308.9252624511719 0.33217570185661316
41.061580657958984 308.9252624511719 -0.06782430410385132
41.061580657958984 308.9252624511719 -0.4678243100643158
41.061580657958984 308.9252624511719 -0.8678243160247803
40.41855239868164 309.9432678222656 -1.1470240354537964
40.080970764160156 311.09906005859375 -1.4262237548828125
40.074981689453125 312.3031311035156 -1.7054234743118286
40.074981689453125 312.3031311035156 -2.1054234504699707
40.074981689453125 312.3031311035156 -2.5054235458374023
36.85747146606445 309.9266662597656 -2.5054235458374023
33.63996124267578 307.5502014160156 -2.5054235458374023
30.42245101928711 305.1737365722656 -2.5054235458374023
30.42245101928711 305.1737365722656 -2.905423641204834
30.42245101928711 305.1737365722656 2.9777615070343018
31.5715274810791 304.81396484375 2.698561906814575
32.57695770263672 304.1514587402344 2.4193623065948486
33.36087417602539 303.2375183105469 2.140162706375122
33.86256408691406 302.1429443359375 1.860962986946106
34.043174743652344 300.9524841308594 1.5817632675170898
33.88871765136719 299.75836181640625 1.3025635480880737
33.88871765136719 299.75836181640625 0.9025635719299316
33.88871765136719 299.75836181640625 0.5025635957717896
33.88871765136719 299.75836181640625 0.10256358981132507
33.88871765136719 299.75836181640625 -0.2974364161491394
33.88871765136719 299.75836181640625 -0.6974364519119263
33.88871765136719 299.75836181640625 -1.0974364280700684
33.4942626953125 300.89599609375 -1.3766361474990845
33.4286003112793 302.0982971191406 -1.6558358669281006
33.4286003112793 302.0982971191406 -2.0558359622955322
33.4286003112793 302.0982971191406 -2.455836057662964
30.332839965820312 299.5652770996094 -2.455836057662964
27.237079620361328 297.0322570800781 -2.455836057662964
24.141319274902344 294.4992370605469 -2.455836057662964
24.141319274902344 294.4992370605469 -2.8558361530303955
24.141319274902344 294.4992370605469 3.0273489952087402
24.141319274902344 294.4992370605469 2.6273488998413086
25.097063064575195 293.7668762207031 2.348149299621582
25.81396484375 292.7994689941406 2.0689496994018555
26.236501693725586 291.6719665527344 1.7897499799728394
26.33194923400879 290.4716796875 1.5105502605438232
26.09291648864746 289.29156494140625 1.2313505411148071
26.09291648864746 289.29156494140625 0.831350564956665
26.09291648864746 289.29156494140625 0.43135055899620056
26.09291648864746 289.29156494140625 0.031350553035736084
26.09291648864746 289.29156494140625 -0.3686494529247284
29.824176788330078 287.8501281738281 -0.3686494529247284
29.824176788330078 287.8501281738281 -0.7686494588851929
29.824176788330078 287.8501281738281 -1.168649435043335
29.511667251586914 289.012939453125 -1.447849154472351
29.53171730041504 290.21685791015625 -1.7270488739013672
29.53171730041504 290.21685791015625 -2.127048969268799
29.53171730041504 290.21685791015625 -2.5270490646362305
26.26357078552246 287.9105224609375 -2.5270490646362305
22.995424270629883 285.60418701171875 -2.5270490646362305
22.995424270629883 285.60418701171875 -2.927049160003662
22.995424270629883 285.60418701171875 2.9561359882354736
24.13645362854004 285.2196350097656 2.676936388015747
25.127323150634766 284.5355224609375 2.3977367877960205
25.891294479370117 283.6048278808594 2.118537187576294
26.369199752807617 282.4996337890625 1.8393374681472778
26.52402687072754 281.3055419921875 1.5601377487182617
26.343782424926758 280.1150207519531 1.2809380292892456
26.343782424926758 280.1150207519531 0.8809380531311035
26.343782424926758 280.1150207519531 0.48093804717063904
26.343782424926758 280.1150207519531 0.08093804121017456
26.343782424926758 280.1150207519531 -0.3190619647502899
26.343782424926758 280.1150207519531 -0.7190619707107544
25.55697250366211 281.0264892578125 -0.9982616901397705
25.051815032958984 282.1194763183594 -1.2774614095687866
24.867433547973633 283.3093566894531 -1.5566611289978027
24.867433547973633 283.3093566894531 -1.9566611051559448
24.867433547973633 283.3093566894531 -2.356661081314087
22.037687301635742 280.48223876953125 -2.356661081314087
19.20794105529785 277.6551208496094 -2.356661081314087
19.20794105529785 277.6551208496094 -2.7566611766815186
19.20794105529785 277.6551208496094 3.126523971557617
19.20794105529785 277.6551208496094 2.7265238761901855
20.231502532958984 277.0209655761719 2.447324275970459
21.040666580200195 276.1293029785156 2.1681246757507324
21.572765350341797 275.0491638183594 1.8889249563217163
21.786588668823242 273.8642272949219 1.6097252368927002
21.665576934814453 272.6662292480469 1.330525517463684
21.665576934814453 272.6662292480469 0.930525541305542
21.665576934814453 272.6662292480469 0.5305255651473999
21.665576934814453 272.6662292480469 0.13052555918693542
21.665576934814453 272.6662292480469 -0.26947444677352905
21.665576934814453 272.6662292480469 -0.6694744825363159
21.665576934814453 272.6662292480469 -1.069474458694458
21.239469528198242 273.7923889160156 -1.3486741781234741
21.14021873474121 274.99237060546875 -1.6278738975524902
21.14021873474121 274.99237060546875 -2.027873992919922
21.14021873474121 274.99237060546875 -2.4278740882873535
18.116487503051758 272.373779296875 -2.4278740882873535
18.116487503051758 272.373779296875 -2.827874183654785
18.116487503051758 272.373779296875 3.0553109645843506
18.116487503051758 272.373779296875 2.655310869216919
19.09233283996582 271.6684265136719 2.3761112689971924
19.836000442504883 270.721435546875 2.096911668777466
20.28989601135254 269.6061706542969 1.8177119493484497
20.418865203857422 268.4090270996094 1.5385122299194336
20.418865203857422 268.4090270996094 1.1385122537612915
20.418865203857422 268.4090270996094 0.7385122776031494
23.37674903869629 271.1017761230469 0.7385122776031494
26.334632873535156 273.7945251464844 0.7385122776031494
26.334632873535156 273.7945251464844 0.7385122776031494
26.334632873535156 273.7945251464844 0.7385122776031494
26.334632873535156 273.7945251464844 0.7385122776031494
26.334632873535156 273.7945251464844 0.7385122776031494
26.334632873535156 273.7945251464844 0.7385122776031494
26.334632873535156 273.7945251464844 0.7385122776031494
26.334632873535156 273.7945251464844 0.7385122776031494
26.334632873535156 273.7945251464844 0.7385122776031494
26.334632873535156 273.7945251464844 0.7385122776031494
26.334632873535156 273.7945251464844 0.7385122776031494
