-387.79450356014115
-385.4052357674071
-382.8538567508879
-380.16392765672055
-377.360760001801
-374.47131615265994
-370.5478002298209
-366.6259371623893
-362.7057805663266
-358.7873863770066
-354.870812974589
-350.9561213175161
-347.0433750847457
-343.1326408273848
-339.22398813044714
-335.3174897855218
-331.41322197520776
-327.51126447024734
-323.61170084037343
-319.71461867998073
-315.8201098498301
-311.92827073610863
-308.0392025282927
-304.1530115173958
-300.269809416336
-296.38971370432455
-292.5128479973612
-288.63934244712766
-284.76933417079914
-280.9029677145427
-277.0403955537561
-273.1817786334092
-269.32728695219765
-265.4771001946062
-261.6314084154072
-257.7904127816031
-253.954326377355
-250.12337507804037
-246.29779850025272
-242.4778510353043
-238.663802974633
-234.85594173645418
-231.05457320405102
-227.26002318727924
-223.4726390201859
-219.6927913091302
-215.92087584746142
-212.1573157146832
-208.40256358013394
-208.40256358013394
-208.40256358013394
-208.40256358013394
-208.40256358013394
-208.40256358013394
-208.40256358013394
-208.40256358013394
-208.40256358013394
-208.40256358013394
-208.40256358013394
