-391.8491633428812
-393.4451510899581
-394.7675681743987
-395.7996812818621
-396.5285196465096
-396.94501567762677
-397.0440061140569
-396.82425259804626
-396.3000671855513
-396.3000671855513
-394.76563036801457
-392.972914725128
-390.2323819055914
-387.5137571064375
-384.81750464950244
-382.14409808536846
-379.4940202390239
-376.8677632429719
-374.26582855669824
-371.6887269713598
-369.13697859850805
-366.6111128416156
-364.1116683491306
-361.63919294774155
-359.2147087784498
-357.0120489274863
-354.69783573058214
-352.27551395912815
-352.27551395912815
-348.5760511634796
-344.88329814113047
-341.1974727501736
-337.51880194728307
-333.8475222420791
-330.18388017715836
-326.5281328353423
-322.88054837578585
-319.24140660068485
-315.61099955442256
-311.98963215709904
-308.37762287449556
-304.7753044266375
-301.18302453723527
-297.601146726397
-294.0300511491274
-290.4701354822434
-286.9218158624567
-285.9696920797626
-282.03917257965173
-278.1106342424884
-274.1841622271936
-270.25984659549613
-266.3377826661821
-262.41807140016107
-258.50081981948506
-254.5861414638196
-250.67415688828055
-246.76499420701649
-242.8587896874472
-238.95568840067145
-235.05584493424138
-231.15942417428215
-227.26660216482654
-223.3775670532509
-219.49252013186677
-215.61167698705586
-211.73526876887408
-207.8635435958129
-203.99676811144272
-200.13522921200882
-196.2792359667653
-192.4291217559733
-188.58524665513346
-184.748000098253
-180.91780385787052
-177.09511538529225
-173.28043156118144
-169.47429291445016
-169.47429291445016
-165.48865984146897
-161.50374048672953
-157.5195856153487
-153.53625474071035
-150.05175930950531
-146.59377916437145
-143.17284991323012
-139.80022304025144
-136.48788721954784
-133.24861165278978
-130.0959310215049
-127.04416400700636
-124.10836197945447
-121.30424911159542
-118.64813541827
-118.64813541827
-117.05757441570316
-115.58361249267261
-114.2307633019118
-113.00337672446413
-111.90558107904002
-110.94122345213572
-110.1138097805561
-109.42644669163971
-108.88178619514349
-108.4819777329327
-108.22862661499947
-108.1227623741011
-108.16481806096006
-108.35462143919725
-108.74125432138999
-108.74125432138999
-108.74125432138999
-111.77725778813061
-114.91946853423495
-118.1521440376706
-121.46060753635733
-124.83120069735055
-128.25122636660672
-131.7089393924225
-135.19343795629356
-138.94529607257374
-139.97897928771633
-140.94386035847535
-143.953302928508
-146.8955544910915
-149.76769434084642
-152.56697158288472
-155.29077603104304
-155.29077603104304
-155.6125308103007
-156.3726285381713
-157.23084361567157
-158.18557908249215
-159.23509880877313
-160.37754198460846
-161.61093796775853
-162.36008378020108
-162.82442318605595
-162.99953917833045
-162.8837672532829
-162.47821498867665
-161.78672796585198
-160.81592369916197
-159.57521572290912
-158.07685545709495
-156.33592362119015
-154.37042455637734
-152.20133996507658
-152.20133996507658
-152.20133996507658
-149.50065835699004
-146.9063209752123
-144.46343220659574
-141.09921307037217
-137.7689827000057
-134.4752662769561
-131.22081339204385
-128.00861875369384
-124.84194433016117
-121.72434281600854
-118.65968222100912
-115.65217125735317
-112.70638504200643
-109.82729042856998
-107.02027003083806
-104.29114369405062
-101.64618580891424
-99.4680313577668
-99.4680313577668
-97.6560201618763
-97.6560201618763
-97.6560201618763
-97.6560201618763
-97.6560201618763
-97.6560201618763
-97.6560201618763
-97.6560201618763
-97.6560201618763
-97.6560201618763
-97.6560201618763
