-392.1082571408813
-394.0204810515437
-395.72460924003485
-397.2100209769447
-398.46760341351495
-399.48964619115213
-400.2699617619396
-400.8038670527037
-401.0881471899726
-401.121128471999
-401.121128471999
-399.7094789818314
-398.07578536731995
-396.2302413174589
-393.7406546433324
-391.2761201149983
-388.8371140906582
-386.4241199579483
-384.03762803274424
-381.678135440814
-379.3461459814172
-377.04216997194266
-374.7667240726773
-372.52033109080037
-370.3035197627092
-368.1168245137963
-365.96078672395396
-363.83594999101473
-361.74286412985066
-359.68208344123246
-357.6541663466797
-355.6596749962044
-355.6596749962044
-352.49259410380864
-349.34260200055775
-346.2101651336496
-343.0957643371291
-343.0957643371291
-339.2556013182344
-335.41917455668414
-331.58661373696964
-327.7580544755319
-325.98572442652744
-321.9978312852874
-318.01024227163106
-314.022968971359
-310.0360235653355
-306.04941886812327
-302.0631683696627
-298.0772862802783
-294.09178757932585
-290.10668806782826
-286.12200442548567
-282.13775427248936
-278.1539562366175
-274.1706300261448
-270.1877965091628
-266.2054777999749
-262.2236973533125
-258.24248006720904
-254.26185239547175
-250.28184247080927
-246.30248023980974
-242.32379761111636
-238.34582861832772
-234.36860959935262
-230.39217939418606
-226.41657956334473
-222.44185462951563
-218.46805234533778
-214.4952239906625
-210.5234247031343
-206.55271384651567
-202.58315542185994
-198.61481852743736
-194.64777787426405
-190.68211436520033
-187.58049820210374
-184.46756589138167
-181.36672270658508
-178.3035674459741
-175.3047292874464
-171.5101726302967
-167.72516337254356
-163.9503627582496
-160.18649249022155
-156.43434153542154
-152.6947738282649
-148.96873700495684
-145.25727232321955
-141.561525946335
-137.88276179882223
-134.22237623373223
-130.58191478888392
-126.96309135168403
-123.3678100995707
-119.79819063531122
-116.2565967924743
-112.74566964449
-109.26836530736585
-105.82799817556027
-102.42829026344123
-99.07342732680698
-99.07342732680698
-96.92535904562368
-94.89734666708188
-94.89734666708188
-94.89734666708188
-94.89734666708188
-94.89734666708188
-94.89734666708188
-94.89734666708188
-94.89734666708188
-94.89734666708188
-94.89734666708188
-94.89734666708188
