62.828426361083984 452.82843017578125 0.7853981852531433
65.65685272216797 455.6568603515625 0.7853981852531433
68.48528289794922 458.48529052734375 0.7853981852531433
71.31371307373047 461.313720703125 0.7853981852531433
74.14214324951172 464.14215087890625 0.7853981852531433
76.97057342529297 466.9705810546875 0.7853981852531433
79.79900360107422 469.79901123046875 0.7853981852531433
82.62743377685547 472.62744140625 0.7853981852531433
85.45586395263672 475.45587158203125 0.7853981852531433
88.28429412841797 478.2843017578125 0.7853981852531433
91.11272430419922 481.11273193359375 0.7853981852531433
93.94115447998047 483.941162109375 0.7853981852531433
96.76958465576172 486.76959228515625 0.7853981852531433
99.59801483154297 489.5980224609375 0.7853981852531433
102.42644500732422 492.42645263671875 0.7853981852531433
105.25487518310547 495.2548828125 0.7853981852531433
108.08330535888672 498.08331298828125 0.7853981852531433
110.91173553466797 500.9117431640625 0.7853981852531433
113.74016571044922 503.74017333984375 0.7853981852531433
116.56859588623047 506.568603515625 0.7853981852531433
119.39702606201172 509.39703369140625 0.7853981852531433
122.22545623779297 512.2254638671875 0.7853981852531433
125.05388641357422 515.0538940429688 0.7853981852531433
127.88231658935547 517.88232421875 0.7853981852531433
130.7107391357422 520.7107543945312 0.7853981852531433
133.53916931152344 523.5391845703125 0.7853981852531433
136.3675994873047 526.3676147460938 0.7853981852531433
139.19602966308594 529.196044921875 0.7853981852531433
142.0244598388672 532.0244750976562 0.7853981852531433
144.85289001464844 534.8529052734375 0.7853981852531433
144.85289001464844 534.8529052734375 0.38539817929267883
148.55947875976562 536.3566284179688 0.38539817929267883
152.2660675048828 537.8603515625 0.38539817929267883
155.97265625 539.3640747070312 0.38539817929267883
155.97265625 539.3640747070312 -0.014601826667785645
159.97222900390625 539.3056640625 -0.014601826667785645
163.9718017578125 539.2472534179688 -0.014601826667785645
167.97137451171875 539.1888427734375 -0.014601826667785645
171.970947265625 539.1304321289062 -0.014601826667785645
175.97052001953125 539.072021484375 -0.014601826667785645
179.9700927734375 539.0136108398438 -0.014601826667785645
179.9700927734375 539.0136108398438 -0.4146018326282501
183.63119506835938 537.4022827148438 -0.4146018326282501
187.29229736328125 535.7909545898438 -0.4146018326282501
190.95339965820312 534.1796264648438 -0.4146018326282501
194.614501953125 532.5682983398438 -0.4146018326282501
198.27560424804688 530.9569702148438 -0.4146018326282501
198.27560424804688 530.9569702148438 -0.8146018385887146
201.02023315429688 528.0471801757812 -0.8146018385887146
203.76486206054688 525.1373901367188 -0.8146018385887146
206.50949096679688 522.2276000976562 -0.8146018385887146
209.25411987304688 519.3178100585938 -0.8146018385887146
211.99874877929688 516.4080200195312 -0.8146018385887146
214.74337768554688 513.4982299804688 -0.8146018385887146
217.48800659179688 510.5884094238281 -0.8146018385887146
220.23263549804688 507.6785888671875 -0.8146018385887146
222.97726440429688 504.7687683105469 -0.8146018385887146
225.72189331054688 501.85894775390625 -0.8146018385887146
228.46652221679688 498.9491271972656 -0.8146018385887146
231.21115112304688 496.039306640625 -0.8146018385887146
233.95578002929688 493.1294860839844 -0.8146018385887146
236.70040893554688 490.21966552734375 -0.8146018385887146
239.44503784179688 487.3098449707031 -0.8146018385887146
242.18966674804688 484.4000244140625 -0.8146018385887146
244.93429565429688 481.4902038574219 -0.8146018385887146
247.67892456054688 478.58038330078125 -0.8146018385887146
250.42355346679688 475.6705627441406 -0.8146018385887146
253.16818237304688 472.7607421875 -0.8146018385887146
255.91281127929688 469.8509216308594 -0.8146018385887146
258.6574401855469 466.94110107421875 -0.8146018385887146
261.4020690917969 464.0312805175781 -0.8146018385887146
264.1466979980469 461.1214599609375 -0.8146018385887146
266.8913269042969 458.2116394042969 -0.8146018385887146
269.6359558105469 455.30181884765625 -0.8146018385887146
272.3805847167969 452.3919982910156 -0.8146018385887146
272.3805847167969 452.3919982910156 -0.4146018326282501
276.04168701171875 450.78070068359375 -0.4146018326282501
279.7027893066406 449.1694030761719 -0.4146018326282501
283.3638916015625 447.55810546875 -0.4146018326282501
287.0249938964844 445.9468078613281 -0.4146018326282501
287.0249938964844 445.9468078613281 -0.014601826667785645
291.0245666503906 445.8883972167969 -0.014601826667785645
295.0241394042969 445.8299865722656 -0.014601826667785645
299.0237121582031 445.7715759277344 -0.014601826667785645
303.0232849121094 445.7131652832031 -0.014601826667785645
307.0228576660156 445.6547546386719 -0.014601826667785645
311.0224304199219 445.5963439941406 -0.014601826667785645
315.0220031738281 445.5379333496094 -0.014601826667785645
319.0215759277344 445.4795227050781 -0.014601826667785645
323.0211486816406 445.4211120605469 -0.014601826667785645
327.0207214355469 445.3627014160156 -0.014601826667785645
331.0202941894531 445.3042907714844 -0.014601826667785645
335.0198669433594 445.2458801269531 -0.014601826667785645
335.0198669433594 445.2458801269531 0.38539817929267883
338.7264709472656 446.7496032714844 0.38539817929267883
342.4330749511719 448.2533264160156 0.38539817929267883
346.1396789550781 449.7570495605469 0.38539817929267883
349.8462829589844 451.2607727050781 0.38539817929267883
353.5528869628906 452.7644958496094 0.38539817929267883
357.2594909667969 454.2682189941406 0.38539817929267883
360.9660949707031 455.7719421386719 0.38539817929267883
364.6726989746094 457.2756652832031 0.38539817929267883
368.3793029785156 458.7793884277344 0.38539817929267883
372.0859069824219 460.2831115722656 0.38539817929267883
375.7925109863281 461.7868347167969 0.38539817929267883
379.4991149902344 463.2905578613281 0.38539817929267883
383.2057189941406 464.7942810058594 0.38539817929267883
386.9123229980469 466.2980041503906 0.38539817929267883
387.71923828125 466.7797546386719 0.6910519599914551
390.8015441894531 469.32916259765625 0.6910519599914551
393.88385009765625 471.8785400390625 0.6910519599914551
396.9661560058594 474.42791748046875 0.6910519599914551
400.0484619140625 476.977294921875 0.6910519599914551
403.1307678222656 479.52667236328125 0.6910519599914551
406.21307373046875 482.0760498046875 0.6910519599914551
409.2953796386719 484.62542724609375 0.6910519599914551
412.377685546875 487.1748046875 0.6910519599914551
415.4599914550781 489.72418212890625 0.6910519599914551
418.54229736328125 492.2735595703125 0.6910519599914551
421.6246032714844 494.82293701171875 0.6910519599914551
424.7069091796875 497.372314453125 0.6910519599914551
427.7892150878906 499.92169189453125 0.6910519599914551
430.87152099609375 502.4710693359375 0.6910519599914551
433.9538269042969 505.02044677734375 0.6910519599914551
437.0361328125 507.56982421875 0.6910519599914551
440.1184387207031 510.11920166015625 0.6910519599914551
443.20074462890625 512.6685791015625 0.6910519599914551
446.2830505371094 515.2179565429688 0.6910519599914551
449.3653564453125 517.767333984375 0.6910519599914551
452.4476623535156 520.3167114257812 0.6910519599914551
455.52996826171875 522.8660888671875 0.6910519599914551
458.6122741699219 525.4154663085938 0.6910519599914551
461.694580078125 527.96484375 0.6910519599914551
464.7768859863281 530.5142211914062 0.6910519599914551
467.85919189453125 533.0635986328125 0.6910519599914551
470.9414978027344 535.6129760742188 0.6910519599914551
470.9414978027344 535.6129760742188 0.2910519540309906
474.77325439453125 536.7608032226562 0.2910519540309906
478.6050109863281 537.9086303710938 0.2910519540309906
482.436767578125 539.0564575195312 0.2910519540309906
486.2685241699219 540.2042846679688 0.2910519540309906
490.10028076171875 541.3521118164062 0.2910519540309906
493.9320373535156 542.4999389648438 0.2910519540309906
493.9320373535156 542.4999389648438 -0.10894805192947388
497.9083251953125 542.0650024414062 -0.10894805192947388
501.8846130371094 541.6300659179688 -0.10894805192947388
505.86090087890625 541.1951293945312 -0.10894805192947388
509.8371887207031 540.7601928710938 -0.10894805192947388
513.8134765625 540.3252563476562 -0.10894805192947388
517.7897338867188 539.8903198242188 -0.10894805192947388
521.7659912109375 539.4553833007812 -0.10894805192947388
525.7422485351562 539.0204467773438 -0.10894805192947388
525.7422485351562 539.0204467773438 -0.5089480876922607
529.2352905273438 537.0714111328125 -0.5089480876922607
532.7283325195312 535.1223754882812 -0.5089480876922607
532.7283325195312 535.1223754882812 -0.9089480638504028
535.1866455078125 531.9669189453125 -0.9089480638504028
535.1866455078125 531.9669189453125 -1.308948040008545
536.2221069335938 528.103271484375 -1.308948040008545
537.257568359375 524.2396240234375 -1.308948040008545
538.2930297851562 520.3759765625 -1.308948040008545
539.3284912109375 516.5123291015625 -1.308948040008545
540.3639526367188 512.648681640625 -1.308948040008545
541.3994140625 508.7850341796875 -1.308948040008545
542.4348754882812 504.92138671875 -1.308948040008545
542.4348754882812 504.92138671875 -1.708948016166687
541.884033203125 500.9595031738281 -1.708948016166687
541.3331909179688 496.99761962890625 -1.708948016166687
540.7823486328125 493.0357360839844 -1.708948016166687
540.2315063476562 489.0738525390625 -1.708948016166687
539.6806640625 485.1119689941406 -1.708948016166687
539.1298217773438 481.15008544921875 -1.708948016166687
538.5789794921875 477.1882019042969 -1.708948016166687
538.0281372070312 473.226318359375 -1.708948016166687
538.0281372070312 473.226318359375 -2.108947992324829
535.9779663085938 469.79168701171875 -2.108947992324829
533.9277954101562 466.3570556640625 -2.108947992324829
533.9277954101562 466.3570556640625 -2.5089480876922607
530.701904296875 463.991943359375 -2.5089480876922607
527.4760131835938 461.6268310546875 -2.5089480876922607
524.2501220703125 459.26171875 -2.5089480876922607
521.0242309570312 456.8966064453125 -2.5089480876922607
517.79833984375 454.531494140625 -2.5089480876922607
514.5724487304688 452.1663818359375 -2.5089480876922607
511.3465881347656 449.80126953125 -2.5089480876922607
508.1207275390625 447.4361572265625 -2.5089480876922607
504.8948669433594 445.071044921875 -2.5089480876922607
501.66900634765625 442.7059326171875 -2.5089480876922607
498.4431457519531 440.3408203125 -2.5089480876922607
495.21728515625 437.9757080078125 -2.5089480876922607
491.9914245605469 435.610595703125 -2.5089480876922607
488.76556396484375 433.2454833984375 -2.5089480876922607
485.5397033691406 430.88037109375 -2.5089480876922607
482.3138427734375 428.5152587890625 -2.5089480876922607
479.0879821777344 426.150146484375 -2.5089480876922607
475.86212158203125 423.7850341796875 -2.5089480876922607
472.6362609863281 421.419921875 -2.5089480876922607
469.410400390625 419.0548095703125 -2.5089480876922607
466.1845397949219 416.689697265625 -2.5089480876922607
462.95867919921875 414.3245849609375 -2.5089480876922607
459.7328186035156 411.95947265625 -2.5089480876922607
456.5069580078125 409.5943603515625 -2.5089480876922607
453.2810974121094 407.229248046875 -2.5089480876922607
450.05523681640625 404.8641357421875 -2.5089480876922607
446.8293762207031 402.4990234375 -2.5089480876922607
443.603515625 400.1339111328125 -2.5089480876922607
440.3776550292969 397.768798828125 -2.5089480876922607
437.15179443359375 395.4036865234375 -2.5089480876922607
433.9259338378906 393.03857421875 -2.5089480876922607
430.7000732421875 390.6734619140625 -2.5089480876922607
427.4742126464844 388.308349609375 -2.5089480876922607
424.24835205078125 385.9432373046875 -2.5089480876922607
421.0224914550781 383.578125 -2.5089480876922607
417.796630859375 381.2130126953125 -2.5089480876922607
414.5707702636719 378.847900390625 -2.5089480876922607
414.5707702636719 378.847900390625 -2.108947992324829
414.3116760253906 378.551513671875 -2.4693689346313477
414.3116760253906 378.551513671875 -2.069368839263916
414.06451416015625 378.2451171875 -2.4297897815704346
414.06451416015625 378.2451171875 -2.029789686203003
413.8296813964844 377.92919921875 -2.3902106285095215
413.8296813964844 377.92919921875 -2.790210723876953
410.0740966796875 376.55242919921875 -2.790210723876953
406.3185119628906 375.1756591796875 -2.790210723876953
402.56292724609375 373.79888916015625 -2.790210723876953
398.8073425292969 372.422119140625 -2.790210723876953
395.0517578125 371.04534912109375 -2.790210723876953
391.2961730957031 369.6685791015625 -2.790210723876953
387.54058837890625 368.29180908203125 -2.790210723876953
383.7850036621094 366.9150390625 -2.790210723876953
380.0294189453125 365.53826904296875 -2.790210723876953
376.2738342285156 364.1614990234375 -2.790210723876953
372.51824951171875 362.78472900390625 -2.790210723876953
368.7626647949219 361.407958984375 -2.790210723876953
365.007080078125 360.03118896484375 -2.790210723876953
361.2514953613281 358.6544189453125 -2.790210723876953
357.49591064453125 357.27764892578125 -2.790210723876953
353.7403259277344 355.90087890625 -2.790210723876953
349.9847412109375 354.52410888671875 -2.790210723876953
346.2291564941406 353.1473388671875 -2.790210723876953
342.47357177734375 351.77056884765625 -2.790210723876953
338.7179870605469 350.393798828125 -2.790210723876953
334.96240234375 349.01702880859375 -2.790210723876953
331.2068176269531 347.6402587890625 -2.790210723876953
327.45123291015625 346.26348876953125 -2.790210723876953
323.6956481933594 344.88671875 -2.790210723876953
319.9400634765625 343.50994873046875 -2.790210723876953
316.1844787597656 342.1331787109375 -2.790210723876953
312.42889404296875 340.75640869140625 -2.790210723876953
308.6733093261719 339.379638671875 -2.790210723876953
304.917724609375 338.00286865234375 -2.790210723876953
301.1621398925781 336.6260986328125 -2.790210723876953
297.40655517578125 335.24932861328125 -2.790210723876953
293.6509704589844 333.87255859375 -2.790210723876953
289.8953857421875 332.49578857421875 -2.790210723876953
286.1398010253906 331.1190185546875 -2.790210723876953
285.31695556640625 330.66497802734375 -2.4845569133758545
282.14971923828125 328.2218933105469 -2.4845569133758545
278.98248291015625 325.77880859375 -2.4845569133758545
275.81524658203125 323.3357238769531 -2.4845569133758545
272.64801025390625 320.89263916015625 -2.4845569133758545
269.48077392578125 318.4495544433594 -2.4845569133758545
266.31353759765625 316.0064697265625 -2.4845569133758545
263.14630126953125 313.5633850097656 -2.4845569133758545
259.97906494140625 311.12030029296875 -2.4845569133758545
256.81182861328125 308.6772155761719 -2.4845569133758545
253.6446075439453 306.234130859375 -2.4845569133758545
250.47738647460938 303.7910461425781 -2.4845569133758545
247.31016540527344 301.34796142578125 -2.4845569133758545
244.1429443359375 298.9048767089844 -2.4845569133758545
240.97572326660156 296.4617919921875 -2.4845569133758545
240.97572326660156 296.4617919921875 -2.084556818008423
239.00990295410156 292.9781799316406 -2.084556818008423
237.04408264160156 289.49456787109375 -2.084556818008423
235.07826232910156 286.0109558105469 -2.084556818008423
233.11244201660156 282.52734375 -2.084556818008423
231.14662170410156 279.0437316894531 -2.084556818008423
229.18080139160156 275.56011962890625 -2.084556818008423
227.21498107910156 272.0765075683594 -2.084556818008423
225.24916076660156 268.5928955078125 -2.084556818008423
223.28334045410156 265.1092834472656 -2.084556818008423
221.31752014160156 261.62567138671875 -2.084556818008423
219.35169982910156 258.1420593261719 -2.084556818008423
217.38587951660156 254.658447265625 -2.084556818008423
217.38587951660156 254.658447265625 -1.6845568418502808
216.93182373046875 250.68429565429688 -1.6845568418502808
216.47776794433594 246.71014404296875 -1.6845568418502808
216.02371215820312 242.73599243164062 -1.6845568418502808
215.5696563720703 238.7618408203125 -1.6845568418502808
215.1156005859375 234.78768920898438 -1.6845568418502808
214.6615447998047 230.81353759765625 -1.6845568418502808
214.20748901367188 226.83938598632812 -1.6845568418502808
213.75343322753906 222.865234375 -1.6845568418502808
213.29937744140625 218.89108276367188 -1.6845568418502808
213.29937744140625 218.89108276367188 -1.2845568656921387
214.4287567138672 215.0538330078125 -1.2845568656921387
215.55813598632812 211.21658325195312 -1.2845568656921387
216.68751525878906 207.37933349609375 -1.2845568656921387
216.68751525878906 207.37933349609375 -0.8845568895339966
219.2220458984375 204.2847900390625 -0.8845568895339966
221.75657653808594 201.19024658203125 -0.8845568895339966
224.29110717773438 198.095703125 -0.8845568895339966
226.8256378173828 195.00115966796875 -0.8845568895339966
229.36016845703125 191.9066162109375 -0.8845568895339966
231.8946990966797 188.81207275390625 -0.8845568895339966
234.42922973632812 185.717529296875 -0.8845568895339966
236.96376037597656 182.62298583984375 -0.8845568895339966
239.498291015625 179.5284423828125 -0.8845568895339966
242.03282165527344 176.43389892578125 -0.8845568895339966
242.03282165527344 176.43389892578125 -0.4845568835735321
245.5723419189453 174.5706329345703 -0.4845568835735321
249.1118621826172 172.70736694335938 -0.4845568835735321
252.65138244628906 170.84410095214844 -0.4845568835735321
256.19091796875 168.9808349609375 -0.4845568835735321
259.7304382324219 167.11756896972656 -0.4845568835735321
263.26995849609375 165.25430297851562 -0.4845568835735321
266.8094787597656 163.3910369873047 -0.4845568835735321
270.3489990234375 161.52777099609375 -0.4845568835735321
273.8885192871094 159.6645050048828 -0.4845568835735321
277.42803955078125 157.80123901367188 -0.4845568835735321
280.9675598144531 155.93797302246094 -0.4845568835735321
284.507080078125 154.07470703125 -0.4845568835735321
288.0466003417969 152.21144104003906 -0.4845568835735321
288.9351501464844 151.90536499023438 -0.17890378832817078
292.8713073730469 151.1935577392578 -0.17890378832817078
296.8074645996094 150.48175048828125 -0.17890378832817078
300.7436218261719 149.7699432373047 -0.17890378832817078
304.6797790527344 149.05813598632812 -0.17890378832817078
308.6159362792969 148.34632873535156 -0.17890378832817078
312.5520935058594 147.634521484375 -0.17890378832817078
316.4882507324219 146.92271423339844 -0.17890378832817078
320.4244079589844 146.21090698242188 -0.17890378832817078
324.3605651855469 145.4990997314453 -0.17890378832817078
328.2967224121094 144.78729248046875 -0.17890378832817078
332.2328796386719 144.0754852294922 -0.17890378832817078
336.1690368652344 143.36367797851562 -0.17890378832817078
340.1051940917969 142.65187072753906 -0.17890378832817078
344.0413513183594 141.9400634765625 -0.17890378832817078
347.9775085449219 141.22825622558594 -0.17890378832817078
351.9136657714844 140.51644897460938 -0.17890378832817078
355.8498229980469 139.8046417236328 -0.17890378832817078
359.7859802246094 139.09283447265625 -0.17890378832817078
363.7221374511719 138.3810272216797 -0.17890378832817078
367.6582946777344 137.66921997070312 -0.17890378832817078
371.5944519042969 136.95741271972656 -0.17890378832817078
375.5306091308594 136.24560546875 -0.17890378832817078
379.4667663574219 135.53379821777344 -0.17890378832817078
383.4029235839844 134.82199096679688 -0.17890378832817078
387.3390808105469 134.1101837158203 -0.17890378832817078
391.2752380371094 133.39837646484375 -0.17890378832817078
395.2113952636719 132.6865692138672 -0.17890378832817078
399.1475524902344 131.97476196289062 -0.17890378832817078
403.0837097167969 131.26295471191406 -0.17890378832817078
407.0198669433594 130.5511474609375 -0.17890378832817078
410.9560241699219 129.83934020996094 -0.17890378832817078
414.8921813964844 129.12753295898438 -0.17890378832817078
418.8283386230469 128.4157257080078 -0.17890378832817078
422.7644958496094 127.70391845703125 -0.17890378832817078
426.7006530761719 126.99211120605469 -0.17890378832817078
430.6368103027344 126.28030395507812 -0.17890378832817078
434.5729675292969 125.56849670410156 -0.17890378832817078
438.5091247558594 124.856689453125 -0.17890378832817078
442.4452819824219 124.14488220214844 -0.17890378832817078
446.3814392089844 123.43307495117188 -0.17890378832817078
450.3175964355469 122.72126770019531 -0.17890378832817078
454.2537536621094 122.00946044921875 -0.17890378832817078
458.1899108886719 121.29765319824219 -0.17890378832817078
462.1260681152344 120.58584594726562 -0.17890378832817078
466.0622253417969 119.87403869628906 -0.17890378832817078
469.9983825683594 119.1622314453125 -0.17890378832817078
473.9345397949219 118.45042419433594 -0.17890378832817078
477.8706970214844 117.73861694335938 -0.17890378832817078
481.8068542480469 117.02680969238281 -0.17890378832817078
485.7430114746094 116.31500244140625 -0.17890378832817078
489.6791687011719 115.60319519042969 -0.17890378832817078
493.6153259277344 114.89138793945312 -0.17890378832817078
497.5514831542969 114.17958068847656 -0.17890378832817078
501.4876403808594 113.4677734375 -0.17890378832817078
505.4237976074219 112.75596618652344 -0.17890378832817078
509.3599548339844 112.04415893554688 -0.17890378832817078
513.296142578125 111.33235168457031 -0.17890378832817078
517.2322998046875 110.62054443359375 -0.17890378832817078
521.16845703125 109.90873718261719 -0.17890378832817078
521.16845703125 109.90873718261719 -0.5789037942886353
524.5167236328125 107.7203140258789 -0.5789037942886353
527.864990234375 105.53189086914062 -0.5789037942886353
531.2132568359375 103.34346771240234 -0.5789037942886353
534.5615234375 101.15504455566406 -0.5789037942886353
534.5615234375 101.15504455566406 -0.9789037704467773
536.7932739257812 97.83550262451172 -0.9789037704467773
539.0250244140625 94.51596069335938 -0.9789037704467773
541.2567749023438 91.19641876220703 -0.9789037704467773
543.488525390625 87.87687683105469 -0.9789037704467773
545.7202758789062 84.55733489990234 -0.9789037704467773
547.9520263671875 81.23779296875 -0.9789037704467773
550.1837768554688 77.91825103759766 -0.9789037704467773
552.41552734375 74.59870910644531 -0.9789037704467773
554.6472778320312 71.27916717529297 -0.9789037704467773
554.6472778320312 71.27916717529297 -1.3789037466049194
554.6472778320312 71.27916717529297 -1.7789037227630615
553.8208618164062 67.36547088623047 -1.7789037227630615
552.9944458007812 63.45177459716797 -1.7789037227630615
552.1680297851562 59.53807830810547 -1.7789037227630615
551.3416137695312 55.62438201904297 -1.7789037227630615
550.5151977539062 51.71068572998047 -1.7789037227630615
550.5151977539062 51.71068572998047 -2.178903818130493
550.2360229492188 51.43314743041992 -2.5393247604370117
549.8768920898438 51.27189254760742 -2.8997457027435303
549.8768920898438 51.27189254760742 2.9834394454956055
545.9268188476562 51.90187072753906 2.9834394454956055
541.9767456054688 52.5318489074707 2.9834394454956055
538.0266723632812 53.161827087402344 2.9834394454956055
534.0765991210938 53.791805267333984 2.9834394454956055
530.1265258789062 54.421783447265625 2.9834394454956055
526.1764526367188 55.051761627197266 2.9834394454956055
522.2263793945312 55.681739807128906 2.9834394454956055
518.2763061523438 56.31171798706055 2.9834394454956055
514.3262329101562 56.94169616699219 2.9834394454956055
510.37615966796875 57.57167434692383 2.9834394454956055
506.42608642578125 58.20165252685547 2.9834394454956055
502.47601318359375 58.83163070678711 2.9834394454956055
498.52593994140625 59.46160888671875 2.9834394454956055
494.57586669921875 60.09158706665039 2.9834394454956055
490.62579345703125 60.72156524658203 2.9834394454956055
486.67572021484375 61.35154342651367 2.9834394454956055
482.72564697265625 61.98152160644531 2.9834394454956055
478.77557373046875 62.61149978637695 2.9834394454956055
474.82550048828125 63.241477966308594 2.9834394454956055
474.82550048828125 63.241477966308594 -2.8997457027435303
470.9419250488281 62.28349304199219 -2.8997457027435303
467.058349609375 61.32550811767578 -2.8997457027435303
463.1747741699219 60.367523193359375 -2.8997457027435303
459.29119873046875 59.40953826904297 -2.8997457027435303
455.4076232910156 58.45155334472656 -2.8997457027435303
451.5240478515625 57.493568420410156 -2.8997457027435303
447.6404724121094 56.53558349609375 -2.8997457027435303
443.75689697265625 55.577598571777344 -2.8997457027435303
439.8733215332031 54.61961364746094 -2.8997457027435303
435.98974609375 53.66162872314453 -2.8997457027435303
432.1061706542969 52.703643798828125 -2.8997457027435303
428.22259521484375 51.74565887451172 -2.8997457027435303
424.3390197753906 50.78767395019531 -2.8997457027435303
420.4554443359375 49.829689025878906 -2.8997457027435303
416.5718688964844 48.8717041015625 -2.8997457027435303
412.68829345703125 47.913719177246094 -2.8997457027435303
408.8047180175781 46.95573425292969 -2.8997457027435303
404.921142578125 45.99774932861328 -2.8997457027435303
401.0375671386719 45.039764404296875 -2.8997457027435303
401.0375671386719 45.039764404296875 -2.4997456073760986
400.68511962890625 44.86442565917969 -2.860166549682617
400.68511962890625 44.86442565917969 3.0230185985565186
396.71319580078125 45.33761215209961 3.0230185985565186
392.74127197265625 45.81079864501953 3.0230185985565186
388.76934814453125 46.28398513793945 3.0230185985565186
384.79742431640625 46.757171630859375 3.0230185985565186
380.82550048828125 47.2303581237793 3.0230185985565186
376.85357666015625 47.70354461669922 3.0230185985565186
372.88165283203125 48.17673110961914 3.0230185985565186
368.90972900390625 48.64991760253906 3.0230185985565186
364.93780517578125 49.123104095458984 3.0230185985565186
360.96588134765625 49.596290588378906 3.0230185985565186
356.99395751953125 50.06947708129883 3.0230185985565186
353.02203369140625 50.54266357421875 3.0230185985565186
349.05010986328125 51.01585006713867 3.0230185985565186
345.07818603515625 51.489036560058594 3.0230185985565186
341.10626220703125 51.962223052978516 3.0230185985565186
337.13433837890625 52.43540954589844 3.0230185985565186
333.16241455078125 52.90859603881836 3.0230185985565186
329.19049072265625 53.38178253173828 3.0230185985565186
325.21856689453125 53.8549690246582 3.0230185985565186
321.24664306640625 54.328155517578125 3.0230185985565186
317.27471923828125 54.80134201049805 3.0230185985565186
313.30279541015625 55.27452850341797 3.0230185985565186
309.33087158203125 55.74771499633789 3.0230185985565186
305.35894775390625 56.22090148925781 3.0230185985565186
301.38702392578125 56.694087982177734 3.0230185985565186
297.41510009765625 57.167274475097656 3.0230185985565186
293.44317626953125 57.64046096801758 3.0230185985565186
289.47125244140625 58.1136474609375 3.0230185985565186
285.49932861328125 58.58683395385742 3.0230185985565186
281.52740478515625 59.060020446777344 3.0230185985565186
277.55548095703125 59.533206939697266 3.0230185985565186
273.58355712890625 60.00639343261719 3.0230185985565186
269.61163330078125 60.47957992553711 3.0230185985565186
265.63970947265625 60.95276641845703 3.0230185985565186
261.66778564453125 61.42595291137695 3.0230185985565186
257.69586181640625 61.899139404296875 3.0230185985565186
253.7239532470703 62.3723258972168 3.0230185985565186
249.75204467773438 62.84551239013672 3.0230185985565186
245.78013610839844 63.31869888305664 3.0230185985565186
241.8082275390625 63.79188537597656 3.0230185985565186
237.83631896972656 64.26506805419922 3.0230185985565186
233.86441040039062 64.73825073242188 3.0230185985565186
229.8925018310547 65.21143341064453 3.0230185985565186
225.92059326171875 65.68461608886719 3.0230185985565186
221.9486846923828 66.15779876708984 3.0230185985565186
217.97677612304688 66.6309814453125 3.0230185985565186
214.00486755371094 67.10416412353516 3.0230185985565186
210.032958984375 67.57734680175781 3.0230185985565186
206.06105041503906 68.05052947998047 3.0230185985565186
202.08914184570312 68.52371215820312 3.0230185985565186
198.1172332763672 68.99689483642578 3.0230185985565186
194.14532470703125 69.47007751464844 3.0230185985565186
190.1734161376953 69.9432601928711 3.0230185985565186
186.20150756835938 70.41644287109375 3.0230185985565186
182.22959899902344 70.8896255493164 3.0230185985565186
178.2576904296875 71.36280822753906 3.0230185985565186
174.28578186035156 71.83599090576172 3.0230185985565186
170.31387329101562 72.30917358398438 3.0230185985565186
166.3419647216797 72.78235626220703 3.0230185985565186
162.37005615234375 73.25553894042969 3.0230185985565186
158.3981475830078 73.72872161865234 3.0230185985565186
154.42623901367188 74.201904296875 3.0230185985565186
150.45433044433594 74.67508697509766 3.0230185985565186
146.482421875 75.14826965332031 3.0230185985565186
142.51051330566406 75.62145233154297 3.0230185985565186
138.53860473632812 76.09463500976562 3.0230185985565186
134.5666961669922 76.56781768798828 3.0230185985565186
130.59478759765625 77.04100036621094 3.0230185985565186
126.62287139892578 77.5141830444336 3.0230185985565186
122.65095520019531 77.98736572265625 3.0230185985565186
118.67903900146484 78.4605484008789 3.0230185985565186
114.70712280273438 78.93373107910156 3.0230185985565186
110.7352066040039 79.40691375732422 3.0230185985565186
106.76329040527344 79.88009643554688 3.0230185985565186
102.79137420654297 80.35327911376953 3.0230185985565186
98.8194580078125 80.82646179199219 3.0230185985565186
94.84754180908203 81.29964447021484 3.0230185985565186
90.87562561035156 81.7728271484375 3.0230185985565186
86.9037094116211 82.24600982666016 3.0230185985565186
82.93179321289062 82.71919250488281 3.0230185985565186
78.95987701416016 83.19237518310547 3.0230185985565186
82.93179321289062 82.71919250488281 3.0230185985565186
78.95987701416016 83.19237518310547 3.0230185985565186
82.93179321289062 82.71919250488281 3.0230185985565186
78.95987701416016 83.19237518310547 3.0230185985565186
82.93179321289062 82.71919250488281 3.0230185985565186
78.95987701416016 83.19237518310547 3.0230185985565186
82.93179321289062 82.71919250488281 3.0230185985565186
78.95987701416016 83.19237518310547 3.0230185985565186
82.93179321289062 82.71919250488281 3.0230185985565186
78.95987701416016 83.19237518310547 3.0230185985565186
82.93179321289062 82.71919250488281 3.0230185985565186
78.95987701416016 83.19237518310547 3.0230185985565186
82.93179321289062 82.71919250488281 3.0230185985565186
78.95987701416016 83.19237518310547 3.0230185985565186
82.93179321289062 82.71919250488281 3.0230185985565186
78.95987701416016 83.19237518310547 3.0230185985565186
82.93179321289062 82.71919250488281 3.0230185985565186
78.95987701416016 83.19237518310547 3.0230185985565186
82.93179321289062 82.71919250488281 3.0230185985565186
78.95987701416016 83.19237518310547 3.0230185985565186
82.93179321289062 82.71919250488281 3.0230185985565186
78.95987701416016 83.19237518310547 3.0230185985565186
82.93179321289062 82.71919250488281 3.0230185985565186
78.95987701416016 83.19237518310547 3.0230185985565186
82.93179321289062 82.71919250488281 3.0230185985565186
78.95987701416016 83.19237518310547 3.0230185985565186
82.93179321289062 82.71919250488281 3.0230185985565186
78.95987701416016 83.19237518310547 3.0230185985565186
82.93179321289062 82.71919250488281 3.0230185985565186
78.95987701416016 83.19237518310547 3.0230185985565186
82.93179321289062 82.71919250488281 3.0230185985565186
78.95987701416016 83.19237518310547 3.0230185985565186
82.93179321289062 82.71919250488281 3.0230185985565186
78.95987701416016 83.19237518310547 3.0230185985565186
82.93179321289062 82.71919250488281 3.0230185985565186
78.95987701416016 83.19237518310547 3.0230185985565186
82.93179321289062 82.71919250488281 3.0230185985565186
78.95987701416016 83.19237518310547 3.0230185985565186
82.93179321289062 82.71919250488281 3.0230185985565186
78.95987701416016 83.19237518310547 3.0230185985565186
82.93179321289062 82.71919250488281 3.0230185985565186
78.95987701416016 83.19237518310547 3.0230185985565186
82.93179321289062 82.71919250488281 3.0230185985565186
78.95987701416016 83.19237518310547 3.0230185985565186
82.93179321289062 82.71919250488281 3.0230185985565186
78.95987701416016 83.19237518310547 3.0230185985565186
82.93179321289062 82.71919250488281 3.0230185985565186
78.95987701416016 83.19237518310547 3.0230185985565186
82.93179321289062 82.71919250488281 3.0230185985565186
78.95987701416016 83.19237518310547 3.0230185985565186
82.93179321289062 82.71919250488281 3.0230185985565186
78.95987701416016 83.19237518310547 3.0230185985565186
82.93179321289062 82.71919250488281 3.0230185985565186
78.95987701416016 83.19237518310547 3.0230185985565186
82.93179321289062 82.71919250488281 3.0230185985565186
78.95987701416016 83.19237518310547 3.0230185985565186
82.93179321289062 82.71919250488281 3.0230185985565186
78.95987701416016 83.19237518310547 3.0230185985565186
82.93179321289062 82.71919250488281 3.0230185985565186
78.95987701416016 83.19237518310547 3.0230185985565186
82.93179321289062 82.71919250488281 3.0230185985565186
78.95987701416016 83.19237518310547 3.0230185985565186
82.93179321289062 82.71919250488281 3.0230185985565186
78.95987701416016 83.19237518310547 3.0230185985565186
82.93179321289062 82.71919250488281 3.0230185985565186
78.95987701416016 83.19237518310547 3.0230185985565186
82.93179321289062 82.71919250488281 3.0230185985565186
78.95987701416016 83.19237518310547 3.0230185985565186
82.93179321289062 82.71919250488281 3.0230185985565186
78.95987701416016 83.19237518310547 3.0230185985565186
82.93179321289062 82.71919250488281 3.0230185985565186
78.95987701416016 83.19237518310547 3.0230185985565186
82.93179321289062 82.71919250488281 3.0230185985565186
78.95987701416016 83.19237518310547 3.0230185985565186
82.93179321289062 82.71919250488281 3.0230185985565186
78.95987701416016 83.19237518310547 3.0230185985565186
82.93179321289062 82.71919250488281 3.0230185985565186
78.95987701416016 83.19237518310547 3.0230185985565186
82.93179321289062 82.71919250488281 3.0230185985565186
78.95987701416016 83.19237518310547 3.0230185985565186
82.93179321289062 82.71919250488281 3.0230185985565186
78.95987701416016 83.19237518310547 3.0230185985565186
82.93179321289062 82.71919250488281 3.0230185985565186
78.95987701416016 83.19237518310547 3.0230185985565186
82.93179321289062 82.71919250488281 3.0230185985565186
78.95987701416016 83.19237518310547 3.0230185985565186
82.93179321289062 82.71919250488281 3.0230185985565186
78.95987701416016 83.19237518310547 3.0230185985565186
82.93179321289062 82.71919250488281 3.0230185985565186
78.95987701416016 83.19237518310547 3.0230185985565186
82.93179321289062 82.71919250488281 3.0230185985565186
78.95987701416016 83.19237518310547 3.0230185985565186
82.93179321289062 82.71919250488281 3.0230185985565186
78.95987701416016 83.19237518310547 3.0230185985565186
82.93179321289062 82.71919250488281 3.0230185985565186
78.95987701416016 83.19237518310547 3.0230185985565186
82.93179321289062 82.71919250488281 3.0230185985565186
78.95987701416016 83.19237518310547 3.0230185985565186
82.93179321289062 82.71919250488281 3.0230185985565186
78.95987701416016 83.19237518310547 3.0230185985565186
82.93179321289062 82.71919250488281 3.0230185985565186
78.95987701416016 83.19237518310547 3.0230185985565186
82.93179321289062 82.71919250488281 3.0230185985565186
78.95987701416016 83.19237518310547 3.0230185985565186
82.93179321289062 82.71919250488281 3.0230185985565186
78.95987701416016 83.19237518310547 3.0230185985565186
82.93179321289062 82.71919250488281 3.0230185985565186
78.95987701416016 83.19237518310547 3.0230185985565186
82.93179321289062 82.71919250488281 3.0230185985565186
78.95987701416016 83.19237518310547 3.0230185985565186
82.93179321289062 82.71919250488281 3.0230185985565186
78.95987701416016 83.19237518310547 3.0230185985565186
82.93179321289062 82.71919250488281 3.0230185985565186
78.95987701416016 83.19237518310547 3.0230185985565186
82.93179321289062 82.71919250488281 3.0230185985565186
78.95987701416016 83.19237518310547 3.0230185985565186
82.93179321289062 82.71919250488281 3.0230185985565186
78.95987701416016 83.19237518310547 3.0230185985565186
82.93179321289062 82.71919250488281 3.0230185985565186
78.95987701416016 83.19237518310547 3.0230185985565186
82.93179321289062 82.71919250488281 3.0230185985565186
78.95987701416016 83.19237518310547 3.0230185985565186
82.93179321289062 82.71919250488281 3.0230185985565186
78.95987701416016 83.19237518310547 3.0230185985565186
82.93179321289062 82.71919250488281 3.0230185985565186
78.95987701416016 83.19237518310547 3.0230185985565186
82.93179321289062 82.71919250488281 3.0230185985565186
78.95987701416016 83.19237518310547 3.0230185985565186
82.93179321289062 82.71919250488281 3.0230185985565186
78.95987701416016 83.19237518310547 3.0230185985565186
82.93179321289062 82.71919250488281 3.0230185985565186
78.95987701416016 83.19237518310547 3.0230185985565186
82.93179321289062 82.71919250488281 3.0230185985565186
78.95987701416016 83.19237518310547 3.0230185985565186
82.93179321289062 82.71919250488281 3.0230185985565186
78.95987701416016 83.19237518310547 3.0230185985565186
82.93179321289062 82.71919250488281 3.0230185985565186
78.95987701416016 83.19237518310547 3.0230185985565186
82.93179321289062 82.71919250488281 3.0230185985565186
78.95987701416016 83.19237518310547 3.0230185985565186
82.93179321289062 82.71919250488281 3.0230185985565186
78.95987701416016 83.19237518310547 3.0230185985565186
82.93179321289062 82.71919250488281 3.0230185985565186
78.95987701416016 83.19237518310547 3.0230185985565186
82.93179321289062 82.71919250488281 3.0230185985565186
78.95987701416016 83.19237518310547 3.0230185985565186
82.93179321289062 82.71919250488281 3.0230185985565186
78.95987701416016 83.19237518310547 3.0230185985565186
82.93179321289062 82.71919250488281 3.0230185985565186
78.95987701416016 83.19237518310547 3.0230185985565186
82.93179321289062 82.71919250488281 3.0230185985565186
78.95987701416016 83.19237518310547 3.0230185985565186
82.93179321289062 82.71919250488281 3.0230185985565186
78.95987701416016 83.19237518310547 3.0230185985565186
82.93179321289062 82.71919250488281 3.0230185985565186
78.95987701416016 83.19237518310547 3.0230185985565186
82.93179321289062 82.71919250488281 3.0230185985565186
78.95987701416016 83.19237518310547 3.0230185985565186
82.93179321289062 82.71919250488281 3.0230185985565186
78.95987701416016 83.19237518310547 3.0230185985565186
82.93179321289062 82.71919250488281 3.0230185985565186
78.95987701416016 83.19237518310547 3.0230185985565186
82.93179321289062 82.71919250488281 3.0230185985565186
78.95987701416016 83.19237518310547 3.0230185985565186
82.93179321289062 82.71919250488281 3.0230185985565186
78.95987701416016 83.19237518310547 3.0230185985565186
82.93179321289062 82.71919250488281 3.0230185985565186
78.95987701416016 83.19237518310547 3.0230185985565186
82.93179321289062 82.71919250488281 3.0230185985565186
78.95987701416016 83.19237518310547 3.0230185985565186
82.93179321289062 82.71919250488281 3.0230185985565186
78.95987701416016 83.19237518310547 3.0230185985565186
82.93179321289062 82.71919250488281 3.0230185985565186
78.95987701416016 83.19237518310547 3.0230185985565186
82.93179321289062 82.71919250488281 3.0230185985565186
78.95987701416016 83.19237518310547 3.0230185985565186
82.93179321289062 82.71919250488281 3.0230185985565186
78.95987701416016 83.19237518310547 3.0230185985565186
82.93179321289062 82.71919250488281 3.0230185985565186
78.95987701416016 83.19237518310547 3.0230185985565186
82.93179321289062 82.71919250488281 3.0230185985565186
78.95987701416016 83.19237518310547 3.0230185985565186
82.93179321289062 82.71919250488281 3.0230185985565186
78.95987701416016 83.19237518310547 3.0230185985565186
82.93179321289062 82.71919250488281 3.0230185985565186
78.95987701416016 83.19237518310547 3.0230185985565186
82.93179321289062 82.71919250488281 3.0230185985565186
78.95987701416016 83.19237518310547 3.0230185985565186
82.93179321289062 82.71919250488281 3.0230185985565186
78.95987701416016 83.19237518310547 3.0230185985565186
82.93179321289062 82.71919250488281 3.0230185985565186
78.95987701416016 83.19237518310547 3.0230185985565186
82.93179321289062 82.71919250488281 3.0230185985565186
78.95987701416016 83.19237518310547 3.0230185985565186
82.93179321289062 82.71919250488281 3.0230185985565186
78.95987701416016 83.19237518310547 3.0230185985565186
82.93179321289062 82.71919250488281 3.0230185985565186
78.95987701416016 83.19237518310547 3.0230185985565186
82.93179321289062 82.71919250488281 3.0230185985565186
78.95987701416016 83.19237518310547 3.0230185985565186
82.93179321289062 82.71919250488281 3.0230185985565186
78.95987701416016 83.19237518310547 3.0230185985565186
82.93179321289062 82.71919250488281 3.0230185985565186
78.95987701416016 83.19237518310547 3.0230185985565186
82.93179321289062 82.71919250488281 3.0230185985565186
78.95987701416016 83.19237518310547 3.0230185985565186
82.93179321289062 82.71919250488281 3.0230185985565186
78.95987701416016 83.19237518310547 3.0230185985565186
82.93179321289062 82.71919250488281 3.0230185985565186
78.95987701416016 83.19237518310547 3.0230185985565186
82.93179321289062 82.71919250488281 3.0230185985565186
78.95987701416016 83.19237518310547 3.0230185985565186
82.93179321289062 82.71919250488281 3.0230185985565186
78.95987701416016 83.19237518310547 3.0230185985565186
82.93179321289062 82.71919250488281 3.0230185985565186
78.95987701416016 83.19237518310547 3.0230185985565186
82.93179321289062 82.71919250488281 3.0230185985565186
78.95987701416016 83.19237518310547 3.0230185985565186
82.93179321289062 82.71919250488281 3.0230185985565186
78.95987701416016 83.19237518310547 3.0230185985565186
82.93179321289062 82.71919250488281 3.0230185985565186
78.95987701416016 83.19237518310547 3.0230185985565186
82.93179321289062 82.71919250488281 3.0230185985565186
78.95987701416016 83.19237518310547 3.0230185985565186
82.93179321289062 82.71919250488281 3.0230185985565186
78.95987701416016 83.19237518310547 3.0230185985565186
82.93179321289062 82.71919250488281 3.0230185985565186
78.95987701416016 83.19237518310547 3.0230185985565186
82.93179321289062 82.71919250488281 3.0230185985565186
78.95987701416016 83.19237518310547 3.0230185985565186
82.93179321289062 82.71919250488281 3.0230185985565186
78.95987701416016 83.19237518310547 3.0230185985565186
82.93179321289062 82.71919250488281 3.0230185985565186
78.95987701416016 83.19237518310547 3.0230185985565186
82.93179321289062 82.71919250488281 3.0230185985565186
78.95987701416016 83.19237518310547 3.0230185985565186
82.93179321289062 82.71919250488281 3.0230185985565186
78.95987701416016 83.19237518310547 3.0230185985565186
82.93179321289062 82.71919250488281 3.0230185985565186
78.95987701416016 83.19237518310547 3.0230185985565186
82.93179321289062 82.71919250488281 3.0230185985565186
78.95987701416016 83.19237518310547 3.0230185985565186
82.93179321289062 82.71919250488281 3.0230185985565186
78.95987701416016 83.19237518310547 3.0230185985565186
82.93179321289062 82.71919250488281 3.0230185985565186
78.95987701416016 83.19237518310547 3.0230185985565186
82.93179321289062 82.71919250488281 3.0230185985565186
78.95987701416016 83.19237518310547 3.0230185985565186
82.93179321289062 82.71919250488281 3.0230185985565186
78.95987701416016 83.19237518310547 3.0230185985565186
82.93179321289062 82.71919250488281 3.0230185985565186
78.95987701416016 83.19237518310547 3.0230185985565186
82.93179321289062 82.71919250488281 3.0230185985565186
78.95987701416016 83.19237518310547 3.0230185985565186
82.93179321289062 82.71919250488281 3.0230185985565186
78.95987701416016 83.19237518310547 3.0230185985565186
82.93179321289062 82.71919250488281 3.0230185985565186
78.95987701416016 83.19237518310547 3.0230185985565186
82.93179321289062 82.71919250488281 3.0230185985565186
78.95987701416016 83.19237518310547 3.0230185985565186
82.93179321289062 82.71919250488281 3.0230185985565186
78.95987701416016 83.19237518310547 3.0230185985565186
82.93179321289062 82.71919250488281 3.0230185985565186
78.95987701416016 83.19237518310547 3.0230185985565186
82.93179321289062 82.71919250488281 3.0230185985565186
78.95987701416016 83.19237518310547 3.0230185985565186
82.93179321289062 82.71919250488281 3.0230185985565186
78.95987701416016 83.19237518310547 3.0230185985565186
82.93179321289062 82.71919250488281 3.0230185985565186
78.95987701416016 83.19237518310547 3.0230185985565186
82.93179321289062 82.71919250488281 3.0230185985565186
78.95987701416016 83.19237518310547 3.0230185985565186
82.93179321289062 82.71919250488281 3.0230185985565186
78.95987701416016 83.19237518310547 3.0230185985565186
82.93179321289062 82.71919250488281 3.0230185985565186
78.95987701416016 83.19237518310547 3.0230185985565186
82.93179321289062 82.71919250488281 3.0230185985565186
78.95987701416016 83.19237518310547 3.0230185985565186
82.93179321289062 82.71919250488281 3.0230185985565186
78.95987701416016 83.19237518310547 3.0230185985565186
82.93179321289062 82.71919250488281 3.0230185985565186
78.95987701416016 83.19237518310547 3.0230185985565186
82.93179321289062 82.71919250488281 3.0230185985565186
78.95987701416016 83.19237518310547 3.0230185985565186
82.93179321289062 82.71919250488281 3.0230185985565186
78.95987701416016 83.19237518310547 3.0230185985565186
82.93179321289062 82.71919250488281 3.0230185985565186
78.95987701416016 83.19237518310547 3.0230185985565186
82.93179321289062 82.71919250488281 3.0230185985565186
78.95987701416016 83.19237518310547 3.0230185985565186
82.93179321289062 82.71919250488281 3.0230185985565186
78.95987701416016 83.19237518310547 3.0230185985565186
82.93179321289062 82.71919250488281 3.0230185985565186
78.95987701416016 83.19237518310547 3.0230185985565186
82.93179321289062 82.71919250488281 3.0230185985565186
78.95987701416016 83.19237518310547 3.0230185985565186
82.93179321289062 82.71919250488281 3.0230185985565186
78.95987701416016 83.19237518310547 3.0230185985565186
82.93179321289062 82.71919250488281 3.0230185985565186
78.95987701416016 83.19237518310547 3.0230185985565186
82.93179321289062 82.71919250488281 3.0230185985565186
78.95987701416016 83.19237518310547 3.0230185985565186
82.93179321289062 82.71919250488281 3.0230185985565186
78.95987701416016 83.19237518310547 3.0230185985565186
82.93179321289062 82.71919250488281 3.0230185985565186
78.95987701416016 83.19237518310547 3.0230185985565186
82.93179321289062 82.71919250488281 3.0230185985565186
78.95987701416016 83.19237518310547 3.0230185985565186
82.93179321289062 82.71919250488281 3.0230185985565186
78.95987701416016 83.19237518310547 3.0230185985565186
82.93179321289062 82.71919250488281 3.0230185985565186
78.95987701416016 83.19237518310547 3.0230185985565186
82.93179321289062 82.71919250488281 3.0230185985565186
78.95987701416016 83.19237518310547 3.0230185985565186
82.93179321289062 82.71919250488281 3.0230185985565186
78.95987701416016 83.19237518310547 3.0230185985565186
82.93179321289062 82.71919250488281 3.0230185985565186
78.95987701416016 83.19237518310547 3.0230185985565186
82.93179321289062 82.71919250488281 3.0230185985565186
78.95987701416016 83.19237518310547 3.0230185985565186
82.93179321289062 82.71919250488281 3.0230185985565186
78.95987701416016 83.19237518310547 3.0230185985565186
82.93179321289062 82.71919250488281 3.0230185985565186
78.95987701416016 83.19237518310547 3.0230185985565186
82.93179321289062 82.71919250488281 3.0230185985565186
78.95987701416016 83.19237518310547 3.0230185985565186
82.93179321289062 82.71919250488281 3.0230185985565186
78.95987701416016 83.19237518310547 3.0230185985565186
82.93179321289062 82.71919250488281 3.0230185985565186
78.95987701416016 83.19237518310547 3.0230185985565186
82.93179321289062 82.71919250488281 3.0230185985565186
78.95987701416016 83.19237518310547 3.0230185985565186
82.93179321289062 82.71919250488281 3.0230185985565186
78.95987701416016 83.19237518310547 3.0230185985565186
82.93179321289062 82.71919250488281 3.0230185985565186
78.95987701416016 83.19237518310547 3.0230185985565186
82.93179321289062 82.71919250488281 3.0230185985565186
78.95987701416016 83.19237518310547 3.0230185985565186
82.93179321289062 82.71919250488281 3.0230185985565186
78.95987701416016 83.19237518310547 3.0230185985565186
82.93179321289062 82.71919250488281 3.0230185985565186
78.95987701416016 83.19237518310547 3.0230185985565186
82.93179321289062 82.71919250488281 3.0230185985565186
78.95987701416016 83.19237518310547 3.0230185985565186
82.93179321289062 82.71919250488281 3.0230185985565186
78.95987701416016 83.19237518310547 3.0230185985565186
82.93179321289062 82.71919250488281 3.0230185985565186
78.95987701416016 83.19237518310547 3.0230185985565186
82.93179321289062 82.71919250488281 3.0230185985565186
78.95987701416016 83.19237518310547 3.0230185985565186
82.93179321289062 82.71919250488281 3.0230185985565186
78.95987701416016 83.19237518310547 3.0230185985565186
82.93179321289062 82.71919250488281 3.0230185985565186
78.95987701416016 83.19237518310547 3.0230185985565186
82.93179321289062 82.71919250488281 3.0230185985565186
78.95987701416016 83.19237518310547 3.0230185985565186
82.93179321289062 82.71919250488281 3.0230185985565186
78.95987701416016 83.19237518310547 3.0230185985565186
82.93179321289062 82.71919250488281 3.0230185985565186
78.95987701416016 83.19237518310547 3.0230185985565186
82.93179321289062 82.71919250488281 3.0230185985565186
78.95987701416016 83.19237518310547 3.0230185985565186
82.93179321289062 82.71919250488281 3.0230185985565186
78.95987701416016 83.19237518310547 3.0230185985565186
82.93179321289062 82.71919250488281 3.0230185985565186
78.95987701416016 83.19237518310547 3.0230185985565186
82.93179321289062 82.71919250488281 3.0230185985565186
78.95987701416016 83.19237518310547 3.0230185985565186
82.93179321289062 82.71919250488281 3.0230185985565186
78.95987701416016 83.19237518310547 3.0230185985565186
82.93179321289062 82.71919250488281 3.0230185985565186
78.95987701416016 83.19237518310547 3.0230185985565186
82.93179321289062 82.71919250488281 3.0230185985565186
78.95987701416016 83.19237518310547 3.0230185985565186
82.93179321289062 82.71919250488281 3.0230185985565186
78.95987701416016 83.19237518310547 3.0230185985565186
82.93179321289062 82.71919250488281 3.0230185985565186
78.95987701416016 83.19237518310547 3.0230185985565186
82.93179321289062 82.71919250488281 3.0230185985565186
78.95987701416016 83.19237518310547 3.0230185985565186
82.93179321289062 82.71919250488281 3.0230185985565186
78.95987701416016 83.19237518310547 3.0230185985565186
82.93179321289062 82.71919250488281 3.0230185985565186
78.95987701416016 83.19237518310547 3.0230185985565186
82.93179321289062 82.71919250488281 3.0230185985565186
78.95987701416016 83.19237518310547 3.0230185985565186
82.93179321289062 82.71919250488281 3.0230185985565186
78.95987701416016 83.19237518310547 3.0230185985565186
82.93179321289062 82.71919250488281 3.0230185985565186
78.95987701416016 83.19237518310547 3.0230185985565186
82.93179321289062 82.71919250488281 3.0230185985565186
78.95987701416016 83.19237518310547 3.0230185985565186
82.93179321289062 82.71919250488281 3.0230185985565186
78.95987701416016 83.19237518310547 3.0230185985565186
82.93179321289062 82.71919250488281 3.0230185985565186
78.95987701416016 83.19237518310547 3.0230185985565186
82.93179321289062 82.71919250488281 3.0230185985565186
78.95987701416016 83.19237518310547 3.0230185985565186
82.93179321289062 82.71919250488281 3.0230185985565186
78.95987701416016 83.19237518310547 3.0230185985565186
82.93179321289062 82.71919250488281 3.0230185985565186
78.95987701416016 83.19237518310547 3.0230185985565186
82.93179321289062 82.71919250488281 3.0230185985565186
78.95987701416016 83.19237518310547 3.0230185985565186
82.93179321289062 82.71919250488281 3.0230185985565186
78.95987701416016 83.19237518310547 3.0230185985565186
82.93179321289062 82.71919250488281 3.0230185985565186
78.95987701416016 83.19237518310547 3.0230185985565186
82.93179321289062 82.71919250488281 3.0230185985565186
78.95987701416016 83.19237518310547 3.0230185985565186
82.93179321289062 82.71919250488281 3.0230185985565186
78.95987701416016 83.19237518310547 3.0230185985565186
82.93179321289062 82.71919250488281 3.0230185985565186
78.95987701416016 83.19237518310547 3.0230185985565186
82.93179321289062 82.71919250488281 3.0230185985565186
78.95987701416016 83.19237518310547 3.0230185985565186
82.93179321289062 82.71919250488281 3.0230185985565186
78.95987701416016 83.19237518310547 3.0230185985565186
82.93179321289062 82.71919250488281 3.0230185985565186
78.95987701416016 83.19237518310547 3.0230185985565186
82.93179321289062 82.71919250488281 3.0230185985565186
78.95987701416016 83.19237518310547 3.0230185985565186
82.93179321289062 82.71919250488281 3.0230185985565186
78.95987701416016 83.19237518310547 3.0230185985565186
82.93179321289062 82.71919250488281 3.0230185985565186
78.95987701416016 83.19237518310547 3.0230185985565186
82.93179321289062 82.71919250488281 3.0230185985565186
78.95987701416016 83.19237518310547 3.0230185985565186
82.93179321289062 82.71919250488281 3.0230185985565186
78.95987701416016 83.19237518310547 3.0230185985565186
82.93179321289062 82.71919250488281 3.0230185985565186
78.95987701416016 83.19237518310547 3.0230185985565186
82.93179321289062 82.71919250488281 3.0230185985565186
78.95987701416016 83.19237518310547 3.0230185985565186
82.93179321289062 82.71919250488281 3.0230185985565186
78.95987701416016 83.19237518310547 3.0230185985565186
82.93179321289062 82.71919250488281 3.0230185985565186
78.95987701416016 83.19237518310547 3.0230185985565186
82.93179321289062 82.71919250488281 3.0230185985565186
78.95987701416016 83.19237518310547 3.0230185985565186
82.93179321289062 82.71919250488281 3.0230185985565186
78.95987701416016 83.19237518310547 3.0230185985565186
82.93179321289062 82.71919250488281 3.0230185985565186
78.95987701416016 83.19237518310547 3.0230185985565186
82.93179321289062 82.71919250488281 3.0230185985565186
78.95987701416016 83.19237518310547 3.0230185985565186
82.93179321289062 82.71919250488281 3.0230185985565186
78.95987701416016 83.19237518310547 3.0230185985565186
82.93179321289062 82.71919250488281 3.0230185985565186
78.95987701416016 83.19237518310547 3.0230185985565186
82.93179321289062 82.71919250488281 3.0230185985565186
78.95987701416016 83.19237518310547 3.0230185985565186
82.93179321289062 82.71919250488281 3.0230185985565186
78.95987701416016 83.19237518310547 3.0230185985565186
82.93179321289062 82.71919250488281 3.0230185985565186
78.95987701416016 83.19237518310547 3.0230185985565186
82.93179321289062 82.71919250488281 3.0230185985565186
78.95987701416016 83.19237518310547 3.0230185985565186
82.93179321289062 82.71919250488281 3.0230185985565186
78.95987701416016 83.19237518310547 3.0230185985565186
82.93179321289062 82.71919250488281 3.0230185985565186
78.95987701416016 83.19237518310547 3.0230185985565186
82.93179321289062 82.71919250488281 3.0230185985565186
78.95987701416016 83.19237518310547 3.0230185985565186
82.93179321289062 82.71919250488281 3.0230185985565186
78.95987701416016 83.19237518310547 3.0230185985565186
82.93179321289062 82.71919250488281 3.0230185985565186
78.95987701416016 83.19237518310547 3.0230185985565186
