-390.0
-390.0
-390.0
-390.0
-390.0
-390.0
-386.00388495992144
-382.0078510730543
-378.01190091305557
-374.01603716351383
-370.0202626238791
-366.0245802157804
-362.028992989761
-358.0335041324636
-354.038116974302
-350.0428349976565
-346.0476618456364
-342.0526013314554
-338.05765744847065
-338.05765744847065
-334.46135644342826
-330.87432360288454
-327.2968636522702
-323.7292939553309
-320.17194512367774
-316.6251616580709
-313.0893026230339
-309.56474235644765
-306.051871215825
-302.55109636301097
-299.0628425890952
-295.5875531813508
-292.12569083403775
-288.677738604915
-285.2442009192991
-281.8256046234785
-279.87743855774227
-276.1530270007922
-272.4364296841751
-268.7279708287239
-265.0279920719495
-261.33685359504483
-257.6549353331492
-253.9826382755393
-250.32038586295846
-246.66862548986677
-243.0278301200146
-239.3985000243903
-235.78116465128446
-235.78116465128446
-235.78116465128446
-235.78116465128446
-235.78116465128446
-235.78116465128446
-235.78116465128446
-235.78116465128446
-235.78116465128446
-235.78116465128446
-235.78116465128446
