-390.0
-390.0
-390.0
-390.0
-390.0
-390.0
-386.1307555220218
-382.2644095639185
-378.401670680368
-374.54327028195945
-370.68996369275266
-366.8425313139385
-363.0018102592525
-359.16860406089404
-355.34377543798126
-351.5281866749721
-347.7227924460979
-343.92851912748904
-340.1463884120444
-336.3773662949098
-332.6225474887691
-328.88300466933356
-325.1598815981454
-321.45433380227246
-317.7675608218005
-314.1008384741875
-310.455459659374
-306.8327668830802
-303.2341842450431
-299.7110553171333
-299.7110553171333
-299.7110553171333
-299.7110553171333
-299.96872398701584
-300.6003012631104
-300.83106451820623
-301.1417986612717
-303.81122477955677
-306.5437194921233
-309.2958150702145
-312.0248837499881
-314.68975853496033
-317.25123759757395
-317.25123759757395
-317.25123759757395
-317.25123759757395
-317.00140401250144
-316.7500829750344
-316.4973015127586
-316.2430791018051
-315.98748898464913
-315.98748898464913
-314.24329065268995
-312.4936298284383
-310.73868607995655
-310.73868607995655
-310.73868607995655
-309.1737925048959
-309.1737925048959
-306.6429369084235
-304.271716531416
-300.971997684116
-297.68945090335603
-294.42465054491726
-291.17819354826804
-287.95070034252325
-284.74281577881385
-281.5552100880507
-278.5028973734448
-275.50200528432174
-272.5547094671321
-269.6632710866637
-266.8299437683525
-264.057062461891
-261.3469797317137
-261.3469797317137
-261.3469797317137
-261.6005784969613
-262.22946558484904
-262.45985355723735
-262.7703743112332
-262.7703743112332
-265.49118635350493
-268.14109231372345
-270.68163377842023
-273.0770398227538
-273.0770398227538
-275.2495486175965
-275.2495486175965
-275.2495486175965
-275.2495486175965
-275.2495486175965
-273.7972099944428
-273.7972099944428
-269.93452309313454
-266.07552596485215
-263.3588261685772
-259.46013046726966
-255.56456586062242
-251.6722777446859
-247.7834205250673
-243.8981583145729
-241.27389231938787
-237.54907346035748
-233.8333458119558
-231.35196704407133
-227.87364612385818
-224.41271056671135
-220.96997726730368
-217.5463103953358
-214.1426244427573
-210.75988746281098
-207.3991245086117
-204.0614212780981
-204.0614212780981
-204.0614212780981
-204.0614212780981
-204.0614212780981
-204.0614212780981
-204.0614212780981
-204.0614212780981
-204.0614212780981
-204.0614212780981
-204.0614212780981
