60.0 450.0 0.38539817929267883
60.0 450.0 -0.014601826667785645
60.0 450.0 -0.4146018326282501
60.0 450.0 -0.8146018385887146
60.0 450.0 -1.2146018743515015
60.0 450.0 -1.6146018505096436
59.805999755859375 446.1307067871094 -1.6271837949752808
59.563331604003906 442.26416015625 -1.639765739440918
59.272037506103516 438.4009704589844 -1.6523476839065552
58.932159423828125 434.541748046875 -1.6649296283721924
58.54375457763672 430.6871032714844 -1.6775115728378296
58.10688018798828 426.837646484375 -1.6900935173034668
57.62160873413086 422.9940185546875 -1.702675461769104
57.088016510009766 419.15679931640625 -1.7152574062347412
56.50619125366211 415.32659912109375 -1.7278393507003784
55.876220703125 411.5039978027344 -1.7404212951660156
55.198204040527344 407.68963623046875 -1.7530032396316528
54.472251892089844 403.88409423828125 -1.76558518409729
53.69847869873047 400.0880126953125 -1.7781671285629272
52.87700271606445 396.30194091796875 -1.7907490730285645
52.007957458496094 392.5265197753906 -1.8033310174942017
51.09148025512695 388.7623291015625 -1.8159129619598389
50.127716064453125 385.0099792480469 -1.828494906425476
49.116817474365234 381.2700500488281 -1.8410768508911133
48.05894470214844 377.5431213378906 -1.8536587953567505
46.95426559448242 373.8298034667969 -1.8662407398223877
45.802955627441406 370.13067626953125 -1.878822684288025
44.605194091796875 366.4463195800781 -1.891404628753662
43.36117172241211 362.77734375 -1.9039865732192993
42.07875061035156 359.1747741699219 -1.9215811491012573
42.07875061035156 359.1747741699219 -2.3215811252593994
42.07875061035156 359.1747741699219 -2.721581220626831
42.07875061035156 359.1747741699219 -3.1215813159942627
40.496124267578125 359.333984375 2.9210495948791504
38.99699783325195 359.86566162109375 2.680495262145996
38.7149658203125 360.0771179199219 2.3159420490264893
38.52686309814453 360.375244140625 1.9513888359069824
37.66559982299805 362.9891662597656 1.8267815113067627
37.135887145996094 365.6898498535156 1.702174186706543
36.9459342956543 368.4354248046875 1.5775668621063232
37.098690032958984 371.1833190917969 1.4529595375061035
37.5917854309082 373.89093017578125 1.3283522129058838
38.417572021484375 376.5162658691406 1.203744888305664
38.417572021484375 376.5162658691406 0.803744912147522
38.417572021484375 376.5162658691406 0.4037449061870575
38.417572021484375 376.5162658691406 0.0037449002265930176
42.29171371459961 376.50640869140625 -0.008837091736495495
46.16542434692383 376.44781494140625 -0.021419083699584007
50.038089752197266 376.3404846191406 -0.034001074731349945
53.90909957885742 376.1844177246094 -0.04658306762576103
57.77783966064453 375.97967529296875 -0.05916506052017212
57.77783966064453 375.97967529296875 -0.4591650664806366
61.23984909057617 374.2408447265625 -0.4717470705509186
64.6797103881836 372.4585876464844 -0.48432907462120056
68.09687042236328 370.6331787109375 -0.49691107869148254
68.09687042236328 370.6331787109375 -0.896911084651947
68.09687042236328 370.6331787109375 -1.2969111204147339
68.34024047851562 369.061279296875 -1.5374653339385986
68.34024047851562 369.061279296875 -1.9374653100967407
67.19551849365234 366.5585021972656 -2.062072515487671
65.74861907958984 364.2174072265625 -2.1866798400878906
63.43790054321289 360.9523620605469 -2.1866798400878906
61.12718200683594 357.68731689453125 -2.1866798400878906
58.816463470458984 354.4222717285156 -2.1866798400878906
56.50574493408203 351.1572265625 -2.1866798400878906
54.19502639770508 347.8921813964844 -2.1866798400878906
51.884307861328125 344.62713623046875 -2.1866798400878906
49.57358932495117 341.3620910644531 -2.1866798400878906
47.31571960449219 338.2138977050781 -2.1992619037628174
45.01841735839844 335.0943603515625 -2.211843967437744
42.68204879760742 332.00396728515625 -2.224426031112671
40.306983947753906 328.9432373046875 -2.2370080947875977
37.89359664916992 325.9126281738281 -2.2495901584625244
35.44226837158203 322.9126281738281 -2.262172222137451
32.95338821411133 319.9436950683594 -2.274754285812378
32.95338821411133 319.9436950683594 -2.6747543811798096
32.95338821411133 319.9436950683594 -3.074754476547241
31.36504364013672 320.0286560058594 2.967876434326172
29.842674255371094 320.4895935058594 2.7273221015930176
29.55105209350586 320.6876220703125 2.3627688884735107
29.349199295043945 320.97662353515625 1.998215675354004
29.349199295043945 320.97662353515625 1.5982156991958618
29.445186614990234 323.7270812988281 1.473608374595642
29.882272720336914 326.4443054199219 1.3490010499954224
30.65367889404297 329.08612060546875 1.2243937253952026
31.74744415283203 331.6116027832031 1.099786400794983
31.74744415283203 331.6116027832031 0.6997864246368408
34.72561264038086 334.0867004394531 0.687031090259552
34.72561264038086 334.0867004394531 0.2870310842990875
34.72561264038086 334.0867004394531 -0.11296892166137695
34.72561264038086 334.0867004394531 -0.512968897819519
34.72561264038086 334.0867004394531 -0.9129688739776611
35.552066802978516 332.7035217285156 -1.1514590978622437
35.552066802978516 332.7035217285156 -1.5514590740203857
35.60260772705078 328.8297119140625 -1.564041018486023
35.604557037353516 324.9548034667969 -1.5765461921691895
35.41740798950195 322.2090148925781 -1.7011535167694092
34.89745330810547 318.2429504394531 -1.7011535167694092
34.377498626708984 314.2768859863281 -1.7011535167694092
33.8575439453125 310.3108215332031 -1.7011535167694092
33.337589263916016 306.3447570800781 -1.7011535167694092
32.81763458251953 302.3786926269531 -1.7011535167694092
32.290679931640625 299.6774597167969 -1.825760841369629
31.281835556030273 295.8067626953125 -1.825760841369629
30.272991180419922 291.9360656738281 -1.825760841369629
29.414398193359375 289.3212890625 -1.9503685235977173
27.93230628967285 285.6059875488281 -1.9503685235977173
26.450214385986328 281.89068603515625 -1.9503685235977173
24.968122482299805 278.1753845214844 -1.9503685235977173
23.48603057861328 274.4600830078125 -1.9503685235977173
22.003938674926758 270.7447814941406 -1.9503685235977173
20.521846771240234 267.02947998046875 -1.9503685235977173
19.03975486755371 263.3141784667969 -1.9503685235977173
17.557662963867188 259.598876953125 -1.9503685235977173
17.557662963867188 259.598876953125 -1.9503685235977173
17.557662963867188 259.598876953125 -1.9503685235977173
17.557662963867188 259.598876953125 -1.9503685235977173
17.557662963867188 259.598876953125 -1.9503685235977173
17.557662963867188 259.598876953125 -1.9503685235977173
17.557662963867188 259.598876953125 -1.9503685235977173
17.557662963867188 259.598876953125 -1.9503685235977173
17.557662963867188 259.598876953125 -1.9503685235977173
17.557662963867188 259.598876953125 -1.9503685235977173
17.557662963867188 259.598876953125 -1.9503685235977173
