-392.83861260070745
-395.6972973447963
-398.57562242630917
-401.47316538979356
-404.3895131339564
-407.324261745324
-410.2770163548833
-413.2473909909103
-416.23500842860443
-419.2395000371072
-422.2605056244355
-425.29767328082255
-428.3506592209188
-431.41912762526795
-434.50275048143925
-437.6012074251642
-440.7141855817944
-443.8413794083695
-446.9824905365546
-450.1372276166848
-453.3053061631269
-456.4864484011485
-459.6803831154639
-462.8868455006061
-466.1055758558366
-469.33632403122084
-472.57884245426635
-475.8328905033011
-479.0982332497959
-482.3746413219317
-485.6618907706118
-488.9597629379602
-492.2680443283353
-495.5865264818835
-498.91500585064625
-498.91500585064625
-501.1353881159895
-501.1353881159895
-501.91324130358305
-502.72171860544125
-503.56067251859787
-504.4299509795101
-505.32939749339124
-506.2588512657443
-507.21814733586035
-508.2071167120434
-508.2071167120434
-507.6392009405429
-507.10220200963226
-506.5962182361447
-506.5962182361447
-504.6105090553934
-502.6487870262216
-500.7113340843499
-498.7984330307543
-496.9103674096076
-495.0474213812001
-493.2098795898239
-491.39802702661586
-489.61214888736333
-487.852530425293
-486.11945679887185
-484.41318454744487
-482.73402670142616
-481.08226717928335
-479.45818914724487
-477.8620748431087
-476.2942053955477
-474.75486063904737
-473.24431892462917
-471.762856926529
-470.31074944501853
-468.88826920557426
-467.4956866546181
-466.1332697520704
-464.8012837609743
-463.4999910344689
-462.2296508004063
-460.9905189439237
-459.7828477883014
-458.6068858744517
-457.46287773940094
-456.35106369414285
-455.27167960125394
-454.22495665267866
-453.21112114810086
-452.2303942743334
-451.28299188616586
-450.3691242891204
-449.4889960245733
-448.64280565770616
-447.83074556875556
-447.05300174803256
-446.3097535951854
-446.3097535951854
-446.3097535951854
-446.3097535951854
-446.3097535951854
-450.26326810814675
-454.2175966755358
-458.1727182198954
-462.12861238117756
-466.0852594866467
-470.0426405222764
-474.00073710555574
-477.95953145962426
-481.91900638866065
-485.8791452544567
-489.83993195410886
-493.80135089876745
-497.76338699338504
-501.7260256174103
-505.689252606376
-509.6530542343341
-513.6174171970924
-517.5823285962111
-521.5477759237187
-525.5137470475114
-529.4802301973995
-533.4472139517683
-537.4146872248219
-541.3826392543815
-545.3510595902088
-549.31993808283
-553.2892648728349
-557.2590303806275
-561.2292252966065
-565.1998405717558
-569.170867408623
-573.1422972526697
-577.1141217839743
-581.0863329092721
-585.0589227543153
-589.0318836565398
-593.0052081580228
-596.9788889987198
-600.9529191099654
-604.9272916082299
-608.9019997891166
-612.8770371215905
-616.8523972424283
-620.8280739508796
-620.8280739508796
-624.3221385010925
-627.8222423844746
-631.3282851542747
-634.8401684141281
-638.3577957708313
-641.8810727882421
-645.409906942285
-648.9442075770365
-652.4838858618664
-656.0288547496128
-659.5790289357678
-659.5790289357678
-662.1427237501409
-664.7206013105769
-667.3124972501029
-669.9182488585279
-672.5376950842376
-675.170676535049
-677.8170354781643
-680.4766158392605
-680.4766158392605
-681.7815974748937
-683.107509218262
-684.4542294331535
-685.8216355373171
-687.2096040487381
-688.6180106315552
-690.0467301415842
-690.0467301415842
-689.9301694060015
-689.836783062417
-689.836783062417
-688.2137855660834
-686.6102545700326
-685.0263267776517
-683.4621384805966
-681.9178255146948
-680.3935232151614
-678.8893663711505
-678.8893663711505
-676.0742668678171
-673.2711613798052
-670.480200338823
-667.7015360345414
-664.9353226255956
-662.1817161499893
-659.440874534864
-658.8770511991503
-655.350664811115
-651.8297470942105
-648.3143871475346
-644.8046758710062
-641.3007060067785
-637.8025721816437
-634.3103709504505
-630.8242008405548
-630.8242008405548
-626.8503647487449
-622.8768632584961
-618.9037028144609
-614.9308900272912
-610.9584316789982
-606.9863347285211
-603.0146063175138
-599.0432537763585
-595.0722846304185
-595.0722846304185
-591.2281131401252
-587.3860223537012
-583.5460533694627
-579.7082247195041
-575.872603376087
-572.0392337403222
-568.2081613850928
-564.3794330930125
-560.5530968958271
-556.7292021153235
-552.9077994058111
-549.088940798245
-545.2726797460608
-541.4590711728003
-537.648171521603
-533.8400388066487
-530.0347326666388
-526.232314420405
-522.4328471247445
-518.6363956345785
-514.8430266655434
-511.0528088591213
-507.26581285043005
-503.4821113387915
-499.7017791612082
-495.9248933688813
-492.1515333069131
-488.38178069734
-484.61571972565395
-480.85343713097484
-477.0950223000455
-473.34056736523155
-469.5901673067139
-465.8439200590747
-462.1019266224861
-458.36429117872086
-454.6311212122183
-450.9025276364462
-447.17862492581565
-443.459531253417
-439.74536863485804
-436.0362630785012
-432.3323447424104
-428.6337480983348
-424.9406121030713
-421.25308037756696
-417.5713013941388
-413.89542867220746
-410.22562098296083
-406.56204256338435
-402.90486334011445
-399.2542591635952
-395.6104120530399
-391.9735104527226
-388.3437495001498
-384.7213313066867
-381.1064652512385
-377.4993682876137
-373.900265266222
-370.309389270789
-366.72698197079546
-363.1532939903773
-359.5885852944507
-356.03312559285456
-352.48719476332764
-348.95108329416695
-348.95108329416695
-344.9671268445966
-340.98354592710126
-337.0003538588401
-333.0175645927818
-329.03519275602116
-325.05325369089394
-321.0717634991305
-317.090739089313
-313.11019822792775
-309.13015959433324
-305.15064283999783
-301.1716686523985
-297.1932588240128
-293.21543632688133
-289.2382253932741
-285.26165160304623
-281.28574197834
-277.3105250863607
-277.3105250863607
-273.47745515547996
-269.64923421425016
-265.82607175691965
-262.0081892202379
-258.1958208232474
-254.3892144767197
-254.3892144767197
-251.3815382164556
-248.40185782007447
-245.4511928658364
-242.53060237517218
-239.64118593445096
-236.78408477361958
-233.96048278821698
-231.17160748957653
-228.41873086622832
-225.70317013760885
-223.02628837919247
-220.3894949960986
-217.79424602012878
-215.24204420308251
-212.73443887713958
-210.27302555112837
-207.85944520969906
-207.85944520969906
-207.85944520969906
-208.53371198859642
-209.2822713445394
-210.1043292106173
-210.1043292106173
-212.44153263361102
-214.82779268612444
-217.2614929550747
-219.741057200843
-222.2649504677267
-224.83167988764066
-227.43979520694418
-230.08788906514738
-232.77459705288956
-235.4985975750499
-238.25861154320563
-241.05340191994327
-243.8817731357961
-246.7425703978598
-249.63467890745136
-252.55702300254998
-255.50856523920183
-258.48830542459945
-261.4952796131648
-264.5285590756774
-267.5872492502991
-270.6704886832511
-273.777447965896
-276.90732867406825
-280.05936231466836
-283.2328092837933
-286.4269578400071
-289.64112309576046
-292.87464602943425
-296.12689252001417
-299.397252405987
-302.6851385696847
-305.989986047983
-309.3112511699843
-312.64841072207304
-316.00096114052513
-319.3684177316755
-322.75031391949557
-326.1462005203074
-329.5556450442518
-332.97823102304125
-336.4135573634563
-339.861237725984
-343.3208999279548
-346.792185370496
-350.2747484885954
-353.7682562235534
-357.27238751708677
-360.78683282634603
-364.3112936591079
-367.8454821284073
-371.3891205258829
-374.9419409131203
-378.5036847302909
-382.0741024213992
-385.6529530754676
-389.24000408300856
-392.835030807148
-396.43781626878877
-400.04815084521965
-403.6658319815959
-407.2906639147392
-410.9224574087242
-414.5610295017383
-418.2062032637228
-421.85780756432126
-425.5156768506823
-429.17965093467956
-432.8495747891329
-436.525298352631
-440.20667634257273
-443.8935680760607
-447.5858372982983
-451.2833520181548
-454.9859843505793
-458.6935798722004
-462.40604894906477
-466.1232751339459
-469.8451455178703
-473.5715506024642
-477.3023841775118
-481.0375432034935
-484.7769276988849
-488.52044063200464
-492.26798781721243
-496.0194778152644
-499.77482183764425
-503.5339336546959
-503.5339336546959
-506.4749517109568
-509.43039851537304
-512.4000243994128
-512.4000243994128
-514.1139252343719
-515.8531490256514
-515.8531490256514
-515.8531490256514
-515.8531490256514
-515.8531490256514
-512.2101996504589
-508.5726157844836
-504.94051338688206
-501.314011600086
-497.6932328526894
-494.0783029660163
-494.0783029660163
-490.08221863954816
-486.0861988141054
-482.0902450936243
-478.0943591356377
-474.0985426535313
-470.1027974189146
-466.107125264114
-462.11152808479545
-458.11600784272264
-454.1205665686625
-450.12520636544366
-446.12992941117966
-442.13473796266646
-438.1396343589655
-434.14462102518434
-430.14970047646733
-426.1548753222106
-422.1601482705158
-418.1655221328984
-414.1709998292685
-410.17658439320127
-406.18227897751854
-402.1880868602017
-398.19401145065984
-394.20005629637853
-390.2062250899753
-386.21252167669246
-382.2189500623582
-378.22551442185124
-374.23221910810565
-370.2390686616974
-366.24606782105616
-362.25322153335077
-358.260534966101
-354.2680135195718
-350.2756628400135
-346.2834888338149
-342.291497682644
-338.2996958596576
-334.3080901468687
-330.31668765376907
-326.3254958373143
-322.33452252338896
-318.3437759298804
-314.35326469150493
-310.3629978865418
-306.37298506564895
-302.3832362829525
-298.39376212961974
-294.4045737701522
-290.4156829816574
-286.4271021963892
-282.4388445478768
-278.45092392100145
-274.46335500641914
-270.4761533597752
-266.4893354662102
-262.5029188107147
-258.5169219549616
-254.53136462132017
-250.54626778484615
-246.56165377414416
-242.5775463821141
-238.5939709877288
-234.61095469014296
-230.62852645661192
-226.64671728590434
-222.66556038913123
-218.68509139018994
-214.70534854834494
-210.72637300584267
-206.74820906389849
-202.77090449091085
-198.79451086736623
-194.81908397261643
-190.84468421956123
-186.87137714427908
-182.8992339588535
-178.92833217708187
-174.95875632448224
-170.99059874609375
-167.02396052808234
-163.0589525522161
-159.09569670599518
-155.1343272757736
-151.1749925558071
-147.21785671307177
-143.26310195627275
-139.3109310681576
-135.36157037365223
-131.4152732332362
-127.47232417239337
-123.53304378528863
-119.59779458587444
-115.66698802490137
-111.74109295018116
-107.82064586455627
-103.90626343777247
-99.9986578637442
-96.09865583607947
-92.20722215994265
-88.32548935276537
-84.45479504657271
-80.59672964402725
-76.75319757682362
-72.92649678424235
-69.11943007988054
-65.33542117292401
-61.57872091112099
-57.854649270275395
-54.169936120083385
-50.533191866848654
-46.955563516797994
-43.45165559606275
-40.04082625056755
-36.749001667363906
-33.61116546920352
-30.674610491071128
-28.002731604080527
-25.678282452919195
-23.80326376999829
-22.49036474597102
-21.84119041457113
-21.914805862928567
-22.70418151485976
-24.139201011531174
-26.113640451995053
-28.51566998691411
-31.24683467032577
-34.228437650472856
-37.40062994018319
-40.718893529917544
-44.15030526652121
-47.67043753104511
-47.67043753104511
-47.67043753104511
-47.67043753104511
-47.67043753104511
-47.67043753104511
-47.67043753104511
-47.67043753104511
-47.67043753104511
-47.67043753104511
-47.67043753104511
