60.0 450.0 0.38539817929267883
60.0 450.0 -0.014601826667785645
60.0 450.0 -0.4146018326282501
60.0 450.0 -0.8146018385887146
60.0 450.0 -1.2146018743515015
60.0 450.0 -1.6146018505096436
60.0 450.0 -2.014601945877075
58.2824821472168 446.38751220703125 -2.014601945877075
56.564964294433594 442.7750244140625 -2.014601945877075
54.84744644165039 439.16253662109375 -2.014601945877075
53.12992858886719 435.550048828125 -2.014601945877075
51.412410736083984 431.93756103515625 -2.014601945877075
49.69489288330078 428.3250732421875 -2.014601945877075
47.97737503051758 424.71258544921875 -2.014601945877075
46.259857177734375 421.10009765625 -2.014601945877075
44.54233932495117 417.48760986328125 -2.014601945877075
42.82482147216797 413.8751220703125 -2.014601945877075
41.107303619384766 410.26263427734375 -2.014601945877075
39.38978576660156 406.650146484375 -2.014601945877075
39.38978576660156 406.650146484375 -1.614601969718933
39.21461868286133 402.65399169921875 -1.614601969718933
39.039451599121094 398.6578369140625 -1.614601969718933
38.86428451538086 394.66168212890625 -1.614601969718933
38.689117431640625 390.66552734375 -1.614601969718933
38.51395034790039 386.66937255859375 -1.614601969718933
38.338783264160156 382.6732177734375 -1.614601969718933
38.16361618041992 378.67706298828125 -1.614601969718933
37.98844909667969 374.680908203125 -1.614601969718933
37.81328201293945 370.68475341796875 -1.614601969718933
37.63811492919922 366.6885986328125 -1.614601969718933
37.462947845458984 362.69244384765625 -1.614601969718933
37.28778076171875 358.6962890625 -1.614601969718933
37.28778076171875 358.6962890625 -2.014601945877075
35.57026290893555 355.08380126953125 -2.014601945877075
33.852745056152344 351.4713134765625 -2.014601945877075
32.13522720336914 347.85882568359375 -2.014601945877075
30.417709350585938 344.246337890625 -2.014601945877075
28.700191497802734 340.63385009765625 -2.014601945877075
26.98267364501953 337.0213623046875 -2.014601945877075
26.98267364501953 337.0213623046875 -1.614601969718933
26.807506561279297 333.02520751953125 -1.614601969718933
26.632339477539062 329.029052734375 -1.614601969718933
26.457172393798828 325.03289794921875 -1.614601969718933
26.282005310058594 321.0367431640625 -1.614601969718933
26.10683822631836 317.04058837890625 -1.614601969718933
25.931671142578125 313.04443359375 -1.614601969718933
25.75650405883789 309.04827880859375 -1.614601969718933
25.581336975097656 305.0521240234375 -1.614601969718933
25.581336975097656 305.0521240234375 -2.014601945877075
23.863819122314453 301.43963623046875 -2.014601945877075
22.14630126953125 297.8271484375 -2.014601945877075
20.428783416748047 294.21466064453125 -2.014601945877075
18.711265563964844 290.6021728515625 -2.014601945877075
16.99374771118164 286.98968505859375 -2.014601945877075
16.99374771118164 286.98968505859375 -1.614601969718933
16.818580627441406 282.9935302734375 -1.614601969718933
16.643413543701172 278.99737548828125 -1.614601969718933
16.643413543701172 278.99737548828125 -1.614601969718933
16.643413543701172 278.99737548828125 -1.614601969718933
16.643413543701172 278.99737548828125 -1.614601969718933
16.643413543701172 278.99737548828125 -1.614601969718933
16.643413543701172 278.99737548828125 -1.614601969718933
16.643413543701172 278.99737548828125 -1.614601969718933
16.643413543701172 278.99737548828125 -1.614601969718933
16.643413543701172 278.99737548828125 -1.614601969718933
16.643413543701172 278.99737548828125 -1.614601969718933
16.643413543701172 278.99737548828125 -1.614601969718933
