62.828426361083984 452.82843017578125 0.7853981852531433
65.65685272216797 455.6568603515625 0.7853981852531433
68.48528289794922 458.48529052734375 0.7853981852531433
71.31371307373047 461.313720703125 0.7853981852531433
74.14214324951172 464.14215087890625 0.7853981852531433
76.97057342529297 466.9705810546875 0.7853981852531433
79.79900360107422 469.79901123046875 0.7853981852531433
82.62743377685547 472.62744140625 0.7853981852531433
85.45586395263672 475.45587158203125 0.7853981852531433
88.28429412841797 478.2843017578125 0.7853981852531433
91.11272430419922 481.11273193359375 0.7853981852531433
93.94115447998047 483.941162109375 0.7853981852531433
96.76958465576172 486.76959228515625 0.7853981852531433
99.59801483154297 489.5980224609375 0.7853981852531433
102.42644500732422 492.42645263671875 0.7853981852531433
105.25487518310547 495.2548828125 0.7853981852531433
108.08330535888672 498.08331298828125 0.7853981852531433
110.91173553466797 500.9117431640625 0.7853981852531433
113.74016571044922 503.74017333984375 0.7853981852531433
116.56859588623047 506.568603515625 0.7853981852531433
119.39702606201172 509.39703369140625 0.7853981852531433
122.22545623779297 512.2254638671875 0.7853981852531433
122.22545623779297 512.2254638671875 0.38539817929267883
125.93205261230469 513.7291870117188 0.38539817929267883
129.63864135742188 515.23291015625 0.38539817929267883
133.34523010253906 516.7366333007812 0.38539817929267883
137.05181884765625 518.2403564453125 0.38539817929267883
140.75840759277344 519.7440795898438 0.38539817929267883
144.46499633789062 521.247802734375 0.38539817929267883
148.1715850830078 522.7515258789062 0.38539817929267883
151.878173828125 524.2552490234375 0.38539817929267883
151.878173828125 524.2552490234375 -0.014601826667785645
155.87774658203125 524.1968383789062 -0.014601826667785645
159.8773193359375 524.138427734375 -0.014601826667785645
163.87689208984375 524.0800170898438 -0.014601826667785645
167.87646484375 524.0216064453125 -0.014601826667785645
171.87603759765625 523.9631958007812 -0.014601826667785645
175.8756103515625 523.90478515625 -0.014601826667785645
175.8756103515625 523.90478515625 -0.4146018326282501
179.53671264648438 522.29345703125 -0.4146018326282501
183.19781494140625 520.68212890625 -0.4146018326282501
186.85891723632812 519.07080078125 -0.4146018326282501
186.85891723632812 519.07080078125 -0.8146018385887146
189.60354614257812 516.1610107421875 -0.8146018385887146
192.34817504882812 513.251220703125 -0.8146018385887146
195.09280395507812 510.3414001464844 -0.8146018385887146
197.83743286132812 507.43157958984375 -0.8146018385887146
200.58206176757812 504.5217590332031 -0.8146018385887146
203.32669067382812 501.6119384765625 -0.8146018385887146
206.07131958007812 498.7021179199219 -0.8146018385887146
208.81594848632812 495.79229736328125 -0.8146018385887146
211.56057739257812 492.8824768066406 -0.8146018385887146
214.30520629882812 489.97265625 -0.8146018385887146
217.04983520507812 487.0628356933594 -0.8146018385887146
219.79446411132812 484.15301513671875 -0.8146018385887146
222.53909301757812 481.2431945800781 -0.8146018385887146
225.28372192382812 478.3333740234375 -0.8146018385887146
228.02835083007812 475.4235534667969 -0.8146018385887146
230.77297973632812 472.51373291015625 -0.8146018385887146
233.51760864257812 469.6039123535156 -0.8146018385887146
236.26223754882812 466.694091796875 -0.8146018385887146
239.00686645507812 463.7842712402344 -0.8146018385887146
241.75149536132812 460.87445068359375 -0.8146018385887146
244.49612426757812 457.9646301269531 -0.8146018385887146
247.24075317382812 455.0548095703125 -0.8146018385887146
249.98538208007812 452.1449890136719 -0.8146018385887146
252.73001098632812 449.23516845703125 -0.8146018385887146
255.47463989257812 446.3253479003906 -0.8146018385887146
258.2192687988281 443.41552734375 -0.8146018385887146
260.9638977050781 440.5057067871094 -0.8146018385887146
263.7085266113281 437.59588623046875 -0.8146018385887146
266.4531555175781 434.6860656738281 -0.8146018385887146
266.4531555175781 434.6860656738281 -1.2146018743515015
266.4531555175781 434.6860656738281 -1.6146018505096436
266.4531555175781 434.6860656738281 -2.014601945877075
264.7356262207031 431.0735778808594 -2.014601945877075
263.0180969238281 427.4610900878906 -2.014601945877075
263.0180969238281 427.4610900878906 -2.414602041244507
260.0293884277344 424.8025817871094 -2.414602041244507
257.0406799316406 422.1440734863281 -2.414602041244507
254.05197143554688 419.4855651855469 -2.414602041244507
251.06326293945312 416.8270568847656 -2.414602041244507
248.07455444335938 414.1685485839844 -2.414602041244507
245.08584594726562 411.5100402832031 -2.414602041244507
242.09713745117188 408.8515319824219 -2.414602041244507
239.10842895507812 406.1930236816406 -2.414602041244507
236.11972045898438 403.5345153808594 -2.414602041244507
233.13101196289062 400.8760070800781 -2.414602041244507
230.14230346679688 398.2174987792969 -2.414602041244507
227.15359497070312 395.5589904785156 -2.414602041244507
224.16488647460938 392.9004821777344 -2.414602041244507
221.17617797851562 390.2419738769531 -2.414602041244507
218.18746948242188 387.5834655761719 -2.414602041244507
215.19876098632812 384.9249572753906 -2.414602041244507
212.21005249023438 382.2664489746094 -2.414602041244507
209.22134399414062 379.6079406738281 -2.414602041244507
206.23263549804688 376.9494323730469 -2.414602041244507
203.24392700195312 374.2909240722656 -2.414602041244507
200.25521850585938 371.6324157714844 -2.414602041244507
197.26651000976562 368.9739074707031 -2.414602041244507
197.26651000976562 368.9739074707031 -2.8146021366119385
197.26651000976562 368.9739074707031 3.0685830116271973
197.26651000976562 368.9739074707031 2.6685829162597656
197.26651000976562 368.9739074707031 2.268582820892334
197.26651000976562 368.9739074707031 1.868582844734192
197.26651000976562 368.9739074707031 1.4685828685760498
197.26651000976562 368.9739074707031 1.0685828924179077
197.26651000976562 368.9739074707031 0.6685829162597656
200.4053192138672 371.4533996582031 0.6685829162597656
203.54412841796875 373.9328918457031 0.6685829162597656
206.6829376220703 376.4123840332031 0.6685829162597656
209.82174682617188 378.8918762207031 0.6685829162597656
212.96055603027344 381.3713684082031 0.6685829162597656
216.099365234375 383.8508605957031 0.6685829162597656
219.23817443847656 386.3303527832031 0.6685829162597656
222.37698364257812 388.8098449707031 0.6685829162597656
225.5157928466797 391.2893371582031 0.6685829162597656
228.65460205078125 393.7688293457031 0.6685829162597656
231.7934112548828 396.2483215332031 0.6685829162597656
234.93222045898438 398.7278137207031 0.6685829162597656
238.07102966308594 401.2073059082031 0.6685829162597656
241.2098388671875 403.6867980957031 0.6685829162597656
244.34864807128906 406.1662902832031 0.6685829162597656
247.48745727539062 408.6457824707031 0.6685829162597656
250.6262664794922 411.1252746582031 0.6685829162597656
253.76507568359375 413.6047668457031 0.6685829162597656
256.90386962890625 416.0842590332031 0.6685829162597656
260.04266357421875 418.5637512207031 0.6685829162597656
263.18145751953125 421.0432434082031 0.6685829162597656
266.32025146484375 423.5227355957031 0.6685829162597656
269.45904541015625 426.0022277832031 0.6685829162597656
272.59783935546875 428.4817199707031 0.6685829162597656
275.73663330078125 430.9612121582031 0.6685829162597656
278.87542724609375 433.4407043457031 0.6685829162597656
282.01422119140625 435.9201965332031 0.6685829162597656
282.01422119140625 435.9201965332031 0.26858291029930115
285.8708190917969 436.9816589355469 0.26858291029930115
289.7274169921875 438.0431213378906 0.26858291029930115
293.5840148925781 439.1045837402344 0.26858291029930115
297.44061279296875 440.1660461425781 0.26858291029930115
301.2972106933594 441.2275085449219 0.26858291029930115
305.15380859375 442.2889709472656 0.26858291029930115
309.0104064941406 443.3504333496094 0.26858291029930115
312.86700439453125 444.4118957519531 0.26858291029930115
316.7236022949219 445.4733581542969 0.26858291029930115
320.5802001953125 446.5348205566406 0.26858291029930115
324.4367980957031 447.5962829589844 0.26858291029930115
328.29339599609375 448.6577453613281 0.26858291029930115
332.1499938964844 449.7192077636719 0.26858291029930115
336.006591796875 450.7806701660156 0.26858291029930115
339.8631896972656 451.8421325683594 0.26858291029930115
343.71978759765625 452.9035949707031 0.26858291029930115
347.5763854980469 453.9650573730469 0.26858291029930115
351.4329833984375 455.0265197753906 0.26858291029930115
355.2895812988281 456.0879821777344 0.26858291029930115
359.14617919921875 457.1494445800781 0.26858291029930115
363.0027770996094 458.2109069824219 0.26858291029930115
366.859375 459.2723693847656 0.26858291029930115
370.7159729003906 460.3338317871094 0.26858291029930115
374.57257080078125 461.3952941894531 0.26858291029930115
378.4291687011719 462.4567565917969 0.26858291029930115
382.2857666015625 463.5182189941406 0.26858291029930115
386.1423645019531 464.5796813964844 0.26858291029930115
389.99896240234375 465.6411437988281 0.26858291029930115
393.8555603027344 466.7026062011719 0.26858291029930115
397.712158203125 467.7640686035156 0.26858291029930115
401.5687561035156 468.8255310058594 0.26858291029930115
405.42535400390625 469.8869934082031 0.26858291029930115
409.2819519042969 470.9484558105469 0.26858291029930115
413.1385498046875 472.0099182128906 0.26858291029930115
416.9951477050781 473.0713806152344 0.26858291029930115
420.85174560546875 474.1328430175781 0.26858291029930115
424.7083435058594 475.1943054199219 0.26858291029930115
428.56494140625 476.2557678222656 0.26858291029930115
432.4215393066406 477.3172302246094 0.26858291029930115
436.27813720703125 478.3786926269531 0.26858291029930115
440.1347351074219 479.4401550292969 0.26858291029930115
443.9913330078125 480.5016174316406 0.26858291029930115
447.8479309082031 481.5630798339844 0.26858291029930115
451.70452880859375 482.6245422363281 0.26858291029930115
455.5611267089844 483.6860046386719 0.26858291029930115
459.417724609375 484.7474670410156 0.26858291029930115
463.2743225097656 485.8089294433594 0.26858291029930115
467.13092041015625 486.8703918457031 0.26858291029930115
470.9875183105469 487.9318542480469 0.26858291029930115
474.8441162109375 488.9933166503906 0.26858291029930115
478.7007141113281 490.0547790527344 0.26858291029930115
482.55731201171875 491.1162414550781 0.26858291029930115
486.4139099121094 492.1777038574219 0.26858291029930115
490.2705078125 493.2391662597656 0.26858291029930115
494.1271057128906 494.3006286621094 0.26858291029930115
497.98370361328125 495.3620910644531 0.26858291029930115
501.8403015136719 496.4235534667969 0.26858291029930115
505.6968994140625 497.4850158691406 0.26858291029930115
509.5534973144531 498.5464782714844 0.26858291029930115
513.4100952148438 499.6079406738281 0.26858291029930115
517.2666625976562 500.6694030761719 0.26858291029930115
521.1232299804688 501.7308654785156 0.26858291029930115
524.9797973632812 502.7923278808594 0.26858291029930115
528.8363647460938 503.8537902832031 0.26858291029930115
528.8363647460938 503.8537902832031 -0.13141709566116333
528.8363647460938 503.8537902832031 -0.5314171314239502
528.8363647460938 503.8537902832031 -0.9314171075820923
528.8363647460938 503.8537902832031 -1.3314170837402344
528.8363647460938 503.8537902832031 -1.7314170598983765
528.1966552734375 499.9052734375 -1.7314170598983765
527.5569458007812 495.9567565917969 -1.7314170598983765
526.917236328125 492.00823974609375 -1.7314170598983765
526.2775268554688 488.0597229003906 -1.7314170598983765
526.2775268554688 488.0597229003906 -2.1314170360565186
524.4561767578125 485.3922424316406 -2.208340883255005
522.0752563476562 482.1780090332031 -2.208340883255005
519.6943359375 478.9637756347656 -2.208340883255005
517.3134155273438 475.7495422363281 -2.208340883255005
514.9324951171875 472.5353088378906 -2.208340883255005
512.5515747070312 469.3210754394531 -2.208340883255005
510.1706848144531 466.1068420410156 -2.208340883255005
507.789794921875 462.8926086425781 -2.208340883255005
505.4089050292969 459.6783752441406 -2.208340883255005
503.02801513671875 456.4641418457031 -2.208340883255005
500.6471252441406 453.2499084472656 -2.208340883255005
498.2662353515625 450.0356750488281 -2.208340883255005
495.8853454589844 446.8214416503906 -2.208340883255005
493.50445556640625 443.6072082519531 -2.208340883255005
491.1235656738281 440.3929748535156 -2.208340883255005
488.74267578125 437.1787414550781 -2.208340883255005
488.74267578125 437.1787414550781 -2.6083409786224365
485.29803466796875 435.1453857421875 -2.6083409786224365
481.8533935546875 433.1120300292969 -2.6083409786224365
478.40875244140625 431.07867431640625 -2.6083409786224365
474.964111328125 429.0453186035156 -2.6083409786224365
471.51947021484375 427.011962890625 -2.6083409786224365
468.0748291015625 424.9786071777344 -2.6083409786224365
464.63018798828125 422.94525146484375 -2.6083409786224365
461.185546875 420.9118957519531 -2.6083409786224365
457.74090576171875 418.8785400390625 -2.6083409786224365
454.2962646484375 416.8451843261719 -2.6083409786224365
450.85162353515625 414.81182861328125 -2.6083409786224365
447.406982421875 412.7784729003906 -2.6083409786224365
443.96234130859375 410.7451171875 -2.6083409786224365
440.5177001953125 408.7117614746094 -2.6083409786224365
437.07305908203125 406.67840576171875 -2.6083409786224365
433.62841796875 404.6450500488281 -2.6083409786224365
430.18377685546875 402.6116943359375 -2.6083409786224365
426.7391357421875 400.5783386230469 -2.6083409786224365
423.29449462890625 398.54498291015625 -2.6083409786224365
419.849853515625 396.5116271972656 -2.6083409786224365
416.40521240234375 394.478271484375 -2.6083409786224365
412.9605712890625 392.4449157714844 -2.6083409786224365
409.51593017578125 390.41156005859375 -2.6083409786224365
406.0712890625 388.3782043457031 -2.6083409786224365
402.62664794921875 386.3448486328125 -2.6083409786224365
399.1820068359375 384.3114929199219 -2.6083409786224365
395.73736572265625 382.27813720703125 -2.6083409786224365
392.292724609375 380.2447814941406 -2.6083409786224365
388.84808349609375 378.21142578125 -2.6083409786224365
385.4034423828125 376.1780700683594 -2.6083409786224365
381.95880126953125 374.14471435546875 -2.6083409786224365
378.51416015625 372.1113586425781 -2.6083409786224365
375.06951904296875 370.0780029296875 -2.6083409786224365
371.6248779296875 368.0446472167969 -2.6083409786224365
368.18023681640625 366.01129150390625 -2.6083409786224365
364.735595703125 363.9779357910156 -2.6083409786224365
361.29095458984375 361.944580078125 -2.6083409786224365
357.8463134765625 359.9112243652344 -2.6083409786224365
354.40167236328125 357.87786865234375 -2.6083409786224365
350.95703125 355.8445129394531 -2.6083409786224365
347.51239013671875 353.8111572265625 -2.6083409786224365
344.0677490234375 351.7778015136719 -2.6083409786224365
340.62310791015625 349.74444580078125 -2.6083409786224365
337.178466796875 347.7110900878906 -2.6083409786224365
333.73382568359375 345.677734375 -2.6083409786224365
330.2891845703125 343.6443786621094 -2.6083409786224365
326.84454345703125 341.61102294921875 -2.6083409786224365
323.39990234375 339.5776672363281 -2.6083409786224365
319.95526123046875 337.5443115234375 -2.6083409786224365
316.5106201171875 335.5109558105469 -2.6083409786224365
313.06597900390625 333.47760009765625 -2.6083409786224365
309.621337890625 331.4442443847656 -2.6083409786224365
306.17669677734375 329.410888671875 -2.6083409786224365
302.7320556640625 327.3775329589844 -2.6083409786224365
299.28741455078125 325.34417724609375 -2.6083409786224365
295.8427734375 323.3108215332031 -2.6083409786224365
292.39813232421875 321.2774658203125 -2.6083409786224365
288.9534912109375 319.2441101074219 -2.6083409786224365
285.50885009765625 317.21075439453125 -2.6083409786224365
282.064208984375 315.1773986816406 -2.6083409786224365
278.61956787109375 313.14404296875 -2.6083409786224365
275.1749267578125 311.1106872558594 -2.6083409786224365
271.73028564453125 309.07733154296875 -2.6083409786224365
268.28564453125 307.0439758300781 -2.6083409786224365
264.84100341796875 305.0106201171875 -2.6083409786224365
261.3963623046875 302.9772644042969 -2.6083409786224365
257.95172119140625 300.94390869140625 -2.6083409786224365
254.507080078125 298.9105529785156 -2.6083409786224365
251.06243896484375 296.877197265625 -2.6083409786224365
247.6177978515625 294.8438415527344 -2.6083409786224365
244.17315673828125 292.81048583984375 -2.6083409786224365
240.728515625 290.7771301269531 -2.6083409786224365
237.28387451171875 288.7437744140625 -2.6083409786224365
233.8392333984375 286.7104187011719 -2.6083409786224365
230.39459228515625 284.67706298828125 -2.6083409786224365
226.949951171875 282.6437072753906 -2.6083409786224365
226.949951171875 282.6437072753906 -3.008341073989868
222.98541259765625 282.1122741699219 -3.008341073989868
219.0208740234375 281.5808410644531 -3.008341073989868
219.0208740234375 281.5808410644531 2.8748440742492676
215.16233825683594 282.6352233886719 2.8748440742492676
211.30380249023438 283.6896057128906 2.8748440742492676
207.4452667236328 284.7439880371094 2.8748440742492676
203.58673095703125 285.7983703613281 2.8748440742492676
199.7281951904297 286.8527526855469 2.8748440742492676
195.86965942382812 287.9071350097656 2.8748440742492676
193.9639892578125 288.63446044921875 2.679145336151123
193.9639892578125 288.63446044921875 2.679145336151123
193.9639892578125 288.63446044921875 2.2791452407836914
193.9639892578125 288.63446044921875 1.8791452646255493
193.9639892578125 288.63446044921875 1.4791452884674072
193.9639892578125 288.63446044921875 1.0791453123092651
193.9639892578125 288.63446044921875 0.679145336151123
193.9639892578125 288.63446044921875 0.27914533019065857
193.9639892578125 288.63446044921875 -0.12085467576980591
197.934814453125 288.1522216796875 -0.12085467576980591
201.9056396484375 287.66998291015625 -0.12085467576980591
205.87646484375 287.187744140625 -0.12085467576980591
209.8472900390625 286.70550537109375 -0.12085467576980591
213.818115234375 286.2232666015625 -0.12085467576980591
213.818115234375 286.2232666015625 -0.5208547115325928
213.818115234375 286.2232666015625 -0.9208546876907349
213.818115234375 286.2232666015625 -1.320854663848877
214.80751037597656 282.3475646972656 -1.320854663848877
215.79690551757812 278.47186279296875 -1.320854663848877
216.7863006591797 274.5961608886719 -1.320854663848877
217.77569580078125 270.720458984375 -1.320854663848877
218.7650909423828 266.8447570800781 -1.320854663848877
219.75448608398438 262.96905517578125 -1.320854663848877
220.74388122558594 259.0933532714844 -1.320854663848877
221.7332763671875 255.2176513671875 -1.320854663848877
222.72267150878906 251.34194946289062 -1.320854663848877
223.71206665039062 247.46624755859375 -1.320854663848877
224.7014617919922 243.59054565429688 -1.320854663848877
225.69085693359375 239.71484375 -1.320854663848877
226.6802520751953 235.83914184570312 -1.320854663848877
227.66964721679688 231.96343994140625 -1.320854663848877
228.65904235839844 228.08773803710938 -1.320854663848877
229.6484375 224.2120361328125 -1.320854663848877
230.63783264160156 220.33633422851562 -1.320854663848877
231.62722778320312 216.46063232421875 -1.320854663848877
232.6166229248047 212.58493041992188 -1.320854663848877
233.60601806640625 208.709228515625 -1.320854663848877
234.5954132080078 204.83352661132812 -1.320854663848877
235.58480834960938 200.95782470703125 -1.320854663848877
236.57420349121094 197.08212280273438 -1.320854663848877
237.5635986328125 193.2064208984375 -1.320854663848877
238.55299377441406 189.33071899414062 -1.320854663848877
239.54238891601562 185.45501708984375 -1.320854663848877
240.5317840576172 181.57931518554688 -1.320854663848877
240.5317840576172 181.57931518554688 -1.720854640007019
240.5317840576172 181.57931518554688 -2.120854616165161
238.4408416748047 178.16934204101562 -2.120854616165161
238.4408416748047 178.16934204101562 -2.5208547115325928
238.4408416748047 178.16934204101562 -2.9208548069000244
238.4408416748047 178.16934204101562 2.9623303413391113
238.4408416748047 178.16934204101562 2.5623302459716797
238.4408416748047 178.16934204101562 2.162330150604248
238.4408416748047 178.16934204101562 1.762330174446106
238.4408416748047 178.16934204101562 1.3623301982879639
239.2686767578125 182.08273315429688 1.3623301982879639
240.0965118408203 185.99612426757812 1.3623301982879639
240.92434692382812 189.90951538085938 1.3623301982879639
241.75218200683594 193.82290649414062 1.3623301982879639
242.58001708984375 197.73629760742188 1.3623301982879639
242.58001708984375 197.73629760742188 0.9623302221298218
244.866455078125 201.01840209960938 0.9623302221298218
247.15289306640625 204.30050659179688 0.9623302221298218
247.15289306640625 204.30050659179688 0.5623302459716797
247.15289306640625 204.30050659179688 0.1623302400112152
251.10031127929688 204.9469757080078 0.1623302400112152
255.0477294921875 205.59344482421875 0.1623302400112152
258.9951477050781 206.2399139404297 0.1623302400112152
262.94256591796875 206.88638305664062 0.1623302400112152
266.8899841308594 207.53285217285156 0.1623302400112152
270.83740234375 208.1793212890625 0.1623302400112152
274.7848205566406 208.82579040527344 0.1623302400112152
278.73223876953125 209.47225952148438 0.1623302400112152
282.6796569824219 210.1187286376953 0.1623302400112152
286.6270751953125 210.76519775390625 0.1623302400112152
290.5744934082031 211.4116668701172 0.1623302400112152
294.52191162109375 212.05813598632812 0.1623302400112152
298.4693298339844 212.70460510253906 0.1623302400112152
302.416748046875 213.35107421875 0.1623302400112152
306.3641662597656 213.99754333496094 0.1623302400112152
310.31158447265625 214.64401245117188 0.1623302400112152
314.2590026855469 215.2904815673828 0.1623302400112152
318.2064208984375 215.93695068359375 0.1623302400112152
322.1538391113281 216.5834197998047 0.1623302400112152
326.10125732421875 217.22988891601562 0.1623302400112152
330.0486755371094 217.87635803222656 0.1623302400112152
333.99609375 218.5228271484375 0.1623302400112152
337.9435119628906 219.16929626464844 0.1623302400112152
341.89093017578125 219.81576538085938 0.1623302400112152
345.8383483886719 220.4622344970703 0.1623302400112152
349.7857666015625 221.10870361328125 0.1623302400112152
353.7331848144531 221.7551727294922 0.1623302400112152
357.68060302734375 222.40164184570312 0.1623302400112152
361.6280212402344 223.04811096191406 0.1623302400112152
365.575439453125 223.694580078125 0.1623302400112152
369.5228576660156 224.34104919433594 0.1623302400112152
373.47027587890625 224.98751831054688 0.1623302400112152
377.4176940917969 225.6339874267578 0.1623302400112152
381.3651123046875 226.28045654296875 0.1623302400112152
385.3125305175781 226.9269256591797 0.1623302400112152
389.25994873046875 227.57339477539062 0.1623302400112152
393.2073669433594 228.21986389160156 0.1623302400112152
397.15478515625 228.8663330078125 0.1623302400112152
401.1022033691406 229.51280212402344 0.1623302400112152
405.04962158203125 230.15927124023438 0.1623302400112152
408.9970397949219 230.8057403564453 0.1623302400112152
412.9444580078125 231.45220947265625 0.1623302400112152
416.8918762207031 232.0986785888672 0.1623302400112152
420.83929443359375 232.74514770507812 0.1623302400112152
424.7867126464844 233.39161682128906 0.1623302400112152
428.734130859375 234.0380859375 0.1623302400112152
432.6815490722656 234.68455505371094 0.1623302400112152
436.62896728515625 235.33102416992188 0.1623302400112152
440.5763854980469 235.9774932861328 0.1623302400112152
444.5238037109375 236.62396240234375 0.1623302400112152
448.4712219238281 237.2704315185547 0.1623302400112152
452.41864013671875 237.91690063476562 0.1623302400112152
456.3660583496094 238.56336975097656 0.1623302400112152
460.3134765625 239.2098388671875 0.1623302400112152
464.2608947753906 239.85630798339844 0.1623302400112152
468.20831298828125 240.50277709960938 0.1623302400112152
472.1557312011719 241.1492462158203 0.1623302400112152
476.1031494140625 241.79571533203125 0.1623302400112152
480.0505676269531 242.4421844482422 0.1623302400112152
483.99798583984375 243.08865356445312 0.1623302400112152
487.9454040527344 243.73512268066406 0.1623302400112152
491.892822265625 244.381591796875 0.1623302400112152
495.8402404785156 245.02806091308594 0.1623302400112152
499.78765869140625 245.67453002929688 0.1623302400112152
503.7350769042969 246.3209991455078 0.1623302400112152
507.6824951171875 246.96746826171875 0.1623302400112152
511.6299133300781 247.6139373779297 0.1623302400112152
515.5773315429688 248.26040649414062 0.1623302400112152
519.5247192382812 248.90687561035156 0.1623302400112152
519.5247192382812 248.90687561035156 -0.23766976594924927
519.5247192382812 248.90687561035156 -0.6376698017120361
519.5247192382812 248.90687561035156 -1.0376697778701782
521.5576171875 245.4619903564453 -1.0376697778701782
523.5905151367188 242.01710510253906 -1.0376697778701782
523.5905151367188 242.01710510253906 -1.4376697540283203
524.1214599609375 238.05250549316406 -1.4376697540283203
524.6524047851562 234.08790588378906 -1.4376697540283203
525.183349609375 230.12330627441406 -1.4376697540283203
525.7142944335938 226.15870666503906 -1.4376697540283203
526.2452392578125 222.19410705566406 -1.4376697540283203
526.7761840820312 218.22950744628906 -1.4376697540283203
527.30712890625 214.26490783691406 -1.4376697540283203
527.8380737304688 210.30030822753906 -1.4376697540283203
528.3690185546875 206.33570861816406 -1.4376697540283203
528.8999633789062 202.37110900878906 -1.4376697540283203
529.430908203125 198.40650939941406 -1.4376697540283203
529.9618530273438 194.44190979003906 -1.4376697540283203
530.4927978515625 190.47731018066406 -1.4376697540283203
531.0237426757812 186.51271057128906 -1.4376697540283203
531.5546875 182.54811096191406 -1.4376697540283203
532.0856323242188 178.58351135253906 -1.4376697540283203
532.6165771484375 174.61891174316406 -1.4376697540283203
533.1475219726562 170.65431213378906 -1.4376697540283203
533.678466796875 166.68971252441406 -1.4376697540283203
534.2094116210938 162.72511291503906 -1.4376697540283203
534.2094116210938 162.72511291503906 -1.8376697301864624
533.154541015625 158.86671447753906 -1.8376697301864624
532.0996704101562 155.00831604003906 -1.8376697301864624
531.0447998046875 151.14991760253906 -1.8376697301864624
529.9899291992188 147.29151916503906 -1.8376697301864624
528.93505859375 143.43312072753906 -1.8376697301864624
527.8801879882812 139.57472229003906 -1.8376697301864624
526.8253173828125 135.71632385253906 -1.8376697301864624
525.7704467773438 131.85792541503906 -1.8376697301864624
524.715576171875 127.99952697753906 -1.8376697301864624
523.6607055664062 124.14112854003906 -1.8376697301864624
522.6058349609375 120.28273010253906 -1.8376697301864624
521.5509643554688 116.42433166503906 -1.8376697301864624
520.49609375 112.56593322753906 -1.8376697301864624
519.4412231445312 108.70753479003906 -1.8376697301864624
518.3863525390625 104.84913635253906 -1.8376697301864624
517.3314819335938 100.99073791503906 -1.8376697301864624
516.276611328125 97.13233947753906 -1.8376697301864624
515.2217407226562 93.27394104003906 -1.8376697301864624
514.1668701171875 89.41554260253906 -1.8376697301864624
513.1119995117188 85.55714416503906 -1.8376697301864624
512.05712890625 81.69874572753906 -1.8376697301864624
511.00225830078125 77.84034729003906 -1.8376697301864624
511.00225830078125 77.84034729003906 -2.2376697063446045
511.00225830078125 77.84034729003906 -2.637669801712036
507.4994812011719 75.90888977050781 -2.637669801712036
503.9967041015625 73.97743225097656 -2.637669801712036
503.9967041015625 73.97743225097656 -3.0376698970794678
500.0182800292969 73.56249237060547 -3.0376698970794678
496.03985595703125 73.14755249023438 -3.0376698970794678
492.0614318847656 72.73261260986328 -3.0376698970794678
488.0830078125 72.31767272949219 -3.0376698970794678
484.1045837402344 71.9027328491211 -3.0376698970794678
480.12615966796875 71.48779296875 -3.0376698970794678
476.1477355957031 71.0728530883789 -3.0376698970794678
472.1693115234375 70.65791320800781 -3.0376698970794678
468.1908874511719 70.24297332763672 -3.0376698970794678
464.21246337890625 69.82803344726562 -3.0376698970794678
460.2340393066406 69.41309356689453 -3.0376698970794678
456.255615234375 68.99815368652344 -3.0376698970794678
452.2771911621094 68.58321380615234 -3.0376698970794678
448.29876708984375 68.16827392578125 -3.0376698970794678
444.3203430175781 67.75333404541016 -3.0376698970794678
440.3419189453125 67.33839416503906 -3.0376698970794678
436.3634948730469 66.92345428466797 -3.0376698970794678
432.38507080078125 66.50851440429688 -3.0376698970794678
428.4066467285156 66.09357452392578 -3.0376698970794678
424.42822265625 65.67863464355469 -3.0376698970794678
420.4497985839844 65.2636947631836 -3.0376698970794678
416.47137451171875 64.8487548828125 -3.0376698970794678
412.4929504394531 64.4338150024414 -3.0376698970794678
408.5145263671875 64.01887512207031 -3.0376698970794678
404.5361022949219 63.60393142700195 -3.0376698970794678
400.55767822265625 63.188987731933594 -3.0376698970794678
396.5792541503906 62.774044036865234 -3.0376698970794678
392.600830078125 62.359100341796875 -3.0376698970794678
388.6224060058594 61.944156646728516 -3.0376698970794678
384.64398193359375 61.529212951660156 -3.0376698970794678
380.6655578613281 61.1142692565918 -3.0376698970794678
376.6871337890625 60.69932556152344 -3.0376698970794678
372.7087097167969 60.28438186645508 -3.0376698970794678
368.73028564453125 59.86943817138672 -3.0376698970794678
364.7518615722656 59.45449447631836 -3.0376698970794678
360.7734375 59.03955078125 -3.0376698970794678
356.7950134277344 58.62460708618164 -3.0376698970794678
352.81658935546875 58.20966339111328 -3.0376698970794678
348.8381652832031 57.79471969604492 -3.0376698970794678
344.8597412109375 57.37977600097656 -3.0376698970794678
340.8813171386719 56.9648323059082 -3.0376698970794678
336.90289306640625 56.549888610839844 -3.0376698970794678
332.9244689941406 56.134944915771484 -3.0376698970794678
328.946044921875 55.720001220703125 -3.0376698970794678
324.9676208496094 55.305057525634766 -3.0376698970794678
324.9676208496094 55.305057525634766 2.845515251159668
321.14166259765625 56.47214126586914 2.845515251159668
317.3157043457031 57.639225006103516 2.845515251159668
313.48974609375 58.80630874633789 2.845515251159668
309.6637878417969 59.973392486572266 2.845515251159668
305.83782958984375 61.14047622680664 2.845515251159668
302.0118713378906 62.307559967041016 2.845515251159668
298.1859130859375 63.47464370727539 2.845515251159668
294.3599548339844 64.6417236328125 2.845515251159668
290.53399658203125 65.80880737304688 2.845515251159668
286.7080383300781 66.97589111328125 2.845515251159668
282.882080078125 68.14297485351562 2.845515251159668
279.0561218261719 69.31005859375 2.845515251159668
275.23016357421875 70.47714233398438 2.845515251159668
271.4042053222656 71.64422607421875 2.845515251159668
267.5782470703125 72.81130981445312 2.845515251159668
263.7522888183594 73.9783935546875 2.845515251159668
259.92633056640625 75.14547729492188 2.845515251159668
256.1003723144531 76.31256103515625 2.845515251159668
252.2744140625 77.47964477539062 2.845515251159668
248.44845581054688 78.646728515625 2.845515251159668
244.62249755859375 79.81381225585938 2.845515251159668
240.79653930664062 80.98089599609375 2.845515251159668
236.9705810546875 82.14797973632812 2.845515251159668
233.14462280273438 83.3150634765625 2.845515251159668
229.31866455078125 84.48214721679688 2.845515251159668
225.49270629882812 85.64923095703125 2.845515251159668
221.666748046875 86.81631469726562 2.845515251159668
217.84078979492188 87.9833984375 2.845515251159668
214.01483154296875 89.15048217773438 2.845515251159668
210.18887329101562 90.31756591796875 2.845515251159668
206.3629150390625 91.48464965820312 2.845515251159668
202.53695678710938 92.6517333984375 2.845515251159668
198.71099853515625 93.81881713867188 2.845515251159668
194.88504028320312 94.98590087890625 2.845515251159668
191.05908203125 96.15298461914062 2.845515251159668
187.23312377929688 97.320068359375 2.845515251159668
183.40716552734375 98.48715209960938 2.845515251159668
179.58120727539062 99.65423583984375 2.845515251159668
175.7552490234375 100.82131958007812 2.845515251159668
171.92929077148438 101.9884033203125 2.845515251159668
168.10333251953125 103.15548706054688 2.845515251159668
164.27737426757812 104.32257080078125 2.845515251159668
160.451416015625 105.48965454101562 2.845515251159668
156.62545776367188 106.65673828125 2.845515251159668
152.79949951171875 107.82382202148438 2.845515251159668
148.97354125976562 108.99090576171875 2.845515251159668
145.1475830078125 110.15798950195312 2.845515251159668
141.32162475585938 111.3250732421875 2.845515251159668
137.49566650390625 112.49215698242188 2.845515251159668
137.49566650390625 112.49215698242188 2.4455151557922363
137.49566650390625 112.49215698242188 2.0455150604248047
137.49566650390625 112.49215698242188 1.6455150842666626
137.49566650390625 112.49215698242188 1.2455151081085205
137.49566650390625 112.49215698242188 0.8455151319503784
137.49566650390625 112.49215698242188 0.44551512598991394
137.49566650390625 112.49215698242188 0.04551512002944946
137.49566650390625 112.49215698242188 -0.354484885931015
137.49566650390625 112.49215698242188 -0.7544848918914795
140.41017150878906 109.75250244140625 -0.7544848918914795
143.32467651367188 107.01284790039062 -0.7544848918914795
146.2391815185547 104.273193359375 -0.7544848918914795
149.1536865234375 101.53353881835938 -0.7544848918914795
152.0681915283203 98.79388427734375 -0.7544848918914795
154.98269653320312 96.05422973632812 -0.7544848918914795
157.89720153808594 93.3145751953125 -0.7544848918914795
160.81170654296875 90.57492065429688 -0.7544848918914795
163.72621154785156 87.83526611328125 -0.7544848918914795
166.64071655273438 85.09561157226562 -0.7544848918914795
169.5552215576172 82.35595703125 -0.7544848918914795
172.4697265625 79.61630249023438 -0.7544848918914795
175.3842315673828 76.87664794921875 -0.7544848918914795
178.29873657226562 74.13699340820312 -0.7544848918914795
181.21324157714844 71.3973388671875 -0.7544848918914795
184.12774658203125 68.65768432617188 -0.7544848918914795
187.04225158691406 65.91802978515625 -0.7544848918914795
189.95675659179688 63.178375244140625 -0.7544848918914795
192.8712615966797 60.438720703125 -0.7544848918914795
195.7857666015625 57.699066162109375 -0.7544848918914795
198.7002716064453 54.95941162109375 -0.7544848918914795
201.61477661132812 52.219757080078125 -0.7544848918914795
204.52928161621094 49.4801025390625 -0.7544848918914795
207.44378662109375 46.740447998046875 -0.7544848918914795
210.35829162597656 44.00079345703125 -0.7544848918914795
213.27279663085938 41.261138916015625 -0.7544848918914795
213.27279663085938 41.261138916015625 -1.1544848680496216
213.27279663085938 41.261138916015625 -1.5544848442077637
213.27279663085938 41.261138916015625 -1.9544848203659058
213.27279663085938 41.261138916015625 -2.354484796524048
213.27279663085938 41.261138916015625 -2.7544848918914795
213.27279663085938 41.261138916015625 3.1287002563476562
213.27279663085938 41.261138916015625 2.7287001609802246
209.60894775390625 42.866180419921875 2.7287001609802246
205.94509887695312 44.471221923828125 2.7287001609802246
202.28125 46.076263427734375 2.7287001609802246
198.61740112304688 47.681304931640625 2.7287001609802246
194.95355224609375 49.286346435546875 2.7287001609802246
191.28970336914062 50.891387939453125 2.7287001609802246
187.6258544921875 52.496429443359375 2.7287001609802246
183.96200561523438 54.101470947265625 2.7287001609802246
180.29815673828125 55.706512451171875 2.7287001609802246
176.63430786132812 57.311553955078125 2.7287001609802246
172.970458984375 58.916595458984375 2.7287001609802246
169.30661010742188 60.521636962890625 2.7287001609802246
165.64276123046875 62.126678466796875 2.7287001609802246
161.97891235351562 63.731719970703125 2.7287001609802246
158.3150634765625 65.33676147460938 2.7287001609802246
154.65121459960938 66.94180297851562 2.7287001609802246
150.98736572265625 68.54684448242188 2.7287001609802246
147.32351684570312 70.15188598632812 2.7287001609802246
143.65966796875 71.75692749023438 2.7287001609802246
139.99581909179688 73.36196899414062 2.7287001609802246
136.33197021484375 74.96701049804688 2.7287001609802246
132.66812133789062 76.57205200195312 2.7287001609802246
129.0042724609375 78.17709350585938 2.7287001609802246
125.34041595458984 79.78213500976562 2.7287001609802246
121.67655944824219 81.38717651367188 2.7287001609802246
118.01270294189453 82.99221801757812 2.7287001609802246
114.34884643554688 84.59725952148438 2.7287001609802246
110.68498992919922 86.20230102539062 2.7287001609802246
107.02113342285156 87.80734252929688 2.7287001609802246
103.3572769165039 89.41238403320312 2.7287001609802246
99.69342041015625 91.01742553710938 2.7287001609802246
96.0295639038086 92.62246704101562 2.7287001609802246
92.36570739746094 94.22750854492188 2.7287001609802246
88.70185089111328 95.83255004882812 2.7287001609802246
85.03799438476562 97.43759155273438 2.7287001609802246
81.37413787841797 99.04263305664062 2.7287001609802246
77.71028137207031 100.64767456054688 2.7287001609802246
74.04642486572266 102.25271606445312 2.7287001609802246
70.382568359375 103.85775756835938 2.7287001609802246
66.71871185302734 105.46279907226562 2.7287001609802246
63.05485534667969 107.06784057617188 2.7287001609802246
59.39099884033203 108.67288208007812 2.7287001609802246
55.727142333984375 110.27792358398438 2.7287001609802246
52.06328582763672 111.88296508789062 2.7287001609802246
48.39942932128906 113.48800659179688 2.7287001609802246
44.735572814941406 115.09304809570312 2.7287001609802246
41.07171630859375 116.69808959960938 2.7287001609802246
41.07171630859375 116.69808959960938 2.328700065612793
41.07171630859375 116.69808959960938 1.9287000894546509
41.07171630859375 116.69808959960938 1.5287001132965088
41.07171630859375 116.69808959960938 1.1287001371383667
41.07171630859375 116.69808959960938 0.7287001609802246
41.07171630859375 116.69808959960938 0.7287001609802246
41.07171630859375 116.69808959960938 0.7287001609802246
41.07171630859375 116.69808959960938 0.7287001609802246
41.07171630859375 116.69808959960938 0.7287001609802246
41.07171630859375 116.69808959960938 0.7287001609802246
