-391.47653219628415
-392.6436268972305
-393.4700986462599
-393.934008397284
-394.0230954451592
-393.73503798836435
-393.07740413981566
-392.0676024123625
-390.7325423033533
-389.1081047181465
-387.2383845445801
-385.17487174022386
-382.9751873960025
-380.70174517969576
-378.42025989834644
-376.197756309667
-376.197756309667
-373.91155301875995
-371.6623010309186
-371.6623010309186
-369.37867028134417
-367.10967900554994
-367.10967900554994
-364.8361529516298
-362.55472353671195
-360.33247854439037
-360.33247854439037
-358.0462735485036
-355.7972524205568
-355.7972524205568
-353.5135435464291
-351.24469434081396
-351.24469434081396
-351.24469434081396
-349.2453515879403
-349.2453515879403
-347.55561875633566
-345.63326890596886
-343.53102624830495
-343.53102624830495
-341.6920312169496
-339.65221687760084
-339.65221687760084
-337.9053457046879
-335.9373824502721
-335.9373824502721
-335.9373824502721
-335.9373824502721
-335.9373824502721
-335.9373824502721
-335.9373824502721
-335.9373824502721
-338.22309039171637
-340.4845082261679
-342.89844089070215
-342.89844089070215
-345.18025988274877
-347.4049743124904
-347.4049743124904
-349.69126483174404
-351.9432475103015
-351.9432475103015
-354.2259830194834
-356.49714888542655
-356.49714888542655
-358.7686520440538
-361.0511690947012
-363.27847972112147
-363.27847972112147
-365.56478358123394
-367.81864881740887
-369.97546465746586
-369.97546465746586
-372.2484796868169
-374.44711643634304
-374.44711643634304
-376.7307987223433
-378.96289047989734
-381.0796597873564
-381.0796597873564
-383.33782997896975
-385.50323595167725
-387.51469984652533
-387.51469984652533
-389.7215960250355
-391.79651162592774
-393.68137816156576
-393.68137816156576
-395.81295166279875
-397.7755986062548
-399.51489116180284
-399.51489116180284
-401.5488550098566
-403.3794783600427
-403.3794783600427
-405.4757414301632
-407.38936801858904
-409.06739085930525
-409.06739085930525
-411.0577206840949
-412.8319325796308
-414.3413196456128
-414.3413196456128
-416.20587068716975
-417.82365470097994
-419.1504996023127
-419.1504996023127
-420.87130111419333
-422.3175865527669
-422.3175865527669
-424.13315330888287
-425.69169359379856
-426.95071093696777
-426.95071093696777
-428.6163051778118
-429.9981534140354
-431.05875821402276
-431.05875821402276
-432.5588150213675
-433.7515310106938
-434.6046815612979
-435.09543309824807
-435.09543309824807
-436.09026035012715
-436.7307947285728
-436.999921474408
-436.999921474408
-437.7880510146289
-438.2105699803183
-438.2561909556896
-438.2561909556896
-438.8306660939179
-439.03164546656717
-438.8537750708429
-438.3017770934697
-438.3017770934697
-438.2793851302769
-437.87970717423747
-437.1134345568185
-437.1134345568185
-436.8674527283939
-436.2493156993609
-435.27555768456386
-433.9723367926068
-433.9723367926068
-433.139196588704
-431.9649635075842
-431.9649635075842
-431.2769623184914
-430.23772584326554
-428.87520308959444
-428.87520308959444
-427.97443649788573
-426.73807413036593
-426.73807413036593
-425.980683705068
-424.8768390611942
-423.4561919687503
-423.4561919687503
-422.48853693235634
-421.1911157612094
-419.59898605568173
-419.59898605568173
-418.42913482780216
-416.9496384474216
-416.9496384474216
-415.9134781991142
-414.5540190960853
-412.90797331115544
-412.90797331115544
-411.6730790219197
-410.1360538184359
-410.1360538184359
-409.03217746706895
-407.6118421905007
-405.9134291547929
-405.9134291547929
-404.6145385112605
-403.0213787058388
-403.0213787058388
-403.0213787058388
-403.0213787058388
-403.0213787058388
-404.4271360932466
-405.5148736030218
-406.2554900450681
-406.6293103485577
-406.6293103485577
-407.51652623534
-408.0438387555755
-408.0438387555755
-409.0729050593615
-409.7506409754135
-410.1288116812743
-410.1288116812743
-411.01187219322225
-411.534762932331
-411.534762932331
-412.559651111721
-413.23282224818786
-413.23282224818786
-414.39415849050977
-415.21379881545033
-415.6699148171746
-415.6699148171746
-416.6332665525952
-417.24085821382533
-417.24085821382533
-418.3428620207718
-419.0984506932202
-419.0984506932202
-420.33337012642784
-421.2327285509674
-421.2327285509674
-422.59420430566627
-423.63244067908823
-423.63244067908823
-425.1135990539319
-426.2851675945658
-426.2851675945658
-427.8786113522342
-429.1774010764158
-429.1774010764158
-430.8753752900576
-432.29480545095396
-432.29480545095396
-434.0891923812469
-435.62223851860114
-435.62223851860114
-437.50464632543253
-439.1439375063075
-439.1439375063075
-441.10580919493054
-442.8436466003541
-442.8436466003541
-444.87625790819374
-446.7047202468128
-448.2784502586329
-448.2784502586329
-450.19152630524377
-450.19152630524377
-452.3405497191102
-454.3277275073822
-454.3277275073822
-456.4173044782895
-458.45965174924834
-458.45965174924834
-460.5784398440386
-462.56987397659606
-462.56987397659606
-464.7077420737455
-466.73295798905826
-466.73295798905826
-468.886343700399
-468.886343700399
-471.06447023718835
-473.22942701935597
-475.4140760566004
-475.4140760566004
-477.5897020439865
-479.80476484272947
-479.80476484272947
-482.0905604085602
-484.3351507008064
-484.3351507008064
-486.6197981520574
-488.88592610492196
-491.0680719023696
-491.0680719023696
-493.34824353109445
-495.56703201891787
-497.6609217597525
-497.6609217597525
-499.9090691187895
-502.0545057797148
-502.0545057797148
-504.3235755381275
-506.51241440877095
-506.51241440877095
-508.7941467470155
-511.01826020066466
-513.1210086287839
-513.1210086287839
-515.3730695957106
-517.526015748896
-517.526015748896
-519.7976313958628
-521.9926236195878
-524.0482376713995
-524.0482376713995
-526.2780623236673
-528.3904761027972
-528.3904761027972
-530.6466843478503
-532.8077995804309
-532.8077995804309
-535.0820844775104
-537.283747060189
-539.3497956852773
-539.3497956852773
-541.5847635046553
-543.7061591899295
-545.6536880325641
-545.6536880325641
-547.8234550089238
-549.8405862516256
-549.8405862516256
-552.0502191045989
-554.1289594521032
-556.0178955180941
-556.0178955180941
-558.1513957508824
-560.1159287386112
-561.856167869779
-561.856167869779
-563.8898367150288
-565.7188983662602
-567.2921550367604
-567.2921550367604
-569.204031210334
-570.8783719505738
-570.8783719505738
-572.8649943353922
-574.6332112884834
-576.1336149709044
-576.1336149709044
-577.9899003770189
-579.5960040246636
-580.9072639687962
-580.9072639687962
-582.6137800660345
-584.0413731352965
-585.1505788958208
-585.1505788958208
-586.689836531591
-587.9247241153053
-588.8212161166642
-588.8212161166642
-590.1777269006894
-591.2078298110123
-591.8831851404881
-591.8831851404881
-593.0434891749394
-593.8588408700296
-594.3068967397338
-594.3068967397338
-595.2595767198975
-595.8524342588033
-596.0692567203148
-596.0692567203148
-596.8049364634893
-597.1696948712847
-597.1535355262197
-597.1535355262197
-597.6650295389693
-597.798271657622
-597.5496366888401
-597.5496366888401
-597.8318116057286
-597.7322769309618
-597.2537647483445
-596.4093538860294
-596.4093538860294
-596.0773880336117
-595.3732187492903
-594.3161486929755
-594.3161486929755
-593.7545836136884
-592.8314673146448
-591.572128324602
-590.0113451335022
-590.0113451335022
-588.8765248850992
-587.4259682996675
-585.6998674528048
-583.7464300455367
-583.7464300455367
-582.1173687366053
-580.2422139508836
-578.1736427683993
-578.1736427683993
-576.3829406062645
-574.3787826265346
-572.2177406079177
-572.2177406079177
-570.2845415913368
-568.1733752226345
-565.944209357655
-565.944209357655
-563.8898387643601
-561.6955607000439
-559.4242177239257
-559.4242177239257
-557.2720388997077
-555.0203290562641
-552.7340309658142
-552.7340309658142
-550.5094320317539
-548.2275787895627
-545.9548051002186
-545.9548051002186
-543.6849706788893
-541.4016201572327
-541.4016201572327
-539.1515915420288
-536.865354952957
-534.6096303749621
-534.6096303749621
-532.3281466052102
-530.0547579744515
-530.0547579744515
-527.7856251420552
-525.5019874527976
-523.2707519325646
-523.2707519325646
-520.9845274393849
-518.7285011867062
-518.7285011867062
-516.4471570955162
-514.1735558806657
-511.9745837605002
-511.9745837605002
-509.6910572528015
-507.46024483853205
-505.34845903404204
-505.34845903404204
-503.09343555351285
-500.9363604920277
-500.9363604920277
-498.6638607174209
-496.4678017796855
-496.4678017796855
-494.18479875730924
-491.9563716408666
-489.8487400418085
-489.8487400418085
-487.5955275805629
-485.44213057913583
-485.44213057913583
-483.1708618242418
-480.9779682867254
-480.9779682867254
-478.69559585008017
-476.4697669422324
-474.3667131129976
-474.3667131129976
-472.11554949986385
-469.9661998090835
-469.9661998090835
-467.6963568101339
-465.50695894247826
-465.50695894247826
-463.2253435617242
-461.00240072374913
-458.9043310720855
-458.9043310720855
-456.6554407496772
-454.5105520425651
-454.5105520425651
-452.2423342637526
-450.05680510545915
-448.01942110016324
-448.01942110016324
-445.80074679852027
-443.70998082233393
-443.70998082233393
-441.46449017542415
-439.32612963044375
-439.32612963044375
-437.06035056371036
-434.88046742808547
-434.88046742808547
-432.6011919547431
-430.3861458903662
-428.30150224709547
-428.30150224709547
-426.0589259550288
-423.92608051808503
-423.92608051808503
-421.6624334783217
-419.4873550390154
-417.46623275004663
-417.46623275004663
-415.25647087683393
-413.1806104586921
-413.1806104586921
-410.942286047918
-408.8173277636512
-408.8173277636512
-406.55685800512845
-404.3886905281561
-404.3886905281561
-402.1127269646784
-399.90758175248027
-397.83934034286347
-397.83934034286347
-395.6048225887458
-393.48675943359683
-393.48675943359683
-391.2291813394613
-389.067108723402
-387.0657887953191
-387.0657887953191
-384.8672481025444
-382.8097039931536
-382.8097039931536
-380.58061904385164
-378.47226674353436
-376.547503405798
-376.547503405798
-374.3956716387397
-372.40800676071035
-372.40800676071035
-370.2182403399144
-368.17466629576234
-368.17466629576234
-365.9529285630374
-363.8572583964493
-363.8572583964493
-361.60963408233465
-359.46745861690994
-357.4957162439839
-357.4957162439839
-355.31454439928086
-353.28446915960694
-353.28446915960694
-351.0700043935066
-348.9867363881094
-348.9867363881094
-346.7449571970357
-344.6138801356167
-342.65836803116775
-342.65836803116775
-340.48704946810375
-338.47216166756226
-338.47216166756226
-336.26614146479653
-334.19686259990584
-334.19686259990584
-331.9619755797284
-329.843566568682
-329.843566568682
-327.5859349925039
-325.4239793564752
-325.4239793564752
-323.1500209344713
-320.95047450005956
-320.95047450005956
-318.6668663788727
-316.4359864097237
-316.4359864097237
-314.14974711964817
-311.89417888781213
-311.89417888781213
-309.6126111516742
-307.33935418069893
-307.33935418069893
-305.07008977108813
-302.78650563721027
-302.78650563721027
-300.5374664598105
-298.25127446002574
-298.25127446002574
-296.12948112999135
-296.12948112999135
-294.17058291746304
-292.0720257313975
-292.0720257313975
-290.15557904130264
-288.0844313076441
-288.0844313076441
-286.2146630039322
-284.17520073633335
-284.17520073633335
-282.3563620109812
-280.35303310943317
-280.35303310943317
-278.58951985335517
-278.58951985335517
-277.15494914360954
-275.4545918837131
-275.4545918837131
-274.1004734778802
-272.39799987690867
-272.39799987690867
-271.1477650843442
-269.5394510988075
-269.5394510988075
-268.3547934789703
-266.86639900361877
-265.1130293752969
-265.1130293752969
-263.7497477485956
-262.10414789658114
-262.10414789658114
-260.874540661699
-259.3465008223843
-259.3465008223843
-258.2585829425588
-256.8575010858814
-255.17939024413164
-255.17939024413164
-253.9102488367569
-252.34756225231175
-252.34756225231175
-251.21870481293038
-249.78111382644516
-249.78111382644516
-248.80027667520721
-247.49698635436295
-245.90453471025245
-245.90453471025245
-244.71710125664447
-244.71710125664447
-244.71710125664447
-244.96628227393822
-244.96628227393822
-245.74409130318588
-246.16463626552022
-246.16463626552022
-247.10253501255525
-247.6909675847915
-247.6909675847915
-248.78251194630533
-249.534214302881
-249.534214302881
-250.77201857703844
-251.68132031157862
-251.68132031157862
-253.05715728303554
-254.11747832151093
-254.8353959867171
-254.8353959867171
-256.04284498208506
-256.9188542906657
-256.9188542906657
-258.26549313200826
-259.2933220202796
-259.2933220202796
-260.7705172371449
-261.94303375073224
-262.78092007141305
-262.78092007141305
-264.0939187486834
-264.0939187486834
-265.8071296907421
-267.24856794300035
-268.3808212033761
-268.3808212033761
-269.94561334226165
-271.2163451423605
-271.2163451423605
-272.8951187663711
-274.2962977803426
-275.41330937173547
-275.41330937173547
-276.9489364969844
-278.1863275700961
-278.1863275700961
-279.8377010983316
-281.2069146742099
-281.2069146742099
-282.96447768257985
-284.4572184102353
-284.4572184102353
-286.31123258186386
-287.9188420666715
-289.2375562535148
-289.2375562535148
-290.9545210110227
-292.39936320626515
-292.39936320626515
-294.2161355656809
-295.7787331608815
-295.7787331608815
-297.6855656386159
-299.3572001390687
-300.7491042634584
-300.7491042634584
-302.52409799492284
-304.0367876079434
-304.0367876079434
-305.9056169034561
-307.53064231582977
-307.53064231582977
-309.483646981052
-311.2122550120646
-311.2122550120646
-313.23965458383003
-315.0629098992098
-316.63274440059257
-316.63274440059257
-318.5445997337894
-320.22192219120825
-320.22192219120825
-322.2127521680152
-323.9888400259068
-323.9888400259068
-326.0490405303919
-327.9150541895179
-329.536146105334
-329.536146105334
-331.48586902067956
-333.20997843931315
-334.66191970954293
-334.66191970954293
-336.48327473236975
-338.0502988126749
-338.0502988126749
-339.95967597058274
-341.6335021076778
-343.0267117566268
-343.0267117566268
-344.8017761803198
-346.31344084396187
-347.52127194595084
-347.52127194595084
-349.14633365788205
-350.483068322865
-351.4959260266736
-351.4959260266736
-352.9570200773306
-354.1078612525794
-354.1078612525794
-355.68544443224556
-356.9677061546142
-357.92056006220537
-357.92056006220537
-359.3299146130389
-360.42285304981783
-361.1704548339393
-361.1704548339393
-362.39976255924176
-363.2946050752036
-363.83144198481574
-363.83144198481574
-364.870495184576
-365.56024476475227
-365.88255847570457
-365.88255847570457
-366.7228516571498
-367.2021872164234
-367.2021872164234
-368.1883723191683
-368.8216760839715
-369.0854721879367
-369.0854721879367
-369.8705882119943
-370.2919993563454
-370.33865230867644
-370.33865230867644
-370.91623994084057
-371.12253272679584
-370.95213699194755
-370.95213699194755
-371.3173626644945
-371.30697427036233
-370.92123913022607
-370.17030651489364
-370.17030651489364
-369.942599224314
-369.344249426111
-368.3909626844478
-368.3909626844478
-367.9371067266301
-367.1618019275097
-366.0428576975801
-366.0428576975801
-365.4181183732867
-364.4401080195777
-363.13466487546253
-361.5365819932903
-359.689009253246
-359.689009253246
-358.2026582844491
-356.44876585156493
-356.44876585156493
-355.08191358520276
-353.43056337790864
-351.5392977503479
-349.459940299677
-349.459940299677
-347.65522114360704
-345.6417389539901
-343.4751638950527
-343.4751638950527
-341.6168699808076
-339.4920096737751
-337.25540595651495
-337.25540595651495
-335.1868652358838
-332.984155457556
-330.70960085552036
-330.70960085552036
-328.6431559840993
-326.3831421145981
-324.0972589045256
-324.0972589045256
-321.86155418007576
-319.5771262504798
-319.5771262504798
-317.4717685386028
-315.19475710655036
-312.91593035404253
-312.91593035404253
-310.65472993606227
-308.36898597868515
-308.36898597868515
-306.1316182432173
-303.84688478402296
-301.58120140904543
-301.58120140904543
-299.3050701242862
-297.02549489429964
-297.02549489429964
-294.76574661090393
-292.4798057745609
-290.2344543185838
-290.2344543185838
-287.94983108152735
-285.6837486374878
-285.6837486374878
-283.40792244260615
-281.1281131504213
-281.1281131504213
-278.86882220728955
-276.58284699046766
-274.33708317776717
-274.33708317776717
-272.0525924117036
-269.786096138561
-269.786096138561
-267.51053838477117
-265.2304821426593
-265.2304821426593
-262.9717077987749
-260.6856573563103
-258.4392786487651
-258.4392786487651
-256.154913550378
-253.88801996250527
-253.88801996250527
-251.6127872844122
-249.33250256399023
-249.33250256399023
-247.07421489583186
-244.78814112337045
-242.54115858930254
-242.54115858930254
-240.25691291863075
-237.9896068397965
-237.9896068397965
-235.7146653878395
-233.43416999060304
-231.215487731759
-231.215487731759
-228.9294793594103
-226.6835892741587
-226.6835892741587
-224.39910271643106
-222.1326002022566
-222.1326002022566
-219.8570495164178
-217.57698090230224
-215.35988744366418
-215.35988744366418
-213.07399915361046
-210.82944517888893
-210.82944517888893
-208.5446721268812
-206.27915719038074
-206.27915719038074
-204.00290268009994
-201.72343321406575
-199.5083263821055
-199.5083263821055
-197.2226305800338
-194.97974307963997
-194.97974307963997
-192.6946702873384
-190.43040142731084
-190.43040142731084
-188.15328545265427
-185.87455401511187
-183.6618952854413
-183.6618952854413
-181.37644609471207
-179.13564036958195
-179.13564036958195
-176.85023099353012
-174.5875515751738
-174.5875515751738
-172.30944328398488
-170.03168247524061
-167.82211928150844
-167.82211928150844
-165.53706031985604
-163.29892712191992
-163.29892712191992
-161.01317594787122
-158.75253968690095
-156.5855196283002
-156.5855196283002
-154.31032616343492
-152.10833059655616
-152.10833059655616
-149.82443186844938
-147.5927163255157
-147.5927163255157
-145.30649264264076
-143.0508641762708
-143.0508641762708
-140.7692708705877
-138.49611159850423
-138.49611159850423
-136.22673475590494
-133.94314508454238
-131.7130204419715
-131.7130204419715
-129.4267492232922
-127.17249222933336
-127.17249222933336
-124.89035514601709
-122.61818037114641
-122.61818037114641
-120.34770904746243
-118.06457943864645
-115.83667791076239
-115.83667791076239
-113.55037084917826
-111.29805153858938
-111.29805153858938
-109.01522248701906
-106.74445171064002
-106.74445171064002
-104.47253964848092
-102.19011714748974
-99.96539967905825
-99.96539967905825
-97.67914879566563
-95.42965321033955
-95.42965321033955
-93.1459565390691
-90.87731580733465
-90.87731580733465
-88.60344793568655
-86.32216932162584
-84.10218408470641
-84.10218408470641
-81.81617492830993
-79.57100314852381
-79.57100314852381
-77.28624524729695
-75.02098762021274
-75.02098762021274
-72.74446678411451
-70.46519189386015
-68.25273167965327
-68.25273167965327
-65.96750340144655
-63.72946536970794
-63.72946536970794
-61.44361589603327
-59.18430240455064
-59.18430240455064
-56.90419096349355
-54.628862928536925
-52.42965769997504
-52.42965769997504
-50.146829168529344
-47.92218417239148
-47.92218417239148
-45.635985538862876
-43.38892085646659
-43.38892085646659
-41.104413688883895
-38.83865492013689
-36.66730999202535
-36.66730999202535
-34.3929842656152
-32.199805259529455
-32.199805259529455
-29.919086155013186
-27.70575679142726
-27.70575679142726
-25.420942985318977
-23.189127396609543
-23.189127396609543
-20.902823225544275
-18.65410891751919
-18.65410891751919
-16.369552097025235
-14.105453789467633
-11.958054682583235
-11.958054682583235
-9.704688898198814
-7.607611699194611
-7.607611699194611
-5.411939376054387
-3.5900785245261675
