61.779029846191406 452.0269775390625 0.915511429309845
63.280025482177734 454.26763916015625 1.0456247329711914
64.47761535644531 456.6841125488281 1.175737977027893
65.35155487060547 459.2355651855469 1.3058512210845947
65.8870620727539 461.8788146972656 1.4359644651412964
66.07508850097656 464.5692138671875 1.566077709197998
65.91246032714844 467.2612609863281 1.6961909532546997
65.40191650390625 469.9094543457031 1.8263041973114014
64.55209350585938 472.4690246582031 1.956417441368103
63.7253532409668 473.9857177734375 2.1833066940307617
62.57862091064453 475.277587890625 2.410195827484131
61.170677185058594 476.27838134765625 2.6370849609375
59.573692321777344 476.93682861328125 2.863974094390869
56.93742752075195 477.50579833984375 2.9940872192382812
54.24962615966797 477.7279052734375 3.1242003440856934
51.55572509765625 477.5993957519531 -3.028871774673462
48.43537139892578 477.1125793457031 -2.944775104522705
45.36693572998047 476.3653564453125 -2.8606784343719482
42.372108459472656 475.363037109375 -2.7765817642211914
39.47138214111328 474.112548828125 -2.692553758621216
39.47138214111328 474.112548828125 -2.292553663253784
37.486305236816406 471.65631103515625 -2.2084569931030273
35.714561462402344 469.0420227050781 -2.1243603229522705
34.168670654296875 466.28814697265625 -2.0402636528015137
32.859561920166016 463.4141540527344 -1.9561671018600464
31.796489715576172 460.4403381347656 -1.872070550918579
30.98696517944336 457.38775634765625 -1.7879739999771118
30.436710357666016 454.2779541015625 -1.7038774490356445
30.149616241455078 451.1329345703125 -1.6197808980941772
30.127710342407227 447.97491455078125 -1.53568434715271
30.37114906311035 444.8262023925781 -1.4515877962112427
30.865297317504883 442.1748962402344 -1.321474552154541
31.69926643371582 439.610107421875 -1.1913613080978394
32.85895919799805 437.1752014160156 -1.0612480640411377
34.32476806640625 434.9113464355469 -0.931134819984436
36.07191467285156 432.8568115234375 -0.8010215759277344
38.070858001708984 431.04632568359375 -0.6709083318710327
40.287811279296875 429.510498046875 -0.540795087814331
42.6852912902832 428.2752990722656 -0.4106818437576294
45.2227668762207 427.3616027832031 -0.28056859970092773
47.85734176635742 426.78485107421875 -0.15045535564422607
50.54447937011719 426.5548095703125 -0.020342111587524414
53.238746643066406 426.67535400390625 0.10977113246917725
55.89459991455078 427.14447021484375 0.2398843765258789
58.467140197753906 427.9541931152344 0.36999762058258057
60.91287612915039 429.0908508300781 0.5001108646392822
63.190460205078125 430.53521728515625 0.6302241086959839
65.26139068603516 432.2629089355469 0.7603373527526855
67.09065246582031 434.24468994140625 0.8904505968093872
68.64732360839844 436.4470520019531 1.0205638408660889
69.90509033203125 438.832763671875 1.1506770849227905
70.84268951416016 441.36151123046875 1.2807903289794922
71.44426727294922 443.99053955078125 1.4109035730361938
71.69965362548828 446.6753845214844 1.5410168170928955
71.60453033447266 449.37066650390625 1.6711300611495972
71.16050720214844 452.03082275390625 1.8012433052062988
70.37509155273438 454.61090087890625 1.9313565492630005
69.26155853271484 457.0672607421875 2.061469793319702
67.8395767211914 459.35650634765625 2.1917848587036133
66.68193054199219 460.63861083984375 2.4186739921569824
65.26555633544922 461.62744140625 2.6455631256103516
62.81520462036133 462.7541198730469 2.7756762504577637
60.239383697509766 463.5533447265625 2.905789375305176
57.58163833618164 464.0115966796875 3.035902500152588
54.88690185546875 464.12115478515625 -3.1171696186065674
52.20072555541992 463.8801574707031 -2.987056255340576
49.103450775146484 463.2633056640625 -2.9029595851898193
46.06893539428711 462.38848876953125 -2.8188629150390625
43.11862564086914 461.2618713378906 -2.7347662448883057
43.11862564086914 461.2618713378906 -2.334766149520874
41.03166198730469 458.8916015625 -2.250669479370117
39.15117263793945 456.3544006347656 -2.1665728092193604
37.490447998046875 453.668212890625 -2.0824761390686035
36.06122589111328 450.8520202636719 -1.9983795881271362
34.87360382080078 447.92572021484375 -1.914283037185669
33.93598175048828 444.9100036621094 -1.8301864862442017
33.25498580932617 441.8262023925781 -1.7460899353027344
32.835426330566406 438.69610595703125 -1.661993384361267
32.68027114868164 435.54180908203125 -1.5778968334197998
32.836490631103516 432.849365234375 -1.4477835893630981
33.340721130371094 430.199951171875 -1.3176703453063965
34.18444061279297 427.63836669921875 -1.1875571012496948
35.35338592529297 425.2078857421875 -1.0574438571929932
36.827796936035156 422.9496154785156 -0.9273306131362915
38.58274459838867 420.9017333984375 -0.7972173690795898
40.58856201171875 419.098876953125 -0.6671041250228882
42.81134033203125 417.5715026855469 -0.5369908809661865
45.2135009765625 416.3454284667969 -0.40687763690948486
47.754432678222656 415.44140625 -0.2767643928527832
50.39118194580078 414.87469482421875 -0.14665114879608154
53.07917404174805 414.6548767089844 -0.016537904739379883
55.77296447753906 414.7856750488281 0.11357533931732178
58.4270133972168 415.264892578125 0.24368858337402344
60.99645233154297 416.08441162109375 0.3738018274307251
63.437843322753906 417.2303771972656 0.5039150714874268
65.70991516113281 418.68341064453125 0.6340283155441284
67.77425384521484 420.4189453125 0.7641415596008301
69.59596252441406 422.40765380859375 0.8942548036575317
71.14424896240234 424.61590576171875 1.0243680477142334
72.39292907714844 427.0063781738281 1.154481291770935
73.3208999633789 429.5386657714844 1.2845945358276367
73.91246795654297 432.1699523925781 1.4147077798843384
74.15763854980469 434.8557434082031 1.54482102394104
74.05226135253906 437.5506591796875 1.6749342679977417
73.5981216430664 440.2091064453125 1.8050475120544434
72.80289459228516 442.7861633300781 1.935160756111145
71.6800308227539 445.2382507324219 2.0652740001678467
70.24850463867188 447.52392578125 2.195387363433838
69.08621978759766 448.8018798828125 2.422271251678467
66.94619750976562 450.44317626953125 2.5523853302001953
64.6113052368164 451.7929382324219 2.6824984550476074
62.12101745605469 452.828369140625 2.8126115798950195
59.51744079589844 453.53192138671875 2.9427247047424316
56.84458541870117 453.8917236328125 3.0728378295898438
54.147640228271484 453.9017028808594 -3.0802342891693115
51.00645065307617 453.5757141113281 -2.99613356590271
47.90370178222656 452.98699951171875 -2.912036895751953
44.86137008666992 452.1397399902344 -2.8279402256011963
41.90095520019531 451.0399475097656 -2.7438435554504395
41.90095520019531 451.0399475097656 -2.343843460083008
39.792564392089844 448.688720703125 -2.259746789932251
37.889122009277344 446.168701171875 -2.175650119781494
36.20408248901367 443.4977111816406 -2.0915534496307373
34.74935531616211 440.6946105957031 -2.0074567794799805
33.535221099853516 437.77923583984375 -1.9233602285385132
32.57026290893555 434.77215576171875 -1.839263677597046
31.86130142211914 431.6946716308594 -1.7551671266555786
31.413347244262695 428.5685119628906 -1.6710705757141113
31.229568481445312 425.415771484375 -1.586974024772644
31.311262130737305 422.25872802734375 -1.5028774738311768
31.660655975341797 419.18463134765625 -1.4123718738555908
32.25837326049805 416.55474853515625 -1.2822586297988892
33.192256927490234 414.0246276855469 -1.1521453857421875
34.44651794433594 411.6370544433594 -1.0220321416854858
35.99995422363281 409.4324035644531 -0.8919188976287842
37.8263053894043 407.44793701171875 -0.7618056535720825
39.89469528198242 405.71722412109375 -0.6316924095153809
42.1701545715332 404.2695007324219 -0.5015791654586792
44.61421585083008 403.1292419433594 -0.37146592140197754
47.18556213378906 402.31573486328125 -0.24135267734527588
49.84072494506836 401.8427429199219 -0.11123943328857422
52.534812927246094 401.7182312011719 0.01887381076812744
55.22228240966797 401.9443359375 0.1489870548248291
57.85770034790039 402.5172119140625 0.27910029888153076
60.396514892578125 403.42718505859375 0.4092135429382324
62.795806884765625 404.65887451171875 0.5393267869949341
65.0150146484375 406.1914367675781 0.6694400310516357
67.01661682128906 407.9989929199219 0.7995532751083374
68.76677703857422 410.05096435546875 0.9296665191650391
70.23590850830078 412.3126525878906 1.0597797632217407
71.39917755126953 414.745849609375 1.1898930072784424
72.2369155883789 417.3094177246094 1.320006251335144
72.73495483398438 419.9599914550781 1.4501194953918457
72.88488006591797 422.65277099609375 1.5802327394485474
72.68415832519531 425.3422546386719 1.710345983505249
72.13618469238281 427.98297119140625 1.8404592275619507
71.2502212524414 430.5302734375 1.9705724716186523
70.04124450683594 432.9410705566406 2.1006855964660645
68.53218078613281 435.1696472167969 2.231351137161255
67.3247299194336 436.4049377441406 2.458240270614624
65.7770004272461 437.40966796875 2.6733579635620117
63.29628372192383 438.4678039550781 2.803471088409424
60.69924545288086 439.19512939453125 2.933584213256836
58.02979278564453 439.579345703125 3.063697338104248
55.33304977416992 439.6139831542969 -3.0893747806549072
52.65460968017578 439.2984313964844 -2.959261417388916
49.5756721496582 438.59576416015625 -2.875164747238159
46.5666389465332 437.6369323730469 -2.7910680770874023
43.648780822753906 436.4287414550781 -2.7069714069366455
43.648780822753906 436.4287414550781 -2.306971311569214
41.62849807739258 434.0013732910156 -2.222874641418457
39.819244384765625 431.41290283203125 -2.1387779712677
38.23381042480469 428.6816101074219 -2.0546813011169434
36.88340377807617 425.8267822265625 -1.970584750175476
35.77756881713867 422.8686218261719 -1.8864881992340088
34.92411804199219 419.8280334472656 -1.8023916482925415
34.34933090209961 416.783203125 -1.7123581171035767
34.1431999206543 414.0941162109375 -1.582244873046875
34.2877082824707 411.4010314941406 -1.4521316289901733
34.78041458129883 408.74945068359375 -1.3220183849334717
35.61299133300781 406.1842041015625 -1.19190514087677
36.771358489990234 403.7486877441406 -1.0617918968200684
38.23593521118164 401.4840393066406 -0.9316786527633667
39.981964111328125 399.4285583496094 -0.801565408706665
41.979923248291016 397.61700439453125 -0.6714521646499634
44.19603729248047 396.0799865722656 -0.5413389205932617
46.59284591674805 394.8434753417969 -0.41122567653656006
49.129825592041016 393.92840576171875 -0.2811124324798584
51.76408767700195 393.3502197265625 -0.15099918842315674
54.45109939575195 393.11871337890625 -0.020885944366455078
57.14543151855469 393.23779296875 0.10922729969024658
59.80154037475586 393.7054443359375 0.23934054374694824
62.37451934814453 394.5137634277344 0.3694537878036499
64.82086944580078 395.64910888671875 0.49956703186035156
67.09923553466797 397.0922546386719 0.6296802759170532
69.17110443115234 398.8188171386719 0.7597935199737549
71.0014419555664 400.7995910644531 0.8899067640304565
72.55931091308594 403.0010986328125 1.0200200080871582
73.81837463378906 405.3861389160156 1.1501332521438599
74.7573471069336 407.91436767578125 1.2802464962005615
75.3603515625 410.5430603027344 1.4103597402572632
75.61719512939453 413.2277526855469 1.5404729843139648
75.5235366821289 415.923095703125 1.6705862283706665
75.08096313476562 418.58349609375 1.8006994724273682
74.29695129394531 421.16400146484375 1.9308127164840698
73.18476104736328 423.6209716796875 2.0609259605407715
71.76318359375 425.9128723144531 2.1910390853881836
70.05660247802734 428.0003967285156 2.321215867996216
68.74313354492188 429.12237548828125 2.5481014251708984
66.4140396118164 430.4821472167969 2.6782145500183105
63.9282112121582 431.5282287597656 2.8083276748657227
61.32767105102539 432.2429504394531 2.9384407997131348
58.6563835144043 432.61419677734375 3.068553924560547
55.95950698852539 432.6357116699219 -3.0845181941986084
53.282630920410156 432.3071594238281 -2.954404830932617
50.2071418762207 431.58953857421875 -2.8703081607818604
47.20280075073242 430.6161193847656 -2.7862114906311035
44.29084396362305 429.3937683105469 -2.7021148204803467
44.29084396362305 429.3937683105469 -2.302114725112915
42.282371520996094 426.9566345214844 -2.218018054962158
40.48571014404297 424.3594055175781 -2.1339213848114014
38.9135627746582 421.62042236328125 -2.0498247146606445
37.5770378112793 418.7590637207031 -1.9657281637191772
36.48558044433594 415.7955627441406 -1.88163161277771
35.646907806396484 412.7508544921875 -1.7975350618362427
35.21275329589844 410.08905029296875 -1.667421817779541
35.127628326416016 407.3934326171875 -1.5373085737228394
35.392967224121094 404.7095642089844 -1.4071953296661377
36.00428771972656 402.0827941894531 -1.277082085609436
36.951255798339844 399.55755615234375 -1.1469688415527344
38.21786117553711 397.176513671875 -1.0168555974960327
39.782691955566406 394.9799499511719 -0.886742353439331
41.619293212890625 393.0049743652344 -0.7566291093826294
43.69661331176758 391.28497314453125 -0.6265158653259277
45.97953796386719 389.84906005859375 -0.4964026212692261
48.42947006225586 388.7214660644531 -0.3662893772125244
51.0049934387207 387.9212951660156 -0.23617613315582275
53.662567138671875 387.4620361328125 -0.1060628890991211
56.35726547241211 387.3514709472656 0.024050354957580566
59.04352951049805 387.5914611816406 0.15416359901428223
61.67594909667969 388.177978515625 0.2842768430709839
64.21002197265625 389.10107421875 0.41439008712768555
66.6029052734375 390.34515380859375 0.5445033311843872
68.81414794921875 391.8891906738281 0.6746165752410889
70.80636596679688 393.7070617675781 0.8047298192977905
72.54588317871094 395.76806640625 0.9348430633544922
74.00328826904297 398.0373229980469 1.0649563074111938
75.15394592285156 400.47650146484375 1.1950695514678955
75.97840118408203 403.04437255859375 1.3251827955245972
76.46271514892578 405.697509765625 1.4552960395812988
76.59870147705078 408.39105224609375 1.5854092836380005
76.38406372070312 411.0794677734375 1.7155225276947021
75.82242584228516 413.7173156738281 1.8456357717514038
74.92328643798828 416.2599792480469 1.9757490158081055
73.70184326171875 418.66448974609375 2.1058621406555176
72.17874908447266 420.89019775390625 2.2359752655029297
70.37975311279297 422.89947509765625 2.366089344024658
68.33546447753906 424.65814208984375 2.496232509613037
66.08000183105469 426.1368408203125 2.626345634460449
63.65175247192383 427.3103942871094 2.7564587593078613
61.09176254272461 428.1589660644531 2.8865718841552734
58.44331359863281 428.668212890625 3.0166850090026855
55.75117874145508 428.82952880859375 -3.1363871097564697
53.06086730957031 428.64019775390625 -3.0062737464904785
49.952308654785156 428.0829772949219 -2.9221770763397217
46.90154266357422 427.2666320800781 -2.838080406188965
43.93013000488281 426.1968994140625 -2.753983736038208
43.93013000488281 426.1968994140625 -2.3539836406707764
41.798004150390625 423.8671569824219 -2.2698869705200195
39.86910629272461 421.3665771484375 -2.1857903003692627
38.157066345214844 418.7127990722656 -2.101693630218506
36.673988342285156 415.9245910644531 -2.017596960067749
35.430355072021484 413.02166748046875 -1.9335004091262817
34.43495559692383 410.0245361328125 -1.8494038581848145
33.69482421875 406.9543762207031 -1.7653073072433472
33.34666442871094 404.27996826171875 -1.6351940631866455
33.34844207763672 401.5830078125 -1.5050808191299438
33.70012664794922 398.9090576171875 -1.3749675750732422
34.39577102661133 396.3033447265625 -1.2448543310165405
35.423614501953125 393.8099365234375 -1.1147410869598389
36.76628494262695 391.470947265625 -0.9846278429031372
38.40108108520508 389.325927734375 -0.8545145988464355
40.30036544799805 387.4111633300781 -0.7244013547897339
42.432029724121094 385.7590026855469 -0.5942881107330322
44.76003646850586 384.39739990234375 -0.46417486667633057
47.24502944946289 383.3493347167969 -0.3340616226196289
49.845001220703125 382.632568359375 -0.20394837856292725
52.515995025634766 382.2591857910156 -0.07383513450622559
55.21285629272461 382.2355041503906 0.056278109550476074
57.889991760253906 382.56195068359375 0.18639135360717773
60.50214385986328 383.23297119140625 0.3165045976638794
63.00515365600586 384.23724365234375 0.44661784172058105
65.35670471191406 385.5577697753906 0.5767310857772827
67.51704406738281 387.1722412109375 0.7068443298339844
69.44965362548828 389.0533752441406 0.836957573890686
71.12185668945312 391.1693420410156 0.9670708179473877
72.50538635253906 393.4844055175781 1.0971840620040894
73.57685089111328 395.95941162109375 1.227297306060791
74.31813049316406 398.552490234375 1.3574105501174927
74.71670532226562 401.2198486328125 1.4875237941741943
74.76583099365234 403.9163513183594 1.617637038230896
74.46467590332031 406.596435546875 1.7477502822875977
73.8183364868164 409.2148132324219 1.8778635263442993
72.83773803710938 411.7272033691406 2.007976770401001
71.5394515991211 414.09112548828125 2.138090133666992
69.9454345703125 416.2666015625 2.2682032585144043
68.69329071044922 417.4565734863281 2.4950923919677734
66.43951416015625 418.9378356933594 2.6252055168151855
64.01260375976562 420.1141662597656 2.7553186416625977
61.453582763671875 420.9656677246094 2.8854317665100098
58.80571746826172 421.4779357910156 3.015544891357422
56.11376953125 421.642333984375 -3.1375272274017334
53.42324447631836 421.4560546875 -3.007413864135742
50.31405258178711 420.9023742675781 -2.9233171939849854
47.26235580444336 420.0895080566406 -2.8392205238342285
44.28972244262695 419.0231628417969 -2.7551238536834717
44.28972244262695 419.0231628417969 -2.35512375831604
42.15494155883789 416.69586181640625 -2.271027088165283
40.22319412231445 414.1974792480469 -2.1869304180145264
38.50813293457031 411.545654296875 -2.1028337478637695
37.02187728881836 408.7591247558594 -2.0187370777130127
35.77493667602539 405.85760498046875 -1.9346405267715454
34.776119232177734 402.8616027832031 -1.8505439758300781
34.201541900634766 400.2265625 -1.7204307317733765
33.97370910644531 397.53924560546875 -1.5903174877166748
34.096473693847656 394.8450622558594 -1.4602042436599731
34.5677604675293 392.1896057128906 -1.3300909996032715
35.379600524902344 389.61773681640625 -1.1999777555465698
36.51826858520508 387.1729431152344 -1.0698645114898682
37.964515686035156 384.89654541015625 -0.9397512674331665
39.69389343261719 382.8270263671875 -0.8096380233764648
41.67716598510742 380.9993896484375 -0.6795247793197632
43.880802154541016 379.44451904296875 -0.5494115352630615
46.641075134277344 377.9100646972656 -0.46531495451927185
49.52048110961914 376.6129150390625 -0.3812183737754822
52.083770751953125 375.7743835449219 -0.2511051297187805
54.73419189453125 375.2755126953125 -0.12099188566207886
57.426937103271484 375.1247253417969 0.009121358394622803
60.116485595703125 375.3245849609375 0.13923460245132446
62.75736618041992 375.8717346191406 0.2693478465080261
65.304931640625 376.75689697265625 0.3994610905647278
67.71611785888672 377.9651184082031 0.5295743346214294
69.95016479492188 379.4759521484375 0.6596875786781311
71.96929931640625 381.2638854980469 0.7898008227348328
73.73938751220703 383.2986755371094 0.9199140667915344
75.23050689697266 385.5459289550781 1.0500273704528809
76.41744995117188 387.9676513671875 1.1801406145095825
77.28014373779297 390.5229187011719 1.3102538585662842
77.80400848388672 393.16851806640625 1.4403671026229858
77.98019409179688 395.8597106933594 1.5704803466796875
77.80570983886719 398.551025390625 1.7005935907363892
77.28351593017578 401.19696044921875 1.8307068347930908
76.42243194580078 403.7527770996094 1.9608200788497925
75.23702239990234 406.1752624511719 2.090933322906494
73.74732208251953 408.4234619140625 2.2210464477539062
71.97852325439453 410.4593811035156 2.3511595726013184
69.96051788330078 412.24859619140625 2.4812726974487305
67.72743225097656 413.7608642578125 2.6113858222961426
65.31700897216797 414.9706115722656 2.7414989471435547
62.77000045776367 415.8573913574219 2.871612071990967
60.12946701049805 416.40618896484375 3.001725196838379
57.44004821777344 416.6077575683594 3.131838321685791
54.74720764160156 416.45867919921875 -3.0212337970733643
51.63066101074219 415.9480285644531 -2.9371371269226074
48.568023681640625 415.1773986816406 -2.8530404567718506
45.58094024658203 414.1522521972656 -2.7689437866210938
42.690521240234375 412.87982177734375 -2.684847116470337
42.690521240234375 412.87982177734375 -2.2848470211029053
40.724430084228516 410.4083557128906 -2.2007503509521484
38.97288513183594 407.7804870605469 -2.1166536808013916
37.448265075683594 405.0147705078125 -2.0325570106506348
36.161346435546875 402.1307678222656 -1.9484604597091675
35.12122344970703 399.14886474609375 -1.8643639087677002
34.51028823852539 396.5220031738281 -1.7342506647109985
34.24534225463867 393.83807373046875 -1.6041374206542969
34.33086395263672 391.1424560546875 -1.4740241765975952
34.76540756225586 388.4807434082031 -1.3439109325408936
35.541629791259766 385.89788818359375 -1.213797688484192
36.64640426635742 383.4375915527344 -1.0836844444274902
38.06105422973633 381.14141845703125 -0.9535712003707886
39.76166534423828 379.0482177734375 -0.8234579563140869
41.71949005126953 377.193359375 -0.6933447122573853
44.23112487792969 375.27886962890625 -0.6092481017112732
46.89469528198242 373.5821228027344 -0.5251514911651611
49.69137954711914 372.1150817871094 -0.44105491042137146
52.60140609741211 370.8881530761719 -0.3569583296775818
55.18428421020508 370.1120300292969 -0.22684508562088013
57.84602737426758 369.6775817871094 -0.09673184156417847
60.5416374206543 369.5921630859375 0.03338140249252319
63.22554397583008 369.8572082519531 0.16349464654922485
65.85237884521484 370.46826171875 0.2936078906059265
68.37772369384766 371.4149475097656 0.4237211346626282
70.75889587402344 372.6813049316406 0.5538343787193298
72.95563507080078 374.24591064453125 0.6839476227760315
74.93080139160156 376.0823059082031 0.8140608668327332
76.65100860595703 378.1594543457031 0.9441741108894348
78.08717346191406 380.4422302246094 1.0742874145507812
79.21501922607422 382.89202880859375 1.204400658607483
80.01547241210938 385.46746826171875 1.3345139026641846
80.47500610351562 388.125 1.4646271467208862
80.58585357666016 390.8196716308594 1.594740390777588
80.34613800048828 393.5059509277344 1.7248536348342896
79.7599105834961 396.138427734375 1.8549668788909912
78.83708190917969 398.672607421875 1.9850801229476929
77.59326171875 401.06561279296875 2.1151933670043945
76.04946899414062 403.2770080566406 2.2453064918518066
74.23180389404297 405.2694091796875 2.3754196166992188
72.17098999023438 407.0091552734375 2.505532741546631
69.90187072753906 408.466796875 2.635645866394043
67.46281433105469 409.6177062988281 2.765758991241455
64.8950424194336 410.44244384765625 2.895872116088867
62.241973876953125 410.9270324707031 3.0259852409362793
59.54845428466797 411.06329345703125 -3.127086877822876
56.860023498535156 410.84893798828125 -2.9969735145568848
53.75678253173828 410.2628479003906 -2.912876844406128
50.71373748779297 409.41815185546875 -2.828780174255371
47.75239944458008 408.3208312988281 -2.7446835041046143
44.893699645996094 406.9786376953125 -2.6605868339538574
42.10761260986328 405.3819274902344 -2.5817887783050537
42.10761260986328 405.3819274902344 -2.181788682937622
40.40620803833008 402.7213134765625 -2.0976920127868652
38.93429946899414 399.92718505859375 -2.0135953426361084
37.702293395996094 397.0193176269531 -1.9294987916946411
36.92167282104492 394.43780517578125 -1.7993855476379395
36.48259353637695 391.7768249511719 -1.6692723035812378
36.392478942871094 389.08135986328125 -1.5391590595245361
36.65285110473633 386.3970031738281 -1.4090458154678345
37.25931167602539 383.76910400390625 -1.2789325714111328
38.20160675048828 381.2420959472656 -1.1488193273544312
39.463802337646484 378.8587341308594 -1.0187060832977295
41.02456283569336 376.6592712402344 -0.8885928392410278
42.857505798339844 374.680908203125 -0.7584795951843262
45.2373046875 372.6092529296875 -0.6740922331809998
47.78533172607422 370.74346923828125 -0.5899956226348877
50.481075286865234 369.0982971191406 -0.5058990120887756
53.30548095703125 367.68536376953125 -0.42180243134498596
56.23858642578125 366.5146789550781 -0.3377058506011963
59.25966262817383 365.5945129394531 -0.2536092698574066
61.90882873535156 365.0889892578125 -0.12349602580070496
64.60118865966797 364.93145751953125 0.006617218255996704
67.29122924804688 365.1246032714844 0.13673046231269836
70.39899444580078 365.6861877441406 0.22082704305648804
73.4486083984375 366.5068359375 0.3049236238002777
75.96311950683594 367.4820556640625 0.43503278493881226
78.3298110961914 368.7752685546875 0.5651460289955139
80.50871276855469 370.3646240234375 0.6952592730522156
82.46298217773438 372.2232360839844 0.8253725171089172
84.15958404541016 374.3197021484375 0.9554857611656189
85.56983947753906 376.6185607910156 1.0855989456176758
86.6698989868164 379.0809631347656 1.2157121896743774
87.44116973876953 381.665283203125 1.345825433731079
87.87062072753906 384.3278503417969 1.4759386777877808
87.95098114013672 387.02362060546875 1.6060519218444824
87.68089294433594 389.70703125 1.736165165901184
87.06492614746094 392.33270263671875 1.8662784099578857
86.11349487304688 394.85626220703125 1.9963916540145874
84.84268188476562 397.23504638671875 2.126504898071289
83.27397155761719 399.4288330078125 2.256618022918701
81.43388366699219 401.4005432128906 2.3867311477661133
79.35352325439453 403.1168518066406 2.5168442726135254
77.06806182861328 404.5487365722656 2.6469573974609375
74.61614227294922 405.6719970703125 2.7770705223083496
72.0392074584961 406.4676208496094 2.9071836471557617
69.38082885742188 406.92218017578125 3.037296772003174
66.68594360351562 407.0279846191406 -3.1157753467559814
64.00010681152344 406.7832336425781 -2.9856619834899902
60.90369415283203 406.1620788574219 -2.9015653133392334
57.870399475097656 405.28302001953125 -2.8174686431884766
54.92166519165039 404.15228271484375 -2.7333719730377197
52.078330993652344 402.7778625488281 -2.649275302886963
49.36049270629883 401.1694641113281 -2.565178632736206
46.78736114501953 399.33843994140625 -2.481081962585449
44.37712478637695 397.2977600097656 -2.3969852924346924
42.146820068359375 395.06182861328125 -2.3128886222839355
40.11220932006836 392.6464538574219 -2.2287919521331787
38.28767395019531 390.0687255859375 -2.144695281982422
36.68610763549805 387.34686279296875 -2.060598611831665
35.31883239746094 384.5000915527344 -1.9765020608901978
34.19551086425781 381.54852294921875 -1.8924055099487305
33.51116180419922 378.9398193359375 -1.7622922658920288
33.17106628417969 376.2643737792969 -1.6321790218353271
33.180973052978516 373.5674133300781 -1.5020657777786255
33.54071807861328 370.8945617675781 -1.3719525337219238
34.24421691894531 368.29095458984375 -1.2418392896652222
35.27957534790039 365.8006286621094 -1.1117260456085205
36.62929153442383 363.4656982421875 -0.9816128015518188
38.270545959472656 361.32562255859375 -0.8514995574951172
40.44930648803711 359.0394592285156 -0.7674029469490051
42.812400817871094 356.9443664550781 -0.6833063364028931
45.3431282043457 355.05517578125 -0.599209725856781
48.023597717285156 353.3852233886719 -0.515113115310669
50.83486557006836 351.94635009765625 -0.4310165345668793
53.759071350097656 350.7474670410156 -0.3471519351005554
53.759071350097656 350.7474670410156 0.05284807085990906
56.900291442871094 351.046875 0.13720887899398804
60.007789611816406 351.6099548339844 0.2213054597377777
63.057010650634766 352.43206787109375 0.3054020404815674
66.02639770507812 353.5074157714844 0.38949862122535706
68.89496612548828 354.828369140625 0.47359520196914673
71.64244079589844 356.3856201171875 0.5576918125152588
74.24939727783203 358.16815185546875 0.6417884230613708
76.30020904541016 359.919677734375 0.7719016671180725
78.10643005371094 361.9224548339844 0.9020149111747742
79.63752746582031 364.1426696777344 1.032128095626831
80.86762237548828 366.54278564453125 1.1622413396835327
81.77591705322266 369.08221435546875 1.2923545837402344
82.34705352783203 371.718017578125 1.422467827796936
82.57137298583984 374.4056396484375 1.5525810718536377
82.4450912475586 377.0996398925781 1.6826943159103394
81.9703369140625 379.7544860839844 1.812807559967041
81.15513610839844 382.3252868652344 1.9429208040237427
80.01327514648438 384.7685852050781 2.0730340480804443
78.56405639648438 387.0430908203125 2.2031474113464355
76.83197784423828 389.1103515625 2.3332605361938477
74.84632110595703 390.9353942871094 2.4633736610412598
72.64065551757812 392.48736572265625 2.593486785888672
70.25227355957031 393.74005126953125 2.723599910736084
67.72154235839844 394.6722717285156 2.853713035583496
65.09125518798828 395.26824951171875 2.983826160430908
62.4058723449707 395.5179138183594 3.1139392852783203
59.710792541503906 395.41705322265625 -3.039132833480835
56.58560562133789 394.9622802734375 -2.955036163330078
53.509666442871094 394.24658203125 -2.8709394931793213
50.50471115112305 393.2750549316406 -2.7868428230285645
47.591983795166016 392.0545654296875 -2.7027461528778076
44.79206848144531 390.5937194824219 -2.618649482727051
42.12419128417969 388.902587890625 -2.534613609313965
42.12419128417969 388.902587890625 -2.134613513946533
40.550148010253906 386.1647033691406 -2.0505168437957764
39.21164321899414 383.3042907714844 -1.966420292854309
38.33626174926758 380.75335693359375 -1.8363070487976074
37.799259185791016 378.1103820800781 -1.7061938047409058
37.60970687866211 375.4200744628906 -1.576080560684204
37.770816802978516 372.7279357910156 -1.4459673166275024
38.27985763549805 370.0794372558594 -1.3158540725708008
39.128231048583984 367.5193786621094 -1.1857408285140991
40.30158996582031 365.0910339355469 -1.0556275844573975
41.78009796142578 362.83544921875 -0.9255143404006958
43.783836364746094 360.3944091796875 -0.8414177298545837
45.98553466796875 358.13031005859375 -0.7573211193084717
48.369632720947266 356.05914306640625 -0.6732245087623596
50.91927719116211 354.195556640625 -0.5891278982162476
53.61644744873047 352.552734375 -0.5050312876701355
53.61644744873047 352.552734375 -0.10503128170967102
56.768287658691406 352.3539733886719 -0.02093469351530075
59.92568588256836 352.420654296875 0.06316189467906952
63.06632614135742 352.7523193359375 0.14725849032402039
66.16800689697266 353.34661865234375 0.23135507106781006
69.20880889892578 354.1993408203125 0.31545165181159973
72.167236328125 355.3044738769531 0.3995482325553894
75.02238464355469 356.6542053222656 0.4836448132991791
77.75406646728516 358.2389831542969 0.5677413940429688
79.9288330078125 359.833984375 0.6978546380996704
81.8782730102539 361.6976623535156 0.8279678821563721
83.56942749023438 363.79852294921875 0.9580811262130737
84.97370910644531 366.1010437011719 1.0881943702697754
86.06737518310547 368.5663146972656 1.218307614326477
86.83193969726562 371.15264892578125 1.3484208583831787
87.25447845458984 373.8163146972656 1.4785341024398804
87.32784271240234 376.51226806640625 1.608647346496582
87.05079650878906 379.1949768066406 1.7387605905532837
86.42801666259766 381.8190612792969 1.8688738346099854
85.47003936767578 384.34014892578125 1.998987078666687
84.19305419921875 386.71563720703125 2.1291003227233887
82.61865234375 388.9053649902344 2.259213447570801
80.77345275878906 390.872314453125 2.389326572418213
78.68864440917969 392.5832214355469 2.519439697265625
76.39947509765625 394.0091552734375 2.649552822113037
73.94464874267578 395.12603759765625 2.779665946960449
71.36566162109375 395.91497802734375 2.9097790718078613
68.70610809326172 396.3626403808594 3.0398921966552734
66.01095581054688 396.4614562988281 -3.113179922103882
63.32576370239258 396.2097473144531 -2.9830665588378906
60.23097229003906 395.58056640625 -2.898969888687134
57.19997024536133 394.6936340332031 -2.814873218536377
54.254180908203125 393.55523681640625 -2.73077654838562
51.41442108154297 392.1734313964844 -2.6466798782348633
48.700767517089844 390.5579833984375 -2.5625832080841064
46.13239669799805 388.7203063964844 -2.4784865379333496
43.72746276855469 386.6733703613281 -2.3943898677825928
41.502967834472656 384.4316711425781 -2.310293197631836
39.474632263183594 382.01104736328125 -2.226196527481079
37.65679168701172 379.4285888671875 -2.1420998573303223
36.062294006347656 376.70257568359375 -2.0580031871795654
34.70241165161133 373.8522644042969 -1.9739066362380981
33.586753845214844 370.8977966308594 -1.8898100852966309
32.9091796875 368.2873229980469 -1.7596968412399292
32.57603073120117 365.61102294921875 -1.6295835971832275
32.59293746948242 362.91412353515625 -1.4994703531265259
32.959617614746094 360.2421875 -1.3693571090698242
33.66986846923828 357.64044189453125 -1.2392438650131226
34.71168518066406 355.15283203125 -1.109130620956421
36.06745529174805 352.8214111328125 -0.9790173768997192
37.71426010131836 350.68560791015625 -0.8489041328430176
39.6242561340332 348.7815246582031 -0.7187908887863159
42.08636474609375 346.8037414550781 -0.6346942782402039
44.705902099609375 345.0397644042969 -0.5505976676940918
47.464351654052734 343.5020446777344 -0.4665010869503021
47.464351654052734 343.5020446777344 -0.06650108098983765
50.62178421020508 343.4247741699219 0.01756824553012848
50.62178421020508 343.4247741699219 0.41756826639175415
53.451820373535156 344.82562255859375 0.5016987323760986
56.154449462890625 346.4594421386719 0.5857953429222107
58.710289001464844 348.31451416015625 0.6698919534683228
60.712860107421875 350.1241760253906 0.7997910976409912
62.46253204345703 352.1765441894531 0.9299043416976929
63.93112564086914 354.4385986328125 1.0600175857543945
65.09381103515625 356.8720703125 1.1901308298110962
65.93093872070312 359.4358215332031 1.3202440738677979
66.42835235595703 362.0865173339844 1.4503573179244995
66.57763671875 364.77935791015625 1.5804705619812012
66.37627410888672 367.4687805175781 1.7105838060379028
65.82767486572266 370.1093444824219 1.8406970500946045
64.94110107421875 372.65643310546875 1.9708102941513062
64.09261322021484 374.16107177734375 2.197699546813965
62.927406311035156 375.4363098144531 2.424588680267334
61.50520324707031 376.416748046875 2.651477813720703
59.850120544433594 377.0766296386719 2.8729350566864014
57.2088623046875 377.6219482421875 3.0030484199523926
54.5191764831543 377.8199768066406 3.1331615447998047
51.826534271240234 377.6673278808594 -3.0199105739593506
48.71066665649414 377.1525573730469 -2.9358139038085938
45.649051666259766 376.37786865234375 -2.851717233657837
42.663326263427734 375.3487548828125 -2.76762056350708
39.774593353271484 374.0724792480469 -2.6835238933563232
39.774593353271484 374.0724792480469 -2.2835237979888916
37.81177520751953 371.5984191894531 -2.1994271278381348
36.0637092590332 368.9682312011719 -2.115330457687378
34.542747497558594 366.20050048828125 -2.031233787536621
33.2596435546875 363.3147888183594 -1.9471372365951538
32.43361282348633 360.7474365234375 -1.8170239925384521
31.947669982910156 358.0946044921875 -1.6869107484817505
31.810028076171875 355.4011535644531 -1.5567975044250488
32.023014068603516 352.7126159667969 -1.4266842603683472
32.583030700683594 350.0744323730469 -1.2965710163116455
33.48060607910156 347.5312194824219 -1.1664577722549438
34.70056915283203 345.1259460449219 -1.0363445281982422
35.743072509765625 343.74859619140625 -0.8094552755355835
37.72667694091797 341.92132568359375 -0.6793420314788818
39.93059539794922 340.3668518066406 -0.5492287874221802
42.69114685058594 338.8329162597656 -0.4651322066783905
42.69114685058594 338.8329162597656 -0.06513220071792603
45.85508728027344 338.7588195800781 0.018295206129550934
45.85508728027344 338.7588195800781 0.4182952046394348
48.24309158325195 340.0122375488281 0.5484084486961365
50.537445068359375 341.6107177734375 0.6686115264892578
52.54054260253906 343.4165954589844 0.7987247705459595
54.29240036010742 345.46710205078125 0.9288380146026611
55.763404846191406 347.7275695800781 1.0589512586593628
56.92868423461914 350.1597900390625 1.1890645027160645
57.7685432434082 352.72265625 1.3191777467727661
58.26877975463867 355.3728332519531 1.4492909908294678
58.42094039916992 358.06549072265625 1.5794042348861694
58.222450256347656 360.755126953125 1.709517478942871
57.79146194458008 362.4278869628906 1.9364067316055298
56.995235443115234 363.9608459472656 2.1632959842681885
55.87458038330078 365.275390625 2.3901851177215576
54.48694610595703 366.3041687011719 2.6170742511749268
52.9034538269043 366.9944152832031 2.843963384628296
51.20527267456055 367.310791015625 3.070852518081665
48.50835037231445 367.32611083984375 -3.082219362258911
45.832237243652344 366.99139404296875 -2.95210599899292
42.75840759277344 366.2666931152344 -2.868009328842163
39.75631332397461 365.286376953125 -2.7839126586914062
36.847171783447266 364.0573425292969 -2.6998159885406494
36.847171783447266 364.0573425292969 -2.2998158931732178
34.84430694580078 361.6156005859375 -2.215719223022461
33.05362319946289 359.0142517089844 -2.131622552871704
31.487775802612305 356.27166748046875 -2.0475258827209473
30.1578311920166 353.4072570800781 -1.96342933177948
29.073190689086914 350.4412536621094 -1.8793327808380127
28.423004150390625 347.8238220214844 -1.749219536781311
28.11791229248047 345.1441650390625 -1.6191062927246094
28.163076400756836 342.44757080078125 -1.4889930486679077
28.557729721069336 339.7796325683594 -1.358879804611206
29.295202255249023 337.1854553222656 -1.2287665605545044
30.363025665283203 334.7088928222656 -1.0986533164978027
31.743148803710938 332.3918151855469 -0.9685400724411011
32.88792419433594 331.0726623535156 -0.743571400642395
34.987525939941406 329.37994384765625 -0.6134581565856934
37.289005279541016 327.97393798828125 -0.4833449125289917
40.14455795288086 326.62506103515625 -0.399248331785202
40.14455795288086 326.62506103515625 0.0007516741752624512
40.14455795288086 326.62506103515625 0.40075168013572693
42.99808120727539 327.97821044921875 0.4848482608795166
45.72785568237305 329.5662841796875 0.5689448714256287
48.29905700683594 331.37042236328125 0.6547468900680542
50.72101593017578 333.3971862792969 0.7388435006141663
52.952423095703125 335.6117248535156 0.8243688344955444
54.99748611450195 338.01824951171875 0.9084654450416565
56.51423263549805 340.248291015625 1.038578748703003
57.72882080078125 342.6562805175781 1.1686919927597046
58.62071228027344 345.2015075683594 1.2988052368164062
59.17483139038086 347.8409423828125 1.428918480873108
59.381813049316406 350.5299377441406 1.5590317249298096
59.238155364990234 353.22308349609375 1.6891449689865112
58.74628448486328 355.87481689453125 1.819258213043213
58.13468551635742 357.4903259277344 2.046147346496582
57.175357818603516 358.9268493652344 2.273036479949951
55.917476654052734 360.1107482910156 2.4999256134033203
54.42551803588867 360.9813537597656 2.7268147468566895
52.77595520019531 361.4940490722656 2.9537038803100586
50.09931182861328 361.8244934082031 3.0838170051574707
47.40242004394531 361.80487060546875 -3.0692551136016846
44.73063278198242 361.43548583984375 -2.9391655921936035
41.666439056396484 360.67108154296875 -2.8550689220428467
38.67728042602539 359.6519775390625 -2.77097225189209
35.78428649902344 358.3854064941406 -2.686875581741333
35.78428649902344 358.3854064941406 -2.2868754863739014
33.81318664550781 355.9179382324219 -2.2027788162231445
32.056312561035156 353.29364013671875 -2.1186821460723877
30.526084899902344 350.5310363769531 -2.034585475921631
29.233318328857422 347.649658203125 -1.9504889249801636
28.187149047851562 344.66986083984375 -1.8663923740386963
27.570884704589844 342.04425048828125 -1.7362791299819946
27.300493240356445 339.3608703613281 -1.606165885925293
27.38054656982422 336.66510009765625 -1.4760526418685913
27.809690475463867 334.00250244140625 -1.3459393978118896
28.580669403076172 331.4180908203125 -1.215826153755188
29.680450439453125 328.95556640625 -1.0857129096984863
31.09044075012207 326.6565246582031 -0.9555996656417847
32.240638732910156 325.36773681640625 -0.728710412979126
34.36516189575195 323.7064208984375 -0.5985971689224243
36.687278747558594 322.33477783203125 -0.46848392486572266
39.56256103515625 321.02850341796875 -0.384387344121933
42.53740692138672 319.9683532714844 -0.3002907633781433
45.590789794921875 319.1618347167969 -0.21619418263435364
45.590789794921875 319.1618347167969 0.18380582332611084
45.590789794921875 319.1618347167969 0.5838057994842529
48.15031433105469 321.0118103027344 0.667902410030365
50.54540252685547 323.07025146484375 0.751999020576477
52.75912094116211 325.3226013183594 0.8360956311225891
54.77582550048828 327.7529296875 0.9201922416687012
56.581260681152344 330.3440856933594 1.0042887926101685
58.16266632080078 333.0777282714844 1.0883853435516357
59.255863189697266 335.5431823730469 1.2184985876083374
60.01993179321289 338.129638671875 1.348611831665039
60.441959381103516 340.7933654785156 1.4787250757217407
60.514808654785156 343.4893493652344 1.6088383197784424
60.237247467041016 346.1719970703125 1.738951563835144
59.623573303222656 348.70391845703125 1.8782172203063965
58.917842864990234 350.28057861328125 2.1051063537597656
57.87553787231445 351.6580810546875 2.3319954872131348
56.550079345703125 352.76580810546875 2.558884620666504
55.0094108581543 353.5469970703125 2.785773754119873
53.33250427246094 353.9615783691406 3.012662887573242
50.64104080200195 354.13372802734375 -3.140409231185913
47.949989318847656 353.9552001953125 -3.010295867919922
44.83921432495117 353.4104919433594 -2.926199197769165
41.785186767578125 352.6064147949219 -2.842102527618408
38.80949401855469 351.54864501953125 -2.7580058574676514
38.80949401855469 351.54864501953125 -2.3580057621002197
36.66801452636719 349.2275085449219 -2.273909091949463
34.72907257080078 346.73468017578125 -2.189812421798706
33.00637435913086 344.0877990722656 -2.105715751647949
31.512094497680664 341.3055725097656 -2.0216190814971924
30.497310638427734 338.8067932128906 -1.8915058374404907
29.815309524536133 336.1974792480469 -1.761392593383789
29.477622985839844 333.521728515625 -1.6312793493270874
29.489957809448242 330.8247985839844 -1.5011661052703857
29.85210609436035 328.1522521972656 -1.371052861213684
30.557945251464844 325.5492858886719 -1.2409396171569824
31.595542907714844 323.0599060058594 -1.1108263731002808
32.53266906738281 321.6087951660156 -0.8839382529258728
34.37479782104492 319.63897705078125 -0.7538250088691711
36.456932067871094 317.9248352050781 -0.6237117648124695
38.743873596191406 316.4953308105469 -0.4935985207557678
41.585445404052734 315.11724853515625 -0.40950194001197815
44.53273010253906 313.98272705078125 -0.3254053592681885
47.56489562988281 313.09979248046875 -0.2413087785243988
50.6605110168457 312.47467041015625 -0.15721219778060913
50.6605110168457 312.47467041015625 0.24278780817985535
50.6605110168457 312.47467041015625 0.6427878141403198
50.6605110168457 312.47467041015625 1.042787790298462
52.135528564453125 315.26715087890625 1.1268843412399292
53.37076950073242 318.17364501953125 1.2109808921813965
54.357505798339844 321.17364501953125 1.2950774431228638
54.92146301269531 323.81097412109375 1.4251906871795654
55.138465881347656 326.49920654296875 1.555303931236267
55.00484848022461 329.19287109375 1.6854171752929688
54.614295959472656 330.87554931640625 1.9123064279556274
53.85523986816406 332.42724609375 2.139195680618286
52.7665901184082 333.7684326171875 2.3660848140716553
51.40414810180664 334.8303527832031 2.5929739475250244
49.83774948120117 335.5585632324219 2.8198630809783936
48.14768600463867 335.915771484375 3.0467522144317627
45.45191955566406 335.99609375 -3.1063196659088135
42.768516540527344 335.7259521484375 -2.9762063026428223
39.67811584472656 335.0755310058594 -2.8921096324920654
36.65327072143555 334.1678161621094 -2.8080129623413086
33.71535873413086 333.0092468261719 -2.7239162921905518
33.71535873413086 333.0092468261719 -2.32391619682312
31.65423583984375 330.616455078125 -2.2398195266723633
29.80138397216797 328.0589904785156 -2.1557228565216064
28.169898986816406 325.3549499511719 -2.0716261863708496
26.77131462097168 322.5234069824219 -1.9875296354293823
25.84228515625 319.99151611328125 -1.8574163913726807
25.24961280822754 317.3604736328125 -1.727303147315979
25.003318786621094 314.6747741699219 -1.5971899032592773
25.10756492614746 311.9798278808594 -1.4670766592025757
25.560590744018555 309.3211975097656 -1.336963415145874
26.354736328125 306.7438049316406 -1.2068501710891724
27.47657585144043 304.2912292480469 -1.0767369270324707
27.47657585144043 304.2912292480469 -0.6767369508743286
29.684537887573242 302.7425231933594 -0.546623706817627
32.44907760620117 301.2157897949219 -0.4625271260738373
35.332088470458984 299.9266662597656 -0.3784305453300476
38.313194274902344 298.8842468261719 -0.29433396458625793
41.3713264465332 298.0959167480469 -0.21023738384246826
44.48488235473633 297.5672607421875 -0.12614218890666962
44.48488235473633 297.5672607421875 0.27385783195495605
44.48488235473633 297.5672607421875 0.6738578081130981
44.48488235473633 297.5672607421875 1.0738577842712402
45.8724365234375 300.4042053222656 1.1579543352127075
47.01679229736328 303.3476867675781 1.2420508861541748
47.7197380065918 305.951416015625 1.3721641302108765
48.078914642333984 308.6243591308594 1.5022773742675781
48.00133514404297 310.3500061035156 1.7291666269302368
47.53756332397461 312.01397705078125 1.9560558795928955
46.711368560791016 313.5309753417969 2.1829450130462646
45.56510543823242 314.8232421875 2.409834146499634
44.15752410888672 315.8245544433594 2.636723279953003
44.15752410888672 315.8245544433594 3.0367233753204346
41.46269607543945 315.931884765625 -3.1163485050201416
38.77670669555664 315.6886901855469 -2.986236810684204
35.679935455322266 315.0693054199219 -2.9021401405334473
32.64613723754883 314.1919860839844 -2.8180434703826904
29.696752548217773 313.06292724609375 -2.7339468002319336
29.696752548217773 313.06292724609375 -2.333946704864502
27.611732482910156 310.6909484863281 -2.249850034713745
25.733322143554688 308.1522216796875 -2.1657533645629883
24.074798583984375 305.46466064453125 -2.0816566944122314
22.64788246154785 302.6473083496094 -1.9975601434707642
21.693504333496094 300.1248474121094 -1.8674468994140625
21.074472427368164 297.4998779296875 -1.7373336553573608
20.801252365112305 294.8168029785156 -1.6072204113006592
20.878463745117188 292.1209411621094 -1.4771071672439575
21.304800033569336 289.4578857421875 -1.3469939231872559
22.07305335998535 286.8726501464844 -1.2168806791305542
23.170236587524414 284.4089660644531 -1.0867674350738525
24.58746910095215 282.0864562988281 -0.9590295553207397
25.733253479003906 280.7937316894531 -0.7321425676345825
27.85206413269043 279.1251220703125 -0.6020293235778809
30.16946029663086 277.7455139160156 -0.4719160795211792
30.16946029663086 277.7455139160156 -0.3878194987773895
30.16946029663086 277.7455139160156 -0.30372291803359985
30.16946029663086 277.7455139160156 -0.21962633728981018
30.16946029663086 277.7455139160156 0.1803736686706543
30.16946029663086 277.7455139160156 0.5803736448287964
30.16946029663086 277.7455139160156 0.9803736209869385
30.16946029663086 277.7455139160156 1.0644701719284058
31.321300506591797 280.18414306640625 1.1945834159851074
32.147003173828125 282.7515869140625 1.324696660041809
32.632606506347656 285.40447998046875 1.4548099040985107
32.63705062866211 287.1324462890625 1.681640625
32.25285339355469 288.81658935546875 1.9085298776626587
31.499664306640625 290.3711242675781 2.1354191303253174
31.499664306640625 290.3711242675781 2.535419225692749
31.499664306640625 290.3711242675781 2.9354193210601807
28.829509735107422 290.7504577636719 3.065532684326172
26.132709503173828 290.7801208496094 -3.0875394344329834
22.98927116394043 290.4770812988281 -3.0034337043762207
19.882308959960938 289.9110412597656 -2.919337034225464
16.833871841430664 289.0860290527344 -2.835240364074707
16.833871841430664 289.0860290527344 -2.7511541843414307
16.833871841430664 289.0860290527344 -2.351154088973999
16.833871841430664 289.0860290527344 -1.951154112815857
16.833871841430664 289.0860290527344 -1.8529341220855713
16.833871841430664 289.0860290527344 -1.7228208780288696
16.59961700439453 286.3992614746094 -1.592707633972168
16.7159423828125 283.7048034667969 -1.4625943899154663
17.180879592895508 281.0482177734375 -1.3324811458587646
17.986570358276367 278.47442626953125 -1.202367901802063
19.11939239501953 276.02691650390625 -1.0722546577453613
20.111772537231445 274.613037109375 -0.8453654050827026
22.02849578857422 272.7157287597656 -0.715252161026001
24.175186157226562 271.0831298828125 -0.5851389169692993
24.175186157226562 271.0831298828125 -0.45502567291259766
24.175186157226562 271.0831298828125 -0.324912428855896
24.175186157226562 271.0831298828125 -0.24081584811210632
24.175186157226562 271.0831298828125 0.15918415784835815
24.175186157226562 271.0831298828125 0.559184193611145
24.175186157226562 271.0831298828125 0.9591841697692871
25.87824058532715 273.74267578125 1.0432807207107544
27.081491470336914 276.1563415527344 1.173393964767456
27.961406707763672 278.7057189941406 1.3035072088241577
28.503110885620117 281.34771728515625 1.4336204528808594
28.544099807739258 283.0746154785156 1.660509705543518
28.195573806762695 284.7664794921875 1.8873989582061768
27.475399017333984 286.3365783691406 2.114288091659546
27.475399017333984 286.3365783691406 2.5142881870269775
27.475399017333984 286.3365783691406 2.914288282394409
24.813854217529297 286.7722473144531 3.0444016456604004
22.118282318115234 286.85888671875 -3.108670473098755
19.434253692626953 286.5950622558594 -2.9785571098327637
19.434253692626953 286.5950622558594 -2.894460439682007
19.434253692626953 286.5950622558594 -2.81036376953125
19.434253692626953 286.5950622558594 -2.726267099380493
16.60075569152832 285.2004699707031 -2.6421704292297363
16.60075569152832 285.2004699707031 -2.2421703338623047
16.60075569152832 285.2004699707031 -2.1588449478149414
16.60075569152832 285.2004699707031 -2.0747482776641846
16.60075569152832 285.2004699707031 -1.9906517267227173
16.60075569152832 285.2004699707031 -1.90655517578125
16.60075569152832 285.2004699707031 -1.7764419317245483
16.60075569152832 285.2004699707031 -1.6463286876678467
16.5725040435791 282.503662109375 -1.516215443611145
16.894392013549805 279.82598876953125 -1.3861021995544434
17.56097984313965 277.21270751953125 -1.2559889554977417
18.560998916625977 274.7080078125 -1.12587571144104
19.47617530822754 273.2429504394531 -0.8989864587783813
20.69745445251465 272.0213317871094 -0.6720972061157227
22.912578582763672 270.4828796386719 -0.541983962059021
25.3085880279541 269.2448425292969 -0.41187071800231934
25.3085880279541 269.2448425292969 -0.32777413725852966
25.3085880279541 269.2448425292969 -0.2436807006597519
25.3085880279541 269.2448425292969 0.15631930530071259
25.3085880279541 269.2448425292969 0.5563192963600159
25.3085880279541 269.2448425292969 0.9563193321228027
27.019254684448242 271.8995056152344 1.04041588306427
28.229415893554688 274.3097229003906 1.1705291271209717
28.229415893554688 274.3097229003906 1.3006423711776733
28.229415893554688 274.3097229003906 1.430755615234375
28.275352478027344 276.0364990234375 1.6576448678970337
27.93167495727539 277.7293701171875 1.8845341205596924
27.216001510620117 279.3015441894531 2.1114232540130615
27.216001510620117 279.3015441894531 2.511423349380493
27.216001510620117 279.3015441894531 2.911423444747925
24.55571746826172 279.74481201171875 3.041536808013916
21.86040496826172 279.83917236328125 -3.1115353107452393
19.175630569458008 279.5830383300781 -2.981421947479248
19.175630569458008 279.5830383300781 -2.897325277328491
19.175630569458008 279.5830383300781 -2.8132286071777344
19.175630569458008 279.5830383300781 -2.7291319370269775
19.175630569458008 279.5830383300781 -2.6450562477111816
19.175630569458008 279.5830383300781 -2.24505615234375
17.309412002563477 277.03533935546875 -2.160959482192993
17.309412002563477 277.03533935546875 -2.0768628120422363
17.309412002563477 277.03533935546875 -1.9467495679855347
17.309412002563477 277.03533935546875 -1.816636323928833
16.82449722290039 274.38232421875 -1.6865230798721313
16.68790054321289 271.6888122558594 -1.5564098358154297
16.90192985534668 269.0003662109375 -1.426296591758728
17.462968826293945 266.3623962402344 -1.2961833477020264
18.15204429626465 264.647216796875 -1.0813817977905273
19.13147735595703 263.2243347167969 -0.8544925451278687
19.13147735595703 263.2243347167969 -0.724379301071167
19.13147735595703 263.2243347167969 -0.5942660570144653
19.13147735595703 263.2243347167969 -0.46415281295776367
19.13147735595703 263.2243347167969 -0.3730965256690979
19.13147735595703 263.2243347167969 -0.2889999449253082
19.13147735595703 263.2243347167969 -0.20970532298088074
19.13147735595703 263.2243347167969 0.19029468297958374
19.13147735595703 263.2243347167969 0.5902947187423706
19.13147735595703 263.2243347167969 0.9902946949005127
20.46087074279785 265.5708923339844 1.1204079389572144
21.47456932067871 268.0700988769531 1.250521183013916
22.15543556213379 270.6797180175781 1.3806344270706177
22.287826538085938 272.40203857421875 1.6075236797332764
22.029394149780273 274.1099853515625 1.834412932395935
22.029394149780273 274.1099853515625 2.234412908554077
22.029394149780273 274.1099853515625 2.634413003921509
22.029394149780273 274.1099853515625 3.0344130992889404
19.334821701049805 274.2235412597656 -3.1186587810516357
16.648290634155273 273.9865417480469 -2.9885454177856445
16.648290634155273 273.9865417480469 -2.9044487476348877
16.648290634155273 273.9865417480469 -2.820352077484131
16.648290634155273 273.9865417480469 -2.736255407333374
16.648290634155273 273.9865417480469 -2.3362553119659424
16.648290634155273 273.9865417480469 -2.2521586418151855
16.648290634155273 273.9865417480469 -2.1680619716644287
16.648290634155273 273.9865417480469 -2.083965301513672
16.648290634155273 273.9865417480469 -1.9538534879684448
16.648290634155273 273.9865417480469 -1.8237402439117432
16.648290634155273 273.9865417480469 -1.6936269998550415
