-390.7916330117394
-391.720708866625
-392.7028660092577
-393.6494722563933
-393.6494722563933
-393.6494722563933
-393.6494722563933
-393.4538109901399
-393.4538109901399
-393.4538109901399
-389.80630616058306
-389.80630616058306
-385.8075887007144
-381.8088978503193
-377.81023445429065
-373.81159939366665
-369.81299358758446
-365.81441799536134
-361.81587361871465
-357.8173615041296
-353.81888274538835
-349.82043848627154
-345.8220299234481
-341.82365830956724
-337.82532495656966
-333.827031239237
-329.82877859899935
-325.83056854802237
-321.8324026735994
-317.8342826428746
-313.836210207927
-309.83818721124766
-308.86257137252545
-308.86257137252545
-308.1937015387277
-308.1937015387277
-308.1937015387277
-308.1937015387277
-308.86701364959396
-309.7233118446689
-310.6842869605762
-311.6627700192106
-312.57077208173325
-312.57077208173325
-312.57077208173325
-312.57077208173325
-312.57077208173325
-312.57077208173325
-309.2762856239441
-305.9986177553686
-302.7383147477853
-299.4959437016504
-296.2720933541249
-293.0673749096078
-289.8824228918719
-286.71789601661703
-283.5744780829356
-283.5744780829356
-279.72257482449777
-275.8748870089864
-272.0315935095261
-268.19288324222896
-264.3589558641138
-260.53002252847153
-256.70630670309623
-252.88804505737141
-249.0754884248366
-245.26890284856643
-241.4685707174847
-237.6747920026167
-233.88788560326526
-230.10819081419478
-226.3360689261313
-222.5719049732554
-218.81610964289172
-215.06912136430225
-214.3510262686834
-214.3510262686834
-214.3510262686834
-213.75374659608983
-213.75374659608983
-213.75374659608983
-213.75374659608983
-213.75374659608983
-213.75374659608983
-213.75374659608983
-213.75374659608983
-213.75374659608983
-213.75374659608983
-213.75374659608983
