62.828426361083984 452.82843017578125 0.7853981852531433
65.65685272216797 455.6568603515625 0.7853981852531433
68.48528289794922 458.48529052734375 0.7853981852531433
71.31371307373047 461.313720703125 0.7853981852531433
74.14214324951172 464.14215087890625 0.7853981852531433
76.97057342529297 466.9705810546875 0.7853981852531433
79.79900360107422 469.79901123046875 0.7853981852531433
82.62743377685547 472.62744140625 0.7853981852531433
85.45586395263672 475.45587158203125 0.7853981852531433
88.28429412841797 478.2843017578125 0.7853981852531433
91.11272430419922 481.11273193359375 0.7853981852531433
93.94115447998047 483.941162109375 0.7853981852531433
96.76958465576172 486.76959228515625 0.7853981852531433
99.59801483154297 489.5980224609375 0.7853981852531433
102.42644500732422 492.42645263671875 0.7853981852531433
105.25487518310547 495.2548828125 0.7853981852531433
108.08330535888672 498.08331298828125 0.7853981852531433
108.08330535888672 498.08331298828125 0.38539817929267883
111.78990173339844 499.5870361328125 0.38539817929267883
115.49649810791016 501.09075927734375 0.38539817929267883
119.20309448242188 502.594482421875 0.38539817929267883
122.9096908569336 504.09820556640625 0.38539817929267883
126.61628723144531 505.6019287109375 0.38539817929267883
126.61628723144531 505.6019287109375 -0.014601826667785645
126.61628723144531 505.6019287109375 -0.4146018326282501
130.2773895263672 503.9906311035156 -0.4146018326282501
133.93849182128906 502.37933349609375 -0.4146018326282501
137.59959411621094 500.7680358886719 -0.4146018326282501
137.59959411621094 500.7680358886719 -0.8146018385887146
140.34422302246094 497.85821533203125 -0.8146018385887146
143.08885192871094 494.9483947753906 -0.8146018385887146
145.83348083496094 492.03857421875 -0.8146018385887146
145.83348083496094 492.03857421875 -1.2146018743515015
147.2283172607422 488.2896423339844 -1.2146018743515015
148.62315368652344 484.54071044921875 -1.2146018743515015
150.0179901123047 480.7917785644531 -1.2146018743515015
150.0179901123047 480.7917785644531 -1.6146018505096436
149.8428192138672 476.7956237792969 -1.6146018505096436
149.6676483154297 472.7994689941406 -1.6146018505096436
149.4924774169922 468.8033142089844 -1.6146018505096436
149.3173065185547 464.8071594238281 -1.6146018505096436
149.1421356201172 460.8110046386719 -1.6146018505096436
148.9669647216797 456.8148498535156 -1.6146018505096436
148.7917938232422 452.8186950683594 -1.6146018505096436
148.6166229248047 448.8225402832031 -1.6146018505096436
148.4414520263672 444.8263854980469 -1.6146018505096436
148.2662811279297 440.8302307128906 -1.6146018505096436
148.0911102294922 436.8340759277344 -1.6146018505096436
147.9159393310547 432.8379211425781 -1.6146018505096436
147.7407684326172 428.8417663574219 -1.6146018505096436
147.5655975341797 424.8456115722656 -1.6146018505096436
147.3904266357422 420.8494567871094 -1.6146018505096436
147.2152557373047 416.8533020019531 -1.6146018505096436
147.0400848388672 412.8571472167969 -1.6146018505096436
146.8649139404297 408.8609924316406 -1.6146018505096436
146.6897430419922 404.8648376464844 -1.6146018505096436
146.5145721435547 400.8686828613281 -1.6146018505096436
146.3394012451172 396.8725280761719 -1.6146018505096436
146.1642303466797 392.8763732910156 -1.6146018505096436
145.9890594482422 388.8802185058594 -1.6146018505096436
145.8138885498047 384.8840637207031 -1.6146018505096436
145.6387176513672 380.8879089355469 -1.6146018505096436
145.4635467529297 376.8917541503906 -1.6146018505096436
145.2883758544922 372.8955993652344 -1.6146018505096436
145.1132049560547 368.8994445800781 -1.6146018505096436
144.9380340576172 364.9032897949219 -1.6146018505096436
144.7628631591797 360.9071350097656 -1.6146018505096436
144.5876922607422 356.9109802246094 -1.6146018505096436
144.4125213623047 352.9148254394531 -1.6146018505096436
144.2373504638672 348.9186706542969 -1.6146018505096436
144.0621795654297 344.9225158691406 -1.6146018505096436
143.8870086669922 340.9263610839844 -1.6146018505096436
143.7118377685547 336.9302062988281 -1.6146018505096436
143.5366668701172 332.9340515136719 -1.6146018505096436
143.3614959716797 328.9378967285156 -1.6146018505096436
143.1863250732422 324.9417419433594 -1.6146018505096436
143.0111541748047 320.9455871582031 -1.6146018505096436
142.8359832763672 316.9494323730469 -1.6146018505096436
142.6608123779297 312.9532775878906 -1.6146018505096436
142.4856414794922 308.9571228027344 -1.6146018505096436
142.3104705810547 304.9609680175781 -1.6146018505096436
142.1352996826172 300.9648132324219 -1.6146018505096436
141.9601287841797 296.9686584472656 -1.6146018505096436
141.7849578857422 292.9725036621094 -1.6146018505096436
141.6097869873047 288.9763488769531 -1.6146018505096436
141.4346160888672 284.9801940917969 -1.6146018505096436
141.2594451904297 280.9840393066406 -1.6146018505096436
141.0842742919922 276.9878845214844 -1.6146018505096436
140.9091033935547 272.9917297363281 -1.6146018505096436
140.7339324951172 268.9955749511719 -1.6146018505096436
140.5587615966797 264.9994201660156 -1.6146018505096436
140.3835906982422 261.0032653808594 -1.6146018505096436
140.2084197998047 257.0071105957031 -1.6146018505096436
140.0332489013672 253.0109405517578 -1.6146018505096436
139.8580780029297 249.0147705078125 -1.6146018505096436
139.6829071044922 245.0186004638672 -1.6146018505096436
139.5077362060547 241.02243041992188 -1.6146018505096436
139.3325653076172 237.02626037597656 -1.6146018505096436
139.1573944091797 233.03009033203125 -1.6146018505096436
138.9822235107422 229.03392028808594 -1.6146018505096436
138.9822235107422 229.03392028808594 -2.014601945877075
137.26470947265625 225.42141723632812 -2.014601945877075
135.5471954345703 221.8089141845703 -2.014601945877075
133.82968139648438 218.1964111328125 -2.014601945877075
132.11216735839844 214.5839080810547 -2.014601945877075
130.3946533203125 210.97140502929688 -2.014601945877075
128.67713928222656 207.35890197753906 -2.014601945877075
126.9596176147461 203.74639892578125 -2.014601945877075
125.24209594726562 200.13389587402344 -2.014601945877075
123.52457427978516 196.52139282226562 -2.014601945877075
121.80705261230469 192.9088897705078 -2.014601945877075
120.08953094482422 189.29638671875 -2.014601945877075
118.37200927734375 185.6838836669922 -2.014601945877075
116.65448760986328 182.07138061523438 -2.014601945877075
114.93696594238281 178.45887756347656 -2.014601945877075
113.21944427490234 174.84637451171875 -2.014601945877075
111.50192260742188 171.23387145996094 -2.014601945877075
109.7844009399414 167.62136840820312 -2.014601945877075
108.06687927246094 164.0088653564453 -2.014601945877075
106.34935760498047 160.3963623046875 -2.014601945877075
106.34935760498047 160.3963623046875 -2.014601945877075
106.34935760498047 160.3963623046875 -2.014601945877075
106.34935760498047 160.3963623046875 -2.014601945877075
106.34935760498047 160.3963623046875 -2.014601945877075
106.34935760498047 160.3963623046875 -2.014601945877075
106.34935760498047 160.3963623046875 -2.014601945877075
106.34935760498047 160.3963623046875 -2.014601945877075
106.34935760498047 160.3963623046875 -2.014601945877075
106.34935760498047 160.3963623046875 -2.014601945877075
106.34935760498047 160.3963623046875 -2.014601945877075
