-392.83861260070745
-395.6972973447963
-398.57562242630917
-401.47316538979356
-404.3895131339564
-407.324261745324
-410.2770163548833
-413.2473909909103
-416.23500842860443
-419.2395000371072
-422.2605056244355
-425.29767328082255
-428.3506592209188
-431.41912762526795
-434.50275048143925
-437.6012074251642
-440.7141855817944
-443.8413794083695
-446.9824905365546
-450.1372276166848
-453.3053061631269
-456.4864484011485
-459.6803831154639
-462.8868455006061
-466.1055758558366
-469.33632403122084
-472.57884245426635
-475.8328905033011
-479.0982332497959
-479.0982332497959
-481.2263160112941
-483.3781307706935
-485.55336201058174
-485.55336201058174
-486.2792120408789
-487.03683305726634
-487.8260770334437
-488.6467907407778
-489.4988158889846
-490.3819892698028
-491.2961429033758
-491.2961429033758
-490.6531647491835
-490.04199434510207
-489.46275084192195
-488.915547716002
-488.4004926613155
-487.91768748619245
-487.4672280149841
-487.04920399486514
-486.6636990079819
-486.310790389142
-486.310790389142
-484.4616003319785
-482.6384767870669
-480.84168760837673
-479.07155822049504
-477.32838521982353
-475.61246500099753
-473.9240935836621
-472.26356643390994
-470.63117828047274
-469.0272229257764
-467.45199305198764
-465.90578002220025
-464.388873676926
-462.9015621260774
-461.44413153664794
-460.0168659163156
-458.6200468932181
-457.25395349216535
-455.9188619075798
-454.615045273471
-453.3427734307751
-452.10231269240796
-450.8939256064006
-450.8939256064006
-448.319298863526
-445.76569566991066
-443.23347939493226
-443.23347939493226
-443.23347939493226
-439.24938337504835
-435.265579025108
-431.2820744276822
-427.29887796612223
-427.29887796612223
-423.48869671619167
-419.6820480689757
-415.879029028973
-412.07974008741627
-408.28428537559915
-404.49277282608483
-400.70531434225524
-396.92202597668523
-393.1430281188604
-389.36844569278804
-385.59840836508664
-381.83305076417685
-378.0725127112373
-374.31693946363
-370.56648197154703
-366.82129714867807
-363.0815481577501
-359.3474047118447
-355.6190433924594
-351.89664798533875
-348.18040983516977
-344.47052822030514
-340.76721074875326
-337.07067377675304
-333.38114285133645
-329.6988531783695
-326.0240501176574
-326.0240501176574
-326.0240501176574
-326.0240501176574
-326.0240501176574
-326.0240501176574
-326.0240501176574
-326.0240501176574
-330.01521799024243
-334.0065970151076
-337.9981797118388
-341.9899589488839
-345.9819279234695
-349.97408014288885
-353.9664094070514
-357.958909792197
-361.9515756356849
-365.9444015217754
-369.9373822683301
-373.93051291436166
-377.9237887083709
-381.91720509741367
-385.9107577168448
-389.90444238069074
-393.8982550726067
-397.89219193737637
-401.8862492729185
-405.88042352276324
-409.8747112689677
-413.8691092254415
-417.86361423165334
-421.85822324669493
-425.85293334367844
-425.85293334367844
-429.4562362079467
-433.06650390884676
-433.06650390884676
-435.7373277533728
-438.4283690581415
-441.1392715076436
-443.8696644705525
-446.619190483012
-449.387498355033
-452.1742431270079
-454.979086021285
-457.80169438921814
-460.6417416540842
-463.49890725024454
-463.49890725024454
-465.06614955725496
-466.6624154939675
-468.2874082592129
-469.9408298524509
-471.62238127500143
-473.3317627261121
-475.0686737937235
-476.8328136398114
-478.6238811802061
-480.4415752588051
-482.2855948161143
-484.15563905206903
-484.15563905206903
-484.15563905206903
-484.15563905206903
-484.15563905206903
-484.15563905206903
-484.15563905206903
-480.38521695921645
-476.6185379350772
-472.85569142939266
-469.0967696694878
-465.3418677648822
-461.5910838164564
-457.844519030395
-454.1022778371386
-450.36446801558736
-446.6312008228146
-442.9025911295584
-439.1787575617762
-435.4598226485598
-431.74591297672526
-428.03715935240723
-424.33369697000404
-420.63566558883895
-416.9432097179195
-413.25647880919854
-409.575627459759
-405.9008156233665
-402.23220883185644
-398.56997842684456
-394.91430180227405
-391.26536265833835
-387.6233512673425
-383.9884724377303
-380.360922632299
-376.7409135594676
-373.1286646946961
-369.5244036154689
-365.92836635219356
-362.34079775578505
-358.7619518827331
-355.1920923984859
-351.6314930000111
-348.0804378584287
-344.53922208263936
-341.0081522049017
-337.487546689339
-333.9777364643823
-330.4790654801788
-326.99189129201426
-323.51658567081364
-323.51658567081364
-323.51658567081364
-323.51658567081364
-323.51658567081364
-323.51658567081364
-323.51658567081364
-323.51658567081364
-327.45315854804755
-331.39125079183884
-335.3308088723148
-339.27178172644597
-343.2141206186136
-347.1577790104582
-351.10271243930146
-355.0488784044956
-358.9962362611071
-362.94474712039255
-366.89437375656985
-370.8450805194269
-374.79683325234987
-378.749599215384
-382.7033470129744
-386.6580465260577
-390.6136688482057
-394.5701862255424
-398.52757200017857
-402.48580055692724
-406.44484727308145
-410.40468847105194
-414.36530137367765
-418.3266640620354
-418.3266640620354
-421.765642396749
-425.2144357895943
-428.6728073459209
-430.51512773669094
-433.592257767818
-436.6843444990765
-439.7910724575043
-442.91213354839925
-446.04722689846176
-449.1960586999402
-452.3583420559987
-455.5337968275058
-458.72214948142
-461.92313294093066
-465.13648643749144
-468.3619553648697
-471.5992911353168
-474.84825103795197
-478.10859809943804
-481.3801009470143
-484.6625336739419
-487.95567570740644
-491.2593116789115
-494.5732312971899
-497.8972292236512
-501.2311049503751
-504.57466268065656
-507.9277112120999
-511.29006382225526
-514.661538156786
-518.0419561201501
-521.4311437687757
-524.8289312067078
-528.2351524836987
-531.6496454957128
-535.072251887815
-538.5028169594076
-541.9411895717805
-545.3872220579387
-548.8407701346665
-552.3016928167899
-555.7698523335979
-559.2451140473793
-562.7273463740347
-566.2164207057217
-569.7122113354905
-573.2145953838664
-576.72345272734
-580.2386659287182
-583.7601201692972
-587.2877031828145
-590.821305191137
-594.3608188416451
-597.9061391462734
-601.4571404215103
-605.0137682942036
-608.5759014580052
-612.1434438051548
-615.7163013110707
-619.2943819824908
-622.8775958069971
-626.4658547038888
-630.0590724763691
-633.6571647650097
-637.2600490024606
-640.8676443693703
-644.4798717514865
-648.0966536979024
-651.7179143804202
-655.3435795540001
-658.9735975807873
-662.6078763166355
-666.246346036869
-669.8889384520975
-673.5355866736649
-677.1862251800158
-680.8407897839561
-684.4992176007833
-688.1614470172598
-691.8274176614096
-695.4970703731119
-699.1703471754714
-702.8471912469441
-706.5275468941948
-710.2113595256696
-710.2113595256696
-710.2113595256696
-710.2113595256696
-710.2113595256696
-710.2113595256696
-710.2113595256696
-706.4448137507261
-702.6808484005528
-698.9195051650568
-695.1608266070804
-691.404856184519
-687.6516382730837
-683.9012181897331
-680.1536422167937
-676.4089576267927
-672.6672127080245
-668.928456790878
-665.1927402749469
-661.4601146569496
-657.7306325594858
-654.0043477606569
-650.2813152245784
-646.5615911328149
-642.8452329167663
-639.1322992910391
-635.4228502878328
-631.7169472923782
-628.0146530794593
-624.3160318510573
-620.6211492751529
-616.9300725257258
-613.2428703239912
-609.5596129809144
-609.5596129809144
-605.5596272218282
-601.5596415619872
-597.5596560033841
-593.5596705480657
-589.5596851981343
-585.5596999557496
-581.5597148231308
-577.5597298025583
-573.5597448963764
-569.5597601069953
-565.5597754368932
-561.559790888619
-557.5598064647946
-553.5598221681179
-549.5598380013652
-545.5598539673941
-541.5598700691472
-537.559886309654
-533.5599026920349
-529.5599192195053
-525.5599358953777
-521.5599527230665
-517.5599697060917
-513.559986848083
-509.5600041527838
-505.56002162405633
-501.5600392658858
-497.56005708238564
-493.5600750778026
-493.5600750778026
-489.8745920757421
-486.19408084421207
-482.5186551528621
-478.8484321046797
-475.1835322522218
-471.524079718408
-467.8702023220647
-464.22203170841954
-460.5797034847507
-456.9433573614063
-453.3131372984151
-449.6891916579212
-446.07167336268094
-442.4607400608725
-438.856554297475
-435.25928369248504
-431.66910112624765
-428.0861849321875
-424.51071909723595
-420.94289347026
-417.3829039788068
-413.8309528544886
-410.28724886734057
-406.7520075694932
-403.2254515485102
-399.70781069074917
-396.19932245511046
-392.7002321575457
-389.2107932667039
-385.7312677110951
-382.26192619815674
-378.80304854560825
-375.3549240254786
-371.9178517211887
-368.4921408980663
-365.0781113876611
-361.676093986218
-358.28643086764896
-354.90947601132683
-351.5455956449966
-348.1951687030727
-344.85858730055133
-341.53625722272545
-338.2285984308368
-334.93604558374096
-331.6590485755881
-328.3980730894438
-325.1536011666794
-325.1536011666794
-325.1536011666794
-325.1536011666794
-325.1536011666794
-325.1536011666794
-325.1536011666794
-325.1536011666794
-325.1536011666794
-328.25669968246416
-331.3790238913039
-334.52003545056857
-337.67921288482114
-340.8560510906936
-344.0500608483263
-347.2607683403051
-350.48771467888486
-353.73045544216603
-356.9885602197687
-360.26161216845054
-363.54920757801847
-366.85095544780256
-370.166477073887
-373.49540564722594
-376.8373858627161
-380.1920735392464
-383.55913525069934
-386.93824796784213
-390.32909871100907
-393.7313842134514
-397.1448105952018
-400.5690930472837
-404.0039555260746
-407.4491304576216
-410.9043584516911
-414.3693880253296
-417.8439753357022
-421.3278839219713
-424.8208844559736
-428.32275450145266
-431.83327828160037
-435.3522464546645
-438.87945589737757
-442.41470949596584
-445.9578159444994
-449.50858955034715
-453.06685004650626
-456.632422410576
-460.20513669015526
-463.7848278344438
-467.3713355318352
-470.96450405329307
-474.5641821013083
-478.1702226642407
-481.78248287585325
-481.78248287585325
-481.78248287585325
-481.78248287585325
-481.78248287585325
-481.78248287585325
-481.78248287585325
-481.78248287585325
-481.78248287585325
-478.2771021426645
-474.77954040863466
-471.2899717540898
-467.8085750496606
-464.3355341051381
-460.8710378230559
-457.4152803571215
-453.96846127562026
-450.5307857299114
-447.1024646281377
-443.6837148142646
-440.27475925256374
-436.87582721765125
-433.48715449018545
-430.10898355832506
-426.7415638250391
-423.38515182135416
-420.04001142561293
-416.7064140888087
-413.3846390660461
-410.0749736541641
-406.7777134355426
-403.49316252809064
-400.2216338413988
-396.96344933900906
-393.71894030673207
-390.4884476269111
-387.27232205849737
-384.07092452276686
-380.88462639446607
-377.71380979813
-374.5588679092655
-374.5588679092655
-374.5588679092655
-374.5588679092655
-374.5588679092655
-374.5588679092655
-374.5588679092655
-374.5588679092655
-378.35323574107827
-382.1517977178387
-385.95443000329254
-389.7610134637835
-393.5714334532213
-397.3855796093887
-401.2033456609189
-405.0246292443193
-408.84933173045613
-412.6773580599514
-416.508616586981
-420.3430189309902
-424.18047983587763
-428.0209170362245
-431.8642511301722
-435.7104054585762
-439.5593059900881
-443.4108812118366
-443.4108812118366
-446.5479991520087
-449.6988118327793
-452.8630334091211
-456.0403847695445
-459.2305933847874
-462.4333931582795
-465.64852427851855
-468.875733073477
-472.11477186714365
-475.36539883828937
-478.62737788153424
-481.9004784707795
-485.1844755250581
-488.4791492768462
-491.7842851428697
-495.0996735974298
-498.42511004826576
-501.760394714964
-505.1053325099164
-508.4597329218276
-511.8234099017605
-515.19618175171
-518.5778710156872
-521.9683043732929
-521.9683043732929
-521.9683043732929
-521.9683043732929
-521.9683043732929
-521.9683043732929
-521.9683043732929
-521.9683043732929
-518.0617247812492
-514.1565814998866
-510.2529075069646
-506.3507367845998
-502.45010435727625
-498.5510463315699
-494.6535999376768
-490.7578035728397
-486.86369684677373
-482.9713206291976
-479.08071709958205
-475.191929799237
-471.3050036858625
-467.41998519069915
-463.53692227842066
-459.65586450992055
-455.7768631081539
-451.89997102720645
-448.0252430247717
-444.1527357382325
-440.2825077645502
-436.4146197441842
-432.54913444927297
-428.6861168763274
-424.82563434370087
-420.9677565941198
-417.1125559025753
-413.2601071898987
-409.410488142364
-405.56377933768397
-401.7200643777917
-397.87943002882577
-394.0419663687664
-390.20776694320097
-386.37692892972984
-382.5495533115602
-378.7257450608733
-374.9056133325928
-371.08927166922547
-367.27683821749434
-363.46843595753603
-359.6641929454891
-355.86424257036174
-352.06872382612903
-348.27778160008376
-344.4915669785355
-340.71023757103717
-336.9339578544036
-333.1628995378809
-329.3972419509275
-325.6371724551763
-321.8828868822654
-318.1345899993506
-314.3924960042514
-310.65682905232615
-306.927823817333
-303.2057260887005
-299.49078353439546
-295.7832761169206
-292.08348696599273
-288.3917131356418
-288.3917131356418
-288.3917131356418
-286.95822564177377
-285.5735740915276
-284.2384721903641
-282.9536213314556
-281.719709061731
-280.5374075249808
-279.4073718884616
-278.33023875994184
-277.30662460259504
-276.33712415557216
-275.4223088684517
-274.56272535807676
-274.56272535807676
-274.56272535807676
-274.56272535807676
-274.56272535807676
-274.56272535807676
-274.56272535807676
-274.56272535807676
-277.82859023942854
-277.82859023942854
-277.82859023942854
-278.4916200711515
-278.4916200711515
-277.6211385842364
-276.80572746029543
-276.04587471632556
-275.3420403208373
-274.69465487199477
-274.1041183373744
-273.57079886354245
-273.09503166338743
-272.6771179888015
-272.31732419586035
-272.31732419586035
-272.31732419586035
-269.2393516212359
-266.1858967532035
-263.15781303971215
-260.15597503307583
-257.18131373754443
-254.2347830941328
-251.31737254488573
-248.4301079974036
-245.57405275218102
-242.75030838178753
-239.9600155496068
-237.20435475444953
-234.48454698588256
-231.8018542735735
-229.15758011235863
-226.5530697431172
-226.5530697431172
-222.99122793838396
-219.44449493976742
-215.91360499965765
-214.81986507484837
-210.91136785175587
-207.00636655642987
-203.10506283242924
-199.20767392073216
-195.314434175066
-191.4255967545023
-187.54143551754677
-183.66224714573403
-179.78835352917866
-175.92010445176206
-172.0578806198034
-172.0578806198034
-168.09445363310482
-168.09445363310482
-168.09445363310482
-168.09445363310482
-168.09445363310482
-168.09445363310482
-168.09445363310482
-168.09445363310482
-172.01289906852443
-175.93501506409677
-179.86056149458884
-183.78931854869268
-187.7210846440434
-191.6556745916453
-195.59291797588273
-199.53265772139
-203.47474882230864
-207.4190572130272
-211.36545876249446
-215.31383837672317
-219.26408919623574
-223.21611187701308
-227.1698139450461
-231.1251092159
-235.0819172718221
-239.04016298988157
-242.99977611545594
-246.9606908760856
-246.9606908760856
-246.9606908760856
-250.12970897688018
-253.32224504823785
-256.53742106806874
-259.77439640731944
-263.03236625532253
-266.31056009012593
-269.6082401962418
-272.92470023152487
-276.2592638442672
-279.6112833410709
-282.98013840561356
-286.3652348680531
-289.7660035245089
-293.1818990058076
-296.6123986944796
-300.0570016888286
-303.5152278127769
-306.9866166700912
-310.47072674152804
-313.9671345233941
-317.4754337059877
-320.99523439037904
-324.5261623419893
-328.06785827944105
-331.61997719717533
-335.1821877203593
-338.7541714906441
-342.3356225813707
-345.9262469408647
-349.52576186250553
-353.1338954803025
-356.7503862887564
-360.3749826858352
-364.0074425379385
-367.64753276577363
-371.2950289501141
-374.94971495645507
-378.6113825776283
-382.27983119347925
-385.9548674467549
-389.6363049343897
-393.3239639134168
-397.0176710207699
-400.7172590062789
-404.42256647819437
-408.1334376606128
-411.8497221622039
-415.57127475567313
-419.2979551674218
-423.0296278768932
-426.7661619251223
-430.5074307320282
-434.25331192201617
-438.0036871574749
-441.75844197977904
-445.51746565742616
-449.28065104095623
-453.0478944243207
-456.8190954123863
-460.5941567942723
-464.37298442224005
-468.15548709586295
-471.94157645122436
-475.73116685489975
-479.5241753024945
-483.32052132152006
-487.1201268784013
-487.1201268784013
-490.14335040177247
-493.18048381395766
-493.18048381395766
-494.9865778608702
-496.81831172428963
-496.81831172428963
-497.1509826357291
-497.5155918269134
-497.91206913491465
-498.3403384973519
-498.8003180243712
-499.2919200757084
-499.8150513426707
-500.3696129348591
-500.95550047144917
-501.57260417683773
-502.2208089804569
-502.8999946205504
-502.8999946205504
-502.02090981945054
-501.1722091149879
-500.35404711973143
-499.56657387743695
-498.80993473349747
-498.0842702080446
-497.3897158719446
-496.72640222592975
-496.09445458310415
-495.493992955059
-494.9251319418297
-494.387980625921
-493.8826424706213
-493.40921522282105
-492.96779082054206
-492.55845530537823
-492.18128874003725
-491.83636513116494
-491.5237523576234
-491.2435121043829
-491.2435121043829
-489.4590835476129
-487.700933837874
-485.9693481916784
-484.2646115645869
-482.5870084888329
-480.9368229061346
-480.9368229061346
-478.0160250104945
-475.11094795385424
-475.11094795385424
-471.3705901953025
-467.63453054309645
-463.90287284214276
-460.1757241813837
-456.4531950159461
-452.7353992945618
-449.0224851067879
-445.3145432755482
-441.61169905031954
-437.9140817416986
-434.2218248791804
-430.53506637590084
-430.53506637590084
-426.53507812194005
-422.5350898692052
-418.53510161773147
-414.5351133675553
-410.5351251187147
-406.53513687124894
-402.5351486251992
-398.535160380608
-394.53517213751974
-390.5351838959806
-386.53519565603864
-382.535207417744
-378.53521918114893
-374.53523094630776
-370.53524271327746
-366.5352544821171
-362.53526625288885
-358.53527802565714
-354.5352898004897
-350.53530157745706
-346.53531335663325
-342.53532513809563
-338.53533692192525
-334.535348708207
-330.5353604970299
-326.5353722884873
-322.5353840826773
-318.5353958797028
-314.53540767967195
-310.53541948269856
-306.53543128890226
-302.53544309840913
-298.5354549113519
-294.5354667278706
-290.53547854811285
-286.5354903722347
-282.5355022004008
-278.53551403278544
-274.53552586957306
-270.5355377109589
-266.53554955715003
-262.53556140836605
-258.53557326484025
-254.53558512682042
-250.53559699457034
-246.53560886837087
-242.53562074852132
-238.53563263534122
-234.53564452917172
-230.5356564303778
-226.5356683393501
-222.53568025650748
-218.53569218229933
-214.53570411720864
-210.53571606175507
-206.53572801649855
-202.53573998204325
-198.53575195904202
-194.5357486973616
-190.5357454486159
-186.53574221363698
-182.53573899332986
-178.5357357886807
-174.53573260076607
-170.5357294307635
-166.53572627996365
-162.5357231497843
-158.53572004178625
-154.53571695769193
-150.53571389940683
-146.53571086904452
-142.53570786895577
-138.5357049017629
-134.53570197040008
-130.53569907816114
-126.53569622875641
-122.53569342638063
-118.53569067579483
-114.53568798242507
-110.53568535248286
-106.5356827931126
-102.53568031257346
-98.5356779204658
-94.53567562801477
-90.53567344842929
-86.5356713973606
-82.53566949349394
-78.53566775932137
-74.53566622216306
-70.53566491553642
-66.53566388101886
-62.53566317082555
-58.53566285144403
-54.53566300886833
-50.535663756318876
-46.53566524594378
-42.53566768712237
-38.53567137616807
-34.53567674667284
-30.535684459420366
-26.535695573620092
-22.535711900500115
-18.535736814726064
