62.421974182128906 452.5430908203125 0.8341759443283081
64.71707153320312 455.20123291015625 0.8829537034034729
66.87982940673828 457.9681396484375 0.9317314624786377
68.90510559082031 460.8371887207031 0.9805092215538025
70.78807830810547 463.80157470703125 1.0292869806289673
72.52427673339844 466.854248046875 1.0780647993087769
74.10956573486328 469.9879455566406 1.1268426179885864
75.54017639160156 473.1952209472656 1.175620436668396
76.81269836425781 476.46844482421875 1.2243982553482056
77.92411041259766 479.7998046875 1.2731760740280151
78.87177276611328 483.181396484375 1.3219538927078247
79.65342712402344 486.60516357421875 1.3707317113876343
80.2672119140625 490.06298828125 1.4195095300674438
80.711669921875 493.546630859375 1.4682873487472534
80.9857406616211 497.04779052734375 1.517065167427063
81.08877563476562 500.55816650390625 1.5658429861068726
81.08877563476562 500.55816650390625 1.1658430099487305
82.39324188232422 503.81878662109375 1.21462082862854
83.53717041015625 507.1391296386719 1.2633986473083496
83.53717041015625 507.1391296386719 0.8633986711502075
85.75361633300781 509.86322021484375 0.9121764302253723
87.83460998535156 512.692138671875 0.9609541893005371
89.77519226074219 515.619140625 1.0097320079803467
91.57073974609375 518.6372680664062 1.0585111379623413
91.57073974609375 518.6372680664062 0.6585111618041992
94.29505920410156 520.8533935546875 0.707288920879364
96.9080810546875 523.1997680664062 0.7560666799545288
97.45783233642578 523.908447265625 1.0660136938095093
97.45783233642578 523.908447265625 0.6660137176513672
98.069091796875 524.5648193359375 0.9759607315063477
98.069091796875 524.5648193359375 0.5759607553482056
98.81570434570312 525.2274169921875 0.8757619857788086
98.81570434570312 525.2274169921875 0.4757619798183441
101.89740753173828 526.9115600585938 0.5245397686958313
102.59510803222656 527.4752197265625 0.8344868421554565
102.59510803222656 527.4752197265625 0.43448683619499207
103.3406753540039 527.9738159179688 0.7444338798522949
103.89862823486328 528.6760864257812 1.0543808937072754
103.89862823486328 528.6760864257812 0.6543809175491333
104.5174789428711 529.3253173828125 0.9643279314041138
104.5174789428711 529.3253173828125 0.5643279552459717
105.19220733642578 529.916259765625 0.8742749691009521
105.19220733642578 529.916259765625 0.47427496314048767
105.91735076904297 530.4441528320312 0.7842220067977905
105.91735076904297 530.4441528320312 0.38422200083732605
106.68702697753906 530.9046630859375 0.6941690444946289
107.2795639038086 531.5780029296875 1.0041160583496094
107.2795639038086 531.5780029296875 0.6041160821914673
107.93025207519531 532.1953125 0.9140630960464478
107.93025207519531 532.1953125 0.5140631198883057
108.63381958007812 532.7515869140625 0.8240101337432861
108.63381958007812 532.7515869140625 0.42401012778282166
109.38456726074219 533.2423706054688 0.7339571714401245
109.38456726074219 533.2423706054688 0.33395716547966003
110.17640686035156 533.6636352539062 0.6439042091369629
110.8020248413086 534.3063354492188 0.9538512229919434
110.8020248413086 534.3063354492188 0.5538512468338013
111.48291015625 534.8901977539062 0.8637982606887817
111.48291015625 534.8901977539062 0.46379825472831726
112.21353912353516 535.4104614257812 0.7737452983856201
112.21353912353516 535.4104614257812 0.37374529242515564
112.98799896240234 535.8629150390625 0.6836923360824585
112.98799896240234 535.8629150390625 0.283692330121994
113.80000305175781 536.243896484375 0.5936393737792969
117.11564636230469 538.4814453125 0.5936393737792969
120.43128967285156 540.718994140625 0.5936393737792969
123.74693298339844 542.95654296875 0.5936393737792969
123.74693298339844 542.95654296875 0.1936393678188324
124.58991241455078 543.262939453125 0.5035864114761353
128.0933380126953 545.1932373046875 0.5035864114761353
131.59677124023438 547.12353515625 0.5035864114761353
135.10020446777344 549.0538330078125 0.5035864114761353
135.10020446777344 549.0538330078125 0.10358640551567078
139.07876586914062 549.4674682617188 0.10358640551567078
143.0573272705078 549.881103515625 0.10358640551567078
147.035888671875 550.2947387695312 0.10358640551567078
151.0144500732422 550.7083740234375 0.10358640551567078
151.0144500732422 550.7083740234375 -0.2964136004447937
154.39718627929688 549.7647705078125 -0.2476358264684677
157.82191467285156 548.9872436523438 -0.19885805249214172
161.2804718017578 548.3776245117188 -0.15008027851581573
162.17738342285156 548.3820190429688 0.15986676514148712
162.17738342285156 548.3820190429688 -0.24013324081897736
163.07106018066406 548.3057250976562 0.0698138028383255
163.07106018066406 548.3057250976562 -0.3301861882209778
166.42001342773438 547.2484741210938 -0.281408429145813
167.30978393554688 547.1353759765625 0.028538614511489868
167.30978393554688 547.1353759765625 -0.3714613914489746
168.18577575683594 546.9426879882812 -0.06151434779167175
168.18577575683594 546.9426879882812 -0.46151435375213623
169.0408935546875 546.6720581054688 -0.15156731009483337
169.9378204345703 546.6751098632812 0.15837973356246948
169.9378204345703 546.6751098632812 -0.241620272397995
170.83139038085938 546.5974731445312 0.06832677125930786
170.83139038085938 546.5974731445312 -0.3316732347011566
171.71435546875 546.4398193359375 -0.02172619104385376
171.71435546875 546.4398193359375 -0.42172619700431824
172.57955932617188 546.203369140625 -0.11177915334701538
172.57955932617188 546.203369140625 -0.5117791891098022
173.4199981689453 545.8900756835938 -0.2018321454524994
174.31594848632812 545.8480834960938 0.10811489820480347
174.31594848632812 545.8480834960938 -0.291885107755661
175.20448303222656 545.7256469726562 0.018061935901641846
175.20448303222656 545.7256469726562 -0.38193807005882263
176.0784149169922 545.5238037109375 -0.07199102640151978
176.0784149169922 545.5238037109375 -0.47199103236198425
176.93064880371094 545.2442016601562 -0.1620439887046814
180.8782501220703 544.598876953125 -0.1620439887046814
180.8782501220703 544.598876953125 -0.5620440244674683
181.70188903808594 544.2437744140625 -0.2520969808101654
185.57545471191406 543.2460327148438 -0.2520969808101654
189.4490203857422 542.248291015625 -0.2520969808101654
189.4490203857422 542.248291015625 -0.6520969867706299
190.2373809814453 541.820556640625 -0.342149943113327
194.00552368164062 540.478515625 -0.342149943113327
197.77366638183594 539.136474609375 -0.342149943113327
197.77366638183594 539.136474609375 -0.7421499490737915
200.72174072265625 536.4329833984375 -0.7421499490737915
203.66981506347656 533.7294921875 -0.7421499490737915
206.61788940429688 531.0260009765625 -0.7421499490737915
209.5659637451172 528.322509765625 -0.7421499490737915
212.5140380859375 525.6190185546875 -0.7421499490737915
215.4621124267578 522.91552734375 -0.7421499490737915
218.41018676757812 520.2120361328125 -0.7421499490737915
221.35826110839844 517.508544921875 -0.7421499490737915
224.30633544921875 514.8050537109375 -0.7421499490737915
227.25440979003906 512.1015625 -0.7421499490737915
230.20248413085938 509.3980712890625 -0.7421499490737915
233.1505584716797 506.694580078125 -0.7421499490737915
236.0986328125 503.9910888671875 -0.7421499490737915
239.0467071533203 501.28759765625 -0.7421499490737915
241.99478149414062 498.5841064453125 -0.7421499490737915
244.94285583496094 495.880615234375 -0.7421499490737915
247.89093017578125 493.1771240234375 -0.7421499490737915
250.83900451660156 490.4736328125 -0.7421499490737915
253.78707885742188 487.7701416015625 -0.7421499490737915
256.7351379394531 485.066650390625 -0.7421499490737915
259.6831970214844 482.3631591796875 -0.7421499490737915
262.6312561035156 479.65966796875 -0.7421499490737915
265.5793151855469 476.9561767578125 -0.7421499490737915
268.5273742675781 474.252685546875 -0.7421499490737915
271.4754333496094 471.5491943359375 -0.7421499490737915
274.4234924316406 468.845703125 -0.7421499490737915
277.3715515136719 466.1422119140625 -0.7421499490737915
280.0169677734375 463.83245849609375 -0.6933721899986267
282.7718811035156 461.6544189453125 -0.6445944309234619
285.62969970703125 459.6133117675781 -0.5958166718482971
288.5836486816406 457.7139587402344 -0.5470389127731323
291.6266784667969 455.9609069824219 -0.49826115369796753
294.7515869140625 454.3583068847656 -0.44948339462280273
297.9508972167969 452.90997314453125 -0.40070563554763794
301.217041015625 451.6193542480469 -0.35192787647247314
304.5422058105469 450.4895324707031 -0.30315011739730835
307.91851806640625 449.523193359375 -0.25437235832214355
311.3379211425781 448.7226257324219 -0.20559458434581757
314.79229736328125 448.0897216796875 -0.15681681036949158
318.2734375 447.6260070800781 -0.10803903639316559
321.7730407714844 447.33258056640625 -0.0592612661421299
325.28277587890625 447.21014404296875 -0.010483495891094208
328.7943115234375 447.25897216796875 0.03829427435994148
332.2992858886719 447.4789733886719 0.08707204461097717
335.78936767578125 447.8695983886719 0.13584981858730316
339.2562561035156 448.429931640625 0.18462759256362915
342.6916809082031 449.15863037109375 0.23340536653995514
346.0874938964844 450.0539855957031 0.28218314051628113
349.43560791015625 451.11383056640625 0.3309608995914459
352.72808837890625 452.3356628417969 0.3797386586666107
355.9570617675781 453.7165832519531 0.4285164177417755
359.1148681640625 455.2532958984375 0.4772941768169403
362.1940002441406 456.9421691894531 0.5260719656944275
365.1871032714844 458.7791748046875 0.5748497247695923
368.08709716796875 460.7599182128906 0.6236274838447571
370.8870544433594 462.87969970703125 0.6724052429199219
373.580322265625 465.13348388671875 0.7211830019950867
376.1604919433594 467.5158996582031 0.7699607610702515
378.6214294433594 470.02130126953125 0.8187385201454163
380.957275390625 472.6437072753906 0.867516279220581
383.1624755859375 475.37689208984375 0.9162940382957458
385.2318115234375 478.21435546875 0.9650717973709106
387.16033935546875 481.1493225097656 1.0138496160507202
388.9434509277344 484.1748352050781 1.0626274347305298
390.5769348144531 487.28369140625 1.1114052534103394
392.056884765625 490.468505859375 1.160183072090149
393.3797912597656 493.7216796875 1.2089608907699585
394.5425109863281 497.0354919433594 1.257738709449768
395.5422668457031 500.4020690917969 1.3065165281295776
396.3766784667969 503.8133850097656 1.3552943468093872
396.3766784667969 503.8133850097656 0.9552943706512451
398.33380126953125 506.7293701171875 1.0040721893310547
400.14642333984375 509.7373046875 1.0528500080108643
401.8102111816406 512.8300170898438 1.1016278266906738
401.8102111816406 512.8300170898438 0.7016278505325317
404.43646240234375 515.1615600585938 0.7504056096076965
406.9459228515625 517.6183471679688 0.7991833686828613
409.3326110839844 520.194580078125 0.8479611277580261
411.5908508300781 522.8840942382812 0.8967388868331909
413.705322265625 525.6713256835938 0.9468525648117065
413.705322265625 525.6713256835938 0.5468525886535645
414.3902893066406 526.2503662109375 0.8567996025085449
414.3902893066406 526.2503662109375 0.45679959654808044
417.5033874511719 527.8757934570312 0.5055773854255676
418.2116394042969 528.4260864257812 0.8155244588851929
418.2116394042969 528.4260864257812 0.4155244529247284
418.9665222167969 528.9104614257812 0.7254714965820312
419.5376892089844 529.6019897460938 1.0354185104370117
419.5376892089844 529.6019897460938 0.6354185342788696
420.1687316894531 530.2393798828125 0.9453655481338501
420.1687316894531 530.2393798828125 0.545365571975708
420.85455322265625 530.8174438476562 0.8553125858306885
420.85455322265625 530.8174438476562 0.455312579870224
421.5895690917969 531.3314819335938 0.7652596235275269
422.1332092285156 532.0457153320312 1.0751382112503052
422.1332092285156 532.0457153320312 0.6751382350921631
422.73846435546875 532.7076416015625 0.9850852489471436
422.73846435546875 532.7076416015625 0.5850852727890015
423.4007873535156 533.3124389648438 0.8950322866439819
423.4007873535156 533.3124389648438 0.49503228068351746
424.11480712890625 533.855224609375 0.8049793243408203
424.11480712890625 533.855224609375 0.40497931838035583
424.874755859375 534.3316040039062 0.7149263620376587
427.89532470703125 536.953857421875 0.7149263620376587
427.89532470703125 536.953857421875 0.3149263560771942
428.6950378417969 537.3599853515625 0.6248733997344971
431.9391784667969 539.699951171875 0.6248733997344971
435.1833190917969 542.0399169921875 0.6248733997344971
435.1833190917969 542.0399169921875 0.2248733937740326
436.0163269042969 542.3724975585938 0.5348204374313354
439.457763671875 544.4112548828125 0.5348204374313354
442.8992004394531 546.4500122070312 0.5348204374313354
442.8992004394531 546.4500122070312 0.13482043147087097
446.8629150390625 546.9876708984375 0.13482043147087097
450.8266296386719 547.5253295898438 0.13482043147087097
454.79034423828125 548.06298828125 0.13482043147087097
458.7540588378906 548.6006469726562 0.13482043147087097
462.7177734375 549.1383056640625 0.13482043147087097
466.6814880371094 549.6759643554688 0.13482043147087097
470.64520263671875 550.213623046875 0.13482043147087097
474.6089172363281 550.7512817382812 0.13482043147087097
478.5726318359375 551.2889404296875 0.13482043147087097
482.5363464355469 551.8265991210938 0.13482043147087097
486.50006103515625 552.3642578125 0.13482043147087097
490.4637756347656 552.9019165039062 0.13482043147087097
494.427490234375 553.4395751953125 0.13482043147087097
498.3912048339844 553.9772338867188 0.13482043147087097
502.35491943359375 554.514892578125 0.13482043147087097
506.3186340332031 555.0525512695312 0.13482043147087097
506.3186340332031 555.0525512695312 -0.2651795744895935
506.3186340332031 555.0525512695312 -0.6651796102523804
509.1338195800781 552.9530639648438 -0.6164018511772156
512.0480346679688 550.9933471679688 -0.5676240921020508
515.0543212890625 549.1780395507812 -0.518846333026886
515.0543212890625 549.1780395507812 -0.9188463687896729
517.2525634765625 546.439208984375 -0.8700686097145081
519.5817260742188 543.8108520507812 -0.8212908506393433
522.0362548828125 541.2991943359375 -0.7725130915641785
524.6103515625 538.9102172851562 -0.7237353324890137
524.6103515625 538.9102172851562 -1.1237353086471558
526.2053833007812 535.7814331054688 -1.0749574899673462
526.748779296875 535.06787109375 -0.7650104761123657
527.4839477539062 534.5540161132812 -0.45506343245506287
527.4839477539062 534.5540161132812 -0.8550634384155273
528.169921875 533.9761352539062 -0.5451164245605469
528.169921875 533.9761352539062 -0.945116400718689
528.8011474609375 533.3389282226562 -0.6351693868637085
528.8011474609375 533.3389282226562 -1.0351693630218506
529.3724975585938 532.6475219726562 -0.7252223491668701
529.3724975585938 532.6475219726562 -1.1252223253250122
529.8793334960938 531.9075317382812 -0.8152753114700317
530.5877075195312 531.357421875 -0.5053282976150513
530.5877075195312 531.357421875 -0.9053282737731934
531.2437744140625 530.7457885742188 -0.5953812599182129
531.2437744140625 530.7457885742188 -0.995381236076355
531.8421630859375 530.07763671875 -0.6854342222213745
531.8421630859375 530.07763671875 -1.0854341983795166
532.3780517578125 529.3583984375 -0.7754871845245361
532.3780517578125 529.3583984375 -1.1754871606826782
532.8471069335938 528.5938720703125 -0.8655401468276978
533.5269775390625 528.0088500976562 -0.5555937886238098
533.5269775390625 528.0088500976562 -0.9555938243865967
534.1514892578125 527.3650512695312 -0.6456468105316162
534.1514892578125 527.3650512695312 -1.0456467866897583
534.715576171875 526.6676635742188 -0.7356997728347778
534.715576171875 526.6676635742188 -1.13569974899292
535.2146606445312 525.9224243164062 -0.8257527351379395
535.2146606445312 525.9224243164062 -1.2257527112960815
535.6447143554688 525.1353149414062 -0.9158056974411011
538.081298828125 521.9630737304688 -0.9158056974411011
538.081298828125 521.9630737304688 -1.3158056735992432
538.4387817382812 521.1404418945312 -1.0058586597442627
540.5802612304688 517.761962890625 -1.0058586597442627
542.7217407226562 514.3834838867188 -1.0058586597442627
544.8632202148438 511.0050048828125 -1.0058586597442627
544.8632202148438 511.0050048828125 -1.4058586359024048
545.5199584960938 507.0592956542969 -1.4058586359024048
546.1766967773438 503.11358642578125 -1.4058586359024048
546.1766967773438 503.11358642578125 -1.8058586120605469
545.4423217773438 499.6793518066406 -1.7570807933807373
544.876220703125 496.2134094238281 -1.7083029747009277
544.5148315429688 492.8455505371094 -1.647073745727539
544.5148315429688 492.8455505371094 -2.0470738410949707
542.9813232421875 489.6861877441406 -1.9982960224151611
541.6036987304688 486.455810546875 -1.9495182037353516
541.4046630859375 485.58123779296875 -1.639571189880371
541.4046630859375 485.58123779296875 -2.0395712852478027
539.8948974609375 482.41046142578125 -1.9907934665679932
539.6599731445312 481.54486083984375 -1.6808464527130127
539.6599731445312 481.54486083984375 -2.0808465480804443
538.0206298828125 478.4390869140625 -2.0320687294006348
537.7501831054688 477.5838928222656 -1.7221217155456543
537.7501831054688 477.5838928222656 -2.122121810913086
535.984130859375 474.54840087890625 -2.0733439922332764
535.6786499023438 473.7051086425781 -1.763396978378296
535.6786499023438 473.7051086425781 -2.1633970737457275
533.788818359375 470.7450866699219 -2.114619255065918
533.4487915039062 469.9151306152344 -1.8046722412109375
533.4487915039062 469.9151306152344 -2.204672336578369
531.4384155273438 467.03558349609375 -2.1558945178985596
529.5708618164062 464.06146240234375 -2.10711669921875
527.5269775390625 460.6230773925781 -2.10711669921875
525.4830932617188 457.1846923828125 -2.10711669921875
523.439208984375 453.7463073730469 -2.10711669921875
521.3953247070312 450.30792236328125 -2.10711669921875
521.3953247070312 450.30792236328125 -2.5071167945861816
518.6185302734375 448.15789794921875 -2.458338975906372
515.9498901367188 445.8750305175781 -2.4095611572265625
515.3663330078125 445.16082763671875 -2.102155923843384
515.3663330078125 445.16082763671875 -2.5021560192108154
512.6002197265625 442.9970397949219 -2.453378200531006
509.9429016113281 440.7009582519531 -2.4046003818511963
509.3797302246094 440.00286865234375 -2.094653367996216
509.3797302246094 440.00286865234375 -2.4946534633636475
506.62994384765625 437.8183898925781 -2.445875644683838
506.0384521484375 437.1441345214844 -2.1359286308288574
506.0384521484375 437.1441345214844 -2.535928726196289
505.33709716796875 436.4812316894531 -2.2328038215637207
502.8782958984375 433.3262023925781 -2.2328038215637207
502.8782958984375 433.3262023925781 -2.6328039169311523
502.1161193847656 432.7342529296875 -2.329679012298584
499.3636779785156 429.8318176269531 -2.329679012298584
496.6112365722656 426.92938232421875 -2.329679012298584
493.8587951660156 424.0269470214844 -2.329679012298584
491.1063537597656 421.12451171875 -2.329679012298584
488.3539123535156 418.2220764160156 -2.329679012298584
485.6014709472656 415.31964111328125 -2.329679012298584
482.8490295410156 412.4172058105469 -2.329679012298584
482.8490295410156 412.4172058105469 -2.7296791076660156
482.033203125 411.9017639160156 -2.426551342010498
482.033203125 411.9017639160156 -2.8265514373779297
481.1713562011719 411.4676513671875 -2.523423671722412
481.1713562011719 411.4676513671875 -2.9234237670898438
477.7622985839844 410.6241455078125 -2.874645948410034
476.88055419921875 410.2319641113281 -2.571521043777466
476.88055419921875 410.2319641113281 -2.9715211391448975
473.43487548828125 409.5533447265625 -2.922743320465088
470.0263671875 408.70751953125 -2.8739655017852783
466.6631774902344 407.6965026855469 -2.8251876831054688
463.353271484375 406.522705078125 -2.776409864425659
462.51422119140625 406.0459289550781 -2.473284959793091
462.51422119140625 406.0459289550781 -2.8732850551605225
459.1517028808594 405.0326232910156 -2.824507236480713
455.84259033203125 403.8565673828125 -2.7757294178009033
452.5947570800781 402.52056884765625 -2.7269515991210938
451.7803039550781 402.0028991699219 -2.4238266944885254
451.7803039550781 402.0028991699219 -2.823826789855957
448.4740295410156 400.824951171875 -2.7748448848724365
447.6061706542969 400.3319091796875 -2.475032329559326
446.9952697753906 399.6751708984375 -2.1650853157043457
446.9952697753906 399.6751708984375 -2.5650854110717773
446.2749328613281 399.03302001953125 -2.2619576454162598
446.2749328613281 399.03302001953125 -2.6619577407836914
445.4958190917969 398.4635314941406 -2.358832836151123
442.6599426269531 395.642578125 -2.358832836151123
439.8240661621094 392.8216247558594 -2.358832836151123
436.9881896972656 390.00067138671875 -2.358832836151123
434.1523132324219 387.1797180175781 -2.358832836151123
431.3164367675781 384.3587646484375 -2.358832836151123
428.4805603027344 381.5378112792969 -2.358832836151123
425.6446838378906 378.71685791015625 -2.358832836151123
425.6446838378906 378.71685791015625 -2.7588329315185547
424.8141784667969 378.22540283203125 -2.455705165863037
424.8141784667969 378.22540283203125 -2.8557052612304688
423.9400329589844 377.81658935546875 -2.552577495574951
423.9400329589844 377.81658935546875 -2.952577590942383
423.0304260253906 377.4942321777344 -2.6494526863098145
423.0304260253906 377.4942321777344 -3.049452781677246
419.5423583984375 377.0859375 -3.0006749629974365
416.078369140625 376.508056640625 -2.951897144317627
412.64666748046875 375.761962890625 -2.9031193256378174
411.75408935546875 375.39501953125 -2.599996566772461
411.01177978515625 374.7784118652344 -2.2968688011169434
411.01177978515625 374.7784118652344 -2.696868896484375
410.2132873535156 374.2364807128906 -2.3937411308288574
410.2132873535156 374.2364807128906 -2.793741226196289
409.3661193847656 373.7743225097656 -2.4906163215637207
409.3661193847656 373.7743225097656 -2.8906164169311523
405.9865417480469 372.8194580078125 -2.8418385982513428
405.1181335449219 372.3985595703125 -2.5387136936187744
405.1181335449219 372.3985595703125 -2.938713788986206
401.6965637207031 371.6072692871094 -2.8899359703063965
400.80889892578125 371.2286071777344 -2.586811065673828
400.07476806640625 370.6022644042969 -2.2836833000183105
400.07476806640625 370.6022644042969 -2.683683395385742
399.28350830078125 370.04986572265625 -2.3805556297302246
396.38702392578125 367.2911682128906 -2.3805556297302246
393.49053955078125 364.532470703125 -2.3805556297302246
390.59405517578125 361.7737731933594 -2.3805556297302246
387.69757080078125 359.01507568359375 -2.3805556297302246
384.80108642578125 356.2563781738281 -2.3805556297302246
384.80108642578125 356.2563781738281 -2.7805557250976562
383.9601135253906 355.7830810546875 -2.4774279594421387
383.9601135253906 355.7830810546875 -2.8774280548095703
383.0773010253906 355.3933410644531 -2.5743002891540527
383.0773010253906 355.3933410644531 -2.9743003845214844
382.160888671875 355.0908203125 -2.671175479888916
381.3765869140625 354.528564453125 -2.3680477142333984
381.3765869140625 354.528564453125 -2.76804780960083
380.5415954589844 354.0447998046875 -2.4649200439453125
380.5415954589844 354.0447998046875 -2.864920139312744
379.6637268066406 353.6440734863281 -2.5617923736572266
379.6637268066406 353.6440734863281 -2.961792469024658
378.7511901855469 353.3301086425781 -2.65866756439209
378.7511901855469 353.3301086425781 -3.0586676597595215
375.259521484375 352.9539489746094 -3.009889841079712
371.79034423828125 352.4079895019531 -2.9611120223999023
370.8780212402344 352.0934143066406 -2.657987117767334
370.1011962890625 351.5208435058594 -2.3548593521118164
367.27655029296875 348.6886291503906 -2.3548593521118164
367.27655029296875 348.6886291503906 -2.754859447479248
366.447998046875 348.1938781738281 -2.4517316818237305
366.447998046875 348.1938781738281 -2.851731777191162
365.5754699707031 347.7815856933594 -2.5486040115356445
365.5754699707031 347.7815856933594 -2.948604106903076
364.6671447753906 347.45562744140625 -2.645479202270508
364.6671447753906 347.45562744140625 -3.0454792976379395
361.18072509765625 347.0334777832031 -2.99670147895813
357.71905517578125 346.44183349609375 -2.9479236602783203
354.29034423828125 345.6820983886719 -2.8991458415985107
353.39923095703125 345.3116149902344 -2.5960209369659424
352.65936279296875 344.6920471191406 -2.292893171310425
352.65936279296875 344.6920471191406 -2.6928932666778564
351.863037109375 344.1469421386719 -2.389765501022339
351.863037109375 344.1469421386719 -2.7897655963897705
351.0177001953125 343.681396484375 -2.486640691757202
351.0177001953125 343.681396484375 -2.886640787124634
350.13128662109375 343.2998046875 -2.5835158824920654
349.39923095703125 342.6710510253906 -2.280388116836548
349.39923095703125 342.6710510253906 -2.6803882122039795
348.60980224609375 342.11602783203125 -2.377260446548462
345.722412109375 339.3478088378906 -2.377260446548462
342.83502197265625 336.57958984375 -2.377260446548462
339.9476318359375 333.8113708496094 -2.377260446548462
337.06024169921875 331.04315185546875 -2.377260446548462
337.06024169921875 331.04315185546875 -2.7772605419158936
336.2208251953125 330.5671081542969 -2.474132776260376
336.2208251953125 330.5671081542969 -2.8741328716278076
335.33929443359375 330.1744689941406 -2.57100510597229
335.33929443359375 330.1744689941406 -2.9710052013397217
334.42388916015625 329.8689270019531 -2.6678802967071533
333.6414489746094 329.3040771484375 -2.3647525310516357
333.6414489746094 329.3040771484375 -2.7647526264190674
332.80804443359375 328.81756591796875 -2.46162486076355
332.80804443359375 328.81756591796875 -2.8616249561309814
331.9314880371094 328.4139404296875 -2.558497190475464
331.9314880371094 328.4139404296875 -2.9584972858428955
331.0199890136719 328.09698486328125 -2.655372381210327
331.0199890136719 328.09698486328125 -3.055372476577759
327.5295715332031 327.7093200683594 -3.006594657897949
324.0622253417969 327.1519470214844 -2.9578168392181396
323.1509094238281 326.8343505859375 -2.654694080352783
322.3759765625 326.2592468261719 -2.3515663146972656
319.5606689453125 323.4177551269531 -2.3515663146972656
319.5606689453125 323.4177551269531 -2.7515664100646973
318.7337646484375 322.9202880859375 -2.4484386444091797
318.7337646484375 322.9202880859375 -2.8484387397766113
317.8625793457031 322.505126953125 -2.545313835144043
317.8625793457031 322.505126953125 -2.9453139305114746
316.955322265625 322.1761779785156 -2.6421890258789062
316.1876525878906 321.5914306640625 -2.3390612602233887
316.1876525878906 321.5914306640625 -2.7390613555908203
315.3670349121094 321.0836486816406 -2.4359335899353027
315.3670349121094 321.0836486816406 -2.8359336853027344
314.5011291503906 320.6576232910156 -2.532805919647217
314.5011291503906 320.6576232910156 -2.9328060150146484
313.5980529785156 320.3173522949219 -2.62968111038208
310.1108093261719 318.35797119140625 -2.62968111038208
309.3504638671875 317.7636413574219 -2.3265583515167236
309.3504638671875 317.7636413574219 -2.7265584468841553
308.5362548828125 317.24566650390625 -2.4234306812286377
308.5362548828125 317.24566650390625 -2.8234307765960693
307.6757507324219 316.8088684082031 -2.5203030109405518
307.6757507324219 316.8088684082031 -2.9203031063079834
306.7770080566406 316.45733642578125 -2.617178201675415
306.7770080566406 316.45733642578125 -3.0171782970428467
305.8484802246094 316.1943664550781 -2.714054822921753
305.0408020019531 315.6662292480469 -2.4109270572662354
305.0408020019531 315.6662292480469 -2.810927152633667
304.1858215332031 315.21868896484375 -2.5077993869781494
304.1858215332031 315.21868896484375 -2.907799482345581
303.2915344238281 314.8559265136719 -2.6046745777130127
303.2915344238281 314.8559265136719 -3.0046746730804443
299.82525634765625 314.2919006347656 -2.9558968544006348
298.9145812988281 313.9725646972656 -2.6527719497680664
298.1407775878906 313.3959655761719 -2.349644184112549
295.3309326171875 310.549072265625 -2.349644184112549
292.5210876464844 307.7021789550781 -2.349644184112549
292.5210876464844 307.7021789550781 -2.7496442794799805
291.69512939453125 307.203125 -2.446516513824463
291.69512939453125 307.203125 -2.8465166091918945
290.82476806640625 306.7862854003906 -2.543388843536377
290.82476806640625 306.7862854003906 -2.9433889389038086
289.91815185546875 306.4555969238281 -2.6402640342712402
289.91815185546875 306.4555969238281 -3.040264129638672
288.9837951660156 306.2141418457031 -2.7371392250061035
288.1641540527344 305.7048034667969 -2.434011459350586
288.1641540527344 305.7048034667969 -2.8340115547180176
287.299072265625 305.2771301269531 -2.5308837890625
287.299072265625 305.2771301269531 -2.9308838844299316
286.39666748046875 304.93511962890625 -2.6277589797973633
285.63751220703125 304.33935546875 -2.3246312141418457
285.63751220703125 304.33935546875 -2.7246313095092773
284.8243103027344 303.8197937011719 -2.4215035438537598
284.8243103027344 303.8197937011719 -2.8215036392211914
283.96466064453125 303.3813171386719 -2.518375873565674
283.96466064453125 303.3813171386719 -2.9183759689331055
283.06658935546875 303.0280456542969 -2.615251064300537
283.06658935546875 303.0280456542969 -3.0152511596679688
279.59454345703125 302.5007019042969 -2.966473340988159
276.15234375 301.8046875 -2.9176955223083496
272.7481689453125 300.9416809082031 -2.86891770362854
269.3901062011719 299.9136962890625 -2.8201398849487305
266.086181640625 298.72320556640625 -2.771362066268921
262.8442077636719 297.373046875 -2.7225842475891113
259.67193603515625 295.8664245605469 -2.6738064289093018
256.576904296875 294.2069091796875 -2.625028610229492
253.56646728515625 292.3984680175781 -2.5762507915496826
250.6477813720703 290.44537353515625 -2.527472972869873
247.82778930664062 288.352294921875 -2.4786951541900635
245.11322021484375 286.12420654296875 -2.429917335510254
242.51051330566406 283.76641845703125 -2.3811395168304443
240.02586364746094 281.2845153808594 -2.3323616981506348
237.66517639160156 278.6844177246094 -2.283583879470825
235.43408203125 275.9723205566406 -2.2348060607910156
233.33787536621094 273.1546630859375 -2.186028242111206
231.3815460205078 270.2381591796875 -2.1372504234313965
229.5697479248047 267.229736328125 -2.088472604751587
227.90679931640625 264.13653564453125 -2.0396947860717773
226.39663696289062 260.9659423828125 -1.9909169673919678
225.04286193847656 257.7254943847656 -1.9421391487121582
223.8487091064453 254.42288208007812 -1.8933613300323486
222.81700134277344 251.06597900390625 -1.844583511352539
221.9501953125 247.6627655029297 -1.7958056926727295
221.25035095214844 244.22132873535156 -1.74702787399292
220.71914672851562 240.74986267089844 -1.6982500553131104
220.3578338623047 237.25662231445312 -1.6494722366333008
220.1672821044922 233.7499237060547 -1.6006944179534912
220.14793395996094 230.23809814453125 -1.5519165992736816
220.29983520507812 226.72950744628906 -1.503138780593872
220.6226348876953 223.2324981689453 -1.4543609619140625
221.1155548095703 219.75538635253906 -1.405583143234253
221.77743530273438 216.3064422607422 -1.3568053245544434
222.606689453125 212.8938751220703 -1.3080275058746338
223.60134887695312 209.5258026123047 -1.2592496871948242
224.75904846191406 206.21023559570312 -1.2104718685150146
226.0770263671875 202.95506286621094 -1.161694049835205
227.55215454101562 199.7680206298828 -1.1129162311553955
229.18092346191406 196.6566925048828 -1.064138412475586
230.95945739746094 193.62847900390625 -1.0153605937957764
232.88352966308594 190.6905975341797 -0.9665828347206116
234.9485626220703 187.8500213623047 -0.9178050756454468
237.14964294433594 185.11351013183594 -0.869027316570282
239.48153686523438 182.48757934570312 -0.8202495574951172
241.93869018554688 179.9784698486328 -0.7714717984199524
244.5152587890625 177.59214782714844 -0.7226940393447876
247.2051239013672 175.33428955078125 -0.6739162802696228
250.0018768310547 173.21026611328125 -0.625138521194458
252.89886474609375 171.2251434326172 -0.5763607621192932
255.88919067382812 169.38363647460938 -0.5275830030441284
258.96575927734375 167.69012451171875 -0.4788052439689636
262.1212463378906 166.1486358642578 -0.43002748489379883
265.34814453125 164.76283264160156 -0.38124972581863403
268.6387634277344 163.5360107421875 -0.33247196674346924
271.98529052734375 162.47109985351562 -0.28369420766830444
275.3797607421875 161.57061767578125 -0.23491643369197845
278.8140869140625 160.8367156982422 -0.18613865971565247
282.2801208496094 160.27114868164062 -0.13736088573932648
285.7696228027344 159.875244140625 -0.08858311176300049
289.2742614746094 159.64996337890625 -0.0398053415119648
292.78570556640625 159.5958251953125 0.008972428739070892
296.2956237792969 159.7129669189453 0.05775019899010658
299.795654296875 160.0010986328125 0.10652796924114227
303.2774658203125 160.4595489501953 0.15530574321746826
306.7327880859375 161.08721923828125 0.20408351719379425
310.1534118652344 161.88262939453125 0.25286129117012024
313.5311584472656 162.8438720703125 0.30163905024528503
316.8580322265625 163.96865844726562 0.35041680932044983
320.1260986328125 165.25433349609375 0.3991945683956146
323.3276062011719 166.69781494140625 0.4479723274707794
326.4549255371094 168.29568481445312 0.4967500865459442
329.5006103515625 170.04412841796875 0.5455278754234314
332.4574279785156 171.93899536132812 0.5943056344985962
335.3183288574219 173.9757843017578 0.643083393573761
338.0765075683594 176.14964294433594 0.6918611526489258
340.7254333496094 178.4553985595703 0.7406389117240906
343.2587585449219 180.8875732421875 0.7894166707992554
345.6705017089844 183.44036865234375 0.8381944298744202
347.95489501953125 186.10772705078125 0.886972188949585
350.10650634765625 188.88330078125 0.9357499480247498
352.1202392578125 191.76048278808594 0.9845277070999146
353.9913024902344 194.732421875 1.0333055257797241
355.7152099609375 197.79205322265625 1.0820833444595337
357.28790283203125 200.93209838867188 1.1308611631393433
358.7055969238281 204.1450958251953 1.1796389818191528
359.9649658203125 207.42340087890625 1.2284168004989624
361.06298828125 210.75921630859375 1.277194619178772
361.9970397949219 214.14459228515625 1.3259724378585815
362.7649230957031 217.5714874267578 1.3747502565383911
363.36480712890625 221.03175354003906 1.4235280752182007
363.7952575683594 224.51715087890625 1.4723058938980103
363.7952575683594 224.51715087890625 1.0723059177398682
365.3985595703125 227.6416778564453 1.1210837364196777
366.8476257324219 230.84066772460938 1.1698615550994873
367.0660095214844 231.71060180664062 1.4798085689544678
367.0660095214844 231.71060180664062 1.0798085927963257
367.36181640625 232.55752563476562 1.3897393941879272
367.36181640625 232.55752563476562 0.9897394180297852
369.21734619140625 235.53916931152344 1.0385185480117798
369.54779052734375 236.37301635742188 1.3484655618667603
369.54779052734375 236.37301635742188 0.9484655857086182
369.9518737792969 237.17376708984375 1.2584125995635986
370.09246826171875 238.05960083007812 1.568359613418579
370.09246826171875 238.05960083007812 1.168359637260437
370.3121643066406 238.92921447753906 1.4783066511154175
370.3121643066406 238.92921447753906 1.0783066749572754
370.60919189453125 239.77554321289062 1.3882536888122559
370.60919189453125 239.77554321289062 0.9882537126541138
370.9811096191406 240.5917205810547 1.2982007265090942
370.9811096191406 240.5917205810547 0.8982007503509521
371.4249267578125 241.37115478515625 1.2081477642059326
371.60986328125 242.24880981445312 1.518094778060913
371.60986328125 242.24880981445312 1.118094801902771
371.87298583984375 243.1062774658203 1.4280418157577515
371.87298583984375 243.1062774658203 1.0280418395996094
372.212158203125 243.93661499023438 1.3379888534545898
372.212158203125 243.93661499023438 0.9379888772964478
372.6246032714844 244.7330780029297 1.2479358911514282
372.6246032714844 244.7330780029297 0.8479359149932861
373.1070251464844 245.48922729492188 1.1578829288482666
373.3358154296875 246.3564910888672 1.467829942703247
373.3358154296875 246.3564910888672 1.067829966545105
373.6416931152344 247.1996612548828 1.3777769804000854
373.6416931152344 247.1996612548828 0.9777770042419434
374.02215576171875 248.01190185546875 1.2877240180969238
374.02215576171875 248.01190185546875 0.8877240419387817
374.47412109375 248.78663635253906 1.1976710557937622
374.47412109375 248.78663635253906 0.7976710796356201
374.9939270019531 249.51759338378906 1.1076180934906006
376.7810974121094 253.0961456298828 1.1076180934906006
378.5682678222656 256.6746826171875 1.1076180934906006
378.5682678222656 256.6746826171875 0.7076181173324585
379.1517028808594 257.3559265136719 1.017565131187439
381.2534484863281 260.7592468261719 1.017565131187439
383.3551940917969 264.1625671386719 1.017565131187439
385.4569396972656 267.5658874511719 1.017565131187439
385.4569396972656 267.5658874511719 0.6175651550292969
388.7181091308594 269.882080078125 0.6175651550292969
391.9792785644531 272.1982727050781 0.6175651550292969
395.2404479980469 274.51446533203125 0.6175651550292969
398.5016174316406 276.8306579589844 0.6175651550292969
401.7627868652344 279.1468505859375 0.6175651550292969
405.0239562988281 281.4630432128906 0.6175651550292969
408.2851257324219 283.77923583984375 0.6175651550292969
411.5462951660156 286.0954284667969 0.6175651550292969
414.8074645996094 288.41162109375 0.6175651550292969
418.0686340332031 290.7278137207031 0.6175651550292969
421.3298034667969 293.04400634765625 0.6175651550292969
424.5909729003906 295.3601989746094 0.6175651550292969
427.8521423339844 297.6763916015625 0.6175651550292969
431.1133117675781 299.9925842285156 0.6175651550292969
434.3744812011719 302.30877685546875 0.6175651550292969
437.6356506347656 304.6249694824219 0.6175651550292969
440.8968200683594 306.941162109375 0.6175651550292969
444.1579895019531 309.2573547363281 0.6175651550292969
447.4191589355469 311.57354736328125 0.6175651550292969
450.6803283691406 313.8897399902344 0.6175651550292969
453.9414978027344 316.2059326171875 0.6175651550292969
457.2026672363281 318.5221252441406 0.6175651550292969
460.4638366699219 320.83831787109375 0.6175651550292969
463.7250061035156 323.1545104980469 0.6175651550292969
466.9861755371094 325.470703125 0.6175651550292969
470.2473449707031 327.7868957519531 0.6175651550292969
473.5085144042969 330.10308837890625 0.6175651550292969
476.7696838378906 332.4192810058594 0.6175651550292969
480.0308532714844 334.7354736328125 0.6175651550292969
483.2920227050781 337.0516662597656 0.6175651550292969
486.5531921386719 339.36785888671875 0.6175651550292969
489.8143615722656 341.6840515136719 0.6175651550292969
493.0755310058594 344.000244140625 0.6175651550292969
496.3367004394531 346.3164367675781 0.6175651550292969
499.5978698730469 348.63262939453125 0.6175651550292969
499.5978698730469 348.63262939453125 0.2175651490688324
503.5035705566406 349.49603271484375 0.2175651490688324
507.4092712402344 350.35943603515625 0.2175651490688324
507.4092712402344 350.35943603515625 -0.18243485689163208
507.4092712402344 350.35943603515625 -0.582434892654419
510.38836669921875 348.4997863769531 -0.5336571335792542
513.45458984375 346.78759765625 -0.48487937450408936
513.45458984375 346.78759765625 -0.8848793506622314
515.7445678710938 344.1250305175781 -0.8361015915870667
518.16162109375 341.5772705078125 -0.7873238325119019
520.7000122070312 339.150390625 -0.7385460734367371
523.353759765625 336.8501892089844 -0.6897683143615723
526.1165161132812 334.6820983886719 -0.6409905552864075
526.1165161132812 334.6820983886719 -1.0409905910491943
526.683837890625 333.98736572265625 -0.7310435771942139
526.683837890625 333.98736572265625 -1.131043553352356
527.1864013671875 333.244384765625 -0.8211014270782471
527.8916015625 332.69012451171875 -0.5111544132232666
527.8916015625 332.69012451171875 -0.9111543893814087
528.5440673828125 332.07470703125 -0.6012073755264282
528.5440673828125 332.07470703125 -1.0012073516845703
529.1385498046875 331.4031066894531 -0.6912603378295898
529.1385498046875 331.4031066894531 -1.091260313987732
529.6702270507812 330.6807556152344 -0.7813133001327515
529.6702270507812 330.6807556152344 -1.1813132762908936
530.134765625 329.91351318359375 -0.8713662624359131
530.8112182617188 329.32452392578125 -0.5614192485809326
530.8112182617188 329.32452392578125 -0.9614192247390747
531.4319458007812 328.6770935058594 -0.6514722108840942
531.4319458007812 328.6770935058594 -1.0514721870422363
531.991943359375 327.9764709472656 -0.7415251731872559
531.991943359375 327.9764709472656 -1.141525149345398
532.4866333007812 327.2283020019531 -0.8315781354904175
533.1859741210938 326.66668701171875 -0.5216317772865295
533.1859741210938 326.66668701171875 -0.9216318130493164
533.8319702148438 326.0444641113281 -0.6116847991943359
533.8319702148438 326.0444641113281 -1.011684775352478
534.4193725585938 325.3666687011719 -0.7017377614974976
534.4193725585938 325.3666687011719 -1.1017377376556396
534.9434814453125 324.6387939453125 -0.7917907238006592
534.9434814453125 324.6387939453125 -1.1917906999588013
535.3999633789062 323.8667297363281 -0.8818436861038208
535.3999633789062 323.8667297363281 -1.281843662261963
535.78515625 323.0567321777344 -0.9718966484069824
538.0401000976562 319.7528991699219 -0.9718966484069824
540.2950439453125 316.4490661621094 -0.9718966484069824
542.5499877929688 313.1452331542969 -0.9718966484069824
542.5499877929688 313.1452331542969 -1.3718966245651245
542.8607788085938 312.30389404296875 -1.061949610710144
544.8094482421875 308.8106689453125 -1.061949610710144
546.7581176757812 305.31744384765625 -1.061949610710144
548.706787109375 301.82421875 -1.061949610710144
550.6554565429688 298.33099365234375 -1.061949610710144
550.6554565429688 298.33099365234375 -1.4619495868682861
551.0899658203125 294.35467529296875 -1.4619495868682861
551.5244750976562 290.37835693359375 -1.4619495868682861
551.958984375 286.40203857421875 -1.4619495868682861
552.3934936523438 282.42572021484375 -1.4619495868682861
552.8280029296875 278.44940185546875 -1.4619495868682861
553.2625122070312 274.47308349609375 -1.4619495868682861
553.697021484375 270.49676513671875 -1.4619495868682861
554.1315307617188 266.52044677734375 -1.4619495868682861
554.5660400390625 262.54412841796875 -1.4619495868682861
555.0005493164062 258.56781005859375 -1.4619495868682861
555.43505859375 254.5914764404297 -1.4619495868682861
555.8695678710938 250.61514282226562 -1.4619495868682861
556.3040771484375 246.63880920410156 -1.4619495868682861
556.7385864257812 242.6624755859375 -1.4619495868682861
557.173095703125 238.68614196777344 -1.4619495868682861
557.6076049804688 234.70980834960938 -1.4619495868682861
558.0421142578125 230.7334747314453 -1.4619495868682861
558.4766235351562 226.75714111328125 -1.4619495868682861
558.9111328125 222.7808074951172 -1.4619495868682861
559.3456420898438 218.80447387695312 -1.4619495868682861
559.7801513671875 214.82814025878906 -1.4619495868682861
560.2146606445312 210.851806640625 -1.4619495868682861
560.649169921875 206.87547302246094 -1.4619495868682861
561.0836791992188 202.89913940429688 -1.4619495868682861
561.5181884765625 198.9228057861328 -1.4619495868682861
561.9526977539062 194.94647216796875 -1.4619495868682861
562.38720703125 190.9701385498047 -1.4619495868682861
562.8217163085938 186.99380493164062 -1.4619495868682861
563.2562255859375 183.01747131347656 -1.4619495868682861
563.6907348632812 179.0411376953125 -1.4619495868682861
564.125244140625 175.06480407714844 -1.4619495868682861
564.5597534179688 171.08847045898438 -1.4619495868682861
564.9942626953125 167.1121368408203 -1.4619495868682861
565.4287719726562 163.13580322265625 -1.4619495868682861
565.86328125 159.1594696044922 -1.4619495868682861
566.2977905273438 155.18313598632812 -1.4619495868682861
566.7322998046875 151.20680236816406 -1.4619495868682861
567.1668090820312 147.23046875 -1.4619495868682861
567.601318359375 143.25413513183594 -1.4619495868682861
568.0358276367188 139.27780151367188 -1.4619495868682861
568.4703369140625 135.3014678955078 -1.4619495868682861
568.9048461914062 131.32513427734375 -1.4619495868682861
568.9048461914062 131.32513427734375 -1.8619495630264282
567.756591796875 127.49347686767578 -1.8619495630264282
566.6083374023438 123.66181945800781 -1.8619495630264282
565.4600830078125 119.83016204833984 -1.8619495630264282
564.3118286132812 115.99850463867188 -1.8619495630264282
563.16357421875 112.1668472290039 -1.8619495630264282
563.034423828125 111.23821258544922 -1.5560736656188965
563.0933227539062 107.2386474609375 -1.5560736656188965
563.1522216796875 103.23908233642578 -1.5560736656188965
563.2111206054688 99.23951721191406 -1.5560736656188965
563.27001953125 95.23995208740234 -1.5560736656188965
563.3289184570312 91.24038696289062 -1.5560736656188965
563.3289184570312 91.24038696289062 -1.9560736417770386
563.1241455078125 90.36713409423828 -1.6461272239685059
563.1241455078125 90.36713409423828 -2.0461273193359375
561.5936279296875 87.20631408691406 -1.997349500656128
560.2190551757812 83.9746322631836 -1.9485716819763184
560.2190551757812 83.9746322631836 -2.34857177734375
557.8165283203125 81.41315460205078 -2.2997939586639404
555.541748046875 78.73757934570312 -2.251016139984131
553.400146484375 75.95426940917969 -2.2022383213043213
553.400146484375 75.95426940917969 -2.602238416671753
550.4317016601562 74.07768249511719 -2.5534605979919434
547.5582885742188 72.05859375 -2.504682779312134
546.9281616210938 71.42027282714844 -2.1947357654571533
546.9281616210938 71.42027282714844 -2.594735860824585
546.2432250976562 70.84120178222656 -2.2847888469696045
546.2432250976562 70.84120178222656 -2.684788942337036
543.130126953125 69.21577453613281 -2.6360111236572266
542.421875 68.66545867919922 -2.326064109802246
542.421875 68.66545867919922 -2.7260642051696777
541.6669921875 68.18106842041016 -2.4161171913146973
541.0958251953125 67.48951721191406 -2.106170177459717
541.0958251953125 67.48951721191406 -2.5061702728271484
540.4647827148438 66.85212707519531 -2.196223258972168
540.4647827148438 66.85212707519531 -2.5962233543395996
539.7789916992188 66.2740707397461 -2.286276340484619
539.7789916992188 66.2740707397461 -2.686276435852051
539.0439453125 65.7600326538086 -2.3763294219970703
539.0439453125 65.7600326538086 -2.776329517364502
538.2656860351562 65.31417846679688 -2.4663825035095215
537.6604614257812 64.6521987915039 -2.156435489654541
537.6604614257812 64.6521987915039 -2.5564355850219727
536.9981689453125 64.04732513427734 -2.246488571166992
536.9981689453125 64.04732513427734 -2.646488666534424
536.2841796875 63.504459381103516 -2.3365416526794434
536.2841796875 63.504459381103516 -2.736541748046875
535.5242919921875 63.02800369262695 -2.4265947341918945
535.5242919921875 63.02800369262695 -2.826594829559326
534.724609375 62.62181854248047 -2.5166478157043457
534.08544921875 61.98974609375 -2.206899642944336
534.08544921875 61.98974609375 -2.6068997383117676
533.3934936523438 61.41904830932617 -2.296952724456787
533.3934936523438 61.41904830932617 -2.6969528198242188
532.6530151367188 60.91289138793945 -2.3870058059692383
532.6530151367188 60.91289138793945 -2.78700590133667
531.8700561523438 60.47537612915039 -2.4770588874816895
528.7212524414062 58.00860595703125 -2.4770588874816895
528.7212524414062 58.00860595703125 -2.877058982849121
527.902099609375 57.64327621459961 -2.5671119689941406
524.544189453125 55.46968078613281 -2.5671119689941406
521.186279296875 53.296085357666016 -2.5671119689941406
517.828369140625 51.12248992919922 -2.5671119689941406
517.828369140625 51.12248992919922 -2.9671120643615723
513.8890991210938 50.428104400634766 -2.9671120643615723
509.9498291015625 49.73371887207031 -2.9671120643615723
506.01055908203125 49.03933334350586 -2.9671120643615723
502.0712890625 48.344947814941406 -2.9671120643615723
498.13201904296875 47.65056228637695 -2.9671120643615723
494.1927490234375 46.9561767578125 -2.9671120643615723
490.25347900390625 46.26179122924805 -2.9671120643615723
486.314208984375 45.567405700683594 -2.9671120643615723
482.37493896484375 44.87302017211914 -2.9671120643615723
478.4356689453125 44.17863464355469 -2.9671120643615723
474.49639892578125 43.484249114990234 -2.9671120643615723
470.55712890625 42.78986358642578 -2.9671120643615723
466.61785888671875 42.09547805786133 -2.9671120643615723
462.6785888671875 41.401092529296875 -2.9671120643615723
461.8277893066406 41.110294342041016 -2.65738582611084
461.8277893066406 41.110294342041016 -3.0573859214782715
457.8419494628906 40.77386474609375 -3.0573859214782715
453.8561096191406 40.437435150146484 -3.0573859214782715
452.9847106933594 40.22494888305664 -2.747438907623291
449.2914123535156 38.6888427734375 -2.747438907623291
449.2914123535156 38.6888427734375 3.1357462406158447
445.2914733886719 38.71222686767578 3.1357462406158447
444.4045104980469 38.57896423339844 -2.837491989135742
444.4045104980469 38.57896423339844 3.0456931591033936
440.4228820800781 38.96197509765625 3.0456931591033936
436.4412536621094 39.34498596191406 3.0456931591033936
432.9383544921875 39.595909118652344 3.094470977783203
431.97857666015625 39.49530029296875 -2.885589361190796
431.97857666015625 39.49530029296875 2.99759578704834
428.4917907714844 39.91434860229492 3.0463736057281494
427.5282897949219 39.86000442504883 -2.9336867332458496
426.62493896484375 39.520530700683594 -2.630558967590332
426.62493896484375 39.520530700683594 -3.0305590629577637
425.6929931640625 39.270023345947266 -2.727431297302246
425.6929931640625 39.270023345947266 -3.1274313926696777
424.7411804199219 39.11082458496094 -2.8243064880371094
420.9408264160156 37.86286544799805 -2.8243064880371094
417.1404724121094 36.614906311035156 -2.8243064880371094
413.3401184082031 35.366947174072266 -2.8243064880371094
409.5397644042969 34.118988037109375 -2.8243064880371094
405.7394104003906 32.871028900146484 -2.8243064880371094
401.9390563964844 31.623071670532227 -2.8243064880371094
401.9390563964844 31.623071670532227 3.0588786602020264
400.976318359375 31.556682586669922 -2.9211788177490234
397.0730895996094 30.682147979736328 -2.9211788177490234
393.16986083984375 29.807613372802734 -2.9211788177490234
393.16986083984375 29.807613372802734 2.9620063304901123
392.2052307128906 29.834651947021484 -3.0180511474609375
388.2357177734375 29.34174156188965 -3.0180511474609375
384.2662048339844 28.848831176757812 -3.0180511474609375
380.29669189453125 28.355920791625977 -3.0180511474609375
380.29669189453125 28.355920791625977 2.8651340007781982
379.3392028808594 28.476133346557617 -3.1149234771728516
375.34063720703125 28.369468688964844 -3.1149234771728516
371.3420715332031 28.26280403137207 -3.1149234771728516
367.343505859375 28.156139373779297 -3.1149234771728516
363.3449401855469 28.049474716186523 -3.1149234771728516
359.34637451171875 27.94281005859375 -3.1149234771728516
355.3478088378906 27.836145401000977 -3.1149234771728516
351.3492431640625 27.729480743408203 -3.1149234771728516
347.3506774902344 27.62281608581543 -3.1149234771728516
343.35211181640625 27.516151428222656 -3.1149234771728516
339.3535461425781 27.409486770629883 -3.1149234771728516
335.35498046875 27.30282211303711 -3.1149234771728516
331.3564147949219 27.196157455444336 -3.1149234771728516
327.35784912109375 27.089492797851562 -3.1149234771728516
323.3592834472656 26.98282814025879 -3.1149234771728516
319.3607177734375 26.876163482666016 -3.1149234771728516
319.3607177734375 26.876163482666016 2.768261671066284
318.4850769042969 27.07046127319336 3.0782086849212646
314.49310302734375 27.323827743530273 3.0782086849212646
310.5011291503906 27.577194213867188 3.0782086849212646
306.5091552734375 27.8305606842041 3.0782086849212646
302.5171813964844 28.083927154541016 3.0782086849212646
298.52520751953125 28.33729362487793 3.0782086849212646
294.5332336425781 28.590660095214844 3.0782086849212646
290.541259765625 28.844026565551758 3.0782086849212646
286.5492858886719 29.097393035888672 3.0782086849212646
282.55731201171875 29.350759506225586 3.0782086849212646
278.5653381347656 29.6041259765625 3.0782086849212646
274.5733642578125 29.857492446899414 3.0782086849212646
270.5813903808594 30.110858917236328 3.0782086849212646
266.58941650390625 30.364225387573242 3.0782086849212646
262.5974426269531 30.617591857910156 3.0782086849212646
258.60546875 30.87095832824707 3.0782086849212646
254.61349487304688 31.124324798583984 3.0782086849212646
250.62152099609375 31.3776912689209 3.0782086849212646
246.62954711914062 31.631057739257812 3.0782086849212646
242.6375732421875 31.884424209594727 3.0782086849212646
238.64559936523438 32.13779067993164 3.0782086849212646
234.65362548828125 32.39115524291992 3.0782086849212646
230.66165161132812 32.6445198059082 3.0782086849212646
226.669677734375 32.897884368896484 3.0782086849212646
222.67770385742188 33.151248931884766 3.0782086849212646
218.68572998046875 33.40461349487305 3.0782086849212646
214.69375610351562 33.65797805786133 3.0782086849212646
210.7017822265625 33.91134262084961 3.0782086849212646
206.70980834960938 34.16470718383789 3.0782086849212646
202.71783447265625 34.41807174682617 3.0782086849212646
198.72586059570312 34.67143630981445 3.0782086849212646
194.73388671875 34.924800872802734 3.0782086849212646
190.74191284179688 35.178165435791016 3.0782086849212646
186.74993896484375 35.4315299987793 3.0782086849212646
182.75796508789062 35.68489456176758 3.0782086849212646
178.7659912109375 35.93825912475586 3.0782086849212646
174.77401733398438 36.19162368774414 3.0782086849212646
170.78204345703125 36.44498825073242 3.0782086849212646
166.79006958007812 36.6983528137207 3.0782086849212646
162.798095703125 36.951717376708984 3.0782086849212646
158.80612182617188 37.205081939697266 3.0782086849212646
154.81414794921875 37.45844650268555 3.0782086849212646
150.82217407226562 37.71181106567383 3.0782086849212646
146.8302001953125 37.96517562866211 3.0782086849212646
142.83822631835938 38.21854019165039 3.0782086849212646
138.84625244140625 38.47190475463867 3.0782086849212646
134.85427856445312 38.72526931762695 3.0782086849212646
130.8623046875 38.978633880615234 3.0782086849212646
126.8703384399414 39.231998443603516 3.0782086849212646
122.87837219238281 39.4853630065918 3.0782086849212646
118.88640594482422 39.73872756958008 3.0782086849212646
114.89443969726562 39.99209213256836 3.0782086849212646
110.90247344970703 40.24545669555664 3.0782086849212646
106.91050720214844 40.49882125854492 3.0782086849212646
102.91854095458984 40.7521858215332 3.0782086849212646
98.92657470703125 41.005550384521484 3.0782086849212646
94.93460845947266 41.258914947509766 3.0782086849212646
90.94264221191406 41.51227951049805 3.0782086849212646
90.94264221191406 41.51227951049805 2.678208589553833
87.76376342773438 43.00493240356445 2.7269864082336426
84.5158920288086 44.34081268310547 2.775764226913452
81.20674896240234 45.51674270629883 2.8245420455932617
81.20674896240234 45.51674270629883 2.42454195022583
78.50418853759766 47.75938415527344 2.4733197689056396
75.69549560546875 49.867584228515625 2.522097587585449
72.787353515625 51.83633041381836 2.570875406265259
69.78667449951172 53.66093826293945 2.6196532249450684
66.70059967041016 55.337066650390625 2.668431043624878
66.70059967041016 55.337066650390625 2.2684309482574463
64.37958526611328 57.97262191772461 2.317208766937256
61.93282699584961 60.49187469482422 2.3659865856170654
59.36614227294922 62.88882827758789 2.414764404296875
