-391.5300290096121
-393.28144271413663
-395.18020437557425
-397.1472193131186
-397.1472193131186
-397.1472193131186
-397.1472193131186
-397.1472193131186
-396.83364538282814
-396.83364538282814
-396.83364538282814
-393.3520518725273
-389.88040648704396
-386.4189773527562
-382.968041486322
-379.52788512448024
-376.09880406606476
-372.68110402656544
-369.275101005561
-365.88112166733464
-362.49950373496875
-359.13059639819386
-355.77476073524133
-352.43237014892105
-349.1038108171065
-345.78948215776904
-345.78948215776904
-341.8680934957957
-337.94857822059686
-334.03097079564066
-330.11533914454196
-326.2017544171647
-322.29029118116335
-318.38102762715675
-314.47404578866633
-310.5694317780527
-306.66727603980735
-302.76767362268174
-298.8707244722852
-294.9765337459388
-291.08521215175443
-287.1968763141015
-283.31164916784695
-279.4296603839965
-275.55104682963656
-271.67595306538266
-267.804531883876
-263.93694489324986
-260.07336314991085
-256.2139678454531
-252.35895105305633
-248.50851653931176
-244.66288064809177
-240.82227326382818
-236.98693886241065
-233.1571376588684
-229.33314686206958
-225.51526204788257
-221.7037986636071
-218.97539481313683
-216.18368983315074
-213.36579534832
-213.36579534832
-213.36579534832
-213.36579534832
-213.36579534832
-213.36579534832
-215.1959998029107
-217.08448576542216
-217.08448576542216
-220.2314450926463
-223.4056960853874
-226.60609185862893
-229.83154021963557
-233.0810011139094
-236.3534841482947
-239.6480461970384
-242.9637890948386
-246.29985741942332
-249.6554363649608
-253.0297497065778
-256.4220578554262
-259.8316560030616
-263.2578723533616
-266.70006643978934
-270.15762752548915
-273.6299730834645
-277.1165473539207
-280.6168199757486
-282.43361648539263
-284.36820555940005
-284.36820555940005
-284.36820555940005
-284.36820555940005
-284.36820555940005
-284.3006890706624
-284.3006890706624
-284.3006890706624
-281.09949510789266
-277.9190000841816
-274.7599228047841
-271.6230105598767
-268.50904019334496
-265.41881918867807
-262.3531867683209
-259.31301500213056
-257.0807990339936
-253.79201519100903
-250.52392462968925
-247.27734781698712
-244.05314355812075
-241.6986475893633
-238.24916894481905
-234.8171562007146
-231.40338648431413
-228.92534272483215
-225.31381144824365
-221.71561625126353
-218.1314170923355
-214.56191537277383
-211.0078569789436
-208.43980263538975
-204.71351876411217
-204.71351876411217
-204.71351876411217
-204.71351876411217
-204.71351876411217
-204.71351876411217
-204.71351876411217
-204.71351876411217
-204.71351876411217
-204.71351876411217
-204.71351876411217
