60.0 450.0 1.1853982210159302
60.0 450.0 1.5853981971740723
60.0 450.0 1.9853981733322144
60.0 450.0 2.3853981494903564
60.0 450.0 2.785398244857788
60.0 450.0 -3.0977869033813477
60.0 450.0 -2.697786808013916
60.0 450.0 -2.2977867126464844
57.34150314331055 447.01129150390625 -2.2977867126464844
54.683006286621094 444.0225830078125 -2.2977867126464844
52.02450942993164 441.03387451171875 -2.2977867126464844
49.36601257324219 438.045166015625 -2.2977867126464844
46.707515716552734 435.05645751953125 -2.2977867126464844
44.04901885986328 432.0677490234375 -2.2977867126464844
41.39052200317383 429.07904052734375 -2.2977867126464844
38.732025146484375 426.09033203125 -2.2977867126464844
36.07352828979492 423.10162353515625 -2.2977867126464844
33.41503143310547 420.1129150390625 -2.2977867126464844
31.57037925720215 417.80694580078125 -2.1932220458984375
29.534423828125 414.8447265625 -2.1526877880096436
27.620182037353516 411.8024597167969 -2.1121530532836914
25.830717086791992 408.6850280761719 -2.0716304779052734
24.16908836364746 405.49774169921875 -2.031095504760742
22.637985229492188 402.2457580566406 -1.9905606508255005
21.23992347717285 398.93438720703125 -1.9500257968902588
19.97719955444336 395.569091796875 -1.909490942955017
18.851886749267578 392.1553955078125 -1.8689560890197754
17.865835189819336 388.6988830566406 -1.8284212350845337
17.02066421508789 385.20526123046875 -1.787886381149292
17.02066421508789 385.20526123046875 -1.7473515272140503
17.02066421508789 385.20526123046875 -1.7068166732788086
16.60552978515625 381.6349182128906 -1.666281819343567
16.60552978515625 381.6349182128906 -1.6257469654083252
16.60552978515625 381.6349182128906 -1.5852121114730835
16.626562118530273 378.04058837890625 -1.5446772575378418
16.79323387145996 374.4500427246094 -1.5041424036026
17.105270385742188 370.86920166015625 -1.4636075496673584
17.56216049194336 367.303955078125 -1.4230726957321167
18.16315269470215 363.7601623535156 -1.382537841796875
18.906906127929688 360.2548522949219 -1.3408972024917603
19.818424224853516 356.360107421875 -1.3408972024917603
20.729942321777344 352.4653625488281 -1.3408972024917603
21.641460418701172 348.57061767578125 -1.3408972024917603
22.552978515625 344.6758728027344 -1.3408972024917603
23.464496612548828 340.7811279296875 -1.3408972024917603
24.376014709472656 336.8863830566406 -1.3408972024917603
25.287532806396484 332.99163818359375 -1.3408972024917603
26.199050903320312 329.0968933105469 -1.3408972024917603
27.11056900024414 325.2021484375 -1.3408972024917603
27.11056900024414 325.2021484375 -0.9408972263336182
27.11056900024414 325.2021484375 -0.5408972501754761
27.11056900024414 325.2021484375 -0.1408972442150116
27.11056900024414 325.2021484375 0.2591027617454529
30.97705078125 326.22698974609375 0.2591027617454529
34.84353256225586 327.2518310546875 0.2591027617454529
38.71001434326172 328.27667236328125 0.2591027617454529
42.57649612426758 329.301513671875 0.2591027617454529
46.44297790527344 330.32635498046875 0.2591027617454529
50.3094596862793 331.3511962890625 0.2591027617454529
54.175941467285156 332.37603759765625 0.2591027617454529
57.89897537231445 333.3910217285156 0.2732086777687073
60.53065490722656 334.30377197265625 0.39449071884155273
63.8203125 335.752197265625 0.4350249171257019
67.04856872558594 337.3327331542969 0.4755597710609436
70.21012115478516 339.0428161621094 0.5160946249961853
73.29977416992188 340.8796081542969 0.556629478931427
76.31245422363281 342.840087890625 0.5971643328666687
79.24321746826172 344.9210510253906 0.6376991868019104
82.08724212646484 347.1190490722656 0.6782340407371521
84.83985900878906 349.4305114746094 0.7187688946723938
87.49655151367188 351.85162353515625 0.7593037486076355
87.49655151367188 351.85162353515625 1.1593037843704224
87.49655151367188 351.85162353515625 1.5593037605285645
87.49655151367188 351.85162353515625 1.9593037366867065
87.49655151367188 351.85162353515625 2.3593037128448486
87.49655151367188 351.85162353515625 2.7593038082122803
87.49655151367188 351.85162353515625 -3.1238813400268555
87.49655151367188 351.85162353515625 -2.723881244659424
83.84046936035156 350.22894287109375 -2.723881244659424
80.18438720703125 348.60626220703125 -2.723881244659424
76.52830505371094 346.98358154296875 -2.723881244659424
76.52830505371094 346.98358154296875 -2.323881149291992
76.52830505371094 346.98358154296875 -1.92388117313385
76.52830505371094 346.98358154296875 -1.523881196975708
76.34071350097656 350.97918701171875 -1.523881196975708
76.15312194824219 354.97479248046875 -1.523881196975708
75.96553039550781 358.97039794921875 -1.523881196975708
75.77793884277344 362.96600341796875 -1.523881196975708
75.77793884277344 362.96600341796875 -1.123881220817566
75.77793884277344 362.96600341796875 -0.7238812446594238
75.77793884277344 362.96600341796875 -0.32388123869895935
79.5699691772461 361.6930236816406 -0.32388123869895935
82.99726867675781 360.61981201171875 -0.2830459773540497
86.4682846069336 359.6861267089844 -0.24251112341880798
89.97428894042969 358.89385986328125 -0.20197626948356628
93.50951385498047 358.24432373046875 -0.16144141554832458
97.06816101074219 357.73858642578125 -0.12090656161308289
97.06816101074219 357.73858642578125 -0.08037170767784119
97.06816101074219 357.73858642578125 -0.03983685374259949
97.06816101074219 357.73858642578125 0.0006980001926422119
97.06816101074219 357.73858642578125 0.04123285412788391
97.06816101074219 357.73858642578125 0.08176770806312561
97.06816101074219 357.73858642578125 0.12230256199836731
97.06816101074219 357.73858642578125 0.162837415933609
97.06816101074219 357.73858642578125 0.5628374218940735
97.06816101074219 357.73858642578125 0.9628374576568604
99.35293579101562 361.0218505859375 0.9628374576568604
101.63771057128906 364.30511474609375 0.9628374576568604
103.9224853515625 367.58837890625 0.9628374576568604
106.20726013183594 370.87164306640625 0.9628374576568604
108.49203491210938 374.1549072265625 0.9628374576568604
110.77680969238281 377.43817138671875 0.9628374576568604
113.06158447265625 380.721435546875 0.9628374576568604
115.34635925292969 384.00469970703125 0.9628374576568604
117.63113403320312 387.2879638671875 0.9628374576568604
119.91590881347656 390.57122802734375 0.9628374576568604
122.20068359375 393.8544921875 0.9628374576568604
124.48545837402344 397.13775634765625 0.9628374576568604
126.77023315429688 400.4210205078125 0.9628374576568604
129.0550079345703 403.70428466796875 0.9628374576568604
131.33978271484375 406.987548828125 0.9628374576568604
133.6245574951172 410.27081298828125 0.9628374576568604
135.90933227539062 413.5540771484375 0.9628374576568604
138.19410705566406 416.83734130859375 0.9628374576568604
140.4788818359375 420.12060546875 0.9628374576568604
142.76365661621094 423.40386962890625 0.9628374576568604
144.2132110595703 425.7824401855469 1.084119439125061
145.8295440673828 428.992919921875 1.1246542930603027
147.314453125 432.2662658691406 1.1651891469955444
148.66549682617188 435.59710693359375 1.2057240009307861
149.8804473876953 438.9799499511719 1.2462588548660278
150.9573211669922 442.40924072265625 1.2867937088012695
151.89434814453125 445.8793640136719 1.3273285627365112
152.68997192382812 449.3846130371094 1.367863416671753
152.68997192382812 449.3846130371094 1.767863392829895
152.68997192382812 449.3846130371094 2.167863368988037
152.68997192382812 449.3846130371094 2.5678634643554688
152.68997192382812 449.3846130371094 2.9678635597229004
152.68997192382812 449.3846130371094 -2.9153215885162354
152.68997192382812 449.3846130371094 -2.5153214931488037
152.68997192382812 449.3846130371094 -2.115321397781372
152.68997192382812 449.3846130371094 -1.71532142162323
152.11387634277344 445.42633056640625 -1.71532142162323
151.53778076171875 441.468017578125 -1.71532142162323
150.96168518066406 437.50970458984375 -1.71532142162323
150.38558959960938 433.5513916015625 -1.71532142162323
149.8094940185547 429.59307861328125 -1.71532142162323
149.2333984375 425.634765625 -1.71532142162323
148.6573028564453 421.67645263671875 -1.71532142162323
148.08120727539062 417.7181396484375 -1.71532142162323
147.50511169433594 413.75982666015625 -1.71532142162323
146.92901611328125 409.801513671875 -1.71532142162323
146.35292053222656 405.84320068359375 -1.71532142162323
145.77682495117188 401.8848876953125 -1.71532142162323
145.2007293701172 397.92657470703125 -1.71532142162323
144.6246337890625 393.96826171875 -1.71532142162323
144.0485382080078 390.00994873046875 -1.71532142162323
143.47244262695312 386.0516357421875 -1.71532142162323
142.89634704589844 382.09332275390625 -1.71532142162323
142.32025146484375 378.135009765625 -1.71532142162323
141.74415588378906 374.17669677734375 -1.71532142162323
141.16806030273438 370.2183837890625 -1.71532142162323
140.5919647216797 366.26007080078125 -1.71532142162323
140.015869140625 362.3017578125 -1.71532142162323
139.4397735595703 358.34344482421875 -1.71532142162323
138.86367797851562 354.3851318359375 -1.71532142162323
138.28758239746094 350.42681884765625 -1.71532142162323
137.71148681640625 346.468505859375 -1.71532142162323
137.13539123535156 342.51019287109375 -1.71532142162323
136.55929565429688 338.5518798828125 -1.71532142162323
135.9832000732422 334.59356689453125 -1.71532142162323
135.4071044921875 330.63525390625 -1.71532142162323
134.8310089111328 326.67694091796875 -1.71532142162323
134.25491333007812 322.7186279296875 -1.71532142162323
133.67881774902344 318.76031494140625 -1.71532142162323
133.67881774902344 318.76031494140625 -1.315321445465088
134.68963623046875 314.89013671875 -1.315321445465088
135.70045471191406 311.01995849609375 -1.315321445465088
136.71127319335938 307.1497802734375 -1.315321445465088
137.7220916748047 303.27960205078125 -1.315321445465088
138.73291015625 299.409423828125 -1.315321445465088
139.7437286376953 295.53924560546875 -1.315321445465088
140.75454711914062 291.6690673828125 -1.315321445465088
141.76536560058594 287.79888916015625 -1.315321445465088
142.77618408203125 283.9287109375 -1.315321445465088
143.78700256347656 280.05853271484375 -1.315321445465088
144.79782104492188 276.1883544921875 -1.315321445465088
145.8086395263672 272.31817626953125 -1.315321445465088
146.8194580078125 268.447998046875 -1.315321445465088
147.8302764892578 264.57781982421875 -1.315321445465088
148.84109497070312 260.7076416015625 -1.315321445465088
149.85191345214844 256.83746337890625 -1.315321445465088
150.86273193359375 252.96728515625 -1.315321445465088
151.87355041503906 249.09710693359375 -1.315321445465088
152.88436889648438 245.2269287109375 -1.315321445465088
153.8951873779297 241.35675048828125 -1.315321445465088
154.906005859375 237.486572265625 -1.315321445465088
155.9168243408203 233.61639404296875 -1.315321445465088
154.906005859375 237.486572265625 -1.315321445465088
155.9168243408203 233.61639404296875 -1.315321445465088
154.906005859375 237.486572265625 -1.315321445465088
155.9168243408203 233.61639404296875 -1.315321445465088
154.906005859375 237.486572265625 -1.315321445465088
155.9168243408203 233.61639404296875 -1.315321445465088
154.906005859375 237.486572265625 -1.315321445465088
155.9168243408203 233.61639404296875 -1.315321445465088
154.906005859375 237.486572265625 -1.315321445465088
155.9168243408203 233.61639404296875 -1.315321445465088
154.906005859375 237.486572265625 -1.315321445465088
155.9168243408203 233.61639404296875 -1.315321445465088
154.906005859375 237.486572265625 -1.315321445465088
155.9168243408203 233.61639404296875 -1.315321445465088
154.906005859375 237.486572265625 -1.315321445465088
155.9168243408203 233.61639404296875 -1.315321445465088
154.906005859375 237.486572265625 -1.315321445465088
155.9168243408203 233.61639404296875 -1.315321445465088
154.906005859375 237.486572265625 -1.315321445465088
155.9168243408203 233.61639404296875 -1.315321445465088
154.906005859375 237.486572265625 -1.315321445465088
155.9168243408203 233.61639404296875 -1.315321445465088
154.906005859375 237.486572265625 -1.315321445465088
155.9168243408203 233.61639404296875 -1.315321445465088
154.906005859375 237.486572265625 -1.315321445465088
155.9168243408203 233.61639404296875 -1.315321445465088
154.906005859375 237.486572265625 -1.315321445465088
155.9168243408203 233.61639404296875 -1.315321445465088
154.906005859375 237.486572265625 -1.315321445465088
155.9168243408203 233.61639404296875 -1.315321445465088
154.906005859375 237.486572265625 -1.315321445465088
155.9168243408203 233.61639404296875 -1.315321445465088
154.906005859375 237.486572265625 -1.315321445465088
155.9168243408203 233.61639404296875 -1.315321445465088
154.906005859375 237.486572265625 -1.315321445465088
155.9168243408203 233.61639404296875 -1.315321445465088
154.906005859375 237.486572265625 -1.315321445465088
155.9168243408203 233.61639404296875 -1.315321445465088
154.906005859375 237.486572265625 -1.315321445465088
155.9168243408203 233.61639404296875 -1.315321445465088
154.906005859375 237.486572265625 -1.315321445465088
155.9168243408203 233.61639404296875 -1.315321445465088
154.906005859375 237.486572265625 -1.315321445465088
155.9168243408203 233.61639404296875 -1.315321445465088
154.906005859375 237.486572265625 -1.315321445465088
155.9168243408203 233.61639404296875 -1.315321445465088
154.906005859375 237.486572265625 -1.315321445465088
155.9168243408203 233.61639404296875 -1.315321445465088
154.906005859375 237.486572265625 -1.315321445465088
155.9168243408203 233.61639404296875 -1.315321445465088
154.906005859375 237.486572265625 -1.315321445465088
155.9168243408203 233.61639404296875 -1.315321445465088
154.906005859375 237.486572265625 -1.315321445465088
155.9168243408203 233.61639404296875 -1.315321445465088
154.906005859375 237.486572265625 -1.315321445465088
155.9168243408203 233.61639404296875 -1.315321445465088
154.906005859375 237.486572265625 -1.315321445465088
155.9168243408203 233.61639404296875 -1.315321445465088
154.906005859375 237.486572265625 -1.315321445465088
155.9168243408203 233.61639404296875 -1.315321445465088
154.906005859375 237.486572265625 -1.315321445465088
155.9168243408203 233.61639404296875 -1.315321445465088
154.906005859375 237.486572265625 -1.315321445465088
155.9168243408203 233.61639404296875 -1.315321445465088
154.906005859375 237.486572265625 -1.315321445465088
155.9168243408203 233.61639404296875 -1.315321445465088
154.906005859375 237.486572265625 -1.315321445465088
155.9168243408203 233.61639404296875 -1.315321445465088
154.906005859375 237.486572265625 -1.315321445465088
155.9168243408203 233.61639404296875 -1.315321445465088
154.906005859375 237.486572265625 -1.315321445465088
155.9168243408203 233.61639404296875 -1.315321445465088
154.906005859375 237.486572265625 -1.315321445465088
155.9168243408203 233.61639404296875 -1.315321445465088
154.906005859375 237.486572265625 -1.315321445465088
155.9168243408203 233.61639404296875 -1.315321445465088
154.906005859375 237.486572265625 -1.315321445465088
155.9168243408203 233.61639404296875 -1.315321445465088
154.906005859375 237.486572265625 -1.315321445465088
155.9168243408203 233.61639404296875 -1.315321445465088
154.906005859375 237.486572265625 -1.315321445465088
155.9168243408203 233.61639404296875 -1.315321445465088
154.906005859375 237.486572265625 -1.315321445465088
155.9168243408203 233.61639404296875 -1.315321445465088
154.906005859375 237.486572265625 -1.315321445465088
155.9168243408203 233.61639404296875 -1.315321445465088
154.906005859375 237.486572265625 -1.315321445465088
155.9168243408203 233.61639404296875 -1.315321445465088
154.906005859375 237.486572265625 -1.315321445465088
155.9168243408203 233.61639404296875 -1.315321445465088
154.906005859375 237.486572265625 -1.315321445465088
155.9168243408203 233.61639404296875 -1.315321445465088
154.906005859375 237.486572265625 -1.315321445465088
155.9168243408203 233.61639404296875 -1.315321445465088
154.906005859375 237.486572265625 -1.315321445465088
155.9168243408203 233.61639404296875 -1.315321445465088
154.906005859375 237.486572265625 -1.315321445465088
155.9168243408203 233.61639404296875 -1.315321445465088
154.906005859375 237.486572265625 -1.315321445465088
155.9168243408203 233.61639404296875 -1.315321445465088
154.906005859375 237.486572265625 -1.315321445465088
155.9168243408203 233.61639404296875 -1.315321445465088
154.906005859375 237.486572265625 -1.315321445465088
155.9168243408203 233.61639404296875 -1.315321445465088
154.906005859375 237.486572265625 -1.315321445465088
155.9168243408203 233.61639404296875 -1.315321445465088
154.906005859375 237.486572265625 -1.315321445465088
155.9168243408203 233.61639404296875 -1.315321445465088
154.906005859375 237.486572265625 -1.315321445465088
155.9168243408203 233.61639404296875 -1.315321445465088
154.906005859375 237.486572265625 -1.315321445465088
155.9168243408203 233.61639404296875 -1.315321445465088
154.906005859375 237.486572265625 -1.315321445465088
155.9168243408203 233.61639404296875 -1.315321445465088
154.906005859375 237.486572265625 -1.315321445465088
155.9168243408203 233.61639404296875 -1.315321445465088
154.906005859375 237.486572265625 -1.315321445465088
155.9168243408203 233.61639404296875 -1.315321445465088
154.906005859375 237.486572265625 -1.315321445465088
155.9168243408203 233.61639404296875 -1.315321445465088
154.906005859375 237.486572265625 -1.315321445465088
155.9168243408203 233.61639404296875 -1.315321445465088
154.906005859375 237.486572265625 -1.315321445465088
155.9168243408203 233.61639404296875 -1.315321445465088
154.906005859375 237.486572265625 -1.315321445465088
155.9168243408203 233.61639404296875 -1.315321445465088
154.906005859375 237.486572265625 -1.315321445465088
155.9168243408203 233.61639404296875 -1.315321445465088
154.906005859375 237.486572265625 -1.315321445465088
155.9168243408203 233.61639404296875 -1.315321445465088
154.906005859375 237.486572265625 -1.315321445465088
155.9168243408203 233.61639404296875 -1.315321445465088
154.906005859375 237.486572265625 -1.315321445465088
155.9168243408203 233.61639404296875 -1.315321445465088
154.906005859375 237.486572265625 -1.315321445465088
155.9168243408203 233.61639404296875 -1.315321445465088
154.906005859375 237.486572265625 -1.315321445465088
155.9168243408203 233.61639404296875 -1.315321445465088
154.906005859375 237.486572265625 -1.315321445465088
155.9168243408203 233.61639404296875 -1.315321445465088
154.906005859375 237.486572265625 -1.315321445465088
155.9168243408203 233.61639404296875 -1.315321445465088
154.906005859375 237.486572265625 -1.315321445465088
155.9168243408203 233.61639404296875 -1.315321445465088
154.906005859375 237.486572265625 -1.315321445465088
155.9168243408203 233.61639404296875 -1.315321445465088
154.906005859375 237.486572265625 -1.315321445465088
155.9168243408203 233.61639404296875 -1.315321445465088
154.906005859375 237.486572265625 -1.315321445465088
155.9168243408203 233.61639404296875 -1.315321445465088
154.906005859375 237.486572265625 -1.315321445465088
155.9168243408203 233.61639404296875 -1.315321445465088
154.906005859375 237.486572265625 -1.315321445465088
155.9168243408203 233.61639404296875 -1.315321445465088
154.906005859375 237.486572265625 -1.315321445465088
155.9168243408203 233.61639404296875 -1.315321445465088
154.906005859375 237.486572265625 -1.315321445465088
155.9168243408203 233.61639404296875 -1.315321445465088
154.906005859375 237.486572265625 -1.315321445465088
155.9168243408203 233.61639404296875 -1.315321445465088
154.906005859375 237.486572265625 -1.315321445465088
155.9168243408203 233.61639404296875 -1.315321445465088
154.906005859375 237.486572265625 -1.315321445465088
155.9168243408203 233.61639404296875 -1.315321445465088
154.906005859375 237.486572265625 -1.315321445465088
155.9168243408203 233.61639404296875 -1.315321445465088
154.906005859375 237.486572265625 -1.315321445465088
155.9168243408203 233.61639404296875 -1.315321445465088
154.906005859375 237.486572265625 -1.315321445465088
155.9168243408203 233.61639404296875 -1.315321445465088
154.906005859375 237.486572265625 -1.315321445465088
155.9168243408203 233.61639404296875 -1.315321445465088
154.906005859375 237.486572265625 -1.315321445465088
155.9168243408203 233.61639404296875 -1.315321445465088
154.906005859375 237.486572265625 -1.315321445465088
155.9168243408203 233.61639404296875 -1.315321445465088
154.906005859375 237.486572265625 -1.315321445465088
155.9168243408203 233.61639404296875 -1.315321445465088
154.906005859375 237.486572265625 -1.315321445465088
155.9168243408203 233.61639404296875 -1.315321445465088
154.906005859375 237.486572265625 -1.315321445465088
155.9168243408203 233.61639404296875 -1.315321445465088
154.906005859375 237.486572265625 -1.315321445465088
155.9168243408203 233.61639404296875 -1.315321445465088
154.906005859375 237.486572265625 -1.315321445465088
155.9168243408203 233.61639404296875 -1.315321445465088
154.906005859375 237.486572265625 -1.315321445465088
155.9168243408203 233.61639404296875 -1.315321445465088
154.906005859375 237.486572265625 -1.315321445465088
155.9168243408203 233.61639404296875 -1.315321445465088
154.906005859375 237.486572265625 -1.315321445465088
155.9168243408203 233.61639404296875 -1.315321445465088
154.906005859375 237.486572265625 -1.315321445465088
155.9168243408203 233.61639404296875 -1.315321445465088
154.906005859375 237.486572265625 -1.315321445465088
155.9168243408203 233.61639404296875 -1.315321445465088
154.906005859375 237.486572265625 -1.315321445465088
155.9168243408203 233.61639404296875 -1.315321445465088
154.906005859375 237.486572265625 -1.315321445465088
155.9168243408203 233.61639404296875 -1.315321445465088
154.906005859375 237.486572265625 -1.315321445465088
155.9168243408203 233.61639404296875 -1.315321445465088
154.906005859375 237.486572265625 -1.315321445465088
155.9168243408203 233.61639404296875 -1.315321445465088
154.906005859375 237.486572265625 -1.315321445465088
155.9168243408203 233.61639404296875 -1.315321445465088
154.906005859375 237.486572265625 -1.315321445465088
155.9168243408203 233.61639404296875 -1.315321445465088
154.906005859375 237.486572265625 -1.315321445465088
155.9168243408203 233.61639404296875 -1.315321445465088
154.906005859375 237.486572265625 -1.315321445465088
155.9168243408203 233.61639404296875 -1.315321445465088
154.906005859375 237.486572265625 -1.315321445465088
155.9168243408203 233.61639404296875 -1.315321445465088
154.906005859375 237.486572265625 -1.315321445465088
155.9168243408203 233.61639404296875 -1.315321445465088
154.906005859375 237.486572265625 -1.315321445465088
155.9168243408203 233.61639404296875 -1.315321445465088
154.906005859375 237.486572265625 -1.315321445465088
155.9168243408203 233.61639404296875 -1.315321445465088
154.906005859375 237.486572265625 -1.315321445465088
155.9168243408203 233.61639404296875 -1.315321445465088
154.906005859375 237.486572265625 -1.315321445465088
155.9168243408203 233.61639404296875 -1.315321445465088
154.906005859375 237.486572265625 -1.315321445465088
155.9168243408203 233.61639404296875 -1.315321445465088
154.906005859375 237.486572265625 -1.315321445465088
155.9168243408203 233.61639404296875 -1.315321445465088
154.906005859375 237.486572265625 -1.315321445465088
155.9168243408203 233.61639404296875 -1.315321445465088
154.906005859375 237.486572265625 -1.315321445465088
155.9168243408203 233.61639404296875 -1.315321445465088
154.906005859375 237.486572265625 -1.315321445465088
155.9168243408203 233.61639404296875 -1.315321445465088
154.906005859375 237.486572265625 -1.315321445465088
155.9168243408203 233.61639404296875 -1.315321445465088
154.906005859375 237.486572265625 -1.315321445465088
155.9168243408203 233.61639404296875 -1.315321445465088
154.906005859375 237.486572265625 -1.315321445465088
155.9168243408203 233.61639404296875 -1.315321445465088
154.906005859375 237.486572265625 -1.315321445465088
155.9168243408203 233.61639404296875 -1.315321445465088
154.906005859375 237.486572265625 -1.315321445465088
155.9168243408203 233.61639404296875 -1.315321445465088
154.906005859375 237.486572265625 -1.315321445465088
155.9168243408203 233.61639404296875 -1.315321445465088
154.906005859375 237.486572265625 -1.315321445465088
155.9168243408203 233.61639404296875 -1.315321445465088
154.906005859375 237.486572265625 -1.315321445465088
155.9168243408203 233.61639404296875 -1.315321445465088
154.906005859375 237.486572265625 -1.315321445465088
155.9168243408203 233.61639404296875 -1.315321445465088
154.906005859375 237.486572265625 -1.315321445465088
155.9168243408203 233.61639404296875 -1.315321445465088
154.906005859375 237.486572265625 -1.315321445465088
155.9168243408203 233.61639404296875 -1.315321445465088
154.906005859375 237.486572265625 -1.315321445465088
155.9168243408203 233.61639404296875 -1.315321445465088
154.906005859375 237.486572265625 -1.315321445465088
155.9168243408203 233.61639404296875 -1.315321445465088
154.906005859375 237.486572265625 -1.315321445465088
155.9168243408203 233.61639404296875 -1.315321445465088
154.906005859375 237.486572265625 -1.315321445465088
155.9168243408203 233.61639404296875 -1.315321445465088
154.906005859375 237.486572265625 -1.315321445465088
155.9168243408203 233.61639404296875 -1.315321445465088
154.906005859375 237.486572265625 -1.315321445465088
155.9168243408203 233.61639404296875 -1.315321445465088
154.906005859375 237.486572265625 -1.315321445465088
155.9168243408203 233.61639404296875 -1.315321445465088
154.906005859375 237.486572265625 -1.315321445465088
155.9168243408203 233.61639404296875 -1.315321445465088
154.906005859375 237.486572265625 -1.315321445465088
155.9168243408203 233.61639404296875 -1.315321445465088
154.906005859375 237.486572265625 -1.315321445465088
155.9168243408203 233.61639404296875 -1.315321445465088
154.906005859375 237.486572265625 -1.315321445465088
155.9168243408203 233.61639404296875 -1.315321445465088
154.906005859375 237.486572265625 -1.315321445465088
155.9168243408203 233.61639404296875 -1.315321445465088
154.906005859375 237.486572265625 -1.315321445465088
155.9168243408203 233.61639404296875 -1.315321445465088
154.906005859375 237.486572265625 -1.315321445465088
155.9168243408203 233.61639404296875 -1.315321445465088
154.906005859375 237.486572265625 -1.315321445465088
155.9168243408203 233.61639404296875 -1.315321445465088
154.906005859375 237.486572265625 -1.315321445465088
155.9168243408203 233.61639404296875 -1.315321445465088
154.906005859375 237.486572265625 -1.315321445465088
155.9168243408203 233.61639404296875 -1.315321445465088
154.906005859375 237.486572265625 -1.315321445465088
155.9168243408203 233.61639404296875 -1.315321445465088
154.906005859375 237.486572265625 -1.315321445465088
155.9168243408203 233.61639404296875 -1.315321445465088
154.906005859375 237.486572265625 -1.315321445465088
155.9168243408203 233.61639404296875 -1.315321445465088
154.906005859375 237.486572265625 -1.315321445465088
155.9168243408203 233.61639404296875 -1.315321445465088
154.906005859375 237.486572265625 -1.315321445465088
155.9168243408203 233.61639404296875 -1.315321445465088
154.906005859375 237.486572265625 -1.315321445465088
155.9168243408203 233.61639404296875 -1.315321445465088
154.906005859375 237.486572265625 -1.315321445465088
155.9168243408203 233.61639404296875 -1.315321445465088
154.906005859375 237.486572265625 -1.315321445465088
155.9168243408203 233.61639404296875 -1.315321445465088
154.906005859375 237.486572265625 -1.315321445465088
155.9168243408203 233.61639404296875 -1.315321445465088
154.906005859375 237.486572265625 -1.315321445465088
155.9168243408203 233.61639404296875 -1.315321445465088
154.906005859375 237.486572265625 -1.315321445465088
155.9168243408203 233.61639404296875 -1.315321445465088
154.906005859375 237.486572265625 -1.315321445465088
155.9168243408203 233.61639404296875 -1.315321445465088
154.906005859375 237.486572265625 -1.315321445465088
155.9168243408203 233.61639404296875 -1.315321445465088
154.906005859375 237.486572265625 -1.315321445465088
155.9168243408203 233.61639404296875 -1.315321445465088
154.906005859375 237.486572265625 -1.315321445465088
155.9168243408203 233.61639404296875 -1.315321445465088
154.906005859375 237.486572265625 -1.315321445465088
155.9168243408203 233.61639404296875 -1.315321445465088
154.906005859375 237.486572265625 -1.315321445465088
155.9168243408203 233.61639404296875 -1.315321445465088
154.906005859375 237.486572265625 -1.315321445465088
155.9168243408203 233.61639404296875 -1.315321445465088
154.906005859375 237.486572265625 -1.315321445465088
155.9168243408203 233.61639404296875 -1.315321445465088
154.906005859375 237.486572265625 -1.315321445465088
155.9168243408203 233.61639404296875 -1.315321445465088
154.906005859375 237.486572265625 -1.315321445465088
155.9168243408203 233.61639404296875 -1.315321445465088
154.906005859375 237.486572265625 -1.315321445465088
155.9168243408203 233.61639404296875 -1.315321445465088
154.906005859375 237.486572265625 -1.315321445465088
155.9168243408203 233.61639404296875 -1.315321445465088
154.906005859375 237.486572265625 -1.315321445465088
155.9168243408203 233.61639404296875 -1.315321445465088
154.906005859375 237.486572265625 -1.315321445465088
155.9168243408203 233.61639404296875 -1.315321445465088
154.906005859375 237.486572265625 -1.315321445465088
155.9168243408203 233.61639404296875 -1.315321445465088
154.906005859375 237.486572265625 -1.315321445465088
155.9168243408203 233.61639404296875 -1.315321445465088
154.906005859375 237.486572265625 -1.315321445465088
155.9168243408203 233.61639404296875 -1.315321445465088
154.906005859375 237.486572265625 -1.315321445465088
155.9168243408203 233.61639404296875 -1.315321445465088
154.906005859375 237.486572265625 -1.315321445465088
155.9168243408203 233.61639404296875 -1.315321445465088
154.906005859375 237.486572265625 -1.315321445465088
155.9168243408203 233.61639404296875 -1.315321445465088
154.906005859375 237.486572265625 -1.315321445465088
155.9168243408203 233.61639404296875 -1.315321445465088
154.906005859375 237.486572265625 -1.315321445465088
155.9168243408203 233.61639404296875 -1.315321445465088
154.906005859375 237.486572265625 -1.315321445465088
155.9168243408203 233.61639404296875 -1.315321445465088
154.906005859375 237.486572265625 -1.315321445465088
155.9168243408203 233.61639404296875 -1.315321445465088
154.906005859375 237.486572265625 -1.315321445465088
155.9168243408203 233.61639404296875 -1.315321445465088
154.906005859375 237.486572265625 -1.315321445465088
155.9168243408203 233.61639404296875 -1.315321445465088
154.906005859375 237.486572265625 -1.315321445465088
155.9168243408203 233.61639404296875 -1.315321445465088
154.906005859375 237.486572265625 -1.315321445465088
155.9168243408203 233.61639404296875 -1.315321445465088
154.906005859375 237.486572265625 -1.315321445465088
155.9168243408203 233.61639404296875 -1.315321445465088
154.906005859375 237.486572265625 -1.315321445465088
155.9168243408203 233.61639404296875 -1.315321445465088
154.906005859375 237.486572265625 -1.315321445465088
155.9168243408203 233.61639404296875 -1.315321445465088
154.906005859375 237.486572265625 -1.315321445465088
155.9168243408203 233.61639404296875 -1.315321445465088
154.906005859375 237.486572265625 -1.315321445465088
155.9168243408203 233.61639404296875 -1.315321445465088
154.906005859375 237.486572265625 -1.315321445465088
155.9168243408203 233.61639404296875 -1.315321445465088
154.906005859375 237.486572265625 -1.315321445465088
155.9168243408203 233.61639404296875 -1.315321445465088
154.906005859375 237.486572265625 -1.315321445465088
155.9168243408203 233.61639404296875 -1.315321445465088
154.906005859375 237.486572265625 -1.315321445465088
155.9168243408203 233.61639404296875 -1.315321445465088
154.906005859375 237.486572265625 -1.315321445465088
155.9168243408203 233.61639404296875 -1.315321445465088
154.906005859375 237.486572265625 -1.315321445465088
155.9168243408203 233.61639404296875 -1.315321445465088
154.906005859375 237.486572265625 -1.315321445465088
155.9168243408203 233.61639404296875 -1.315321445465088
154.906005859375 237.486572265625 -1.315321445465088
155.9168243408203 233.61639404296875 -1.315321445465088
154.906005859375 237.486572265625 -1.315321445465088
155.9168243408203 233.61639404296875 -1.315321445465088
154.906005859375 237.486572265625 -1.315321445465088
155.9168243408203 233.61639404296875 -1.315321445465088
154.906005859375 237.486572265625 -1.315321445465088
155.9168243408203 233.61639404296875 -1.315321445465088
154.906005859375 237.486572265625 -1.315321445465088
155.9168243408203 233.61639404296875 -1.315321445465088
154.906005859375 237.486572265625 -1.315321445465088
155.9168243408203 233.61639404296875 -1.315321445465088
154.906005859375 237.486572265625 -1.315321445465088
155.9168243408203 233.61639404296875 -1.315321445465088
154.906005859375 237.486572265625 -1.315321445465088
155.9168243408203 233.61639404296875 -1.315321445465088
154.906005859375 237.486572265625 -1.315321445465088
155.9168243408203 233.61639404296875 -1.315321445465088
154.906005859375 237.486572265625 -1.315321445465088
155.9168243408203 233.61639404296875 -1.315321445465088
154.906005859375 237.486572265625 -1.315321445465088
155.9168243408203 233.61639404296875 -1.315321445465088
154.906005859375 237.486572265625 -1.315321445465088
155.9168243408203 233.61639404296875 -1.315321445465088
154.906005859375 237.486572265625 -1.315321445465088
155.9168243408203 233.61639404296875 -1.315321445465088
154.906005859375 237.486572265625 -1.315321445465088
155.9168243408203 233.61639404296875 -1.315321445465088
154.906005859375 237.486572265625 -1.315321445465088
155.9168243408203 233.61639404296875 -1.315321445465088
154.906005859375 237.486572265625 -1.315321445465088
155.9168243408203 233.61639404296875 -1.315321445465088
154.906005859375 237.486572265625 -1.315321445465088
155.9168243408203 233.61639404296875 -1.315321445465088
154.906005859375 237.486572265625 -1.315321445465088
155.9168243408203 233.61639404296875 -1.315321445465088
154.906005859375 237.486572265625 -1.315321445465088
155.9168243408203 233.61639404296875 -1.315321445465088
154.906005859375 237.486572265625 -1.315321445465088
155.9168243408203 233.61639404296875 -1.315321445465088
154.906005859375 237.486572265625 -1.315321445465088
155.9168243408203 233.61639404296875 -1.315321445465088
154.906005859375 237.486572265625 -1.315321445465088
155.9168243408203 233.61639404296875 -1.315321445465088
154.906005859375 237.486572265625 -1.315321445465088
155.9168243408203 233.61639404296875 -1.315321445465088
154.906005859375 237.486572265625 -1.315321445465088
155.9168243408203 233.61639404296875 -1.315321445465088
154.906005859375 237.486572265625 -1.315321445465088
155.9168243408203 233.61639404296875 -1.315321445465088
154.906005859375 237.486572265625 -1.315321445465088
155.9168243408203 233.61639404296875 -1.315321445465088
154.906005859375 237.486572265625 -1.315321445465088
155.9168243408203 233.61639404296875 -1.315321445465088
154.906005859375 237.486572265625 -1.315321445465088
155.9168243408203 233.61639404296875 -1.315321445465088
154.906005859375 237.486572265625 -1.315321445465088
155.9168243408203 233.61639404296875 -1.315321445465088
154.906005859375 237.486572265625 -1.315321445465088
155.9168243408203 233.61639404296875 -1.315321445465088
154.906005859375 237.486572265625 -1.315321445465088
155.9168243408203 233.61639404296875 -1.315321445465088
154.906005859375 237.486572265625 -1.315321445465088
155.9168243408203 233.61639404296875 -1.315321445465088
154.906005859375 237.486572265625 -1.315321445465088
155.9168243408203 233.61639404296875 -1.315321445465088
154.906005859375 237.486572265625 -1.315321445465088
155.9168243408203 233.61639404296875 -1.315321445465088
154.906005859375 237.486572265625 -1.315321445465088
155.9168243408203 233.61639404296875 -1.315321445465088
154.906005859375 237.486572265625 -1.315321445465088
155.9168243408203 233.61639404296875 -1.315321445465088
154.906005859375 237.486572265625 -1.315321445465088
155.9168243408203 233.61639404296875 -1.315321445465088
154.906005859375 237.486572265625 -1.315321445465088
155.9168243408203 233.61639404296875 -1.315321445465088
154.906005859375 237.486572265625 -1.315321445465088
155.9168243408203 233.61639404296875 -1.315321445465088
154.906005859375 237.486572265625 -1.315321445465088
155.9168243408203 233.61639404296875 -1.315321445465088
154.906005859375 237.486572265625 -1.315321445465088
155.9168243408203 233.61639404296875 -1.315321445465088
154.906005859375 237.486572265625 -1.315321445465088
155.9168243408203 233.61639404296875 -1.315321445465088
154.906005859375 237.486572265625 -1.315321445465088
155.9168243408203 233.61639404296875 -1.315321445465088
154.906005859375 237.486572265625 -1.315321445465088
155.9168243408203 233.61639404296875 -1.315321445465088
154.906005859375 237.486572265625 -1.315321445465088
155.9168243408203 233.61639404296875 -1.315321445465088
154.906005859375 237.486572265625 -1.315321445465088
155.9168243408203 233.61639404296875 -1.315321445465088
154.906005859375 237.486572265625 -1.315321445465088
155.9168243408203 233.61639404296875 -1.315321445465088
154.906005859375 237.486572265625 -1.315321445465088
155.9168243408203 233.61639404296875 -1.315321445465088
154.906005859375 237.486572265625 -1.315321445465088
155.9168243408203 233.61639404296875 -1.315321445465088
154.906005859375 237.486572265625 -1.315321445465088
155.9168243408203 233.61639404296875 -1.315321445465088
154.906005859375 237.486572265625 -1.315321445465088
155.9168243408203 233.61639404296875 -1.315321445465088
154.906005859375 237.486572265625 -1.315321445465088
155.9168243408203 233.61639404296875 -1.315321445465088
154.906005859375 237.486572265625 -1.315321445465088
155.9168243408203 233.61639404296875 -1.315321445465088
154.906005859375 237.486572265625 -1.315321445465088
155.9168243408203 233.61639404296875 -1.315321445465088
154.906005859375 237.486572265625 -1.315321445465088
155.9168243408203 233.61639404296875 -1.315321445465088
154.906005859375 237.486572265625 -1.315321445465088
155.9168243408203 233.61639404296875 -1.315321445465088
154.906005859375 237.486572265625 -1.315321445465088
155.9168243408203 233.61639404296875 -1.315321445465088
154.906005859375 237.486572265625 -1.315321445465088
155.9168243408203 233.61639404296875 -1.315321445465088
154.906005859375 237.486572265625 -1.315321445465088
155.9168243408203 233.61639404296875 -1.315321445465088
154.906005859375 237.486572265625 -1.315321445465088
155.9168243408203 233.61639404296875 -1.315321445465088
154.906005859375 237.486572265625 -1.315321445465088
155.9168243408203 233.61639404296875 -1.315321445465088
154.906005859375 237.486572265625 -1.315321445465088
155.9168243408203 233.61639404296875 -1.315321445465088
154.906005859375 237.486572265625 -1.315321445465088
155.9168243408203 233.61639404296875 -1.315321445465088
154.906005859375 237.486572265625 -1.315321445465088
155.9168243408203 233.61639404296875 -1.315321445465088
154.906005859375 237.486572265625 -1.315321445465088
155.9168243408203 233.61639404296875 -1.315321445465088
154.906005859375 237.486572265625 -1.315321445465088
155.9168243408203 233.61639404296875 -1.315321445465088
154.906005859375 237.486572265625 -1.315321445465088
155.9168243408203 233.61639404296875 -1.315321445465088
154.906005859375 237.486572265625 -1.315321445465088
155.9168243408203 233.61639404296875 -1.315321445465088
154.906005859375 237.486572265625 -1.315321445465088
155.9168243408203 233.61639404296875 -1.315321445465088
154.906005859375 237.486572265625 -1.315321445465088
155.9168243408203 233.61639404296875 -1.315321445465088
154.906005859375 237.486572265625 -1.315321445465088
155.9168243408203 233.61639404296875 -1.315321445465088
154.906005859375 237.486572265625 -1.315321445465088
155.9168243408203 233.61639404296875 -1.315321445465088
154.906005859375 237.486572265625 -1.315321445465088
155.9168243408203 233.61639404296875 -1.315321445465088
154.906005859375 237.486572265625 -1.315321445465088
155.9168243408203 233.61639404296875 -1.315321445465088
154.906005859375 237.486572265625 -1.315321445465088
155.9168243408203 233.61639404296875 -1.315321445465088
154.906005859375 237.486572265625 -1.315321445465088
155.9168243408203 233.61639404296875 -1.315321445465088
154.906005859375 237.486572265625 -1.315321445465088
155.9168243408203 233.61639404296875 -1.315321445465088
154.906005859375 237.486572265625 -1.315321445465088
155.9168243408203 233.61639404296875 -1.315321445465088
154.906005859375 237.486572265625 -1.315321445465088
155.9168243408203 233.61639404296875 -1.315321445465088
154.906005859375 237.486572265625 -1.315321445465088
155.9168243408203 233.61639404296875 -1.315321445465088
154.906005859375 237.486572265625 -1.315321445465088
155.9168243408203 233.61639404296875 -1.315321445465088
154.906005859375 237.486572265625 -1.315321445465088
155.9168243408203 233.61639404296875 -1.315321445465088
154.906005859375 237.486572265625 -1.315321445465088
155.9168243408203 233.61639404296875 -1.315321445465088
154.906005859375 237.486572265625 -1.315321445465088
155.9168243408203 233.61639404296875 -1.315321445465088
154.906005859375 237.486572265625 -1.315321445465088
155.9168243408203 233.61639404296875 -1.315321445465088
154.906005859375 237.486572265625 -1.315321445465088
155.9168243408203 233.61639404296875 -1.315321445465088
154.906005859375 237.486572265625 -1.315321445465088
155.9168243408203 233.61639404296875 -1.315321445465088
154.906005859375 237.486572265625 -1.315321445465088
155.9168243408203 233.61639404296875 -1.315321445465088
154.906005859375 237.486572265625 -1.315321445465088
155.9168243408203 233.61639404296875 -1.315321445465088
154.906005859375 237.486572265625 -1.315321445465088
155.9168243408203 233.61639404296875 -1.315321445465088
154.906005859375 237.486572265625 -1.315321445465088
155.9168243408203 233.61639404296875 -1.315321445465088
154.906005859375 237.486572265625 -1.315321445465088
155.9168243408203 233.61639404296875 -1.315321445465088
154.906005859375 237.486572265625 -1.315321445465088
155.9168243408203 233.61639404296875 -1.315321445465088
154.906005859375 237.486572265625 -1.315321445465088
155.9168243408203 233.61639404296875 -1.315321445465088
154.906005859375 237.486572265625 -1.315321445465088
155.9168243408203 233.61639404296875 -1.315321445465088
154.906005859375 237.486572265625 -1.315321445465088
155.9168243408203 233.61639404296875 -1.315321445465088
154.906005859375 237.486572265625 -1.315321445465088
155.9168243408203 233.61639404296875 -1.315321445465088
154.906005859375 237.486572265625 -1.315321445465088
155.9168243408203 233.61639404296875 -1.315321445465088
154.906005859375 237.486572265625 -1.315321445465088
155.9168243408203 233.61639404296875 -1.315321445465088
154.906005859375 237.486572265625 -1.315321445465088
155.9168243408203 233.61639404296875 -1.315321445465088
154.906005859375 237.486572265625 -1.315321445465088
155.9168243408203 233.61639404296875 -1.315321445465088
154.906005859375 237.486572265625 -1.315321445465088
155.9168243408203 233.61639404296875 -1.315321445465088
154.906005859375 237.486572265625 -1.315321445465088
155.9168243408203 233.61639404296875 -1.315321445465088
154.906005859375 237.486572265625 -1.315321445465088
155.9168243408203 233.61639404296875 -1.315321445465088
154.906005859375 237.486572265625 -1.315321445465088
155.9168243408203 233.61639404296875 -1.315321445465088
154.906005859375 237.486572265625 -1.315321445465088
155.9168243408203 233.61639404296875 -1.315321445465088
154.906005859375 237.486572265625 -1.315321445465088
155.9168243408203 233.61639404296875 -1.315321445465088
154.906005859375 237.486572265625 -1.315321445465088
155.9168243408203 233.61639404296875 -1.315321445465088
154.906005859375 237.486572265625 -1.315321445465088
155.9168243408203 233.61639404296875 -1.315321445465088
154.906005859375 237.486572265625 -1.315321445465088
155.9168243408203 233.61639404296875 -1.315321445465088
154.906005859375 237.486572265625 -1.315321445465088
155.9168243408203 233.61639404296875 -1.315321445465088
154.906005859375 237.486572265625 -1.315321445465088
155.9168243408203 233.61639404296875 -1.315321445465088
154.906005859375 237.486572265625 -1.315321445465088
155.9168243408203 233.61639404296875 -1.315321445465088
154.906005859375 237.486572265625 -1.315321445465088
155.9168243408203 233.61639404296875 -1.315321445465088
154.906005859375 237.486572265625 -1.315321445465088
155.9168243408203 233.61639404296875 -1.315321445465088
154.906005859375 237.486572265625 -1.315321445465088
155.9168243408203 233.61639404296875 -1.315321445465088
154.906005859375 237.486572265625 -1.315321445465088
155.9168243408203 233.61639404296875 -1.315321445465088
154.906005859375 237.486572265625 -1.315321445465088
155.9168243408203 233.61639404296875 -1.315321445465088
154.906005859375 237.486572265625 -1.315321445465088
155.9168243408203 233.61639404296875 -1.315321445465088
154.906005859375 237.486572265625 -1.315321445465088
155.9168243408203 233.61639404296875 -1.315321445465088
154.906005859375 237.486572265625 -1.315321445465088
155.9168243408203 233.61639404296875 -1.315321445465088
154.906005859375 237.486572265625 -1.315321445465088
155.9168243408203 233.61639404296875 -1.315321445465088
154.906005859375 237.486572265625 -1.315321445465088
155.9168243408203 233.61639404296875 -1.315321445465088
154.906005859375 237.486572265625 -1.315321445465088
155.9168243408203 233.61639404296875 -1.315321445465088
154.906005859375 237.486572265625 -1.315321445465088
155.9168243408203 233.61639404296875 -1.315321445465088
154.906005859375 237.486572265625 -1.315321445465088
155.9168243408203 233.61639404296875 -1.315321445465088
154.906005859375 237.486572265625 -1.315321445465088
155.9168243408203 233.61639404296875 -1.315321445465088
154.906005859375 237.486572265625 -1.315321445465088
155.9168243408203 233.61639404296875 -1.315321445465088
154.906005859375 237.486572265625 -1.315321445465088
155.9168243408203 233.61639404296875 -1.315321445465088
154.906005859375 237.486572265625 -1.315321445465088
155.9168243408203 233.61639404296875 -1.315321445465088
154.906005859375 237.486572265625 -1.315321445465088
155.9168243408203 233.61639404296875 -1.315321445465088
154.906005859375 237.486572265625 -1.315321445465088
155.9168243408203 233.61639404296875 -1.315321445465088
154.906005859375 237.486572265625 -1.315321445465088
155.9168243408203 233.61639404296875 -1.315321445465088
154.906005859375 237.486572265625 -1.315321445465088
155.9168243408203 233.61639404296875 -1.315321445465088
154.906005859375 237.486572265625 -1.315321445465088
155.9168243408203 233.61639404296875 -1.315321445465088
154.906005859375 237.486572265625 -1.315321445465088
155.9168243408203 233.61639404296875 -1.315321445465088
154.906005859375 237.486572265625 -1.315321445465088
155.9168243408203 233.61639404296875 -1.315321445465088
154.906005859375 237.486572265625 -1.315321445465088
155.9168243408203 233.61639404296875 -1.315321445465088
154.906005859375 237.486572265625 -1.315321445465088
155.9168243408203 233.61639404296875 -1.315321445465088
154.906005859375 237.486572265625 -1.315321445465088
155.9168243408203 233.61639404296875 -1.315321445465088
154.906005859375 237.486572265625 -1.315321445465088
155.9168243408203 233.61639404296875 -1.315321445465088
154.906005859375 237.486572265625 -1.315321445465088
155.9168243408203 233.61639404296875 -1.315321445465088
154.906005859375 237.486572265625 -1.315321445465088
155.9168243408203 233.61639404296875 -1.315321445465088
154.906005859375 237.486572265625 -1.315321445465088
155.9168243408203 233.61639404296875 -1.315321445465088
154.906005859375 237.486572265625 -1.315321445465088
155.9168243408203 233.61639404296875 -1.315321445465088
154.906005859375 237.486572265625 -1.315321445465088
155.9168243408203 233.61639404296875 -1.315321445465088
154.906005859375 237.486572265625 -1.315321445465088
155.9168243408203 233.61639404296875 -1.315321445465088
154.906005859375 237.486572265625 -1.315321445465088
155.9168243408203 233.61639404296875 -1.315321445465088
154.906005859375 237.486572265625 -1.315321445465088
155.9168243408203 233.61639404296875 -1.315321445465088
154.906005859375 237.486572265625 -1.315321445465088
155.9168243408203 233.61639404296875 -1.315321445465088
154.906005859375 237.486572265625 -1.315321445465088
155.9168243408203 233.61639404296875 -1.315321445465088
154.906005859375 237.486572265625 -1.315321445465088
155.9168243408203 233.61639404296875 -1.315321445465088
154.906005859375 237.486572265625 -1.315321445465088
155.9168243408203 233.61639404296875 -1.315321445465088
154.906005859375 237.486572265625 -1.315321445465088
155.9168243408203 233.61639404296875 -1.315321445465088
154.906005859375 237.486572265625 -1.315321445465088
155.9168243408203 233.61639404296875 -1.315321445465088
154.906005859375 237.486572265625 -1.315321445465088
155.9168243408203 233.61639404296875 -1.315321445465088
154.906005859375 237.486572265625 -1.315321445465088
155.9168243408203 233.61639404296875 -1.315321445465088
154.906005859375 237.486572265625 -1.315321445465088
155.9168243408203 233.61639404296875 -1.315321445465088
154.906005859375 237.486572265625 -1.315321445465088
155.9168243408203 233.61639404296875 -1.315321445465088
154.906005859375 237.486572265625 -1.315321445465088
155.9168243408203 233.61639404296875 -1.315321445465088
154.906005859375 237.486572265625 -1.315321445465088
155.9168243408203 233.61639404296875 -1.315321445465088
154.906005859375 237.486572265625 -1.315321445465088
155.9168243408203 233.61639404296875 -1.315321445465088
154.906005859375 237.486572265625 -1.315321445465088
155.9168243408203 233.61639404296875 -1.315321445465088
154.906005859375 237.486572265625 -1.315321445465088
155.9168243408203 233.61639404296875 -1.315321445465088
154.906005859375 237.486572265625 -1.315321445465088
155.9168243408203 233.61639404296875 -1.315321445465088
154.906005859375 237.486572265625 -1.315321445465088
155.9168243408203 233.61639404296875 -1.315321445465088
154.906005859375 237.486572265625 -1.315321445465088
155.9168243408203 233.61639404296875 -1.315321445465088
154.906005859375 237.486572265625 -1.315321445465088
155.9168243408203 233.61639404296875 -1.315321445465088
154.906005859375 237.486572265625 -1.315321445465088
155.9168243408203 233.61639404296875 -1.315321445465088
154.906005859375 237.486572265625 -1.315321445465088
155.9168243408203 233.61639404296875 -1.315321445465088
154.906005859375 237.486572265625 -1.315321445465088
155.9168243408203 233.61639404296875 -1.315321445465088
154.906005859375 237.486572265625 -1.315321445465088
155.9168243408203 233.61639404296875 -1.315321445465088
154.906005859375 237.486572265625 -1.315321445465088
155.9168243408203 233.61639404296875 -1.315321445465088
154.906005859375 237.486572265625 -1.315321445465088
155.9168243408203 233.61639404296875 -1.315321445465088
154.906005859375 237.486572265625 -1.315321445465088
155.9168243408203 233.61639404296875 -1.315321445465088
154.906005859375 237.486572265625 -1.315321445465088
155.9168243408203 233.61639404296875 -1.315321445465088
154.906005859375 237.486572265625 -1.315321445465088
155.9168243408203 233.61639404296875 -1.315321445465088
154.906005859375 237.486572265625 -1.315321445465088
155.9168243408203 233.61639404296875 -1.315321445465088
154.906005859375 237.486572265625 -1.315321445465088
155.9168243408203 233.61639404296875 -1.315321445465088
154.906005859375 237.486572265625 -1.315321445465088
155.9168243408203 233.61639404296875 -1.315321445465088
154.906005859375 237.486572265625 -1.315321445465088
155.9168243408203 233.61639404296875 -1.315321445465088
154.906005859375 237.486572265625 -1.315321445465088
155.9168243408203 233.61639404296875 -1.315321445465088
154.906005859375 237.486572265625 -1.315321445465088
155.9168243408203 233.61639404296875 -1.315321445465088
154.906005859375 237.486572265625 -1.315321445465088
155.9168243408203 233.61639404296875 -1.315321445465088
154.906005859375 237.486572265625 -1.315321445465088
155.9168243408203 233.61639404296875 -1.315321445465088
154.906005859375 237.486572265625 -1.315321445465088
155.9168243408203 233.61639404296875 -1.315321445465088
154.906005859375 237.486572265625 -1.315321445465088
155.9168243408203 233.61639404296875 -1.315321445465088
154.906005859375 237.486572265625 -1.315321445465088
155.9168243408203 233.61639404296875 -1.315321445465088
154.906005859375 237.486572265625 -1.315321445465088
155.9168243408203 233.61639404296875 -1.315321445465088
154.906005859375 237.486572265625 -1.315321445465088
155.9168243408203 233.61639404296875 -1.315321445465088
154.906005859375 237.486572265625 -1.315321445465088
155.9168243408203 233.61639404296875 -1.315321445465088
154.906005859375 237.486572265625 -1.315321445465088
155.9168243408203 233.61639404296875 -1.315321445465088
154.906005859375 237.486572265625 -1.315321445465088
155.9168243408203 233.61639404296875 -1.315321445465088
154.906005859375 237.486572265625 -1.315321445465088
155.9168243408203 233.61639404296875 -1.315321445465088
154.906005859375 237.486572265625 -1.315321445465088
155.9168243408203 233.61639404296875 -1.315321445465088
154.906005859375 237.486572265625 -1.315321445465088
155.9168243408203 233.61639404296875 -1.315321445465088
154.906005859375 237.486572265625 -1.315321445465088
155.9168243408203 233.61639404296875 -1.315321445465088
154.906005859375 237.486572265625 -1.315321445465088
155.9168243408203 233.61639404296875 -1.315321445465088
154.906005859375 237.486572265625 -1.315321445465088
155.9168243408203 233.61639404296875 -1.315321445465088
154.906005859375 237.486572265625 -1.315321445465088
155.9168243408203 233.61639404296875 -1.315321445465088
154.906005859375 237.486572265625 -1.315321445465088
155.9168243408203 233.61639404296875 -1.315321445465088
154.906005859375 237.486572265625 -1.315321445465088
155.9168243408203 233.61639404296875 -1.315321445465088
154.906005859375 237.486572265625 -1.315321445465088
155.9168243408203 233.61639404296875 -1.315321445465088
154.906005859375 237.486572265625 -1.315321445465088
155.9168243408203 233.61639404296875 -1.315321445465088
154.906005859375 237.486572265625 -1.315321445465088
155.9168243408203 233.61639404296875 -1.315321445465088
