61.2462272644043 451.5280456542969 0.9878796339035034
62.159698486328125 453.2755126953125 1.1903610229492188
62.703094482421875 455.17095947265625 1.392842411994934
62.854209899902344 457.136962890625 1.5953238010406494
62.854209899902344 457.136962890625 1.9953237771987915
62.854209899902344 457.136962890625 2.3953237533569336
62.854209899902344 457.136962890625 2.7953238487243652
62.854209899902344 457.136962890625 -3.0878612995147705
60.906028747558594 456.8326110839844 -2.8853797912597656
60.906028747558594 456.8326110839844 -2.485379695892334
60.906028747558594 456.8326110839844 -2.0853796005249023
58.937339782714844 453.3506164550781 -2.0853796005249023
56.968650817871094 449.8686218261719 -2.0853796005249023
54.999961853027344 446.3866271972656 -2.0853796005249023
53.031272888183594 442.9046325683594 -2.0853796005249023
51.062583923339844 439.4226379394531 -2.0853796005249023
49.093894958496094 435.9406433105469 -2.0853796005249023
47.125205993652344 432.4586486816406 -2.0853796005249023
45.156517028808594 428.9766540527344 -2.0853796005249023
43.187828063964844 425.4946594238281 -2.0853796005249023
41.219139099121094 422.0126647949219 -2.0853796005249023
39.250450134277344 418.5306701660156 -2.0853796005249023
37.281761169433594 415.0486755371094 -2.0853796005249023
35.313072204589844 411.5666809082031 -2.0853796005249023
33.344383239746094 408.0846862792969 -2.0853796005249023
31.375694274902344 404.6026916503906 -2.0853796005249023
31.375694274902344 404.6026916503906 -1.6853796243667603
30.918363571166992 400.62890625 -1.6853796243667603
30.46103286743164 396.6551513671875 -1.6853796243667603
30.00370216369629 392.681396484375 -1.6853796243667603
29.546371459960938 388.7076416015625 -1.6853796243667603
29.089040756225586 384.73388671875 -1.6853796243667603
28.631710052490234 380.7601318359375 -1.6853796243667603
28.174379348754883 376.786376953125 -1.6853796243667603
27.71704864501953 372.8126220703125 -1.6853796243667603
27.25971794128418 368.8388671875 -1.6853796243667603
26.802387237548828 364.8651123046875 -1.6853796243667603
26.345056533813477 360.891357421875 -1.6853796243667603
25.887725830078125 356.9176025390625 -1.6853796243667603
25.430395126342773 352.94384765625 -1.6853796243667603
24.973064422607422 348.9700927734375 -1.6853796243667603
24.51573371887207 344.996337890625 -1.6853796243667603
24.05840301513672 341.0225830078125 -1.6853796243667603
23.601072311401367 337.048828125 -1.6853796243667603
23.143741607666016 333.0750732421875 -1.6853796243667603
22.686410903930664 329.101318359375 -1.6853796243667603
22.229080200195312 325.1275634765625 -1.6853796243667603
21.77174949645996 321.15380859375 -1.6853796243667603
21.31441879272461 317.1800537109375 -1.6853796243667603
20.857088088989258 313.206298828125 -1.6853796243667603
20.399757385253906 309.2325439453125 -1.6853796243667603
19.942426681518555 305.2587890625 -1.6853796243667603
19.485095977783203 301.2850341796875 -1.6853796243667603
19.02776527404785 297.311279296875 -1.6853796243667603
18.5704345703125 293.3375244140625 -1.6853796243667603
18.11310386657715 289.36376953125 -1.6853796243667603
17.655773162841797 285.3900146484375 -1.6853796243667603
17.198442459106445 281.416259765625 -1.6853796243667603
16.741111755371094 277.4425048828125 -1.6853796243667603
16.58450698852539 274.6283264160156 -1.5673954486846924
16.7602481842041 271.8152770996094 -1.4494112730026245
17.265892028808594 269.04248046875 -1.3314260244369507
17.265892028808594 269.04248046875 -0.9314260482788086
17.265892028808594 269.04248046875 -0.5314260721206665
17.265892028808594 269.04248046875 -0.13142606616020203
17.265892028808594 269.04248046875 0.26857393980026245
17.265892028808594 269.04248046875 0.6685739755630493
20.40471839904785 271.5219421386719 0.6685739755630493
23.54354476928711 274.00140380859375 0.6685739755630493
23.54354476928711 274.00140380859375 1.0685739517211914
25.469043731689453 277.5074768066406 1.0685739517211914
27.394542694091797 281.0135498046875 1.0685739517211914
29.32004165649414 284.5196228027344 1.0685739517211914
31.245540618896484 288.02569580078125 1.0685739517211914
33.17103958129883 291.5317687988281 1.0685739517211914
35.09653854370117 295.037841796875 1.0685739517211914
37.022037506103516 298.5439147949219 1.0685739517211914
38.94753646850586 302.04998779296875 1.0685739517211914
40.8730354309082 305.5560607910156 1.0685739517211914
42.79853439331055 309.0621337890625 1.0685739517211914
44.72403335571289 312.5682067871094 1.0685739517211914
46.649532318115234 316.07427978515625 1.0685739517211914
48.57503128051758 319.5803527832031 1.0685739517211914
50.50053024291992 323.08642578125 1.0685739517211914
52.426029205322266 326.5924987792969 1.0685739517211914
54.35152816772461 330.09857177734375 1.0685739517211914
56.27702713012695 333.6046447753906 1.0685739517211914
58.2025260925293 337.1107177734375 1.0685739517211914
60.12802505493164 340.6167907714844 1.0685739517211914
60.897666931152344 342.43218994140625 1.2710553407669067
61.28650665283203 344.36529541015625 1.473536729812622
61.28650665283203 344.36529541015625 1.8735367059707642
61.28650665283203 344.36529541015625 2.2735366821289062
61.28650665283203 344.36529541015625 2.673536777496338
61.28650665283203 344.36529541015625 3.0735368728637695
59.31578063964844 344.29986572265625 -3.007166862487793
59.31578063964844 344.29986572265625 -2.6071667671203613
59.31578063964844 344.29986572265625 -2.2071666717529297
56.93865966796875 341.08282470703125 -2.2071666717529297
54.56153869628906 337.86578369140625 -2.2071666717529297
52.184417724609375 334.64874267578125 -2.2071666717529297
49.80729675292969 331.43170166015625 -2.2071666717529297
47.43017578125 328.21466064453125 -2.2071666717529297
45.05305480957031 324.99761962890625 -2.2071666717529297
42.675933837890625 321.78057861328125 -2.2071666717529297
40.29881286621094 318.56353759765625 -2.2071666717529297
38.760379791259766 316.201904296875 -2.0891826152801514
36.778465270996094 312.7274169921875 -2.0891826152801514
34.79655075073242 309.2529296875 -2.0891826152801514
32.81463623046875 305.7784423828125 -2.0891826152801514
30.832719802856445 302.303955078125 -2.0891826152801514
29.58252716064453 299.7770080566406 -1.9712762832641602
28.023086547851562 296.093505859375 -1.9712762832641602
26.463645935058594 292.4100036621094 -1.9712762832641602
24.904205322265625 288.72650146484375 -1.9712762832641602
23.960289001464844 286.0706787109375 -1.8532968759536743
22.845256805419922 282.229248046875 -1.8532968759536743
21.730224609375 278.3878173828125 -1.8532968759536743
20.615192413330078 274.54638671875 -1.8532968759536743
19.500160217285156 270.7049560546875 -1.8532968759536743
18.385128021240234 266.863525390625 -1.8532968759536743
17.76038932800293 264.1150817871094 -1.7353146076202393
17.10527992248535 260.1690979003906 -1.7353146076202393
17.10527992248535 260.1690979003906 -1.7353146076202393
17.10527992248535 260.1690979003906 -1.7353146076202393
17.10527992248535 260.1690979003906 -1.7353146076202393
17.10527992248535 260.1690979003906 -1.7353146076202393
17.10527992248535 260.1690979003906 -1.7353146076202393
17.10527992248535 260.1690979003906 -1.7353146076202393
17.10527992248535 260.1690979003906 -1.7353146076202393
17.10527992248535 260.1690979003906 -1.7353146076202393
17.10527992248535 260.1690979003906 -1.7353146076202393
17.10527992248535 260.1690979003906 -1.7353146076202393
