-392.83861260070745
-395.6972973447963
-398.57562242630917
-401.47316538979356
-404.3895131339564
-407.324261745324
-410.2770163548833
-413.2473909909103
-416.23500842860443
-419.2395000371072
-422.2605056244355
-425.29767328082255
-428.3506592209188
-431.41912762526795
-434.50275048143925
-437.6012074251642
-440.7141855817944
-443.8413794083695
-446.9824905365546
-450.1372276166848
-453.3053061631269
-456.4864484011485
-459.6803831154639
-462.8868455006061
-466.1055758558366
-469.33632403122084
-472.57884245426635
-475.8328905033011
-475.8328905033011
-477.9446785944005
-480.0805056191354
-482.24005217441885
-484.423001036996
-484.423001036996
-485.1579411997361
-485.9246977389378
-486.7231202893735
-487.55305328118317
-488.4143360830217
-489.30680314815555
-489.30680314815555
-488.6419966175839
-488.0090718485165
-487.40815304133224
-486.8393587134832
-486.3028015862432
-486.3028015862432
-484.29137645307435
-482.304737188851
-480.34319132741837
-478.40704752984135
-476.49661544405524
-474.6121766653503
-472.7540714107212
-470.92261139046474
-469.1181086775757
-467.3408755358839
-465.5912242419064
-463.86946690046057
-462.1759152541027
-460.51088048647375
-458.8746730196567
-457.26760230566975
-455.6899766122415
-454.14210280303666
-452.6242861125245
-451.13682991570386
-449.68003549292547
-448.2542084860811
-446.85963198502276
-445.4966061117712
-444.1654213279474
-442.8663647611649
-441.59971994682587
-440.3657665673737
-439.16478018943644
-439.16478018943644
-436.5967501483317
-434.0503892858479
-434.0503892858479
-434.0503892858479
-430.0647205591853
-430.0647205591853
-426.26325035903415
-422.46544643718147
-418.67140856500504
-414.8812400626998
-411.09504795344066
-407.3129431253562
-403.53504050176053
-399.76145922011455
-395.9923228202195
-392.2277594421773
-388.4679020346828
-384.7128885742526
-380.96286229602816
-377.217971936836
-373.4783719912261
-369.74422298125705
-366.0156917408465
-362.2929517155516
-358.57618327870523
-354.8655740648845
-351.1613193217562
-347.4636222814018
-343.7726945522998
-340.0887565332098
-336.4120378502838
-336.4120378502838
-336.4120378502838
-335.0101384507423
-333.6503058670371
-333.6503058670371
-333.6503058670371
-333.6503058670371
-333.6503058670371
-333.6503058670371
-333.6503058670371
-333.6503058670371
-337.18867481288515
-340.73725691275246
-344.2957363724386
-347.8638094563844
-351.44118396145734
-355.02757871524483
-358.62272309774664
-362.22635658539815
-365.83822831639156
-369.458096676302
-373.0857289030638
-376.72090071038053
-380.3633959286903
-384.0130061628461
-387.6695304657071
-391.33277502687247
-395.00255287582513
-398.6786835987855
-402.36099306860905
-406.04931318709214
-409.74347418327835
-413.4433266479634
-417.1487191417039
-420.85950533553574
-424.5755438068207
-428.29669784428785
-432.0228352618214
-435.7538282205706
-439.48955305897806
-443.22989013034305
-446.97472364755674
-446.97472364755674
-449.8892613419703
-452.8203743885995
-455.7677429915734
-458.73105382285627
-461.7099999250799
-464.70428061273566
-467.71360137201134
-470.7376737595443
-473.776215300337
-476.82894938506956
-479.8956051670206
-482.97591745879674
-486.06962662905164
-489.17647849936395
-492.2962242414271
-495.4286202746931
-498.57342816459885
-501.7304145214924
-504.8993509003655
-508.08001370148986
-511.27218407204157
-514.4756478087945
-517.6901952619498
-520.9156212401645
-524.1517249168327
-527.3983097376681
-530.6551833296284
-533.922157411216
-537.1990477041885
-540.485673846699
-543.7818593078915
-547.0874313039631
-550.4022207157083
-553.7260620075523
-557.0587931480787
-560.4002555320527
-563.7502939039409
-567.1087562829227
-570.4754938893876
-573.8503610729124
-577.2332152417052
-580.6239167935089
-584.0223290479465
-587.4283181802987
-590.8417531566927
-594.262505670691
-597.6904500812569
-601.1254633520833
-604.56742499226
-608.0162169982647
-611.4717237972525
-614.9338321916268
-618.4024313048665
-621.87741252859
-625.358669470834
-628.8460979055236
-632.3395957231119
-635.8390410308153
-639.3443575316237
-642.8554491834708
-646.3722218745626
-649.8945833795317
-649.8945833795317
-652.412749976634
-654.9456643775161
-657.4931561397053
-660.0550564786312
-662.6311982726743
-665.2214160671351
-667.8255460771636
-670.4434261896915
-673.0748959644059
-675.7197966338063
-678.3779711023805
-681.0492639449403
-681.0492639449403
-681.0492639449403
-681.0492639449403
-681.0492639449403
-681.0492639449403
-681.0492639449403
-677.0676763593407
-673.0863072479709
-669.1051605107855
-665.1242401408922
-661.1435502273433
-657.1630949580273
-653.1828786226656
-649.2029056159189
-645.2231804406075
-641.2437077110502
-637.2644921565284
-633.2855386248784
-629.3068520862203
-625.3284376368267
-621.35030050314
-617.3724460459435
-613.3948797646924
-609.4176073020149
-605.4406344483867
-601.4639671469927
-597.4876114987768
-593.5115737676975
-589.5358603861906
-585.5604779608542
-581.5854332783648
-577.610733311634
-573.6363852262208
-569.6623963870072
-565.6887743651553
-561.7155269453538
-557.7426621333736
-553.7701881639438
-549.7981135089661
-545.8264468860845
-541.8551972676263
-537.8843738899374
-533.9139862631272
-529.9440441812483
-525.9745577329306
-522.0055373124967
-518.0369936315801
-514.0689377312779
-510.1013809948608
-506.1343351610766
-502.16781233807393
-498.2018250179842
-494.23638609219626
-490.2715088673621
-486.3072070821761
-482.34349492496966
-478.38038705216906
-474.4178986076654
-470.4560452431494
-466.49484313946766
-462.53430902905995
-458.57446021954223
-454.61531461850274
-450.65689075958556
-446.699207829939
-442.742285699112
-438.7861449494895
-434.8308069083604
-430.8762936817229
-426.92262818993566
-422.969834205333
-419.0179363919316
-415.06696034736365
-415.06696034736365
-411.67804927661047
-408.30019730915996
-404.9336812016393
-401.57878604656264
-398.2358055424692
-394.9050422719315
-391.5868079875022
-388.2814239056436
-384.9892210086608
-381.71054035463203
-378.4457333952956
-375.19516230182035
-371.95920029834423
-368.7382320031196
-365.53265377705645
-362.3428740793955
-362.3428740793955
-361.8628714861862
-361.7240968793047
-361.93710506375305
-363.1532688602733
-363.1532688602733
-363.1532688602733
-363.1532688602733
-363.1532688602733
-363.1532688602733
-366.1080104227462
-369.0824486301835
-372.0761111081349
-375.0885375577412
-378.1192795090031
-381.16790007155754
-384.2339736838283
-387.3170858613387
-390.4168329448988
-393.5328218493105
-396.66466981316603
-399.81200415025756
-402.9744620030578
-406.1516900986784
-409.3433445076671
-412.5490904059577
-415.76860184024747
-415.76860184024747
-416.2743697954938
-416.44894423330817
-416.44894423330817
-414.9157266117883
-413.4155262925315
-411.94870399464156
-410.5156175094806
-410.5156175094806
-410.5156175094806
-410.5156175094806
-410.5156175094806
-410.5156175094806
-410.5156175094806
-407.7132209086072
-404.93094306368346
-402.1692015302889
-399.4284222872341
-396.7090398069102
-394.0114971171084
-391.33624585348895
-388.683746301839
-388.683746301839
-388.683746301839
-388.683746301839
-388.683746301839
-388.683746301839
-388.683746301839
-392.6606662164763
-396.63805056124585
-400.615885503318
-404.5941577523255
-408.57285453410077
-412.5519635659211
-416.53147303316047
-420.511371567257
-424.4916482249099
-428.47229246842727
-432.45329414715076
-436.43464347988976
-440.4163310383014
-444.39834773115734
-448.38068478944365
-452.3633337522417
-456.3462864533439
-460.32953500855945
-464.3130718036695
-468.29688948299275
-468.29688948299275
-471.830680000587
-475.37185941274356
-478.920263817042
-482.4757338032493
-486.0381143127826
-489.6072545028415
-493.18300761506146
-496.76523084854506
-500.3537852371277
-503.94853553074057
-507.5493500807359
-511.1561007290431
-514.768662701028
-518.3869145019315
-522.0107378167655
-525.6400174135507
-529.2746410497813
-532.9144993820065
-536.5594858784227
-540.2094967343716
-543.8644307906444
-547.5241894544963
-551.1886766232755
-554.8577986105765
-558.5314640748321
-562.2095839502549
-565.8920713800512
-569.5788416518244
-569.5788416518244
-570.3459037361836
-570.8110067889805
-570.9409995648717
-570.8225110195717
-570.8225110195717
-570.8225110195717
-570.8225110195717
-570.8225110195717
-570.8225110195717
-570.8225110195717
-568.2066645291603
-565.6070084441054
-563.0237670328834
-560.4571672695236
-557.9074388289965
-555.3748140803237
-555.3748140803237
-555.3748140803237
-555.3748140803237
-555.3748140803237
-555.3748140803237
-559.24774190782
-563.1224463750021
-566.9988910587643
-570.8770405091625
-574.7568602176588
-578.6383165865813
-582.5213768997443
-586.4060092941794
-590.2921827329297
-594.1798669788617
-598.0690325694509
-601.9596507925013
-605.851693662757
-609.7451338993714
-613.639944904195
-617.536100740851
-621.433576114564
-625.3323463527107
-629.2323873860654
-633.1336757307089
-637.0361884705761
-640.939903240616
-644.8447982105392
-648.7508520691298
-652.6580440090988
-656.5663537124587
-656.5663537124587
-656.5663537124587
-656.5663537124587
-656.5663537124587
-656.5663537124587
-656.5663537124587
-656.5663537124587
-653.1711521607255
-649.7828339730034
-646.401507393298
-643.0272827166744
-639.6602723313166
-636.3005907613792
-636.3005907613792
-632.362320474273
-628.4248299661325
-624.4881339868248
-620.5522476574868
-616.61718648218
-612.6829663599838
-608.7496035975439
-604.8171149221004
-600.8855174950115
-596.9548289257999
-596.9548289257999
-593.0457769983933
-589.1379461018784
-585.2313606962344
-581.3260458910362
-577.4220274668805
-573.5193318976559
-569.6179863736913
-565.718018825827
-561.8194579504465
-557.9223332355167
-554.0266749876824
-550.1325143604639
-546.2398833836097
-542.3488149936607
-538.4593430657796
-534.571502446912
-530.6853289903361
-526.8008595916758
-522.9181322264418
-519.0371859891804
-515.1580611343071
-511.280799118708
-507.40544264619933
-503.5320357139365
-499.6606236608718
-495.79125321836443
-491.9239725630538
-488.0588313721109
-484.195880880992
-480.33517394382403
-476.47676509655986
-472.6207106230488
-468.7670686241769
-464.9158990902403
-461.06726397672617
-457.2212272836819
-453.3778551388712
-449.5372158849198
-445.6993801706722
-441.864421046991
-438.03241406724504
-434.20343739274915
-430.3775719034327
-426.554901314033
-422.73551229612724
-418.9194946063368
-415.1069412210579
-411.29794847809757
-407.4926162256139
-403.6910479787901
-399.89335108469476
-396.0996368958128
-392.31002095276295
-388.5246231767487
-384.7435680723286
-380.9669849411276
-377.1950081071524
-373.4277771544197
-369.6654371776483
-365.9081390468207
-362.1560396864697
-358.4093023706037
-354.668097034245
-350.9326006026188
-347.2029973391019
-343.4794792131116
-339.76224628919414
-336.0515071386564
-332.3474792751715
-328.6503896158856
-324.96047496965076
-321.2779825541167
-317.6031705435264
-313.93631807273465
-313.93631807273465
-313.93631807273465
-313.656043924583
-313.72715401966565
-313.72715401966565
-313.72715401966565
-313.72715401966565
-313.72715401966565
-313.72715401966565
-316.9863836550355
-320.26240456811064
-323.55469713466937
-326.8627788014915
-330.1861750036237
-333.5244279374154
-336.8770959388639
-340.2437528819457
-343.62398759682685
-347.0174033077645
-350.4236170904421
-353.84225934842726
-357.27297330838815
-360.7154145336716
-364.1692504558101
-367.63415992350366
-371.1098327686019
-374.5959693885998
-378.09228034515024
-381.59848597809224
-385.11431603449194
-388.63950931219347
-392.1738133173813
-395.7169839356603
-399.2687851161681
-402.8289885682405
-406.3973734701643
-409.9737261895578
-413.5578400149349
-413.5578400149349
-414.2610969371213
-414.65390135261606
-414.7084832515709
-414.7084832515709
-414.7084832515709
-414.7084832515709
-414.7084832515709
-414.7084832515709
-411.2434547678336
-407.78821943623814
-404.3430283133386
-400.9081403429652
-397.48382263173636
-394.070350734041
-390.66800894671695
-387.2770906136376
-383.8978984404118
-380.5307448193843
-377.1759521651076
-373.83385326043606
-370.504791613367
-367.1891218247258
-363.88720996675835
-360.5994339726555
-357.3261840369902
-354.06786302699646
-350.8248869045645
-347.59768515875726
-344.386701248585
-341.1923930556882
-338.01523334648977
-334.85571024327203
-331.71432770352254
-331.71432770352254
-331.2586906584042
-331.14638632316905
-331.14638632316905
-332.9057223549052
-334.7036163373588
-336.5394503069254
-338.41260680918214
-338.41260680918214
-338.41260680918214
-338.41260680918214
-338.41260680918214
-338.41260680918214
-338.41260680918214
-339.42052043143195
-339.42052043143195
-339.42052043143195
-337.38289844151996
-337.38289844151996
-337.38289844151996
-333.50025316161816
-329.6204143805329
-325.74348238052806
-321.8695621985107
-317.99876390608324
-314.1312029092321
-314.1312029092321
-310.1710251653468
-306.2118827407232
-302.25381631947965
-298.29686873371
-294.3410851063063
-290.386513005261
-286.4332026105328
-286.4332026105328
-286.4332026105328
-286.4332026105328
-285.5995424695494
-284.8196231195317
-284.0938871625626
-283.42275082703634
-282.8066028289306
-282.2458032902585
-282.2458032902585
-282.2458032902585
-284.7356409590762
-284.7356409590762
-284.7356409590762
-284.7356409590762
-284.7356409590762
-284.7356409590762
-286.5488059870448
-288.4060527591164
-290.30653523276993
-292.2494099307728
-294.2338370857138
-294.2338370857138
-294.2338370857138
-293.1729860656281
-293.1729860656281
-293.1729860656281
-289.68650051433866
-286.21344747764516
-282.75432192810314
-279.3096413233741
-275.8799467495784
-272.4658041224556
-269.0678054484229
-265.68657014751835
-262.32274644007117
-258.97701279874127
-255.65007946731558
-252.3426900473203
-249.05562315310007
-245.78969413551064
-242.54575687375893
-239.32470563418465
-236.1274769938931
-232.95505182610174
-229.80845734282676
-226.68876918909265
-226.68876918909265
-222.8492786404793
-219.01553336337813
-215.18784042797301
-211.36652864493783
-207.55195047147748
-203.74448411518952
-199.94453585922662
-196.15254263533055
-192.36897487483668
-188.59433967177458
-184.82918429678952
-181.07410010586068
-177.32972689378587
-173.59675774924165
-169.87594447602007
-166.16810365391302
-166.16810365391302
-166.16810365391302
-166.16810365391302
-166.16810365391302
-166.16810365391302
-166.16810365391302
-166.16810365391302
-166.16810365391302
-166.16810365391302
-166.16810365391302
