-392.83861260070745
-395.6972973447963
-398.57562242630917
-401.47316538979356
-404.3895131339564
-407.324261745324
-410.2770163548833
-413.2473909909103
-416.23500842860443
-419.2395000371072
-422.2605056244355
-425.29767328082255
-428.3506592209188
-431.41912762526795
-434.50275048143925
-437.6012074251642
-440.7141855817944
-443.8413794083695
-446.9824905365546
-450.1372276166848
-453.3053061631269
-456.4864484011485
-459.6803831154639
-462.8868455006061
-466.1055758558366
-469.33632403122084
-472.57884245426635
-475.8328905033011
-475.8328905033011
-477.9446785944005
-480.0805056191354
-482.24005217441885
-484.423001036996
-484.423001036996
-485.1579411997361
-485.9246977389378
-486.7231202893735
-487.55305328118317
-488.4143360830217
-489.30680314815555
-489.30680314815555
-488.6419966175839
-488.0090718485165
-487.40815304133224
-486.8393587134832
-486.3028015862432
-486.3028015862432
-484.29137645307435
-482.304737188851
-480.34319132741837
-478.40704752984135
-476.49661544405524
-474.6121766653503
-472.7540714107212
-470.92261139046474
-469.1181086775757
-467.3408755358839
-465.5912242419064
-463.86946690046057
-462.1759152541027
-460.51088048647375
-458.8746730196567
-457.26760230566975
-455.6899766122415
-454.14210280303666
-452.6242861125245
-451.13682991570386
-449.68003549292547
-448.2542084860811
-446.85963198502276
-445.4966061117712
-444.1654213279474
-442.8663647611649
-441.59971994682587
-440.3657665673737
-439.16478018943644
-439.16478018943644
-436.5967501483317
-434.0503892858479
-434.0503892858479
-434.0503892858479
-430.0647205591853
-430.0647205591853
-426.26325035903415
-422.46544643718147
-418.67140856500504
-414.8812400626998
-411.09504795344066
-407.3129431253562
-403.53504050176053
-399.76145922011455
-395.9923228202195
-392.2277594421773
-388.4679020346828
-384.7128885742526
-380.96286229602816
-377.217971936836
-373.4783719912261
-369.74422298125705
-366.0156917408465
-362.2929517155516
-358.57618327870523
-354.8655740648845
-351.1613193217562
-347.4636222814018
-343.7726945522998
-340.0887565332098
-336.4120378502838
-336.4120378502838
-336.4120378502838
-335.0101384507423
-333.6503058670371
-333.6503058670371
-333.6503058670371
-333.6503058670371
-333.6503058670371
-333.6503058670371
-333.6503058670371
-333.6503058670371
-337.18867481288515
-340.73725691275246
-344.2957363724386
-347.8638094563844
-351.44118396145734
-355.02757871524483
-358.62272309774664
-362.22635658539815
-365.83822831639156
-369.458096676302
-373.0857289030638
-376.72090071038053
-380.3633959286903
-384.0130061628461
-387.6695304657071
-391.33277502687247
-395.00255287582513
-398.6786835987855
-402.36099306860905
-406.04931318709214
-409.74347418327835
-413.4433266479634
-417.1487191417039
-420.85950533553574
-424.5755438068207
-428.29669784428785
-432.0228352618214
-435.7538282205706
-439.48955305897806
-443.22989013034305
-446.97472364755674
-446.97472364755674
-449.8892613419703
-452.8203743885995
-455.7677429915734
-458.73105382285627
-461.7099999250799
-464.70428061273566
-467.71360137201134
-470.7376737595443
-473.776215300337
-476.82894938506956
-479.8956051670206
-482.97591745879674
-486.06962662905164
-489.17647849936395
-492.2962242414271
-495.4286202746931
-498.57342816459885
-501.7304145214924
-504.8993509003655
-508.08001370148986
-511.27218407204157
-514.4756478087945
-517.6901952619498
-520.9156212401645
-524.1517249168327
-527.3983097376681
-530.6551833296284
-533.922157411216
-537.1990477041885
-540.485673846699
-543.7818593078915
-547.0874313039631
-550.4022207157083
-553.7260620075523
-557.0587931480787
-560.4002555320527
-563.7502939039409
-567.1087562829227
-570.4754938893876
-573.8503610729124
-577.2332152417052
-580.6239167935089
-584.0223290479465
-587.4283181802987
-590.8417531566927
-594.262505670691
-597.6904500812569
-601.1254633520833
-604.56742499226
-608.0162169982647
-611.4717237972525
-614.9338321916268
-618.4024313048665
-621.87741252859
-625.358669470834
-628.8460979055236
-632.3395957231119
-635.8390410308153
-639.3443575316237
-642.8554491834708
-646.3722218745626
-649.8945833795317
-649.8945833795317
-652.412749976634
-654.9456643775161
-657.4931561397053
-660.0550564786312
-662.6311982726743
-665.2214160671351
-667.8255460771636
-670.4434261896915
-673.0748959644059
-675.7197966338063
-678.3779711023805
-681.0492639449403
-681.0492639449403
-681.0492639449403
-681.0492639449403
-681.0492639449403
-681.0492639449403
-681.0492639449403
-677.0676763593407
-673.0863072479709
-669.1051605107855
-665.1242401408922
-661.1435502273433
-657.1630949580273
-653.1828786226656
-649.2029056159189
-645.2231804406075
-641.2437077110502
-637.2644921565284
-633.2855386248784
-629.3068520862203
-625.3284376368267
-621.35030050314
-617.3724460459435
-613.3948797646924
-609.4176073020149
-605.4406344483867
-601.4639671469927
-597.4876114987768
-593.5115737676975
-589.5358603861906
-585.5604779608542
-581.5854332783648
-577.610733311634
-573.6363852262208
-569.6623963870072
-565.6887743651553
-561.7155269453538
-557.7426621333736
-553.7701881639438
-549.7981135089661
-545.8264468860845
-541.8551972676263
-537.8843738899374
-533.9139862631272
-529.9440441812483
-525.9745577329306
-522.0055373124967
-518.0369936315801
-514.0689377312779
-510.1013809948608
-506.1343351610766
-502.16781233807393
-498.2018250179842
-494.23638609219626
-490.2715088673621
-486.3072070821761
-482.34349492496966
-478.38038705216906
-474.4178986076654
-470.4560452431494
-466.49484313946766
-462.53430902905995
-458.57446021954223
-454.61531461850274
-450.65689075958556
-446.699207829939
-442.742285699112
-438.7861449494895
-434.8308069083604
-430.8762936817229
-426.92262818993566
-422.969834205333
-419.0179363919316
-415.06696034736365
-411.11693264718275
-407.16788089169995
-403.21983375551866
-399.27282103994975
-399.27282103994975
-395.8976090225035
-392.53413637616103
-389.1827074700652
-385.8436361392921
-382.51724599939115
-379.20387077011134
-375.90385460835614
-372.61755245038205
-369.3453303632179
-366.087565905241
-362.84464849580183
-359.6169797937357
-356.40497408454115
-353.20905867594206
-350.02967430147396
-346.8672755316579
-346.8672755316579
-345.8534624110979
-345.2114629644686
-344.95883572581454
-345.1024811838542
-345.1024811838542
-347.1756928147697
-349.2824086372443
-349.2824086372443
-349.2824086372443
-349.2824086372443
-349.2824086372443
-349.2824086372443
-351.4971866643031
-353.7433300266086
-356.02024506988005
-358.3273451982557
-360.6640511472575
-363.02979122791334
-365.4240015433063
-367.8461261788296
-367.8461261788296
-367.8461261788296
-367.8461261788296
-365.78763999755375
-365.78763999755375
-365.78763999755375
-365.78763999755375
-361.84262522538717
-357.8988310420549
-353.9562982470974
-350.01506946495374
-346.0751892473282
-342.13670418246716
-338.19966301189226
-334.2641167551841
-330.3301188434664
-326.39772526229916
-322.4669947047564
-318.5379887355367
-314.61077196703525
-310.68541224839663
-306.76198086866617
-302.84055277526664
-298.92120680915167
-295.0040259581208
-291.0890976299336
-287.1765139470284
-283.2663720648394
-283.2663720648394
-283.2663720648394
-281.1724717282008
-279.1201893413499
-277.1104495745179
-275.1441846633636
-273.2223332196292
-271.3458389419753
-269.5156492256172
-267.73271367003844
-265.997982484783
-264.31240479414197
-262.6769268424333
-261.0924901025364
-261.0924901025364
-261.0924901025364
-261.0924901025364
-261.0924901025364
-261.0924901025364
-261.0924901025364
-261.0924901025364
-261.0924901025364
-261.0924901025364
-262.46044680850366
-263.88195065329154
-265.35614108767766
-266.88214503033225
-268.4590789109759
-270.0860506471195
-271.76216154806707
-271.76216154806707
-271.76216154806707
-271.76216154806707
-269.019389890527
-266.30845196430425
-263.6303298198748
-260.9860336818943
-258.3766021059896
-255.80310204809075
-253.266617214975
-250.76828303504158
-248.30925105582367
-245.8907004060965
-243.5138372561868
-241.17989411847716
-238.89012897460282
-236.64582421572575
-234.44828538232753
-232.2988396902182
-230.19883432994482
-228.1496345275275
-226.15262135548784
-224.20918928448992
-222.32074346761505
-222.32074346761505
-222.32074346761505
-218.4873098727926
-214.65995505754728
-210.83901006589994
-207.02482980606703
-203.21779517870797
-199.41831542955507
-195.62683075342622
-191.843815180213
-188.0697797775382
-184.30527620946077
-180.55090069595738
-178.34287119142817
-178.34287119142817
-178.34287119142817
-178.34287119142817
-178.34287119142817
-178.34287119142817
-178.34287119142817
-178.34287119142817
-181.80405287668594
-185.28693293339379
-188.7903104643557
-192.3130652620366
-195.8541517344515
-199.41259330506549
-202.9874772530809
-206.5779499616968
-210.1832125434219
-213.8025168131982
-217.4351615818638
-221.08048924428684
-224.7378826382947
-228.40676215226927
-232.0865830609589
-232.0865830609589
-236.08658030940765
-240.08657757885362
-244.0865748682645
-248.0865721766746
-252.08656950317945
-256.0865668469312
-256.0865668469312
-256.0865668469312
-256.0865668469312
-257.56108524604844
-259.08897235335564
-260.6692779026342
-262.30106580119354
-263.9833813511787
-265.7152648414467
-267.495753500718
-269.3238833506456
-271.1986909559592
-273.119215069863
-275.0844981737953
-277.0935879115176
-279.1455384182695
-281.2394115464113
-283.37427798958095
-285.54921830791164
-287.7633238572994
-290.0156976260785
-292.30545498276206
-294.63172433873535
-296.9936477299675
-299.39038132192223
-301.82109584192165
-304.2849769432421
-306.78122550521044
-309.30905787352344
-311.8677060449399
-314.4564178003971
-317.07445679048516
-319.72110257707897
-322.39565063478034
-325.09741231566596
-327.8257147806733
-330.5799009007884
-333.3593291310284
-336.1633733600405
-338.99142273797014
-341.84288148508057
-344.71716868344544
-347.6137180538731
-350.5319777200686
-353.47140996188966
-356.4314909594105
-359.41171052937165
-362.4115718554636
-365.43059121376984
-368.4682976945796
-371.52423292167066
-374.59795077006055
-377.68901708312904
-380.79700938992426
-383.92151662338284
-387.06213884011606
-390.2184869423418
-393.3901824024774
-396.57685699084453
-399.77815250688417
-402.9937205142244
-406.2232220798985
-409.46632751796665
-412.72271613775445
-415.99207599688555
-419.2741036592533
-422.56850395804514
-425.87498976390833
-429.1932817583194
-432.52310821219913
-435.86420476979504
-439.2163142378347
-442.57918637993964
-445.9525777162734
-449.3362513283864
-452.72997666920986
-456.1335293781397
-459.54669110114554
-462.9692493158305
-466.40099716136325
-469.8417332731979
-473.291261622492
-476.7493913601317
-480.21593666526763
-480.21593666526763
-482.6487788642541
-485.102403029833
-487.5764954197329
-490.07074603629076
-492.5848486602606
-495.11850087937995
-497.6714041028183
-497.6714041028183
-498.85015844111985
-498.85015844111985
-498.85015844111985
-498.85015844111985
-498.85015844111985
-495.0003081842903
-495.0003081842903
-491.0312975741136
-487.0627939690006
-483.09480986371284
-479.1273581652594
-475.1604522099676
-471.19410578140435
-467.2283331291991
-463.26314898882106
-459.2985686023674
-455.33460774042294
-451.3712827250558
-447.40861045401874
-443.44660842622955
-439.4852947686098
-435.5246883009143
-431.5648084243305
-427.6056753573857
-423.6473100376761
-419.68973418856467
-415.7329703561813
-411.77704194852237
-407.8219732767878
-403.86778959910515
-399.9145171668032
-395.96218327340785
-392.0108163065485
-392.0108163065485
-388.620947045766
-385.2427816878745
-381.8766308389614
-378.5228150292439
-375.181665054213
-371.8535223263079
-368.5387392372123
-368.5387392372123
-368.5387392372123
-367.8683575788559
-367.24032282307525
-366.65485257507294
-366.11215103670196
-365.6124086608846
-365.1558018259151
-364.7424925309097
-364.37262811360426
-364.04634099162377
-363.7637484282686
-363.52495232377134
-363.33003754688355
-363.1790760730406
-363.07212272817515
-363.00921641061234
-362.99038002043324
-363.0156204178249
-363.08492841059405
-363.1982787708968
-363.35563028111454
-363.5569258086799
-363.802092409538
-364.09104145980587
-364.42366881507877
-364.79985499671784
-365.21946540434914
-365.68235055369956
-366.188346338803
-366.7372743175194
-367.3289420192314
-367.9631432735082
-368.6396585584638
-369.35825536748104
-370.11868859292406
-370.9207009254276
-371.7640232673183
-372.64837515870624
-373.5734652147722
-374.5389915727726
-375.54464234729045
-376.5900960922727
-377.6750222684155
-378.799081714485
-378.799081714485
-378.799081714485
-382.3499240063042
-385.9095626064118
-385.9095626064118
-389.8995012213867
-393.88964381090875
-397.87998423829697
-401.8705166103066
-405.86123526519054
-409.8521347614556
-413.843209867267
-417.8344555504579
-421.8258669691047
-425.8174394626298
-429.8091685433995
-433.80104988878344
-437.7930793336477
-441.7852528632534
-445.77756660653563
-449.77001682973963
-449.77001682973963
-453.54450853578044
-457.3228336965838
-461.1048980773856
-464.89061041820514
-468.6798823210132
-472.47262814182005
-476.26876488744307
-480.06821211673116
-483.8708918460288
-487.676728458679
-491.4856486183714
-495.2975811861537
-499.1124571409335
-502.93020950330475
-506.75077326254586
-510.5740853066385
-514.4000843551693
-518.2287376366954
-522.0599338925891
-525.8936436701993
-529.7298123976739
-529.7298123976739
-532.8307060370686
-535.9435128099648
-535.9435128099648
-535.9435128099648
-536.3342931397506
-536.3342931397506
-535.1718375851933
-534.0368129121838
-532.9293943863357
-531.8497544523866
-530.798062614809
-529.7744853187054
-528.7791858311532
-527.8123241231762
-526.8740567525164
-525.964536747386
-525.0839134913814
-525.0839134913814
-522.7756118503514
-520.4878140641247
-518.2207973523535
-515.9748297108313
-513.7501872010245
-511.54714804249284
-509.36599254277127
-507.20700302254403
-505.07046373599553
-502.95666078622537
-500.8658820356212
-498.7984170110863
-496.75455680402604
-494.73459396500374
-492.73882239298337
-490.7675372190839
-488.82103468478107
-486.8996120144983
-485.00356728254286
-483.13319927435043
-481.28880734201624
-479.4706912541012
-477.6791510397172
-475.9144868269071
-474.17699867535305
-472.46698640345994
-470.78474940987917
-469.13058648955337
-467.5047956443826
-465.90767388862963
-464.33951704920116
-462.80061956096296
-461.2912742572647
-459.8117721558735
-458.362401118591
-456.94344911791933
-455.5552003993218
-454.1979364951553
-452.8719359913499
-451.57747429112845
-450.3148233761148
-449.0842515651973
-447.8860232715357
-446.72039875811925
-445.5876338923027
-444.4879798997648
-443.4216831183517
-442.3889847522826
-441.3901206272112
-440.4253209466482
-439.49481005026354
-439.49481005026354
-439.49481005026354
-436.06972473653934
-432.6545061484149
-432.6545061484149
-428.6998207329057
-424.74598375959204
-420.79301914476093
-416.84095170652813
-412.8898072074757
-408.93961239971634
-404.9903950725442
-401.0421841028472
-397.0950095084676
-393.1489025047118
-389.20389556422765
-385.26002248048326
-381.31731843510084
-377.37582006931916
-373.4355655598803
-369.49659469966093
-365.5589489833955
-361.62267169886553
-357.68780802396327
-353.75440513007203
-349.8225122922423
-345.8921810066865
-341.9634651161585
-338.03642094383747
-334.1111074363884
-330.18758631693265
-326.2659222487314
-322.34618301045543
-322.34618301045543
-318.4254071618742
-314.50662646104513
-310.58991642762004
-306.67535639831135
-302.76302976825497
-298.85302425068716
-294.9454321565551
-291.04035069584245
-287.1378823025751
-283.23813498567364
-279.34122270804306
-275.4472657965459
-271.5563913857822
-267.6687338989183
-263.7844355691563
-259.90364700583456
-256.02652780959085
-252.15324724152092
-248.28398495182608
-244.41893177407573
-240.55829052109024
-236.70227711026163
-232.85112145283261
-229.00506862601404
-225.16438011566984
-221.32933518005967
-217.5002323482102
-213.67739106819073
-209.8611535225052
-206.05188663001692
-202.2499842563333
-198.45586965743715
-194.6699981846128
-190.8928602824357
-187.12498481583575
-183.36694276708891
-179.61935134911232
-175.8828785877344
-172.15824843278483
-168.44624646600494
-164.74772628304336
-161.0636166372901
-157.39492944513873
-153.74276876556286
-150.1083408817356
-146.4929656288595
-142.8980891303798
-139.32529812419065
-135.77633608099796
-132.25312133810112
-128.75776749255076
-125.29260631643794
-121.86021347171078
-118.46343730907363
-115.10543103040615
-111.78968846998026
-108.5200836971653
-105.30091454953829
-102.13695005336434
-99.03348145623579
-95.99637625653706
-93.03213413297333
-90.14794301696145
-87.35173267284394
-87.35173267284394
-86.70719751402227
-86.50234722279727
-86.74521023472865
-87.42627203605353
-87.42627203605353
-87.42627203605353
-87.42627203605353
-87.42627203605353
-87.42627203605353
-87.42627203605353
-88.94476714505224
-90.61451439473333
-92.42731680428328
-94.37493110156743
-96.44919079677182
-98.64210686323985
-100.94594664287321
-103.35329262763244
-105.85708340238966
-108.45063933462164
-111.12767564318136
-113.88230534970877
-116.70903437957462
-119.6027507877699
-122.5587097775197
-125.5725158814597
-128.64010340251144
-131.7577159720009
-134.92188587863845
-138.12941365284388
-141.37734825370296
-144.6629680967434
-147.98376307558283
-151.3374176652995
-154.72179514642605
-158.13492295253502
-161.57497911872366
-165.04027979062576
-168.5292677420166
-172.04050184213264
-175.57264741031162
-179.12446739454276
-182.69481431127667
-182.69481431127667
-184.1470085009323
-185.30179409119467
-186.13716406724708
-186.13716406724708
-186.13716406724708
-186.13716406724708
-186.13716406724708
-186.13716406724708
-182.1842939511115
-178.23352707075375
-174.28500645737023
-170.3388883190166
-166.39534358214354
-162.4545596529354
-158.51674243557696
-154.58211865184575
-150.65093851532401
-146.72347882445715
-142.8000465521712
-138.88098302648194
-134.96666881734183
-131.05752947101686
-127.15404226602958
-123.25674420608544
-119.36624151796804
-115.48322098952617
-111.60846356909478
-107.74286075903376
-103.88743448066987
-100.04336127679224
-96.21200179129909
-92.39493774431736
-88.5940169075813
-84.81140973844559
-81.04968038667015
-77.31187644015272
-73.60164309015579
-69.92336927952695
-66.28238340473389
-62.685174395158356
-59.13973105128998
-55.655947116320185
-52.24615843043936
-48.92583829420537
-45.71448562076487
-42.63672946040451
-39.72363482004833
-37.014099857778646
-34.556041063392726
-32.406732639937374
-30.631236141332963
-29.297591973130583
-28.46796662970875
-28.18689967634963
-28.47064213233009
-29.302791235956384
-30.63869523555299
-32.41613298936774
-34.56706049058664
-37.0264449368772
-39.73705498770064
-42.65101891228054
-45.729479005824054
-48.941405454072985
-52.26219547417872
-52.26219547417872
-56.20882922637789
-56.20882922637789
-60.09958725186794
-64.00381467730205
-64.00381467730205
-64.00381467730205
-64.00381467730205
-64.00381467730205
-64.00381467730205
-64.00381467730205
-64.00381467730205
-64.00381467730205
-60.039384028996096
-56.080004741697564
-52.126827881514856
-48.18138015937308
-44.245729274673366
-40.32274395358095
-36.4165176363297
-32.53308761062925
-28.681715048395336
-24.877293314718127
-21.14517966649595
-17.531613716454366
-14.12785517303496
-11.128120236150995
-8.948395616138045
-8.265135457347727
-9.410158068146389
-11.865482767320032
-15.00094275139102
-15.00094275139102
-15.00094275139102
