-390.0
-390.0
-393.99957708304515
-397.9991626503503
-401.9987564486794
-405.99835823477474
-409.99796777487006
-413.99758484423245
-417.99720922672986
-421.9968407144239
-425.99647910718494
-429.99612421232916
-433.9957758442753
-437.9954338242206
-441.99509797983404
-445.99476814496614
-449.99444415937427
-453.9941258684626
-453.9941258684626
-457.66137765849123
-461.3341600715843
-465.0123420610764
-468.69579650428733
-472.38440006411776
-476.0780330561073
-479.7765793207239
-483.4799261006657
-483.4799261006657
-483.4799261006657
-484.01005799709156
-484.01005799709156
-484.01005799709156
-484.01005799709156
-484.01005799709156
-484.01005799709156
-484.01005799709156
-484.01005799709156
-484.01005799709156
-483.5436762831312
-483.10996417452594
-482.7090097318119
-482.34089464617205
-482.00569415736294
-481.7034769777166
-481.43430522239504
-481.1982343460619
-480.9953130861186
-480.82558341264195
-480.6890804851409
-480.58583261623676
-480.5158612423541
-480.5158612423541
-482.03854240459344
-483.58951591975915
-485.1685104552511
-486.77525332860284
-488.40947068497974
-490.07088767068876
-491.75922860256503
-493.4742171331153
-495.215577495835
-496.9830303780808
-498.77629941580585
-500.5951071674283
-502.4391762859567
-504.3082296569733
-506.20199053193045
-508.12018265674595
-510.06253039569503
-510.06253039569503
-510.06253039569503
-510.06253039569503
-511.9095292739409
-508.15123204525247
-504.39665284974126
-500.6458753372596
-496.8989855973479
-493.1560722452984
-489.41722651171625
-485.68254233573737
-481.9521164620652
-478.22604854200165
-474.5044412386504
-470.7874003364839
-467.0750348554714
-463.36748683854563
-459.6648424225749
-455.9672210654427
-455.9672210654427
-455.9672210654427
-455.9672210654427
-455.9672210654427
-455.9672210654427
-455.9672210654427
-452.20990251283814
-448.4567815846244
-444.7079645585956
-440.96356120262294
-437.22368491332935
-433.48845286111356
-429.75798614184487
-426.032409935567
-422.3118536725681
-422.3118536725681
-418.31286202263647
-414.31388970681644
-410.31493729040494
-406.3160053609504
-402.31709452935854
-398.31820543106465
-394.3193387272769
-390.32049510629605
-386.32167528491755
-382.3228800099211
-378.32411005965486
-374.32536624572106
-370.32664941477094
-366.3279604504168
-362.32930027527124
-358.33066985312223
-354.3320701912557
-350.33350234293704
-346.3349674100645
-342.3364665460083
-338.33800095865104
-334.33957191364607
-330.3411807379124
-326.3428288233865
-322.34451763105307
-318.3462486952791
-314.34802362847887
-314.34802362847887
-310.71651419341936
-307.09416182255814
-303.4812944121947
-299.8782547806933
-296.28540146645616
-292.7031095727808
-289.1317716623738
-285.5717987044279
-282.02362107730096
-278.4876896299643
-274.9644768055123
-271.4544778301408
-267.95821197110416
-264.4762238672496
-261.00908493579175
-257.55739485903075
-254.12178315471803
-250.70291083373544
-247.30147214865866
-243.91819643661518
-240.5538500596074
-237.20923844513413
-233.88520822949116
-230.58264950554255
-227.30249817600077
-224.04573841231016
-220.81340521806027
-217.60658709442777
-214.42641505709813
-211.27410688502522
-208.15092852150147
-205.05821097223432
-205.05821097223432
-205.05821097223432
-205.05821097223432
-205.05821097223432
-202.43593632361316
-199.85931729014703
-199.85931729014703
-196.3172288647582
-196.3172288647582
-196.3172288647582
-196.3172288647582
-196.3172288647582
-196.3172288647582
-196.3172288647582
-196.3172288647582
-196.3172288647582
-196.3172288647582
-192.31900436169116
-188.3208552385774
-184.322786400621
-180.32480318794575
-176.32691142487715
-172.32911747607912
-172.32911747607912
-172.32911747607912
-169.47020829002827
-166.65826761960074
-163.89571298355236
-161.18508368681978
-158.529043308117
-155.9303813936405
-153.39201417044222
-150.91698407165353
-148.50845784541
-146.1697230013101
-143.90418233413908
-143.90418233413908
-143.90418233413908
-143.90418233413908
-141.65300079055717
-139.48021918414418
-137.38955719165517
-135.3848192300604
-133.4698771317635
-133.4698771317635
-133.4698771317635
-133.4698771317635
-133.4698771317635
-133.4698771317635
-133.4698771317635
-133.4698771317635
-132.95277824146157
-132.95277824146157
-131.02982477629203
-129.20212340996753
-127.47377134273273
-125.8488618978745
-124.33145087063615
-122.92551925520056
-121.63493275650748
-120.46339868672003
-119.41442104531332
-118.49125477424577
-117.69686035030512
-117.03386000905624
-116.50449697275924
-116.11059906437528
-115.85354802187412
-115.73425567817605
-115.75314794623213
-115.75314794623213
-114.33736235176983
-113.04544952302115
-111.88170066801958
-110.85015240891256
-109.95452556395466
-109.1981646050609
-109.1981646050609
-107.08477969950658
-105.0812108734934
-103.19385475481167
-101.42919887707183
-99.79375258853561
-99.79375258853561
-99.79375258853561
-99.79375258853561
-99.79375258853561
-99.79375258853561
-99.79375258853561
-99.79375258853561
-99.79375258853561
-99.79375258853561
-99.79375258853561
